1.044368462065427039e+01 -4.127039544782782343e+00
1.043163142030291368e+01 -3.605755438281885716e+00
1.038972310568619761e+01 -2.601057769329727876e+00
1.039069097248811246e+01 -2.050855144320973267e+00
1.040587488190831067e+01 -1.544039492368561639e+00
1.038673756136281412e+01 -1.026333567023275606e+00
1.036575094362435223e+01 -5.241889573701143945e-01
1.031284083245268945e+01 5.570902793375260842e-01
1.034243752781884851e+01 1.097793396164071567e+00
1.032532960615882800e+01 1.610577540833872945e+00
1.033871785181116820e+01 2.113126567918360621e+00
1.031637716676319627e+01 2.652973667073737829e+00
1.028322658132379530e+01 3.170066343883096494e+00
1.029297178075931285e+01 3.701310627515560725e+00
1.100811017092487987e+01 -4.137594069154790333e+00
1.097223093409136396e+01 -3.660165481176251845e+00
1.097429909355996358e+01 -3.109761571100767341e+00
1.095042574755659359e+01 -2.053826805321545379e+00
1.092233383825489312e+01 -1.535110025742735473e+00
1.091184315315476638e+01 -1.021767463730576253e+00
1.087557339417373825e+01 -4.947975418761529909e-01
1.088820522073718067e+01 1.711347113789329910e-02
1.088609415516672030e+01 5.767883992874338617e-01
1.087343959064687127e+01 1.601324059177834158e+00
1.085993165037558583e+01 2.137051039864999780e+00
1.086531199404604564e+01 2.645297958813813466e+00
1.084665851158679573e+01 3.196102808835533438e+00
1.081721383088673250e+01 3.699640254215950108e+00
1.152496471129049027e+01 -4.131023116423708785e+00
1.155320254365214083e+01 -3.635385005641026623e+00
1.150764123494872493e+01 -3.086420856464290097e+00
1.151338904710559774e+01 -2.575707615348324708e+00
1.148785065507799530e+01 -2.068210423021682232e+00
1.147746514333269374e+01 -1.550952620059227627e+00
1.145984338568771577e+01 -1.014078128406143975e+00
1.146701264944367082e+01 -4.954185222150151446e-01
1.144027691688364001e+01 2.168018712156793981e-02
1.144196120473934286e+01 5.370246724658045423e-01
1.142634087116988795e+01 1.064970520739816351e+00
1.140881953475892274e+01 1.617855552079753068e+00
1.140811824194577540e+01 2.141561079210593022e+00
1.139336704874406792e+01 2.649606223606038924e+00
1.140232197350665899e+01 3.192847997235489288e+00
1.137363578422037591e+01 3.711247306418073322e+00
1.207124675545093950e+01 -4.126286007007221812e+00
1.208775927060193922e+01 -3.615872862657328213e+00
1.206128980388730554e+01 -3.097504091904587753e+00
1.206952598319431758e+01 -2.568185212557182240e+00
1.205633226061618757e+01 -2.046451877409900533e+00
1.203261444199190677e+01 -1.535826918827829957e+00
1.202242855495449447e+01 -4.809786371446804765e-01
1.199828840668465446e+01 4.158319110497288307e-02
1.202059758093375663e+01 5.961230758321036660e-01
1.200728387950136522e+01 1.066537325333676733e+00
1.196951945657578165e+01 1.637238969844510450e+00
1.195953297466462928e+01 2.138314129144859521e+00
1.194122111654914420e+01 2.662047308938557677e+00
1.194618127909330241e+01 3.190957502020463465e+00
1.195630108092437993e+01 3.712210869662005308e+00
1.264129097404971702e+01 -4.141860502680197342e+00
1.263475078178924349e+01 -3.599083045758156629e+00
1.261503070576295826e+01 -3.043152090992045089e+00
1.262395060478506181e+01 -2.570712760385692519e+00
1.259581331137207627e+01 -2.037581862223852625e+00
1.259137768578038674e+01 -1.551659181981563052e+00
1.258541980116278580e+01 -9.954576002228279208e-01
1.255456279440566192e+01 -4.777633316913352246e-01
1.255430734589268127e+01 7.431817780678073859e-02
1.255867873596005424e+01 5.905913047051924991e-01
1.253202690919588136e+01 1.103252120144162518e+00
1.249793947164459951e+01 1.597784094523717613e+00
1.250167979009307118e+01 2.148629940595579768e+00
1.250707850549537170e+01 2.671106609810347976e+00
1.250626340194757802e+01 3.180956566296437416e+00
1.251312716874848974e+01 3.708363931139583514e+00
1.318638033689163080e+01 -4.163471785695222138e+00
1.309978637764423937e+01 -3.680902534686330441e+00
1.319559718889818711e+01 -3.110286616285526051e+00
1.318084559665230415e+01 -2.565495198175369751e+00
1.313783281779900847e+01 -2.049124898566230257e+00
1.315148122865747027e+01 -1.547552718914431580e+00
1.313612147562010080e+01 -9.993156727401775186e-01
1.312676860055613659e+01 -5.064315201367826091e-01
1.308513103800057209e+01 5.893302497612751267e-02
1.311000726859310461e+01 5.962459118056493423e-01
1.311595888705197055e+01 1.106076663312332897e+00
1.307148991790197456e+01 1.572174605637947309e+00
1.304467796593492679e+01 2.140553331673462623e+00
1.307449594966702477e+01 2.701624881966854019e+00
1.308301205469700434e+01 3.191475032181877225e+00
1.308105073036306365e+01 3.732562361357746994e+00
1.376991690385646905e+01 -4.153151529895311000e+00
1.374261117247018049e+01 -3.641283374919881410e+00
1.374842295552074489e+01 -3.096398707214646606e+00
1.372611213935561736e+01 -2.569591578572183010e+00
1.372150177905163204e+01 -2.042348823027182902e+00
1.369899106827992341e+01 -1.508085206073026541e+00
1.370066419051311257e+01 -9.789050734943032239e-01
1.370733592864440809e+01 -4.455923780682269353e-01
1.367444059585767491e+01 5.104786290585394681e-02
1.366580952704811480e+01 5.872905106492503080e-01
1.364190639102294256e+01 1.089419806609431163e+00
1.366424360934790982e+01 1.616072580594146046e+00
1.362029952912131492e+01 2.126389988834922917e+00
1.363399437595943198e+01 3.214561233678381313e+00
1.362523363690554490e+01 3.747622900374231847e+00
1.434460958352325477e+01 -4.132696626071130197e+00
1.432196535281522642e+01 -3.609064276539532656e+00
1.429786296766366505e+01 -3.101170881273137780e+00
1.425478335861399160e+01 -2.573626336276820581e+00
1.426097862955555584e+01 -2.046689966334863442e+00
1.427075774554699450e+01 -1.490451367168574848e+00
1.425456403125256344e+01 -9.722229447329304719e-01
1.422825320017264161e+01 -4.453923789907356934e-01
1.420350874293147569e+01 5.722543203126662092e-02
1.420734992685215303e+01 5.737122836245198698e-01
1.420275108870008651e+01 1.101285046294965042e+00
1.416732305926666058e+01 1.608807541262798679e+00
1.416255669863571498e+01 2.134141017088719394e+00
1.421291531021886811e+01 2.684508944778869477e+00
1.414460631300102023e+01 3.201878605919986853e+00
1.420358569835333995e+01 3.762743969956041212e+00
1.491576040468083875e+01 -4.143463663436701694e+00
1.486153676884802266e+01 -3.615420933463502351e+00
1.487127423132653803e+01 -3.106335627669279731e+00
1.483084889705722631e+01 -2.565368613022741329e+00
1.481145890988189961e+01 -2.010305670654421561e+00
1.480790752387598275e+01 -1.505696388635740846e+00
1.479603388578617640e+01 -9.961268416905468825e-01
1.477660527305427962e+01 -4.421575705541265222e-01
1.476508799880280876e+01 5.872011529127618701e-02
1.474748032253134156e+01 5.693911178840309617e-01
1.474385337684710251e+01 1.094348392644640455e+00
1.473232811359126160e+01 1.629968279719026469e+00
1.472399668684109031e+01 2.176859750462298848e+00
1.472824558770504311e+01 2.668881896642723461e+00
1.468809067254628076e+01 3.731786460302966901e+00
1.545905625924584115e+01 -4.157026811681538092e+00
1.541787381779553456e+01 -3.638881838714713268e+00
1.539852697721619279e+01 -3.111146123635410987e+00
1.538325651929715576e+01 -2.559582029882118803e+00
1.536429405481702659e+01 -2.045898934273637337e+00
1.536113443224636654e+01 -1.532974707316878238e+00
1.536868242549997987e+01 -9.747509324302434663e-01
1.531329900293648905e+01 -4.416856036249825479e-01
1.530440324073402891e+01 5.719890101171998253e-02
1.532506707627453224e+01 5.892955558019785656e-01
1.530801554347637250e+01 1.106778752678618361e+00
1.531491344566943980e+01 1.617972767984188209e+00
1.530193692774047065e+01 2.156574010932541086e+00
1.525556107690729846e+01 2.671669571376803276e+00
1.521812023561867022e+01 3.215049332165865081e+00
1.529095494944094824e+01 3.733190085434731742e+00
1.599572085305942437e+01 -4.153292045152500833e+00
1.595914849431300553e+01 -3.603037146044135497e+00
1.593674785087314660e+01 -3.082496918901401983e+00
1.595027117959244478e+01 -2.552757053971479451e+00
1.593506005344985610e+01 -2.017099888678224318e+00
1.590970142781831242e+01 -1.507138618537695152e+00
1.587983653575658849e+01 -9.808567142995237020e-01
1.587515273420383011e+01 -4.698467448426377757e-01
1.586553376731183818e+01 5.893811166254536715e-02
1.585024699505363088e+01 5.987635682979686180e-01
1.583036858354549636e+01 1.127083908772259946e+00
1.587058227795212062e+01 1.653018458126041423e+00
1.587235746361327315e+01 2.138444880460436792e+00
1.581622429130027641e+01 2.680941059876428056e+00
1.580632145359545859e+01 3.211278948302311420e+00
1.581973159727990463e+01 3.768863333728894816e+00
1.652055513296750533e+01 -4.113769269994877575e+00
1.650263088186795812e+01 -3.584671967423670225e+00
1.649607330708127151e+01 -3.062356803334429500e+00
1.647706213751159510e+01 -2.555569647525747001e+00
1.645886543410809111e+01 -2.026104116767626806e+00
1.645655481539726139e+01 -1.517086116164975351e+00
1.643079837564135559e+01 -9.636323281340573033e-01
1.643080260506282642e+01 -4.408832780987097522e-01
1.640312808063017158e+01 8.165936140115803710e-02
1.639983730345375790e+01 6.018316723647387789e-01
1.638103416198530837e+01 1.110208991712728022e+00
1.640603795378428487e+01 1.656271380744836819e+00
1.636336387326383601e+01 2.154569342423798162e+00
1.635803511727303672e+01 2.709711559320897578e+00
1.634316398034464868e+01 3.229354791374969835e+00
1.637267864698059938e+01 3.747586342688489225e+00
1.706349257895102767e+01 -4.107250402535616018e+00
1.704094908707588019e+01 -3.590340869557756776e+00
1.703083368834195355e+01 -3.059067543437373971e+00
1.702428153012901291e+01 -2.531325116544522302e+00
1.703244577871603127e+01 -2.017319660351297728e+00
1.698612793759196649e+01 -1.516683886081292343e+00
1.699239123351316749e+01 -9.680743676839718148e-01
1.699722360011460154e+01 -4.507437047776221561e-01
1.697448266648169479e+01 8.357805167589305029e-02
1.693592659243256549e+01 5.803056589465320769e-01
1.693646358759744075e+01 1.128274182670040204e+00
1.695059102215956415e+01 1.643915854949430155e+00
1.692711060879678797e+01 2.175412914522684815e+00
1.690717288997333867e+01 2.718667214919161523e+00
1.691401319398718783e+01 3.225704362640410494e+00
1.691254359148535613e+01 3.755723501126524866e+00
1.762764244540070635e+01 -4.111886339914740063e+00
1.760020879057427479e+01 -3.582858044714830825e+00
1.759316350703246101e+01 -3.046431633297943975e+00
1.757981863236761200e+01 -2.561762492605083708e+00
1.755803685766757383e+01 -2.035737658019751706e+00
1.751609968296517650e+01 -1.495433937396487778e+00
1.752552502228015285e+01 -9.720169275980659052e-01
1.752638608825182942e+01 -4.425995993432429998e-01
1.750802823089048132e+01 8.246848415742391580e-02
1.750808652625061868e+01 5.990446619266123207e-01
1.748791317976746740e+01 1.142033926553985168e+00
1.746970945961789923e+01 1.622780483799552087e+00
1.747211937244369295e+01 2.180211878982273532e+00
1.746710464949693176e+01 2.704708798814678516e+00
1.746650916523758212e+01 3.241341261158694920e+00
1.746007149773307177e+01 3.775202433969635507e+00
1.815610098002929362e+01 -4.098663551557200080e+00
1.813435632376948092e+01 -3.590397052889645835e+00
1.814657727143417887e+01 -3.064403227896415061e+00
1.813093434620256872e+01 -2.528882246753692442e+00
1.809965761937120732e+01 -2.035401606210822223e+00
1.810397351077933692e+01 -1.461950035474814058e+00
1.807745701546454598e+01 -9.598924144411284942e-01
1.804293501149061640e+01 -4.438604564991095458e-01
1.804097958699603055e+01 8.749201399382755540e-02
1.804305348016753641e+01 5.973992810072132897e-01
1.803570965580407659e+01 1.139163368981758850e+00
1.801428848794547477e+01 1.651586643310018587e+00
1.800865594191980534e+01 2.168574588744654363e+00
1.800744678750987404e+01 2.708351546695112688e+00
1.798940609621513076e+01 3.236365533434508279e+00
1.801375038996265587e+01 3.739969840711381721e+00
1.868124593126312050e+01 -4.107330271221478313e+00
1.868143222904631173e+01 -3.603258656725897069e+00
1.868425445348446345e+01 -3.057409404771361139e+00
1.866004074433156035e+01 -2.562188841526811700e+00
1.865485420158720942e+01 -2.026589443634925658e+00
1.865314173810774889e+01 -1.491774295984164667e+00
1.862623463242428912e+01 -9.731352806508120068e-01
1.862487043031344314e+01 -4.491916825502606514e-01
1.859150704370697937e+01 8.147989117266263293e-02
1.857367121546309363e+01 6.172643853985029239e-01
1.857198858397746832e+01 1.133453270077417585e+00
1.857285291146155970e+01 1.656958993148641923e+00
1.856637773660527913e+01 2.189071071072429930e+00
1.855683087642698936e+01 2.674041354222548961e+00
1.858571721776408125e+01 3.128705964869144651e+00
1.856024917351209425e+01 3.730714246136951573e+00
1.927066870092305351e+01 -4.116811212228034478e+00
1.923479919764348267e+01 -3.598907494906152138e+00
1.923361231080224698e+01 -3.077334994497455511e+00
1.919844981915259297e+01 -2.555810686104887708e+00
1.918378009867424794e+01 -2.035287704105730455e+00
1.918359646282894815e+01 -1.495862933140362117e+00
1.919000708831120861e+01 -9.728240382587465263e-01
1.917063378660186856e+01 -4.411657637701580370e-01
1.915047287402578746e+01 6.482459951504893070e-02
1.915324879617359954e+01 6.068298612606426445e-01
1.913571437447182788e+01 1.125075059664130350e+00
1.911321929357795923e+01 1.662593708312435581e+00
1.909515557832074961e+01 2.191674415467836923e+00
1.913603822430949464e+01 2.710591687380727421e+00
1.911645365479785141e+01 3.240579633484500732e+00
1.910398185695770934e+01 3.742757047987602448e+00
1.976514093881934286e+01 -4.131005801451355097e+00
1.978898492234295148e+01 -3.607485353694952934e+00
1.977935098408804393e+01 -3.085988899363337978e+00
1.978257182184044538e+01 -2.561104412590964330e+00
1.973300174390544370e+01 -2.039786699968214378e+00
1.974004471375296887e+01 -1.489290135810048099e+00
1.972863632473918472e+01 -9.689484126341874060e-01
1.969884673451106494e+01 -4.428214940935113475e-01
1.970017882276670562e+01 8.531326456417076542e-02
1.969514852034425090e+01 6.091318043777143032e-01
1.968639552995569275e+01 1.115845796565508863e+00
1.967172656914122086e+01 1.642173393212928545e+00
1.967044524097365965e+01 2.196845841982423053e+00
1.965080043697434675e+01 2.691397788986755302e+00
1.965043606531864029e+01 3.242676004945590051e+00
1.963915857735083392e+01 3.720634914247234803e+00
2.033897966888236652e+01 -4.129340054706476693e+00
2.032792299485830512e+01 -3.606906798728440222e+00
2.031246714663809172e+01 -3.084762541053031271e+00
2.029809691809084171e+01 -2.560391801042410265e+00
2.028951195997312595e+01 -2.001246430345990035e+00
2.028318175987993044e+01 -1.482234828408195426e+00
2.027447715555062757e+01 -9.660725934890166400e-01
2.026586737681646611e+01 -4.363767720279305706e-01
2.026368245024232806e+01 9.663164130683910003e-02
2.024192287931854750e+01 6.097880729004572231e-01
2.022489644204728165e+01 1.125960824974285401e+00
2.022675084332799500e+01 1.652416810384558232e+00
2.022805945457620069e+01 2.181803553946469520e+00
2.020228039662026021e+01 2.700050678362003964e+00
2.020852601166953022e+01 3.253173213831423993e+00
2.021314470576493960e+01 3.762169199780199591e+00
2.089402078887305692e+01 -4.129923378055961436e+00
2.085117373997201895e+01 -3.602030998872921330e+00
2.086194985381057165e+01 -3.066891574539127419e+00
2.086668602359232239e+01 -2.539320186859647777e+00
2.082565821255415273e+01 -2.036412549100703018e+00
2.080576866970417171e+01 -1.520291287492131715e+00
2.081749825427075962e+01 -9.702506319140731250e-01
2.079316180123201008e+01 -4.448380522342816334e-01
2.080972569162177166e+01 9.498326114670163633e-02
2.076623513484521055e+01 6.247694667325554008e-01
2.080037212755473064e+01 1.166418796819495896e+00
2.078561725497849011e+01 1.657986022468115550e+00
2.078195986083657942e+01 2.187197799539244869e+00
2.077397760613262534e+01 2.718653700624543035e+00
2.076061197702524908e+01 3.244264584256352890e+00
2.075407808260593612e+01 3.774498703243050812e+00
2.143469161208667373e+01 -4.130016767736302441e+00
2.139922571770086535e+01 -3.600031198255230436e+00
2.140836755935391267e+01 -3.070286678591427787e+00
2.139101272856127167e+01 -2.527287397704842675e+00
2.135497527428719877e+01 -2.032851172011945096e+00
2.138188975607660325e+01 -1.500893762963702471e+00
2.134685133971285609e+01 -9.819959404775744360e-01
2.134282261038822526e+01 -4.511394077906594191e-01
2.134439976709004583e+01 8.860960706554621424e-02
2.133154113678942565e+01 6.053651625503846390e-01
2.134049757936483616e+01 1.136808769064710845e+00
2.131973905933887181e+01 1.659232516587952233e+00
2.132305278635175227e+01 2.192751710828556355e+00
2.131459828296994630e+01 2.745208659311430210e+00
2.130766370299344459e+01 3.243494547730534805e+00
2.129366852978466085e+01 3.773884328565291213e+00
2.198910472360721258e+01 -4.127718316294924250e+00
2.196431827731878172e+01 -3.597044840018131850e+00
2.195451486849402301e+01 -3.072452366469487828e+00
2.192589366782090821e+01 -2.538222552147132660e+00
2.191251821646192610e+01 -2.021599365768004475e+00
2.192209771648690975e+01 -1.495559516080543716e+00
2.191863883658552936e+01 -9.613223851006793552e-01
2.189785477213646914e+01 -4.395751766562518981e-01
2.190079966219424534e+01 8.631651126930606210e-02
2.187397576522408116e+01 5.976603334780925536e-01
2.185858169834945386e+01 1.136042213455290550e+00
2.185582791004474501e+01 1.669885367618753946e+00
2.187647859030422381e+01 2.233826215841030915e+00
2.187200821501117076e+01 2.690369753721224555e+00
2.185556974051450396e+01 3.227647953613324461e+00
2.183511406498599428e+01 3.764917182096969128e+00
2.252470820971254994e+01 -4.132136976728146394e+00
2.248951198359858950e+01 -3.593555381301435148e+00
2.248863621468592555e+01 -3.060513231719729887e+00
2.247649275628371157e+01 -2.537520568318964109e+00
2.246190884329914184e+01 -2.023903381318429950e+00
2.245923562812733110e+01 -1.495924928858492819e+00
2.247151331976204602e+01 -9.627597184526628382e-01
2.243754084347358457e+01 -4.361672960302200863e-01
2.243452299113724990e+01 9.331419166109711227e-02
2.242527989240881681e+01 6.020928070555591205e-01
2.243232576566479963e+01 1.142673915490480141e+00
2.240523660076939905e+01 1.677500923301934677e+00
2.242258559976572485e+01 2.235337424604228573e+00
2.241524895369257564e+01 2.713795948647664602e+00
2.238750546073030989e+01 3.226573716142645765e+00
2.237697602987139334e+01 3.761513718125279127e+00
2.304285278679645188e+01 -4.132742519221467958e+00
2.305315522329478739e+01 -3.609925050140411429e+00
2.301135665269153918e+01 -3.084625238903095479e+00
2.302665451458167212e+01 -2.550587883077010787e+00
2.302648323645117046e+01 -2.021374815017988880e+00
2.300735729475270119e+01 -1.504279884806575041e+00
2.299907144202604314e+01 -9.719619096624896315e-01
2.301519145598297911e+01 -4.590812305051805708e-01
2.298493197946822875e+01 1.008228117129945645e-01
2.295730963939377745e+01 6.083574479753153241e-01
2.295036619925610921e+01 1.138716778582779199e+00
2.295333470745669047e+01 1.673747898283970414e+00
2.297217160074272613e+01 2.220595553652820797e+00
2.294883867672588451e+01 2.735856031751932704e+00
2.295319052491119294e+01 3.238172610012476582e+00
2.294281477694043758e+01 3.758711683924172320e+00
2.360131129014112616e+01 -4.132658018016526214e+00
2.358307563130463080e+01 -3.603836533365686989e+00
2.355780433188220258e+01 -3.060662694036867748e+00
2.358068914151577644e+01 -2.542181993698122255e+00
2.356523814773896675e+01 -2.018545461978948907e+00
2.353536659900816375e+01 -1.472701301972893617e+00
2.353549051635292955e+01 -9.450737274246527875e-01
2.353244974318734251e+01 -4.262859059735610856e-01
2.351613089648076738e+01 7.902388525000247910e-02
2.351576112304555721e+01 6.106062589221572523e-01
2.349067789901879166e+01 1.139729302002017164e+00
2.349337991299913142e+01 1.700654019736479228e+00
2.347497844442990811e+01 2.209277314744042542e+00
2.347879637699439570e+01 2.728057549355366262e+00
2.347876991960304593e+01 3.260991256282114392e+00
2.346614401792449911e+01 3.761244013790292939e+00
2.411592504524607250e+01 -4.150506803033914949e+00
2.413105793434577606e+01 -3.583933873758425648e+00
2.411750757603640238e+01 -3.075962289256111148e+00
2.410353805088099222e+01 -2.524665076365298688e+00
2.408633879390063726e+01 -2.008408516431554602e+00
2.408050969676758513e+01 -1.481212090055354480e+00
2.406536845413970838e+01 -9.585290539057389481e-01
2.406574778213142451e+01 -4.343709282974224095e-01
2.403812338335093557e+01 9.463794281649384743e-02
2.404521332557566637e+01 6.132297038568381709e-01
2.404835532061213854e+01 1.132623300432552327e+00
2.404337474894345661e+01 1.678348142450033720e+00
2.403105982995265322e+01 2.221920280956855009e+00
2.405355666806966042e+01 2.702654422190494898e+00
2.402279665259020192e+01 3.245746866153027099e+00
2.402685357099821317e+01 3.772055677775572491e+00
2.467586166170616480e+01 -4.125127085163276419e+00
2.466684061209936374e+01 -3.585846118828314388e+00
2.465579527344543465e+01 -3.076812881425491142e+00
2.464093916212525670e+01 -2.546570437401616260e+00
2.463033366601996477e+01 -2.001654918657425952e+00
2.462670517799853798e+01 -1.483976046696938056e+00
2.461597517173577643e+01 -9.657771558697163528e-01
2.458004752666788306e+01 -4.309522295665999536e-01
2.457883391053866973e+01 1.092395822795246829e-01
2.458217986481653128e+01 6.261804453474368870e-01
2.458373632762272365e+01 1.123555267948756153e+00
2.458618136834424917e+01 1.672074850356395359e+00
2.464668183784998234e+01 2.203765143235720814e+00
2.459858351631963558e+01 2.732053921992349643e+00
2.457759547043965398e+01 3.262197553459582622e+00
2.455482754540754087e+01 3.764648738071851852e+00
2.519398897422853878e+01 -4.132899134829731480e+00
2.519823931017887730e+01 -3.588993327527960631e+00
2.519483559175318987e+01 -3.069038896953360407e+00
2.518242853023042471e+01 -2.545975370041919206e+00
2.517691305632535403e+01 -2.004894163589508338e+00
2.515876993148247465e+01 -1.478618373531034536e+00
2.515868917911394220e+01 -9.567411744500340376e-01
2.515224269553985437e+01 -4.196881255030149305e-01
2.514832767685101089e+01 9.352973438316070087e-02
2.514442504867903239e+01 6.169711373268285115e-01
2.514758190382982406e+01 1.146154159293462982e+00
2.512930436145833113e+01 1.675238183827577387e+00
2.512453156547817912e+01 2.207943021638211434e+00
2.516139532917036803e+01 2.729647368290724074e+00
2.511776587710429709e+01 3.241875166838891431e+00
2.510447301712654422e+01 3.773019523164627742e+00
2.577220373914888540e+01 -4.126841800331671806e+00
2.573045965387687772e+01 -3.587290239320296337e+00
2.574913729254440398e+01 -3.066041750642144237e+00
2.571979927677267597e+01 -2.547180488605388149e+00
2.571599047461291576e+01 -2.016777620721953213e+00
2.569012945703499184e+01 -1.490657481930242056e+00
2.568551562325245641e+01 -9.590722929306210176e-01
2.570068730617000341e+01 -4.305736291014419237e-01
2.569907828872862154e+01 9.815063140911561845e-02
2.568592755587020804e+01 6.182031514323824695e-01
2.567207834484063511e+01 1.146956599756308037e+00
2.567948402032794775e+01 1.675105651072385626e+00
2.568384379136976747e+01 2.214427449374035461e+00
2.567385948152801234e+01 2.725670258207991026e+00
2.567378533153393505e+01 3.245796977084818735e+00
2.567513165132157127e+01 3.775761882261104319e+00
2.629763805659561626e+01 -4.111341459081778282e+00
2.624441934702653612e+01 -3.624640876303983461e+00
2.627577228136301102e+01 -3.062104140861976020e+00
2.625014122568483543e+01 -2.544608206731705735e+00
2.626867514334113451e+01 -2.020129932579514787e+00
2.628516407648852748e+01 -1.495015110479947396e+00
2.626751849127604288e+01 -9.450833259750410775e-01
2.624636611333426828e+01 -4.167122429277902995e-01
2.624580620337603420e+01 9.952832190409566238e-02
2.621869960138531042e+01 6.266767868041789313e-01
2.621513647782920486e+01 1.140866253838670019e+00
2.621625945910778910e+01 1.686923302693493554e+00
2.621149474124509027e+01 2.209006842244292557e+00
2.619652057060517336e+01 2.717402994641577862e+00
2.619270745818961643e+01 3.234855082836478601e+00
2.618677162951608750e+01 3.782343996864717894e+00
2.681726689677148556e+01 -4.128443601086283721e+00
2.682780350145513637e+01 -3.601630884524825049e+00
2.683483934933389037e+01 -3.075130988926321862e+00
2.680880675869569529e+01 -2.548857915830801346e+00
2.681610268355638738e+01 -2.008490728070167819e+00
2.681078493476976377e+01 -1.499567600094927400e+00
2.680310095605541676e+01 -9.669909478533362801e-01
2.682070823907309176e+01 -4.100053972982315997e-01
2.678175102098629168e+01 9.031860732796204161e-02
2.678504957026910205e+01 6.113053199618967426e-01
2.678741185552232906e+01 1.143301104119188949e+00
2.676361719593990784e+01 1.685064554838167084e+00
2.674387627276522750e+01 2.220764109242100659e+00
2.675295562229519675e+01 2.735087874990810519e+00
2.676901820013873845e+01 3.215609646126488030e+00
2.674557429311521162e+01 3.777443115877861857e+00
2.735172044653434398e+01 -4.127463863969769164e+00
2.736601128366946512e+01 -3.606045241072871832e+00
2.736733565462760254e+01 -3.069533790002092033e+00
2.735530743758170757e+01 -2.534052276716636243e+00
2.737004514797180832e+01 -1.992414898557548497e+00
2.735166622206403986e+01 -1.491169018676306024e+00
2.734307300005722396e+01 -9.583361488497104119e-01
2.734385472047730303e+01 -4.190226333407451875e-01
2.732422668394533360e+01 1.028973937252253279e-01
2.731714713323666643e+01 6.384613238123542089e-01
2.733849865235215759e+01 1.185339041104636948e+00
2.732851863353570820e+01 1.670143298145063682e+00
2.732157220599781766e+01 2.207838497891614793e+00
2.730517913636722938e+01 2.700295651992341561e+00
2.727647856668800586e+01 3.238721728786568832e+00
2.729186739076245516e+01 3.802226217783694295e+00
2.790018971687002391e+01 -4.107968861848162234e+00
2.788226016410120423e+01 -3.607273457495209001e+00
2.786792477562531900e+01 -3.085864443873125751e+00
2.790037934570484879e+01 -2.542518565989233537e+00
2.788273617313235775e+01 -2.000134042023994141e+00
2.791019716780339621e+01 -1.489560317941638345e+00
2.788380937176451368e+01 -9.577095205051975313e-01
2.787385800858876905e+01 -4.282377345060481844e-01
2.787923273664121382e+01 9.368016294313008530e-02
2.787136074291994703e+01 6.255482788036914599e-01
2.787145848935551840e+01 1.174258296036786220e+00
2.784158181108483632e+01 1.679855144700489689e+00
2.783957648824781472e+01 2.218140059899187833e+00
2.784659313818391269e+01 2.736969815512754423e+00
2.783139069579101488e+01 3.260320057052581433e+00
2.781787588749548235e+01 3.785612595958134818e+00
2.843966272950319052e+01 -4.111971669160389808e+00
2.846347450880958974e+01 -3.611761598610119250e+00
2.845182256052077463e+01 -3.066067254053912450e+00
2.843525226402204709e+01 -2.533962084851445695e+00
2.843220550378551792e+01 -2.014391572228628746e+00
2.843804625501642391e+01 -1.462969380712589640e+00
2.842471886109763801e+01 -9.507240914829289125e-01
2.841109465249115829e+01 -4.365871208830824912e-01
2.840926635055967608e+01 1.020924522183683791e-01
2.841017092628320739e+01 6.552774024812890730e-01
2.841349740808578161e+01 1.174681135926196163e+00
2.839906576500893465e+01 1.667126470385035475e+00
2.838825735504065761e+01 2.198486398355360194e+00
2.840115014150738659e+01 2.733466794921479703e+00
2.839755677935964684e+01 3.267820545864637438e+00
2.837850319243856489e+01 3.811554609585915188e+00
