1.070459782227582579e+01 -4.134983440907346264e+00
1.070586400690137907e+01 -3.621851077763619031e+00
1.066769917638899656e+01 -2.597378147460531750e+00
1.067332948277669757e+01 -2.048125810479358933e+00
1.068052120345427980e+01 -1.524024649753883409e+00
1.066593883589047209e+01 -1.005985255800389666e+00
1.065610627755066986e+01 -5.036791786652585756e-01
1.060640090295001414e+01 5.863918464451494117e-01
1.063798643278913758e+01 1.119685843391003743e+00
1.061921154883481222e+01 1.622596777413146896e+00
1.062357142763049112e+01 2.148268446060285441e+00
1.061836911745567846e+01 2.681098616101916576e+00
1.059223010978207213e+01 3.203987585466357757e+00
1.061726332751084101e+01 3.729056423679733001e+00
1.125624944630482460e+01 -4.149825706421667704e+00
1.123161273412268102e+01 -3.656803455733149022e+00
1.123361359409335947e+01 -3.111780748925859541e+00
1.122434282713736664e+01 -2.049984702141969706e+00
1.119567780015540137e+01 -1.531875977946437928e+00
1.119007061485369903e+01 -1.007613794058766388e+00
1.116342606617822497e+01 -4.832195434733321804e-01
1.116974564951195603e+01 3.532187657327767738e-02
1.117549518356051053e+01 5.901901466044989775e-01
1.115804861723058394e+01 1.624026792826100518e+00
1.113504738501958613e+01 2.174798176428030416e+00
1.116166833690014926e+01 2.675833129160032797e+00
1.115335122571228865e+01 3.232381833286034123e+00
1.111549578241147174e+01 3.742181979762420951e+00
1.177377464853606881e+01 -4.140943818192610593e+00
1.180339501677500635e+01 -3.638475260075788142e+00
1.176695745136496640e+01 -3.082454041698214908e+00
1.176739580791899087e+01 -2.577642236596446423e+00
1.175121456843150725e+01 -2.060680778403074953e+00
1.175002368259179519e+01 -1.537642854612208509e+00
1.173603526398087027e+01 -1.008889254777006528e+00
1.173814106014572545e+01 -4.756474277964812813e-01
1.171169157551505080e+01 4.599132949427442441e-02
1.172058224622535860e+01 5.542131988824152700e-01
1.170567580405015917e+01 1.091401430683895057e+00
1.169598338420107808e+01 1.642893667768483112e+00
1.169465935752273822e+01 2.172026136422665843e+00
1.167910708378235540e+01 2.679291730894696855e+00
1.168932078092512938e+01 3.234042272876934021e+00
1.167300411186251807e+01 3.755076123540078470e+00
1.231496980840070066e+01 -4.134003198860442652e+00
1.233388942178984493e+01 -3.621985015729530133e+00
1.231487485184074870e+01 -3.098913836286206092e+00
1.231876894368907926e+01 -2.569662960334646584e+00
1.230943053607395044e+01 -2.042881518895747206e+00
1.228650755298720654e+01 -1.528180263571830011e+00
1.229146363156937127e+01 -4.711778697993125320e-01
1.225707477544095170e+01 5.673086067510979547e-02
1.228463025226751171e+01 5.916112779378650544e-01
1.227308487105781865e+01 1.094215672892840274e+00
1.225481894992761056e+01 1.655516371064539527e+00
1.224192627186569382e+01 2.165358244176076141e+00
1.222552371720333397e+01 2.689957198658547100e+00
1.223276025106597587e+01 3.227909040660339457e+00
1.224221787933986860e+01 3.741635580472109979e+00
1.287499987529078993e+01 -4.153200551405424434e+00
1.286268068035521139e+01 -3.612583711402111319e+00
1.284489530838382265e+01 -3.061305680335303592e+00
1.287070664996955216e+01 -2.571136458058525420e+00
1.285376708899959652e+01 -2.037614379566029754e+00
1.284381460375491457e+01 -1.538547403795117674e+00
1.283964797127060109e+01 -9.833618973715729794e-01
1.282378692876148918e+01 -4.703385961768589141e-01
1.282094164473484454e+01 8.231891132545854362e-02
1.282486532947453028e+01 6.038740470593850773e-01
1.280368153641305895e+01 1.117404690406576862e+00
1.276462879381624305e+01 1.614895300806015399e+00
1.277584657316233674e+01 2.171845444397774827e+00
1.278697741973764934e+01 2.701816046232302426e+00
1.278491951281724681e+01 3.220460673157486298e+00
1.280072907919334213e+01 3.734434077502129412e+00
1.340971216372298969e+01 -4.170943450035760947e+00
1.339802864258687976e+01 -3.651504709646490099e+00
1.342599393565033949e+01 -3.104652294286145420e+00
1.341393709914794030e+01 -2.567744695609182060e+00
1.337850480116255270e+01 -2.050264673494226031e+00
1.340030028626525649e+01 -1.541580390430542735e+00
1.338359985628083848e+01 -9.884175506075294493e-01
1.338398505029350360e+01 -4.998504129864649315e-01
1.334370579423116254e+01 6.772350629755763407e-02
1.336942460996322168e+01 6.076436046039042083e-01
1.337169806015281637e+01 1.117440649496458605e+00
1.334420248554009447e+01 1.602630042901484586e+00
1.332459502397395923e+01 2.163196873635879314e+00
1.334936375416948096e+01 2.735133111527982663e+00
1.335002734244030265e+01 3.218400622411738965e+00
1.334808985243088131e+01 3.756392907330941000e+00
1.398146416616447851e+01 -4.165572841103982071e+00
1.396221550669137912e+01 -3.646944977933678445e+00
1.397004316410061264e+01 -3.102328483026298045e+00
1.395162086395870915e+01 -2.572726614444743376e+00
1.394684995424497131e+01 -2.041051370089377315e+00
1.393792017997476762e+01 -1.501333961069246214e+00
1.394358755654369020e+01 -9.717904175462663829e-01
1.394423769564916427e+01 -4.421437447297869028e-01
1.392583017847906390e+01 5.480176232576638995e-02
1.391272417803195793e+01 6.006694311217479765e-01
1.389724843234784757e+01 1.112422699165914963e+00
1.390839488073974550e+01 1.640179686433338446e+00
1.388928558926965451e+01 2.160585714916294364e+00
1.389180483945576228e+01 3.242134442654638349e+00
1.388724293427696210e+01 3.774470012207942204e+00
1.454336507385984234e+01 -4.144607864148538212e+00
1.452980408283447034e+01 -3.624217699914851210e+00
1.451230335356511247e+01 -3.108612797107232595e+00
1.447681516817128156e+01 -2.573148853924870139e+00
1.448794136409611255e+01 -2.043319084791569651e+00
1.449726508628643273e+01 -1.493391664360370186e+00
1.448903159821333730e+01 -9.699456851416989878e-01
1.446614356041054705e+01 -4.426317469421015005e-01
1.444335851840599361e+01 7.038418684735248121e-02
1.445085298933700102e+01 5.892966058163189302e-01
1.444842981670943161e+01 1.123447106868034950e+00
1.442725908358340092e+01 1.642537880433746267e+00
1.441743606343383277e+01 2.170741386720038690e+00
1.446054591229394859e+01 2.709741701456156449e+00
1.439675954089558019e+01 3.226796497296344768e+00
1.444806452039528466e+01 3.787210704591725374e+00
1.510004997746644406e+01 -4.154429391189847109e+00
1.506230983046033955e+01 -3.620952994328582975e+00
1.506047163244441478e+01 -3.116065017318973673e+00
1.504000975253498851e+01 -2.567864660087913364e+00
1.502842001171509523e+01 -2.012281645259072604e+00
1.502908000114437215e+01 -1.506602959428832378e+00
1.502584914598239507e+01 -9.909822635746863284e-01
1.501412589361750349e+01 -4.413257274188744361e-01
1.499908310218749108e+01 7.192482590947335552e-02
1.498431646443354381e+01 5.848157422961222096e-01
1.498501751200694798e+01 1.111417037259943896e+00
1.496736566353561315e+01 1.652395907966333510e+00
1.496130535017880092e+01 2.202158398525391192e+00
1.496745780764020850e+01 2.696201622464045045e+00
1.493680074183715334e+01 3.758979583234825839e+00
1.563888784136295840e+01 -4.167844920388716901e+00
1.560157763027243405e+01 -3.646472744982959924e+00
1.559474911887089732e+01 -3.117055538558171079e+00
1.558561588367070172e+01 -2.564833298884536816e+00
1.557275655978958895e+01 -2.047838927246740326e+00
1.557184916409288178e+01 -1.527968016629873915e+00
1.557271068453168184e+01 -9.780496662652566897e-01
1.554449562027837572e+01 -4.336256675308334252e-01
1.554230746469654534e+01 6.616451422065239285e-02
1.555042459389289178e+01 6.021768328621845967e-01
1.553973796093638526e+01 1.125064646471706453e+00
1.555187997945724021e+01 1.635668974364744344e+00
1.554422744517151145e+01 2.175292198524431342e+00
1.549474457865244759e+01 2.697082746929424957e+00
1.546832341488062923e+01 3.242209191018769587e+00
1.553635694414434099e+01 3.760427213128874513e+00
1.617774557546592717e+01 -4.164249016381232238e+00
1.614593383362367618e+01 -3.618794017591417500e+00
1.613456894313205936e+01 -3.093214653192310593e+00
1.614908714772820630e+01 -2.563385321801110450e+00
1.613285474851842949e+01 -2.024831392547287834e+00
1.611608483045189644e+01 -1.506110550315359120e+00
1.609297776259331414e+01 -9.779843721413179480e-01
1.608736786102985761e+01 -4.689577988085353866e-01
1.607940049289432594e+01 7.787725437547621254e-02
1.607391447597243328e+01 6.112785313065565163e-01
1.605278247130814506e+01 1.139807529808024356e+00
1.609954750307531413e+01 1.671139497904558624e+00
1.610635023371787256e+01 2.156705650791092665e+00
1.605912666335479244e+01 2.703438174277746242e+00
1.604858453616828129e+01 3.235325384536309912e+00
1.607047704755150264e+01 3.776765916167608594e+00
1.670206734683604921e+01 -4.131468768669089187e+00
1.668885669391957904e+01 -3.600043394500612948e+00
1.668388458027899190e+01 -3.074481378667744735e+00
1.666735422513789544e+01 -2.568720704422712942e+00
1.664926876732831573e+01 -2.033764882791167850e+00
1.665579726769782454e+01 -1.517973069766124894e+00
1.664080990368633195e+01 -9.659181139534425142e-01
1.663836102872943101e+01 -4.411258416268459825e-01
1.661905315108078085e+01 9.093641282068887222e-02
1.661612710676000049e+01 6.132949430143384006e-01
1.659773811818051215e+01 1.125923369174472555e+00
1.662435577756765070e+01 1.655819998658206060e+00
1.658609535600878004e+01 2.174995101603890646e+00
1.658630813620758815e+01 2.730645346659922978e+00
1.658172457610728046e+01 3.249483459190937396e+00
1.660235561285498918e+01 3.771040866223863475e+00
1.723915305793074992e+01 -4.128435052570230468e+00
1.722190037123811379e+01 -3.607784066067315720e+00
1.721968803651039437e+01 -3.079341502722970247e+00
1.721078147946853321e+01 -2.538637970178069025e+00
1.722677295991469393e+01 -2.026346272706629037e+00
1.718289652234515685e+01 -1.520533983537969647e+00
1.719455818782339662e+01 -9.663224525020623901e-01
1.719427486646137027e+01 -4.471671383660016375e-01
1.718277931902300537e+01 9.006734730199283945e-02
1.714694153418404809e+01 5.882822588017262433e-01
1.714852108461154501e+01 1.141230525978649268e+00
1.716681686171823173e+01 1.655925537336528919e+00
1.714745273925577607e+01 2.189912438068187583e+00
1.712891092782676949e+01 2.735049053955997067e+00
1.713693845022029549e+01 3.246731242444241161e+00
1.713770766040211058e+01 3.775788027167578775e+00
1.779411828229005721e+01 -4.133074000673154558e+00
1.776889696459766554e+01 -3.603133557391547726e+00
1.777123213633643672e+01 -3.063461115625704778e+00
1.775300616004715337e+01 -2.569015914824788638e+00
1.774434013184187720e+01 -2.041516391450507228e+00
1.771065267268052779e+01 -1.496638548557395865e+00
1.771921692891024236e+01 -9.724537893314000314e-01
1.772230877906888225e+01 -4.424772621403754158e-01
1.771133693995852809e+01 8.651089649587362373e-02
1.771000280125954163e+01 6.060494957837683216e-01
1.769331191388728897e+01 1.152981045974915020e+00
1.768519901501551672e+01 1.634356591040578621e+00
1.768764742404859192e+01 2.190838634188946088e+00
1.767986086839541926e+01 2.721187887380260406e+00
1.768343841385099680e+01 3.259049721725567395e+00
1.767939034228845685e+01 3.793624325088821081e+00
1.831826256664176711e+01 -4.122935846433353646e+00
1.830564129398611684e+01 -3.613443601596987520e+00
1.831795170098812520e+01 -3.080851188283535436e+00
1.830611381233542545e+01 -2.543994451282316049e+00
1.828538164615887851e+01 -2.037915503223288738e+00
1.829597810643378253e+01 -1.458655017975132751e+00
1.826629187448414271e+01 -9.620135561419296266e-01
1.824019180841217747e+01 -4.424693906530166032e-01
1.824236438990860520e+01 8.949518671770562150e-02
1.824301654948187945e+01 6.031606128340847306e-01
1.823738238773742637e+01 1.146439241320901914e+00
1.822377406230598140e+01 1.664738770888714470e+00
1.822371483935065228e+01 2.180775865046339135e+00
1.821681222340262352e+01 2.725059398418149925e+00
1.820697914299234554e+01 3.255789762148395994e+00
1.822794525432612289e+01 3.762138411821187134e+00
1.884280028165599674e+01 -4.123941204601614174e+00
1.884014654947820944e+01 -3.625964579649426867e+00
1.885537467846832627e+01 -3.076059250010093393e+00
1.882798072719714000e+01 -2.573089079889676611e+00
1.882994030004871888e+01 -2.028860963870702250e+00
1.883106000559369164e+01 -1.497759913339457682e+00
1.880757525255602403e+01 -9.728587880423944512e-01
1.881295997638375184e+01 -4.512376412162240058e-01
1.878423831405759259e+01 8.510718907772840680e-02
1.876348665524700010e+01 6.234274940329527226e-01
1.876972406017601003e+01 1.137222306533917759e+00
1.877482562704164692e+01 1.665871994858520111e+00
1.877051014478597324e+01 2.201107103344323690e+00
1.876357294297643463e+01 2.690616004816220652e+00
1.878504905815688275e+01 3.160128701046858168e+00
1.876663619494854274e+01 3.754599282168847196e+00
1.941649647795958344e+01 -4.159067391283272741e+00
1.938983959948810210e+01 -3.612752902777955910e+00
1.939584776896803930e+01 -3.092969251574963607e+00
1.936189001457297110e+01 -2.565016285684254882e+00
1.935375310404716842e+01 -2.040356099090157471e+00
1.935543418802068416e+01 -1.502922564425897889e+00
1.936507656484858231e+01 -9.750084906548899255e-01
1.935066304344235633e+01 -4.425248321322925449e-01
1.933520578490261954e+01 7.019199780305385161e-02
1.933923570801690417e+01 6.093070617728031380e-01
1.932899067214289346e+01 1.134974701013533149e+00
1.930816431764295871e+01 1.672271279878629002e+00
1.929047292018625726e+01 2.206198135219786138e+00
1.932820729737814247e+01 2.725226791292648443e+00
1.931473771683595331e+01 3.267467043320309017e+00
1.930487078071968909e+01 3.765397756173399557e+00
1.991316664164358841e+01 -4.152197511295787180e+00
1.993793959286718120e+01 -3.621059570004558026e+00
1.993175566967089551e+01 -3.100517960148762242e+00
1.993669301056075938e+01 -2.572154794864939475e+00
1.989575253377741504e+01 -2.040114267710560370e+00
1.991292922247621533e+01 -1.494796911190785949e+00
1.989868494485951445e+01 -9.736157447468549719e-01
1.987662185944677873e+01 -4.396713817525998991e-01
1.987819222573152445e+01 8.783761207853402198e-02
1.987484707059813260e+01 6.147447411220277047e-01
1.986710445514706436e+01 1.119657879554349478e+00
1.987152075383671601e+01 1.629577465737693132e+00
1.985688364818053842e+01 2.207474473458447051e+00
1.984734138901969303e+01 2.711190402104204367e+00
1.984664593700750501e+01 3.261281388372811563e+00
1.983797129123998104e+01 3.743241998289075667e+00
2.048241660101157180e+01 -4.146108205602894614e+00
2.047619569891550384e+01 -3.628366918825895127e+00
2.046392386440567179e+01 -3.099975823531538666e+00
2.045128954152463052e+01 -2.571565514618683324e+00
2.044624606648374154e+01 -2.009801284109766328e+00
2.045043622768432456e+01 -1.488195907064401524e+00
2.043931097040097455e+01 -9.687977665098088664e-01
2.042756759526204391e+01 -4.405531349656470752e-01
2.043237678191364282e+01 9.471381483728436024e-02
2.040956621719766062e+01 6.076872986254073794e-01
2.039850888147989139e+01 1.129187515977815082e+00
2.041063087905990514e+01 1.663929286930780904e+00
2.040938338371709904e+01 2.194266464671329686e+00
2.038486521996415846e+01 2.713423564048106584e+00
2.039299558002014834e+01 3.266396566520512579e+00
2.040601678704661381e+01 3.781867331965333534e+00
2.103018366702976749e+01 -4.146369842947178697e+00
2.099508095504017291e+01 -3.622978463370305491e+00
2.100855688579446934e+01 -3.082795772236275766e+00
2.100553011634648470e+01 -2.550226903700806957e+00
2.097644209705878637e+01 -2.038422279569687134e+00
2.096867855789196966e+01 -1.531131814046087669e+00
2.097882038362872947e+01 -9.734349729535445306e-01
2.095302843642406287e+01 -4.486037720447519916e-01
2.097666402893787563e+01 9.254615817994604754e-02
2.093585867951024682e+01 6.232458042329085401e-01
2.096986806494665245e+01 1.174383192377472795e+00
2.095799191104809012e+01 1.665454273094589155e+00
2.095910702383961421e+01 2.198852338201970014e+00
2.095327947216236453e+01 2.729144752206842384e+00
2.094316054784385983e+01 3.260057150522676750e+00
2.094029192180250476e+01 3.791104907577949490e+00
2.156609485057673226e+01 -4.150630776526080368e+00
2.154162354390780365e+01 -3.625541347495621736e+00
2.154919793713384024e+01 -3.080116286302079232e+00
2.152576713866354652e+01 -2.529984199112888632e+00
2.149997153925925630e+01 -2.035889979172132769e+00
2.153658077585633634e+01 -1.504249073874142084e+00
2.151177037129109237e+01 -9.867080936958245729e-01
2.150370160053885371e+01 -4.487765504513809844e-01
2.151254984590224950e+01 8.848574210997384171e-02
2.149607535632709698e+01 6.104250124413113099e-01
2.150371698753070149e+01 1.143546943105125280e+00
2.148765955073111655e+01 1.668887657800794955e+00
2.149423657195178805e+01 2.203264672606714214e+00
2.147824573878420296e+01 2.760520777642213375e+00
2.148568335757042291e+01 3.260936688195425148e+00
2.146789609279124278e+01 3.792971174821442304e+00
2.211719485865658896e+01 -4.145756877791628270e+00
2.209498818487306693e+01 -3.615387558962702030e+00
2.209397503563958054e+01 -3.087717727089110298e+00
2.207046758786595575e+01 -2.553086765463881136e+00
2.205552440393360314e+01 -2.034494619083169198e+00
2.206923177280556558e+01 -1.505464894860828906e+00
2.206592434413906290e+01 -9.599721947578991887e-01
2.205119833361374759e+01 -4.371289799095805506e-01
2.205951571425231350e+01 9.215796789605690265e-02
2.203278092531387244e+01 6.031387628835531700e-01
2.202015027164474503e+01 1.140048018058095636e+00
2.201836032377981667e+01 1.675948803931866848e+00
2.203980593427564827e+01 2.240223607796071548e+00
2.203737766977361900e+01 2.718671935858544941e+00
2.202274949842923490e+01 3.249854022756373695e+00
2.200766863075573809e+01 3.782472295757877134e+00
2.264843603065412481e+01 -4.148520264890610321e+00
2.262252109318796300e+01 -3.611751784796869202e+00
2.262195830082966808e+01 -3.079699979438565549e+00
2.260916752328512302e+01 -2.551385613891877568e+00
2.260886092952908655e+01 -2.030704665849516033e+00
2.261039475525365816e+01 -1.500574595819621493e+00
2.261731629650319064e+01 -9.674507837752059913e-01
2.258850904934701020e+01 -4.349590629693764754e-01
2.258803111095149774e+01 9.695601053451241569e-02
2.258354764414641380e+01 6.081296861100611295e-01
2.258920363375213469e+01 1.147016073877718867e+00
2.256420367023584106e+01 1.685444814476586117e+00
2.258053425410486881e+01 2.241023558664906545e+00
2.258140924714056297e+01 2.735906173828205112e+00
2.255115732872557999e+01 3.243966457816384263e+00
2.253869866091231700e+01 3.769958562919033085e+00
2.316907970794463978e+01 -4.156521675541608118e+00
2.317966968647198200e+01 -3.628736197146606557e+00
2.314445480743989236e+01 -3.098228449477069546e+00
2.315854225330643601e+01 -2.563854230754415653e+00
2.315964003219811929e+01 -2.046758751343535465e+00
2.314667417852304254e+01 -1.504974780907385679e+00
2.314487223585194187e+01 -9.783745683962230544e-01
2.316178222894754413e+01 -4.724786665102165273e-01
2.313863290285976149e+01 9.997988683933201060e-02
2.310745012284041167e+01 6.113448018821401320e-01
2.310168791506391273e+01 1.141612057123133184e+00
2.310322528365836092e+01 1.689758118574310686e+00
2.312144262480896373e+01 2.227487388970640581e+00
2.310567178907906793e+01 2.742498339413483421e+00
2.311398086774026694e+01 3.245622099925714821e+00
2.310557163952353932e+01 3.772656936044491260e+00
2.371529295850383079e+01 -4.152029234648644263e+00
2.369560121144665743e+01 -3.631009628704305214e+00
2.369320426584187800e+01 -3.085508186094697791e+00
2.371303509943462728e+01 -2.560743286758604853e+00
2.369790126609147052e+01 -2.032454210687475893e+00
2.367616666109515222e+01 -1.482860311120546726e+00
2.368728013462951765e+01 -9.536971852460780497e-01
2.367255958005466709e+01 -4.312381147598429720e-01
2.366140213023801664e+01 7.536666154795312877e-02
2.366909811059127833e+01 6.105108885763641524e-01
2.363987403482505556e+01 1.143331618045596798e+00
2.364183468898418283e+01 1.704823828236726513e+00
2.362267538601151529e+01 2.211944309152375610e+00
2.363484670120885767e+01 2.733197078705419614e+00
2.363238168463045952e+01 3.271509787640447087e+00
2.362191246328197991e+01 3.781007807354768602e+00
2.423655055710367634e+01 -4.167188003746270297e+00
2.424966109262959435e+01 -3.607668928375435513e+00
2.424009307853575734e+01 -3.096433135344918597e+00
2.423208110517300895e+01 -2.555955708278656147e+00
2.421695436603550888e+01 -2.019158456829419634e+00
2.421014864870333838e+01 -1.488654924535765645e+00
2.420743536732238255e+01 -9.662331075194217078e-01
2.420699313212509907e+01 -4.404092817855236319e-01
2.420093476850325942e+01 8.484787287232364861e-02
2.419114453958047761e+01 6.166458297822217105e-01
2.419861974298501650e+01 1.137880063396849550e+00
2.419497119031209564e+01 1.679114891691678935e+00
2.418025172230908737e+01 2.224363047306795238e+00
2.420260146720459460e+01 2.715156087616513503e+00
2.417747565943277976e+01 3.252161571239291504e+00
2.417852439093841355e+01 3.786131934551054457e+00
2.478918541982619672e+01 -4.152193522962383199e+00
2.478251335198540772e+01 -3.615914198595863382e+00
2.477688756103447787e+01 -3.088707890654387000e+00
2.477062846197635082e+01 -2.569691356496576873e+00
2.476377951041705217e+01 -2.016086738303933146e+00
2.475673395307945412e+01 -1.495017350028312819e+00
2.475188939832977297e+01 -9.760902552033527968e-01
2.472293690107829889e+01 -4.410471427089923679e-01
2.471894048275619582e+01 1.009210056009592904e-01
2.472208456041148139e+01 6.227597631866572669e-01
2.472631010872638058e+01 1.127247248393086210e+00
2.472946388568860954e+01 1.675916718000667771e+00
2.479101693919941596e+01 2.206199007744679363e+00
2.474682134905053488e+01 2.737154187744625489e+00
2.472699486002158409e+01 3.271722442577111423e+00
2.470218980517078933e+01 3.773925939094532112e+00
2.530360600233183277e+01 -4.149866857177764601e+00
2.530881345762040979e+01 -3.611258341830339447e+00
2.530653737489527799e+01 -3.084411803426226228e+00
2.529984397946650176e+01 -2.575642856762872412e+00
2.530165215658136191e+01 -2.020217111292765821e+00
2.528173010119351716e+01 -1.491052442257839061e+00
2.528752039228246673e+01 -9.726429336133222137e-01
2.529073151465630076e+01 -4.348446266402596905e-01
2.527924492681479052e+01 8.408814171952272432e-02
2.527864873614944230e+01 6.138624796633784797e-01
2.528655843700386896e+01 1.145837728795036981e+00
2.526695136036670419e+01 1.676804744236498834e+00
2.526659325086320962e+01 2.203898243760757936e+00
2.529842749697690607e+01 2.734749506110638606e+00
2.526014361318342338e+01 3.258559425368897422e+00
2.524057694407683528e+01 3.788601921082396018e+00
2.587450498410282762e+01 -4.147736503890183002e+00
2.583656126402385667e+01 -3.614537820874343055e+00
2.585557930956807127e+01 -3.086585822271390001e+00
2.583489071075565136e+01 -2.561873265930810106e+00
2.583167058419792994e+01 -2.025810121436393274e+00
2.581346059615879796e+01 -1.506306278475264548e+00
2.581182128717038893e+01 -9.670878226239629782e-01
2.582647891579614452e+01 -4.335347841874579444e-01
2.582825112759746844e+01 9.189814357216974372e-02
2.581879593663906292e+01 6.145460763405665716e-01
2.580993510297294335e+01 1.145547103932038624e+00
2.580912705124158890e+01 1.678168107890375182e+00
2.581990166966300393e+01 2.212393056478163089e+00
2.581367420740163965e+01 2.726341176800048061e+00
2.581576065306851575e+01 3.251830620703174191e+00
2.581883277308224223e+01 3.785204897551025738e+00
2.641076442605356078e+01 -4.141597999359614590e+00
2.636450764173174832e+01 -3.652245831869469939e+00
2.638371412521443204e+01 -3.081074175710098118e+00
2.636714503895030504e+01 -2.561341337232356352e+00
2.638087574203541408e+01 -2.032447016648500693e+00
2.639785855879322440e+01 -1.510300802208689674e+00
2.638865263363604186e+01 -9.583826276075981809e-01
2.636392130372037457e+01 -4.272466464782951334e-01
2.636800381159658002e+01 8.866129157296853691e-02
2.634042647673774695e+01 6.245396524797044435e-01
2.634481443337941187e+01 1.135554960723251128e+00
2.636450358119770954e+01 1.687552421111714551e+00
2.634974422784412695e+01 2.207142701482297298e+00
2.632610478965144551e+01 2.716247946169556116e+00
2.632097686220549093e+01 3.247061865799850011e+00
2.632584010929402751e+01 3.794359719746818627e+00
2.692083173722912903e+01 -4.145982725186769358e+00
2.692674416583952279e+01 -3.619749860616053638e+00
2.693389357844639420e+01 -3.097434088169006117e+00
2.692324723401674902e+01 -2.565225269570980515e+00
2.692518084329773131e+01 -2.021117099492254710e+00
2.692342488353408925e+01 -1.518376590796780334e+00
2.691650380443448398e+01 -9.794261666738570682e-01
2.692721458915281829e+01 -4.241265562243619058e-01
2.689832162734304433e+01 8.109855978583979663e-02
2.690552022655618458e+01 6.032765620977826870e-01
2.690883910373885612e+01 1.137274842562689514e+00
2.688996282590842668e+01 1.676258859650445743e+00
2.687152586933305543e+01 2.218678451276073105e+00
2.688334917836625948e+01 2.747728777749689044e+00
2.688696584002016721e+01 3.240054289851560299e+00
2.687280619686035976e+01 3.794015227803853918e+00
2.745474225871088692e+01 -4.155006815847006152e+00
2.746366511503546093e+01 -3.630701025786017055e+00
2.746649452518773415e+01 -3.094820623639320090e+00
2.745703237947649455e+01 -2.552686133856091999e+00
2.747254035898050262e+01 -2.014825917480081330e+00
2.745908688317368274e+01 -1.507765965556380650e+00
2.744705702276352355e+01 -9.678225070905526195e-01
2.745409326408391593e+01 -4.290361338954440384e-01
2.743771421472255412e+01 9.690249709080944740e-02
2.743627738212302347e+01 6.294202433046471867e-01
2.745811380400956381e+01 1.171060357172951427e+00
2.744134940812965340e+01 1.669675143204628398e+00
2.743574161794985855e+01 2.212238086788268276e+00
2.742864293434019629e+01 2.712179437956937278e+00
2.740871181346022212e+01 3.247917434135352721e+00
2.741135231737212763e+01 3.809376230059097423e+00
2.799808954829681085e+01 -4.134124202062618991e+00
2.798413084134031692e+01 -3.629333537140288612e+00
2.797499190045214590e+01 -3.103966775207055662e+00
2.799994880673151698e+01 -2.560279931872340597e+00
2.798170667496080455e+01 -2.025326942938004748e+00
2.801231194854413076e+01 -1.500674920948842583e+00
2.799255433422599282e+01 -9.707792491042646077e-01
2.798266365484345641e+01 -4.434503504306377408e-01
2.798288493326236903e+01 8.722173961942658593e-02
2.797980541317889447e+01 6.241381200412838837e-01
2.798557830003295521e+01 1.160797657446121178e+00
2.796425917502592284e+01 1.682288733968100303e+00
2.795008563427768422e+01 2.220654788687571823e+00
2.795973754623023666e+01 2.745577435975150138e+00
2.795504761224232482e+01 3.270800413706805188e+00
2.794491579747498378e+01 3.795396346842981217e+00
2.853133267121339145e+01 -4.139797316770806646e+00
2.855454954770827669e+01 -3.635665088302019399e+00
2.854728741555250338e+01 -3.080285621614253344e+00
2.853436487307150315e+01 -2.545893803264245747e+00
2.852593143510341633e+01 -2.027452691371749438e+00
2.853881879631919105e+01 -1.485878754573949578e+00
2.852310730514329151e+01 -9.621741352520025714e-01
2.851281438061013063e+01 -4.399472846290350958e-01
2.851563423635543870e+01 9.511009161345995722e-02
2.852163768402963484e+01 6.487819526077878152e-01
2.851832673885490976e+01 1.159045228544894002e+00
2.850773681358690936e+01 1.666294335605726928e+00
2.849794083917384313e+01 2.198388676802071728e+00
2.851614767427584241e+01 2.734096604190973778e+00
2.851248818069664992e+01 3.275957809199532278e+00
2.849545399963043479e+01 3.823445527006537503e+00
