1.004431560276985991e+01 -4.139853996883221754e+00
1.002984465906624223e+01 -3.625641234877823749e+00
9.986836587122208897e+00 -2.626118116353300280e+00
9.974838448424623749e+00 -2.063576929487993539e+00
9.998808956660138136e+00 -1.571816444493123299e+00
9.967214244043361759e+00 -1.048316851606198696e+00
9.948620670843233427e+00 -5.454614901153682638e-01
9.891678775167221715e+00 5.236053953457364685e-01
9.888860321156233368e+00 1.042457454518544324e+00
9.878221650313161462e+00 1.584859028132413528e+00
9.913145955057224512e+00 2.083535682400004418e+00
9.891091436901373157e+00 2.611933612755311884e+00
9.847124091680079516e+00 3.138916352083121808e+00
9.854162968691404956e+00 3.674905853806844647e+00
1.064160520594888482e+01 -4.140427114749066106e+00
1.058634816730073780e+01 -3.658005041430078208e+00
1.058675068423681864e+01 -3.111828899863143150e+00
1.054677301171795278e+01 -2.070359675843789660e+00
1.051762007927443676e+01 -1.546257604524697626e+00
1.050929934363863794e+01 -1.045131748926227289e+00
1.047122755221354495e+01 -5.192857094756959668e-01
1.048274937770414894e+01 -2.385352390380290899e-03
1.047247099251562830e+01 5.507642317592811310e-01
1.046014158051526266e+01 1.567034411442314479e+00
1.046176043298725489e+01 2.088962910025113473e+00
1.044606395024550949e+01 2.608363771717314705e+00
1.042365305647436813e+01 3.156769522287785179e+00
1.040821753841592212e+01 3.657434862572905843e+00
1.115133121879616596e+01 -4.136367906070020695e+00
1.117429067132218279e+01 -3.650315447101847965e+00
1.112284006983840001e+01 -3.096469525807131973e+00
1.112628729870465705e+01 -2.588166529875024935e+00
1.109237082501596205e+01 -2.082689659970831997e+00
1.108661622628994792e+01 -1.568820135196375531e+00
1.105754556602042271e+01 -1.041058468162695760e+00
1.106333626902669209e+01 -5.196342415756873834e-01
1.104500594998787832e+01 -3.632184289521944720e-03
1.103103556402778196e+01 5.159927582371643950e-01
1.102241691549493297e+01 1.042501309544821453e+00
1.100479248124915799e+01 1.583055140198585065e+00
1.100565840222054703e+01 2.104601009386207977e+00
1.098587667348862595e+01 2.618945207565605671e+00
1.099389074784469855e+01 3.150069986994381566e+00
1.095947405629662796e+01 3.671481365900667981e+00
1.170837834364304442e+01 -4.128335320941848963e+00
1.171843139776466458e+01 -3.621241736647073495e+00
1.168490498996015603e+01 -3.107571673328370920e+00
1.169420784506855071e+01 -2.580053446994366340e+00
1.167585454266496114e+01 -2.064351772467716728e+00
1.165898420029915883e+01 -1.560244655987670370e+00
1.163876123784393357e+01 -4.977389760409138830e-01
1.162462894137758695e+01 1.079473529870256243e-02
1.163432680935790486e+01 5.448495828749990721e-01
1.161614663666638236e+01 1.014049847233671642e+00
1.155267396301205451e+01 1.604066931703993504e+00
1.155441068504364921e+01 2.100255414596169601e+00
1.154046671433729188e+01 2.629004253130656110e+00
1.153567956873927258e+01 3.148283241878111482e+00
1.155415585469204487e+01 3.672060869984402842e+00
1.229389429265488332e+01 -4.145403916422106150e+00
1.229177069111375431e+01 -3.596410832025458859e+00
1.226977730771074704e+01 -3.028897527893713360e+00
1.226173158431074484e+01 -2.573415426110042148e+00
1.221865390601690393e+01 -2.052531704410075264e+00
1.221923851404349648e+01 -1.573279333871951735e+00
1.220624573063515683e+01 -1.025569131869620065e+00
1.217248614773478010e+01 -5.027079702208219203e-01
1.217118654003715505e+01 5.238811663964426657e-02
1.216733477533773211e+01 5.553874692466855834e-01
1.214373828268682942e+01 1.073364401648159827e+00
1.211103218915930668e+01 1.568069899807102985e+00
1.210730970484575053e+01 2.117208783646006509e+00
1.210175313613683556e+01 2.639170755382394873e+00
1.211538656942223113e+01 3.137892512346130758e+00
1.210846879193629988e+01 3.664442553851419149e+00
1.284393930548150919e+01 -4.168261487233435147e+00
1.262453164849430109e+01 -3.828039361732491486e+00
1.284712640208697110e+01 -3.123232962022534309e+00
1.282495937780149475e+01 -2.579107930365978518e+00
1.278512319998986868e+01 -2.059781851122867380e+00
1.277694568111129669e+01 -1.561601387435057831e+00
1.276122381700177399e+01 -1.029131338702196530e+00
1.274403876206618236e+01 -5.106711088201016935e-01
1.269205937230544379e+01 3.442978552356024124e-02
1.272868223217131245e+01 5.700409332145568442e-01
1.273945609366342424e+01 1.082909275648319181e+00
1.267863111550942889e+01 1.534230852387032940e+00
1.264696445845469341e+01 2.110783650217932461e+00
1.267793231283415167e+01 2.664631133847660038e+00
1.270115882897028925e+01 3.155353619992620651e+00
1.269596248714435305e+01 3.699837067541324132e+00
1.344198001783733432e+01 -4.149133781010323929e+00
1.341055934793590154e+01 -3.632160038582989969e+00
1.340900882017335149e+01 -3.102025158953841455e+00
1.338326027268250940e+01 -2.579661779499041074e+00
1.337253969868599057e+01 -2.048235509726303860e+00
1.333779570420158578e+01 -1.511869688720214100e+00
1.334076931224516116e+01 -9.921941568626486685e-01
1.334751825455927232e+01 -4.684840433100632140e-01
1.331102229993274477e+01 3.983245101627375107e-02
1.330667171082269107e+01 5.630785287193340594e-01
1.326425722023127918e+01 1.051495161069841089e+00
1.329156359734396631e+01 1.586645281497329307e+00
1.324524828289427703e+01 2.089433228297817635e+00
1.325628899966795515e+01 3.172795219504092046e+00
1.324848414641116179e+01 3.699100968877974793e+00
1.404090059197828211e+01 -4.130396981474966367e+00
1.399388553398117807e+01 -3.601203200567100637e+00
1.396888663929802732e+01 -3.108676849539142140e+00
1.392344345364586999e+01 -2.580461517142101258e+00
1.391778957276314799e+01 -2.056746992556071518e+00
1.392481443402419572e+01 -1.494769389766023693e+00
1.389988762585744198e+01 -9.837463091647968838e-01
1.387704392330468295e+01 -4.656298802978788842e-01
1.384740924302322540e+01 3.619192116950031846e-02
1.384686388547848779e+01 5.494196580153776210e-01
1.384416792489576054e+01 1.070181229799253231e+00
1.379891025462056220e+01 1.567870129039160787e+00
1.380177596473553692e+01 2.111716454237996032e+00
1.384632610207517089e+01 2.653233807226623497e+00
1.379012217770934967e+01 3.170281754681788300e+00
1.382635650443778985e+01 3.722169391851331000e+00
1.461981775855015897e+01 -4.142551555325296064e+00
1.456079236993987180e+01 -3.615390895340523159e+00
1.459929544202469032e+01 -3.115635985517194229e+00
1.450735570116320261e+01 -2.573147159161983666e+00
1.447764586552965937e+01 -2.013029691177958824e+00
1.447231647801455878e+01 -1.514078332426869622e+00
1.444877584032814255e+01 -1.007061562440647151e+00
1.442338573892629583e+01 -4.541976628735753252e-01
1.443229445326609905e+01 3.571356437092987335e-02
1.440072210271340936e+01 5.469114380013166965e-01
1.438912409263565095e+01 1.069886068172124283e+00
1.437955113037789090e+01 1.598754876274824710e+00
1.437602377089665495e+01 2.155264438244994807e+00
1.435709366662897679e+01 2.640540218796676442e+00
1.432631013744785520e+01 3.692450391030401846e+00
1.516911178360520651e+01 -4.153549215443206322e+00
1.512288962914590229e+01 -3.637069101893761314e+00
1.508946996179922095e+01 -3.116293690063235644e+00
1.507501742635452047e+01 -2.565168086564334260e+00
1.505109688355060626e+01 -2.052414153205813108e+00
1.504108721571790142e+01 -1.541158568203425006e+00
1.504796592081484619e+01 -9.843960751687994559e-01
1.497831019577402500e+01 -4.552476650164614114e-01
1.495476884107389282e+01 4.042560934425054597e-02
1.498684136759523611e+01 5.620661006734444243e-01
1.496126259231659716e+01 1.079705108722830431e+00
1.496516547510852746e+01 1.590682289623888579e+00
1.493722796698181909e+01 2.134100552162170317e+00
1.490793674470668861e+01 2.642965796391194999e+00
1.486507054900375735e+01 3.183681284171278492e+00
1.493306706558001196e+01 3.695966256604936717e+00
1.571450970608875863e+01 -4.143071898409621312e+00
1.567036296118225280e+01 -3.600366642441411358e+00
1.563079833434277077e+01 -3.077867308439236282e+00
1.564109556250310007e+01 -2.554570745991838976e+00
1.562542313474047262e+01 -2.020566632607007307e+00
1.559142079988268037e+01 -1.519746548993431645e+00
1.555922722241161438e+01 -9.953710727760309851e-01
1.555495332445076784e+01 -4.737242645849057965e-01
1.552931226204184156e+01 4.761654551484539866e-02
1.551830683815802203e+01 5.778783987312685611e-01
1.550080460887250666e+01 1.101566031928125966e+00
1.558225915410166706e+01 1.644457264946034059e+00
1.552334471857744447e+01 2.117022190854285668e+00
1.547380529905220925e+01 2.651214381183446989e+00
1.545325647556945725e+01 3.180085669982560148e+00
1.546074910440959016e+01 3.747007456014646465e+00
1.623379480030471811e+01 -4.103758408530181256e+00
1.620946191513002788e+01 -3.579966059777650145e+00
1.619170759012182614e+01 -3.053875650103057282e+00
1.618499349806035426e+01 -2.549681032471053044e+00
1.616410617494383217e+01 -2.021359611419441649e+00
1.615386484556632141e+01 -1.521407957648346354e+00
1.611743806765338149e+01 -9.747296730087704475e-01
1.611102422640301768e+01 -4.507202909978254013e-01
1.607900543859009801e+01 6.713176367506790143e-02
1.607618243986648565e+01 5.832363888037122024e-01
1.605948270254699395e+01 1.091448278004335748e+00
1.609453316432395908e+01 1.635013548154340413e+00
1.603525513030458782e+01 2.130460894828715368e+00
1.602763825240527495e+01 2.676428659801370458e+00
1.600178519545395872e+01 3.203278298943036617e+00
1.604348829541112664e+01 3.717641814671466705e+00
1.678505502353313616e+01 -4.095260927487693436e+00
1.675856433138171653e+01 -3.577010203713159697e+00
1.674591577474778958e+01 -3.045078503949014248e+00
1.672990361329392783e+01 -2.529080616747698684e+00
1.672964811228053961e+01 -2.015568882548016916e+00
1.668392709830845533e+01 -1.521317160364098697e+00
1.668800590758843327e+01 -9.769917168339645741e-01
1.670064918387771158e+01 -4.583652647488705156e-01
1.665724763368574202e+01 6.807267879516842868e-02
1.661655306712863123e+01 5.576251442256889845e-01
1.661876771845279421e+01 1.106671706477307282e+00
1.663087765044341637e+01 1.626347305844216606e+00
1.660853857571330039e+01 2.154974587122801211e+00
1.658387719572832708e+01 2.695385461148880779e+00
1.659084619446212727e+01 3.199094846056862451e+00
1.658046035956179054e+01 3.729634351459665709e+00
1.736041867593913679e+01 -4.094893144480517222e+00
1.732891490504137266e+01 -3.578025109175236196e+00
1.731109340639170213e+01 -3.036210333511711212e+00
1.730536279517741960e+01 -2.558368302339399492e+00
1.727119121538025226e+01 -2.040270056576446223e+00
1.722068197759741537e+01 -1.498861531167843708e+00
1.722730518136773981e+01 -9.797753828939086418e-01
1.722711215367895576e+01 -4.523629057285312172e-01
1.721065176300119504e+01 7.701212203730634087e-02
1.721793608608915704e+01 5.897608373287575034e-01
1.718635891326992748e+01 1.124374093001765829e+00
1.715789919660118201e+01 1.611963029735175468e+00
1.716151297629087225e+01 2.158013145917909270e+00
1.714853181223133305e+01 2.680643607336754997e+00
1.714749770562079334e+01 3.221482733504444695e+00
1.713793586099030719e+01 3.748304724192582427e+00
1.789086082122795673e+01 -4.077075489810543019e+00
1.786757807078449289e+01 -3.573639107168855134e+00
1.787341664820137410e+01 -3.052332241339090757e+00
1.785448707995026751e+01 -2.517560831739817928e+00
1.781890775447076436e+01 -2.037161137366950925e+00
1.780928600424622843e+01 -1.473565027045665943e+00
1.778856645373987533e+01 -9.718557940524448213e-01
1.773960084319277186e+01 -4.524971354811349045e-01
1.774154582122919521e+01 7.811928292888836722e-02
1.774730989473879106e+01 5.866132748466768021e-01
1.773701268661069363e+01 1.124999541809362569e+00
1.770296304926997166e+01 1.627311276051880640e+00
1.769676690540510222e+01 2.148340938632518515e+00
1.770489859365922314e+01 2.687931597509422232e+00
1.767374808786745888e+01 3.213133613299724800e+00
1.772219934713677603e+01 3.703309357004506808e+00
1.842654715303316237e+01 -4.097245023565374566e+00
1.841952152039068125e+01 -3.589324093949640471e+00
1.841840491956472903e+01 -3.043990730787447418e+00
1.839786926424636704e+01 -2.547490546941272527e+00
1.838353814318626434e+01 -2.028462213842786355e+00
1.837755448600954367e+01 -1.493184442368992393e+00
1.834678117941122011e+01 -9.777530881006413210e-01
1.834359164264460418e+01 -4.541028934166426723e-01
1.830123411530698263e+01 7.157435707762616062e-02
1.828496738996423332e+01 6.054911178120399029e-01
1.827687507043816595e+01 1.129789727653463416e+00
1.827215810712833033e+01 1.642299503477971712e+00
1.826260984942010523e+01 2.174451445106576841e+00
1.825743945569805149e+01 2.655995567821140213e+00
1.829571843280847787e+01 3.100182320089402310e+00
1.826713656965759469e+01 3.693638893762646092e+00
1.901128964055029158e+01 -4.101048995190495816e+00
1.898356954737739244e+01 -3.587580557595591912e+00
1.897587072070421499e+01 -3.064531108725324415e+00
1.893328964305726103e+01 -2.554882551780693234e+00
1.891121700653723181e+01 -2.035887811169860839e+00
1.891451504108898618e+01 -1.494480160105936761e+00
1.892043564076645978e+01 -9.749945586072072956e-01
1.889220623224565188e+01 -4.448674255961933000e-01
1.887254201644441309e+01 5.935190092201025891e-02
1.887202026601706351e+01 6.013784161477317980e-01
1.884455093004887516e+01 1.112414688578539312e+00
1.881817624431111113e+01 1.648953346235476403e+00
1.880802191087591879e+01 2.162376660638827275e+00
1.883962576425563284e+01 2.686386368449429796e+00
1.883176728250747090e+01 3.224491071982956925e+00
1.881248333713994825e+01 3.710875304482232906e+00
1.951748472209845175e+01 -4.109704735322546654e+00
1.954697974659579174e+01 -3.597852985045786767e+00
1.953910797498521745e+01 -3.075209698478891696e+00
1.953374710366650646e+01 -2.548001282591211947e+00
1.947562969453154480e+01 -2.041742409493199517e+00
1.947564857457053833e+01 -1.485315271732549292e+00
1.946412976259186678e+01 -9.718573281277613773e-01
1.943275826072387247e+01 -4.492515476966012500e-01
1.943164680172089831e+01 7.954081929835155051e-02
1.942206775051037937e+01 5.973658993235844150e-01
1.941285958369416775e+01 1.113630850290309837e+00
1.939207875000398928e+01 1.615573194656526823e+00
1.939156760714846683e+01 2.177662956080734347e+00
1.936049506986246982e+01 2.667240732484312815e+00
1.936401663719434296e+01 3.218922047262772423e+00
1.934971519399813289e+01 3.695261130898000346e+00
2.010393553312729154e+01 -4.114809411564351649e+00
2.008593872687493587e+01 -3.588137921194293867e+00
2.006774633778835693e+01 -3.069824669136288264e+00
2.005174525464476432e+01 -2.551625773087558002e+00
2.003717654794490954e+01 -1.994895075157575803e+00
2.002840721861824136e+01 -1.480951552772467039e+00
2.001913077027429466e+01 -9.614154338511227138e-01
2.001016331524339620e+01 -4.365273058629526304e-01
2.000306812258336464e+01 9.387427274924320386e-02
1.997765248062592036e+01 6.056698030026694823e-01
1.996283033518480821e+01 1.121761524112962150e+00
1.996559687173269637e+01 1.632341324652632153e+00
1.996075083877944678e+01 2.160711006310862103e+00
1.992633874720081266e+01 2.682205933785947849e+00
1.993551224082819928e+01 3.232426916279379725e+00
1.992697491519184183e+01 3.733361651828698058e+00
2.067034194257752944e+01 -4.116726943226399982e+00
2.061775177894177347e+01 -3.580457421232118520e+00
2.062346642205662306e+01 -3.047909528869841012e+00
2.064011518613332186e+01 -2.532057086361685805e+00
2.058671742092846557e+01 -2.045905908410325935e+00
2.055319697220795661e+01 -1.522599341001019013e+00
2.056189172414205757e+01 -9.662419872554792732e-01
2.054034575256761741e+01 -4.435194990941297988e-01
2.054892554153241235e+01 9.339684480437426828e-02
2.051893400857455418e+01 6.203554656367060716e-01
2.053696051276569534e+01 1.156906187364192817e+00
2.052700277932775208e+01 1.645078924229302686e+00
2.051797996736908658e+01 2.176884149165452698e+00
2.050579557123969465e+01 2.705895866353511536e+00
2.048902750530116634e+01 3.224568938555076869e+00
2.047558240289499309e+01 3.750754911981655226e+00
2.121723711463239681e+01 -4.116130688533916171e+00
2.117347905755151771e+01 -3.578366550743435681e+00
2.118023479446579671e+01 -3.061449922322728057e+00
2.115786909454507736e+01 -2.520547796038176358e+00
2.113070605155283488e+01 -2.014191478143253278e+00
2.113487535539076845e+01 -1.489524373436751148e+00
2.110482692434309371e+01 -9.901921561878772593e-01
2.108786004041047590e+01 -4.575139584064089604e-01
2.108706125293895894e+01 8.579379428527644791e-02
2.108189179025604432e+01 6.017309260991900999e-01
2.108568751430238564e+01 1.129016165914997316e+00
2.106241672119218578e+01 1.645800595535632738e+00
2.106207361408358736e+01 2.180952351437703385e+00
2.105287893869829219e+01 2.721601226531625173e+00
2.104063063238479003e+01 3.212094449893886150e+00
2.103212500912738392e+01 3.753220863421407927e+00
2.177447876195235210e+01 -4.105976307642249523e+00
2.174927712572156224e+01 -3.576609416401122843e+00
2.173240439521056544e+01 -3.059403582999234317e+00
2.169606872331664960e+01 -2.527089150201845769e+00
2.168344197132923767e+01 -2.009755857948160696e+00
2.168814359481435616e+01 -1.482738061072918612e+00
2.168261805673013498e+01 -9.586286414597964267e-01
2.166095809539921646e+01 -4.443813478413609630e-01
2.165625786224310900e+01 7.845427941579430353e-02
2.162739580335461653e+01 5.875226169733274162e-01
2.161705166506812503e+01 1.123956802817442480e+00
2.161168911921586755e+01 1.660138067419108410e+00
2.161987514338993321e+01 2.224947729471359992e+00
2.161251721823157368e+01 2.658956769429853040e+00
2.160575141634809171e+01 3.198760623279721216e+00
2.157532256161662332e+01 3.740636032330563410e+00
2.231626871264823819e+01 -4.111537762785030026e+00
2.227319530076787402e+01 -3.572073300510187011e+00
2.227248049896944337e+01 -3.031902558142881787e+00
2.226638869157772405e+01 -2.533998096052986426e+00
2.223678412892044065e+01 -2.016405386634076535e+00
2.222345463635505780e+01 -1.490425016742726427e+00
2.224055420000844663e+01 -9.609442332279982679e-01
2.219335841531524522e+01 -4.322312457697030652e-01
2.219305243782527270e+01 9.259736334211154940e-02
2.218996559811254343e+01 5.953839596976528981e-01
2.218582098124462476e+01 1.138166616005566567e+00
2.216567432344023558e+01 1.671850380225741617e+00
2.217481703815832361e+01 2.223697650017978589e+00
2.216396427604058772e+01 2.681550804296890078e+00
2.214821043821836355e+01 3.213620971284512962e+00
2.213257552933799133e+01 3.747859458793769249e+00
2.285009220052386780e+01 -4.110872531600264779e+00
2.286866178852947940e+01 -3.591036047386332086e+00
2.279870305508191564e+01 -3.067663530411172346e+00
2.281751797439544305e+01 -2.533305248623552330e+00
2.281649682406300172e+01 -1.999442425260777867e+00
2.278657221371044983e+01 -1.493819355579187658e+00
2.276897425672638064e+01 -9.647009318914392395e-01
2.277579220710326524e+01 -4.415203597032011373e-01
2.275005569843817455e+01 1.001159877615265259e-01
2.273176271433325724e+01 6.035085134121409567e-01
2.271779396679787055e+01 1.133386425439230294e+00
2.272343927491274229e+01 1.661788383704209338e+00
2.273301760901808422e+01 2.213685551938439744e+00
2.270799419031200017e+01 2.733835015431381521e+00
2.271047520302678180e+01 3.227494147666494229e+00
2.270049860578664891e+01 3.747044521043189746e+00
2.341004561724767541e+01 -4.107036293949702710e+00
2.339496481286584384e+01 -3.574996678381641146e+00
2.335666749534830444e+01 -3.035586914664094138e+00
2.338502243961981719e+01 -2.520802488702912569e+00
2.335293316019370025e+01 -2.005675082136395559e+00
2.331419857911089366e+01 -1.463783883502888017e+00
2.330286707049844352e+01 -9.359021069665693915e-01
2.331069447387140059e+01 -4.159814690130900772e-01
2.328974892889212356e+01 8.229043983638817394e-02
2.328749615007558305e+01 6.080540632974518189e-01
2.326259333598493839e+01 1.131023862668666169e+00
2.326236245254676049e+01 1.693499421937374905e+00
2.324142641493338601e+01 2.204974327720623961e+00
2.324122086555509981e+01 2.721345837450890315e+00
2.324780998018543698e+01 3.255718263218643216e+00
2.323426033791918144e+01 3.744304695105231673e+00
2.391690641148527874e+01 -4.132027572880206279e+00
2.393661764412863846e+01 -3.557288550813197503e+00
2.392226346738316778e+01 -3.056925895264136273e+00
2.390096477948469555e+01 -2.496919297573988672e+00
2.387940611441639049e+01 -1.997105257968900816e+00
2.387575687793410140e+01 -1.470405157940774643e+00
2.385126694761465416e+01 -9.509646683390791111e-01
2.384624114093828240e+01 -4.259840978376487897e-01
2.383599251830889187e+01 9.005580550878278245e-02
2.382286023423944954e+01 6.087320947085821388e-01
2.382686637222081316e+01 1.131627467756530336e+00
2.381575877640362648e+01 1.681750859071499349e+00
2.379292304744905096e+01 2.222126370750377333e+00
2.383907329040484768e+01 2.691440713186217693e+00
2.378937152268159139e+01 3.240272020433764055e+00
2.380581102260354953e+01 3.754725287491311292e+00
2.449498204527727552e+01 -4.100063454363828797e+00
2.447777023280806930e+01 -3.550672398746627323e+00
2.446319545942010620e+01 -3.064527289182652936e+00
2.443610033169152018e+01 -2.526318481915172498e+00
2.442413162731962473e+01 -1.981067254376490894e+00
2.442139888616112842e+01 -1.471569911639328154e+00
2.440475648518486196e+01 -9.504193409185397456e-01
2.435828140078382376e+01 -4.155251852824477510e-01
2.437173764043311053e+01 1.238141105202466008e-01
2.438057594543821693e+01 6.279423959540295641e-01
2.436605658210734759e+01 1.118218038139531245e+00
2.436985176587899815e+01 1.666789014504917787e+00
2.443669061869991310e+01 2.191070389306489119e+00
2.437760252628581981e+01 2.729740950094914353e+00
2.435241359876123823e+01 3.259739401331849251e+00
2.433805575410376321e+01 3.760047263235669845e+00
2.500910428286821485e+01 -4.111075579418013604e+00
2.501956258585905601e+01 -3.563203102349003615e+00
2.501517811872069785e+01 -3.045663141606025803e+00
2.498836682327812753e+01 -2.523772223769825018e+00
2.497624945612828640e+01 -1.986546965671507792e+00
2.495997402637221541e+01 -1.461972835635613421e+00
2.496217984051326511e+01 -9.392321314491631767e-01
2.494160459527720519e+01 -4.023226891509317227e-01
2.494758596248025384e+01 1.063730935954971812e-01
2.494122930218991030e+01 6.205511474374105774e-01
2.493761183346032340e+01 1.149952998659102832e+00
2.492588555184196508e+01 1.678755429739457128e+00
2.491337953268946848e+01 2.210423011968558171e+00
2.495205069121328734e+01 2.724867213945632471e+00
2.490585114687339541e+01 3.225548159831728157e+00
2.489606076904057375e+01 3.756283625819801131e+00
2.560183247441132437e+01 -4.101039364069285043e+00
2.555575894482788613e+01 -3.561806922198748282e+00
2.557389071361095745e+01 -3.036107844743430206e+00
2.553953099937519511e+01 -2.524083386293721532e+00
2.553935815133495879e+01 -1.989484579609307247e+00
2.550151946666642999e+01 -1.466193604268113404e+00
2.548950247150149551e+01 -9.427002598188032323e-01
2.550965050828811798e+01 -4.204847054576603682e-01
2.550326267451198703e+01 1.088607584758385372e-01
2.548295133086276820e+01 6.281460215162226746e-01
2.546483902060132465e+01 1.152802065101120377e+00
2.547749903620729839e+01 1.677932457841965430e+00
2.548290954246195383e+01 2.222705772880981812e+00
2.547264193996593917e+01 2.722549930959925035e+00
2.546592853789786659e+01 3.223043893973418506e+00
2.546087197073811836e+01 3.771113053726093511e+00
2.614590562355911629e+01 -4.081853149537236547e+00
2.591685276582987285e+01 -3.573363998902026495e+00
2.610428597988155985e+01 -3.034692237168847839e+00
2.606660300353335202e+01 -2.515237099014704825e+00
2.609338312011073668e+01 -2.002405522563236673e+00
2.610948488396836353e+01 -1.477807721023093990e+00
2.608829459437708920e+01 -9.283138545780005302e-01
2.606143648392016132e+01 -3.852490505235124374e-01
2.605650351528680631e+01 1.085034090903285176e-01
2.602735568828222057e+01 6.332302835993104395e-01
2.602186705417213375e+01 1.148630636814814920e+00
2.600771821077501755e+01 1.692705840988917743e+00
2.600922031628106623e+01 2.215916304987214147e+00
2.600378465912110215e+01 2.718938416937980662e+00
2.599920836598225549e+01 3.214487364883030551e+00
2.598290460114053957e+01 3.772477517204858799e+00
2.665679410706155039e+01 -4.106485220374612055e+00
2.666532521713003945e+01 -3.576530573661852230e+00
2.668277703262746314e+01 -3.046044090488676304e+00
2.662364042679843834e+01 -2.522234441792548409e+00
2.664500496047544686e+01 -1.984336438217951581e+00
2.663668409371813084e+01 -1.475174796269413946e+00
2.662493516645164249e+01 -9.498131750863905154e-01
2.664375680571055227e+01 -3.893491403983055932e-01
2.660389023107697426e+01 1.037357990367127059e-01
2.659874541638531298e+01 6.216209752656318699e-01
2.659891036453458213e+01 1.152308163634135241e+00
2.658120297868656934e+01 1.692286474795253071e+00
2.656490498410076384e+01 2.227974855084202233e+00
2.655335852910064176e+01 2.736882361649769280e+00
2.660947437190500153e+01 3.181970808350623514e+00
2.656087670927229993e+01 3.765823002747897164e+00
2.718881924509703651e+01 -4.095631243557059875e+00
2.720591994278905901e+01 -3.574850208645322880e+00
2.720945094895265726e+01 -3.035633854091422279e+00
2.719310442674926520e+01 -2.502057409707056479e+00
2.721391756586092470e+01 -1.971115286261984068e+00
2.719331835835284039e+01 -1.469837714546038399e+00
2.717784694916261401e+01 -9.398588094978954643e-01
2.717839785116323981e+01 -4.025472012752011608e-01
2.715796927068154787e+01 1.164143034768372331e-01
2.713852621476147675e+01 6.500016410858329152e-01
2.716031758603207891e+01 1.217136688016093871e+00
2.715108163843142108e+01 1.666816106311454604e+00
2.715555194472874234e+01 2.207860139121383014e+00
2.713765151821646526e+01 2.693312832200987827e+00
2.709329151900931265e+01 3.231330908229352872e+00
2.711219479446661751e+01 3.788736633788250430e+00
2.774763321066200206e+01 -4.086681197375529706e+00
2.772616344663371279e+01 -3.584199715124764651e+00
2.770362215305146947e+01 -3.055705503803885392e+00
2.774872586475796510e+01 -2.519123770191701084e+00
2.772835814470784044e+01 -1.961762935250163764e+00
2.774813735989405217e+01 -1.472844186597946248e+00
2.771739443781682866e+01 -9.315712889390752593e-01
2.770445006538945876e+01 -3.973963868448961989e-01
2.771787821515525962e+01 1.102012759410904152e-01
2.770899902352432065e+01 6.335454819581869401e-01
2.770106905185006241e+01 1.180062214109110386e+00
2.766273490495881759e+01 1.683177359876161461e+00
2.766999324371355584e+01 2.217394100319832972e+00
2.767239214559925387e+01 2.732632379809377454e+00
2.764965491284564791e+01 3.250821626675342912e+00
2.764020694283144053e+01 3.780042670096513291e+00
2.828533598930737725e+01 -4.080613699450065468e+00
2.832023981212087449e+01 -3.587759863015682171e+00
2.830342143503949615e+01 -3.053146945903625564e+00
2.828246334488009950e+01 -2.507052059608966488e+00
2.828781273955916475e+01 -1.992631091923687592e+00
2.828137349634616982e+01 -1.438708241193477733e+00
2.827411620410229176e+01 -9.315413652608164341e-01
2.825075711976345616e+01 -4.189162117265219365e-01
2.824465652115954839e+01 1.141096811282302781e-01
2.824770187424824286e+01 6.713703684181595577e-01
2.825588373821832278e+01 1.193623417681589416e+00
2.823864082022863897e+01 1.671288330854039827e+00
2.822617148273833010e+01 2.203737864764455878e+00
2.823260751720564343e+01 2.742904742964871190e+00
2.823173352755953402e+01 3.272155295337647374e+00
2.820737820492713865e+01 3.810579686419011125e+00
