1.033221388983403344e+01 -4.128320401415452423e+00
1.031628056792955661e+01 -3.606472267091549000e+00
1.027350916168938610e+01 -2.607859708268666310e+00
1.027134371509967181e+01 -2.053393792569835341e+00
1.028941919551223805e+01 -1.552793486126081035e+00
1.026737687460406789e+01 -1.033380207629534198e+00
1.024536204995290589e+01 -5.305890191621749352e-01
1.019225801325228886e+01 5.460392373856954862e-01
1.021327982104453014e+01 1.083048257773114642e+00
1.019937091290712061e+01 1.601250459259080827e+00
1.021819069816035253e+01 2.103260624752664398e+00
1.019262497834191450e+01 2.641641596340608800e+00
1.015713440100753928e+01 3.160167021434578061e+00
1.016453858956704792e+01 3.694088077927148106e+00
1.090489964157464442e+01 -4.137250427854661794e+00
1.086249541328851720e+01 -3.659081670954861920e+00
1.086438756030291941e+01 -3.109755640323928816e+00
1.083462816605965529e+01 -2.058053415203911385e+00
1.080672780225740937e+01 -1.538180011692912075e+00
1.079707507080744833e+01 -1.028808408786158424e+00
1.075908356704671931e+01 -5.011389874682379286e-01
1.077164464252734888e+01 1.176140770084899145e-02
1.076532768658229955e+01 5.713990663023231775e-01
1.075487053894129374e+01 1.592754837132915213e+00
1.074821137977298235e+01 2.121675142366605371e+00
1.074421003419371345e+01 2.635203088185829046e+00
1.072250288856215406e+01 3.184200090351954060e+00
1.069784524578887286e+01 3.685935968200002577e+00
1.141867186389594124e+01 -4.131472286626321377e+00
1.144580254482345438e+01 -3.638587580339343930e+00
1.139714236498167921e+01 -3.088649757772961024e+00
1.140310000144928892e+01 -2.577390859547694646e+00
1.137507683008929149e+01 -2.071593223066411582e+00
1.136529972742836847e+01 -1.556776809748928514e+00
1.134496104391614324e+01 -1.019939544718695856e+00
1.135270420639422895e+01 -5.018412231887090513e-01
1.132715159725002962e+01 1.319984074171998145e-02
1.132448744070768143e+01 5.311277739532549447e-01
1.131023469977168006e+01 1.057492328908505641e+00
1.129164105165387610e+01 1.608443381090175706e+00
1.129163452366618614e+01 2.130044044107304302e+00
1.127690508652467116e+01 2.640541665305200070e+00
1.128396906952527345e+01 3.179157523638867389e+00
1.125278883710695155e+01 3.698550958909677888e+00
1.196714219792247036e+01 -4.126569952851159684e+00
1.198287015007732492e+01 -3.615629396209735447e+00
1.195356418552150046e+01 -3.099279452353895792e+00
1.196311180734543100e+01 -2.570480635316865659e+00
1.194837844208377930e+01 -2.050241999247990776e+00
1.192645962654948377e+01 -1.542549292265885441e+00
1.191199441862683983e+01 -4.848166583224475801e-01
1.189183099960229129e+01 3.329871482177892972e-02
1.191135730511224011e+01 5.912430283097549477e-01
1.189665260720690654e+01 1.051312940086166492e+00
1.184927309055520084e+01 1.629475092961381932e+00
1.184253266094227541e+01 2.127681189899934822e+00
1.182518745234310487e+01 2.652462641662104659e+00
1.182822992094134307e+01 3.177364630125968148e+00
1.183995897558849819e+01 3.700305124307334381e+00
1.254259364965450629e+01 -4.141252999662103917e+00
1.253689895034641211e+01 -3.597191474816115786e+00
1.251624322835226266e+01 -3.039236810029020575e+00
1.251931312327178247e+01 -2.572122222267889669e+00
1.248748562108199067e+01 -2.041772284625835709e+00
1.248488500918114141e+01 -1.557598350136665033e+00
1.247753771589192695e+01 -1.003145282579374964e+00
1.244356313039060424e+01 -4.833038325193221851e-01
1.244412859632580393e+01 6.895926197466550889e-02
1.244668147913179013e+01 5.818426474053559616e-01
1.242021492088635526e+01 1.095480594313229972e+00
1.238758585661594935e+01 1.590185895850773079e+00
1.238813213799299007e+01 2.139796247074055913e+00
1.239016846044240694e+01 2.661491583771642411e+00
1.239343995604369653e+01 3.168164795193188610e+00
1.239451656005893554e+01 3.697424182147415195e+00
1.309085837960348897e+01 -4.163248712544667995e+00
1.294943177633298959e+01 -3.719134597995283897e+00
1.309635469094744309e+01 -3.114182024580204100e+00
1.308192289131033803e+01 -2.568331599565222945e+00
1.303825154102209538e+01 -2.050848960295517998e+00
1.304413895547800095e+01 -1.550772014756752526e+00
1.302931844841124587e+01 -1.006432970685832373e+00
1.301740606222544727e+01 -5.055715787480714596e-01
1.297253801647165261e+01 5.181610820098825343e-02
1.300042322654336502e+01 5.896915447617736561e-01
1.300853180876319826e+01 1.099983900758783051e+00
1.295669464165967000e+01 1.560503431718736067e+00
1.292980231787666412e+01 2.131873272771802164e+00
1.296032808906955580e+01 2.689186703538354095e+00
1.297176630534541175e+01 3.181291377748511451e+00
1.296939564945571277e+01 3.724909953037382593e+00
1.367749392038162526e+01 -4.150687339473712711e+00
1.364812998510193509e+01 -3.637916293265446299e+00
1.365262940984079165e+01 -3.097093346939372438e+00
1.362882287196201858e+01 -2.572041222389504611e+00
1.362360463317308756e+01 -2.044165978997117605e+00
1.359613210831741625e+01 -1.509872447823660480e+00
1.359699764092447793e+01 -9.828083849035991193e-01
1.360508232776720305e+01 -4.503637831290809856e-01
1.357059702846130023e+01 4.916312660407839985e-02
1.356256038863315183e+01 5.810278215584823158e-01
1.353386215305483731e+01 1.078886435090385731e+00
1.356019343707392721e+01 1.607023885645364913e+00
1.351059674641961195e+01 2.114464176833656950e+00
1.352533746363430467e+01 3.203886293874653290e+00
1.351748575080122805e+01 3.735724638700443023e+00
1.425844580842954201e+01 -4.130967486361194929e+00
1.423037053386730477e+01 -3.605393523410311829e+00
1.420553535970271852e+01 -3.100936181205216968e+00
1.416052998767001725e+01 -2.575341676905978261e+00
1.416363814497587370e+01 -2.050090689898706131e+00
1.417299184065834083e+01 -1.491106336769444596e+00
1.415378926967822792e+01 -9.750486778819222877e-01
1.412849716788173282e+01 -4.505483165283337144e-01
1.410230156433048521e+01 5.166441975802982256e-02
1.410519248800518000e+01 5.674632540082811261e-01
1.410044302278531347e+01 1.093261412560472934e+00
1.405936734267146804e+01 1.595464760549106131e+00
1.405728170066993243e+01 2.123966904120276666e+00
1.410876012572755656e+01 2.676068503185639713e+00
1.404144693556575163e+01 3.193742672399782379e+00
1.409942788047893103e+01 3.751506177740179027e+00
1.483318645758031096e+01 -4.142232723209289702e+00
1.477498980111451132e+01 -3.614931635244001740e+00
1.479440732338493802e+01 -3.106695895209032443e+00
1.474000571758272216e+01 -2.567029612771541736e+00
1.471736338707329850e+01 -2.011136599053788387e+00
1.471341888841749324e+01 -1.507239571658619326e+00
1.469784572908438491e+01 -9.992213332182622310e-01
1.467626578573660012e+01 -4.445010437739149722e-01
1.466787968889637739e+01 5.277984018020376311e-02
1.464761955391092485e+01 5.626251143024205703e-01
1.464274558690657813e+01 1.087497324953577760e+00
1.463289265393845184e+01 1.621290953219158837e+00
1.462393181651972540e+01 2.169918703465093301e+00
1.462483328708411534e+01 2.660297374824128980e+00
1.458448720038201074e+01 3.720805354234951068e+00
1.537914123774856279e+01 -4.154914786351692868e+00
1.533646505935741544e+01 -3.637452348364933030e+00
1.531180355125458448e+01 -3.111854208690088441e+00
1.529683094744274285e+01 -2.559748568279868408e+00
1.527560591248380817e+01 -2.046549921801570804e+00
1.527137752120298941e+01 -1.535686973183342019e+00
1.527797784479156462e+01 -9.777393622280818875e-01
1.521698908224322011e+01 -4.460647213093444918e-01
1.520473868705348508e+01 5.292126870104496561e-02
1.522869213683606660e+01 5.830289870204659053e-01
1.521002174003721663e+01 1.099840325765629956e+00
1.521558069362854226e+01 1.610211664161933953e+00
1.519907494135392412e+01 2.149988360835866530e+00
1.515666851813288218e+01 2.663225919924684604e+00
1.511545882975053345e+01 3.205783762755647359e+00
1.518842560847422263e+01 3.723147778414201525e+00
1.591709426977882558e+01 -4.150023278860450304e+00
1.587847723388582111e+01 -3.601430217791140365e+00
1.585108803455690918e+01 -3.080648960297617478e+00
1.586431026168789415e+01 -2.553304964925271037e+00
1.584791958796747480e+01 -2.017535406160479994e+00
1.582039234662737570e+01 -1.511146723634183786e+00
1.578954264931100226e+01 -9.839390847995126421e-01
1.578538159058177826e+01 -4.702210017730585889e-01
1.577207846638449951e+01 5.429375223891952373e-02
1.575623994252439175e+01 5.922025769453824751e-01
1.573689797820575720e+01 1.119752583854527472e+00
1.578077427784678122e+01 1.649123680362492905e+00
1.577457565416822760e+01 2.133130830641459141e+00
1.571705524953436139e+01 2.672549912041755960e+00
1.570429847818423852e+01 3.201696198416719596e+00
1.571535004531210689e+01 3.764942983287767220e+00
1.644030604606259161e+01 -4.110894520846867906e+00
1.642016145915982861e+01 -3.581928040248234524e+00
1.641069305241469323e+01 -3.059287235003560923e+00
1.639586522537824465e+01 -2.554379550741444405e+00
1.637601261849852818e+01 -2.024554866931215003e+00
1.637137476136223668e+01 -1.517185367643619998e+00
1.634201106913543455e+01 -9.656731953150448078e-01
1.634062757618237427e+01 -4.432405241497328063e-01
1.631120160531605023e+01 7.767519671221378985e-02
1.630858875604246450e+01 5.968040654552595470e-01
1.629067903249086413e+01 1.104580517473070955e+00
1.631594938112438342e+01 1.655055587144317997e+00
1.626997943092661103e+01 2.148209072013262499e+00
1.626344900063419630e+01 2.700350830984575623e+00
1.624481182460767670e+01 3.221506645853402517e+00
1.627773603876307362e+01 3.739271430064043500e+00
1.698558022026411152e+01 -4.102653840666963703e+00
1.696170648374106449e+01 -3.586663097733140404e+00
1.695043480301875150e+01 -3.053740455741964510e+00
1.694101475751083896e+01 -2.530528230484517138e+00
1.694770007385347910e+01 -2.016276716685357684e+00
1.690116419552075655e+01 -1.516570658174821062e+00
1.690630855782736219e+01 -9.704953778013845067e-01
1.691263274991329979e+01 -4.531847953937635509e-01
1.688311146058852330e+01 7.861748559991355023e-02
1.684589389081328292e+01 5.751440592836267740e-01
1.684629387851153126e+01 1.123348881175189717e+00
1.685915950192994472e+01 1.639535673668603977e+00
1.683592834702861651e+01 2.169456401011164104e+00
1.681487939271356424e+01 2.712706980909665333e+00
1.682126024553129895e+01 3.218453615219392105e+00
1.681791698420915182e+01 3.748192346390865737e+00
1.755259225599186479e+01 -4.105908952411652990e+00
1.752530415404979536e+01 -3.580002246408385602e+00
1.751427219725788476e+01 -3.043206001258612403e+00
1.750328396053664548e+01 -2.560317737958406781e+00
1.747695208229772490e+01 -2.036027501331318490e+00
1.743327554972312399e+01 -1.496569789310502330e+00
1.744181357435500956e+01 -9.735728581799776293e-01
1.744209170739239667e+01 -4.446948870040081658e-01
1.742179770040694109e+01 8.130938869323500739e-02
1.742388967388467336e+01 5.965815621796402013e-01
1.740293039528589958e+01 1.137228249200305186e+00
1.737977206841543421e+01 1.619520187305528935e+00
1.738281887366814971e+01 2.174543029751664136e+00
1.737613522960990764e+01 2.697673808346195301e+00
1.737618301294271461e+01 3.235786855849525523e+00
1.736780527964463872e+01 3.767268635226919571e+00
1.808292741013126914e+01 -4.091830226543619276e+00
1.805985000908971116e+01 -3.584202150703104550e+00
1.807054085412141120e+01 -3.060512536507935977e+00
1.805384370679908557e+01 -2.525195218029320898e+00
1.802018371164799149e+01 -2.036304369344971832e+00
1.802042274215955331e+01 -1.465376226847862284e+00
1.799627146195232541e+01 -9.623921372154384812e-01
1.795700938531541979e+01 -4.456360282974394238e-01
1.795514839823441733e+01 8.585784029043352916e-02
1.795894046177285119e+01 5.944042860734946032e-01
1.795242997705092591e+01 1.135334219634319908e+00
1.792555860896239750e+01 1.646120842927402350e+00
1.791945287926947472e+01 2.163079500174976744e+00
1.792154243172534933e+01 2.702200314218281108e+00
1.789874205344666436e+01 3.229710451591561338e+00
1.792670771166859822e+01 3.732447835738351927e+00
1.861192010825548238e+01 -4.104602795547371841e+00
1.860945426465243102e+01 -3.598173578308298204e+00
1.860920964622707174e+01 -3.053092411101014036e+00
1.858782248709536589e+01 -2.557726562005630200e+00
1.857897656457962299e+01 -2.027533686221087095e+00
1.857559006388406786e+01 -1.491462242613568634e+00
1.854756298586982055e+01 -9.734817226338385865e-01
1.854527739032345934e+01 -4.500259155103343289e-01
1.850878458463329679e+01 7.949640736360308324e-02
1.849196710658894105e+01 6.148010871816893541e-01
1.848823979620253866e+01 1.132035356069003740e+00
1.848678127465342058e+01 1.653215305882284270e+00
1.847989779125235899e+01 2.185886077588090615e+00
1.847240047953917497e+01 2.669764524697804120e+00
1.850163709569767789e+01 3.123757823691164504e+00
1.847485673483465263e+01 3.722655118093875615e+00
1.919689984986230868e+01 -4.107575063797556325e+00
1.916606627112492234e+01 -3.595655515850864958e+00
1.916210374932015270e+01 -3.072672002378862288e+00
1.912482448933590362e+01 -2.555050145106182669e+00
1.910792917171758276e+01 -2.034955567921794994e+00
1.910902923261863862e+01 -1.495249788002428915e+00
1.911312528067802319e+01 -9.733289254290440340e-01
1.909246813006047461e+01 -4.417364958051059887e-01
1.907261415877914246e+01 6.200152695681637738e-02
1.907415856147929745e+01 6.054169674481393315e-01
1.905226569450772089e+01 1.121996821884181372e+00
1.903052839277466646e+01 1.657747786597472128e+00
1.901466441081297276e+01 2.182550671036281642e+00
1.905331344024671480e+01 2.704258498403088851e+00
1.903548120766672014e+01 3.233830469013774689e+00
1.902080676328297670e+01 3.733159724288647396e+00
1.969603839015031355e+01 -4.123816048249043575e+00
1.972266039911140467e+01 -3.604805440559751162e+00
1.971261744758417933e+01 -3.082862819991532888e+00
1.971318014549660447e+01 -2.557191825708066801e+00
1.966149096006037666e+01 -2.041543136804030212e+00
1.966477788220641543e+01 -1.488126647490084054e+00
1.965441838735814528e+01 -9.701847244698100781e-01
1.962308196301730945e+01 -4.450416608384166750e-01
1.962417627057785907e+01 8.310711680149296399e-02
1.961798297851397521e+01 6.056956448554942085e-01
1.960935827125629771e+01 1.115990207973670323e+00
1.959054163023015960e+01 1.634945355761480812e+00
1.959224948196160199e+01 2.192271358264388681e+00
1.956791900926754479e+01 2.683969303920648031e+00
1.956879470823422196e+01 3.235434981351705375e+00
1.955621446615102244e+01 3.713025406909626014e+00
2.027385349580450224e+01 -4.125017505010719177e+00
2.026134693967367895e+01 -3.600601996683060690e+00
2.024411641842457499e+01 -3.080188098087925042e+00
2.022976809738174353e+01 -2.558000899064957423e+00
2.021969279672258324e+01 -2.000039349527870769e+00
2.021117498599638651e+01 -1.481999099564585975e+00
2.020298791979436714e+01 -9.650712544395325665e-01
2.019505727116740701e+01 -4.352596366043464116e-01
2.019069978067568627e+01 9.669322794022860990e-02
2.016887955911570174e+01 6.094901975301461050e-01
2.015150935001807397e+01 1.125203834221725430e+00
2.015158776717511557e+01 1.647431087063658595e+00
2.015247172965257860e+01 2.177049965396935960e+00
2.012444198161244913e+01 2.695162148170638261e+00
2.013171760479708539e+01 3.247020694173912148e+00
2.013080506494466348e+01 3.753120233960782315e+00
2.083246547640817425e+01 -4.126234278453964066e+00
2.078723965366078374e+01 -3.595307947539691185e+00
2.079599403395915402e+01 -3.061683161719580326e+00
2.080515592138959846e+01 -2.537686188112221686e+00
2.075901314506131712e+01 -2.038904316266044958e+00
2.073500201678874788e+01 -1.520679417469512629e+00
2.074593580492798850e+01 -9.692180413834314834e-01
2.072420403832415303e+01 -4.440732458844927066e-01
2.073641242757556569e+01 9.477460237859247627e-02
2.069629707389359652e+01 6.240644093452836216e-01
2.072604851276506110e+01 1.162007747748546649e+00
2.071305888395706774e+01 1.654950864293113000e+00
2.070711452519439177e+01 2.184096211771947793e+00
2.069761134895521337e+01 2.715237241526050838e+00
2.068364075176702954e+01 3.237936307269059455e+00
2.067390077869927723e+01 3.767963443488209663e+00
2.137549738836224122e+01 -4.125718800381752871e+00
2.133648585494742633e+01 -3.592670104501147321e+00
2.134488780332434743e+01 -3.068254554519629806e+00
2.132809318185492486e+01 -2.526615823699682295e+00
2.129334105222844897e+01 -2.028494917091204996e+00
2.131314236221940916e+01 -1.498798544648135334e+00
2.127847913210173658e+01 -9.846964649296943151e-01
2.127169365389082145e+01 -4.538686711601940260e-01
2.127085798333605027e+01 8.785825917893319570e-02
2.126128808025837458e+01 6.039474107916689150e-01
2.126813653451632291e+01 1.134433758642735768e+00
2.124736147687060850e+01 1.655216160621566956e+00
2.124910179317134151e+01 2.187677690924513030e+00
2.124287725551872796e+01 2.737845696608754764e+00
2.123156968114445675e+01 3.233962542421771502e+00
2.122014945563847732e+01 3.767546900920052622e+00
2.193026945570077402e+01 -4.122087603220100149e+00
2.190545716745479154e+01 -3.591602336418837638e+00
2.189283795634714380e+01 -3.069335125253958907e+00
2.186214206862975828e+01 -2.535350799175574821e+00
2.184995563857635403e+01 -2.017641266712573156e+00
2.185736921063320182e+01 -1.491276246589013255e+00
2.185384165597826467e+01 -9.627150548272567221e-01
2.183106331773538500e+01 -4.419265925304252107e-01
2.183187542742287235e+01 8.370175280055036637e-02
2.180513948064748320e+01 5.949561127827251994e-01
2.179083072164663548e+01 1.133241619532057598e+00
2.178668631594312188e+01 1.666337504498969224e+00
2.180415537082704702e+01 2.231561367848797772e+00
2.180101912504297701e+01 2.685054334168619050e+00
2.178533298712630994e+01 3.218708395574147119e+00
2.176170529251324126e+01 3.757399797497203764e+00
2.246791626658746566e+01 -4.127542334526545176e+00
2.242848547465334264e+01 -3.587041082476586595e+00
2.242864090975000124e+01 -3.052279232647878260e+00
2.241935635584787434e+01 -2.536420678231980474e+00
2.239906167221735700e+01 -2.022074159876645183e+00
2.239246017856601867e+01 -1.494873899572120024e+00
2.240694164767257490e+01 -9.623058282023109200e-01
2.236830692723549419e+01 -4.350571592663889930e-01
2.236692055858490136e+01 9.215158511656440510e-02
2.235906043212083461e+01 5.991190563973702865e-01
2.236323577560749953e+01 1.140750772700826587e+00
2.233792409505093701e+01 1.675130210777822981e+00
2.235260858066188661e+01 2.230397195508793118e+00
2.234348446909583430e+01 2.704672560950612592e+00
2.232015880899054139e+01 3.222739779667865179e+00
2.230938325676935108e+01 3.759226946686407445e+00
2.298960838557772490e+01 -4.126016695792687372e+00
2.300195400395625001e+01 -3.604589282844168352e+00
2.295253989880092860e+01 -3.079768154327842566e+00
2.296852879432524475e+01 -2.546122465449297323e+00
2.296905582499688592e+01 -2.012169915272345122e+00
2.294550980643047922e+01 -1.502264853992564042e+00
2.293486883654605180e+01 -9.698756596949777986e-01
2.294807980278567072e+01 -4.527271591949357799e-01
2.291848563374065861e+01 1.007754611588715932e-01
2.289375779605596506e+01 6.067009784622641178e-01
2.288493569451129872e+01 1.136900429610875563e+00
2.288926536749908536e+01 1.668616776620311271e+00
2.290485829079202063e+01 2.217603647034554371e+00
2.288058919719007633e+01 2.734593023164293868e+00
2.288450951475443418e+01 3.234841419752317648e+00
2.287403378552047428e+01 3.754301641301690751e+00
2.355004333638512293e+01 -4.126097763854755129e+00
2.353389137622295380e+01 -3.594190718482641600e+00
2.350107010918745232e+01 -3.053243950481876468e+00
2.352573164540498851e+01 -2.535401250953952967e+00
2.350628736210615699e+01 -2.015167627625448432e+00
2.347384171745817838e+01 -1.470757308728078527e+00
2.346875992359645124e+01 -9.427783486857492790e-01
2.347083832233781209e+01 -4.244854118924159536e-01
2.345257952334910811e+01 7.985505195698294756e-02
2.345104256598300196e+01 6.097852394488754157e-01
2.342663563917206915e+01 1.135685700912283380e+00
2.342828249438687038e+01 1.698900084638594876e+00
2.341050316216387728e+01 2.208271897577404275e+00
2.341147000041812731e+01 2.726330391908870610e+00
2.341421625953633878e+01 3.259040843943747490e+00
2.340096693326154309e+01 3.755127080954899554e+00
2.406282841860502231e+01 -4.145426537121640109e+00
2.407893932026779282e+01 -3.576352597863113658e+00
2.406410976073053121e+01 -3.070338246760032419e+00
2.404648179759403348e+01 -2.513999564634328721e+00
2.402857203581145740e+01 -2.006338252403313760e+00
2.402435368555974549e+01 -1.479571817102424802e+00
2.400415263274007316e+01 -9.572176566795675967e-01
2.400424309250001187e+01 -4.326879816674917834e-01
2.397652050366782817e+01 9.353400106742526532e-02
2.398270839267856047e+01 6.117631953681090806e-01
2.398545663917821713e+01 1.131633519652741171e+00
2.397870719037386067e+01 1.679230858675108351e+00
2.395901198328576243e+01 2.220704158317964527e+00
2.399168431907134647e+01 2.698539940155416872e+00
2.395584370652339601e+01 3.244370484660244358e+00
2.396356807093538066e+01 3.766779149386067616e+00
2.462605273044989929e+01 -4.118485572946834594e+00
2.461550274705255958e+01 -3.575318639205855575e+00
2.460282122873675803e+01 -3.073938216503558252e+00
2.458325607846634853e+01 -2.538684744286438644e+00
2.457224568087837469e+01 -1.995702475778859508e+00
2.456993441866794115e+01 -1.480868183537655369e+00
2.455668978570889749e+01 -9.614804386645587897e-01
2.451662285001215480e+01 -4.269769485054304425e-01
2.452010312461037955e+01 1.138943395513045687e-01
2.452554310892153921e+01 6.266691769417036539e-01
2.452153917512687542e+01 1.120919425823188931e+00
2.452487409914098748e+01 1.669493603772348678e+00
2.458752074399489373e+01 2.199145889864308145e+00
2.453473371659425339e+01 2.730955637277933334e+00
2.451300393489836438e+01 3.260865009942527593e+00
2.449327685071472871e+01 3.764101615336361562e+00
2.514383991590992196e+01 -4.127517468067686934e+00
2.514971629149997767e+01 -3.582112053997246193e+00
2.514634936167363577e+01 -3.063404980498177110e+00
2.512927054332879351e+01 -2.536943861729714200e+00
2.512194166764133030e+01 -2.000579954413257866e+00
2.510354211155735271e+01 -1.474397894169005241e+00
2.510409694166509098e+01 -9.512358165291985301e-01
2.509204226658649617e+01 -4.139968043382076246e-01
2.509200363159626335e+01 9.742548245228377368e-02
2.508739863256371194e+01 6.175990122394985349e-01
2.508864484905998182e+01 1.146587749717692617e+00
2.507154647454542129e+01 1.675084946130706243e+00
2.506321249575844945e+01 2.209653514858157308e+00
2.510210504686448019e+01 2.727694595554236656e+00
2.505738226526516854e+01 3.235912452212112100e+00
2.504615765190669663e+01 3.768174159415345059e+00
2.572603274913377192e+01 -4.122242842006299313e+00
2.568348929497541633e+01 -3.580461257140095555e+00
2.570117597566301271e+01 -3.057342699782868323e+00
2.567138983027506782e+01 -2.542388658288867731e+00
2.566699298958607756e+01 -2.011607792704690922e+00
2.563757608247612296e+01 -1.483542366370489418e+00
2.563145064080033819e+01 -9.554078432557382428e-01
2.564740195019748370e+01 -4.289798013840453450e-01
2.564470548916544601e+01 1.009922568245968932e-01
2.562881970571847035e+01 6.202271971561046371e-01
2.561369671036944595e+01 1.148098043697046933e+00
2.562440305831721332e+01 1.675268375672459342e+00
2.562678581983541903e+01 2.217312864074415302e+00
2.561597573304840125e+01 2.725332152417205833e+00
2.561363924844074091e+01 3.240904873395930252e+00
2.561280963365288699e+01 3.774671432303193797e+00
2.625295836819124418e+01 -4.100476154619732583e+00
2.616991585030839929e+01 -3.613325119706336963e+00
2.622798797320783848e+01 -3.055306448776253347e+00
2.620075008101598968e+01 -2.538525521190255319e+00
2.621998485906216558e+01 -2.016700659813377428e+00
2.623686778704794165e+01 -1.490402667048499552e+00
2.621751509925074686e+01 -9.403876870929721576e-01
2.619560482318537709e+01 -4.092520801260270957e-01
2.619371298826418126e+01 1.021818831718732667e-01
2.616622325056308540e+01 6.272827921047721134e-01
2.615939619664231941e+01 1.142787655334593921e+00
2.615429427307943655e+01 1.688186826604486157e+00
2.615335843310616326e+01 2.211817234590206738e+00
2.614178680017378298e+01 2.718689521234171735e+00
2.613875084547354533e+01 3.229955234114722629e+00
2.612828669573526241e+01 3.779603219192114949e+00
2.677325753768914751e+01 -4.122646863261735461e+00
2.678462268813205327e+01 -3.595742901761452615e+00
2.679431450462283948e+01 -3.067255316106219709e+00
2.675697422222701505e+01 -2.541829109324297065e+00
2.676813505032145457e+01 -2.002692510870897280e+00
2.676178036223310386e+01 -1.491995836486392335e+00
2.675386421992078567e+01 -9.626967672809279009e-01
2.677481280295067023e+01 -4.042245082809081680e-01
2.673190233567306251e+01 9.300560453922557258e-02
2.672914898651580984e+01 6.114546762013830516e-01
2.673432915473235028e+01 1.145467108963952541e+00
2.671150396602387644e+01 1.687778217061094210e+00
2.669241713453806142e+01 2.223273651398947948e+00
2.669747361800095575e+01 2.732805307354979618e+00
2.672249131709623526e+01 3.207772321485833800e+00
2.669345039665254404e+01 3.772660925143966892e+00
2.730708899549241409e+01 -4.118091116089226844e+00
2.732256405675563826e+01 -3.597223867277465459e+00
2.732377185724936197e+01 -3.059695309184702339e+00
2.731084560441279052e+01 -2.525650234976414055e+00
2.732772234994202876e+01 -1.985950641418845919e+00
2.730844234056394981e+01 -1.484506512253403798e+00
2.729806001698813134e+01 -9.533908135967799069e-01
2.729781316257579959e+01 -4.154388218795439514e-01
2.727704460232819628e+01 1.060879725905223836e-01
2.726649723620514010e+01 6.416576712132169291e-01
2.728732831612376941e+01 1.193231129867299956e+00
2.727906774765172315e+01 1.668917423699394220e+00
2.727454483659389695e+01 2.206766818900330662e+00
2.725622442402712409e+01 2.695758748726955645e+00
2.722238904333831755e+01 3.236546344244420226e+00
2.724271265983501422e+01 3.797814641350697684e+00
2.785858595247989200e+01 -4.101828574222395218e+00
2.783906471556078799e+01 -3.600827153103939082e+00
2.782086910685112002e+01 -3.078762408744010415e+00
2.785792254460542239e+01 -2.536929944052698005e+00
2.783998545160684301e+01 -1.987938439503636801e+00
2.786451636210355076e+01 -1.486221245309376826e+00
2.783698157803861051e+01 -9.511536897446575267e-01
2.782610055638488689e+01 -4.198211950417380933e-01
2.783377032336387202e+01 9.715118844690806554e-02
2.782606495757384124e+01 6.263574178397988135e-01
2.782291686161949684e+01 1.177863944502053783e+00
2.779089901705290799e+01 1.680030728751432889e+00
2.779260164984044224e+01 2.217044896710859803e+00
2.779808915646989220e+01 2.734184585289202829e+00
2.777917650880461053e+01 3.256497685091130023e+00
2.776586991354366063e+01 3.782945068467316929e+00
2.839824303499297287e+01 -4.103009291187461827e+00
2.842387496843303296e+01 -3.605803372501883430e+00
2.841071889132892636e+01 -3.064739116171885769e+00
2.839336929352413819e+01 -2.528557327442538138e+00
2.839399813067932854e+01 -2.009807787771539012e+00
2.839446679205798318e+01 -1.455570116831122363e+00
2.838328534037751183e+01 -9.464993754125359260e-01
2.836701448003144321e+01 -4.332356344582350971e-01
2.836345822427439600e+01 1.045738607866120162e-01
2.836406374025509081e+01 6.590203740070634808e-01
2.836982157868155952e+01 1.182040503577049151e+00
2.835397273919031846e+01 1.666330005308111595e+00
2.834354204873319816e+01 2.198239620319554888e+00
2.835314592327462435e+01 2.735936649079697247e+00
2.835003557602087909e+01 3.267594234277350296e+00
2.832948739001771088e+01 3.809166175027382195e+00
