1.076252108806863106e+01 -4.140363310034308242e+00
1.076588070995359914e+01 -3.628448306663599965e+00
1.072876843005946057e+01 -2.599037100027121738e+00
1.073674090599928732e+01 -2.049284309549054939e+00
1.074202152659092846e+01 -1.521139093415396104e+00
1.072853675185998057e+01 -1.001596183984528210e+00
1.072221745872118603e+01 -4.979130346986764266e-01
1.067576045135810858e+01 5.930037514405306354e-01
1.070329265079155689e+01 1.122807182080087784e+00
1.068827425379022955e+01 1.625277544573854982e+00
1.068985130650505155e+01 2.157874314723191134e+00
1.068740774595363519e+01 2.688840940650031541e+00
1.066507735980160376e+01 3.214553595139488351e+00
1.069510752417021848e+01 3.739191384458454337e+00
1.131322537806241613e+01 -4.155936177071367865e+00
1.129006138096624312e+01 -3.655951165774972367e+00
1.129196374924004687e+01 -3.113240825247391541e+00
1.128515175674791138e+01 -2.050942573828212545e+00
1.125747594539705432e+01 -1.531655525457395584e+00
1.125448410073466832e+01 -1.005783410721999616e+00
1.123088851177749703e+01 -4.810443874173238044e-01
1.123454225609299684e+01 4.148605352608214503e-02
1.124044797662860518e+01 5.937918435489031310e-01
1.122387770523530293e+01 1.632146912906517144e+00
1.120253690183998430e+01 2.181912007279667165e+00
1.123164526532382013e+01 2.685253807541762683e+00
1.122348699772352276e+01 3.241758720662666349e+00
1.118670818718322479e+01 3.753759006080858995e+00
1.182964574123618462e+01 -4.147169524416467468e+00
1.185770586144974104e+01 -3.642250876972106255e+00
1.182362984732506916e+01 -3.083940398506470615e+00
1.182227590652745164e+01 -2.579548203218379854e+00
1.181072993752874467e+01 -2.059136608906992905e+00
1.181200071782350136e+01 -1.534626248825208705e+00
1.180011105623990630e+01 -1.009368870519178785e+00
1.180033518456713182e+01 -4.708389698050190475e-01
1.177416878523851196e+01 5.064299690792495312e-02
1.178319337777928055e+01 5.608142843359367191e-01
1.177062218908509550e+01 1.098909168872733488e+00
1.176307949061904168e+01 1.649147788144823323e+00
1.176173400632608690e+01 2.179284859907607341e+00
1.174627756461879713e+01 2.688189533305461509e+00
1.175645279759135065e+01 3.243324076350077689e+00
1.174499968624478186e+01 3.767917234962190776e+00
1.236871434171434814e+01 -4.140056103931057052e+00
1.238774935050586379e+01 -3.625495185360318118e+00
1.237060073060698784e+01 -3.101655320726631970e+00
1.237435191629984388e+01 -2.572123175558754582e+00
1.236569552057423849e+01 -2.043921102616376828e+00
1.234480684760673697e+01 -1.528162659460164718e+00
1.235386687971717024e+01 -4.690318384876057678e-01
1.231905295393218580e+01 5.845665996428195399e-02
1.234602197489232367e+01 5.937835125793462510e-01
1.233650314982673990e+01 1.096846843144959394e+00
1.231954907331036608e+01 1.659739767572407487e+00
1.230755620277994211e+01 2.171873660647939630e+00
1.229305825073126002e+01 2.697947912775113366e+00
1.229987546150412570e+01 3.235978620912053572e+00
1.230940979406077673e+01 3.749866057825848031e+00
1.292805177470684086e+01 -4.159536421392679983e+00
1.291331552563401530e+01 -3.618890550953659968e+00
1.289684296718926859e+01 -3.069647201067432718e+00
1.292475301811874644e+01 -2.572740497349311539e+00
1.291113367714117643e+01 -2.040673307610646248e+00
1.290049321983444131e+01 -1.536464677108067889e+00
1.289713824315939306e+01 -9.826258740487112675e-01
1.288520090471622126e+01 -4.700284916100940791e-01
1.288215244075868426e+01 8.218853188681762845e-02
1.288509803321660740e+01 6.046954378076563330e-01
1.286611017567259907e+01 1.119480210446351265e+00
1.282904310801773917e+01 1.621802413228078166e+00
1.284045960767881667e+01 2.177936512872303609e+00
1.285128065020391830e+01 2.710583058993382366e+00
1.285047269395813174e+01 3.231030537583560402e+00
1.286626301806645145e+01 3.741586017557796850e+00
1.346007061858405507e+01 -4.174232664440170382e+00
1.345006623336858809e+01 -3.651731597649254368e+00
1.347645275480138949e+01 -3.105564123919075215e+00
1.346654265628834324e+01 -2.570649323239489803e+00
1.343464403774767746e+01 -2.051755105854493166e+00
1.345394742467956206e+01 -1.540528720701132670e+00
1.343843675956865624e+01 -9.884310059867296161e-01
1.344173903183873975e+01 -4.949456834827472562e-01
1.340139920673320262e+01 6.836365960706913825e-02
1.342734293971579262e+01 6.093965381221444488e-01
1.342983610832071406e+01 1.119688452311486060e+00
1.340526870017734851e+01 1.609650735225422125e+00
1.338955830966703786e+01 2.169116179979344139e+00
1.341228242056329023e+01 2.742794510492480242e+00
1.341081121188901548e+01 3.225891339741423280e+00
1.340939999087365919e+01 3.763746915656337677e+00
1.402741303049896970e+01 -4.169793935570950794e+00
1.401055104929742257e+01 -3.647995527691888284e+00
1.401920486011329814e+01 -3.106265651487241541e+00
1.400102752180859866e+01 -2.575572100880357596e+00
1.399723915871391355e+01 -2.043057283920514777e+00
1.399104691815835722e+01 -1.501421636921872249e+00
1.399699998506818943e+01 -9.718487696088189409e-01
1.399658058570326347e+01 -4.431280690033361225e-01
1.398162464933212590e+01 5.717842555214858180e-02
1.396957292218506197e+01 6.028867987350920998e-01
1.395488362869502907e+01 1.116923786045862954e+00
1.396440090182440485e+01 1.645520512658432466e+00
1.395079033512485367e+01 2.168986958524044439e+00
1.395075159444498425e+01 3.249081286720894468e+00
1.394808091465798583e+01 3.780194830410131601e+00
1.458622089065629623e+01 -4.150661765306859152e+00
1.457499305596857297e+01 -3.629259889199440536e+00
1.456003315460336722e+01 -3.112061835125926379e+00
1.452726274753057822e+01 -2.574690635488927626e+00
1.453733009649813113e+01 -2.045238724225075799e+00
1.454670747463664782e+01 -1.496063274195769566e+00
1.454020558445147060e+01 -9.716039818755568547e-01
1.452020433534003629e+01 -4.441876609998551828e-01
1.449779516629255127e+01 7.228224434921060038e-02
1.450629817884469119e+01 5.920634231943893155e-01
1.450516089982478363e+01 1.129034357380987785e+00
1.448700812339485822e+01 1.650252349551891484e+00
1.447515385077229766e+01 2.177564010116082471e+00
1.451580061429953972e+01 2.717645608778326505e+00
1.445983267313594212e+01 3.235288731585630018e+00
1.450392292975439545e+01 3.792311575137084390e+00
1.513963637635098891e+01 -4.160052290582308743e+00
1.510633368819100397e+01 -3.625105243414692424e+00
1.510388942640153331e+01 -3.119737928778405944e+00
1.508647917485408740e+01 -2.571038413743799822e+00
1.507696551549456032e+01 -2.015232424992273508e+00
1.507815079083002630e+01 -1.508621321384257641e+00
1.507720506903732982e+01 -9.904989683762437380e-01
1.506707522853436743e+01 -4.418710102605807322e-01
1.505347370509521099e+01 7.462550908221743384e-02
1.503988267438986171e+01 5.880288115785994307e-01
1.504024221152696228e+01 1.115470687210677880e+00
1.502231870401179137e+01 1.655798697497381511e+00
1.501616923154021777e+01 2.208051888417664088e+00
1.502247016822537873e+01 2.703246158469593041e+00
1.499844125630228575e+01 3.767162615465455389e+00
1.567765948042058710e+01 -4.172065552686083478e+00
1.564223527941157244e+01 -3.649715861527806027e+00
1.563765138948806666e+01 -3.120763527028517004e+00
1.563120766367133641e+01 -2.566931393487344337e+00
1.561965162493472903e+01 -2.048759791161618438e+00
1.561895689786906871e+01 -1.528115945923250507e+00
1.561779802785757809e+01 -9.813754550596378579e-01
1.559604178277293229e+01 -4.331893204805901121e-01
1.559539496632494249e+01 6.828539580804360298e-02
1.560073200992561482e+01 6.047375347380885557e-01
1.559202703678448998e+01 1.129090219988523103e+00
1.560503933185260905e+01 1.639808078364453081e+00
1.559813085190749860e+01 2.180322127283183420e+00
1.555136475179092770e+01 2.703808840252658996e+00
1.552788288685411899e+01 3.248718146675575014e+00
1.559134603535552088e+01 3.767580174676236737e+00
1.621743785324317955e+01 -4.168714640108627023e+00
1.618761391407817385e+01 -3.625210405014970050e+00
1.617867659532310753e+01 -3.097703556771506328e+00
1.619251077876880274e+01 -2.568327711406805491e+00
1.617649427292612074e+01 -2.029007224566896639e+00
1.616210663772559641e+01 -1.508998148582474386e+00
1.614163599609694089e+01 -9.795971813232249303e-01
1.613659842373420616e+01 -4.689529217605361566e-01
1.612772935721131518e+01 8.119129531164404057e-02
1.612492820747925748e+01 6.116430986532357394e-01
1.610433434363554639e+01 1.140739423411726960e+00
1.615081802630623287e+01 1.673565740177192396e+00
1.615837435712463943e+01 2.162466484873778683e+00
1.611618652451569034e+01 2.708724910529358709e+00
1.610434455144314825e+01 3.241234283128662241e+00
1.612698864700585943e+01 3.779796823535498618e+00
1.674103831953974364e+01 -4.140310358631262844e+00
1.672870313986928537e+01 -3.606881486993680497e+00
1.672437145830593153e+01 -3.079726456999722473e+00
1.671032513594318303e+01 -2.575035003857497173e+00
1.669149494673812129e+01 -2.036772301463390278e+00
1.670019585947180119e+01 -1.518277841775500292e+00
1.668845990827970738e+01 -9.688739617967421225e-01
1.668470562409578406e+01 -4.433604970642619492e-01
1.666773259872164914e+01 9.172127877174318655e-02
1.666606906037756985e+01 6.144162814158882213e-01
1.664873993152456677e+01 1.129090363151600940e+00
1.667643362194802137e+01 1.657770670092304499e+00
1.663809186681451990e+01 2.180205167574332137e+00
1.663955567042944139e+01 2.733892559320615590e+00
1.663717367485847021e+01 3.253982981189224688e+00
1.665527597981978758e+01 3.777483178944677888e+00
1.727657027339935780e+01 -4.136573338108258113e+00
1.726194719409972222e+01 -3.615152833782206088e+00
1.726166036254186409e+01 -3.086162466911220648e+00
1.725016024527609559e+01 -2.543928920361231860e+00
1.727041867878188341e+01 -2.030909810666514659e+00
1.722729260441052190e+01 -1.522220621271344498e+00
1.723959593670052470e+01 -9.684057273108557240e-01
1.723841638874744930e+01 -4.476559654391571996e-01
1.722861916271614646e+01 9.002812244209223991e-02
1.719526435626620753e+01 5.893536292899135276e-01
1.719729918071988095e+01 1.144132027347161795e+00
1.721529751641798711e+01 1.659355324300516799e+00
1.719827692625905868e+01 2.193112777692203252e+00
1.718055014117362589e+01 2.738933269777710677e+00
1.718825211617609128e+01 3.252084267478512203e+00
1.718974211835881860e+01 3.780449529030256883e+00
1.782884629318420266e+01 -4.140912385736410073e+00
1.780596967369508832e+01 -3.611448512178466075e+00
1.780954597182897459e+01 -3.070627075026429509e+00
1.779235372316837172e+01 -2.572801172322531471e+00
1.778543143595604192e+01 -2.044395158869736662e+00
1.775484067347943551e+01 -1.499588349844344748e+00
1.776319351321258111e+01 -9.746504532908133456e-01
1.776651124311906571e+01 -4.441313405904381284e-01
1.775669169491306931e+01 8.646923627491531761e-02
1.775605929139695149e+01 6.072059923533679182e-01
1.774133760990662978e+01 1.153753669539149485e+00
1.773452291867027242e+01 1.638610698334698412e+00
1.773720171999259776e+01 2.193270664149057581e+00
1.772849378791644170e+01 2.724266459832172416e+00
1.773428425506748596e+01 3.263386692238025688e+00
1.772975274586467265e+01 3.797430506806797723e+00
1.835413523428252702e+01 -4.132218699091314562e+00
1.834319781042563591e+01 -3.621740217199214129e+00
1.835490830604808110e+01 -3.087334569346552371e+00
1.834450804840146532e+01 -2.550124221181807371e+00
1.832700819638337109e+01 -2.041042324884337233e+00
1.833689360937736268e+01 -1.462826715669827138e+00
1.830896413580375182e+01 -9.645524855186735635e-01
1.828478731100338806e+01 -4.439598634667163424e-01
1.828799367729181924e+01 8.961927343791487033e-02
1.828901779884607137e+01 6.037340548510847782e-01
1.828529133545664820e+01 1.147216466900086829e+00
1.827227431472476837e+01 1.668462545069630210e+00
1.827367105319912000e+01 2.184028033046612194e+00
1.826736947202559946e+01 2.727903243061831517e+00
1.825736295412685450e+01 3.260505833610384485e+00
1.827730703323610584e+01 3.768419732483170748e+00
1.888062213444208837e+01 -4.132120040762584878e+00
1.887499625533205716e+01 -3.633137257510281160e+00
1.889218554919118631e+01 -3.083189554732056692e+00
1.886613545831789551e+01 -2.576788480246499091e+00
1.886971258532560114e+01 -2.031632494753157658e+00
1.887011482816609487e+01 -1.500964404840960498e+00
1.884833817114929744e+01 -9.734633407372932368e-01
1.885564051823505594e+01 -4.524850186483604375e-01
1.882772526827581316e+01 8.515221007620965565e-02
1.880693493709064157e+01 6.239040486835669697e-01
1.881466685217011303e+01 1.137708463181937191e+00
1.882093536665816558e+01 1.667848663561692035e+00
1.881784628423456951e+01 2.204895194781045120e+00
1.881326005712041294e+01 2.696262248808348971e+00
1.883224065435819128e+01 3.171895105701665329e+00
1.881445209929181317e+01 3.761586348036004779e+00
1.944438676085691142e+01 -4.171093990014062669e+00
1.942380565248475577e+01 -3.618674056322321420e+00
1.943154102968343722e+01 -3.098292863292671839e+00
1.939815131214262323e+01 -2.570971061336660313e+00
1.939148057951668846e+01 -2.043860713285038599e+00
1.939468709601805330e+01 -1.506507600592552620e+00
1.940326320554463990e+01 -9.768821872980097965e-01
1.939100178964864796e+01 -4.436599374190564049e-01
1.937805303107689170e+01 6.993650500020009986e-02
1.938276548244881425e+01 6.092904559549943144e-01
1.937165852024647705e+01 1.137756933173193374e+00
1.935353463861954992e+01 1.673169405802813259e+00
1.933803929452442105e+01 2.207478953462363336e+00
1.937238344450160810e+01 2.728277391182110989e+00
1.936210878651044709e+01 3.274304842511636338e+00
1.935177072039442692e+01 3.770277081049023593e+00
1.994494282266418850e+01 -4.158495129204460738e+00
1.997073669152447195e+01 -3.627644448017338874e+00
1.996548567125275397e+01 -3.106490445051090177e+00
1.997003696157247887e+01 -2.576627925975401467e+00
1.993248818987298776e+01 -2.042624405283582689e+00
1.995025536485416495e+01 -1.498060407577813891e+00
1.993632847176738920e+01 -9.777076372649133873e-01
1.991708102674296654e+01 -4.404731172008169438e-01
1.991943508216391834e+01 8.680173880084041116e-02
1.991546439266247503e+01 6.146491496550154920e-01
1.990866406809549360e+01 1.121934974778366012e+00
1.991907574384673651e+01 1.622626892919502239e+00
1.990135289087704606e+01 2.209998366033499195e+00
1.989312655300574306e+01 2.715670698341341449e+00
1.989263007304407083e+01 3.265768367047684251e+00
1.988448174465342433e+01 3.750230994148651575e+00
2.051336602188424507e+01 -4.152798011418360247e+00
2.050867651272296399e+01 -3.634707900520462331e+00
2.049654329637559869e+01 -3.105458696652538819e+00
2.048505002378915307e+01 -2.576408759813926252e+00
2.048106125833943025e+01 -2.014682634375027703e+00
2.048737325687679700e+01 -1.491775380758816993e+00
2.047698689183797072e+01 -9.711650440096732950e-01
2.046540453628128020e+01 -4.411524832062845292e-01
2.047053196066255509e+01 9.370478387393532671e-02
2.044870917769077323e+01 6.069439571021923996e-01
2.043952532052595572e+01 1.130259623702823291e+00
2.045415380469291478e+01 1.665807868369942213e+00
2.045163112612210554e+01 2.197959741593180638e+00
2.042782290575598481e+01 2.717404637586771088e+00
2.043628803324379817e+01 3.269292179117055497e+00
2.044944577710664646e+01 3.785676690473415817e+00
2.105876004989513461e+01 -4.153166187647583385e+00
2.102770110266199310e+01 -3.629640971512937853e+00
2.104012670159133336e+01 -3.089677340300866604e+00
2.103700150285910553e+01 -2.555821914044390297e+00
2.101074573842193161e+01 -2.042123920964680650e+00
2.100662129856823412e+01 -1.536081808816717853e+00
2.101464538484086830e+01 -9.746133447630640489e-01
2.099104328957120202e+01 -4.503943275591666406e-01
2.101441336474525201e+01 9.067699801692796768e-02
2.097614385755297661e+01 6.218993981411422567e-01
2.100843341233767347e+01 1.174005031744254524e+00
2.099882301430650244e+01 1.667490529325050375e+00
2.099992992517729817e+01 2.201655114560956861e+00
2.099484850960602245e+01 2.732738351681636146e+00
2.098507834347825707e+01 3.263804410556438995e+00
2.098242545043505203e+01 3.794980496946205761e+00
2.159484579093180656e+01 -4.158249814636642228e+00
2.157343833791213683e+01 -3.633684177168051477e+00
2.157979012445979805e+01 -3.085966701232955245e+00
2.155626720828280440e+01 -2.532859054790105091e+00
2.153513051007256962e+01 -2.037813402562441922e+00
2.157121983556954348e+01 -1.505889718513575559e+00
2.154919611800805512e+01 -9.898957989535510649e-01
2.154005575496960034e+01 -4.502490480100576065e-01
2.154878143170262206e+01 8.776833730948396806e-02
2.153359765444805163e+01 6.108886439915721667e-01
2.154041109590184533e+01 1.144658161732316159e+00
2.152665937034648636e+01 1.670423193897040193e+00
2.153343518499788445e+01 2.204502222210038553e+00
2.151838884487450798e+01 2.760507184113020429e+00
2.152664698839014079e+01 3.264188151882105871e+00
2.151005842734093676e+01 3.797162123669160394e+00
2.214441409959306384e+01 -4.152646077661721336e+00
2.212392142635669501e+01 -3.622419296248093445e+00
2.212434629852105417e+01 -3.094380283016416655e+00
2.210184780270631677e+01 -2.559732617282243439e+00
2.208977414475047141e+01 -2.038269643324507996e+00
2.210200211056579178e+01 -1.508287662041770005e+00
2.209945894671640332e+01 -9.622252539441973340e-01
2.208611420115583712e+01 -4.387505048206712388e-01
2.209522077600730938e+01 9.196524391803961862e-02
2.207076268002408170e+01 6.034950511796033368e-01
2.205930440040134499e+01 1.139820191499978819e+00
2.205641913678868349e+01 1.675996079750390777e+00
2.207757868634827503e+01 2.240303677156607165e+00
2.207730519626330334e+01 2.726794233526348421e+00
2.206236789408669807e+01 3.254388189034255419e+00
2.204826441638412149e+01 3.785883445077345755e+00
2.267513157431397985e+01 -4.155925785753783686e+00
2.265056951546492314e+01 -3.618112845978357583e+00
2.265133523217490819e+01 -3.085310705009812082e+00
2.264047871310099680e+01 -2.557232747421629426e+00
2.264239510282975942e+01 -2.033862110121742006e+00
2.264297521112169420e+01 -1.503623121792188044e+00
2.264908810612482881e+01 -9.703881243879344254e-01
2.262259304537104754e+01 -4.357448250591104966e-01
2.262316949143783518e+01 9.616538696410970033e-02
2.262058851352404076e+01 6.079675053328799095e-01
2.262551527600461299e+01 1.147174310663643837e+00
2.260176042743083968e+01 1.686797059674393751e+00
2.261614137665389990e+01 2.239930882706378412e+00
2.261926917798844983e+01 2.740462872603746547e+00
2.259090747595310233e+01 3.248870515353637245e+00
2.257811978114858675e+01 3.774691979331031177e+00
2.319692938883083144e+01 -4.164282912634496014e+00
2.320774786336740192e+01 -3.635319982703357766e+00
2.317488658550043112e+01 -3.103495670679595975e+00
2.318808012245666816e+01 -2.568487779929505166e+00
2.319118753790893095e+01 -2.052655546204761094e+00
2.317769863333693081e+01 -1.506502082192366032e+00
2.317739645791122882e+01 -9.803314229497424037e-01
2.319306152130884868e+01 -4.744953576631019132e-01
2.317309980269959624e+01 9.882732908647895442e-02
2.314329611004477982e+01 6.112032748740006127e-01
2.313703509703010752e+01 1.141171215454935606e+00
2.313912878971677856e+01 1.691922262333470428e+00
2.315628954422944474e+01 2.227370324084922970e+00
2.314179860722185111e+01 2.745297885159921236e+00
2.315109301220199711e+01 3.247558011144437984e+00
2.314388723603628506e+01 3.776693020594585448e+00
2.374109125827961009e+01 -4.159236185416094855e+00
2.372253111359324862e+01 -3.637956777000567854e+00
2.372422500733900108e+01 -3.092976682089886964e+00
2.374234641732294904e+01 -2.565708891885002174e+00
2.372812942611368214e+01 -2.037554206973240412e+00
2.370780535738682460e+01 -1.487659916121003789e+00
2.372044821067834164e+01 -9.571725667029120643e-01
2.370448906711099113e+01 -4.348010788448384289e-01
2.369484318417801205e+01 7.369261243577795994e-02
2.370443516553659435e+01 6.094916781555106411e-01
2.367499646975976901e+01 1.140942262444774258e+00
2.367654121226257047e+01 1.705347795106714415e+00
2.365985299624699678e+01 2.212071762857608093e+00
2.367117453345916545e+01 2.734758243808624201e+00
2.367000955006113827e+01 3.274116538819455968e+00
2.366022791873702147e+01 3.785832570537554176e+00
2.426419380512502499e+01 -4.173014436756924184e+00
2.427700726799105979e+01 -3.614996236089794479e+00
2.426816833042598631e+01 -3.102591968730852301e+00
2.426083481337585113e+01 -2.563081858422169290e+00
2.424700913536294422e+01 -2.024477349055544551e+00
2.424025480367741636e+01 -1.493391105628973037e+00
2.423998854599606290e+01 -9.696292980717053922e-01
2.423906425229495198e+01 -4.435188678333901180e-01
2.423781054749545660e+01 8.156321797480003966e-02
2.422597187967744503e+01 6.164131793977603024e-01
2.423367657121018226e+01 1.138257436714003035e+00
2.422972253649678009e+01 1.679768849731466673e+00
2.421131295443087339e+01 2.221383745459021952e+00
2.423815464297205580e+01 2.717405757119745857e+00
2.421315918735385253e+01 3.254435195442912487e+00
2.421455591994700285e+01 3.789910695457635370e+00
2.481529601227692439e+01 -4.161769799923183299e+00
2.480905819492587483e+01 -3.624291253840484117e+00
2.480436452867650132e+01 -3.093352129512105364e+00
2.479883751305767703e+01 -2.576019717847575663e+00
2.479377348440102224e+01 -2.020913942836529031e+00
2.478668334097756087e+01 -1.499234575430893557e+00
2.478286596622265137e+01 -9.788011694131206752e-01
2.475527260996189227e+01 -4.448239283130206445e-01
2.475226023468724179e+01 9.820594253142900243e-02
2.475648786295010240e+01 6.211229134490459103e-01
2.475894070496668320e+01 1.126685501080334717e+00
2.476225690676110247e+01 1.675351993416139607e+00
2.482115532605523356e+01 2.205355106370689100e+00
2.478007696014847738e+01 2.738454342443834122e+00
2.476150054499247233e+01 3.274596671484825805e+00
2.473774483732766782e+01 3.778434451901585334e+00
2.532914293838730657e+01 -4.156563815569164433e+00
2.533512914300494856e+01 -3.618693256396671387e+00
2.533302133953738888e+01 -3.090081182496632550e+00
2.532606958161123600e+01 -2.583379612422984195e+00
2.533115788255148004e+01 -2.025417801263628803e+00
2.531018052564018461e+01 -1.495742046380843959e+00
2.531823341939223582e+01 -9.772557663316234766e-01
2.532172022472732209e+01 -4.383783615052010418e-01
2.531008669596093341e+01 8.197932398092788731e-02
2.531007481753475474e+01 6.128653614865235966e-01
2.531894967190253709e+01 1.145229474850811613e+00
2.529922628957524466e+01 1.676835478586212957e+00
2.529932939764303512e+01 2.204051983352709243e+00
2.532968404076522972e+01 2.735323951767799855e+00
2.529309346451904617e+01 3.261798293455001385e+00
2.527456906876106757e+01 3.792687128432966404e+00
2.589745572538683405e+01 -4.156511450759824200e+00
2.586253314783873947e+01 -3.624004907995992397e+00
2.587963145879327698e+01 -3.093181956768283669e+00
2.586370975558585883e+01 -2.568031996447011522e+00
2.585938717003841703e+01 -2.029188645000598257e+00
2.584343983994058647e+01 -1.511074173289674860e+00
2.584214118697781970e+01 -9.704205315970604317e-01
2.585590398188662675e+01 -4.358276362455093533e-01
2.585867579820464357e+01 8.980044569538492283e-02
2.584947272393473128e+01 6.126816291470973397e-01
2.584254637360228202e+01 1.144553943539825980e+00
2.584071764146698058e+01 1.678887651643584888e+00
2.585180699881910726e+01 2.213197693866131743e+00
2.584609536382075845e+01 2.727303570184922421e+00
2.584863714259248013e+01 3.253842641528379431e+00
2.585199837657856392e+01 3.788599533918816320e+00
2.643693243617670419e+01 -4.149937898185182661e+00
2.639181624249008706e+01 -3.661433121008981217e+00
2.640839651630990659e+01 -3.087033926601161937e+00
2.639651308578029187e+01 -2.568195658796245340e+00
2.640712916498001306e+01 -2.037460364990536732e+00
2.642443872903375990e+01 -1.515398876974238362e+00
2.641725561113654663e+01 -9.628496386289278064e-01
2.639129005363250258e+01 -4.304009776858173097e-01
2.639723422484233595e+01 8.538626378135560913e-02
2.637030890367358182e+01 6.225266794436450368e-01
2.637479413011964624e+01 1.134315150317494414e+00
2.639696623449788859e+01 1.687503977492653462e+00
2.638142489964572235e+01 2.208208125214991213e+00
2.635780910201761884e+01 2.717731642164213923e+00
2.635276357650048595e+01 3.250292009439792906e+00
2.635917359157884476e+01 3.798571068200072176e+00
2.694643303568439308e+01 -4.152405808565706735e+00
2.695131013526031438e+01 -3.626404033991256881e+00
2.695882529418815921e+01 -3.104243121021900365e+00
2.694898186047636557e+01 -2.570368534217312373e+00
2.695048068733247959e+01 -2.024658300132497146e+00
2.694900855108802773e+01 -1.522056957868841209e+00
2.694269027189675114e+01 -9.836017322438728172e-01
2.695490768785629854e+01 -4.283420113553866315e-01
2.692619511623092166e+01 7.750824450176452274e-02
2.693268615806948674e+01 5.997061952093325488e-01
2.693694233993146980e+01 1.135803546594420510e+00
2.691986528423722547e+01 1.675163661057890607e+00
2.690276678509751207e+01 2.219046505817985349e+00
2.691473510571309191e+01 2.750725528596706937e+00
2.691697550334317413e+01 3.246274577268966510e+00
2.690435818733413953e+01 3.797699896914345175e+00
2.747935432583199145e+01 -4.163389385671939280e+00
2.748665818891134904e+01 -3.638011269621900468e+00
2.748984553486700122e+01 -3.102153603192283171e+00
2.748127827926844446e+01 -2.558417795211685331e+00
2.749743357661873233e+01 -2.021530157230397862e+00
2.748542669759743973e+01 -1.512110049237115561e+00
2.747279347784431991e+01 -9.704342855177543470e-01
2.748021007059998766e+01 -4.326757235149010228e-01
2.746539125799805703e+01 9.462505179962477087e-02
2.746412574659690620e+01 6.266832406428264335e-01
2.748592707590960060e+01 1.167961411885226397e+00
2.746869174459376239e+01 1.669086412709983591e+00
2.746361926820940624e+01 2.212881634150445365e+00
2.745874793127404700e+01 2.714750893248400132e+00
2.744027657398734732e+01 3.251264220907806646e+00
2.744159712058267786e+01 3.810145950876041354e+00
2.802215463130341533e+01 -4.144422706953893254e+00
2.800873409056210050e+01 -3.636679073105435478e+00
2.799986043736498686e+01 -3.110046657882218568e+00
2.802284111957478530e+01 -2.566703297224314895e+00
2.800558298816079628e+01 -2.031203473863577358e+00
2.803550043396198532e+01 -1.505517531131292941e+00
2.801863523505353726e+01 -9.745459394836117895e-01
2.800760851633697257e+01 -4.466452764162660571e-01
2.800754303185338756e+01 8.503525072746498381e-02
2.800605372075126809e+01 6.224272354662119255e-01
2.801257877971772103e+01 1.157539839023627337e+00
2.799358972335581086e+01 1.681789860853939444e+00
2.797768804275665389e+01 2.219908180535778541e+00
2.798730022988727484e+01 2.746520159551234741e+00
2.798420614884491187e+01 3.272578710501299781e+00
2.797511146937000603e+01 3.798476854724153640e+00
2.855391760302313742e+01 -4.148873201799176513e+00
2.857588557185545852e+01 -3.643915722640677757e+00
2.857061572768776614e+01 -3.089223182503086917e+00
2.855811659093506449e+01 -2.550894248987816582e+00
2.855021516799667580e+01 -2.032518199950562376e+00
2.856232065961311406e+01 -1.492207317975960734e+00
2.854756826937010317e+01 -9.659896391115978531e-01
2.853779083308725006e+01 -4.418749461248090427e-01
2.854155800891722805e+01 9.205682491283795343e-02
2.854794543239216864e+01 6.463541770051968172e-01
2.854477377105011726e+01 1.156675231401468551e+00
2.853532610690304239e+01 1.663995064811441438e+00
2.852603180067802668e+01 2.197331563012440370e+00
2.854378885689799006e+01 2.734981781984881621e+00
2.854079149848255526e+01 3.278031995567893375e+00
2.852450506576129641e+01 3.824984440794821694e+00
