9.327679585515383565e+00 -4.200958758374758517e+00
9.327184750602764751e+00 -3.694756537060284174e+00
9.257152661306133012e+00 -2.669166070967389004e+00
9.276862186141197952e+00 -2.136644704401387429e+00
9.298172716167883323e+00 -1.635170912439392055e+00
9.254654632729682362e+00 -1.113334244554888386e+00
9.242381889821427166e+00 -6.215479788525897220e-01
9.173718447938242093e+00 4.328638970693816646e-01
9.194593104068783163e+00 9.656586948100631673e-01
9.154096066985641045e+00 1.484031022858108173e+00
9.217672184155166093e+00 2.000968267368477882e+00
9.186661230034630421e+00 2.557633934487604677e+00
9.128110361928143845e+00 3.021237445842189118e+00
9.110227115413245258e+00 3.506123592914892839e+00
9.935437205393810700e+00 -4.189309338774211966e+00
9.897872714056639154e+00 -3.713626087954665422e+00
9.910787119178007032e+00 -3.173215735098846579e+00
9.852801004899394144e+00 -2.147399798499151302e+00
9.815848524500850658e+00 -1.618648356477891070e+00
9.804326812973478411e+00 -1.120428144628032641e+00
9.774614571213586345e+00 -6.080365391532751573e-01
9.795507782180184364e+00 -7.796189939713826789e-02
9.791502298410907912e+00 4.716014409984019551e-01
9.765113264138989280e+00 1.469210880708867961e+00
9.763067572331909361e+00 1.998413242439660564e+00
9.764804273108936172e+00 2.510482767753387634e+00
9.734026759280460794e+00 3.042832668476489033e+00
9.715375214198179066e+00 3.556611141339068638e+00
1.048328412814696620e+01 -4.197322258708103604e+00
1.049737395093078973e+01 -3.704947501538898180e+00
1.044972353680063648e+01 -3.129826631661725145e+00
1.044314420912627739e+01 -2.669674544247811809e+00
1.041999879736000878e+01 -2.143295966807894359e+00
1.041877736658670628e+01 -1.642523364186299517e+00
1.035187204807024841e+01 -1.117941583588095256e+00
1.038188607916994854e+01 -5.877650137970462652e-01
1.038120271653779625e+01 -9.638979503912992186e-02
1.035157395385584067e+01 4.277043638669901782e-01
1.033876437139595339e+01 9.487320581800915420e-01
1.032458207460510735e+01 1.482044283415884678e+00
1.032947933852377531e+01 2.021482372942468686e+00
1.028921662560142636e+01 2.516581985417641221e+00
1.031398858828133314e+01 3.060880438733580178e+00
1.027874880876379038e+01 3.574549450823443664e+00
1.104929378649719851e+01 -4.181971692629652182e+00
1.105311073487772333e+01 -3.674022463977792086e+00
1.103619255308646885e+01 -3.170959610819174657e+00
1.102256849998567745e+01 -2.650089509660663367e+00
1.100841149773527050e+01 -2.128016015202678801e+00
1.099215857315396150e+01 -1.623415321299876979e+00
1.098527602795023839e+01 -5.820063598000935201e-01
1.097430942874358450e+01 -8.483228134659981379e-02
1.096032874693634085e+01 4.563383382840449087e-01
1.091911324246322579e+01 9.272861703140939937e-01
1.089157509316605399e+01 1.488692413907607204e+00
1.087650832034659842e+01 2.004843214878995639e+00
1.085895420674866685e+01 2.530749285870196985e+00
1.085856655688586514e+01 3.054624794744746907e+00
1.087326756031036012e+01 3.572043359599504697e+00
1.165748173578512237e+01 -4.199472611589319726e+00
1.166927890728516815e+01 -3.639425750257878178e+00
1.167386373000594446e+01 -3.059198748913933841e+00
1.161254784881565172e+01 -2.627787077981110997e+00
1.155200158627848595e+01 -2.119749977209387737e+00
1.157063548326937763e+01 -1.642590801832639613e+00
1.155210329086524368e+01 -1.105846466731389199e+00
1.151902279459283207e+01 -5.824727002059404413e-01
1.151291600760957223e+01 -3.623941592795176803e-02
1.150891516264999126e+01 4.780645548871973460e-01
1.148206837454506868e+01 9.727863681017581143e-01
1.145379429855877262e+01 1.476783738895928622e+00
1.144442330885785708e+01 2.018340971909957204e+00
1.143286700024214397e+01 2.548235188153583408e+00
1.145336749994972081e+01 3.027284110158355190e+00
1.143832461023809444e+01 3.576656266290410002e+00
1.220859245123253700e+01 -4.212305972571556367e+00
1.219073954266718118e+01 -3.937036923589955606e+00
1.221999595614228795e+01 -3.177106728754399256e+00
1.218667359212235013e+01 -2.656348888279104870e+00
1.213845713635399903e+01 -2.126750023211808838e+00
1.213290727381869871e+01 -1.636067961115081459e+00
1.210775267833957614e+01 -1.108362442549246651e+00
1.209500211430290406e+01 -5.859084822766078560e-01
1.206291847117160998e+01 -4.179680078707193047e-02
1.207326033997018655e+01 4.840861724418665801e-01
1.208151686178399942e+01 9.825200391222921326e-01
1.203228358956001998e+01 1.455869147258788132e+00
1.198883483369288072e+01 2.019416731337454252e+00
1.200659270866678341e+01 2.576874504805108046e+00
1.204948071774220963e+01 3.042944672211490342e+00
1.208045352850647447e+01 3.570591546293709229e+00
1.282931604323321650e+01 -4.194697226265462930e+00
1.279305493278016925e+01 -3.708164450030334791e+00
1.279578272590945787e+01 -3.161225335049673291e+00
1.276219257353843162e+01 -2.638383818062838060e+00
1.274726245858307294e+01 -2.114942252137431922e+00
1.270595247809603734e+01 -1.586213122634216433e+00
1.270232236958369754e+01 -1.076939646154606578e+00
1.270169740766964139e+01 -5.559870415618881623e-01
1.266289774077777963e+01 -3.632275010109253799e-02
1.267838364562343045e+01 4.790932585862037740e-01
1.261874873527782270e+01 9.764606801759541099e-01
1.264253327999228560e+01 1.511155796167948040e+00
1.262760166503382919e+01 1.989734113834440876e+00
1.263306231287611681e+01 3.063897235123302920e+00
1.261264523755157185e+01 3.576248426279573067e+00
1.344085532127823157e+01 -4.200555474379948251e+00
1.338784235455145577e+01 -3.651730113338556905e+00
1.335404585773637010e+01 -3.183573618188242804e+00
1.331380903049631925e+01 -2.627344754943624849e+00
1.329305583271998970e+01 -2.121730676276037286e+00
1.329791909636562508e+01 -1.557882038941627911e+00
1.326869205602873691e+01 -1.054078004856187079e+00
1.325826002634142853e+01 -5.457313857397956269e-01
1.322326644720038047e+01 -5.602211010773672228e-02
1.321881816161213052e+01 4.684824487418879357e-01
1.323013478902142026e+01 9.689735392321132679e-01
1.319502300621275737e+01 1.483625909377739305e+00
1.318479202515944593e+01 2.008046120492707587e+00
1.320488296583652499e+01 2.558932317660410405e+00
1.319935745505324931e+01 3.064076329362865891e+00
1.318871354533751017e+01 3.608547438228285387e+00
1.405803572174787419e+01 -4.189840169103494105e+00
1.400511910161095130e+01 -3.688007529872946222e+00
1.404829832884452756e+01 -3.187825735171321284e+00
1.392335223548347045e+01 -2.645738585150116506e+00
1.388076046873212022e+01 -2.058575949044861630e+00
1.386740671356653110e+01 -1.576020828643304839e+00
1.383950642514453122e+01 -1.061343556472376548e+00
1.383453493108896737e+01 -5.278936789152304243e-01
1.378729213589078029e+01 -4.654653215886028761e-02
1.376672030932126134e+01 4.668631120869726203e-01
1.378633104975383006e+01 9.721465143681733423e-01
1.377810530096695274e+01 1.475818473480124737e+00
1.377355501079622258e+01 2.068454898858149704e+00
1.374596011430917031e+01 2.531151107993235172e+00
1.371995055274476982e+01 3.601161343158523209e+00
1.461603616030904718e+01 -4.216065281824130651e+00
1.456238172171700995e+01 -3.682386653336463311e+00
1.452893902517291025e+01 -3.191014032011835866e+00
1.448994546060232835e+01 -2.627981503563578514e+00
1.446926054434395326e+01 -2.105148351372772453e+00
1.445797528336806437e+01 -1.598527659485778685e+00
1.448382433686004589e+01 -1.029458784752307565e+00
1.441389273165034268e+01 -5.066677917329087677e-01
1.433894520838357423e+01 -3.915260336846770883e-02
1.440267952211919322e+01 4.671573266565864913e-01
1.436242145016309024e+01 9.833026465897596324e-01
1.434948322676895316e+01 1.499623092422339710e+00
1.434238070407593568e+01 2.027874780025289425e+00
1.431475140703035009e+01 2.546501230604974353e+00
1.427930268337328457e+01 3.084923610478437439e+00
1.430665887726798147e+01 3.600441487673290197e+00
1.516359245013128643e+01 -4.188256737001639252e+00
1.510394401231964423e+01 -3.661191072409945235e+00
1.504975748556058335e+01 -3.129091053118756349e+00
1.506502724402232474e+01 -2.602994959405492637e+00
1.506762161300480685e+01 -2.067967146591719541e+00
1.501549207711627076e+01 -1.576307176193321169e+00
1.499402269353723227e+01 -1.061231832286711807e+00
1.497773593894111599e+01 -5.394774595943765405e-01
1.494313822746639531e+01 -8.830596474513896510e-03
1.493778213452712222e+01 4.920143995479477894e-01
1.492516794044459871e+01 1.024037415310942833e+00
1.518738856712294094e+01 1.574662160024026036e+00
1.486135596022734262e+01 2.013063544461978438e+00
1.488853272884204415e+01 2.559591292142481933e+00
1.486694803276217058e+01 3.091458809570038824e+00
1.486575449453741982e+01 3.647050864726157471e+00
1.569574107771384774e+01 -4.134744056215422958e+00
1.565798054136259765e+01 -3.611336367240397749e+00
1.563308192227420790e+01 -3.078860155821082856e+00
1.564031030253849863e+01 -2.583853665647417586e+00
1.562864875636396889e+01 -2.062802206742208710e+00
1.559853642357541048e+01 -1.571937433242528215e+00
1.555363877045512666e+01 -1.065378447687852059e+00
1.552954107875845580e+01 -5.325633353376098000e-01
1.551042249253604410e+01 -1.406690451915437734e-03
1.549816954051850004e+01 4.987247840627304640e-01
1.548695455126954812e+01 1.017672112294025766e+00
1.557205548595965894e+01 1.568057517064733730e+00
1.546074752451616519e+01 2.049868978426310662e+00
1.545104691338679359e+01 2.565997150911300650e+00
1.542161715115471310e+01 3.107456096331159046e+00
1.547559465003585899e+01 3.618539499623448563e+00
1.625256826047279901e+01 -4.126473349239171640e+00
1.621782654987433503e+01 -3.607123532007419087e+00
1.620659642608676876e+01 -3.090687786512056334e+00
1.618747673924491437e+01 -2.577471041231166993e+00
1.617542548770209621e+01 -2.057227086340486011e+00
1.613441472542671562e+01 -1.592606545350186309e+00
1.612194047992882062e+01 -1.037612715697385113e+00
1.617462048444063782e+01 -5.110310741482848584e-01
1.612168930559154845e+01 9.569631517589272107e-03
1.605770166786291853e+01 4.871659066490501289e-01
1.605726066375695282e+01 1.018856628748661564e+00
1.608316622751098990e+01 1.549707930068606743e+00
1.605610320891869947e+01 2.069357103908203044e+00
1.602935177512204135e+01 2.612219473307241913e+00
1.602553767196093304e+01 3.095805107349352880e+00
1.601373342857005611e+01 3.638903391152989997e+00
1.685868772908396096e+01 -4.128257843422279194e+00
1.681492474441447627e+01 -3.611558384170047376e+00
1.679507233602529581e+01 -3.066512880267891816e+00
1.678695073988273734e+01 -2.614967158042595941e+00
1.676361575454140507e+01 -2.100392328794118413e+00
1.668357537120617451e+01 -1.559940551975905976e+00
1.668752248455554721e+01 -1.041700836917581086e+00
1.669241149370208888e+01 -5.115118282327273391e-01
1.668371466031599226e+01 1.386976440585030446e-02
1.669848557213454399e+01 5.134383142901093322e-01
1.662382949846748659e+01 1.043117652713853261e+00
1.661422767199412931e+01 1.544392055945913000e+00
1.661999170871132492e+01 2.086752575995934222e+00
1.660895633591031029e+01 2.595790096797529145e+00
1.659339979748600769e+01 3.124677619251357896e+00
1.659841586779229416e+01 3.658859082677054175e+00
1.739726188443988164e+01 -4.101568176284130729e+00
1.736586635464733064e+01 -3.611285327301802184e+00
1.736248659669285743e+01 -3.083759999245833328e+00
1.734153989444582322e+01 -2.562330567477680177e+00
1.730582676148021903e+01 -2.087730922038311121e+00
1.729133133609780515e+01 -1.524448050709885649e+00
1.727090413514433820e+01 -1.026867390935162661e+00
1.721537350754285356e+01 -5.235243368736064440e-01
1.722008709829894357e+01 -2.264646146027615714e-03
1.722740672648563276e+01 5.088585817496706909e-01
1.721669583293304129e+01 1.044642038953345065e+00
1.717400445579202994e+01 1.534462979520814230e+00
1.716133832320122465e+01 2.068445726868876733e+00
1.716739793834540606e+01 2.613219234462334839e+00
1.714243865446429993e+01 3.112213926795906360e+00
1.724589394611768967e+01 3.574383737393919347e+00
1.792043515084770178e+01 -4.116020480789790881e+00
1.791910180987560608e+01 -3.616697089045196378e+00
1.792023372077669308e+01 -3.077098380773815478e+00
1.788528708890413554e+01 -2.594542814693507893e+00
1.789370368523530885e+01 -2.072159345771709127e+00
1.788125269330882006e+01 -1.534912854017164818e+00
1.783024649207382595e+01 -1.057343092802504714e+00
1.783756889832189430e+01 -5.195257336620642263e-01
1.778013737878260514e+01 3.363095896926182604e-03
1.777412826398958501e+01 5.306071462061048294e-01
1.776429489603917844e+01 1.069110013762593070e+00
1.775627293841062482e+01 1.571511991057423785e+00
1.774043903280811918e+01 2.098632878987455541e+00
1.773263536474162549e+01 2.568363572691534813e+00
1.785181523995274588e+01 2.946781823308995740e+00
1.777821026479653455e+01 3.565332435529157351e+00
1.854943715055490827e+01 -4.131306330638478741e+00
1.850295450651647045e+01 -3.614732393829541479e+00
1.848249393690948850e+01 -3.101718045635236010e+00
1.846182499472897831e+01 -2.602202218189667349e+00
1.841116642575689610e+01 -2.075305542563583572e+00
1.841740439192221146e+01 -1.548011802847558016e+00
1.842817497537512850e+01 -1.022990922430100369e+00
1.839103985375339789e+01 -5.071249488183937615e-01
1.836173043027849516e+01 8.029916874470188759e-04
1.837814167266836662e+01 5.395327856197091876e-01
1.834600732732875983e+01 1.031506701783332147e+00
1.830181935699307516e+01 1.577061283212731979e+00
1.829680834169117887e+01 2.078496374544364755e+00
1.831907219642257090e+01 2.589655567875535525e+00
1.833685890922581407e+01 3.159173933775484500e+00
1.831486771613389664e+01 3.612997687219291265e+00
1.905747315926162599e+01 -4.135550198898588548e+00
1.908450737277684794e+01 -3.629288402674671232e+00
1.907312382439392096e+01 -3.103088833792540413e+00
1.907836717167109697e+01 -2.578280734954795150e+00
1.899498259409313405e+01 -2.089763017253190469e+00
1.899657364266149884e+01 -1.529979405497869038e+00
1.899073173064332920e+01 -1.018405812174329128e+00
1.895133278837463209e+01 -5.056181533324917154e-01
1.894887847477891896e+01 2.306328786163902578e-02
1.893905965665037883e+01 5.400909318623305921e-01
1.892720617976118547e+01 1.041537499909725994e+00
1.893500932131618342e+01 1.523432514148733929e+00
1.890004588110917538e+01 2.081172710941075366e+00
1.886783672382940580e+01 2.576880702170100790e+00
1.887492205613931162e+01 3.137196805806034661e+00
1.885529178160798836e+01 3.606387244567624606e+00
1.965352111539837665e+01 -4.136205804595961766e+00
1.962990906761045551e+01 -3.621204689498668472e+00
1.961903631365823486e+01 -3.104307765497756222e+00
1.958250562298385233e+01 -2.578470810368809651e+00
1.957084553096013835e+01 -2.021401969210447902e+00
1.956919707293084443e+01 -1.522958411542671087e+00
1.955740959548944957e+01 -1.012648683347688205e+00
1.954506991827485507e+01 -4.961269223708271170e-01
1.952726749989481547e+01 3.005943233107544188e-02
1.949399051960265794e+01 5.373985033951420576e-01
1.948510085386045532e+01 1.049567237194185765e+00
1.948513757638848176e+01 1.543763695504313915e+00
1.948514917507154109e+01 2.072199617387045834e+00
1.945119391264938713e+01 2.595148700038294010e+00
1.945536265095256212e+01 3.155166830545784507e+00
1.944066218626217690e+01 3.657704197982180716e+00
2.022769946833571453e+01 -4.134332189191102458e+00
2.017353198250800261e+01 -3.606701104213602349e+00
2.017204164643521835e+01 -3.076973343512637626e+00
2.017991702208888682e+01 -2.559600780615557625e+00
2.011116570790404268e+01 -2.067403793604285056e+00
2.009727634405497554e+01 -1.566375713170817363e+00
2.010104189302460753e+01 -1.015001820365974083e+00
2.006128517432314595e+01 -4.978889109731525764e-01
2.007936577104122478e+01 3.964419031343169308e-02
2.005604820838134117e+01 5.570515349085880530e-01
2.007623493954394434e+01 1.098091518684800150e+00
2.006376476580656032e+01 1.570714850898959014e+00
2.006065771731031333e+01 2.096309656077124828e+00
2.003427209668858211e+01 2.631301903346997761e+00
2.002548789527268980e+01 3.145120146275971251e+00
2.001602726660566134e+01 3.663465335331387962e+00
2.078997890810144611e+01 -4.130764109964969677e+00
2.074056784428779565e+01 -3.594811223510776088e+00
2.075808516256453373e+01 -3.105406174940116060e+00
2.070460398684436143e+01 -2.559056052832147543e+00
2.073892644668658392e+01 -2.048000209742941280e+00
2.068807983305232767e+01 -1.518594804968170564e+00
2.064136965007917723e+01 -1.019851861576217544e+00
2.063828742247210357e+01 -5.012392308594222357e-01
2.064004514341313268e+01 3.595850733872296701e-02
2.063219084618130239e+01 5.474474465824989977e-01
2.063940008769076684e+01 1.065498653096117465e+00
2.061580864961337767e+01 1.574069585641712621e+00
2.061551238930750429e+01 2.104367890570372879e+00
2.059878452107367508e+01 2.644138764314316603e+00
2.058832704063485153e+01 3.149222030021434193e+00
2.058017893904244033e+01 3.666320375879365656e+00
2.135858870253064623e+01 -4.111107453212330398e+00
2.131954414124128050e+01 -3.584079577298801667e+00
2.131143813545929788e+01 -3.074306053656771454e+00
2.126104166074188129e+01 -2.554808764139501420e+00
2.126330802621719585e+01 -2.053792429139793541e+00
2.125717121469764948e+01 -1.529982611764005185e+00
2.125478880909568602e+01 -9.895241286264280234e-01
2.123241769034661530e+01 -4.871087328381626946e-01
2.121964597236850381e+01 2.588049328963037965e-02
2.117669415019071977e+01 5.307373910928596672e-01
2.117562246929782077e+01 1.056424130477495282e+00
2.117873061698632853e+01 1.597263938067165157e+00
2.117930399164522015e+01 2.156424107577894489e+00
2.113998471046257777e+01 2.447466065687599723e+00
2.116374488812242305e+01 3.098985616199417592e+00
2.113053774424731301e+01 3.661547091269770959e+00
2.191406991576470631e+01 -4.128368773589377483e+00
2.189294781487934216e+01 -3.601121298239549517e+00
2.186032696978156054e+01 -3.056815026161103788e+00
2.184145931350768421e+01 -2.550701158483970943e+00
2.181971383499867301e+01 -2.047507675191411636e+00
2.180715443126270969e+01 -1.526561918905859017e+00
2.183532269076332000e+01 -9.965469564264104463e-01
2.176330014288688375e+01 -4.747676356818999466e-01
2.177811274187678237e+01 5.021856749847231072e-02
2.176902976750028529e+01 5.334029818846168780e-01
2.176984287117002737e+01 1.081103243278146664e+00
2.174820490004130136e+01 1.617517370887206596e+00
2.175510151393071112e+01 2.166001668055173468e+00
2.175979863784811386e+01 2.598187040806980264e+00
2.172523932578037886e+01 3.127955771973411458e+00
2.171053087886459565e+01 3.661412866143336942e+00
2.246091556978856119e+01 -4.117611583853820534e+00
2.247066782469399726e+01 -3.600033722927097557e+00
2.240656203029627136e+01 -3.088757934099763958e+00
2.241638833787488494e+01 -2.554737436114415061e+00
2.241054322760066952e+01 -2.029080659590665192e+00
2.238021762866652864e+01 -1.536229535183707640e+00
2.236374460073020032e+01 -9.993731413375073203e-01
2.237555980961420232e+01 -4.856934090020494921e-01
2.234700723980810722e+01 6.839382139677141481e-02
2.232278421178511962e+01 5.575153739408023057e-01
2.231101412187933164e+01 1.077208751474735493e+00
2.231004466299607003e+01 1.599352185941523175e+00
2.233130780706081708e+01 2.153337826406112043e+00
2.229734820060579636e+01 2.675009340350221976e+00
2.230266720680232595e+01 3.166661113017820384e+00
2.229235729916822351e+01 3.678340562746022613e+00
2.301667569674798131e+01 -4.110578811907583230e+00
2.301035790417732585e+01 -3.574081395270770400e+00
2.296871920581556026e+01 -3.053533476188370344e+00
2.298947456534877176e+01 -2.536112262732515887e+00
2.295670000580808079e+01 -2.031699976726088153e+00
2.291662610122121180e+01 -1.498161567883364853e+00
2.290888503402969434e+01 -9.666888262292658851e-01
2.291272468432520526e+01 -4.627304856185681103e-01
2.289961402944613411e+01 3.466295941797881142e-02
2.289153998209695118e+01 5.557349126749002721e-01
2.285712317845118946e+01 1.082695402389983741e+00
2.285866984006053571e+01 1.643411120885435395e+00
2.283681092115913458e+01 2.136838832180771419e+00
2.283819318979882951e+01 2.655486268796199312e+00
2.284716026100557684e+01 3.199301681290723565e+00
2.283198448115139456e+01 3.665119342815781778e+00
2.352962341640335353e+01 -4.140097720166554751e+00
2.355863859364201573e+01 -3.564083288656506809e+00
2.353651532131596014e+01 -3.071350211316158152e+00
2.353182370811406798e+01 -2.505962170461199179e+00
2.349397409664503300e+01 -2.007202224278767488e+00
2.349545258126198632e+01 -1.501882738429678454e+00
2.347556329565818345e+01 -9.831444508954483297e-01
2.345573230012873012e+01 -4.532141646277771940e-01
2.348184148079703704e+01 5.825110013593359781e-02
2.343597617009456968e+01 5.529737900026283626e-01
2.345028819775506435e+01 1.071569710771512973e+00
2.343935883486844318e+01 1.631752024133650281e+00
2.342634704186578176e+01 2.150030891496744090e+00
2.345176271160008241e+01 2.636958845435170673e+00
2.340076019785504968e+01 3.174095276712876057e+00
2.343177771655741992e+01 3.678511462040400914e+00
2.414856599117682379e+01 -4.103824797827375193e+00
2.411140463854119531e+01 -3.537933122721566903e+00
2.409111397882228545e+01 -3.090576203638361719e+00
2.406553675091014810e+01 -2.539640067513147415e+00
2.405099622318405750e+01 -2.004151821424613900e+00
2.403659601373581012e+01 -1.499465550345703946e+00
2.403016026742289313e+01 -9.796503829635874183e-01
2.399305102908672183e+01 -4.449627711289849685e-01
2.400394079250397539e+01 8.938519525262478282e-02
2.401020481879913859e+01 5.729566980045461833e-01
2.399524171226402558e+01 1.064925171016302130e+00
2.399769206600283411e+01 1.608962724176141279e+00
2.400525211232939427e+01 2.147096795380363687e+00
2.401336607293615089e+01 2.670289535173687057e+00
2.398155009596472809e+01 3.197732445779635668e+00
2.396759424757563295e+01 3.702353324993580941e+00
2.465392422482903356e+01 -4.120749547043681460e+00
2.468182114319565557e+01 -3.571193435245424652e+00
2.466702875520906701e+01 -3.047227404927891570e+00
2.463971808173285183e+01 -2.538139821590565504e+00
2.464178659183628639e+01 -1.977680961296979234e+00
2.460469449152401467e+01 -1.483650551261742834e+00
2.460810700974813159e+01 -9.616267041252832826e-01
2.459198018078419068e+01 -4.309328969588506197e-01
2.459178109292969339e+01 6.062012742622613359e-02
2.458056185044915765e+01 5.786258509450874499e-01
2.458171035124360060e+01 1.107229455722755773e+00
2.456376624591651847e+01 1.638912017918549680e+00
2.454749520512146432e+01 2.175004314111330217e+00
2.459934621761973261e+01 2.668238923773415650e+00
2.455603160459656209e+01 3.148522699955186965e+00
2.454294471309086845e+01 3.678975768032504590e+00
2.526371268349163302e+01 -4.100715992958113176e+00
2.522609955191575892e+01 -3.568644456941742149e+00
2.524678682866208845e+01 -3.039870672194613377e+00
2.519669970399996828e+01 -2.532266466916773595e+00
2.520362542523687921e+01 -1.994044477277324035e+00
2.516157032831628726e+01 -1.483585068495678172e+00
2.513462984612155537e+01 -9.580787942888342457e-01
2.515747819660283824e+01 -4.500864749330197867e-01
2.516051508432760642e+01 7.004493445341353208e-02
2.513310444494776874e+01 5.995251370006968727e-01
2.510919844877714269e+01 1.103978418753360558e+00
2.512257305027761589e+01 1.633666914998762820e+00
2.513110515395664635e+01 2.173961938826888485e+00
2.513511193441753733e+01 2.656558509594812989e+00
2.515084240260312498e+01 3.144995241419433540e+00
2.512060572545340165e+01 3.694051781740871121e+00
2.583089187550631038e+01 -4.079151355627425701e+00
2.546168684655918923e+01 -3.615992706295086734e+00
2.577973819921209753e+01 -3.020507653157320505e+00
2.573792849744448574e+01 -2.506823652666994917e+00
2.577644077564709590e+01 -2.010157625553532057e+00
2.578935999357229747e+01 -1.481790596404170657e+00
2.576149635636002699e+01 -9.451224706543115417e-01
2.572424979364988218e+01 -3.879522695541375299e-01
2.568843694119738785e+01 3.244348613053915642e-02
2.569273501071224075e+01 5.972959222798230883e-01
2.567973196541269942e+01 1.099550654345353706e+00
2.567967548244849496e+01 1.639801927989637420e+00
2.567662993929436510e+01 2.165799569490673093e+00
2.567938706739007415e+01 2.658254508351138412e+00
2.570129214952703478e+01 3.136769269561646922e+00
2.565153695638728948e+01 3.706356538633837516e+00
2.635681445957590086e+01 -4.117687293123221792e+00
2.635260968854839803e+01 -3.570948075181121339e+00
2.637397244819084818e+01 -3.051045054903234188e+00
2.629753541296246766e+01 -2.510734235881979970e+00
2.634430420024267505e+01 -1.990837608169545803e+00
2.632692116753650424e+01 -1.485074897039091013e+00
2.630509150994107870e+01 -9.634013196808979274e-01
2.631538964042130857e+01 -4.074418694356936044e-01
2.629771178352650196e+01 8.072447214073008581e-02
2.630344454427265788e+01 6.212428614015799155e-01
2.628374771799983023e+01 1.121976074483146846e+00
2.626304465390577292e+01 1.641530726125626671e+00
2.625545884124863960e+01 2.170872510595515337e+00
2.621964982211950712e+01 2.664231191319750280e+00
2.635722309688890164e+01 3.072819945004003017e+00
2.624530627851700615e+01 3.701580473519122449e+00
2.688973663994995889e+01 -4.094902089983271765e+00
2.689720735308355160e+01 -3.562223798651723783e+00
2.690995665386623159e+01 -3.037695780603391071e+00
2.689295768842416123e+01 -2.505693808338563144e+00
2.692068668787210584e+01 -1.993058550478707502e+00
2.689910366211169901e+01 -1.493730837235009545e+00
2.688856553202834476e+01 -9.679766629248298671e-01
2.689067327587407163e+01 -4.266867428806584428e-01
2.685407541007963061e+01 8.714613163605022805e-02
2.683209370598382293e+01 6.121950153286590535e-01
2.685211707314526564e+01 1.183032086434341323e+00
2.686009524883484545e+01 1.631314677519853262e+00
2.687393892076610769e+01 2.166546049688452769e+00
2.685660729001056524e+01 2.652256306438061983e+00
2.679489909971080408e+01 3.164564979175239046e+00
2.679164127834204123e+01 3.721438552880599104e+00
2.746545872671723743e+01 -4.081924399719945029e+00
2.743234283926815209e+01 -3.566850438993579786e+00
2.742178265706252915e+01 -3.045366764962906814e+00
2.748136859558814393e+01 -2.520577308957847151e+00
2.745050915770576694e+01 -1.973304186478689104e+00
2.746681832385698385e+01 -1.496993083772419908e+00
2.743838379619933932e+01 -9.428648690475576188e-01
2.742438015022835174e+01 -4.145005666137286937e-01
2.743537972977657091e+01 9.134345497163565142e-02
2.742463677653022813e+01 6.247552595771210804e-01
2.742188627821733604e+01 1.134739881101669567e+00
2.736599352818718245e+01 1.635782586256620874e+00
2.738260812609990325e+01 2.168115267707666050e+00
2.738188233058954069e+01 2.674254385863044092e+00
2.736175401690758235e+01 3.195649715822575843e+00
2.734286044759303991e+01 3.723534082059178019e+00
2.800973686859157397e+01 -4.078605644038013622e+00
2.804213374716997720e+01 -3.567390870109889534e+00
2.802673560152819476e+01 -3.035865120604116285e+00
2.799663349629696540e+01 -2.494331817316737698e+00
2.800365970882853617e+01 -1.996864078692162536e+00
2.801194136383686129e+01 -1.459154054857240368e+00
2.800439910547952849e+01 -9.420725451654483606e-01
2.797379110748426712e+01 -4.441961420547144712e-01
2.796271415754676326e+01 9.679955781293969608e-02
2.797241068496620642e+01 6.478488317015234088e-01
2.798793022856735035e+01 1.156226309568005206e+00
2.796486575050063550e+01 1.629797756407260323e+00
2.794714364354191360e+01 2.163671417984559753e+00
2.795387601676092970e+01 2.694123118954070861e+00
2.795757990408247906e+01 3.223579346293487191e+00
2.795202481296055197e+01 3.769866446245028868e+00
