9.863634751188300243e+00 -4.153858029317435197e+00
9.855739579671201511e+00 -3.645371334045574230e+00
9.810789813190975650e+00 -2.633775744817540954e+00
9.799745090954328219e+00 -2.076813162055682227e+00
9.823723549584784109e+00 -1.584704308990996680e+00
9.789223697010317693e+00 -1.058169973516633888e+00
9.771677798476925858e+00 -5.586289576039575877e-01
9.711432886077446369e+00 5.078342302318326063e-01
9.702226256389529624e+00 1.020218908248278211e+00
9.691889673045331222e+00 1.569449890444449380e+00
9.734854115900052562e+00 2.066319389543966878e+00
9.713873462863901409e+00 2.593694124071248552e+00
9.664547581204910642e+00 3.119164175278850593e+00
9.678408899356885087e+00 3.652971555089720823e+00
1.047505296267667774e+01 -4.147097428922306150e+00
1.041764584864361964e+01 -3.664817131985639520e+00
1.041765841211897481e+01 -3.118961554730441676e+00
1.037310817064970436e+01 -2.082703221314567088e+00
1.034339837615813806e+01 -1.554437464970341409e+00
1.033394436998978350e+01 -1.058252780710660090e+00
1.029735243039332815e+01 -5.352379394476685093e-01
1.030960810787359705e+01 -1.390113792748692845e-02
1.030029015930235659e+01 5.306735821644359419e-01
1.028468584333777969e+01 1.548028948274723149e+00
1.028547219170759419e+01 2.068601943833368040e+00
1.027328382881660218e+01 2.587037966181309656e+00
1.024839080985415052e+01 3.135165046468788574e+00
1.023428300073241459e+01 3.638517372436997022e+00
1.098890348490788327e+01 -4.145215398150794428e+00
1.100842376376943221e+01 -3.661365004453275063e+00
1.095629590216357130e+01 -3.102460744830899841e+00
1.095894614954803004e+01 -2.602483348304616584e+00
1.092482983826663911e+01 -2.092104671462280407e+00
1.091993823006194830e+01 -1.579798954190522409e+00
1.088434550231123055e+01 -1.058176417333658748e+00
1.089157602121079194e+01 -5.377050495273856257e-01
1.087666044366206819e+01 -1.994375754715704829e-02
1.085626646817796370e+01 5.012275242139310194e-01
1.084982274246091905e+01 1.027592304817215307e+00
1.083333665718904726e+01 1.563236040151977591e+00
1.083490987714995768e+01 2.087573464121643241e+00
1.081064292838295060e+01 2.600189103135551960e+00
1.082280139335274782e+01 3.130872587912779892e+00
1.078994503488564760e+01 3.652967968388107778e+00
1.155094832401130134e+01 -4.134239985315561583e+00
1.155508966113432479e+01 -3.631412463344421582e+00
1.152554419402303409e+01 -3.119695465976315418e+00
1.152907986343499758e+01 -2.591297451474776636e+00
1.151051274121424228e+01 -2.077409631007473223e+00
1.149619514115180507e+01 -1.571862480047240496e+00
1.147559424163977937e+01 -5.130147813397982759e-01
1.146309220886836755e+01 -9.121464228162068366e-03
1.146729246574257743e+01 5.187399594814294801e-01
1.144619508459092216e+01 9.890561298364808351e-01
1.138103687302270473e+01 1.579599205205017398e+00
1.138364910543812769e+01 2.079857580105052506e+00
1.137204661677010620e+01 2.610072244293355936e+00
1.136306578804671474e+01 3.128833121366088932e+00
1.138387599359420221e+01 3.651435254396847796e+00
1.214082158484576013e+01 -4.155319632657320739e+00
1.214223120323512717e+01 -3.601476141805152409e+00
1.212279310951614875e+01 -3.027915394572236352e+00
1.210503225101273728e+01 -2.578867589708821129e+00
1.205614907240058997e+01 -2.061648982705801103e+00
1.205924307753743108e+01 -1.586296181034033026e+00
1.204214427048911418e+01 -1.042863292694008237e+00
1.201251575431616203e+01 -5.194792623817754418e-01
1.200726304143157108e+01 3.626630192755797566e-02
1.200137954791595263e+01 5.360485819658755702e-01
1.197884939216919165e+01 1.053876357574495159e+00
1.194670460333590256e+01 1.551881662453485689e+00
1.194042793689107285e+01 2.097675252291427483e+00
1.193169156779504547e+01 2.621020038166175681e+00
1.194834317070084140e+01 3.114165214502001788e+00
1.194063970776243266e+01 3.640277970255436202e+00
1.268890331160676155e+01 -4.176011649998114805e+00
1.249286633115206868e+01 -3.867441971029078829e+00
1.269584099322590731e+01 -3.131752972336990126e+00
1.266487348816077230e+01 -2.590866015639999631e+00
1.262803184123000833e+01 -2.071442872855506323e+00
1.261695859938764741e+01 -1.573755899820262982e+00
1.259953971422732621e+01 -1.047849835602505664e+00
1.258220225822867633e+01 -5.272274096561879730e-01
1.252783800002098857e+01 2.080805649019623615e-02
1.256665742549128595e+01 5.528959445427474861e-01
1.257621060409564251e+01 1.065915007132499426e+00
1.251629406117455545e+01 1.516839086444960571e+00
1.247810639126119270e+01 2.093346167041822525e+00
1.251010631396919592e+01 2.647555152677124823e+00
1.254101163612457626e+01 3.134768066491119498e+00
1.253720532271078270e+01 3.675147624226482890e+00
1.329807116592132132e+01 -4.156834176476609244e+00
1.326416834866559924e+01 -3.638198623232037576e+00
1.325975493649553982e+01 -3.110942206214003747e+00
1.323194223621500498e+01 -2.588331387291344043e+00
1.321889526571238349e+01 -2.057463581809603426e+00
1.318223052781570814e+01 -1.519924359920484136e+00
1.318588517069818167e+01 -1.004241446992715225e+00
1.319105926839370468e+01 -4.857032274260824067e-01
1.315168054376142948e+01 2.749514025295951569e-02
1.315358488455679975e+01 5.466603816005104477e-01
1.310217937561408874e+01 1.033963263307153824e+00
1.312756143530686970e+01 1.572103801675496015e+00
1.308838922479327138e+01 2.071029705028315959e+00
1.309836173405085802e+01 3.146944630601375081e+00
1.308677063523173700e+01 3.668859157163534945e+00
1.390515950451023741e+01 -4.138355817528720948e+00
1.384772973776759741e+01 -3.606264285768704170e+00
1.382177031486193997e+01 -3.121820827728143399e+00
1.377666954727469673e+01 -2.587845207966434913e+00
1.376699179239503223e+01 -2.065642494326418444e+00
1.377376655304057351e+01 -1.502382662187844886e+00
1.374363697818092689e+01 -9.947181638995381547e-01
1.372472756112671988e+01 -4.795681170296184348e-01
1.369401940192920719e+01 2.203508332281245430e-02
1.369174083984545831e+01 5.333173346340345233e-01
1.369192422428861278e+01 1.049786691386994875e+00
1.364884729813915953e+01 1.550214099590768058e+00
1.365080960184166159e+01 2.099777261741941459e+00
1.368713112036463642e+01 2.633159883660368905e+00
1.364291981172770818e+01 3.149418011587219013e+00
1.365614119623638345e+01 3.698373158106193159e+00
1.448730021147562752e+01 -4.148300200686737327e+00
1.443165483254508175e+01 -3.624040006008041104e+00
1.447216588902376344e+01 -3.127774625356417815e+00
1.436493530392897000e+01 -2.583017825809406531e+00
1.433130402364854561e+01 -2.019397121942031248e+00
1.432427584055602310e+01 -1.522748130059021321e+00
1.429854750350099124e+01 -1.014599368264967438e+00
1.427368355279864787e+01 -4.674729199260418966e-01
1.429229818773478655e+01 2.072407146698651559e-02
1.425127371419225497e+01 5.331684995831622587e-01
1.423798078929931066e+01 1.053519510059132358e+00
1.422657485252427279e+01 1.575975186560462760e+00
1.422915010996615948e+01 2.139267500373275510e+00
1.419811431048477957e+01 2.621402722463056278e+00
1.417242423230273474e+01 3.671166631371722389e+00
1.503695647730209117e+01 -4.161368046383897124e+00
1.498839535044660920e+01 -3.644245146974638416e+00
1.495326094122381377e+01 -3.126461957781973666e+00
1.493610002316246366e+01 -2.574393989177401920e+00
1.491258340260515070e+01 -2.060586102172180745e+00
1.489823781432460592e+01 -1.548581419856866148e+00
1.490962219338732098e+01 -9.922024553782797796e-01
1.483709429993695395e+01 -4.616440727187693938e-01
1.480220477152823122e+01 2.867806416746176978e-02
1.484202139823612399e+01 5.421431951435273788e-01
1.480968256533147809e+01 1.060046116963594187e+00
1.481259403686490828e+01 1.574372634889929401e+00
1.477955728082616460e+01 2.117611261375856202e+00
1.475906973633161456e+01 2.625680979597706965e+00
1.471826595076376165e+01 3.163242339289812577e+00
1.477350418896194739e+01 3.674410285199581239e+00
1.558536573013866899e+01 -4.145472949571654908e+00
1.553780831850381361e+01 -3.604831570928364926e+00
1.549363242236439575e+01 -3.081603593985963840e+00
1.550141076418733377e+01 -2.558415009959006170e+00
1.548985107534453221e+01 -2.025062147974999505e+00
1.545122631097607169e+01 -1.526675776146394270e+00
1.541891606766760248e+01 -1.006952596775665398e+00
1.541288111526758797e+01 -4.833214177627134234e-01
1.538147045872343455e+01 3.879274410979860477e-02
1.537443617358414016e+01 5.648726419637633001e-01
1.535774843349071972e+01 1.084969746215158182e+00
1.548007711017206134e+01 1.634482825875430478e+00
1.536431220461662761e+01 2.100857879620789959e+00
1.532763070902155533e+01 2.633776552970203966e+00
1.530542030704337009e+01 3.161936916344149751e+00
1.531112017435355455e+01 3.729048428957536743e+00
1.610582302177128611e+01 -4.103183214676107582e+00
1.607861924981937563e+01 -3.584628214425773507e+00
1.606049223208996324e+01 -3.057357482224340117e+00
1.605278966413626307e+01 -2.550886099370892168e+00
1.603406328164762229e+01 -2.024646919239675213e+00
1.602004431810296836e+01 -1.529171940911638217e+00
1.598009913509000413e+01 -9.876035723387452947e-01
1.597058929982516773e+01 -4.613351867473092227e-01
1.593756447492386741e+01 5.493066023118231556e-02
1.593449060978348442e+01 5.693166620515661691e-01
1.591808333007434229e+01 1.079486984985774001e+00
1.595863536948082384e+01 1.613576768778749226e+00
1.589284672302886037e+01 2.112616803734677973e+00
1.588656475010670377e+01 2.657623144836762208e+00
1.585711425627227200e+01 3.186853304196944237e+00
1.590338045326167560e+01 3.698340965241094125e+00
1.665970307899022984e+01 -4.096536187116441852e+00
1.663173940377717486e+01 -3.575944300921111818e+00
1.661940057351015199e+01 -3.048059005229561080e+00
1.660047705389069606e+01 -2.534167561089272880e+00
1.659567983882279307e+01 -2.019982401189512444e+00
1.655069901355825124e+01 -1.532486368215728589e+00
1.655236190160799836e+01 -9.854456433968437068e-01
1.657078246378295816e+01 -4.658705848911921521e-01
1.652626570847886711e+01 5.822665420809869374e-02
1.647809730592798161e+01 5.417461140015724652e-01
1.648151561571243562e+01 1.088681247335046010e+00
1.649498361017800008e+01 1.612791318541749064e+00
1.647240814501011386e+01 2.141000713164245894e+00
1.644628400630604759e+01 2.679219169274286827e+00
1.645278666572520976e+01 3.180599249995182731e+00
1.643955785811498771e+01 3.712602994359983200e+00
1.724202919036236636e+01 -4.094545211998440237e+00
1.720769485704418500e+01 -3.583278616414860451e+00
1.718549453438531316e+01 -3.035838303384084114e+00
1.718358703151758604e+01 -2.564527515789180256e+00
1.714864998439191268e+01 -2.048973660551908438e+00
1.708910663798310736e+01 -1.505463008513050482e+00
1.709600421927150649e+01 -9.888403603862556679e-01
1.709553237158729999e+01 -4.623557508240487834e-01
1.708385679609908081e+01 6.736207010310124588e-02
1.709227964747655548e+01 5.781421201422709544e-01
1.705046273069962126e+01 1.110662837088693067e+00
1.702399849432977774e+01 1.600554902727139961e+00
1.702855685901038640e+01 2.144594020521413569e+00
1.701363256685358394e+01 2.665543777956088434e+00
1.700974666599486440e+01 3.205256572334263865e+00
1.700222372001678650e+01 3.732111144388703394e+00
1.777326253609401263e+01 -4.075460533452460510e+00
1.774762341525736176e+01 -3.575736301633190450e+00
1.775102459073596251e+01 -3.052788445635640002e+00
1.773083245451078582e+01 -2.520027254703606445e+00
1.769661819981575590e+01 -2.040798617972054529e+00
1.768136235332193706e+01 -1.483334446880405721e+00
1.766256047611554791e+01 -9.803129139522326341e-01
1.761077005729154621e+01 -4.641230248684031778e-01
1.761391620108092582e+01 6.744401273977018718e-02
1.761863164822607430e+01 5.756137746705505265e-01
1.760557660799441493e+01 1.112323425689325518e+00
1.757108829339503586e+01 1.609347407686549047e+00
1.756226977252340049e+01 2.133788301905649831e+00
1.757245275336802592e+01 2.675115582028574579e+00
1.754027017108212050e+01 3.196134784209746726e+00
1.760761003068712327e+01 3.671665534827116772e+00
1.830741888861115285e+01 -4.097292860964170558e+00
1.830199786073569257e+01 -3.589066257407152349e+00
1.830076388569651158e+01 -3.044518873631163913e+00
1.827770371630094459e+01 -2.549509748641064277e+00
1.826511285713792176e+01 -2.032442635182594159e+00
1.825723028432981465e+01 -1.498625322377918678e+00
1.822353730329189503e+01 -9.886930327161245202e-01
1.822009356863150487e+01 -4.629623412404555438e-01
1.817638010335370780e+01 5.968284070846863187e-02
1.816081840915915890e+01 5.932772591826811492e-01
1.814900232572089323e+01 1.122274042903807612e+00
1.814438667054558962e+01 1.630223879093097850e+00
1.813272185855143803e+01 2.159093386812745763e+00
1.812671847537493264e+01 2.639751967118414200e+00
1.817281263981722716e+01 3.077781424051259762e+00
1.814621561462069721e+01 3.664533904072719395e+00
1.890456631962074141e+01 -4.104566686342153048e+00
1.886777781944944365e+01 -3.587517919212142914e+00
1.886002124444827288e+01 -3.065569016064085162e+00
1.881613227832844260e+01 -2.560443407376311598e+00
1.879007135473584000e+01 -2.040471197032310613e+00
1.879494981967268075e+01 -1.499721502913754279e+00
1.880381024025185255e+01 -9.808399429741996300e-01
1.877028147006393510e+01 -4.527819410393298938e-01
1.874864058093512398e+01 5.371385484269808330e-02
1.874970774956314656e+01 5.944252782679804170e-01
1.872193399326418373e+01 1.099154786924504634e+00
1.868799189079865641e+01 1.640008656035579548e+00
1.868029878595237392e+01 2.148714182279199747e+00
1.870901615759850500e+01 2.669038300724178470e+00
1.870974095052799768e+01 3.213520077418440479e+00
1.868791709641017817e+01 3.693298799796036036e+00
1.941093949726959522e+01 -4.109148620074716263e+00
1.943779015970115154e+01 -3.598916636628736399e+00
1.943028236173176992e+01 -3.074763606778349256e+00
1.942412292637549243e+01 -2.549428714376997362e+00
1.936047611071139229e+01 -2.045203119171159045e+00
1.936161623811432264e+01 -1.488738709123879289e+00
1.934819020715505644e+01 -9.761308992200632417e-01
1.931745927963812903e+01 -4.561476879089489955e-01
1.931520864924293690e+01 7.290114043263784538e-02
1.930273357619948627e+01 5.883969078542179432e-01
1.929333286064332142e+01 1.103346580117385400e+00
1.927062945210858302e+01 1.602029817761977171e+00
1.927015722138936837e+01 2.160543308205149060e+00
1.923748731376100096e+01 2.651078513632821654e+00
1.924200946537857249e+01 3.204444056603637847e+00
1.922567436885793768e+01 3.679295690578172184e+00
1.999913186628906914e+01 -4.113301097296961473e+00
1.997764237337511162e+01 -3.587709004153227355e+00
1.996031773294753719e+01 -3.069881980237848751e+00
1.994105589681183233e+01 -2.551504668043424573e+00
1.992530027288285055e+01 -1.995381801673325128e+00
1.991834954158277071e+01 -1.484785786947313113e+00
1.990693592244443266e+01 -9.647026845329236266e-01
1.989715050791033235e+01 -4.436696887936726341e-01
1.988807636639317167e+01 8.590294018060617987e-02
1.985990786985556511e+01 5.962998401362149536e-01
1.984718365250862959e+01 1.112576816648076061e+00
1.985363849104382794e+01 1.618138179760368445e+00
1.984344197258068121e+01 2.144318467157287245e+00
1.980761835310427088e+01 2.667651843998090300e+00
1.981524450627301803e+01 3.219758997734182060e+00
1.980757113498458111e+01 3.718822971428330959e+00
2.056696742898080288e+01 -4.113686719736666220e+00
2.051133630897280113e+01 -3.577467923134822314e+00
2.051639665391736855e+01 -3.047580404761514927e+00
2.053366592053018280e+01 -2.532326595990848972e+00
2.047762308496609052e+01 -2.055246529007280998e+00
2.044408044494006305e+01 -1.526178307726773653e+00
2.045039407850818947e+01 -9.686724109770992186e-01
2.042590699961277068e+01 -4.483496358409233551e-01
2.043699012874490251e+01 8.693294979766008623e-02
2.040861958733339065e+01 6.130349617333834544e-01
2.042452911337998245e+01 1.150742573956410553e+00
2.041423970323300097e+01 1.632914351107313422e+00
2.040530636477079440e+01 2.164677900637123287e+00
2.039145613744042151e+01 2.694121523625010894e+00
2.037358172952367852e+01 3.212216774358072513e+00
2.036055270262218642e+01 3.735355380689050264e+00
2.111770839038657499e+01 -4.113970793035718998e+00
2.107116266285224526e+01 -3.574399849921158889e+00
2.108027800994862133e+01 -3.063147012765492505e+00
2.105144204555754328e+01 -2.523292978300926137e+00
2.103322932528601541e+01 -2.015014312282730202e+00
2.102635971848857821e+01 -1.487779951755637597e+00
2.099419142897713186e+01 -9.928865199477243664e-01
2.097791344834114113e+01 -4.627893913706877527e-01
2.097759265671462714e+01 7.967971484413283179e-02
2.097211093045490315e+01 5.948696337132233225e-01
2.097703805138062449e+01 1.119822555803910547e+00
2.095144819271165915e+01 1.635114684593677481e+00
2.095139028724683072e+01 2.172843547728593450e+00
2.094062846141636669e+01 2.708440599216288547e+00
2.092930185865898096e+01 3.201174981862330071e+00
2.092024382638127378e+01 3.738517021854267597e+00
2.167743491593805771e+01 -4.100392155910515868e+00
2.165026821040890326e+01 -3.571014472116042171e+00
2.163236379264976961e+01 -3.056997528604068037e+00
2.159352563655977519e+01 -2.524881160318319218e+00
2.158043055533196508e+01 -2.011654728415400939e+00
2.158460507280575769e+01 -1.485190866038934132e+00
2.157903075514788327e+01 -9.582865297909428648e-01
2.155937688894643856e+01 -4.479857096469714861e-01
2.155041814526295241e+01 7.149981289685314323e-02
2.151957641231794582e+01 5.781079091242844470e-01
2.151153870718115257e+01 1.113165049254956074e+00
2.150574888413243713e+01 1.651475385764957338e+00
2.151140908397290730e+01 2.212243777981747428e+00
2.149630063141405856e+01 2.617534598873163532e+00
2.149671231014546180e+01 3.181746916483380261e+00
2.146451867177704997e+01 3.727072425455538962e+00
2.222110086189277922e+01 -4.106835068110045839e+00
2.218030628177026387e+01 -3.569955226267403248e+00
2.217504741966651238e+01 -3.028162162690966497e+00
2.216841107554236601e+01 -2.533508694781641424e+00
2.213643618152362791e+01 -2.017128080925861155e+00
2.212197503135723764e+01 -1.492218030413365426e+00
2.214081871274689206e+01 -9.641134319715050083e-01
2.209681165991288765e+01 -4.381310774480198234e-01
2.208992247562396471e+01 8.771563998675446783e-02
2.208694007679761029e+01 5.886579711016146632e-01
2.208252310564616749e+01 1.131263815862102007e+00
2.206017607293779292e+01 1.665059204277792304e+00
2.206965975190593809e+01 2.215999736044118151e+00
2.206195412586973248e+01 2.664736236864712282e+00
2.204718921618559335e+01 3.198713681365433104e+00
2.202681438561815952e+01 3.733041504417862200e+00
2.275890885031527944e+01 -4.106026489550586689e+00
2.277939183954925539e+01 -3.586351359135367289e+00
2.270345405407436346e+01 -3.066250932531328743e+00
2.272398577273413878e+01 -2.531389715586787048e+00
2.271861465297646987e+01 -2.003869853607895379e+00
2.269037478751501169e+01 -1.494962942841766562e+00
2.267012241818427043e+01 -9.664713148147789923e-01
2.267593767373108449e+01 -4.444071817089891852e-01
2.264928211889377252e+01 9.484772748670167175e-02
2.263231930960676408e+01 5.982475134983751275e-01
2.261739068372024519e+01 1.126263587143238709e+00
2.262106510940408555e+01 1.653815140870314337e+00
2.263271107860082765e+01 2.203343882374696250e+00
2.260626876494264081e+01 2.728651002900601696e+00
2.260789725326237232e+01 3.218218045920796300e+00
2.259863158838187047e+01 3.738260329731055265e+00
2.332026049025224523e+01 -4.100328975287895972e+00
2.330382856176188966e+01 -3.569458444370413375e+00
2.326389089648814235e+01 -3.029540021737906486e+00
2.329071457227439623e+01 -2.517857776694178540e+00
2.325949160651205005e+01 -2.004534131113377526e+00
2.321677323984692976e+01 -1.464289978910809253e+00
2.320353282351159407e+01 -9.362346714379938817e-01
2.321448224134436344e+01 -4.178056009112012248e-01
2.319396152823922819e+01 7.831860193716622121e-02
2.319108576711596470e+01 6.009098643827393005e-01
2.316396180005223471e+01 1.124914766005574052e+00
2.316444132768209840e+01 1.684752120199018322e+00
2.314169240124203242e+01 2.195205302833272754e+00
2.314110365075842424e+01 2.712063852643495920e+00
2.314911951795585310e+01 3.246562929596628067e+00
2.313431919947507964e+01 3.732304479909149819e+00
2.382379797913154817e+01 -4.127674232988963965e+00
2.384577558605158032e+01 -3.551222771200846395e+00
2.383165956663762586e+01 -3.052935527448312314e+00
2.381326059535610540e+01 -2.494567571023665664e+00
2.378845538663909309e+01 -1.993194182983248908e+00
2.378353185337563502e+01 -1.468848171832025429e+00
2.375972706666733103e+01 -9.499640035983034636e-01
2.375160576075493424e+01 -4.259662731228317512e-01
2.375582086719039410e+01 8.263699447372019335e-02
2.372780401863630573e+01 6.017210590496020473e-01
2.373430714419317411e+01 1.125538516041626025e+00
2.372066066287480623e+01 1.677255707504077265e+00
2.370425606910102800e+01 2.210438348602316694e+00
2.374819790137763675e+01 2.683888821454036844e+00
2.369340955349574784e+01 3.230733631162316044e+00
2.371280479743123948e+01 3.742219184529179898e+00
2.441324103432233983e+01 -4.091275778652475381e+00
2.439134958886775451e+01 -3.540338271521060065e+00
2.437580004840332748e+01 -3.062858448405856748e+00
2.434702534300031118e+01 -2.528399728016179182e+00
2.433542479762112976e+01 -1.979185921108527424e+00
2.433084557102583290e+01 -1.471062043120184626e+00
2.431328121730089009e+01 -9.495948042848212367e-01
2.426716270510139140e+01 -4.150965943367239674e-01
2.428146500488013260e+01 1.219143494442569420e-01
2.429033756642322572e+01 6.233946874794256132e-01
2.427497667449253527e+01 1.111872198884743312e+00
2.427790048179002014e+01 1.661645273123582456e+00
2.433557537991884345e+01 2.184513148640554903e+00
2.428770231221971443e+01 2.723470433437199745e+00
2.426041030275673194e+01 3.251945487684114511e+00
2.424701227616997556e+01 3.749778322950909626e+00
2.492572850622415359e+01 -4.106160131674123193e+00
2.493925003327004930e+01 -3.557779592057393359e+00
2.493208619312723329e+01 -3.039119805672715557e+00
2.490263619935340245e+01 -2.522346272063561656e+00
2.489037710962576710e+01 -1.979709956324622766e+00
2.487371309641360284e+01 -1.459125786705644856e+00
2.487669044174249677e+01 -9.387376712757706798e-01
2.485333599237154800e+01 -4.022003952627244416e-01
2.486064247652450376e+01 1.040939641519074144e-01
2.485265879768880382e+01 6.181997201043252232e-01
2.484773144019088420e+01 1.147202239310662009e+00
2.483832775290881756e+01 1.677294068857978715e+00
2.482620927236427377e+01 2.206676656450770935e+00
2.486229240760666670e+01 2.716817927544397548e+00
2.481736600824253713e+01 3.214586909449199226e+00
2.480845117774489239e+01 3.743098910689454328e+00
2.552381532527220998e+01 -4.090945773150144404e+00
2.547648278384324527e+01 -3.553758658221841671e+00
2.549624279769110302e+01 -3.029734217525192008e+00
2.545690795709072063e+01 -2.516774826024722245e+00
2.546191701399909135e+01 -1.979797787250504371e+00
2.541930421925590622e+01 -1.463828440318284407e+00
2.540274068598607471e+01 -9.393145168623711072e-01
2.542521964206908791e+01 -4.194193778007608842e-01
2.541717305968669649e+01 1.086395571559783946e-01
2.539637507295815766e+01 6.277335072160248330e-01
2.537627552713109935e+01 1.149823819642691092e+00
2.538798803848954577e+01 1.675025755036173791e+00
2.539771395559865397e+01 2.218512446499371293e+00
2.538849803403954297e+01 2.713951949401177899e+00
2.538110701524423973e+01 3.209622662833723439e+00
2.537505729342610294e+01 3.760299571657437667e+00
2.607864947617130014e+01 -4.075739568320617678e+00
2.577592333742393294e+01 -3.565100562384898808e+00
2.602876466704879732e+01 -3.024899532742150399e+00
2.598529550661385201e+01 -2.504625267090421659e+00
2.601735507841566886e+01 -1.995463817040612042e+00
2.603132097701863756e+01 -1.472267220534753562e+00
2.600875227777138576e+01 -9.256984196097945983e-01
2.597933980224031103e+01 -3.778906397033274800e-01
2.597428233554632726e+01 1.064113135773752106e-01
2.594314638729667877e+01 6.317545646082969313e-01
2.594072075039100156e+01 1.146479474648323560e+00
2.592441734246190066e+01 1.688774713624059842e+00
2.592575745619416239e+01 2.210782914183706538e+00
2.592299089852100025e+01 2.711909484759132738e+00
2.591645529304445006e+01 3.199664036443373050e+00
2.589974665147649802e+01 3.762437735097741154e+00
2.658472769869995034e+01 -4.101353893906395598e+00
2.658966690305522462e+01 -3.568805676742817568e+00
2.661023023310352187e+01 -3.038576350754533806e+00
2.654573680822986148e+01 -2.513985990413612370e+00
2.657251120862348159e+01 -1.977515144495757937e+00
2.656214818661027266e+01 -1.470108246215765746e+00
2.654670621546183185e+01 -9.466845063730353615e-01
2.656147188408267823e+01 -3.865190656113384193e-01
2.652808969024944474e+01 1.056995827757134521e-01
2.653223144643613551e+01 6.300400216187327374e-01
2.651969538564015494e+01 1.152236774197138658e+00
2.650401713571488926e+01 1.689142459233860194e+00
2.648939259024853499e+01 2.222501451098089831e+00
2.646340378028106954e+01 2.735836764554878897e+00
2.654864387591344865e+01 3.154156712938469553e+00
2.648219753529488685e+01 3.756909001963730788e+00
2.711676222671376024e+01 -4.087715174579484412e+00
2.713362356483189330e+01 -3.565592810105183474e+00
2.713926363353119342e+01 -3.027942776583424589e+00
2.712185726595670587e+01 -2.494186112329646932e+00
2.714235564673461454e+01 -1.967672513805091228e+00
2.712186853661567909e+01 -1.468426946312309411e+00
2.710536838424841477e+01 -9.387496153360288531e-01
2.710596485339035411e+01 -3.998005943435778420e-01
2.708699506131568313e+01 1.171769490336949104e-01
2.706239928337146239e+01 6.494237125600434979e-01
2.708668719990765794e+01 1.223917319024007355e+00
2.707595857052073285e+01 1.661262415795846437e+00
2.708603357541988998e+01 2.204324634419371876e+00
2.707004389499343233e+01 2.689292600665524446e+00
2.702049350334078071e+01 3.222001589716860792e+00
2.703418508386756258e+01 3.779216928925109187e+00
2.767958080236729757e+01 -4.082118492516876529e+00
2.765748202417195500e+01 -3.577564957887270580e+00
2.763621609092830056e+01 -3.045099027141992210e+00
2.768333841874078871e+01 -2.512614444408011849e+00
2.766214700530559156e+01 -1.956185348767714771e+00
2.768146247078490063e+01 -1.468518863555228648e+00
2.764820997236628841e+01 -9.264404204801230946e-01
2.763380143616551976e+01 -3.920684594775352139e-01
2.765050464053051371e+01 1.130924226611824679e-01
2.763918198260008552e+01 6.351524613229493355e-01
2.763152856243316791e+01 1.174564757101709489e+00
2.758689654649445799e+01 1.678800889735583723e+00
2.759713468145228887e+01 2.212073240576941657e+00
2.759867669293166870e+01 2.726744390272244800e+00
2.757617188619398263e+01 3.243588667440693740e+00
2.756777854801504191e+01 3.772650409905814683e+00
2.821778186444313263e+01 -4.072355981480491494e+00
2.825724550135971214e+01 -3.578301097977263368e+00
2.823843632631032108e+01 -3.044767974755201223e+00
2.821405930080776869e+01 -2.497352751024219941e+00
2.821940687770324274e+01 -1.985361576812319839e+00
2.821420998834757654e+01 -1.434475727200180017e+00
2.820803799048299254e+01 -9.259457453342143651e-01
2.818170138408182623e+01 -4.155861730000758314e-01
2.817520072286654909e+01 1.158766158136899094e-01
2.817916050926741178e+01 6.738124197680370742e-01
2.818890852910373468e+01 1.190893756923721014e+00
2.817179645793799381e+01 1.668324458830703350e+00
2.815723528315803748e+01 2.201486516810984284e+00
2.816279204848314777e+01 2.738982287897314905e+00
2.816376044916491139e+01 3.268738358262432087e+00
2.814163839239681408e+01 3.805802589900650901e+00
