9.476132279252368562e+00 -4.188576234483363692e+00
9.476274781754227661e+00 -3.685179228367124082e+00
9.419458012730075325e+00 -2.662239163510406570e+00
9.425681012426817773e+00 -2.119612963066249023e+00
9.445149016640680628e+00 -1.620253315103145297e+00
9.407918982691381160e+00 -1.093266468801047608e+00
9.389673329902297638e+00 -6.022134638903509085e-01
9.324631711062171036e+00 4.584387617950795857e-01
9.329105189880539939e+00 9.772726844297530135e-01
9.305935501749956984e+00 1.508745582075462721e+00
9.361325140314708193e+00 2.017975860933940879e+00
9.335586954455891373e+00 2.563633158017029956e+00
9.277132050034516908e+00 3.052116350549116675e+00
9.283129590996004765e+00 3.563938304442689997e+00
1.009060415699690694e+01 -4.176366314616217323e+00
1.004587861355200218e+01 -3.698761630879321416e+00
1.005138901479776692e+01 -3.157420503682020652e+00
9.999015462345631988e+00 -2.129423831018257829e+00
9.964675831997347188e+00 -1.596253136566872399e+00
9.953871923701761659e+00 -1.101932111883343168e+00
9.920331487993831132e+00 -5.856906516013467012e-01
9.939565910932163462e+00 -5.403301496412993288e-02
9.931339831587273181e+00 4.825027752646420254e-01
9.909937575819110833e+00 1.494078578140911162e+00
9.910121022507745181e+00 2.016862028838101395e+00
9.911619740834286318e+00 2.532012357766191712e+00
9.876305587252240059e+00 3.072941790860884481e+00
9.861265746639276131e+00 3.581155654159832835e+00
1.062896693137346915e+01 -4.183468539822074561e+00
1.064234252602915731e+01 -3.694826281455652506e+00
1.059291934561122872e+01 -3.120997585460617785e+00
1.058942062370627468e+01 -2.652402066073705100e+00
1.056143720587126111e+01 -2.125490291971171786e+00
1.056302544133446730e+01 -1.621243591496757119e+00
1.050195481993566915e+01 -1.100962680081057243e+00
1.052982617477414706e+01 -5.880718110280049871e-01
1.051878994197732453e+01 -7.502276167369714699e-02
1.049035086419012330e+01 4.476502943315452399e-01
1.048080630855875128e+01 9.741239628287985397e-01
1.046643167402760000e+01 1.507308258884574315e+00
1.047067632333090259e+01 2.039569054673851412e+00
1.043622785172182432e+01 2.541208561354547868e+00
1.045719425274612746e+01 3.081258747234276285e+00
1.042307109257554032e+01 3.596377908487198738e+00
1.119415340047772034e+01 -4.167777783027275973e+00
1.119508586170273645e+01 -3.663685512284255097e+00
1.117649445245089623e+01 -3.158354279248875685e+00
1.116498775949883182e+01 -2.632695378319301227e+00
1.114916669237748437e+01 -2.114616320394954840e+00
1.113449829295966609e+01 -1.606471868916663936e+00
1.112229894483478887e+01 -5.630057678076632044e-01
1.111328800540635697e+01 -6.672205011106413508e-02
1.110405879847476029e+01 4.759412195528902600e-01
1.106793683766074921e+01 9.418162350704228913e-01
1.102705966117238745e+01 1.514412722792386035e+00
1.101770026885491305e+01 2.024649643144442734e+00
1.100598334307082027e+01 2.553421928538050167e+00
1.100016680007352576e+01 3.076223084859087464e+00
1.101729161465251750e+01 3.592198928285959880e+00
1.179533880049293870e+01 -4.188545419229313893e+00
1.180433774502570898e+01 -3.627550392683199121e+00
1.180154937912936219e+01 -3.049591807876657512e+00
1.175349041888519963e+01 -2.614022387177712403e+00
1.169530519164020888e+01 -2.100624010416666465e+00
1.171007124617894846e+01 -1.625901705206590719e+00
1.168751682166875483e+01 -1.089782138582478410e+00
1.166166669959959989e+01 -5.658795173554338476e-01
1.165032327139952173e+01 -1.767829590384906169e-02
1.164785490678093538e+01 4.909121643898721743e-01
1.162172019485618435e+01 9.951435823559293681e-01
1.159344271389291947e+01 1.498418406916485424e+00
1.158581866707112340e+01 2.040627757308097756e+00
1.157166592224578849e+01 2.568528054001479433e+00
1.159316979179175533e+01 3.054413967366556903e+00
1.158015018250395656e+01 3.592548872771320845e+00
1.234341125941394424e+01 -4.202376470540947651e+00
1.227419950942429949e+01 -3.919892334068567408e+00
1.235509662460178859e+01 -3.164231674205748135e+00
1.232014184127816847e+01 -2.636270115258525948e+00
1.227641174481140141e+01 -2.112770737272182231e+00
1.227183507225197090e+01 -1.617685869641917407e+00
1.224757052206320296e+01 -1.092359673884537585e+00
1.223419062783339584e+01 -5.749495005852587326e-01
1.219261292098058291e+01 -2.252268749301578055e-02
1.221314014580051222e+01 5.036855412018574896e-01
1.221972784247002153e+01 1.007234126934523744e+00
1.216946553299883504e+01 1.468656256621564182e+00
1.212443050372707631e+01 2.039550989816280691e+00
1.214920797956722254e+01 2.592518312489215049e+00
1.218867133331454511e+01 3.070901834309445633e+00
1.220715756984684575e+01 3.600959905675733097e+00
1.296817326335754572e+01 -4.187178351749864191e+00
1.292931935228352813e+01 -3.680882656213515958e+00
1.292782712351149854e+01 -3.147716568193484221e+00
1.289615411810873624e+01 -2.622617413699952493e+00
1.288207151635163328e+01 -2.096433326943305531e+00
1.284103295890482599e+01 -1.565889380439173806e+00
1.283756971594922902e+01 -1.055161436132252106e+00
1.284063951045996532e+01 -5.372969300863061903e-01
1.279832558054618374e+01 -1.898536584966592500e-02
1.281324867938490897e+01 5.000087457397093260e-01
1.275233122219724891e+01 9.901613097025965260e-01
1.277765838929526154e+01 1.528653068187029618e+00
1.275461155405580271e+01 2.013586977355515728e+00
1.276423318592468092e+01 3.085041285482549966e+00
1.274412642148817199e+01 3.599778864580084559e+00
1.358060977120064194e+01 -4.182649468444791907e+00
1.351959817552519283e+01 -3.638558950309308315e+00
1.348794487747712267e+01 -3.167169971458839939e+00
1.344517124794191787e+01 -2.616153181946813788e+00
1.343067269453804968e+01 -2.105380608664564335e+00
1.343684295916669669e+01 -1.540173583428511961e+00
1.340282896239953558e+01 -1.034552032400199550e+00
1.339186705389219156e+01 -5.276558562358850679e-01
1.335789415061086061e+01 -3.305946965176076446e-02
1.335418299364041061e+01 4.889997852758298791e-01
1.336243662068175553e+01 9.922573424927421115e-01
1.332530443917669771e+01 1.502102569119543318e+00
1.331722629724340479e+01 2.036837414953129866e+00
1.334143790285616404e+01 2.578060775232948743e+00
1.332553482147887181e+01 3.088587726120948673e+00
1.331235396595745968e+01 3.633689545788858055e+00
1.418254153739324153e+01 -4.176942854828954665e+00
1.413305019764883141e+01 -3.668458346931419811e+00
1.417234378237587933e+01 -3.170826819237410277e+00
1.404831103207904164e+01 -2.629348067734806449e+00
1.400677664251180232e+01 -2.049838266365689776e+00
1.399816824696438999e+01 -1.560059234335110290e+00
1.396971415961005292e+01 -1.046784902923668881e+00
1.395534699168029746e+01 -5.119651424479343405e-01
1.394105517151513496e+01 -2.734493038290608524e-02
1.390770195475781534e+01 4.864369334502498532e-01
1.391448662223323751e+01 9.978769530187179271e-01
1.390335393977643719e+01 1.502039055075776730e+00
1.390474753268305008e+01 2.087671283306413272e+00
1.387139857681960109e+01 2.558019681422898373e+00
1.384188032123194034e+01 3.616763117729369981e+00
1.473784268032249400e+01 -4.201316530237392044e+00
1.468462799287697607e+01 -3.673386728328036810e+00
1.465008713719702627e+01 -3.170822027363961126e+00
1.461872578612113927e+01 -2.611882172155841175e+00
1.459711019866849568e+01 -2.092334570915774350e+00
1.458220058067431779e+01 -1.583632861051771812e+00
1.460379882953524344e+01 -1.024244628608268926e+00
1.454289595940391422e+01 -4.852963888048087426e-01
1.446943399550147902e+01 -1.709838869982860388e-02
1.452784154136769601e+01 4.868080628035258428e-01
1.448613128303757591e+01 1.004721000208931514e+00
1.447979236842172313e+01 1.521821166919313129e+00
1.446118661058938315e+01 2.055941593254175359e+00
1.443990186292656119e+01 2.571397982549029848e+00
1.440287339600424943e+01 3.105586190983199657e+00
1.442989014605640463e+01 3.620527221025362508e+00
1.528366429121892622e+01 -4.175118787915435448e+00
1.522610998689501471e+01 -3.641937298952527158e+00
1.517939570942514038e+01 -3.113208556327331067e+00
1.518929861828098993e+01 -2.588673398806040638e+00
1.518853937038568702e+01 -2.052868313084417196e+00
1.514007172499003318e+01 -1.558775281042009908e+00
1.511344182302262595e+01 -1.043608157643976853e+00
1.510061028065926791e+01 -5.221076184211952409e-01
1.506445952412700962e+01 -4.513723293385396573e-03
1.506138468170288292e+01 5.155538394636529631e-01
1.504827273114575448e+01 1.038696947161529494e+00
1.527076610750127372e+01 1.591722091073581424e+00
1.500595292970213990e+01 2.041642714142920312e+00
1.501026514814208923e+01 2.581900284109472921e+00
1.498966873578188341e+01 3.108526213217619016e+00
1.499088120499975574e+01 3.672450000432778694e+00
1.581332433692690742e+01 -4.122876065320914662e+00
1.577900443154193511e+01 -3.603786971205570566e+00
1.575984340406194661e+01 -3.076039244464734423e+00
1.575660348360516139e+01 -2.572777269221514729e+00
1.574469951731286699e+01 -2.051987807116020690e+00
1.572010103512936752e+01 -1.559448692124121294e+00
1.567550522211242381e+01 -1.041188995870943046e+00
1.565725349518136866e+01 -5.084289444496086219e-01
1.562945684370144761e+01 1.531307338678189467e-02
1.562206158639907372e+01 5.203114186917545680e-01
1.560984006030405524e+01 1.037049748380582059e+00
1.567201037441894229e+01 1.577072686217057651e+00
1.558288310403165866e+01 2.066122398469683930e+00
1.557799043063227984e+01 2.597265489478473910e+00
1.554528963786705020e+01 3.131851544000614496e+00
1.559781679279456057e+01 3.641036075413108364e+00
1.637006203787732517e+01 -4.117745989051499578e+00
1.633914630661547562e+01 -3.596690205381491978e+00
1.632425906473439170e+01 -3.078453287487116441e+00
1.630695256162509210e+01 -2.564445423936234647e+00
1.629525187975227851e+01 -2.046539048886330647e+00
1.625241194999689043e+01 -1.576360191949309097e+00
1.624516686263265441e+01 -1.021974305312962628e+00
1.628476062222069842e+01 -4.995466778684765075e-01
1.623598566927829268e+01 2.228398030203138092e-02
1.617803993726448297e+01 5.031122395136300440e-01
1.618025508505311194e+01 1.035945183421578264e+00
1.620289527376319683e+01 1.568194119097000794e+00
1.617520604833760700e+01 2.090678529556544873e+00
1.614843274482495872e+01 2.630579546229927956e+00
1.614926814415320067e+01 3.120364072260162658e+00
1.613412959523210333e+01 3.658852135030688402e+00
1.696971397565843986e+01 -4.116696090686353671e+00
1.692816953120689760e+01 -3.607527538201246387e+00
1.690573359052108060e+01 -3.056086544386305448e+00
1.690279805520805212e+01 -2.599877471674009399e+00
1.687563509899214154e+01 -2.087066588559736147e+00
1.679651728147664969e+01 -1.542530985290042622e+00
1.680571177389916926e+01 -1.025256986903364975e+00
1.680714245066133827e+01 -4.978379751278332321e-01
1.679764235912168147e+01 2.890225166384752242e-02
1.681052075642440613e+01 5.323261153830820547e-01
1.674453618387157405e+01 1.062252542476358030e+00
1.672993729587851419e+01 1.557287999952507107e+00
1.673711427516659356e+01 2.103483941620645226e+00
1.672389062192346998e+01 2.615666719300953957e+00
1.671243136421265874e+01 3.148931297598064560e+00
1.671330984633832983e+01 3.679318399333954659e+00
1.750727565878981196e+01 -4.094430974706130044e+00
1.747680625836331103e+01 -3.600933524825190801e+00
1.747325519196594357e+01 -3.073044767969117075e+00
1.745363831107143682e+01 -2.549727066785674623e+00
1.742067086956932442e+01 -2.068668844450304078e+00
1.740406957085872364e+01 -1.509855104586875996e+00
1.738159781289362726e+01 -1.011173330457001640e+00
1.732967111574885877e+01 -5.070309893749822550e-01
1.733261476459048467e+01 2.086885782609115836e-02
1.733820601105224668e+01 5.286134629989334144e-01
1.732358590988005531e+01 1.063717443919816930e+00
1.728690150557212846e+01 1.556932153588626022e+00
1.727413296090917783e+01 2.084700319137976265e+00
1.728150693614365352e+01 2.630813070115078034e+00
1.725421033389731207e+01 3.135748642215538950e+00
1.734903785404882015e+01 3.599232942531742196e+00
1.803096466310745427e+01 -4.111647522742462257e+00
1.803201443921225788e+01 -3.607311882357311816e+00
1.803207393681730863e+01 -3.067568910088217748e+00
1.800033721757842997e+01 -2.579227659544269358e+00
1.799875302968451507e+01 -2.061420002981233068e+00
1.798901741983054947e+01 -1.524613600473479380e+00
1.794531722057651990e+01 -1.038597505731019055e+00
1.794418189441559974e+01 -5.039744836377977322e-01
1.789439747912570411e+01 1.759536648407333814e-02
1.788434121762943363e+01 5.488312456372526071e-01
1.787181781624796173e+01 1.087379689903261948e+00
1.786515314816915634e+01 1.588631528423281480e+00
1.785101791987781539e+01 2.112722034365447144e+00
1.784513319234536866e+01 2.589006319996208560e+00
1.792937451895496537e+01 2.995752876342137938e+00
1.788282172751081944e+01 3.592131071876650594e+00
1.865296566125753941e+01 -4.120981107844116309e+00
1.860651494222998537e+01 -3.605393619830051577e+00
1.859317476925185275e+01 -3.089212653714131562e+00
1.855932206808835616e+01 -2.589227584662374682e+00
1.851923744101383917e+01 -2.061698622200481168e+00
1.852614546380715410e+01 -1.531761332390153996e+00
1.853695476951438437e+01 -1.011850967806520174e+00
1.849892938984838864e+01 -4.906727802711223774e-01
1.847222403570101434e+01 1.923898721237904397e-02
1.848333838401040197e+01 5.593421954532686868e-01
1.845424926524609788e+01 1.051138627833925199e+00
1.840850987466483346e+01 1.597545184351446323e+00
1.840360129709985415e+01 2.099802717390417683e+00
1.842718625326142501e+01 2.612477990117628934e+00
1.844454116124210685e+01 3.171259490891856103e+00
1.841963968728860479e+01 3.636885739344211999e+00
1.916066953767841241e+01 -4.126434323762044443e+00
1.918828972818410250e+01 -3.619808799745822370e+00
1.917799283657038600e+01 -3.092417512796153289e+00
1.917588750879543724e+01 -2.571083521815936024e+00
1.909975991478426494e+01 -2.075830546372692709e+00
1.910355059150868939e+01 -1.515704358553847442e+00
1.909152327350070877e+01 -1.005249003244681916e+00
1.905684315710482579e+01 -4.899938723020333953e-01
1.905393259830552211e+01 3.799256147829765951e-02
1.904162457587322876e+01 5.556265733512688598e-01
1.903058545440459071e+01 1.058980632338109018e+00
1.902310652479941666e+01 1.544642289956374981e+00
1.900360401759493456e+01 2.102783814602481982e+00
1.896999178064720226e+01 2.597680323193579000e+00
1.897896696356205481e+01 3.155117526085291502e+00
1.895959286999207905e+01 3.626151803551547204e+00
1.975551000448956529e+01 -4.128860026545648765e+00
1.973157790545537438e+01 -3.610456514000057737e+00
1.971746832876564071e+01 -3.093621432388946602e+00
1.968709951773538336e+01 -2.569053414416831771e+00
1.967297979237574168e+01 -2.014061293386038898e+00
1.966864997853422636e+01 -1.511464017643067592e+00
1.965594599712332524e+01 -9.950461807002497494e-01
1.964621475753680002e+01 -4.808382898301211128e-01
1.963182629534049894e+01 4.810166082055289394e-02
1.959947898281520651e+01 5.561066928838513945e-01
1.958799365562385830e+01 1.069030797752215989e+00
1.958844051065826974e+01 1.565909509453398130e+00
1.958496732019222719e+01 2.090730463689460805e+00
1.955160243076431925e+01 2.616122814734147539e+00
1.955656723485151005e+01 3.174181794923814692e+00
1.954721761847320849e+01 3.674365840492342272e+00
2.032622838941230725e+01 -4.125707156261460895e+00
2.026999533312183388e+01 -3.594924660990173493e+00
2.027198251165810916e+01 -3.067902724001069004e+00
2.028178044046222084e+01 -2.550694400813732443e+00
2.021478145473706434e+01 -2.072511670358956337e+00
2.019645616119041875e+01 -1.551345964060207194e+00
2.020154280280559078e+01 -9.977124463098512308e-01
2.016586911986818365e+01 -4.816232214225131258e-01
2.018461533744322622e+01 5.239020140882288956e-02
2.015673762916695466e+01 5.756548752668457780e-01
2.017560218134335770e+01 1.113421206262497520e+00
2.016322355920151921e+01 1.588917456186496935e+00
2.015968692895371817e+01 2.117257810655988948e+00
2.013740565885184708e+01 2.650306268261640952e+00
2.012498668778612654e+01 3.164835119817333009e+00
2.011366569337311461e+01 3.684348843862441214e+00
2.088528035390559978e+01 -4.124289597891506176e+00
2.083618732268388385e+01 -3.585790331983000456e+00
2.085158961352737350e+01 -3.092175476915116406e+00
2.080774082208608888e+01 -2.550189497010936890e+00
2.082542942495982174e+01 -2.038792926975943942e+00
2.078483874808495813e+01 -1.508292202978608998e+00
2.074218830482059417e+01 -1.009668120651440404e+00
2.073558886002685142e+01 -4.900303628662854294e-01
2.073808379865734963e+01 4.922170049856688934e-02
2.072991512788061641e+01 5.598000951019344029e-01
2.073703070816724647e+01 1.081372698288820544e+00
2.071051783383141043e+01 1.592153596968262974e+00
2.071012080408776512e+01 2.124309825850769329e+00
2.069520975878270974e+01 2.662483611850081644e+00
2.068571354055234224e+01 3.163477368420352320e+00
2.067653795046960852e+01 3.687917004375684371e+00
2.145132407832393540e+01 -4.107310704459550266e+00
2.141845967434533549e+01 -3.578274826406769193e+00
2.140354129860600096e+01 -3.069682043429160956e+00
2.135906161485263510e+01 -2.543008400747112319e+00
2.135464838496363882e+01 -2.040016121603340338e+00
2.135192937161762217e+01 -1.512832131841580718e+00
2.135091054997520388e+01 -9.782868127722892382e-01
2.132972246223449275e+01 -4.734440935865826816e-01
2.131573502257519692e+01 4.090005432257370899e-02
2.127654812428609432e+01 5.435465340633456321e-01
2.127304158691937630e+01 1.073677976560535541e+00
2.127201968410801669e+01 1.612239813954960965e+00
2.127586770357347490e+01 2.169256567369430400e+00
2.123958617006705651e+01 2.488312673288408661e+00
2.125714142123057115e+01 3.124303500494654884e+00
2.122445849959184727e+01 3.680499327148147870e+00
2.200213080378776453e+01 -4.121626987239396911e+00
2.197389641335816890e+01 -3.589098303784865607e+00
2.195035515545693272e+01 -3.046103896620710572e+00
2.193720799481049255e+01 -2.543165672043286918e+00
2.191016755509436109e+01 -2.038064680885756985e+00
2.189825126583558301e+01 -1.515445639127719346e+00
2.192161321331692392e+01 -9.868348885160074246e-01
2.186334386785980399e+01 -4.641303070019198174e-01
2.186608376061148817e+01 5.798628496471991411e-02
2.185996046708067553e+01 5.515361056484451296e-01
2.185735618295993987e+01 1.096336990890407037e+00
2.182927498146417378e+01 1.629853496001995694e+00
2.184336857130307408e+01 2.179058322269401771e+00
2.184409214662870369e+01 2.618059939347105569e+00
2.181920844296614348e+01 3.147001883610556661e+00
2.180013470329505765e+01 3.680850741462670328e+00
2.254619865940784251e+01 -4.113475768725855630e+00
2.256384026240077390e+01 -3.596439006539652539e+00
2.248982342564413273e+01 -3.081279691658101783e+00
2.250651864446614070e+01 -2.547802897520654142e+00
2.249788430858899346e+01 -2.030438137307829294e+00
2.247141956306384003e+01 -1.521235664251946673e+00
2.245168546285228928e+01 -9.889666953256224247e-01
2.245752448644152821e+01 -4.708264054676725152e-01
2.242917600685296264e+01 7.241472438055396310e-02
2.240981128087251761e+01 5.697243282591202274e-01
2.239703858345505694e+01 1.092005242450195368e+00
2.239784351360335535e+01 1.616839084751720890e+00
2.241792341539068900e+01 2.165642482565953486e+00
2.238625181116614016e+01 2.691565316328738078e+00
2.238751707402476399e+01 3.179899174176011201e+00
2.237883978503894156e+01 3.697286716003826967e+00
2.310502828146594823e+01 -4.107725256272088288e+00
2.309512181011643150e+01 -3.573468381132823168e+00
2.305073293508422694e+01 -3.042185674658581362e+00
2.308372436032183117e+01 -2.534852066674410764e+00
2.304388026196465944e+01 -2.022775621847316074e+00
2.300017796650401891e+01 -1.485956767396910294e+00
2.299540036017549482e+01 -9.537462188802194873e-01
2.300100117092506480e+01 -4.497012932617998615e-01
2.298417883639106662e+01 4.740461943404739031e-02
2.297856645078539373e+01 5.683352645125445690e-01
2.294565958162107933e+01 1.093368491366195627e+00
2.294815731187161845e+01 1.656202144735114956e+00
2.292471968909244850e+01 2.152727257839973873e+00
2.292428715784316751e+01 2.672168824062904235e+00
2.293441753115442339e+01 3.209800935626287099e+00
2.291626520349684881e+01 3.684278797157428897e+00
2.361322629418593522e+01 -4.136488693824931673e+00
2.364065232073522083e+01 -3.559266931494608599e+00
2.362148771715722262e+01 -3.066568312336690028e+00
2.361227821553024597e+01 -2.503701295205253530e+00
2.357921651852684164e+01 -2.003566305265611192e+00
2.357822081837952766e+01 -1.489769398216953533e+00
2.355751886574078924e+01 -9.711176745906513474e-01
2.354254645995860784e+01 -4.454664704348019200e-01
2.356445597834007799e+01 5.865416455301897258e-02
2.351983173584412157e+01 5.668083668886154669e-01
2.353120546056184992e+01 1.089169972741014902e+00
2.351915062467148232e+01 1.646073305214546423e+00
2.350726039474323414e+01 2.158612833383678264e+00
2.353455585953079066e+01 2.658061429195804237e+00
2.348392127862663159e+01 3.190389484229370964e+00
2.351147569062599274e+01 3.697724381766370527e+00
2.422327650960649237e+01 -4.095851364635663572e+00
2.419374846182385141e+01 -3.536324871442257489e+00
2.417365205099689973e+01 -3.081165871982744164e+00
2.414703241758186181e+01 -2.541394170479858161e+00
2.413301716502604677e+01 -1.996186824830282092e+00
2.412109700279613378e+01 -1.491118073816164014e+00
2.411080007936548242e+01 -9.705520209066200721e-01
2.407058356857520920e+01 -4.362736462099476853e-01
2.407971797356184851e+01 9.781931811428279389e-02
2.408908934146492697e+01 5.886269013354166191e-01
2.407487642123618343e+01 1.077354918071069534e+00
2.407767602514547178e+01 1.625856608568806649e+00
2.411283375950848296e+01 2.160306361838330247e+00
2.409019103010213314e+01 2.684897491609582687e+00
2.406239647544526861e+01 3.213001224638041720e+00
2.404890987114286816e+01 3.711890485360175518e+00
2.473327124369069452e+01 -4.116008013204702110e+00
2.475764388610947719e+01 -3.569750253603865886e+00
2.474355885552006384e+01 -3.043288340436451023e+00
2.471524790294107277e+01 -2.533007018326003390e+00
2.470982087848931741e+01 -1.982412113844112866e+00
2.468153825380362321e+01 -1.474641526354137255e+00
2.468506080238667977e+01 -9.559296184958085973e-01
2.466401532421510723e+01 -4.213768233352368497e-01
2.467045522869773322e+01 7.718011898091603484e-02
2.465706934101542913e+01 5.920095415898742885e-01
2.465456713183198900e+01 1.119798920489781580e+00
2.464260711671117576e+01 1.651450794340249217e+00
2.462906263499116477e+01 2.183668504885805106e+00
2.466912400773212966e+01 2.682607784144707352e+00
2.463003976146834617e+01 3.170314413495990635e+00
2.461739932252356766e+01 3.697376820051786694e+00
2.533935949181120861e+01 -4.094776030618113793e+00
2.529663598044309936e+01 -3.560569823240586018e+00
2.531924197779158447e+01 -3.034368429056877758e+00
2.526911877211752255e+01 -2.526345340680844487e+00
2.527964376632226617e+01 -1.989491898381864132e+00
2.523610181665611663e+01 -1.477923446654369144e+00
2.521020943698321304e+01 -9.514185432161781364e-01
2.523418748081550689e+01 -4.398178258039635580e-01
2.523149276375710315e+01 8.429022915726136489e-02
2.520821294776644805e+01 6.094985901185658861e-01
2.518530815587299543e+01 1.119798718047213981e+00
2.519658778127976717e+01 1.646636330024623618e+00
2.520901237884465473e+01 2.188180101016925505e+00
2.520683657708190140e+01 2.673068911865239983e+00
2.520416383048682007e+01 3.161102444915556475e+00
2.519442059689981050e+01 3.712359445810921699e+00
2.590452850237532800e+01 -4.075393849577872984e+00
2.554547903126917419e+01 -3.599091241696234178e+00
2.585309284238699234e+01 -3.021540407715693988e+00
2.580788739691426059e+01 -2.505826737566451357e+00
2.584656688357866017e+01 -2.003477432348599763e+00
2.585959882023079359e+01 -1.476919464301495566e+00
2.583060712171201345e+01 -9.381820375698737280e-01
2.579444288669098029e+01 -3.817606231974473019e-01
2.576872111631243456e+01 5.157816306022766639e-02
2.576453877389509017e+01 6.069846977401134325e-01
2.575559875923794095e+01 1.115324340523553559e+00
2.575043469418636022e+01 1.657594688355697343e+00
2.574836626323288158e+01 2.179514877489456381e+00
2.574783333791233275e+01 2.673189171338890446e+00
2.575616382472894372e+01 3.159982711579875314e+00
2.572206023341595227e+01 3.722079956081572050e+00
2.642227114023961576e+01 -4.111719576628088291e+00
2.641971305016941329e+01 -3.570858758650643949e+00
2.644127808698770821e+01 -3.045484595333272537e+00
2.637098543904039616e+01 -2.512027636990371349e+00
2.640991364207982173e+01 -1.984666369430339472e+00
2.639473876629899252e+01 -1.479232639676396843e+00
2.637427740326221226e+01 -9.582444319516589815e-01
2.638470841075443474e+01 -3.998526958455563829e-01
2.636410819098620806e+01 8.850631342887993469e-02
2.637311763981010415e+01 6.258758353029811872e-01
2.634874676834172647e+01 1.132595532541909478e+00
2.633275686502207691e+01 1.659213151342886050e+00
2.632061067291839151e+01 2.187485183241825837e+00
2.627942606053977670e+01 2.694641034008057545e+00
2.641958995080597106e+01 3.090895484303491259e+00
2.631318744189782421e+01 3.716374396037394945e+00
2.695479351162312298e+01 -4.091397530729469878e+00
2.696722354548857226e+01 -3.562855482029164023e+00
2.697818336086935886e+01 -3.035386562277368583e+00
2.696040258026892644e+01 -2.500501887011445490e+00
2.698409153681009087e+01 -1.983258991798685145e+00
2.696063372374374723e+01 -1.484473483306249619e+00
2.694688256443738084e+01 -9.560452802582304344e-01
2.694992065710206219e+01 -4.167636881813869820e-01
2.692241419035716632e+01 9.743117463221295793e-02
2.689683149784153215e+01 6.227817619060687093e-01
2.692366182139129904e+01 1.194220197309554976e+00
2.691909335586706220e+01 1.635048820792984969e+00
2.693487404822190001e+01 2.178521899860612621e+00
2.691836746120974055e+01 2.660845777010514723e+00
2.685955162146765218e+01 3.180775018048869640e+00
2.686410996767085635e+01 3.738115782292645406e+00
2.752294915632132444e+01 -4.085408081232538180e+00
2.749885225900091257e+01 -3.574157090901049827e+00
2.748464562246041254e+01 -3.043290506374885851e+00
2.753721581214609415e+01 -2.518714333233852187e+00
2.751321125813026214e+01 -1.966956846417307503e+00
2.753120227593535674e+01 -1.485555636726154205e+00
2.749850430704674409e+01 -9.380879714246255219e-01
2.748324767511385147e+01 -4.064073133860333087e-01
2.749794790593212213e+01 9.763308221949884569e-02
2.748572467770863170e+01 6.270047543543775248e-01
2.748172137732886000e+01 1.147384840822699203e+00
2.742623817353660343e+01 1.647772881682602275e+00
2.744259199784028169e+01 2.180807907391947964e+00
2.744174774853991039e+01 2.689032241932242329e+00
2.742219747765143012e+01 3.209981650926039265e+00
2.740530300795793295e+01 3.744573148816481734e+00
2.807004984195017983e+01 -4.076202221373057100e+00
2.810739499445777767e+01 -3.571258394338336473e+00
2.808842427191688529e+01 -3.038250873840196320e+00
2.805888511252721429e+01 -2.495232630352088421e+00
2.806431372785150558e+01 -1.992387192048397537e+00
2.806823247022003187e+01 -1.450420444273522236e+00
2.806296047579900232e+01 -9.356703940827024724e-01
2.803254565790712860e+01 -4.337045071598524260e-01
2.802418400943970767e+01 1.004631585904292024e-01
2.803123331535529417e+01 6.581447706860643621e-01
2.804570940959970926e+01 1.166128825049412399e+00
2.802484613986515427e+01 1.639683594029495595e+00
2.800866921392744047e+01 2.173934410930513650e+00
2.801470364756631426e+01 2.706891681252336923e+00
2.801720745778291644e+01 3.238459531023998750e+00
2.800725447686095748e+01 3.775701000299548582e+00
