9.376679778332903226e+00 -4.196559862184161105e+00
9.376811055484100876e+00 -3.692229445706569635e+00
9.312537278639169358e+00 -2.668392121862229516e+00
9.326356134485934035e+00 -2.130734164462349867e+00
9.346610838124981058e+00 -1.629886121541190391e+00
9.305690066479812117e+00 -1.106371813825930417e+00
9.290663688292369216e+00 -6.149497097054954509e-01
9.223509299552222984e+00 4.424954777466325595e-01
9.238162370544106494e+00 9.690775268665277054e-01
9.204341192732343302e+00 1.492143606393153021e+00
9.265198974780339825e+00 2.006481955234114878e+00
9.236169840261496233e+00 2.559444462743048376e+00
9.177117078215957235e+00 3.032005694072093860e+00
9.169952215184775213e+00 3.530096679937710036e+00
9.987346410027786447e+00 -4.185082394887153612e+00
9.947134416033449611e+00 -3.708554577793611529e+00
9.956903011739278497e+00 -3.168406523265131725e+00
9.901368941397684864e+00 -2.142177429717200710e+00
9.865121341578870329e+00 -1.610909679505219572e+00
9.854168275240599684e+00 -1.114176933744623454e+00
9.822285173479109233e+00 -6.000098299566722915e-01
9.843216944610617247e+00 -6.845094969551723807e-02
9.836803674023496313e+00 4.741701916799350158e-01
9.812670990365823798e+00 1.478001600168841634e+00
9.812414652886971567e+00 2.004074628474935338e+00
9.814398354608925956e+00 2.517727136271112443e+00
9.780559136678892429e+00 3.053919941868734611e+00
9.764013536788926473e+00 3.564844177580138052e+00
1.053218895490635987e+01 -4.193202913868548265e+00
1.054540338525455923e+01 -3.701790016600339683e+00
1.049778706549408369e+01 -3.127061660054440750e+00
1.049143912587024374e+01 -2.664521476001095124e+00
1.046685073224933760e+01 -2.136727452072090472e+00
1.046735480705291010e+01 -1.634392680956423760e+00
1.040065307155301610e+01 -1.111863906430976101e+00
1.043237885672600385e+01 -5.919308343205607059e-01
1.042654783300404020e+01 -8.930770460655423904e-02
1.039695276166355598e+01 4.339123574139485129e-01
1.038569696115115093e+01 9.579680257113523112e-01
1.037163741043500309e+01 1.491101477158764510e+00
1.037634568952182335e+01 2.027206355918469427e+00
1.033783076861210048e+01 2.525096990793201712e+00
1.036145346574217285e+01 3.067794573042892381e+00
1.032578430966159289e+01 3.581300444582382170e+00
1.109743227052207715e+01 -4.177757478272086544e+00
1.110031863032315513e+01 -3.670874540277464959e+00
1.108296997201687617e+01 -3.166816876793218327e+00
1.106953658030209553e+01 -2.644491609595217341e+00
1.105466465594694370e+01 -2.123667264874985250e+00
1.103881706590570388e+01 -1.617452442580116667e+00
1.103043081066849140e+01 -5.758538610606684927e-01
1.102092390600387972e+01 -7.949713917184553225e-02
1.100742162819452474e+01 4.633256434245929256e-01
1.096797478279475513e+01 9.323488701435387327e-01
1.093613958788847995e+01 1.497887105459497548e+00
1.092299814801016922e+01 2.010924994872105742e+00
1.090784387556402990e+01 2.538168872050004410e+00
1.090553506477940715e+01 3.061761776225594645e+00
1.092074691931101071e+01 3.578086831265288481e+00
1.170361793869058786e+01 -4.196245009497847178e+00
1.171393728173644533e+01 -3.634725566896232607e+00
1.171618691468339080e+01 -3.055820376677173655e+00
1.165976266922778493e+01 -2.623551646372650481e+00
1.159922289503515458e+01 -2.113165239885216096e+00
1.161713630727554403e+01 -1.637029658214970596e+00
1.159632531024161040e+01 -1.100856245938363287e+00
1.156655982737527211e+01 -5.769790920672264178e-01
1.155794678544707210e+01 -3.073585570358261521e-02
1.155501044594119264e+01 4.817446564023022404e-01
1.152785304088313367e+01 9.800241008965322465e-01
1.150078311397261999e+01 1.483919699633137412e+00
1.149206401906282338e+01 2.025756707529914991e+00
1.147875173290741557e+01 2.554730221047122996e+00
1.149999289474351727e+01 3.037621975789768669e+00
1.148549499872262203e+01 3.582946540294830839e+00
1.225301666680829982e+01 -4.209022614468770129e+00
1.221822421379497214e+01 -3.931342315110672558e+00
1.226415952024846945e+01 -3.172891927968677805e+00
1.223074962381993913e+01 -2.649689530078255473e+00
1.218364556693063960e+01 -2.122657075369609458e+00
1.217937471969512586e+01 -1.630008661158434791e+00
1.215406732275543078e+01 -1.103512699049627344e+00
1.214145349154469145e+01 -5.831550256655191333e-01
1.210690865650068204e+01 -3.506045224210652123e-02
1.211935531092552409e+01 4.909698111402178711e-01
1.212690786759764805e+01 9.907572605152132894e-01
1.207788512176691142e+01 1.458887418429153371e+00
1.203388806770203345e+01 2.025899340825890960e+00
1.205407182183597925e+01 2.580391126876406815e+00
1.209520398407146402e+01 3.052085329379846002e+00
1.212286091543281330e+01 3.580546461632664546e+00
1.287591873374345397e+01 -4.192466534259910560e+00
1.283851647573873933e+01 -3.697512756789727462e+00
1.283947247578138118e+01 -3.156917880306343349e+00
1.280670620963143946e+01 -2.632636970020016065e+00
1.279210873541408588e+01 -2.108129992808262188e+00
1.275051010299081611e+01 -1.579956179004962991e+00
1.274648294238295776e+01 -1.069401213052010746e+00
1.274728682412565917e+01 -5.500051817777915630e-01
1.270691158167956658e+01 -3.106442538136988674e-02
1.272278469242595378e+01 4.868514835926305295e-01
1.266264028058180102e+01 9.804275757717491047e-01
1.268708526494359745e+01 1.517033902623609265e+00
1.266927284312060209e+01 1.997856218600471578e+00
1.267680022285233221e+01 3.070709320738480130e+00
1.265601895301524493e+01 3.583988218702067741e+00
1.348786743938952526e+01 -4.195212104671233178e+00
1.343175321465630390e+01 -3.647332239661988496e+00
1.339835676364052119e+01 -3.178180222151533840e+00
1.335720896824614456e+01 -2.623232294875798232e+00
1.333912705367996665e+01 -2.116543192184849431e+00
1.334473145593224430e+01 -1.552126641037173016e+00
1.331350300475436654e+01 -1.046867636376191513e+00
1.330302538092612963e+01 -5.399322855647596953e-01
1.326804158563274783e+01 -4.916517565077427321e-02
1.326343950701311769e+01 4.761779127299625713e-01
1.327445161862475942e+01 9.770584797742785099e-01
1.323861907999113185e+01 1.489689184854427140e+00
1.322843651623890437e+01 2.017594873834742231e+00
1.325034719915142745e+01 2.565067393648995164e+00
1.324219830199965742e+01 3.072259805737335370e+00
1.322934057636558336e+01 3.617198210151748583e+00
1.409940127805302978e+01 -4.185259653902086541e+00
1.404804853874938075e+01 -3.681839567304210803e+00
1.408927998468239196e+01 -3.182145773791015486e+00
1.396422071225012829e+01 -2.641481214144846490e+00
1.392185088686784766e+01 -2.056382072536589334e+00
1.391093853287933513e+01 -1.570920867941246968e+00
1.388232161309802493e+01 -1.056488498062979176e+00
1.387355204663356645e+01 -5.224926676632186684e-01
1.383855047532450300e+01 -4.029454033694079840e-02
1.381341353849714793e+01 4.728213998285717423e-01
1.382911335186892288e+01 9.811887897651132562e-01
1.381987500441587358e+01 1.483487188556232184e+00
1.381698926869001198e+01 2.074773217921318746e+00
1.378732973897763969e+01 2.540122191798189988e+00
1.375937946372390286e+01 3.605748943699623510e+00
1.465642476288797624e+01 -4.211501102713057776e+00
1.460282570894254661e+01 -3.679825320815545808e+00
1.456897142534180034e+01 -3.183835871660049222e+00
1.453269520718188090e+01 -2.622648745485228972e+00
1.451181793554674826e+01 -2.100807194992352578e+00
1.449905278109873308e+01 -1.593366398867342326e+00
1.452285215091750814e+01 -1.029481797452270087e+00
1.446007339659262314e+01 -4.964185951144486353e-01
1.438194973583057390e+01 -3.147644789591197423e-02
1.444435652784704871e+01 4.734766516007482551e-01
1.440294100618840645e+01 9.903327295786645834e-01
1.439199441807693347e+01 1.507082548175702641e+00
1.438134245521652943e+01 2.037600088720221692e+00
1.435619236363502083e+01 2.555426064016600662e+00
1.432006362495836527e+01 3.091591717055585775e+00
1.434701305867682208e+01 3.607154242920444176e+00
1.520309810302804365e+01 -4.184382561193183747e+00
1.514341548128818005e+01 -3.654616284875036314e+00
1.509305294377733020e+01 -3.123625971963374326e+00
1.510592154125736997e+01 -2.598258029630159172e+00
1.510789931595382640e+01 -2.062531778544155259e+00
1.505680169096465448e+01 -1.570259404747446297e+00
1.503351707717957453e+01 -1.054657898562929574e+00
1.501853804865031350e+01 -5.332356884335389680e-01
1.498282348999014246e+01 -1.155616326178332542e-02
1.497859603513436610e+01 5.001848835762174872e-01
1.496659416385653074e+01 1.028645893264531708e+00
1.521486311414026105e+01 1.580346422605934720e+00
1.491004122598139503e+01 2.022647668793648990e+00
1.492867801917605775e+01 2.567140444372601138e+00
1.490739382571570815e+01 3.096373177708716895e+00
1.490716310236802400e+01 3.655499554493950143e+00
1.573445107657124353e+01 -4.130665455765216265e+00
1.569798617439752775e+01 -3.608505477642930614e+00
1.567529191704749181e+01 -3.078462537163822788e+00
1.567847216538659083e+01 -2.579653407454063796e+00
1.566718961720383874e+01 -2.059469595780434759e+00
1.563868182612866775e+01 -1.567817945868124951e+00
1.559407785648066280e+01 -1.057117929239669962e+00
1.557218581062640439e+01 -5.239698008207618329e-01
1.554955920591525853e+01 4.468521488426802080e-03
1.553894173703097437e+01 5.060351407890841813e-01
1.552789442239241069e+01 1.024424300750560235e+00
1.560413271772715404e+01 1.571171526570303456e+00
1.550149401598868337e+01 2.055669006427034873e+00
1.549412485036492981e+01 2.577358484042441944e+00
1.546265867496407864e+01 3.115712912476190866e+00
1.551674416324551942e+01 3.626024595470980216e+00
1.629088042472453779e+01 -4.123502963261515220e+00
1.625870810025399393e+01 -3.603651644825060174e+00
1.624501676781715176e+01 -3.087029392507385950e+00
1.622670907421668574e+01 -2.573175691318720482e+00
1.621538738225418896e+01 -2.053885182096031770e+00
1.617317739310841773e+01 -1.587544844964003943e+00
1.616280146365607351e+01 -1.032328388917868267e+00
1.621110352005381827e+01 -5.075881603883019011e-01
1.615888697279884667e+01 1.347878471487007346e-02
1.609788079532530247e+01 4.930087122609485561e-01
1.609857030807435052e+01 1.024078653131695660e+00
1.612403670115077503e+01 1.555941079656431469e+00
1.609581090291216654e+01 2.076348574268113367e+00
1.606905477829047868e+01 2.618184601503113385e+00
1.606704783928845259e+01 3.103946453335993283e+00
1.605331414943593771e+01 3.645183355734424424e+00
1.689548537852754961e+01 -4.124633671399179136e+00
1.685214053373145759e+01 -3.611130581060630007e+00
1.683175089500652533e+01 -3.063020437164142962e+00
1.682527734331484837e+01 -2.610158635558011753e+00
1.680080172747362255e+01 -2.096484631562116618e+00
1.672037783891906670e+01 -1.553999832794026759e+00
1.672705859944009532e+01 -1.036069525513610756e+00
1.673052431948780594e+01 -5.070400817905955648e-01
1.672129975240972399e+01 1.874975123553568324e-02
1.673594197387421900e+01 5.199015722807125428e-01
1.666390525908860454e+01 1.049181404161423359e+00
1.665270834677648182e+01 1.547743305082995846e+00
1.665894386474082012e+01 2.092259371220720254e+00
1.664687446816043348e+01 2.602121007455998836e+00
1.663329133920051106e+01 3.132958126636612661e+00
1.663678430968924715e+01 3.665587380056464895e+00
1.743414541784669680e+01 -4.099614731837693427e+00
1.740302669724692564e+01 -3.607782831810538937e+00
1.739878681961285167e+01 -3.079834779216881202e+00
1.737915310790844359e+01 -2.558252089182253997e+00
1.734436926600222506e+01 -2.080163591226725117e+00
1.732944032671984047e+01 -1.518356674460314082e+00
1.730709464651267737e+01 -1.021440702614597740e+00
1.725375619100798374e+01 -5.180313122359017086e-01
1.725747017243623915e+01 5.658552791672377680e-03
1.726406536640458356e+01 5.151732845098493385e-01
1.725135228270925936e+01 1.050798733108322836e+00
1.721164403924853659e+01 1.542256638031563654e+00
1.719877360217650519e+01 2.073075208952573689e+00
1.720562154314309922e+01 2.618643498865910857e+00
1.717937144675157057e+01 3.119648638557926290e+00
1.727943579316219314e+01 3.583199515946294156e+00
1.795677971846144771e+01 -4.115047050580237453e+00
1.795696515884090516e+01 -3.613381208779530951e+00
1.795749814298433122e+01 -3.074322466644286322e+00
1.792397110404895599e+01 -2.588836012552238941e+00
1.792776531562582676e+01 -2.069198397749879348e+00
1.791681298823984747e+01 -1.531834584966997426e+00
1.786882871293115116e+01 -1.052090561353697495e+00
1.787176808317911636e+01 -5.148458740383148324e-01
1.781783272537258256e+01 7.554132574963290381e-03
1.781026336542427302e+01 5.365576350513023840e-01
1.779934558998022354e+01 1.076765262922833699e+00
1.779187034318496785e+01 1.577420055161809387e+00
1.777695221354868238e+01 2.102983672043919228e+00
1.777038796000687171e+01 2.575298322589347322e+00
1.787639065700415841e+01 2.963805541819180434e+00
1.781283288369651174e+01 3.574356580436031550e+00
1.858341487520300817e+01 -4.127268822664859727e+00
1.853704463310785044e+01 -3.611256181188204906e+00
1.851946774111901561e+01 -3.097486071708633659e+00
1.849351139454799053e+01 -2.597732888911838955e+00
1.844679992311260008e+01 -2.069465289431079214e+00
1.845330997214948709e+01 -1.542226714564048251e+00
1.846410223759016844e+01 -1.019902497874152658e+00
1.842627913164297837e+01 -5.015749634272630431e-01
1.839831714882382130e+01 7.791769210594878814e-03
1.841296036275294057e+01 5.467780631590066776e-01
1.838209766528791889e+01 1.038085166964574313e+00
1.833638336837398342e+01 1.583904044292104629e+00
1.833188164077337134e+01 2.085374629195207774e+00
1.835452355559147009e+01 2.597110923265400828e+00
1.837338414188115365e+01 3.162615492969841569e+00
1.834961861965513208e+01 3.620855862383425716e+00
1.909134775015138885e+01 -4.132257765365327629e+00
1.911908610680289300e+01 -3.626121186423956644e+00
1.910792620073642922e+01 -3.098977796570338228e+00
1.910981295876866071e+01 -2.576037994638564754e+00
1.902939565332386707e+01 -2.085178959939327115e+00
1.903221457357808433e+01 -1.524956335441618904e+00
1.902373272102193980e+01 -1.013923833107554628e+00
1.898631734245221381e+01 -5.001221327211311518e-01
1.898353020126239343e+01 2.782524321889212615e-02
1.897310644588029049e+01 5.457834459263715132e-01
1.896136204323793351e+01 1.047039098251381972e+00
1.896358933953511894e+01 1.530241482409639531e+00
1.893373719825771317e+01 2.088247118717532658e+00
1.890068159523588420e+01 2.583635094021197176e+00
1.890939006383292664e+01 3.142608975411832262e+00
1.889037724391726059e+01 3.612573745304629824e+00
1.968778106081474988e+01 -4.133906864261065905e+00
1.966389438149109736e+01 -3.617504912562509389e+00
1.965169020242700526e+01 -3.100820874860847454e+00
1.961728470592287721e+01 -2.575130426906881098e+00
1.960444594153396736e+01 -2.019065667691684496e+00
1.960147741423999790e+01 -1.519031118421306559e+00
1.958977468603853822e+01 -1.006007507424548919e+00
1.957893176420364156e+01 -4.913153618828474123e-01
1.956233023429019724e+01 3.623356077601513903e-02
1.952960656214751012e+01 5.440954140861151700e-01
1.951881972685677624e+01 1.055866588347026180e+00
1.951751816898717351e+01 1.550429934717765690e+00
1.951759339532440762e+01 2.077709951689353574e+00
1.948415549559318904e+01 2.602148022596210808e+00
1.948928669376000400e+01 3.161521153196275691e+00
1.947619968402350921e+01 3.662966738083248686e+00
2.026029041676008546e+01 -4.131055963260926944e+00
2.020506287112603871e+01 -3.602339551128919126e+00
2.020525938837609203e+01 -3.073833996003587643e+00
2.021289282092605077e+01 -2.556619079654993243e+00
2.014491493255869869e+01 -2.070039302633176703e+00
2.012937554310612143e+01 -1.560604959139809012e+00
2.013426841579820348e+01 -1.008642576650071732e+00
2.009532221420440123e+01 -4.924623199708690890e-01
2.011471602821335836e+01 4.338372075349639090e-02
2.008909965572732403e+01 5.631661283088256198e-01
2.010885643423559799e+01 1.102851329629991994e+00
2.009625197075686032e+01 1.576833032418477387e+00
2.009371895235010186e+01 2.103691345227872489e+00
2.006842107289411814e+01 2.638166522214753229e+00
2.005842114921171770e+01 3.151702822896005785e+00
2.004810979836754115e+01 3.670288275235325415e+00
2.082133788084280468e+01 -4.128183944240834791e+00
2.077234702645397846e+01 -3.591480147661105349e+00
2.078900739404839726e+01 -3.101349367132424817e+00
2.073898994300019893e+01 -2.556578308568301594e+00
2.076836258045074146e+01 -2.045165115845346548e+00
2.071978798896581253e+01 -1.515468203812826431e+00
2.067506076628031764e+01 -1.015714610962785258e+00
2.067041994271652783e+01 -4.974208303484921601e-01
2.067302065788381782e+01 4.048739983923610453e-02
2.066484374507983546e+01 5.510246100782829615e-01
2.067219342942721028e+01 1.070839959163009780e+00
2.064714902901708626e+01 1.579561802294350059e+00
2.064635717503566070e+01 2.110295350653327517e+00
2.063001019444266859e+01 2.650082226210066949e+00
2.062032607583948618e+01 3.153784876008380422e+00
2.061167766088672693e+01 3.673587269544952960e+00
2.138898321238356459e+01 -4.109856057028153486e+00
2.135281305220972570e+01 -3.582045465853481048e+00
2.134172700465700245e+01 -3.072984973724434354e+00
2.129362994906571060e+01 -2.550655651740072472e+00
2.129389076824659099e+01 -2.049334997102146616e+00
2.128854355986502611e+01 -1.523287904680369564e+00
2.128731120938960686e+01 -9.853216229178514141e-01
2.126557901557531238e+01 -4.822927182809308988e-01
2.125181825553383419e+01 3.140035429131415867e-02
2.120981368221062979e+01 5.348606435895071343e-01
2.120799496743062207e+01 1.062280814425871966e+00
2.120983720364048253e+01 1.602050175512783170e+00
2.121181409576485777e+01 2.159940551925327412e+00
2.117247276209337770e+01 2.460134186697676029e+00
2.119403498675608688e+01 3.107634583425198826e+00
2.116132022968382387e+01 3.667714519880956203e+00
2.194272425250865410e+01 -4.126491203611925229e+00
2.191934573523032981e+01 -3.596682694909825173e+00
2.188987694711743615e+01 -3.052859813396452182e+00
2.187317888218787942e+01 -2.547255512301955349e+00
2.184955420477707833e+01 -2.044544459640899703e+00
2.183752333049666561e+01 -1.522992500248630421e+00
2.186361280795241413e+01 -9.933398250251244122e-01
2.179501176845239740e+01 -4.706678374032229328e-01
2.180697057952777840e+01 5.173491702015553528e-02
2.179925716915221301e+01 5.396404500041676044e-01
2.179786682655315389e+01 1.086260196550544066e+00
2.177300359114457962e+01 1.621068215804864820e+00
2.178432557585436058e+01 2.169962287878217211e+00
2.178662718839449752e+01 2.605194764826695319e+00
2.175617549661498629e+01 3.134227661552476008e+00
2.173999824367720635e+01 3.667208219054522544e+00
2.248894065757173877e+01 -4.116348673869188346e+00
2.250212500201281074e+01 -3.599532962279576864e+00
2.243351246314401237e+01 -3.086084716418199037e+00
2.244602608877308825e+01 -2.552338473666118546e+00
2.244017586348783055e+01 -2.030410035303464866e+00
2.241068823496681262e+01 -1.531075083529053416e+00
2.239283628190339925e+01 -9.957736027979393612e-01
2.240130079289063758e+01 -4.799963577696253481e-01
2.237307634521052080e+01 6.870614894941695638e-02
2.235128443527021602e+01 5.615338165320906683e-01
2.233916756462667053e+01 1.082373065494756759e+00
2.233906423167671562e+01 1.605500865996123849e+00
2.236052080611090531e+01 2.157402270235728281e+00
2.232697704982729192e+01 2.680000406525554268e+00
2.233026182357239975e+01 3.170656109550389345e+00
2.232088727254249960e+01 3.685056578433730579e+00
2.304543778294249989e+01 -4.109994877517218370e+00
2.303815750038752697e+01 -3.573966828891501635e+00
2.299533974695276584e+01 -3.049074896304126980e+00
2.302449665331977258e+01 -2.537335176839910389e+00
2.298506337018279311e+01 -2.028870940242853749e+00
2.294332813179438801e+01 -1.493698406038411974e+00
2.293945823730979328e+01 -9.609501915137173000e-01
2.294223993790306082e+01 -4.588398098188264385e-01
2.292749277719874357e+01 3.889647183297384458e-02
2.292029270746390068e+01 5.601100059821071397e-01
2.288648915126846362e+01 1.085848506230849608e+00
2.288845856301841053e+01 1.648472150397584102e+00
2.286610082580210701e+01 2.141784788538945605e+00
2.286665390564576228e+01 2.661088287659282514e+00
2.287627131726130614e+01 3.202162029569777246e+00
2.285940349835900065e+01 3.671176926000992324e+00
2.355666362590012852e+01 -4.139100983780641840e+00
2.358547152004205572e+01 -3.562456833826908920e+00
2.356448660360073433e+01 -3.070229127972149641e+00
2.355822738693110807e+01 -2.505171480300720788e+00
2.352204517792961269e+01 -2.006411092935731943e+00
2.352301902333526584e+01 -1.497749004985703181e+00
2.350307559010739311e+01 -9.790737558341895408e-01
2.348466987696235719e+01 -4.507556465396191925e-01
2.350922291598691771e+01 5.799300504694215874e-02
2.346378230146181210e+01 5.574235495076074187e-01
2.347671752332077233e+01 1.077482036906321383e+00
2.346552803452257763e+01 1.636655435828753724e+00
2.345307818235217212e+01 2.152050117714345845e+00
2.347863661033882465e+01 2.646858963968867329e+00
2.342808483332718339e+01 3.179550120111290568e+00
2.345815006272381709e+01 3.685298049183050040e+00
2.417271075785143353e+01 -4.100780708004640118e+00
2.413898498995959585e+01 -3.537121028942500800e+00
2.411833598590104799e+01 -3.087556290944748483e+00
2.409261016852743609e+01 -2.540994666793046974e+00
2.407784470354265949e+01 -2.001513887234885658e+00
2.406416734194528573e+01 -1.497060558382344198e+00
2.405669584644214609e+01 -9.769886491706074594e-01
2.401836920774604778e+01 -4.424468640297689603e-01
2.402825012292199602e+01 9.173250352280248876e-02
2.403593820836104555e+01 5.778002766574026339e-01
2.402128983206623047e+01 1.068404401815559623e+00
2.402405091473792709e+01 1.614404625329544984e+00
2.404598583250702148e+01 2.152363489586797130e+00
2.403794288738833274e+01 2.674315872336340050e+00
2.400862072473692876e+01 3.202645959438203960e+00
2.399495119711213675e+01 3.704911014476707010e+00
2.468000145313825300e+01 -4.119597025264836176e+00
2.470714826860753277e+01 -3.571608662727259187e+00
2.469255386644451278e+01 -3.045539617696313428e+00
2.466496071608674612e+01 -2.536550437554954129e+00
2.466342225214400230e+01 -1.981119832449465434e+00
2.462999638458329343e+01 -1.480158619978983126e+00
2.463327021628020219e+01 -9.601339312192358477e-01
2.461536733391775300e+01 -4.274343033242331558e-01
2.461834624742659372e+01 6.727004651330403817e-02
2.460550799535054267e+01 5.833945708277212816e-01
2.460488548276240550e+01 1.111659523980026876e+00
2.458973857040780331e+01 1.643071564093066428e+00
2.457464082785133286e+01 2.177757383150794368e+00
2.462091696198054080e+01 2.673020779825399984e+00
2.458058710019476223e+01 3.156458286843026428e+00
2.456691794889939473e+01 3.685116789017804706e+00
2.528836459101857059e+01 -4.097983620734201082e+00
2.524893135068423788e+01 -3.566012077535985370e+00
2.527057380722507673e+01 -3.037576318391245422e+00
2.521974132088156750e+01 -2.530445754799817593e+00
2.522830046501074008e+01 -1.993689087141103045e+00
2.518636291482217615e+01 -1.481852709494432929e+00
2.515915305530441515e+01 -9.555445966087567911e-01
2.518244462040248521e+01 -4.466690738870759958e-01
2.518333883193555067e+01 7.464187777617681263e-02
2.515787172166265151e+01 6.029997901702870422e-01
2.513445826252463888e+01 1.109478272393172205e+00
2.514658751190508212e+01 1.637922962183164799e+00
2.515692346897272103e+01 2.178985876206755989e+00
2.515872736957738454e+01 2.661734406185303214e+00
2.516575558970620108e+01 3.148761417350744551e+00
2.514584774254041122e+01 3.699593884539250865e+00
2.585461039090800028e+01 -4.077795047756726632e+00
2.548922321523462386e+01 -3.610331972423383107e+00
2.580405458281298081e+01 -3.021019251463483712e+00
2.576049711841424283e+01 -2.506831421381427560e+00
2.579964227794586407e+01 -2.007850994345190543e+00
2.581278968272216190e+01 -1.480041623560964581e+00
2.578397135475540836e+01 -9.427512778484938849e-01
2.574609440137247418e+01 -3.847557479500949285e-01
2.571036981536089883e+01 3.317403506356342291e-02
2.571696413018499072e+01 6.003762279324966755e-01
2.570477713029988820e+01 1.105060888570978506e+00
2.570434036790786791e+01 1.646777956933821230e+00
2.570041029360574214e+01 2.170431867072377230e+00
2.570158524448690684e+01 2.662702182137284268e+00
2.571907224641205403e+01 3.145194265027658531e+00
2.567465090681312745e+01 3.711400733974461019e+00
2.637855556066823937e+01 -4.115957104387259591e+00
2.637439837494667216e+01 -3.571143772028117169e+00
2.639579819479764922e+01 -3.049248554085185248e+00
2.632223708430020537e+01 -2.511643570393665925e+00
2.636593088470296209e+01 -1.988387129363594852e+00
2.634901894761418362e+01 -1.482956109722099569e+00
2.632793624038747993e+01 -9.617119116381900312e-01
2.633819453239183872e+01 -4.046868738217419548e-01
2.631971955901794047e+01 8.313675867883318915e-02
2.632760369127491629e+01 6.237058869156690832e-01
2.630455240338222467e+01 1.125845949136113688e+00
2.628610868692270941e+01 1.648192517384689637e+00
2.627619031660221793e+01 2.176697684163819702e+00
2.623804114308748581e+01 2.676067387072095016e+00
2.637860356813916241e+01 3.078630888146491884e+00
2.626776407974759309e+01 3.705969176305718094e+00
2.691119347773206982e+01 -4.093681104056548392e+00
2.692062375514548478e+01 -3.562721835804598669e+00
2.693309348953422955e+01 -3.037498436971947768e+00
2.691536619990858981e+01 -2.503606846187334867e+00
2.694165207090586023e+01 -1.989439414462889744e+00
2.691856773051336660e+01 -1.490098533747886478e+00
2.690674938997791088e+01 -9.626327189308234722e-01
2.690978671608523598e+01 -4.231563012259371703e-01
2.687613484987401336e+01 9.076075943017869463e-02
2.685310868648764426e+01 6.149666086434493195e-01
2.687672903591786877e+01 1.185666866707709488e+00
2.687969471697361001e+01 1.631497850660540649e+00
2.689396846033248067e+01 2.170829353577268250e+00
2.687673202770756831e+01 2.654137356559385097e+00
2.681594680710151835e+01 3.169627134188342410e+00
2.681587274734935278e+01 3.726650453461722634e+00
2.748289136678149447e+01 -4.084203091749108339e+00
2.745441324931738336e+01 -3.570461510129435467e+00
2.744249420914557192e+01 -3.044433427795214087e+00
2.749891071651465069e+01 -2.520201035925879296e+00
2.747179746131122613e+01 -1.970727280901328982e+00
2.748859387124125675e+01 -1.493053247099531688e+00
2.745839724670079818e+01 -9.413782342627960986e-01
2.744377306495966451e+01 -4.117800400992983612e-01
2.745578795577308995e+01 9.333294994539187428e-02
2.744462497049704552e+01 6.255873684483468367e-01
2.744177805316464003e+01 1.138865462577498988e+00
2.738484382901410896e+01 1.639047357420000850e+00
2.740236589897721586e+01 2.172214169519708804e+00
2.740107373695885684e+01 2.678662182535589409e+00
2.738168899059677130e+01 3.200204627441110006e+00
2.736212801145656215e+01 3.733441993654082580e+00
2.802973174005782653e+01 -4.078119730104498686e+00
2.806393689453060603e+01 -3.568736296407282182e+00
2.804713780492035369e+01 -3.036653976267825072e+00
2.801687876896351526e+01 -2.494680175178729087e+00
2.802316207555141858e+01 -1.995399308087701939e+00
2.803012377757031715e+01 -1.456366074140756695e+00
2.802393262538040375e+01 -9.400232467126237168e-01
2.799302334288075400e+01 -4.406492251197207111e-01
2.798309737104648320e+01 9.718278188852735866e-02
2.799157476892649754e+01 6.518542620966236711e-01
2.800724848648901144e+01 1.159584963670759805e+00
2.798460855832623650e+01 1.632867148990225559e+00
2.796761791591845281e+01 2.167185445851188774e+00
2.797429203249711094e+01 2.698348176299667500e+00
2.797751848403721198e+01 3.228851720839752915e+00
2.797042134117113932e+01 3.770849457418041339e+00
