9.816893824849302064e+00 -4.158187885588271016e+00
9.810640891901396543e+00 -3.650819128140645020e+00
9.764817585330433758e+00 -2.636208493097292660e+00
9.755092627182008869e+00 -2.081410210267009120e+00
9.778589287799139385e+00 -1.588634589659353225e+00
9.743877506269903677e+00 -1.061232203406834884e+00
9.726187080653769357e+00 -5.629950814450950247e-01
9.665223343498279718e+00 5.027954220341257496e-01
9.655724121541325644e+00 1.014586460052409933e+00
9.645277949822219199e+00 1.563513137712185141e+00
9.689786269301432498e+00 2.060800809768970510e+00
9.668641842415773624e+00 2.589083281614360743e+00
9.618018398341202868e+00 3.112471722484020376e+00
9.633453425578746732e+00 3.644839479986746511e+00
1.043079188824418324e+01 -4.149805351859109592e+00
1.037381046697652920e+01 -3.667912721342386106e+00
1.037394179263884197e+01 -3.122182861912131457e+00
1.032836168979906333e+01 -2.087091501275999406e+00
1.029845865902122881e+01 -1.557766713027394445e+00
1.028862692528760903e+01 -1.062638273734197725e+00
1.025252671625737833e+01 -5.404924512894240252e-01
1.026520482003035539e+01 -1.778278807336164391e-02
1.025618497430478726e+01 5.246611269464374061e-01
1.023982381981105405e+01 1.542354682012323508e+00
1.024015529234592492e+01 2.062779852616031917e+00
1.022981986955281641e+01 2.580746162327194781e+00
1.020364590096309954e+01 3.128534049600776967e+00
1.018949667995791231e+01 3.632681573614387815e+00
1.094667810764157778e+01 -4.148805183184471446e+00
1.096535064098462087e+01 -3.665123994980097777e+00
1.091299845046741268e+01 -3.104223054603352239e+00
1.091557254883737116e+01 -2.607550815772757602e+00
1.088171093261539113e+01 -2.095264988547967278e+00
1.087732610786103749e+01 -1.583836653984025844e+00
1.083954458753852279e+01 -1.063209983819827897e+00
1.084805378223062888e+01 -5.435772695269704968e-01
1.083358254605933269e+01 -2.564558804022709637e-02
1.081184901036538193e+01 4.959633411866910535e-01
1.080545879541362808e+01 1.022327540902217891e+00
1.078923517595885073e+01 1.557219956150326823e+00
1.079111077165391208e+01 2.082417781486388009e+00
1.076583327138863311e+01 2.594049519474797449e+00
1.077906132857566845e+01 3.125334242054556455e+00
1.074677461176584359e+01 3.647222370276125503e+00
1.150974025937637535e+01 -4.136973488506074048e+00
1.151250598631417787e+01 -3.634983586474115569e+00
1.148453984899854419e+01 -3.124025899709245380e+00
1.148609197498358725e+01 -2.595287276532815213e+00
1.146774758601904409e+01 -2.081540283685299642e+00
1.145387778611157259e+01 -1.575389418991978374e+00
1.143356410296762604e+01 -5.182282179599084770e-01
1.142142685995210272e+01 -1.551517885864583945e-02
1.142447686052587486e+01 5.130940775668868525e-01
1.140202334724303412e+01 9.823818075534482830e-01
1.133788188087336835e+01 1.572042787515592011e+00
1.133986898952966982e+01 2.073777115959828166e+00
1.132885359051398666e+01 2.604114669633897705e+00
1.131925976340705375e+01 3.123147162235053287e+00
1.134021909740072331e+01 3.645057872235220486e+00
1.210053617855076169e+01 -4.158925799345773555e+00
1.210305317617771337e+01 -3.603988704919636632e+00
1.208490251107007296e+01 -3.029241622421816160e+00
1.206394501368400896e+01 -2.581765527590562215e+00
1.201393459511807649e+01 -2.065069704155348518e+00
1.201795588201714438e+01 -1.590420520162254547e+00
1.199981419184480202e+01 -1.048125829579440449e+00
1.197141158306223119e+01 -5.247020213380082510e-01
1.196490936441544761e+01 3.080149391349351617e-02
1.195906498683569907e+01 5.305399580540282045e-01
1.193654831564646202e+01 1.047625542318048275e+00
1.190456925477529282e+01 1.546620302008307135e+00
1.189781488869799020e+01 2.091501668593409136e+00
1.188832542624938071e+01 2.615367751985182565e+00
1.190557737007080874e+01 3.107168633204793196e+00
1.189762847815442726e+01 3.633687692687313842e+00
1.264827608923653202e+01 -4.178798005154824580e+00
1.246450017249067699e+01 -3.875006248923421381e+00
1.265637976567249723e+01 -3.134918967622029484e+00
1.262352907784066858e+01 -2.595125901682120428e+00
1.258694995415586249e+01 -2.075614709126789137e+00
1.257594779616191971e+01 -1.578058608523232209e+00
1.255787912152156949e+01 -1.053128122935166999e+00
1.254085436591097391e+01 -5.330188014707317734e-01
1.248639731830313337e+01 1.636699298616406395e-02
1.252498970577485338e+01 5.474413390279799785e-01
1.253394313651834580e+01 1.060106639170982135e+00
1.247486078976936952e+01 1.511567546571058074e+00
1.243500654628437729e+01 2.087678165561364096e+00
1.246708663169073361e+01 2.641956732658854889e+00
1.249962924149388499e+01 3.128341490331330021e+00
1.249694445318205283e+01 3.667365310254723454e+00
1.326045060816194265e+01 -4.160241170352348306e+00
1.322561120254936284e+01 -3.641554326225294957e+00
1.322090806349046588e+01 -3.114502206188335620e+00
1.319251348988948891e+01 -2.591680728343039419e+00
1.317919318036758369e+01 -2.061218288148410238e+00
1.314204103216300723e+01 -1.523687884940809312e+00
1.314530979010272915e+01 -1.009013950733123721e+00
1.315030014437695982e+01 -4.912462166514366402e-01
1.311013028067631936e+01 2.299400151756358923e-02
1.311386625047860122e+01 5.414988465447265753e-01
1.306036066307707699e+01 1.028980718424698182e+00
1.308553693181777078e+01 1.567545790496353675e+00
1.304818946724633122e+01 2.065087413506937253e+00
1.305816373089192339e+01 3.139464800721114557e+00
1.304538265766428751e+01 3.660284844046000075e+00
1.386897797479149119e+01 -4.142091654798248257e+00
1.380951934504538414e+01 -3.609045489895532199e+00
1.378311952028499121e+01 -3.126571532047945468e+00
1.373807652099305798e+01 -2.590778478521404082e+00
1.372777662043381852e+01 -2.069254738778457892e+00
1.373455780977956664e+01 -1.505561202200162541e+00
1.370304785733211261e+01 -9.986677409457733745e-01
1.368540412085949853e+01 -4.844183815156419826e-01
1.365446643501344681e+01 1.712098351302770993e-02
1.365203578125735362e+01 5.283550402126842016e-01
1.365294545573347307e+01 1.043458702701279606e+00
1.361053797468742843e+01 1.544897560733748065e+00
1.361179005622079075e+01 2.094578468207380695e+00
1.364605926160812999e+01 2.626901769674503839e+00
1.360497471253726687e+01 3.142887579919889873e+00
1.361284659786636908e+01 3.691076599666271107e+00
1.445237755179279660e+01 -4.150898912311498989e+00
1.439784331577332921e+01 -3.627874776668313928e+00
1.443808709310373928e+01 -3.132126657226281807e+00
1.432797378322783644e+01 -2.587052116379403799e+00
1.429323897556373879e+01 -2.022285256229864103e+00
1.428591749984224180e+01 -1.526089817889978661e+00
1.425985583498205145e+01 -1.017486169958562670e+00
1.423560290885912849e+01 -4.722762035663521374e-01
1.425473240266097363e+01 1.582891933091801207e-02
1.421197986174083638e+01 5.285818567242692723e-01
1.419934405647697062e+01 1.048005638489659219e+00
1.418739762304563357e+01 1.568453500151715474e+00
1.419130224381742877e+01 2.133794443419951392e+00
1.415814372330516946e+01 2.615027419713918277e+00
1.413268604685919172e+01 3.664769009618396467e+00
1.500235043655252909e+01 -4.165056954713611148e+00
1.495312186541602983e+01 -3.647294073051849495e+00
1.491785668046080104e+01 -3.130666406289330794e+00
1.489950404745689738e+01 -2.577929570953997995e+00
1.487617268665125536e+01 -2.063687277640081419e+00
1.486100751314400981e+01 -1.551776498000844384e+00
1.487391897521364470e+01 -9.952506818777884234e-01
1.480142776897714896e+01 -4.639970352064217707e-01
1.476276080943369706e+01 2.448887376364083934e-02
1.480480582715631499e+01 5.359199135918046863e-01
1.477075636350235754e+01 1.053913465049475917e+00
1.477327579046405859e+01 1.569037270444678001e+00
1.473992300408251666e+01 2.111724161673762978e+00
1.472096079874201280e+01 2.620071889138912979e+00
1.468072557541032452e+01 3.156758571908220290e+00
1.473158536117783868e+01 3.668109897389037144e+00
1.555086931335380385e+01 -4.147537288270333633e+00
1.550233833506067427e+01 -3.607493112221330733e+00
1.545756064440734789e+01 -3.083960884119806067e+00
1.546497881290336451e+01 -2.560662034882462024e+00
1.545459964237227979e+01 -2.027220764613215209e+00
1.541483384053327654e+01 -1.529326679276000078e+00
1.538266586110941603e+01 -1.010776541820046504e+00
1.537595355053057844e+01 -4.871366359910709321e-01
1.534353136160142839e+01 3.518989474300227016e-02
1.533739455439818400e+01 5.602776989455762191e-01
1.532087146169094893e+01 1.079643714002564536e+00
1.545505417722253938e+01 1.630366861885523377e+00
1.532232622646953857e+01 2.095408089492885040e+00
1.528972224521517020e+01 2.628361954663777311e+00
1.526763364499205622e+01 3.156078427481311621e+00
1.527284096742257447e+01 3.723408508194079758e+00
1.607216596936968500e+01 -4.104177517950658327e+00
1.604416003704822558e+01 -3.586692418831784579e+00
1.602638218758145428e+01 -3.059377019275878240e+00
1.601818056263643442e+01 -2.552554147258181416e+00
1.600024190588449713e+01 -2.026822844358594722e+00
1.598524340503318086e+01 -1.532100418979862155e+00
1.594442013856415130e+01 -9.925114877273806258e-01
1.593407726514562839e+01 -4.654911912904182714e-01
1.590095027976631314e+01 5.072639194323969036e-02
1.589780781647445806e+01 5.645131939756531381e-01
1.588159866779695761e+01 1.075367471509363071e+00
1.592327562854832124e+01 1.607813659934379302e+00
1.585600818565271197e+01 2.107028165448166845e+00
1.585021968725101615e+01 2.651715607164323529e+00
1.582005256222944212e+01 3.181379017564928802e+00
1.586718425766051510e+01 3.692191407403452530e+00
1.662669491302644076e+01 -4.098148631957888810e+00
1.659818148659583770e+01 -3.577075808377342625e+00
1.658585811801648546e+01 -3.050406096018113189e+00
1.656664394824644049e+01 -2.536778863542192397e+00
1.656062929974464026e+01 -2.022245651857076609e+00
1.651594520617953776e+01 -1.536804533836498621e+00
1.651670554721709294e+01 -9.888175090085056240e-01
1.653682835141715302e+01 -4.690460539717413724e-01
1.649254550832245769e+01 5.461249913928512001e-02
1.644253889386024170e+01 5.370439025436439806e-01
1.644610060590775902e+01 1.082799937273922097e+00
1.646019723951052782e+01 1.608224546916623865e+00
1.643737985304706939e+01 2.136147363063670923e+00
1.641103016374612977e+01 2.674000100958828341e+00
1.641717187673724965e+01 3.174473505689423547e+00
1.640348367264423857e+01 3.706977091147450665e+00
1.721085861213530777e+01 -4.095783513350513161e+00
1.717591965253006592e+01 -3.585798581604992208e+00
1.715270125948608282e+01 -3.036973125445127764e+00
1.715160433980129895e+01 -2.567555175965832603e+00
1.711711683594317535e+01 -2.052556910376853949e+00
1.705475528409007424e+01 -1.508570127493502611e+00
1.706200787672032249e+01 -9.922656581709716761e-01
1.706147669122064769e+01 -4.659824792810418614e-01
1.705069425501612201e+01 6.360426935282958993e-02
1.705926333541324169e+01 5.736423081090045173e-01
1.701464675782643354e+01 1.105888229757045593e+00
1.698921337477461790e+01 1.596180719565023054e+00
1.699427662119921578e+01 2.140336086561944740e+00
1.697922279875054485e+01 2.660530415661082060e+00
1.697438356553920258e+01 3.199631054514718187e+00
1.696766501811847405e+01 3.726705140455052856e+00
1.774261923247881612e+01 -4.076543275618925932e+00
1.771621608240583967e+01 -3.577770455284056794e+00
1.771894287249146771e+01 -3.054162373025480548e+00
1.769845103486648696e+01 -2.522264957825559151e+00
1.766480157859031763e+01 -2.042844223428861739e+00
1.764841912971661841e+01 -1.486540014754748285e+00
1.762985880330388966e+01 -9.832123337020810538e-01
1.757771770026803182e+01 -4.684891471737913093e-01
1.758092802760905116e+01 6.338581086562200539e-02
1.758540855976229267e+01 5.713160441884141960e-01
1.757184986371104785e+01 1.107597642450933506e+00
1.753734336214300527e+01 1.603694507566157057e+00
1.752773090029903003e+01 2.128769896669265194e+00
1.753791510677815069e+01 2.670803667320388541e+00
1.750609421249177799e+01 3.190185748341672678e+00
1.757811359784133742e+01 3.662315833837070045e+00
1.827573811552629479e+01 -4.098365531368042269e+00
1.827121651407331626e+01 -3.590204996731547027e+00
1.826997581112896896e+01 -3.046025628367122096e+00
1.824594653598953542e+01 -2.551731711702412753e+00
1.823434076547201599e+01 -2.034707218301658571e+00
1.822602524227248821e+01 -1.500937809266872591e+00
1.819138173051758400e+01 -9.931456345509559469e-01
1.818794890010510557e+01 -4.666813261677482672e-01
1.814388611938025520e+01 5.538113648177045434e-02
1.812870068378517274e+01 5.889410099941692067e-01
1.811609605968310532e+01 1.118856799894203391e+00
1.811147257982705483e+01 1.625979094254280000e+00
1.809933192843893579e+01 2.153845437759130732e+00
1.809313578392931632e+01 2.634381045001614297e+00
1.814137859544919351e+01 3.070906240661159359e+00
1.811520518407091984e+01 3.655927749126146153e+00
1.887654865474749855e+01 -4.106104666937786973e+00
1.883736521510695994e+01 -3.588733143347358379e+00
1.882952297082648130e+01 -3.067098019606698145e+00
1.878574787763512788e+01 -2.563005006466450908e+00
1.875849415164237044e+01 -2.042493475552550564e+00
1.876385341396056106e+01 -1.502378473611734933e+00
1.877326041410261581e+01 -9.835271566423919865e-01
1.873870407241063774e+01 -4.561850186928104733e-01
1.871632710451251569e+01 5.082725181134506443e-02
1.871817622177662699e+01 5.915046639176679832e-01
1.869048077106392114e+01 1.094336901378909488e+00
1.865453757434406157e+01 1.636422169997356235e+00
1.864726471701035138e+01 2.144141031078149240e+00
1.867532502297606456e+01 2.663266517438970027e+00
1.867833269610735414e+01 3.209175126224355523e+00
1.865591827254987933e+01 3.687642657808993363e+00
1.938298898769413015e+01 -4.110329637026660876e+00
1.940926754899362550e+01 -3.600453267824271109e+00
1.940158193367781436e+01 -3.075813711074642853e+00
1.939551893097926438e+01 -2.551223028290987571e+00
1.933037691380834033e+01 -2.047495513699679748e+00
1.933196153804343353e+01 -1.490823191984361529e+00
1.931812269374609414e+01 -9.784738335782634522e-01
1.928735831022383351e+01 -4.591626464871545465e-01
1.928493972731361694e+01 6.990079609442645392e-02
1.927181130983438351e+01 5.851437382350930250e-01
1.926237370149335248e+01 1.099143449701845299e+00
1.923955457572678540e+01 1.596713128212407184e+00
1.923882099096470455e+01 2.154548090627546486e+00
1.920590130431225617e+01 2.645575092682062035e+00
1.921076854520477184e+01 3.199498715143427319e+00
1.919370548803262366e+01 3.673881812869961294e+00
1.997150783745812674e+01 -4.114089348982945538e+00
1.994937138357976636e+01 -3.589173125335799241e+00
1.993230029708750806e+01 -3.071409154022035182e+00
1.991198696465598061e+01 -2.552562411078440618e+00
1.989620676105763408e+01 -1.996676852732004903e+00
1.988971649689530352e+01 -1.487023265391783866e+00
1.987767482868463276e+01 -9.669875164125549816e-01
1.986778590320666638e+01 -4.468751615085793105e-01
1.985818587061814355e+01 8.260159363774022268e-02
1.982929764377436399e+01 5.925109208654788517e-01
1.981708646356638681e+01 1.108752503896891284e+00
1.982402517614412929e+01 1.613367159053343158e+00
1.981300838181252288e+01 2.138843826602734310e+00
1.977720712470003050e+01 2.662485390615557890e+00
1.978419087153898914e+01 3.215328844102948835e+00
1.977701995424145665e+01 3.714145074300208904e+00
2.053954589444488477e+01 -4.113936122954111596e+00
2.048347105774669785e+01 -3.578092365038363809e+00
2.048831100998557986e+01 -3.049017825556081362e+00
2.050531758305195495e+01 -2.533507014101228805e+00
2.044817247802834004e+01 -2.058385312224348951e+00
2.041575848580794172e+01 -1.528107586436359355e+00
2.042148696735049640e+01 -9.706237463925191378e-01
2.039608415148299514e+01 -4.509038681101920076e-01
2.040800987324230675e+01 8.393057795616343242e-02
2.037957067675505130e+01 6.099950294034357512e-01
2.039554784438522006e+01 1.147738786218724272e+00
2.038501408895768208e+01 1.628543973421152202e+00
2.037638658618612908e+01 2.160018232221844414e+00
2.036191088692630302e+01 2.689723069697883773e+00
2.034414665889823937e+01 3.207672316600174156e+00
2.033131141599225344e+01 3.730247238327056181e+00
2.109142695841417492e+01 -4.114443214186309206e+00
2.104415363892012891e+01 -3.574479959223056724e+00
2.105417277851382352e+01 -3.065095907662460206e+00
2.102366212235041587e+01 -2.525556575804259296e+00
2.100859006665731243e+01 -2.016876384452810811e+00
2.099824205676878108e+01 -1.488703816810762248e+00
2.096484337676746890e+01 -9.942215941264649359e-01
2.094964342254687040e+01 -4.652583705097548261e-01
2.094945198508919759e+01 7.693432509713460377e-02
2.094364311236969201e+01 5.917403509513050608e-01
2.094893114604212769e+01 1.116146705854156096e+00
2.092292534485055455e+01 1.631223374235847956e+00
2.092303891920755632e+01 2.169015339757521588e+00
2.091203123918527496e+01 2.703946669970150651e+00
2.090085519136592751e+01 3.197706768725623760e+00
2.089159591566544805e+01 3.733467980580432055e+00
2.165188180581012034e+01 -4.100176858126335588e+00
2.162408647823014718e+01 -3.570686460178189137e+00
2.160604499299437720e+01 -3.057601714564086137e+00
2.156677922087316546e+01 -2.525463891390476334e+00
2.155382849614590413e+01 -2.013613503522499570e+00
2.155772986391637858e+01 -1.487265348092204675e+00
2.155247414158817065e+01 -9.594310714920482042e-01
2.153296854731843979e+01 -4.499159598592221698e-01
2.152305911810829997e+01 6.867757539189867089e-02
2.149156041320823363e+01 5.746312275112543944e-01
2.148407587961690268e+01 1.109344604966132408e+00
2.147827192789317508e+01 1.647833276388634971e+00
2.148369780408587815e+01 2.207624586254397059e+00
2.146618497626253230e+01 2.603236891764254324e+00
2.146857990421992923e+01 3.176068193014586427e+00
2.143613395732833027e+01 3.722489975547706109e+00
2.219609200372776314e+01 -4.107170405523955736e+00
2.215622377078940985e+01 -3.570872031280325487e+00
2.214930543787607320e+01 -3.028927382107175603e+00
2.214233992646180127e+01 -2.534108555524433370e+00
2.211021290343236245e+01 -2.018501183349002304e+00
2.209581998370276068e+01 -1.493843386224209979e+00
2.211513504843271249e+01 -9.659853968731084706e-01
2.207197038081652352e+01 -4.408607959328278980e-01
2.206353155100888586e+01 8.510234600627697432e-02
2.206028814807842053e+01 5.855495048937910951e-01
2.205624770390998890e+01 1.128156145580167191e+00
2.203275380231281844e+01 1.661952614966665465e+00
2.204271177093550449e+01 2.212590680614656691e+00
2.203637001495718550e+01 2.659707217520288935e+00
2.202125403054014896e+01 3.193272057368499617e+00
2.199993848556638909e+01 3.727882323642695894e+00
2.273455632580215280e+01 -4.105906641597767859e+00
2.275529682793295905e+01 -3.586315426046967403e+00
2.267860427744923868e+01 -3.067139611229409368e+00
2.269939102708908507e+01 -2.532369172616220965e+00
2.269262472915553275e+01 -2.006922968868423141e+00
2.266531074456339923e+01 -1.496665334463148866e+00
2.264468911158259345e+01 -9.681572883320441747e-01
2.265041835101921208e+01 -4.465628563502654913e-01
2.262332731633026128e+01 9.257304664773258196e-02
2.260631203018538571e+01 5.958025744940727009e-01
2.259149723346898497e+01 1.123120144006996668e+00
2.259455787440239760e+01 1.650490833222864495e+00
2.260711762141996672e+01 2.199186589127513969e+00
2.258032328576891246e+01 2.725870276218305577e+00
2.258173648802234368e+01 3.214536945220721975e+00
2.257262383071704193e+01 3.734577169379466710e+00
2.329630838599701548e+01 -4.100026574554336278e+00
2.327987915608866842e+01 -3.569222208466683810e+00
2.323911969817278589e+01 -3.029432667031169757e+00
2.326563961932873781e+01 -2.518572837846175361e+00
2.323501471601188229e+01 -2.005507010991802730e+00
2.319156155884724058e+01 -1.465707937930435634e+00
2.317810441724170545e+01 -9.374816170779780578e-01
2.318972156569303422e+01 -4.200779989238583312e-01
2.316947899927784960e+01 7.582548037564507126e-02
2.316644983520260581e+01 5.977208898071673104e-01
2.313851180281331210e+01 1.122066257167773529e+00
2.313935322810250028e+01 1.681570410901684909e+00
2.311624053385396138e+01 2.191148382589112487e+00
2.311551726828732711e+01 2.708310443706906767e+00
2.312391516642692579e+01 3.242803294874342157e+00
2.310859323646548091e+01 3.727764365653811751e+00
2.379947851268181580e+01 -4.127726446057844001e+00
2.382203792439884182e+01 -3.551029752370617132e+00
2.380763032958628855e+01 -3.053272945398658678e+00
2.379026773934519667e+01 -2.495141943238628812e+00
2.376460489492774286e+01 -1.993312057434369677e+00
2.375956790483351710e+01 -1.469857451171424856e+00
2.373599899804139568e+01 -9.509890355542509610e-01
2.372734600409876293e+01 -4.272484669319638328e-01
2.373488411480257554e+01 7.943658214778182014e-02
2.370342789581101073e+01 5.986051544011736780e-01
2.371069353306911864e+01 1.122542170081601398e+00
2.369665918987668363e+01 1.674683280498712179e+00
2.368165941900617355e+01 2.204800288577697387e+00
2.372399890858984151e+01 2.681218092983051804e+00
2.366889570142291888e+01 3.226848021801359323e+00
2.368898814331195979e+01 3.737743744717249683e+00
2.439160558603734330e+01 -4.090192784195032516e+00
2.436870010902665484e+01 -3.538750009569033850e+00
2.435275306954837049e+01 -3.063749701885289056e+00
2.432385466297345289e+01 -2.530062079075165116e+00
2.431233091647754208e+01 -1.980122183719743134e+00
2.430709213833681304e+01 -1.472270895144372815e+00
2.428963297385609366e+01 -9.507858151897323751e-01
2.424404794883576386e+01 -4.164263302974582359e-01
2.425785213766274495e+01 1.200317881341135262e-01
2.426681039209352519e+01 6.208047182528773078e-01
2.425163151446318466e+01 1.108892826119692643e+00
2.425436876044209811e+01 1.658944822982320488e+00
2.430878599903379467e+01 2.182112674029156096e+00
2.426473765176862685e+01 2.720372429827087046e+00
2.423706466003796578e+01 3.248389668158349508e+00
2.422376537377326855e+01 3.745766985370917013e+00
2.490390285991627906e+01 -4.106179785895479384e+00
2.491838791969527733e+01 -3.558015218276683100e+00
2.491028867757162857e+01 -3.038666097735809757e+00
2.488057072307291406e+01 -2.522864971609177331e+00
2.486878548211451090e+01 -1.978971953192086630e+00
2.485137532254227466e+01 -1.459808080752360127e+00
2.485462146478422341e+01 -9.399278098014072214e-01
2.483078116726603213e+01 -4.035184560204925219e-01
2.483829973456183637e+01 1.019737107614808735e-01
2.482975144481338958e+01 6.163140318608100188e-01
2.482483107903612307e+01 1.145074950951741499e+00
2.481565620235687675e+01 1.675565310025458388e+00
2.480360331749233893e+01 2.204719638716206020e+00
2.483926344390640395e+01 2.713499618105569056e+00
2.479494720423023324e+01 3.210420409170389178e+00
2.478611509571981486e+01 3.738483305381532062e+00
2.550315182431777572e+01 -4.090014614400470094e+00
2.545575328529363190e+01 -3.552896958480506129e+00
2.547606056533596330e+01 -3.029271042293931515e+00
2.543532252766999591e+01 -2.516393636910450482e+00
2.544168618490519407e+01 -1.978924580769465535e+00
2.539801376301981861e+01 -1.464653797001716384e+00
2.538029404278186973e+01 -9.397465847098729341e-01
2.540326064102947612e+01 -4.205256592877333333e-01
2.539510056655437609e+01 1.073353851287990324e-01
2.537423711878292920e+01 6.264728298570965137e-01
2.535363778040542115e+01 1.147633949015091304e+00
2.536518361200722893e+01 1.672942691736192700e+00
2.537588231923876947e+01 2.215990674429171747e+00
2.536701374852452062e+01 2.710308014444493097e+00
2.535944627829421449e+01 3.205248759048568985e+00
2.535336436029184171e+01 3.755897092220848776e+00
2.606015949769143702e+01 -4.074791959680617026e+00
2.574465574572074900e+01 -3.566529937586988552e+00
2.600891735127645177e+01 -3.023509909720589306e+00
2.596458155285817782e+01 -2.503406017595185773e+00
2.599772979434716547e+01 -1.994924790227106115e+00
2.601121878378052799e+01 -1.471738199384031276e+00
2.598800065336531162e+01 -9.261738932894765242e-01
2.595805830679498172e+01 -3.774961492642034955e-01
2.595291822962035866e+01 1.041275481602426112e-01
2.592168650630393500e+01 6.298999759813384003e-01
2.591959761227145265e+01 1.144348065348268051e+00
2.590325147414359463e+01 1.686241378433503968e+00
2.590470462477610170e+01 2.208125894794786603e+00
2.590239038387896642e+01 2.708613515574565866e+00
2.589580922260988416e+01 3.195427096050750038e+00
2.587875603191419316e+01 3.758608560070339166e+00
2.656591537932258973e+01 -4.101306232417744724e+00
2.656994237350858867e+01 -3.568130113444055951e+00
2.659100362134599038e+01 -3.038035132888005307e+00
2.652567824276625430e+01 -2.512859336271617394e+00
2.655379292281699577e+01 -1.977128101069268951e+00
2.654293750894014892e+01 -1.470035946747636046e+00
2.652654000796089662e+01 -9.471285346410027728e-01
2.654045769744950434e+01 -3.870986101410380797e-01
2.650878646167498687e+01 1.048214026613720762e-01
2.651495620861232538e+01 6.309288883595627340e-01
2.649950657045784652e+01 1.151012384927405208e+00
2.648415253907167255e+01 1.686943726953327172e+00
2.646987989024451338e+01 2.219546251640831969e+00
2.644016731520469676e+01 2.733676090233618794e+00
2.653399620378248613e+01 3.145872982307313492e+00
2.646220741119919495e+01 3.753200747552543959e+00
2.709804251072583980e+01 -4.086988004033146993e+00
2.711470783465097156e+01 -3.564284893656074260e+00
2.712087592486808063e+01 -3.027517621481235821e+00
2.710341776258410107e+01 -2.493703631334334148e+00
2.712380360894871245e+01 -1.968169790314938439e+00
2.710330306928625532e+01 -1.469425767867626575e+00
2.708676236130575177e+01 -9.399289651783426791e-01
2.708739370540339308e+01 -4.005180279975419921e-01
2.706857166176338580e+01 1.159899686138743391e-01
2.704290145901835274e+01 6.477827020421642601e-01
2.706786440408162520e+01 1.223155839212861196e+00
2.705684340376132724e+01 1.658635684541469146e+00
2.706835695072604153e+01 2.202174320959645826e+00
2.705273021997314231e+01 2.686956131217790755e+00
2.700191080085163264e+01 3.218224105229037235e+00
2.701446311229969410e+01 3.775548856702062750e+00
2.766173580942433574e+01 -4.081978161886954837e+00
2.763957392660567081e+01 -3.576773668974693621e+00
2.761893645714315682e+01 -3.043656507376743647e+00
2.766647073565237491e+01 -2.512319324081026650e+00
2.764504244284199785e+01 -1.956401278298024238e+00
2.766435852646768012e+01 -1.468863241919297735e+00
2.763061571499319768e+01 -9.266808345976080830e-01
2.761588515609383876e+01 -3.923686003726309934e-01
2.763318446724862554e+01 1.123710016911694254e-01
2.762130604132024558e+01 6.346142182376439678e-01
2.761389730979235679e+01 1.172181614123395832e+00
2.756774934695827284e+01 1.676336699776413752e+00
2.757861208439815925e+01 2.209369557214362345e+00
2.758003042741651001e+01 2.723673382845515079e+00
2.755774736431407490e+01 3.240625208048541595e+00
2.754920276465150408e+01 3.769601702005065391e+00
2.820058077492424076e+01 -4.071566839825633721e+00
2.824067750656590903e+01 -3.576838326941231827e+00
2.822142707152705299e+01 -3.043311296383384601e+00
2.819626067114149492e+01 -2.496159481680042092e+00
2.820148467097740053e+01 -1.984859784867307297e+00
2.819703869465717361e+01 -1.434896466594750564e+00
2.819103322675149315e+01 -9.257804329831493817e-01
2.816411735902979530e+01 -4.162367601637662062e-01
2.815755195297795410e+01 1.150940788777674584e-01
2.816175975811408705e+01 6.731190436265954702e-01
2.817193051417385163e+01 1.188765311641020617e+00
2.815478861215353845e+01 1.665899385496750540e+00
2.813986573320945439e+01 2.199223100669538411e+00
2.814520280687247578e+01 2.736307575963554228e+00
2.814650641039933987e+01 3.266353289466831455e+00
2.812563767888025268e+01 3.803006688233601551e+00
