1.051366658393186526e+01 -4.127273008841102708e+00
1.050502036508773784e+01 -3.607659263019973750e+00
1.046397359425259665e+01 -2.598267394055252311e+00
1.046607120621019504e+01 -2.049459578630496992e+00
1.047938008788654329e+01 -1.538240014569453251e+00
1.046159805184665004e+01 -1.021304906929692891e+00
1.044247923101377040e+01 -5.195117712834615986e-01
1.038956969965633803e+01 5.647095479387580497e-01
1.042265282424613915e+01 1.105472863283299745e+00
1.040346597855958422e+01 1.615649605853363369e+00
1.041417824002175863e+01 2.120858150925979402e+00
1.039580091559913555e+01 2.660032709934242234e+00
1.036386102027278966e+01 3.177438351441917774e+00
1.037564114108069901e+01 3.706629594417343299e+00
1.107338441495750558e+01 -4.138889659787031050e+00
1.104139828546331259e+01 -3.660168404880410620e+00
1.104343969928259028e+01 -3.109959016989943592e+00
1.102374019248570391e+01 -2.051687782655278625e+00
1.099529972009239742e+01 -1.533629775112043347e+00
1.098483947152679363e+01 -1.017327120748959146e+00
1.095043365260431756e+01 -4.911773901891827165e-01
1.096242686168760727e+01 2.071648332493936095e-02
1.096318691810326129e+01 5.799808267120418748e-01
1.094862265099386178e+01 1.606362156288987819e+00
1.093077819146125762e+01 2.147444814347743147e+00
1.094262535629585642e+01 2.652138340653930726e+00
1.092690965414165660e+01 3.204666792061694025e+00
1.089447171920485502e+01 3.709480396164657634e+00
1.159163918924921433e+01 -4.131689178536049667e+00
1.162066812807507432e+01 -3.634412116670679538e+00
1.157744777022102056e+01 -3.084966065864199081e+00
1.158247895731667043e+01 -2.575371494122851601e+00
1.155842738994371999e+01 -2.066327321901969327e+00
1.154913856389641680e+01 -1.547204499272197609e+00
1.153248969446759631e+01 -1.011371557638906182e+00
1.153892159311054044e+01 -4.908661949792438861e-01
1.151192748344766059e+01 2.799657519967269081e-02
1.151627178550456776e+01 5.408027134336741426e-01
1.150002328899921267e+01 1.070861704093893252e+00
1.148394461601909100e+01 1.624004670594224820e+00
1.148287546766808020e+01 2.149270937727365549e+00
1.146785070777822924e+01 2.656123443523604521e+00
1.147775352967539320e+01 3.202854151621188805e+00
1.145110121785893398e+01 3.720663374232451304e+00
1.213691941529489426e+01 -4.126548694635305381e+00
1.215393406783496388e+01 -3.616591467863520037e+00
1.212918811968285482e+01 -3.096825184385656016e+00
1.213636043101040940e+01 -2.567389566976192583e+00
1.212417855834044289e+01 -2.044641630399343768e+00
1.209965308215904756e+01 -1.532422794968379520e+00
1.209281031511126869e+01 -4.784408509632136486e-01
1.206571742596789321e+01 4.654176117612962571e-02
1.208976273407131075e+01 5.944638600507765602e-01
1.207679438693836715e+01 1.075899221913036996e+00
1.204545796099750277e+01 1.642067199826648505e+00
1.203393262176982148e+01 2.145202305095818218e+00
1.201537347620341833e+01 2.668585365384942065e+00
1.202123666654325262e+01 3.200557516094534094e+00
1.203083262476629045e+01 3.719860051447749782e+00
1.270340744249565290e+01 -4.143021220892068257e+00
1.269615420955202723e+01 -3.601107376953960326e+00
1.267685988799104635e+01 -3.046086068653023560e+00
1.269029302729355990e+01 -2.569960696417513901e+00
1.266459622699665744e+01 -2.035775102817261484e+00
1.265872617426714797e+01 -1.547891905693280279e+00
1.265328027336252958e+01 -9.912254477063875413e-01
1.262554498678601433e+01 -4.750106067692030365e-01
1.262449428796839968e+01 7.733453714343241359e-02
1.262951209847713585e+01 5.953454765700527673e-01
1.260342143628021461e+01 1.107777242549207841e+00
1.256759974130944713e+01 1.601859467788962377e+00
1.257378206225807560e+01 2.154491319330347210e+00
1.258125437418111048e+01 2.678016962828731806e+00
1.257873360003502228e+01 3.190163732096404914e+00
1.258916113461798858e+01 3.714973609905360519e+00
1.324603560257869361e+01 -4.164464708371456325e+00
1.319059004169541538e+01 -3.665045534238501546e+00
1.325782993335449333e+01 -3.107976882831103183e+00
1.324282316096485701e+01 -2.564615211941521977e+00
1.320091066946653413e+01 -2.048634527029751240e+00
1.321907804052221636e+01 -1.545748977198471152e+00
1.320300257101841268e+01 -9.952686120145557425e-01
1.319550271220503745e+01 -5.064265525241360422e-01
1.315538467826621627e+01 6.280783148355340018e-02
1.317936460973260182e+01 5.998879735545372682e-01
1.318384940587093368e+01 1.109667730405565322e+00
1.314446646554597820e+01 1.579990388060757311e+00
1.311813782267641670e+01 2.146252406274765434e+00
1.314709399511815846e+01 2.710218660704438065e+00
1.315385341228380867e+01 3.198101522266316721e+00
1.315180017571208992e+01 3.737757712166249746e+00
1.382739829044166413e+01 -4.155378881652069367e+00
1.380190729277706296e+01 -3.643147067151213392e+00
1.380820159017310900e+01 -3.096572986393496763e+00
1.378717926588479870e+01 -2.568897701757872909e+00
1.378244044327276896e+01 -2.041057935337338591e+00
1.376337883461668454e+01 -1.506273152969622942e+00
1.376606782138826901e+01 -9.764230742045754141e-01
1.377133330250868326e+01 -4.434908836081490335e-01
1.374093987371270131e+01 5.177750335417385941e-02
1.373111785771564897e+01 5.912250006396781998e-01
1.371004742613823524e+01 1.095831566763674658e+00
1.372921695995210456e+01 1.622247971055241322e+00
1.369096330243523596e+01 2.134741191634290658e+00
1.370252727022330319e+01 3.221465052583678101e+00
1.369384968707461780e+01 3.754955923104741800e+00
1.439854438660080049e+01 -4.134329649778290872e+00
1.437861563242801566e+01 -3.612066214441622236e+00
1.435546362695792411e+01 -3.102226630355156445e+00
1.431410384232031419e+01 -2.572765486467798013e+00
1.432221568307076964e+01 -2.044567544356944211e+00
1.433193352111185348e+01 -1.490334057806233403e+00
1.431798182392385854e+01 -9.706070003843016991e-01
1.429130882666453317e+01 -4.430284734471676700e-01
1.426722629236365947e+01 6.078059487289522167e-02
1.427182890069721566e+01 5.778751380830087214e-01
1.426749310277504890e+01 1.106626922973077853e+00
1.423602239619214771e+01 1.617701928908751086e+00
1.422995776225585018e+01 2.142918742521796815e+00
1.427873044363575161e+01 2.690201580418197125e+00
1.420980750889154365e+01 3.207222581756600022e+00
1.426856627819603318e+01 3.769706044244294674e+00
1.496645637766459913e+01 -4.144838629264741670e+00
1.491590795950720860e+01 -3.615744592900538734e+00
1.492058915018405685e+01 -3.107488730623124695e+00
1.488736995355760584e+01 -2.564760693667242464e+00
1.487000654234408259e+01 -2.009825907144652035e+00
1.486720338902947702e+01 -1.505186362200010564e+00
1.485754932836370301e+01 -9.943938518072563681e-01
1.483978824584409750e+01 -4.412481718238829842e-01
1.482675922965255566e+01 6.232778450791087721e-02
1.481038306315021202e+01 5.737693601153495138e-01
1.480768562014775824e+01 1.098852270272313802e+00
1.479448100229946306e+01 1.636157745300643285e+00
1.478705184717190946e+01 2.182557564130242156e+00
1.479218266634887513e+01 2.675335589926238100e+00
1.475310408555286656e+01 3.738634289782684306e+00
1.550820403169313266e+01 -4.158928459831752633e+00
1.546790520913672040e+01 -3.640128944828402879e+00
1.545213878599366808e+01 -3.111326466354096709e+00
1.543734920695556312e+01 -2.560240357012087742e+00
1.541999285950887355e+01 -2.046054420601596036e+00
1.541742435581221216e+01 -1.531213111909703883e+00
1.542479066011748401e+01 -9.733892755691009313e-01
1.537474525384387292e+01 -4.389886285236137553e-01
1.536766121161852894e+01 5.964837792645383274e-02
1.538559187726143307e+01 5.929460597520517240e-01
1.536973248720730822e+01 1.111468730999845889e+00
1.537786646707605698e+01 1.622835981638662162e+00
1.536677251138080891e+01 2.161109922716057952e+00
1.531809902585619199e+01 2.677627554497309603e+00
1.528361253122132268e+01 3.221689825561490750e+00
1.535626105298647914e+01 3.739820562302760720e+00
1.604484327473737437e+01 -4.155402272388235119e+00
1.600932003289686278e+01 -3.605295733299485050e+00
1.599002843354596592e+01 -3.084193743143707422e+00
1.600388820072588203e+01 -2.553475448241655954e+00
1.598895477077167371e+01 -2.017713697896130753e+00
1.596528070142586841e+01 -1.505106563819360588e+00
1.593645759636974191e+01 -9.792565727997271097e-01
1.593132244976486689e+01 -4.695368601269400699e-01
1.592325350196333389e+01 6.331430023383788352e-02
1.590946914236924670e+01 6.030934666348599649e-01
1.588927449674306303e+01 1.131680649020047724e+00
1.593001985998775893e+01 1.657154936536613832e+00
1.593403656878289354e+01 2.142229101581062167e+00
1.587961414064325893e+01 2.686643263627068734e+00
1.587079044288199015e+01 3.217661395159652216e+00
1.588625843304257401e+01 3.770836968245344423e+00
1.657016770616008472e+01 -4.116222160637594385e+00
1.655376598748767236e+01 -3.587139661940431878e+00
1.654815140354949676e+01 -3.064543371071465572e+00
1.652778986004320316e+01 -2.557002228013647738e+00
1.651044584397327242e+01 -2.027388476502057557e+00
1.650996116215893394e+01 -1.517279711505175044e+00
1.648671290443209969e+01 -9.629490233350352923e-01
1.648697286538941142e+01 -4.397453613272048756e-01
1.646088474005566127e+01 8.442637358608706677e-02
1.645707623127717767e+01 6.051935547102544888e-01
1.643792235122919365e+01 1.114212202743942726e+00
1.646337074851973270e+01 1.655661533169315192e+00
1.642227330434664268e+01 2.159258359239405678e+00
1.641800486226334144e+01 2.715759369671715717e+00
1.640587272909504790e+01 3.234696475599999843e+00
1.643316546104988163e+01 3.753277785198477545e+00
1.711172992514390501e+01 -4.111124145785442607e+00
1.709002462865694838e+01 -3.593207568026100418e+00
1.708122746277614468e+01 -3.063166540487801015e+00
1.707571376890820503e+01 -2.531986815578470384e+00
1.708480932418758869e+01 -2.018451278868948151e+00
1.703900008023754964e+01 -1.517191035620346184e+00
1.704649028554744206e+01 -9.666935618341199188e-01
1.705026925899154477e+01 -4.492468889131018273e-01
1.703118265945789389e+01 8.637176133347068685e-02
1.699223701084242677e+01 5.831035520816669759e-01
1.699297418964879469e+01 1.131448605014156783e+00
1.700830196500571034e+01 1.646760891435263829e+00
1.698507084866039563e+01 2.179374246876481180e+00
1.696555312724168374e+01 2.722604096968098020e+00
1.697286878066431370e+01 3.230711997447112793e+00
1.697210052868765828e+01 3.760857308809956834e+00
1.767382016270892464e+01 -4.116270011596405709e+00
1.764614063555554679e+01 -3.585909479191728977e+00
1.764195101118240672e+01 -3.049216673394214538e+00
1.762676418132933875e+01 -2.562759586223549491e+00
1.760846396822475413e+01 -2.036239643796985632e+00
1.756790678195121558e+01 -1.494754401349226214e+00
1.757761965416991856e+01 -9.712851955846382168e-01
1.757901864319187979e+01 -4.416686771294102698e-01
1.756264697523068818e+01 8.357959292847993993e-02
1.756175230935472698e+01 6.008886480375679184e-01
1.754167611175361330e+01 1.145288054054113047e+00
1.752683777557679790e+01 1.625229219179875173e+00
1.752897229188527106e+01 2.183379225214594044e+00
1.752413373413915565e+01 2.709377300559104640e+00
1.752343985314760744e+01 3.245504179620184004e+00
1.751827166196336449e+01 3.780319385453537961e+00
1.820051301086659024e+01 -4.103437418725954799e+00
1.818071225993868012e+01 -3.594960384612203796e+00
1.819344098600983273e+01 -3.067342247433888502e+00
1.817853933441289982e+01 -2.531606837098689056e+00
1.814943019449242456e+01 -2.034996090502176003e+00
1.815624123326436390e+01 -1.459583628849742354e+00
1.812800976742335024e+01 -9.592162917341795492e-01
1.809620636470460653e+01 -4.428088529848857036e-01
1.809493815991413612e+01 8.820547894017494173e-02
1.809609993204751532e+01 5.993056652557662289e-01
1.808810185976216900e+01 1.141490502571802068e+00
1.806994116329300226e+01 1.654806899033449241e+00
1.806527430325396111e+01 2.171894665507270616e+00
1.806176330286360709e+01 2.712771329691619826e+00
1.804681611478407532e+01 3.241061131653804495e+00
1.806982307324362935e+01 3.745077003050113262e+00
1.872390967940950546e+01 -4.109531531679772698e+00
1.872512622959528272e+01 -3.607609653298188945e+00
1.873095258587877510e+01 -3.060723061393845867e+00
1.870482858805682724e+01 -2.564797595201586233e+00
1.870176203524871994e+01 -2.026199206269886588e+00
1.870132718857675158e+01 -1.492414963357898472e+00
1.867517763723610358e+01 -9.729840525337927204e-01
1.867494476619428312e+01 -4.490690154878542728e-01
1.864327464432757253e+01 8.272938150651754086e-02
1.862456089212740196e+01 6.189768195851996779e-01
1.862467102424651344e+01 1.134604516876859037e+00
1.862687521976958749e+01 1.659324690180554285e+00
1.862063925929836472e+01 2.191432947791891905e+00
1.861036449251827207e+01 2.677303618366021709e+00
1.863861207324664093e+01 3.133067499763473762e+00
1.861461947598502675e+01 3.736131475478668307e+00
1.931415969875136440e+01 -4.125260542287900734e+00
1.927697873449383437e+01 -3.601283594271873056e+00
1.927759034306345853e+01 -3.080708994715536164e+00
1.924337475608919235e+01 -2.556535193045590404e+00
1.923028922099578253e+01 -2.035699654315784812e+00
1.922962812303807567e+01 -1.496568944760849007e+00
1.923783244234040168e+01 -9.726808868209673165e-01
1.921918111648275840e+01 -4.410256095570268542e-01
1.919926995388413715e+01 6.686349833337601467e-02
1.920250642616865377e+01 6.077190413825412918e-01
1.918797099092656921e+01 1.127288004521975751e+00
1.916495213791824881e+01 1.665809598430186611e+00
1.914589079806361482e+01 2.196927632044126000e+00
1.918734469034825807e+01 2.714598359518468840e+00
1.916779133444222794e+01 3.246410638939611459e+00
1.915661155904879109e+01 3.749024172007249689e+00
1.980673974931295334e+01 -4.135887390512360540e+00
1.982950750212961211e+01 -3.609488933145422962e+00
1.982058864071314730e+01 -3.088398630824578106e+00
1.982500334930828245e+01 -2.563415640749564517e+00
1.977705013596824912e+01 -2.038673957373998036e+00
1.978706495504819074e+01 -1.490055836504733833e+00
1.977466762799376099e+01 -9.686098787802635002e-01
1.974636895298883132e+01 -4.413866372636441326e-01
1.974760572579933537e+01 8.675034434140727058e-02
1.974337884654478970e+01 6.112599268149025988e-01
1.973451063039446751e+01 1.116083918145207576e+00
1.972381641363325500e+01 1.643675225094089143e+00
1.971929321841166072e+01 2.199633565934401958e+00
1.970282207394615526e+01 2.696561192447195054e+00
1.970199884986375238e+01 3.247496118283894617e+00
1.969159845923749330e+01 3.725864092514189707e+00
2.037861854017322116e+01 -4.132435731397974266e+00
2.036850338605472643e+01 -3.611588771135028963e+00
2.035427819849422804e+01 -3.087895130435628133e+00
2.034000300805507777e+01 -2.562163217205046806e+00
2.033225036323491963e+01 -2.002173369124658819e+00
2.032813158046597124e+01 -1.482680103184396359e+00
2.031868422262858331e+01 -9.664203708238296997e-01
2.030923194123884201e+01 -4.374801707446849264e-01
2.030899625394622632e+01 9.640549400095466126e-02
2.028675981052828092e+01 6.096560385645553026e-01
2.027072651067498654e+01 1.126613144400163691e+00
2.027447429432073633e+01 1.655532664144292454e+00
2.027578163088805496e+01 2.184663917259655364e+00
2.025076507872015341e+01 2.703331346618274011e+00
2.025691544308378411e+01 3.256955638469996472e+00
2.026484589818156579e+01 3.767958175752131211e+00
2.093173815979533714e+01 -4.132757702986609161e+00
2.089019016843645460e+01 -3.606636518959998483e+00
2.090226574834112228e+01 -3.069895763114244502e+00
2.090427693595568570e+01 -2.540616155977165391e+00
2.086657096884626128e+01 -2.035176533014901423e+00
2.084934474317333297e+01 -1.521136316368959740e+00
2.086148720713455162e+01 -9.709530721156873767e-01
2.083546866522485175e+01 -4.454892776927010800e-01
2.085488198608376109e+01 9.498994376293268260e-02
2.081048286886686327e+01 6.249932754292188974e-01
2.084612664000440674e+01 1.169547595827761910e+00
2.083085843808112969e+01 1.659860558360048088e+00
2.082885700916827432e+01 2.189824256280317627e+00
2.082163946325540849e+01 2.720943728492446922e+00
2.080889804206403682e+01 3.248441544797934455e+00
2.080419459062225229e+01 3.778763773643415647e+00
2.147059597803001196e+01 -4.133632127763474884e+00
2.143789438500139966e+01 -3.605496882794922087e+00
2.144709780576479119e+01 -3.071489676285276360e+00
2.142841934918411795e+01 -2.527209513831436993e+00
2.139297574871311269e+01 -2.034165492625792382e+00
2.142394595908111654e+01 -1.501721502569633770e+00
2.139033703960325283e+01 -9.813653286764640882e-01
2.138640584277489864e+01 -4.494670700349701065e-01
2.139032918573693820e+01 8.899068896405637474e-02
2.137542164018746149e+01 6.067048702566175677e-01
2.138503024156765520e+01 1.138632654001909827e+00
2.136462376395489571e+01 1.662049373258820850e+00
2.136897543169990143e+01 2.196331364045303047e+00
2.135792218746347970e+01 2.750198421890470257e+00
2.135510213682173486e+01 3.248873891811655312e+00
2.133934068494481551e+01 3.778619652248337957e+00
2.202470522246578355e+01 -4.131318150897399732e+00
2.200012804151763390e+01 -3.600667258102383528e+00
2.199248445423515363e+01 -3.074833514497031572e+00
2.196526242656052119e+01 -2.540443707827236608e+00
2.195061492720648744e+01 -2.024405556876320844e+00
2.196186612592533294e+01 -1.498139284179309527e+00
2.195821940601599920e+01 -9.599080961057353534e-01
2.193905991515820375e+01 -4.380125102735519249e-01
2.194357958308610534e+01 8.823726684872568171e-02
2.191622890457432504e+01 5.994601101767642604e-01
2.190077263083833259e+01 1.137690933138735261e+00
2.189898261679283564e+01 1.672253629947071829e+00
2.192076322208661310e+01 2.235766049318304027e+00
2.191550616782623706e+01 2.695177807307224782e+00
2.189953290121712826e+01 3.233720867266494992e+00
2.188083883792199202e+01 3.769852723304389031e+00
2.255897686544994940e+01 -4.134912736269864553e+00
2.252671078304982899e+01 -3.597685399161839825e+00
2.252527960844626165e+01 -3.065396029526512578e+00
2.251157188422438793e+01 -2.539309366734475049e+00
2.250105459124969798e+01 -2.025059569626471045e+00
2.250062498108057696e+01 -1.496391551615960935e+00
2.251125055295963051e+01 -9.631833821229491832e-01
2.247913069245979756e+01 -4.360869511411422650e-01
2.247597113786159895e+01 9.459619193460255815e-02
2.246688710553885926e+01 6.042608420328861030e-01
2.247456120521303546e+01 1.144200864739762125e+00
2.244721749732238436e+01 1.679488003115046979e+00
2.246557014036372379e+01 2.238366250388267531e+00
2.245990312894767982e+01 2.719814393755889625e+00
2.242973020061542400e+01 3.230152350237027292e+00
2.241902901616339250e+01 3.762802852625355854e+00
2.307645781571651611e+01 -4.137678971772963621e+00
2.308616375627961048e+01 -3.613723279168047142e+00
2.304736187489179144e+01 -3.087541513593238918e+00
2.306235837610959294e+01 -2.553367664896889266e+00
2.306172276021845136e+01 -2.028032922454165998e+00
2.304531583212789059e+01 -1.504591476820124285e+00
2.303846839138261515e+01 -9.733320995821337362e-01
2.305583176645804855e+01 -4.629620267204543893e-01
2.302628600759881294e+01 1.009279129685545229e-01
2.299689881328763619e+01 6.094248473479240147e-01
2.299086921369399761e+01 1.139961783488171676e+00
2.299302478881907774e+01 1.677958660721543538e+00
2.301287191975900015e+01 2.223127694142341682e+00
2.299107976852613433e+01 2.737056115406939938e+00
2.299595899710470093e+01 3.240325964053905494e+00
2.298575354172710661e+01 3.762015636109573791e+00
2.363220070635921388e+01 -4.136737511162339231e+00
2.361281364651177483e+01 -3.610575236169220048e+00
2.359362481199141115e+01 -3.066026640415010718e+00
2.361584087151278766e+01 -2.546752158771678154e+00
2.360114654216063457e+01 -2.020982831325504492e+00
2.357335709068153307e+01 -1.474038155037433739e+00
2.357703094042301473e+01 -9.465990116182005920e-01
2.357023533310352548e+01 -4.268751436019364576e-01
2.355517685034574527e+01 7.847013325981322396e-02
2.355632444410828441e+01 6.111357553773935081e-01
2.353033787206321392e+01 1.142364578044453793e+00
2.353336613850894565e+01 1.701889641540788034e+00
2.351394358443985055e+01 2.210126835948880597e+00
2.352052596215905567e+01 2.729258613593756877e+00
2.351878839541444677e+01 3.263085053416229897e+00
2.350670894201034855e+01 3.766024022490817913e+00
2.414813460274807966e+01 -4.153981503347420556e+00
2.416280437825748351e+01 -3.589070099921066515e+00
2.415033310367224573e+01 -3.080217839092924237e+00
2.413852925693817042e+01 -2.532511641871884933e+00
2.412165141545214908e+01 -2.009844503666307958e+00
2.411505384736030777e+01 -1.481974104372543621e+00
2.410352717702944858e+01 -9.595964460130481655e-01
2.410378365175538562e+01 -4.352914942576084911e-01
2.407960162554335426e+01 9.403219819900243692e-02
2.408384865347829873e+01 6.143777943217898496e-01
2.408780894711235021e+01 1.133935609535136280e+00
2.408372798680918692e+01 1.678104776870977588e+00
2.407490361501791654e+01 2.223770051882226539e+00
2.409244633324578189e+01 2.705957303903606004e+00
2.406439266355653928e+01 3.246950359545532905e+00
2.406667700393759901e+01 3.775650780618555302e+00
2.470628118530355977e+01 -4.130139196016786585e+00
2.469799499460678760e+01 -3.592874289646381669e+00
2.468827794010947940e+01 -3.078868386979923599e+00
2.467644591236025065e+01 -2.552014138236824436e+00
2.466622357894339501e+01 -2.005153491569704016e+00
2.466150002831538757e+01 -1.486022374634050180e+00
2.465255519918186877e+01 -9.683423120219174507e-01
2.461912033157716451e+01 -4.330888692121028782e-01
2.461569677728387262e+01 1.068138286535820214e-01
2.461812957857554807e+01 6.257961851926445718e-01
2.462230008714643503e+01 1.125487637816611652e+00
2.462441595244779080e+01 1.673833250800289107e+00
2.468505991155925017e+01 2.206098040776332425e+00
2.463841148134088854e+01 2.733150111499934809e+00
2.461761443158066953e+01 3.263930909010408499e+00
2.459333825936852236e+01 3.765610660477285876e+00
2.522399322046584302e+01 -4.136153773483204787e+00
2.522765962302133858e+01 -3.593578372702888046e+00
2.522438632636983158e+01 -3.072323616505888921e+00
2.521458099117301543e+01 -2.552894513574614166e+00
2.521020476001859123e+01 -2.007915203003033611e+00
2.519222322437836681e+01 -1.481221137384675757e+00
2.519250973341490152e+01 -9.603910566078539546e-01
2.518969165062735271e+01 -4.234904745173935225e-01
2.518318843512138727e+01 9.112878471870899943e-02
2.517993813375760936e+01 6.165435007768884645e-01
2.518430463425803367e+01 1.146165895462644357e+00
2.516559213816781693e+01 1.675704587548946023e+00
2.516276706491474613e+01 2.206548358437867563e+00
2.519816816199242737e+01 2.731309666185168794e+00
2.515554255376975590e+01 3.246338552495100060e+00
2.514019943910550836e+01 3.776630161312549916e+00
2.580002291609527987e+01 -4.129905612783803193e+00
2.575859898058175190e+01 -3.592349848755127084e+00
2.577811944929991483e+01 -3.071106991078773163e+00
2.574940305009989316e+01 -2.549861818386563783e+00
2.574630591656040224e+01 -2.019037586483261038e+00
2.572252129362889406e+01 -1.494700692961309585e+00
2.571878968371620999e+01 -9.609218612081207311e-01
2.573388438608851203e+01 -4.310615946475664373e-01
2.573288044810678343e+01 9.658060131443235719e-02
2.572131447360396095e+01 6.174572598365521969e-01
2.570841129316428209e+01 1.146667595303306086e+00
2.571334860018689739e+01 1.675545093979494027e+00
2.571963033462522219e+01 2.213006263340592028e+00
2.571055112679034238e+01 2.725810361269971338e+00
2.571145250332394028e+01 3.247870344645768625e+00
2.571381043710452019e+01 3.777263231018544332e+00
2.632672270787157487e+01 -4.118836415324311773e+00
2.628110984808129302e+01 -3.630402125403577429e+00
2.630495253152883350e+01 -3.066382523861506115e+00
2.628021213403803102e+01 -2.547877378299510553e+00
2.629858014276371847e+01 -2.022268774481929654e+00
2.631494211048517684e+01 -1.498168040157093372e+00
2.629896275544916051e+01 -9.480737716594482833e-01
2.627752542829227878e+01 -4.200366417286431897e-01
2.627781093869630524e+01 9.751171545190118195e-02
2.625074024509958548e+01 6.267075912197554999e-01
2.624994668176858426e+01 1.139703386978045074e+00
2.625590340018949576e+01 1.686730408938597492e+00
2.624811192229952184e+01 2.207649549248674958e+00
2.623056484432984803e+01 2.716531596140022486e+00
2.622613622787385168e+01 3.238113327748141757e+00
2.622335380274506633e+01 3.784606252764891821e+00
2.684427873689428168e+01 -4.132142752303888500e+00
2.685379892483493336e+01 -3.605255734037937643e+00
2.685994945311811932e+01 -3.080151887475615524e+00
2.684013734756738501e+01 -2.552969400834406599e+00
2.684539165979624897e+01 -2.011726770416693455e+00
2.684105571524323608e+01 -1.504588785376665072e+00
2.683329786006311224e+01 -9.696372848380754306e-01
2.684809665836658610e+01 -4.134362060319887178e-01
2.681254345350449597e+01 8.876180368878294757e-02
2.681870211260581982e+01 6.108026107251767201e-01
2.682000123865302044e+01 1.141963408271941205e+00
2.679655297137286851e+01 1.682905359613368290e+00
2.677665939554713503e+01 2.219621839230804028e+00
2.678729312595462630e+01 2.737817739294705177e+00
2.679882576710011932e+01 3.221296525373929853e+00
2.677834655989740043e+01 3.781405386156830417e+00
2.737893033676583343e+01 -4.133708218191815220e+00
2.739222095730929141e+01 -3.611710314200008654e+00
2.739386597851741101e+01 -3.075705920430817031e+00
2.738231785392444095e+01 -2.538797908518343860e+00
2.739634362356167685e+01 -1.997096068803806190e+00
2.737883768239924365e+01 -1.495354362473705123e+00
2.737035379076793618e+01 -9.609358766578992572e-01
2.737259831336684357e+01 -4.209699636850743332e-01
2.735373058613081554e+01 1.013441127768182071e-01
2.734876109759989049e+01 6.364073783497623538e-01
2.737034464897087105e+01 1.181129917236152238e+00
2.735851513839774896e+01 1.670706666905214632e+00
2.735103830234868383e+01 2.209023413156355531e+00
2.733661603284254227e+01 2.703728451613372386e+00
2.731095546638424310e+01 3.240494944831393553e+00
2.732235059267444655e+01 3.804947513980607710e+00
2.792555708984762930e+01 -4.112542922500532327e+00
2.790895499150846604e+01 -3.611825768123955172e+00
2.789688521430892365e+01 -3.089937270095697741e+00
2.792672899542136378e+01 -2.546049331949070904e+00
2.790884369093684114e+01 -2.007366961188463250e+00
2.793789254673766465e+01 -1.491447623624644336e+00
2.791254558044987988e+01 -9.611364612463404455e-01
2.790316264178288463e+01 -4.327666367188491847e-01
2.790699528116005013e+01 9.207100888428243479e-02
2.789956812806477870e+01 6.255884966689535531e-01
2.790155288140985590e+01 1.171307615219081555e+00
2.787353833212427645e+01 1.680559324749232530e+00
2.786839076103701984e+01 2.219297090672171180e+00
2.787637853520277531e+01 2.739440280957150975e+00
2.786404446316105066e+01 3.263273460717535102e+00
2.785104062969664795e+01 3.787971808018106401e+00
2.846419834565504203e+01 -4.117978263657020577e+00
2.848763150654099263e+01 -3.616188069744339373e+00
2.847691168715446963e+01 -3.066991394781354074e+00
2.846111760308116345e+01 -2.536542624179350724e+00
2.845570381445829611e+01 -2.016973763397611918e+00
2.846482217827447414e+01 -1.468160897641777041e+00
2.845019339929372393e+01 -9.532010901018921345e-01
2.843790088141451378e+01 -4.376216287599241639e-01
2.843728573087435763e+01 1.008145312939703331e-01
2.843921837038890033e+01 6.535348575888129119e-01
2.844039352674840870e+01 1.169968622570536354e+00
2.842699014290860049e+01 1.668136224094006081e+00
2.841599207791712445e+01 2.199145438271479236e+00
2.843119322521665993e+01 2.732784842704099049e+00
2.842732547119327080e+01 3.269243649927862094e+00
2.840891185154083587e+01 3.814449863096228910e+00
