1.089340154126168159e+01 -4.161219584965284213e+00
1.089861180740565061e+01 -3.647435733566924299e+00
1.086643104321409581e+01 -2.606036200428629712e+00
1.087957102020597233e+01 -2.057142254181549390e+00
1.088350220146876879e+01 -1.520321255983269282e+00
1.087285699418009344e+01 -9.974227769377641550e-01
1.087360479921127521e+01 -4.841766185960700852e-01
1.084057571609205439e+01 6.079675987911734580e-01
1.085363178154948827e+01 1.129384021835953433e+00
1.085379204943017584e+01 1.640135920688155835e+00
1.085051610386866017e+01 2.178323394711323857e+00
1.084848056511487258e+01 2.709854884226860605e+00
1.083825695969155234e+01 3.242814843250407364e+00
1.086722342462422475e+01 3.770135993053372658e+00
1.143904992521906294e+01 -4.177337829886198506e+00
1.142314800556857790e+01 -3.661101352745285809e+00
1.142277848046584765e+01 -3.122330699583431013e+00
1.142181034906248271e+01 -2.057584479056711046e+00
1.140244607079402428e+01 -1.531533562840998286e+00
1.140300128731547957e+01 -1.004562385554443438e+00
1.138905319423433227e+01 -4.756038617204438879e-01
1.138645345396308528e+01 5.466154321802463301e-02
1.138988959711330295e+01 5.987717399115766170e-01
1.137950719501362329e+01 1.655566370745457760e+00
1.136923034975944447e+01 2.195502592535568454e+00
1.139745204825499769e+01 2.710405494166884921e+00
1.138462104957373811e+01 3.262149794707273287e+00
1.135964499995810684e+01 3.781448589986535325e+00
1.195624282314747333e+01 -4.171507046892477533e+00
1.197512507927416792e+01 -3.657395934572182483e+00
1.195199630209058483e+01 -3.097266105289151028e+00
1.194601833794818546e+01 -2.588230667986181288e+00
1.194957700628404496e+01 -2.061196590738678225e+00
1.195218140114815242e+01 -1.529585231281451740e+00
1.194694656133403754e+01 -1.011062273288231950e+00
1.194484210873076790e+01 -4.639384128793544448e-01
1.192038562206713337e+01 5.962076214463962742e-02
1.192768907123986821e+01 5.841243721937949829e-01
1.192562941640789731e+01 1.119742528065071241e+00
1.192243312507846653e+01 1.662111395419522353e+00
1.192055226388639966e+01 2.193878845585178539e+00
1.190731790590015393e+01 2.710759114084062560e+00
1.191706286855818320e+01 3.261716382760702970e+00
1.191661289226993503e+01 3.796994695591138225e+00
1.249034315855179855e+01 -4.166040865657889114e+00
1.250743432056442472e+01 -3.640095117967353744e+00
1.249369961270344476e+01 -3.115810810353579541e+00
1.249952212128751583e+01 -2.583250657005976336e+00
1.249335983485322288e+01 -2.052053657958659016e+00
1.247906225850946171e+01 -1.530527965994949113e+00
1.249490776860571017e+01 -4.642200069884445668e-01
1.246689044698671722e+01 5.971390317916913659e-02
1.248890651043725342e+01 5.967916893246432153e-01
1.248508447727438053e+01 1.103913813493296203e+00
1.246924041765187141e+01 1.668715147826706158e+00
1.246244230469286407e+01 2.186381822365614624e+00
1.245541431266745036e+01 2.718115344545626755e+00
1.245899994627228935e+01 3.255257911509943369e+00
1.246800931167313919e+01 3.776772074333521800e+00
1.304847989215394222e+01 -4.181906553885481159e+00
1.302899242153499770e+01 -3.641609896692758142e+00
1.301946330659266948e+01 -3.099966526970124647e+00
1.304459762960012270e+01 -2.581228191533380567e+00
1.304095079730153728e+01 -2.053846941749249311e+00
1.303012797518069732e+01 -1.535310994571716492e+00
1.302953106241114867e+01 -9.864813910526137875e-01
1.302687374035939527e+01 -4.737410771532886145e-01
1.302357394683739145e+01 7.696754761156654467e-02
1.302450919189522338e+01 6.013298999772551667e-01
1.300916883142469871e+01 1.123457073970811848e+00
1.298560288629014181e+01 1.643512257151694911e+00
1.299498016725155836e+01 2.193691107984477640e+00
1.300305958854712429e+01 2.729783660218192409e+00
1.300415045907328704e+01 3.256160684297505270e+00
1.301800004987397230e+01 3.760877693880715356e+00
1.357285517421013665e+01 -4.186940260127096636e+00
1.356356461479335707e+01 -3.653649770941177266e+00
1.358892183137954390e+01 -3.115037549014170182e+00
1.358451378453294467e+01 -2.582889798269128789e+00
1.356483537960816932e+01 -2.058756593151439773e+00
1.357498359408164035e+01 -1.540617279196030864e+00
1.356416191198402998e+01 -9.937814465315035761e-01
1.357142537826684858e+01 -4.796593367588002366e-01
1.353746514561611036e+01 7.221800678508927263e-02
1.355934429862385571e+01 6.121459583990578324e-01
1.356283505106800646e+01 1.125770043580455848e+00
1.354589839123763184e+01 1.624047867945968449e+00
1.354209284068398489e+01 2.183914314858657946e+00
1.355750911840289774e+01 2.757959184201606462e+00
1.355244201982927521e+01 3.246830307081243205e+00
1.355121394467422036e+01 3.785201330308957779e+00
1.412816954529055735e+01 -4.181465992745653892e+00
1.411996263307764821e+01 -3.652929657404087038e+00
1.412963163502723063e+01 -3.120056518782561739e+00
1.411383730379284884e+01 -2.585586828008167970e+00
1.411582003088254567e+01 -2.052711832140332149e+00
1.411212563418232335e+01 -1.509641410236646664e+00
1.411659655438448624e+01 -9.775167950765286662e-01
1.411616642066590188e+01 -4.501138298458471354e-01
1.410646148633131958e+01 6.229316711297272491e-02
1.410053560707410369e+01 6.063111511131786813e-01
1.408779033768585265e+01 1.123965549683187959e+00
1.409544586612908290e+01 1.656097070949940075e+00
1.409159581851877618e+01 2.186450020467841426e+00
1.408837672171444666e+01 3.265284412454604990e+00
1.408887922876160204e+01 3.793372725863005002e+00
1.467870464259587848e+01 -4.173559548564659494e+00
1.467530370693177488e+01 -3.645451704211041033e+00
1.466566226562601827e+01 -3.126118563813021112e+00
1.464462989061212639e+01 -2.583348242877221423e+00
1.464619098424927657e+01 -2.055738514962417440e+00
1.465597713723609985e+01 -1.508193672133106844e+00
1.465592497802875016e+01 -9.793677529356621392e-01
1.464423730215508357e+01 -4.509805046915786875e-01
1.462173704609387670e+01 6.959012904271588695e-02
1.463217623074622509e+01 5.965353682313576655e-01
1.463727933706668338e+01 1.140081954345070869e+00
1.462477096748821026e+01 1.666643624983059624e+00
1.461000818102147392e+01 2.188906754516938946e+00
1.463842921298174460e+01 2.737943696420540363e+00
1.461329098972910856e+01 3.256538747933920064e+00
1.463162020610376857e+01 3.803962908951874056e+00
1.522530869539365028e+01 -4.180728588389397871e+00
1.520537909318190373e+01 -3.642183924985204158e+00
1.519952287741399743e+01 -3.129711830368545833e+00
1.519201205544128541e+01 -2.584005258295825058e+00
1.518902551891285668e+01 -2.027835617744369046e+00
1.518762960133512152e+01 -1.519736158779259938e+00
1.519302733137771000e+01 -9.921626391129656497e-01
1.518398694070134169e+01 -4.463364349096003991e-01
1.517871936488324991e+01 7.810586684427889281e-02
1.517437079526645505e+01 5.952935716010898659e-01
1.516781619266306791e+01 1.126801773405066598e+00
1.515200188726924324e+01 1.660339560766555422e+00
1.514784339813343550e+01 2.216791110559370281e+00
1.515380464772943370e+01 2.720477573631150392e+00
1.515115937328469542e+01 3.790705711625026453e+00
1.576200684082865777e+01 -4.188210862266997125e+00
1.573546152731571368e+01 -3.661869579861290802e+00
1.573482006666461075e+01 -3.133292683772683773e+00
1.573433603412147619e+01 -2.576341833845411600e+00
1.572601617446298050e+01 -2.054518482085320841e+00
1.572460175447267616e+01 -1.532795389812903863e+00
1.572593555535456389e+01 -9.867943072324933951e-01
1.571515310617166961e+01 -4.355174938846886334e-01
1.571373855840176503e+01 7.260212279954458836e-02
1.571647949824853541e+01 6.084144057524163429e-01
1.571223679673576257e+01 1.136950978317837979e+00
1.572479289817988501e+01 1.650697746859741244e+00
1.571853042513038190e+01 2.193479536899694438e+00
1.568568841137158998e+01 2.719502174157742758e+00
1.567317678231617961e+01 3.262266838963729043e+00
1.571600568422772071e+01 3.784523694450854236e+00
1.630351642539753243e+01 -4.183288176650904688e+00
1.627880643454857434e+01 -3.646404113641109390e+00
1.627704867270722389e+01 -3.112958588114253189e+00
1.628614296682044937e+01 -2.582764698713319262e+00
1.627709754000084530e+01 -2.045247947091759499e+00
1.626643340795418169e+01 -1.520434755753946376e+00
1.625421997056116297e+01 -9.901044528701277159e-01
1.625176722587013600e+01 -4.693170546438807378e-01
1.624121578409524602e+01 8.471626831212120123e-02
1.624101854423061653e+01 6.086946240791775153e-01
1.622762515306620656e+01 1.141377293050044983e+00
1.626323675459656570e+01 1.670928334938924564e+00
1.626657722042889631e+01 2.177008178013096540e+00
1.624834829848736817e+01 2.721143775363216832e+00
1.623658178214337156e+01 3.256033002983535596e+00
1.625440707706683341e+01 3.791838345556751477e+00
1.682689647249157261e+01 -4.172359035545296635e+00
1.681796714990061403e+01 -3.631768959604551483e+00
1.681729245047792887e+01 -3.100379868470012568e+00
1.680706962968170970e+01 -2.593485681269214638e+00
1.679132194053248028e+01 -2.047502336463669081e+00
1.680139006334103868e+01 -1.522108150966897000e+00
1.679871449974013586e+01 -9.820824784636990046e-01
1.679307409664145467e+01 -4.523271066718201894e-01
1.678001687652979257e+01 8.815187940949442691e-02
1.678224586772933336e+01 6.121121944743848076e-01
1.676977570080100932e+01 1.134694548938572467e+00
1.679743232538245579e+01 1.662743235213401505e+00
1.676347897183599045e+01 2.191756698508971368e+00
1.676499892314636497e+01 2.738466039500476512e+00
1.676910475235973763e+01 3.264053297947942411e+00
1.677864586146022674e+01 3.797564580543166812e+00
1.735878811546414013e+01 -4.165012488293291071e+00
1.735117094417113037e+01 -3.639762735924406911e+00
1.735326340855208471e+01 -3.108365446672671339e+00
1.733295463778005185e+01 -2.569651231208819553e+00
1.736625206936692578e+01 -2.046103803500038509e+00
1.733021439477390757e+01 -1.528945709248723972e+00
1.733980789568432357e+01 -9.804380519746231926e-01
1.734014858242254675e+01 -4.533774655985034485e-01
1.733253238944038799e+01 8.571675221267227585e-02
1.730950222865389776e+01 5.915503615535904203e-01
1.731320980511196694e+01 1.147214928538620171e+00
1.732639484948420261e+01 1.667509214623013492e+00
1.731691873049944874e+01 2.201019831916216418e+00
1.730250960918867875e+01 2.745380097849427159e+00
1.730762796948468818e+01 3.263474797552692763e+00
1.731207294839881783e+01 3.790871593259875993e+00
1.790416542740040384e+01 -4.168572631533876915e+00
1.788965038204989000e+01 -3.640101885819907679e+00
1.789473454036556888e+01 -3.095288043643600773e+00
1.788582578694424896e+01 -2.585951451487336072e+00
1.787833276039593500e+01 -2.054321958584935714e+00
1.785643375841476299e+01 -1.513038945504149524e+00
1.786750471609894575e+01 -9.858855764334819582e-01
1.786927243378278263e+01 -4.522260307980481286e-01
1.786265084999141450e+01 8.157522230495928284e-02
1.786532444898482552e+01 6.067625430500314110e-01
1.785256770633339585e+01 1.149017865012989859e+00
1.784972748373450813e+01 1.652403463861354282e+00
1.785211343508782633e+01 2.199529472930638718e+00
1.784479236465798380e+01 2.730837729342848519e+00
1.785337755829853990e+01 3.273056094918967318e+00
1.784747541161114981e+01 3.805297796562381762e+00
1.843533830320093614e+01 -4.163621600843384840e+00
1.842697901209457001e+01 -3.647558388768249671e+00
1.843522432116079202e+01 -3.108589758511186574e+00
1.842994570348947292e+01 -2.570961296221682346e+00
1.842251831276983154e+01 -2.055379682399298247e+00
1.842547981109923327e+01 -1.486870130725247208e+00
1.840691838998170482e+01 -9.758414846251532992e-01
1.839043425068864224e+01 -4.529711602293176043e-01
1.839505680073153826e+01 8.643800343324414825e-02
1.839581447056595920e+01 6.026298430326839650e-01
1.839681031823011637e+01 1.145649573419614597e+00
1.838766883226741200e+01 1.675330342519718130e+00
1.839064177859472338e+01 2.192815626679053054e+00
1.838890182155168773e+01 2.731675079564283237e+00
1.837593787388867739e+01 3.271246800672511057e+00
1.839108269649493366e+01 3.785975367101848121e+00
1.896690285108959273e+01 -4.159646047913430067e+00
1.895456153824146028e+01 -3.652659308647702829e+00
1.897171595121879051e+01 -3.106045860157827576e+00
1.895379635524415107e+01 -2.589544074794424944e+00
1.895935314029854268e+01 -2.044748727068377292e+00
1.895763111015202895e+01 -1.513392578441806080e+00
1.894393378295782782e+01 -9.810959057578436671e-01
1.895431293954243657e+01 -4.581033521240804873e-01
1.892988321302734533e+01 8.387453805285716157e-02
1.891170817787640956e+01 6.201613172134727847e-01
1.891865662341096765e+01 1.137061473489051622e+00
1.893075756802947041e+01 1.670857684601390503e+00
1.893064659817586204e+01 2.211031616055411320e+00
1.893199347047739778e+01 2.711979001501546804e+00
1.894321636083006055e+01 3.203760217956396872e+00
1.892717562488556382e+01 3.780747437578146020e+00
1.950875553380544503e+01 -4.197892849974017793e+00
1.949986883887158484e+01 -3.638854116597288524e+00
1.950898258602953561e+01 -3.116905295098106876e+00
1.948346939168513003e+01 -2.589858906513551773e+00
1.948123381622292882e+01 -2.057912013263507589e+00
1.948528899645999246e+01 -1.517986695632384198e+00
1.949052301153466971e+01 -9.847872164966844366e-01
1.948416160967160238e+01 -4.482789760545351498e-01
1.947791077180481878e+01 6.662094856126188347e-02
1.948394926238251657e+01 6.081176330917621442e-01
1.946931186582862949e+01 1.144652198255631248e+00
1.946206137970778727e+01 1.672292153035140672e+00
1.945544325276421915e+01 2.207860889583596276e+00
1.947590965902080384e+01 2.734039908603445923e+00
1.947186723493650717e+01 3.286083222628764844e+00
1.946081592615408695e+01 3.783171427667841868e+00
2.002063478790827844e+01 -4.178052891373083000e+00
2.004292176041238704e+01 -3.650438430674226353e+00
2.004078541194106222e+01 -3.125204691154413794e+00
2.004453035412544537e+01 -2.591047921878288918e+00
2.001828671519788472e+01 -2.053030181672045984e+00
2.003302318273329874e+01 -1.513192003454321366e+00
2.002251471958674500e+01 -9.931943509683129889e-01
2.001137774610098674e+01 -4.474746946063419273e-01
2.001704325472415746e+01 8.119634887132320955e-02
2.001083903958235766e+01 6.112899994331968401e-01
2.000622167087899328e+01 1.128582526296938227e+00
2.002408571823361427e+01 1.619324775583923071e+00
2.000691588494681739e+01 2.213993864632200825e+00
2.000094624887475092e+01 2.725520453175096947e+00
2.000162527929767009e+01 3.275559676396440523e+00
1.999473457827414080e+01 3.770826013430941259e+00
2.058305400944126973e+01 -4.175687902039085131e+00
2.058141070155428309e+01 -3.653726835844034682e+00
2.057038974593335467e+01 -3.123753353430620550e+00
2.056338433221069550e+01 -2.591577693414009786e+00
2.056248434640910716e+01 -2.033883697071452445e+00
2.056875056783307798e+01 -1.505318121194729741e+00
2.056377114484443069e+01 -9.820307922303115333e-01
2.055719776432403734e+01 -4.441495861656754585e-01
2.055819972559136488e+01 8.866549896993447533e-02
2.054180150376470593e+01 6.046901431222160284e-01
2.053891442900078346e+01 1.132940819827933154e+00
2.055312313024305126e+01 1.666300106384749569e+00
2.055156884304137321e+01 2.204863871263775366e+00
2.053311437033925557e+01 2.730138139908106609e+00
2.053869968111587596e+01 3.275388118806056070e+00
2.054942474799405261e+01 3.796158321991843110e+00
2.112212426656476083e+01 -4.176683588971993544e+00
2.110357518458523174e+01 -3.649987809717980980e+00
2.111106003868389536e+01 -3.113198196419602937e+00
2.111150374201106672e+01 -2.574432175973946357e+00
2.109135346470159078e+01 -2.054287649848163255e+00
2.109628111756040170e+01 -1.547225723528658392e+00
2.109850375827596025e+01 -9.810214715185985312e-01
2.108221944892756028e+01 -4.594165802577840907e-01
2.110112199490156115e+01 8.338588019167758603e-02
2.107152107291352650e+01 6.179627401144998089e-01
2.109652576360885945e+01 1.168783966977414934e+00
2.109318298045707962e+01 1.671754441032970107e+00
2.109262626418139774e+01 2.205917396287063070e+00
2.109078656950535446e+01 2.741666852939879107e+00
2.108169649188126726e+01 3.272266516654266155e+00
2.108151142298348191e+01 3.802731473603962797e+00
2.165805569686143173e+01 -4.181514639619447138e+00
2.164713269030488618e+01 -3.657202504018314926e+00
2.164896828717798627e+01 -3.108424519167314770e+00
2.163200319370763935e+01 -2.547203633549845136e+00
2.161941329715565274e+01 -2.049666513640772791e+00
2.164986420706816972e+01 -1.514825515583044790e+00
2.163332038927575240e+01 -9.992408731327060423e-01
2.162418438906202312e+01 -4.576071438885733755e-01
2.163102338288808824e+01 8.383594755597201242e-02
2.162037913236033404e+01 6.097960782195563922e-01
2.162683475636904262e+01 1.145925639394196338e+00
2.162019795975881209e+01 1.674134905949504315e+00
2.162534194745261118e+01 2.210653988202132325e+00
2.161693795311060740e+01 2.751166758343789098e+00
2.162223249496559419e+01 3.270040719786226902e+00
2.161222214962563015e+01 3.805850309347260207e+00
2.220468057705448217e+01 -4.175849441773195281e+00
2.219092791447292257e+01 -3.647127524847073587e+00
2.219151329745708523e+01 -3.116368309125508773e+00
2.217288355521316845e+01 -2.579909188788828800e+00
2.217104156533854109e+01 -2.049857466150250218e+00
2.217547550750819596e+01 -1.518841707035939237e+00
2.217588305751315403e+01 -9.728357079900256110e-01
2.216652537220691954e+01 -4.483347801375145991e-01
2.217831619259256115e+01 8.733542807792815665e-02
2.216320189860989132e+01 6.032119279493066699e-01
2.215257853197002902e+01 1.137902802211204545e+00
2.214617289100233677e+01 1.675673042726895545e+00
2.216759109083603363e+01 2.235608686851470850e+00
2.217172805397366631e+01 2.739428609218474975e+00
2.215732437133097932e+01 3.264700242475992553e+00
2.214618940284383086e+01 3.793750180162263064e+00
2.273451447892423261e+01 -4.181228112131512020e+00
2.271446090494662684e+01 -3.641324025520663810e+00
2.271937264930232914e+01 -3.104138235898021847e+00
2.271316527314741762e+01 -2.576193496116975012e+00
2.271802721491585686e+01 -2.045985485610529508e+00
2.271587349008959222e+01 -1.515431217680298204e+00
2.272115373382850834e+01 -9.824019798082694876e-01
2.270578254708514976e+01 -4.447214351476773686e-01
2.270553865430481721e+01 8.848459852852386121e-02
2.270725993077292060e+01 6.025988379625530911e-01
2.271147182316089896e+01 1.145877054062712119e+00
2.269090626670940480e+01 1.685974697467301553e+00
2.269973405657172805e+01 2.232836062533444021e+00
2.270972731705582248e+01 2.751655683999921109e+00
2.268374364730241410e+01 3.260704935652739778e+00
2.267624276745407030e+01 3.790930338166610625e+00
2.325867240087881527e+01 -4.186566632717253711e+00
2.326815766846616640e+01 -3.654839472115428478e+00
2.324657315901718846e+01 -3.121584563326576856e+00
2.325420041189444476e+01 -2.583350946226033784e+00
2.326494353322290465e+01 -2.066384647373958217e+00
2.325032588484886986e+01 -1.516089185519771121e+00
2.324945835749365131e+01 -9.875786031709274937e-01
2.326188517466385974e+01 -4.754984173334193542e-01
2.325134585925594877e+01 9.226894223666803896e-02
2.322968583039211410e+01 6.078265280137813420e-01
2.322394572917924904e+01 1.138438838087697746e+00
2.322700275469422593e+01 1.690053584098247796e+00
2.323947216026319040e+01 2.224143955147798835e+00
2.322863745138253222e+01 2.752887325723449408e+00
2.323658414047813636e+01 3.255132434811937259e+00
2.323444307996990688e+01 3.788553339805982745e+00
2.379925453226907450e+01 -4.183351057196071920e+00
2.378762841795332150e+01 -3.658036469902016918e+00
2.379565175187423876e+01 -3.113713722405224260e+00
2.380696614653916754e+01 -2.580941969665435209e+00
2.379759922016673812e+01 -2.051777347148707520e+00
2.378089179917732565e+01 -1.502816049022953848e+00
2.379561978803400990e+01 -9.693688518426668566e-01
2.378043915340199987e+01 -4.492082446474121582e-01
2.377434933921866644e+01 6.742444131268854335e-02
2.378492164953773624e+01 6.048850384273691816e-01
2.375954159142295197e+01 1.133084840071205690e+00
2.376199652393550110e+01 1.702950861514608505e+00
2.375494028868789087e+01 2.211894437059847007e+00
2.375939393295806923e+01 2.738191461416501937e+00
2.376107747651829527e+01 3.276670002039210772e+00
2.375385319578429488e+01 3.797604576105733543e+00
2.432558392321823248e+01 -4.191732446993160721e+00
2.434042046049771812e+01 -3.636046079982254042e+00
2.433343962718412001e+01 -3.121123195287731633e+00
2.432620244791695541e+01 -2.581850367280114966e+00
2.431784297875429246e+01 -2.040698656081062268e+00
2.431086205241288667e+01 -1.511233870508675636e+00
2.431641172518411764e+01 -9.818640222713348464e-01
2.431464655185192214e+01 -4.547432972759892778e-01
2.431849450885030706e+01 7.655301717455031962e-02
2.430924695496133126e+01 6.122860043140931907e-01
2.431410219360665792e+01 1.136131009704801187e+00
2.430976884416065786e+01 1.679863387895899507e+00
2.429396414975550300e+01 2.210692450679061949e+00
2.431979913696091700e+01 2.720484588924406921e+00
2.430011735484299606e+01 3.260082884248852508e+00
2.430066231048490266e+01 3.800185175883694200e+00
2.487559849816517499e+01 -4.188740266916767041e+00
2.486971714269559186e+01 -3.646059820487545622e+00
2.486662901485990318e+01 -3.108788872767318523e+00
2.486213103385510692e+01 -2.591180574525573377e+00
2.486083943563096454e+01 -2.039032733501677797e+00
2.485662952756519672e+01 -1.513924535108088776e+00
2.485503636997320598e+01 -9.867352838017211525e-01
2.483467050490518346e+01 -4.562428938525222577e-01
2.483352436733869695e+01 8.675873874122075335e-02
2.484009225077983274e+01 6.155778881544584635e-01
2.483788031165153143e+01 1.126890188401521442e+00
2.483883285155540932e+01 1.671920691956785276e+00
2.488317967690429100e+01 2.204735908839349889e+00
2.485519713861080504e+01 2.739784140115506972e+00
2.484195190007262255e+01 3.280146786185085261e+00
2.482441413227741123e+01 3.790765421900516685e+00
2.539242954737161995e+01 -4.178456871235493253e+00
2.539733066151700314e+01 -3.640170778017990827e+00
2.539465124419692899e+01 -3.109696847773673056e+00
2.538826384823641291e+01 -2.602739065393748774e+00
2.540012129885453618e+01 -2.041078085849818535e+00
2.538054089435950544e+01 -1.512274595390191934e+00
2.538988251491267789e+01 -9.900908436351230080e-01
2.539286690018064974e+01 -4.475842418155728808e-01
2.538466990647625465e+01 7.583376821554566050e-02
2.538415699637694445e+01 6.112316968715738597e-01
2.539370984944602583e+01 1.142329422297148511e+00
2.537670555460288568e+01 1.675702469040132314e+00
2.537852251884535804e+01 2.207255212877786477e+00
2.540062565095647784e+01 2.734971461240757407e+00
2.537093351986947454e+01 3.267975885524322166e+00
2.536244175196436856e+01 3.801386767763386132e+00
2.594882879695722977e+01 -4.181645542614457867e+00
2.592701222318377319e+01 -3.649361547495898250e+00
2.593525037175650994e+01 -3.114476104866948702e+00
2.593257155723193819e+01 -2.586640645540533967e+00
2.592478610027851715e+01 -2.043357371472396267e+00
2.591597290759625594e+01 -1.526167867755031438e+00
2.591446142951274823e+01 -9.833260549169899889e-01
2.592543308316216155e+01 -4.479425903709177703e-01
2.592712499821986682e+01 8.154324252377875837e-02
2.592044710996120926e+01 6.057096381176840794e-01
2.591963809275207353e+01 1.140387503829021654e+00
2.591682091849742164e+01 1.678966493788454528e+00
2.592564255531253536e+01 2.214409116211133011e+00
2.592061546334224431e+01 2.732387107903555545e+00
2.592517370500158336e+01 3.265046402883054810e+00
2.593033334947743640e+01 3.797479156498372532e+00
2.649106293984583260e+01 -4.174989721851183333e+00
2.646032313340735698e+01 -3.680653929216068931e+00
2.646632089809769894e+01 -3.105077556774311631e+00
2.646625979257932215e+01 -2.590061579700318362e+00
2.646860113983972695e+01 -2.053667063396041215e+00
2.648634356432022940e+01 -1.529418810171740972e+00
2.648207407064022334e+01 -9.785382107479101421e-01
2.645393452587583738e+01 -4.423007309757203132e-01
2.646390378521994791e+01 7.750181940638967149e-02
2.644477985583378654e+01 6.146610440841691059e-01
2.644766774267664999e+01 1.131764679885069569e+00
2.646775618349775527e+01 1.683876213366488628e+00
2.645402620193871002e+01 2.213493521014004983e+00
2.643770744906535697e+01 2.725126869110138017e+00
2.643295981819954932e+01 3.262222414971354567e+00
2.644041004616060775e+01 3.809056568399970644e+00
2.700834939029125792e+01 -4.175239552131909448e+00
2.701243990989721766e+01 -3.647121049594991504e+00
2.701680448303480375e+01 -3.123417899776805839e+00
2.700866794394526238e+01 -2.589130350081163101e+00
2.700940356604200332e+01 -2.036321348428199229e+00
2.700742892450595178e+01 -1.530311636987921275e+00
2.700231973600728708e+01 -9.957926511892303267e-01
2.702213899643944472e+01 -4.415216662446255214e-01
2.699353537542030779e+01 6.844672535388696133e-02
2.699836163469866079e+01 5.917584274089158214e-01
2.700267683456851842e+01 1.131739728171833548e+00
2.698923357283744195e+01 1.675576632441437397e+00
2.697818758106651416e+01 2.219332083860383165e+00
2.699041416208049071e+01 2.753856121429890891e+00
2.699149446725792956e+01 3.261509638346900886e+00
2.698187754098086089e+01 3.804153058036170876e+00
2.753672456198916052e+01 -4.187463399730118496e+00
2.754172351850481704e+01 -3.657189064947923285e+00
2.754487963855732602e+01 -3.123659150051210531e+00
2.753920681614398092e+01 -2.578810964360901181e+00
2.755372974872570069e+01 -2.038824336917780755e+00
2.754449271833836121e+01 -1.525189390744138507e+00
2.753605567819999322e+01 -9.803400860901341218e-01
2.754085368435541170e+01 -4.437542400611533822e-01
2.753095402635738509e+01 8.410000437063658296e-02
2.753048349110070347e+01 6.175339827775978563e-01
2.754851724090062248e+01 1.159114939257381849e+00
2.753495013096548405e+01 1.668993500235075089e+00
2.752876726151806253e+01 2.213246515663072955e+00
2.752897668233463691e+01 2.718483657946030974e+00
2.751538692611794090e+01 3.260022401397712599e+00
2.751762369000934427e+01 3.812687282044500137e+00
2.807760457271336207e+01 -4.175824711050831084e+00
2.806825852169053803e+01 -3.659059262891297237e+00
2.806161618997447249e+01 -3.128136020037505460e+00
2.807426848452702473e+01 -2.586287993571190214e+00
2.806459549519600216e+01 -2.047470016237781465e+00
2.808869552565735006e+01 -1.520915376996278212e+00
2.808028506044951911e+01 -9.861804930142739067e-01
2.806638170167333612e+01 -4.547720781659663203e-01
2.806770678579481881e+01 7.785140640297427694e-02
2.806893592576580687e+01 6.150308161066568857e-01
2.807557952625730024e+01 1.151907936787470277e+00
2.806250410356344105e+01 1.677002549545097310e+00
2.804728755649454541e+01 2.215660314789829499e+00
2.805579157047539240e+01 2.746281103127873990e+00
2.805467914646397531e+01 3.275311285162871400e+00
2.804845294026176106e+01 3.809905716959249844e+00
2.861084481120152390e+01 -4.175698525063067379e+00
2.862404983457939522e+01 -3.665689639875216344e+00
2.862588577628871889e+01 -3.116346427971787847e+00
2.861297974686064549e+01 -2.569959156146943258e+00
2.860806857673467363e+01 -2.048472919560627048e+00
2.861708147062807939e+01 -1.508389420740655851e+00
2.860701541994856711e+01 -9.788805507061546507e-01
2.860028909953221188e+01 -4.526760120783919206e-01
2.860518524658458261e+01 8.180397389819304976e-02
2.860804891523231674e+01 6.364788330879704858e-01
2.860770200435690214e+01 1.152450435019115815e+00
2.860317193622109500e+01 1.660482134108239194e+00
2.859431662663011053e+01 2.196601284191274317e+00
2.860817771195764436e+01 2.737190107333780986e+00
2.860922750283904747e+01 3.282108412121395702e+00
2.859845978883937079e+01 3.825321203737534148e+00
