1.093984315592699019e+01 -4.177903037387071805e+00
1.094442991286192424e+01 -3.660167355788811250e+00
1.091751586887198044e+01 -2.612503134347853972e+00
1.092983425166185540e+01 -2.066003863709433119e+00
1.093436620136584381e+01 -1.527398378283557179e+00
1.092556156820743141e+01 -1.003199583039734222e+00
1.092754306272453491e+01 -4.832087257858965756e-01
1.090236800331923916e+01 6.075028362077787847e-01
1.090961855890163079e+01 1.127909662044331185e+00
1.091474257586330765e+01 1.645538458168360307e+00
1.091210981798060331e+01 2.181545006340417814e+00
1.090870749726552091e+01 2.715297012378417918e+00
1.090276462481044106e+01 3.250299092161405667e+00
1.092430347746260466e+01 3.780857182105862080e+00
1.148120674947710640e+01 -4.192345852793062377e+00
1.147070016475081999e+01 -3.670559432782658504e+00
1.146895258340272505e+01 -3.132568744921217174e+00
1.147004436842521358e+01 -2.066104835789182914e+00
1.145668624270615510e+01 -1.536253394149468932e+00
1.145688200209220042e+01 -1.008921169887056379e+00
1.144766366882971909e+01 -4.772522671626262536e-01
1.144380198931725801e+01 5.449599337876520622e-02
1.144547121984882665e+01 5.948406547914792952e-01
1.143859982359393612e+01 1.660233201589011998e+00
1.143411958076833557e+01 2.195779823566191169e+00
1.145738237788561520e+01 2.716782389888876992e+00
1.144393914798053302e+01 3.264286709076504422e+00
1.142651631164440218e+01 3.787830736307075341e+00
1.200185302573851587e+01 -4.188459589187294441e+00
1.201524592027402960e+01 -3.669002217616858630e+00
1.199973214081663997e+01 -3.111648358135070680e+00
1.199253086356874931e+01 -2.597578332349435470e+00
1.200064271477535982e+01 -2.068895500180818914e+00
1.200201198379931711e+01 -1.534160416107152258e+00
1.199900107426818252e+01 -1.014664506161103930e+00
1.199726627374214871e+01 -4.679228397020693819e-01
1.197619082308657923e+01 5.875503324320519027e-02
1.198196691011881043e+01 5.903136437943743431e-01
1.198416312432011921e+01 1.124182377260357413e+00
1.198224813973617486e+01 1.661955051036617448e+00
1.198020770570743920e+01 2.194182352719259654e+00
1.196947885014844104e+01 2.716107371174373952e+00
1.197788360153231935e+01 3.263530721414870328e+00
1.197955639950671980e+01 3.801412348888401738e+00
1.253502362615018129e+01 -4.184599386031523593e+00
1.254971552476279939e+01 -3.653150944480310969e+00
1.253800487016883380e+01 -3.128375134187677986e+00
1.254398959794078294e+01 -2.594112078782941921e+00
1.253965560130136225e+01 -2.061677719038854661e+00
1.252864659250879953e+01 -1.536476162304623472e+00
1.254358146265435892e+01 -4.671303312048671330e-01
1.252201152822459918e+01 5.622328737740289739e-02
1.254049167028093947e+01 5.928811161248184192e-01
1.253750852770694735e+01 1.106903908475437959e+00
1.252424741584608014e+01 1.667087514312978413e+00
1.251997533347808655e+01 2.188012015679564826e+00
1.251630932179669031e+01 2.721950206336085643e+00
1.251842724738432366e+01 3.258987386729941704e+00
1.252623247071484158e+01 3.785666861541265860e+00
1.309065839235437423e+01 -4.196539232056665014e+00
1.307210767060276524e+01 -3.657042345408616058e+00
1.306648556259216321e+01 -3.119084176570131817e+00
1.308643843176021448e+01 -2.591635730970704543e+00
1.308666445400804079e+01 -2.064731978893057374e+00
1.307690305679139797e+01 -1.540286985679923504e+00
1.307733547122388273e+01 -9.944323642486594395e-01
1.307760096165615948e+01 -4.794489055096775587e-01
1.307451191354047637e+01 6.946286455895034351e-02
1.307499857717691683e+01 5.950547172013607167e-01
1.306112356254082485e+01 1.121934028832718866e+00
1.304500519126984415e+01 1.648421978913198416e+00
1.305274865863453826e+01 2.195493036977051560e+00
1.305943451128316468e+01 2.731131847731671058e+00
1.306040398692890037e+01 3.260922421680930938e+00
1.307222424800609772e+01 3.767468963333350018e+00
1.361335734324707047e+01 -4.198404006902537233e+00
1.360685607644680672e+01 -3.660439972866162961e+00
1.362818585107918778e+01 -3.126132711586738111e+00
1.362554974886082704e+01 -2.594020922038016153e+00
1.361187278423874858e+01 -2.067017917026330309e+00
1.361872184160877808e+01 -1.545429750919829814e+00
1.361015726745214138e+01 -1.001215042907499964e+00
1.361660561815638459e+01 -4.778855155099321905e-01
1.358938707660822587e+01 6.961630343535318843e-02
1.360724673753452763e+01 6.079195953763552041e-01
1.361057511045150648e+01 1.124662500691702149e+00
1.359768541472416103e+01 1.627421344707290274e+00
1.359807049349198493e+01 2.186261450527439365e+00
1.360929277887032285e+01 2.755682450756381741e+00
1.360444777759258983e+01 3.252363827274763253e+00
1.360249156441686580e+01 3.791082881102845192e+00
1.416330289153228250e+01 -4.191867620314429388e+00
1.415936902025195110e+01 -3.661447837594824506e+00
1.416787331724632537e+01 -3.130869514418494148e+00
1.415517676130553681e+01 -2.595166583535181815e+00
1.415928343504947051e+01 -2.062315480443743354e+00
1.415545821467024012e+01 -1.520624771614141224e+00
1.415858053809526851e+01 -9.867820058234180181e-01
1.415892328133430311e+01 -4.591620023520341931e-01
1.415100416807136696e+01 5.890986368543593699e-02
1.414747559966422941e+01 6.025367433377653015e-01
1.413694278151661265e+01 1.122080062220931040e+00
1.414372664126939227e+01 1.655987042575027601e+00
1.414193328111025494e+01 2.188344338216161589e+00
1.413915107248958591e+01 3.266709052655198064e+00
1.413989298269684625e+01 3.794973554737801180e+00
1.471003408432602910e+01 -4.189760972047949394e+00
1.470969288130525499e+01 -3.658303651328370876e+00
1.470192934766222592e+01 -3.137208804508961890e+00
1.468772603056520509e+01 -2.593359001695752397e+00
1.468537042426644845e+01 -2.065783924362218471e+00
1.469446229795617498e+01 -1.519857538934445529e+00
1.469702023761174203e+01 -9.883472343751691369e-01
1.468874742989647331e+01 -4.592176730559458520e-01
1.466783751828994653e+01 6.245794871869136955e-02
1.467762119934546305e+01 5.941298199047437834e-01
1.468510359498458584e+01 1.138114083052457204e+00
1.467464715258724439e+01 1.666949557333012422e+00
1.466198060694178196e+01 2.189701410133924497e+00
1.468220942462807344e+01 2.739780301194521428e+00
1.466900800446402187e+01 3.259736549097116409e+00
1.467794132571771115e+01 3.803935398994823913e+00
1.525363725487819266e+01 -4.195374600787705077e+00
1.524034452520016458e+01 -3.656089926082442432e+00
1.523316368678416310e+01 -3.138048442434079988e+00
1.523000295209685362e+01 -2.594990575676678901e+00
1.522970197356407951e+01 -2.040623481454971966e+00
1.522653887580289123e+01 -1.530177432027450379e+00
1.523360544211623591e+01 -9.983350444683267710e-01
1.522506631011763290e+01 -4.548196128997901155e-01
1.522307179219003004e+01 7.315590611546696209e-02
1.522351251386969295e+01 5.937344528405077426e-01
1.521450585862699967e+01 1.127703597115033318e+00
1.520126280286153175e+01 1.658331132770030081e+00
1.519903839913420640e+01 2.212810768709896792e+00
1.520445104266564584e+01 2.723353449163965934e+00
1.520700277820787960e+01 3.795720414022834888e+00
1.579030766531697338e+01 -4.200951454616161485e+00
1.576988840025721927e+01 -3.671946439086601899e+00
1.576990065082389236e+01 -3.142357581999942084e+00
1.577080787076217661e+01 -2.587524961212857022e+00
1.576433766823186744e+01 -2.063094826888008271e+00
1.576257641278224852e+01 -1.539680338302378715e+00
1.576615798204320029e+01 -9.930895897145290974e-01
1.575935380052028378e+01 -4.437330289843544051e-01
1.575587220650436038e+01 6.915919653523161514e-02
1.575890382721764738e+01 6.041328194200552559e-01
1.575622322387826557e+01 1.134805084226130134e+00
1.576667505135550584e+01 1.652088238711936441e+00
1.576043204283623567e+01 2.194902186290356383e+00
1.573649530408830444e+01 2.721803560113514209e+00
1.572922435039827604e+01 3.262880599125008274e+00
1.576015167914151149e+01 3.787689292033803667e+00
1.633155200748391067e+01 -4.194805597503494354e+00
1.631023420502634380e+01 -3.660870995117686988e+00
1.631103284894596328e+01 -3.125129044021305091e+00
1.631719416909531262e+01 -2.594000062317622479e+00
1.631310823085593142e+01 -2.058096038805150130e+00
1.630376459708714521e+01 -1.530093258967948344e+00
1.629561096594642322e+01 -9.997365455349331853e-01
1.629416851631690122e+01 -4.732907558778123303e-01
1.628438416151542611e+01 7.962549059762835668e-02
1.628380187340220786e+01 6.028578793868177854e-01
1.627541674987518050e+01 1.136841150117870569e+00
1.630259270781633774e+01 1.664617613410449337e+00
1.630209836785379451e+01 2.179900835405565118e+00
1.629485623966454710e+01 2.722628502348861446e+00
1.628552123212236680e+01 3.258003272159275099e+00
1.629861230086527257e+01 3.794495870845963736e+00
1.685669970275448648e+01 -4.191765688037415671e+00
1.684990967216960911e+01 -3.649273204928253023e+00
1.685059957695380461e+01 -3.116422102153125095e+00
1.684154411735251955e+01 -2.604397699546574074e+00
1.683018415822859737e+01 -2.057879640563911039e+00
1.683835662093073537e+01 -1.529777472904587654e+00
1.683864613720593439e+01 -9.933591684889080398e-01
1.683320628438627864e+01 -4.610785252545710478e-01
1.682202349408692754e+01 7.975427561806469612e-02
1.682528755901310902e+01 6.054805350125498364e-01
1.681561218030956795e+01 1.132246995252859989e+00
1.683835715349361450e+01 1.660432747074075621e+00
1.681197079964103835e+01 2.192247275195455813e+00
1.681245215909832780e+01 2.735677832594969772e+00
1.681860056980370999e+01 3.263897977360553426e+00
1.682408087847097278e+01 3.802457331273220831e+00
1.738782704050739270e+01 -4.183973705686133471e+00
1.738249106160287738e+01 -3.655817415185744323e+00
1.738474501490033930e+01 -3.123608965164400786e+00
1.736278515619951435e+01 -2.588210386523854822e+00
1.739693078688271655e+01 -2.057492333066679890e+00
1.736848699528589179e+01 -1.536416611979948499e+00
1.737519923563775137e+01 -9.915134484282006611e-01
1.737695620501922278e+01 -4.615504387265829678e-01
1.737024373259890453e+01 7.738439704202448866e-02
1.735327833998239555e+01 5.891171270178325869e-01
1.735736933019768458e+01 1.141916474554324878e+00
1.736708906216399129e+01 1.666080605224102840e+00
1.736096090013256443e+01 2.199971237807321955e+00
1.734893496825216985e+01 2.742226792718881256e+00
1.735239398970135483e+01 3.263541239427610208e+00
1.735777651145263434e+01 3.791648664938993107e+00
1.793035424193262273e+01 -4.186657077584152731e+00
1.792000288028481592e+01 -3.658626070679796172e+00
1.792459198260253572e+01 -3.112517033245916664e+00
1.792024912592925290e+01 -2.596432125904716059e+00
1.791208486901231112e+01 -2.063499423560053003e+00
1.789498173880399179e+01 -1.524356075241165343e+00
1.790665683899635496e+01 -9.960290500107085165e-01
1.790716264799103996e+01 -4.609578824973326050e-01
1.790253709793789838e+01 7.355296559721935523e-02
1.790618341803444125e+01 6.012478127222884439e-01
1.789389911049160276e+01 1.141017812162168354e+00
1.789287373037706175e+01 1.654971615965589393e+00
1.789461421007062469e+01 2.198090234590754477e+00
1.788943814765594453e+01 2.729748592065604385e+00
1.789718511206551810e+01 3.272224344843202459e+00
1.789148147203755101e+01 3.803886563822910460e+00
1.846392043123785243e+01 -4.183326292769168120e+00
1.845679717547398013e+01 -3.662923433252409211e+00
1.846255055469839590e+01 -3.123160771943719993e+00
1.845978299222534602e+01 -2.585620784591409205e+00
1.845663558607655830e+01 -2.066686234011601897e+00
1.845612149264461976e+01 -1.505632443126398101e+00
1.844294882465977636e+01 -9.867599688470569674e-01
1.843105474910656127e+01 -4.622465464251561684e-01
1.843526262308052210e+01 7.859960658226583519e-02
1.843522237070284930e+01 5.975372502596201230e-01
1.843757006383480146e+01 1.139570053919598536e+00
1.843128224568020457e+01 1.671819688765673106e+00
1.843368890186615161e+01 2.192792345606040527e+00
1.843413194933937049e+01 2.729318464461758964e+00
1.842111860549421820e+01 3.270981899455819075e+00
1.843295350449903935e+01 3.790109742721398334e+00
1.899701638585490926e+01 -4.178108007222196107e+00
1.898420393643204562e+01 -3.665195285320177021e+00
1.899857702842004770e+01 -3.121417051298312373e+00
1.898617717870024890e+01 -2.599664339997296736e+00
1.899066316534806020e+01 -2.056765553239610966e+00
1.898899960890383554e+01 -1.524353159206363273e+00
1.897985882262913293e+01 -9.913411205225131084e-01
1.898968319828135520e+01 -4.655360496204892229e-01
1.896897168403030776e+01 7.801407261170112406e-02
1.895400943246550440e+01 6.120248892534725371e-01
1.895850379314341794e+01 1.132246656894711379e+00
1.897229890402718766e+01 1.667314667161374331e+00
1.897265323422429262e+01 2.207163807435392755e+00
1.897550070189952010e+01 2.715665710027462154e+00
1.898201352529651231e+01 3.217542633681130582e+00
1.896936076800664139e+01 3.785763338026640668e+00
1.953358333998674112e+01 -4.210269491607563808e+00
1.952754679567691198e+01 -3.653441690386680207e+00
1.953507208198910661e+01 -3.130220330525078865e+00
1.951601521212343471e+01 -2.601208612857480063e+00
1.951593061387607975e+01 -2.068496494200513069e+00
1.951848588414159025e+01 -1.527619291126899981e+00
1.952252204115579559e+01 -9.935324805285432603e-01
1.951847868724642154e+01 -4.557859519405305093e-01
1.951463300786105037e+01 6.138219838361536063e-02
1.951994915854958634e+01 6.032880953039416738e-01
1.950610735015513342e+01 1.142202045965941437e+00
1.950335982090101083e+01 1.667314645500582060e+00
1.950069163593976995e+01 2.203474124735169681e+00
1.951411118410795353e+01 2.732032843263112909e+00
1.951126643507275560e+01 3.283261801821126369e+00
1.950166305135039124e+01 3.786184225923626911e+00
2.005094949739061150e+01 -4.192031624507121634e+00
2.006815930830948957e+01 -3.664803199166296821e+00
2.006749929495829932e+01 -3.137025062649160034e+00
2.007079466451031280e+01 -2.601050986561919132e+00
2.005086468887016338e+01 -2.062650783349354811e+00
2.006252341349097179e+01 -1.525755519476462041e+00
2.005457951843190401e+01 -1.003692580936412782e+00
2.004675444980535559e+01 -4.567017055338808973e-01
2.005314328683230940e+01 7.376372165082756283e-02
2.004702463772829546e+01 6.048430641505717631e-01
2.004324023600154092e+01 1.127386531953188609e+00
2.005760021392676506e+01 1.624461702887852965e+00
2.004596261108101274e+01 2.209745318674162462e+00
2.004112657439697998e+01 2.725597097347169040e+00
2.004237741237852788e+01 3.274160460204004863e+00
2.003626201574663312e+01 3.777417498451764999e+00
2.060793829447452907e+01 -4.191301862422184499e+00
2.060703535591157731e+01 -3.666562094037773889e+00
2.059777120929916805e+01 -3.135926845532290841e+00
2.059311908168133698e+01 -2.602001669455344057e+00
2.059337975345943050e+01 -2.048827221334342141e+00
2.059737345322035651e+01 -1.517302574697016126e+00
2.059504134007832477e+01 -9.919766148017004070e-01
2.059195208292719315e+01 -4.518850151614302035e-01
2.059034608893483664e+01 8.059835915632618253e-02
2.057764608232336201e+01 5.995853089324469920e-01
2.057745593438659881e+01 1.130135313039708933e+00
2.058828934797676169e+01 1.662224902129047166e+00
2.058860599679171344e+01 2.202100099730774474e+00
2.057437538562790991e+01 2.731821682839736809e+00
2.057753068709159550e+01 3.273022617251964306e+00
2.058582161883033024e+01 3.797396732075416281e+00
2.114515898501369406e+01 -4.192633180677733051e+00
2.113182082720732069e+01 -3.663413655606378327e+00
2.113719456836988542e+01 -3.128113632297480962e+00
2.113931688276125698e+01 -2.587856783564618013e+00
2.112212405966838702e+01 -2.063737498833919659e+00
2.112917905854349243e+01 -1.552808722924911677e+00
2.113002389882863241e+01 -9.899587925067834249e-01
2.111716440137898587e+01 -4.681786529999882873e-01
2.113190771553992420e+01 7.524532039557030316e-02
2.110841013830766144e+01 6.115480061829217107e-01
2.112795489356235379e+01 1.159391189446193238e+00
2.112679643809080687e+01 1.668753194133547169e+00
2.112555258872532704e+01 2.202519953247314533e+00
2.112515929777977419e+01 2.739965787924262486e+00
2.111769626278880452e+01 3.270979611482875526e+00
2.111861541194937075e+01 3.801353366329340844e+00
2.168030895330064567e+01 -4.196208665747709787e+00
2.167412110573400241e+01 -3.670430456926533580e+00
2.167427877124273294e+01 -3.123882190731960051e+00
2.166255663823168476e+01 -2.562969564243250176e+00
2.165191723468493024e+01 -2.060975569747995451e+00
2.167727001356795569e+01 -1.524986853180774204e+00
2.166370398553641508e+01 -1.006710271860516315e+00
2.165587075244644666e+01 -4.654632330211683211e-01
2.166179029610776752e+01 7.658975150062019566e-02
2.165328951795316925e+01 6.045341752792801060e-01
2.165935274609288541e+01 1.141325218499069649e+00
2.165580858450098845e+01 1.671541007399241607e+00
2.165940281178929183e+01 2.209829431708467240e+00
2.165413892559456599e+01 2.742044712204030787e+00
2.165748508453206256e+01 3.267807876458871164e+00
2.165090763370168503e+01 3.804869261323805318e+00
2.222544556949056016e+01 -4.191456735277068191e+00
2.221546444179821123e+01 -3.663057497623206871e+00
2.221521516398433960e+01 -3.130307242984917693e+00
2.220001769891028687e+01 -2.592758037450849429e+00
2.220076335650503552e+01 -2.060207148500783347e+00
2.220229560286851722e+01 -1.528736309277409333e+00
2.220360944343542542e+01 -9.837872887422456358e-01
2.219649104404854967e+01 -4.582584958794733154e-01
2.220849896715046867e+01 7.952236097496978573e-02
2.219788602161224844e+01 5.991493397559608525e-01
2.218769912731315941e+01 1.133229525053533138e+00
2.218076521530580436e+01 1.671658139085433703e+00
2.220038523401262154e+01 2.226504737905393938e+00
2.220507348417957161e+01 2.737645918082236562e+00
2.219313186314009556e+01 3.264915789008572489e+00
2.218403682712693836e+01 3.794015032614218796e+00
2.275540166621165383e+01 -4.196944459299952968e+00
2.273918369924841443e+01 -3.657407511903242536e+00
2.274463462770362554e+01 -3.118430141225383423e+00
2.273994049955101815e+01 -2.589788754840544271e+00
2.274450468077242249e+01 -2.056982957450152583e+00
2.274238685585900299e+01 -1.525807454958989950e+00
2.274740842298220400e+01 -9.928777295139141756e-01
2.273796137453046384e+01 -4.554773254346180522e-01
2.273598768591545394e+01 7.892092765324321135e-02
2.273885767084897225e+01 5.957264154442114545e-01
2.274259514672397842e+01 1.140417401796629093e+00
2.272472532247167720e+01 1.679279493495716480e+00
2.273120357968935679e+01 2.223122263951644584e+00
2.274295005763305255e+01 2.750475917207722887e+00
2.271859096620219987e+01 3.261614804654652033e+00
2.271549392892572428e+01 3.794348474286955764e+00
2.328138942728018179e+01 -4.199912486039469428e+00
2.328932169291776688e+01 -3.667025845609469314e+00
2.327371206283479665e+01 -3.133759928677614326e+00
2.327807250505587433e+01 -2.594667561562914671e+00
2.329060424651944317e+01 -2.073761831001892375e+00
2.327769071049424809e+01 -1.526141548475102638e+00
2.327516384041163633e+01 -9.960189210026975104e-01
2.328579297144175086e+01 -4.778948053491305359e-01
2.327910929558899511e+01 8.310647623337175105e-02
2.326284461897912337e+01 6.016544325578188079e-01
2.325862892461905318e+01 1.133482389971451454e+00
2.326110499318541969e+01 1.682080543001099215e+00
2.326995571855029254e+01 2.217038083243810576e+00
2.326212425242015769e+01 2.749957510090673907e+00
2.326778096752592973e+01 3.256396409260478464e+00
2.326796540104792399e+01 3.790761116800787534e+00
2.382028307511196630e+01 -4.198397257041561303e+00
2.381304290889845987e+01 -3.670561904199823644e+00
2.382136865973988193e+01 -3.126876256061999371e+00
2.382900271939727332e+01 -2.592806276695814205e+00
2.382212928097825255e+01 -2.062040578894031029e+00
2.380831584105878562e+01 -1.515000381802455109e+00
2.382184598373469697e+01 -9.808098312398918495e-01
2.380947798839433460e+01 -4.601359717655348902e-01
2.380476852257645959e+01 6.111362173120937769e-02
2.381334001816608748e+01 5.987988169664610894e-01
2.379268368975556314e+01 1.127626811233035653e+00
2.379582237418628665e+01 1.694178227405792825e+00
2.379246212500272861e+01 2.207638205300820999e+00
2.379410758344790366e+01 2.735451842679307077e+00
2.379576093264311254e+01 3.272327343681418199e+00
2.379011959319306868e+01 3.798570365705437268e+00
2.434797970701995951e+01 -4.203988546443415686e+00
2.436290213885942535e+01 -3.650718072637225475e+00
2.435727594630919413e+01 -3.133786731412245175e+00
2.435011431413302319e+01 -2.594419986830189373e+00
2.434460806108743469e+01 -2.052420792158194729e+00
2.433818516515633945e+01 -1.524063505929657225e+00
2.434478343546557255e+01 -9.924218848547567973e-01
2.434332975685417466e+01 -4.638206075808533058e-01
2.434704314205118436e+01 7.074743778718328713e-02
2.434028999757174461e+01 6.054300218160371116e-01
2.434336881116023932e+01 1.131172828785917517e+00
2.433951505036905871e+01 1.674814364375109221e+00
2.432920801233613872e+01 2.203185179328329468e+00
2.434844032159771388e+01 2.718708798085490486e+00
2.433394760957591529e+01 3.259244498300201798e+00
2.433355816665923754e+01 3.800447941731444956e+00
2.489710987092193761e+01 -4.203244608586309994e+00
2.489158099269474178e+01 -3.659403940037281089e+00
2.488936442678287619e+01 -3.121426553591033937e+00
2.488552223362951565e+01 -2.600507972085065234e+00
2.488500001525094518e+01 -2.053098743791402114e+00
2.488287307657139991e+01 -1.525568019032657929e+00
2.488194293647657673e+01 -9.949056938627443003e-01
2.486661876737443322e+01 -4.648808536712891737e-01
2.486589055803828785e+01 7.656547734084995227e-02
2.487222275817433115e+01 6.084368426678068431e-01
2.486893906896465012e+01 1.124782688748773296e+00
2.486858343204994526e+01 1.666730351449061232e+00
2.490361944767292357e+01 2.201213916466098652e+00
2.488230551510213928e+01 2.735812517048373138e+00
2.487203143256431304e+01 3.277066850720149915e+00
2.485909460950939120e+01 3.792423236332801650e+00
2.541743875617381576e+01 -4.193207466583416476e+00
2.542077116764733802e+01 -3.654455975891902852e+00
2.541803318392031485e+01 -3.123828891367981697e+00
2.541329079435270444e+01 -2.612596372985979798e+00
2.542481672716528607e+01 -2.053116894023574446e+00
2.540917597951909812e+01 -1.524604075800475300e+00
2.541628831478119110e+01 -9.992099689144922081e-01
2.541896246944131121e+01 -4.563282772379686492e-01
2.541337338793557876e+01 6.871155354340174881e-02
2.541227279762514968e+01 6.062841428804475186e-01
2.542060476393815094e+01 1.136956971366277713e+00
2.540709608142999798e+01 1.670975647567086497e+00
2.540928710375464306e+01 2.205204441289474460e+00
2.542536115551049392e+01 2.730913192861716965e+00
2.540160228537612142e+01 3.266314127465108186e+00
2.539845690902290443e+01 3.800473839161821132e+00
2.596729187013492890e+01 -4.196448844728147165e+00
2.595268387956435419e+01 -3.663480830845825764e+00
2.595656568022278066e+01 -3.128235736985134352e+00
2.595792572123630038e+01 -2.598228355177596427e+00
2.594990743309330838e+01 -2.055848420380065988e+00
2.594423297125386796e+01 -1.536057204216625394e+00
2.594249152604137976e+01 -9.937500682675270980e-01
2.595199456272560212e+01 -4.589111449556959599e-01
2.595188559387299421e+01 7.313285749853548623e-02
2.594725577120414073e+01 5.990481276810655231e-01
2.594857424072580443e+01 1.134757856370121942e+00
2.594588879156334826e+01 1.674136209232848671e+00
2.595264734294949704e+01 2.209708384593280783e+00
2.594833464049243332e+01 2.731447369566303962e+00
2.595320945865643836e+01 3.267720221610396436e+00
2.595851462191861003e+01 3.797594622068128700e+00
2.650792220297271484e+01 -4.190942669425735900e+00
2.648616380246221524e+01 -3.687918266627988828e+00
2.648893151896339049e+01 -3.118430209560708377e+00
2.649197258210583783e+01 -2.602888061507727002e+00
2.649167882032591592e+01 -2.064937575771597977e+00
2.650786434704873784e+01 -1.538242674461873349e+00
2.650434281159791539e+01 -9.904548384809963579e-01
2.647840832398318156e+01 -4.528910454704941912e-01
2.648811124090543245e+01 7.031637774811372310e-02
2.647490098951084292e+01 6.067892477076632929e-01
2.647683128416272069e+01 1.127540432053251607e+00
2.649246514603127167e+01 1.676796284149567384e+00
2.648136254467944894e+01 2.211308316972665722e+00
2.647031204094560053e+01 2.725730437473004031e+00
2.646617008917064595e+01 3.264541143159014780e+00
2.647242099524279979e+01 3.808218812692150124e+00
2.703152195936316105e+01 -4.191045189579549302e+00
2.703567288268516222e+01 -3.660796075770591074e+00
2.703732583015892743e+01 -3.135142621802364360e+00
2.703082835677878393e+01 -2.601880856097974259e+00
2.703127429708038676e+01 -2.047883504931046872e+00
2.702912012067822189e+01 -1.537468432082434333e+00
2.702479701543393276e+01 -1.004080468995752540e+00
2.704492340493590063e+01 -4.523692679118163085e-01
2.701987604315198155e+01 6.212887002870459696e-02
2.702385230399000449e+01 5.869049257765794891e-01
2.702707226868643176e+01 1.126735813325325353e+00
2.701567859502213054e+01 1.671937288587592718e+00
2.700818143641538427e+01 2.213919109290166887e+00
2.701915173906623835e+01 2.748261931250311818e+00
2.702042316649903597e+01 3.263676739316320408e+00
2.701239788499810146e+01 3.802200154719081127e+00
2.755868759501363030e+01 -4.201379632396932351e+00
2.756330496031927169e+01 -3.668609003630328047e+00
2.756570353918941407e+01 -3.136253087255335359e+00
2.756175295287351901e+01 -2.593135142899832601e+00
2.757347052692123412e+01 -2.050970087142065523e+00
2.756567068896560357e+01 -1.534897646414030703e+00
2.756067560693954022e+01 -9.904023066606555403e-01
2.756374348240115779e+01 -4.537031528537198710e-01
2.755592257599570871e+01 7.416651970913790137e-02
2.755622266608772009e+01 6.088461632212087693e-01
2.756987698300139300e+01 1.150111554235163425e+00
2.756019688359964448e+01 1.665696703931757838e+00
2.755361207614606656e+01 2.208693519221959889e+00
2.755543656388682905e+01 2.716290133596675815e+00
2.754478901177176198e+01 3.260140718861975984e+00
2.754837742763336905e+01 3.809904483226773664e+00
2.809835654529304350e+01 -4.193531515176442070e+00
2.809198652624554882e+01 -3.672236038193048557e+00
2.808729941652997297e+01 -3.139166115483593700e+00
2.809421187515460616e+01 -2.598614679985988829e+00
2.808914636600814418e+01 -2.058604168494341025e+00
2.810813152330049292e+01 -1.531494578318145727e+00
2.810293526161405708e+01 -9.955847168914147005e-01
2.808983642443740081e+01 -4.622305904373398278e-01
2.809169996458884810e+01 7.053527798865744103e-02
2.809342257459072556e+01 6.071343291959863109e-01
2.809894631990164271e+01 1.145723771283279291e+00
2.808873865371793954e+01 1.670364780630023915e+00
2.807643513045579908e+01 2.209341641049544336e+00
2.808374517102176071e+01 2.741538589992504882e+00
2.808303813024213014e+01 3.271978212016449561e+00
2.807822207224701572e+01 3.810735786968621142e+00
2.863363247220414820e+01 -4.191749664673659836e+00
2.864168196439020875e+01 -3.677054866832699886e+00
2.864574089454837491e+01 -3.130887803888160903e+00
2.863367129996920113e+01 -2.584647294979859566e+00
2.863035824755915115e+01 -2.059885664781894832e+00
2.863782527179878912e+01 -1.519784217729149844e+00
2.863037954947796493e+01 -9.897316956875279459e-01
2.862575780493745015e+01 -4.628335302665185225e-01
2.863011392170710678e+01 7.308423780344952547e-02
2.863053815296321858e+01 6.257186957361255963e-01
2.863129205522498921e+01 1.146235842774913749e+00
2.862916931859692937e+01 1.658170011927612819e+00
2.862129867849279208e+01 2.194438689558474209e+00
2.863182162846877787e+01 2.734531786147293531e+00
2.863481318107572804e+01 3.278901625439168299e+00
2.862802553901268254e+01 3.820056767714657298e+00
