1.017227652466804244e+01 -4.133214184243739098e+00
1.015510141284657664e+01 -3.614630433587976199e+00
1.011220194023879770e+01 -2.619250765190216157e+00
1.010372112490301078e+01 -2.058053828701275734e+00
1.012569014257994482e+01 -1.563816304327083628e+00
1.009814891656116131e+01 -1.042034945072753516e+00
1.007767482290974570e+01 -5.386619328358328573e-01
1.002296465717489227e+01 5.328853300160183437e-01
1.002952718639516050e+01 1.059779732273369746e+00
1.001820903138061780e+01 1.591074801527099680e+00
1.004605469865054701e+01 2.092326582170869642e+00
1.002164921067045711e+01 2.625032058187688477e+00
9.981672863978150900e+00 3.148508507314591753e+00
9.987035840995364566e+00 3.684257644973964574e+00
1.075807755131354426e+01 -4.138469392111899126e+00
1.070740555781669556e+01 -3.657453925526830574e+00
1.070853337577952757e+01 -3.110335580632789032e+00
1.067244449933448536e+01 -2.064596721080810937e+00
1.064392016695101972e+01 -1.542785044899336100e+00
1.063550802255184280e+01 -1.038035536290045968e+00
1.059698198752120746e+01 -5.108641996067326829e-01
1.060873569736379451e+01 3.936352333948178739e-03
1.059896786364377519e+01 5.614445059693302653e-01
1.058855722798277910e+01 1.578835094579474685e+00
1.058840770705276313e+01 2.102618831014790857e+00
1.057524252357054095e+01 2.620859511984335199e+00
1.055266028125541666e+01 3.169140967395104980e+00
1.053410832752888382e+01 3.669342450227521368e+00
1.126826761621768824e+01 -4.133599914911892270e+00
1.129345211840727359e+01 -3.644789257684308836e+00
1.124249309703390054e+01 -3.092660526922397679e+00
1.124726081325679417e+01 -2.582159673926700094e+00
1.121531295839983144e+01 -2.077513031555994871e+00
1.120831028405672569e+01 -1.563760378803223716e+00
1.118303758870872500e+01 -1.030869766274356891e+00
1.118996325672556225e+01 -5.108687704794263595e-01
1.116803075435494819e+01 3.839621042484253621e-03
1.115916020369801487e+01 5.229247707532884704e-01
1.114782532619644684e+01 1.049286610060025993e+00
1.112943882535388695e+01 1.594747135682371919e+00
1.113006874102176269e+01 2.115333272416108912e+00
1.111336262141502473e+01 2.628813497059262261e+00
1.111960108355541976e+01 3.162523575709787593e+00
1.108581022273595806e+01 3.682977173584728092e+00
1.182129261144692833e+01 -4.127217657727126010e+00
1.183470902739438912e+01 -3.617479480793969415e+00
1.180174524746920994e+01 -3.102945693599052035e+00
1.181227953204790282e+01 -2.575128917853380273e+00
1.179526618180941355e+01 -2.057383823506349074e+00
1.177617869013885255e+01 -1.552725770183915444e+00
1.175765735376329246e+01 -4.909635273372856545e-01
1.174154510233989868e+01 2.128266176046622604e-02
1.175597019174743352e+01 5.675729636185486982e-01
1.173898996260882654e+01 1.030485610478834246e+00
1.168096530222792850e+01 1.616846086310456343e+00
1.167948336678226440e+01 2.112636247809945189e+00
1.166398317947644259e+01 2.639624312646390081e+00
1.166296806127621366e+01 3.160744431465019488e+00
1.167842019345178528e+01 3.684382348798635576e+00
1.240288105409730335e+01 -4.142301454634942814e+00
1.239888848557102463e+01 -3.596117218778635660e+00
1.237697443200146097e+01 -3.033365364004531273e+00
1.237384724540138947e+01 -2.573002073150146174e+00
1.233592655866783261e+01 -2.048031652988342444e+00
1.233523053545602011e+01 -1.566066314506265655e+00
1.232495910869453226e+01 -1.015311048610758604e+00
1.228987334183345581e+01 -4.933534002948896102e-01
1.229013176109415184e+01 6.038938413946937089e-02
1.228912794778424811e+01 5.675981265772058748e-01
1.226417004692583035e+01 1.083741892223766712e+00
1.223157867258421660e+01 1.577852809599416872e+00
1.222949530691339959e+01 2.127704457645069880e+00
1.222693160344562457e+01 2.649262675105443776e+00
1.223670427463901333e+01 3.151731428556587389e+00
1.223183074124800740e+01 3.679943917131982545e+00
1.295338422245594856e+01 -4.165214918495271590e+00
1.275078391558909274e+01 -3.784777700433892278e+00
1.295605787266833531e+01 -3.119332196594802653e+00
1.293907798535756015e+01 -2.573850338471753929e+00
1.289676940595112953e+01 -2.054936844683961539e+00
1.289348420792290284e+01 -1.556177663575372350e+00
1.287838985886298104e+01 -1.018081730253712180e+00
1.286301902994757285e+01 -5.058644653278179248e-01
1.281380103035996854e+01 4.198142619369349404e-02
1.284696496559672241e+01 5.792798284297226985e-01
1.285717664597310872e+01 1.091063020111640469e+00
1.279847927039967104e+01 1.545359674955967932e+00
1.277011606446748360e+01 2.120231990558739454e+00
1.280075569799817359e+01 2.674598687354912130e+00
1.281808700503073339e+01 3.167110984607855784e+00
1.281398922644953942e+01 3.712570466098963351e+00
1.354534974649923029e+01 -4.148630658659136827e+00
1.351466817972793777e+01 -3.633447281058588274e+00
1.351603001117985059e+01 -3.099178966585494521e+00
1.349118242563756453e+01 -2.576195457359215624e+00
1.348315103032903295e+01 -2.045878082112345453e+00
1.345059694556983132e+01 -1.510670865411249508e+00
1.345216942001423988e+01 -9.877781270019347915e-01
1.346018312129778138e+01 -4.594965457411426257e-01
1.342500349704081941e+01 4.486864409555835209e-02
1.341791088523646991e+01 5.717364386617802552e-01
1.338185835631325915e+01 1.063450087004504496e+00
1.341018689882583104e+01 1.595410395684304206e+00
1.336005375736190004e+01 2.100008104662546060e+00
1.337294131953458631e+01 3.187757891902933238e+00
1.336611050169238624e+01 3.716896485956457497e+00
1.413643840446455968e+01 -4.129616815266714980e+00
1.409820647371023128e+01 -3.601964705832140012e+00
1.407325143963457137e+01 -3.103736293922013445e+00
1.402750993187352080e+01 -2.577931582288321977e+00
1.402579875926624453e+01 -2.053775941236214209e+00
1.403372144248068665e+01 -1.492592550634700643e+00
1.401145348888655562e+01 -9.792893669466380402e-01
1.398726760934435021e+01 -4.587351441612845804e-01
1.395887837935165265e+01 4.341435965259066165e-02
1.396011097950631097e+01 5.581553560586058893e-01
1.395595178757638877e+01 1.081306097620228002e+00
1.391064590428791803e+01 1.579150740253055574e+00
1.391218409797279065e+01 2.115988210301363637e+00
1.396137511629001793e+01 2.664045521656163373e+00
1.389827214272358447e+01 3.181531948973809421e+00
1.394808375257744615e+01 3.735611222993146185e+00
1.471386105596341665e+01 -4.141672290068843409e+00
1.465388250656164359e+01 -3.614205414286379536e+00
1.468617123466620100e+01 -3.110556937589427307e+00
1.460974894764490628e+01 -2.569930068213885477e+00
1.458285531453827488e+01 -2.011893896702865447e+00
1.457854609543218061e+01 -1.510590788762179670e+00
1.455791907353409442e+01 -1.003653097129891592e+00
1.453377814464845486e+01 -4.490348514863846674e-01
1.453352237591051122e+01 4.371789172269657797e-02
1.450799362063158782e+01 5.539089246035615588e-01
1.449983856053669129e+01 1.078090707603294618e+00
1.449067494648504706e+01 1.609820950098750814e+00
1.448358588032794714e+01 2.162321033142827531e+00
1.447471566319225289e+01 2.649880151193599431e+00
1.443846205595542997e+01 3.705185643570757748e+00
1.526249598524280415e+01 -4.153102181365017742e+00
1.521778212350757897e+01 -3.636236562895215130e+00
1.518725230623664046e+01 -3.113624900958463115e+00
1.517305712607822343e+01 -2.561922978052844968e+00
1.514969581656328756e+01 -2.049197303910752055e+00
1.514281806234148675e+01 -1.538796917025464950e+00
1.514857749715993407e+01 -9.813905394356829959e-01
1.508237928905941061e+01 -4.516846413402682003e-01
1.506445844118960764e+01 4.620655813061347317e-02
1.509242682164386906e+01 5.725066707610508843e-01
1.507067750279943397e+01 1.089729695477263505e+00
1.507519431613800975e+01 1.599482229550087453e+00
1.505256289954518323e+01 2.141523638418782127e+00
1.501668038498813829e+01 2.652197972342342780e+00
1.497329309117815299e+01 3.194082840280561442e+00
1.504526963092073899e+01 3.708674397838944259e+00
1.580432426077836894e+01 -4.145446560421014226e+00
1.576252080129849631e+01 -3.600584932982085817e+00
1.572803154172565243e+01 -3.078674535139413138e+00
1.574017548409397449e+01 -2.554291392699727936e+00
1.572301789453804943e+01 -2.019241796832464075e+00
1.569219934072997802e+01 -1.516335751723993042e+00
1.566047773270210897e+01 -9.896046535640579123e-01
1.565656982611248083e+01 -4.711890835953909118e-01
1.563644327141764023e+01 5.060922545013113449e-02
1.562264265115335959e+01 5.841910543303789893e-01
1.560433348218801086e+01 1.110040686888499550e+00
1.566415703403456661e+01 1.646901751790171176e+00
1.563465741128834452e+01 2.125028633884770812e+00
1.557947034103752770e+01 2.661062419598053452e+00
1.556199373870048319e+01 3.189675276055687902e+00
1.557084296698218395e+01 3.756463802923430961e+00
1.632476276114647717e+01 -4.106838361706225626e+00
1.630221874123506964e+01 -3.579805230956274897e+00
1.628733695783393287e+01 -3.055380566038015999e+00
1.627856760403116354e+01 -2.552019844519875846e+00
1.625736117575696937e+01 -2.022453432151216646e+00
1.624970029438662422e+01 -1.518702034801730605e+00
1.621605649525068316e+01 -9.698518348469633565e-01
1.621187973357341150e+01 -4.468967924849103213e-01
1.618084891837107619e+01 7.240635977613152363e-02
1.617830102187843622e+01 5.897791660045328399e-01
1.616137884172476546e+01 1.097418034616804761e+00
1.619114736987008740e+01 1.646726318237281106e+00
1.613802780521808344e+01 2.139366880159229822e+00
1.613044211430833741e+01 2.687292051105966806e+00
1.610756685239305597e+01 3.211577051607452660e+00
1.614536441341759598e+01 3.727841484970209507e+00
1.687364057030234576e+01 -4.097841220835801934e+00
1.684805583907348492e+01 -3.581192639829257729e+00
1.683573950924092699e+01 -3.047780570000080402e+00
1.682238649688554943e+01 -2.529215044387068900e+00
1.682553481337803802e+01 -2.015437732213953836e+00
1.677941539110105040e+01 -1.517987320408934693e+00
1.678409410918961697e+01 -9.738914144288131070e-01
1.679337312218481770e+01 -4.560392413077742901e-01
1.675447665043376944e+01 7.249310787726770400e-02
1.671720035189478182e+01 5.663260167987047566e-01
1.671829964739801966e+01 1.115251170187367080e+00
1.673038354417061058e+01 1.632848910124216957e+00
1.670778306009326641e+01 2.161670140873670931e+00
1.668465644857201369e+01 2.703746156515254739e+00
1.669126447009320913e+01 3.208369314995533017e+00
1.668395040614670677e+01 3.738250396737601733e+00
1.744480233472780029e+01 -4.098908042820639253e+00
1.741575628870423031e+01 -3.577994941759161662e+00
1.740069024172901635e+01 -3.039202187247525444e+00
1.739240636320673516e+01 -2.558384603407777291e+00
1.736106459976977590e+01 -2.037736916121765773e+00
1.731447033928047929e+01 -1.497643165745298433e+00
1.732174640869833127e+01 -9.764117275319037503e-01
1.732167799732967950e+01 -4.483810616171375329e-01
1.730218174396605590e+01 7.982299767389378076e-02
1.730751466334138300e+01 5.935129653984638765e-01
1.728202111382756812e+01 1.130630363535633620e+00
1.725447687915370309e+01 1.615797338598152777e+00
1.725803507573788664e+01 2.165616291168376506e+00
1.724766385910660205e+01 2.688430480772581177e+00
1.724771060429095471e+01 3.228627542211143009e+00
1.723792616273587086e+01 3.756782955451541284e+00
1.797554613399149304e+01 -4.082731524947048385e+00
1.795263681982873294e+01 -3.577005238599671344e+00
1.796048432200101175e+01 -3.055447354445883335e+00
1.794245409803885849e+01 -2.520279842547118676e+00
1.790709743206108584e+01 -2.036932309971390964e+00
1.790181185123592655e+01 -1.469450725666135327e+00
1.787972376958469312e+01 -9.674657293744139963e-01
1.783431030799799188e+01 -4.485424467574041785e-01
1.783447579533811123e+01 8.229594675453810737e-02
1.784008292675635232e+01 5.905010289871626128e-01
1.783218570170878436e+01 1.130025964728496035e+00
1.779989468285156562e+01 1.636711284014403134e+00
1.779417638837303883e+01 2.155241162294245783e+00
1.779983111698995302e+01 2.694467422595760553e+00
1.777157752854541783e+01 3.220980051781079823e+00
1.780881005948044660e+01 3.719213746376063057e+00
1.850945897975582000e+01 -4.100307777213656024e+00
1.850357995377348530e+01 -3.592685092762895493e+00
1.850228271464909113e+01 -3.047435651972282500e+00
1.848239435378671658e+01 -2.551126330127420516e+00
1.846931391926543498e+01 -2.028247137546895118e+00
1.846445880073694568e+01 -1.491893237148495643e+00
1.843504363307014060e+01 -9.747923229921617860e-01
1.843218192630926211e+01 -4.517245757766623626e-01
1.839171710619815414e+01 7.606030714631017986e-02
1.837538767702293185e+01 6.105937286543152709e-01
1.836949748183081255e+01 1.131075448538286565e+00
1.836550321052058621e+01 1.647670135416170467e+00
1.835741329424064716e+01 2.180780489800682176e+00
1.835205331901823200e+01 2.663330565760588797e+00
1.838487364987424755e+01 3.112956491364251121e+00
1.835662924937036777e+01 3.708951748768217982e+00
1.909068725926062982e+01 -4.101574556226680102e+00
1.906500043910594400e+01 -3.590900534517167841e+00
1.905813902713788011e+01 -3.067315987926885867e+00
1.901767407567709967e+01 -2.554280536107174981e+00
1.899792855401756952e+01 -2.035004883077597526e+00
1.900044872186670020e+01 -1.494368506160270726e+00
1.900441162298790232e+01 -9.739439219533281289e-01
1.898022125337425692e+01 -4.429295325063478117e-01
1.896087020124306832e+01 6.011364998111190516e-02
1.896069683900540070e+01 6.034743635196662126e-01
1.893472234106759444e+01 1.117521938218828836e+00
1.891188660770008667e+01 1.652539675968718313e+00
1.889935645127329522e+01 2.170547228078600455e+00
1.893379457421021783e+01 2.694981386043849625e+00
1.892078031767486124e+01 3.228294307750786629e+00
1.890338246441469394e+01 3.720695559291147703e+00
1.959531060670968117e+01 -4.114714282436388260e+00
1.962496850965930051e+01 -3.600627433586428339e+00
1.961593312963178803e+01 -3.078412616011325653e+00
1.961260166802936666e+01 -2.551332785298729533e+00
1.955775963458538413e+01 -2.042165506833210742e+00
1.955819416964914836e+01 -1.486183664208116539e+00
1.954774459018619126e+01 -9.713849840830839355e-01
1.951588314536767044e+01 -4.473633220375923258e-01
1.951586354748370056e+01 8.109681853960637454e-02
1.950802735216245054e+01 6.012221163731084062e-01
1.949913274091933602e+01 1.115873956656475485e+00
1.947886775606140830e+01 1.622887818209953537e+00
1.947970940905357651e+01 2.185078793635280903e+00
1.945072118325284194e+01 2.674904815025950455e+00
1.945336641487036289e+01 3.226234245373611031e+00
1.943973057856427289e+01 3.703269087147152305e+00
2.017880294120205775e+01 -4.118984935782885159e+00
2.016355491288440760e+01 -3.592868469291467193e+00
2.014517780353781973e+01 -3.073860310756423075e+00
2.013043306569849022e+01 -2.554337785188010912e+00
2.011772897275659489e+01 -1.997301014853114509e+00
2.010832654881166803e+01 -1.481323488998594229e+00
2.009988271491697276e+01 -9.627764686633071278e-01
2.009163843182720655e+01 -4.351377415566624052e-01
2.008567321919308313e+01 9.594469663693416805e-02
2.006214970994189173e+01 6.082240094305824130e-01
2.004593743228090119e+01 1.124065149786165563e+00
2.004631774802809474e+01 1.639633111203973925e+00
2.004503385318815489e+01 2.168870558321522424e+00
2.001304461628211229e+01 2.688514784768361920e+00
2.002195860683178452e+01 3.238819812594556424e+00
2.001519253794657871e+01 3.741696708967289453e+00
2.074253883242031549e+01 -4.121005948039920597e+00
2.069313480498288982e+01 -3.586369085617151953e+00
2.069973056564533209e+01 -3.053161054867464586e+00
2.071405587450859542e+01 -2.534578253868868813e+00
2.066272638260640804e+01 -2.042312865621109808e+00
2.063272287685024509e+01 -1.521953952063910265e+00
2.064261832285604470e+01 -9.674814706470549197e-01
2.062215921372496297e+01 -4.433400228130359721e-01
2.063080565157108737e+01 9.445650287398876799e-02
2.059703333194817532e+01 6.225452774276831747e-01
2.061935724083271282e+01 1.158495607113707138e+00
2.060865710354441660e+01 1.650145017460413754e+00
2.060054306133702084e+01 2.180827048764452769e+00
2.058926265529311905e+01 2.710505113002756872e+00
2.057399407272781389e+01 3.230263949573700444e+00
2.056122508427935713e+01 3.758755516747790182e+00
2.128765852866811059e+01 -4.120248978829499364e+00
2.124561733108911454e+01 -3.584021709325083904e+00
2.125251098606070599e+01 -3.064206558708571393e+00
2.123366410854846009e+01 -2.523133556937668942e+00
2.120261141267685900e+01 -2.019527561312791875e+00
2.121324574911825778e+01 -1.493860387450730798e+00
2.118177672925222055e+01 -9.886167804267351755e-01
2.116840534347879554e+01 -4.562671638654975936e-01
2.116706915784315157e+01 8.700043585616512587e-02
2.116077373114361393e+01 6.030037849589326981e-01
2.116498998768436479e+01 1.131843110637170469e+00
2.114340492675026439e+01 1.650311995169012391e+00
2.114355159779395876e+01 2.183275112858549249e+00
2.113629365853719833e+01 2.728650445346961106e+00
2.112339905259972284e+01 3.220547985987071371e+00
2.111432203526469920e+01 3.759998275080292274e+00
2.184351247137842478e+01 -4.113064274286557520e+00
2.181881094960323253e+01 -3.583228487836050746e+00
2.180332051305612140e+01 -3.064014160638000916e+00
2.176950571239325427e+01 -2.530880194095573188e+00
2.175741406012505763e+01 -2.012536599068820209e+00
2.176284019577639128e+01 -1.485503259839788370e+00
2.175825203819486120e+01 -9.612673016444084340e-01
2.173508352037485736e+01 -4.437512116396469253e-01
2.173314024295302005e+01 8.085740303849675570e-02
2.170536403043292495e+01 5.912568776046640551e-01
2.169330736673718008e+01 1.128712242333328675e+00
2.168824876195634488e+01 1.662807550374420629e+00
2.170008069901734160e+01 2.229021899665035278e+00
2.169612876745691921e+01 2.674940633828285286e+00
2.168467261961732362e+01 3.207621964827310990e+00
2.165668991269716770e+01 3.747882241489655541e+00
2.238370764299016002e+01 -4.118796999590820462e+00
2.234084083769148776e+01 -3.577890875638830792e+00
2.234142531851978930e+01 -3.039977833601847479e+00
2.233477517850211314e+01 -2.535478929665412551e+00
2.230842998664877541e+01 -2.018816685263598032e+00
2.229729961187489806e+01 -1.492234416034051492e+00
2.231346372432103919e+01 -9.613795534068607651e-01
2.226793238505088368e+01 -4.324802278927109001e-01
2.226902446629262755e+01 9.243865503135140216e-02
2.226433099423947226e+01 5.968373776806288333e-01
2.226300026282004296e+01 1.139479857633048709e+00
2.224139969130158079e+01 1.673320563058990018e+00
2.225220404468147706e+01 2.225969589137992699e+00
2.224149231423545103e+01 2.691970681830575529e+00
2.222322405038084270e+01 3.218763480125630849e+00
2.221052566977166265e+01 3.754184060067771611e+00
2.291269542639474111e+01 -4.117237605718276683e+00
2.292883787602458057e+01 -3.597009737540117769e+00
2.286671737897125922e+01 -3.072428637759943015e+00
2.288413343547631484e+01 -2.538739284916829320e+00
2.288454712542115743e+01 -2.002884559138554010e+00
2.285618306734730254e+01 -1.497173619584032167e+00
2.284157535350355062e+01 -9.666756376604617174e-01
2.285049338478219738e+01 -4.447592449401476244e-01
2.282363030200904319e+01 1.009120967967334082e-01
2.280285507600127914e+01 6.048561624812336390e-01
2.279094690221803177e+01 1.135101631989449800e+00
2.279667319521994528e+01 1.664424548562116968e+00
2.280750474638252001e+01 2.215900093902824608e+00
2.278313271273353990e+01 2.734150628170585406e+00
2.278631468529047766e+01 3.230854159857056374e+00
2.277594845103401866e+01 3.750013500855953197e+00
2.347280449934149971e+01 -4.115457260267927353e+00
2.345826537623952390e+01 -3.582512076424420044e+00
2.342066089965099707e+01 -3.043224186235859108e+00
2.344829284166488037e+01 -2.526641227658345201e+00
2.342026936012326388e+01 -2.009755904668597992e+00
2.338458385659377115e+01 -1.466807719121465681e+00
2.337504146126654092e+01 -9.387891568583732749e-01
2.338102875677463999e+01 -4.195859177690479669e-01
2.336071169151206561e+01 8.146241255797193048e-02
2.335878971821443884e+01 6.092244570071798648e-01
2.333442541827562167e+01 1.132506242216475556e+00
2.333462006881523365e+01 1.696538012934730943e+00
2.331538528195815729e+01 2.207212039141108306e+00
2.331525007891301016e+01 2.724087384220137409e+00
2.332064869509961369e+01 3.257799694806365665e+00
2.330722241333206313e+01 3.749058228024562567e+00
2.398257887771270447e+01 -4.137917550388664267e+00
2.400063855622023112e+01 -3.565367560710940964e+00
2.398555751076116849e+01 -3.062787230098429347e+00
2.396443621080986475e+01 -2.502754168124059930e+00
2.394481906735823884e+01 -2.001841581828990968e+00
2.394176228766089309e+01 -1.474826430053305160e+00
2.391773393093291844e+01 -9.541931057904697866e-01
2.391552887809372407e+01 -4.290382454687708957e-01
2.389566481650294349e+01 9.162324225165008329e-02
2.389268236461079908e+01 6.103569872083554060e-01
2.389579277153070791e+01 1.131951607475972565e+00
2.388662257826354818e+01 1.681063684867201147e+00
2.386168935900487753e+01 2.222347136244238186e+00
2.390484391850024082e+01 2.694638398632026366e+00
2.386113293870923968e+01 3.242778706093062624e+00
2.387430984325332162e+01 3.760257934881227726e+00
2.455294032995634268e+01 -4.108598914084543807e+00
2.453912228009865970e+01 -3.560998926659951991e+00
2.452508930990063618e+01 -3.068850615350449118e+00
2.450046682556261146e+01 -2.529845406863710622e+00
2.448876176860107279e+01 -1.986780340834357617e+00
2.448677216519332944e+01 -1.475523000671699947e+00
2.447127671751751876e+01 -9.548479674086962632e-01
2.442661732369148098e+01 -4.200817237222871370e-01
2.443664495841616713e+01 1.205745295453546362e-01
2.444471223658209169e+01 6.276767808891605682e-01
2.443341259604203941e+01 1.119296407887354405e+00
2.443746085285159353e+01 1.667587980877815568e+00
2.450464233885358567e+01 2.194070303292221524e+00
2.444504817164073529e+01 2.730497506449886203e+00
2.442153698052182875e+01 3.260737568054633329e+00
2.440553784546460037e+01 3.762981968867219251e+00
2.506885992264778196e+01 -4.118225412481354653e+00
2.507735317650161733e+01 -3.571399461176294921e+00
2.507387011625139195e+01 -3.053578126726236519e+00
2.505063080123096597e+01 -2.528009665485488000e+00
2.504033085513260914e+01 -1.993322356109413107e+00
2.502283840911248092e+01 -1.467434828409526659e+00
2.502460637723886094e+01 -9.437380608089398493e-01
2.500683830666086749e+01 -4.065905046375810628e-01
2.501090525208187643e+01 1.032089698671008193e-01
2.500540004899676916e+01 6.192464708233273996e-01
2.500378868263855736e+01 1.148459803831816117e+00
2.498952663482634051e+01 1.676794666519739962e+00
2.497768859283731047e+01 2.210635956842217809e+00
2.501753523923461842e+01 2.726554798240091060e+00
2.497165771976106896e+01 3.229957776935595604e+00
2.496137681167422784e+01 3.762091797799865134e+00
2.565706555871603456e+01 -4.111695915353804409e+00
2.561255816989977774e+01 -3.570253870340739155e+00
2.563010848046215528e+01 -3.044563488170378918e+00
2.559849654834349764e+01 -2.532696914533136834e+00
2.559553052949334528e+01 -1.999994256332001896e+00
2.556123117789968546e+01 -1.472843204599829647e+00
2.555221188310232350e+01 -9.483946228658624023e-01
2.557039164772022843e+01 -4.244951240611030130e-01
2.556568319392709299e+01 1.057104619998483486e-01
2.554667255636777412e+01 6.248870092919638353e-01
2.552989626162169401e+01 1.151032218962477316e+00
2.554273539331231291e+01 1.676819044708615536e+00
2.554562518098677515e+01 2.221279711051035832e+00
2.553480359812685663e+01 2.724545792929209398e+00
2.552932586344856247e+01 3.231272227917955320e+00
2.552573155598543764e+01 3.773770868795875089e+00
2.619234852382010104e+01 -4.088532240560777353e+00
2.603258422303734676e+01 -3.590481397543593189e+00
2.615854409113384094e+01 -3.044175615448599714e+00
2.612625537280140264e+01 -2.526243401113855924e+00
2.614896968583040859e+01 -2.009546303722167693e+00
2.616596043756898382e+01 -1.483528211883015757e+00
2.614533756865682790e+01 -9.333391374753610137e-01
2.612079547130090162e+01 -3.954241056798224463e-01
2.611692158072631287e+01 1.060919611495343418e-01
2.608874837187099160e+01 6.304658811110392946e-01
2.608125673145409706e+01 1.146277643055828577e+00
2.607013676797577517e+01 1.691190040575769160e+00
2.607161308809593692e+01 2.215297250961146602e+00
2.606372023618946088e+01 2.719716941823197232e+00
2.606048107537171887e+01 3.222469498688326439e+00
2.604560261092526474e+01 3.776185532724078087e+00
2.670840131628698799e+01 -4.113494984665871712e+00
2.671893577871338010e+01 -3.585325275784756016e+00
2.673321961752289155e+01 -3.055161727986957843e+00
2.668150323242079480e+01 -2.530768188102509697e+00
2.669855713917018392e+01 -1.992577373387224071e+00
2.669131845200182340e+01 -1.482023262157774468e+00
2.668174596930964526e+01 -9.554209011414442898e-01
2.670308059113151700e+01 -3.953474612162004576e-01
2.665985575700936039e+01 9.880536626403113587e-02
2.665202376503467718e+01 6.149886197778506869e-01
2.665778401235794348e+01 1.149365027676488182e+00
2.663788544370144962e+01 1.690849154629841422e+00
2.662026114095840512e+01 2.226975862663394423e+00
2.661712566768529342e+01 2.734123130269725976e+00
2.665774727842597969e+01 3.195754736433677579e+00
2.661888934095485126e+01 3.768653801182161089e+00
2.724103070703366569e+01 -4.104999854875631016e+00
2.725769313595545640e+01 -3.584404078763506973e+00
2.725983818720084884e+01 -3.045573327959308685e+00
2.724500411883456508e+01 -2.512084405173357737e+00
2.726485862070460087e+01 -1.977211051886857973e+00
2.724465619464297106e+01 -1.475321468585917728e+00
2.723093248202077632e+01 -9.451875564290688203e-01
2.723105061252272208e+01 -4.082674380230777444e-01
2.720983076478610485e+01 1.120742599347828161e-01
2.719435625951761182e+01 6.466178023517379359e-01
2.721510751085171620e+01 1.206666382982696462e+00
2.720682685847052795e+01 1.667761565319320738e+00
2.720730166001419548e+01 2.207242008282147339e+00
2.718846185036629493e+01 2.693366740874722609e+00
2.714823584353094077e+01 3.234132857226569513e+00
2.716993954099920217e+01 3.792689356481179885e+00
2.779666471223318069e+01 -4.093081608949983519e+00
2.777591553339988195e+01 -3.591483318884669984e+00
2.775408101022345875e+01 -3.066260336490177707e+00
2.779655992349990612e+01 -2.527217079299418856e+00
2.777718463808547966e+01 -1.971546779657657567e+00
2.779831002836095166e+01 -1.479170763600979654e+00
2.776925011235383778e+01 -9.398152506782899707e-01
2.775725885197769571e+01 -4.064462857977702015e-01
2.776809316134024641e+01 1.043530160898704651e-01
2.776037344949720165e+01 6.299961577836761251e-01
2.775360053243556280e+01 1.180499948452446546e+00
2.771879654515136338e+01 1.682257416256426552e+00
2.772377718945541858e+01 2.217417394887942095e+00
2.772734617531759937e+01 2.733060268347397681e+00
2.770542422432982477e+01 3.253196033258195285e+00
2.769413294356581901e+01 3.781511498218861789e+00
2.833528973833516318e+01 -4.090136406785413570e+00
2.836574063358402498e+01 -3.596361490297047325e+00
2.835049288377252452e+01 -3.059651757189316257e+00
2.833165029308344884e+01 -2.517148441095272915e+00
2.833583438538475008e+01 -2.000763755229023388e+00
2.833091689158782600e+01 -1.445667791006904679e+00
2.832226579287843293e+01 -9.385047388318561445e-01
2.830183857040611173e+01 -4.252874888249351670e-01
2.829649768646044805e+01 1.097962462472672485e-01
2.829845528968463952e+01 6.660754879465642375e-01
2.830576135198835175e+01 1.190369964111454237e+00
2.828873851576842213e+01 1.668798453054293418e+00
2.827773210841831286e+01 2.200998189830855267e+00
2.828489634213716641e+01 2.740655367156925593e+00
2.828275896959997482e+01 3.270312014766386000e+00
2.825950326113052569e+01 3.809758730099765955e+00
