1.064384511119192211e+01 -4.131044589825075164e+00
1.064224666447749712e+01 -3.615983136642379137e+00
1.060312170653317665e+01 -2.596582994356221974e+00
1.060707910408092047e+01 -2.047868446230648232e+00
1.061637967609796362e+01 -1.527949123312222213e+00
1.060073545036078713e+01 -1.010915241047058544e+00
1.058743076255035831e+01 -5.092008991069327806e-01
1.053574627287664711e+01 5.795044844963435082e-01
1.056974598128124754e+01 1.116054740177627735e+00
1.054917670397139773e+01 1.620931688674815518e+00
1.055584852165078757e+01 2.138683245744967820e+00
1.054673854391934995e+01 2.673860221516335400e+00
1.051788028026650323e+01 3.194315684703273206e+00
1.053738055105356963e+01 3.720270833405820099e+00
1.119709462165630143e+01 -4.144924250620746875e+00
1.117072650832968961e+01 -3.658163393763089744e+00
1.117270891486748852e+01 -3.110871782297662591e+00
1.116050913528603417e+01 -2.049738162654499263e+00
1.113158367323232767e+01 -1.532132261840544629e+00
1.112359977947601308e+01 -1.010109877729341576e+00
1.109413785254253781e+01 -4.854751138005042321e-01
1.110287301598449972e+01 2.966471335116338537e-02
1.110773463393310934e+01 5.865984592713004986e-01
1.109042658067474107e+01 1.617188252896582412e+00
1.106747825614614200e+01 2.166662422407334532e+00
1.109030105790235865e+01 2.667219782958127894e+00
1.108036514315097421e+01 3.222974858981089596e+00
1.104326039021135486e+01 3.730848105846263252e+00
1.171557181246569357e+01 -4.136407745640775957e+00
1.174564879858350963e+01 -3.635891765192708291e+00
1.170702174370939730e+01 -3.082499358394132472e+00
1.170926294281800395e+01 -2.576326541063224340e+00
1.168954010709861535e+01 -2.062572568186830324e+00
1.168537253990889369e+01 -1.540638454017020820e+00
1.167003898231633130e+01 -1.008862475711154616e+00
1.167396936554960973e+01 -4.808075173292323257e-01
1.164722309192244865e+01 4.057149698272510818e-02
1.165531479272797455e+01 5.489922564250129255e-01
1.163915145362704351e+01 1.084250115213073684e+00
1.162719822534008429e+01 1.636545889136616694e+00
1.162586786915067094e+01 2.164543268088028327e+00
1.161040278762997602e+01 2.670935938188865322e+00
1.162072739435734903e+01 3.223949729997162450e+00
1.160013887912354846e+01 3.742679757278054353e+00
1.225853973142700326e+01 -4.129954853744965959e+00
1.227691189275743611e+01 -3.619460049715627292e+00
1.225588877738308824e+01 -3.097325025483803174e+00
1.226061521395659781e+01 -2.568050112532848317e+00
1.225045028898163579e+01 -2.042744717832061241e+00
1.222619501543338671e+01 -1.528723752823932358e+00
1.222699080784043346e+01 -4.734418673205595951e-01
1.219435504132133730e+01 5.422615940412356395e-02
1.222139408797712079e+01 5.907563526045578328e-01
1.220879247819122071e+01 1.090081071794010370e+00
1.218766250753416358e+01 1.651205655957841856e+00
1.217462447142966653e+01 2.158731232403937383e+00
1.215694926766933293e+01 2.682442931736808589e+00
1.216404842618825555e+01 3.219364730367065164e+00
1.217341857805826066e+01 3.734294843167241140e+00
1.281986639421671015e+01 -4.148395978715546661e+00
1.280975056551352864e+01 -3.607639458208618422e+00
1.279121628652238485e+01 -3.054755627320249189e+00
1.281359170608308418e+01 -2.570103190320232045e+00
1.279351366692166181e+01 -2.035721117214279730e+00
1.278468874014831869e+01 -1.541206097548968756e+00
1.277995022857075114e+01 -9.850970746036651349e-01
1.276001627135283911e+01 -4.713148576973509307e-01
1.275756413042447335e+01 8.150268006695782219e-02
1.276228750943659307e+01 6.020424471702554570e-01
1.273903475082033765e+01 1.114860300097550549e+00
1.269997249774773707e+01 1.609666010617960552e+00
1.271017512932229465e+01 2.166033741841218330e+00
1.272076174047998265e+01 2.693374518238989879e+00
1.271776129159211521e+01 3.210054749672810459e+00
1.273278102388988486e+01 3.727751665771894096e+00
1.335723698317740116e+01 -4.168226802865570235e+00
1.333895351523868555e+01 -3.652454473018236669e+00
1.337277532533894941e+01 -3.104911474945639682e+00
1.335903003889445273e+01 -2.565734247375910826e+00
1.332082705316377158e+01 -2.049222245311124624e+00
1.334339538011790438e+01 -1.542791915318716178e+00
1.332629343283910117e+01 -9.895974127761562045e-01
1.332369951755612192e+01 -5.033715118447403825e-01
1.328398108708716308e+01 6.702420987431878530e-02
1.330885031789667039e+01 6.055358112723254749e-01
1.331134591217973551e+01 1.115236287418305494e+00
1.328054846592800331e+01 1.595316293943529473e+00
1.325778086860134408e+01 2.157492430523070936e+00
1.328423010984908004e+01 2.727110197846972284e+00
1.328705775974576397e+01 3.211409869659068050e+00
1.328483971026730259e+01 3.749635999746253390e+00
1.393284325399500645e+01 -4.161636954538822764e+00
1.391143210582205114e+01 -3.645879738361340827e+00
1.391857827843071505e+01 -3.099376376018385670e+00
1.389967395738826639e+01 -2.570527088775925506e+00
1.389458593148200194e+01 -2.040082927198390905e+00
1.388240747468443814e+01 -1.502424302492794794e+00
1.388732741375882895e+01 -9.726420633841854624e-01
1.388941378869431276e+01 -4.418201637964109807e-01
1.386689604756415406e+01 5.324569075263951845e-02
1.385409715971863776e+01 5.980203068541811717e-01
1.383733444438423277e+01 1.107357781076121483e+00
1.385069081067264563e+01 1.634461529266612700e+00
1.382542339140880472e+01 2.151965423843776648e+00
1.383093269103248346e+01 3.235233442255648129e+00
1.382453808156541797e+01 3.768407899433299235e+00
1.449774628396853515e+01 -4.139986423825281037e+00
1.448211698503457256e+01 -3.619633496725684907e+00
1.446228134218016947e+01 -3.105921820254222254e+00
1.442465691604990496e+01 -2.572372449102818592e+00
1.443558702903067825e+01 -2.042583963912399270e+00
1.444496674581049334e+01 -1.491615037632787022e+00
1.443505176729124884e+01 -9.692207126209204660e-01
1.440997973902384288e+01 -4.417321963764528903e-01
1.438677400113453331e+01 6.758252691524191391e-02
1.439325514498411707e+01 5.859223626674214813e-01
1.438994764112710456e+01 1.117761786627113452e+00
1.436557379973782744e+01 1.634584136818446609e+00
1.435733944956177766e+01 2.162245985542057269e+00
1.440241227679996072e+01 2.702617786506699815e+00
1.433448419290944997e+01 3.219335326089861837e+00
1.439023851411119281e+01 3.781881213573434763e+00
1.505810136036614821e+01 -4.150075067451126642e+00
1.501601956564575246e+01 -3.618110959583738406e+00
1.501517306252371498e+01 -3.112596217326981218e+00
1.499148664148341226e+01 -2.565793257047619846e+00
1.497795050709935083e+01 -2.010472998745232331e+00
1.497754332169114733e+01 -1.505496167222588610e+00
1.497211819963771973e+01 -9.918091969165594435e-01
1.495838409196229080e+01 -4.409600143910950010e-01
1.494323307838261172e+01 6.893700694726589973e-02
1.492800375255990275e+01 5.814916368174181116e-01
1.492788473478119116e+01 1.107409297448327834e+00
1.491123918525685710e+01 1.647869950046619181e+00
1.490511691555288110e+01 2.195648420351822949e+00
1.491098421522633544e+01 2.689202529704811440e+00
1.487604178163318025e+01 3.751815199003331713e+00
1.559774158222533202e+01 -4.164296313781498782e+00
1.555917349678012229e+01 -3.643832161073312648e+00
1.554974904237622724e+01 -3.114191688868126917e+00
1.553814601880646151e+01 -2.562996063272052538e+00
1.552387957139072938e+01 -2.047107145067812439e+00
1.552251171459379364e+01 -1.528521723249088637e+00
1.552614033239290947e+01 -9.750307938506530547e-01
1.549041310131326199e+01 -4.347738802706295758e-01
1.548653574345953032e+01 6.404986048769600870e-02
1.549793108369772199e+01 5.993607987527482805e-01
1.548529470996961521e+01 1.120749165162841621e+00
1.549622460259874757e+01 1.631601146629797938e+00
1.548771505663966153e+01 2.170458902490072006e+00
1.543709121047525556e+01 2.690423068193563694e+00
1.540809623198428113e+01 3.235453284766901305e+00
1.547885171060519482e+01 3.753407469699482135e+00
1.613567208688507293e+01 -4.160592119308653025e+00
1.610227507398406033e+01 -3.613258688005382524e+00
1.608848373834291579e+01 -3.089455139369679415e+00
1.610308715941912538e+01 -2.558952502763634840e+00
1.608730984612920878e+01 -2.021563639778822363e+00
1.606802753972939257e+01 -1.504404120161780156e+00
1.604260842626002059e+01 -9.775561391248572818e-01
1.603684834376090862e+01 -4.690161386429636536e-01
1.602949655838408916e+01 7.347982182918855187e-02
1.602095161593444317e+01 6.097209133774654788e-01
1.599997826200495865e+01 1.138199298713935548e+00
1.604515589684285715e+01 1.667090900174034829e+00
1.605100915319141208e+01 2.151357302224329970e+00
1.600067164804262276e+01 2.698009282311659263e+00
1.599136745594180908e+01 3.229606272884520735e+00
1.601147579250091368e+01 3.774513073656596163e+00
1.666063324814674473e+01 -4.124648261361183899e+00
1.664658079505285571e+01 -3.594576795365640010e+00
1.664139291134636522e+01 -3.070344132850118868e+00
1.662258523115043118e+01 -2.563447831221704831e+00
1.660526596571705582e+01 -2.031174855756443520e+00
1.660932626582584959e+01 -1.517752047124609760e+00
1.659138387078361276e+01 -9.639656034202168655e-01
1.659025716314728527e+01 -4.397090082383492415e-01
1.656846879455441979e+01 8.933380837932247687e-02
1.656470511944586121e+01 6.112342352281068258e-01
1.654572870437413457e+01 1.122305794681267344e+00
1.657178465582830995e+01 1.654848068712830411e+00
1.653307144542046458e+01 2.169672901478669758e+00
1.653171564337878863e+01 2.726495975362940527e+00
1.652482894364101540e+01 3.244834981647702676e+00
1.654773899824711236e+01 3.765008150035157541e+00
1.719929192337475143e+01 -4.121570724787371631e+00
1.718000044841917173e+01 -3.601694574110373637e+00
1.717544966996278788e+01 -3.073239399613271416e+00
1.716859981144569147e+01 -2.535201568344177758e+00
1.718134077571167850e+01 -2.022759628112734021e+00
1.713687463314336057e+01 -1.519125655987327406e+00
1.714731470466683660e+01 -9.655024095102930914e-01
1.714838364696865369e+01 -4.473253747207408537e-01
1.713477600114373800e+01 8.957253547407262317e-02
1.709721395500151431e+01 5.870295252322250690e-01
1.709843815022272295e+01 1.138016810716418803e+00
1.711619000969031035e+01 1.652712833990612751e+00
1.709498777804442327e+01 2.186661361881867549e+00
1.707597406968225684e+01 2.730890260575094430e+00
1.708399454050299937e+01 3.241309075900929315e+00
1.708418970574394891e+01 3.770978634709990729e+00
1.775679455565872189e+01 -4.126573313933361575e+00
1.773000118318315543e+01 -3.596017445899427400e+00
1.773065735318036218e+01 -3.057543599984116511e+00
1.771260768927781015e+01 -2.566110359596954993e+00
1.770124910592073775e+01 -2.039143796977420209e+00
1.766478751940145386e+01 -1.494989341831246321e+00
1.767390800309471288e+01 -9.712738680479198194e-01
1.767651390854403104e+01 -4.415155193006619072e-01
1.766407235828780742e+01 8.589791373450594847e-02
1.766246219262063732e+01 6.045430826245237199e-01
1.764398512488993731e+01 1.151105457304190338e+00
1.763426684296501179e+01 1.630870756504325669e+00
1.763647424996155522e+01 2.188528885944698743e+00
1.762993828918356698e+01 2.717748514534857662e+00
1.763138823995103621e+01 3.254559474090203963e+00
1.762749028057442402e+01 3.789562406429602959e+00
1.828087960249660782e+01 -4.115188392011489782e+00
1.826607650847534359e+01 -3.606249559469892674e+00
1.827876359538328188e+01 -3.075362146526449791e+00
1.826571615228778356e+01 -2.538929421252248630e+00
1.824197979482271137e+01 -2.035980342656941389e+00
1.825217651259477591e+01 -1.457140571084362790e+00
1.822198119216685797e+01 -9.602924184055581236e-01
1.819419845985526862e+01 -4.418749771190988440e-01
1.819520043926811681e+01 8.917483873763032420e-02
1.819564992777937462e+01 6.022560884444452256e-01
1.818844947131904277e+01 1.145192133084641739e+00
1.817409985385047833e+01 1.661228051083696755e+00
1.817241537916181926e+01 2.177818495071672800e+00
1.816578458896193027e+01 2.721466056209546736e+00
1.815519289225519373e+01 3.250920532701982779e+00
1.817683087887231608e+01 3.756213011401001722e+00
1.880403872691975664e+01 -4.117444955040028276e+00
1.880381335089362693e+01 -3.619112998307697282e+00
1.881625673365200058e+01 -3.069892666723429642e+00
1.878838625509558824e+01 -2.569974885797730479e+00
1.878873823693079714e+01 -2.027118068805130235e+00
1.878995953938396113e+01 -1.495293201131183025e+00
1.876535916425242689e+01 -9.727447812652840753e-01
1.876868529123957074e+01 -4.501718490732926625e-01
1.873920529705097593e+01 8.468733548081175400e-02
1.871889540081018666e+01 6.223097443896854486e-01
1.872317670949557566e+01 1.136577446778691325e+00
1.872736865355765090e+01 1.663787569726867588e+00
1.872211919815066494e+01 2.197461549944357273e+00
1.871323594215904507e+01 2.685574176786737155e+00
1.873739942767112510e+01 3.149097000608453101e+00
1.871748889363729518e+01 3.748061050190411692e+00
1.938625850260681105e+01 -4.146888532081845824e+00
1.935410448782606352e+01 -3.607940154633189067e+00
1.935826450056532622e+01 -3.088371676028067725e+00
1.932438330994352782e+01 -2.560638061383510689e+00
1.931465290706267623e+01 -2.037932307023329059e+00
1.931496042506034883e+01 -1.499979518128750300e+00
1.932499061504067228e+01 -9.736698252556621469e-01
1.930873649105082279e+01 -4.416662634397319209e-01
1.929117991347641592e+01 6.976207621678298665e-02
1.929481298623819185e+01 6.090516231458060759e-01
1.928429259515323935e+01 1.132290825811804069e+00
1.926184270523574682e+01 1.670785216814490326e+00
1.924283640579185928e+01 2.204166630937173466e+00
1.928279537495257756e+01 2.721949748317026518e+00
1.926646637237674398e+01 3.260238457490540753e+00
1.925666868233881246e+01 3.760372943505071675e+00
1.988002294102218670e+01 -4.146371832584371475e+00
1.990350821190888908e+01 -3.615922601762482813e+00
1.989640441775789981e+01 -3.095472987801931808e+00
1.990156699520119687e+01 -2.568568502965224098e+00
1.985782634713523365e+01 -2.038593094975571063e+00
1.987332834627680000e+01 -1.492542308800711481e+00
1.985931207997830228e+01 -9.707298040531533445e-01
1.983484216577937431e+01 -4.396246283068130367e-01
1.983601770658447805e+01 8.819392947360071844e-02
1.983281431221292479e+01 6.142162796284260651e-01
1.982436393379699879e+01 1.117937405291595354e+00
1.982313993113744388e+01 1.636635639285834998e+00
1.981182877267529818e+01 2.204901241630430775e+00
1.980051406546671444e+01 2.706548843071001187e+00
1.979965196237749936e+01 3.256781205834837323e+00
1.979049968735900222e+01 3.736998755925650784e+00
2.044983578870256480e+01 -4.140554526108225275e+00
2.044212641370337025e+01 -3.622359832214529618e+00
2.042954056209813274e+01 -3.095295438588967940e+00
2.041608757070997626e+01 -2.567540678844270730e+00
2.041006479615855085e+01 -2.006163250114138208e+00
2.041152728630456537e+01 -1.485491059110980672e+00
2.040050647462434341e+01 -9.674019208073545428e-01
2.038924341018935138e+01 -4.397211397525424559e-01
2.039285877606461383e+01 9.548297990544796221e-02
2.036976524490252771e+01 6.085107634402682208e-01
2.035692289786626219e+01 1.128253828759945065e+00
2.036600739833649598e+01 1.661431454513319750e+00
2.036607458583178598e+01 2.190771283926217450e+00
2.034134885178315599e+01 2.709924864278072221e+00
2.034872087365106097e+01 3.263473000326381879e+00
2.036090218673255592e+01 3.777836027635050442e+00
2.099958430316478797e+01 -4.140749026835729651e+00
2.096149512322294584e+01 -3.616948806160433350e+00
2.097516683179469510e+01 -3.077320741717862518e+00
2.097313284033114655e+01 -2.545786656134261250e+00
2.094126303983260584e+01 -2.035899779616340055e+00
2.093004230563765589e+01 -1.526656614721208172e+00
2.094159680662800582e+01 -9.724995986448838892e-01
2.091461392071092718e+01 -4.472857873556961295e-01
2.093771211222445316e+01 9.390541996286572157e-02
2.089486308949229709e+01 6.243025595417677209e-01
2.093014887238430077e+01 1.173822645243003393e+00
2.091640935394372036e+01 1.663536505513039998e+00
2.091698607525073328e+01 2.195846248353326757e+00
2.091066996075537787e+01 2.726041576557694412e+00
2.089979470105458148e+01 3.256308017002343291e+00
2.089678948189884267e+01 3.787097065204726221e+00
2.153582648484461970e+01 -4.143895620123920764e+00
2.150861972623147977e+01 -3.618142775176789172e+00
2.151704145637609855e+01 -3.075900745953532578e+00
2.149479987787574942e+01 -2.528181359120107885e+00
2.146471635090202312e+01 -2.035003929139104883e+00
2.150065256291831872e+01 -1.503141055480714527e+00
2.147270659358652267e+01 -9.839311968848996059e-01
2.146617631314203578e+01 -4.481145005428324168e-01
2.147420412415673496e+01 8.896327921816649109e-02
2.145727874057939033e+01 6.094960438292353899e-01
2.146593648279392141e+01 1.142162496242359992e+00
2.144791961963941418e+01 1.667041804056651699e+00
2.145396863848269930e+01 2.201760287147706663e+00
2.143847533892849100e+01 2.758489201678791858e+00
2.144356607265537917e+01 3.257409258140118169e+00
2.142560041286374428e+01 3.788420172169004729e+00
2.208831144473480634e+01 -4.139995455367458277e+00
2.206491506348262988e+01 -3.609536397124463392e+00
2.206189057329441283e+01 -3.082239581422635766e+00
2.203730280093841287e+01 -2.547593840619533978e+00
2.202117435737916651e+01 -2.030857952317571602e+00
2.203498906584511730e+01 -1.502934019622777839e+00
2.203127200695719523e+01 -9.588307563371252229e-01
2.201516246324752757e+01 -4.365214941110728830e-01
2.202249697924523986e+01 9.147916605030559367e-02
2.199467987418294967e+01 6.023651773890712491e-01
2.198079319347365157e+01 1.139827163379273145e+00
2.197962348329681959e+01 1.675434075957298319e+00
2.200149902549859604e+01 2.239324946992478971e+00
2.199724813703440418e+01 2.709947040053663159e+00
2.198254582407956548e+01 3.244965090720160816e+00
2.196645583450679595e+01 3.778724305601496525e+00
2.262032716930596621e+01 -4.142636507683896241e+00
2.259278178494115963e+01 -3.606444337974892278e+00
2.259140802604286336e+01 -3.074683925550520058e+00
2.257729457633800507e+01 -2.546323307313588913e+00
2.257414566914965803e+01 -2.028249964701341668e+00
2.257591583948167369e+01 -1.498401111885609538e+00
2.258382351425420609e+01 -9.653289804956273201e-01
2.255366401775040686e+01 -4.350333654775937475e-01
2.255201793231935170e+01 9.680095841001445933e-02
2.254561632653544478e+01 6.075012178949918962e-01
2.255219392246760890e+01 1.146520112478182085e+00
2.252608332260746238e+01 1.683661214587694133e+00
2.254386426870625115e+01 2.241296948270456113e+00
2.254248200434403060e+01 2.731030563270508082e+00
2.251097172683397929e+01 3.239133096213095087e+00
2.249922890414827492e+01 3.766600021888326211e+00
2.313960216094078248e+01 -4.149470885207611204e+00
2.314971353339653604e+01 -3.622949981326245350e+00
2.311328374326534885e+01 -3.093959216694994296e+00
2.312781847297382853e+01 -2.559806187672975852e+00
2.312763110456157278e+01 -2.040805233886622716e+00
2.311447160902720555e+01 -1.504406318506266160e+00
2.311088848330069823e+01 -9.765193774360731993e-01
2.312861160682455619e+01 -4.697261035460620349e-01
2.310275929945395035e+01 1.006594442244441723e-01
2.307129438351404360e+01 6.110414946523050617e-01
2.306586728588423796e+01 1.141575073014447383e+00
2.306720167099211238e+01 1.686457806156941075e+00
2.308638675338322344e+01 2.226892578821193069e+00
2.306882982767033496e+01 2.740276781275575502e+00
2.307583261688756693e+01 3.243973807065913206e+00
2.306655261249161981e+01 3.768975382104315486e+00
2.368861676893021695e+01 -4.146026834716291631e+00
2.366844316914649227e+01 -3.624194662692785229e+00
2.366108720047814984e+01 -3.078444742135483025e+00
2.368207517513987170e+01 -2.555972595782179724e+00
2.366681396361241951e+01 -2.027849623524453193e+00
2.364333524995284819e+01 -1.478898286389089378e+00
2.365252761277206872e+01 -9.507772609584073109e-01
2.363973154152928657e+01 -4.288713276785820483e-01
2.362717552840786084e+01 7.672734971576744556e-02
2.363262879590489263e+01 6.111773657733614584e-01
2.360427765773009412e+01 1.144503243290454719e+00
2.360679262648623933e+01 1.704050014982648520e+00
2.358645617926151772e+01 2.211603224449209648e+00
2.359790416968284177e+01 2.731790956011344917e+00
2.359478471355112816e+01 3.268612648513713026e+00
2.358375847112760937e+01 3.776105128589847482e+00
2.420793238294207583e+01 -4.162137487104050848e+00
2.422159366593751884e+01 -3.600834796411689354e+00
2.421117579032981126e+01 -3.090543698402658634e+00
2.420226256498614248e+01 -2.548433028750238805e+00
2.418627207980621563e+01 -2.014910939656761713e+00
2.417934790219765517e+01 -1.485258624082494094e+00
2.417405062787677394e+01 -9.633882112632363715e-01
2.417393501978851589e+01 -4.380463515858039614e-01
2.416176737147961262e+01 8.860048678365473052e-02
2.415605775576704417e+01 6.163013249092692547e-01
2.416256491035859000e+01 1.136906283195752820e+00
2.415909807742491466e+01 1.678540517593940962e+00
2.414849562471786726e+01 2.225780928963171590e+00
2.416643510840768982e+01 2.712473740343078532e+00
2.414113192738178526e+01 3.250157983528396244e+00
2.414199622547147328e+01 3.782631186447840577e+00
2.476240689098735714e+01 -4.143578295771785491e+00
2.475524526528389657e+01 -3.607802593687715387e+00
2.474838614552270855e+01 -3.084707185845356747e+00
2.474092841369576945e+01 -2.563502211263955388e+00
2.473253287177182358e+01 -2.012041618374720287e+00
2.472597773942108290e+01 -1.491407580215476258e+00
2.471999436042514020e+01 -9.734138972008743451e-01
2.468991618869758042e+01 -4.378268710816435316e-01
2.468525661196565579e+01 1.030265839462956023e-01
2.468762138703643672e+01 6.241490233746915806e-01
2.469300408720583562e+01 1.127493876465731404e+00
2.469565034815304472e+01 1.675914064286992300e+00
2.475785812421113263e+01 2.207050191482924362e+00
2.471215947101376287e+01 2.735796721963325240e+00
2.469168246049113691e+01 3.268887348699667683e+00
2.466641207815097658e+01 3.770202416057806261e+00
2.527797819834857762e+01 -4.144262316445724181e+00
2.528226043200764650e+01 -3.604527670165797559e+00
2.527964257959345673e+01 -3.079665046444198140e+00
2.527272896796043966e+01 -2.567907299456635428e+00
2.527179957676282385e+01 -2.015509420534534968e+00
2.525293471005633705e+01 -1.487166921494488037e+00
2.525637269978902566e+01 -9.682606121572554514e-01
2.525854168268048738e+01 -4.311226530009442115e-01
2.524804014975397592e+01 8.638192067086691850e-02
2.524657712182776237e+01 6.149629093217612308e-01
2.525334911578745078e+01 1.146168687663347896e+00
2.523402740435781055e+01 1.676603184719013484e+00
2.523322383066420826e+01 2.204348793223655179e+00
2.526618616400970296e+01 2.733975316899076802e+00
2.522632411669615493e+01 3.254911809049382043e+00
2.520725218103643783e+01 3.784523793794868141e+00
2.585066560056219487e+01 -4.140115790600967571e+00
2.581079314553856108e+01 -3.605881056662077810e+00
2.583078685551084419e+01 -3.080902493114558993e+00
2.580623538423066066e+01 -2.556790994796241279e+00
2.580362639038897044e+01 -2.023148888896045605e+00
2.578347322654053642e+01 -1.502154886610544082e+00
2.578128283746429616e+01 -9.645646543694184061e-01
2.579638325755103523e+01 -4.321775548031148162e-01
2.579702684695590875e+01 9.363157562975388259e-02
2.578727062486897381e+01 6.159145336430960072e-01
2.577679538017481065e+01 1.146187826149017042e+00
2.577747875169425384e+01 1.677275040815043639e+00
2.578724959031294617e+01 2.212001585787525926e+00
2.578022553692832020e+01 2.725971044103616236e+00
2.578200687732312701e+01 3.250506002063023203e+00
2.578500435691837112e+01 3.782125709088290932e+00
2.638332976102767446e+01 -4.133782697238077120e+00
2.633801277577838817e+01 -3.643658267277210427e+00
2.635839381039647122e+01 -3.075674936789928537e+00
2.633793398356778681e+01 -2.555727835852426466e+00
2.635414600985718891e+01 -2.028217032259149732e+00
2.637080435634442921e+01 -1.505675214305501441e+00
2.635926849816292616e+01 -9.545354282072970875e-01
2.633582101260007136e+01 -4.247187332476585198e-01
2.633831387323743911e+01 9.198315674465362690e-02
2.631077979414984469e+01 6.259045377562202361e-01
2.631428949021573516e+01 1.137006911291567945e+00
2.633006829812273253e+01 1.687291541061060940e+00
2.631695507753166652e+01 2.206727760523421011e+00
2.629463486290377716e+01 2.715705765388534587e+00
2.628951965528750634e+01 3.244191445534521989e+00
2.629229310686363874e+01 3.790603607286445964e+00
2.689539199739638065e+01 -4.140619752597677561e+00
2.690249424545672952e+01 -3.614015198666198359e+00
2.690899638252718518e+01 -3.091123009474042505e+00
2.689672564799190013e+01 -2.560831238516517061e+00
2.689935158303730134e+01 -2.017836573933958988e+00
2.689697151823349230e+01 -1.514141791642909851e+00
2.688952813017657917e+01 -9.756964454932308684e-01
2.690032579487107256e+01 -4.202847278170764866e-01
2.687023717370087894e+01 8.430377842989500436e-02
2.687793507704540730e+01 6.066509133683304356e-01
2.688012826932066446e+01 1.138902478789738382e+00
2.685940921735120668e+01 1.678179975328731643e+00
2.684010751565688224e+01 2.218630873781851420e+00
2.685181437503769075e+01 2.744441204952146052e+00
2.685733836120175511e+01 3.233752012862488812e+00
2.684139032515360412e+01 3.789969668837386507e+00
2.742985175503466877e+01 -4.147288827547265910e+00
2.744041746827983985e+01 -3.623825112230862899e+00
2.744285396937505084e+01 -3.088074995955500057e+00
2.743256560468874738e+01 -2.547719488751376105e+00
2.744722318081842616e+01 -2.008338590664749290e+00
2.743226826160363885e+01 -1.503554436323717880e+00
2.742157085268347316e+01 -9.654563018430977195e-01
2.742738313589580912e+01 -4.257851140488781994e-01
2.740993166050352414e+01 9.861837247581917154e-02
2.740789869671225887e+01 6.319465386054154976e-01
2.742965050911693226e+01 1.174231128960798287e+00
2.741408645396163735e+01 1.670380520148107450e+00
2.740764521022518352e+01 2.211387589337743265e+00
2.739810441813570208e+01 2.709622746366580515e+00
2.737670165522217758e+01 3.245027072284436542e+00
2.738146513107692925e+01 3.808485154341894940e+00
2.797389775749213925e+01 -4.125316625409562121e+00
2.795939755290653750e+01 -3.622743236712672399e+00
2.794984416927853488e+01 -3.098629609852451949e+00
2.797622789660942288e+01 -2.554683969357107287e+00
2.795775437624719473e+01 -2.019613933951251994e+00
2.798840632324092326e+01 -1.496695971903307054e+00
2.796628344153856460e+01 -9.673493718152208487e-01
2.795707437501758363e+01 -4.401314281777857218e-01
2.795815005497511407e+01 8.909209424029640445e-02
2.795334293931075109e+01 6.251965839251489854e-01
2.795811371641686804e+01 1.164412268908996850e+00
2.793449256901020306e+01 1.682163410283184390e+00
2.792288478713104638e+01 2.220817768516230473e+00
2.793226695435881624e+01 2.744045112870381331e+00
2.792542277714070309e+01 3.268694279391709756e+00
2.791426681413766175e+01 3.792849476424308364e+00
2.850914053673645299e+01 -4.131640815074016260e+00
2.853270278664840021e+01 -3.628090772503597350e+00
2.852398988879881614e+01 -3.073472649849577465e+00
2.851024738419992133e+01 -2.542000262762822871e+00
2.850197439119867937e+01 -2.023186548340031976e+00
2.851476910170986656e+01 -1.479642752894797297e+00
2.849878481152139642e+01 -9.587830294448274060e-01
2.848804628523167537e+01 -4.388209921621104570e-01
2.848978717771586133e+01 9.757452650566023067e-02
2.849466914932325778e+01 6.506357895519094825e-01
2.849212011783879461e+01 1.162071667069248804e+00
2.848060381922663709e+01 1.668007604052757387e+00
2.847019066842542401e+01 2.199261401014730666e+00
2.848820742195897537e+01 2.733339669200731237e+00
2.848422676871454939e+01 3.273696501933265779e+00
2.846671357988864060e+01 3.820989711423312229e+00
