1.058028402129006196e+01 -4.128529725753670832e+00
1.057526098403937809e+01 -3.611159290836889468e+00
1.053516997181447579e+01 -2.596829738588603220e+00
1.053808469545822035e+01 -2.048389307046580399e+00
1.054944934270809398e+01 -1.532771493455381773e+00
1.053277126981496892e+01 -1.016099442016344057e+00
1.051629001347625803e+01 -5.144913761440115252e-01
1.046365952510974395e+01 5.722508399246741817e-01
1.049820138364429667e+01 1.111459172942925733e+00
1.047765397992845493e+01 1.618986345309792796e+00
1.048628155701690545e+01 2.129450349305130885e+00
1.047256787670808720e+01 2.666917441018149759e+00
1.044191155872283261e+01 3.185496058317376367e+00
1.045682388547309571e+01 3.712839433135403766e+00
1.113620768535344396e+01 -4.141288196433110969e+00
1.110743040873836662e+01 -3.659435408992315786e+00
1.110942113391471153e+01 -3.110308227340228271e+00
1.109370896712114885e+01 -2.050295833524049982e+00
1.106493126201875299e+01 -1.532660180297941821e+00
1.105527403692700972e+01 -1.013369605838821741e+00
1.102319107723910818e+01 -4.880789193368038070e-01
1.103387054252525701e+01 2.480310808178742832e-02
1.103704636391285376e+01 5.831980931298517135e-01
1.102078883752118088e+01 1.611451545072274172e+00
1.099962820894343096e+01 2.157463874847028507e+00
1.101744272495315968e+01 2.659371734527255171e+00
1.100483769286322655e+01 3.213682229301692672e+00
1.096972814087632386e+01 3.719906612413353741e+00
1.165500933594764277e+01 -4.133400090900751778e+00
1.168475754194583160e+01 -3.634547985177333018e+00
1.164387754733366975e+01 -3.083532063551455593e+00
1.164771614188507698e+01 -2.575579122254190167e+00
1.162546261814680904e+01 -2.064485812512781848e+00
1.161839526685981383e+01 -1.543769021420711596e+00
1.160233040740932609e+01 -1.009637377162565741e+00
1.160771868519373484e+01 -4.859659135855807222e-01
1.158075236430429200e+01 3.445200135827164445e-02
1.158730417564230564e+01 5.446733821743201531e-01
1.157078457797163296e+01 1.077361266092168535e+00
1.155662958248904459e+01 1.630226740221182524e+00
1.155535695746583258e+01 2.156942794579737921e+00
1.154007511965414068e+01 2.663208755973940356e+00
1.155039177307810050e+01 3.213379914262095127e+00
1.152636685002025985e+01 3.731135075357705944e+00
1.219929209495758826e+01 -4.127612704577783731e+00
1.221694957570859685e+01 -3.617736854459526086e+00
1.219398633900507178e+01 -3.096698503782210565e+00
1.219992458249726397e+01 -2.567308035471249639e+00
1.218877824262217402e+01 -2.043378662870548368e+00
1.216400939626006661e+01 -1.530068967189876616e+00
1.216084058895856401e+01 -4.758906924312142905e-01
1.213079437207435518e+01 5.081539125349010533e-02
1.215651458716298094e+01 5.919370194564521626e-01
1.214361652346827469e+01 1.083930240271076428e+00
1.211801581097484259e+01 1.646727709388130734e+00
1.210546624398458704e+01 2.152006322021634332e+00
1.208709381759286927e+01 2.675352068686422058e+00
1.209368046567967170e+01 3.210178208819428392e+00
1.210306233013738719e+01 3.727178753556287916e+00
1.276277274925877592e+01 -4.145085194193779188e+00
1.275437365134873247e+01 -3.603891621112119026e+00
1.273541425757163736e+01 -3.049799472236541575e+00
1.275349171050676134e+01 -2.569707637311868353e+00
1.273047070048129470e+01 -2.035105944018564372e+00
1.272307854967915475e+01 -1.544361741757249717e+00
1.271796793446417340e+01 -9.877497033124562620e-01
1.269397621401039089e+01 -4.728795716563887197e-01
1.269214359237353662e+01 7.978963790866799854e-02
1.269727466449342401e+01 5.991860562234947452e-01
1.267233662352085588e+01 1.111665892111989962e+00
1.263462046895612900e+01 1.605583917110713799e+00
1.264306911489018503e+01 2.160291137716747301e+00
1.265235015577050603e+01 2.685430126907473181e+00
1.264911552436750597e+01 3.199910288737196851e+00
1.266234120028467203e+01 3.721348735861219836e+00
1.330279973620643119e+01 -4.166062669050363709e+00
1.327036984881532788e+01 -3.656241574513302339e+00
1.331680333966815155e+01 -3.106106595883762367e+00
1.330206032863561916e+01 -2.564681763193540576e+00
1.326173421588277890e+01 -2.048668677094774182e+00
1.328304896719164319e+01 -1.544170588952841427e+00
1.326626196826015303e+01 -9.919451806994104004e-01
1.326098851280888269e+01 -5.055027767039099729e-01
1.322149717937601565e+01 6.552325014419579929e-02
1.324557867838753467e+01 6.029698980250586260e-01
1.324883874323339938e+01 1.112719529745248792e+00
1.321409645151177159e+01 1.587744227578674838e+00
1.318906668185048403e+01 2.151880886028720852e+00
1.321689781720463230e+01 2.718773893066341429e+00
1.322177959081134091e+01 3.204702645953190654e+00
1.321956915883739114e+01 3.743418626285084372e+00
1.388158781271570064e+01 -4.158201752293880560e+00
1.385809684291487542e+01 -3.644654898920645536e+00
1.386476867762213061e+01 -3.097492763498017609e+00
1.384496910325946928e+01 -2.569202736583442004e+00
1.383998048151741500e+01 -2.040162701440991100e+00
1.382437441538558076e+01 -1.504240043973144481e+00
1.382822736861130153e+01 -9.742577625230346428e-01
1.383191124164827457e+01 -4.422436885370153448e-01
1.380515918379463258e+01 5.237415630978503600e-02
1.379370723336455029e+01 5.948523947316850524e-01
1.377505973424397823e+01 1.101810714953010972e+00
1.379114156737887598e+01 1.628434813507048773e+00
1.375933454209491202e+01 2.143304976438809462e+00
1.376800033301957882e+01 3.228347664672480022e+00
1.376014647706066896e+01 3.761898926509765317e+00
1.444952316504658185e+01 -4.136649218028622954e+00
1.443185174982416186e+01 -3.615574543546998143e+00
1.441010867690003039e+01 -3.103822414323445855e+00
1.437058375171697833e+01 -2.572290587144429708e+00
1.438037872906085468e+01 -2.043065311188922095e+00
1.438991563993027256e+01 -1.490651645706272177e+00
1.437811068959041805e+01 -9.695003262211621120e-01
1.435177358609997000e+01 -4.417994842574763936e-01
1.432816086654491627e+01 6.427876270571530881e-02
1.433366068564336970e+01 5.820258879474735636e-01
1.432973923012352913e+01 1.112122954460016189e+00
1.430196452082672565e+01 1.626321337870198391e+00
1.429486919212226681e+01 2.152627850924528019e+00
1.434180631214040602e+01 2.696171099936709226e+00
1.427262586887013285e+01 3.212909196125394828e+00
1.433055076087071811e+01 3.776090980026168609e+00
1.501373074799472462e+01 -4.146942892529011715e+00
1.496732931133894695e+01 -3.616484561761581062e+00
1.496850907352906646e+01 -3.109644134433921181e+00
1.494076064228467970e+01 -2.564815996753907257e+00
1.492532489795834749e+01 -2.009751364288252518e+00
1.492364940407782115e+01 -1.505086672980379348e+00
1.491610489775325732e+01 -9.929521408703578800e-01
1.490027298944001544e+01 -4.408806915076297628e-01
1.488595324608025550e+01 6.572799367041426422e-02
1.487032739932821812e+01 5.778349267634084185e-01
1.486887929877284265e+01 1.103232109956152840e+00
1.485383225786076622e+01 1.642311673496777757e+00
1.484723836616178261e+01 2.188955311955414373e+00
1.485278990112626474e+01 2.682199318059087290e+00
1.481531503920653492e+01 3.745202440991274528e+00
1.555428180529592197e+01 -4.161334332986339035e+00
1.551480264155737032e+01 -3.641742628453794595e+00
1.550238975693190113e+01 -3.112290464249202415e+00
1.548883263251427067e+01 -2.561423959124180527e+00
1.547305851027402568e+01 -2.046498576442058237e+00
1.547109860555717020e+01 -1.529664049275009319e+00
1.547713281075225922e+01 -9.733545347987551111e-01
1.543380885543237468e+01 -4.366187781721393435e-01
1.542832898720634560e+01 6.189872170246246696e-02
1.544310401101055064e+01 5.962888528638288221e-01
1.542870946866482029e+01 1.116175837856566488e+00
1.543824473341810233e+01 1.627371430266315144e+00
1.542863129956850798e+01 2.165740642566156282e+00
1.537837778209587825e+01 2.683902760024174938e+00
1.534675562741664123e+01 3.228558494698727799e+00
1.541886696306636040e+01 3.746542610240304327e+00
1.609141040410301926e+01 -4.157723872485446392e+00
1.605684935135875691e+01 -3.608714711303145251e+00
1.604043872464196951e+01 -3.086465666197838686e+00
1.605473147843607507e+01 -2.555532522250615557e+00
1.603953309377804359e+01 -2.019189821465772638e+00
1.601789166066770420e+01 -1.504089183637990601e+00
1.599054648598761119e+01 -9.780790226875595295e-01
1.598499642208358296e+01 -4.692224285269261941e-01
1.597767249359738884e+01 6.838847100528155920e-02
1.596621882458240904e+01 6.069024854188569407e-01
1.594564516592586045e+01 1.135503817417038874e+00
1.598840547144956403e+01 1.662118773575979702e+00
1.599346105476087487e+01 2.146512598859828813e+00
1.594094471207730024e+01 2.692382099422292896e+00
1.593231190602885405e+01 3.223783783133171710e+00
1.595011925969599886e+01 3.772638231535974995e+00
1.661674732055862691e+01 -4.119683013066829602e+00
1.660166556701658891e+01 -3.590350159460790280e+00
1.659638949376171624e+01 -3.067111784951888964e+00
1.657614842429153867e+01 -2.559533347493477606e+00
1.655913142530083348e+01 -2.029049308448914957e+00
1.656078581346212175e+01 -1.517522742741562070e+00
1.654012115520713522e+01 -9.630037280821106549e-01
1.653998154355434735e+01 -4.392697891737675775e-01
1.651587069278577857e+01 8.707972375838224366e-02
1.651182751756233102e+01 6.084273620429669904e-01
1.649261292056789685e+01 1.118323672163597848e+00
1.651840777203483768e+01 1.654928603882606097e+00
1.647866219443141489e+01 2.164354361917716574e+00
1.647573854874883637e+01 2.721455938629620874e+00
1.646632287834202302e+01 3.239906614611786750e+00
1.649142343516499665e+01 3.759102897636314111e+00
1.715691118107833546e+01 -4.115844921078631202e+00
1.713619971878395276e+01 -3.596886029875115298e+00
1.712931623029169259e+01 -3.067856881280382808e+00
1.712369732777377251e+01 -2.533135715420900880e+00
1.713420044297736666e+01 -2.020181185029226612e+00
1.708906865638770967e+01 -1.518007431630270077e+00
1.709802522071245789e+01 -9.657316732258784953e-01
1.710053204183168063e+01 -4.480554941105268085e-01
1.708442990417920626e+01 8.838872013424392549e-02
1.704581991887921788e+01 5.853458439705008232e-01
1.704677673230776591e+01 1.134705527702724481e+00
1.706341847245861842e+01 1.649673385182971685e+00
1.704092688323824945e+01 2.183161454202309670e+00
1.702165623941482053e+01 2.726684977644474372e+00
1.702940843795771286e+01 3.235932577459475823e+00
1.702912814042395340e+01 3.765983270460356636e+00
1.771678619126554821e+01 -4.121084390385725271e+00
1.768921877420170574e+01 -3.590246832660717757e+00
1.768767758584257521e+01 -3.052841126443478714e+00
1.767077170225618232e+01 -2.564095722770900920e+00
1.765607307974947204e+01 -2.037370762841309357e+00
1.761730683245720641e+01 -1.494475796059379746e+00
1.762690275902985704e+01 -9.709597028998615542e-01
1.762890833522433454e+01 -4.412649733063886970e-01
1.761461712421412784e+01 8.482346432434439976e-02
1.761315665998911939e+01 6.027770922855530955e-01
1.759352992887258438e+01 1.148419287011869017e+00
1.758159443263402011e+01 1.627895977673325945e+00
1.758366859812826988e+01 2.186109582796262885e+00
1.757824737338814813e+01 2.713794474645801813e+00
1.757819009614907557e+01 3.249979431543785324e+00
1.757392659328358420e+01 3.785134205286482256e+00
1.824184193641403695e+01 -4.108801562609931679e+00
1.822451462736067640e+01 -3.600148053378040558e+00
1.823736678151842483e+01 -3.070902104742110339e+00
1.822330939126452520e+01 -2.534863258839983757e+00
1.819675445421441751e+01 -2.035087598801762709e+00
1.820561268210272488e+01 -1.457717913559662293e+00
1.817601108389090570e+01 -9.593588170191331699e-01
1.814642135534259992e+01 -4.420599613274376338e-01
1.814621787304934486e+01 8.874497512539747390e-02
1.814681974432564004e+01 6.009646192092219508e-01
1.813878070754203264e+01 1.143524410013345260e+00
1.812301104644163274e+01 1.657957029775644742e+00
1.811972370197427651e+01 2.174932721340631758e+00
1.811428018444517463e+01 2.717260213146673209e+00
1.810193116149372017e+01 3.245958015929339524e+00
1.812414216131919176e+01 3.750512528160545145e+00
1.876455380374314785e+01 -4.112723887990442861e+00
1.876569269192607692e+01 -3.612911665681808771e+00
1.877486848146092058e+01 -3.064797367054969968e+00
1.874743101448020255e+01 -2.567298795327999983e+00
1.874616406694709170e+01 -2.026293532474465309e+00
1.874680964524178250e+01 -1.493541623380021832e+00
1.872139710978836646e+01 -9.728377425970933245e-01
1.872277036222546798e+01 -4.494050022023898805e-01
1.869236855291953603e+01 8.385405533182677118e-02
1.867278142350740566e+01 6.207366709642521130e-01
1.867494115092420159e+01 1.135697494633678417e+00
1.867822765503223081e+01 1.661603382521661842e+00
1.867236158676676183e+01 2.194209813704343759e+00
1.866229060209491664e+01 2.681133339206812849e+00
1.868890790019560910e+01 3.139806068738991485e+00
1.866692299240893860e+01 3.741903513657906188e+00
1.935250992865165642e+01 -4.135401111017895204e+00
1.931658968863684578e+01 -3.604187984273332646e+00
1.931895449993596969e+01 -3.084341678503960793e+00
1.928513245094928763e+01 -2.557941366348497780e+00
1.927371611627908621e+01 -2.036473644166186148e+00
1.927319154946459534e+01 -1.497866328690321325e+00
1.928272308342792485e+01 -9.729109472738350917e-01
1.926505547444853050e+01 -4.411684050418465119e-01
1.924598906427918266e+01 6.860598485008750913e-02
1.924943758489125401e+01 6.084955643894716104e-01
1.923740118773659802e+01 1.129706333716836042e+00
1.921429340471025782e+01 1.668617114492050746e+00
1.919485968128801545e+01 2.201121325725935662e+00
1.923602469574080942e+01 2.718402673151352644e+00
1.921758210933310096e+01 3.253077341039304571e+00
1.920733716407388059e+01 3.754937897589542217e+00
1.984482113912699575e+01 -4.140964413687608925e+00
1.986749041139928096e+01 -3.612159710476463559e+00
1.985945624179095859e+01 -3.091464956897667093e+00
1.986449690807558000e+01 -2.565769486449948289e+00
1.981845462754581888e+01 -2.038156182665655791e+00
1.983143399417500063e+01 -1.491050357770507873e+00
1.981809031757277140e+01 -9.691037579706467398e-01
1.979156524310677767e+01 -4.402477454945170621e-01
1.979268125476533058e+01 8.779749670012648721e-02
1.978913255235866941e+01 6.130220816462959021e-01
1.978031755677614001e+01 1.116758040611202318e+00
1.977410961109205445e+01 1.641742125258549123e+00
1.976615125296829945e+01 2.202298350321605369e+00
1.975251860679440341e+01 2.701663880876331802e+00
1.975156788946264541e+01 3.252203796323971829e+00
1.974187783402154039e+01 3.731274836475041212e+00
2.041540026748323555e+01 -4.136066242793772219e+00
2.040637879543712785e+01 -3.616743485695810278e+00
2.039315033385965847e+01 -3.091328086844647771e+00
2.037916303406642982e+01 -2.564446300498232745e+00
2.037224189376803452e+01 -2.003690435276070048e+00
2.037080909683765384e+01 -1.483687647867366621e+00
2.036047515184296230e+01 -9.667397690692105527e-01
2.035006069707596765e+01 -4.386569183980491005e-01
2.035188034807467261e+01 9.603517076398659924e-02
2.032907638573845333e+01 6.092173452244828979e-01
2.031451707036678656e+01 1.127392546888014380e+00
2.032069754411314477e+01 1.658563800411258171e+00
2.032164589745983463e+01 2.187589310388961650e+00
2.029688032455699087e+01 2.706613096061094126e+00
2.030347245152675839e+01 3.260373937349609008e+00
2.031397289070318735e+01 3.773229866829918677e+00
2.096684472276051281e+01 -4.136267672552099484e+00
2.092673170392802717e+01 -3.611542060117095332e+00
2.093985528424008180e+01 -3.073158942648987590e+00
2.093955562917346924e+01 -2.542634349851187636e+00
2.090487605484838696e+01 -2.034856119698918775e+00
2.089049567440443411e+01 -1.523236007976045414e+00
2.090266935233984213e+01 -9.716933119833441879e-01
2.087564652095695550e+01 -4.462828734689097132e-01
2.089732525709193567e+01 9.469273560155855307e-02
2.085318767279436969e+01 6.248826190735670139e-01
2.088912881879378602e+01 1.172165703968090611e+00
2.087419417378223585e+01 1.661691678615365930e+00
2.087368509532051775e+01 2.192774719626431335e+00
2.086697616782656439e+01 2.723357721964749345e+00
2.085512532993941903e+01 3.252458762654494961e+00
2.085160691397783239e+01 3.782973163022422369e+00
2.150411064495038715e+01 -4.138211959129732165e+00
2.147420093632700144e+01 -3.611493859283802621e+00
2.148315504733118075e+01 -3.073164993629010411e+00
2.146268704452646148e+01 -2.527345598783597325e+00
2.142926371483488879e+01 -2.034654736462321978e+00
2.146330189002468103e+01 -1.502377252175339351e+00
2.143223657471995836e+01 -9.820300681234463980e-01
2.142728389681114720e+01 -4.483680080120358014e-01
2.143354863763808993e+01 8.913409899832558381e-02
2.141717868595917906e+01 6.081755292413362213e-01
2.142662686093932933e+01 1.140483371542725166e+00
2.140712457104298494e+01 1.664732708341411183e+00
2.141240903100095494e+01 2.199459237735599260e+00
2.139873819913571396e+01 2.754833112038262755e+00
2.140020013121936415e+01 3.253456771567798000e+00
2.138299711561808891e+01 3.783562069540312933e+00
2.205761704865504669e+01 -4.135272089312314492e+00
2.203346926218107882e+01 -3.604711689630450522e+00
2.202814394648132179e+01 -3.077987563718215469e+00
2.200230236952145191e+01 -2.543431117157986421e+00
2.198649278882688662e+01 -2.027474348619257682e+00
2.199931591942988973e+01 -1.500546934738231641e+00
2.199552160412384438e+01 -9.588877558840245285e-01
2.197794638946216139e+01 -4.368814741734290408e-01
2.198399144927294202e+01 9.006925650488994961e-02
2.195612562512928179e+01 6.010988560680630144e-01
2.194121291745577906e+01 1.139017803385474537e+00
2.194003263765126377e+01 1.674194283681444517e+00
2.196214208574767213e+01 2.237735212970946463e+00
2.195687888417733546e+01 2.701790737824477873e+00
2.194164136247542274e+01 3.239570487435489810e+00
2.192438337531085324e+01 3.774506886332044786e+00
2.259066395993291820e+01 -4.138214552148678393e+00
2.256100791609451051e+01 -3.601872223512271987e+00
2.255936639444959724e+01 -3.070017348364297405e+00
2.254491877409532918e+01 -2.542242308126489547e+00
2.253831306704596216e+01 -2.026426843337844730e+00
2.253942670356277489e+01 -1.497085775366798543e+00
2.254855673706364172e+01 -9.639608537517680986e-01
2.251751017609893069e+01 -4.355652160418230778e-01
2.251488656921858933e+01 9.589858766186765138e-02
2.250683495174310167e+01 6.061595093096201481e-01
2.251422573622350143e+01 1.145564726847407400e+00
2.248727392784664403e+01 1.681611311288182975e+00
2.250577521635287326e+01 2.240447874450797627e+00
2.250215158704897078e+01 2.725637599883818041e+00
2.247061965326176391e+01 3.234442672905363025e+00
2.245951503813736139e+01 3.764352047677036239e+00
2.310869555215367654e+01 -4.143206632869041783e+00
2.311840538404350553e+01 -3.617990405593797476e+00
2.308112068575631071e+01 -3.090515292466236019e+00
2.309589770457714764e+01 -2.556352427440373276e+00
2.309516784459321315e+01 -2.034592235535843230e+00
2.308084713818201550e+01 -1.504452533539673453e+00
2.307554224173151169e+01 -9.748277565915834941e-01
2.309344447753683482e+01 -4.665110950040762816e-01
2.306542550681073322e+01 1.009323035170801575e-01
2.303465045834517611e+01 6.103612565335332363e-01
2.302915208714362194e+01 1.140988454058362578e+00
2.303071697469334111e+01 1.682365807094747368e+00
2.305057732407606608e+01 2.225393965200769486e+00
2.303086572975175983e+01 2.738509281154957620e+00
2.303664118324320498e+01 3.242265665623449422e+00
2.302677675796228129e+01 3.765454256382373188e+00
2.366106953383787470e+01 -4.141046550149052763e+00
2.364100497866688499e+01 -3.617390191965656143e+00
2.362795521263248588e+01 -3.071932146412017062e+00
2.364965306631197706e+01 -2.551332938140472351e+00
2.363475702056913264e+01 -2.024010221826930689e+00
2.360919256061272620e+01 -1.475980981965324901e+00
2.361593670238161735e+01 -9.484346745068137352e-01
2.360579013244917945e+01 -4.275514553465669110e-01
2.359195866400828834e+01 7.774621751106991496e-02
2.359512968728903815e+01 6.113815483283318031e-01
2.356796970651205925e+01 1.144135194077296802e+00
2.357091052055355362e+01 1.703057804452498658e+00
2.355062819712285460e+01 2.210964767722213509e+00
2.356000892675675118e+01 2.730495022498246271e+00
2.355714337277996862e+01 3.265707629071453511e+00
2.354560214377646332e+01 3.771067838509981840e+00
2.417856656919293101e+01 -4.157787509680948901e+00
2.419277377807105722e+01 -3.594636731753833914e+00
2.418137652299539297e+01 -3.085083107789845513e+00
2.417124973820713052e+01 -2.540545565538764095e+00
2.415472265749938430e+01 -2.011871660312355203e+00
2.414779399982047181e+01 -1.483140911491872771e+00
2.413959310764793287e+01 -9.611704359525887753e-01
2.413968184389428728e+01 -4.364084329408051133e-01
2.412104248648187621e+01 9.192473077976615059e-02
2.412052316606084901e+01 6.154795730318731728e-01
2.412570795800387913e+01 1.135486291104715662e+00
2.412213434195395223e+01 1.678175775852722040e+00
2.411393267153594167e+01 2.225405289304774215e+00
2.412984888846911957e+01 2.709347537152140717e+00
2.410365432996592716e+01 3.248421112256771437e+00
2.410487081066825965e+01 3.779181822799447588e+00
2.473491972778253967e+01 -4.136207012816074169e+00
2.472723226601758739e+01 -3.600131097381455092e+00
2.471895369292279554e+01 -3.081434452038637417e+00
2.470964916173969073e+01 -2.557619779480003075e+00
2.470012200616540099e+01 -2.008505834462319228e+00
2.469437490098346188e+01 -1.488427838544840398e+00
2.468704209391647453e+01 -9.708410219937633201e-01
2.465556512543478362e+01 -4.352423580653663748e-01
2.465099880157942636e+01 1.048549373772260651e-01
2.465309480695502486e+01 6.251621557552446973e-01
2.465855259910288311e+01 1.126926842599459633e+00
2.466075423726691440e+01 1.675200392400579830e+00
2.472230165515605904e+01 2.207191651983112735e+00
2.467612824763948964e+01 2.734435157706830211e+00
2.465541956129658985e+01 3.266227386728807858e+00
2.463030136455108732e+01 3.767418837351442562e+00
2.525171853397176136e+01 -4.139773428810789468e+00
2.525539822402460288e+01 -3.598656204132035796e+00
2.525240678324586696e+01 -3.075726121742277996e+00
2.524447943978375264e+01 -2.560274423006685396e+00
2.524153054640559901e+01 -2.011405599214270978e+00
2.522335124094929881e+01 -1.483968372791526491e+00
2.522484554788060507e+01 -9.641873362760726707e-01
2.522499693952089928e+01 -4.273106022426844675e-01
2.521621575385724867e+01 8.875665710656122087e-02
2.521380775380980310e+01 6.158961105275899683e-01
2.521937991054205241e+01 1.146233011998692319e+00
2.520035496530379504e+01 1.676212702699736212e+00
2.519882604787994040e+01 2.205276475776518197e+00
2.523291842783668670e+01 2.732834776462848225e+00
2.519157456311316423e+01 3.250791680774447912e+00
2.517410503108320796e+01 3.780503022084261033e+00
2.582596899258536638e+01 -4.134148625856399306e+00
2.578504288340523232e+01 -3.598451913116877066e+00
2.580512830050782469e+01 -3.075893376760058473e+00
2.577790007720287235e+01 -2.552877007070666338e+00
2.577530331378253692e+01 -2.020997312407327939e+00
2.575336517257741065e+01 -1.498408105049890082e+00
2.575045612892113667e+01 -9.626264921086544746e-01
2.576562021410966707e+01 -4.314694480331446869e-01
2.576532081996146673e+01 9.513330526921848218e-02
2.575490712149719741e+01 6.168129779262976342e-01
2.574310425526859802e+01 1.146500943828311136e+00
2.574573347629806364e+01 1.676331916904292285e+00
2.575393293205959822e+01 2.212183198846286558e+00
2.574590224980123310e+01 2.725876334691466951e+00
2.574736091938530791e+01 3.249322398803638379e+00
2.575022210698276126e+01 3.779429711954897186e+00
2.635525780233138704e+01 -4.126279789328197722e+00
2.631111104946842971e+01 -3.636406751378066460e+00
2.633229877621872816e+01 -3.070823052372174899e+00
2.630912487201181449e+01 -2.551360301986477452e+00
2.632686724310496373e+01 -2.024855578641407305e+00
2.634329200075946176e+01 -1.501652317130606207e+00
2.632940452540473331e+01 -9.511579187408187863e-01
2.630713252656665446e+01 -4.224990015387000142e-01
2.630838462576269166e+01 9.500750035178739950e-02
2.628112555018103080e+01 6.265732565055692760e-01
2.628285125186679494e+01 1.138434154107503815e+00
2.629385545417655123e+01 1.686932408604604916e+00
2.628315051464836927e+01 2.206890545533326531e+00
2.626302465608900860e+01 2.715884290448972394e+00
2.625813081565392793e+01 3.241256333888820507e+00
2.625831782822294969e+01 3.787348883854608772e+00
2.687005917890881079e+01 -4.136094315940585631e+00
2.687839290395432101e+01 -3.609244844864079482e+00
2.688443470298586391e+01 -3.085392070763372629e+00
2.686921589202121652e+01 -2.556857183234690467e+00
2.687292113196105703e+01 -2.014758549021909317e+00
2.686963170566807690e+01 -1.509489589379093388e+00
2.686190190668040145e+01 -9.724626699946909980e-01
2.687421924957887853e+01 -4.167767456762092593e-01
2.684181705517465844e+01 8.685640710803355091e-02
2.684935213125249476e+01 6.092773198644785282e-01
2.685069062189210598e+01 1.140508909211337851e+00
2.682834628130265031e+01 1.680527214293398686e+00
2.680858010245444234e+01 2.218930993468777757e+00
2.681999404646587948e+01 2.741055794675610002e+00
2.682808449226863701e+01 3.227421777712741857e+00
2.681006151863161335e+01 3.785685848757623262e+00
2.740473164748755153e+01 -4.140235434276160476e+00
2.741678179295399076e+01 -3.617534860035945599e+00
2.741881733553603340e+01 -3.081788602746209804e+00
2.740782525311992401e+01 -2.543214939518676942e+00
2.742187197136894383e+01 -2.002377146442892553e+00
2.740552350194464282e+01 -1.499441199683825943e+00
2.739621658746528965e+01 -9.632213512439378178e-01
2.740028029610736127e+01 -4.231107671152152250e-01
2.738208591235485301e+01 1.000098295208573518e-01
2.737886025950736268e+01 6.342653471182622127e-01
2.740054722036398260e+01 1.177522245349397423e+00
2.738672293401194224e+01 1.670798706050870663e+00
2.737952078746171480e+01 2.210283232957095834e+00
2.736745977819863640e+01 2.706877526899436504e+00
2.734423047734631496e+01 3.242575881072138344e+00
2.735194259128897443e+01 3.807075028701500941e+00
2.794984911753726919e+01 -4.118172217921390654e+00
2.793447312804947558e+01 -3.616924709811724981e+00
2.792401238636117711e+01 -3.094038232458323989e+00
2.795187597174889760e+01 -2.549984806567636042e+00
2.793362007908047673e+01 -2.013766771917929077e+00
2.796374913456963185e+01 -1.493679179318537109e+00
2.793978995240353669e+01 -9.642154015559789570e-01
2.793072030319354582e+01 -4.366366036033468845e-01
2.793306747752925645e+01 9.064859778342082564e-02
2.792670731958308750e+01 6.256062951679268735e-01
2.793023552202267012e+01 1.167995121179949081e+00
2.790435460990354954e+01 1.681486535684996397e+00
2.789587279381609619e+01 2.220314667270717024e+00
2.790468119621605325e+01 2.741927710563583531e+00
2.789522162410393946e+01 3.266158487189667170e+00
2.788306760707624221e+01 3.790430448604659830e+00
2.848702807020413985e+01 -4.124424857315407422e+00
2.851050357883446651e+01 -3.621559475423278940e+00
2.850071065181849406e+01 -3.069155698894421747e+00
2.848592460881368993e+01 -2.539018907611851006e+00
2.847867415177571360e+01 -2.019761963866006482e+00
2.849021357844262070e+01 -1.473706238581634409e+00
2.847463149451093045e+01 -9.558144158745207619e-01
2.846328067114954763e+01 -4.381899991395066252e-01
2.846386609163124604e+01 9.942026898387723577e-02
2.846725198027380799e+01 6.521096627386882005e-01
2.846630810983083393e+01 1.165726656308351039e+00
2.845388481241904088e+01 1.668612505403739732e+00
2.844300928088608060e+01 2.199527070463744849e+00
2.846002294549792566e+01 2.732821734972507244e+00
2.845599526984880612e+01 3.271347693584591099e+00
2.843805995381644891e+01 3.817814714793335895e+00
