1.013037975037495997e+01 -4.135100845700552696e+00
1.011377142868645507e+01 -3.617873267252646130e+00
1.007090336319273405e+01 -2.621799762286805446e+00
1.006096367222984611e+01 -2.059613858028377820e+00
1.008374805655388684e+01 -1.566452409509373922e+00
1.005475742749403523e+01 -1.044115956382771770e+00
1.003493086757221420e+01 -5.407757775801620426e-01
9.979550954836543752e+00 5.298365843349976956e-01
9.982674339533307517e+00 1.053902903741651187e+00
9.971662113888157819e+00 1.589106455335567603e+00
1.000188873771969966e+01 2.089609821529816003e+00
9.978298207126801600e+00 2.620712169941064928e+00
9.937021597708991294e+00 3.145561987140069959e+00
9.942520604417939722e+00 3.681488083134372147e+00
1.071989424635564347e+01 -4.138970659672585484e+00
1.066748419369793766e+01 -3.657356588141265519e+00
1.066836285424071562e+01 -3.110651378018387092e+00
1.063092289351892816e+01 -2.066362178258064120e+00
1.060217085595972009e+01 -1.543888491736630897e+00
1.059389373491296027e+01 -1.040310660305337365e+00
1.055545347456673611e+01 -5.135006085950415411e-01
1.056706741387526094e+01 1.902400944075566258e-03
1.055694990940212108e+01 5.582476002322920294e-01
1.054603081458306946e+01 1.575032337685549066e+00
1.054676697671994390e+01 2.098078896468901888e+00
1.053227421628136895e+01 2.616931373751331336e+00
1.050980311686772950e+01 3.165230550040437407e+00
1.049248766511284359e+01 3.665402303190465005e+00
1.122964931473947559e+01 -4.134338187826994471e+00
1.125416021500667085e+01 -3.646512602595278096e+00
1.120297132584924071e+01 -3.093874675919247252e+00
1.120728086115274635e+01 -2.583863908434416601e+00
1.117450821675788220e+01 -2.079162358439880620e+00
1.116806076982742013e+01 -1.565361962422191056e+00
1.114153902350343017e+01 -1.034073606720589567e+00
1.114803640844777632e+01 -5.134854019042514039e-01
1.112729991636102156e+01 1.559268375359579295e-03
1.111676172648177641e+01 5.207850178830106813e-01
1.110633772488832705e+01 1.047229628999431839e+00
1.108817485397091218e+01 1.591033727413130094e+00
1.108888745533945297e+01 2.111791790322172346e+00
1.107126537394773180e+01 2.625734819768268835e+00
1.107787978493389502e+01 3.158442325228350001e+00
1.104370339372676568e+01 3.679195763146417164e+00
1.178399641941679832e+01 -4.127449440026452976e+00
1.179645468991310153e+01 -3.618451956586572038e+00
1.176298410795549643e+01 -3.104213648527748504e+00
1.177338150793833904e+01 -2.576574489772923471e+00
1.175584103363532407e+01 -2.059525675660765387e+00
1.173749411745200177e+01 -1.555232454153316013e+00
1.171827608617369876e+01 -4.929195805842070399e-01
1.170292390106002145e+01 1.802918902164307724e-02
1.171579936668788946e+01 5.599686066230198378e-01
1.169838984704417939e+01 1.025158329535390322e+00
1.163826459231244570e+01 1.612999606375293382e+00
1.163800602685279273e+01 2.108667086291770687e+00
1.162300902549135984e+01 2.636266582369980682e+00
1.162075949988972212e+01 3.156669674107746459e+00
1.163726943138273739e+01 3.680392222391752455e+00
1.236694400145567485e+01 -4.143029937959783027e+00
1.236351777975022515e+01 -3.596050467056208788e+00
1.234144754111010300e+01 -3.031772512539472331e+00
1.233680326327117172e+01 -2.573042756590542268e+00
1.229716285213643445e+01 -2.049501090802923642e+00
1.229688443040467405e+01 -1.568336796722448412e+00
1.228574830385045757e+01 -1.018592252099146833e+00
1.225090471054297581e+01 -4.962741617840720210e-01
1.225077748299613489e+01 5.794308175220663770e-02
1.224878842498494436e+01 5.636798229584378817e-01
1.222429776169192195e+01 1.080518163139526422e+00
1.219162075318246963e+01 1.574642659693214597e+00
1.218902306066919650e+01 2.124445730281731670e+00
1.218539295697549107e+01 2.646088731211438727e+00
1.219661774447762070e+01 3.147378583701552657e+00
1.219083380718339882e+01 3.675009656991203855e+00
1.291749135565361328e+01 -4.166056620961292367e+00
1.270590886989189272e+01 -3.800443380191468989e+00
1.292006588787905486e+01 -3.120564755582467598e+00
1.290164538731213995e+01 -2.575437921662910412e+00
1.286006794446521084e+01 -2.056318883381024420e+00
1.285493706484255227e+01 -1.557786907202480364e+00
1.283967131222713931e+01 -1.021501787116580573e+00
1.282356197048776281e+01 -5.068493333414529900e-01
1.277336873310662924e+01 3.955407739795191446e-02
1.280778694096309422e+01 5.763987785776940598e-01
1.281830852286264744e+01 1.088590316828081939e+00
1.275861635736950106e+01 1.541676202610037905e+00
1.272936942378732539e+01 2.117242704452191759e+00
1.276005197327995333e+01 2.671297859788445805e+00
1.277926352958292000e+01 3.163380825664951601e+00
1.277469556298611764e+01 3.708752747515791981e+00
1.351124116114238305e+01 -4.148476917143529619e+00
1.348035561517361458e+01 -3.632673563015288209e+00
1.348075353003865473e+01 -3.099930107685123559e+00
1.345566223311858778e+01 -2.577249282143245779e+00
1.344671295573046521e+01 -2.046420009131615814e+00
1.341329194461860652e+01 -1.510857068163286243e+00
1.341530432858997557e+01 -9.890629701858877354e-01
1.342296675454623411e+01 -4.622447451264015683e-01
1.338745679055679005e+01 4.343136020951021692e-02
1.338105112036150501e+01 5.690883667829602643e-01
1.334295699065564023e+01 1.059492691920109309e+00
1.337112046429939127e+01 1.592549220754833073e+00
1.332196880805762262e+01 2.096567269414777002e+00
1.333419042696702661e+01 3.183123806442900161e+00
1.332724113469456029e+01 3.711388485878373444e+00
1.410500521677022689e+01 -4.129590437401436276e+00
1.406386875499756783e+01 -3.601452518779794332e+00
1.403893159418448633e+01 -3.105053236944353756e+00
1.399325645923350336e+01 -2.578648122204601378e+00
1.399021947889636053e+01 -2.054626772895488784e+00
1.399778117742675576e+01 -1.493140736050811768e+00
1.397473195985250172e+01 -9.805629091804846098e-01
1.395087518678283445e+01 -4.608912753517842020e-01
1.392201864863042005e+01 4.116135749629634688e-02
1.392268464260146388e+01 5.554720534418926547e-01
1.391890812360512086e+01 1.077878402754251397e+00
1.387335703539415732e+01 1.575388622076015821e+00
1.387551682494534333e+01 2.114619494102115027e+00
1.392340363472258247e+01 2.660705846058586843e+00
1.386226628838144848e+01 3.178064988572433691e+00
1.390822281511598746e+01 3.731381296384409296e+00
1.468291104613458486e+01 -4.141776337470558289e+00
1.462306474726521088e+01 -3.614292284331346750e+00
1.465787571280608859e+01 -3.112007436506720737e+00
1.457600420803171204e+01 -2.570810972574296471e+00
1.454814343549282540e+01 -2.012116036042673528e+00
1.454357190518026144e+01 -1.511617516866468947e+00
1.452185131337196822e+01 -1.004734255733207959e+00
1.449718584658229403e+01 -4.504844845980855439e-01
1.449980654944436154e+01 4.121941791749250683e-02
1.447248931912896097e+01 5.517190601353156865e-01
1.446317911378681131e+01 1.075561673555938569e+00
1.445397180891793454e+01 1.606521220531604399e+00
1.444788858000687171e+01 2.160259817986673880e+00
1.443578806525951919e+01 2.647059528800099315e+00
1.440126767438193411e+01 3.701103479883197878e+00
1.523188624913241895e+01 -4.152952044860347414e+00
1.518667614257681819e+01 -3.636230300683426009e+00
1.515502318021901829e+01 -3.114266278816744560e+00
1.514086733578779231e+01 -2.562796574845652486e+00
1.511721377661940480e+01 -2.050121827093164484e+00
1.510937987204890121e+01 -1.539492407022940768e+00
1.511530355276584103e+01 -9.822788427595270377e-01
1.504791881698366041e+01 -4.529069315626728098e-01
1.502830797140365604e+01 4.439842219558443048e-02
1.505748552780077532e+01 5.693423012553822105e-01
1.503462242647369607e+01 1.086730186861217362e+00
1.503893173522283178e+01 1.596701982123285291e+00
1.501454323132736235e+01 2.139284915117336539e+00
1.498070373419774981e+01 2.649306950844941611e+00
1.493732455522139446e+01 3.190920772412603412e+00
1.500842000934095921e+01 3.704683365237841031e+00
1.577491252407197564e+01 -4.144444224919054065e+00
1.573232450538444382e+01 -3.600402582916416350e+00
1.569606683381612200e+01 -3.078260655970890269e+00
1.570767877050634809e+01 -2.554359110604728755e+00
1.569080301482252793e+01 -2.019654205795973212e+00
1.565898413359532881e+01 -1.517466857686912363e+00
1.562708311966544628e+01 -9.913448498570041068e-01
1.562312536405038443e+01 -4.717511538163421392e-01
1.560112761896783340e+01 4.976428465059967721e-02
1.558818732023145159e+01 5.822192900869573862e-01
1.557015779755611717e+01 1.107444387751304049e+00
1.563624837543165924e+01 1.646347290415558717e+00
1.559818503359132080e+01 2.122611661409418815e+00
1.554449320707151827e+01 2.657968524383697684e+00
1.552588781263361994e+01 3.186664618944035965e+00
1.553427000912364520e+01 3.753631735781787881e+00
1.629481607252060371e+01 -4.105738505353691892e+00
1.627170138476896000e+01 -3.579630557667002222e+00
1.625564089296600656e+01 -3.054629093461549871e+00
1.624787270849944321e+01 -2.551181271802850148e+00
1.622663678619992922e+01 -2.021949214199199929e+00
1.621815064727745437e+01 -1.519408641763391188e+00
1.618354701475328383e+01 -9.712216332976453259e-01
1.617862604556820472e+01 -4.479721114326160603e-01
1.614725448789990025e+01 7.087834227776923512e-02
1.614461982331909340e+01 5.878083470188890658e-01
1.612781194215166281e+01 1.095560921486665507e+00
1.615931394830040091e+01 1.643329568366823423e+00
1.610409725595746622e+01 2.136723314173647026e+00
1.609640523405235868e+01 2.683836124985198524e+00
1.607253244201683628e+01 3.209010522732850035e+00
1.611162483971639503e+01 3.724697580772080130e+00
1.684454612336465473e+01 -4.096817966482941387e+00
1.681862869196425692e+01 -3.579701083815569618e+00
1.680613250069756504e+01 -3.046601989226937590e+00
1.679188796049781018e+01 -2.528976612428305515e+00
1.679391926674579238e+01 -2.015338265265778972e+00
1.674793474348269839e+01 -1.518780448577494724e+00
1.675249424123678921e+01 -9.747964506303006260e-01
1.676278878756101065e+01 -4.567032426553687685e-01
1.672203643763020153e+01 7.110408515170618671e-02
1.668395684458701567e+01 5.636766436875824127e-01
1.668540161689568535e+01 1.112723452695099979e+00
1.669742402321620389e+01 1.630896595162525387e+00
1.667493978378800890e+01 2.159619451094002329e+00
1.665127783808495465e+01 2.701186259246679100e+00
1.665802961009154970e+01 3.205545143846197931e+00
1.664964105967235852e+01 3.735598283379811591e+00
1.741698085364985005e+01 -4.097377523664231802e+00
1.738715613427618223e+01 -3.577783221832241622e+00
1.737120513375230146e+01 -3.038141615720647337e+00
1.736370240527055131e+01 -2.558118800803370618e+00
1.733128109701687691e+01 -2.038384828853740061e+00
1.728361616098333542e+01 -1.497907049131203649e+00
1.729062927285346163e+01 -9.773441233414352780e-01
1.729051985035668793e+01 -4.495158430726533538e-01
1.727185649341660323e+01 7.915991523189092050e-02
1.727793226145792005e+01 5.925346499832251368e-01
1.725062203341133937e+01 1.128765820824064292e+00
1.722253881208927595e+01 1.614759936830242992e+00
1.722611665594911656e+01 2.163201428305907115e+00
1.721480680464814839e+01 2.686009448350297646e+00
1.721459442570518306e+01 3.226546976274864420e+00
1.720475871363102627e+01 3.754113401140500628e+00
1.794760887651207781e+01 -4.080615292641230241e+00
1.792470385349354700e+01 -3.575579297525239397e+00
1.793184794234193546e+01 -3.054255187970419172e+00
1.791351283101588265e+01 -2.519159470987776928e+00
1.787797272431844675e+01 -2.036957118562714442e+00
1.787126901612447583e+01 -1.470613421133922571e+00
1.784961094815728444e+01 -9.688573247883525141e-01
1.780288665220068012e+01 -4.495767421598486635e-01
1.780368689198794385e+01 8.110884155108166738e-02
1.780948050210150413e+01 5.894123879694213031e-01
1.780082955061011774e+01 1.128565856904014453e+00
1.776774730638021182e+01 1.633860186903774547e+00
1.776201403806902945e+01 2.153136626543524557e+00
1.776850734210628602e+01 2.692440156141564955e+00
1.773914227780049302e+01 3.218612359044886517e+00
1.777969864429802982e+01 3.714630354667644241e+00
1.848236001599432399e+01 -4.099164197598062387e+00
1.847590881302001620e+01 -3.591432680107676134e+00
1.847466457795070482e+01 -3.046108175697526121e+00
1.845469210446304231e+01 -2.549643066246851220e+00
1.844096175471922905e+01 -2.028268950547229110e+00
1.843576540959049836e+01 -1.492176068655961529e+00
1.840595599713516251e+01 -9.754756942383941976e-01
1.840297905135964385e+01 -4.523104500949983731e-01
1.836176116402052472e+01 7.484481193289838075e-02
1.834544821496395883e+01 6.091532545783095998e-01
1.833891577232328274e+01 1.130834361352238915e+00
1.833455862779199919e+01 1.646077984855825349e+00
1.832602223511788608e+01 2.179026165175002916e+00
1.832085846185701783e+01 2.661231946288133088e+00
1.835533967778189890e+01 3.109092638380651863e+00
1.832682294006150414e+01 3.704437606099101998e+00
1.906406436965860607e+01 -4.101067995650772957e+00
1.903834804457738272e+01 -3.589673465950530939e+00
1.903107437689056880e+01 -3.066201917702841229e+00
1.898984792578791314e+01 -2.554282073921061880e+00
1.896936639840631855e+01 -2.035167842502534796e+00
1.897214055920658282e+01 -1.494226418545714807e+00
1.897662972637886014e+01 -9.741492800220008519e-01
1.895118100700100428e+01 -4.433828001354669368e-01
1.893182069761037667e+01 5.993082602163823935e-02
1.893140354336136610e+01 6.029120986840332819e-01
1.890478584306844212e+01 1.116103150314039283e+00
1.888104656568428652e+01 1.651422596163012457e+00
1.886933480168347543e+01 2.167805709028225891e+00
1.890275674899352865e+01 2.692368584016588073e+00
1.889131582635651796e+01 3.227181640705097720e+00
1.887328852561413228e+01 3.717562960733108213e+00
1.956945831111274359e+01 -4.112754659677104740e+00
1.959933240679282207e+01 -3.599554787659435817e+00
1.959071047663051246e+01 -3.077250794272796242e+00
1.958657540329821600e+01 -2.549994154656978651e+00
1.953074305948279488e+01 -2.041993689691899760e+00
1.953088575292646922e+01 -1.485739705078795936e+00
1.952015271279864805e+01 -9.715024261145401852e-01
1.948839992527382137e+01 -4.478800770959701083e-01
1.948801922684733867e+01 8.069387725305432468e-02
1.947966508088783755e+01 6.000641012321814571e-01
1.947065791720804739e+01 1.115467498324214546e+00
1.945032313525424073e+01 1.620324515583934755e+00
1.945058794845670391e+01 2.182919200635168977e+00
1.942079071156523540e+01 2.672572713134471201e+00
1.942377260905755065e+01 3.223938726502616703e+00
1.940995012366458639e+01 3.700775750660266539e+00
2.015411813338294422e+01 -4.117474772426366059e+00
2.013799957897639814e+01 -3.591086446962817647e+00
2.011960484835014995e+01 -3.072338611969327005e+00
2.010455542325652090e+01 -2.553353791123132766e+00
2.009117421577991536e+01 -1.996433523467228355e+00
2.008187395261008845e+01 -1.481092130810100826e+00
2.007322324774780498e+01 -9.621749691277408090e-01
2.006475637941213108e+01 -4.353932579074069054e-01
2.005844711042692552e+01 9.547903163513993263e-02
2.003432014612501888e+01 6.076257612474371683e-01
2.001854419612427449e+01 1.123548661932570525e+00
2.001955071733060265e+01 1.637392562948722485e+00
2.001725591929137948e+01 2.166401884060118022e+00
1.998435826692857731e+01 2.686655107162103207e+00
1.999348920536429830e+01 3.236792911160961239e+00
1.998585589727958478e+01 3.738981904419851787e+00
2.071891410146781709e+01 -4.119558951980121009e+00
2.066840758487531815e+01 -3.584231824669874555e+00
2.067463774338754945e+01 -3.051129214724142003e+00
2.068991478543011198e+01 -2.533661200273641612e+00
2.063775563625132747e+01 -2.043305943772523392e+00
2.060637891382943110e+01 -1.522157085105721563e+00
2.061594047335750446e+01 -9.669828666113033933e-01
2.059528124681215644e+01 -4.432539560381307808e-01
2.060365863988528190e+01 9.427632105847294497e-02
2.057134947712076922e+01 6.219839807474336624e-01
2.059202245725494862e+01 1.157994311661266096e+00
2.058167646847797982e+01 1.648683388150757878e+00
2.057318578514735208e+01 2.179811040295302149e+00
2.056158569712814455e+01 2.709173896514954549e+00
2.054583293909839625e+01 3.228469530199518545e+00
2.053269822386954502e+01 3.756269221433459649e+00
2.126454204514736546e+01 -4.118809804290366472e+00
2.122193289700585694e+01 -3.582019249738799260e+00
2.122861540706269068e+01 -3.063127550327051196e+00
2.120877629421796939e+01 -2.522080377350253144e+00
2.117885941796488680e+01 -2.017386610985340667e+00
2.118737308307652256e+01 -1.492357478034229246e+00
2.115660191325734729e+01 -9.892639882400082740e-01
2.114172910159153673e+01 -4.566324149409659583e-01
2.114055824327675737e+01 8.674468500163712292e-02
2.113477287630873036e+01 6.027484373725755518e-01
2.113867879212710221e+01 1.131102438819063138e+00
2.111660784533473390e+01 1.648987180980853395e+00
2.111651673653585704e+01 2.182550988541134274e+00
2.110860433554518778e+01 2.726390253617889670e+00
2.109584495441212937e+01 3.217535604596303500e+00
2.108707861738368194e+01 3.757973414149304858e+00
2.182080849865342032e+01 -4.110622896181011399e+00
2.179603177507856770e+01 -3.580969023667110562e+00
2.178000702321234172e+01 -3.062430447831944846e+00
2.174533754757717929e+01 -2.529595930901987089e+00
2.173309825577021570e+01 -2.011403975848249814e+00
2.173821035738272656e+01 -1.484313806962148874e+00
2.173327669348752522e+01 -9.604023638503171867e-01
2.171049021590368966e+01 -4.439520322298484700e-01
2.170771366410791359e+01 8.016296085315488540e-02
2.167959491426037744e+01 5.901849219716979178e-01
2.166811209390479576e+01 1.127320633628535518e+00
2.166294672001328081e+01 1.662048773948626490e+00
2.167343485167861417e+01 2.228032695248412409e+00
2.166860858236314868e+01 2.670727210323349254e+00
2.165862697105199430e+01 3.204840156696949549e+00
2.162971774008293124e+01 3.745562293637640039e+00
2.236157075419492202e+01 -4.116282767087579231e+00
2.231841351678142615e+01 -3.575734418446291585e+00
2.231874984995624800e+01 -3.037008266236762566e+00
2.231240775822328004e+01 -2.535035042757741053e+00
2.228485347775767877e+01 -2.017917619212560965e+00
2.227286822259442545e+01 -1.491506056741609854e+00
2.228932499106418419e+01 -9.611302455424350910e-01
2.224275596752320894e+01 -4.320891212670687764e-01
2.224382443121698572e+01 9.263639412108304327e-02
2.223980249823672040e+01 5.964618703724156035e-01
2.223730329108816761e+01 1.139207939918254198e+00
2.221643311095992601e+01 1.672960270074298705e+00
2.222651178999018384e+01 2.225266641341718810e+00
2.221558612476239603e+01 2.688614451972281216e+00
2.219828799100289984e+01 3.217434326680045586e+00
2.218474367899995059e+01 3.752394718136653040e+00
2.289232556453330858e+01 -4.115025917714639547e+00
2.290936325114224559e+01 -3.594974614215498576e+00
2.284434066169419708e+01 -3.070656178868466313e+00
2.286220155239356444e+01 -2.536778319446231222e+00
2.286229555770700017e+01 -2.001289751013505480e+00
2.283315942498852991e+01 -1.495851905809551852e+00
2.281750414080892142e+01 -9.658843707263216061e-01
2.282557158499790262e+01 -4.432863222225726929e-01
2.279926602171370575e+01 1.008231692676950786e-01
2.277941130157287120e+01 6.044720713173994397e-01
2.276673967584039104e+01 1.134671071915484220e+00
2.277258496054285786e+01 1.663638880240384310e+00
2.278269817838686606e+01 2.215465761202036532e+00
2.275818963594738875e+01 2.734157467483957049e+00
2.276113674953680288e+01 3.229872935523243171e+00
2.275087050095430641e+01 3.749125890588437926e+00
2.345227324847576256e+01 -4.112562018615671278e+00
2.343771096831624590e+01 -3.579830955794161440e+00
2.339974724187657529e+01 -3.040609720143800487e+00
2.342784767698940840e+01 -2.524549317470896170e+00
2.339801536475618349e+01 -2.008287737546286422e+00
2.336137334949793143e+01 -1.465680268744304016e+00
2.335116260850882242e+01 -9.377101339915938638e-01
2.335775649758103611e+01 -4.181907882120476927e-01
2.333713035069052211e+01 8.187950206506044992e-02
2.333512408790397075e+01 6.090322987608338678e-01
2.331065638167172693e+01 1.132064871059156985e+00
2.331062359743415158e+01 1.695742515246486448e+00
2.329081640302512568e+01 2.206745493875715169e+00
2.329065128157182585e+01 2.723386317818953017e+00
2.329649370055585678e+01 3.257369480981299859e+00
2.328306777730413302e+01 3.747647511505451945e+00
2.396112149042041040e+01 -4.135896534733229046e+00
2.397972626217352854e+01 -3.562543270664443540e+00
2.396484927968418788e+01 -3.060779210991118049e+00
2.394340465341613822e+01 -2.500521356482984459e+00
2.392320344062907367e+01 -2.000313167764026900e+00
2.392006952579412626e+01 -1.473291130701323226e+00
2.389570964857515634e+01 -9.531162403540385242e-01
2.389260478414591660e+01 -4.279445548741804828e-01
2.387568789499815125e+01 9.124063930662984490e-02
2.386953333683469225e+01 6.099698080130337985e-01
2.387285983975665005e+01 1.132040967281845667e+00
2.386307142317414787e+01 1.681474581906631016e+00
2.383832387444910239e+01 2.222709950403856993e+00
2.388294405756879968e+01 2.693699164635599885e+00
2.383717614914653637e+01 3.242194084640271257e+00
2.385156285101255236e+01 3.758587730609320943e+00
2.453386720816565969e+01 -4.105781873514164459e+00
2.451898702212296399e+01 -3.557448475306406621e+00
2.450475057733821416e+01 -3.067345038902908883e+00
2.447918200980438286e+01 -2.528267366985755160e+00
2.446733434255205708e+01 -1.984650272194954823e+00
2.446516718334230944e+01 -1.474074088139559535e+00
2.444926693703653342e+01 -9.532046810221785904e-01
2.440381683348526565e+01 -4.183587600099514248e-01
2.441519704293577320e+01 1.219472561506051989e-01
2.442365300545790774e+01 6.279111238424057717e-01
2.441100827745973589e+01 1.119066594312911889e+00
2.441504316871291991e+01 1.667372418708897186e+00
2.448270205893321361e+01 2.193095257258242725e+00
2.442249270022664831e+01 2.730402484969573607e+00
2.439844095630996890e+01 3.260649813802672270e+00
2.438310548954063961e+01 3.762306706240778453e+00
2.504918204401626980e+01 -4.115715141767401164e+00
2.505832747967276219e+01 -3.568534813719811183e+00
2.505465016593230132e+01 -3.050859902161938919e+00
2.503008519017843270e+01 -2.526347046894642290e+00
2.501907931233427718e+01 -1.991112843512549802e+00
2.500201540417544521e+01 -1.465526534342405540e+00
2.500396074200196495e+01 -9.420136617667296264e-01
2.498515415000153439e+01 -4.049382157655010417e-01
2.498997115056314300e+01 1.045219071261982435e-01
2.498420249177679864e+01 6.197692749934873291e-01
2.498187293215265470e+01 1.149065059710128622e+00
2.496846668054999441e+01 1.677501850600911837e+00
2.495623181337385432e+01 2.210682698810813918e+00
2.499585442988593798e+01 2.726228786182026909e+00
2.494977811956847091e+01 3.228626217196598702e+00
2.493963189018300852e+01 3.760384928204434374e+00
2.563891810938137894e+01 -4.108208340910994849e+00
2.559386174836878070e+01 -3.567417073587812126e+00
2.561155083140889133e+01 -3.041521925928293513e+00
2.557914213766636635e+01 -2.529798478845648901e+00
2.557696252434178064e+01 -1.996475858769610312e+00
2.554148377368176170e+01 -1.470338419510522243e+00
2.553153384443567120e+01 -9.464131667329596098e-01
2.555037225351976815e+01 -4.230884673461723366e-01
2.554510256472541840e+01 1.069014284232565615e-01
2.552554450554764287e+01 6.261378870967178045e-01
2.550833763474157223e+01 1.151796626027607573e+00
2.552124472513278874e+01 1.677298162619774047e+00
2.552482241526075057e+01 2.222016977234225976e+00
2.551415037860672186e+01 2.724123679319163216e+00
2.550813407819347844e+01 3.228586268652243518e+00
2.550399342876130504e+01 3.773219623231490516e+00
2.617704523245566861e+01 -4.086108195814894373e+00
2.599409581738208885e+01 -3.584276338282409213e+00
2.614061362623046847e+01 -3.041021804681147245e+00
2.610657517765849178e+01 -2.522573253328904030e+00
2.613057000476456437e+01 -2.007230519442437355e+00
2.614737231402015283e+01 -1.481625707701166306e+00
2.612654617467998008e+01 -9.315418168200615412e-01
2.610122333664308059e+01 -3.918068335569664384e-01
2.609691310022034116e+01 1.070556846386914174e-01
2.606849548879003464e+01 6.315089369498387839e-01
2.606150298988182357e+01 1.147206282407289279e+00
2.604924758076401048e+01 1.691905072897959883e+00
2.605084430057212330e+01 2.215793304175683431e+00
2.604379035979639667e+01 2.719702491461799099e+00
2.604020489447823650e+01 3.220108216900481324e+00
2.602466382682511181e+01 3.775153497782429923e+00
2.669141580142802184e+01 -4.111055766267677214e+00
2.670139235383526000e+01 -3.582346232048790213e+00
2.671678919257731621e+01 -3.051996055702545618e+00
2.666221958294290317e+01 -2.527853522450957513e+00
2.668074037677902766e+01 -1.989762534638288116e+00
2.667320774867476274e+01 -1.479612736227036152e+00
2.666298582445084264e+01 -9.534422126483441673e-01
2.668366243491014700e+01 -3.931573305742510627e-01
2.664129632937888914e+01 1.005397952677498097e-01
2.663368305894961452e+01 6.168968765226914286e-01
2.663819834512293028e+01 1.150443560136967136e+00
2.661907525870316249e+01 1.691497851113805240e+00
2.660188351691336095e+01 2.227615179329205830e+00
2.659619462607942353e+01 2.735045685088984158e+00
2.664149635654888471e+01 3.191780721754394534e+00
2.659967373186960060e+01 3.767841807052985104e+00
2.722378707734348069e+01 -4.101730551220359899e+00
2.724065168637689993e+01 -3.581125254439777805e+00
2.724321457264931468e+01 -3.042072461330652899e+00
2.722784465072206217e+01 -2.508572694852766460e+00
2.724817205483876847e+01 -1.975038134885561902e+00
2.722778786640310500e+01 -1.473235141676635607e+00
2.721337914501481947e+01 -9.431807460577275037e-01
2.721367740362269672e+01 -4.062411385778297301e-01
2.719262971649972371e+01 1.136697412657987627e-01
2.717585516868004447e+01 6.478897997805113107e-01
2.719684130397022415e+01 1.210296120102988482e+00
2.718828733418002486e+01 1.667551745215678949e+00
2.719009062437835667e+01 2.207549779702272730e+00
2.717145908811252752e+01 2.693354947285698131e+00
2.712980829743458600e+01 3.233410698079332235e+00
2.715084866875222502e+01 3.791484725158280611e+00
2.778047626022016914e+01 -4.090827185289821699e+00
2.775947994055988488e+01 -3.588994468276339944e+00
2.773722040802773137e+01 -3.062723239656071073e+00
2.778071781561521902e+01 -2.524456772887674560e+00
2.776096537360979255e+01 -1.967909062213976767e+00
2.778151804335723796e+01 -1.477024179529511372e+00
2.775195559557295866e+01 -9.368726321402789381e-01
2.773966956373781301e+01 -4.031604849907921562e-01
2.775134851491728227e+01 1.064107352774250614e-01
2.774335796038344881e+01 6.312204617823411468e-01
2.773603330339106066e+01 1.180633911593176322e+00
2.770023129253262795e+01 1.682787047643547140e+00
2.770595110509607650e+01 2.217586891594734766e+00
2.770909056181548635e+01 2.733037733216839626e+00
2.768677719828825445e+01 3.252515250763995169e+00
2.767613389032164406e+01 3.781226738946276811e+00
2.831875403221080489e+01 -4.086840164733773761e+00
2.835068545093309922e+01 -3.593558606649091658e+00
2.833491269145343949e+01 -3.057659929648771424e+00
2.831545713269373721e+01 -2.513762385719882531e+00
2.832017247475153710e+01 -1.998049368471605192e+00
2.831448862600765892e+01 -1.443205101907235388e+00
2.830635746622790094e+01 -9.361485747539433078e-01
2.828490414994617197e+01 -4.230306596605259983e-01
2.827925286058011523e+01 1.113149705847504833e-01
2.828161649985975146e+01 6.679701246393783265e-01
2.828919284255360367e+01 1.191840372264980630e+00
2.827203883329386258e+01 1.669786325729994303e+00
2.826061898218896573e+01 2.202038795179891650e+00
2.826748953581815726e+01 2.741685864092509917e+00
2.826572249286597582e+01 3.271120599862573641e+00
2.824191389470840363e+01 3.810190716655920795e+00
