1.081736453181374813e+01 -4.147171329608360324e+00
1.082201139917929211e+01 -3.635497040809244851e+00
1.078627139082654196e+01 -2.601333689644853564e+00
1.079683035697317450e+01 -2.051394492910077361e+00
1.080080026668551696e+01 -1.519424376906137297e+00
1.078841494459495109e+01 -9.982500333602182252e-01
1.078536900969142565e+01 -4.919927030615305341e-01
1.074344428212349456e+01 5.994820796709703359e-01
1.076566462020328885e+01 1.125757059964737294e+00
1.075609227945404811e+01 1.629875472129999281e+00
1.075490873083882803e+01 2.167051268031020328e+00
1.075377256269839776e+01 2.697163849350687315e+00
1.073612782519885656e+01 3.225878023589562105e+00
1.076871280087891947e+01 3.750696203711672894e+00
1.136696394859413672e+01 -4.163237162395882152e+00
1.134571287753222180e+01 -3.656292704645428771e+00
1.134714855331443673e+01 -3.115582767071488846e+00
1.134260252012301606e+01 -2.052617675702123279e+00
1.131706739374767778e+01 -1.531316719773943902e+00
1.131627844194864352e+01 -1.004531736611259163e+00
1.129612020770364111e+01 -4.787185536946196862e-01
1.129708368823253295e+01 4.759936941852416226e-02
1.130248340106034632e+01 5.969424811882539927e-01
1.128777371546826203e+01 1.641391798828042425e+00
1.126973082156835915e+01 2.188174205415638340e+00
1.129988517542327386e+01 2.695346299952966262e+00
1.129041777397269541e+01 3.250832215049989316e+00
1.125686546657293619e+01 3.765354155063107555e+00
1.188275635326277069e+01 -4.155201744232426719e+00
1.190801508740713643e+01 -3.647175307928369747e+00
1.187704982932785924e+01 -3.087331561826401227e+00
1.187394477023175199e+01 -2.582109082060785710e+00
1.186803616672360562e+01 -2.058492333709747157e+00
1.187077930895490852e+01 -1.531730519656044009e+00
1.186151899766744577e+01 -1.009921959973439698e+00
1.186025069102043616e+01 -4.668130408313047042e-01
1.183440650848525166e+01 5.472100592119844009e-02
1.184304383765122992e+01 5.691589036808899493e-01
1.183395416776187403e+01 1.107007967251291802e+00
1.182834640160732675e+01 1.655096296446178172e+00
1.182688158374178400e+01 2.186066463063077947e+00
1.181187195899899223e+01 2.697439865364952283e+00
1.182204818019953052e+01 3.251670521564786753e+00
1.181553703470482830e+01 3.780610558894384354e+00
1.241961963769877286e+01 -4.148340676218117196e+00
1.243823214892730888e+01 -3.630107047633993389e+00
1.242262982941126026e+01 -3.105780041140338454e+00
1.242697035789899118e+01 -2.575460105057118199e+00
1.241903740529637901e+01 -2.045992990507009779e+00
1.240063553058907431e+01 -1.528506331276506813e+00
1.241330133244919409e+01 -4.668530194935236466e-01
1.237977341142159915e+01 5.957603150883628018e-02
1.240515490073824623e+01 5.959859471594590730e-01
1.239825335849012689e+01 1.099065890979904481e+00
1.238160661973946475e+01 1.663877053105000670e+00
1.237128357589877226e+01 2.178205102050039699e+00
1.235934998447168454e+01 2.706297582864170437e+00
1.236515061650428748e+01 3.243912250243425888e+00
1.237465014724951118e+01 3.759609374439595086e+00
1.297855156818951272e+01 -4.167289542744509134e+00
1.296151015117907335e+01 -3.626634510987219784e+00
1.294713275203970682e+01 -3.079932590714461682e+00
1.297542932924228509e+01 -2.575006753687048899e+00
1.296544926760427430e+01 -2.044823831773626921e+00
1.295452593694661658e+01 -1.535069475171862763e+00
1.295217610019543741e+01 -9.829754804958774628e-01
1.294402123714516861e+01 -4.705426872993747622e-01
1.294085884205170700e+01 8.110782546235029145e-02
1.294286224961171783e+01 6.044712794843682957e-01
1.292581284058287849e+01 1.121322802230565685e+00
1.289287782064090138e+01 1.630284813137048872e+00
1.290378699384236683e+01 2.184407856343867138e+00
1.291364568401847279e+01 2.719232882745181712e+00
1.291395368069426652e+01 3.241611348839846585e+00
1.292920497749006614e+01 3.749220129717024008e+00
1.350769051523269226e+01 -4.178234633554811950e+00
1.349741337104162398e+01 -3.652187202131985444e+00
1.352390135881771727e+01 -3.107860198217000658e+00
1.351629244658685636e+01 -2.574456668054960318e+00
1.348873846571979129e+01 -2.053742313202505443e+00
1.350449133133450985e+01 -1.539789297683547886e+00
1.349073734444987238e+01 -9.895539418498486839e-01
1.349642236495542136e+01 -4.889299701048592794e-01
1.345729655251206580e+01 6.961987569154004518e-02
1.348241599307945293e+01 6.109245295405330012e-01
1.348535049103710293e+01 1.122220703746577897e+00
1.346365655407298334e+01 1.616198688347459722e+00
1.345243267216546101e+01 2.175258464083515975e+00
1.347266723326138305e+01 2.749949870225396609e+00
1.346930380476129585e+01 3.234041428171721577e+00
1.346837194425566508e+01 3.771879767295668984e+00
1.407030761713434686e+01 -4.174094838383595629e+00
1.405632466364139077e+01 -3.649235061123546231e+00
1.406572351658170561e+01 -3.111004515133558357e+00
1.404795097877394383e+01 -2.578900838676432272e+00
1.404596913765178101e+01 -2.045984752219997205e+00
1.404160371382742056e+01 -1.503046577237462600e+00
1.404733290876614760e+01 -9.729268154682806369e-01
1.404640935318746031e+01 -4.448359393405389994e-01
1.403405860916958048e+01 5.995980590116545272e-02
1.402416056854358217e+01 6.047926277048176757e-01
1.401003866402810516e+01 1.120698776881777547e+00
1.401850390553625303e+01 1.650420483939051053e+00
1.400955406933561065e+01 2.176885383812031449e+00
1.400758412895174487e+01 3.256032046158804150e+00
1.400656495891218256e+01 3.785752326776613330e+00
1.462588298719909830e+01 -4.158261556411680715e+00
1.461744550208720028e+01 -3.634808990703259468e+00
1.460490827983186080e+01 -3.116503362360473872e+00
1.457584317833826759e+01 -2.577075734461239165e+00
1.458344194430917895e+01 -2.048274114965462189e+00
1.459296880238163396e+01 -1.499716046515992218e+00
1.458860078142717853e+01 -9.739778213182397337e-01
1.457187329797791620e+01 -4.462025831493043881e-01
1.454961316179383246e+01 7.280928439385903062e-02
1.455906974087346128e+01 5.943375255906069299e-01
1.455984467628356072e+01 1.134295074605656595e+00
1.454435958370063986e+01 1.657641207342166467e+00
1.453053485751900809e+01 2.182868953892015185e+00
1.456760461467868595e+01 2.726149103522072181e+00
1.452278104289694127e+01 3.244345485542609708e+00
1.455727674956427720e+01 3.797348961218730778e+00
1.517644599935221095e+01 -4.166974574235114304e+00
1.514794727966457799e+01 -3.630568928387996053e+00
1.514462680313958032e+01 -3.123412020287894109e+00
1.513066944881508036e+01 -2.575228532298677209e+00
1.512348638893766051e+01 -2.019203844812135884e+00
1.512436624361682647e+01 -1.511781044054306022e+00
1.512584126917010607e+01 -9.904360525878814769e-01
1.511662638476322940e+01 -4.427274098887288289e-01
1.510580688794364335e+01 7.688866037175756674e-02
1.509473913253500044e+01 5.912850243661793570e-01
1.509322557056633585e+01 1.119874748398057562e+00
1.507570331572037858e+01 1.658278617436156566e+00
1.506977659658450008e+01 2.212933884805153184e+00
1.507601798986844699e+01 2.710407710833418804e+00
1.506056212206124911e+01 3.776456065611121460e+00
1.571370943450649094e+01 -4.177218062595731141e+00
1.568103092409708310e+01 -3.653660736051447699e+00
1.567835369721920458e+01 -3.125145093726315437e+00
1.567453408189160413e+01 -2.569541175214819617e+00
1.566421522735761940e+01 -2.050106021673904877e+00
1.566342797881972970e+01 -1.529054839954103073e+00
1.566193457176405701e+01 -9.839656100523583859e-01
1.564519011100399482e+01 -4.333442529625486372e-01
1.564533766976808593e+01 7.040860748269750502e-02
1.564878565821607026e+01 6.069550949757847036e-01
1.564196719706838579e+01 1.132819711791221096e+00
1.565534806823780656e+01 1.644200631469328044e+00
1.564902109808754815e+01 2.185639524937315059e+00
1.560654645884109826e+01 2.710506337441355384e+00
1.558678042159244370e+01 3.254845795638011907e+00
1.564355500569475410e+01 3.774750420533575124e+00
1.625432325594340810e+01 -4.173844436658043833e+00
1.622662038959912678e+01 -3.632550978168186617e+00
1.622034155259399668e+01 -3.102896628636813148e+00
1.623280019754977488e+01 -2.573496133101350836e+00
1.621826170209405404e+01 -2.034228044070726327e+00
1.620581550923283132e+01 -1.512775152626595343e+00
1.618831767223825935e+01 -9.825386807562530578e-01
1.618420505066127646e+01 -4.688814426672855973e-01
1.617444539715099694e+01 8.346799485187972323e-02
1.617348946498040974e+01 6.111227444918299057e-01
1.615463260157754988e+01 1.141420662787087537e+00
1.619846264570009708e+01 1.674065374119535932e+00
1.620572261407469483e+01 2.168489546600074647e+00
1.617125271323967084e+01 2.713966729700267422e+00
1.615862466454908386e+01 3.247427138202372277e+00
1.618057613320537413e+01 3.783960791516019384e+00
1.677738865587749473e+01 -4.151264537716469860e+00
1.676616131452189862e+01 -3.615226184784731345e+00
1.676301726561913341e+01 -3.086347023087341768e+00
1.675104908416954785e+01 -2.581972688013667749e+00
1.673223760717890940e+01 -2.040235781468080489e+00
1.674237425571751459e+01 -1.518917467479365513e+00
1.673417511460257501e+01 -9.729140601720693837e-01
1.672940143757525178e+01 -4.462176498760292986e-01
1.671433025828966734e+01 9.152803477093485185e-02
1.671417027991389048e+01 6.145321619120416301e-01
1.669845510935312660e+01 1.131856970363262604e+00
1.672724765122400115e+01 1.660208252778456739e+00
1.668909312077292739e+01 2.185259418502660367e+00
1.669118485685305231e+01 2.736397071046230423e+00
1.669115083033186409e+01 3.258414530848597224e+00
1.670627482150188214e+01 3.784819435191863590e+00
1.731141818267752441e+01 -4.146226414164418728e+00
1.729973019748972618e+01 -3.623768362366904583e+00
1.730076353033994607e+01 -3.093835469488867673e+00
1.728614965904058565e+01 -2.551666024557757595e+00
1.731153486307821865e+01 -2.036267487541273624e+00
1.726991830962621677e+01 -1.524249883927303983e+00
1.728197166210401647e+01 -9.718704888884381887e-01
1.728070221389936734e+01 -4.489162328995455198e-01
1.727210406398371845e+01 8.937950748490663955e-02
1.724213761958823099e+01 5.904478344592654082e-01
1.724474159084302727e+01 1.146430972339516074e+00
1.726149114899582315e+01 1.662957889356828645e+00
1.724724760904731369e+01 2.196457202612389636e+00
1.723066569459110653e+01 2.742324669212813149e+00
1.723764946254637209e+01 3.257219670898251707e+00
1.724008574674959604e+01 3.784989035157536819e+00
1.786092082484534060e+01 -4.150356565820555232e+00
1.784103200122935462e+01 -3.621128719412116226e+00
1.784550677775687433e+01 -3.079084400629618301e+00
1.783067503523035668e+01 -2.577321651631699240e+00
1.782434801859129436e+01 -2.047714980967015208e+00
1.779704511356023744e+01 -1.503824643671606509e+00
1.780592152143637463e+01 -9.779732429198588761e-01
1.780903565406397959e+01 -4.464832177048663198e-01
1.780028857423500455e+01 8.560147981877008760e-02
1.780077077855536771e+01 6.078720358096774135e-01
1.778754789133678216e+01 1.153211613177333561e+00
1.778209197772809347e+01 1.643787426793590356e+00
1.778485960968267321e+01 2.195946916776357227e+00
1.777596815966614940e+01 2.727192966664130580e+00
1.778350606858148808e+01 3.267611030263331884e+00
1.777837176099539107e+01 3.801054285301422198e+00
1.838822317669332307e+01 -4.143147350416169772e+00
1.837852034962504888e+01 -3.631077419181249155e+00
1.838927934749372639e+01 -3.094767789566938987e+00
1.838061701249571911e+01 -2.557330936103607399e+00
1.836674306917301891e+01 -2.045480086664053232e+00
1.837470169200880221e+01 -1.469925949216278838e+00
1.834974097793002201e+01 -9.679893101063221650e-01
1.832805250915507855e+01 -4.464449737163711518e-01
1.833208148936290272e+01 8.931019155858521685e-02
1.833334659144767187e+01 6.039591284182854736e-01
1.833155510017137146e+01 1.147425927383036282e+00
1.831951537516188466e+01 1.672091146369428571e+00
1.832199830036095634e+01 2.187647811571036272e+00
1.831705269191048657e+01 2.730045796307887684e+00
1.830613604784166526e+01 3.265118531051445672e+00
1.832457406483209539e+01 3.775252032607571806e+00
1.891685075610217837e+01 -4.141763393480362154e+00
1.890823304643740244e+01 -3.640454305417181402e+00
1.892632134536938437e+01 -3.091232121978924496e+00
1.890257761782152457e+01 -2.581126561755802129e+00
1.890753597536967945e+01 -2.035554097769011861e+00
1.890691483085365476e+01 -1.504948483743167031e+00
1.888767902766356954e+01 -9.750259063217043831e-01
1.889658437223797449e+01 -4.539950634940979057e-01
1.886969999522737140e+01 8.499575239174461672e-02
1.884939994200020053e+01 6.235609244120965400e-01
1.885778362980562406e+01 1.138024112673143406e+00
1.886580274550985692e+01 1.669631228321726724e+00
1.886406501938578728e+01 2.208366807124949815e+00
1.886193591448154905e+01 2.702474953163580551e+00
1.887842557781674557e+01 3.184022521816231688e+00
1.886079446738258270e+01 3.769104614035764911e+00
1.947081093547637565e+01 -4.182309439427040587e+00
1.945579558808064391e+01 -3.625658496067481806e+00
1.946478708241664890e+01 -3.104549167437417267e+00
1.943325325941189163e+01 -2.577981378986379468e+00
1.942807885492692321e+01 -2.048449935982901593e+00
1.943240054247047865e+01 -1.510524378973851611e+00
1.943958922113363741e+01 -9.792726045737865093e-01
1.942965049192171989e+01 -4.449890150398694288e-01
1.941940328857853970e+01 6.913787833694939877e-02
1.942490053788246129e+01 6.091229711152195136e-01
1.941225028435993849e+01 1.140705790088617277e+00
1.939789335649505375e+01 1.673535464698414188e+00
1.938542073382181741e+01 2.208230168964600892e+00
1.941510238758661444e+01 2.731102768395611946e+00
1.940784997439852333e+01 3.280301163243041884e+00
1.939692161831076334e+01 3.775331344981751158e+00
1.997574916464955308e+01 -4.165383100889167522e+00
2.000148107529469144e+01 -3.635607197468853968e+00
1.999728084538243422e+01 -3.113229681020206030e+00
2.000144702723067169e+01 -2.581832554373676203e+00
1.996791994085416633e+01 -2.045957668281509712e+00
1.998518577886305181e+01 -1.502621937315275602e+00
1.997216830031732115e+01 -9.829068387889883240e-01
1.995608223294259531e+01 -4.421457371158830085e-01
1.995958657252279522e+01 8.521687047539927562e-02
1.995468251220172817e+01 6.140063993401163600e-01
1.994886059752727547e+01 1.124694429623669834e+00
1.996442293480602004e+01 1.618129889200126570e+00
1.994481178349473183e+01 2.212322585647431339e+00
1.993758231453982077e+01 2.720029940461117235e+00
1.993739396574657263e+01 3.270201116272151154e+00
1.992980738350603076e+01 3.758085465008743853e+00
2.054262236429882904e+01 -4.160676784936736539e+00
2.053934230366978397e+01 -3.641480435302534957e+00
2.052739563951217150e+01 -3.111815106513388329e+00
2.051740783434019733e+01 -2.581866500917215035e+00
2.051456522728360810e+01 -2.020899790435407795e+00
2.052194207974606144e+01 -1.496188693923620860e+00
2.051319467914998285e+01 -9.745458370480371002e-01
2.050271624094016332e+01 -4.417066127555457911e-01
2.050706726128466428e+01 9.238638470408133685e-02
2.048692417226004281e+01 6.063473602000399865e-01
2.047990401204271649e+01 1.131522606246793572e+00
2.049573897204533068e+01 1.666864937289659565e+00
2.049267171634334872e+01 2.201516081457867813e+00
2.047031079566658818e+01 2.722160453257259860e+00
2.047834494164628794e+01 3.272173269227245385e+00
2.049102864775114341e+01 3.789715991485284263e+00
2.108538880472626431e+01 -4.161199123231948960e+00
2.105916478491387522e+01 -3.636942153650350562e+00
2.106982345526803613e+01 -3.097892639443273310e+00
2.106755913210352560e+01 -2.562343271980729753e+00
2.104402087521514630e+01 -2.046505506425816634e+00
2.104360111838163760e+01 -1.540851217439701770e+00
2.104914431701644162e+01 -9.762502568448923057e-01
2.102836507099775076e+01 -4.529288369618562626e-01
2.105068608743109593e+01 8.838834712985388364e-02
2.101535414037380178e+01 6.205361432070048977e-01
2.104539977253937622e+01 1.172880978876580826e+00
2.103825356050992212e+01 1.669595227543144489e+00
2.103890439024767289e+01 2.204093478777856774e+00
2.103489393926400908e+01 2.736686407546287114e+00
2.102519286506987584e+01 3.267571731882863872e+00
2.102319234446134288e+01 3.798646967746751812e+00
2.162172711528344138e+01 -4.166648529183824223e+00
2.160400215094862375e+01 -3.642481817503856689e+00
2.160873985559121024e+01 -3.093459415544428381e+00
2.158659398982732114e+01 -2.536955685407605188e+00
2.156974562564840170e+01 -2.041102610767513426e+00
2.160425947584355555e+01 -1.508303139397835224e+00
2.158457994557476667e+01 -9.932265775219590864e-01
2.157500230841949929e+01 -4.524141402653363286e-01
2.158301264275946352e+01 8.681644262083310082e-02
2.156959528844997465e+01 6.109581008993956175e-01
2.157600617763864648e+01 1.145590101846398312e+00
2.156485742480639800e+01 1.671965612344923358e+00
2.157138911702361384e+01 2.206307023672987810e+00
2.155849038846164234e+01 2.758358922321889395e+00
2.156620144932967520e+01 3.267150994650258156e+00
2.155173233888833551e+01 3.801063085482198289e+00
2.216989804918002704e+01 -4.160698062201934277e+00
2.215167993985418349e+01 -3.630826137620813299e+00
2.215276829672145453e+01 -3.102144596912415508e+00
2.213143380787107617e+01 -2.567175377141609260e+00
2.212342682261579085e+01 -2.042213109191283849e+00
2.213295730787444882e+01 -1.511607941125920007e+00
2.213148496541875687e+01 -9.654274113264627033e-01
2.211959712713073145e+01 -4.414200819828195677e-01
2.212956804327982496e+01 9.094290864243248507e-02
2.210839879158263699e+01 6.036448629076112127e-01
2.209771035719830223e+01 1.139372160183931726e+00
2.209345734160383046e+01 1.675966607758560656e+00
2.211465163867699601e+01 2.239520629830114018e+00
2.211642300381606674e+01 2.733449648688488054e+00
2.210118554937375990e+01 3.258783266752029562e+00
2.208813398753887469e+01 3.789178294629724775e+00
2.270024483038353935e+01 -4.164780207341559404e+00
2.267708644180193289e+01 -3.625848570834849127e+00
2.267954177286825512e+01 -3.091733061807106608e+00
2.267074484277194557e+01 -2.563823866830254872e+00
2.267431194284142748e+01 -2.037764656090960358e+00
2.267359080554546580e+01 -1.507468653700644978e+00
2.267912024869224297e+01 -9.741887040603778303e-01
2.265615590929772338e+01 -4.377781596605565539e-01
2.265722866850786943e+01 9.430525594613570206e-02
2.265642734155909466e+01 6.068834276143526552e-01
2.266092773554613160e+01 1.147122499566400222e+00
2.263843318191332799e+01 1.687504643696744466e+00
2.265061612434338656e+01 2.238151338178777650e+00
2.265619743392695540e+01 2.745071532097615119e+00
2.262947782546343234e+01 3.253859348993834999e+00
2.261746977394093960e+01 3.780770232851498491e+00
2.322295886709772361e+01 -4.172612602202226739e+00
2.323356569615859257e+01 -3.642544340892248655e+00
2.320443816329977693e+01 -3.109779416135454611e+00
2.321604146356447984e+01 -2.573681170833808096e+00
2.322184910305853833e+01 -2.058430851085532254e+00
2.320758210572234503e+01 -1.509157331110714040e+00
2.320799367077153619e+01 -9.824915781014631477e-01
2.322227991080818299e+01 -4.754948027241212571e-01
2.320591241991218112e+01 9.711308725076150949e-02
2.317857552460672110e+01 6.105623430994953083e-01
2.317203605838851388e+01 1.140431121252778013e+00
2.317477457108029881e+01 1.692695153737705738e+00
2.319063311564855923e+01 2.226769524018958890e+00
2.317721640648261427e+01 2.748613620469413377e+00
2.318675675943197945e+01 3.250151820357537247e+00
2.318118461109624207e+01 3.781261162106904550e+00
2.376562459058762045e+01 -4.167705698949419002e+00
2.374902334985510777e+01 -3.645261263284357511e+00
2.375391423810440017e+01 -3.100739969339514346e+00
2.376975712387614692e+01 -2.571008701349931869e+00
2.375717630682297710e+01 -2.042867838205634001e+00
2.373812580997834942e+01 -1.493030531064043487e+00
2.375195907584330968e+01 -9.612029750136379391e-01
2.373552661661219787e+01 -4.395276553852092150e-01
2.372739827136662427e+01 7.170853161327883640e-02
2.373820557662060082e+01 6.081865280913447691e-01
2.370948877446222980e+01 1.137941642966520561e+00
2.371100469012058198e+01 1.705441790509940603e+00
2.369781502916985261e+01 2.212184503875107566e+00
2.370692158935742100e+01 2.736436123699270695e+00
2.370722065268654433e+01 3.276120569916713521e+00
2.369831016472456042e+01 3.790712327112675695e+00
2.429027183998493911e+01 -4.179649939555066140e+00
2.430338221257101594e+01 -3.622709737978830447e+00
2.429521099965489128e+01 -3.109118313401088685e+00
2.428824832723967120e+01 -2.570042321499130367e+00
2.427623201198503722e+01 -2.030477898399400516e+00
2.426940287606610980e+01 -1.499388883118982108e+00
2.427156004639947184e+01 -9.736145327073479905e-01
2.427011900278564127e+01 -4.473013063385380406e-01
2.427200292475587418e+01 7.926130150220345172e-02
2.426019553365518533e+01 6.155525587774910434e-01
2.426725641253131727e+01 1.138031999984530529e+00
2.426302457226656628e+01 1.680330388968659605e+00
2.424326915141851657e+01 2.217521324178989062e+00
2.427240975178221305e+01 2.719231651238260383e+00
2.424835699369302944e+01 3.256909564513851052e+00
2.424982788242031972e+01 3.794096712484243739e+00
2.484044445389161382e+01 -4.172001988044819143e+00
2.483450101690386447e+01 -3.632711607087214745e+00
2.483047351241960854e+01 -3.098614489863571464e+00
2.482541678758561687e+01 -2.582175115445707547e+00
2.482210510429260353e+01 -2.026807035019206893e+00
2.481559532728437745e+01 -1.504130752053583819e+00
2.481274025114122139e+01 -9.815288634218468644e-01
2.478724452133943146e+01 -4.489573376734412591e-01
2.478515580715428968e+01 9.464684385814692291e-02
2.479051194149285209e+01 6.193495285226227054e-01
2.479101433283819489e+01 1.126443875256228466e+00
2.479384542355771259e+01 1.674414710713161725e+00
2.484806264928970876e+01 2.204996364505632300e+00
2.481161199082087165e+01 2.739573872334155169e+00
2.479487452566217343e+01 3.277368124270019223e+00
2.477286241301138148e+01 3.783469862772403047e+00
2.535467767988608045e+01 -4.164261951081716262e+00
2.536083610433555435e+01 -3.626630941877829528e+00
2.535863779163772591e+01 -3.096759630880198344e+00
2.535144924772484387e+01 -2.591051216045276107e+00
2.535986510521082948e+01 -2.031024139553615271e+00
2.533841772117866498e+01 -1.501317125692789745e+00
2.534802814628743306e+01 -9.820150202337387668e-01
2.535136217310271434e+01 -4.417259796983437070e-01
2.534046468677647113e+01 7.998548958418538746e-02
2.534059975023084377e+01 6.122243984969131247e-01
2.535012517578332591e+01 1.144425282444274217e+00
2.533077320573053726e+01 1.676740435110271932e+00
2.533149699914044817e+01 2.204971097552064663e+00
2.535955718596101605e+01 2.735729838227246802e+00
2.532501468379419407e+01 3.264740976532088723e+00
2.530928838379470847e+01 3.796675212337337513e+00
2.591917049241003923e+01 -4.165941014619479077e+00
2.588850679609503658e+01 -3.633818828613902596e+00
2.590274225588752444e+01 -3.100745406211624200e+00
2.589209679516343954e+01 -2.574945754132620834e+00
2.588637753578187528e+01 -2.033541705409309230e+00
2.587306147896671149e+01 -1.516493191445793087e+00
2.587186525869361020e+01 -9.746542363894050709e-01
2.588446020988272522e+01 -4.393235565724005198e-01
2.588760690667783138e+01 8.722716233189231616e-02
2.587896612887126224e+01 6.103924803138625066e-01
2.587430227117607018e+01 1.143283274806670136e+00
2.587186976310965747e+01 1.679392960843593130e+00
2.588254881147502573e+01 2.214154466327713067e+00
2.587712925998282998e+01 2.729061638231463860e+00
2.588036107572789035e+01 3.257197378167123958e+00
2.588432764637272498e+01 3.792271866775063671e+00
2.646088275202126283e+01 -4.158973444535627451e+00
2.641970928881438851e+01 -3.670116589857762790e+00
2.643227585572635974e+01 -3.093516996691679566e+00
2.642533165451877153e+01 -2.576098518598531228e+00
2.643260499021398147e+01 -2.043164804848164096e+00
2.645020341129897901e+01 -1.520744587995064734e+00
2.644455285887543994e+01 -9.681095930302703323e-01
2.641745727912052644e+01 -4.342920918703647715e-01
2.642530448321044645e+01 8.237523806541702243e-02
2.640024899773877820e+01 6.199886957532001475e-01
2.640430662698845055e+01 1.133405952866272770e+00
2.642713761814875539e+01 1.686934083396412376e+00
2.641167664214690802e+01 2.210056106559502354e+00
2.638973423319349365e+01 2.720254645540343574e+00
2.638477396018512877e+01 3.254409432548346359e+00
2.639214226062850344e+01 3.803091728531569515e+00
2.697180339550362049e+01 -4.160122434082275333e+00
2.697598216108642077e+01 -3.633856722378359549e+00
2.698309818896142787e+01 -3.111427968273901001e+00
2.697376757589958629e+01 -2.576606583617319757e+00
2.697494939744121467e+01 -2.028533365396913979e+00
2.697344221828532795e+01 -1.525228595067648740e+00
2.696765627029767387e+01 -9.881092957382016095e-01
2.698269648909113982e+01 -4.329417581916459312e-01
2.695364084008475203e+01 7.389825227561885868e-02
2.695943250672438296e+01 5.963845791688626718e-01
2.696417318713341160e+01 1.134491591888441064e+00
2.694868873823226352e+01 1.675069454241569389e+00
2.693349842054840337e+01 2.219606728620838965e+00
2.694568043744614982e+01 2.753126274931791073e+00
2.694705322845496198e+01 3.252521380730808431e+00
2.693574610090139032e+01 3.800944894035957589e+00
2.750322276144022027e+01 -4.172372846814999647e+00
2.750919377167045354e+01 -3.645468613876941433e+00
2.751261181555425850e+01 -3.110100596125873196e+00
2.750502493769644730e+01 -2.565230518139397731e+00
2.752122279420812134e+01 -2.028184431105835017e+00
2.751046845649467087e+01 -1.516702897195813193e+00
2.749846696585607475e+01 -9.734823531006249198e-01
2.750534748287058306e+01 -4.365448077922167158e-01
2.749247606042164449e+01 9.152462918680015491e-02
2.749130093794670415e+01 6.236643875124947556e-01
2.751252788687807538e+01 1.164896767852152237e+00
2.749577689380112133e+01 1.668948865757474920e+00
2.749068891363602773e+01 2.213405609180004063e+00
2.748786408662790137e+01 2.717118844261985799e+00
2.747109029541284997e+01 3.254950494701876806e+00
2.747198493656934204e+01 3.811151636100412077e+00
2.804539350245765661e+01 -4.155941590777224803e+00
2.803298032780643467e+01 -3.644793534601145524e+00
2.802458804688268401e+01 -3.116727014994298273e+00
2.804448790857057361e+01 -2.573827340168033828e+00
2.802928365615738926e+01 -2.037313889306680892e+00
2.805770585211989498e+01 -1.511026784432306869e+00
2.804413091599968055e+01 -9.786325974053262655e-01
2.803175977558932175e+01 -4.496980866004314237e-01
2.803198252672290636e+01 8.260405388577041208e-02
2.803178581859010876e+01 6.201469750643298084e-01
2.803872447319997718e+01 1.155000776675869645e+00
2.802208619942566514e+01 1.680661546143586094e+00
2.800551478927877724e+01 2.218737362354833209e+00
2.801482753558864403e+01 2.746980649680146769e+00
2.801279896484788878e+01 3.274136733131467025e+00
2.800479873245636497e+01 3.802517739393447727e+00
2.857675245119628471e+01 -4.158764297378571229e+00
2.859622016876479478e+01 -3.652437922528230629e+00
2.859352308163271061e+01 -3.099483181655129371e+00
2.858102266500927868e+01 -2.557135938885551241e+00
2.857410566032655197e+01 -2.038228435111271608e+00
2.858499236654774478e+01 -1.498438446464341212e+00
2.857179256461774486e+01 -9.703096130383777052e-01
2.856284847246092085e+01 -4.448919708711684962e-01
2.856734158345950902e+01 8.852686543541921083e-02
2.857311503695196819e+01 6.432798544526505680e-01
2.857080229450887998e+01 1.154947796174845109e+00
2.856292963957479003e+01 1.661951552670384302e+00
2.855387053703140054e+01 2.196649335143440851e+00
2.857062767969232198e+01 2.736002174169858137e+00
2.856876971347625016e+01 3.279991838417785743e+00
2.855386818194270404e+01 3.825749390230189562e+00
