1.073392583574258197e+01 -4.137495941829110180e+00
1.073634107725717257e+01 -3.625078503915252881e+00
1.069867942111844172e+01 -2.598113189156872949e+00
1.070541325114060527e+01 -2.048589014002974551e+00
1.071160268309158070e+01 -1.522445582358535887e+00
1.069756660208025778e+01 -1.003699029330750392e+00
1.068950241200577267e+01 -5.008260783972140473e-01
1.064125587141833407e+01 5.897220718874578438e-01
1.067099951124513879e+01 1.121284245681248848e+00
1.065386508458087178e+01 1.623739395937501939e+00
1.065687625517216830e+01 2.153092889324462078e+00
1.065321884274953490e+01 2.684897323769632749e+00
1.062885169595706714e+01 3.209161463430696415e+00
1.065656960714144574e+01 3.733956393370714721e+00
1.128506517865195846e+01 -4.152733759523819401e+00
1.126115901718137380e+01 -3.656272929994580423e+00
1.126313926498061946e+01 -3.112424908663694367e+00
1.125514190746939747e+01 -2.050378883048210810e+00
1.122685559390136589e+01 -1.531775266316639517e+00
1.122256491196242578e+01 -1.006624084287256693e+00
1.119740802274676739e+01 -4.821400065935499413e-01
1.120241140254766066e+01 3.837004132338606155e-02
1.120832477942001049e+01 5.920109847974295292e-01
1.119118878520932370e+01 1.627928345166942847e+00
1.116880907045520743e+01 2.178472152771078640e+00
1.119684277705164988e+01 2.680445966029640914e+00
1.118879932280151124e+01 3.237085875581893646e+00
1.115122469764895996e+01 3.747951371720056102e+00
1.180202010455976236e+01 -4.143838053311334590e+00
1.183101176400762355e+01 -3.640218479111315020e+00
1.179570625045843357e+01 -3.082978291459582465e+00
1.179523880500238064e+01 -2.578519594295610062e+00
1.178124060206290125e+01 -2.059835642117427312e+00
1.178137824399167854e+01 -1.536138439655200472e+00
1.176835168806139009e+01 -1.009098627714969609e+00
1.176949631024903908e+01 -4.731744138607005823e-01
1.174319148009491443e+01 4.840504749241247850e-02
1.175222366691849274e+01 5.573136824168933856e-01
1.173834345785136435e+01 1.095096880611738044e+00
1.172974776516538853e+01 1.646042673258655498e+00
1.172842145703129546e+01 2.175694829849774692e+00
1.171288505769565802e+01 2.683681634695012974e+00
1.172306723079785229e+01 3.238795739105917448e+00
1.170913483198294003e+01 3.761473321917350177e+00
1.234218144932712136e+01 -4.136764685304232358e+00
1.236122487225369682e+01 -3.623608658050219589e+00
1.234317483314742958e+01 -3.100128140879663263e+00
1.234690059222007363e+01 -2.570788721224658957e+00
1.233791357145533496e+01 -2.043281058610062928e+00
1.231593362348831278e+01 -1.528120945055359670e+00
1.232297246700721871e+01 -4.700997719776012218e-01
1.228817698047321016e+01 5.767898563104978393e-02
1.231558180717852480e+01 5.926110836302100893e-01
1.230493680188880035e+01 1.095661230745740511e+00
1.228749844521696133e+01 1.657634495147561893e+00
1.227495643735335307e+01 2.168631682301082719e+00
1.225942436807221725e+01 2.693894691129738561e+00
1.226652824615749893e+01 3.231981769932865234e+00
1.227603244232057733e+01 3.745595278128124761e+00
1.290181060936554047e+01 -4.156182518951649030e+00
1.288828858192788829e+01 -3.615560509388764387e+00
1.287107466326435912e+01 -3.065243933308188673e+00
1.289812896145017262e+01 -2.571867843000752885e+00
1.288282175674053320e+01 -2.039005789519649170e+00
1.287246821131146035e+01 -1.537429239728666630e+00
1.286867943324044816e+01 -9.828644443533782749e-01
1.285480197885257070e+01 -4.700929099874109340e-01
1.285183691111644677e+01 8.237168948045336947e-02
1.285527939112823859e+01 6.044100944992969460e-01
1.283519875166071600e+01 1.118485778894129368e+00
1.279686848620591988e+01 1.618127201066883458e+00
1.280828552094584083e+01 2.174844283348704721e+00
1.281936297516426748e+01 2.706178738410557116e+00
1.281792017313313536e+01 3.225731720011371095e+00
1.283380391102673812e+01 3.737944982751795209e+00
1.343518745498102263e+01 -4.172511967197118921e+00
1.342477003455103102e+01 -3.651546958997180070e+00
1.345158032127642755e+01 -3.104948519286477193e+00
1.344055838143909654e+01 -2.569088044150404926e+00
1.340679216012516761e+01 -2.050954503061188205e+00
1.342752162379396097e+01 -1.541030714817761549e+00
1.341132516534137764e+01 -9.882796255875092584e-01
1.341320496951342278e+01 -4.975606657991349380e-01
1.337277838362498983e+01 6.800167984184213310e-02
1.339872381293948678e+01 6.085560626566319797e-01
1.340106417224997415e+01 1.118537979802994187e+00
1.337505861557880849e+01 1.606181884562722928e+00
1.335731789761009125e+01 2.166124696211461753e+00
1.338111442118178118e+01 2.739013653161109119e+00
1.338069562984649252e+01 3.222070428777193740e+00
1.337900286061392663e+01 3.759985904632767273e+00
1.400479053117424399e+01 -4.167662649803197894e+00
1.398669287391201976e+01 -3.647461560754496901e+00
1.399492668781732263e+01 -3.104185227548327930e+00
1.397663550080902439e+01 -2.574082340940822888e+00
1.397225941171943475e+01 -2.041932053942566938e+00
1.396478810585244545e+01 -1.501206227780148339e+00
1.397066097788198036e+01 -9.716991425747494304e-01
1.397071724396800718e+01 -4.425552369433667366e-01
1.395413780079695698e+01 5.589845382149505326e-02
1.394139274429304720e+01 6.018230385270371130e-01
1.392635915997809448e+01 1.114750967056870934e+00
1.393661697029342150e+01 1.642899727500108042e+00
1.392035166005332414e+01 2.164828207840361785e+00
1.392152566220991261e+01 3.245601282629571926e+00
1.391792158822438452e+01 3.777363566154988916e+00
1.456516167370755355e+01 -4.147449554342268030e+00
1.455272020383235798e+01 -3.626683577379235857e+00
1.453648322195973108e+01 -3.110229731828715316e+00
1.450225568320313840e+01 -2.573820919473824631e+00
1.451302310585107236e+01 -2.044137549174578794e+00
1.452236096078484096e+01 -1.494612150865858524e+00
1.451496521717763244e+01 -9.706709745327408712e-01
1.449345154591213003e+01 -4.433455942313031528e-01
1.447086937733180179e+01 7.147372546689112482e-02
1.447887113040684781e+01 5.907518909128768314e-01
1.447702887363558233e+01 1.126264492504638781e+00
1.445739667414581220e+01 1.646424647527119589e+00
1.444659326307255398e+01 2.174368136987880007e+00
1.448856992447856129e+01 2.713598555117755495e+00
1.442822613692313283e+01 3.230931148635949768e+00
1.447626718095253295e+01 3.789775411741072020e+00
1.512015550141039455e+01 -4.157082362515930996e+00
1.508460871597948127e+01 -3.622866027584825233e+00
1.508246254823244925e+01 -3.117893494871163185e+00
1.506350799712515354e+01 -2.569318778790762536e+00
1.505293357697311407e+01 -2.013619903149599821e+00
1.505394344113386751e+01 -1.507484600502742467e+00
1.505184265460263404e+01 -9.906947879663192680e-01
1.504098799293897670e+01 -4.415754222858758737e-01
1.502648732585434033e+01 7.331749220774241849e-02
1.501217596278014099e+01 5.864215499719271918e-01
1.501288471533281665e+01 1.113418905439338857e+00
1.499500539506297869e+01 1.654229474438821512e+00
1.498889302298724502e+01 2.205206960799390714e+00
1.499514464566501104e+01 2.699711054079653394e+00
1.496750408925390019e+01 3.762925527539216830e+00
1.565858841475169783e+01 -4.169860363010608140e+00
1.562212638483075722e+01 -3.648015024273265183e+00
1.561646143668670916e+01 -3.118815235364358784e+00
1.560866459576474341e+01 -2.565841435778207114e+00
1.559646881956899733e+01 -2.048265876397294960e+00
1.559570403350205225e+01 -1.527949464387695855e+00
1.559539189712132767e+01 -9.797493306620737030e-01
1.557058206229908848e+01 -4.333245862091885670e-01
1.556921318626728024e+01 6.722251034911863599e-02
1.557585230208236382e+01 6.034912238242249316e-01
1.556616216080026405e+01 1.127113102732614891e+00
1.557879177767000556e+01 1.637714866192276020e+00
1.557152230237156942e+01 2.177775987790649737e+00
1.552320195128183045e+01 2.700441404262363676e+00
1.549817569766592129e+01 3.245500915345655102e+00
1.556417844587377886e+01 3.763991042351008787e+00
1.619791323297669905e+01 -4.166387968908646044e+00
1.616705724490417140e+01 -3.621894332801236516e+00
1.615689078448535199e+01 -3.095371742315606411e+00
1.617114999727873581e+01 -2.565820007991323592e+00
1.615490501071237617e+01 -2.026801400313665624e+00
1.613936247283493230e+01 -1.507426226889194254e+00
1.611753459469401761e+01 -9.786321349932443070e-01
1.611215935355362205e+01 -4.689578808925460862e-01
1.610375661524480861e+01 7.967600652768069835e-02
1.609969225655780534e+01 6.115935554797466978e-01
1.607870964649473677e+01 1.140326254286627261e+00
1.612561428909154415e+01 1.672583687473299108e+00
1.613286506705770407e+01 2.159541407810650071e+00
1.608785944799424428e+01 2.706091889594720357e+00
1.607663904316055437e+01 3.238241919370587141e+00
1.609906613350992899e+01 3.778158092419900527e+00
1.672186985894834876e+01 -4.135631451402646874e+00
1.670907826692918974e+01 -3.603284493642638253e+00
1.670436054716482843e+01 -3.076951758601811804e+00
1.668908770276596343e+01 -2.571774641637446734e+00
1.667058504703346244e+01 -2.035217885886240197e+00
1.667826365042136416e+01 -1.518104006382049675e+00
1.666486366511025707e+01 -9.672691668470250193e-01
1.666173888976748430e+01 -4.421556414594824957e-01
1.664363706055780412e+01 9.143961594497085343e-02
1.664130130185090550e+01 6.139789448388057735e-01
1.662337498685968029e+01 1.127561726518749197e+00
1.665047689926559471e+01 1.656695411944152596e+00
1.661221313600941230e+01 2.177616950195350398e+00
1.661311173852283218e+01 2.732373632676427633e+00
1.660962815486910316e+01 3.251742899215653182e+00
1.662903826645224470e+01 3.774183385495597065e+00
1.725817222176514676e+01 -4.132333843454212285e+00
1.724217283313181781e+01 -3.611311727889134460e+00
1.724099402820576543e+01 -3.082659236760138199e+00
1.723084866380298763e+01 -2.541018052952455974e+00
1.724885280773793284e+01 -2.028515412595790934e+00
1.720530189925259279e+01 -1.521341525264073624e+00
1.721737735562939520e+01 -9.671975352440185247e-01
1.721656474829909556e+01 -4.473253741224816338e-01
1.720597582112242563e+01 9.011139062808126710e-02
1.717127526722055109e+01 5.888240577525394315e-01
1.717306985256419694e+01 1.142735936417516029e+00
1.719133310603965370e+01 1.657612402355482573e+00
1.717308153109998869e+01 2.191503879131094124e+00
1.715490159529451475e+01 2.737039538575174902e+00
1.716281197934356584e+01 3.249424022786346455e+00
1.716392008069621866e+01 3.778133441948522631e+00
1.781180900478070228e+01 -4.136808009988696355e+00
1.778766999538710181e+01 -3.607142502849500332e+00
1.779067303573643954e+01 -3.066887506350241210e+00
1.777280309258932789e+01 -2.570806765905675917e+00
1.776514241157059715e+01 -2.042898671196482496e+00
1.773297303435752781e+01 -1.497948681244828606e+00
1.774136085765892190e+01 -9.734182724795417130e-01
1.774460855801935466e+01 -4.432197011311345136e-01
1.773424091844821504e+01 8.658132888408687222e-02
1.773320468581293952e+01 6.066774231142950669e-01
1.771751475653566033e+01 1.153519615012221777e+00
1.771006564001771366e+01 1.636373291115639006e+00
1.771263865389229863e+01 2.192027074394786723e+00
1.770432195604205106e+01 2.722757683600576684e+00
1.770903289987344564e+01 3.261235840271318409e+00
1.770477045434816077e+01 3.795551813552307863e+00
1.833639865285939763e+01 -4.127379042311575930e+00
1.832468177424988909e+01 -3.617458239262720809e+00
1.833672549308407085e+01 -3.083973707876813464e+00
1.832557491878603528e+01 -2.546925664981174009e+00
1.830642225696622205e+01 -2.039322976266539911e+00
1.831681025762405568e+01 -1.460385988193230844e+00
1.828784499116480333e+01 -9.631773883387886315e-01
1.826265394968846323e+01 -4.430976781856514890e-01
1.826536513877537260e+01 8.959218690070613889e-02
1.826619889422407184e+01 6.034858648606800102e-01
1.826150056239824693e+01 1.146890683890010365e+00
1.824817074392526806e+01 1.666585082357201486e+00
1.824887271184107007e+01 2.182355207402849828e+00
1.824216911232566929e+01 2.726574864907401974e+00
1.823235496411446022e+01 3.258165417452087098e+00
1.825286509741064123e+01 3.765221064118787098e+00
1.886186434438558024e+01 -4.127834834196114855e+00
1.885775604942573480e+01 -3.629528378401701616e+00
1.887408562774987786e+01 -3.079511448515429350e+00
1.884725410379267174e+01 -2.574861254503808539e+00
1.885002980429546682e+01 -2.030112529842735825e+00
1.885085368234661729e+01 -1.499269386809896076e+00
1.882813153753777158e+01 -9.730754181325345087e-01
1.883450569441008327e+01 -4.518402145035835815e-01
1.880616886972961055e+01 8.516739374882575930e-02
1.878533977480717354e+01 6.237551737329418700e-01
1.879240384818399789e+01 1.137481158624709110e+00
1.879803802425162473e+01 1.666876120862145427e+00
1.879430606781384583e+01 2.203006916485058753e+00
1.878851543626833376e+01 2.693363507287681813e+00
1.880871486686345762e+01 3.165964665381217458e+00
1.879071570645576017e+01 3.758030165522775690e+00
1.943067082111707222e+01 -4.165150456656537159e+00
1.940705410463775848e+01 -3.615577284105995659e+00
1.941395976360607278e+01 -3.095529838976601056e+00
1.938016163943787262e+01 -2.567823198469596946e+00
1.937276920093969679e+01 -2.041972225941933061e+00
1.937522636781708130e+01 -1.504650344676413454e+00
1.938439997136826776e+01 -9.758821777086055249e-01
1.937103272134200793e+01 -4.430648796858527305e-01
1.935679202272038069e+01 7.014169753676213759e-02
1.936113304194896401e+01 6.093262383600404064e-01
1.935057772977512514e+01 1.136349971846964735e+00
1.933096527456464742e+01 1.672787059267296428e+00
1.931426483781162773e+01 2.206915383031923028e+00
1.935045876718520219e+01 2.726777567359981447e+00
1.933857509745734049e+01 3.270963380228739226e+00
1.932850907218892900e+01 3.767834475092186608e+00
1.992919347846505218e+01 -4.155282863330210574e+00
1.995456264893809362e+01 -3.624173589083607538e+00
1.994883876450640869e+01 -3.103399710499559205e+00
1.995359200082976514e+01 -2.574285573151616546e+00
1.991426945927251069e+01 -2.041256900112255579e+00
1.993188253158907131e+01 -1.496286503935323253e+00
1.991772480915027543e+01 -9.755184136581860344e-01
1.989701862809193145e+01 -4.399730369224847948e-01
1.989893256840443314e+01 8.739568224704186150e-02
1.989532757596309764e+01 6.147688838406217826e-01
1.988803817428221521e+01 1.120728042720216422e+00
1.989546094938921428e+01 1.625939361034088648e+00
1.987921006641324340e+01 2.208747675051466075e+00
1.987037474034096718e+01 2.713444954388613439e+00
1.986977234466607101e+01 3.263525161913580774e+00
1.986135194930123049e+01 3.746631511676053350e+00
2.049809394034393506e+01 -4.149309394056681199e+00
2.049264382958254771e+01 -3.631494997089038890e+00
2.048045006784659705e+01 -3.102613471135462930e+00
2.046834335159699592e+01 -2.573898141980809129e+00
2.046381766617645326e+01 -2.012083182120623093e+00
2.046917298755434089e+01 -1.489880584957017362e+00
2.045830323780100102e+01 -9.698535651177131456e-01
2.044654200499150321e+01 -4.408753943253849172e-01
2.045163447987131633e+01 9.424146270530542324e-02
2.042922798189941247e+01 6.072960255857751122e-01
2.041908663380198163e+01 1.129700773589608076e+00
2.043257812939037521e+01 1.664960559607226998e+00
2.043064613314624012e+01 2.196103640663910284e+00
2.040640299107267808e+01 2.715332820189800600e+00
2.041477735890590139e+01 3.267842315487605731e+00
2.042794654813837951e+01 3.783770669609058501e+00
2.104472067197754370e+01 -4.149620455020368581e+00
2.101151615539025386e+01 -3.626232193404957727e+00
2.102457170979358381e+01 -3.086064438403843369e+00
2.102137669592396207e+01 -2.552895505544306332e+00
2.099370283915190782e+01 -2.040156419007658428e+00
2.098774446357835899e+01 -1.533590758795835285e+00
2.099689959727800215e+01 -9.739834982030295407e-01
2.097209629540437703e+01 -4.494265468770777261e-01
2.099569506293426713e+01 9.166807538282029100e-02
2.095610747261271456e+01 6.225913057452103772e-01
2.098931143436640667e+01 1.174296261083949133e+00
2.097853311130970155e+01 1.666457175202385343e+00
2.097970765251590564e+01 2.200287296802642345e+00
2.097421473993928487e+01 2.730882360383095175e+00
2.096432179620100555e+01 3.261926281369301961e+00
2.096152351144921511e+01 3.793061214156917771e+00
2.158067891910613412e+01 -4.154340185465793311e+00
2.155767785379335066e+01 -3.629524425176148483e+00
2.156469074072852266e+01 -3.082835714029499741e+00
2.154104972858871747e+01 -2.531282048255469874e+00
2.151758032963454070e+01 -2.036698574256785577e+00
2.155407304083181685e+01 -1.504990610406171214e+00
2.153071168877464459e+01 -9.882753890059738922e-01
2.152203193500592704e+01 -4.494210449099966809e-01
2.153092166277414776e+01 8.815338998777733082e-02
2.151500719116839377e+01 6.107124461328190534e-01
2.152219083076254691e+01 1.144130695156093225e+00
2.150724860349473744e+01 1.669676141138111802e+00
2.151397303918721349e+01 2.203867508770610328e+00
2.149828236967852746e+01 2.760782841443401026e+00
2.150631959590486275e+01 3.262592738276598681e+00
2.148900692823974623e+01 3.795108615006853370e+00
2.213101389174782696e+01 -4.149059241266742859e+00
2.210959524913865692e+01 -3.618746422835643628e+00
2.210938816696815934e+01 -3.090907063781022757e+00
2.208638187081619009e+01 -2.556286817891688656e+00
2.207267807571759732e+01 -2.036369115185845402e+00
2.208581821074524498e+01 -1.506829647577795583e+00
2.208285010817532878e+01 -9.609719177226629938e-01
2.206880992181528001e+01 -4.378127958052608903e-01
2.207753199921524612e+01 9.217118985678496301e-02
2.205179075593005678e+01 6.033571597915674545e-01
2.203977711342469803e+01 1.139975287033326623e+00
2.203748543384891434e+01 1.676006731086985724e+00
2.205875407240182540e+01 2.240368419943454370e+00
2.205739351018137739e+01 2.722873716556701851e+00
2.204264022655664945e+01 3.252151062180306695e+00
2.202804442625294001e+01 3.784206511252889982e+00
2.266196584885560128e+01 -4.152036803383694519e+00
2.263674353742585055e+01 -3.614781443706753805e+00
2.263678662717758527e+01 -3.082417690883771044e+00
2.262491701103844832e+01 -2.554219273420169856e+00
2.262579592654759608e+01 -2.032193796553940501e+00
2.262692413829137905e+01 -1.501994655305004756e+00
2.263341940752345494e+01 -9.688158381458435997e-01
2.260562665295132234e+01 -4.352212981311005535e-01
2.260571401945431091e+01 9.668661669562439442e-02
2.260219528414408785e+01 6.081527597153950637e-01
2.260745108012174853e+01 1.147127073760721316e+00
2.258306426405359701e+01 1.686185731430100532e+00
2.259846646810370885e+01 2.240563071445063059e+00
2.260046049204837004e+01 2.738202254461594265e+00
2.257112649379448754e+01 3.246408237868902091e+00
2.255841357699151217e+01 3.772146900368777978e+00
2.318322178394637945e+01 -4.160322247167584919e+00
2.319397392928829760e+01 -3.631936597460125427e+00
2.315976428490800032e+01 -3.100733921617552014e+00
2.317347682101083706e+01 -2.566100911792659645e+00
2.317549159704929451e+01 -2.049708289994264021e+00
2.316232835825962866e+01 -1.505605070206783580e+00
2.316134053448920582e+01 -9.793402255154894931e-01
2.317766484468765498e+01 -4.735987809936155202e-01
2.315605221675932057e+01 9.946621648345654876e-02
2.312542020636379902e+01 6.113321958209567697e-01
2.311940708171046310e+01 1.141440800897651542e+00
2.312119095045283501e+01 1.690998877498852693e+00
2.313889191093642239e+01 2.227500178794134200e+00
2.312381577467382954e+01 2.743823279344805854e+00
2.313268505968968469e+01 3.246528890955602265e+00
2.312483140373974777e+01 3.774616913898853454e+00
2.372831995840094521e+01 -4.155476942043557997e+00
2.370910484566061882e+01 -3.634455240265971554e+00
2.370886571467229942e+01 -3.089201467633337472e+00
2.372791268477169524e+01 -2.563196504941839038e+00
2.371313561518819313e+01 -2.034962759233295060e+00
2.369213886837369643e+01 -1.485174057424298866e+00
2.370406034553608521e+01 -9.553676027491313505e-01
2.368863359714840300e+01 -4.328697973215334116e-01
2.367822266333237735e+01 7.456637061926230103e-02
2.368692993154535031e+01 6.100377771568616936e-01
2.365749673102143902e+01 1.142254503329017012e+00
2.365921549077823727e+01 1.705122741210882253e+00
2.364114037156355153e+01 2.212022988669424706e+00
2.365307997549481200e+01 2.733957636706563221e+00
2.365121090690197292e+01 3.272867369234738533e+00
2.364106456228262942e+01 3.783421278310918012e+00
2.425052655063512930e+01 -4.170002035015663466e+00
2.426343566656318984e+01 -3.611281107514038524e+00
2.425424492755770700e+01 -3.099481547532819903e+00
2.424660108346470366e+01 -2.559560878335496170e+00
2.423206469574028432e+01 -2.021704800930542945e+00
2.422529974100001482e+01 -1.490859531599937782e+00
2.422381722846835572e+01 -9.678647049395223689e-01
2.422314978422709686e+01 -4.418750532363873162e-01
2.421969362534014181e+01 8.310087623550899139e-02
2.420860205740957838e+01 6.166047389601523321e-01
2.421629991524523717e+01 1.138145873258004315e+00
2.421250374843679509e+01 1.679441508001058736e+00
2.419574857350346520e+01 2.223029581295534740e+00
2.422048991650591887e+01 2.716331287952971962e+00
2.419538194730322545e+01 3.253265953630855023e+00
2.419661242018638347e+01 3.787973475738326101e+00
2.480233731708313627e+01 -4.156882752337587306e+00
2.479589324957396457e+01 -3.620085213512400202e+00
2.479077323372321473e+01 -3.090954751768911990e+00
2.478492485298935577e+01 -2.572856130385417828e+00
2.477895439720988691e+01 -2.018386384565634017e+00
2.477182047128590625e+01 -1.497049857463416345e+00
2.476749861343728298e+01 -9.774460172833130400e-01
2.473916187286882717e+01 -4.428788166345896116e-01
2.473564473379557427e+01 9.965598538829567588e-02
2.473930852499763233e+01 6.219625687619441123e-01
2.474269396578485924e+01 1.126964254470461668e+00
2.474599604100714600e+01 1.675691824926492046e+00
2.480648982489404375e+01 2.205736340644772753e+00
2.476364105547092720e+01 2.737815942678079040e+00
2.474436025376520121e+01 3.273162153636924643e+00
2.472000395429109432e+01 3.776095700193174309e+00
2.531636933206628726e+01 -4.153086121422443711e+00
2.532201654774920030e+01 -3.614902126382396830e+00
2.531985383992854821e+01 -3.087127161945828036e+00
2.531306279396865477e+01 -2.579516051446301361e+00
2.531646738138901043e+01 -2.022763638086292559e+00
2.529598484171685158e+01 -1.493292545376366576e+00
2.530295421380297682e+01 -9.749275397854759717e-01
2.530637946749136802e+01 -4.366389322457635558e-01
2.529471065630606574e+01 8.300853118610262982e-02
2.529445346925054849e+01 6.133321190393026257e-01
2.530287590422673105e+01 1.145564014640417128e+00
2.528317271645394726e+01 1.676838123656963830e+00
2.528302976875841779e+01 2.203889847930849299e+00
2.531419556361005618e+01 2.735053186440840278e+00
2.527673452121199915e+01 3.260221387332641996e+00
2.525747805750389574e+01 3.790647292351472686e+00
2.588610887300908558e+01 -4.152016387275821785e+00
2.584952893299482213e+01 -3.619202010922329293e+00
2.586770493587334130e+01 -3.089763632724851661e+00
2.584931105242181104e+01 -2.564835483944605699e+00
2.584558956316976719e+01 -2.027396673514033409e+00
2.582846516629317080e+01 -1.508607544778971743e+00
2.582702424413840703e+01 -9.686448836174363919e-01
2.584128573413288876e+01 -4.345479529232250115e-01
2.584360260314012692e+01 9.090143177847309630e-02
2.583425664074430017e+01 6.136718074394096334e-01
2.582632203289443140e+01 1.145090713472388444e+00
2.582494632492603870e+01 1.678553136395738221e+00
2.583596877143348536e+01 2.212757329280037766e+00
2.583003360061714915e+01 2.726730461291587915e+00
2.583232153151264043e+01 3.252710588332110575e+00
2.583550015148280465e+01 3.786864375398902638e+00
2.642406268749872567e+01 -4.145692145143394569e+00
2.637804475987491060e+01 -3.656831357031036234e+00
2.639614053531497717e+01 -3.083986560533043431e+00
2.638184879697240603e+01 -2.564624302278197376e+00
2.639407407123490401e+01 -2.034863733622596982e+00
2.641122407791436189e+01 -1.512804727353554313e+00
2.640308266532793624e+01 -9.605291415779717568e-01
2.637772253231392483e+01 -4.287353159035802719e-01
2.638271327425084678e+01 8.699836278888284369e-02
2.635534233416757388e+01 6.236060257171338606e-01
2.635986130389178328e+01 1.134895391468738524e+00
2.638100041675058094e+01 1.687578907202954781e+00
2.636574059778679668e+01 2.207585717204025855e+00
2.634192075388154564e+01 2.716861652559170892e+00
2.633682958869136570e+01 3.248598104839430789e+00
2.634253608504067756e+01 3.796414102816029867e+00
2.693362911965760276e+01 -4.149047990584199042e+00
2.693899479200433689e+01 -3.622970217122722048e+00
2.694639292590124313e+01 -3.100785130120291555e+00
2.693621665524052844e+01 -2.567682349704281108e+00
2.693790979059982504e+01 -2.022852827038175150e+00
2.693633827390716107e+01 -1.520289379198029422e+00
2.692971981512212665e+01 -9.814650463935699065e-01
2.694099102964550241e+01 -4.261880947008762632e-01
2.691229288088244687e+01 7.932823113275944138e-02
2.691914492520020019e+01 6.014822275925268968e-01
2.692297659948889077e+01 1.136512800193518302e+00
2.690501807161753334e+01 1.675588982516085679e+00
2.688718577049916547e+01 2.218826248063447082e+00
2.689907152455183592e+01 2.749277966660354622e+00
2.690193734266812697e+01 3.243170108421583819e+00
2.688857862890975525e+01 3.795907070052891186e+00
2.746710543510707936e+01 -4.159119031577356296e+00
2.747520087991745896e+01 -3.634319614712795854e+00
2.747821737351192439e+01 -3.098410740246373862e+00
2.746919565916649475e+01 -2.555438261644859210e+00
2.748508018258561236e+01 -2.018171247751567421e+00
2.747236684634461312e+01 -1.509917847628628351e+00
2.745990664897944811e+01 -9.690896130736454950e-01
2.746724949675370908e+01 -4.308215958062220352e-01
2.745158896137366611e+01 9.584876452587920426e-02
2.745027206006858478e+01 6.280795635276170685e-01
2.747212566827360547e+01 1.169501747526961566e+00
2.745502287855805434e+01 1.669340114634465522e+00
2.744973899022597408e+01 2.212579343893523287e+00
2.744378300910388191e+01 2.713463445738035773e+00
2.742456369616729006e+01 3.249537054537150027e+00
2.742644237093148263e+01 3.809750180063371516e+00
2.801017678437625591e+01 -4.139105405265047111e+00
2.799645822404680473e+01 -3.632913036838083087e+00
2.798744719159009975e+01 -3.106921801825563989e+00
2.801152261015761269e+01 -2.563396949771625799e+00
2.799365875380693325e+01 -2.028235433890014150e+00
2.802400863714986912e+01 -1.503001197897106067e+00
2.800563633224464155e+01 -9.726226408250369104e-01
2.799522192060422299e+01 -4.450644603013387268e-01
2.799522439299319387e+01 8.616325085490217361e-02
2.799297185554950573e+01 6.233587068084602834e-01
2.799915619709631898e+01 1.159097863769815717e+00
2.797899842926091196e+01 1.682116437815256660e+00
2.796384108552113190e+01 2.220343706419527052e+00
2.797351004303165922e+01 2.746116475008133051e+00
2.796968904627723873e+01 3.271721268496328605e+00
2.796007156256668935e+01 3.796840637759640202e+00
2.854257672913857391e+01 -4.144227012784998720e+00
2.856530793752944675e+01 -3.639733222025972381e+00
2.855896823580936683e+01 -3.084534690822009040e+00
2.854631199038410472e+01 -2.548248178479461501e+00
2.853807350167372192e+01 -2.029894944147990543e+00
2.855065338072518699e+01 -1.489046004738575846e+00
2.853533936447212227e+01 -9.640272626563231029e-01
2.852527936787191720e+01 -4.407941862055473337e-01
2.852859419823093390e+01 9.364987858040052515e-02
2.853490083565733926e+01 6.476460708723834614e-01
2.853155395195161503e+01 1.157777024023889823e+00
2.852149375771794837e+01 1.665168686530737574e+00
2.851197752069366231e+01 2.197847597959423638e+00
2.853002906526383953e+01 2.734524156907596648e+00
2.852665185770246836e+01 3.277015811140397972e+00
2.850993849106446731e+01 3.824327139621804150e+00
