9.721796881751483710e+00 -4.167291501447737190e+00
9.718340279699997808e+00 -3.661663077857223669e+00
9.670361139130211114e+00 -2.642244810434100089e+00
9.664270567554343216e+00 -2.091785896785545162e+00
9.686423677198110482e+00 -1.597239546981192859e+00
9.651619096197450176e+00 -1.068341780370570149e+00
9.633277863987586898e+00 -5.729469768864881019e-01
9.571091837432508243e+00 4.914475780100993063e-01
9.562607836000744044e+00 1.003248891720268432e+00
9.551248469511506300e+00 1.549497600760872729e+00
9.598365580079725845e+00 2.048780367140846437e+00
9.576577987825629634e+00 2.580229586044364254e+00
9.523421455085291143e+00 3.097186155623283810e+00
9.540348358641519866e+00 3.625277641123791028e+00
1.033870565454327917e+01 -4.156320367854780429e+00
1.028386677859077025e+01 -3.675546088715531567e+00
1.028461662126584386e+01 -3.130389245649574548e+00
1.023710381140297443e+01 -2.097432136261886626e+00
1.020655292593013996e+01 -1.566233800551707134e+00
1.019605230989541766e+01 -1.072700470360196334e+00
1.016094880472403972e+01 -5.523816300098545184e-01
1.017485163369182644e+01 -2.677839852734109627e-02
1.016628366710736842e+01 5.120265045818577221e-01
1.014852136400547167e+01 1.529867258491417914e+00
1.014806660811115435e+01 2.050312533188275665e+00
1.014191334124011235e+01 2.567317451224159441e+00
1.011271160850515827e+01 3.113962818403226862e+00
1.009828688241065464e+01 3.619553310285901659e+00
1.085987763814907936e+01 -4.157506285030011739e+00
1.087690215636675362e+01 -3.673577884819247075e+00
1.082431552890968618e+01 -3.108163276056304269e+00
1.082646921373542526e+01 -2.619261835971190777e+00
1.079338673525055370e+01 -2.102630047453978079e+00
1.079063811181755739e+01 -1.593355353017734899e+00
1.074760425756627669e+01 -1.073927673551665407e+00
1.075988849105830170e+01 -5.564828928728573487e-01
1.074600122461952267e+01 -3.869603163670731760e-02
1.072197989231922577e+01 4.836193378659707776e-01
1.071512287356821957e+01 1.010088461772291168e+00
1.069940112884785322e+01 1.544018065260587491e+00
1.070198124235493964e+01 2.071060697840128029e+00
1.067473223079334588e+01 2.580178320184245422e+00
1.069002014947965762e+01 3.113450102195177038e+00
1.065855458695232372e+01 3.634262752047639822e+00
1.142449851598136235e+01 -4.143979196949034716e+00
1.142513215302411211e+01 -3.642988749525724046e+00
1.140044905217045468e+01 -3.133784337585574065e+00
1.139785231929540643e+01 -2.604597107959634172e+00
1.138015042301355706e+01 -2.090630581162500334e+00
1.136681007863750281e+01 -1.583227850961247185e+00
1.134763244829575868e+01 -5.300551551418131169e-01
1.133630526751015211e+01 -2.965403564403601422e-02
1.133699603450006066e+01 5.024484644907651898e-01
1.131101385405033000e+01 9.692455846973153655e-01
1.125090149366805647e+01 1.555757723696768124e+00
1.125061900016375560e+01 2.060567474257712917e+00
1.124056233681793060e+01 2.590850126915373863e+00
1.123052707724964350e+01 3.110796503295507165e+00
1.125125414746983310e+01 3.630916051703476199e+00
1.201717594173722503e+01 -4.167047349461563854e+00
1.202203860884619857e+01 -3.610273818577784510e+00
1.200729507662813234e+01 -3.033744260002883664e+00
1.197912295336267618e+01 -2.589392039748020125e+00
1.192711177252280663e+01 -2.073419791170714177e+00
1.193345221386503852e+01 -1.599623414507416186e+00
1.191335978970904108e+01 -1.059596216453346784e+00
1.188718424645812277e+01 -5.361471238722650412e-01
1.187816685369321590e+01 1.821759558681179669e-02
1.187302946210263599e+01 5.189842002164013479e-01
1.185014390318297828e+01 1.033684914435244906e+00
1.181849670196224267e+01 1.534419660504703131e+00
1.181124484348267956e+01 2.077862143081279811e+00
1.180021739568281092e+01 2.602937912164030365e+00
1.181876344563630354e+01 3.092317748115529952e+00
1.180991618600023330e+01 3.620381564318343237e+00
1.256463556766761869e+01 -4.185165975547725736e+00
1.241018588559924396e+01 -3.888870521710600769e+00
1.257487084077843065e+01 -3.142421836147418546e+00
1.253929654435884089e+01 -2.605210105878914106e+00
1.250228358951738272e+01 -2.085299553499243785e+00
1.249236619432983630e+01 -1.588076512561801934e+00
1.247272956216029272e+01 -1.064046125368935947e+00
1.245656182710103366e+01 -5.456014292413975397e-01
1.240303555243833955e+01 6.318888523598076290e-03
1.243969915393306636e+01 5.354116848389516292e-01
1.244738069067423325e+01 1.046711606009527173e+00
1.239054825138452642e+01 1.499904644743509152e+00
1.234778791576765045e+01 2.074921581975214480e+00
1.237935926471828907e+01 2.629163835019053153e+00
1.241471798574756491e+01 3.113954034454916808e+00
1.241546099008217752e+01 3.650107471708722073e+00
1.318244485263256749e+01 -4.168199444173261270e+00
1.314562799375916669e+01 -3.650348689070199271e+00
1.314097875275595939e+01 -3.123062396172633370e+00
1.311148626512911264e+01 -2.599645622030607228e+00
1.309788003802381695e+01 -2.070189438119186320e+00
1.305967913313178386e+01 -1.533292406630788918e+00
1.306141776652393460e+01 -1.020594434422196883e+00
1.306624548728713364e+01 -5.036200980957623585e-01
1.302461344014027844e+01 1.239510220912976024e-02
1.303207147889832740e+01 5.301886621981886094e-01
1.297490070324504785e+01 1.018263434350803465e+00
1.300007357701991495e+01 1.557323519152618019e+00
1.296640215271125385e+01 2.051651232650218759e+00
1.297654228200193671e+01 3.123814450040736546e+00
1.296135447544058650e+01 3.642571922091420333e+00
1.379312733149832937e+01 -4.151579867560965198e+00
1.373064913073858762e+01 -3.616265420991457091e+00
1.370315307025935780e+01 -3.137505876341244004e+00
1.365831272710143907e+01 -2.597723133754776370e+00
1.364711923332759014e+01 -2.078066189204427872e+00
1.365383300974719205e+01 -1.513494863394445389e+00
1.361999560756943239e+01 -1.007825192236669665e+00
1.360487088259817412e+01 -4.956624537602145608e-01
1.357340960396721741e+01 5.384839978788136250e-03
1.357091991456731250e+01 5.175875240262861610e-01
1.357327708150164014e+01 1.029577188188568471e+00
1.353231581117692173e+01 1.533308275814487587e+00
1.353157715633697933e+01 2.081273361929540044e+00
1.356210059951027347e+01 2.613283061275314623e+00
1.352738769209326009e+01 3.128482589627434862e+00
1.352615046063713322e+01 3.675229846603521366e+00
1.437986112916360071e+01 -4.157369113029764307e+00
1.432765129893533995e+01 -3.637397199316122709e+00
1.436711240772740439e+01 -3.142230514411425091e+00
1.425194824432639606e+01 -2.597043784546247736e+00
1.421493404361918422e+01 -2.029409565359834744e+00
1.420725293718798454e+01 -1.534230217415146313e+00
1.418061741791891350e+01 -1.024518193240059105e+00
1.415816191650071332e+01 -4.832461996967225559e-01
1.417458182549197332e+01 4.706657719040663324e-03
1.413040962997157379e+01 5.181538451726872552e-01
1.412066335561107877e+01 1.035347246350212913e+00
1.410792078616238854e+01 1.551378872483546445e+00
1.411358774702833330e+01 2.121423787097889146e+00
1.407773952391205086e+01 2.600508847468624651e+00
1.405148841160198003e+01 3.650975755259558753e+00
1.493092493110081165e+01 -4.174203976555748596e+00
1.488032722441381495e+01 -3.654418677610969723e+00
1.484502009892594288e+01 -3.140805420917081037e+00
1.482369590736035647e+01 -2.586361105347844358e+00
1.480073621691157726e+01 -2.071066736874705327e+00
1.478451222737788484e+01 -1.559727092538512494e+00
1.480055194968549159e+01 -1.002652031548585398e+00
1.472949955049271509e+01 -4.695819563641236982e-01
1.468209010681481885e+01 1.449052755050317387e-02
1.472874701269852338e+01 5.223541676678493673e-01
1.469160602594121912e+01 1.040583001327068047e+00
1.469291239384056524e+01 1.556920546846587428e+00
1.466066082176120489e+01 2.097881584173865832e+00
1.464332898255483428e+01 2.607439285797131134e+00
1.460417569945950689e+01 3.142612938035636461e+00
1.464584243793065355e+01 3.654756725833916420e+00
1.547887442185125551e+01 -4.153410469419306139e+00
1.542819795440656705e+01 -3.614861461432585799e+00
1.538279183023735897e+01 -3.090434106842449680e+00
1.539000819041829260e+01 -2.566847106999230022e+00
1.538205839183319767e+01 -2.032934743999099680e+00
1.534000617579383885e+01 -1.535883838145302605e+00
1.530848328997677044e+01 -1.019394131692283878e+00
1.530020310556583851e+01 -4.961681493440579516e-01
1.526622084472121443e+01 2.613979174586944509e-02
1.526165591492701168e+01 5.494244449671370489e-01
1.524552371944212581e+01 1.067985723442870238e+00
1.540456678953166758e+01 1.620473329169939802e+00
1.523568361741821775e+01 2.082682142189320018e+00
1.521214069944030811e+01 2.616342041389252415e+00
1.519071901202172725e+01 3.143102699666584954e+00
1.519486312628644953e+01 3.710737922793285293e+00
1.600239465364007074e+01 -4.107643358097314845e+00
1.597269586622573456e+01 -3.591535124605540474e+00
1.595565006408698849e+01 -3.064307006589700677e+00
1.594683507843682690e+01 -2.557365056535278569e+00
1.593065541137725916e+01 -2.032723440916839763e+00
1.591358274201695622e+01 -1.539019658491767473e+00
1.587108484145107923e+01 -1.004357159352636586e+00
1.585894292765379987e+01 -4.756227465143076927e-01
1.582600357427702775e+01 4.124569567824565297e-02
1.582255132259707153e+01 5.534037250237915373e-01
1.580697774877856077e+01 1.065779840694855096e+00
1.585142518391188915e+01 1.596875976620886206e+00
1.578061649858801019e+01 2.095019461863344645e+00
1.577577371485518043e+01 2.638330957546820343e+00
1.574447332616741946e+01 3.168889367864494488e+00
1.579302300993388286e+01 3.678542246515782210e+00
1.655817900489532235e+01 -4.102804297642375531e+00
1.652844509168734533e+01 -3.581025250009719940e+00
1.651581528857679970e+01 -3.056840518993082512e+00
1.649680812213360070e+01 -2.543444719272248022e+00
1.648824673723932221e+01 -2.028075615338359228e+00
1.644428622124094375e+01 -1.546990176846794185e+00
1.644299099745647652e+01 -9.970312036216952833e-01
1.646704562476019262e+01 -4.768444649679146607e-01
1.642308557959717064e+01 4.615698345027396954e-02
1.636992918090309246e+01 5.272056290490709785e-01
1.637354978188116661e+01 1.069794504720107398e+00
1.638928316401154106e+01 1.597832884531140252e+00
1.636564754365606689e+01 2.124829899308842585e+00
1.633900769332995395e+01 2.662372370145060785e+00
1.634414583953892830e+01 3.160537079159947638e+00
1.632975689423274801e+01 3.694292569891075573e+00
1.714611212632305737e+01 -4.099841458741275702e+00
1.710980351491732421e+01 -3.591905932321338923e+00
1.708516720300100289e+01 -3.040808902773530775e+00
1.708518395061419071e+01 -2.575228447382698960e+00
1.705218643481024188e+01 -2.061269967734485675e+00
1.698404046152555580e+01 -1.516527336961367212e+00
1.699224150074901019e+01 -1.000422234814880795e+00
1.699172950372810931e+01 -4.743608705869739595e-01
1.698209104500705990e+01 5.470817726714827245e-02
1.699111424998740461e+01 5.629923701423145133e-01
1.694068259787378494e+01 1.094828608945796589e+00
1.691783256119174794e+01 1.585929767610995356e+00
1.692405768034868530e+01 2.130777372696353922e+00
1.690915485156627440e+01 2.649089358642090275e+00
1.690223399081288491e+01 3.186686516499104727e+00
1.689741484024670015e+01 3.714346666387701390e+00
1.767926630701554558e+01 -4.080324494619592457e+00
1.765138792381613797e+01 -3.583376636442020313e+00
1.765257955228891262e+01 -3.058332089332701287e+00
1.763167460010715359e+01 -2.528566727297494765e+00
1.759911756908398317e+01 -2.048407637524544356e+00
1.758118179169051487e+01 -1.493342205060702810e+00
1.756246436856915949e+01 -9.899462323181040802e-01
1.751002201988120888e+01 -4.786596923047454766e-01
1.751317979838587746e+01 5.350349299727241714e-02
1.751748395011247439e+01 5.609318091769779357e-01
1.750311801452792793e+01 1.096436764911810968e+00
1.746845575513510340e+01 1.591256167613636308e+00
1.745744265439738996e+01 2.117247982594243183e+00
1.746698359214988727e+01 2.660842946049747582e+00
1.743647047304805042e+01 3.176365107468967608e+00
1.751691269291397290e+01 3.643065683906932861e+00
1.820979274607087817e+01 -4.101521556635200128e+00
1.820731627374339823e+01 -3.593867812787134852e+00
1.820627722799070014e+01 -3.050634452681489250e+00
1.817994574615865844e+01 -2.558052696757723510e+00
1.817078233196372494e+01 -2.040823153820472413e+00
1.816179366571769549e+01 -1.506634290228628714e+00
1.812500354994546115e+01 -1.004021683936500153e+00
1.812175243442415962e+01 -4.758233589415574727e-01
1.807672302856617108e+01 4.544598208535077788e-02
1.806255537974660186e+01 5.788252175596966254e-01
1.804891623541027812e+01 1.110466157226706940e+00
1.804402890652777458e+01 1.616195766812491996e+00
1.803106586921082766e+01 2.142164248492459677e+00
1.802467175201685734e+01 2.622389157995151265e+00
1.807845426202581152e+01 3.054866068448280458e+00
1.805167795969640210e+01 3.637815376917561849e+00
1.881769124908998947e+01 -4.109747330185465231e+00
1.877458099552516302e+01 -3.592496174558156952e+00
1.876619928319485808e+01 -3.071685544415618807e+00
1.872337376726385116e+01 -2.569400776267318776e+00
1.869345476619924540e+01 -2.047431412163916775e+00
1.869969757917357001e+01 -1.509224270028376225e+00
1.870989278319409976e+01 -9.903166992469074614e-01
1.867376079312057513e+01 -4.646118871049367272e-01
1.864982483770400989e+01 4.332811091144606053e-02
1.865367463275789461e+01 5.841922158859631509e-01
1.862607861358839045e+01 1.083166849897146733e+00
1.858646345147009171e+01 1.627496213813650172e+00
1.857982674594031280e+01 2.133402565444480814e+00
1.860655930485835796e+01 2.650160654476380273e+00
1.861405630234279940e+01 3.198874695986287264e+00
1.859059961461661814e+01 3.674811395322624463e+00
1.932443906872274653e+01 -4.113945789746423998e+00
1.935019631644273375e+01 -3.604881178828225785e+00
1.934195125460201226e+01 -3.079293204070326695e+00
1.933636057797077967e+01 -2.556236370094129740e+00
1.926817966454151332e+01 -2.053865116382979750e+00
1.927069142945822833e+01 -1.496397714882373720e+00
1.925631881168147075e+01 -9.847314134278200015e-01
1.922511024437081062e+01 -4.666816541836347199e-01
1.922248554716519919e+01 6.233172677635678838e-02
1.920843503828711363e+01 5.775649553064354791e-01
1.919883947026805515e+01 1.089067599184733837e+00
1.917721261448891212e+01 1.583564320966271310e+00
1.917453573130462630e+01 2.140814831269192808e+00
1.914126321186151714e+01 2.633055695079622893e+00
1.914703262600223255e+01 3.188096382987861688e+00
1.912850655900274788e+01 3.661481389342590376e+00
1.991392324986987461e+01 -4.117023958520103832e+00
1.989086276535429931e+01 -3.593843031944823352e+00
1.987435338448626254e+01 -3.076214590876023891e+00
1.985169961977180009e+01 -2.555997112891756018e+00
1.983613438594953493e+01 -2.000638143645925737e+00
1.983042091816836461e+01 -1.492934159597471222e+00
1.981728222932021310e+01 -9.732658721012228398e-01
1.980734077445354302e+01 -4.549684820340047509e-01
1.979666729289077409e+01 7.445772046412102441e-02
1.976636906609838817e+01 5.833926705261696100e-01
1.975501329013738072e+01 1.099351803874359490e+00
1.976190440213227006e+01 1.602179993130427249e+00
1.975054128098577522e+01 2.126322155883183740e+00
1.971519577492965780e+01 2.650524090234672059e+00
1.972085638673064523e+01 3.204948173900170616e+00
1.971454473230784998e+01 3.703646663944830664e+00
2.048246940912052594e+01 -4.115799571646320487e+00
2.042589246175720064e+01 -3.581022113718498545e+00
2.043011967204521540e+01 -3.053387453263825435e+00
2.044607416610138273e+01 -2.537180917207813025e+00
2.038602020649422997e+01 -2.064738330342088091e+00
2.035713436622980055e+01 -1.533305905762897936e+00
2.036196020700838005e+01 -9.762815534569710962e-01
2.033440834350739834e+01 -4.577130724655198435e-01
2.034810032091878185e+01 7.631761185136198833e-02
2.031939317730532935e+01 6.023500334843525650e-01
2.033595676907505378e+01 1.139825987354374348e+00
2.032486124120568860e+01 1.618375856856474115e+00
2.031718792205299451e+01 2.149064513845118540e+00
2.030115318948666925e+01 2.679402884545314834e+00
2.028416259229402385e+01 3.196885255646009227e+00
2.027172353132016980e+01 3.718561687308625352e+00
2.103662244504920409e+01 -4.116480643910826132e+00
2.098811069710254174e+01 -3.576023343727294801e+00
2.099998325114568587e+01 -3.070829121907790338e+00
2.096621382007240442e+01 -2.531648678042323297e+00
2.095853274723089754e+01 -2.022110226116385689e+00
2.094043937396411081e+01 -1.492299239923980281e+00
2.090408286957615758e+01 -9.978358010121226584e-01
2.089158602249625574e+01 -4.714740247252535710e-01
2.089183092512916318e+01 7.010590213280565308e-02
2.088524100164746500e+01 5.838803096269522541e-01
2.089116628518605268e+01 1.107325847009100528e+00
2.086456745089336096e+01 1.621952336560745778e+00
2.086498906698673039e+01 2.158941693484507596e+00
2.085337768823892191e+01 2.693457387590477481e+00
2.084252108194562680e+01 3.189325846611613002e+00
2.083299591911086424e+01 3.721871871408179544e+00
2.159864462220424031e+01 -4.101109971036326129e+00
2.156956025516323905e+01 -3.571383394920346177e+00
2.155149719583840806e+01 -3.060150876628386030e+00
2.151141091435019348e+01 -2.528305758083519095e+00
2.149936348396855124e+01 -2.019264172883570296e+00
2.150228684469952611e+01 -1.492994939925722520e+00
2.149805029347249530e+01 -9.633128512396567089e-01
2.147833015873983697e+01 -4.551064038835050951e-01
2.146682237570016838e+01 6.179799905070737509e-02
2.143374799474226222e+01 5.664952738623973971e-01
2.142728954051504786e+01 1.100408756826414702e+00
2.142182421567293460e+01 1.638888755415397469e+00
2.142703094620422632e+01 2.197150812371980066e+00
2.140427919969626913e+01 2.571196774080743097e+00
2.141091570555147428e+01 3.163021554624812381e+00
2.137811152402896653e+01 3.711878812769818126e+00
2.214419665398619230e+01 -4.109612315331638399e+00
2.210663501405037579e+01 -3.574359082435231372e+00
2.209579315787373588e+01 -3.032252781201972169e+00
2.208785339987338858e+01 -2.536174094790126787e+00
2.205604066111951767e+01 -2.022679899634024281e+00
2.204216915833976032e+01 -1.498486920090194019e+00
2.206240126668343038e+01 -9.709477335798837316e-01
2.201948598330123730e+01 -4.473582401445703738e-01
2.200954327269457877e+01 7.838184535103565054e-02
2.200559611961345752e+01 5.776419736772595570e-01
2.200241744295723123e+01 1.120397883540707795e+00
2.197647893539605235e+01 1.654099612788034079e+00
2.198767701572248257e+01 2.204122201910401202e+00
2.198426170005541991e+01 2.648639511200649110e+00
2.196758422592262150e+01 3.180810951105801365e+00
2.194519748709967644e+01 3.715971770307398003e+00
2.268385549355864583e+01 -4.106929748425734772e+00
2.270479155876423505e+01 -3.587695207468167169e+00
2.262736422967859795e+01 -3.070216484412258140e+00
2.264823460265922250e+01 -2.535855125625886330e+00
2.263885419387128906e+01 -2.014661262142702469e+00
2.261341861207505133e+01 -1.501683728711473265e+00
2.259239415476734791e+01 -9.729414059727687913e-01
2.259800479610687773e+01 -4.522659542993281434e-01
2.257010754867118152e+01 8.714284335701094619e-02
2.255268837617558830e+01 5.895530784129654478e-01
2.253835688445197860e+01 1.115325451730964090e+00
2.254037831061954478e+01 1.642313371201108652e+00
2.255495189708602766e+01 2.189640413619919457e+00
2.252734692733741895e+01 2.718399753856907353e+00
2.252834798283603135e+01 3.205652990821626247e+00
2.251947856402406245e+01 3.725455291658100521e+00
2.324600709062812598e+01 -4.100979798933570564e+00
2.323033571365997574e+01 -3.569930092258355003e+00
2.318771957087347602e+01 -3.031023561473665140e+00
2.321450966323912724e+01 -2.521777262658037699e+00
2.318412114230986276e+01 -2.008933912859987458e+00
2.313969350555853310e+01 -1.470028595564208729e+00
2.312665437771799759e+01 -9.412342963929560824e-01
2.313882285960614382e+01 -4.266693875616915932e-01
2.311929174252360752e+01 6.907534448034269303e-02
2.311589719921589392e+01 5.899593868026862253e-01
2.308623431414187621e+01 1.114865606810273135e+00
2.308786540137117527e+01 1.674390414426095930e+00
2.306414176641450098e+01 2.181381812356885774e+00
2.306320874344869054e+01 2.699245616747429466e+00
2.307235296395230506e+01 3.233896596459349126e+00
2.305588765835134524e+01 3.716941589143914371e+00
2.374931159936516423e+01 -4.129176338392319678e+00
2.377306554411791950e+01 -3.552126970301278774e+00
2.375765230237553993e+01 -3.055635440735112951e+00
2.374246466798911825e+01 -2.497363161440848245e+00
2.371504534310768264e+01 -1.994994611333929413e+00
2.371025007261253847e+01 -1.473592347877577424e+00
2.368725220186050251e+01 -9.547410354627530182e-01
2.367759369641575518e+01 -4.313241116590518232e-01
2.369084136359568760e+01 7.209701191077044768e-02
2.365349414433758568e+01 5.907962788722365133e-01
2.366221580765122923e+01 1.114870242709656623e+00
2.364797877685975891e+01 1.667926793906620020e+00
2.363500938597666590e+01 2.191083281326243082e+00
2.367313879143749489e+01 2.675093723953960279e+00
2.361860951651370044e+01 3.217527520907662364e+00
2.364031229778143484e+01 3.727351084257232827e+00
2.434648681672602066e+01 -4.089621885338219798e+00
2.432179098870964395e+01 -3.536799496989106117e+00
2.430483927173816028e+01 -3.067098511213792733e+00
2.427607095819771388e+01 -2.534049029622480020e+00
2.426442733988668010e+01 -1.983487156855851197e+00
2.425756568181538597e+01 -1.476212947705718648e+00
2.424102350731686073e+01 -9.548073422486460515e-01
2.419682839406579689e+01 -4.206628194970605250e-01
2.420907545426564411e+01 1.148024898219581758e-01
2.421840188147338324e+01 6.137745433257961736e-01
2.420372950115603317e+01 1.101333542259766318e+00
2.420623833246331458e+01 1.651684755087096335e+00
2.425420970240912766e+01 2.176514286821305433e+00
2.421756929172983064e+01 2.712275296356470022e+00
2.418943109885415765e+01 3.239570075022811579e+00
2.417618725691608006e+01 3.736342518087049314e+00
2.485855801337915238e+01 -4.107591032260680564e+00
2.487531583673143842e+01 -3.560238577832826934e+00
2.486519650618053134e+01 -3.039050762443915588e+00
2.483537899158184814e+01 -2.524840774140443500e+00
2.482503425734162050e+01 -1.978767731752007819e+00
2.480535422787893651e+01 -1.462795115720155081e+00
2.480907228763103944e+01 -9.436218236439479767e-01
2.478475353607584708e+01 -4.075671150285344879e-01
2.479258771193592992e+01 9.616831952336113432e-02
2.478268915693613650e+01 6.109353596232303119e-01
2.477813207717331068e+01 1.139156762067649709e+00
2.476893274398889844e+01 1.670414030061522226e+00
2.475683512452319945e+01 2.199588584332037300e+00
2.479230549598455013e+01 2.705626579161705791e+00
2.474942874265660464e+01 3.200479419248814850e+00
2.474034634421303736e+01 3.727838043959302183e+00
2.545992091448176353e+01 -4.089985932581472028e+00
2.541282447984145421e+01 -3.552739002477110830e+00
2.543425048414400891e+01 -3.029564367803505576e+00
2.539060901085371569e+01 -2.517428068231406968e+00
2.539940656565541843e+01 -1.979259914423103339e+00
2.535417735623448010e+01 -1.467609687694487519e+00
2.533413954070078233e+01 -9.420479152619414265e-01
2.535789651417856305e+01 -4.244022057941272408e-01
2.535011664534843590e+01 1.031175317481256570e-01
2.532897510172430344e+01 6.227853484911953785e-01
2.530745752324289555e+01 1.141561306143991317e+00
2.531880976984717790e+01 1.667095182588010260e+00
2.533105442803909568e+01 2.209359112600381536e+00
2.532314981731943959e+01 2.701307743884758139e+00
2.531534527892534214e+01 3.194853780187752790e+00
2.530934062100776316e+01 3.745206791841436456e+00
2.602051003711014232e+01 -4.073664662585342100e+00
2.568576440907628466e+01 -3.572922000382691365e+00
2.596758427076399300e+01 -3.021992933386449920e+00
2.592221179507077267e+01 -2.502662050536088145e+00
2.595722498338565742e+01 -1.995498516704628855e+00
2.597006333131800204e+01 -1.471851821936638771e+00
2.594516149100637392e+01 -9.283991113776721704e-01
2.591411834483880483e+01 -3.780316184640710730e-01
2.590775251270080304e+01 9.641757031388920041e-02
2.587814726392674203e+01 6.245450634971412285e-01
2.587578660218584048e+01 1.138089766243208345e+00
2.586033532930825629e+01 1.679483187565836033e+00
2.586198007160008672e+01 2.201293679343820031e+00
2.586027608110350684e+01 2.700219889461269673e+00
2.585484550252303393e+01 3.186601780888850044e+00
2.583600938113314527e+01 3.749433008700435721e+00
2.652703206732186203e+01 -4.102677841117452928e+00
2.652929520068512659e+01 -3.568130089632830959e+00
2.655096316707520998e+01 -3.038498346311889975e+00
2.648425577182835156e+01 -2.511685561195321270e+00
2.651510124789385259e+01 -1.977903199398806322e+00
2.650331357093408968e+01 -1.471343716477068853e+00
2.648516456960197729e+01 -9.493444232828949225e-01
2.649765609519069187e+01 -3.896105864486969494e-01
2.646940396573566545e+01 1.015219365449162581e-01
2.647812580999453758e+01 6.307892089372799660e-01
2.645824662155277451e+01 1.147112086575202028e+00
2.644330259335872313e+01 1.680855857219103910e+00
2.642963127983656335e+01 2.211929778322691220e+00
2.639339446671571210e+01 2.726526761783055974e+00
2.650451372668892702e+01 3.128827314030637297e+00
2.642150946072446516e+01 3.744092402529851427e+00
2.705936406793281179e+01 -4.086958377092422268e+00
2.707544521661729675e+01 -3.562833932676561233e+00
2.708270455774024299e+01 -3.028356139005444092e+00
2.706529872008247395e+01 -2.494371371885179656e+00
2.708574664128978782e+01 -1.970821541866104809e+00
2.706489513976463712e+01 -1.472767268765366566e+00
2.704858107834392911e+01 -9.437413153155169709e-01
2.704950730736045728e+01 -4.035730123506091616e-01
2.703028526734433967e+01 1.120764564627023674e-01
2.700304416751890102e+01 6.426509944705465216e-01
2.702923902066007145e+01 1.218286881596597482e+00
2.701805594877699690e+01 1.652119131562152177e+00
2.703221437612018718e+01 2.196474727837760099e+00
2.701696468490619907e+01 2.680766482766468783e+00
2.696367968774220003e+01 3.209022445455140371e+00
2.697423599033562169e+01 3.766571560383120243e+00
2.762458985968432046e+01 -4.082622938066942098e+00
2.760232932668142780e+01 -3.575995971680738350e+00
2.758324339654653556e+01 -3.042238928063937919e+00
2.763169533542973966e+01 -2.513196728848537731e+00
2.760965719717778910e+01 -1.958426033225240559e+00
2.762896900321027260e+01 -1.471397607282725062e+00
2.759460657306711084e+01 -9.287967059207815623e-01
2.757939075783478700e+01 -3.947370469228523859e-01
2.759732752696576341e+01 1.093150737823016527e-01
2.758461636087087498e+01 6.326191680956299024e-01
2.757782926960500447e+01 1.166345561106716389e+00
2.752895224043472666e+01 1.669861262598256957e+00
2.754096888442092705e+01 2.202454666803603800e+00
2.754209501397279780e+01 2.715609973606433414e+00
2.752040040832957146e+01 3.233326340600108040e+00
2.751090409224961775e+01 3.762561352324659936e+00
2.816534314388852778e+01 -4.071479088798675150e+00
2.820597626751985132e+01 -3.574930813827586817e+00
2.818601852238547423e+01 -3.041296803486096323e+00
2.815944662921197761e+01 -2.495119924034817416e+00
2.816446145929322853e+01 -1.985507469100767253e+00
2.816188196911491559e+01 -1.437509139353128518e+00
2.815615272984442896e+01 -9.269623660397527942e-01
2.812820162613333252e+01 -4.193106028279451891e-01
2.812144261923727839e+01 1.120834381856141704e-01
2.812629045803389971e+01 6.702343796072760540e-01
2.813735019617030986e+01 1.183122668369367858e+00
2.811987784773344146e+01 1.659342826168536789e+00
2.810447027359857941e+01 2.192900742864932084e+00
2.810952053885932145e+01 2.729155352083932229e+00
2.811127082785449005e+01 3.259899266689608055e+00
2.809343312529789927e+01 3.795760879325534631e+00
