1.084355244979709099e+01 -4.151175416593066103e+00
1.084856255828001181e+01 -3.639173942669751582e+00
1.081372871690025050e+01 -2.602670915321457557e+00
1.082544006440126694e+01 -2.052852608097101239e+00
1.082912134133158588e+01 -1.519104780894569018e+00
1.081728405146131067e+01 -9.972276833340778524e-01
1.081569145195778603e+01 -4.890939762719774819e-01
1.077646182853704460e+01 6.026471068658167951e-01
1.079571046255127698e+01 1.127182936291454496e+00
1.078930773029577850e+01 1.632970776712472372e+00
1.078704173244131326e+01 2.171279095956766270e+00
1.078596182985644347e+01 2.701486873824901380e+00
1.077082354454440605e+01 3.231689880235851575e+00
1.080327784835980864e+01 3.756978536428217552e+00
1.139223041874713260e+01 -4.167390899395208237e+00
1.137235727472969415e+01 -3.657158443483449872e+00
1.137334102301821304e+01 -3.117247542901798951e+00
1.136995251107192217e+01 -2.053807323023786324e+00
1.134605182099566534e+01 -1.531145358543490431e+00
1.134601351444328898e+01 -1.004170097277935270e+00
1.132777590088223008e+01 -4.775096235838880432e-01
1.132745082032253592e+01 5.040022268838839636e-02
1.133235169646494711e+01 5.981084321217302602e-01
1.131890470031665785e+01 1.646275035227194650e+00
1.130310981811052429e+01 2.190994625893633696e+00
1.133315821915137178e+01 2.700523769007165953e+00
1.132262250014522920e+01 3.255082375597858402e+00
1.129147686783020887e+01 3.771033299474623846e+00
1.190809729016374163e+01 -4.159956788309710163e+00
1.193150147037329489e+01 -3.650102726589308233e+00
1.190263603993342656e+01 -3.089844635436328701e+00
1.189861193651784177e+01 -2.583709751128246523e+00
1.189582008636571331e+01 -2.058740040501003676e+00
1.189883215980510300e+01 -1.530517422894050128e+00
1.189095580116422823e+01 -1.010178643533691911e+00
1.188920358090485152e+01 -4.652720322419767740e-01
1.186361626519867585e+01 5.660218685239826186e-02
1.187190499293950552e+01 5.739934865016635968e-01
1.186497260446870072e+01 1.111306848778628620e+00
1.186023551715987168e+01 1.657832312019046128e+00
1.185865956424777323e+01 2.189130030773458913e+00
1.184406472389124687e+01 2.702083035221715335e+00
1.185419608618187226e+01 3.255454491560630714e+00
1.184997485586945842e+01 3.786640610385369143e+00
1.244392756384144505e+01 -4.153415706944612040e+00
1.246215369319433464e+01 -3.632884948265614256e+00
1.244719546369876895e+01 -3.108478762379840887e+00
1.245202334431411018e+01 -2.577540224517218093e+00
1.244455791205210460e+01 -2.047491419899120757e+00
1.242748542870299389e+01 -1.528850601158545430e+00
1.244159643610858623e+01 -4.657555010784726335e-01
1.240941580103762476e+01 5.991222156999498338e-02
1.243376897727389618e+01 5.967342653623823878e-01
1.242812310128273623e+01 1.100413685994215740e+00
1.241154893040874541e+01 1.665825816169686391e+00
1.240230275001950488e+01 2.181222713702119620e+00
1.239188809164726024e+01 2.710481605696138274e+00
1.239700417942657396e+01 3.247873833422207923e+00
1.240641932453538487e+01 3.765121706816152880e+00
1.300268360494701270e+01 -4.171679673945527966e+00
1.298462218168326388e+01 -3.631077472488442481e+00
1.297163706558883334e+01 -3.085889224994858182e+00
1.299940575624851036e+01 -2.576523992865030976e+00
1.299142912276428774e+01 -2.047349248678536071e+00
1.298046883499570825e+01 -1.534714756551231574e+00
1.297867909731295200e+01 -9.836211460721351330e-01
1.297238964605249123e+01 -4.711989238890055276e-01
1.296917413953594433e+01 8.017083204553188125e-02
1.297076744668655479e+01 6.038960828030965899e-01
1.295445425331005751e+01 1.122191307298166407e+00
1.292429726279179647e+01 1.634856803746590259e+00
1.293477057408337316e+01 2.187715444829240852e+00
1.294403555860660759e+01 2.723269708001961220e+00
1.294474268400512784e+01 3.246793660263158188e+00
1.295960955407517545e+01 3.753148559536985118e+00
1.353025762740299598e+01 -4.180621969585534003e+00
1.351991889509809042e+01 -3.652413643305498780e+00
1.354640886251420895e+01 -3.109619501653412499e+00
1.353992329462828792e+01 -2.576769092381812953e+00
1.351482946578327216e+01 -2.055006614123009001e+00
1.352866400221390819e+01 -1.539670691577772033e+00
1.351588127614134294e+01 -9.905326276903991811e-01
1.352240913576848413e+01 -4.856839896576339299e-01
1.348451680477057479e+01 7.054407510788252011e-02
1.350881521821954934e+01 6.116044220543770393e-01
1.351197906801183279e+01 1.123562260476148822e+00
1.349178129563327033e+01 1.619152982919196404e+00
1.348298179148016729e+01 2.178339252030472295e+00
1.350177242830124769e+01 2.753199908440777222e+00
1.349764439847695385e+01 3.238344680937281339e+00
1.349679035808857464e+01 3.776274670029454938e+00
1.409046551026328942e+01 -4.176277955307943657e+00
1.407820329331414655e+01 -3.650045370365699426e+00
1.408785111452023386e+01 -3.113657442459816238e+00
1.407049183132125947e+01 -2.580770505937177717e+00
1.406971675271925193e+01 -2.047801497206748422e+00
1.406583690095087036e+01 -1.504552320314161307e+00
1.407126513221652075e+01 -9.739170475507776814e-01
1.407034439447319585e+01 -4.460778335604445033e-01
1.405900329784550351e+01 6.119642414493142724e-02
1.405040795322602420e+01 6.056072707782753639e-01
1.403661229546350597e+01 1.122213030754327434e+00
1.404474142400168546e+01 1.652641247170627992e+00
1.403775882480278980e+01 2.180506058158314886e+00
1.403512616895257281e+01 3.259422526809540699e+00
1.403476344131675191e+01 3.788480693718522474e+00
1.464438489514298425e+01 -4.162716712458394142e+00
1.463753917478977229e+01 -3.637881540815859793e+00
1.462607335339556514e+01 -3.119204591203796895e+00
1.459933946089919132e+01 -2.578662180585858721e+00
1.460518065133434007e+01 -2.050256074532100570e+00
1.461481375594330956e+01 -1.501994524728711866e+00
1.461175036830080032e+01 -9.754070903451008689e-01
1.459670868820941791e+01 -4.474210064726484859e-01
1.457438391256799193e+01 7.238544974700289458e-02
1.458426638218649529e+01 5.953181030722340950e-01
1.458631001237497671e+01 1.136672875137179517e+00
1.457195232892163972e+01 1.661090743654185076e+00
1.455742728601423863e+01 2.185130729451088882e+00
1.459210016073378924e+01 2.730434954525833291e+00
1.455368452029665960e+01 3.248802490421567768e+00
1.458283430861971652e+01 3.799812737214168124e+00
1.519362523908164064e+01 -4.170988557694672139e+00
1.516777287472099545e+01 -3.633846404855146872e+00
1.516376217232488344e+01 -3.125277564153968513e+00
1.515179346200460131e+01 -2.577712426228970344e+00
1.514591828785097505e+01 -2.021567817304045889e+00
1.514626833050058963e+01 -1.513888728197006373e+00
1.514903242257915750e+01 -9.906344054714537606e-01
1.513999543223190969e+01 -4.434301195784264848e-01
1.513093944719186013e+01 7.774624715787581408e-02
1.512175708403287899e+01 5.928781721634166502e-01
1.511875765515614134e+01 1.122253605735060944e+00
1.510164795495693113e+01 1.659239673129466297e+00
1.509609444365128184e+01 2.214845001616282616e+00
1.510225405266063703e+01 2.713981989996860023e+00
1.509135154693598224e+01 3.781370457666703544e+00
1.573059944902032115e+01 -4.180301779781249394e+00
1.569966830421851611e+01 -3.655975206828323110e+00
1.569779596560240620e+01 -3.127572507268148172e+00
1.569519376472320005e+01 -2.571223805491808179e+00
1.568549845538416321e+01 -2.051090769144011006e+00
1.568455278716166035e+01 -1.529884879955723420e+00
1.568363073367102345e+01 -9.848746253624938163e-01
1.566896837605792570e+01 -4.336446104234426002e-01
1.566900119570593830e+01 7.141601452977397457e-02
1.567193217246499870e+01 6.078406566573271164e-01
1.566600487152742360e+01 1.134525242255350008e+00
1.567932704950479916e+01 1.646479103304436364e+00
1.567314889926383259e+01 2.188389878216870699e+00
1.563343530209520438e+01 2.713763185842577030e+00
1.561588364092527925e+01 3.257677204264648907e+00
1.566851478622769278e+01 3.778250008044256703e+00
1.627158075749868615e+01 -4.176640296903023852e+00
1.624488383408506209e+01 -3.636658513966628092e+00
1.624006268749601389e+01 -3.105809906531751707e+00
1.625156784878581817e+01 -2.576223947092760369e+00
1.623840965103266498e+01 -2.037340784204523914e+00
1.622669554369246114e+01 -1.514964493419146407e+00
1.621083799779264467e+01 -9.845562281179383035e-01
1.620726806727761726e+01 -4.688407042917361878e-01
1.619713560083420134e+01 8.427934139844595052e-02
1.619669751554304327e+01 6.106098936924730936e-01
1.617927731559606386e+01 1.141682394861749827e+00
1.622090239286573521e+01 1.673577099738384533e+00
1.622734607964216025e+01 2.171503238160333638e+00
1.619778562201955552e+01 2.716550139631543459e+00
1.618512167272015034e+01 3.250532639550367975e+00
1.620611278222219553e+01 3.786489354530225171e+00
1.679455119506549821e+01 -4.157589594971138780e+00
1.678399811904919403e+01 -3.620059991089425111e+00
1.678162672776415576e+01 -3.090317581576959682e+00
1.677041520122298479e+01 -2.585596987041043349e+00
1.675214958031934387e+01 -2.042226983282649400e+00
1.676259803623036149e+01 -1.519516684160016950e+00
1.675624607628911633e+01 -9.754318571904470048e-01
1.675109483725102422e+01 -4.478914025037852298e-01
1.673677275332482495e+01 9.096523625356667253e-02
1.673741348246693050e+01 6.141784473320193172e-01
1.672268944104490629e+01 1.133084795737708816e+00
1.675167026846848017e+01 1.661367696261844884e+00
1.671417631681696747e+01 2.187680479960171454e+00
1.671628062571453910e+01 2.737399368822973855e+00
1.671755613264981122e+01 3.260551762618153049e+00
1.673096763168826229e+01 3.788947230681138478e+00
1.732784090939661681e+01 -4.151763965714488691e+00
1.731760008835136233e+01 -3.628577818691342216e+00
1.731908701330735312e+01 -3.098123144037217003e+00
1.730266015385144840e+01 -2.556679775686497180e+00
1.733081965856303341e+01 -2.039206876200957197e+00
1.729050026686432062e+01 -1.525471767085779362e+00
1.730201974038218182e+01 -9.741719238788455471e-01
1.730107235668809906e+01 -4.499281333380800163e-01
1.729288170550141857e+01 8.868894606923660717e-02
1.726497643411879324e+01 5.909891656569179474e-01
1.726792181353700784e+01 1.147209453223318576e+00
1.728369869077535270e+01 1.664736583298431327e+00
1.727097844717412300e+01 2.198168082412308877e+00
1.725505699333571030e+01 2.743747744200327077e+00
1.726152211606964926e+01 3.259617521568564769e+00
1.726455678818248174e+01 3.787168836602390343e+00
1.787595769364393306e+01 -4.155772493050854166e+00
1.785775442096963062e+01 -3.626690152323446270e+00
1.786255044903742473e+01 -3.083870234250548847e+00
1.784940472357305552e+01 -2.579845793731536219e+00
1.784292078362711464e+01 -2.049575760881324982e+00
1.781732590177943720e+01 -1.506421301543060309e+00
1.782679718255301538e+01 -9.801168323574742658e-01
1.782960173888554323e+01 -4.479786794957263396e-01
1.782145989846547351e+01 8.475841458242072690e-02
1.782263567107873925e+01 6.079177375136701755e-01
1.780980406415056905e+01 1.152370479414742022e+00
1.780513792597528422e+01 1.646681244427380619e+00
1.780785770483390351e+01 2.197329030691751228e+00
1.779923581494986706e+01 2.728606405667797219e+00
1.780735855852678995e+01 3.269665748802875527e+00
1.780192671610921451e+01 3.802752376848339111e+00
1.840448695176304739e+01 -4.149303887816609304e+00
1.839527182356022195e+01 -3.636151202442947650e+00
1.840535978200729517e+01 -3.098890294994282257e+00
1.839771627013746169e+01 -2.561376841599283694e+00
1.838586241288332701e+01 -2.048254064987997225e+00
1.839239686839272991e+01 -1.474629227548597044e+00
1.836933043197895543e+01 -9.701129193885229540e-01
1.834916662080070182e+01 -4.481328327365972086e-01
1.835349904217134309e+01 8.884586317194020921e-02
1.835473303957795466e+01 6.038621540807191934e-01
1.835388918548013137e+01 1.147239887025310878e+00
1.834260548354490084e+01 1.673658780797911305e+00
1.834542591362450281e+01 2.189531694070979029e+00
1.834141476366537304e+01 2.730868190889481184e+00
1.832983991601490104e+01 3.267381636856654836e+00
1.834732923194634324e+01 3.778874931459125008e+00
1.893415781099292872e+01 -4.147131203264343924e+00
1.892414422662054818e+01 -3.644220803839978373e+00
1.894224466412203256e+01 -3.095664006478274999e+00
1.892009581005455487e+01 -2.583571438827569011e+00
1.892551186829358301e+01 -2.038037965932254281e+00
1.892440830458420109e+01 -1.507300923036314799e+00
1.890679455562339939e+01 -9.763813559202461079e-01
1.891634732027390697e+01 -4.549713978483680421e-01
1.889010913720585094e+01 8.486840890552116434e-02
1.887029643734892304e+01 6.229676859404591482e-01
1.887855674847651954e+01 1.138028093422786213e+00
1.888777147068951479e+01 1.670362876319750001e+00
1.888666798241657574e+01 2.209770483154933629e+00
1.888575089583282818e+01 2.705727056783693740e+00
1.890077552536904903e+01 3.190336155363411308e+00
1.888335050984563068e+01 3.773039727101608065e+00
1.948364176565173622e+01 -4.187564527676114423e+00
1.947098918833501457e+01 -3.629569091748464871e+00
1.948030296990147647e+01 -3.108143217794525626e+00
1.945031825851143026e+01 -2.581717934027313532e+00
1.944600353779333801e+01 -2.051174409634924700e+00
1.945054248724350288e+01 -1.512698294825657541e+00
1.945703383931857289e+01 -9.807188106167679109e-01
1.944828516879623592e+01 -4.457636254893024841e-01
1.943939825193392323e+01 6.855361835342677068e-02
1.944521421672993711e+01 6.089951178756791705e-01
1.943174448019805212e+01 1.142229948494275504e+00
1.941961926194140275e+01 1.673470201235289778e+00
1.940894860079790618e+01 2.208408745947043172e+00
1.943582689404727049e+01 2.732371374330124780e+00
1.942986157655501245e+01 3.282825814794346542e+00
1.941872237301492632e+01 3.777976757995816115e+00
1.999084599346291569e+01 -4.169146437144826578e+00
2.001593031091093522e+01 -3.640093158119224626e+00
2.001234574161131974e+01 -3.116886431063116802e+00
2.001635317571002304e+01 -2.584648268585929998e+00
1.998507226396425551e+01 -2.047929136590173727e+00
2.000172103108738142e+01 -1.505521258887331015e+00
1.998938459535542123e+01 -9.859335189545603839e-01
1.997494792346851966e+01 -4.434027451155451161e-01
1.997914685993370298e+01 8.421197198946117624e-02
1.997374676418505501e+01 6.134523721630955606e-01
1.996836776253310930e+01 1.126163931888854108e+00
1.998562540731823134e+01 1.617394598451738830e+00
1.996597893649200373e+01 2.213285724706665292e+00
1.995917547297483097e+01 2.722110390690772874e+00
1.995922058506680941e+01 3.272310871241302266e+00
1.995188955965955202e+01 3.762301342431896956e+00
2.055656453021429542e+01 -4.165128554838531727e+00
2.055390160230743390e+01 -3.645144572777644143e+00
2.054213992500390873e+01 -3.115377791697225618e+00
2.053305167451568991e+01 -2.584808589949592061e+00
2.053082948950996922e+01 -2.024597089521755322e+00
2.053821741537728229e+01 -1.498753689554575885e+00
2.053059026428829270e+01 -9.766220798506637379e-01
2.052110840396622748e+01 -4.421122891926749787e-01
2.052461280610381777e+01 9.153329171061486136e-02
2.050554921029495148e+01 6.060326467720500432e-01
2.049979173658209675e+01 1.132181710494513993e+00
2.051556487480166524e+01 1.667034977102858306e+00
2.051268150171997462e+01 2.203060151888397655e+00
2.049136967085901873e+01 2.724841543634425989e+00
2.049882852643178310e+01 3.273532732064492023e+00
2.051104215419450583e+01 3.791902743101175588e+00
2.109802037559610000e+01 -4.165768636406253833e+00
2.107435405593353295e+01 -3.640889502600597183e+00
2.108397291272314078e+01 -3.102507545366176345e+00
2.108247089282284747e+01 -2.565942548126457723e+00
2.106015159181382757e+01 -2.048849111570479664e+00
2.106158191456681550e+01 -1.543038185698332398e+00
2.106590299219847395e+01 -9.773693899903790339e-01
2.104662431455192007e+01 -4.546133888494807707e-01
2.106808898811074471e+01 8.705751566787611750e-02
2.103442405517632352e+01 6.198781287193284584e-01
2.106306786762252869e+01 1.172008547848143678e+00
2.105719179156713494e+01 1.670589380714805117e+00
2.105748692030722680e+01 2.205077310486863951e+00
2.105413574804722288e+01 2.738651112042415292e+00
2.104449656075967567e+01 3.269400726377270416e+00
2.104301866476835414e+01 3.800319772225304149e+00
2.163436380889300636e+01 -4.171182587074515169e+00
2.161875546004424820e+01 -3.647115348402369506e+00
2.162256174646317675e+01 -3.097850243840598594e+00
2.160172541718216621e+01 -2.539598279796241087e+00
2.158663604416079806e+01 -2.043357326799181806e+00
2.162003326267279135e+01 -1.509934286608341836e+00
2.160139826109384842e+01 -9.949825963503506898e-01
2.159182784674844413e+01 -4.537786717847858142e-01
2.159941778116585454e+01 8.618191701835797858e-02
2.158693415137769023e+01 6.108482800278061120e-01
2.159330857722408581e+01 1.145974436077931813e+00
2.158358393600548197e+01 1.672809942172211350e+00
2.158979448243720611e+01 2.207635804051701456e+00
2.157828616861328896e+01 2.756519137520399454e+00
2.158534003157605952e+01 3.268443959164066825e+00
2.157221563097660777e+01 3.802904860284204602e+00
2.218195661576313427e+01 -4.165216002210378576e+00
2.216508594571946134e+01 -3.635655997059796363e+00
2.216619110050916674e+01 -3.106452965759313400e+00
2.214558157741311106e+01 -2.571123016903861469e+00
2.213976029563880132e+01 -2.044362869693799212e+00
2.214764179022471069e+01 -1.513575460096351577e+00
2.214678660656844045e+01 -9.674057066650085801e-01
2.213567999969146882e+01 -4.432127801417493629e-01
2.214620265928378018e+01 9.013030034919111699e-02
2.212694412956884804e+01 6.036810825866290031e-01
2.211640872325292406e+01 1.139086878061128516e+00
2.211141801532845363e+01 1.675998839865030732e+00
2.213273691459058767e+01 2.238742138653336156e+00
2.213541148624315014e+01 2.736077215102667992e+00
2.212020150907562055e+01 3.260946333864087165e+00
2.210772615643619332e+01 3.790821609765700373e+00
2.271212890011227614e+01 -4.169756076051806204e+00
2.268981038067311573e+01 -3.630362142976329309e+00
2.269315542272889985e+01 -3.095349017386501700e+00
2.268530812014221709e+01 -2.567475740411289564e+00
2.268948242604217569e+01 -2.040053441497839515e+00
2.268814441889291089e+01 -1.509710916624491972e+00
2.269350802551235802e+01 -9.764723875495064931e-01
2.267278872098084719e+01 -4.394230233062508262e-01
2.267373164053341128e+01 9.290041192277698201e-02
2.267378984149609522e+01 6.059057064819697302e-01
2.267817426375244594e+01 1.146992526233042042e+00
2.265628615817598046e+01 1.687494106976522801e+00
2.266734527327690785e+01 2.236909465923950791e+00
2.267432076209115621e+01 2.747459168405320895e+00
2.264807034491762749e+01 3.256342915011810391e+00
2.263709323576574661e+01 3.784186198160607972e+00
2.323527012542687231e+01 -4.176977947594556539e+00
2.324560485740748561e+01 -3.646365161807938904e+00
2.321878726569820373e+01 -3.113313958153250738e+00
2.322927485883131737e+01 -2.576530058641107956e+00
2.323667451399515471e+01 -2.061155952608949349e+00
2.322209561676277900e+01 -1.510961138888461619e+00
2.322241006639902849e+01 -9.837795679319008002e-01
2.323604777130104537e+01 -4.755899855793401798e-01
2.322158797825153442e+01 9.595958589241249115e-02
2.319587592704643697e+01 6.099994208661847495e-01
2.318940580264543172e+01 1.139973528206226661e+00
2.319238195437005601e+01 1.692457380153619795e+00
2.320736120623673315e+01 2.226269385106391496e+00
2.319459511758588377e+01 2.750335441267459657e+00
2.320388059435550332e+01 3.251748166515245231e+00
2.319932682443940308e+01 3.783735115649871972e+00
2.377726980825087821e+01 -4.172442395079675848e+00
2.376203928769014340e+01 -3.649161587307402144e+00
2.376820641545527479e+01 -3.104763143928456870e+00
2.378269069347315678e+01 -2.573899255407408049e+00
2.377111278597647015e+01 -2.045593055743701427e+00
2.375273422470286988e+01 -1.495919930994112690e+00
2.376702357458228221e+01 -9.634863424905013574e-01
2.375070622909172613e+01 -4.423263835870656635e-01
2.374329501253215113e+01 7.055144706611216066e-02
2.375434206877402232e+01 6.073779059004031922e-01
2.372639980416293781e+01 1.136389507292534518e+00
2.372810350931227674e+01 1.705171981601303344e+00
2.371690961881186155e+01 2.212260025339677583e+00
2.372455521910492848e+01 2.737247984423412106e+00
2.372547836710022295e+01 3.276760674003977414e+00
2.371707533477945873e+01 3.793172325144723800e+00
2.430254455386999979e+01 -4.183302923571130094e+00
2.431610291706539329e+01 -3.626759998956973874e+00
2.430827833043511532e+01 -3.112671589230638247e+00
2.430132897082231835e+01 -2.573628888867855125e+00
2.429041426053939290e+01 -2.033626941783943209e+00
2.428351377714106007e+01 -1.502863133700191867e+00
2.428687066048159693e+01 -9.759214350306031349e-01
2.428523196290835529e+01 -4.494525486748912613e-01
2.428809320253920845e+01 7.843741585803698513e-02
2.427690194752325681e+01 6.148404659403432504e-01
2.428335307584361402e+01 1.137686349197476687e+00
2.427902907215563033e+01 1.680486649894206153e+00
2.425980693147324985e+01 2.215428551123068246e+00
2.428880277758701567e+01 2.719925810115920939e+00
2.426576027649385026e+01 3.258144534679608739e+00
2.426706390607916575e+01 3.796289400975446426e+00
2.485253787351824428e+01 -4.177324895276958827e+00
2.484665760417710345e+01 -3.636936326134552644e+00
2.484292046232582152e+01 -3.101546495002388326e+00
2.483805007430949274e+01 -2.585118060111334160e+00
2.483551702969916875e+01 -2.030285116085263297e+00
2.482958454856187558e+01 -1.506930907698457389e+00
2.482718028363519380e+01 -9.829694405622930731e-01
2.480311223312227753e+01 -4.511436705527920310e-01
2.480139770943144129e+01 9.247094485997564561e-02
2.480725817985845794e+01 6.183756134200564247e-01
2.480680360227730574e+01 1.126561652807659186e+00
2.480912936907078858e+01 1.673817449737775576e+00
2.486039531866416752e+01 2.205000387313159393e+00
2.482663573976675764e+01 2.739966541016482182e+00
2.481098372865261581e+01 3.278624288594638614e+00
2.479017890431885718e+01 3.786061014128968338e+00
2.536736563648753418e+01 -4.168517941407202443e+00
2.537330173077220508e+01 -3.630791791702023374e+00
2.537096658030981189e+01 -3.100552318545659602e+00
2.536383856324354724e+01 -2.594864462963332841e+00
2.537371721619798137e+01 -2.034015048967578565e+00
2.535246542222694899e+01 -1.504503507347795477e+00
2.536239211195731968e+01 -9.844753332244451371e-01
2.536559869634507436e+01 -4.434100392179018968e-01
2.535539930230417838e+01 7.890926128727571154e-02
2.535542232190999812e+01 6.120364217673071039e-01
2.536511010029867208e+01 1.143948625765521143e+00
2.534624942392188274e+01 1.676623820641182760e+00
2.534733794265028450e+01 2.205733452592486543e+00
2.537379570306535470e+01 2.735778702051302247e+00
2.534054611389544220e+01 3.266081657182805742e+00
2.532687963875810766e+01 3.798541603615845474e+00
2.592944833773817948e+01 -4.170858431267784994e+00
2.590140933778006627e+01 -3.638793921184898750e+00
2.591385555103019556e+01 -3.104910276360575594e+00
2.590592098859178094e+01 -2.578600076234252469e+00
2.589946088065317298e+01 -2.036223028399948731e+00
2.588758569003507404e+01 -1.519445083088147186e+00
2.588634227396306642e+01 -9.771389584230405490e-01
2.589835761010397164e+01 -4.416305582556923071e-01
2.590130635886246324e+01 8.569583240651823530e-02
2.589315441098510462e+01 6.090836971225499497e-01
2.588973791468535524e+01 1.142543047275324852e+00
2.588712188977412865e+01 1.679529802151154882e+00
2.589733759497762833e+01 2.214555242835476889e+00
2.589202606906184911e+01 2.730208440507048806e+00
2.589568854127678321e+01 3.259535758359245250e+00
2.590005266209682588e+01 3.794160410787309701e+00
2.647174734526141293e+01 -4.163845868214055557e+00
2.643354005046884225e+01 -3.673967354334077839e+00
2.644384372775515146e+01 -3.096984672709240272e+00
2.643932003222418814e+01 -2.580409731469142542e+00
2.644491718056015372e+01 -2.046303030751435159e+00
2.646264188257704575e+01 -1.523474293575119987e+00
2.645755805660365212e+01 -9.711264279777722663e-01
2.642995292333898760e+01 -4.365513899554187560e-01
2.643866660779691102e+01 8.093315441130854992e-02
2.641514585362931911e+01 6.185198156549489568e-01
2.641886553642552826e+01 1.133015834529558674e+00
2.644128412552609575e+01 1.686345960399904698e+00
2.642617720093614508e+01 2.211265732592234912e+00
2.640571743669882210e+01 2.721857855397285419e+00
2.640079918518502211e+01 3.256900059044085083e+00
2.640839684428955536e+01 3.805352663634320010e+00
2.698423313131998214e+01 -4.164565909087706075e+00
2.698825304932064739e+01 -3.637889985682235761e+00
2.699475189408590836e+01 -3.115168036388871187e+00
2.698571498969172922e+01 -2.580260887442690887e+00
2.698674934878726361e+01 -2.030686350664975492e+00
2.698512434263304982e+01 -1.526732868298100954e+00
2.697956374646479816e+01 -9.904741884416452535e-01
2.699629270098370171e+01 -4.354394378678634325e-01
2.696711120330445510e+01 7.215542883915304628e-02
2.697257584976188127e+01 5.948609579801562575e-01
2.697734060874918782e+01 1.133798520205299809e+00
2.696255690646646030e+01 1.675322473209160279e+00
2.694856916434603278e+01 2.219837746247520727e+00
2.696084968205304477e+01 2.753929277601002923e+00
2.696199214473582373e+01 3.255671632794552295e+00
2.695126286531964865e+01 3.802343485275951451e+00
2.751470448593789087e+01 -4.177099438701324274e+00
2.752020361676891724e+01 -3.649208761574756821e+00
2.752363815311787931e+01 -3.114323597290072243e+00
2.751660997880222226e+01 -2.569180359046384865e+00
2.753251111218349223e+01 -2.031495002819770690e+00
2.752229107187580581e+01 -1.519194457474057458e+00
2.751114529952814536e+01 -9.753027113382586322e-01
2.751746251930668308e+01 -4.386093659456165028e-01
2.750561030641033256e+01 8.954608282557785515e-02
2.750456800725417850e+01 6.219670179039660241e-01
2.752511679612766926e+01 1.163291527321359098e+00
2.750906431960785170e+01 1.669051949547696978e+00
2.750372668646578944e+01 2.213602343218276758e+00
2.750190845327217914e+01 2.718000604190400793e+00
2.748610256608422731e+01 3.256821959683176004e+00
2.748718347377656102e+01 3.811774691246796465e+00
2.805649241948046324e+01 -4.162134112242522832e+00
2.804487886901190308e+01 -3.649185124125425617e+00
2.803690793129420911e+01 -3.120271605245427793e+00
2.805473615798241838e+01 -2.577653866284641992e+00
2.804104888979345134e+01 -2.040461748069574810e+00
2.806835022440320415e+01 -1.514015811707611903e+00
2.805649924994879996e+01 -9.808394960837532039e-01
2.804348221220342907e+01 -4.512015128281277043e-01
2.804402061892775322e+01 8.127867990583936830e-02
2.804436063410981461e+01 6.187774889516575172e-01
2.805134126944427919e+01 1.154020693701646394e+00
2.803587716600932822e+01 1.679811398175470316e+00
2.801942125314042187e+01 2.217994851862403749e+00
2.802851397484002405e+01 2.747034284726684206e+00
2.802685910093927646e+01 3.274801241768152238e+00
2.801943300303465634e+01 3.804948965983523834e+00
2.858816109440464004e+01 -4.164022380595909567e+00
2.860585813204893668e+01 -3.656732813502898694e+00
2.860463248845054807e+01 -3.104883041458665005e+00
2.859200088173187737e+01 -2.560808761838082148e+00
2.858569103443849002e+01 -2.041314442952980812e+00
2.859593677560249603e+01 -1.501531771601310794e+00
2.858368905648671188e+01 -9.727480924486329172e-01
2.857534367911519269e+01 -4.469338696823008661e-01
2.858008178178327796e+01 8.657972826026849589e-02
2.858513124371695824e+01 6.414557612737432635e-01
2.858342709067198939e+01 1.154261280241389187e+00
2.857654765092261329e+01 1.661266809512156328e+00
2.856752884756206612e+01 2.196567521038307547e+00
2.858354350882500938e+01 2.736546012253437965e+00
2.858249658715872243e+01 3.280929470580307594e+00
2.856866551794750819e+01 3.825909675720740921e+00
