9.673496733021625715e+00 -4.171850718832928351e+00
9.671133661845455975e+00 -3.666869479031410251e+00
9.621867878867870871e+00 -2.645831186960421633e+00
9.617963438210161087e+00 -2.097334622850464569e+00
9.639360199535001783e+00 -1.601784961315779299e+00
9.604515914343629390e+00 -1.072445751237371070e+00
9.585791507650533561e+00 -5.784153440452044492e-01
9.523082778132739179e+00 4.852717479130888023e-01
9.515929490665754997e+00 9.976495865760384163e-01
9.503545362045617395e+00 1.541728012777191736e+00
9.551879846927914031e+00 2.042519970024937237e+00
9.529634835026190132e+00 2.576162360165909604e+00
9.475254834409753357e+00 3.088787183736148023e+00
9.491775119145842154e+00 3.614119403307547884e+00
1.029090938511258102e+01 -4.159997207041241651e+00
1.023772727113372838e+01 -3.679899332611061169e+00
1.023901452385524991e+01 -3.135241597485203258e+00
1.019057799148059829e+01 -2.103270815426885321e+00
1.015952676727658854e+01 -1.571320185785477719e+00
1.014878771272141478e+01 -1.078237873815481862e+00
1.011412951423622530e+01 -5.588263071983305963e-01
1.012885801714219269e+01 -3.177586418142297475e-02
1.012041269986054459e+01 5.056571022748848065e-01
1.010198440563170053e+01 1.523141340708242808e+00
1.010131347261929236e+01 2.043772730945523364e+00
1.009723252180624087e+01 2.560338259342117340e+00
1.006645524760019228e+01 3.106172138924669923e+00
1.005186814771708725e+01 3.612363173567391783e+00
1.081524867532022327e+01 -4.162431473542321569e+00
1.083147148884985356e+01 -3.678046037084927278e+00
1.077900544449663656e+01 -3.110360284675724785e+00
1.078065148973430354e+01 -2.625694293676989588e+00
1.074813800197789604e+01 -2.106762559195427542e+00
1.074644910000434450e+01 -1.598644670053076311e+00
1.070032334089758308e+01 -1.079445310426560667e+00
1.071509715855197697e+01 -5.632449844786577842e-01
1.070146394100969545e+01 -4.579060050275174376e-02
1.067646320335388310e+01 4.767455535280475942e-01
1.066915513021015016e+01 1.003307603382960878e+00
1.065368409573364517e+01 1.536971192657308194e+00
1.065663466855646035e+01 2.064979986094748199e+00
1.062832650604676843e+01 2.572648314900920496e+00
1.064463166445736775e+01 3.107207144681172650e+00
1.061325300311620978e+01 3.627150979159093680e+00
1.138036411374412538e+01 -4.148149775075639312e+00
1.138036328478510839e+01 -3.647223533364252646e+00
1.135722714005812861e+01 -3.138934776068055044e+00
1.135259586205954818e+01 -2.609793027623762640e+00
1.133526796054560037e+01 -2.095433182888502444e+00
1.132197594913479577e+01 -1.587484496979779891e+00
1.130369105715098854e+01 -5.364651439853602710e-01
1.129282353425682928e+01 -3.714262448799132699e-02
1.129213150547779421e+01 4.973134048874641167e-01
1.126408762931489349e+01 9.630329380586495347e-01
1.120694312339575305e+01 1.547320124757820992e+00
1.120509664614172962e+01 2.053572450739984845e+00
1.119530081832541057e+01 2.583693559180115784e+00
1.118548819121532034e+01 3.104215897453094897e+00
1.120583627307192387e+01 3.623327111663353861e+00
1.197415076478927531e+01 -4.171360646371599756e+00
1.198014749334799944e+01 -3.613801178714837192e+00
1.196748740341527650e+01 -3.036689526689839269e+00
1.193540921487080197e+01 -2.593932827985476308e+00
1.188241474708408418e+01 -2.078256728152844346e+00
1.189015845806039806e+01 -1.604597529040724169e+00
1.186921791468226317e+01 -1.065634467016856490e+00
1.184387611547937524e+01 -5.421692147853178767e-01
1.183374692020736063e+01 1.128400471231572055e-02
1.182918554530825972e+01 5.131083265575462349e-01
1.180590164776713635e+01 1.026192151721783574e+00
1.177450538531288515e+01 1.527613781119118386e+00
1.176721473106434246e+01 2.070587356347687091e+00
1.175541545836430402e+01 2.596308614049956276e+00
1.177466745565878625e+01 3.084678383308773419e+00
1.176514242238873464e+01 3.613942820159916636e+00
1.252164556802858542e+01 -4.188592604336212943e+00
1.238347058367784470e+01 -3.895417055929275563e+00
1.253270737202150542e+01 -3.146603666301558633e+00
1.249641147284617304e+01 -2.610901629560689940e+00
1.245865542346838950e+01 -2.090634562653164608e+00
1.244967057955792455e+01 -1.593638373684466814e+00
1.242914082339369131e+01 -1.069598543929597412e+00
1.241347357993803868e+01 -5.520149745701345978e-01
1.236114309534472966e+01 8.460399172065535822e-04
1.239593551067369148e+01 5.290534628943852624e-01
1.240306053415196530e+01 1.039296335422108086e+00
1.234755880898185509e+01 1.493662362813633848e+00
1.230369092841703349e+01 2.068026455873379632e+00
1.233456793800221618e+01 2.622135325381705684e+00
1.237108608213825534e+01 3.106074524509690349e+00
1.237423992156550412e+01 3.640799054692909209e+00
1.314186039627665181e+01 -4.172408109890850980e+00
1.310414846028788816e+01 -3.655619476302867099e+00
1.309982877095763598e+01 -3.127859596090702965e+00
1.306984342855416159e+01 -2.604069854781808857e+00
1.305616919188957681e+01 -2.075194820267906692e+00
1.301741256251349199e+01 -1.538992560199634596e+00
1.301809240882938568e+01 -1.027163806020126913e+00
1.302285140029078647e+01 -5.102588950840072357e-01
1.298063731103243157e+01 6.468480090038752905e-03
1.298989537324077403e+01 5.242203138899519388e-01
1.293127067564796917e+01 1.012632986289972337e+00
1.295657374827895225e+01 1.551787645900596146e+00
1.292480799792570068e+01 2.044340941675081069e+00
1.293503908356584731e+01 3.115860075188855660e+00
1.291869686276053741e+01 3.633676226757625471e+00
1.375328515916121219e+01 -4.157163016763776753e+00
1.368993877369296541e+01 -3.620491652070551680e+00
1.366178584457757239e+01 -3.143437423207947390e+00
1.361714008989718749e+01 -2.601512744264407928e+00
1.360556432971795005e+01 -2.083106489685079055e+00
1.361218907525930888e+01 -1.518161811138217132e+00
1.357756617357299334e+01 -1.012871061089047231e+00
1.356358702266886596e+01 -5.018572589374414861e-01
1.353179008528256233e+01 -1.393242887463230772e-03
1.352929230006363426e+01 5.119459278283429171e-01
1.353245083165173668e+01 1.022217826211139879e+00
1.349226735525022747e+01 1.527187063338697470e+00
1.349026534814855793e+01 2.073357004727828468e+00
1.351916436244259501e+01 2.606157469518276315e+00
1.348778320572266409e+01 3.120781045441411550e+00
1.348292922411421557e+01 3.666920422259547507e+00
1.434218615017364584e+01 -4.161076438897390872e+00
1.429106303834942793e+01 -3.642932626538881280e+00
1.433018290299319020e+01 -3.147783472288514517e+00
1.421276633698398939e+01 -2.602868120032219679e+00
1.417464212175669402e+01 -2.033434162196940065e+00
1.416686229586412438e+01 -1.538917553559031148e+00
1.413993616435224610e+01 -1.028560669415938378e+00
1.411866471023226310e+01 -4.891234723003670126e-01
1.413163321659772365e+01 -1.385590275923220815e-03
1.408801961036789407e+01 5.124101903595743579e-01
1.408052537008557792e+01 1.028358084246669080e+00
1.406764468614361974e+01 1.542013446903389706e+00
1.407355100498790890e+01 2.114757210594795822e+00
1.403718585649226114e+01 2.592531789164240763e+00
1.401011123444614981e+01 3.643822863036380255e+00
1.489400169066637503e+01 -4.179406417627040682e+00
1.484274314817524854e+01 -3.658262887470948854e+00
1.480749490067015728e+01 -3.146500255685774405e+00
1.478442620587525624e+01 -2.591109080166500434e+00
1.476165656278783445e+01 -2.075182269728376383e+00
1.474523574054565245e+01 -1.564286724272228923e+00
1.476272963130765703e+01 -1.006864284134177723e+00
1.469313272127731906e+01 -4.726484074350594256e-01
1.464080559115830127e+01 8.784517818828163627e-03
1.468980747175076829e+01 5.152293214490804019e-01
1.465135836759430177e+01 1.033565791961702729e+00
1.465174350028305028e+01 1.550286129075885810e+00
1.462100373281015919e+01 2.090109652625596226e+00
1.460372133403452466e+01 2.600581799413070883e+00
1.456506372590979836e+01 3.135193195671259758e+00
1.460238017688848799e+01 3.647873690348770737e+00
1.544139482992910928e+01 -4.157099097670245769e+00
1.538952491517436627e+01 -3.619461577827456367e+00
1.534399431692330396e+01 -3.094412506523674722e+00
1.535138549626356763e+01 -2.570664286787948782e+00
1.534470535858952545e+01 -2.036399766165899905e+00
1.530147702347862548e+01 -1.539750486957331077e+00
1.527051390898942884e+01 -1.024050049745923729e+00
1.526137334147737690e+01 -5.011687402018729642e-01
1.522679417508466315e+01 2.074078836857040642e-02
1.522286465728441129e+01 5.432801746760844708e-01
1.520702934092304304e+01 1.061903403212411945e+00
1.537881937181414571e+01 1.614933511998344784e+00
1.519111231919499261e+01 2.075454623234161744e+00
1.517253206055901416e+01 2.609845263758394651e+00
1.515151475711239826e+01 3.136210951275167247e+00
1.515509387273447217e+01 3.703763008246404809e+00
1.596620826445559516e+01 -4.110039147469594312e+00
1.593562315655718464e+01 -3.594121884347734053e+00
1.591877719553424342e+01 -3.066959279714323472e+00
1.591006945145376150e+01 -2.560281478352322893e+00
1.589481496638439495e+01 -2.036272241202397026e+00
1.587658473009107141e+01 -1.542881877775261756e+00
1.583335331525973544e+01 -1.011124934735008196e+00
1.582021653931446892e+01 -4.814715206288866511e-01
1.578766035723891292e+01 3.616043520118594756e-02
1.578388073177151085e+01 5.472412291930837114e-01
1.576876586701925476e+01 1.060433876119425634e+00
1.581520800940893423e+01 1.591977794735111473e+00
1.574205520393144653e+01 2.088865817310665562e+00
1.573757505669881240e+01 2.630916229387818106e+00
1.570584722916748177e+01 3.162010837062961599e+00
1.575503043314444795e+01 3.671234781487228815e+00
1.652252541006676267e+01 -4.105648629419667017e+00
1.649223196348141229e+01 -3.583688704500996636e+00
1.647925135362823568e+01 -3.060738904774911617e+00
1.646067338801114843e+01 -2.547327257331797767e+00
1.645089917323747741e+01 -2.031491885239834261e+00
1.640731544585351998e+01 -1.552642751422617096e+00
1.640490525157554913e+01 -1.001710739048291998e+00
1.643130093222737642e+01 -4.812654823723434561e-01
1.638718561415341313e+01 4.149721476266421405e-02
1.633277648804381599e+01 5.222428301353900792e-01
1.633630664294004475e+01 1.062925175662499555e+00
1.635307301388819567e+01 1.592163353649262092e+00
1.632883499347048328e+01 2.118499984625131560e+00
1.630211802850010017e+01 2.656145174043821555e+00
1.630661724382861877e+01 3.152900492323126969e+00
1.629195791961416973e+01 3.687426852029435764e+00
1.711245467492175010e+01 -4.102556938857675917e+00
1.707529713842705377e+01 -3.595242415294313432e+00
1.705040830506202454e+01 -3.043384159065617212e+00
1.705060615608465113e+01 -2.579708380063721052e+00
1.701857419816994366e+01 -2.066203057592190362e+00
1.694766163595373243e+01 -1.521218768007361888e+00
1.695636275381380287e+01 -1.005021349595718760e+00
1.695597801630498935e+01 -4.789347977983737792e-01
1.694659483329792593e+01 4.975752481589523768e-02
1.695602901462223855e+01 5.570758046676509423e-01
1.690259168787787658e+01 1.088697190099626511e+00
1.688124349151263104e+01 1.580292590082443382e+00
1.688800655611203183e+01 2.125585648456127075e+00
1.687334696436293413e+01 2.642797803572644710e+00
1.686537033053877011e+01 3.179552700264761000e+00
1.686161423908574619e+01 3.707577839555131760e+00
1.764643444711201425e+01 -4.082833268315637198e+00
1.761789831502932913e+01 -3.586724064034479298e+00
1.761821681984483945e+01 -3.060963531545931815e+00
1.759727073065707259e+01 -2.532426835731207859e+00
1.756510919654892433e+01 -2.051830746236579017e+00
1.754682888210648173e+01 -1.496751818916607135e+00
1.752766698625622155e+01 -9.937149834103813362e-01
1.747524887037978303e+01 -4.842311129566780892e-01
1.747833056145988451e+01 4.776629881492411300e-02
1.748272059695980829e+01 5.550060319266520992e-01
1.746805574830336028e+01 1.090206599921494046e+00
1.743321227397506945e+01 1.584633996215483620e+00
1.742165440341921823e+01 2.110936051129698399e+00
1.743066158091638584e+01 2.655291682165909606e+00
1.740095932416909363e+01 3.168692812982950358e+00
1.748499618705199055e+01 3.633562016632783553e+00
1.817551653921942290e+01 -4.103431874422346581e+00
1.817404954047403365e+01 -3.596238142368205715e+00
1.817322249193615136e+01 -3.053589224641779509e+00
1.814564527105985192e+01 -2.561926571834671762e+00
1.813786458605726537e+01 -2.044533351652709996e+00
1.812865128359775113e+01 -1.509915152422092177e+00
1.809066994360513903e+01 -1.010288134106527735e+00
1.808760851066142550e+01 -4.810671955882241946e-01
1.804191692601622421e+01 4.000827928043548809e-02
1.802838996629331092e+01 5.731902046028061193e-01
1.801456566217534316e+01 1.105788066781144607e+00
1.800940898862704032e+01 1.610841090684775878e+00
1.799611297025633760e+01 2.136017780634549723e+00
1.798973311186799151e+01 2.615945181455561652e+00
1.804733196025624764e+01 3.045439655549113667e+00
1.801905162355926748e+01 3.628553257129585319e+00
1.878667997768702236e+01 -4.111766856969081729e+00
1.874218214892923839e+01 -3.594859721372202443e+00
1.873327897531031283e+01 -3.074631877872676000e+00
1.869137065567340628e+01 -2.573084952555930727e+00
1.865992670968896761e+01 -2.050190270084151223e+00
1.866651158030861879e+01 -1.513265381206739590e+00
1.867695928533133198e+01 -9.942789878078670540e-01
1.864025816271979963e+01 -4.694599328115849346e-01
1.861558363682005890e+01 3.890976074097807214e-02
1.862064135441123724e+01 5.798856818150674997e-01
1.859299552601728678e+01 1.077024162797027174e+00
1.855178699261812980e+01 1.622248500084975120e+00
1.854541696057583877e+01 2.127320885392606442e+00
1.857147869825401543e+01 2.643000252890846724e+00
1.858113512417020274e+01 3.193215665159566896e+00
1.855724004492908819e+01 3.667751805913852081e+00
1.929363964423273003e+01 -4.116194448209393286e+00
1.931949411863040567e+01 -3.607597163276702545e+00
1.931090491392270891e+01 -3.081578065642142761e+00
1.930569183298814906e+01 -2.559205606798620636e+00
1.923597791038151428e+01 -2.057780511897501441e+00
1.923892374909566172e+01 -1.499762830360797494e+00
1.922450962209203951e+01 -9.884848817027211965e-01
1.919287604514202883e+01 -4.710176804326451361e-01
1.919019022823462706e+01 5.791202511391091434e-02
1.917596554950753784e+01 5.733856122632197128e-01
1.916621695315549445e+01 1.083400605820919793e+00
1.914610406839213752e+01 1.576035746142032679e+00
1.914149616483031480e+01 2.133343274687121038e+00
1.910810559174741385e+01 2.626241718093094590e+00
1.911444247033765365e+01 3.181804807970248561e+00
1.909531039073745617e+01 3.654685794928031584e+00
1.988385935833753848e+01 -4.119034369495802039e+00
1.986050468102050814e+01 -3.596837223271798223e+00
1.984432583478682943e+01 -3.079307830688755132e+00
1.982037433819268557e+01 -2.558249067536337407e+00
1.980501822152135816e+01 -2.003136703127111673e+00
1.979960960332676478e+01 -1.496420893630794779e+00
1.978611032825167371e+01 -9.770934239243942443e-01
1.977621295614959962e+01 -4.597011184913064596e-01
1.976496230230144135e+01 6.973205859051745392e-02
1.973402628488800303e+01 5.782564420344158407e-01
1.972294177105952073e+01 1.093915152402537672e+00
1.972922370489419208e+01 1.595792838405433400e+00
1.971845820053966847e+01 2.119449246070821857e+00
1.968349963261523783e+01 2.643937658795302070e+00
1.968860413889467154e+01 3.199148249620087370e+00
1.968246455300512210e+01 3.697979483196167649e+00
2.045274652231524470e+01 -4.117322483575504677e+00
2.039608702216019509e+01 -3.583203917380775039e+00
2.039992750894800366e+01 -3.056097242716985463e+00
2.041506093926506082e+01 -2.539542658708633383e+00
2.035331687837599191e+01 -2.067551666277168465e+00
2.032665233120630432e+01 -1.536466208780822740e+00
2.033122714928533981e+01 -9.798805027377390786e-01
2.030238651681612083e+01 -4.618590924627774541e-01
2.031700235440375479e+01 7.187319555544036120e-02
2.028821851199334247e+01 5.977988682759587391e-01
2.030520946761989620e+01 1.135063606541798720e+00
2.029382992539729003e+01 1.612756054236776038e+00
2.028679989600686895e+01 2.142992970901122618e+00
2.026981230325675654e+01 2.673715809547239530e+00
2.025347042655832297e+01 3.190830769866703776e+00
2.024122423282653216e+01 3.712121375728671069e+00
2.100797929288768273e+01 -4.117882831307179359e+00
2.095903484066277400e+01 -3.577405526633038235e+00
2.097177105389327068e+01 -3.074474124744154935e+00
2.093636024314263722e+01 -2.535227580212229270e+00
2.093293627649069322e+01 -2.025243525368182418e+00
2.091064235546155459e+01 -1.494858133203823769e+00
2.087272698418478711e+01 -1.000012013601413230e+00
2.086165547931424413e+01 -4.750397516370519213e-01
2.086223797251335554e+01 6.618745821335991764e-02
2.085525021387135780e+01 5.793344952239820600e-01
2.086144202218682864e+01 1.102374127215288269e+00
2.083466178620420806e+01 1.616647860307661944e+00
2.083515425059903237e+01 2.152836740270938520e+00
2.082310442442744858e+01 2.687604499803061486e+00
2.081246100907667795e+01 3.184469053411703499e+00
2.080290154957917537e+01 3.715481920968379370e+00
2.157082262651245941e+01 -4.102100257541636097e+00
2.154108810366901849e+01 -3.572305795279659080e+00
2.152320745819997683e+01 -3.061906879108242663e+00
2.148262008465989226e+01 -2.530514717604095409e+00
2.147142441673722146e+01 -2.022815302695107675e+00
2.147358921816224608e+01 -1.496480535061255779e+00
2.147000869844214321e+01 -9.659114578230258985e-01
2.144999297084313383e+01 -4.582719285023557632e-01
2.143783735358376674e+01 5.788784717074335617e-02
2.140381596051796720e+01 5.620104277248181290e-01
2.139784497422835585e+01 1.095417646252283106e+00
2.139281457350064386e+01 1.633795047548151302e+00
2.139794092535213821e+01 2.191539890808577695e+00
2.137241429370509849e+01 2.554178642771763208e+00
2.138128074643849175e+01 3.155796961723812188e+00
2.134837211882789632e+01 3.705981593939288388e+00
2.211720378339253301e+01 -4.111549487738496822e+00
2.208106341529883565e+01 -3.576778602144042196e+00
2.206797787060592952e+01 -3.034599145265920228e+00
2.205935078297495977e+01 -2.537502790864376578e+00
2.202802376323337796e+01 -2.025355535181461164e+00
2.201455625794272919e+01 -1.501395077289064517e+00
2.203525372519382586e+01 -9.738908109471502428e-01
2.199132867041278416e+01 -4.508762257641549809e-01
2.198183355902110492e+01 7.447500012679242332e-02
2.197748600883750214e+01 5.729880119176655739e-01
2.197466175663990384e+01 1.115920964920153580e+00
2.194763729121888218e+01 1.649533822119170878e+00
2.195954296956206520e+01 2.199287922331119915e+00
2.195747415536437330e+01 2.642710322567339176e+00
2.193959663687685691e+01 3.174078550816560096e+00
2.191718780901606323e+01 3.709376766769292288e+00
2.265750371737668445e+01 -4.107935421369221629e+00
2.267831723650586895e+01 -3.589002345014817408e+00
2.260090919475626237e+01 -3.072224214847059542e+00
2.262152987049277186e+01 -2.538125933924799682e+00
2.261119737381736883e+01 -2.018842872957183232e+00
2.258646090308653953e+01 -1.504888481281057011e+00
2.256540697226508030e+01 -9.758729071686929046e-01
2.257097001718423712e+01 -4.556350963365645157e-01
2.254276666487137959e+01 8.415403045708202967e-02
2.252505639916700630e+01 5.858930340795858172e-01
2.251103062421378098e+01 1.110875532075400685e+00
2.251268243254532564e+01 1.637621863896793428e+00
2.252831838544982901e+01 2.184581694781606132e+00
2.250017927385165706e+01 2.713811608139529596e+00
2.250101857094360724e+01 3.200652430004119253e+00
2.249223969593602135e+01 3.720205641299259014e+00
2.321953292933131507e+01 -4.102048305558444241e+00
2.320463388804525096e+01 -3.570667990449756246e+00
2.316116071156388045e+01 -3.032592778985216952e+00
2.318867715964172049e+01 -2.524094080425921760e+00
2.315756986661560290e+01 -2.011255144792770011e+00
2.311292243172398742e+01 -1.472784446103307943e+00
2.310068683404538348e+01 -9.435578055089699490e-01
2.311253669785499198e+01 -4.307759318260266923e-01
2.309343209264539354e+01 6.502069437169666344e-02
2.308978315748471744e+01 5.856351343741721394e-01
2.305929366184837903e+01 1.110710774266475909e+00
2.306128771758140061e+01 1.670605429583584822e+00
2.303735228074704366e+01 2.175898694288779467e+00
2.303637720829797786e+01 2.694123955773630286e+00
2.304585556101298494e+01 3.229008415603527027e+00
2.302883696439437955e+01 3.710838301921796756e+00
2.372335744303965299e+01 -4.130415523520330368e+00
2.374774111207723593e+01 -3.553244872889345984e+00
2.373166405073559559e+01 -3.057496252356624922e+00
2.371758381061992083e+01 -2.498781995740102957e+00
2.368923351076820438e+01 -1.996421372738826250e+00
2.368483041499370501e+01 -1.476191494507229862e+00
2.366219297689808343e+01 -9.573661512517865901e-01
2.365192256198385934e+01 -4.339360844448520993e-01
2.366748328270153223e+01 6.839516842486759174e-02
2.362781592982339873e+01 5.862813390488490484e-01
2.363717601540781033e+01 1.110335368780621224e+00
2.362314108233560717e+01 1.663926035024818617e+00
2.361077721716048927e+01 2.183633490098575436e+00
2.364648900611334170e+01 2.671777942031908992e+00
2.359270819637490746e+01 3.212311131967794608e+00
2.361537141061840828e+01 3.721633067101258519e+00
2.432295588418547538e+01 -4.090084751173851174e+00
2.429744049952585527e+01 -3.536336720649844167e+00
2.427989660982426301e+01 -3.069417657938220856e+00
2.425137769798760701e+01 -2.536075524299363337e+00
2.423948543899624752e+01 -1.985731319969602282e+00
2.423167305490307655e+01 -1.478795119344454179e+00
2.421597893312362260e+01 -9.574907824156824176e-01
2.417256492672128587e+01 -4.234004292939346215e-01
2.418391695438614164e+01 1.116417388382053844e-01
2.419347072675029864e+01 6.094434266191726124e-01
2.417903805593996225e+01 1.096914249947225528e+00
2.418151807644333218e+01 1.647232243170385857e+00
2.422659713472720000e+01 2.173425602655694178e+00
2.419321154611067470e+01 2.707408240921139964e+00
2.416500753828010062e+01 3.234526178440503941e+00
2.415173095706042972e+01 3.731208400375805923e+00
2.483490525045930042e+01 -4.108847055624137212e+00
2.485298664549315362e+01 -3.561988993376731472e+00
2.484185324168923614e+01 -3.039712397906647823e+00
2.481218153872575272e+01 -2.526205128439599434e+00
2.480272235876663700e+01 -1.979203454732790135e+00
2.478158904171976928e+01 -1.464899247397948301e+00
2.478544858819228125e+01 -9.459295379682295390e-01
2.476122085613410206e+01 -4.101066117318090676e-01
2.476912299960708452e+01 9.270350967073426318e-02
2.475846228830069862e+01 6.075855612706320130e-01
2.475421790671767752e+01 1.135566004975039789e+00
2.474477254515220892e+01 1.667132378752381072e+00
2.473255383280252317e+01 2.196559359999760375e+00
2.476831807351968706e+01 2.701257737348107923e+00
2.472623532453599182e+01 3.194879432999304214e+00
2.471676845197170991e+01 3.721986038565571420e+00
2.543723976285559729e+01 -4.090645356002072575e+00
2.539056144665016035e+01 -3.553409406295688910e+00
2.541248537190913481e+01 -3.030190507527239063e+00
2.536738634377115176e+01 -2.518692036572687698e+00
2.537713964842344438e+01 -1.980392557891757832e+00
2.533154923186431517e+01 -1.469521608503605137e+00
2.531034063199133044e+01 -9.437260935729696598e-01
2.533436859717195233e+01 -4.270211274864799122e-01
2.532712991793314927e+01 1.002456495423302840e-01
2.530573790636964304e+01 6.204988353445415328e-01
2.528382908575947852e+01 1.137813612783848072e+00
2.529513683446564443e+01 1.663473059217057681e+00
2.530788697903527407e+01 2.205441818407514631e+00
2.530067475627446782e+01 2.696109887556342954e+00
2.529296633555688345e+01 3.188842533301034621e+00
2.528694457862000178e+01 3.739102381226174998e+00
2.599922458569202632e+01 -4.073484984549660126e+00
2.565747900948185389e+01 -3.577434945155898660e+00
2.594599007022830506e+01 -3.021713066040307538e+00
2.590038647149744833e+01 -2.502949639676035787e+00
2.593621026988120803e+01 -1.996509233374116121e+00
2.594890202597521522e+01 -1.472423140010093334e+00
2.592303850576442414e+01 -9.300147885913077062e-01
2.589132551133304361e+01 -3.787092262923046349e-01
2.588334834167644516e+01 9.060898312122134257e-02
2.585601254672209848e+01 6.212566811850059878e-01
2.585298038062483528e+01 1.134119419012030505e+00
2.583860623344355645e+01 1.675468012678496876e+00
2.584015424372111625e+01 2.197277999433381979e+00
2.583864274122205273e+01 2.695281165668763634e+00
2.583460996537980492e+01 3.181990540363564435e+00
2.581410238522260414e+01 3.744249065192214232e+00
2.650691055294232257e+01 -4.103980165457166152e+00
2.650830055085199177e+01 -3.568597025354103280e+00
2.653008962147813321e+01 -3.039372485309556282e+00
2.646275880233191913e+01 -2.511522003887876053e+00
2.649502211978140309e+01 -1.978898154676169696e+00
2.648274812751251517e+01 -1.472582816313813936e+00
2.646386745658443829e+01 -9.509368850715524957e-01
2.647577401317932555e+01 -3.913711278121070336e-01
2.644920400946705286e+01 9.927312981997715724e-02
2.645841679031681082e+01 6.299491189440402650e-01
2.643707474595001372e+01 1.144575812718287011e+00
2.642220068070336936e+01 1.677107577217768153e+00
2.640878708868478242e+01 2.207457449285886497e+00
2.637007863888951675e+01 2.721588109020220969e+00
2.648925292842422863e+01 3.120447811772073976e+00
2.640067545072968613e+01 3.738878859148073275e+00
2.703933279469620743e+01 -4.087504571272905451e+00
2.705499060797194488e+01 -3.562568953456588972e+00
2.706284493866209573e+01 -3.029431279021215673e+00
2.704548198388751956e+01 -2.495315920182218150e+00
2.706618228662986780e+01 -1.972834909203580622e+00
2.704495045058042990e+01 -1.474909524243347647e+00
2.702891935927140565e+01 -9.461255568389752568e-01
2.703013855841401636e+01 -4.057520074832119406e-01
2.701021753507594525e+01 1.095205051252641226e-01
2.698259018471870974e+01 6.392902533424056344e-01
2.700928427200187798e+01 1.214387616118592916e+00
2.699840362271191196e+01 1.648480401296094300e+00
2.701361425204736832e+01 2.193109023226849530e+00
2.699835015731178345e+01 2.677086094132029359e+00
2.694388294672148021e+01 3.203762216379217875e+00
2.695350318618238106e+01 3.761375495553039627e+00
2.760520805283520929e+01 -4.083227826325481757e+00
2.758285714529760213e+01 -3.575824388375494323e+00
2.756466486756224299e+01 -3.042112042692842522e+00
2.761367556939857337e+01 -2.514161427140081173e+00
2.759128057898632136e+01 -1.959989829114633153e+00
2.761053521028491531e+01 -1.473479299941097054e+00
2.757609148375351538e+01 -9.304540651962156517e-01
2.756073115447706101e+01 -3.966168076562226474e-01
2.757862341824002073e+01 1.071897865554731766e-01
2.756568398789254815e+01 6.313604933041467859e-01
2.755928841328589840e+01 1.162981431138327082e+00
2.750916007115468176e+01 1.665971858587955268e+00
2.752179038902353625e+01 2.198417046131119434e+00
2.752269133103243348e+01 2.710788986479176543e+00
2.750135785149176826e+01 3.229100779505795771e+00
2.749099568058408494e+01 3.758840372454049117e+00
2.814716771399255890e+01 -4.072037024193587484e+00
2.818768880315114700e+01 -3.574297462396227587e+00
2.816752694672342017e+01 -3.040626691377898538e+00
2.814032942533894044e+01 -2.495069344216144458e+00
2.814529930419639925e+01 -1.986501264723141702e+00
2.814380977247914473e+01 -1.439546946634216340e+00
2.813820738447365244e+01 -9.281903337549479716e-01
2.810977011217979538e+01 -4.215943175336676063e-01
2.810285028979552635e+01 1.100086511990845395e-01
2.810809053248323863e+01 6.682011201306927717e-01
2.811965560022217403e+01 1.179829652502544235e+00
2.810182606774056069e+01 1.655485416364133044e+00
2.808626452560962861e+01 2.189133087155838098e+00
2.809130030878431228e+01 2.724919483410722876e+00
2.809318550052902452e+01 3.256017567557243808e+00
2.807699362216888517e+01 3.791600000551291316e+00
