9.575526350384162555e+00 -4.180555631383361614e+00
9.574755837984177731e+00 -3.676563385770638348e+00
9.522363270841168514e+00 -2.653861421035792034e+00
9.523254233646216704e+00 -2.108579400052615682e+00
9.543310297492897831e+00 -1.611021336073225285e+00
9.507914239327419637e+00 -1.081914402192339253e+00
9.488783495510691779e+00 -5.900134419165361521e-01
9.425056236898999629e+00 4.722660491624779411e-01
9.422363348755474988e+00 9.869352430525886177e-01
9.406157862104603140e+00 1.525424779115336804e+00
9.457351913578214919e+00 2.030033976085658054e+00
9.433796359437977230e+00 2.569105762934373871e+00
9.377137308166510365e+00 3.070964735037932769e+00
9.390225024216189098e+00 3.590060194827035644e+00
1.019225841957192813e+01 -4.167905547689279899e+00
1.014315186890185316e+01 -3.689178850146044297e+00
1.014607054741609105e+01 -3.145982634301592640e+00
1.009578636941565222e+01 -2.115949147470516323e+00
1.006332604534221176e+01 -1.582960001702630848e+00
1.005239229662627309e+01 -1.089902729016671401e+00
1.001838609212703446e+01 -5.721648509090755397e-01
1.003519774416940180e+01 -4.243708881575969372e-02
1.002680776101578175e+01 4.934118452597537896e-01
1.000702762855092587e+01 1.508991582266443032e+00
1.000648894021342628e+01 2.030363073807500029e+00
1.000590758552129245e+01 2.546194893867017583e+00
9.972292540768567193e+00 3.089950192590720235e+00
9.957471089377232687e+00 3.597110543670037686e+00
1.072356319490082655e+01 -4.172884904524837069e+00
1.073823680036184314e+01 -3.686835463449355643e+00
1.068677910817594068e+01 -3.115286008012661867e+00
1.068646995923275966e+01 -2.639089393401064854e+00
1.065569354369457500e+01 -2.115706972700536426e+00
1.065612376952056550e+01 -1.609739455860996316e+00
1.060287999205601750e+01 -1.090379512784789284e+00
1.062378712557609717e+01 -5.766145454495195111e-01
1.061091794713041025e+01 -6.043158290243155761e-02
1.058414096425405049e+01 4.622609012693956743e-01
1.057573907657968348e+01 9.889963679733035917e-01
1.056080184271659661e+01 1.522370528886543894e+00
1.056445483161396837e+01 2.052367507878699371e+00
1.053355171462028395e+01 2.557013860097292479e+00
1.055201637566697315e+01 3.094377831645257260e+00
1.051985766469131534e+01 3.612048375074564888e+00
1.128904246658348498e+01 -4.157515491812697306e+00
1.128882312734438997e+01 -3.655677990361008156e+00
1.126832520715799646e+01 -3.149064076199568518e+00
1.125993700283325438e+01 -2.620931037086428717e+00
1.124337033695391241e+01 -2.105141746572520844e+00
1.122968963185700986e+01 -1.596568886764369921e+00
1.121395014143659452e+01 -5.497258836235374702e-01
1.120408744253870736e+01 -5.225322730806425398e-02
1.119976627367858413e+01 4.870069743879916757e-01
1.116746697590582826e+01 9.517211662997446808e-01
1.111780258577984881e+01 1.530570095417868259e+00
1.111230434083278595e+01 2.039164928127210175e+00
1.110226411941476954e+01 2.568752738957098103e+00
1.109384479916992206e+01 3.090481679216296129e+00
1.111289912471386643e+01 3.607680112013138540e+00
1.188583348434468689e+01 -4.180068595177209190e+00
1.189369713661120542e+01 -3.620907341552126013e+00
1.188577361029748403e+01 -3.043180136943414382e+00
1.184566527014678172e+01 -2.603840354637309673e+00
1.179038907719302642e+01 -2.088935327649760865e+00
1.180142181158982240e+01 -1.615030456054295627e+00
1.177920724301032962e+01 -1.077855432280887982e+00
1.175454684940966388e+01 -5.542544529902961870e-01
1.174296216876425802e+01 -3.229638633481357601e-03
1.173965702662173882e+01 5.016035609453268762e-01
1.171514216275579656e+01 1.010708635283894097e+00
1.168480949578849959e+01 1.513171605761247207e+00
1.167756246223010308e+01 2.055636205766194990e+00
1.166432651371797391e+01 2.582571204988997948e+00
1.168495036073262838e+01 3.069469530501034882e+00
1.167373010360389074e+01 3.602248452229119380e+00
1.243356241511970595e+01 -4.195553041948533846e+00
1.232954383000632248e+01 -3.907980283360481977e+00
1.244550326975156196e+01 -3.155374449572269313e+00
1.240913329082674110e+01 -2.623191763689963096e+00
1.236887953887496039e+01 -2.101754212464953753e+00
1.236218768968249648e+01 -1.605434341594396130e+00
1.233975124835784598e+01 -1.080846877209857837e+00
1.232518664207323411e+01 -5.642564073598563823e-01
1.227706109100335041e+01 -1.062619299251821303e-02
1.230598475562277727e+01 5.162282152987422990e-01
1.231243238522095851e+01 1.023561866989279423e+00
1.225971499241676455e+01 1.480891961463960627e+00
1.221458047950132197e+01 2.053775350585517856e+00
1.224305392908220114e+01 2.607340930369620224e+00
1.228134604529218166e+01 3.089145672536865561e+00
1.229102243083885071e+01 3.621258338254847331e+00
1.305723705012942304e+01 -4.180430466337270445e+00
1.301833206860967707e+01 -3.667454060017597328e+00
1.301516414360789398e+01 -3.137866173330490227e+00
1.298430771386291838e+01 -2.613278999092390364e+00
1.297050362527769352e+01 -2.085684758214767953e+00
1.293059152058587813e+01 -1.551788603535921851e+00
1.292897273721097307e+01 -1.041072979072538374e+00
1.293329579872882817e+01 -5.238735210928204822e-01
1.289048225886779875e+01 -6.115362875288354871e-03
1.290298152297738810e+01 5.121173401993743823e-01
1.284245751344496966e+01 1.001212589839951761e+00
1.286799097563158156e+01 1.540285569366275809e+00
1.284032513699298050e+01 2.029099939606986425e+00
1.285055200012775245e+01 3.100152054180334460e+00
1.283210912392815573e+01 3.616303381074452261e+00
1.366953892711968166e+01 -4.169493653787842646e+00
1.360608798854820733e+01 -3.629513355748898107e+00
1.357635997893031998e+01 -3.155515947372222740e+00
1.353240498770313849e+01 -2.609089915330574883e+00
1.351981732507638512e+01 -2.093988797533221202e+00
1.352620900748966548e+01 -1.528613827524928581e+00
1.349108033351697600e+01 -1.023477347851077468e+00
1.347896071397164164e+01 -5.147694454811251319e-01
1.344624204350320795e+01 -1.650967709511874659e-02
1.344344841934004364e+01 5.005272060957892677e-01
1.344870076087772048e+01 1.007205681395539898e+00
1.341011043593574925e+01 1.514672069482841721e+00
1.340515725273565195e+01 2.055752401436986787e+00
1.343139187457920869e+01 2.591866455744707309e+00
1.340727857442107407e+01 3.104834157411691109e+00
1.339707388081729889e+01 3.650156227631239148e+00
1.426400596056640779e+01 -4.168939697788802690e+00
1.421444509733606409e+01 -3.655160165472590705e+00
1.425326826244009482e+01 -3.159312158558774897e+00
1.413194065886033712e+01 -2.615722403316510736e+00
1.409184648020764641e+01 -2.041802103618046260e+00
1.408386719230339779e+01 -1.549155119381399714e+00
1.405624121692045136e+01 -1.037369322659749571e+00
1.403793516432504163e+01 -5.008831856289361895e-01
1.403978342890322750e+01 -1.420296254373454303e-02
1.399990649877235782e+01 4.999954996809989893e-01
1.399854841233752367e+01 1.013512004958016632e+00
1.398609084825792692e+01 1.522230709470143495e+00
1.399083269525244333e+01 2.101099405911337925e+00
1.395504627787063967e+01 2.575632245297413192e+00
1.392623855303984115e+01 3.629724709073602895e+00
1.481755400907001530e+01 -4.190368636734499219e+00
1.476514019049182025e+01 -3.666006222491073885e+00
1.473014302117645258e+01 -3.158499806887158812e+00
1.470316667683715295e+01 -2.601260173211603188e+00
1.468086317864528922e+01 -2.083768378388040077e+00
1.466474645140809585e+01 -1.573937257422379332e+00
1.468463193545820644e+01 -1.015777891223422102e+00
1.461926374308007226e+01 -4.788259679133872737e-01
1.455627112320150118e+01 -3.665782607463086151e-03
1.461000006677496899e+01 5.008470416412151849e-01
1.456949601141816331e+01 1.019213234904121634e+00
1.456716163017455656e+01 1.536303516999254271e+00
1.454139472838694402e+01 2.073455192656329160e+00
1.452281987246924544e+01 2.586247655307897020e+00
1.448503829501400730e+01 3.120228801214636860e+00
1.451541538367211004e+01 3.634082751308927328e+00
1.536380247334907168e+01 -4.165616528649374928e+00
1.530923836113455749e+01 -3.630060361871665364e+00
1.526348227257008361e+01 -3.103388919414872049e+00
1.527175680414492476e+01 -2.579295373456279350e+00
1.526785278016162550e+01 -2.044209115884537908e+00
1.522211944856933030e+01 -1.548560006776789066e+00
1.519288058466280233e+01 -1.033690431977255741e+00
1.518193553902683490e+01 -5.115737261748698472e-01
1.514640510766141190e+01 8.436768258302862478e-03
1.514331099953553306e+01 5.299321998891954877e-01
1.512850641821048114e+01 1.049887421871730453e+00
1.532582246785431224e+01 1.603336311772341816e+00
1.509977424477441232e+01 2.059449664035945204e+00
1.509198033606233125e+01 2.596180026236837080e+00
1.507151981925484918e+01 3.122193855742391833e+00
1.507393424500533285e+01 3.688712679684751805e+00
1.589123643208721504e+01 -4.115896848855173928e+00
1.585881955217540451e+01 -3.599169711462126386e+00
1.584157896932330090e+01 -3.071997016931966584e+00
1.583444134670446957e+01 -2.566503663155714321e+00
1.582100137717627675e+01 -2.044022198261739476e+00
1.579999286771108657e+01 -1.551050986528863973e+00
1.575571232536114152e+01 -1.025764200777555146e+00
1.574029538562421138e+01 -4.943399608862399930e-01
1.570935864564911455e+01 2.575578059520111651e-02
1.570431338889143902e+01 5.341121859559656571e-01
1.569045426728079207e+01 1.049028580180209502e+00
1.574295139938182686e+01 1.583663506052410241e+00
1.566333069642177733e+01 2.076957833656113195e+00
1.565912430609515837e+01 2.614863247742224672e+00
1.562673976978225099e+01 3.147356320034145227e+00
1.567735401376962656e+01 3.656178031317331545e+00
1.644816507819018270e+01 -4.111749309288729393e+00
1.641721471550768285e+01 -3.589892697996557303e+00
1.640321822556156661e+01 -3.069366228655560747e+00
1.638563785582615751e+01 -2.555714293854268959e+00
1.637412122032453254e+01 -2.038887425295843769e+00
1.633110750451142223e+01 -1.564478354245736114e+00
1.632636454565155759e+01 -1.011699177968296226e+00
1.635851250812452662e+01 -4.905178501091924659e-01
1.631292871041189940e+01 3.183110996295468453e-02
1.625660881722750517e+01 5.125443908372417923e-01
1.625969401100362077e+01 1.049123823073212947e+00
1.627905995624079694e+01 1.580312042936363071e+00
1.625321634378498104e+01 2.104928748838077013e+00
1.622643835906891141e+01 2.643351069149389332e+00
1.622935962259113296e+01 3.136836978968418066e+00
1.621428320565671655e+01 3.673181957509218165e+00
1.704256644684235411e+01 -4.109075308868167298e+00
1.700333093492330505e+01 -3.601824636071306429e+00
1.697903925631288047e+01 -3.049410267426752696e+00
1.697851753249744888e+01 -2.589498947046195099e+00
1.694873870537411520e+01 -2.076631474191476201e+00
1.687300515155303415e+01 -1.531524748293485061e+00
1.688243473677260909e+01 -1.014879445493072296e+00
1.688265559877021005e+01 -4.883905941010553420e-01
1.687331968325335652e+01 3.937457288541423850e-02
1.688413308052759021e+01 5.447252125465951167e-01
1.682450228040678297e+01 1.075688229135451479e+00
1.680643749719015645e+01 1.568637017220293473e+00
1.681384852350195658e+01 2.114699147646433630e+00
1.679986099316106518e+01 2.629475689790247372e+00
1.678996619217100417e+01 3.164497957366950942e+00
1.678847235777230651e+01 3.693465807038869286e+00
1.757834541824481889e+01 -4.088528308067392203e+00
1.754871044396866608e+01 -3.593861581457097998e+00
1.754709060037360047e+01 -3.066825330366910407e+00
1.752654976187019642e+01 -2.540928787760091012e+00
1.749454271871589484e+01 -2.059646758910623987e+00
1.747653648817551186e+01 -1.503312864803731941e+00
1.745583780970084220e+01 -1.001950169703025750e+00
1.740370764071110443e+01 -4.957100550095212554e-01
1.740663346509096598e+01 3.500259582015274873e-02
1.741149616204926431e+01 5.421692512639353367e-01
1.739652048586875921e+01 1.077061808211251304e+00
1.736104558353005345e+01 1.570962825787354689e+00
1.734872349492365728e+01 2.097779478536299536e+00
1.735667536143835932e+01 2.643363522861378101e+00
1.732846351649694938e+01 3.152437237859846419e+00
1.741843943037848064e+01 3.615581016804060965e+00
1.810452400271182327e+01 -4.107530816190603673e+00
1.810473756323754913e+01 -3.601590696417769522e+00
1.810441786915273354e+01 -3.060335398218928304e+00
1.807449709170508001e+01 -2.570409122027403015e+00
1.806963609288010986e+01 -2.052777320712525722e+00
1.806016283617366369e+01 -1.517057917834240044e+00
1.801955619900824246e+01 -1.024016851941510708e+00
1.801711367070249636e+01 -4.923511650216099156e-01
1.796970604877872546e+01 2.873538529117780627e-02
1.795772320251293408e+01 5.612141556879315374e-01
1.794419229520520176e+01 1.096354280668276004e+00
1.793830718388732492e+01 1.599742754089152896e+00
1.792452034875922351e+01 2.123877975982225053e+00
1.791837392513645000e+01 2.602595468600320316e+00
1.798672148210778943e+01 3.023144498379256362e+00
1.795198605090581623e+01 3.610123874377396902e+00
1.872151274294421341e+01 -4.116087307603002898e+00
1.867542460170715657e+01 -3.600033507388562981e+00
1.866483222424526289e+01 -3.081479512746041038e+00
1.862592595040383969e+01 -2.580996442957662396e+00
1.859079964241724880e+01 -2.055867557896487341e+00
1.859776391278389340e+01 -1.522157259075068936e+00
1.860849306854090202e+01 -1.002906636668694063e+00
1.857096901627155816e+01 -4.798797355720658686e-01
1.854509015869792066e+01 2.933640279764304637e-02
1.855294977698611092e+01 5.702312902217485657e-01
1.852486780907595687e+01 1.064185053635824829e+00
1.848100046564774601e+01 1.610511637705243970e+00
1.847524651656512518e+01 2.114058600275328104e+00
1.850000040552777847e+01 2.627954827712407848e+00
1.851376170577966107e+01 3.181776602045189861e+00
1.848916496822157640e+01 3.652709380756963498e+00
1.922889491662745343e+01 -4.121145521299128589e+00
1.925552089282536983e+01 -3.613563144982176567e+00
1.924614735483390859e+01 -3.086774811833324250e+00
1.924206038319252343e+01 -2.565361495830760674e+00
1.916924491021697108e+01 -2.066523044571223267e+00
1.917286736043836726e+01 -1.507315155453191835e+00
1.915904015353785184e+01 -9.966971540466715851e-01
1.912615954825179188e+01 -4.803258736828688313e-01
1.912336527402495889e+01 4.824549875621642059e-02
1.910956478150598770e+01 5.646408747457662969e-01
1.909930122059510182e+01 1.071356189693489114e+00
1.908424596209535906e+01 1.560184047200674939e+00
1.907355861811888786e+01 2.117954880745347879e+00
1.903999960467719887e+01 2.612051032986695276e+00
1.904767883863623368e+01 3.168555242904758984e+00
1.902793417838381984e+01 3.640477786570009755e+00
1.982118099901073549e+01 -4.123730718276229723e+00
1.979746100137502651e+01 -3.603511249661393023e+00
1.978212315104227059e+01 -3.086283589797949034e+00
1.975524520105910398e+01 -2.563415565573496480e+00
1.974043114556484113e+01 -2.008612057198604361e+00
1.973551812840850772e+01 -1.503892242030850923e+00
1.972193819074183097e+01 -9.856387169465961051e-01
1.971220607937458880e+01 -4.700270919676654557e-01
1.969959732764995053e+01 5.934108030335849548e-02
1.966769236181553282e+01 5.673715364508602477e-01
1.965666559726954432e+01 1.081961539279980400e+00
1.966053656616237788e+01 1.581584846610230244e+00
1.965259772246668035e+01 2.105073501116223156e+00
1.961853666281925967e+01 2.630145168094298214e+00
1.962309654881185139e+01 3.186838304522073173e+00
1.961627128697986677e+01 3.686228306733461579e+00
2.039089676173315979e+01 -4.121178885292902550e+00
2.033431588182908456e+01 -3.588587723632864268e+00
2.033729183087635306e+01 -3.061972289315271212e+00
2.035010954255206173e+01 -2.544908804964553184e+00
2.028515224641881076e+01 -2.071522946147926092e+00
2.026309099876450404e+01 -1.543536892077238321e+00
2.026766679228636292e+01 -9.882220473993115206e-01
2.023570985863103999e+01 -4.712506518538077671e-01
2.025233826939652459e+01 6.224938326941753530e-02
2.022370487227409086e+01 5.874287728818323728e-01
2.024163632180742667e+01 1.124505571343824784e+00
2.022972591694446010e+01 1.600955558800901457e+00
2.022430987725238793e+01 2.130263546611249836e+00
2.020498420754491065e+01 2.661971951167441119e+00
2.019038089657674107e+01 3.177992644146932832e+00
2.017853014891773711e+01 3.698479440623785308e+00
2.094811890086531037e+01 -4.121013007716989307e+00
2.089880688577287060e+01 -3.581108286471261337e+00
2.091302262310767901e+01 -3.082879496233729810e+00
2.087394440386889727e+01 -2.542791951298106312e+00
2.088026059117167677e+01 -2.031977674986471527e+00
2.084902713570549082e+01 -1.501103168954891487e+00
2.080832715085951179e+01 -1.004723928547228695e+00
2.079981108684837210e+01 -4.825476782275615051e-01
2.080130696530456191e+01 5.782162081870012571e-02
2.079361653897356632e+01 5.696005068958314155e-01
2.080028140154600891e+01 1.091944801642632967e+00
2.077338689490721890e+01 1.604932047310530407e+00
2.077368149219933002e+01 2.139089657072965167e+00
2.076038554042060014e+01 2.675191203115524274e+00
2.075031457970784743e+01 3.173978890231925476e+00
2.074086802847439515e+01 3.701963933889707903e+00
2.151260477402522753e+01 -4.104625457858396942e+00
2.148150378725607368e+01 -3.574950549120396559e+00
2.146456610723672043e+01 -3.065824526247329374e+00
2.142250486692955747e+01 -2.536182466924159939e+00
2.141401514169210429e+01 -2.030958675826621374e+00
2.141406480471260920e+01 -1.504239781965207357e+00
2.141190489674409747e+01 -9.718851428225576683e-01
2.139120613307449048e+01 -4.654379981115042142e-01
2.137798446341603409e+01 4.956501509202482225e-02
2.134165923167058310e+01 5.527181427005913861e-01
2.133674823741023374e+01 1.084778544668125733e+00
2.133326999051246275e+01 1.623021240059376424e+00
2.133804280153710664e+01 2.180163522838054035e+00
2.130689054042631625e+01 2.520144545851227491e+00
2.132024086740415214e+01 3.140413399595573196e+00
2.128731946341610382e+01 3.693448752902703802e+00
2.206098323418532914e+01 -4.116327922909635006e+00
2.202834121873983264e+01 -3.582525959530025617e+00
2.201028553170103663e+01 -3.040076907320814925e+00
2.199978320188491665e+01 -2.540325912968409483e+00
2.197012545920453164e+01 -2.031463034882325047e+00
2.195755275856148359e+01 -1.508055649708154533e+00
2.197933031612495114e+01 -9.802638707613766655e-01
2.193031135590259595e+01 -4.578038513216853289e-01
2.192485518107718434e+01 6.615042317782382497e-02
2.191967448461817725e+01 5.627062550976447142e-01
2.191716041178386121e+01 1.106296907095817517e+00
2.188875112835620484e+01 1.639725755411614472e+00
2.190207917068352117e+01 2.189105887740254275e+00
2.190196144101212639e+01 2.630456883014595348e+00
2.188098698410988163e+01 3.160359451205653869e+00
2.185963558285680364e+01 3.695353605205532688e+00
2.260289189739767579e+01 -4.110531660153981193e+00
2.262278703746111574e+01 -3.592467167990358590e+00
2.254628799766907576e+01 -3.076678836673988116e+00
2.256561133206690073e+01 -2.543043388870920296e+00
2.255486187629865213e+01 -2.026246358435823680e+00
2.253033922518521592e+01 -1.512422307067293303e+00
2.250962038640876983e+01 -9.823023593758755112e-01
2.251512389219384858e+01 -4.629641658278060845e-01
2.248662154139417879e+01 7.805867633600627187e-02
2.246823787580555631e+01 5.779626488850375665e-01
2.245484207871800209e+01 1.101479490998144684e+00
2.245603143222120934e+01 1.627507620895013218e+00
2.247388493726621306e+01 2.174673693362432658e+00
2.244425280190838379e+01 2.703290205544153224e+00
2.244499586856836970e+01 3.190181019830596654e+00
2.243634294254854211e+01 3.708945528051987850e+00
2.316384207205558710e+01 -4.104807091663090546e+00
2.315116288598707683e+01 -3.572293954812630901e+00
2.310659113848019786e+01 -3.036836985094245378e+00
2.313676801908659542e+01 -2.529524716985147137e+00
2.310210169003962477e+01 -2.016710905834077749e+00
2.305755297470155796e+01 -1.479053433701192688e+00
2.304839570091797185e+01 -9.485507548195393213e-01
2.305803833754356447e+01 -4.399776757547222417e-01
2.303993028089251283e+01 5.624427948700727597e-02
2.303551627685335035e+01 5.767960779376828384e-01
2.300361951892131174e+01 1.101935858923283718e+00
2.300610712341887165e+01 1.663180244633107208e+00
2.298209329459731975e+01 2.164352844360927008e+00
2.298122452352963307e+01 2.683263072968411933e+00
2.299120744707237662e+01 3.219080928756373083e+00
2.297330488026003792e+01 3.697787429969725537e+00
2.366948973155044911e+01 -4.133411080502538582e+00
2.369527785540358877e+01 -3.556106800313479255e+00
2.367770514768667312e+01 -3.061966638478780922e+00
2.366592240020371918e+01 -2.501583449271375770e+00
2.363546681540891115e+01 -1.999925493209556038e+00
2.363243464025819662e+01 -1.482467173367105318e+00
2.361069566641072726e+01 -9.637342269150721563e-01
2.359860851153279526e+01 -4.397024902634072419e-01
2.361778872084887837e+01 6.214985593435784494e-02
2.357484471871521237e+01 5.766147551960472128e-01
2.358526363794624103e+01 1.100246437832041124e+00
2.357210157569260645e+01 1.655212642410759827e+00
2.356027567391838318e+01 2.169489642411665642e+00
2.359122344437862040e+01 2.665061481332987370e+00
2.353926130661447047e+01 3.201378980600527058e+00
2.356419256343418311e+01 3.709733647864403849e+00
2.427403730412381577e+01 -4.092269202341938694e+00
2.424681772675792502e+01 -3.536079132815334702e+00
2.422797626722023523e+01 -3.074935062209148029e+00
2.420027549831203117e+01 -2.539498067105807166e+00
2.418748351824944365e+01 -1.990823593711791517e+00
2.417760730054556007e+01 -1.484731616017342049e+00
2.416431649536330895e+01 -9.637399303456426480e-01
2.412249458733996477e+01 -4.296307512766830428e-01
2.413229455398482060e+01 1.047644202714899109e-01
2.414211336146026810e+01 5.995489116885686087e-01
2.412797241635653478e+01 1.087295766234898764e+00
2.413055677705838065e+01 1.637085167583226308e+00
2.417079374460321617e+01 2.166976173059847355e+00
2.414272238888467115e+01 2.696515176202336050e+00
2.411470167394185182e+01 3.223815268775251042e+00
2.410130581525479698e+01 3.720973637249851862e+00
2.478543196675039439e+01 -4.112120541972894117e+00
2.480651924349822934e+01 -3.566024934392380885e+00
2.479359276445453730e+01 -3.041451583645997658e+00
2.476450507690013580e+01 -2.529427326274181098e+00
2.475694104420914954e+01 -1.980782909679117409e+00
2.473247943144400551e+01 -1.469684313842229528e+00
2.473633542975485256e+01 -9.509472867401100871e-01
2.471311423080256020e+01 -4.156677631981295917e-01
2.472077932336649297e+01 8.520597529305007356e-02
2.470856108499088322e+01 6.000686521185443212e-01
2.470508734106604720e+01 1.127763932391513180e+00
2.469472077846094749e+01 1.659631605660923270e+00
2.468203759934073815e+01 2.190079799302804275e+00
2.471923134777801323e+01 2.692074356313213457e+00
2.467881259714842201e+01 3.182921726907739668e+00
2.466801185574944100e+01 3.709751899121854990e+00
2.538962091468245319e+01 -4.092583374826931575e+00
2.534443707685181835e+01 -3.556142727556322214e+00
2.536703551648159305e+01 -3.032030845014860532e+00
2.531915756776456305e+01 -2.522196362732447739e+00
2.532999993486065193e+01 -1.984260346814501474e+00
2.528476996869538596e+01 -1.473701565293946913e+00
2.526117695620170167e+01 -9.475455100341392267e-01
2.528542132786361663e+01 -4.331266264656541409e-01
2.527999864084504367e+01 9.309863539634477547e-02
2.525785925829251966e+01 6.153282423993893246e-01
2.523534964220914389e+01 1.129293385775024916e+00
2.524660219131796879e+01 1.655334178771742160e+00
2.525970118761247107e+01 2.196969123603661700e+00
2.525449700833759437e+01 2.684830667809396942e+00
2.524799741354818394e+01 3.175446026764149110e+00
2.524129682526002227e+01 3.725951175213271682e+00
2.595362143403012567e+01 -4.073902930020976143e+00
2.560163903098495553e+01 -3.587904991181201098e+00
2.590079385845684357e+01 -3.021613938895630014e+00
2.585513432000742284e+01 -2.504256772932148323e+00
2.589245899325094058e+01 -1.999565825262120455e+00
2.590518837136897190e+01 -1.474322020026324509e+00
2.587746210547353343e+01 -9.338703720453409574e-01
2.584388706390927837e+01 -3.802516352134617250e-01
2.582940230271860571e+01 7.407363442296244216e-02
2.581088767971128561e+01 6.141158849338843595e-01
2.580543848694559017e+01 1.125086328459055096e+00
2.579476267100378806e+01 1.666775272422093224e+00
2.579520950647944488e+01 2.188557515444578883e+00
2.579403320916716069e+01 2.684461234149949860e+00
2.579481672511851542e+01 3.171969731169941298e+00
2.576894788181392926e+01 3.733238531219704726e+00
2.646532717833476767e+01 -4.107473796244310194e+00
2.646485698556618615e+01 -3.569850163177486380e+00
2.648661940230854128e+01 -3.042030233656014104e+00
2.641801110761574023e+01 -2.511687771615381592e+00
2.645332762411663907e+01 -1.981574329132637757e+00
2.643984609046423628e+01 -1.475737134949813623e+00
2.641991418216010601e+01 -9.545666163371677726e-01
2.643090168370748216e+01 -3.954401469712145456e-01
2.640753039826510218e+01 9.407692693902447445e-02
2.641674995743015586e+01 6.276953363751971438e-01
2.639353365270558527e+01 1.138804530409242233e+00
2.637845504788054285e+01 1.668642709561190429e+00
2.636553675402839048e+01 2.197730207871600783e+00
2.632404848218720872e+01 2.709414837507459595e+00
2.645650303795260783e+01 3.104744373353582887e+00
2.635777146724051079e+01 3.727720860845320061e+00
2.699785604471349387e+01 -4.089257548284695787e+00
2.701227042778643295e+01 -3.562584594941069938e+00
2.702151949269645570e+01 -3.032310214798194181e+00
2.700409245783064449e+01 -2.497803938052836514e+00
2.702587383948188204e+01 -1.977737820182483119e+00
2.700352846449358424e+01 -1.479605052049240754e+00
2.698841127115654359e+01 -9.511335642884262143e-01
2.699049455720854240e+01 -4.109381457289167372e-01
2.696780660184348477e+01 1.037060880777538330e-01
2.694045624010738038e+01 6.314274883613748557e-01
2.696773918305962070e+01 1.204676790026788069e+00
2.695877393302385627e+01 1.641222040768397505e+00
2.697510265942847951e+01 2.185890987224333060e+00
2.695940938750091931e+01 2.669053103924362347e+00
2.690269568017067314e+01 3.192448137462609026e+00
2.691022248735071543e+01 3.750024558756201998e+00
2.756481187751416684e+01 -4.084551999197195471e+00
2.754202725806639052e+01 -3.575405822668519917e+00
2.752576968110531652e+01 -3.042519617203060633e+00
2.757621395961950128e+01 -2.516513493554079162e+00
2.755310633582437418e+01 -1.963518757879263887e+00
2.757198132532956691e+01 -1.478898174101750840e+00
2.753794724271192251e+01 -9.342993226336275825e-01
2.752250276392712891e+01 -4.012293187750337609e-01
2.753940433195695903e+01 1.023988817213243863e-01
2.752648517341308576e+01 6.288893412840792507e-01
2.752111598532023606e+01 1.155557430094614091e+00
2.746843034400011163e+01 1.657234885895462639e+00
2.748264657438893011e+01 2.189713589598198951e+00
2.748282421436397982e+01 2.700153335685961054e+00
2.746234923427078201e+01 3.219845363628923707e+00
2.744928458717232189e+01 3.751638137473534584e+00
2.810947359986894867e+01 -4.073906816574348611e+00
2.814896591837348439e+01 -3.573069585454620167e+00
2.812891088647327109e+01 -3.039529026186915672e+00
2.810053126167189674e+01 -2.495280206800440936e+00
2.810558841195805257e+01 -1.989270416797300101e+00
2.810659028885248034e+01 -1.444606501456579650e+00
2.810123384004483427e+01 -9.315486603971194768e-01
2.807181228009493879e+01 -4.272100950757184989e-01
2.806436627429889086e+01 1.052409602685386858e-01
2.807047435690324022e+01 6.634372624931899054e-01
2.808331067222666633e+01 1.172907755686878772e+00
2.806427374743417857e+01 1.647399866706539484e+00
2.804846066669450266e+01 2.181278156311851291e+00
2.805380420625048998e+01 2.715871555706151241e+00
2.805591669052196835e+01 3.247490607524841977e+00
2.804297723367417916e+01 3.783125218042023619e+00
