9.185284280936453882e+00 -4.216722408026756241e+00
9.179933110367890947e+00 -3.697658862876254560e+00
9.083612040133775878e+00 -2.659531772575252973e+00
9.131772575250835189e+00 -2.156521739130432991e+00
9.158528428093646312e+00 -1.653511705685620115e+00
9.105016722408027618e+00 -1.134448160535118433e+00
9.105016722408027618e+00 -6.421404682274278741e-01
9.030100334448157184e+00 3.959866220735790421e-01
9.072909698996653560e+00 9.578595317725735470e-01
9.008695652173912549e+00 1.460869565217389976e+00
9.078260869565216495e+00 1.985284280936454593e+00
9.040802675585283055e+00 2.552508361204012033e+00
8.987290969899664361e+00 2.985953177257524516e+00
8.917725752508360415e+00 3.397993311036788810e+00
9.779264214046822445e+00 -4.200668896321072765e+00
9.752508361204011322e+00 -3.729765886287626842e+00
9.779264214046822445e+00 -3.183946488294315813e+00
9.709698996655518499e+00 -2.156521739130432991e+00
9.672240802675585059e+00 -1.642809364548497797e+00
9.656187290969899806e+00 -1.139799331103677815e+00
9.640133779264214553e+00 -6.367892976588649390e-01
9.656187290969899806e+00 -1.177257525083632572e-01
9.666889632107022123e+00 4.709030100334423707e-01
9.629431438127092235e+00 1.439464882943141788e+00
9.613377926421403430e+00 1.985284280936454593e+00
9.613377926421403430e+00 2.488294314381267469e+00
9.602675585284281112e+00 3.002006688963209768e+00
9.570568561872910607e+00 3.531772575250833768e+00
1.033578595317725757e+01 -4.206020066889632147e+00
1.035719063545150220e+01 -3.713712374581939812e+00
1.030367892976588351e+01 -3.135785953177258278e+00
1.030367892976588351e+01 -2.680936454849497608e+00
1.028227424749163887e+01 -2.167224080267562414e+00
1.027157190635451656e+01 -1.674916387959864750e+00
1.021806020066889786e+01 -1.139799331103677815e+00
1.022341137123745725e+01 -5.458193979933128048e-01
1.025016722408026482e+01 -1.177257525083632572e-01
1.022341137123745725e+01 4.120401337792642948e-01
1.020200668896320906e+01 9.150501672240807238e-01
1.018595317725752381e+01 1.450167224080267658e+00
1.019130434782608674e+01 2.006688963210699228e+00
1.014849498327759036e+01 2.488294314381267469e+00
1.017525083612040149e+01 3.039464882943143209e+00
1.014849498327759036e+01 3.558528428093644891e+00
1.090836120401337794e+01 -4.189966555183946895e+00
1.091371237458194088e+01 -3.681605351170567531e+00
1.089765886287625563e+01 -3.183946488294315813e+00
1.088695652173912976e+01 -2.664882943143812355e+00
1.087625418060200388e+01 -2.140468227424751291e+00
1.086020066889632218e+01 -1.642809364548497797e+00
1.085484949832775925e+01 -5.993311036789314983e-01
1.083344481605351106e+01 -9.632107023411506930e-02
1.082809364548494813e+01 4.334448160535124828e-01
1.077993311036789237e+01 9.096989966555177887e-01
1.076387959866220712e+01 1.455518394648830593e+00
1.074247491638795893e+01 1.990635451505017528e+00
1.071571906354514780e+01 2.509698996655519210e+00
1.072107023411371074e+01 3.034113712374583827e+00
1.073712374581939955e+01 3.558528428093644891e+00
1.151839464882942821e+01 -4.206020066889632147e+00
1.153979933110367995e+01 -3.660200668896321119e+00
1.155050167224080226e+01 -3.071571906354515491e+00
1.147023411371237245e+01 -2.638127090301004785e+00
1.141672240802675375e+01 -2.140468227424751291e+00
1.143277591973244256e+01 -1.658862876254183050e+00
1.142742474916387962e+01 -1.118394648829433180e+00
1.137926421404682387e+01 -5.993311036789314983e-01
1.138461538461538325e+01 -4.816053511705931101e-02
1.137391304347826093e+01 4.709030100334423707e-01
1.135250836120401274e+01 9.525083612040106118e-01
1.130969899665551637e+01 1.455518394648830593e+00
1.129899665551839405e+01 1.995986622073576910e+00
1.129899665551839405e+01 2.531103678929763845e+00
1.131505016722407930e+01 2.985953177257524516e+00
1.129899665551839405e+01 3.547826086956519021e+00
1.208026755852842626e+01 -4.222073578595319177e+00
1.211237458193979677e+01 -3.954515050167225709e+00
1.209632107023411152e+01 -3.189297658862876972e+00
1.205886287625417808e+01 -2.675585284280938225e+00
1.201070234113712587e+01 -2.135117056856188356e+00
1.199464882943143706e+01 -1.653511705685620115e+00
1.197324414715718888e+01 -1.118394648829433180e+00
1.195719063545150718e+01 -5.886287625418091807e-01
1.192508361204013312e+01 -6.421404682274456377e-02
1.194113712374581837e+01 4.602006688963200531e-01
1.195183946488294069e+01 9.578595317725735470e-01
1.189832775919732200e+01 1.455518394648830593e+00
1.185551839464882917e+01 2.001337792642139846e+00
1.186622073578595149e+01 2.579264214046823156e+00
1.191973244147157018e+01 3.018060200668895021e+00
1.195183946488294069e+01 3.542474916387959638e+00
1.269030100334448008e+01 -4.200668896321072765e+00
1.265819397993310957e+01 -3.751170568561873253e+00
1.266889632107023189e+01 -3.173244147157189943e+00
1.263143812709029845e+01 -2.659531772575252973e+00
1.261538461538461320e+01 -2.140468227424751291e+00
1.257792642140467976e+01 -1.600000000000001421e+00
1.257792642140467976e+01 -1.102341137123744375e+00
1.257257525083612038e+01 -5.725752508361203752e-01
1.254046822742474987e+01 -4.816053511705931101e-02
1.255117056856187219e+01 4.494983277591977355e-01
1.249230769230769411e+01 9.685618729096994173e-01
1.251371237458193875e+01 1.492976588628760481e+00
1.250836120401337581e+01 1.963879598662206405e+00
1.250301003344481643e+01 3.044816053511706144e+00
1.248695652173913118e+01 3.553177257525081956e+00
1.330033444816053390e+01 -4.211371237458195083e+00
1.325752508361203752e+01 -3.665551839464885830e+00
1.322541806020066701e+01 -3.199999999999999289e+00
1.318795986622073713e+01 -2.643478260869567720e+00
1.315585284280936307e+01 -2.135117056856188356e+00
1.315585284280936307e+01 -1.573244147157190298e+00
1.313444816053511843e+01 -1.080936454849499739e+00
1.312374581939799256e+01 -5.618729096989980576e-01
1.309163879598662206e+01 -6.956521739130394621e-02
1.309163879598662206e+01 4.387959866220754179e-01
1.309698996655518144e+01 9.418060200668882942e-01
1.306488294314381093e+01 1.466220735785952911e+00
1.305953177257524800e+01 1.979933110367891658e+00
1.307023411371237387e+01 2.541806020066886163e+00
1.306488294314381093e+01 3.039464882943143209e+00
1.307023411371237387e+01 3.579933110367893079e+00
1.393712374581939883e+01 -4.206020066889632147e+00
1.387826086956521721e+01 -3.703010033444817495e+00
1.393177257525083590e+01 -3.205351170568562225e+00
1.380869565217391326e+01 -2.648829431438130655e+00
1.376588628762541688e+01 -2.060200668896321474e+00
1.373913043478260576e+01 -1.589297658862879103e+00
1.371772575250836113e+01 -1.075585284280936804e+00
1.372842809364548344e+01 -5.458193979933128048e-01
1.363745819397993131e+01 -6.421404682274456377e-02
1.363210702341136837e+01 4.548494983277571180e-01
1.365886287625417950e+01 9.418060200668882942e-01
1.365351170568562011e+01 1.460869565217389976e+00
1.364816053511705718e+01 2.049498327759195604e+00
1.362675585284280899e+01 2.504347826086956275e+00
1.361070234113712374e+01 3.590635451505015396e+00
1.449899665551839334e+01 -4.227424749163882112e+00
1.444548494983277465e+01 -3.686956521739130466e+00
1.441337792642140414e+01 -3.216053511705686319e+00
1.436521739130434838e+01 -2.643478260869567720e+00
1.434381270903010019e+01 -2.119063545150503103e+00
1.433846153846153726e+01 -1.616053511705686674e+00
1.437591973244147070e+01 -1.016722408026758728e+00
1.425284280936454806e+01 -5.618729096989980576e-01
1.421538461538461462e+01 -6.421404682274456377e-02
1.427959866220735563e+01 4.494983277591977355e-01
1.424749163879598512e+01 9.632107023411364821e-01
1.423143812709029987e+01 1.476923076923075229e+00
1.423143812709029987e+01 1.995986622073576910e+00
1.419397993311036643e+01 2.515050167224078592e+00
1.416187290969899593e+01 3.066220735785950779e+00
1.418862876254180705e+01 3.579933110367893079e+00
1.505016722408026553e+01 -4.195317725752509830e+00
1.499665551839464683e+01 -3.681605351170567531e+00
1.492173913043478350e+01 -3.146488294314380596e+00
1.494849498327759107e+01 -2.616722408026756597e+00
1.494849498327759107e+01 -2.086956521739132597e+00
1.489498327759197238e+01 -1.594648829431438486e+00
1.487892976588628713e+01 -1.086287625418059122e+00
1.485752508361203894e+01 -5.618729096989980576e-01
1.483076923076923137e+01 3.210702341137050553e-02
1.482006688963210905e+01 4.655518394648829883e-01
1.479866220735785731e+01 1.011371237458192240e+00
1.510903010033444716e+01 1.557190635451505045e+00
1.471304347826087167e+01 1.985284280936454593e+00
1.477190635451504974e+01 2.536454849498326780e+00
1.475050167224080155e+01 3.082274247491636032e+00
1.474515050167223862e+01 3.622742474916389455e+00
1.558528428093645246e+01 -4.147157190635454072e+00
1.554247491638795964e+01 -3.622742474916389455e+00
1.551036789297658913e+01 -3.076923076923078426e+00
1.553177257525083377e+01 -2.600668896321071344e+00
1.551571906354515207e+01 -2.070903010033447345e+00
1.548361204013377801e+01 -1.583946488294316168e+00
1.543545150501672225e+01 -1.091638795986622057e+00
1.540334448160535175e+01 -5.618729096989980576e-01
1.539799331103678881e+01 -2.140468227424818792e-02
1.538193979933110356e+01 4.762541806020053059e-01
1.536588628762541475e+01 9.953177257525069876e-01
1.548361204013377801e+01 1.557190635451505045e+00
1.533913043478260363e+01 2.028093645484950969e+00
1.531772575250835899e+01 2.525752508361204463e+00
1.530167224080267729e+01 3.082274247491636032e+00
1.534983277591973305e+01 3.595986622073578332e+00
1.614715719063545052e+01 -4.136454849498328201e+00
1.609364548494983183e+01 -3.617391304347826519e+00
1.609899665551839476e+01 -3.098327759197324838e+00
1.607759197324414657e+01 -2.589966555183949026e+00
1.605618729096990194e+01 -2.065551839464884409e+00
1.602408026755852788e+01 -1.605351170568564356e+00
1.600267558528428324e+01 -1.054180602006692169e+00
1.606688963210702070e+01 -5.190635451505016817e-01
1.601872909698996494e+01 -3.552713678800500929e-15
1.593846153846153868e+01 4.655518394648829883e-01
1.593311036789297575e+01 1.006020066889629305e+00
1.595451505016722038e+01 1.530434782608693922e+00
1.593846153846153868e+01 2.049498327759195604e+00
1.591170568561872756e+01 2.595317725752504856e+00
1.590100334448160169e+01 3.071571906354513715e+00
1.590100334448160169e+01 3.622742474916389455e+00
1.675183946488294495e+01 -4.136454849498328201e+00
1.670903010033444502e+01 -3.606688963210702425e+00
1.668762541806020039e+01 -3.076923076923078426e+00
1.667692307692307452e+01 -2.627424749163878914e+00
1.665551839464882633e+01 -2.108361204013377233e+00
1.658060200668896300e+01 -1.578595317725753233e+00
1.656989966555183713e+01 -1.059531772575251551e+00
1.658060200668896300e+01 -5.244147157190646169e-01
1.657525083612040007e+01 -3.552713678800500929e-15
1.658595317725752594e+01 4.923076923076941114e-01
1.650568561872909612e+01 1.027424749163881046e+00
1.650033444816053319e+01 1.541137123745816240e+00
1.650568561872909612e+01 2.070903010033443792e+00
1.650033444816053319e+01 2.579264214046823156e+00
1.647357859531772561e+01 3.098327759197324838e+00
1.648428093645485148e+01 3.638795986622071155e+00
1.728695652173913189e+01 -4.104347826086957696e+00
1.725484949832775783e+01 -3.622742474916389455e+00
1.726020066889632432e+01 -3.098327759197324838e+00
1.722809364548495026e+01 -2.573913043478260221e+00
1.719063545150501326e+01 -2.119063545150503103e+00
1.717458193979933156e+01 -1.551839464882945663e+00
1.716923076923076863e+01 -1.043478260869566299e+00
1.709966555183946468e+01 -5.404682274247498697e-01
1.711036789297658700e+01 -2.675585284281112308e-02
1.712107023411371287e+01 4.923076923076941114e-01
1.712107023411371287e+01 1.027424749163881046e+00
1.706220735785953124e+01 1.509030100334449287e+00
1.705150501672240537e+01 2.060200668896317922e+00
1.705150501672240537e+01 2.600668896321067791e+00
1.703545150501672012e+01 3.092976588628761903e+00
1.715317725752508338e+01 3.542474916387959638e+00
1.781672240802675589e+01 -4.115050167224081790e+00
1.780602006688963002e+01 -3.628093645484948837e+00
1.781137123745819295e+01 -3.082274247491639585e+00
1.776856187290970013e+01 -2.616722408026756597e+00
1.780066889632106708e+01 -2.076254180602006727e+00
1.777926421404681889e+01 -1.541137123745819792e+00
1.771505016722408143e+01 -1.064882943143814487e+00
1.774715719063544839e+01 -5.297658862876275521e-01
1.767224080267558151e+01 -5.351170568562935159e-03
1.767224080267558151e+01 5.137123745819387466e-01
1.766688963210701857e+01 1.032775919732440428e+00
1.765618729096989981e+01 1.551839464882942110e+00
1.763478260869565517e+01 2.086956521739129045e+00
1.761872909698996281e+01 2.547157190635449098e+00
1.778461538461538538e+01 2.894983277591972382e+00
1.767759197324414799e+01 3.537123745819396703e+00
1.845351170568561727e+01 -4.147157190635454072e+00
1.840535117056856151e+01 -3.628093645484948837e+00
1.837324414715719101e+01 -3.114381270903011867e+00
1.837324414715719101e+01 -2.616722408026756597e+00
1.830903010033444644e+01 -2.103010033444814297e+00
1.831438127090300938e+01 -1.567892976588627363e+00
1.832508361204013525e+01 -1.027424749163881046e+00
1.829297658862876119e+01 -5.244147157190646169e-01
1.825551839464882775e+01 -2.675585284281112308e-02
1.827692307692307949e+01 5.137123745819387466e-01
1.823946488294314250e+01 1.011371237458192240e+00
1.820735785953177199e+01 1.557190635451505045e+00
1.819665551839464968e+01 2.060200668896317922e+00
1.821806020066889786e+01 2.568561872909697286e+00
1.822341137123746080e+01 3.151839464882943531e+00
1.821270903010033493e+01 3.590635451505015396e+00
1.896187290969899664e+01 -4.147157190635454072e+00
1.898327759197324127e+01 -3.638795986622076484e+00
1.897257525083612251e+01 -3.119732441471571249e+00
1.899397993311036714e+01 -2.584615384615382538e+00
1.889765886287625207e+01 -2.103010033444814297e+00
1.889230769230769269e+01 -1.546488294314382728e+00
1.889765886287625207e+01 -1.032775919732440428e+00
1.884949832775919631e+01 -5.244147157190646169e-01
1.884949832775919631e+01 1.070234113712231760e-02
1.883879598662207400e+01 5.190635451505016817e-01
1.882809364548494813e+01 1.027424749163881046e+00
1.885484949832775925e+01 1.503678929765886352e+00
1.880668896321070349e+01 2.060200668896317922e+00
1.877993311036789237e+01 2.557859531772574968e+00
1.877458193979932943e+01 3.125083612040132408e+00
1.874782608695652186e+01 3.590635451505015396e+00
1.955050167224079871e+01 -4.141806020066891136e+00
1.952909698996655408e+01 -3.633444816053511772e+00
1.952374581939799469e+01 -3.114381270903011867e+00
1.948093645484949832e+01 -2.589966555183949026e+00
1.947558528428093538e+01 -2.028093645484950969e+00
1.948093645484949832e+01 -1.535785953177260410e+00
1.946488294314380951e+01 -1.038127090301003363e+00
1.944347826086956488e+01 -5.083612040133793641e-01
1.942207357859531669e+01 1.070234113712231760e-02
1.938461538461538325e+01 5.137123745819387466e-01
1.938996655518394618e+01 1.032775919732440428e+00
1.940602006688962788e+01 1.530434782608693922e+00
1.939531772575250912e+01 2.060200668896317922e+00
1.935785953177257213e+01 2.573913043478260221e+00
1.935250836120400919e+01 3.135785953177258278e+00
1.933645484949832749e+01 3.644147157190634090e+00
2.013377926421404140e+01 -4.147157190635454072e+00
2.008561872909698565e+01 -3.622742474916389455e+00
2.007491638795985978e+01 -3.087625418060202520e+00
2.009096989966555213e+01 -2.568561872909700838e+00
2.001605351170568525e+01 -2.054849498327758539e+00
2.001070234113712587e+01 -1.589297658862879103e+00
2.000535117056855938e+01 -1.038127090301003363e+00
1.996789297658862239e+01 -5.137123745819387466e-01
1.997324414715718888e+01 3.210702341137050553e-02
1.996254180602007011e+01 5.404682274247498697e-01
1.998394648829431475e+01 1.086287625418059122e+00
1.997324414715718888e+01 1.551839464882942110e+00
1.996254180602007011e+01 2.070903010033443792e+00
1.993578595317725899e+01 2.606020066889630726e+00
1.993043478260869250e+01 3.125083612040132408e+00
1.992508361204013312e+01 3.644147157190634090e+00
2.070100334448160595e+01 -4.141806020066891136e+00
2.064749163879598370e+01 -3.606688963210702425e+00
2.066889632107023544e+01 -3.114381270903011867e+00
2.060468227424749443e+01 -2.563210702341137903e+00
2.064749163879598370e+01 -2.054849498327758539e+00
2.059933110367892795e+01 -1.525083612040134540e+00
2.054046822742474632e+01 -1.038127090301003363e+00
2.054581939799331280e+01 -5.137123745819387466e-01
2.054046822742474632e+01 2.140468227424818792e-02
2.053511705685618693e+01 5.404682274247498697e-01
2.054046822742474632e+01 1.048829431438125681e+00
2.052441471571906817e+01 1.562541806020067980e+00
2.052976588628762045e+01 2.092307692307691980e+00
2.051371237458194230e+01 2.627424749163878914e+00
2.049765886287625705e+01 3.135785953177258278e+00
2.049230769230769056e+01 3.644147157190634090e+00
2.127357859531772988e+01 -4.115050167224081790e+00
2.122006688963210763e+01 -3.590635451505017173e+00
2.122541806020066701e+01 -3.076923076923078426e+00
2.116655518394649249e+01 -2.568561872909700838e+00
2.117190635451504477e+01 -2.065551839464884409e+00
2.116655518394649249e+01 -1.557190635451505045e+00
2.115585284280936662e+01 -1.006020066889632858e+00
2.112909698996655550e+01 -5.030100334448164290e-01
2.112374581939798901e+01 5.351170568559382446e-03
2.108093645484949974e+01 5.190635451505016817e-01
2.108093645484949974e+01 1.038127090301003363e+00
2.108628762541805912e+01 1.583946488294312616e+00
2.108093645484949974e+01 2.151170568561873608e+00
2.104882943143812923e+01 2.413377926421404140e+00
2.108093645484949974e+01 3.071571906354513715e+00
2.104347826086956275e+01 3.644147157190634090e+00
2.183545150501672083e+01 -4.131103678929767042e+00
2.181939799331103558e+01 -3.617391304347826519e+00
2.177658862876253920e+01 -3.071571906354515491e+00
2.174983277591973518e+01 -2.568561872909700838e+00
2.173377926421404283e+01 -2.054849498327758539e+00
2.171772575250835757e+01 -1.535785953177260410e+00
2.175518394648829457e+01 -1.006020066889632858e+00
2.168561872909698707e+01 -4.923076923076941114e-01
2.169632107023411294e+01 5.351170568561514074e-02
2.168026755852842768e+01 5.137123745819387466e-01
2.169632107023411294e+01 1.064882943143810934e+00
2.169096989966555356e+01 1.610702341137123739e+00
2.166956521739130181e+01 2.156521739130432991e+00
2.169096989966555356e+01 2.573913043478260221e+00
2.163745819397993131e+01 3.109030100334447155e+00
2.162675585284280544e+01 3.649498327759197025e+00
2.238127090301003363e+01 -4.120401337792644725e+00
2.237591973244146715e+01 -3.595986622073580108e+00
2.233311036789297788e+01 -3.098327759197324838e+00
2.233311036789297788e+01 -2.563210702341137903e+00
2.231705685618729262e+01 -2.022742474916388034e+00
2.229030100334448150e+01 -1.551839464882945663e+00
2.227959866220735563e+01 -1.011371237458195793e+00
2.231170568561872614e+01 -5.083612040133793641e-01
2.227959866220735563e+01 7.491638795986688137e-02
2.224214046822741864e+01 5.458193979933128048e-01
2.223143812709029987e+01 1.059531772575247999e+00
2.222608695652174049e+01 1.578595317725749680e+00
2.224214046822741864e+01 2.140468227424747738e+00
2.221003344481605524e+01 2.664882943143812355e+00
2.222608695652174049e+01 3.157190635451502914e+00
2.221003344481605524e+01 3.654849498327756407e+00
2.293779264214046520e+01 -4.109698996655518854e+00
2.293244147157190582e+01 -3.574581939799330144e+00
2.289498327759196883e+01 -3.071571906354515491e+00
2.285752508361203894e+01 -2.520401337792641527e+00
2.287892976588629068e+01 -2.038795986622073286e+00
2.284682274247491307e+01 -1.514381270903008669e+00
2.280401337792641669e+01 -9.953177257525069876e-01
2.282541806020066844e+01 -4.709030100334459235e-01
2.282006688963210905e+01 2.140468227424818792e-02
2.280936454849498318e+01 5.404682274247498697e-01
2.277190635451505329e+01 1.075585284280936804e+00
2.277190635451505329e+01 1.621404682274246056e+00
2.275050167224080155e+01 2.124414715719062485e+00
2.275585284280936094e+01 2.638127090301001232e+00
2.276120401337792742e+01 3.194648829431439907e+00
2.275585284280936094e+01 3.649498327759197025e+00
2.345685618729096689e+01 -4.141806020066891136e+00
2.348361204013377801e+01 -3.569230769230770761e+00
2.345685618729096689e+01 -3.071571906354515491e+00
2.345685618729096689e+01 -2.509698996655519210e+00
2.341404682274247762e+01 -2.006688963210702781e+00
2.341404682274247762e+01 -1.514381270903008669e+00
2.339264214046822588e+01 -9.953177257525069876e-01
2.337123745819398124e+01 -4.602006688963200531e-01
2.340334448160535175e+01 5.886287625417807590e-02
2.335518394648829599e+01 5.404682274247498697e-01
2.337658862876254062e+01 1.054180602006688616e+00
2.336588628762541475e+01 1.616053511705686674e+00
2.334983277591972950e+01 2.145819397993310673e+00
2.337658862876254062e+01 2.584615384615382538e+00
2.332307692307692548e+01 3.157190635451502914e+00
2.335518394648829599e+01 3.654849498327756407e+00
2.408294314381271306e+01 -4.115050167224081790e+00
2.402943143812709081e+01 -3.542474916387961414e+00
2.401337792642140556e+01 -3.098327759197324838e+00
2.398662207357859444e+01 -2.531103678929763845e+00
2.397591973244147567e+01 -2.012040133779265716e+00
2.395986622073578332e+01 -1.503678929765886352e+00
2.395451505016722393e+01 -9.846153846153846700e-01
2.392240802675585343e+01 -4.494983277591977355e-01
2.393846153846153868e+01 8.561872909698919898e-02
2.393846153846153868e+01 5.618729096989945049e-01
2.392240802675585343e+01 1.059531772575247999e+00
2.392240802675585343e+01 1.594648829431434933e+00
2.384749163879598655e+01 2.124414715719062485e+00
2.394916387959866455e+01 2.664882943143812355e+00
2.390100334448160169e+01 3.183946488294310484e+00
2.388494983277591643e+01 3.697658862876252783e+00
2.458060200668896300e+01 -4.120401337792644725e+00
2.460735785953177412e+01 -3.563879598662207826e+00
2.459130434782608887e+01 -3.055518394648830238e+00
2.456454849498327775e+01 -2.541806020066893268e+00
2.458595317725752238e+01 -1.953177257525084087e+00
2.453244147157190724e+01 -1.498327759197326969e+00
2.453779264214046663e+01 -9.632107023411400348e-01
2.452709030100334076e+01 -4.441471571906348004e-01
2.451103678929766261e+01 3.210702341137050553e-02
2.451103678929766261e+01 5.618729096989945049e-01
2.452173913043478137e+01 1.091638795986622057e+00
2.448963210702341087e+01 1.626755852842808991e+00
2.446822742474915913e+01 2.167224080267555308e+00
2.454849498327759250e+01 2.654180602006686485e+00
2.448428093645485148e+01 3.119732441471569473e+00
2.447892976588628500e+01 3.660200668896319343e+00
2.519598662207357620e+01 -4.115050167224081790e+00
2.516387959866220569e+01 -3.574581939799330144e+00
2.517993311036789095e+01 -3.050167224080269079e+00
2.513712374581939457e+01 -2.536454849498330333e+00
2.513712374581939457e+01 -1.985284280936454593e+00
2.508896321070233881e+01 -1.487625418060201099e+00
2.506755852842809418e+01 -9.685618729096994173e-01
2.508896321070233881e+01 -4.602006688963200531e-01
2.509966555183946468e+01 5.886287625417807590e-02
2.506220735785952769e+01 5.886287625418056280e-01
2.503545150501672367e+01 1.086287625418059122e+00
2.505685618729096831e+01 1.621404682274246056e+00
2.505685618729096831e+01 2.156521739130432991e+00
2.506755852842809418e+01 2.643478260869564167e+00
2.512642140468227581e+01 3.146488294314380596e+00
2.504080267558528305e+01 3.681605351170567531e+00
2.576856187290970013e+01 -4.082943143812709508e+00
2.538327759197323985e+01 -3.633444816053511772e+00
2.570969899665551850e+01 -3.018060200668896798e+00
2.567759197324414799e+01 -2.504347826086956275e+00
2.570969899665551850e+01 -2.017391304347828651e+00
2.572040133779263726e+01 -1.487625418060201099e+00
2.569899665551839263e+01 -9.525083612040141645e-01
2.567224080267558151e+01 -4.066889632107013597e-01
2.566688963210702212e+01 8.026755852842626382e-02
2.561872909698996637e+01 5.886287625418056280e-01
2.560802675585284760e+01 1.080936454849499739e+00
2.559732441471571462e+01 1.610702341137123739e+00
2.560802675585284760e+01 2.151170568561873608e+00
2.561872909698996637e+01 2.648829431438123549e+00
2.565083612040133687e+01 3.109030100334447155e+00
2.558662207357858875e+01 3.692307692307689848e+00
2.629297658862876119e+01 -4.120401337792644725e+00
2.629297658862876119e+01 -3.569230769230770761e+00
2.631438127090300583e+01 -3.055518394648830238e+00
2.622341137123746080e+01 -2.504347826086956275e+00
2.628227424749163532e+01 -2.001337792642139846e+00
2.626622073578595007e+01 -1.492976588628764034e+00
2.623946488294314605e+01 -9.685618729096994173e-01
2.625016722408027192e+01 -4.173913043478272300e-01
2.623411371237457956e+01 7.491638795986688137e-02
2.622341137123746080e+01 6.046822742474908807e-01
2.622876254180601308e+01 1.107692307692307310e+00
2.619665551839464968e+01 1.616053511705686674e+00
2.620200668896320906e+01 2.151170568561873608e+00
2.617525083612039793e+01 2.616722408026756597e+00
2.629297658862876119e+01 3.055518394648828462e+00
2.618060200668896442e+01 3.692307692307689848e+00
2.682809364548494813e+01 -4.098996655518394761e+00
2.682809364548494813e+01 -3.558528428093648444e+00
2.683879598662207400e+01 -3.034113712374583827e+00
2.682809364548494813e+01 -2.515050167224082145e+00
2.686020066889631863e+01 -2.006688963210702781e+00
2.684949832775919276e+01 -1.509030100334449287e+00
2.684414715719063338e+01 -9.953177257525069876e-01
2.683879598662207400e+01 -4.387959866220754179e-01
2.679598662207357762e+01 7.491638795986688137e-02
2.677458193979933299e+01 6.100334448160538159e-01
2.677458193979933299e+01 1.182608695652174191e+00
2.680133779264213700e+01 1.637458193979931309e+00
2.681739130434782226e+01 2.151170568561873608e+00
2.680133779264213700e+01 2.654180602006686485e+00
2.673712374581939599e+01 3.151839464882943531e+00
2.672107023411371074e+01 3.708361204013375101e+00
2.742742474916388318e+01 -4.066889632107026031e+00
2.736856187290970155e+01 -3.547826086956520797e+00
2.736321070234113506e+01 -3.050167224080269079e+00
2.743812709030100194e+01 -2.520401337792641527e+00
2.738461538461537970e+01 -1.985284280936454593e+00
2.740066889632107205e+01 -1.509030100334449287e+00
2.737926421404682031e+01 -9.471571906354547821e-01
2.736856187290970155e+01 -4.227424749163901652e-01
2.737926421404682031e+01 8.561872909698919898e-02
2.736856187290970155e+01 6.207357859531761335e-01
2.736321070234113506e+01 1.123745819397992562e+00
2.732040133779264579e+01 1.632107023411368374e+00
2.732575250836119807e+01 2.156521739130432991e+00
2.733110367892976456e+01 2.664882943143812355e+00
2.730434782608695343e+01 3.183946488294310484e+00
2.729899665551839405e+01 3.670903010033445213e+00
2.795183946488294424e+01 -4.077591973244148349e+00
2.797859531772574826e+01 -3.563879598662207826e+00
2.796789297658862239e+01 -3.034113712374583827e+00
2.794113712374581837e+01 -2.493645484949833957e+00
2.795183946488294424e+01 -2.001337792642139846e+00
2.796254180602007011e+01 -1.466220735785952911e+00
2.794648829431437775e+01 -9.471571906354547821e-01
2.791973244147156663e+01 -4.548494983277606707e-01
2.790367892976588848e+01 1.016722408026744517e-01
2.791973244147156663e+01 6.314381270902984511e-01
2.793043478260869250e+01 1.145150501672240750e+00
2.790903010033444787e+01 1.621404682274246056e+00
2.788762541806019613e+01 2.151170568561873608e+00
2.789297658862876261e+01 2.680936454849497608e+00
2.789832775919732200e+01 3.205351170568562225e+00
2.789832775919732200e+01 3.772575250836119665e+00
