9.426273835240653653e+00 -4.192494255832723837e+00
9.426572830177768481e+00 -3.688970562075814641e+00
9.366577885594598030e+00 -2.665864944786967783e+00
9.376092340813848125e+00 -2.125105990647465859e+00
9.395746757475205158e+00 -1.624961475481974560e+00
9.356923809289771299e+00 -1.099637873163434421e+00
9.339933569047598638e+00 -6.085091428565618799e-01
9.273968974426516354e+00 4.508912990367299756e-01
9.283146409762501605e+00 9.729646355717918027e-01
9.255119623996439060e+00 1.500406256574194686e+00
9.313159544562413572e+00 2.012154852051043719e+00
9.285908401269917789e+00 2.561414966795702242e+00
9.226936778575758780e+00 3.042263227883712062e+00
9.227441522025223719e+00 3.548728729132257342e+00
1.003910095033678473e+01 -4.180729844302383924e+00
9.996567760590433949e+00 -3.703616644994255580e+00
1.000392499621064246e+01 -3.163068223016043845e+00
9.950192658070758256e+00 -2.136052031336483026e+00
9.914854673351914727e+00 -1.603429094872794280e+00
9.904082040116339414e+00 -1.108020998734566831e+00
9.871058003168812434e+00 -5.926502113636615832e-01
9.891346110632248667e+00 -6.066054157516020950e-02
9.883655634661796086e+00 4.778956543315224792e-01
9.861115308201497953e+00 1.486243555804612981e+00
9.861430816588129034e+00 2.010294600183847535e+00
9.863357820981502044e+00 2.524895472423384746e+00
9.828172915152659783e+00 3.063834148798573409e+00
9.812698957662860266e+00 3.573031436988426179e+00
1.058079222212573356e+01 -4.188523800323512347e+00
1.059384699886719261e+01 -3.698429810123863959e+00
1.054550995923115408e+01 -3.124053195569805652e+00
1.054035125679455120e+01 -2.658700054755410491e+00
1.051407125876137627e+01 -2.130851190170389486e+00
1.051547570838604884e+01 -1.627442830467845880e+00
1.045098707129132265e+01 -1.106281467242286709e+00
1.048162586360570714e+01 -5.915545648525117883e-01
1.047253092666784724e+01 -8.219745302447023505e-02
1.044338880784500390e+01 4.406045167302856669e-01
1.043314385552699619e+01 9.663259754350335129e-01
1.041899165243211201e+01 1.499443371034537620e+00
1.042348344195104559e+01 2.033278369110128381e+00
1.038698587339108315e+01 2.533248321275223702e+00
1.040930060495609411e+01 3.074580869619069290e+00
1.037416181188431352e+01 3.588658660796461675e+00
1.114585178986186165e+01 -4.172925138405975787e+00
1.114772440895654526e+01 -3.667408802410733415e+00
1.112982678345112575e+01 -3.162652929666990076e+00
1.111714781878922054e+01 -2.638646057021905023e+00
1.110174648337202186e+01 -2.119199358093165841e+00
1.108646585311664268e+01 -1.611809574237756948e+00
1.107622913190858682e+01 -5.695068932287412622e-01
1.106726944006518920e+01 -7.340307609359086882e-02
1.105557146620791542e+01 4.698596062907220983e-01
1.101776819244442152e+01 9.371235498442658240e-01
1.098144797526549254e+01 1.506337857765853272e+00
1.097019231719889021e+01 2.017599432267399351e+00
1.095698706949525558e+01 2.545751909918394063e+00
1.095284263211498654e+01 3.068987750624305733e+00
1.096893010249738865e+01 3.584874170762638812e+00
1.174958689260397904e+01 -4.192550936708258291e+00
1.175909117582521191e+01 -3.630911158163543817e+00
1.175886564938110723e+01 -3.052678163763680175e+00
1.170677004256576126e+01 -2.618927664538876598e+00
1.164716902998689108e+01 -2.106789331535967591e+00
1.166369794058072529e+01 -1.631450016261261737e+00
1.164163666974848610e+01 -1.095469227575208038e+00
1.161423799670697576e+01 -5.714728902418926282e-01
1.160390077442980328e+01 -2.448157058383415574e-02
1.160143038277381322e+01 4.860749342976582454e-01
1.157459977160197440e+01 9.874966824856628023e-01
1.154729347995271382e+01 1.491125576061659075e+00
1.153919325238900129e+01 2.033178259621099215e+00
1.152511376318665981e+01 2.561542670489682649e+00
1.154667014631727184e+01 3.046470159974319358e+00
1.153285146558617313e+01 3.588004732355713600e+00
1.229807856887640582e+01 -4.205716357315807841e+00
1.224615982612298382e+01 -3.925650085298299174e+00
1.230941518964121073e+01 -3.168596026919114905e+00
1.227535429068403872e+01 -2.642970272497706219e+00
1.222982217476558731e+01 -2.117938181551437538e+00
1.222577080031907215e+01 -1.623862812239650566e+00
1.220081525903021102e+01 -1.098081343165322465e+00
1.218793505850526770e+01 -5.794426593704642414e-01
1.215003676707420155e+01 -2.867042514917983453e-02
1.216615345911084489e+01 4.974304269362548325e-01
1.217313386414896925e+01 9.989994108851334431e-01
1.212371727393015419e+01 1.463284020115953155e+00
1.207914099576847988e+01 2.032625615052577217e+00
1.210169498543586641e+01 2.585833736314420150e+00
1.214179805279608715e+01 3.061480188787786716e+00
1.216507390119185672e+01 3.590712930549155857e+00
1.292231291195525245e+01 -4.189985915268556127e+00
1.288402312935744121e+01 -3.688590069499472435e+00
1.288361388588860379e+01 -3.152413443850758057e+00
1.285146170743479388e+01 -2.627455414667114297e+00
1.283715076627493801e+01 -2.102054739424133345e+00
1.279569708976357489e+01 -1.573065728671810604e+00
1.279174543656781893e+01 -1.062205343786146727e+00
1.279380009189257805e+01 -5.437645961711297105e-01
1.275225848921596850e+01 -2.521594806311355796e-02
1.276790067915668203e+01 4.937029830326693514e-01
1.270727755834547068e+01 9.850506097939870642e-01
1.273224734205335551e+01 1.522852083232741904e+00
1.271173437724435828e+01 2.005776929281573473e+00
1.272058246001211401e+01 3.077766842614774845e+00
1.269995377822163363e+01 3.591814019981345751e+00
1.353457161769569339e+01 -4.189138332783830521e+00
1.347574215509681750e+01 -3.642966008682510193e+00
1.344312339686683444e+01 -3.172737858700175551e+00
1.340111834948300995e+01 -2.619592242185742492e+00
1.338509082080762269e+01 -2.111049305966165690e+00
1.339107787248748949e+01 -1.546168439652632287e+00
1.335824926086623421e+01 -1.040448006529295810e+00
1.334760458779684811e+01 -5.338961878919228354e-01
1.331302314443313506e+01 -4.135864049142767840e-02
1.330876093793631654e+01 4.828973606085824599e-01
1.331859546159721575e+01 9.847569431360803094e-01
1.328211437705316555e+01 1.495861662995579877e+00
1.327273860715635578e+01 2.027211504655547003e+00
1.329593807262656568e+01 2.571449794565250357e+00
1.328416041342941867e+01 3.080430290457492504e+00
1.327058570672732074e+01 3.625515642702197283e+00
1.414102477478153119e+01 -4.181010371628557820e+00
1.409084025208169422e+01 -3.675238877903778345e+00
1.413084091070465931e+01 -3.176497707651114055e+00
1.400607363083604540e+01 -2.635832574548182095e+00
1.396404935707198547e+01 -2.053395965785053789e+00
1.395462325788629698e+01 -1.565554699339561040e+00
1.392590570159800833e+01 -1.051620570213788852e+00
1.391405821521981778e+01 -5.172409922159282303e-01
1.389000196818659916e+01 -3.387480332315462306e-02
1.386059487422826919e+01 4.794863309854058286e-01
1.387188925249055771e+01 9.897185604392326752e-01
1.386166217219588148e+01 1.492369554375898133e+00
1.386088312811100920e+01 2.081162288540859606e+00
1.382927084871070278e+01 2.549087886937741132e+00
1.380018185262855823e+01 3.610969249571660100e+00
1.469717235769790520e+01 -4.206552762879766760e+00
1.464371513742083408e+01 -3.676779028262650684e+00
1.460949055926112905e+01 -3.177169565502056869e+00
1.457574921202373375e+01 -2.617267156283883622e+00
1.455452930665436639e+01 -2.096560738683468372e+00
1.454056501916051758e+01 -1.588450174951685057e+00
1.456306275011262130e+01 -1.027537697331972311e+00
1.450272643028070974e+01 -4.897416152618419005e-01
1.442559262963391831e+01 -2.414731825935234610e-02
1.448616027907263160e+01 4.800366097566275414e-01
1.444432887944570609e+01 9.974924033330800910e-01
1.443566701616984460e+01 1.514480596610226826e+00
1.442107536932037348e+01 2.046913565970040594e+00
1.439801502552011314e+01 2.563645412627099773e+00
1.436138629251446375e+01 3.098490817442296930e+00
1.438808376433845382e+01 3.613835098051190187e+00
1.524325239792013065e+01 -4.179903146582823581e+00
1.518438604756140364e+01 -3.648193318192015866e+00
1.513637289751608961e+01 -3.118339747330391987e+00
1.514751605635115084e+01 -2.593468188121129003e+00
1.514828214436897724e+01 -2.057534659654873366e+00
1.509844280418326079e+01 -1.564384260466052723e+00
1.507341634914784834e+01 -1.048877871516211258e+00
1.505956811612029966e+01 -5.275166071097707743e-01
1.502341225550473425e+01 -9.511829880068489729e-03
1.501993249123349727e+01 5.080123732828987215e-01
1.500761638583043478e+01 1.033526350008177275e+00
1.524277567154140911e+01 1.586015011401098462e+00
1.495824496445445817e+01 2.032230123044527659e+00
1.496934065387994650e+01 2.574578212063986626e+00
1.494842785086683534e+01 3.102149737660621298e+00
1.494897587905566283e+01 3.664009399881830831e+00
1.577380569657883669e+01 -4.126691383011738878e+00
1.573846697977379350e+01 -3.606055566745759222e+00
1.571771773145501783e+01 -3.077495183233915910e+00
1.571738425441968801e+01 -2.576044920684186224e+00
1.570597022191221726e+01 -2.055834972471217270e+00
1.567937658916855881e+01 -1.563648312880587810e+00
1.563480776151354945e+01 -1.049077045678092901e+00
1.561485457755506445e+01 -5.159681832312088545e-01
1.558935380273484839e+01 9.996509567944400487e-03
1.558040700921719690e+01 5.132305404329464693e-01
1.556893481074396846e+01 1.030851331544152316e+00
1.563754647397402664e+01 1.574121943386685984e+00
1.554224623735670008e+01 2.060971373845283949e+00
1.553641962244209651e+01 2.587700556771853400e+00
1.550399112408057078e+01 3.123852234305218190e+00
1.555747254243068411e+01 3.633516426390450249e+00
1.633030018387894344e+01 -4.120627367104624739e+00
1.629917768107793563e+01 -3.600166973363373657e+00
1.628442468535368093e+01 -3.082888066843597841e+00
1.626676326172074383e+01 -2.568825585043935433e+00
1.625537130468863722e+01 -2.050291912612753009e+00
1.621266467461292748e+01 -1.582092700617952374e+00
1.620398730193499759e+01 -1.027131463209133955e+00
1.624785313635801742e+01 -5.037352560582704086e-01
1.619719298098118543e+01 1.774579140368715002e-02
1.613806896833751381e+01 4.982466946624164450e-01
1.613962663407729181e+01 1.029803274379293754e+00
1.616387955775562801e+01 1.562092532503150721e+00
1.613558534163970748e+01 2.083483221328055635e+00
1.610882126505958212e+01 2.624316531502163485e+00
1.610835111193631519e+01 3.112134339029754670e+00
1.609360644137688112e+01 3.651876419073985858e+00
1.693261578662524514e+01 -4.120708155734101652e+00
1.689004755647700762e+01 -3.609702252703415937e+00
1.686871712601719153e+01 -3.059537256728219745e+00
1.686406054373231811e+01 -2.605085970340454082e+00
1.683827163552862416e+01 -2.091984195073155917e+00
1.675818961366397986e+01 -1.548204407900996671e+00
1.676653263607481747e+01 -1.030598866437713923e+00
1.676885851010034045e+01 -5.024777624143084154e-01
1.675939447781599512e+01 2.376861823204023949e-02
1.677330915633547903e+01 5.261556890964840250e-01
1.670420742172345285e+01 1.055607327821988406e+00
1.669133437114557594e+01 1.552150187229642597e+00
1.669808524254885640e+01 2.097851924531909162e+00
1.668533686624136791e+01 2.608796446405083458e+00
1.667301014080355159e+01 3.141017357379674024e+00
1.667514366165702810e+01 3.672396662742475115e+00
1.747088239901290763e+01 -4.097184544550229290e+00
1.744007010192937557e+01 -3.604362384628966964e+00
1.743588296191617459e+01 -3.076313918842780382e+00
1.741654853302991057e+01 -2.554044797813435963e+00
1.738272934250185742e+01 -2.073944102979446313e+00
1.736702366582229473e+01 -1.513651791679986758e+00
1.734416182925562921e+01 -1.016187419671936709e+00
1.729189474123320380e+01 -5.125548380141431437e-01
1.729506786719964495e+01 1.338232495157498647e-02
1.730110819044933024e+01 5.218103729022125492e-01
1.728715883158591993e+01 1.057173308086898800e+00
1.724933370216362860e+01 1.549715689543958774e+00
1.723645175357135528e+01 2.078584199253388221e+00
1.724364781201363073e+01 2.624584420988025357e+00
1.721673493970144975e+01 3.127547825588393948e+00
1.731400786538961256e+01 3.591344170394844326e+00
1.799376491504392561e+01 -4.113518206734166682e+00
1.799467966640751015e+01 -3.610278200655919534e+00
1.799491050876858722e+01 -3.071086294384825166e+00
1.796236661084845210e+01 -2.583829752640358635e+00
1.796299995304117303e+01 -2.065531251111448086e+00
1.795287484530375721e+01 -1.528340441123201998e+00
1.790726186074898152e+01 -1.045679843478758642e+00
1.790757835042342805e+01 -5.095949998920943358e-01
1.785607682235994176e+01 1.235711038081888091e-02
1.784717392891141685e+01 5.426507347527618208e-01
1.783537216839355111e+01 1.082583906131088014e+00
1.782832507005409539e+01 1.583082225313336977e+00
1.781391883178424962e+01 2.107670941749393734e+00
1.780791416382463055e+01 2.582172370823478502e+00
1.790227263627010856e+01 2.980241836435212122e+00
1.784780275866572197e+01 3.583255902096748713e+00
1.861809281955521911e+01 -4.123875631046789891e+00
1.857169002259130153e+01 -3.608199285711128468e+00
1.855645819568652399e+01 -3.093302377162933325e+00
1.852613951656410762e+01 -2.593427424444140428e+00
1.848296032895434493e+01 -2.065116030608322717e+00
1.848970172008781532e+01 -1.536846073717793359e+00
1.850050934842208505e+01 -1.016101391301404533e+00
1.846244001011845981e+01 -4.961042314381565177e-01
1.843526103231902979e+01 1.381826383467910091e-02
1.844812363976689085e+01 5.533315862628853665e-01
1.841826217685023082e+01 1.044618811897528587e+00
1.837215462643329644e+01 1.590765729680139628e+00
1.836760061374092246e+01 2.092535935559766358e+00
1.839068277302050447e+01 2.604744305996604226e+00
1.840924078688767196e+01 3.166659498901974956e+00
1.838460531411975651e+01 3.628852114668404738e+00
1.912591820726926883e+01 -4.129245405672815394e+00
1.915379481739484291e+01 -3.622960429871206145e+00
1.914302753321830863e+01 -3.095497611803986970e+00
1.914255121095396106e+01 -2.573652826559882811e+00
1.906448542680053038e+01 -2.080523113418436765e+00
1.906799320686206656e+01 -1.520208159909181234e+00
1.905747697939739282e+01 -1.009557939684228245e+00
1.902159448133655673e+01 -4.949567047195202463e-01
1.901868299832417364e+01 3.284373030033194141e-02
1.900735453620838555e+01 5.508914736959908964e-01
1.899591452437950778e+01 1.052896579875042704e+00
1.899304097206232811e+01 1.537292017743396855e+00
1.896843562039098430e+01 2.095437132143771919e+00
1.893496401000677665e+01 2.590587344810224124e+00
1.894416824418852840e+01 3.148652374797407560e+00
1.892511589553399176e+01 3.619205745285523079e+00
1.972182878561636699e+01 -4.131430901613217799e+00
1.969786124710824282e+01 -3.613947629634145287e+00
1.968459480507748083e+01 -3.097255008563367440e+00
1.965226130391477000e+01 -2.572014673135921470e+00
1.963865172217992949e+01 -2.016625308158321417e+00
1.963483876004242035e+01 -1.515225732074977572e+00
1.962273184866340259e+01 -1.000228207829700011e+00
1.961268219421587489e+01 -4.861779660063412223e-01
1.959723127286650524e+01 4.224479326242658317e-02
1.956475566662097165e+01 5.502665920265492616e-01
1.955327294617394429e+01 1.062409965603460904e+00
1.955234339708932367e+01 1.557963218455753918e+00
1.955103525716513246e+01 2.083954843543974533e+00
1.951777056514220376e+01 2.609131188000638701e+00
1.952301645774003447e+01 3.167850750603214749e+00
1.951183090848036983e+01 3.668559418085127533e+00
2.029325954534596832e+01 -4.128229606767172655e+00
2.023739192368005746e+01 -3.598454461852389485e+00
2.023867199028134678e+01 -3.070840753293289538e+00
2.024709806366170284e+01 -2.553647660437796674e+00
2.017958094366226618e+01 -2.071731247196471060e+00
2.016267721133771573e+01 -1.555687379517447511e+00
2.016789505988458586e+01 -1.002935381414506111e+00
2.013040895986198109e+01 -4.870174933205824175e-01
2.014985834753377247e+01 4.769379856646693838e-02
2.012281443900342026e+01 5.694285133534791044e-01
2.014213013355297477e+01 1.108003346127443223e+00
2.012958164952606666e+01 1.582888487388352416e+00
2.012679154185671138e+01 2.110611705212665612e+00
2.010293211423837079e+01 2.644402562362071052e+00
2.009170922423292893e+01 3.158265542057023367e+00
2.008080074725307895e+01 3.677273567071225102e+00
2.085325582688843582e+01 -4.126087001320696501e+00
2.080430732627656454e+01 -3.588489886660957140e+00
2.082029162708187187e+01 -3.096868231296870277e+00
2.077351787565692121e+01 -2.553575140540566224e+00
2.079718638440645861e+01 -2.042070376636960560e+00
2.075221595762597815e+01 -1.511967162561859368e+00
2.070869785975610000e+01 -1.012428212072840950e+00
2.070297278634649274e+01 -4.937123484739913692e-01
2.070573668051930127e+01 4.488839810802858210e-02
2.069747785903674497e+01 5.552002797902169107e-01
2.070476825855443792e+01 1.076113756988178238e+00
2.067879415470160609e+01 1.585700796108000077e+00
2.067805887776920315e+01 2.117054158323458779e+00
2.066235506628505192e+01 2.656213486563022030e+00
2.065293588634515487e+01 3.158517231718093399e+00
2.064396868463532542e+01 3.680784382484880268e+00
2.142007014323945668e+01 -4.108600108885388735e+00
2.138586607116606331e+01 -3.580109507753443054e+00
2.137256422452582427e+01 -3.071428717347927773e+00
2.132643687883545169e+01 -2.546730818135912955e+00
2.132438483631413106e+01 -2.044698307994739395e+00
2.132024720514758798e+01 -1.517687409185921155e+00
2.131939338424884056e+01 -9.816513685092189689e-01
2.129799792309106721e+01 -4.777489869933724265e-01
2.128390933350805625e+01 3.633583495642156436e-02
2.124322917173189040e+01 5.391319300407140247e-01
2.124056254990878045e+01 1.068022382045544560e+00
2.124097985816503353e+01 1.607048376960658942e+00
2.124403514102196766e+01 2.164297057229244814e+00
2.120581567413903912e+01 2.473734511154351168e+00
2.122535744490267007e+01 3.116053840268172337e+00
2.119275940050710005e+01 3.674052131054342141e+00
2.197226653833189403e+01 -4.124189104070820733e+00
2.194646425679185597e+01 -3.592717138683392264e+00
2.192001686977641839e+01 -3.049338252884103539e+00
2.190521879978075503e+01 -2.544886845601507019e+00
2.187980781656672491e+01 -2.041364709515583797e+00
2.186796875538764340e+01 -1.519248333284732411e+00
2.189249534876908854e+01 -9.901017761756669699e-01
2.182881022214898792e+01 -4.672410338098487159e-01
2.183641633989047648e+01 5.445392211252553238e-02
2.182964025194340252e+01 5.456813460775435942e-01
2.182727778196051105e+01 1.091322493812274530e+00
2.180034021712018699e+01 1.625238518033786050e+00
2.181380701549512224e+01 2.174342707752266790e+00
2.181498877836342132e+01 2.611754472005021199e+00
2.178765193926320620e+01 3.140555856374277255e+00
2.176999334739699776e+01 3.673791367455230272e+00
2.251748813208003952e+01 -4.114949333326759273e+00
2.253325178477963675e+01 -3.598229565110102612e+00
2.246143602838360209e+01 -3.083623781443836975e+00
2.247624203612922145e+01 -2.550064877894310911e+00
2.246919997274550695e+01 -2.030930479103307817e+00
2.244117506759082659e+01 -1.526051959787910306e+00
2.242224907286970392e+01 -9.923302564221607724e-01
2.242889834661328052e+01 -4.751361711460972970e-01
2.240068191385213936e+01 7.016704533952022871e-02
2.238041018273315785e+01 5.656095371508911285e-01
2.236795882071508856e+01 1.087256758884368679e+00
2.236842034326438267e+01 1.611293206681647661e+00
2.238939713858304259e+01 2.161464351351003899e+00
2.235668458783508328e+01 2.685627982776122025e+00
2.235868469220275045e+01 3.175097164142968609e+00
2.234980401520092386e+01 3.691307650346104197e+00
2.307508449461530375e+01 -4.109001157246606084e+00
2.306656752862730997e+01 -3.573786706361749665e+00
2.302280809423557173e+01 -3.045359900459876812e+00
2.305545390527129967e+01 -2.536713095141546859e+00
2.301431253094416007e+01 -2.025863362350616370e+00
2.297140670242828264e+01 -1.489674200226652090e+00
2.296806925326156801e+01 -9.568498707609691678e-01
2.297174332862523016e+01 -4.544321361632661649e-01
2.295580384721510825e+01 4.311928394040265289e-02
2.294943537241915976e+01 5.642514719991389427e-01
2.291610340275089186e+01 1.089430384696584042e+00
2.291839882894635139e+01 1.652595129025176135e+00
2.289547547829222651e+01 2.147117330411251857e+00
2.289544300924582387e+01 2.666634417799077283e+00
2.290542774926556291e+01 3.205706586923085410e+00
2.288763604643166616e+01 3.677610893088125721e+00
2.358473691453129106e+01 -4.137882108317661789e+00
2.361295401159540575e+01 -3.560858012532921890e+00
2.359293269800284776e+01 -3.068589352629487621e+00
2.358515611989157179e+01 -2.504469809724817253e+00
2.355058585918987291e+01 -2.005154942798153428e+00
2.355066632115639891e+01 -1.493695221059759604e+00
2.353042043273747197e+01 -9.750487619352909974e-01
2.351371426341752624e+01 -4.481788910523150093e-01
2.353690009351511492e+01 5.804084144819299240e-02
2.349182528186749863e+01 5.620415716814548546e-01
2.350383351468111215e+01 1.083373584285517666e+00
2.349226361265733232e+01 1.641412594482215326e+00
2.348016876611823989e+01 2.154827532633561304e+00
2.350633914947220404e+01 2.653476408640781159e+00
2.345591996519284805e+01 3.184963240130091577e+00
2.348479248075523884e+01 3.691634930602326392e+00
2.419776845412208388e+01 -4.098134982179834296e+00
2.416649868135942825e+01 -3.536620082379963392e+00
2.414596898364943911e+01 -3.084384980709479862e+00
2.411986293240205015e+01 -2.541539728217813376e+00
2.410533348306614698e+01 -1.998860409780693459e+00
2.409248630330855434e+01 -1.494220789513963865e+00
2.408368555306685010e+01 -9.738963107254079432e-01
2.404434705472183964e+01 -4.394937132003882141e-01
2.405365228591109883e+01 9.459571267739264044e-02
2.406236503547567906e+01 5.831012073439936216e-01
2.404797371841402764e+01 1.072637509285769397e+00
2.405082272167416590e+01 1.620088587094876686e+00
2.408125947321258309e+01 2.156639534999726493e+00
2.406376788504426401e+01 2.679312018451764033e+00
2.403562687455756475e+01 3.207743635510286850e+00
2.402208678440090495e+01 3.708098656337337928e+00
2.470659747357459679e+01 -4.117935646481461376e+00
2.473250417985413918e+01 -3.571038968254224955e+00
2.471811068705789438e+01 -3.044292224574203232e+00
2.469017929788922316e+01 -2.534815075012286201e+00
2.468629415963666673e+01 -1.982445633919791561e+00
2.465571371608623252e+01 -1.477240522216391128e+00
2.465905766623161810e+01 -9.581895496794032852e-01
2.463949009625814313e+01 -4.243044685601375932e-01
2.464459676893780937e+01 7.264025468300516764e-02
2.463113739011579639e+01 5.878123865844528950e-01
2.462937263679216215e+01 1.115798387226533350e+00
2.461612908612699613e+01 1.647263165396292806e+00
2.460192179786353961e+01 2.180641238810444804e+00
2.464444954871834881e+01 2.677820076957111439e+00
2.460532092558776185e+01 3.163638818078826631e+00
2.459191880013279530e+01 3.691237679828457630e+00
2.531374746206638093e+01 -4.096121378396224699e+00
2.527258819551503422e+01 -3.563245749199419166e+00
2.529485633127146116e+01 -3.035799022761644039e+00
2.524408693279631422e+01 -2.528444707951837955e+00
2.525384513592535285e+01 -1.991969933386279479e+00
2.521127853895958282e+01 -1.479947190725290795e+00
2.518450186583261541e+01 -9.533867449977293518e-01
2.520817927182715579e+01 -4.432396332413688356e-01
2.520716813043488713e+01 7.947539656895585836e-02
2.518300781348522577e+01 6.063318595333271332e-01
2.515989892582827281e+01 1.114746053511819213e+00
2.517140814559409989e+01 1.642257106817691437e+00
2.518300799049026040e+01 2.183679534247733756e+00
2.518272579473239148e+01 2.667282214004394802e+00
2.518385366271762393e+01 3.154374550749121653e+00
2.517040432584867915e+01 3.705770241603627113e+00
2.587938681858712897e+01 -4.076510154458855339e+00
2.551725840603556605e+01 -3.604710148566157457e+00
2.582861235528306310e+01 -3.021355830733917003e+00
2.578399479809453965e+01 -2.506458571539955216e+00
2.582311412555879571e+01 -2.005619815380121906e+00
2.583626859361822170e+01 -1.478417681278720863e+00
2.580711745841490057e+01 -9.404377260642711178e-01
2.576978011532210644e+01 -3.828668365636609394e-01
2.573811230686766294e+01 4.061911129780781948e-02
2.574090234137316457e+01 6.036029824275139788e-01
2.573017428725605527e+01 1.110282005404666705e+00
2.572777881806657518e+01 1.652560918105972831e+00
2.572441900017588523e+01 2.174986146131509201e+00
2.572454200720051176e+01 2.667749173186567901e+00
2.573738647174922534e+01 3.152955217056039317e+00
2.569827796814579557e+01 3.716652393834337431e+00
2.640042509269552795e+01 -4.113910376580715678e+00
2.639690611265294251e+01 -3.571109117088575147e+00
2.641837561315483640e+01 -3.047365480723744469e+00
2.634676842415428411e+01 -2.512009608282589568e+00
2.638788336560072167e+01 -1.986387868081482821e+00
2.637177405488374404e+01 -1.481040074232705450e+00
2.635108659860677705e+01 -9.600022226574971285e-01
2.636138496882063009e+01 -4.021858655187671161e-01
2.634193648188516335e+01 8.575768724572796486e-02
2.635069955273482378e+01 6.250401299793288956e-01
2.632637695547094125e+01 1.129336668730367421e+00
2.630943897637005335e+01 1.654000970700160167e+00
2.629809920290032466e+01 2.182196786043228087e+00
2.625812892064942616e+01 2.686026234349991881e+00
2.639950777505344348e+01 3.084613711474091247e+00
2.629047804584162407e+01 3.710964328291591841e+00
2.693295808293612481e+01 -4.092520123515669184e+00
2.694403298643003808e+01 -3.562892739798044772e+00
2.695584349979159100e+01 -3.036658832167066890e+00
2.693794160688418771e+01 -2.501939222479272473e+00
2.696286240478710283e+01 -1.986221120925019790e+00
2.693926086283189392e+01 -1.487096292832116973e+00
2.692638742665467788e+01 -9.588767547457059948e-01
2.692965204463034468e+01 -4.198694875829716011e-01
2.689913078171546346e+01 9.416650246055269236e-02
2.687482132349975927e+01 6.186160722757065855e-01
2.690057119448542977e+01 1.189515285630132979e+00
2.689935283924668852e+01 1.632824542012841107e+00
2.691438296918236972e+01 2.174769625761129532e+00
2.689745581628734072e+01 2.657135727674422299e+00
2.683763723234748255e+01 3.175072360173736286e+00
2.684014015354242133e+01 3.732255909692046458e+00
2.750233973363974371e+01 -4.085229782793359021e+00
2.747667580501335749e+01 -3.572773890332717528e+00
2.746356157235055662e+01 -3.043779304150396214e+00
2.751772810024110072e+01 -2.519570872102992354e+00
2.749269254218156533e+01 -1.968703998677014511e+00
2.751008724263894578e+01 -1.489223095144932785e+00
2.747847744456899477e+01 -9.397977052161330391e-01
2.746345714462344745e+01 -4.090798777199005087e-01
2.747678429676984280e+01 9.542048856462059803e-02
2.746508865530171306e+01 6.262868436701758412e-01
2.746176159784806003e+01 1.143122667735404718e+00
2.740516203255339178e+01 1.643166970017016837e+00
2.742242224671387874e+01 2.176451512730540827e+00
2.742117779747406558e+01 2.683656228909796937e+00
2.740190336271697902e+01 3.205024920927012744e+00
2.738324866375175759e+01 3.740028337510768353e+00
2.804991049320117469e+01 -4.077272020498790894e+00
2.808578815475792112e+01 -3.570059383170638867e+00
2.806777845986889020e+01 -3.037473951079254775e+00
2.803776288589401844e+01 -2.495004656377638241e+00
2.804353419765238442e+01 -1.993913395737113348e+00
2.804900152222063525e+01 -1.453421624272056789e+00
2.804349034855324163e+01 -9.378584145868984479e-01
2.801270110657610957e+01 -4.371406958547545685e-01
2.800366275496746482e+01 9.850239718052122839e-02
2.801130800988028113e+01 6.552095951776308880e-01
2.802654327461561934e+01 1.162854266004089254e+00
2.800470498462989610e+01 1.636154468779668747e+00
2.798820732177369308e+01 2.170541248276197877e+00
2.799461361915402335e+01 2.702578112480576777e+00
2.799743524097945624e+01 3.233769950708293095e+00
2.798889819415643387e+01 3.772852734621338300e+00
