1.061242636114304005e+01 -4.129616077410364738e+00
1.060916559095314327e+01 -3.613422448847655843e+00
1.056955944361930122e+01 -2.596566921470671474e+00
1.057293588615485191e+01 -2.048044177220287310e+00
1.058328238823659007e+01 -1.530261070533494916e+00
1.056712150593624955e+01 -1.013490312049636799e+00
1.055217630222701075e+01 -5.118755777070305157e-01
1.049991087971154968e+01 5.759227056233768849e-01
1.053442563410739297e+01 1.113906062589926194e+00
1.051366440671485591e+01 1.620075614401464748e+00
1.052133236576000641e+01 2.134003960597791405e+00
1.050997206992516908e+01 2.670366736774752781e+00
1.048012187806229534e+01 3.189804991083526886e+00
1.049715334510406350e+01 3.716389398465341998e+00
1.116686776189946428e+01 -4.142947042577738159e+00
1.113939390501251836e+01 -3.658843149848692633e+00
1.114137346002242523e+01 -3.110556482503282538e+00
1.112748884282898487e+01 -2.049911832891989860e+00
1.109860164049261044e+01 -1.532349217312496847e+00
1.108967551863245760e+01 -1.011643789800572790e+00
1.105887481542094974e+01 -4.867207866333806976e-01
1.106865315234107072e+01 2.712848381264976183e-02
1.107277187748250924e+01 5.848712369739104133e-01
1.105588780870695231e+01 1.614205361806309469e+00
1.103362236360048243e+01 2.162187710991219092e+00
1.105408168534942348e+01 2.663207580997614343e+00
1.104290652450128007e+01 3.218305335713541382e+00
1.100668283562056970e+01 3.725320032245448942e+00
1.168560684733673938e+01 -4.134726052294311671e+00
1.171559300433857587e+01 -3.635064810794887080e+00
1.167585217617086357e+01 -3.082930696482828026e+00
1.167893275361889849e+01 -2.575883562305374852e+00
1.165783113892205236e+01 -2.063537661916818422e+00
1.165216502355633210e+01 -1.542173591632835183e+00
1.163641273916959662e+01 -1.009135026189635909e+00
1.164112688734145706e+01 -4.834059746533192481e-01
1.161425324384689262e+01 3.758199462624745024e-02
1.162166705311367565e+01 5.467501136443786436e-01
1.160522856782634094e+01 1.080769440962818351e+00
1.159215399867250795e+01 1.633377017246228746e+00
1.159083852500891965e+01 2.160754220640153989e+00
1.157545502914855717e+01 2.666991190974595582e+00
1.158580902893935161e+01 3.218694281279834257e+00
1.156339380995644106e+01 3.736782238845325566e+00
1.222928636414287240e+01 -4.128594524205340122e+00
1.224730432274861514e+01 -3.618512406287813121e+00
1.222529265866749171e+01 -3.096904011131579537e+00
1.223060180704713673e+01 -2.567571007175637021e+00
1.221996030811564538e+01 -2.042974587831114519e+00
1.219534572018178409e+01 -1.529279936769015080e+00
1.219412630195814273e+01 -4.746455921224601582e-01
1.216271202737630119e+01 5.263563945876370553e-02
1.218916361541247895e+01 5.910956650605783125e-01
1.217634885193162120e+01 1.087262779200070639e+00
1.215317050619197303e+01 1.648990543106140905e+00
1.214030535682181622e+01 2.155379974051498948e+00
1.212221352874594515e+01 2.678850729841744993e+00
1.212909080591068189e+01 3.214847670145871916e+00
1.213844783870374044e+01 3.730742853667962322e+00
1.279157551192552233e+01 -4.146565015671347609e+00
1.278238961644998994e+01 -3.605630005482645117e+00
1.276361748600245960e+01 -3.052096398587101689e+00
1.278391961891648521e+01 -2.569821738771697284e+00
1.276234057339686601e+01 -2.035249829224920148e+00
1.275420699028042648e+01 -1.542728249479875302e+00
1.274926513512827952e+01 -9.863146529878896729e-01
1.272728360956952187e+01 -4.720264864958387818e-01
1.272511452022495604e+01 8.075064630327233317e-02
1.273010153701578773e+01 6.007413817709945647e-01
1.270594665291548608e+01 1.113350362791688752e+00
1.266743772441128613e+01 1.607529491986806391e+00
1.267684459760523552e+01 2.163164979537249621e+00
1.268685903990816044e+01 2.689336181188242136e+00
1.268363337931508994e+01 3.204942536017288290e+00
1.269788702932219238e+01 3.724530580366145927e+00
1.333027659388748276e+01 -4.167075168148821618e+00
1.330598718713650541e+01 -3.653864138789998606e+00
1.334514492913191219e+01 -3.105408189019048137e+00
1.333080614222332372e+01 -2.565084933138177092e+00
1.329146847972851120e+01 -2.048881594576833720e+00
1.331366545358715214e+01 -1.543457974645384922e+00
1.329664724139400889e+01 -9.906340095491650288e-01
1.329266084194273390e+01 -5.046027063060520845e-01
1.325314098073744162e+01 6.641070437277463157e-02
1.327756440634611224e+01 6.043144750729219083e-01
1.328037528825997526e+01 1.114036017096012188e+00
1.324769582522747058e+01 1.591559693290871991e+00
1.322367697051251056e+01 2.154683158320686687e+00
1.325085101707813706e+01 2.722977426650150079e+00
1.325472569283521196e+01 3.208033243823624758e+00
1.325248111346004976e+01 3.746458642123091209e+00
1.390755794212849850e+01 -4.159846610057552851e+00
1.388509979869122546e+01 -3.645295513282437838e+00
1.389198639842470584e+01 -3.098303354900588502e+00
1.387268644316650779e+01 -2.569743133268282520e+00
1.386761266623692634e+01 -2.040000278868866701e+00
1.385372900939890428e+01 -1.503273165636841213e+00
1.385814280453897851e+01 -9.733664901236132039e-01
1.386101958815637047e+01 -4.419324497918175609e-01
1.383635598968502123e+01 5.274734822298299264e-02
1.382414230386231324e+01 5.965010783040085585e-01
1.380651097488603440e+01 1.104640661852965167e+00
1.382117265004182016e+01 1.631479257911625069e+00
1.379265874739894571e+01 2.147631194552197087e+00
1.379974818649578339e+01 3.231790038745256055e+00
1.379255851296300506e+01 3.765210885386711226e+00
1.447396440232084913e+01 -4.138171136879797984e+00
1.445732594498174706e+01 -3.617534748877874407e+00
1.443647529667320129e+01 -3.104806021749970668e+00
1.439788691370164742e+01 -2.572251679958597492e+00
1.440834249962148306e+01 -2.042678633061669302e+00
1.441779109380474466e+01 -1.491040039889472979e+00
1.440696577858325256e+01 -9.692405881166905601e-01
1.438113994736352907e+01 -4.416280372571179669e-01
1.435773119589532598e+01 6.597114268184256503e-02
1.436371491854640325e+01 5.840250234540675933e-01
1.436007190082014517e+01 1.114929317185293201e+00
1.433402874233159707e+01 1.630496654501747855e+00
1.432640353767763841e+01 2.157518748718938895e+00
1.437240844534628792e+01 2.699321786795408684e+00
1.430357499327562820e+01 3.216006865842867768e+00
1.436064351317412857e+01 3.779055618027527430e+00
1.503624242790528243e+01 -4.148364487701414305e+00
1.499199345980614240e+01 -3.617160835239822347e+00
1.499199616818576786e+01 -3.111036413653462063e+00
1.496642339182572101e+01 -2.565175108152971006e+00
1.495193615256464525e+01 -2.009989811224745182e+00
1.495089758681342929e+01 -1.505217293947531232e+00
1.494440574124669752e+01 -9.923423750120896614e-01
1.492961440625972358e+01 -4.408738843566979426e-01
1.491479381176019459e+01 6.735751908227172180e-02
1.489939134336321302e+01 5.797143004622071771e-01
1.489862896501381329e+01 1.105348061027353168e+00
1.488272672116126216e+01 1.645199236044025071e+00
1.487642417144571283e+01 2.192295085112583308e+00
1.488213573513503718e+01 2.685697439730379443e+00
1.484576370956645164e+01 3.748474214184703612e+00
1.557631260202824919e+01 -4.162743924565193154e+00
1.553726321304769442e+01 -3.642722219292030772e+00
1.552639439227269236e+01 -3.113118688078289509e+00
1.551373364436382118e+01 -2.562170402711892336e+00
1.549872476835474444e+01 -2.046786957810383001e+00
1.549706912676576565e+01 -1.529029391978760088e+00
1.550200446640275231e+01 -9.739818945655898119e-01
1.546242254735964039e+01 -4.356174613244299110e-01
1.545773305136505371e+01 6.298214994507489450e-02
1.547082828604415283e+01 5.978577128838367116e-01
1.545728013679341473e+01 1.118488988188474309e+00
1.546752495216728107e+01 1.629518548092093511e+00
1.545850453078724129e+01 2.168088340034444172e+00
1.540788935365310408e+01 2.687139319479406652e+00
1.537760659509152816e+01 3.232014619809412181e+00
1.544917626969162683e+01 3.749955894379496613e+00
1.611381584831763547e+01 -4.159070118673145799e+00
1.607979374408220608e+01 -3.610853415342704764e+00
1.606472437491727234e+01 -3.087864737685411143e+00
1.607920533450303324e+01 -2.557086613951117471e+00
1.606373289491750711e+01 -2.020264198974988545e+00
1.604323774254684665e+01 -1.504069190053225924e+00
1.601680244435787515e+01 -9.777169329660289065e-01
1.601111070789515978e+01 -4.691000754663754435e-01
1.600386160863115492e+01 7.098047763592418846e-02
1.599381307473308311e+01 6.084597094355785885e-01
1.597303134903103228e+01 1.137000871080999786e+00
1.601702683616825951e+01 1.664663870501897236e+00
1.602246955891002855e+01 2.148866980810730354e+00
1.597097993084422640e+01 2.695218274142540338e+00
1.596210691034540474e+01 3.226725260946231799e+00
1.598109691571192315e+01 3.773550013712583251e+00
1.663900645850193882e+01 -4.121950993833486621e+00
1.662447350233427912e+01 -3.592320131260656524e+00
1.661924844965272996e+01 -3.068628384190297709e+00
1.659958335880448743e+01 -2.561311325705798225e+00
1.658249084955908970e+01 -2.030051887602596139e+00
1.658532368311530192e+01 -1.517640271503367444e+00
1.656599698352470185e+01 -9.633634719798216395e-01
1.656542545125665100e+01 -4.393651859816358751e-01
1.654244080130634487e+01 8.827451314507683833e-02
1.653846534294932269e+01 6.099058212376284871e-01
1.651933135467562863e+01 1.120347879746475428e+00
1.654524696934170791e+01 1.654770971483763731e+00
1.650607436087432589e+01 2.167000923455436379e+00
1.650391722348899037e+01 2.724076860589029536e+00
1.649579566040587153e+01 3.242410093912770463e+00
1.651980462780901249e+01 3.762047018533621667e+00
1.717843112417904194e+01 -4.118573164602050696e+00
1.715836050639335397e+01 -3.599135257427466428e+00
1.715261347320347696e+01 -3.070458045511562872e+00
1.714650471552447186e+01 -2.534025794867812209e+00
1.715800725269854610e+01 -2.021350573172210119e+00
1.711321893784366566e+01 -1.518529144161650635e+00
1.712293138493828337e+01 -9.655041281943930187e-01
1.712472840476051061e+01 -4.476245276700581144e-01
1.710992470017475497e+01 8.907887320679463983e-02
1.707175393060370538e+01 5.862533150189541686e-01
1.707283542651085995e+01 1.136361904946671331e+00
1.709008093132278816e+01 1.651174574577417786e+00
1.706816416764256061e+01 2.184949425182800553e+00
1.704900728021916478e+01 2.728780166123680573e+00
1.705692120121243960e+01 3.238607856062646562e+00
1.705687090864295641e+01 3.768503275908738459e+00
1.773714006313016611e+01 -4.123724375812985343e+00
1.770986425065620651e+01 -3.592953556689799655e+00
1.770948682469846247e+01 -3.055046077998220255e+00
1.769190948516382278e+01 -2.565000018836677498e+00
1.767893909410384268e+01 -2.038178139562422331e+00
1.764126025897753536e+01 -1.494609013729782276e+00
1.765065105661050282e+01 -9.710213107358462992e-01
1.765296346784967696e+01 -4.413026673445763493e-01
1.763964017015172203e+01 8.540220467088843748e-02
1.763805189141404739e+01 6.036854541768761351e-01
1.761890609748645176e+01 1.149841585705161151e+00
1.760816720322470630e+01 1.629334686771880314e+00
1.761028807969903909e+01 2.187347247547339890e+00
1.760435425148099142e+01 2.715837858595374854e+00
1.760494838950418384e+01 3.252270754961113397e+00
1.760093836791897104e+01 3.787398193501402943e+00
1.826159803744038967e+01 -4.111842209934648551e+00
1.824555570991846309e+01 -3.603069367395491440e+00
1.825835519663129958e+01 -3.073006982490779748e+00
1.824477930603256581e+01 -2.536780331578299297e+00
1.821960770866339629e+01 -2.035416474887188798e+00
1.822923931046434376e+01 -1.457214806601115242e+00
1.819921969393944394e+01 -9.597277370409535990e-01
1.817057004554219191e+01 -4.418811575773737843e-01
1.817096466149012812e+01 8.897205215907888487e-02
1.817143974481915691e+01 6.016602606520713437e-01
1.816371072947768894e+01 1.144407893987104075e+00
1.814876228707288064e+01 1.659567880188106415e+00
1.814626127035510095e+01 2.176382135494321801e+00
1.814011447165919577e+01 2.719422258645263213e+00
1.812876467043944828e+01 3.248442162792148480e+00
1.815068217952725149e+01 3.753335587611875468e+00
1.878439912437244530e+01 -4.114869195257496060e+00
1.878501232165872281e+01 -3.615911474712376616e+00
1.879585826144611715e+01 -3.067208914043890289e+00
1.876808793126504327e+01 -2.568596488354049967e+00
1.876764103881355439e+01 -2.026600709150386592e+00
1.876865301974079614e+01 -1.494331801822522010e+00
1.874362552542648430e+01 -9.727775387951069774e-01
1.874594548905303171e+01 -4.497411817702747783e-01
1.871603804622166578e+01 8.431765142402980473e-02
1.869606218982823620e+01 6.215647296794450938e-01
1.869928748956411724e+01 1.136169073102603733e+00
1.870303933599234725e+01 1.662707956778760376e+00
1.869744478093199191e+01 2.195777883196392111e+00
1.868785351953231810e+01 2.683278016234794450e+00
1.871331354597259278e+01 3.144167187001979613e+00
1.869239944293353872e+01 3.744935585893589547e+00
1.936989839697405458e+01 -4.141010073846581818e+00
1.933558278736823155e+01 -3.605941052348597964e+00
1.933883575002308319e+01 -3.086296171926486309e+00
1.930502106734270029e+01 -2.559094307976081950e+00
1.929445249940762608e+01 -2.037096711700929319e+00
1.929426086683626096e+01 -1.498814300838859026e+00
1.930415615224584513e+01 -9.732181398598420685e-01
1.928713809330948692e+01 -4.413702937540513460e-01
1.926874499631842141e+01 6.927038638519178448e-02
1.927227238465858505e+01 6.088080233350261494e-01
1.926114040409187211e+01 1.130982631160552643e+00
1.923825221035563260e+01 1.669788361256301812e+00
1.921892435942628197e+01 2.202783738765791810e+00
1.925960575974201561e+01 2.720210862493726012e+00
1.924210663746032068e+01 3.256621424766130701e+00
1.923215094659017765e+01 3.757716284752667946e+00
1.986273078812532589e+01 -4.143619841102845314e+00
1.988571279050409402e+01 -3.613882310722591029e+00
1.987814336945294968e+01 -3.093339796362641891e+00
1.988329963585853122e+01 -2.567087863309129858e+00
1.983835275717876456e+01 -2.038241035606244367e+00
1.985267653835091295e+01 -1.491716893913039854e+00
1.983894994859854322e+01 -9.697624034342169352e-01
1.981341391253717177e+01 -4.398599877451374596e-01
1.981452531749233614e+01 8.808801804410038017e-02
1.981120327839876794e+01 6.136997682720100045e-01
1.980252635504655245e+01 1.117282038802802191e+00
1.979873575788648310e+01 1.639532057021220623e+00
1.978909216708338548e+01 2.203604806353055778e+00
1.977668858243977112e+01 2.704138708525899659e+00
1.977576483190276591e+01 3.254506814949408522e+00
1.976635986295684688e+01 3.734086277989753455e+00
2.043287628548529966e+01 -4.138186469834911563e+00
2.042448359570457939e+01 -3.619497443985842722e+00
2.041162255291416017e+01 -3.093231604086833286e+00
2.039786907747391353e+01 -2.565878893034064134e+00
2.039138689256103731e+01 -2.004790154792221557e+00
2.039139710795181770e+01 -1.484479609390159993e+00
2.038066969678468965e+01 -9.670016966638996792e-01
2.036980112303142221e+01 -4.392126595129433042e-01
2.037257396732707804e+01 9.578451034416701759e-02
2.034956881531140382e+01 6.088906537057354740e-01
2.033585210542390698e+01 1.127815386452681423e+00
2.034343849610833388e+01 1.660028773007368841e+00
2.034401478920435480e+01 2.189141167267230514e+00
2.031927200888329210e+01 2.708259223911746005e+00
2.032623184806733008e+01 3.261955957903420966e+00
2.033768454115477553e+01 3.775617155147699577e+00
2.098349391259328200e+01 -4.138372555704718181e+00
2.094429135957040700e+01 -3.614172270283866339e+00
2.095776816503983753e+01 -3.075093853832699509e+00
2.095651919925302309e+01 -2.544051601903394300e+00
2.092325980463963475e+01 -2.035190038019134562e+00
2.091041769641009296e+01 -1.524789270941983688e+00
2.092237649516498976e+01 -9.720851321347332430e-01
2.089523004151380547e+01 -4.467523477224517592e-01
2.091773114581231141e+01 9.436909287002848146e-02
2.087412473606611485e+01 6.246562471673726691e-01
2.090983534488996298e+01 1.173131276196244244e+00
2.089539906410301739e+01 1.662608860524059651e+00
2.089549581127580069e+01 2.194308302111487308e+00
2.088898460755996211e+01 2.724656031070807671e+00
2.087762957435347744e+01 3.254401688158463202e+00
2.087443975685715003e+01 3.785048270518871050e+00
2.152016215043203573e+01 -4.140914833020609365e+00
2.149161309910602569e+01 -3.614728940540750557e+00
2.150033701219609128e+01 -3.074367972978096830e+00
2.147894492589593085e+01 -2.527653767664656215e+00
2.144704439346998015e+01 -2.034801569389284026e+00
2.148218348950462797e+01 -1.502729244451195711e+00
2.145264344589442373e+01 -9.828430050084584479e-01
2.144693226326945990e+01 -4.481260057554727894e-01
2.145418101166631430e+01 8.908969457758075805e-02
2.143740750422906416e+01 6.088725910823598042e-01
2.144651686427037163e+01 1.141355238045051124e+00
2.142768939275950402e+01 1.665944934424732793e+00
2.143338101739306722e+01 2.200723114118684265e+00
2.141865723320414361e+01 2.756826584999114260e+00
2.142206203908153128e+01 3.255498843790601171e+00
2.140437286095917102e+01 3.786019027473095377e+00
2.207321117861049231e+01 -4.137516160679716393e+00
2.204939132932180001e+01 -3.607007979363102024e+00
2.204523411560526114e+01 -3.079963415528682802e+00
2.202004115138721119e+01 -2.545347917207113397e+00
2.200391855051886125e+01 -2.029127886206840259e+00
2.201734480668486071e+01 -1.501732211272678086e+00
2.201355217966930411e+01 -9.587150428187030116e-01
2.199672421012304113e+01 -4.365886017700688626e-01
2.200345187844909134e+01 9.084895154594008204e-02
2.197550528966291949e+01 6.017901110119190378e-01
2.196105884056291302e+01 1.139496491968113645e+00
2.195996620436256563e+01 1.674910394873801778e+00
2.198200746140685169e+01 2.238601203253050898e+00
2.197712652242726961e+01 2.705725260975007984e+00
2.196220508320434561e+01 3.242333134938714778e+00
2.194555861917265105e+01 3.776676104547281199e+00
2.260571325431499190e+01 -4.140256908406769298e+00
2.257717847083736729e+01 -3.604087680368447622e+00
2.257560529526934090e+01 -3.072324842389051014e+00
2.256118765139723337e+01 -2.544146941785822236e+00
2.255638130885096615e+01 -2.027267901937435113e+00
2.255793864973411900e+01 -1.497645648329800849e+00
2.256642318855468687e+01 -9.645582913840762274e-01
2.253580102834580146e+01 -4.352702692848353649e-01
2.253362648162478621e+01 9.642477239232150055e-02
2.252634425935557516e+01 6.069128164825592364e-01
2.253336700634825718e+01 1.146101847909566374e+00
2.250679201796635454e+01 1.682658454998694708e+00
2.252503608394345491e+01 2.241027787502794411e+00
2.252252182571069028e+01 2.728399490023161178e+00
2.249082535000235339e+01 3.236757796839768275e+00
2.247942729218040370e+01 3.765361216942004319e+00
2.312431817159188085e+01 -4.146240644605018844e+00
2.313419734999630606e+01 -3.620371958541825919e+00
2.309735832161170066e+01 -3.092152833687681124e+00
2.311202665041615489e+01 -2.558009033124097442e+00
2.311147777209572496e+01 -2.037743567378196730e+00
2.309786304356772035e+01 -1.504382228579707714e+00
2.309339889344654040e+01 -9.756487288430619742e-01
2.311129864222051111e+01 -4.681643517081504058e-01
2.308429150655182838e+01 1.008404291419431331e-01
2.305306434173237307e+01 6.107418983784427269e-01
2.304765996750965229e+01 1.141347638627500771e+00
2.304905732658320971e+01 1.684483558075971388e+00
2.306863996969850916e+01 2.226257483613039767e+00
2.305002834098171149e+01 2.739346283487108735e+00
2.305638715668973759e+01 3.243142904897663215e+00
2.304678128577970853e+01 3.767203073121631718e+00
2.367497062762408433e+01 -4.143427311810768288e+00
2.365477857807651674e+01 -3.620794934630936268e+00
2.364465395693338223e+01 -3.075113130253850358e+00
2.366604028539680371e+01 -2.553640614324518054e+00
2.365093422007057455e+01 -2.025824617208112244e+00
2.362644677646387947e+01 -1.477305531539496286e+00
2.363449016609359177e+01 -9.495351426466882572e-01
2.362292530015691483e+01 -4.281001782071420791e-01
2.360971955466450112e+01 7.727888417204198390e-02
2.361401770440445347e+01 6.113404851928621042e-01
2.358624433386466279e+01 1.144514340033673250e+00
2.358900377949559157e+01 1.703580180893482066e+00
2.356855937862877681e+01 2.211318817337172504e+00
2.357911044190239380e+01 2.731132878133216479e+00
2.357599946269179014e+01 3.267142983138146661e+00
2.356471592624150446e+01 3.773599890531283307e+00
2.419335015772862363e+01 -4.159882829856051956e+00
2.420729452367542223e+01 -3.597651698053114799e+00
2.419640203558950731e+01 -3.087746919098718124e+00
2.418693131373461824e+01 -2.544524761031571103e+00
2.417063982189253579e+01 -2.013245253846694283e+00
2.416368453116520953e+01 -1.484053828712973200e+00
2.415698583536489963e+01 -9.621968381454166774e-01
2.415698172581015513e+01 -4.371452928492054468e-01
2.414154622168534559e+01 9.037374420057631141e-02
2.413838097396924098e+01 6.159398396597879355e-01
2.414424187501909103e+01 1.136235456926595333e+00
2.414076687059508686e+01 1.678325378937280732e+00
2.413169173492190112e+01 2.225801661452450730e+00
2.414820729370467234e+01 2.710960334164536079e+00
2.412257408306751216e+01 3.249256649044166778e+00
2.412353110998371619e+01 3.780912050268529612e+00
2.474877134069716078e+01 -4.139726438791035079e+00
2.474135267534597915e+01 -3.603908268894381095e+00
2.473379653425467950e+01 -3.082977252626516673e+00
2.472550328331693237e+01 -2.560520562590287597e+00
2.471648482010618864e+01 -2.010229166095623299e+00
2.471030018561062036e+01 -1.489838964381910102e+00
2.470367419224631789e+01 -9.721131261607354190e-01
2.467295569984287340e+01 -4.364609495533002814e-01
2.466822443709428114e+01 1.039504717862662631e-01
2.467038213750694808e+01 6.247065206300277396e-01
2.467596164069938425e+01 1.127327684636551197e+00
2.467835439394986707e+01 1.675648042013222039e+00
2.474033344775624954e+01 2.207252086780204792e+00
2.469432793517168534e+01 2.735112599112270004e+00
2.467369924779043089e+01 3.267524938379313681e+00
2.464842248775265432e+01 3.768687633994417752e+00
2.526497580853423841e+01 -4.141886398893317889e+00
2.526889347534088159e+01 -3.601482453817986595e+00
2.526608391600685621e+01 -3.077607214328708096e+00
2.525877278106884205e+01 -2.564070014340622095e+00
2.525674574357591951e+01 -2.013378039646323003e+00
2.523828352555479881e+01 -1.485493686818518455e+00
2.524067357690510249e+01 -9.661843192648653655e-01
2.524196057762528511e+01 -4.292214841773862588e-01
2.523223652259796523e+01 8.756670765635377052e-02
2.523029796830682869e+01 6.154625023552817709e-01
2.523647293940506131e+01 1.146228114690522659e+00
2.521730115764329838e+01 1.676429470831056534e+00
2.521619072899694203e+01 2.204760019304693230e+00
2.524970211787728402e+01 2.733458136075647360e+00
2.520908174671599511e+01 3.252907540793767538e+00
2.519070663178997194e+01 3.782501926406325765e+00
2.583843986795858427e+01 -4.136907136443177535e+00
2.579794879037813615e+01 -3.601997406677408975e+00
2.581808917327362707e+01 -3.078337929514040283e+00
2.579204297844811578e+01 -2.554696128535216104e+00
2.578951499423100557e+01 -2.022025137182048127e+00
2.576846306642173090e+01 -1.500251410199098245e+00
2.576593053386007171e+01 -9.635423019885145379e-01
2.578109727026135545e+01 -4.317626791000641617e-01
2.578123687966400013e+01 9.440107233195149661e-02
2.577120998138062902e+01 6.164136069188401734e-01
2.576003826933937546e+01 1.146377412416548225e+00
2.576164139072731274e+01 1.676797906702468310e+00
2.577068637154779651e+01 2.212014192246442690e+00
2.576317621096187338e+01 2.725907874374470907e+00
2.576481152315025724e+01 3.249924539768219489e+00
2.576776936792506945e+01 3.780722058529093488e+00
2.636935286738581397e+01 -4.130008587028759948e+00
2.632475033423327204e+01 -3.639848151885203720e+00
2.634546646580381690e+01 -3.073185952604552185e+00
2.632349301728942947e+01 -2.553401732546511482e+00
2.634059665578652698e+01 -2.026428017970708595e+00
2.635712089947938352e+01 -1.503587801934539669e+00
2.634439277058561402e+01 -9.527980963188227292e-01
2.632156031251502526e+01 -4.236004149949827990e-01
2.632339092447065099e+01 9.355174397083487747e-02
2.629598930724537098e+01 6.263214700695876047e-01
2.629871768889570660e+01 1.137736239133232630e+00
2.631217918573092618e+01 1.687109078771602100e+00
2.630018706307982512e+01 2.206737154229443831e+00
2.627888643589922424e+01 2.715720608609608178e+00
2.627385081414166024e+01 3.242748150639666704e+00
2.627538813442518517e+01 3.788912319092638370e+00
2.688273695809310482e+01 -4.138267351705678720e+00
2.689045489406377243e+01 -3.611514688968517461e+00
2.689667661708309510e+01 -3.088185770354956006e+00
2.688312360253549826e+01 -2.558812464123555230e+00
2.688623432287860027e+01 -2.016279157622328455e+00
2.688342801929988468e+01 -1.511856673697302256e+00
2.687580620440047596e+01 -9.740193615186427678e-01
2.688720869011988412e+01 -4.184961797090878122e-01
2.685609379415218001e+01 8.566884652231010477e-02
2.686382887265676800e+01 6.080878119647294966e-01
2.686552560568445358e+01 1.139719819365335951e+00
2.684394762870915940e+01 1.679327404043856831e+00
2.682436772922758905e+01 2.218735836811028150e+00
2.683596841086843199e+01 2.742748139190020140e+00
2.684268108034504507e+01 3.230578735620280639e+00
2.682573599537225562e+01 3.787845282670151192e+00
2.741733810552329942e+01 -4.143684338342362494e+00
2.742867347215143070e+01 -3.620607922203053164e+00
2.743090987925216950e+01 -3.084887946834871997e+00
2.742025093562401850e+01 -2.545430840213352752e+00
2.743454750377780016e+01 -2.005277143746589275e+00
2.741887288664441513e+01 -1.501488338921113552e+00
2.740890638065449991e+01 -9.643311955910007782e-01
2.741388291716327075e+01 -4.243710933846713829e-01
2.739603522493532495e+01 9.933880704052810984e-02
2.739348236219858990e+01 6.331313314394435565e-01
2.741520012186614252e+01 1.175853054883269522e+00
2.740045297547950298e+01 1.670645648942315376e+00
2.739359597991460049e+01 2.210864850019095940e+00
2.738279115523157969e+01 2.708292068119678930e+00
2.736053959982407946e+01 3.243750593160825701e+00
2.736667393905018741e+01 3.807864480664296281e+00
2.796186462050603438e+01 -4.121537142792776720e+00
2.794697730392169888e+01 -3.619738236501913065e+00
2.793704962399793601e+01 -3.096250317185562650e+00
2.796413265353066890e+01 -2.552224858608791891e+00
2.794573036994513160e+01 -2.016733171827695514e+00
2.797619089808635806e+01 -1.495070994701908518e+00
2.795308767157241903e+01 -9.657551848546397366e-01
2.794401420710623540e+01 -4.384150027021611606e-01
2.794568627344432343e+01 8.990276345142689252e-02
2.794005910527506131e+01 6.254742827743946521e-01
2.794424149683689507e+01 1.166226967526355907e+00
2.791948203499692482e+01 1.681881035970224758e+00
2.790938731800893180e+01 2.220646335501083257e+00
2.791851819469558649e+01 2.743051284848469606e+00
2.791041337984535886e+01 3.267480489173070879e+00
2.789874998249102589e+01 3.791641815555117034e+00
2.849811480207039693e+01 -4.127921161045664533e+00
2.852165658107559665e+01 -3.624679825252156817e+00
2.851237119754549099e+01 -3.071006492288155698e+00
2.849811919437199492e+01 -2.540415133900665978e+00
2.849024658604540150e+01 -2.021375511623340060e+00
2.850256685312034222e+01 -1.476627918330464695e+00
2.848670457252327992e+01 -9.572470510444865965e-01
2.847569318546580774e+01 -4.384671223829030851e-01
2.847686366802496138e+01 9.856931104697608248e-02
2.848101877055927389e+01 6.514019892935003497e-01
2.847918183078936494e+01 1.163822472759814985e+00
2.846721835965971792e+01 1.668460821149476914e+00
2.845653890197050373e+01 2.199483205872738267e+00
2.847416237097245784e+01 2.733037732259031571e+00
2.847012745916078558e+01 3.272517052965660866e+00
2.845240425252738703e+01 3.819465144902739695e+00
