1.100332764986139367e+01 -4.230267449027422799e+00
1.100481692362147612e+01 -3.700469690659280886e+00
1.099624771021838754e+01 -2.637026165734472016e+00
1.100042851743021544e+01 -2.098388862853980186e+00
1.100239050165770394e+01 -1.561635052074553442e+00
1.099959242180406704e+01 -1.030349819726978922e+00
1.100052766690344441e+01 -4.990038725881085213e-01
1.099316829136643747e+01 5.784802070395045348e-01
1.099446776684774107e+01 1.107959671940026425e+00
1.099752441080948984e+01 1.638446849587282372e+00
1.099694814541383536e+01 2.173045125941186484e+00
1.099522298323196523e+01 2.708362059101006025e+00
1.099397157169373074e+01 3.243877702479267100e+00
1.099974169908436039e+01 3.778316164102033525e+00
1.153949155310983699e+01 -4.235149323536949950e+00
1.153712041682359413e+01 -3.703735547070181156e+00
1.153607281984480437e+01 -3.167671924129539462e+00
1.153700361984995126e+01 -2.098369672613472403e+00
1.153368541783430246e+01 -1.564204118736121529e+00
1.153352918491880885e+01 -1.031929571011524160e+00
1.153131594091003720e+01 -4.973532510067961709e-01
1.152963476567452972e+01 3.674705029368752207e-02
1.152975636066365439e+01 5.728268674522034587e-01
1.152810922897517543e+01 1.643511912514455275e+00
1.152798178614323277e+01 2.177687484987330890e+00
1.153514966991032509e+01 2.709103237991854485e+00
1.153008817598981040e+01 3.247641864588683092e+00
1.152557808733308065e+01 3.779584074565704555e+00
1.207027889353102168e+01 -4.234215580263166245e+00
1.207383372137774913e+01 -3.703538318438154064e+00
1.207020619621643576e+01 -3.160971702296217600e+00
1.206718913192010234e+01 -2.632314062511717623e+00
1.207127054556939072e+01 -2.099290669981712654e+00
1.207135732108029202e+01 -1.563537341746609854e+00
1.207072653152694741e+01 -1.033759324272331526e+00
1.207025178677756116e+01 -4.946339499495451264e-01
1.206338329411891763e+01 3.829095768121959509e-02
1.206512216514790481e+01 5.739060762018510786e-01
1.206701673387724227e+01 1.108075851530536227e+00
1.206659178091671336e+01 1.642913739069683743e+00
1.206578197005734054e+01 2.177039311173860625e+00
1.206248663490717732e+01 2.708595302094138901e+00
1.206522241059039402e+01 3.247354585615504163e+00
1.206618761125215755e+01 3.784002729225548478e+00
1.260451233704764462e+01 -4.233238205163907253e+00
1.260935988760065030e+01 -3.698038551895859172e+00
1.260552214570070362e+01 -3.166689337867463649e+00
1.260772777130804556e+01 -2.631439696605074374e+00
1.260663254171013392e+01 -2.096996825195070357e+00
1.260334921879859849e+01 -1.564604585975231998e+00
1.260847542470212090e+01 -4.939173042376410194e-01
1.260221129595903022e+01 3.668305936672311418e-02
1.260823340201573473e+01 5.721982076711888965e-01
1.260712691282490283e+01 1.101566362311992009e+00
1.260302693747104641e+01 1.644472362312335179e+00
1.260205607692500251e+01 2.175152379479051490e+00
1.260153867196580890e+01 2.710363121017085319e+00
1.260198535489643135e+01 3.246219953839851513e+00
1.260455424870257701e+01 3.779592468471243194e+00
1.314659018456675099e+01 -4.236559385775972686e+00
1.314003115262783083e+01 -3.700039471919492229e+00
1.313897997652665950e+01 -3.164850981038039635e+00
1.314491866658834596e+01 -2.630450385156315463e+00
1.314598710837728746e+01 -2.098422724001608231e+00
1.314263688415325504e+01 -1.565818893063980255e+00
1.314306224775059562e+01 -1.027464470542540198e+00
1.314385445762539106e+01 -4.992261323492570568e-01
1.314276511351765819e+01 4.055644447976547440e-02
1.314285891662319372e+01 5.724167711947814041e-01
1.313797104710707231e+01 1.105780662381970814e+00
1.313385243021957294e+01 1.639119137859140096e+00
1.313633556954025750e+01 2.177975737485340346e+00
1.313852514070575239e+01 2.713028160275673173e+00
1.313879944599047533e+01 3.247108285154858720e+00
1.314266238382595375e+01 3.772206777317819615e+00
1.367668689495373613e+01 -4.236545297890470962e+00
1.367521214920386896e+01 -3.699125517225244408e+00
1.368190451362192661e+01 -3.165485653686047840e+00
1.368132338761650857e+01 -2.631452105686015841e+00
1.367774676482866525e+01 -2.098617574767803973e+00
1.367957342118519293e+01 -1.567696019337521562e+00
1.367691306138310736e+01 -1.029807904644709282e+00
1.367895335299532178e+01 -4.967776186427634855e-01
1.367066627784052457e+01 4.191802022806001560e-02
1.367626318542174246e+01 5.777804845727061434e-01
1.367742899551180713e+01 1.106850082376304556e+00
1.367366854025956613e+01 1.630967471050006168e+00
1.367482864557433686e+01 2.174710009268903121e+00
1.367789905659398286e+01 2.721247196915882682e+00
1.367626754547068302e+01 3.244253305598679304e+00
1.367525221310251027e+01 3.780846471256740671e+00
1.421599588493764443e+01 -4.233745549719017731e+00
1.421566945563426643e+01 -3.699991128713069344e+00
1.421845888709818695e+01 -3.167060850719447984e+00
1.421463002842784107e+01 -2.631439050807223623e+00
1.421667622505771433e+01 -2.097186825841674818e+00
1.421513947069443873e+01 -1.560072938109644980e+00
1.421592441720716948e+01 -1.024955544018684606e+00
1.421629921680262854e+01 -4.925927043352800183e-01
1.421376483949762104e+01 3.754171263884842347e-02
1.421299640568036082e+01 5.758630294097777380e-01
1.420971374341933924e+01 1.105614823381049661e+00
1.421202255026171812e+01 1.640755542973245440e+00
1.421173722746281953e+01 2.175282440605315060e+00
1.421093431687491560e+01 3.248456551320838770e+00
1.421119420390584409e+01 3.781155740087239536e+00
1.475450775904030820e+01 -4.234513759294120661e+00
1.475513810894207012e+01 -3.699908777481013544e+00
1.475266421894610147e+01 -3.169542290300482179e+00
1.474919303985677033e+01 -2.630938786000719176e+00
1.474729442342158237e+01 -2.098631400338796027e+00
1.475048929656335517e+01 -1.559914096824641661e+00
1.475211555515609874e+01 -1.025393430674547801e+00
1.474985506915456668e+01 -4.923435252832497611e-01
1.474248403219529635e+01 3.795562576262767607e-02
1.474589963169407625e+01 5.731251984095706575e-01
1.474932888758769067e+01 1.111517505826409291e+00
1.474588587591024336e+01 1.644841350380197298e+00
1.474192754549501672e+01 2.175700600402450391e+00
1.474723487771120389e+01 2.716411758648114017e+00
1.474510446797528118e+01 3.246220285749267020e+00
1.474626766562853675e+01 3.784032483037304218e+00
1.529201616754223636e+01 -4.236196568300632848e+00
1.528879421397609306e+01 -3.699370810847767643e+00
1.528575041833859416e+01 -3.169099309611409510e+00
1.528568323018013331e+01 -2.631734338491185099e+00
1.528626680169103480e+01 -2.089950133972013901e+00
1.528457121983296929e+01 -1.563426469888021586e+00
1.528761226650927441e+01 -1.028429490719162231e+00
1.528454699598476196e+01 -4.908536676291319623e-01
1.528455077968913045e+01 4.251869359043425334e-02
1.528598539119996147e+01 5.731289505276109253e-01
1.528204928463505752e+01 1.108530043185432135e+00
1.527782081060968977e+01 1.641223330250173973e+00
1.527756027087703217e+01 2.182856021817364933e+00
1.527946485873799176e+01 2.710671666425167103e+00
1.528131950075405854e+01 3.782181666493670491e+00
1.582776742291413186e+01 -4.237825205911956772e+00
1.582179982368804971e+01 -3.704243756910740260e+00
1.582189370241330550e+01 -3.170859205734911868e+00
1.582251618657555170e+01 -2.629127151967370679e+00
1.582059840089907965e+01 -2.097286676644600334e+00
1.581984696670866697e+01 -1.566042905982687472e+00
1.582177883088528247e+01 -1.026455837698133422e+00
1.582031556170964492e+01 -4.866012032759137185e-01
1.581832085057394721e+01 4.148508922072124960e-02
1.581962672356359789e+01 5.762860595492185212e-01
1.581900305673951479e+01 1.110312759145624995e+00
1.582226955113589639e+01 1.639757715473354693e+00
1.581987038543424973e+01 2.177733396025885781e+00
1.581334435787316295e+01 2.709951204238659983e+00
1.581197067652955468e+01 3.246837920932737376e+00
1.582039838932311682e+01 3.778793417439722191e+00
1.636506043671625932e+01 -4.235123548878560129e+00
1.635796327306409381e+01 -3.701244045779469971e+00
1.635887965802315946e+01 -3.165307829724623545e+00
1.636039038363374587e+01 -2.631445954768626194e+00
1.636027494171347740e+01 -2.096476781366334308e+00
1.635707702313945333e+01 -1.563128970638871351e+00
1.635509622117345074e+01 -1.029811186927069855e+00
1.635478956856751509e+01 -4.964427148186487671e-01
1.635139382919096818e+01 4.496667411861210439e-02
1.635098963678078476e+01 5.755219829114821550e-01
1.634923977624559654e+01 1.110481233141744184e+00
1.635712441870182587e+01 1.642419587044685159e+00
1.635580274148005131e+01 2.172496606935677477e+00
1.635587331613878348e+01 2.710097429578826933e+00
1.635315550183902644e+01 3.245367828509508001e+00
1.635671324127828896e+01 3.781323868106326813e+00
1.689701361891950171e+01 -4.236043062809038418e+00
1.689504469929523367e+01 -3.697747221453079547e+00
1.689561320968938318e+01 -3.163136373300519111e+00
1.689247739670394921e+01 -2.635104005391312398e+00
1.688955821930609602e+01 -2.095755189408485819e+00
1.689198202273952276e+01 -1.562606594708071839e+00
1.689278790191601942e+01 -1.027890934184728877e+00
1.689082853499817460e+01 -4.931457666720184818e-01
1.688712962076530033e+01 4.409477359848423816e-02
1.688859109650172030e+01 5.762239314644936883e-01
1.688567340368175351e+01 1.109322647067884304e+00
1.689254665617730566e+01 1.641841452148444347e+00
1.688505759219209423e+01 2.176469648744589591e+00
1.688490284115724549e+01 2.713873994661796019e+00
1.688771367948080382e+01 3.247058569904343273e+00
1.688870280946962410e+01 3.784867504312497744e+00
1.743047611436442423e+01 -4.233088761222157714e+00
1.742897551416323765e+01 -3.699738923147297243e+00
1.742984165903441962e+01 -3.165560359348869923e+00
1.742124432928367028e+01 -2.631295887740403572e+00
1.743399486345089144e+01 -2.095776634635370783e+00
1.742557725982948469e+01 -1.564951419159136492e+00
1.742725721226402413e+01 -1.027140235462521645e+00
1.742832142404435558e+01 -4.932230346295760626e-01
1.742603866255740996e+01 4.321879773774739419e-02
1.742129738651713922e+01 5.712615648330618967e-01
1.742292790438331451e+01 1.112091246216600382e+00
1.742562231176145104e+01 1.644185947736605868e+00
1.742417665008400007e+01 2.178976904398158609e+00
1.742030388809111940e+01 2.716164464597678574e+00
1.742114762136244721e+01 3.246970321854110608e+00
1.742341216819365002e+01 3.779700200586749048e+00
1.796766370502373178e+01 -4.233810099800606963e+00
1.796486288222026317e+01 -3.701555253292692527e+00
1.796637913654279473e+01 -3.161926805426771736e+00
1.796597485862745813e+01 -2.632110023811897292e+00
1.796271097500093461e+01 -2.097494075393377955e+00
1.795758136719172882e+01 -1.561427354604614237e+00
1.796208302737435147e+01 -1.028569169713417608e+00
1.796190757030925411e+01 -4.931123279454894259e-01
1.796074113930983174e+01 4.191139289721235173e-02
1.796232447477256144e+01 5.749117437732103042e-01
1.795778185164175511e+01 1.111124403842197239e+00
1.795787201922115628e+01 1.641130991744869760e+00
1.795832294903467385e+01 2.178182963759901725e+00
1.795701947589522973e+01 2.712114990897951827e+00
1.795960576008086207e+01 3.250013731931282734e+00
1.795755459623964967e+01 3.783672567017685395e+00
1.850278352685812067e+01 -4.232988585783511226e+00
1.850042928556721122e+01 -3.702160515590268375e+00
1.850187573264328478e+01 -3.165177838794352994e+00
1.850151277660841487e+01 -2.629171186781867675e+00
1.850143406762081355e+01 -2.099250866773363811e+00
1.850032333351346381e+01 -1.556479152652698872e+00
1.849681845023648208e+01 -1.025327184548526560e+00
1.849360096578818613e+01 -4.937455891459627821e-01
1.849500672522009381e+01 4.381581007642765258e-02
1.849472656843010299e+01 5.736648144955474038e-01
1.849594034913443963e+01 1.111099044182680018e+00
1.849438521928239965e+01 1.645684476833174870e+00
1.849505369330560356e+01 2.176572910772939906e+00
1.849580078359952395e+01 2.711643425113585693e+00
1.849097221225136778e+01 3.249703857886476754e+00
1.849450410793549437e+01 3.780000308079593196e+00
1.903748047295745138e+01 -4.230726347796824882e+00
1.903267191558395055e+01 -3.702311789425738908e+00
1.903720912144807897e+01 -3.164743359658350741e+00
1.903411317113916823e+01 -2.633223584311380705e+00
1.903536322843304163e+01 -2.095792427685374548e+00
1.903485026605260089e+01 -1.561369738172516008e+00
1.903264139055896109e+01 -1.026969630348308016e+00
1.903608055676027178e+01 -4.945090975613410933e-01
1.902937900298832474e+01 4.421622229620680855e-02
1.902470713877060504e+01 5.782142307563269412e-01
1.902560809811890152e+01 1.108696479138476576e+00
1.903121378070098402e+01 1.644120150130717661e+00
1.903138998339880672e+01 2.180813213045780685e+00
1.903278613758653748e+01 2.708082274291637503e+00
1.903386286799801397e+01 3.233599172044826275e+00
1.903022905060725023e+01 3.778608903424764520e+00
1.957204792057575204e+01 -4.240945647990503886e+00
1.957038023510039793e+01 -3.698489073609055211e+00
1.957264980168902468e+01 -3.167512854246341547e+00
1.956731953934869139e+01 -2.634014731991772607e+00
1.956789224220781875e+01 -2.099708779589221308e+00
1.956832030560640234e+01 -1.562197527772831052e+00
1.956956655316828275e+01 -1.027283727135895219e+00
1.956862505575409017e+01 -4.908665990834890636e-01
1.956775744282058582e+01 3.820120403499416284e-02
1.956946538650681333e+01 5.759502429886360630e-01
1.956464858489812286e+01 1.113037929070920029e+00
1.956473358924185746e+01 1.643768665116208894e+00
1.956475533165420444e+01 2.179444960816866228e+00
1.956794878010090244e+01 2.712696016336554550e+00
1.956706779047527789e+01 3.253468491502740534e+00
1.956396766919050023e+01 3.778309440337274339e+00
2.010192647644795017e+01 -4.234755114104672202e+00
2.010687034654622352e+01 -3.702614164928325735e+00
2.010702220525334027e+01 -3.169576028013075586e+00
2.010814226802535032e+01 -2.633639418123927101e+00
2.010234833358501660e+01 -2.097294221176852602e+00
2.010585388280352603e+01 -1.562342038083933460e+00
2.010358609498884519e+01 -1.031458577078403493e+00
2.010145614889637145e+01 -4.917035527784712201e-01
2.010400524072044703e+01 4.221537290015575650e-02
2.010180541695894618e+01 5.760589130271789315e-01
2.010058377899236248e+01 1.107836132672982643e+00
2.010454983929625428e+01 1.630966513943771901e+00
2.010201922469039459e+01 2.181726700893467097e+00
2.010051186815880797e+01 2.710826847567023634e+00
2.010113806912562495e+01 3.250538111888133130e+00
2.009903386329754937e+01 3.775923165572532270e+00
2.064370658363660027e+01 -4.234908790272211121e+00
2.064352191758491273e+01 -3.702937881338726811e+00
2.064057508982495648e+01 -3.169287871467862061e+00
2.063945420727251445e+01 -2.634140484341216393e+00
2.063984748653540890e+01 -2.093572645061609450e+00
2.064061161209225759e+01 -1.559008265371570445e+00
2.064041343693266839e+01 -1.026972605170740849e+00
2.064024580639404860e+01 -4.895324090201924605e-01
2.063891519120210205e+01 4.456168768010826398e-02
2.063516561474982325e+01 5.744593610839139330e-01
2.063579247783500392e+01 1.108470634706907987e+00
2.063882107374521979e+01 1.642139109501354000e+00
2.063950946873033132e+01 2.179238860747830131e+00
2.063535969477696597e+01 2.713611708799678723e+00
2.063584512386730552e+01 3.249899006208369912e+00
2.063824374287368357e+01 3.782024034565104387e+00
2.117922287546261373e+01 -4.235517656175273871e+00
2.117548539063060531e+01 -3.701887627148011006e+00
2.117701092317204825e+01 -3.167078200609099170e+00
2.117822434793311004e+01 -2.629687970390271801e+00
2.117250667773097206e+01 -2.097598689763589874e+00
2.117560590546413124e+01 -1.570390189849408813e+00
2.117567743560786653e+01 -1.026047068355655512e+00
2.117169158959396924e+01 -4.958284936761572226e-01
2.117601415558892342e+01 4.258229314872252758e-02
2.116891769133170698e+01 5.786177007674808692e-01
2.117470722462763888e+01 1.117589872606021828e+00
2.117480071514484763e+01 1.644799170668306942e+00
2.117416351244186501e+01 2.179283135390086557e+00
2.117439314060789002e+01 2.715673467220373283e+00
2.117213349931400757e+01 3.249412946498434707e+00
2.117273994783963786e+01 3.782731381901292878e+00
2.171408391457540432e+01 -4.236457047256703135e+00
2.171297356518874722e+01 -3.704355834166131345e+00
2.171263240522056748e+01 -3.165686018838410831e+00
2.170971821253465350e+01 -2.621196932199634233e+00
2.170605457041644115e+01 -2.097167872893159313e+00
2.171415471349413906e+01 -1.561458826365633712e+00
2.170987271267746621e+01 -1.031816781436070585e+00
2.170731685078742856e+01 -4.945461241802000529e-01
2.170933882545067206e+01 4.327705581029306359e-02
2.170667903885811967e+01 5.762771622975222385e-01
2.170882842623410625e+01 1.112163018565301087e+00
2.170830282373768938e+01 1.646030638796929679e+00
2.170920289830340977e+01 2.182852605508138311e+00
2.170800697956804726e+01 2.714655905975945416e+00
2.170876736241090299e+01 3.247984161853253227e+00
2.170719677442828299e+01 3.784184302709469705e+00
2.225258183451833816e+01 -4.234955072881890104e+00
2.224984424169660002e+01 -3.702438917724233391e+00
2.224948806130941392e+01 -3.167628641065265427e+00
2.224477102388794947e+01 -2.631288980332072924e+00
2.224552143826647921e+01 -2.096621074086986170e+00
2.224543422739166232e+01 -1.562740302174617568e+00
2.224612636337040072e+01 -1.024246194473846572e+00
2.224406257960252020e+01 -4.924383898680666505e-01
2.224860055584906604e+01 4.425595384034153312e-02
2.224576573295198045e+01 5.746144036487272899e-01
2.224203487231798704e+01 1.109175022591600168e+00
2.223934583043678259e+01 1.645720953667030528e+00
2.224613478314297765e+01 2.186734233145706696e+00
2.224796852064847741e+01 2.714748801256977373e+00
2.224428324148647818e+01 3.247577291938902988e+00
2.224142821481150634e+01 3.780519231787604184e+00
2.278580381471643790e+01 -4.236987804040127870e+00
2.278082354864366010e+01 -3.700396093898914884e+00
2.278290743296749099e+01 -3.163365145367132314e+00
2.278149227955738354e+01 -2.630471611758721906e+00
2.278302569187500382e+01 -2.095564680393881218e+00
2.278236339745482297e+01 -1.561740335394912194e+00
2.278420345629464805e+01 -1.027475397292850090e+00
2.278223799820047901e+01 -4.916888821837943624e-01
2.278092161864282161e+01 4.352274376983444881e-02
2.278227399499793648e+01 5.725392277452883150e-01
2.278353238981256368e+01 1.111608568297238975e+00
2.277757139315419010e+01 1.647715649233997937e+00
2.277941889733489944e+01 2.185297769512438038e+00
2.278424128014815864e+01 2.719784427045425446e+00
2.277548715154370029e+01 3.246496609403571654e+00
2.277561037319091497e+01 3.781376498182272172e+00
2.331802239657980635e+01 -4.237425262404096671e+00
2.332057369126737711e+01 -3.702844531240110371e+00
2.331624759230915345e+01 -3.168462089696975070e+00
2.331699297257717518e+01 -2.631676555366659898e+00
2.332207179617223147e+01 -2.100601830928720659e+00
2.331782174122445639e+01 -1.561809558776126039e+00
2.331633322055178326e+01 -1.028165637724910653e+00
2.331985991432072325e+01 -4.976504088552111682e-01
2.331831095288469413e+01 4.519189054049377319e-02
2.331368853062958379e+01 5.749478170015116518e-01
2.331259202240975981e+01 1.109211240529731413e+00
2.331328367017175651e+01 1.648403689374564607e+00
2.331554171508401652e+01 2.183761481110011005e+00
2.331351221913282501e+01 2.719078577400299679e+00
2.331494499230025497e+01 3.244773306877636543e+00
2.331563247641827985e+01 3.779783268263201990e+00
2.385408587308828032e+01 -4.237349352643461131e+00
2.385259495645461669e+01 -3.704299558986939189e+00
2.385567565102818577e+01 -3.166136274249893745e+00
2.385754698441612476e+01 -2.631166161958308436e+00
2.385560065755120007e+01 -2.097181277127770471e+00
2.385123984276932418e+01 -1.558159743353446203e+00
2.385589655995375580e+01 -1.023234603121654374e+00
2.385213264190350202e+01 -4.933157050590679660e-01
2.385069940553439238e+01 3.781816327515130638e-02
2.385323956255149369e+01 5.739220233589108489e-01
2.384685762285221244e+01 1.107012117279591479e+00
2.384824019356229030e+01 1.652687302505984945e+00
2.384786288414115063e+01 2.181073842434006593e+00
2.384782150357708730e+01 2.713813991515650059e+00
2.384832873574953993e+01 3.249097194833343138e+00
2.384663835482278671e+01 3.782342871299572806e+00
2.438676596572614130e+01 -4.238706014813409695e+00
2.439235751110295780e+01 -3.697489126674389226e+00
2.439063561791903112e+01 -3.168678056748516880e+00
2.438794925211706754e+01 -2.631916643283744861e+00
2.438663434374289096e+01 -2.093933731143525989e+00
2.438440460217441341e+01 -1.561694627889700371e+00
2.438706291867841003e+01 -1.027340520520539258e+00
2.438665535331813317e+01 -4.942040955624378284e-01
2.438792181867743381e+01 4.152623721757819908e-02
2.438603053697308098e+01 5.761788493437620673e-01
2.438673154701675116e+01 1.108330734676837181e+00
2.438544620638481319e+01 1.646552170741752974e+00
2.438320278125526386e+01 2.178635834376120073e+00
2.438837991251780579e+01 2.707814063289681883e+00
2.438445009864445012e+01 3.245208820121856519e+00
2.438403281163174086e+01 3.782838294640328058e+00
2.492690336730415623e+01 -4.238927828112867502e+00
2.492492001426853676e+01 -3.700311385512918605e+00
2.492434506679522599e+01 -3.164064551529474301e+00
2.492308458914347824e+01 -2.633211941328944761e+00
2.492302294372582594e+01 -2.094934664222929399e+00
2.492281134558830757e+01 -1.561994807822923548e+00
2.492261061811237255e+01 -1.027625977428787252e+00
2.491824464336807665e+01 -4.944660600945169904e-01
2.491806538701473528e+01 4.254614767030773237e-02
2.492030648730285236e+01 5.772410803839598259e-01
2.491884057435520816e+01 1.106756819603930353e+00
2.491837994281984692e+01 1.643560792743656407e+00
2.492906023110639069e+01 2.178873099228262333e+00
2.492274210754801800e+01 2.713602726915365082e+00
2.491965287283014874e+01 3.251211924366234740e+00
2.491610793437041593e+01 3.780216136599868548e+00
2.545745814975632726e+01 -4.235378561094350403e+00
2.545826058526351687e+01 -3.698752618579009166e+00
2.545724003685211301e+01 -3.165329654714641450e+00
2.545599428240219453e+01 -2.637823909327575933e+00
2.545999645467630756e+01 -2.094346748557370574e+00
2.545536911929455925e+01 -1.561790267171247137e+00
2.545726678046961666e+01 -1.029404974510434556e+00
2.545820854481276285e+01 -4.913556621518644363e-01
2.545683700086537016e+01 4.038682444727825782e-02
2.545625340497496580e+01 5.770305213102844277e-01
2.545898048878725461e+01 1.110389232135659654e+00
2.545495707354179160e+01 1.645250611853331435e+00
2.545584583808705759e+01 2.180776027442504983e+00
2.546016699099209291e+01 2.711762229723031936e+00
2.545297098552711645e+01 3.247602218573952371e+00
2.545320682432691939e+01 3.782521753360558847e+00
2.599639067241164270e+01 -4.236537321776577159e+00
2.599284417602711983e+01 -3.701993754428480443e+00
2.599314282098325180e+01 -3.166805080038590958e+00
2.599457972815439177e+01 -2.632975600389247717e+00
2.599158942874510103e+01 -2.095575036907952438e+00
2.599025708272053237e+01 -1.565331346882931740e+00
2.598952893900423788e+01 -1.027743808879009180e+00
2.599274454789143363e+01 -4.929451146156935692e-01
2.599214222071336877e+01 4.173017313036098130e-02
2.599099028722292815e+01 5.739164905573161946e-01
2.599200179197083571e+01 1.109514058608670695e+00
2.599103871172345492e+01 1.646373947963631679e+00
2.599300184337969455e+01 2.181651311422974970e+00
2.599160151541759944e+01 2.712826856032016565e+00
2.599347524492702632e+01 3.249418490732427500e+00
2.599545697930464172e+01 3.781770505779125102e+00
2.653298548969939219e+01 -4.234835231005030565e+00
2.652718367824679291e+01 -3.709116297563753051e+00
2.652758191859042114e+01 -3.163077308143046551e+00
2.652940308165017314e+01 -2.635057148795812765e+00
2.652865465349614027e+01 -2.098537470663409010e+00
2.653424588282474872e+01 -1.565855242151442894e+00
2.653309088871439769e+01 -1.026922555309784713e+00
2.652409050843839111e+01 -4.905510697294239719e-01
2.652753273427116909e+01 4.103342036459523001e-02
2.652425025739135833e+01 5.764669757490210600e-01
2.652471951614253243e+01 1.107164743966208675e+00
2.652925733022061650e+01 1.646737228369275385e+00
2.652586224603930276e+01 2.182966082126167606e+00
2.652316724775437251e+01 2.711106350684524102e+00
2.652180367252329063e+01 3.248069968364429627e+00
2.652373559031838823e+01 3.785408068700387929e+00
2.706556580723350436e+01 -4.234864018486435455e+00
2.706717933041894497e+01 -3.700956506570870275e+00
2.706700319338347782e+01 -3.168821702949797370e+00
2.706505429719739197e+01 -2.634745785826414277e+00
2.706515063905948892e+01 -2.092343608868876714e+00
2.706429993315044413e+01 -1.565225548588344395e+00
2.706290271607132780e+01 -1.030968043418837965e+00
2.707030194713158266e+01 -4.904181688635205205e-01
2.706206646628367452e+01 3.829247532496893314e-02
2.706333960474118783e+01 5.699351306935405148e-01
2.706418996928307052e+01 1.106649541717899865e+00
2.706046005313866232e+01 1.645873145348694777e+00
2.705861724884677955e+01 2.183023344231976637e+00
2.706232378127791804e+01 2.717710652744379729e+00
2.706290156021605497e+01 3.247611941683185677e+00
2.706031225271640039e+01 3.782912445096972220e+00
2.759742358890358105e+01 -4.238115358358774287e+00
2.759911925647768527e+01 -3.703220860355648014e+00
2.759976337519090350e+01 -3.169446204696924951e+00
2.759876716948809161e+01 -2.631926549721917752e+00
2.760232577136159904e+01 -2.093532067708519406e+00
2.759978109167343518e+01 -1.564935678818404341e+00
2.759887249604208392e+01 -1.026489705981081357e+00
2.759957668568180367e+01 -4.907038663289995384e-01
2.759712640173079023e+01 4.168408485250196804e-02
2.759748274703749615e+01 5.769969828162615499e-01
2.760128059527545474e+01 1.114302921098591526e+00
2.759880720833585599e+01 1.643665706259071158e+00
2.759623307864404751e+01 2.181357009205964204e+00
2.759732438032047952e+01 2.706700283655781192e+00
2.759411317893855653e+01 3.245770042472436501e+00
2.759588728836205718e+01 3.785663438064766240e+00
2.813393472165758169e+01 -4.236188425215068776e+00
2.813237579502882824e+01 -3.705065281064689131e+00
2.813118964690038837e+01 -3.170134791383864226e+00
2.813223132467436471e+01 -2.633351485182121365e+00
2.813160533468639102e+01 -2.096085406721812205e+00
2.813726516792925025e+01 -1.563844881348618543e+00
2.813609086933051628e+01 -1.028164747316420602e+00
2.813151082908965606e+01 -4.931744651982903349e-01
2.813232575781444211e+01 4.107589183813686873e-02
2.813307639849924868e+01 5.765718073495591511e-01
2.813479116167142280e+01 1.113483396668026870e+00
2.813170023687239762e+01 1.644490898668966139e+00
2.812797729263262880e+01 2.181161823204774919e+00
2.813039121712861856e+01 2.715583473949443771e+00
2.813021970234630942e+01 3.249289887002337451e+00
2.812876763863800278e+01 3.786889680349716514e+00
2.866971039234527296e+01 -4.235102307961867041e+00
2.867133864754763550e+01 -3.706307266702134839e+00
2.867337313348091499e+01 -3.167878606069672642e+00
2.866911417470287660e+01 -2.628873536705714997e+00
2.866830004100047802e+01 -2.096676453447564370e+00
2.867072027522608835e+01 -1.559687869598910481e+00
2.866861399480010419e+01 -1.026393074312061060e+00
2.866746954734365005e+01 -4.942066595675207452e-01
2.866890183608453668e+01 4.167404859952128504e-02
2.866837992913600885e+01 5.827277931575132186e-01
2.866892195290376577e+01 1.113630464955029709e+00
2.866875468522765402e+01 1.641301234639819029e+00
2.866612296055522080e+01 2.176796655978296968e+00
2.866909491450504532e+01 2.713540319873839479e+00
2.867075506184601608e+01 3.251921010624919006e+00
2.866935043804362238e+01 3.788781360490641958e+00
