1.029339538052513703e+01 -4.129181999004689629e+00
1.027666188027120953e+01 -3.607748357494575231e+00
1.023376194478773726e+01 -2.610662758589530341e+00
1.023013925032228144e+01 -2.054386765489471856e+00
1.024921641330222499e+01 -1.555639010784268805e+00
1.022593516389991208e+01 -1.035610548582909018e+00
1.020405024520709247e+01 -5.326137236438199807e-01
1.015071343352132871e+01 5.425607566680312743e-01
1.016824200643433329e+01 1.077444263445517691e+00
1.015520434688306040e+01 1.598279883012633462e+00
1.017614847493680230e+01 2.100372957243678229e+00
1.015036899615502364e+01 2.637626821877972816e+00
1.011389470146068703e+01 3.157141098237811860e+00
1.012057806726650711e+01 3.691714262121653434e+00
1.086911183324871644e+01 -4.137431852672239785e+00
1.082451447409217948e+01 -3.658597754683558634e+00
1.082626826212923632e+01 -3.109835072500450437e+00
1.079475876519526523e+01 -2.059629216977473476e+00
1.076678502933206261e+01 -1.539339485272911645e+00
1.075749711943634068e+01 -1.031158207948170258e+00
1.071921070517340979e+01 -5.034581841000829172e-01
1.073158298990557213e+01 9.870725138799940623e-03
1.072410751547317176e+01 5.692754470916305820e-01
1.071400551103270260e+01 1.589514404886411825e+00
1.070937133609808001e+01 2.116739921229303434e+00
1.070260303620198528e+01 2.631761868263531312e+00
1.068036297932900780e+01 3.180419557053490109e+00
1.065732272965693639e+01 3.681621857248796204e+00
1.138181376830544167e+01 -4.131888747489171010e+00
1.140854921379164111e+01 -3.640002340078451581e+00
1.135908505023015636e+01 -3.089510332734242581e+00
1.136488846797123031e+01 -2.578304195441962321e+00
1.133589503219851125e+01 -2.072939303117220078e+00
1.132675432843829810e+01 -1.558645458781381166e+00
1.130524076550101853e+01 -1.022362756994862565e+00
1.131296809653137458e+01 -5.039809460302286936e-01
1.128809402980470011e+01 1.069529769563359878e-02
1.128393431055509666e+01 5.290973642335252691e-01
1.127027718492039554e+01 1.055321339053502783e+00
1.125159441690691509e+01 1.605167711558014076e+00
1.125179749981574417e+01 2.126270314300438002e+00
1.123683486964690559e+01 2.637618887399991507e+00
1.124339326241171833e+01 3.174885205204155625e+00
1.121146136893638712e+01 3.694553756501534281e+00
1.193126689564027387e+01 -4.126724102500894276e+00
1.194660867170819429e+01 -3.615827288594443800e+00
1.191628809157568369e+01 -3.100045210938793261e+00
1.192621169807639703e+01 -2.571490094562683737e+00
1.191092488022747986e+01 -2.051811006558839523e+00
1.188968518889312520e+01 -1.545059413196604226e+00
1.187401948062891677e+01 -4.861838608240631743e-01
1.185501356905842130e+01 3.039039313935631981e-02
1.187345280421797966e+01 5.869378719820552703e-01
1.185814081925781949e+01 1.046133595108830860e+00
1.180780168768783511e+01 1.626637317653468529e+00
1.180234074429997193e+01 2.124021345105344238e+00
1.178542034643306380e+01 2.649284671044789263e+00
1.178761256413131520e+01 3.173089228328773714e+00
1.180012809311257627e+01 3.696302626019942750e+00
1.250838101541071978e+01 -4.141299146683495636e+00
1.250302662026554756e+01 -3.596803371617948386e+00
1.248201462676681928e+01 -3.037882063749702155e+00
1.248341596922332997e+01 -2.572495906113708486e+00
1.245021685406463874e+01 -2.043361659916214990e+00
1.244814309706828226e+01 -1.559650052788647656e+00
1.244016174123819596e+01 -1.006022505693529467e+00
1.240558989633866105e+01 -4.855528050797097706e-01
1.240625204402545023e+01 6.696893622682154046e-02
1.240801367491251028e+01 5.785244685839323608e-01
1.238182793095914747e+01 1.092680997196694648e+00
1.234935320098445644e+01 1.587257134939783043e+00
1.234908167665131629e+01 2.136837204100416443e+00
1.234995575615635133e+01 2.658420557844259235e+00
1.235484619247362303e+01 3.164080852055846549e+00
1.235414019885482872e+01 3.693390066707145536e+00
1.305747661263184511e+01 -4.163518072860155073e+00
1.289810360765929786e+01 -3.734921519681947188e+00
1.306195868969975393e+01 -3.115510520066063549e+00
1.304732593668233775e+01 -2.569579948568087246e+00
1.300374260169839857e+01 -2.051681678353595828e+00
1.300711210035924736e+01 -1.551999227729343289e+00
1.299230611344758302e+01 -1.009085405857103268e+00
1.297951763154571125e+01 -5.053131695454951000e-01
1.293351145478148467e+01 4.932577414161087859e-02
1.296267690220163615e+01 5.872434513197823946e-01
1.297141635318390485e+01 1.097837170255715478e+00
1.291746000921796877e+01 1.556653910366563309e+00
1.289045373979564246e+01 2.128966364832951541e+00
1.292106083051119114e+01 2.685289413858860996e+00
1.293371000188967201e+01 3.177815556577446188e+00
1.293100815239548496e+01 3.722163619167176307e+00
1.364524327836308970e+01 -4.150037441846455621e+00
1.361541493848853790e+01 -3.636720600803196035e+00
1.361927236735431279e+01 -3.097506384441286897e+00
1.359513461757923025e+01 -2.573062512511008038e+00
1.358941327784735975e+01 -2.044639312823573363e+00
1.356044895290946783e+01 -1.510197341951947436e+00
1.356129883718179130e+01 -9.840848597313147650e-01
1.356958996682248753e+01 -4.523697924929557246e-01
1.353492676688559015e+01 4.828094238574465180e-02
1.352695985409868840e+01 5.788378097384345722e-01
1.349653436382723370e+01 1.075135584458529081e+00
1.352378071471511944e+01 1.604073598676276191e+00
1.347329337561539475e+01 2.110691569273576818e+00
1.348782157193111786e+01 3.200129640428279743e+00
1.348035975097334571e+01 3.731411506222418240e+00
1.422856611740092703e+01 -4.130516387403533329e+00
1.419824628580668602e+01 -3.604374542572386986e+00
1.417331435836236508e+01 -3.101289520924042975e+00
1.412793007279079305e+01 -2.575972468035509166e+00
1.412992429178694920e+01 -2.051121253745922246e+00
1.413898037268986840e+01 -1.491411680671291151e+00
1.411893968284281087e+01 -9.760432685707307598e-01
1.409395671991122967e+01 -4.525259113837059033e-01
1.406719844970298539e+01 4.969928269290591061e-02
1.406975656038603262e+01 5.652939883176308911e-01
1.406504207333549061e+01 1.090468494625909557e+00
1.402244257325871857e+01 1.591173671757797337e+00
1.402134956980464509e+01 2.121436836476323862e+00
1.407270201573120616e+01 2.673191288767075235e+00
1.400596926198190673e+01 3.190877770244618716e+00
1.406287681844080595e+01 3.747624158811863282e+00
1.480415991529608633e+01 -4.141979459609160585e+00
1.474514069556866147e+01 -3.614709502408286923e+00
1.476799421316009031e+01 -3.107345859647915987e+00
1.470827571037455428e+01 -2.567698958568708889e+00
1.468453022439377165e+01 -2.011363691524387320e+00
1.468054918101870499e+01 -1.507959322709606198e+00
1.466367309574766509e+01 -1.000336258889294783e+00
1.464141931302270194e+01 -4.454952666565148434e-01
1.463454636931742670e+01 5.063611419553382120e-02
1.461319245133707057e+01 5.604010704414790212e-01
1.460773544758982112e+01 1.085192434745376744e+00
1.459819726279089380e+01 1.618522132349106357e+00
1.458937824404383576e+01 2.167952679239611768e+00
1.458841119081208504e+01 2.657677592152790425e+00
1.454858474264048596e+01 3.716986025349790168e+00
1.535094780747551013e+01 -4.154353532387471404e+00
1.530775463248856028e+01 -3.637055426207039588e+00
1.528145044083451509e+01 -3.112233912696254379e+00
1.526670432272065625e+01 -2.560102708341442934e+00
1.524482152600653606e+01 -2.047039779151234029e+00
1.524009966486183387e+01 -1.536542119495390324e+00
1.524633614666976911e+01 -9.787200202070884814e-01
1.518391190949229852e+01 -4.475461310058257425e-01
1.517037378451819407e+01 5.132613856475387593e-02
1.519529251663586678e+01 5.806648973941470615e-01
1.517601188272137946e+01 1.097483279526620947e+00
1.518125468701751046e+01 1.607554553325716284e+00
1.516337589103398997e+01 2.147859438971593704e+00
1.512240737452840733e+01 2.660482837407482037e+00
1.508030607912466081e+01 3.202861453741491005e+00
1.515324966140990171e+01 3.719691943940997447e+00
1.588967043657723011e+01 -4.148873785955739635e+00
1.585027068769223746e+01 -3.601179094709465289e+00
1.582114182871535135e+01 -3.080131354358830009e+00
1.583422612571257559e+01 -2.553637609273096132e+00
1.581743743055490370e+01 -2.017922852068927853e+00
1.578917620941689393e+01 -1.512532650646683408e+00
1.575808249372194680e+01 -9.851767719892983166e-01
1.575403739934808556e+01 -4.703615744344595839e-01
1.573919372778022918e+01 5.319886345822055773e-02
1.572360222192137869e+01 5.901185837204039331e-01
1.570448886944996758e+01 1.117333464953158995e+00
1.575105745741468866e+01 1.648378462871448846e+00
1.574054235780563360e+01 2.131282774728290974e+00
1.568309048110026183e+01 2.669752085716535106e+00
1.566918750413215378e+01 3.198608820836227551e+00
1.567961609293939418e+01 3.763224193864118661e+00
1.641217933001437146e+01 -4.109953398200056895e+00
1.639138289445719465e+01 -3.581225017806200839e+00
1.638060857617051980e+01 -3.058265001320497944e+00
1.636743992252435476e+01 -2.553961335475992911e+00
1.634709531689027529e+01 -2.024055157861393894e+00
1.634172447869530131e+01 -1.517393972297373494e+00
1.631122396466123448e+01 -9.665664051060396389e-01
1.630919936881023702e+01 -4.441076986628011980e-01
1.627931659916787765e+01 7.639649751252619581e-02
1.627681007151281989e+01 5.951143382351062883e-01
1.625921113771190818e+01 1.102780180745725147e+00
1.628512546004630934e+01 1.653757064881677508e+00
1.623765910793013134e+01 2.146138457045658754e+00
1.623079825210173155e+01 2.697163563909406037e+00
1.621103470323275531e+01 3.218988418443938571e+00
1.624513121670306504e+01 3.736502438589596409e+00
1.695833349588561845e+01 -4.101350012115490884e+00
1.693399632898376694e+01 -3.585406943782681211e+00
1.692243618805245120e+01 -3.052127241989982309e+00
1.691197143787722723e+01 -2.530220516863764146e+00
1.691795991006071276e+01 -2.016026416747436656e+00
1.687148230776949021e+01 -1.516730242187477984e+00
1.687644339213905553e+01 -9.713387645427324912e-01
1.688335696243806794e+01 -4.539646497962053218e-01
1.685137399367036082e+01 7.696930701097670635e-02
1.681450859376311513e+01 5.731649198126866906e-01
1.681496873031765915e+01 1.121548777551616638e+00
1.682755687009949952e+01 1.637983653439405884e+00
1.680448799146637739e+01 2.167507052153940350e+00
1.678295779268572829e+01 2.710611393895547394e+00
1.678930827444146345e+01 3.216030931035959384e+00
1.678509182854785919e+01 3.745727447682529743e+00
1.752629470434335701e+01 -4.104058198930127688e+00
1.749881041520611191e+01 -3.579350023797097435e+00
1.748663796672226312e+01 -3.042234847828309441e+00
1.747631862294824856e+01 -2.559801058092059378e+00
1.744864389078477984e+01 -2.036342071366920692e+00
1.740436457672344872e+01 -1.496892779725403244e+00
1.741257018552784785e+01 -9.741911718938212061e-01
1.741272103194747345e+01 -4.455271515489904743e-01
1.739222751465684880e+01 8.100535289992194521e-02
1.739511336051563717e+01 5.958365254418183099e-01
1.737345078089175487e+01 1.135635576083913634e+00
1.734888866831789755e+01 1.618552037892815321e+00
1.735213069788335005e+01 2.172429952060905833e+00
1.734460937901655342e+01 2.695365166701730431e+00
1.734480183545657539e+01 3.234049973017320667e+00
1.733590631214648781e+01 3.764626599749387736e+00
1.805693551584748491e+01 -4.089542739087786316e+00
1.803379604113817436e+01 -3.582262390654353368e+00
1.804381648822738882e+01 -3.059246679257487500e+00
1.802677268930957055e+01 -2.523971573427939319e+00
1.799254220160215212e+01 -2.036559692990024928e+00
1.799140602302167835e+01 -1.466407895248927673e+00
1.796787657497985435e+01 -9.635428848118650080e-01
1.792698978239653229e+01 -4.462674055973963050e-01
1.792547859972849977e+01 8.512162885916296773e-02
1.792983494840714798e+01 5.934255037203151062e-01
1.792328447347122378e+01 1.134024033941038567e+00
1.789475282387322608e+01 1.644028463900305326e+00
1.788870964079929138e+01 2.161160538360949346e+00
1.789176081113726369e+01 2.700258102761271317e+00
1.786747079149348849e+01 3.227553042653312332e+00
1.789720650443481986e+01 3.729690533020328047e+00
1.858729711994137546e+01 -4.103630232937062416e+00
1.858387920065677434e+01 -3.596725307149220896e+00
1.858308387273655171e+01 -3.051684316177201595e+00
1.856236909535826740e+01 -2.556093418340264378e+00
1.855230317335114520e+01 -2.027818183322899870e+00
1.854848770281430248e+01 -1.491488038281346462e+00
1.852011216690931761e+01 -9.736783677361664502e-01
1.851764828619772629e+01 -4.504030158546044049e-01
1.848007098416184490e+01 7.876980919721887631e-02
1.846346647231761651e+01 6.139129792605366731e-01
1.845919376178420634e+01 1.131709156401154104e+00
1.845698021449611659e+01 1.651902927711194735e+00
1.844988395476456944e+01 2.184785322254175099e+00
1.844308166649259917e+01 2.668335613054633626e+00
1.847273308176749396e+01 3.121736951840205165e+00
1.844559276167537831e+01 3.719718189276481013e+00
1.917073852073527718e+01 -4.105424220253894418e+00
1.914172274176750577e+01 -3.594534053565357823e+00
1.913689023787623356e+01 -3.071231988906660604e+00
1.909882029884635912e+01 -2.554808114519577344e+00
1.908120897402955407e+01 -2.034904986279194361e+00
1.908273592990466128e+01 -1.495045204916838344e+00
1.908642755090000165e+01 -9.734978198364778734e-01
1.906512491256341235e+01 -4.419894859678876742e-01
1.904543717766443933e+01 6.129358917461047440e-02
1.904649935137164718e+01 6.049396735137975156e-01
1.902336491504470928e+01 1.120968038837919067e+00
1.900166921814312815e+01 1.656282598206082923e+00
1.898662837800921466e+01 2.179422962311569734e+00
1.902427702347916494e+01 2.702051553649216231e+00
1.900741759654939500e+01 3.232133475410307710e+00
1.899202244193613609e+01 3.729999869578648486e+00
1.967151250796586126e+01 -4.121447904217061975e+00
1.969910964792261510e+01 -3.603842971976344955e+00
1.968916428933893670e+01 -3.081811122033919048e+00
1.968871889602814562e+01 -2.555751468504947610e+00
1.963632482575042459e+01 -2.041936250962514521e+00
1.963864667117505292e+01 -1.487676835955308974e+00
1.962843577611306145e+01 -9.706000817097866218e-01
1.959680339342056143e+01 -4.457068148411629238e-01
1.959769217752440440e+01 8.248676204361871100e-02
1.959112331656261574e+01 6.045584186194794540e-01
1.958247750329676506e+01 1.116069064088836882e+00
1.956292896300386985e+01 1.631846201771814719e+00
1.956486960887996673e+01 2.190614077899017076e+00
1.953916027854147686e+01 2.681638615191690889e+00
1.954051443141737465e+01 3.233078335358371191e+00
1.952758868551087801e+01 3.710554489696122005e+00
2.025080135223889499e+01 -4.123552789862113599e+00
2.023772106430267570e+01 -3.598619727330614637e+00
2.022003966891734450e+01 -3.078630586795153334e+00
2.020567772489279434e+01 -2.557157902316497200e+00
2.019500160854689597e+01 -1.999509642819745636e+00
2.018605612565981033e+01 -1.481902963671515749e+00
2.017789077017948784e+01 -9.645832074187836724e-01
2.016999873881737670e+01 -4.350804360856592723e-01
2.016514306060529549e+01 9.661863862212882736e-02
2.014304713450615480e+01 6.092791110277211430e-01
2.012583696561906521e+01 1.124973977789998969e+00
2.012566631770591741e+01 1.645626808323637391e+00
2.012624426429053415e+01 2.175229782627617681e+00
2.009725078381238816e+01 2.693539500062126280e+00
2.010498562859306659e+01 3.244934139108252680e+00
2.010232937587216284e+01 3.750152707290201448e+00
2.081073345388355023e+01 -4.125010372353983712e+00
2.076454721549907134e+01 -3.593066719539089959e+00
2.077267625823494512e+01 -3.059655011412884207e+00
2.078327649386595510e+01 -2.537039513221643006e+00
2.073557974297442286e+01 -2.039748048415159332e+00
2.071009283517344812e+01 -1.521024879443235278e+00
2.072077626547758200e+01 -9.688440718652664430e-01
2.069967143448459979e+01 -4.438629775798368371e-01
2.071065697285475693e+01 9.470240820888164990e-02
2.067205457311705175e+01 6.237544734677591407e-01
2.069997110153313002e+01 1.160839810320435816e+00
2.068764161205751151e+01 1.653850638558964192e+00
2.068105433073832700e+01 2.183259062650861893e+00
2.067103754700899998e+01 2.714084768237444933e+00
2.065683987116781850e+01 3.235903646824681346e+00
2.064613072856612774e+01 3.765728906376821783e+00
2.135437113729762615e+01 -4.124394910152210159e+00
2.131443056806913461e+01 -3.590407195910332305e+00
2.132244795982605723e+01 -3.067375636268932837e+00
2.130543248468237039e+01 -2.526000944204088938e+00
2.127147627814226638e+01 -2.026439760268161194e+00
2.128887137220806380e+01 -1.497792918080079971e+00
2.125487982096994699e+01 -9.857900254907789872e-01
2.124658733975527269e+01 -4.546482204825430529e-01
2.124536603924804012e+01 8.762060582392194874e-02
2.123678050446825694e+01 6.036417797067841207e-01
2.124283716256928045e+01 1.133755536479164050e+00
2.122201458124968809e+01 1.653970827972159441e+00
2.122327747089902061e+01 2.186284717558127255e+00
2.121717124826238177e+01 2.735485259883191134e+00
2.120504590051177729e+01 3.230540838916095225e+00
2.119435807813096773e+01 3.765626768152444015e+00
2.190932878125227035e+01 -4.120006396549412031e+00
2.188455887926100019e+01 -3.589649660527266306e+00
2.187112027362936573e+01 -3.068191218051676827e+00
2.183970103463347812e+01 -2.534344820917421970e+00
2.182767317709003407e+01 -2.016341769660996874e+00
2.183448843094938496e+01 -1.489781676996393855e+00
2.183078788404147730e+01 -9.627344320904676067e-01
2.180761720209441279e+01 -4.425609275538242571e-01
2.180777595345832509e+01 8.293287631365942048e-02
2.178086449605771691e+01 5.940635144310455473e-01
2.176708427867096418e+01 1.132219105780443158e+00
2.176260617197505098e+01 1.665308839253647477e+00
2.177872558925441382e+01 2.230971585479142760e+00
2.177575944771326988e+01 2.683186583112188828e+00
2.176081193128498370e+01 3.215859898580387011e+00
2.173605402291251210e+01 3.754948114789733893e+00
2.244764314973487274e+01 -4.125655390755063934e+00
2.240704212679662533e+01 -3.584765933296690577e+00
2.240746827875874203e+01 -3.049282542385393313e+00
2.239903801746969947e+01 -2.536249944653544475e+00
2.237704720608141429e+01 -2.021357286253763874e+00
2.236917343474546982e+01 -1.494333415576019064e+00
2.238420650171136117e+01 -9.621217947610603005e-01
2.234369393718441898e+01 -4.344210058152526699e-01
2.234308484592754240e+01 9.204846557476997759e-02
2.233598377465142448e+01 5.983534510794434880e-01
2.233881819268680147e+01 1.140309849593830194e+00
2.231440075394777978e+01 1.674546805330582089e+00
2.232805424699342467e+01 2.228980543959810490e+00
2.231846349470851010e+01 2.701581993713293883e+00
2.229655881708167442e+01 3.221758757803357298e+00
2.228550716468550519e+01 3.758227262438182947e+00
2.297103925981591743e+01 -4.123844113125068489e+00
2.298429151687593475e+01 -3.602788757350488424e+00
2.293175110119678806e+01 -3.077987192864961585e+00
2.294804093743270101e+01 -2.544432818276629149e+00
2.294868431099576611e+01 -2.009482423635219561e+00
2.292374610263750867e+01 -1.501170303663510452e+00
2.291219550191404153e+01 -9.691210056470005441e-01
2.292428585793845031e+01 -4.505717742588473129e-01
2.289529922769002468e+01 1.008128011805169422e-01
2.287156295651275428e+01 6.061784530627498668e-01
2.286201018196448587e+01 1.136381141735299138e+00
2.286677405344588010e+01 1.667309053068379399e+00
2.288105015761899352e+01 2.216990442972601727e+00
2.285673744495753112e+01 2.734350294637319934e+00
2.286051269375273165e+01 3.233783316709182287e+00
2.285003046836003904e+01 3.753051754468014423e+00
2.353159266316839648e+01 -4.123652691895181022e+00
2.351605456955164897e+01 -3.591144602735075964e+00
2.348143462271022486e+01 -3.050810089373031886e+00
2.350687103490972163e+01 -2.533179666663937013e+00
2.348540177508790094e+01 -2.013941296417264937e+00
2.345218969808753684e+01 -1.469932537754694124e+00
2.344567325346258713e+01 -9.418926576857842292e-01
2.344905559372269011e+01 -4.235014528263008060e-01
2.343018835544908995e+01 8.019593930481860866e-02
2.342849376856869270e+01 6.095934325358243200e-01
2.340416501768956437e+01 1.134605277712388727e+00
2.340540477325060209e+01 1.698349443558399230e+00
2.338746960383112139e+01 2.208018763210727542e+00
2.338792355708980608e+01 2.725780866606896780e+00
2.339147858758712317e+01 3.258663457464269442e+00
2.337812030389113716e+01 3.753425612095718122e+00
2.404371994034755744e+01 -4.143660847665607605e+00
2.406026151117692535e+01 -3.573718079731893482e+00
2.404518874658304384e+01 -3.068521087066544695e+00
2.402643371342251299e+01 -2.510853886462147244e+00
2.400818700141795858e+01 -2.005464570277887049e+00
2.400444901259946562e+01 -1.478680468112173685e+00
2.398290591012017359e+01 -9.566675469601086945e-01
2.398265327505863809e+01 -4.319384274466955276e-01
2.395617313415660732e+01 9.297745112303346104e-02
2.396075604008770910e+01 6.113696757576754237e-01
2.396352739239223695e+01 1.131588727375302028e+00
2.395616385915777613e+01 1.679642665020256942e+00
2.393435185720603897e+01 2.220876651899477139e+00
2.397025151925245723e+01 2.697442492409095394e+00
2.393253732553481683e+01 3.243989533928694158e+00
2.394164028375197262e+01 3.765101605349425284e+00
2.460837361198296236e+01 -4.116220567276940301e+00
2.459715543660606585e+01 -3.571763345624081154e+00
2.458404399757833403e+01 -3.072849903243843883e+00
2.456303477225181098e+01 -2.536211269181919192e+00
2.455186501103217012e+01 -1.993523920743516697e+00
2.454980596635058987e+01 -1.479675199550406717e+00
2.453587183858469700e+01 -9.598948899566899229e-01
2.449448931769052251e+01 -4.253762793217958915e-01
2.449968439122988428e+01 1.156141840288462674e-01
2.450587996506853017e+01 6.268786227860587701e-01
2.449988357179768173e+01 1.120308140640794647e+00
2.450349452325847466e+01 1.668815100729709400e+00
2.456734413673560624e+01 2.197664229509989298e+00
2.451258709736547559e+01 2.730753210245140394e+00
2.449048410569704970e+01 3.260728701344504543e+00
2.447180578934037243e+01 3.763959263601662997e+00
2.512581867844715333e+01 -4.125413964970967129e+00
2.513233646362800755e+01 -3.579626572539270413e+00
2.512899694986916899e+01 -3.061194869979251720e+00
2.511030393108140402e+01 -2.534368693255249383e+00
2.510227064427204624e+01 -1.999004018332112054e+00
2.508393592956272045e+01 -1.472811897348179855e+00
2.508483870441477848e+01 -9.493556057110055235e-01
2.507110878455652170e+01 -4.121016104697119431e-01
2.507224636513515037e+01 9.884021614037408199e-02
2.506743197861798933e+01 6.179028161498045790e-01
2.506799336918524546e+01 1.146913084030682484e+00
2.505147551049624610e+01 1.675287247894232223e+00
2.504202348021316027e+01 2.210032071846686819e+00
2.508140448033864800e+01 2.727295701898555080e+00
2.503636891599096259e+01 3.234226754178504137e+00
2.502552055243634044e+01 3.766669544778654455e+00
2.570946910627800719e+01 -4.120198509061651748e+00
2.566651211190649917e+01 -3.578105712939549932e+00
2.568404002448363599e+01 -3.054183086971278271e+00
2.565399245089691505e+01 -2.540344219721564656e+00
2.564968695203084081e+01 -2.009205873947191634e+00
2.561903102184171388e+01 -1.480914214480996804e+00
2.561230063021429260e+01 -9.538719347721631436e-01
2.562870737388363551e+01 -4.281108171103937821e-01
2.562556091359542876e+01 1.020925103681236124e-01
2.560878797302749632e+01 6.212208710681395019e-01
2.559325492701039906e+01 1.148712341509909862e+00
2.560478441455030207e+01 1.675536297208026326e+00
2.560692688486439295e+01 2.218360281388591204e+00
2.559600430833408069e+01 2.725194178631472397e+00
2.559280655180578634e+01 3.238762181728198186e+00
2.559121618792764252e+01 3.774495666674503980e+00
2.623787268482720947e+01 -4.097152974091624600e+00
2.613920016995716367e+01 -3.608349445334097183e+00
2.621109836422486694e+01 -3.052785083216967621e+00
2.618295468459353259e+01 -2.535922548088866080e+00
2.620276483048721161e+01 -2.015256644553346632e+00
2.621976433450775090e+01 -1.488796711358396863e+00
2.620000819759624022e+01 -9.387065177382005743e-01
2.617756736518060734e+01 -4.060973033568764379e-01
2.617518644131526884e+01 1.031030628202422861e-01
2.614753777479720753e+01 6.278237705187592610e-01
2.614010838439360640e+01 1.143558107036515281e+00
2.613326171845898216e+01 1.688849094948452034e+00
2.613324716731442265e+01 2.212808826449961686e+00
2.612266775128257734e+01 2.719047290581503518e+00
2.611974837158910390e+01 3.228270331465640908e+00
2.610795319882073784e+01 3.778777590807020914e+00
2.675761809387064005e+01 -4.120520469444382883e+00
2.676899693146829406e+01 -3.593443217482340302e+00
2.677980096898244255e+01 -3.064404168439448739e+00
2.673857467063006510e+01 -2.539221887881044637e+00
2.675117357614405478e+01 -2.000416176152850056e+00
2.674458788889862149e+01 -1.489483628703965223e+00
2.673641140987374598e+01 -9.610512389024421509e-01
2.675795237158913409e+01 -4.020914866465723492e-01
2.671436204126082004e+01 9.419619284050639862e-02
2.670968277434116089e+01 6.117869383242613424e-01
2.671563985616972303e+01 1.146323644992495616e+00
2.669344729693791152e+01 1.688584456781669019e+00
2.667467305647934950e+01 2.224243491758045366e+00
2.667796650399208858e+01 2.732670768100398107e+00
2.670649712859268021e+01 3.205127816988596834e+00
2.667526707305862743e+01 3.771436235091673694e+00
2.729116355843004271e+01 -4.114880769614961409e+00
2.730697798063267356e+01 -3.594122807986888546e+00
2.730829563603995780e+01 -3.056238596150516074e+00
2.729496408009106290e+01 -2.522459853499139371e+00
2.731267151637866419e+01 -1.983805622079284348e+00
2.729314523648393020e+01 -1.482191207541216471e+00
2.728191622595828392e+01 -9.514484037104153913e-01
2.728163172022674132e+01 -4.138962633072154063e-01
2.726059000918876762e+01 1.074268957422219728e-01
2.724884606535972864e+01 6.428180756766579407e-01
2.726953896336156902e+01 1.196313487953958088e+00
2.726149313439265143e+01 1.668542414197702328e+00
2.725811155969527277e+01 2.206688720372408596e+00
2.723944525967096553e+01 2.694713026453992910e+00
2.720391262732571391e+01 3.235926751901640586e+00
2.722522503011905570e+01 3.796428679390832173e+00
2.784368680889578229e+01 -4.099740105773484800e+00
2.782378870067686449e+01 -3.598616240465487337e+00
2.780442761029122778e+01 -3.075967369713740851e+00
2.784299818493457934e+01 -2.534776898575017867e+00
2.782477265576043379e+01 -1.983715995076266836e+00
2.784832679326310512e+01 -1.484764181417137507e+00
2.782045164104963675e+01 -9.485335700253116897e-01
2.780928519069629345e+01 -4.166114950072312695e-01
2.781772296288112756e+01 9.869205220477539342e-02
2.781012572931557258e+01 6.269955182288633466e-01
2.780591573253563809e+01 1.178792370611162710e+00
2.777328646854806493e+01 1.680453773555584007e+00
2.777593075239541065e+01 2.216971147056064240e+00
2.778091889397235548e+01 2.733637353328685293e+00
2.776102797788375653e+01 3.255494601945045474e+00
2.774807182312965637e+01 3.782398227129210255e+00
2.838318641597427927e+01 -4.099901691688220495e+00
2.840979203231065497e+01 -3.603705649043376980e+00
2.839611635840154946e+01 -3.063913371279483044e+00
2.837850476151459134e+01 -2.526147659986595073e+00
2.838021764484349063e+01 -2.007889394566760188e+00
2.837904785392061768e+01 -1.453123950190818192e+00
2.836855519008899762e+01 -9.447829002553973510e-01
2.835127748777201617e+01 -4.315607892603097184e-01
2.834720356348132242e+01 1.056744713980783956e-01
2.834802475642015196e+01 6.606030453417233161e-01
2.835431113597451969e+01 1.184383129288953285e+00
2.833807564051093664e+01 1.666563101328208063e+00
2.832765967416025887e+01 2.198589879751381204e+00
2.833642072762707897e+01 2.737059667975618282e+00
2.833349651561189120e+01 3.268034657429048195e+00
2.831229809003274767e+01 3.808976459630780909e+00
