9.624728461237346266e+00 -4.176290803544336683e+00
9.623254108508369598e+00 -3.671845077164475057e+00
9.572533693590166592e+00 -2.649729672514979484e+00
9.570973452826969208e+00 -2.102964103680307062e+00
9.591645813181571611e+00 -1.606397325238702933e+00
9.556638558124014082e+00 -1.076957820130477472e+00
9.537613050622059774e+00 -5.841229594898642574e-01
9.474404767604923450e+00 4.788604907915754438e-01
9.469167563552744582e+00 9.921890144408855861e-01
9.455210969684546995e+00 1.533662130310375460e+00
9.504859239365796242e+00 2.036243996119925015e+00
9.482040642768250649e+00 2.572438427280406614e+00
9.426484633321056350e+00 3.080020162269601514e+00
9.441725634469733563e+00 3.602315773053849313e+00
1.024204758620413358e+01 -4.163871952184427627e+00
1.019081323488430968e+01 -3.684473499317288514e+00
1.019281608067299416e+01 -3.140472098962053593e+00
1.014346318302195371e+01 -2.109465108189102267e+00
1.011177591587230751e+01 -1.576912428482845741e+00
1.010088945533529170e+01 -1.083998420695518661e+00
1.006660205669608743e+01 -5.654537168276974057e-01
1.008230392500292183e+01 -3.701184787591671466e-02
1.007391095385014523e+01 4.994175628870394235e-01
1.005481760107931777e+01 1.516167308225089272e+00
1.005411139606976434e+01 2.037106173565838674e+00
1.005192304816472770e+01 2.553280575565299415e+00
1.001964627206813674e+01 3.098149796882722740e+00
1.000492135998224796e+01 3.604856116607937366e+00
1.076980054392785746e+01 -4.167592757836452222e+00
1.078523701745596242e+01 -3.682503340647052426e+00
1.073313378433752519e+01 -3.112727738727771865e+00
1.073397425445942588e+01 -2.632344260905192357e+00
1.070221083514261551e+01 -2.111133199686580753e+00
1.070162502184401276e+01 -1.604136910137814453e+00
1.065208963235837913e+01 -1.084951557385757326e+00
1.066974672213532571e+01 -5.700122368710580645e-01
1.065642814068224453e+01 -5.307695229346265364e-02
1.063051961781903643e+01 4.695808648919026496e-01
1.062267990084843916e+01 9.962418190615380809e-01
1.060746871268569791e+01 1.529733755007299578e+00
1.061078095877877914e+01 2.058726857722607662e+00
1.058127733669978809e+01 2.564887543575384399e+00
1.059862969396091259e+01 3.100836272525381077e+00
1.056703171452620893e+01 3.619718447414143725e+00
1.133520146556435648e+01 -4.152682249914423807e+00
1.133491053934870152e+01 -3.651479860026233482e+00
1.131318049957819838e+01 -3.144069450460992954e+00
1.130660770647362412e+01 -2.615257566103480258e+00
1.128966268223534186e+01 -2.100294077876476706e+00
1.127625857999868941e+01 -1.591933498856473506e+00
1.125911412451842963e+01 -5.430556635689143263e-01
1.124873995910862590e+01 -4.471979280413762581e-02
1.124640288728543425e+01 4.921989453543531567e-01
1.121621824171489124e+01 9.571801628017482244e-01
1.116258981903593650e+01 1.538885269065715988e+00
1.115897876710653236e+01 2.046416139254766620e+00
1.114921080144005927e+01 2.576302093756030587e+00
1.113993613988360920e+01 3.097430390524014143e+00
1.115972718630229821e+01 3.615542740583496339e+00
1.193033091592883821e+01 -4.175721814033922286e+00
1.193734833742488277e+01 -3.617389420310242798e+00
1.192697792523898315e+01 -3.039888504900206456e+00
1.189089474906293020e+01 -2.598792369880218445e+00
1.183683451005150289e+01 -2.083449024519310910e+00
1.184614511031097450e+01 -1.609747060228137627e+00
1.182448454363475321e+01 -1.071748643538473544e+00
1.179967527425563389e+01 -5.482387286723557906e-01
1.178865650579481539e+01 4.089427195172135043e-03
1.178473172113942979e+01 5.072884665229366874e-01
1.176090238432007951e+01 1.018499714994511862e+00
1.172991562670016208e+01 1.520487716954054491e+00
1.172265564345087441e+01 2.063148473837312480e+00
1.171010874299571114e+01 2.589500841552393240e+00
1.173007151396065595e+01 3.077038295859715333e+00
1.171974063241133734e+01 3.607854113795799122e+00
1.247792928562483183e+01 -4.192075149986765226e+00
1.235665366912563101e+01 -3.901782511190768687e+00
1.248957466714354325e+01 -3.150949107811904071e+00
1.245301830025310252e+01 -2.616919691766423028e+00
1.241417161154317128e+01 -2.096155045581664211e+00
1.240629168080253208e+01 -1.599450569561810198e+00
1.238482046361976074e+01 -1.075193576116287630e+00
1.236968794203976074e+01 -5.582782272951867242e-01
1.231914283678404232e+01 -4.823643338170313655e-03
1.235136501429252576e+01 5.226256307522376687e-01
1.235806291804384216e+01 1.031544801697751979e+00
1.230395473629831571e+01 1.487285178494150983e+00
1.225928341649215980e+01 2.060941090541760445e+00
1.228913019611107060e+01 2.614824060044583121e+00
1.232662797494379348e+01 3.097794094852829971e+00
1.233274158981854995e+01 3.631156670608188364e+00
1.310013096319953974e+01 -4.176534170373745525e+00
1.306169639977625252e+01 -3.661345775610355346e+00
1.305787986685933433e+01 -3.132834849673562516e+00
1.302744222282512965e+01 -2.608644017827970174e+00
1.301371108245078645e+01 -2.080392086385629113e+00
1.297438275558891263e+01 -1.545183079320505470e+00
1.297391019227582021e+01 -1.034042789095607873e+00
1.297852443156342162e+01 -5.170465262618328950e-01
1.293589816987498153e+01 2.636792359425044197e-04
1.294685227662696292e+01 5.181714977180895687e-01
1.288709597110316452e+01 1.006921555881859831e+00
1.291254102446659857e+01 1.546080999930531163e+00
1.288276839896471415e+01 2.036788160268272918e+00
1.289304254333266542e+01 3.107949658193305709e+00
1.287560946460109434e+01 3.624896322824394446e+00
1.371209200982951160e+01 -4.163168458028630781e+00
1.364839819097256779e+01 -3.624951412574944243e+00
1.361950517977459540e+01 -3.149485166833056127e+00
1.357514813982100321e+01 -2.605340242765254999e+00
1.356313523615573047e+01 -2.088443858844396317e+00
1.356964586192446376e+01 -1.523220064262435614e+00
1.353457792095748147e+01 -1.018111286985561748e+00
1.352161011076039543e+01 -5.082672187875587611e-01
1.348939937637624809e+01 -8.714097063759140838e-03
1.348682123250403464e+01 5.062409662297362445e-01
1.349092068899639330e+01 1.014727771765770115e+00
1.345153632791723908e+01 1.520954407855466428e+00
1.344811755458462343e+01 2.064794590359898763e+00
1.347558594063253778e+01 2.598984621827987951e+00
1.344771778560252073e+01 3.112871504166960790e+00
1.343988576542030344e+01 3.658526340678800892e+00
1.430355637497828525e+01 -4.164964536065879130e+00
1.425335161696361652e+01 -3.648876788789344516e+00
1.429224639103706451e+01 -3.153513515856294802e+00
1.417275982331356587e+01 -2.609127064163132559e+00
1.413359691384832928e+01 -2.037603814123876589e+00
1.412573228135181580e+01 -1.543917412776213638e+00
1.409848138316982613e+01 -1.032865276735812188e+00
1.407858893321023075e+01 -4.950490348693534770e-01
1.408667817470938743e+01 -7.717319831787250450e-03
1.404451744249323397e+01 5.063558427062559986e-01
1.403981956185709734e+01 1.021052528269549953e+00
1.402702924542080964e+01 1.532253956627208424e+00
1.403264159008874046e+01 2.107942495093038104e+00
1.399630691123808290e+01 2.584208158582203652e+00
1.396832275171084703e+01 3.636691880974840529e+00
1.485621574462798478e+01 -4.184837763552268441e+00
1.480434405795728736e+01 -3.662151785589021102e+00
1.476919864784479941e+01 -3.152435330455322315e+00
1.474424002004756673e+01 -2.596099837700435842e+00
1.472168196429000275e+01 -2.079447607799068010e+00
1.470529761534051616e+01 -1.569065429195305228e+00
1.472408599404934648e+01 -1.011281852942701676e+00
1.465641428428711990e+01 -4.757554698363293255e-01
1.459886361588327830e+01 2.707155095560409563e-03
1.465022417218551709e+01 5.080282669063578282e-01
1.461065173009510332e+01 1.026423358708186129e+00
1.460983713684170837e+01 1.543386301740888200e+00
1.458126780898601282e+01 2.081928576946822318e+00
1.456355110742311965e+01 2.593491122940950078e+00
1.452535138306357609e+01 3.127700606242942882e+00
1.455882451869346639e+01 3.640962161947424391e+00
1.540300218260762932e+01 -4.161191770123275901e+00
1.534983942986539418e+01 -3.624559503153117035e+00
1.530422084637448066e+01 -3.098761588134610889e+00
1.531196707469585050e+01 -2.574845412840623737e+00
1.530662623144334944e+01 -2.040180113790150074e+00
1.526217571091302005e+01 -1.543979302638653905e+00
1.523196699959645173e+01 -1.028835280358290305e+00
1.522193447850667880e+01 -5.063362713723122965e-01
1.518684558120961370e+01 1.481332503559684710e-02
1.518341694346234050e+01 5.367584165258492135e-01
1.516800907767370887e+01 1.055831587218136747e+00
1.535259078517651687e+01 1.609179642630330420e+00
1.514578653847645384e+01 2.067698414948097252e+00
1.513245350488685759e+01 2.603106672638162422e+00
1.511178094669876870e+01 3.129207258505680045e+00
1.511478125632116942e+01 3.696409343658011437e+00
1.592914471178871949e+01 -4.112807225582955084e+00
1.589765193138526911e+01 -3.596690861059887112e+00
1.588076969981420561e+01 -3.069560039558783870e+00
1.587258939596813434e+01 -2.563364612289653621e+00
1.585825704843099615e+01 -2.040074228061609318e+00
1.583873039474012501e+01 -1.546914292406981417e+00
1.579489052634564672e+01 -1.018300833876963907e+00
1.578066976975653546e+01 -4.877351088738848262e-01
1.574876208590289650e+01 3.097333556113568420e-02
1.574446950514202115e+01 5.407856858197099825e-01
1.572992327328123707e+01 1.054825058572042451e+00
1.577899864123854812e+01 1.587570806285466318e+00
1.570294446761731422e+01 2.082803829824207753e+00
1.569869176233895303e+01 2.623080552508373131e+00
1.566660780112890805e+01 3.154811463814599648e+00
1.571645682733433347e+01 3.663748443041118463e+00
1.648586110578087371e+01 -4.108670736982659832e+00
1.645514023260445668e+01 -3.586677546594907895e+00
1.644169030825875311e+01 -3.064947742953506804e+00
1.642363387368787286e+01 -2.551446200563987077e+00
1.641283015330345307e+01 -2.035123403704545808e+00
1.636957757052221041e+01 -1.558508740176726803e+00
1.636601544762308436e+01 -1.006633662496408732e+00
1.639508856685790406e+01 -4.858654140055271853e-01
1.635045853064828236e+01 3.668947616933593281e-02
1.629500785283426367e+01 5.173448819212183025e-01
1.629836183762266799e+01 1.055994374682445169e+00
1.631633223264289967e+01 1.586296615420895506e+00
1.629135477920699770e+01 2.111837457769535575e+00
1.626459484015705215e+01 2.649775798423629425e+00
1.626835873298096757e+01 3.144964006281576019e+00
1.625346924648066960e+01 3.680357033520056831e+00
1.707792902242158917e+01 -4.105651812328384054e+00
1.703978990219897227e+01 -3.598588352989159134e+00
1.701501454590525952e+01 -3.046280851177970206e+00
1.701505352693609296e+01 -2.584493361789679255e+00
1.698409832434253275e+01 -2.071362216530147293e+00
1.691062990730336324e+01 -1.526250234334618483e+00
1.691976533837807750e+01 -1.009863706718444831e+00
1.691961795364767340e+01 -4.836380114639347028e-01
1.691031844065294010e+01 4.461381509498707487e-02
1.692034226345236192e+01 5.509453441541687368e-01
1.686383738222826167e+01 1.082287408797018458e+00
1.684409378352312814e+01 1.574488253096930634e+00
1.685127361714399541e+01 2.120206305920657286e+00
1.683693036523801823e+01 2.636234065572786278e+00
1.682794856940699901e+01 3.172122776405792877e+00
1.682530658328584749e+01 3.700576190134405863e+00
1.761279132627818456e+01 -4.085604270129294946e+00
1.758366918616827945e+01 -3.590259837085548966e+00
1.758304587428886023e+01 -3.063825361883885989e+00
1.756221512795024253e+01 -2.536589702107093558e+00
1.753025667275478128e+01 -2.055595083470215911e+00
1.751195245762356834e+01 -1.500079109566200941e+00
1.749211386521809430e+01 -9.977173094373945617e-01
1.743981056992051037e+01 -4.899531479887500041e-01
1.744280864887311822e+01 4.157929660533810079e-02
1.744739218336580677e+01 5.487207008711436629e-01
1.743251540298589219e+01 1.083708280514681377e+00
1.739740468378373706e+01 1.577850512907843950e+00
1.738541529614347070e+01 2.104408611342680757e+00
1.739386150549570331e+01 2.649443527603626336e+00
1.736495647700687783e+01 3.160676154561549822e+00
1.745215544702603339e+01 3.624365135718750963e+00
1.814040568157263422e+01 -4.105454620203889959e+00
1.813985375730553784e+01 -3.598841597610917376e+00
1.813928075791422145e+01 -3.056854189811552658e+00
1.811048308346297731e+01 -2.566089978325845067e+00
1.810414348348998459e+01 -2.048551353740144521e+00
1.809477487098733661e+01 -1.513407207935543397e+00
1.805552356952878768e+01 -1.016984003499757705e+00
1.805272676576119295e+01 -4.866129559188223652e-01
1.800624279043958609e+01 3.440366744968770263e-02
1.799344375067941115e+01 5.672903005445277813e-01
1.797966207117404736e+01 1.101029495590363894e+00
1.797416267416224400e+01 1.605323185508439110e+00
1.796059228260678964e+01 2.129875432912299971e+00
1.795430036436859922e+01 2.609322663515253993e+00
1.801669473104868047e+01 3.034902985631308781e+00
1.798581667488645053e+01 3.619297637848610805e+00
1.875459873812003053e+01 -4.113879694082674732e+00
1.870911875511000488e+01 -3.597402731967848766e+00
1.869948740290505640e+01 -3.077918890250289863e+00
1.865886335248301364e+01 -2.576976504470835039e+00
1.862570464818037053e+01 -2.053024222136055954e+00
1.863253402286768079e+01 -1.517602199487395609e+00
1.864315493233160126e+01 -9.985046572583122781e-01
1.860599883332374560e+01 -4.745846921276282160e-01
1.858066745999711955e+01 3.420864273922319398e-02
1.858706395871808326e+01 5.752171107252088689e-01
1.855926306081088484e+01 1.070663322986760591e+00
1.851663902621079671e+01 1.616564633781894855e+00
1.851055061732249385e+01 2.120849994332900224e+00
1.853594819249305203e+01 2.635567906715845510e+00
1.854769436279166683e+01 3.187456663348338992e+00
1.852341807822794451e+01 3.660360539024594573e+00
1.926177709710960073e+01 -4.118616227805487640e+00
1.928794109006903312e+01 -3.610518697231809071e+00
1.927897650337795810e+01 -3.084101309069200880e+00
1.927425410566973341e+01 -2.562291461965337191e+00
1.920299815172088387e+01 -2.062036680870122041e+00
1.920632397663007040e+01 -1.503420676347978713e+00
1.919207663316196033e+01 -9.925097217749794254e-01
1.915988423939138130e+01 -4.755983980855411630e-01
1.915714596703247352e+01 5.318860271835390563e-02
1.914299508671323125e+01 5.690553523250940771e-01
1.913302619935171833e+01 1.077463194394571389e+00
1.911510565449758303e+01 1.568164470417574563e+00
1.910783103824740792e+01 2.125674842127761366e+00
1.907434773159127772e+01 2.619206981647252519e+00
1.908132687935242089e+01 3.175256486047864257e+00
1.906176801716576819e+01 3.647647101540272274e+00
1.985293368853432128e+01 -4.121296059290909142e+00
1.982936830619117785e+01 -3.600100076481460576e+00
1.981357371733077599e+01 -3.082703506673123428e+00
1.978822101397624067e+01 -2.560748207561911016e+00
1.977311981551601860e+01 -2.005832553302759891e+00
1.976797062136012784e+01 -1.500109294461196896e+00
1.975430975672676226e+01 -9.812462536206467689e-01
1.974448938119755326e+01 -4.647553794629928348e-01
1.973260263245990487e+01 6.466921506521572383e-02
1.970111980190355538e+01 5.728836540725730231e-01
1.969015252202490984e+01 1.088094194763698397e+00
1.969541878269930635e+01 1.588914631406119327e+00
1.968580129231483511e+01 2.112323883381947098e+00
1.965128703712694147e+01 2.637108053152516618e+00
1.965600254654824752e+01 3.193077027680349289e+00
1.964972524484162619e+01 3.692148343944804623e+00
2.042221582361344190e+01 -4.119141939766851834e+00
2.036556145932140538e+01 -3.585752872707109518e+00
2.036897962850075317e+01 -3.058994673238142781e+00
2.038306997468744441e+01 -2.542144616056560835e+00
2.031963792572210536e+01 -2.069863660269387395e+00
2.029530833593755546e+01 -1.539899933494577766e+00
2.029979773990321235e+01 -9.838871015916588192e-01
2.026949212049234461e+01 -4.663978325518804979e-01
2.028508090388445595e+01 6.714658584090926752e-02
2.025631422653942337e+01 5.928123668757585563e-01
2.027376997242892998e+01 1.129913995934945348e+00
2.026211813143806495e+01 1.606917583513446601e+00
2.025584161266213101e+01 2.136689982219838413e+00
2.023776354013092771e+01 2.667863360537086947e+00
2.022222409828304279e+01 3.184494537830556027e+00
2.021017045555916525e+01 3.705398587069005600e+00
2.097847174511792190e+01 -4.119418385132227911e+00
2.092925718960783144e+01 -3.579118683415957847e+00
2.094277743026948713e+01 -3.078520330202303867e+00
2.090562792624887578e+01 -2.538981698390383457e+00
2.090686058231516142e+01 -2.028564740777287767e+00
2.088018098866743344e+01 -1.497820006214325872e+00
2.084078589215188515e+01 -1.002332074584980859e+00
2.083106465257384343e+01 -4.787647714634566398e-01
2.083206855116812051e+01 6.206282972244636653e-02
2.082470876407855087e+01 5.745344368482214747e-01
2.083114245826351407e+01 1.097212365318192440e+00
2.080425982767017956e+01 1.610958693197062530e+00
2.080471971562677425e+01 2.146173298458599277e+00
2.079210843269277831e+01 2.681480372306570104e+00
2.078172957463090853e+01 3.179302820016253861e+00
2.077220080831209970e+01 3.708818318285331372e+00
2.154214209721587281e+01 -4.103305311792755816e+00
2.151174326872249054e+01 -3.573517776724438377e+00
2.149422477174423562e+01 -3.063833119741230959e+00
2.145299718437709657e+01 -2.533167114351925875e+00
2.144297742591584921e+01 -2.026739093120678348e+00
2.144418388623010685e+01 -1.500253849219443936e+00
2.144131125748911870e+01 -9.688073404065917771e-01
2.142094844405067988e+01 -4.617344920940027464e-01
2.140822736963890804e+01 5.378378038943054662e-02
2.137312809206732567e+01 5.573856022048246928e-01
2.136766014234446942e+01 1.090182359506975729e+00
2.136328628236146443e+01 1.628462228186428717e+00
2.136828430097805409e+01 2.185842400530042084e+00
2.133993658052392561e+01 2.537034103459934187e+00
2.135105835120146622e+01 3.148229687629186202e+00
2.131810706910943765e+01 3.699807727018335157e+00
2.208946624489326638e+01 -4.113823204930817212e+00
2.205495901493335964e+01 -3.579528079811614916e+00
2.203946230560337227e+01 -3.037241891089063728e+00
2.202998673311174116e+01 -2.538911843612886798e+00
2.199937574296398424e+01 -2.028310803607052293e+00
2.198635724824664806e+01 -1.504605558658802522e+00
2.200755758160043740e+01 -9.770235241219431543e-01
2.196163392929421576e+01 -4.543957124384299107e-01
2.195360315080174018e+01 7.035935757523503753e-02
2.194884288535327244e+01 5.679834241415520069e-01
2.194624929123541079e+01 1.111186837702486940e+00
2.191836917145374031e+01 1.644700501612355481e+00
2.193100019270600143e+01 2.194237467131760155e+00
2.193005673271760259e+01 2.636622647752094650e+00
2.191073441216286710e+01 3.167216797553173535e+00
2.188867594353967405e+01 3.702475014402079267e+00
2.263050316663883876e+01 -4.109161056820914482e+00
2.265098819021588383e+01 -3.590620382996437598e+00
2.257387772969230610e+01 -3.074408233319839923e+00
2.259399712571819663e+01 -2.540564341763580813e+00
2.258315876047831239e+01 -2.022813744745707965e+00
2.255877129021654071e+01 -1.508481960730954086e+00
2.253781425913201275e+01 -9.790259958219884595e-01
2.254333700410266061e+01 -4.592257789448588312e-01
2.251492578013327517e+01 8.109916547904560957e-02
2.249689353515103818e+01 5.819998255528524567e-01
2.248318362259995240e+01 1.106221723376801691e+00
2.248456736613052698e+01 1.632657655219130532e+00
2.250129671649666818e+01 2.179550136468797916e+00
2.247248888179903048e+01 2.708749587911487566e+00
2.247323079178746497e+01 3.195451291462831023e+00
2.246452423588904423e+01 3.714661909852036814e+00
2.319213752281127228e+01 -4.103360290967255963e+00
2.317824916142667036e+01 -3.571495668647310495e+00
2.313409522948173702e+01 -3.034558686410880668e+00
2.316276338356860265e+01 -2.526724319532011265e+00
2.313022873881846664e+01 -2.013873291264978604e+00
2.308554175713251766e+01 -1.475819316091175892e+00
2.307459543379057720e+01 -9.460294859728080041e-01
2.308561732805182487e+01 -4.352533322167317920e-01
2.306698565416454727e+01 6.069595405041994240e-02
2.306300349416362394e+01 5.812047196659904102e-01
2.303176114824977816e+01 1.106356673908990729e+00
2.303405122729380849e+01 1.666839657705761368e+00
2.301000676192762739e+01 2.170183889136794164e+00
2.300904973804861697e+01 2.688760687665112670e+00
2.301881359933136650e+01 3.224024110575616220e+00
2.300130287902773318e+01 3.704418360401533050e+00
2.369675762719548828e+01 -4.131861045362331453e+00
2.372181333838717165e+01 -3.554603926189816576e+00
2.370500692783745933e+01 -3.059650693860648474e+00
2.369205422800651917e+01 -2.500229848152109469e+00
2.366270222066087570e+01 -1.998102261544129732e+00
2.365888678494898301e+01 -1.479173869497966365e+00
2.363667004008967609e+01 -9.603900921845607286e-01
2.362561262700029374e+01 -4.367701161944950172e-01
2.364313461726089116e+01 6.500287890451161843e-02
2.360160465002932284e+01 5.815145707614277626e-01
2.361152746749940690e+01 1.105438643328721326e+00
2.359786748944433299e+01 1.659654934136060689e+00
2.358586943609802233e+01 2.176304976059455498e+00
2.361913457729756516e+01 2.668410455286078786e+00
2.356625668225176895e+01 3.206890408613393362e+00
2.358999738421420744e+01 3.715724754573063393e+00
2.429878918368252982e+01 -4.090984277512774270e+00
2.427245170620482639e+01 -3.536121041674363141e+00
2.425427200383074222e+01 -3.072055392769437177e+00
2.422611427244931548e+01 -2.537931434194149460e+00
2.421383521913383419e+01 -1.988208994846438316e+00
2.420500706460927631e+01 -1.481664046023560388e+00
2.419040885969880605e+01 -9.604992468906594638e-01
2.414779169881528276e+01 -4.264205479782567920e-01
2.415829696757811007e+01 1.082608238745805807e-01
2.416803729252967514e+01 6.046728776302821018e-01
2.415378975979836440e+01 1.092201089426925620e+00
2.415629756488273472e+01 1.642337158940545550e+00
2.419881151657313012e+01 2.170228037038736346e+00
2.416826672910774931e+01 2.702119566591711930e+00
2.414010811946677393e+01 3.229233007561767010e+00
2.412677472111059984e+01 3.726025334959775392e+00
2.481053469400457345e+01 -4.110376408901743162e+00
2.483006346891112059e+01 -3.563968409902344092e+00
2.481797611568367046e+01 -3.040545151926401957e+00
2.478855639019300128e+01 -2.527750206023174684e+00
2.478003389867993178e+01 -1.979904466726512879e+00
2.475729434988235766e+01 -1.467237217995059240e+00
2.476120219318356419e+01 -9.484027544525233111e-01
2.473733277784923956e+01 -4.128407522398305218e-01
2.474519630037755746e+01 8.901987546169110033e-02
2.473374856375559716e+01 6.039290484665649217e-01
2.472987143126068332e+01 1.131726208836774106e+00
2.472003525044722494e+01 1.663506320203936184e+00
2.470762416617381518e+01 2.193354512619759333e+00
2.474395915000316393e+01 2.696718802701347784e+00
2.470270271511024163e+01 3.188997167699401558e+00
2.469266088286635608e+01 3.715923349008900090e+00
2.541380448801418623e+01 -4.091555636335028723e+00
2.536775656589929895e+01 -3.554549928006066395e+00
2.539008391650721563e+01 -3.031035010023634513e+00
2.534356048080386614e+01 -2.520316803256093863e+00
2.535401339763694750e+01 -1.982085947665432002e+00
2.530841427382387110e+01 -1.471579926486285217e+00
2.528602012183016257e+01 -9.455965107072010767e-01
2.531021469690136882e+01 -4.299619659650666392e-01
2.530376358494714850e+01 9.689866991011797381e-02
2.528203846200225513e+01 6.180006164330080765e-01
2.525979770901069799e+01 1.133699720535968680e+00
2.527107630462138133e+01 1.659517895736492221e+00
2.528411767820708889e+01 2.201276414534120818e+00
2.527779300287136977e+01 2.690582196312071517e+00
2.527047212807474352e+01 3.182346509074015728e+00
2.526426628539746844e+01 3.732644063965917525e+00
2.597692261906766475e+01 -4.073562274296673280e+00
2.562952664025397098e+01 -3.582501909578587274e+00
2.592372920590458563e+01 -3.021619892335358770e+00
2.587803880679202706e+01 -2.503519732240032880e+00
2.591462562722825425e+01 -1.997894326283649491e+00
2.592728669713877565e+01 -1.473264981572935284e+00
2.590045815161862208e+01 -9.318618156526632390e-01
2.586791742864819810e+01 -3.794833916346931346e-01
2.585730872951855019e+01 8.321255961842766169e-02
2.583359908451816267e+01 6.177367434157368109e-01
2.582952968819944317e+01 1.129742714472410370e+00
2.581673700742474153e+01 1.671195585822367491e+00
2.581791702380662912e+01 2.192998062468618059e+00
2.581656618327679098e+01 2.689989568118011931e+00
2.581458906532795794e+01 3.177154373751918115e+00
2.579175885966144222e+01 3.738812574226741958e+00
2.648633338888122069e+01 -4.105600611040062020e+00
2.648682229164229085e+01 -3.569209486951587351e+00
2.650863407433225660e+01 -3.040573031740017029e+00
2.644068158998415896e+01 -2.511546028233063055e+00
2.647442514640458455e+01 -1.980155759365580082e+00
2.646160047700512052e+01 -1.474081179866502112e+00
2.644212059234752132e+01 -9.527106648571113112e-01
2.645352497370124212e+01 -3.933412819805575111e-01
2.642859154827253576e+01 9.676010612436769520e-02
2.643790800759192194e+01 6.288421452886652219e-01
2.641550186854619398e+01 1.141774843886054214e+00
2.640059019409006424e+01 1.673009425178740628e+00
2.638742006220660841e+01 2.202690096200722536e+00
2.634693806746437872e+01 2.715848638350522037e+00
2.647332525194462249e+01 3.112383336169841641e+00
2.637944140532975723e+01 3.733381942300393774e+00
2.701882408303617211e+01 -4.088300608437508643e+00
2.703393656940632184e+01 -3.562510445334972076e+00
2.704244727151606043e+01 -3.030788308492580185e+00
2.702508870033737765e+01 -2.496499654338386165e+00
2.704622765181931499e+01 -1.975174656038905852e+00
2.702448518804683175e+01 -1.477219497304457008e+00
2.700885395282561774e+01 -9.486325365897378958e-01
2.701046505232333317e+01 -4.082367964693105478e-01
2.698941002634125397e+01 1.066997058875891469e-01
2.696173317686693593e+01 6.355169662811270825e-01
2.698880478008194217e+01 1.209767780680866878e+00
2.697862483137533474e+01 1.644794975640500923e+00
2.699458702566120394e+01 2.189547138731246179e+00
2.697917119542373143e+01 2.673149307219301107e+00
2.692356112543449598e+01 3.198201490267191360e+00
2.693219890572378716e+01 3.755825160402455509e+00
2.758527077491538648e+01 -4.083898111219745886e+00
2.756275944496783126e+01 -3.575660609050832051e+00
2.754551583742946974e+01 -3.042238672698344359e+00
2.759518264076147176e+01 -2.515307826115005696e+00
2.757242531594919654e+01 -1.961731237192530841e+00
2.759154489264929566e+01 -1.476004171201456217e+00
2.755720286197527003e+01 -9.323324515651734146e-01
2.754176713872334403e+01 -3.988147011278755372e-01
2.755932238721812411e+01 1.048411414298939803e-01
2.754630827527243042e+01 6.300820024115481033e-01
2.754037976178295111e+01 1.159375522369053613e+00
2.748900382754534633e+01 1.661740257700721202e+00
2.750234965129267550e+01 2.194134630376652240e+00
2.750293894573577802e+01 2.705595499367596801e+00
2.748201224263728193e+01 3.224583739028069829e+00
2.747047035540614957e+01 3.755169622608651281e+00
2.812855169246667941e+01 -4.072876189064771779e+00
2.816869591328349287e+01 -3.573716430189273652e+00
2.814848558049852301e+01 -3.040067623870434943e+00
2.812069250220338290e+01 -2.495163500330701112e+00
2.812567440445116773e+01 -1.987794613587894332e+00
2.812537661676590517e+01 -1.441943574591576294e+00
2.811989988192812007e+01 -9.297430336963969921e-01
2.809097645993350056e+01 -4.242568481915967027e-01
2.808383264585732775e+01 1.076905339583476007e-01
2.808949829854910973e+01 6.659051757143998884e-01
2.810164706484793129e+01 1.176387171049523062e+00
2.808330039127873334e+01 1.651454041905196846e+00
2.806761244113729958e+01 2.185200535700460023e+00
2.807274452190683434e+01 2.720442328216872596e+00
2.807473921590370480e+01 3.251847328677364146e+00
2.806019622304199856e+01 3.787323966771769079e+00
