1.021341369559281276e+01 -4.131613549867775959e+00
1.019603438173756516e+01 -3.611846319113597659e+00
1.015309433033330322e+01 -2.616479670163670335e+00
1.014622347958409065e+01 -2.056690195859015802e+00
1.016727788929911114e+01 -1.561148595392062077e+00
1.014120691061490120e+01 -1.039931560059180526e+00
1.012013794913785603e+01 -5.366228538158246408e-01
1.006599800353249208e+01 5.359951211066373844e-01
1.007618254512871658e+01 1.065714003471448734e+00
1.006443803076621535e+01 1.593193987299894587e+00
1.008992415389782593e+01 2.094969452684807720e+00
1.006481102403407135e+01 2.629301939623676532e+00
1.002608020293705238e+01 3.151364360277103316e+00
1.003165572366140879e+01 3.686839090614501657e+00
1.079567454489160028e+01 -4.138054316854180570e+00
1.074690661743763798e+01 -3.657732865218276785e+00
1.074827091892895936e+01 -3.110114874203878443e+00
1.071360899013906121e+01 -2.062902691464913119e+00
1.068530533848528208e+01 -1.541663492817942682e+00
1.067666591871871162e+01 -1.035769225572202856e+00
1.063812830910907081e+01 -5.083241951789823077e-01
1.065006887375137268e+01 5.943289897832215729e-03
1.064085552858237804e+01 5.643274391918851052e-01
1.063076839796816486e+01 1.582527272167357779e+00
1.062942140102490285e+01 2.107222093342400626e+00
1.061801819717440409e+01 2.624616782835897055e+00
1.059538880564378616e+01 3.172936855208341456e+00
1.057544275093560771e+01 3.673338361654948869e+00
1.130653136365584999e+01 -4.132960096595173383e+00
1.133230860659863026e+01 -3.643129408965066318e+00
1.128169832068864054e+01 -3.091518989445688703e+00
1.128688846264316226e+01 -2.580681010555696986e+00
1.125588173359465927e+01 -2.075918530314474708e+00
1.124820646031743010e+01 -1.562132710698396210e+00
1.122419227129055130e+01 -1.027843992556405794e+00
1.123149578938666693e+01 -5.084517054641608524e-01
1.120844902151563716e+01 6.067062908385878472e-03
1.120119587991610643e+01 5.250004482282299989e-01
1.118900273640490894e+01 1.051271714199021545e+00
1.117044303880139466e+01 1.598328850300550386e+00
1.117096548837566061e+01 2.118912881869775333e+00
1.115501857120405305e+01 2.631786828315973992e+00
1.116112794945692954e+01 3.166600103430756263e+00
1.112786243701379618e+01 3.686780869594937116e+00
1.185828366125949174e+01 -4.127040372101525634e+00
1.187249152752031023e+01 -3.616734884918804127e+00
1.184027243092298676e+01 -3.101857018249560838e+00
1.185073585991710132e+01 -2.573813120944393518e+00
1.183429153261499422e+01 -2.055387217472645744e+00
1.181447203937305801e+01 -1.550185617946485905e+00
1.179677577672548949e+01 -4.892209653629109312e-01
1.177979955728208949e+01 2.439842495142841017e-02
1.179568580269381783e+01 5.748232233341887820e-01
1.177920344158681232e+01 1.035733250602525857e+00
1.172352247383685864e+01 1.620366285067198930e+00
1.172073372471958308e+01 2.116505385641264780e+00
1.170474332165720455e+01 2.642887128715123879e+00
1.170489510214615336e+01 3.164811816194180949e+00
1.171930155027756726e+01 3.688344481939132891e+00
1.243845572879559569e+01 -4.141798298289627311e+00
1.243395154434194794e+01 -3.596275052109243475e+00
1.241228437304311427e+01 -3.034941508160143187e+00
1.241063304425564695e+01 -2.572928623668822468e+00
1.237437771409927834e+01 -2.046521064232614151e+00
1.237325015947223505e+01 -1.563875367967312968e+00
1.236379712034409550e+01 -1.012122838381657175e+00
1.232867396649704972e+01 -4.905920807849035725e-01
1.232918940098217675e+01 6.269178913012041221e-02
1.232915607325162455e+01 5.713837960213759004e-01
1.230374570579813565e+01 1.086820921160381204e+00
1.227124591184685798e+01 1.581042990287372163e+00
1.226969261918205945e+01 2.130822288736766268e+00
1.226824801543072851e+01 2.652341726139333389e+00
1.227644650651900804e+01 3.155921803058340913e+00
1.227273139440995564e+01 3.684652216573294226e+00
1.298869533772271367e+01 -4.164512150783703959e+00
1.279811309734842695e+01 -3.768300182121777198e+00
1.299173411830652825e+01 -3.118091449998852127e+00
1.297586204769136486e+01 -2.572353636464104198e+00
1.293296384495205587e+01 -2.053719159638827563e+00
1.293172076144615090e+01 -1.554693658487185104e+00
1.291676473358795363e+01 -1.014889076836137605e+00
1.290221862322896484e+01 -5.053550265905393246e-01
1.285402599944042379e+01 4.440232964257262438e-02
1.288587318364896106e+01 5.820345414865286671e-01
1.289567510304754805e+01 1.093397208441594159e+00
1.283826800873874419e+01 1.549076355625306434e+00
1.281056197513110462e+01 2.123157806558612748e+00
1.284119619142972724e+01 2.678002074343488914e+00
1.285679155160240228e+01 3.170737804418514827e+00
1.285319311538084719e+01 3.716043569987252937e+00
1.357909058601455854e+01 -4.148981370842209415e+00
1.354862865419223894e+01 -3.634430564491891502e+00
1.355090357232277753e+01 -3.098543336037815621e+00
1.352627488088673857e+01 -2.575157494255218893e+00
1.351911694091432636e+01 -2.045449146308392585e+00
1.348759455990920486e+01 -1.510549477312704170e+00
1.348880994454723492e+01 -9.865529534667629719e-01
1.349705901978969536e+01 -4.569418950902388588e-01
1.346210803267436518e+01 4.613957412103175670e-02
1.345455037434866696e+01 5.742184584202938424e-01
1.342045408607671320e+01 1.067389376089415975e+00
1.344870127515718394e+01 1.598272156134012079e+00
1.339797940024832101e+01 2.103479360366520723e+00
1.341151591099031748e+01 3.192106148805276433e+00
1.340461520373422033e+01 3.722039742394713357e+00
1.416751532458902219e+01 -4.129814658008294614e+00
1.413208602238067613e+01 -3.602645845362797417e+00
1.410711152667977331e+01 -3.102683586803513194e+00
1.406137755158315272e+01 -2.577263674156704099e+00
1.406095879688033889e+01 -2.052943324481233844e+00
1.406927146785589855e+01 -1.492142447278382633e+00
1.404773469588444001e+01 -9.781398358949502381e-01
1.402327920170297304e+01 -4.566342673572734157e-01
1.399540429843949951e+01 4.557716462007022074e-02
1.399714424980452065e+01 5.606662416582786079e-01
1.399270881196756022e+01 1.084521978176773871e+00
1.394796959280042259e+01 1.583014357069515654e+00
1.394873445178597393e+01 2.117511921513145268e+00
1.399894617935815333e+01 2.667209768236386225e+00
1.393426329037941258e+01 3.184797084273309764e+00
1.398717034521571279e+01 3.739696552877624924e+00
1.474441706339305824e+01 -4.141688994056590190e+00
1.468451963746450062e+01 -3.614295518534298424e+00
1.471391421495998841e+01 -3.109296928221301215e+00
1.464307727552986904e+01 -2.569141051156073274e+00
1.461719383352471624e+01 -2.011723683425664433e+00
1.461306035126391478e+01 -1.509644019158290718e+00
1.459362485607221060e+01 -1.002565395378123725e+00
1.457007671042555330e+01 -4.477487356546383523e-01
1.456725655362932059e+01 4.610808562196311300e-02
1.454329865816560741e+01 5.560577026814250701e-01
1.453619812876716111e+01 1.080510746585993331e+00
1.452699487093177311e+01 1.612862626745226180e+00
1.451910905873367597e+01 2.164229572456367379e+00
1.451321761562026325e+01 2.652535820085713425e+00
1.447546014337840248e+01 3.709177922802556537e+00
1.529256910607595898e+01 -4.153423267198558477e+00
1.524835500750205242e+01 -3.636414991857700230e+00
1.521909943762127071e+01 -3.113105499416038313e+00
1.520477398538345071e+01 -2.561193432045119067e+00
1.518181059497325691e+01 -2.048376296877584934e+00
1.517577296920635632e+01 -1.538094042940784334e+00
1.518154958283537326e+01 -9.805285468480811062e-01
1.511656057104687889e+01 -4.503805939274876380e-01
1.510019864249255761e+01 4.795808270709400745e-02
1.512708083688422533e+01 5.754257917142275858e-01
1.510628739267140119e+01 1.092480189478418851e+00
1.511102228752052667e+01 1.602196910734271285e+00
1.509007548178023228e+01 2.143658515713084967e+00
1.505233442469752347e+01 2.654995560140871902e+00
1.500914559934173909e+01 3.197072158784223461e+00
1.508166762309642550e+01 3.712482521397046042e+00
1.583325639445044786e+01 -4.146553691471847714e+00
1.579224916715167737e+01 -3.600783654542187406e+00
1.575955495958180919e+01 -3.079142774518027537e+00
1.577211996646665781e+01 -2.554157730499731827e+00
1.575489991323487260e+01 -2.018809914702167418e+00
1.572500644815882609e+01 -1.515143593232242125e+00
1.569348017704933795e+01 -9.880047893597598829e-01
1.568956755215004151e+01 -4.708069990817485007e-01
1.567128301933214374e+01 5.141647168291640924e-02
1.565673467151740894e+01 5.861342448217925494e-01
1.563814557327830812e+01 1.112514679592582212e+00
1.569264464818931870e+01 1.647355461135138199e+00
1.567054621684545168e+01 2.127258755868506768e+00
1.561424212699369463e+01 2.664034450744324545e+00
1.559794799288849276e+01 3.192628187934865025e+00
1.560728787684318419e+01 3.758999223808260126e+00
1.635433508104170031e+01 -4.107925828796123113e+00
1.633235514325298254e+01 -3.580148285140293041e+00
1.631879764784877196e+01 -3.056275790847294616e+00
1.630874926065200015e+01 -2.552788838053082543e+00
1.628770778679967890e+01 -2.022996590955052909e+00
1.628083698172597948e+01 -1.518142599927301717e+00
1.624819507332846413e+01 -9.686431494518963348e-01
1.624475652938102144e+01 -4.459208917252439619e-01
1.621408200091214269e+01 7.379967604336812315e-02
1.621159549585409110e+01 5.916268635203358883e-01
1.619450276540639067e+01 1.099218383808246102e+00
1.622270664738925561e+01 1.649598994582696321e+00
1.617162378135966350e+01 2.141775141898609292e+00
1.616422258739571305e+01 2.690647996390854502e+00
1.614235556681319395e+01 3.214057138081063414e+00
1.617888606828405429e+01 3.730823398065886920e+00
1.690231695296310122e+01 -4.098950262224231977e+00
1.687710996924552376e+01 -3.582667558306642519e+00
1.686502112846146773e+01 -3.049126452514910213e+00
1.685258531343372113e+01 -2.529536949985768501e+00
1.685678752848418682e+01 -2.015602787193078171e+00
1.681053376609019523e+01 -1.517412329725022602e+00
1.681529486250789773e+01 -9.730315034496292981e-01
1.682367338082850594e+01 -4.553851155555470598e-01
1.678691259579018080e+01 7.390765904206375581e-02
1.675008436424528568e+01 5.687728959066689072e-01
1.675089556961822268e+01 1.117533976267559126e+00
1.676309652580889420e+01 1.634659289321188425e+00
1.674035525698099747e+01 2.163638041527580214e+00
1.671777162378962345e+01 2.706149847727729707e+00
1.672424964881431109e+01 3.211024489012601180e+00
1.671801439284071833e+01 3.740787948231616866e+00
1.747232401161101478e+01 -4.100550247185205777e+00
1.744394996696825828e+01 -3.578345394838038374e+00
1.742978461353172648e+01 -3.040247437623360582e+00
1.742078565885401176e+01 -2.558794875129930091e+00
1.739060703840995714e+01 -2.037197684371843565e+00
1.734490575948521496e+01 -1.497414183298076296e+00
1.735247317480273210e+01 -9.755957677387705473e-01
1.735245658224120646e+01 -4.473591995303962676e-01
1.733236383604064557e+01 8.031135089115082337e-02
1.733689727428627947e+01 5.943451173779656926e-01
1.731296513896546685e+01 1.132366362399558568e+00
1.728619233373307296e+01 1.616729552712357076e+00
1.728969459440700973e+01 2.167955965747012215e+00
1.728029127969638878e+01 2.690767981109484452e+00
1.728049200164358012e+01 3.230524905097077237e+00
1.727088373814485323e+01 3.759397795876548543e+00
1.800313706520058687e+01 -4.084962658401629199e+00
1.798014713845216761e+01 -3.578630502232316601e+00
1.798872138982428837e+01 -3.056701250473253140e+00
1.797100792887228593e+01 -2.521491095219396072e+00
1.793593239402564876e+01 -2.036874568280605757e+00
1.793204126535108855e+01 -1.468402138115521893e+00
1.790951864226136792e+01 -9.661099397679002720e-01
1.786552820043155165e+01 -4.476839334109250501e-01
1.786506846750862465e+01 8.334630710657009445e-02
1.787036036888400758e+01 5.914983179483215281e-01
1.786309525768430007e+01 1.131389154857593837e+00
1.783182770904835834e+01 1.639339378315487039e+00
1.782602882368545849e+01 2.157253119079207693e+00
1.783084085316593459e+01 2.696420052206239149e+00
1.780381336747061027e+01 3.223221522834325725e+00
1.783814893794258438e+01 3.723183511039913185e+00
1.853600978114946329e+01 -4.101465540715384606e+00
1.853084971810684678e+01 -3.593994754201354169e+00
1.852957280837567566e+01 -3.048837946070305449e+00
1.850960330984105440e+01 -2.552744583200677653e+00
1.849737486972915690e+01 -2.028181041520458194e+00
1.849284757048520689e+01 -1.491698361734410838e+00
1.846379122259719097e+01 -9.743008561012658220e-01
1.846105028343394494e+01 -4.512393062902191332e-01
1.842145654985415248e+01 7.708680679408530523e-02
1.840508503083932013e+01 6.118421250360306374e-01
1.839976520138440463e+01 1.131260717397971405e+00
1.839625869923611035e+01 1.649147818868840432e+00
1.838856090710536151e+01 2.182283115847965860e+00
1.838285623320258466e+01 2.665173495119621094e+00
1.841428825650690371e+01 3.116367001626073829e+00
1.838639670329447284e+01 3.712952280160877194e+00
1.911743091908298098e+01 -4.102449004724199710e+00
1.909113978136422318e+01 -3.592145821904534131e+00
1.908483181224612579e+01 -3.068543373019316789e+00
1.904515654057716745e+01 -2.554395808168685278e+00
1.902612724022974433e+01 -2.034919998553100129e+00
1.902836495107406733e+01 -1.494584036779674108e+00
1.903199737217011389e+01 -9.737917365987911467e-01
1.900892910010496095e+01 -4.425717449477382104e-01
1.898951401805550177e+01 6.036486530938134365e-02
1.898968629880488024e+01 6.039795691444673764e-01
1.896450619128200543e+01 1.118767841432461552e+00
1.894229725531968356e+01 1.653691842162547943e+00
1.892893399558498757e+01 2.173391350882315720e+00
1.896443694119529866e+01 2.697437077669842864e+00
1.894999437015896859e+01 3.229426937963758348e+00
1.893323950835537062e+01 3.723784713030983795e+00
1.962101037197099629e+01 -4.116856632988906028e+00
1.965018855037808976e+01 -3.601733649914073965e+00
1.964077064957884744e+01 -3.079580667702431995e+00
1.963834242595009982e+01 -2.552780397636148280e+00
1.958439371845078369e+01 -2.042242366134633613e+00
1.958528662656014774e+01 -1.486684008752266806e+00
1.957502605124258821e+01 -9.712109952486152054e-01
1.954313896718002042e+01 -4.468555403417830973e-01
1.954345973418303473e+01 8.149834905888653225e-02
1.953608510724966152e+01 6.023344933029406434e-01
1.952729602573401380e+01 1.116062646346360765e+00
1.950711277868616023e+01 1.625690321825441487e+00
1.950851396425304074e+01 2.187045281884184789e+00
1.948047122789454022e+01 2.677146970683303095e+00
1.948272796347692193e+01 3.228493771546457225e+00
1.946928703209821876e+01 3.705697984602952744e+00
2.020318862590811193e+01 -4.120524722014144103e+00
2.018874118945339546e+01 -3.594744657998488080e+00
2.017048345330879755e+01 -3.075447136719555274e+00
2.015594339050858252e+01 -2.555319519439766651e+00
2.014393373179690627e+01 -1.998130032571264536e+00
2.013455195387563634e+01 -1.481559730917929585e+00
2.012625539413944864e+01 -9.634112447993530282e-01
2.011819239037205875e+01 -4.350153231046149926e-01
2.011256417224876714e+01 9.626547692267806156e-02
2.008959507862357441e+01 6.086687638299856928e-01
2.007298657432952282e+01 1.124438791478841182e+00
2.007295673320060203e+01 1.641738791291210475e+00
2.007248038548531710e+01 2.171150533780981107e+00
2.004146737950907209e+01 2.690245875991625013e+00
2.005005739134210074e+01 3.240833507618919640e+00
2.004442877552815361e+01 3.744442286451878488e+00
2.076573079908791897e+01 -4.122406078470557844e+00
2.071743246327118726e+01 -3.588579919049156075e+00
2.072447072161880754e+01 -3.055323134424455134e+00
2.073768354344629472e+01 -2.535473676781457186e+00
2.068737187684583034e+01 -2.041424075382185066e+00
2.065884734894418528e+01 -1.521696947211886197e+00
2.066902830894052556e+01 -9.679753112935003401e-01
2.064856938347525528e+01 -4.434889485195618875e-01
2.065774654689671763e+01 9.456079730459521215e-02
2.062238879352758403e+01 6.230083795151841741e-01
2.064651535866769194e+01 1.159100971718252993e+00
2.063535730059845008e+01 1.651467671840187279e+00
2.062768633936244811e+01 2.181685007133655319e+00
2.061677222157303646e+01 2.711737904033178381e+00
2.060193188125911234e+01 3.232073556845513451e+00
2.058968953697495152e+01 3.761139837097438487e+00
2.131037727938642945e+01 -4.121672573648126559e+00
2.126894684861569829e+01 -3.586091745366816852e+00
2.127616519645555115e+01 -3.065316588886707549e+00
2.125812067123953142e+01 -2.524202471587020824e+00
2.122602804455873127e+01 -2.021840997235226922e+00
2.123883152580362577e+01 -1.495301278657002797e+00
2.120653295287622342e+01 -9.878068962014232568e-01
2.119483554182839669e+01 -4.558417157342411485e-01
2.119340387962385819e+01 8.720565659502810263e-02
2.118646751575715825e+01 6.032020242242737140e-01
2.119116308208848665e+01 1.132494499111327713e+00
2.116995158380139941e+01 1.651551088060021044e+00
2.117040760939541855e+01 2.184099923237301510e+00
2.116372023551858916e+01 2.730900261322926070e+00
2.115084762860055889e+01 3.223756120238778777e+00
2.114134177901618017e+01 3.761903464815180342e+00
2.186587403272621088e+01 -4.115474364575828048e+00
2.184118209926580079e+01 -3.585451826092850069e+00
2.182630288154996379e+01 -3.065528990806640763e+00
2.179332351885826569e+01 -2.532112736346405768e+00
2.178132668722060572e+01 -2.013768158677898157e+00
2.178714389264061424e+01 -1.486851486387639198e+00
2.178289405079289054e+01 -9.619848571915241564e-01
2.175952263925971408e+01 -4.434714820901248800e-01
2.175833192354073731e+01 8.152759573118473213e-02
2.173087932470850347e+01 5.922358480972107486e-01
2.171824324006265527e+01 1.129973241664533390e+00
2.171332155646594231e+01 1.663566021773174697e+00
2.172657228670021823e+01 2.229778640267401357e+00
2.172321970868637209e+01 2.678300835698141924e+00
2.171041959285457068e+01 3.210347870864904252e+00
2.168345460961092641e+01 3.750197657479354518e+00
2.240546865409604749e+01 -4.121247819087077602e+00
2.236312834878119560e+01 -3.580153497381713734e+00
2.236379605683426774e+01 -3.043071749580670726e+00
2.235669665051337773e+01 -2.535822359520679470e+00
2.233168073935145514e+01 -2.019715104926060434e+00
2.232152525344907446e+01 -1.492983538683755995e+00
2.233737634900362679e+01 -9.616491402509481645e-01
2.229328023681122772e+01 -4.330571877475861697e-01
2.229402888190567467e+01 9.223010586421409585e-02
2.228856711252999645e+01 5.972377054042965483e-01
2.228856535899039670e+01 1.139711191089247677e+00
2.226607781026443433e+01 1.673669280078954102e+00
2.227774552313778145e+01 2.226779365970688929e+00
2.226734926562006223e+01 2.695242390798654242e+00
2.224798664180392649e+01 3.219858909346378084e+00
2.223598455431872623e+01 3.755729385726699121e+00
2.293259457806954771e+01 -4.119459248702716181e+00
2.294778474144144553e+01 -3.599004924312108500e+00
2.288877581202520872e+01 -3.074279262101939025e+00
2.290577961802198104e+01 -2.540711508999493162e+00
2.290638023726000938e+01 -2.004813856309198172e+00
2.287899738624085444e+01 -1.498558485236834770e+00
2.286544324427797648e+01 -9.675048946454900545e-01
2.287534015982428315e+01 -4.465171501751221683e-01
2.284779662437104975e+01 1.009096479356692555e-01
2.282605116198542561e+01 6.052544258805845345e-01
2.281493624320513192e+01 1.135500054642530898e+00
2.282042435809095338e+01 1.665252616875473990e+00
2.283223375131137800e+01 2.216220064891640362e+00
2.280791936907740336e+01 2.734148531102022162e+00
2.281132371426379990e+01 3.231804279688610393e+00
2.280089039857928412e+01 3.750928089010006516e+00
2.349290746372764005e+01 -4.118309032704781103e+00
2.347820649489960942e+01 -3.585303614519293802e+00
2.344122894164540583e+01 -3.045810713341817078e+00
2.346821746357079519e+01 -2.528793973434360964e+00
2.344229877127207118e+01 -2.011219536685331377e+00
2.340749522803817939e+01 -1.467931386318209519e+00
2.339876297294247109e+01 -9.398780618951221300e-01
2.340405819465961201e+01 -4.209977127538309105e-01
2.338414498230549299e+01 8.101441711517765043e-02
2.338228896606646856e+01 6.093425893851645014e-01
2.335797724936160336e+01 1.133035608881055367e+00
2.335847046024212403e+01 1.697203790143319679e+00
2.333976749393022487e+01 2.207532884080087854e+00
2.333971512144966454e+01 2.724685966144626548e+00
2.334459414917786546e+01 3.258104003028215345e+00
2.333116294212514674e+01 3.750439931151049677e+00
2.400353818891843360e+01 -4.139904739133230649e+00
2.402106547898859645e+01 -3.568205736406982354e+00
2.400587021506183305e+01 -3.064759320327148373e+00
2.398532479589014343e+01 -2.505228704793307060e+00
2.396622696450743462e+01 -2.003225236360623995e+00
2.396309415909813367e+01 -1.476280071471439470e+00
2.393963178674439973e+01 -9.551635254302119904e-01
2.393822214888184163e+01 -4.300977601869533373e-01
2.391574150156296952e+01 9.200963452481758509e-02
2.391565227894457735e+01 6.106898691239130983e-01
2.391860557309549762e+01 1.131797526941969778e+00
2.391003736897729226e+01 1.680586470108561770e+00
2.388553182772321293e+01 2.221814035584419145e+00
2.392673501268712499e+01 2.695536942525475155e+00
2.388507104275278436e+01 3.243232017622219132e+00
2.389694073172879740e+01 3.761866063896551537e+00
2.457174948186417396e+01 -4.111292942957021523e+00
2.455889990525500366e+01 -3.564588332907982604e+00
2.454511594226218563e+01 -3.070299628576039552e+00
2.452156864710254069e+01 -2.531737226961059406e+00
2.451003744784097194e+01 -1.989014910698159611e+00
2.450813419322400932e+01 -1.476978021401077257e+00
2.449308760178595179e+01 -9.565469995449120688e-01
2.444938324323829448e+01 -4.218762774605409049e-01
2.445790037248485760e+01 1.190151803076986425e-01
2.446544597406665389e+01 6.273988900267148949e-01
2.445573495733506064e+01 1.119533477748934303e+00
2.445971523280025650e+01 1.667871281555186158e+00
2.452599409940409458e+01 2.195127319009195332e+00
2.446763639146133329e+01 2.730552223493020847e+00
2.444463516491724420e+01 3.260724626521270153e+00
2.442784925292522757e+01 3.763446553208776635e+00
2.508824181849818302e+01 -4.120726941112605957e+00
2.509607794570973738e+01 -3.574246477615391271e+00
2.509270231465771417e+01 -3.056248814672953173e+00
2.507089990851958561e+01 -2.529902690298030166e+00
2.506135420301315975e+01 -1.995388968948390129e+00
2.504348436658793986e+01 -1.469315072788191401e+00
2.504501786440433619e+01 -9.455741092287972549e-01
2.502842993566017782e+01 -4.083692210007541235e-01
2.503163073085899271e+01 1.017757192703570013e-01
2.502637117628135854e+01 6.187362313554416460e-01
2.502549337490408021e+01 1.147867241297507945e+00
2.501040997675825395e+01 1.676157312932247123e+00
2.499917277226017376e+01 2.210511975535432327e+00
2.503905082562258144e+01 2.726784266630840392e+00
2.499342755357847778e+01 3.231288616728917873e+00
2.498301029608587243e+01 3.763670273014792400e+00
2.567491333227220451e+01 -4.114912162982781396e+00
2.563095405993173159e+01 -3.573004868256647981e+00
2.564842463386158755e+01 -3.047732561057062028e+00
2.561747417975598040e+01 -2.535468080866746021e+00
2.561388543739256818e+01 -2.003349762477270701e+00
2.558078072216128618e+01 -1.475498416071690855e+00
2.557260946329630968e+01 -9.503362886661328446e-01
2.559015051128837115e+01 -4.258406437047455029e-01
2.558598945762954457e+01 1.044792802832894552e-01
2.556763456326230255e+01 6.236005324131177474e-01
2.555127838442070498e+01 1.150219645786652478e+00
2.556387649998952583e+01 1.676335688392068590e+00
2.556628099026983847e+01 2.220386231212273742e+00
2.555536069255489906e+01 2.724830428912525804e+00
2.555054990087781874e+01 3.233893143801189751e+00
2.554756412049050596e+01 3.774113572131003735e+00
2.620756704865019060e+01 -4.091174075098457763e+00
2.607003552849165828e+01 -3.596745243597755604e+00
2.617630284051349321e+01 -3.047213598828507841e+00
2.614561406588811820e+01 -2.529745114055824473e+00
2.616718151281994409e+01 -2.011680883748244497e+00
2.618425698688601955e+01 -1.485366105591833019e+00
2.616387399376613843e+01 -9.351616092788006540e-01
2.614009019005486323e+01 -3.990899516312360618e-01
2.613670003303321465e+01 1.050787090585281192e-01
2.610872132581574334e+01 6.294536672003374633e-01
2.610096937645781878e+01 1.145325527602242488e+00
2.609112230533903443e+01 1.690396415243103689e+00
2.609230703163307652e+01 2.214598091797562063e+00
2.608355373579613712e+01 2.719583887932376598e+00
2.608054138025182311e+01 3.224581729463700697e+00
2.606651728249489253e+01 3.777102625384124224e+00
2.672513129266443599e+01 -4.115921024116783400e+00
2.673609198031955003e+01 -3.588210188811842727e+00
2.674922418010829261e+01 -3.058326477519806019e+00
2.670072100680429372e+01 -2.533664158227377783e+00
2.671628796777239501e+01 -1.995330609711565728e+00
2.670928896618538317e+01 -1.484488677789411071e+00
2.670027925504049904e+01 -9.573870003053208677e-01
2.672200437966690600e+01 -3.976100407075016108e-01
2.667826360884718184e+01 9.712479460039347146e-02
2.667090353150300075e+01 6.134984238411895774e-01
2.667727216852415495e+01 1.148289958772409136e+00
2.665658184278283471e+01 1.690125542082498100e+00
2.663854494007793505e+01 2.226151913848745778e+00
2.663774571014012338e+01 2.733367934764455498e+00
2.667405220751489736e+01 3.199230281649349195e+00
2.663792943350194520e+01 3.769475545909134695e+00
2.725805608118273682e+01 -4.108312733643249004e+00
2.727447029596988415e+01 -3.587690591239937277e+00
2.727626131046550029e+01 -3.049141170330067041e+00
2.726196071778864649e+01 -2.515622685906922840e+00
2.728120075028041924e+01 -1.979423794999863873e+00
2.726120991721471398e+01 -1.477552981753547101e+00
2.724826361174569200e+01 -9.472883273400434234e-01
2.724819993504877402e+01 -4.102688940186105526e-01
2.722692197040242945e+01 1.104584530261050190e-01
2.721271832634780452e+01 6.453167759814846249e-01
2.723334997128105783e+01 1.203074055422508337e+00
2.722526542557501017e+01 1.667971219851196452e+00
2.722441865374670300e+01 2.206956460599766245e+00
2.720549767662861029e+01 2.693544225934466851e+00
2.716676237796865934e+01 3.234755030311294632e+00
2.718876057376182587e+01 3.793884140650423120e+00
2.781264498276031816e+01 -4.095350692180868890e+00
2.779215206718442488e+01 -3.593940061342930647e+00
2.777094612987244915e+01 -3.069687115786564391e+00
2.781225665041851158e+01 -2.529898482582080277e+00
2.779328127731201903e+01 -1.975446213891544289e+00
2.781510653272302847e+01 -1.481216325630470010e+00
2.778648768215218468e+01 -9.427998702721147595e-01
2.777477508393686634e+01 -4.098480576178964441e-01
2.778478950493759214e+01 1.023325246142583467e-01
2.777721611769637633e+01 6.288454514415597885e-01
2.777115981341538031e+01 1.180131294873802972e+00
2.773719006865113101e+01 1.681635137091820553e+00
2.774143388803141619e+01 2.217206781435997698e+00
2.774545879576587026e+01 2.733116624227420743e+00
2.772406518184025970e+01 3.253879344770975734e+00
2.771214698769346541e+01 3.781741197005466404e+00
2.835160760053243933e+01 -4.093444702735210328e+00
2.838065045082630178e+01 -3.599002329327944949e+00
2.836592762968927417e+01 -3.061376288122126255e+00
2.834759167374745203e+01 -2.520396718509729794e+00
2.835109531917122183e+01 -2.003346779410247080e+00
2.834719853904479692e+01 -1.448166410937727022e+00
2.833797727853298198e+01 -9.407664168136626870e-01
2.831860149153880712e+01 -4.275222358521268973e-01
2.831362919940709588e+01 1.083131103631380654e-01
2.831516864677917766e+01 6.641728839623404212e-01
2.832219353180336441e+01 1.188599516908190878e+00
2.830536727316867740e+01 1.667857670563503092e+00
2.829467054780919000e+01 2.200015070859052457e+00
2.830222731308511896e+01 2.739484871837241542e+00
2.829977775715300226e+01 3.269464972742316178e+00
2.827717998000198207e+01 3.809344151510430265e+00
