1.047910998097592383e+01 -4.127041050134041100e+00
1.046870800837043092e+01 -3.606490147909202193e+00
1.042721178663773074e+01 -2.599484138056279647e+00
1.042881556910198526e+01 -2.050126382664327451e+00
1.044306437892937112e+01 -1.541117277131867525e+00
1.042464911692435692e+01 -1.023850163354307341e+00
1.040448729346751477e+01 -5.218959992307965479e-01
1.035156554204175094e+01 5.608943311199894310e-01
1.038315440626601927e+01 1.101856146904282241e+00
1.036495653371670755e+01 1.613312593588901223e+00
1.037691380550185016e+01 2.116875978287051652e+00
1.035641955781306223e+01 2.656538968961523750e+00
1.032388934847869777e+01 3.173670563717873705e+00
1.033455676604678430e+01 3.703885233407437028e+00
1.104108471789635004e+01 -4.138115606871672014e+00
1.100722345359703525e+01 -3.660258863082896497e+00
1.100928668581720160e+01 -3.109842350839828740e+00
1.098750161428321093e+01 -2.052673157134989879e+00
1.095924490308903998e+01 -1.534305486043052724e+00
1.094868637394463917e+01 -1.019502823893851939e+00
1.091328199029481993e+01 -4.929231143792520697e-01
1.092567628112465172e+01 1.887989843184456618e-02
1.092503294498210309e+01 5.783970553101767109e-01
1.091142746944090192e+01 1.603874378270013779e+00
1.089566569092279735e+01 2.142264847817902051e+00
1.090430695329839850e+01 2.648685015784948860e+00
1.088706589387954438e+01 3.200320311416550823e+00
1.085609694899659061e+01 3.704486022531181533e+00
1.155873482630076055e+01 -4.131240500693806439e+00
1.158736412777630775e+01 -3.634767739241789641e+00
1.154296428364814275e+01 -3.085700898188653341e+00
1.154841325774346572e+01 -2.575468530308910431e+00
1.152360765688170119e+01 -2.067250413064940062e+00
1.151361316585760619e+01 -1.549046381787924531e+00
1.149655335433815750e+01 -1.012604323092546110e+00
1.150338581609513255e+01 -4.931836079575973031e-01
1.147647914525937551e+01 2.479376408115996355e-02
1.147953377879821701e+01 5.389191470286789354e-01
1.146356753438960752e+01 1.067828445923144187e+00
1.144669779342461879e+01 1.620927490919388703e+00
1.144579436847198650e+01 2.145418516941930420e+00
1.143091226323465293e+01 2.652802192428204364e+00
1.144040347755908371e+01 3.197765832653342244e+00
1.141267735725157806e+01 3.715834523464714323e+00
1.210449269724236743e+01 -4.126344908506201392e+00
1.212124242706055455e+01 -3.616182414812151080e+00
1.209563903654027683e+01 -3.097106035308357264e+00
1.210336758222056019e+01 -2.567705454801817666e+00
1.209067583596051421e+01 -2.045479255186133827e+00
1.206649807436974697e+01 -1.533998118866541915e+00
1.205793970996212039e+01 -4.797147399861430017e-01
1.203234044657909152e+01 4.413484884315721501e-02
1.205551829734543645e+01 5.955792184759225449e-01
1.204243339100161592e+01 1.071343907620573077e+00
1.200792973839882549e+01 1.639675583990580776e+00
1.199710883932598549e+01 2.141771432368354766e+00
1.197862464569866248e+01 2.665293684877671154e+00
1.198406274159404461e+01 3.195725684208415629e+00
1.199387463617511784e+01 3.716075369857762212e+00
1.267271772119677919e+01 -4.142348248030305768e+00
1.266585963053508479e+01 -3.600009743488239877e+00
1.264637144984031991e+01 -3.044551573647334308e+00
1.265750599725376091e+01 -2.570289975450727127e+00
1.263056864560308057e+01 -2.036551055577174196e+00
1.262543405292703724e+01 -1.549752817404634442e+00
1.261976620646962033e+01 -9.932492032962478845e-01
1.259037644401695388e+01 -4.763024773114388211e-01
1.258973308017865378e+01 7.588748214436336070e-02
1.259449122685319367e+01 5.930790776995209512e-01
1.256804580471201049e+01 1.105588725605546330e+00
1.253314577055107648e+01 1.599900431025734093e+00
1.253810514562010070e+01 2.151565817733086305e+00
1.254456332498808990e+01 2.674502802229071108e+00
1.254277588847315528e+01 3.185486995750224537e+00
1.255149341659040019e+01 3.711714932563584313e+00
1.321659985015026706e+01 -4.163888747765961185e+00
1.314645932723995969e+01 -3.671998957225344640e+00
1.322712816372942513e+01 -3.109089247628626040e+00
1.321220784947998794e+01 -2.564941842216327927e+00
1.316968444415924111e+01 -2.048813997205474635e+00
1.318572019848451049e+01 -1.546620537283637020e+00
1.317002369428362840e+01 -9.972151565888545122e-01
1.316156308046300438e+01 -5.065226817320223063e-01
1.312078233718856879e+01 6.099624110353119022e-02
1.314508142296788051e+01 5.981396077280791701e-01
1.315028514521218028e+01 1.107932893151893694e+00
1.310838801758623262e+01 1.576083688150955453e+00
1.308173496428486970e+01 2.143413070410275623e+00
1.311115742334382972e+01 2.705912713379401424e+00
1.311880036151127271e+01 3.194798451731184485e+00
1.311681513951773681e+01 3.735116196205783723e+00
1.379908345253269530e+01 -4.154195923133700674e+00
1.377265264950904822e+01 -3.642260657023129511e+00
1.377873196629867891e+01 -3.096406976928792076e+00
1.375705470870146030e+01 -2.569128001415744933e+00
1.375241266355249437e+01 -2.041682425725717565e+00
1.373162366533608392e+01 -1.507227882781567274e+00
1.373377175622749391e+01 -9.776378246782186920e-01
1.373977243159477268e+01 -4.444337758581724529e-01
1.370796794838744859e+01 5.145004002666198062e-02
1.369882595197482544e+01 5.892868255441143788e-01
1.367638228849285298e+01 1.092682461151298412e+00
1.369714889368136568e+01 1.619150308467531829e+00
1.365591022078654859e+01 2.130532758526651804e+00
1.366866483257568987e+01 3.218020217677992179e+00
1.365985539185404463e+01 3.751338294954980057e+00
1.437195094168516718e+01 -4.133447020458120846e+00
1.435073707033736312e+01 -3.610505827781874899e+00
1.432705725430039934e+01 -3.101623545296794404e+00
1.428481264163842823e+01 -2.573157557057836442e+00
1.429198255378705440e+01 -2.045579995221519454e+00
1.430175606517224551e+01 -1.490350421729150554e+00
1.428667961661483332e+01 -9.713711418273760501e-01
1.426012281026354600e+01 -4.440786638299591971e-01
1.423574001767615016e+01 5.900956598479822901e-02
1.423994343921799199e+01 5.757873334393117659e-01
1.423545962529381015e+01 1.103941115430398412e+00
1.420203007614533774e+01 1.613278168275062541e+00
1.419656467688326273e+01 2.138362645903249870e+00
1.424618294496890059e+01 2.687332816184390794e+00
1.417756683936963213e+01 3.204532324248251740e+00
1.423649227182827914e+01 3.766290967251396893e+00
1.494155675877242118e+01 -4.144078647254861636e+00
1.488909087092562800e+01 -3.615559389424230829e+00
1.489611716630729532e+01 -3.106777091814906910e+00
1.485951998042378364e+01 -2.564997779254785115e+00
1.484115889742951566e+01 -2.010037999817111398e+00
1.483792644956668028e+01 -1.505391608894392164e+00
1.482718403686826747e+01 -9.952241026909796062e-01
1.480855737760102642e+01 -4.416330528491272389e-01
1.479625590875101437e+01 6.055322196556289782e-02
1.477932310569862651e+01 5.716089815622034109e-01
1.477612311314152294e+01 1.096610236072230293e+00
1.476380065229985306e+01 1.633037124096986759e+00
1.475590432325327583e+01 2.179603554448465985e+00
1.476068369557314242e+01 2.672041536109926341e+00
1.472100194022366537e+01 3.735256517303366053e+00
1.548403793605817569e+01 -4.157919376342716689e+00
1.544331001010133519e+01 -3.639467009797487052e+00
1.542576925861197878e+01 -3.111151201326675775e+00
1.541065136850678385e+01 -2.559838237477684686e+00
1.539249053156100899e+01 -2.045930222525441877e+00
1.538962688111093158e+01 -1.532077929223003565e+00
1.539721009828500087e+01 -9.739477623976355858e-01
1.534431365572745420e+01 -4.403059255507351111e-01
1.533636100779265021e+01 5.845622616795864701e-02
1.535571726145419902e+01 5.911636590159012883e-01
1.533923425740729130e+01 1.109114784763370665e+00
1.534672054520497042e+01 1.620442929562589285e+00
1.533473384247878357e+01 2.158829155015254742e+00
1.528715094572614319e+01 2.674608371872775336e+00
1.525117811253873157e+01 3.218329549541461887e+00
1.532394094722668498e+01 3.736499567025276747e+00
1.602061425874054379e+01 -4.154339923760224096e+00
1.598459225197682443e+01 -3.604025775429875011e+00
1.596377090757869155e+01 -3.083284129627138270e+00
1.597744284764299394e+01 -2.552965837765725610e+00
1.596244137328596224e+01 -2.017303431477550646e+00
1.593788622951971234e+01 -1.506021886651545572e+00
1.590849238642779540e+01 -9.800121329801783077e-01
1.590358715841374959e+01 -4.696983188187182634e-01
1.589484107604222629e+01 6.100783424540523470e-02
1.588019342376592036e+01 6.009631793054204252e-01
1.586016089329314838e+01 1.129447875368963849e+00
1.590039876193639046e+01 1.654946038063581426e+00
1.590351591438712120e+01 2.140285879207059594e+00
1.584819764666058006e+01 2.683780433369840068e+00
1.583893738951192276e+01 3.214491691186751154e+00
1.585332944131911859e+01 3.769887953906309264e+00
1.654575681855668634e+01 -4.114902757484736995e+00
1.652860721801643606e+01 -3.585828770108662411e+00
1.652261454437321930e+01 -3.063419593396869089e+00
1.650274921871643841e+01 -2.556176072523133058e+00
1.648503025416957612e+01 -2.026707510979147031e+00
1.648359584066376016e+01 -1.517169773946442035e+00
1.645908558512499553e+01 -9.632101935105090718e-01
1.645929680675747875e+01 -4.402502346016490264e-01
1.643236800837266287e+01 8.304149063112120643e-02
1.642880200583810080e+01 6.035154550231105475e-01
1.640978912578022175e+01 1.112186917744846681e+00
1.643500661015362141e+01 1.656038664545150141e+00
1.639315624746673805e+01 2.156857938799554120e+00
1.638832425301311346e+01 2.712763415451686200e+00
1.637481276562726862e+01 3.232029342955652140e+00
1.640321238939628401e+01 3.750412888621795560e+00
1.708800004168934805e+01 -4.109091715635754483e+00
1.706587141121353213e+01 -3.591697408507441125e+00
1.705634206770966799e+01 -3.061051273281188756e+00
1.705043761153694248e+01 -2.531619387325893200e+00
1.705903541734373263e+01 -2.017826063830451488e+00
1.701294029864108737e+01 -1.516897646748645911e+00
1.701977597778964579e+01 -9.673476549455166662e-01
1.702410425290897322e+01 -4.499677340520236157e-01
1.700328325864489543e+01 8.505848956333750266e-02
1.696444844779820826e+01 5.817712730418236333e-01
1.696508238258949675e+01 1.129855882804704947e+00
1.697978108370992700e+01 1.645335458692699149e+00
1.695637056636178386e+01 2.177405435853419391e+00
1.693667258415579369e+01 2.720623532895213970e+00
1.694374596703185887e+01 3.228182015963163565e+00
1.694266808008970671e+01 3.758283823495251141e+00
1.765113939193573600e+01 -4.114033803345757079e+00
1.762356239827781934e+01 -3.584240461229079244e+00
1.761795077006908627e+01 -3.047736371448481307e+00
1.760369518811409506e+01 -2.562239725157422043e+00
1.758361956338060850e+01 -2.035912373243160545e+00
1.754233215668424251e+01 -1.495066073038703536e+00
1.755194633844911678e+01 -9.716122944638172498e-01
1.755306420976081938e+01 -4.420771302087089794e-01
1.753566291610444594e+01 8.299301008757709042e-02
1.753519902320084611e+01 5.999518440419322474e-01
1.751506459338525445e+01 1.143661774199948411e+00
1.749857725104447681e+01 1.623979201010122608e+00
1.750082473098339264e+01 2.181855328344393996e+00
1.749599887785541341e+01 2.707059339654158236e+00
1.749528372264754594e+01 3.243374773864779570e+00
1.748950924875254742e+01 3.777790636711358729e+00
1.817873335339655227e+01 -4.101003119455898016e+00
1.815786815395988185e+01 -3.592619052145503034e+00
1.817039550370247625e+01 -3.065815119598550353e+00
1.815511495270688513e+01 -2.530196474244188920e+00
1.812486705121887454e+01 -2.035156084698158452e+00
1.813047027978582904e+01 -1.460745126210852618e+00
1.810308094448297211e+01 -9.594504949615121348e-01
1.806997897306616707e+01 -4.433114499501300543e-01
1.806830484994910435e+01 8.787684862617695103e-02
1.806988541441601726e+01 5.983736592813038158e-01
1.806217015698993578e+01 1.140358331689689919e+00
1.804246546373041582e+01 1.653219593942008458e+00
1.803725418221150179e+01 2.170273217060039173e+00
1.803487543414070871e+01 2.710535883540309499e+00
1.801841831241139147e+01 3.238684014713555825e+00
1.804200801711533941e+01 3.742485019376914579e+00
1.870288679100817930e+01 -4.108346062041189128e+00
1.870370256673437126e+01 -3.605320074193924640e+00
1.870795747793471264e+01 -3.058993148774089121e+00
1.868274296987398486e+01 -2.563521318406827731e+00
1.867865963273854746e+01 -2.026349616313346758e+00
1.867759003764745884e+01 -1.492042530543283618e+00
1.865106487891980436e+01 -9.730581306385701623e-01
1.865020552767743212e+01 -4.490761838013384022e-01
1.861774098847978820e+01 8.211238207104898379e-02
1.859947510862627595e+01 6.181066489354805071e-01
1.859864813876104606e+01 1.134023523780136600e+00
1.860021441961498567e+01 1.658152968742317768e+00
1.859385070985345578e+01 2.190208982653338410e+00
1.858383899107729320e+01 2.675609339711002121e+00
1.861251305956137259e+01 3.130647748881525416e+00
1.858770488023711209e+01 3.733386956051280237e+00
1.929305679802417473e+01 -4.120812907355405841e+00
1.925623773784241877e+01 -3.600050459953804349e+00
1.925595992318983463e+01 -3.078994966471489292e+00
1.922133458034636178e+01 -2.556123537130197576e+00
1.920744505229451704e+01 -2.035465065163609921e+00
1.920695907138550851e+01 -1.496161140985861948e+00
1.921429195794765121e+01 -9.727177991552586889e-01
1.919526403513768997e+01 -4.410655345955696305e-01
1.917516351422631615e+01 6.585925768119338386e-02
1.917820913128591087e+01 6.072832058016857104e-01
1.916220318748521834e+01 1.126157007663167064e+00
1.913941450321265947e+01 1.664232552458784653e+00
1.912078699829597994e+01 2.194418565146349920e+00
1.916205894840932089e+01 2.712617227073309323e+00
1.914235732984417382e+01 3.243373991818440771e+00
1.913056525126538787e+01 3.745922030273010961e+00
1.978640312251974009e+01 -4.133430844526047920e+00
1.980959713308552850e+01 -3.608432225168352048e+00
1.980028972718412561e+01 -3.087133504040739496e+00
1.980417735918543443e+01 -2.562276126028152134e+00
1.975538485566140068e+01 -2.039184539202196333e+00
1.976389020066985935e+01 -1.489659591304071995e+00
1.975199769349209689e+01 -9.686979771097803393e-01
1.972291481401431312e+01 -4.420816907465514589e-01
1.972421470975889690e+01 8.606076673112639241e-02
1.971959023876258144e+01 6.102277401610756158e-01
1.971076971742333228e+01 1.115917173218683445e+00
1.969800666649161869e+01 1.643334979753390712e+00
1.969516604563931850e+01 2.198259866870277079e+00
1.967713223330736128e+01 2.693974125636916739e+00
1.967649412915785234e+01 3.245096056958097108e+00
1.966566961936617730e+01 3.723231993804283491e+00
2.035917946246191690e+01 -4.130842586276020967e+00
2.034858233027186003e+01 -3.609190977083477136e+00
2.033375845585216979e+01 -3.086305694312796888e+00
2.031941607033170527e+01 -2.561235036223855843e+00
2.031125384064775830e+01 -2.001662912745889145e+00
2.030595893861831769e+01 -1.482404703602419715e+00
2.029691652334989982e+01 -9.662677042069987010e-01
2.028791338248260701e+01 -4.369064933193662625e-01
2.028666890780990784e+01 9.653535083705833131e-02
2.026470418512207416e+01 6.097591886341575673e-01
2.024810186682651292e+01 1.126269387898126695e+00
2.025083600046054855e+01 1.653986457835365798e+00
2.025217630628902299e+01 2.183241733696100084e+00
2.022685432351844526e+01 2.701690056223391423e+00
2.023298151287940172e+01 3.255107799610481578e+00
2.023933080555337938e+01 3.765112902211569690e+00
2.091321647383190196e+01 -4.131276821614649819e+00
2.087102751868941652e+01 -3.604309049522965935e+00
2.088247143183313170e+01 -3.068402652636374128e+00
2.088580422369648204e+01 -2.539909001146817502e+00
2.084647001192816163e+01 -2.035713985827687367e+00
2.082790244186929840e+01 -1.520571455091840107e+00
2.083986819885711839e+01 -9.705978774071439830e-01
2.081463739801737489e+01 -4.451482314786794348e-01
2.083267377725648828e+01 9.501214535202606726e-02
2.078858111154909238e+01 6.249137664035444573e-01
2.082362933016553797e+01 1.168011082422285796e+00
2.080852278774846553e+01 1.658932649309512897e+00
2.080569736044493112e+01 2.188459810837940722e+00
2.079813210967314774e+01 2.719791104035941487e+00
2.078504311703543550e+01 3.246369178464231453e+00
2.077949028892776795e+01 3.776637787119145884e+00
2.145297843367953305e+01 -4.131719696569032152e+00
2.141887647285854968e+01 -3.602703530236359697e+00
2.142809124673460275e+01 -3.070866405891415241e+00
2.141015575977493768e+01 -2.527257663177717717e+00
2.137424229474913062e+01 -2.033647464911602754e+00
2.140328995791033151e+01 -1.501346384481003327e+00
2.136880176777275153e+01 -9.815285924842065413e-01
2.136498880968816394e+01 -4.502545058064626460e-01
2.136770219280150940e+01 8.882282246813133497e-02
2.135377116532286124e+01 6.060041064900687502e-01
2.136315393449905997e+01 1.137705533241245348e+00
2.134251180742378295e+01 1.660641359836471764e+00
2.134635323483811220e+01 2.194565506595804294e+00
2.133665597700966998e+01 2.747716724973589209e+00
2.133170686014075557e+01 3.246289937427938810e+00
2.131681017220270036e+01 3.776209911867443481e+00
2.200726445917994312e+01 -4.129501960701698948e+00
2.198255980463916615e+01 -3.598827796784858535e+00
2.197381024936932192e+01 -3.073572803227394346e+00
2.194588564975039446e+01 -2.539267175229376505e+00
2.193189818304939820e+01 -2.022976111018376599e+00
2.194230366943964583e+01 -1.496877505296883015e+00
2.193875912378981496e+01 -9.606095496068824957e-01
2.191878156616829187e+01 -4.387638000960194518e-01
2.192250740631999406e+01 8.727080439570045201e-02
2.189544847939068006e+01 5.985681826988340504e-01
2.187994648098720774e+01 1.136894900213086146e+00
2.187769776084468276e+01 1.671100013728690215e+00
2.189902029745627488e+01 2.234768592219776195e+00
2.189409045727447278e+01 2.692567362672594555e+00
2.187781906623700934e+01 3.230694202837817386e+00
2.185828560157409584e+01 3.767408192313641990e+00
2.254219378627455228e+01 -4.133501613579925404e+00
2.250848433931356851e+01 -3.595630233241049467e+00
2.250729864058878604e+01 -3.063003833248171048e+00
2.249429635469540756e+01 -2.538280885850149104e+00
2.248174385370528228e+01 -2.024470655157784904e+00
2.248026165585124403e+01 -1.496155706322770840e+00
2.249170798200348997e+01 -9.629425855525539646e-01
2.245878641287124111e+01 -4.362028837647677904e-01
2.245560085040650478e+01 9.392763261730152635e-02
2.244632000614867451e+01 6.031884193305501185e-01
2.245381065092102801e+01 1.143437652497798496e+00
2.242650289726216073e+01 1.678465301628470741e+00
2.244445286549368745e+01 2.236937072693446993e+00
2.243789827638456558e+01 2.716816107360294552e+00
2.240883887384487849e+01 3.228259223850226789e+00
2.239825165498769621e+01 3.762152171501760733e+00
2.305983280531601309e+01 -4.135148086812021617e+00
2.306975566076174999e+01 -3.611780449925442227e+00
2.302967176184565545e+01 -3.086099044632200972e+00
2.304480494743720698e+01 -2.551971968143728731e+00
2.304437603411014379e+01 -2.024689364067636888e+00
2.302666458426885754e+01 -1.504520736286558247e+00
2.301909514015579106e+01 -9.726387126705553499e-01
2.303592056326006343e+01 -4.610642220225429355e-01
2.300590513438528717e+01 1.008771847447391679e-01
2.297737093523127072e+01 6.089012154677462263e-01
2.297092535078562747e+01 1.139351796436876896e+00
2.297346831386006727e+01 1.675799770383182619e+00
2.299294347311022335e+01 2.221854669011076311e+00
2.297029178504661928e+01 2.736424717468732837e+00
2.297486703912477424e+01 3.239269364867151779e+00
2.296456053391266039e+01 3.760339849117318778e+00
2.361705187620336233e+01 -4.134696702070948859e+00
2.359819218804160812e+01 -3.607187331767937266e+00
2.357591536632402551e+01 -3.063285248622266366e+00
2.359842659507618379e+01 -2.544465988383365129e+00
2.358351899697314735e+01 -2.019712320119182891e+00
2.355465563351568647e+01 -1.473324807122775582e+00
2.355659264270239106e+01 -9.458137507875399308e-01
2.355165561161459920e+01 -4.266051398461954136e-01
2.353597396982114986e+01 7.875897489360994541e-02
2.353628881466966760e+01 6.108920394889807426e-01
2.351079795584949750e+01 1.141111510029396925e+00
2.351371307526603260e+01 1.701272183344556765e+00
2.349482252161491402e+01 2.209692243528468936e+00
2.349997331365256059e+01 2.728654098172576425e+00
2.349904327993101560e+01 3.261961018371298593e+00
2.348668702054821722e+01 3.763582328675497024e+00
2.413230155393646470e+01 -4.152216824054393740e+00
2.414719394149381770e+01 -3.586466639309046300e+00
2.413417555665352410e+01 -3.078020112928285812e+00
2.412134263139641632e+01 -2.528541760495915725e+00
2.410430987326939345e+01 -2.009082698072226947e+00
2.409804433587770234e+01 -1.481580643559098576e+00
2.408472687715530469e+01 -9.590144131772042613e-01
2.408505729349970181e+01 -4.348279623083932677e-01
2.405883696564198715e+01 9.451589652525882457e-02
2.406481859264280132e+01 6.137965458279879272e-01
2.406830938633086703e+01 1.133229068116047955e+00
2.406382153899386367e+01 1.678188385935076354e+00
2.405354372648931616e+01 2.222802826504604923e+00
2.407322541348495548e+01 2.704271118553307929e+00
2.404390813798195836e+01 3.246316061682914977e+00
2.404699684454365638e+01 3.773855575256323647e+00
2.469133038476871178e+01 -4.127527717753981307e+00
2.468269825686990515e+01 -3.589345463667317659e+00
2.467229768913937704e+01 -3.077795405544545559e+00
2.465899645449123057e+01 -2.549277630511316062e+00
2.464855526007610820e+01 -2.003440002888556393e+00
2.464438217771417783e+01 -1.484973337955221240e+00
2.463455463192286743e+01 -9.670787856410960615e-01
2.459992767139077330e+01 -4.320463485630412492e-01
2.459748639537463077e+01 1.079552664844918297e-01
2.460031027111629243e+01 6.260084926955080675e-01
2.460332406157298379e+01 1.124548620223968953e+00
2.460555882578238851e+01 1.672981203563171704e+00
2.466598857651185028e+01 2.205063824699386998e+00
2.461878104256735611e+01 2.732571580740238204e+00
2.459791280199486607e+01 3.262983592327614701e+00
2.457431548940711252e+01 3.765039282231317230e+00
2.520931638565016897e+01 -4.134517486108213902e+00
2.521320784054214670e+01 -3.591249627769213859e+00
2.520984959957962701e+01 -3.070695293279781524e+00
2.519881910854394391e+01 -2.549362722920179181e+00
2.519385856539796720e+01 -2.006361020550002650e+00
2.517582516790687208e+01 -1.479920667152736513e+00
2.517582648918466504e+01 -9.585576093523187069e-01
2.517124899136826599e+01 -4.215872375541742656e-01
2.516601827134508085e+01 9.231954867423297628e-02
2.516241730807828247e+01 6.167751576129383295e-01
2.516618122173838401e+01 1.146141928500355789e+00
2.514766215110752512e+01 1.675453708519146545e+00
2.514393739525121418e+01 2.207248173618843623e+00
2.518005953551687526e+01 2.730472205744096215e+00
2.513689669947103766e+01 3.244084607071886950e+00
2.512262128490217350e+01 3.774786409014172506e+00
2.578638534328515419e+01 -4.128282074687431802e+00
2.574480203108244325e+01 -3.589719796128020946e+00
2.576390981026325022e+01 -3.068635470323730630e+00
2.573480462686124071e+01 -2.548520967335349496e+00
2.573135308930151410e+01 -2.017980997380188768e+00
2.570656444732296109e+01 -1.492740001409163852e+00
2.570239876867456985e+01 -9.600365732800177909e-01
2.571749848965114893e+01 -4.308505667472921630e-01
2.571619161228708350e+01 9.734086483116044519e-02
2.570387684683193896e+01 6.177937082373077260e-01
2.569048593280160020e+01 1.146780064447238345e+00
2.569665492516011085e+01 1.675273573420732021e+00
2.570195056287010260e+01 2.213649656674562038e+00
2.569239090198950493e+01 2.725751018888679766e+00
2.569286375005660261e+01 3.246932542853809167e+00
2.569477817095474848e+01 3.776425468119953166e+00
2.631225556177624014e+01 -4.115091061948270124e+00
2.626383234372123354e+01 -3.627580597496148584e+00
2.629062194660329510e+01 -3.064241695999847082e+00
2.626539407514390945e+01 -2.546264041766360009e+00
2.628386424771230168e+01 -2.021171325502169935e+00
2.630026791639270556e+01 -1.496565302883084314e+00
2.628339818248720405e+01 -9.465791300835348920e-01
2.626218120569394898e+01 -4.185165518096773951e-01
2.626203889283665660e+01 9.856920866284468730e-02
2.623497977645728696e+01 6.266846453860992483e-01
2.623279372966108269e+01 1.140288916722766999e+00
2.623628309686689164e+01 1.686766253290958417e+00
2.623001830832788528e+01 2.208257941961026205e+00
2.621377665920593358e+01 2.716953688608292339e+00
2.620964754334219293e+01 3.236489068558032756e+00
2.620529639842990832e+01 3.783419787896210806e+00
2.683097299235338795e+01 -4.130283115755954526e+00
2.684103277276516764e+01 -3.603430030737259315e+00
2.684752501251039547e+01 -3.077635758283474132e+00
2.682478835153121111e+01 -2.550958169609632620e+00
2.683100303929549568e+01 -2.010151498998368425e+00
2.682615575240303230e+01 -1.502086870362642657e+00
2.681843719749740984e+01 -9.683101367550932537e-01
2.683464233067226701e+01 -4.117485350531957522e-01
2.679737364283396062e+01 8.955653839350219414e-02
2.680228191753625566e+01 6.111572812728169879e-01
2.680397765761981077e+01 1.142638308080915266e+00
2.678025276065693561e+01 1.684020842344057911e+00
2.676040371400148388e+01 2.220134304022927552e+00
2.677036997743983449e+01 2.736363599028539539e+00
2.678402238797765733e+01 3.218390842565035825e+00
2.676213190656128660e+01 3.779365082577431423e+00
2.736554666351501908e+01 -4.130567400899074926e+00
2.737936441141166455e+01 -3.608878859318860322e+00
2.738083454250787696e+01 -3.072647089577348112e+00
2.736904521452333228e+01 -2.536490473238327326e+00
2.738333641233674598e+01 -1.994693729200399446e+00
2.736535928434577158e+01 -1.493282055033354538e+00
2.735694561422145910e+01 -9.596921987699076340e-01
2.735839286765295242e+01 -4.200016633419352274e-01
2.733915755167089401e+01 1.020776111782346618e-01
2.733316563039407043e+01 6.374379882018104126e-01
2.735465178595476488e+01 1.183142364285448167e+00
2.734379171599276503e+01 1.670472819334431591e+00
2.733646741963190152e+01 2.208404511471066201e+00
2.732099926061165718e+01 2.702023225912341786e+00
2.729388411983082818e+01 3.239572929117734645e+00
2.730727836336260594e+01 3.803641993127691023e+00
2.791306374194809337e+01 -4.110160275714449085e+00
2.789579040486353279e+01 -3.609496988722570521e+00
2.788265529209391502e+01 -3.087929771620062880e+00
2.791373154971416426e+01 -2.544262407831496375e+00
2.789599912785557478e+01 -2.003859950191749562e+00
2.792431022798367479e+01 -1.490494679434142711e+00
2.789840577141793432e+01 -9.594932097044335251e-01
2.788875700899319554e+01 -4.306012739748403817e-01
2.789335996695689346e+01 9.282999958022841724e-02
2.788563429280566197e+01 6.255427134575057835e-01
2.788671720418926725e+01 1.172831264112904393e+00
2.785772882448531362e+01 1.680149164163182718e+00
2.785420042317194600e+01 2.218707863849591178e+00
2.786171473263598131e+01 2.738175561824011339e+00
2.784792810967142174e+01 3.261783016768198706e+00
2.783461428396785919e+01 3.786761464285469003e+00
2.845220038427735432e+01 -4.114943467147798017e+00
2.847575231025404463e+01 -3.613882125214868068e+00
2.846457279540756957e+01 -3.066442423469274203e+00
2.844835607223845386e+01 -2.535307151950885185e+00
2.844408375835843117e+01 -2.015688985983292270e+00
2.845164094715687497e+01 -1.465526977274812737e+00
2.843763340032405296e+01 -9.519652044388067225e-01
2.842472371986563928e+01 -4.371951942860548002e-01
2.842350090465663470e+01 1.014439676385698874e-01
2.842484700122096797e+01 6.543462283651848566e-01
2.842712412475206918e+01 1.172278530056168222e+00
2.841320752685942352e+01 1.667649702879774765e+00
2.840227556744583381e+01 2.198815802484318738e+00
2.841635442274745316e+01 2.733026222354684620e+00
2.841261543314967497e+01 3.268421794982806716e+00
2.839390954398035660e+01 3.812904701559414633e+00
