1.067456654081481204e+01 -4.132831909829334904e+00
1.067448791738577540e+01 -3.618805647153862992e+00
1.063584081895043099e+01 -2.596860082106253742e+00
1.064054270067338948e+01 -2.047889280767360987e+00
1.064878344954857425e+01 -1.525863749111493917e+00
1.063366441800867079e+01 -1.008403268380956064e+00
1.062207426588469872e+01 -5.064696568631923412e-01
1.057123104045373907e+01 5.829916747168653046e-01
1.060424617704381589e+01 1.117961717385014708e+00
1.058432831035256072e+01 1.621714859062112879e+00
1.058990883108102921e+01 2.143451015613329957e+00
1.058287210076163376e+01 2.677427883501533046e+00
1.055523990792634947e+01 3.199040029354787151e+00
1.057746183026435816e+01 3.724493204142145686e+00
1.122689944667499162e+01 -4.147219378972529569e+00
1.120146285070058312e+01 -3.657459574320972351e+00
1.120345694661939717e+01 -3.111272405953936726e+00
1.119279249262288900e+01 -2.049766799366153691e+00
1.116392909299871050e+01 -1.531984524959682403e+00
1.115706824135153497e+01 -1.008769900820155385e+00
1.112899182787190000e+01 -4.843187908278707710e-01
1.113656502634521317e+01 3.240478967906312846e-02
1.114196784371864624e+01 5.883763048286283492e-01
1.112446649328954962e+01 1.620451023348387309e+00
1.110127277429350556e+01 2.170866457890099355e+00
1.112615387152685642e+01 2.671424909583528517e+00
1.111719156721936130e+01 3.227672289383040294e+00
1.107951647412126306e+01 3.736474483383542378e+00
1.174495417573916711e+01 -4.138472844269237783e+00
1.177492433109424042e+01 -3.637030137708574529e+00
1.173739200376864034e+01 -3.082315821051240690e+00
1.173874197038752243e+01 -2.576911922814325351e+00
1.172065384404418253e+01 -2.061609170757250808e+00
1.171800376704085878e+01 -1.539137126755687035e+00
1.170324799870733301e+01 -1.008793835514936177e+00
1.170629830918609215e+01 -4.782072722779346918e-01
1.167969838453880982e+01 4.338097133259921634e-02
1.168828022148968770e+01 5.514593834654171189e-01
1.167261888755396271e+01 1.087792472479769401e+00
1.166180088241618407e+01 1.639722553250376080e+00
1.166047176340797975e+01 2.168303737211303428e+00
1.164494790064127727e+01 2.675038860512604089e+00
1.165521518934458101e+01 3.229082411361545724e+00
1.163666661132170077e+01 3.748792921282191770e+00
1.228709189256089829e+01 -4.131744107820075840e+00
1.230577695402151051e+01 -3.620608987060229822e+00
1.228576159279766244e+01 -3.097987130266403710e+00
1.229000090608482765e+01 -2.568748344251950755e+00
1.228027193438104092e+01 -2.042707891050440594e+00
1.225658364897114083e+01 -1.528369292792024936e+00
1.225944617158170757e+01 -4.722871440046993996e-01
1.222579765079715486e+01 5.558711208945155136e-02
1.225322120703203055e+01 5.909494615189494482e-01
1.224102789568970451e+01 1.092384502156047432e+00
1.222153832711141419e+01 1.653377511387876808e+00
1.220848533531787794e+01 2.162057694934961916e+00
1.219137068853831707e+01 2.686141506962609782e+00
1.219859831924273053e+01 3.223714590774061861e+00
1.220800656587537603e+01 3.737898769322413273e+00
1.284767477955544024e+01 -4.150604066588044816e+00
1.283650418281653671e+01 -3.609949240222720235e+00
1.281828865052104405e+01 -3.057816103421032494e+00
1.284252116970094093e+01 -2.570545225356273278e+00
1.282399194857602609e+01 -2.036513834115581290e+00
1.281455332605970554e+01 -1.539809127607703942e+00
1.281007027819917710e+01 -9.841092154449455620e-01
1.279218537539770750e+01 -4.707496202152547937e-01
1.278950845636978784e+01 8.202853008117472200e-02
1.279386875850141436e+01 6.030861150046042951e-01
1.277161570036157556e+01 1.116205313412535816e+00
1.273234196450649947e+01 1.612093229342200118e+00
1.274315335330119936e+01 2.168918088126453370e+00
1.275411909315517534e+01 2.697539112724758326e+00
1.275152366374734214e+01 3.215231406762939059e+00
1.276705525482507042e+01 3.731043405904575394e+00
1.338371579997135186e+01 -4.169516254965975222e+00
1.336953089870021216e+01 -3.651745041349590437e+00
1.339972192673379681e+01 -3.104649296535816561e+00
1.338674587727436460e+01 -2.566623815308744838e+00
1.334983934641604364e+01 -2.049685492974692380e+00
1.337226528010414484e+01 -1.542167522224175968e+00
1.335526287586397487e+01 -9.888557924901810736e-01
1.335413972379352643e+01 -5.017899157040162095e-01
1.331413392133253026e+01 6.743154790201799642e-02
1.333946557116908593e+01 6.066417843101206131e-01
1.334178455967362353e+01 1.116355984945585078e+00
1.331270483629238299e+01 1.599007178631197235e+00
1.329141445493539564e+01 2.160324525674148788e+00
1.331706455509625542e+01 2.731163635217427554e+00
1.331881670091187431e+01 3.214856545794447129e+00
1.331670010688825201e+01 3.752946761979877977e+00
1.395747579806276306e+01 -4.163554301746835051e+00
1.393713006980025426e+01 -3.646423896264378683e+00
1.394459050225942676e+01 -3.100719846858567053e+00
1.392597414513859988e+01 -2.571531347989044036e+00
1.392097611028655990e+01 -2.040431888525990445e+00
1.391046136369414299e+01 -1.501757874876961552e+00
1.391580620611545882e+01 -9.721099266909085657e-01
1.391714193766775054e+01 -4.418951307676550755e-01
1.389673573884430269e+01 5.391937842446026252e-02
1.388361913701545802e+01 5.994071551254194219e-01
1.386757300420471495e+01 1.109954662974583783e+00
1.387975426240523191e+01 1.637365088429099558e+00
1.385763465093962310e+01 2.156290145645289869e+00
1.386160828861580185e+01 3.238680058324288069e+00
1.385610284342780929e+01 3.771490922408879953e+00
1.452088260236411088e+01 -4.142124958066348839e+00
1.450626894505796827e+01 -3.621864542198485637e+00
1.448755772531792374e+01 -3.107184401403438656e+00
1.445095330549618495e+01 -2.572668171454786545e+00
1.446212184537161249e+01 -2.042797479923979864e+00
1.447145917598996334e+01 -1.492395011547742456e+00
1.446239887845441885e+01 -9.694563661504780328e-01
1.443831373743881841e+01 -4.420801758262307146e-01
1.441531675707308935e+01 6.906969216331404482e-02
1.442230297895132196e+01 5.876858331229257715e-01
1.441939764129842771e+01 1.120606439820978295e+00
1.439664528530455812e+01 1.638593820195310968e+00
1.438768358773192801e+01 2.166684411411399225e+00
1.443180518423469749e+01 2.706084371386054954e+00
1.436551463762146241e+01 3.222927256855342648e+00
1.441937739632962234e+01 3.784589822321720476e+00
1.507936212845605795e+01 -4.152093925304709998e+00
1.503944928317840990e+01 -3.619369219133307780e+00
1.503801556187847410e+01 -3.114285971289438848e+00
1.501600459915958297e+01 -2.566687859779992920e+00
1.500343121603055252e+01 -2.011232082368142216e+00
1.500360497802565618e+01 -1.505949109603886171e+00
1.499926624001286157e+01 -9.913549684710289966e-01
1.498656891672372993e+01 -4.411170884092179278e-01
1.497132376320170266e+01 7.046159604360369144e-02
1.495628019196242775e+01 5.831830993590614298e-01
1.495667841842986689e+01 1.109424943233605632e+00
1.493944117234533309e+01 1.650276541931123830e+00
1.493339167547080493e+01 2.198954955511094767e+00
1.493941012784472022e+01 2.692703009129441938e+00
1.490633889921247501e+01 3.755294420931932109e+00
1.561859856404305091e+01 -4.165994633154395999e+00
1.558059807767958205e+01 -3.645080392876046460e+00
1.557251866644522309e+01 -3.115507852597337646e+00
1.556210371975088691e+01 -2.563886252590499737e+00
1.554855426086648862e+01 -2.047456593456825402e+00
1.554744126274795590e+01 -1.528162543558075015e+00
1.554966583509620293e+01 -9.764271103342103686e-01
1.551777265029110708e+01 -4.341072838593582617e-01
1.551473450075259208e+01 6.510864052152243175e-02
1.552445416804883394e+01 6.007999176764649008e-01
1.551277842918201344e+01 1.122943130668161871e+00
1.552434742359971409e+01 1.633641615161643301e+00
1.551628674012767561e+01 2.172857228698532595e+00
1.546603627419490579e+01 2.693740840762586686e+00
1.543831173340877427e+01 3.238856088291864666e+00
1.550791049733426874e+01 3.756898118225659999e+00
1.615698669724296721e+01 -4.162315184428349468e+00
1.612432415054491486e+01 -3.615911476513472778e+00
1.611176042185453738e+01 -3.091239783343523229e+00
1.612638602644845776e+01 -2.561074367773233718e+00
1.611033319973547506e+01 -2.023086429540548181e+00
1.609230386021694770e+01 -1.505091606574492147e+00
1.606799741535181170e+01 -9.776343673948204582e-01
1.606226058707559190e+01 -4.689716972794784056e-01
1.605465716710893886e+01 7.580011682900433811e-02
1.604765504169871804e+01 6.106610877659335301e-01
1.602654702262296027e+01 1.139119349578891160e+00
1.607269630763440560e+01 1.669282981142767852e+00
1.607901052000592301e+01 2.153973765728959933e+00
1.603005317895214432e+01 2.700748045588788671e+00
1.602017275397859208e+01 3.232459547101527164e+00
1.604127084161671135e+01 3.775568710700156316e+00
1.668165163013207675e+01 -4.127812602970733380e+00
1.666803081716271961e+01 -3.597145236245651745e+00
1.666291326098918901e+01 -3.072286952104573032e+00
1.664517671499941898e+01 -2.565928898035156891e+00
1.662750948107885307e+01 -2.032414906611041516e+00
1.663281535587345772e+01 -1.517860559659528263e+00
1.661631597371740909e+01 -9.648168148882731998e-01
1.661454853732806924e+01 -4.403012422162966288e-01
1.659399802546524327e+01 9.022856585063721013e-02
1.659058870034049349e+01 6.123737850706518770e-01
1.657185567821121808e+01 1.124169858748526707e+00
1.659812980591991760e+01 1.655195991028136859e+00
1.655972633658669579e+01 2.172343778011029514e+00
1.655917364214817056e+01 2.728688461765713669e+00
1.655346265471360212e+01 3.247187505290053622e+00
1.657525286303208034e+01 3.767997107250870670e+00
1.721952656346853416e+01 -4.124853097142565872e+00
1.720117260452099828e+01 -3.604576767101470125e+00
1.719781959303722374e+01 -3.076201389565781597e+00
1.719002244488032716e+01 -2.536719707113768152e+00
1.720425783253792318e+01 -2.024424046103234787e+00
1.716008992683994805e+01 -1.519794882483811449e+00
1.717119281601268099e+01 -9.657649054492765117e-01
1.717155309687498388e+01 -4.471699407499976076e-01
1.715904842663417540e+01 8.989364007190658867e-02
1.712226187382881548e+01 5.876957118024677129e-01
1.712365137963700690e+01 1.139648102160961685e+00
1.714176655784646641e+01 1.654294198778067937e+00
1.712141668924546067e+01 2.188308191804495095e+00
1.710260117528216384e+01 2.732989545083668759e+00
1.711066256856610224e+01 3.244021583991095525e+00
1.711112897642836117e+01 3.773405718253869168e+00
1.777578131492587588e+01 -4.129675529212649465e+00
1.774967251288307324e+01 -3.599419135184440677e+00
1.775123014132078936e+01 -3.060346790680050333e+00
1.773295262116527837e+01 -2.567447361303848652e+00
1.772304247965504942e+01 -2.040260333222697398e+00
1.768791728529115659e+01 -1.495656684623160260e+00
1.769674473045498786e+01 -9.717442904870416953e-01
1.769961615744233896e+01 -4.419076180354615246e-01
1.768795791167160658e+01 8.627630548594922288e-02
1.768643241583641768e+01 6.053348014632682350e-01
1.766878964243945305e+01 1.152165268819857147e+00
1.765993519124531019e+01 1.632533507487828217e+00
1.766225654327430661e+01 2.189682419758209875e+00
1.765508335733853329e+01 2.719526831207716100e+00
1.765754903626461214e+01 3.256823355024732081e+00
1.765363154488181863e+01 3.791633365299070135e+00
1.829975611020549309e+01 -4.118877685649621867e+00
1.828610251818079036e+01 -3.609705889343956642e+00
1.829862576622833714e+01 -3.077977517695734022e+00
1.828615682198655179e+01 -2.541330403838149010e+00
1.826390004751391061e+01 -2.036806481354535237e+00
1.827442624521588499e+01 -1.457593467884752414e+00
1.824433392498094975e+01 -9.610534900968552563e-01
1.821738569415830966e+01 -4.420655191865989764e-01
1.821898504209113057e+01 8.935147720118763459e-02
1.821949987386973646e+01 6.027536975972225264e-01
1.821301383723071510e+01 1.145871029291235743e+00
1.819908951962606736e+01 1.662950228081246706e+00
1.819822694805663588e+01 2.179272619947603573e+00
1.819134468254025805e+01 2.723353300878954997e+00
1.818125759971044531e+01 3.253373764281587199e+00
1.820259018012015773e+01 3.759143393536156452e+00
1.882350866533376887e+01 -4.120470423058264942e+00
1.882217360150247032e+01 -3.622478623404715492e+00
1.883609280868036961e+01 -3.072847096217671492e+00
1.880835073718021988e+01 -2.571464907201086447e+00
1.880950118156257034e+01 -2.027866513694675632e+00
1.881075864886305737e+01 -1.496434702533743888e+00
1.878666023293927978e+01 -9.727618399025601548e-01
1.879101896900710855e+01 -4.506772018167310989e-01
1.876192513510795479e+01 8.495082392944297567e-02
1.874135159120858773e+01 6.229391578545566688e-01
1.874664839146812412e+01 1.136925133716456315e+00
1.875128044356785040e+01 1.664842100158455906e+00
1.874645691176342410e+01 2.199246279647464775e+00
1.873847330658782084e+01 2.688020069446491078e+00
1.876128474520949752e+01 3.154465099976455633e+00
1.874222782004161658e+01 3.751280152011077007e+00
1.940174012644827073e+01 -4.152943392503667397e+00
1.937218657390271304e+01 -3.610207289578223566e+00
1.937727002015286359e+01 -3.090589530370746019e+00
1.934331412185169796e+01 -2.562610769877043282e+00
1.933439763357346663e+01 -2.039012185850925363e+00
1.933534346825425843e+01 -1.501355756778639972e+00
1.934528263963374783e+01 -9.742682287035364652e-01
1.932990105237937684e+01 -4.420540923207205708e-01
1.931333005535794811e+01 7.006915049837303400e-02
1.931712469359818130e+01 6.092181389602018271e-01
1.930689978571069076e+01 1.133622625084132807e+00
1.928513122939996549e+01 1.671609129123300619e+00
1.926666994361942642e+01 2.205293881014615209e+00
1.930565275999518349e+01 2.723619963082757778e+00
1.929068277467273873e+01 3.263872802454496735e+00
1.928091169888883627e+01 3.762923645845255294e+00
1.989680294355980905e+01 -4.149229137768317699e+00
1.992091431783889277e+01 -3.618309965468712974e+00
1.991427227197092975e+01 -3.097869013617469136e+00
1.991935393953022171e+01 -2.570250140587624799e+00
1.987694435706322338e+01 -2.039220082693894653e+00
1.989340975162075509e+01 -1.493558886971392496e+00
1.987921610217195578e+01 -9.720153752720506191e-01
1.985590036925903590e+01 -4.395580730439228034e-01
1.985722563297595400e+01 8.810860045407764574e-02
1.985401645879936083e+01 6.145638434848876841e-01
1.984588078044479786e+01 1.118728157944332224e+00
1.984739506171188950e+01 1.633237252873374956e+00
1.983441857516078599e+01 2.206190919592390998e+00
1.982405456215766648e+01 2.708896139416211213e+00
1.982327197914570860e+01 3.259035974170551242e+00
1.981435742138661382e+01 3.740040564764719022e+00
2.046633632099618438e+01 -4.143191413274234236e+00
2.045935587672127554e+01 -3.625319866545083869e+00
2.044696099475984141e+01 -3.097539184858929318e+00
2.043387955261641764e+01 -2.569439141661153059e+00
2.042833674054869775e+01 -2.007829996767469538e+00
2.043121053400767195e+01 -1.486730233968390991e+00
2.042004401632355481e+01 -9.679882763962552872e-01
2.040847829057095097e+01 -4.401697637604549129e-01
2.041278449196900979e+01 9.512684259500048256e-02
2.038974848948334895e+01 6.081006594832203405e-01
2.037779413237425530e+01 1.128708879492442918e+00
2.038841585295081771e+01 1.662742353410770590e+00
2.038785887572235112e+01 2.192482319230467880e+00
2.036319297250600258e+01 2.711634715522567518e+00
2.037097240066570691e+01 3.264945995334766593e+00
2.038367062202189572e+01 3.779906657843262963e+00
2.101514172125495605e+01 -4.143412825711910941e+00
2.097841118325326448e+01 -3.619883157850713573e+00
2.099208971686164915e+01 -3.079881540619282987e+00
2.098945613493094697e+01 -2.547848695468648117e+00
2.095897084064450411e+01 -2.036986387887587568e+00
2.094944752948310196e+01 -1.528793019101900796e+00
2.096039557084390736e+01 -9.729456487957293120e-01
2.093386811510038115e+01 -4.478973322063950491e-01
2.095734092534029003e+01 9.329613801842029375e-02
2.091543800560504707e+01 6.238262514943500037e-01
2.095014638854609501e+01 1.174234786530874430e+00
2.093727181657765612e+01 1.664482427099262196e+00
2.093818925759720884e+01 2.197366821896792999e+00
2.093209313063540833e+01 2.727533041689856219e+00
2.092164094931874274e+01 3.258188683395285778e+00
2.091872344873981149e+01 3.789116388823174475e+00
2.155113625024972634e+01 -4.147141333671548580e+00
2.152527692509269031e+01 -3.621745879949541447e+00
2.153331826702653728e+01 -3.077808096593541265e+00
2.151037429620198793e+01 -2.528953614261485683e+00
2.148234794086293675e+01 -2.035343660196993198e+00
2.151877380886674018e+01 -1.503639927531509102e+00
2.149242262594943043e+01 -9.852402263912054536e-01
2.148508587062181618e+01 -4.483349427653671171e-01
2.149365104327254272e+01 8.875901933487639894e-02
2.147682975843908082e+01 6.100186358555284016e-01
2.148497938523647122e+01 1.142893494415663014e+00
2.146789191188201329e+01 1.668018704708462252e+00
2.147423961301984718e+01 2.202589842349695459e+00
2.145831487190874043e+01 2.759741834387696713e+00
2.146476467845596403e+01 3.259214230084786834e+00
2.144676086771803369e+01 3.790741545735304641e+00
2.210296355497981580e+01 -4.142737433987587536e+00
2.208010075783575843e+01 -3.612323148059214617e+00
2.207813682033559388e+01 -3.084825175143519616e+00
2.205410828107926591e+01 -2.550178041436723220e+00
2.203835802146564760e+01 -2.032652453031481343e+00
2.205228239433859017e+01 -1.504172288834748628e+00
2.204872537280867562e+01 -9.592516501163643738e-01
2.203331311136578563e+01 -4.366989451624583296e-01
2.204117476040529056e+01 9.192366300273135948e-02
2.201375079894564379e+01 6.028136147972169567e-01
2.200048230069049282e+01 1.140006920212474739e+00
2.199907462880879194e+01 1.675771674818019363e+00
2.202073591048672796e+01 2.239872609546448956e+00
2.201732215667190928e+01 2.714313968479970640e+00
2.200271809668237211e+01 3.247467115766109913e+00
2.198714456722849064e+01 3.780652285731303408e+00
2.263455820751394754e+01 -4.145386369785539316e+00
2.260787922236690406e+01 -3.608985549111800140e+00
2.260684204434991784e+01 -3.077131510291932770e+00
2.259328476764549976e+01 -2.548745590584516663e+00
2.259163697986048902e+01 -2.029391826642712005e+00
2.259339398115966446e+01 -1.499374995498232721e+00
2.260078417620681535e+01 -9.662899505123547783e-01
2.257120638051978290e+01 -4.349122361536927883e-01
2.257013713607842931e+01 9.698762647032665996e-02
2.256468205110090963e+01 6.079098777855165281e-01
2.257078947428948368e+01 1.146820487582047576e+00
2.254520978817277665e+01 1.684596741935266095e+00
2.256234365744684567e+01 2.241282091918613162e+00
2.256209460499927388e+01 2.733527253774202137e+00
2.253108729977191160e+01 3.241540701221477860e+00
2.251897506488516854e+01 3.768118683654051893e+00
2.315453062054208999e+01 -4.152899945881117105e+00
2.316489364564905173e+01 -3.625737473145266065e+00
2.312896723582660741e+01 -3.095975139794745701e+00
2.314331811392648319e+01 -2.561754274565036127e+00
2.314368003333286339e+01 -2.043799808256228090e+00
2.313072901263110737e+01 -1.504587228286027312e+00
2.312804537831350160e+01 -9.774316860459890677e-01
2.314543142542267873e+01 -4.711748634711838690e-01
2.312086708871019880e+01 1.003755508707584454e-01
2.308941003006771808e+01 6.112458086954646319e-01
2.308385542360906584e+01 1.141661926217221179e+00
2.308523772676679187e+01 1.688231729168030881e+00
2.310395536422621632e+01 2.227296016042728866e+00
2.308735592071801790e+01 2.741320845727067024e+00
2.309502485679220030e+01 3.244786679564363396e+00
2.308614229508207671e+01 3.770785699867317931e+00
2.370205291828494154e+01 -4.148884808097895061e+00
2.368204487849351381e+01 -3.627595492834865709e+00
2.367727147692676226e+01 -3.081915696301450680e+00
2.369774664380734919e+01 -2.558337766173604422e+00
2.368245948213549923e+01 -2.030069791482414843e+00
2.365990045744549519e+01 -1.480757007955748605e+00
2.367010958733247605e+01 -9.521653428701277733e-01
2.365626444616257373e+01 -4.299085757654026452e-01
2.364439041414578213e+01 7.608894013064571027e-02
2.365098890155540801e+01 6.108964489308235102e-01
2.362213952261933514e+01 1.144099539699119816e+00
2.362437702531511263e+01 1.704464817573708046e+00
2.360446240503145532e+01 2.211810082802493582e+00
2.361646496087877978e+01 2.732476555694745457e+00
2.361356900159058370e+01 3.270079995427959574e+00
2.360281020061078294e+01 3.778573478737921931e+00
2.422233695871232584e+01 -4.164568707855766050e+00
2.423571089080249408e+01 -3.604179534385915318e+00
2.422573461728059385e+01 -3.093447827995978727e+00
2.421730194437027706e+01 -2.552247235895869437e+00
2.420169475839650630e+01 -2.016884314849832549e+00
2.419482936716590871e+01 -1.486787635211243241e+00
2.419085238451779674e+01 -9.647374895552971452e-01
2.419059378574304020e+01 -4.391318673943658268e-01
2.418159738372823142e+01 8.671822679257346067e-02
2.417363122454995761e+01 6.165417128219559117e-01
2.418069492495552453e+01 1.137462662202683106e+00
2.417716333111687277e+01 1.678808737194326994e+00
2.416459047761555468e+01 2.225298521106694238e+00
2.418456808727590612e+01 2.713872688616515205e+00
2.415940939669928866e+01 3.251125760240096696e+00
2.416031846237682856e+01 3.784361382850999433e+00
2.477587218948377057e+01 -4.147744898328625140e+00
2.476895944184938259e+01 -3.611810522955762437e+00
2.476275002943961567e+01 -3.086620996240828418e+00
2.475596332017678236e+01 -2.566563997295869370e+00
2.474829701603625409e+01 -2.013982517503183800e+00
2.474145027730282465e+01 -1.493135150562995506e+00
2.473605612440949386e+01 -9.747424021964903318e-01
2.470654625100806356e+01 -4.393567225112313679e-01
2.470214982869358522e+01 1.020319070027433384e-01
2.470485115473863402e+01 6.234952073455417576e-01
2.470976343144277365e+01 1.127449081996811486e+00
2.471268087978396721e+01 1.675998843903474977e+00
2.477478217836645769e+01 2.206667644926664451e+00
2.472965490469085381e+01 2.736479155354025750e+00
2.470943581855763682e+01 3.270292485405366989e+00
2.468432552706249794e+01 3.771953961868405258e+00
2.529082751553332287e+01 -4.146921860442946084e+00
2.529555850994599808e+01 -3.607791503255389998e+00
2.529312476566170886e+01 -3.081927611230394604e+00
2.528640629087823299e+01 -2.571769490190774832e+00
2.528675897966821395e+01 -2.017793528466476971e+00
2.526739443356157722e+01 -1.489014071508236725e+00
2.527198516574184595e+01 -9.704161725940529948e-01
2.527478850390011900e+01 -4.330017434069723947e-01
2.526369453549514077e+01 8.521680427951849879e-02
2.526268786950123513e+01 6.144188143202597985e-01
2.527004224377090225e+01 1.146040406140627965e+00
2.525057080447768243e+01 1.676728121432205398e+00
2.525000415962997380e+01 2.204056829836641640e+00
2.528242076565130247e+01 2.734398197325187851e+00
2.524333910681365722e+01 3.256794365120626367e+00
2.522384986256709993e+01 3.786559098071759166e+00
2.586268430906491744e+01 -4.143745079132298059e+00
2.582365101164293719e+01 -3.610077049909438784e+00
2.584327416354933860e+01 -3.083639380663312224e+00
2.582051858194297012e+01 -2.559184018866872634e+00
2.581767564423284966e+01 -2.024402002493442154e+00
2.579846183819417860e+01 -1.504162187123228023e+00
2.579657125893265146e+01 -9.657354625239413792e-01
2.581150775869904379e+01 -4.327558720007189663e-01
2.581270615833753368e+01 9.280328999693310266e-02
2.580312866767742719e+01 6.152946634634197665e-01
2.579342202925425909e+01 1.145913606859739531e+00
2.579330036126209791e+01 1.677738129561248570e+00
2.580365363080183272e+01 2.212133591803127075e+00
2.579706154029435794e+01 2.726101711877507938e+00
2.579898539584407047e+01 3.251120324931974892e+00
2.580200767032385301e+01 3.783623601284478610e+00
2.639715517520510701e+01 -4.137635999905022288e+00
2.635119769198052353e+01 -3.647816061958044642e+00
2.637113338840757848e+01 -3.078302869819502519e+00
2.635248825585616572e+01 -2.558371702411506021e+00
2.636756468756500738e+01 -2.030226255206716957e+00
2.638438001124006860e+01 -1.507916691336625092e+00
2.637403104817449417e+01 -9.563907259304968989e-01
2.634994276410965597e+01 -4.259181604304522750e-01
2.635318761801728726e+01 9.033801643240479962e-02
2.632557665119222179e+01 6.253099716619558990e-01
2.632963629866495836e+01 1.136269447630827045e+00
2.634751591961100559e+01 1.687448480522711236e+00
2.633347471921424443e+01 2.206861045771720597e+00
2.631035402244941679e+01 2.715871447490048496e+00
2.630521272657438203e+01 3.245613674162473927e+00
2.630909698050439971e+01 3.792420615271602458e+00
2.690808229769073989e+01 -4.143182269454138478e+00
2.691457881719309597e+01 -3.616760680857208143e+00
2.692140938983765608e+01 -3.094208243034044514e+00
2.691008722552902555e+01 -2.562955207553706316e+00
2.691232590341017072e+01 -2.019446429085235195e+00
2.691029919001957182e+01 -1.516322271610178518e+00
2.690309548654447269e+01 -9.774998210583341063e-01
2.691365137866498713e+01 -4.221590288723788831e-01
2.688430344829360052e+01 8.277095488088903608e-02
2.689180073933345483e+01 6.050237572161130117e-01
2.689455624562793190e+01 1.138078849828367822e+00
2.687474969106860101e+01 1.677138782682501272e+00
2.685582612043054240e+01 2.218612304954387326e+00
2.686759685474795845e+01 2.746108743343192771e+00
2.687209538667384123e+01 3.236915059719454035e+00
2.685707372749734390e+01 3.792032342161114400e+00
2.744231649446818722e+01 -4.151061882928658520e+00
2.745207139606550584e+01 -3.627193467686579353e+00
2.745470609078075341e+01 -3.091379120898579913e+00
2.744481944968955389e+01 -2.550125063347270071e+00
2.745989939707671823e+01 -2.011534186893602083e+00
2.744569171353447246e+01 -1.505645951575406372e+00
2.743427721827067245e+01 -9.666155890152197117e-01
2.744079188113872192e+01 -4.273473665774751851e-01
2.742382069303054237e+01 9.781617176714973994e-02
2.742215482361695678e+01 6.307092804869469660e-01
2.744394888712908198e+01 1.172636511655429814e+00
2.742770451835905732e+01 1.670040368288137955e+00
2.742169634271350986e+01 2.211844319151605731e+00
2.741339841215335582e+01 2.710906315532586319e+00
2.739275419267410427e+01 3.246414081947495589e+00
2.739635501496704251e+01 3.808972690973714492e+00
2.798597790787158601e+01 -4.129517442405218119e+00
2.797177581916830036e+01 -3.625942368390935755e+00
2.796247143162876370e+01 -3.101199779512421983e+00
2.798817161227271555e+01 -2.557370723676505975e+00
2.796973902603833295e+01 -2.022463403682753125e+00
2.800044106551230527e+01 -1.498566228753638541e+00
2.797943208758402989e+01 -9.690210780057064710e-01
2.796994890782629994e+01 -4.418064999398865211e-01
2.797053330750026134e+01 8.819986449655203842e-02
2.796658983650262087e+01 6.247529163566696297e-01
2.797189015463067108e+01 1.162586866427652410e+00
2.794941664128893422e+01 1.682303817655832034e+00
2.793643710252746359e+01 2.220818643432103556e+00
2.794599373497661787e+01 2.744889070711181489e+00
2.794029323349815996e+01 3.269797439911549475e+00
2.792964931373416704e+01 3.794085052885396436e+00
2.852019445666634567e+01 -4.135598944679928834e+00
2.854366909812961950e+01 -3.631766673288680636e+00
2.853562215141868563e+01 -3.076574958033962304e+00
2.852233169296969351e+01 -2.543817135313677369e+00
2.851387753269429481e+01 -2.025212199463684470e+00
2.852685134601827599e+01 -1.482734544122362053e+00
2.851091564546284474e+01 -9.604257896524437399e-01
2.850040707669216289e+01 -4.393009973355006537e-01
2.850269965154275553e+01 9.642165723893825202e-02
2.850821389440804410e+01 6.497721801652467377e-01
2.850516815531357651e+01 1.160477994198771512e+00
2.849410208876901862e+01 1.667268156271560997e+00
2.848399545948226574e+01 2.198881373503247971e+00
2.850219918979513523e+01 2.733698954963330152e+00
2.849834145104281902e+01 3.274850009256592642e+00
2.848105088875227864e+01 3.822328879620393138e+00
