1.037021951653100160e+01 -4.127680263863529930e+00
1.035535895885309543e+01 -3.605721874112150616e+00
1.031279988448786256e+01 -2.605276845140330977e+00
1.031189808518708517e+01 -2.052482552928392323e+00
1.032898847062647718e+01 -1.549900283681033386e+00
1.030805068507412159e+01 -1.031095183201639287e+00
1.028613407297937954e+01 -5.285221037668144106e-01
1.023316392797826424e+01 5.496354025978789082e-01
1.025741775065979766e+01 1.088352991163166195e+00
1.024251218802311669e+01 1.604390778073394586e+00
1.025934642332304492e+01 2.106331409077601080e+00
1.023442646565258229e+01 2.645537887180882564e+00
1.019981414276323051e+01 3.163321922193741642e+00
1.020797163084574066e+01 3.696456657615421193e+00
1.094001480421120931e+01 -4.137193987985703814e+00
1.089982263203540924e+01 -3.659535665033368801e+00
1.090181168336460260e+01 -3.109716440272467963e+00
1.087391970860112167e+01 -2.056543373911274841e+00
1.084602054782011749e+01 -1.537067865104546627e+00
1.083602080766413778e+01 -1.026445796776755515e+00
1.079845769388091270e+01 -4.989138341501977436e-01
1.081114625814743846e+01 1.358985737754281331e-02
1.080614138688778070e+01 5.733325548356091872e-01
1.079511492709068676e+01 1.595799017502642414e+00
1.078624951026098344e+01 2.126720189552248286e+00
1.078523816706546512e+01 2.638588250639237742e+00
1.076431540730441228e+01 3.188056681579336527e+00
1.073803809032016332e+01 3.690372838378266351e+00
1.145487611600423605e+01 -4.131168597844197876e+00
1.148237525994633046e+01 -3.637322629585719724e+00
1.143465276725152435e+01 -3.087867170229309011e+00
1.144065333132063955e+01 -2.576657879287818531e+00
1.141353092791681689e+01 -2.070360338338069539e+00
1.140329106411785176e+01 -1.554850395392740836e+00
1.138401706184368933e+01 -1.017746938793809619e+00
1.139165800612289559e+01 -4.997205712811023659e-01
1.136558010772332494e+01 1.586522434515202917e-02
1.136438970254846836e+01 5.331318709220944640e-01
1.134962019838075875e+01 1.059810070889930955e+00
1.133124111721481597e+01 1.611637299698820414e+00
1.133100391706662791e+01 2.133861512261031379e+00
1.131636438422355084e+01 2.643499334926040945e+00
1.132404297791567416e+01 3.183557624566216049e+00
1.129365074027595028e+01 3.702644964917833903e+00
1.200249295450530695e+01 -4.126430657395960822e+00
1.201852393989122092e+01 -3.615581848377628305e+00
1.199020975543382406e+01 -3.098598663783327822e+00
1.199934792476776835e+01 -2.569585019527565350e+00
1.198514364005144373e+01 -2.048826751712287120e+00
1.196257609838824010e+01 -1.540141362633132616e+00
1.194942893067210221e+01 -4.835103997520455721e-01
1.192801920221187117e+01 3.614414035162027972e-02
1.194853147172055685e+01 5.941735814469950583e-01
1.193438854674479543e+01 1.056464680505072806e+00
1.189012288105302417e+01 1.632165510975045919e+00
1.188218718257854079e+01 2.131279071867567154e+00
1.186445911729222757e+01 2.655642693905427620e+00
1.186823849045198287e+01 3.181763032194268703e+00
1.187930686534048874e+01 3.704305002970166072e+00
1.257619501258208672e+01 -4.141328547435159990e+00
1.257020434344256898e+01 -3.597688357994115904e+00
1.254989335535658768e+01 -3.040541539333180054e+00
1.255476752941028806e+01 -2.571673326476819454e+00
1.252422119937645917e+01 -2.040242461711255118e+00
1.252105282467850600e+01 -1.555583284103754238e+00
1.251425793805426423e+01 -1.000414170437188943e+00
1.248110117662274021e+01 -4.812545525870390861e-01
1.248147066464149546e+01 7.084959552287983797e-02
1.248472884352404932e+01 5.849674993634792486e-01
1.245807950701624378e+01 1.098184570511289593e+00
1.242513877940099221e+01 1.592932580691751809e+00
1.242663721683046774e+01 2.142744608862177103e+00
1.242981961493916288e+01 2.664617031530557512e+00
1.243156967672891966e+01 3.172315766475058751e+00
1.243454537938085736e+01 3.701249180023257423e+00
1.312349683099163755e+01 -4.163148126398988680e+00
1.300064538903929900e+01 -3.704635239576562711e+00
1.313015013196264746e+01 -3.112853697513239482e+00
1.311571696542763021e+01 -2.567214340398994210e+00
1.307211911164451124e+01 -2.050143202000182185e+00
1.308060592069924510e+01 -1.549623311053050401e+00
1.306569225326941819e+01 -1.003925890279848687e+00
1.305463783102939956e+01 -5.058939295780611189e-01
1.301090523831883417e+01 5.428267960592592090e-02
1.303761571548823639e+01 5.920164904318241383e-01
1.304504019639500356e+01 1.102082257538143040e+00
1.299553118857082623e+01 1.564378777324215264e+00
1.296866574673887484e+01 2.134778338694157895e+00
1.299903745369520180e+01 2.693229055286291640e+00
1.300940940325902417e+01 3.184726504566938843e+00
1.300727052022331165e+01 3.727518554050295307e+00
1.370907419073017053e+01 -4.151414308831345323e+00
1.368028826817525356e+01 -3.639093077907810780e+00
1.368532376212515089e+01 -3.096760926702062378e+00
1.366193174392567755e+01 -2.571090593343456021e+00
1.365705858578497711e+01 -2.043620492500856756e+00
1.363118050353982369e+01 -1.509415700396797178e+00
1.363219509228068205e+01 -9.815092835019854078e-01
1.363992983596032360e+01 -4.485600853913283004e-01
1.360574775417294191e+01 4.991696118147004313e-02
1.359762582567442024e+01 5.831610476352047101e-01
1.357059005015489461e+01 1.082523753464421645e+00
1.359576590220171610e+01 1.610007347190080651e+00
1.354757995183657826e+01 2.118344886092970114e+00
1.356227097071142751e+01 3.207521896680152196e+00
1.355403487535236451e+01 3.739841704527677280e+00
1.428779787656028688e+01 -4.131475705873034698e+00
1.426174417989081178e+01 -3.606512715368060285e+00
1.423707319159466067e+01 -3.100806909696906644e+00
1.419258790860154562e+01 -2.574731904607059363e+00
1.419675915859461668e+01 -2.048988836892451815e+00
1.420633558446261446e+01 -1.490840223229643158e+00
1.418805690065092762e+01 -9.740775073466814149e-01
1.416242253216544711e+01 -4.486700332827098237e-01
1.413676238748455916e+01 5.356754257593721036e-02
1.413996324273927385e+01 5.695713774619797221e-01
1.413522788678632125e+01 1.095974276559683602e+00
1.409590501187987854e+01 1.599860870816574021e+00
1.409284974025030479e+01 2.126922796872015908e+00
1.414418192043196143e+01 2.678899709550208286e+00
1.407647057819603020e+01 3.196515720983139630e+00
1.413507065417740449e+01 3.755331162007948365e+00
1.486152019274460656e+01 -4.142558352141543665e+00
1.480440542116346947e+01 -3.615125996946725095e+00
1.482042347740568644e+01 -3.106298976358329966e+00
1.477105406520564657e+01 -2.566406276084478577e+00
1.474951517529117240e+01 -2.010876574642505688e+00
1.474563112429797229e+01 -1.506618773089865471e+00
1.473133758856520714e+01 -9.981357891578177544e-01
1.471044656929833749e+01 -4.436036119879815942e-01
1.470082619829814519e+01 5.484052657317306512e-02
1.468155054508586943e+01 5.648768859288075816e-01
1.467714054721748695e+01 1.089790248130032779e+00
1.466685651644712962e+01 1.624099233623482519e+00
1.465795030331998916e+01 2.172033505501673289e+00
1.466031988281300258e+01 2.663018244380861432e+00
1.461977740959815009e+01 3.724553896216644233e+00
1.540658855180591758e+01 -4.155539106416037853e+00
1.536442542350145501e+01 -3.637885741091805514e+00
1.534148886642050158e+01 -3.111528108143357230e+00
1.532632739072582240e+01 -2.559537856125047028e+00
1.530581859441316439e+01 -2.046196364805485501e+00
1.530199905161574847e+01 -1.534795804121781515e+00
1.530898349447141626e+01 -9.767206499894207639e-01
1.524960583863034458e+01 -4.445796234342225262e-01
1.523856122744072650e+01 5.443622572211026522e-02
1.526150477490055479e+01 5.852447032434753282e-01
1.524338831107287007e+01 1.102156551188141265e+00
1.524932288865576524e+01 1.612843434387560393e+00
1.523408821296458626e+01 2.152150822588449586e+00
1.519031237688593450e+01 2.665993565211959293e+00
1.515020259792845181e+01 3.208777680528779541e+00
1.522314105969785203e+01 3.726534939005361480e+00
1.594393773339552212e+01 -4.151144063005112628e+00
1.590606344158847207e+01 -3.601785680077666640e+00
1.588037655716007279e+01 -3.081201474603977530e+00
1.589369683233719144e+01 -2.552998817916908081e+00
1.587774311030930363e+01 -2.017243512563602792e+00
1.585092546458250595e+01 -1.509754031628389725e+00
1.582035110090705388e+01 -9.828123786074023371e-01
1.581604395870177271e+01 -4.700995596372621321e-01
1.580413443787554328e+01 5.559221449842866036e-02
1.578825679919045655e+01 5.943499525232240899e-01
1.576871368302243326e+01 1.122195496935010084e+00
1.581067495057603978e+01 1.650117601919362187e+00
1.580790426651400438e+01 2.134912442264731425e+00
1.575061224919489433e+01 2.675335881136973626e+00
1.573892682226584938e+01 3.204850911360907162e+00
1.575067381157041169e+01 3.766431592902641512e+00
1.646779061692426538e+01 -4.111817062190565863e+00
1.644834777870471143e+01 -3.582734011295817922e+00
1.644004218090569935e+01 -3.060307262237923709e+00
1.642362451107323906e+01 -2.554742921848117021e+00
1.640431968375952110e+01 -2.025049335124389671e+00
1.640042428030551136e+01 -1.517074662922091477e+00
1.637223491467392478e+01 -9.648793010991596475e-01
1.637141934486439965e+01 -4.424032695628739020e-01
1.634250624694344012e+01 7.897249931246363985e-02
1.633971863832130467e+01 5.984796981822562145e-01
1.632148808551072250e+01 1.106411649446311429e+00
1.634643406221869810e+01 1.655867980934335293e+00
1.630174278430044765e+01 2.150275528679941317e+00
1.629557507876250000e+01 2.703501962741881925e+00
1.627812907173752066e+01 3.224077300437613758e+00
1.630990268308328339e+01 3.742028772512547619e+00
1.701223310505200459e+01 -4.104054990965892102e+00
1.698881936405157589e+01 -3.587875033297645899e+00
1.697786591476764784e+01 -3.055427410919918429e+00
1.696948682103537820e+01 -2.530805817336958086e+00
1.697674490560930494e+01 -2.016564863171492306e+00
1.693020868398246037e+01 -1.516514461980722928e+00
1.693562433828657987e+01 -9.696626341176077801e-01
1.694142492321664761e+01 -4.523741894448676248e-01
1.691430328159668051e+01 8.030287850325379395e-02
1.687662745067530778e+01 5.769914881820525920e-01
1.687703141565839005e+01 1.125049899808676201e+00
1.689024148282592463e+01 1.641032151867499067e+00
1.686687290742879597e+01 2.171426671156723387e+00
1.684625634339298372e+01 2.714734008920036246e+00
1.685273472610296963e+01 3.220858577589051919e+00
1.685014341271810068e+01 3.750676263114026909e+00
1.757830728065638937e+01 -4.107827754147598043e+00
1.755106781234606217e+01 -3.580780787171550017e+00
1.754128117582537882e+01 -3.044203947620520267e+00
1.752957626518706746e+01 -2.560816859641253274e+00
1.750466582126896853e+01 -2.035809479577075365e+00
1.746156183786077065e+01 -1.496208906563026630e+00
1.747042631785503630e+01 -9.730036117732048240e-01
1.747086516700031211e+01 -4.439222929465138634e-01
1.745101618647894526e+01 8.163728121452606956e-02
1.745236268185975703e+01 5.973586310053207171e-01
1.743184985949151766e+01 1.138818584486116947e+00
1.741025192901041763e+01 1.620547369716828001e+00
1.741308086424552926e+01 2.176552030839395968e+00
1.740711546001439913e+01 2.700002677153499064e+00
1.740695549904341632e+01 3.237562339681904433e+00
1.739917946867864273e+01 3.769922638344027632e+00
1.810816987746451900e+01 -4.094104547739551236e+00
1.808532339169064684e+01 -3.586203409490495986e+00
1.809661662903575419e+01 -3.061780736701274819e+00
1.808026898052121823e+01 -2.526409054011494959e+00
1.804728738035313640e+01 -2.036007677169269670e+00
1.804890081173014238e+01 -1.464289240170078443e+00
1.802403547699662312e+01 -9.613801439730380594e-01
1.798640054077185724e+01 -4.450283311837068823e-01
1.798434339837361762e+01 8.649438678387966206e-02
1.798754778722966208e+01 5.953991262112943161e-01
1.798088270496613816e+01 1.136636597986360186e+00
1.795579870364998243e+01 1.648064189575805472e+00
1.794972526941635849e+01 2.164965223346047907e+00
1.795077943263762776e+01 2.704187096730091611e+00
1.792953235529894229e+01 3.231889112142201981e+00
1.795603231165481972e+01 3.735018785072508507e+00
1.863579514137151349e+01 -4.105517229186029127e+00
1.863428137294943809e+01 -3.599719661517973179e+00
1.863482666829487044e+01 -3.054497992780389026e+00
1.861259660934154780e+01 -2.559293899207840894e+00
1.860499881259386257e+01 -2.027213004567521182e+00
1.860210825311405358e+01 -1.491495271452304650e+00
1.857444356523846096e+01 -9.733349596500922019e-01
1.857238609265061768e+01 -4.496859363374916541e-01
1.853698049643482904e+01 8.017961641933268879e-02
1.851988214632920204e+01 6.156347034502829274e-01
1.851675570159415329e+01 1.132440914397466969e+00
1.851608269630118642e+01 1.654493360727215645e+00
1.850936426130966694e+01 2.186942763802733225e+00
1.850113714856421510e+01 2.671160198861606716e+00
1.853018451244583886e+01 3.125472380656450611e+00
1.850377404205589116e+01 3.725412908763335196e+00
1.922242154377121182e+01 -4.110187951802892314e+00
1.918971270066298018e+01 -3.596741863024783825e+00
1.918666620177820903e+01 -3.074171074660700498e+00
1.915014980997239391e+01 -2.555296306454014399e+00
1.913398099336076186e+01 -2.035037671305968132e+00
1.913463067127774764e+01 -1.495439809554415689e+00
1.913935114707688356e+01 -9.731501230887751319e-01
1.911920666104736810e+01 -4.415098615151116235e-01
1.909919925121346296e+01 6.285088716497710948e-02
1.910120796152751765e+01 6.058931501533990627e-01
1.908068315525933301e+01 1.123011465556885469e+00
1.905876522081074143e+01 1.659309735924299645e+00
1.904210877174172012e+01 2.185679104147528307e+00
1.908165400929945221e+01 2.706414195511516851e+00
1.906302772464315964e+01 3.235799489476750779e+00
1.904909212730444068e+01 3.736351018085890985e+00
1.971989257840214549e+01 -4.126202487565999277e+00
1.974551487424144369e+01 -3.605714149348393960e+00
1.973549647971496412e+01 -3.083890550592652602e+00
1.973702865587968347e+01 -2.558569283766846780e+00
1.968602945841527685e+01 -2.041022665851322415e+00
1.969043664650715542e+01 -1.488539727613410690e+00
1.967981803561852772e+01 -9.697405156079454969e-01
1.964889150350052560e+01 -4.443259018073213440e-01
1.965012859684263091e+01 8.380201853197633000e-02
1.964431194620217980e+01 6.068461426270808090e-01
1.963567165500274569e+01 1.115907274333697075e+00
1.961792347706297335e+01 1.637822554472343484e+00
1.961899658483051567e+01 2.193858780759416760e+00
1.959616024529268330e+01 2.686377119007325120e+00
1.959657268044042056e+01 3.237829739933534512e+00
1.958439376492730588e+01 3.715530810758600921e+00
2.029628078403359837e+01 -4.126456914517348196e+00
2.028429040348402168e+01 -3.602630315326711852e+00
2.026759909259637737e+01 -3.081721570138396871e+00
2.025324154926973108e+01 -2.558805833729671519e+00
2.024371199556991030e+01 -2.000481621658650511e+00
2.023576971480778752e+01 -1.482066543407736248e+00
2.022749141334515599e+01 -9.654818955803641245e-01
2.021942774217621519e+01 -4.355387207068410760e-01
2.021567618132100108e+01 9.671552716381626169e-02
2.019400419000189117e+01 6.096475120022191163e-01
2.017659961885591002e+01 1.125436406678229417e+00
2.017711261061899108e+01 1.649155010245141995e+00
2.017820258950154511e+01 2.178738216117210413e+00
2.015105155457395725e+01 2.696786243877770772e+00
2.015790050741306416e+01 3.249106671843971839e+00
2.015882530733006561e+01 3.756135043575806520e+00
2.085361950275353138e+01 -4.127438968533924779e+00
2.080927031767489410e+01 -3.597544087722395645e+00
2.081868457834121244e+01 -3.063565379903138819e+00
2.082636655181181595e+01 -2.538258442443812157e+00
2.078188743025726382e+01 -2.038051595288632001e+00
2.075929726903224548e+01 -1.520401194381364007e+00
2.077049254741324091e+01 -9.695684033784637279e-01
2.074797507063130553e+01 -4.443029270799527808e-01
2.076156013028126068e+01 9.485072502364744196e-02
2.072009234839716640e+01 6.243380596805110372e-01
2.075153576646636822e+01 1.163355862599921409e+00
2.073788892383897320e+01 1.656002651045891838e+00
2.073265338454411477e+01 2.185019468896573613e+00
2.072367880302950738e+01 2.716382031051253421e+00
2.070990155700643243e+01 3.240024831212963363e+00
2.070121626406735516e+01 3.770166694972857613e+00
2.139595155679135985e+01 -4.127065032672536660e+00
2.135800385264669643e+01 -3.595021445707905272e+00
2.136673370781720394e+01 -3.069020563095353538e+00
2.134995745046189342e+01 -2.527018321003271950e+00
2.131455484490478369e+01 -2.030274885257789208e+00
2.133678447857984395e+01 -1.499641598689127164e+00
2.130168325491267467e+01 -9.836473108618903893e-01
2.129614885834106275e+01 -4.529961143696503711e-01
2.129591452913606275e+01 8.811135256048174824e-02
2.128528143083076429e+01 6.043329513100665906e-01
2.129291824475088646e+01 1.135166659933553035e+00
2.127213878881407538e+01 1.656507763159268620e+00
2.127438912870644572e+01 2.189249085445823084e+00
2.126772554233833290e+01 2.740256252551731109e+00
2.125756430471794545e+01 3.237299750914242935e+00
2.124533538201428939e+01 3.769552507836433364e+00
2.195058291479235635e+01 -4.124050013599884323e+00
2.192574792862757249e+01 -3.593468703852131796e+00
2.191400871125349425e+01 -3.070392567604462997e+00
2.188401114244585699e+01 -2.536309568958415639e+00
2.187155050861647254e+01 -2.018944963096252820e+00
2.187962558869743646e+01 -1.492749793716580342e+00
2.187619197268583093e+01 -9.624437173774254006e-01
2.185396760678088413e+01 -4.411962760155212493e-01
2.185545335281721435e+01 8.452301545495899404e-02
2.182879865909421113e+01 5.958505386982153595e-01
2.181402538541787806e+01 1.134214753210311954e+00
2.181029127270248580e+01 1.667462809979216587e+00
2.182899049154758586e+01 2.232218635920212080e+00
2.182550028697968258e+01 2.686763355359531147e+00
2.180932394847749123e+01 3.221630438200730140e+00
2.178680549269180489e+01 3.759890960259578918e+00
2.248755162308228250e+01 -4.129223290660901213e+00
2.244944361889522355e+01 -3.589267815961907360e+00
2.244926986968857818e+01 -3.055156883683656233e+00
2.243904735080445789e+01 -2.536645829737469882e+00
2.242056392337392623e+01 -2.022726894296674516e+00
2.241528225845564037e+01 -1.495311649678829014e+00
2.242910903853070437e+01 -9.624627742755080817e-01
2.239224471430451757e+01 -4.355835799607028491e-01
2.239015443455776477e+01 9.240250278791961591e-02
2.238165248098610505e+01 6.000170320105837618e-01
2.238701350621085595e+01 1.141301060643556298e+00
2.236093508237249949e+01 1.675820781709262519e+00
2.237661057536633535e+01 2.231978371629633529e+00
2.236800528523727394e+01 2.707729229559909356e+00
2.234319763376846879e+01 3.223837374648905296e+00
2.233258854217598355e+01 3.760088901066438893e+00
2.300775749120101210e+01 -4.128204831034411271e+00
2.301928939383859074e+01 -3.606359139880616738e+00
2.297277125568535894e+01 -3.081471090504768640e+00
2.298849533261692812e+01 -2.547696691389301549e+00
2.298883335946903372e+01 -2.015067967620812084e+00
2.296674583783544676e+01 -1.503159309299427093e+00
2.295694497555152935e+01 -9.705942265403280089e-01
2.297122802527174912e+01 -4.548901739051487425e-01
2.294119248492958718e+01 1.007641404721653089e-01
2.291548375730842935e+01 6.072470926056183771e-01
2.290734433462032626e+01 1.137471565432164766e+00
2.291121979761658878e+01 1.670131223308597868e+00
2.292806340638860263e+01 2.218418887503652570e+00
2.290394226574272096e+01 2.734930914957089954e+00
2.290799283854925505e+01 3.235937687164526011e+00
2.289753732895726301e+01 3.755672833331203719e+00
2.356782645078726546e+01 -4.128396566359869624e+00
2.355098839221286511e+01 -3.597324428184791145e+00
2.352036353873283048e+01 -3.055673650918281581e+00
2.354432368652533825e+01 -2.537643583995198071e+00
2.352660018491382488e+01 -2.016320024356410556e+00
2.349494831818557827e+01 -1.471470544423183924e+00
2.349149040395288068e+01 -9.435881556193130848e-01
2.349203166834200118e+01 -4.252662233348409870e-01
2.347441222468194155e+01 7.955516956958774699e-02
2.347313027588569412e+01 6.100279916613828846e-01
2.344858129905768607e+01 1.136937801442890361e+00
2.345062521578052639e+01 1.699463739967882248e+00
2.343281611586081681e+01 2.208562323289509521e+00
2.343451254274734907e+01 2.726893457963118550e+00
2.343637022306954520e+01 3.259539395633250791e+00
2.342328429587089289e+01 3.756998455647273971e+00
2.408123077509953447e+01 -4.147139068968776598e+00
2.409696359944284438e+01 -3.578914716389570927e+00
2.408248342623927840e+01 -3.072157414146698073e+00
2.406606618573233902e+01 -2.517361895978144304e+00
2.404843899970916965e+01 -2.007089477727468818e+00
2.404367821695907281e+01 -1.480265423011587700e+00
2.402502996924880563e+01 -9.576790715650389529e-01
2.402532147007241292e+01 -4.333298943635632838e-01
2.399695872712423750e+01 9.405746403347947648e-02
2.400414192996964147e+01 6.122049173487980056e-01
2.400693012469437093e+01 1.131816081628034709e+00
2.400079497820011198e+01 1.678874513837378402e+00
2.398353246799122473e+01 2.220818588211152189e+00
2.401276153747983955e+01 2.699771706366423274e+00
2.397871451473255888e+01 3.244782337388144811e+00
2.398511617353239700e+01 3.768503305579656626e+00
2.464322042733323315e+01 -4.120679674395688608e+00
2.463325172994313306e+01 -3.578846898863055515e+00
2.462106066134330007e+01 -3.074932737389071136e+00
2.460302707416687440e+01 -2.541256432892474493e+00
2.459215687155478491e+01 -1.997790857511976270e+00
2.458948637644916602e+01 -1.481963370040659811e+00
2.457701850076278305e+01 -9.629885351866285248e-01
2.453832664748734516e+01 -4.284400133006158740e-01
2.454012854055314108e+01 1.122320837878447719e-01
2.454481529764957060e+01 6.264919002832058936e-01
2.454278883730057714e+01 1.121685429195704131e+00
2.454581674676966685e+01 1.670287079645053296e+00
2.460744998985889964e+01 2.200711765929732167e+00
2.455650895048565019e+01 2.731240280763330475e+00
2.453509212699715647e+01 3.261142751458944389e+00
2.451430252299390133e+01 3.764230412072407717e+00
2.516124170732955889e+01 -4.129448916268662728e+00
2.516651078978905787e+01 -3.584475744504926453e+00
2.516311346176797059e+01 -3.065433776877995342e+00
2.514764460639255361e+01 -2.539744674194359675e+00
2.514096670031985070e+01 -2.002053065699687551e+00
2.512259902202001882e+01 -1.475882144767787452e+00
2.512284019866326190e+01 -9.530915756363036451e-01
2.511259160285437275e+01 -4.158942821987139382e-01
2.511130258132426718e+01 9.607058624373365774e-02
2.510691059946697834e+01 6.173572910266535985e-01
2.510881499401509132e+01 1.146361211298231098e+00
2.509123424013390036e+01 1.675025556859800702e+00
2.508409642184788879e+01 2.209172284561638833e+00
2.512238184770806271e+01 2.728225468154931832e+00
2.507798826898373790e+01 3.237758514783049435e+00
2.506623705377613476e+01 3.769721931028975348e+00
2.574203240874075505e+01 -4.123957807623932936e+00
2.569982706446087661e+01 -3.582735008735614457e+00
2.571776579245054251e+01 -3.060391569978566650e+00
2.568815153485738989e+01 -2.544180327748975401e+00
2.568382667069520409e+01 -2.013648221079375134e+00
2.565563578575040538e+01 -1.486056709293393396e+00
2.565005472626545213e+01 -9.567795099958118499e-01
2.566564536580083455e+01 -4.296678977529495569e-01
2.566335339756990663e+01 9.996912135406432753e-02
2.564838636192797594e+01 6.193959817226506459e-01
2.563367743838217194e+01 1.147601458915122663e+00
2.564339650166368045e+01 1.675103895315192659e+00
2.564625184670072144e+01 2.216287861459854014e+00
2.563563609347797723e+01 2.725457270724675141e+00
2.563413360191414370e+01 3.242798541784509325e+00
2.563407170567462146e+01 3.774912743596743780e+00
2.626796831504606899e+01 -4.103982138812250824e+00
2.619768329022272013e+01 -3.617657356302975913e+00
2.624443451303302766e+01 -3.057676623241214031e+00
2.621787954631670914e+01 -2.540810552546364676e+00
2.623673443839201269e+01 -2.017957840406403136e+00
2.625347955910765307e+01 -1.491959155711388263e+00
2.623460428946290079e+01 -9.420041133182159854e-01
2.621309740196986837e+01 -4.120891468491834075e-01
2.621167151312162247e+01 1.012977098453227143e-01
2.618433412677963190e+01 6.269299589569392595e-01
2.617838301883353580e+01 1.142092946942732112e+00
2.617519432626663445e+01 1.687636237027003716e+00
2.617313857997784510e+01 2.210823686463818660e+00
2.616050628672133627e+01 2.718288342408673230e+00
2.615726679141118893e+01 3.231595999325044488e+00
2.614824277745883307e+01 3.780456989174744820e+00
2.678842610844669991e+01 -4.124660356232029201e+00
2.679963625037976271e+01 -3.597845895091630553e+00
2.680830285648388411e+01 -3.069977952757117379e+00
2.677486693201285561e+01 -2.544304116954535289e+00
2.678465108632051539e+01 -2.004786578637240524e+00
2.677857697273804405e+01 -1.494515679074485348e+00
2.677081974083993288e+01 -9.642191792431162867e-01
2.679087584957370183e+01 -4.062557759419149761e-01
2.674900929858495857e+01 9.198838101310258253e-02
2.674834110269189580e+01 6.113420994439948686e-01
2.675256405244091695e+01 1.144690546699578704e+00
2.672923899987667795e+01 1.686933341079729587e+00
2.670988384006538752e+01 2.222351184425548354e+00
2.671650165956626921e+01 2.733268891167558223e+00
2.673825923249903269e+01 3.210349326115380819e+00
2.671124438771570198e+01 3.774072920326673852e+00
2.732250811320646733e+01 -4.121249043748434815e+00
2.733761933325541804e+01 -3.600238913001685859e+00
2.733879847980577438e+01 -3.063065719080512395e+00
2.732621869512530566e+01 -2.528648323957320088e+00
2.734229011917559404e+01 -1.988080455639618549e+00
2.732327418070875069e+01 -1.486781837004727436e+00
2.731365235925918000e+01 -9.551934430085289307e-01
2.731358495001393294e+01 -4.167895900485483196e-01
2.729316297504981748e+01 1.048885684799145679e-01
2.728379402710677226e+01 6.405541124377798212e-01
2.730479861905833872e+01 1.190373362021539094e+00
2.729614225207774325e+01 1.669330218521576370e+00
2.729061944217001212e+01 2.206994159910021125e+00
2.727279393956162323e+01 2.697081854514827626e+00
2.724068897797875621e+01 3.237213346514764112e+00
2.725964260692182251e+01 3.799265454329301406e+00
2.787298249818941542e+01 -4.103866077487841935e+00
2.785391346128392343e+01 -3.602981286508608605e+00
2.783698490024466565e+01 -3.081325836354002590e+00
2.787247863416017424e+01 -2.538909383350269167e+00
2.785474024281776195e+01 -1.992124635688661272e+00
2.788027471717538930e+01 -1.487480065852164302e+00
2.785308812605578765e+01 -9.535596734074793801e-01
2.784250743395941896e+01 -4.228454327049959716e-01
2.784941404558662725e+01 9.581167090470898984e-02
2.784159451170696542e+01 6.259174072192372762e-01
2.783954530807802286e+01 1.176787762805290072e+00
2.780816753769030925e+01 1.679780748355682363e+00
2.780878927442521586e+01 2.217272996972525334e+00
2.781478438778864160e+01 2.734935983027650508e+00
2.779699179359117522e+01 3.257646008470299392e+00
2.778347263770746878e+01 3.783671066155058327e+00
2.841269922510906554e+01 -4.106040704000651687e+00
2.843754055952846471e+01 -3.607797809377311538e+00
2.842489767060859407e+01 -3.065321967595698638e+00
2.840778634370557398e+01 -2.530643267274840014e+00
2.840723628100286646e+01 -2.011505196737211065e+00
2.840946192188116726e+01 -1.458011988257567282e+00
2.839756842367507517e+01 -9.480372962590735142e-01
2.838225206011084367e+01 -4.346327507201301898e-01
2.837924854198297453e+01 1.036232240537060534e-01
2.837978302372581396e+01 6.576029653023702792e-01
2.838487239100275872e+01 1.179609041927392354e+00
2.836946085676225238e+01 1.666380828889529653e+00
2.835893877250374118e+01 2.198133176048081339e+00
2.836953683305223706e+01 2.734940775216919917e+00
2.836625774984948833e+01 3.267399893018946955e+00
2.834628882022685303e+01 3.809657690125309415e+00
