1.096176544454370472e+01 -4.191179012414599114e+00
1.096562396270970652e+01 -3.670289018602977293e+00
1.094323515299734950e+01 -2.618352688225183300e+00
1.095382140661207870e+01 -2.073872182720943869e+00
1.095816088868053484e+01 -1.535214983389991517e+00
1.095084840220128086e+01 -1.009557571916079866e+00
1.095287812454710874e+01 -4.858267172112888943e-01
1.093272392050806729e+01 6.022725250640590389e-01
1.093755212144473177e+01 1.124032992410864296e+00
1.094349998662871926e+01 1.645682669401299592e+00
1.094155582461689136e+01 2.180675102617783523e+00
1.093800739339545913e+01 2.715361954039856585e+00
1.093385033987664201e+01 3.250910210766555508e+00
1.095056207963627060e+01 3.783087995334145859e+00
1.150102397613294158e+01 -4.203526296514636940e+00
1.149338626764760818e+01 -3.678817175286692276e+00
1.149137342966528763e+01 -3.141294118476690045e+00
1.149295927064419587e+01 -2.073887924935988281e+00
1.148291889018868872e+01 -1.542310762799615986e+00
1.148286046501129221e+01 -1.014077247443299967e+00
1.147603869339035754e+01 -4.811890707964145975e-01
1.147228487701569932e+01 5.122756126991134806e-02
1.147320704155110249e+01 5.898782974360301523e-01
1.146812445868300401e+01 1.658394059702025913e+00
1.146589927795208652e+01 2.192606555347015984e+00
1.148500678601616443e+01 2.716920679211934697e+00
1.147289884778513169e+01 3.261748905908248730e+00
1.145962141794612776e+01 3.787830254764884330e+00
1.202439659715971132e+01 -4.200647592245752904e+00
1.203470476952971069e+01 -3.677911938358727539e+00
1.202328880177818249e+01 -3.123860122425607955e+00
1.201647011328859449e+01 -2.605970161682421349e+00
1.202498073414375668e+01 -2.076222529463478850e+00
1.202573727330506870e+01 -1.540533634482265768e+00
1.202363717158984358e+01 -1.018878902644519968e+00
1.202226844479465839e+01 -4.736918985357867484e-01
1.200454310586443185e+01 5.495030544991053034e-02
1.200923080859428183e+01 5.890062587928177606e-01
1.201245035111232795e+01 1.122453737182080857e+00
1.201108342327538381e+01 1.658491225672005243e+00
1.200920418874188655e+01 2.191132336908285794e+00
1.200041592238855870e+01 2.716016900204689222e+00
1.200748165201972029e+01 3.261045611750514439e+00
1.200942566883589180e+01 3.799259488732285917e+00
1.255756983899601664e+01 -4.197720848980861064e+00
1.256997538566179884e+01 -3.664206999854293656e+00
1.256011538529525495e+01 -3.138224394340682011e+00
1.256545557310657557e+01 -2.603348889644411912e+00
1.256217271862012197e+01 -2.070254964196344361e+00
1.255328983429253142e+01 -1.542879375416951859e+00
1.256618050212509985e+01 -4.725287155502080338e-01
1.254893359553224030e+01 5.191318703023739545e-02
1.256443547474107802e+01 5.882172813355666108e-01
1.256183048678633796e+01 1.106847942081419234e+00
1.255090584818344013e+01 1.662663226509693004e+00
1.254781746917246466e+01 2.186078261247526910e+00
1.254553136723088258e+01 2.720769940375330265e+00
1.254701619687345371e+01 3.257618637685965268e+00
1.255360604789973067e+01 3.786803798445436797e+00
1.311024232819585222e+01 -4.207112309279008144e+00
1.309404316189210959e+01 -3.668340935418260784e+00
1.309022129674604784e+01 -3.131820788188869997e+00
1.310635730749130090e+01 -2.601044829952609660e+00
1.310770595939808913e+01 -2.073327921216581160e+00
1.309931096420219987e+01 -1.546036895961311330e+00
1.310000406609831813e+01 -1.002209626758510552e+00
1.310106118709092371e+01 -4.843769697153987863e-01
1.309836939919466303e+01 6.252322598651360863e-02
1.309869626526179687e+01 5.894716557827521797e-01
1.308664505283289614e+01 1.118730880997325983e+00
1.307444092709459582e+01 1.647862340120109792e+00
1.308088934174226736e+01 2.192810689188927853e+00
1.308649959547598485e+01 2.728127805667551087e+00
1.308727794261356436e+01 3.259566417256479554e+00
1.309721984604860268e+01 3.769834667773565684e+00
1.363379257942129641e+01 -4.207927929085728991e+00
1.362902432893528726e+01 -3.668832777809988954e+00
1.364668763326653078e+01 -3.135790452234786585e+00
1.364481050189471389e+01 -2.603327527986127876e+00
1.363435736657397612e+01 -2.074603247107585702e+00
1.363960472422391135e+01 -1.550586444784723739e+00
1.363257889484604846e+01 -1.008071367304406607e+00
1.363795939724709072e+01 -4.807953026123961138e-01
1.361575701737428545e+01 6.416827079747733364e-02
1.363049524778882571e+01 6.016229374425883236e-01
1.363339217764188405e+01 1.121246318767987304e+00
1.362308095734938362e+01 1.628690012011791310e+00
1.362462190523187644e+01 2.184751533682607771e+00
1.363337082410855317e+01 2.748993141293940567e+00
1.362921232810888839e+01 3.252271244650852822e+00
1.362715643381029196e+01 3.790752220707911846e+00
1.418060462021188428e+01 -4.201684471409681265e+00
1.417840180689333707e+01 -3.670292285371376195e+00
1.418558265822797892e+01 -3.139831855267100735e+00
1.417525500706596731e+01 -2.603850483008873340e+00
1.417953504602177262e+01 -2.070779673847788160e+00
1.417600307994736397e+01 -1.530289463355867241e+00
1.417836200381902501e+01 -9.957669060992984100e-01
1.417894440447403781e+01 -4.672999172913030463e-01
1.417235860305699191e+01 5.419406443546392893e-02
1.416985767562887588e+01 5.969213572887603902e-01
1.416116942591133565e+01 1.118636670863612181e+00
1.416697921624637857e+01 1.653219092657220557e+00
1.416585630574378030e+01 2.186396921847705954e+00
1.416361070856703108e+01 3.263788597663371149e+00
1.416427381858513712e+01 3.792914469790250820e+00
1.472500781053516761e+01 -4.201591750568219652e+00
1.472559127069708040e+01 -3.668752407750341504e+00
1.471915333670099102e+01 -3.145625977221092384e+00
1.470855776249986491e+01 -2.602420778619844555e+00
1.470526771519202924e+01 -2.074046688998468113e+00
1.471317428319695253e+01 -1.529761341300190480e+00
1.471624347763939156e+01 -9.970140736276036364e-01
1.470981757363801634e+01 -4.670514156032083974e-01
1.469161120437691537e+01 5.629294729553535603e-02
1.470010505614593299e+01 5.898537145099389534e-01
1.470753147121297388e+01 1.132898856291092216e+00
1.469872872935208719e+01 1.663046605368311504e+00
1.468823450625124494e+01 2.187457046854586196e+00
1.470375523165388287e+01 2.736038105400897535e+00
1.469527067280332489e+01 3.258000301923335229e+00
1.470067353814479105e+01 3.800399715573988146e+00
1.526681647172339495e+01 -4.206136314377479479e+00
1.525693920487186972e+01 -3.667104013777153781e+00
1.525009824117768176e+01 -3.145508008142629208e+00
1.524856641032358695e+01 -2.604113163746795578e+00
1.524910422730414439e+01 -2.052365464091803204e+00
1.524569094326706775e+01 -1.538605050984802602e+00
1.525248639814240903e+01 -1.005137099752836605e+00
1.524498970194631298e+01 -4.632711662288855337e-01
1.524410180927422687e+01 6.652339807529017435e-02
1.524596507423707337e+01 5.896943772740037559e-01
1.523722343836079673e+01 1.124591508760868663e+00
1.522619497145115020e+01 1.654821947311592822e+00
1.522485023672556537e+01 2.206482469212698305e+00
1.522954918940994773e+01 2.721767457710150495e+00
1.523299578283331002e+01 3.794486321585505806e+00
1.580337049123528814e+01 -4.210589059020582781e+00
1.578700863491490480e+01 -3.680088160218048188e+00
1.578714319775787445e+01 -3.149549108952610865e+00
1.578830239092413024e+01 -2.597610472722688968e+00
1.578308650342015795e+01 -2.071235906618550615e+00
1.578140269485682623e+01 -1.546027418162307043e+00
1.578529984711554590e+01 -1.000432001685144456e+00
1.578044370504991534e+01 -4.532342003970271094e-01
1.577656195834955710e+01 6.346331971212038070e-02
1.577945307506601935e+01 5.981586359923056762e-01
1.577749876120564210e+01 1.129955448545636898e+00
1.578613326872442357e+01 1.650246387154954419e+00
1.578048829738439096e+01 2.192236714974892919e+00
1.576184652943394227e+01 2.720214026824404385e+00
1.575690375119996389e+01 3.260138012060028956e+00
1.578095805470257318e+01 3.786824533651447666e+00
1.634384971496942640e+01 -4.204641295992166405e+00
1.632578300469946697e+01 -3.671497386562156962e+00
1.632722655034125125e+01 -3.135139471191262572e+00
1.633182920547251271e+01 -2.603314902764264360e+00
1.632977985522494890e+01 -2.068002700344397482e+00
1.632176993813373755e+01 -1.538235726167776818e+00
1.631570620109113889e+01 -1.007397255444494988e+00
1.631469289338962625e+01 -4.783134446356385183e-01
1.630622465934358800e+01 7.232968784625626313e-02
1.630550657045590768e+01 5.966549075640941169e-01
1.629958855123834027e+01 1.131086042838195027e+00
1.632129044116700811e+01 1.659117666942147906e+00
1.631956226013903688e+01 2.179243539797393936e+00
1.631632614703152839e+01 2.720752111249282734e+00
1.630883204060391733e+01 3.256184327642060339e+00
1.631902345498851048e+01 3.792873483892574171e+00
1.687067119660125769e+01 -4.204303614571431424e+00
1.686525137365888583e+01 -3.662077792758339001e+00
1.686624162869734178e+01 -3.128584087791473678e+00
1.685843739347782133e+01 -2.612392741630877424e+00
1.684976365894999617e+01 -2.067065148308550704e+00
1.685637918434732541e+01 -1.537456439420747500e+00
1.685746524769479393e+01 -1.002216722704105223e+00
1.685267904576524600e+01 -4.688471257213286947e-01
1.684322796749007622e+01 7.139480743745352243e-02
1.684643531150565465e+01 5.986967726559448977e-01
1.683859542768694340e+01 1.127615668181036312e+00
1.685715368055779706e+01 1.656532523255936695e+00
1.683618642752310990e+01 2.189553150080332244e+00
1.683624427795185596e+01 2.731151240186605378e+00
1.684234556375240999e+01 3.260854825050259365e+00
1.684602285552691114e+01 3.800658199708038865e+00
1.740201976392261685e+01 -4.197262191230642259e+00
1.739784177742295057e+01 -3.667427295431883394e+00
1.739988906031391735e+01 -3.134724066035094125e+00
1.737977561330150778e+01 -2.600444413210837524e+00
1.741037915228457322e+01 -2.066936004920517433e+00
1.738743004667199088e+01 -1.543260774895106380e+00
1.739249460153397919e+01 -1.000497526015934113e+00
1.739453154898302856e+01 -4.691430843739787804e-01
1.738878705946778069e+01 6.928820041466465796e-02
1.737545423136523581e+01 5.853763587393601142e-01
1.737923211939301282e+01 1.135315219610077975e+00
1.738685099865939421e+01 1.661856774220176192e+00
1.738235244971533788e+01 2.196021560798996575e+00
1.737231104370370005e+01 2.736844881871238755e+00
1.737488990404838063e+01 3.260589865673246379e+00
1.737999736747708823e+01 3.789692126020696605e+00
1.794294797145927944e+01 -4.199351732779470936e+00
1.793492610728616654e+01 -3.670796100084269042e+00
1.793882023735899978e+01 -3.125393230364981179e+00
1.793634012596069383e+01 -2.605221676681789944e+00
1.792879476468645095e+01 -2.071688066191612165e+00
1.791494752107103139e+01 -1.533613017568200121e+00
1.792556282430164671e+01 -1.004242470450474656e+00
1.792560138298374994e+01 -4.687493778308287062e-01
1.792210243335107478e+01 6.599205479332326263e-02
1.792563020964994891e+01 5.952276481996037205e-01
1.791470972189753752e+01 1.133760660483389415e+00
1.791434104080930467e+01 1.653173033979278728e+00
1.791567502379754728e+01 2.194230187552474121e+00
1.791175769062677503e+01 2.726372012767207309e+00
1.791835274826078006e+01 3.268118981457703853e+00
1.791333512327812727e+01 3.799955433712423059e+00
1.847736271983215062e+01 -4.196860017947924959e+00
1.847134811988649972e+01 -3.673528432876810967e+00
1.847569503365165389e+01 -3.134084365938916150e+00
1.847399164857439757e+01 -2.596820140787439612e+00
1.847245129154035936e+01 -2.075194138356600604e+00
1.847092864029806591e+01 -1.519205500209817927e+00
1.846078098846847126e+01 -9.961994984481954418e-01
1.845155217093413924e+01 -4.700763080728869170e-01
1.845513906592922737e+01 7.053722044100396715e-02
1.845480979648376874e+01 5.920621084787036636e-01
1.845730282967320335e+01 1.133059815592687869e+00
1.845258503346936152e+01 1.666269862325940210e+00
1.845449160378990072e+01 2.189917162616438873e+00
1.845555881561506695e+01 2.725620725998311400e+00
1.844394112823653842e+01 3.267184168931553501e+00
1.845350640770818273e+01 3.789329979978102614e+00
1.901107511394803495e+01 -4.191825064635189335e+00
1.899956209853312572e+01 -3.674741406469662408e+00
1.901148310090944094e+01 -3.132773007428371059e+00
1.900214386287681023e+01 -2.608005325988958845e+00
1.900570143469520090e+01 -2.066587873508847650e+00
1.900431468649652444e+01 -1.533534569972722750e+00
1.899752950453953915e+01 -1.000192134462153604e+00
1.900607331897728258e+01 -4.724756241208041274e-01
1.898872489335005653e+01 7.070478608879326998e-02
1.897638081930908527e+01 6.040425566336544705e-01
1.897953458882361844e+01 1.126893784828848055e+00
1.899239935191580386e+01 1.662343991366931562e+00
1.899278688917785374e+01 2.201499028336669994e+00
1.899573371542396671e+01 2.715198358931122158e+00
1.900002363761481305e+01 3.223785867526082427e+00
1.898991416606216376e+01 3.785708669849451979e+00
1.954615849238416203e+01 -4.218569805373279635e+00
1.954147268359118073e+01 -3.664876822037712145e+00
1.954760939590157065e+01 -3.140045005693940183e+00
1.953260661981134660e+01 -2.609660579741063913e+00
1.953321920288871993e+01 -2.076567725814513210e+00
1.953492864189430378e+01 -1.536013171768253471e+00
1.953822439969986746e+01 -1.001595817994378024e+00
1.953527415743892348e+01 -4.637562276300819519e-01
1.953250656251486816e+01 5.604357514273416996e-02
1.953696371933668985e+01 5.973490042164222302e-01
1.952495136002687914e+01 1.136520005135448486e+00
1.952379777604917521e+01 1.661931179474464670e+00
1.952259323342983066e+01 2.198173591453301157e+00
1.953248639617276083e+01 2.728108282878082491e+00
1.953018326514069969e+01 3.277255893215127003e+00
1.952212716092315148e+01 3.785539734924849853e+00
2.006701453751080777e+01 -4.202926249232824318e+00
2.008073024806501294e+01 -3.674920418778237163e+00
2.008059774895710348e+01 -3.145600803521190869e+00
2.008341650874346485e+01 -2.609145766322964022e+00
2.006749573374328932e+01 -2.071064577948519059e+00
2.007695356692234512e+01 -1.535302150890426987e+00
2.007064934441747539e+01 -1.011145829459998424e+00
2.006458475812866027e+01 -4.651382726865485040e-01
2.007049593145620392e+01 6.642412882524695306e-02
2.006510470052276673e+01 5.982060921576675128e-01
2.006194681120548040e+01 1.123648761279213204e+00
2.007329491734559213e+01 1.627168789822544426e+00
2.006489515183142558e+01 2.203738847151004876e+00
2.006091307733357709e+01 2.722971727257188945e+00
2.006221434935701353e+01 3.269633857343489325e+00
2.005695704741632568e+01 3.778736765098980044e+00
2.061997647829744551e+01 -4.202767525120929548e+00
2.061935470182662300e+01 -3.676089641645774009e+00
2.061164715187322827e+01 -3.144752770252157603e+00
2.060819887162999464e+01 -2.610155325511495761e+00
2.060877630410918471e+01 -2.060353249244663232e+00
2.061153865776453387e+01 -1.527540135560951029e+00
2.061023733133365710e+01 -1.000528564143046140e+00
2.060859731317131605e+01 -4.603926213684950142e-01
2.060632512416402307e+01 7.231016393467726289e-02
2.059610674351917226e+01 5.939214490093291943e-01
2.059674706361265351e+01 1.125646942582715582e+00
2.060529083285754837e+01 1.657680576140020179e+00
2.060621711691864988e+01 2.197328891002314322e+00
2.059481980322909322e+01 2.729064930178061843e+00
2.059685360914219387e+01 3.268358694404895459e+00
2.060347857905777857e+01 3.795026877089039630e+00
2.115650377239402502e+01 -4.204081240764526939e+00
2.114604090228188227e+01 -3.673425813249954430e+00
2.115027212463832740e+01 -3.138584567560217309e+00
2.115266463961651766e+01 -2.598449870873807299e+00
2.113811392599197347e+01 -2.071932337026112236e+00
2.114498549298937036e+01 -1.557180177054462433e+00
2.114542950473416738e+01 -9.985004523890701478e-01
2.113489068142094141e+01 -4.752294930501790304e-01
2.114673462260616787e+01 6.753471728906745852e-02
2.112763403077963886e+01 6.042574756428713556e-01
2.114339247403403732e+01 1.149750135576812937e+00
2.114297609577958781e+01 1.663795507993008016e+00
2.114166129302585517e+01 2.197560940672904195e+00
2.114174571517519041e+01 2.735239791020912747e+00
2.113565277055913327e+01 3.266852807513735968e+00
2.113678817254165665e+01 3.797695257802725877e+00
2.169135518364359427e+01 -4.206838353147851706e+00
2.168721964848730011e+01 -3.679552732342321164e+00
2.168688718730182785e+01 -3.135005715184327357e+00
2.167807305481770896e+01 -2.577067824570310250e+00
2.166896209707523013e+01 -2.070130725153418894e+00
2.169006733289357669e+01 -1.533915612257263916e+00
2.167883553371961369e+01 -1.012948193750926151e+00
2.167224968326797807e+01 -4.724968815297323488e-01
2.167731369916797490e+01 6.897079504972936093e-02
2.167031586551531319e+01 5.983096270652481508e-01
2.167561173341415781e+01 1.135098347099447125e+00
2.167336698913272386e+01 1.666488904557041906e+00
2.167607914674400149e+01 2.205033045531472169e+00
2.167227547808808907e+01 2.734982180883203995e+00
2.167469549215179114e+01 3.263731198877280804e+00
2.166984010882508471e+01 3.800993112195413914e+00
2.223501219904530046e+01 -4.202895037655851596e+00
2.222722806386975947e+01 -3.673893262002378535e+00
2.222671009257657460e+01 -3.140239493367262824e+00
2.221420822762954117e+01 -2.602588986640153479e+00
2.221547441186175575e+01 -2.069141410836635941e+00
2.221605515445133250e+01 -1.537144352931189673e+00
2.221747328711199998e+01 -9.935677587314053483e-01
2.221179050307575409e+01 -4.667159249921155606e-01
2.222259632146302266e+01 7.145028346845805345e-02
2.221442068817649584e+01 5.938868691092693552e-01
2.220540137384293899e+01 1.127883380690487769e+00
2.219907351524911832e+01 1.666180547420900382e+00
2.221602162712959938e+01 2.217279209048051314e+00
2.222032576609732502e+01 2.733100182548565016e+00
2.221050589395995445e+01 3.261914994884094199e+00
2.220299415327946235e+01 3.791716909366787291e+00
2.276554969805464168e+01 -4.207796967668119947e+00
2.275226793815069470e+01 -3.668909901597046996e+00
2.275722440073836594e+01 -3.129792874251556611e+00
2.275342924064133854e+01 -2.600246242034529587e+00
2.275733753686856886e+01 -2.066435055148009070e+00
2.275556078024200701e+01 -1.534640728625912942e+00
2.276000496946066676e+01 -1.001519527396940390e+00
2.275335970859337920e+01 -4.645449424170102759e-01
2.275095467676337790e+01 7.033653566820774472e-02
2.275385096995548651e+01 5.899166315866928301e-01
2.275704001699166668e+01 1.134034659400633416e+00
2.274187554991621596e+01 1.672049711272574513e+00
2.274699890930588708e+01 2.214057296310127043e+00
2.275801788407428461e+01 2.744845045402591666e+00
2.273664085294090853e+01 3.259145805851989763e+00
2.273532212863375435e+01 3.792888426829598814e+00
2.329308206507801060e+01 -4.209687382351624763e+00
2.329970243486414461e+01 -3.676221098616473171e+00
2.328749504946696902e+01 -3.142799659299924997e+00
2.329037996163904012e+01 -2.603902220418081725e+00
2.330207135902004012e+01 -2.080094935501367814e+00
2.329114883166091232e+01 -1.534869506869213751e+00
2.328828347254834341e+01 -1.003757312224820453e+00
2.329727394335413493e+01 -4.818635120270613470e-01
2.329240608500745680e+01 7.420427003461682602e-02
2.327952598034357834e+01 5.954433749411371934e-01
2.327628851734225890e+01 1.128037769747781027e+00
2.327825444178532166e+01 1.674145902928362517e+00
2.328498610038902683e+01 2.209452144266240481e+00
2.327898740515183817e+01 2.743802858646219534e+00
2.328327970617039000e+01 3.254706118960179140e+00
2.328415844346135088e+01 3.789369081051791710e+00
2.383104728872915246e+01 -4.208888820578795986e+00
2.382595813417551511e+01 -3.679528637100968780e+00
2.383339834750980657e+01 -3.136926124175321462e+00
2.383909861356399063e+01 -2.602439584487441948e+00
2.383367629270039600e+01 -2.070663215221809850e+00
2.382223140327270272e+01 -1.525502862549757310e+00
2.383389752854890276e+01 -9.910270865356025638e-01
2.382379327901494293e+01 -4.686212777805600638e-01
2.381996516247520645e+01 5.547712463792819904e-02
2.382690202302858751e+01 5.929319364070373410e-01
2.380994156336202394e+01 1.122755100920649340e+00
2.381298592502475486e+01 1.684706303685949536e+00
2.381101876495003467e+01 2.201975468788734958e+00
2.381170987215102031e+01 2.730975325104946450e+00
2.381308669254531907e+01 3.267114431971144484e+00
2.380852129156656360e+01 3.795949463216384601e+00
2.435991714342556236e+01 -4.213044785857588792e+00
2.437329177097397093e+01 -3.662459636237386462e+00
2.436869053000213370e+01 -3.143040293566890853e+00
2.436227684228787638e+01 -2.604062857795859998e+00
2.435821090363425867e+01 -2.062466538164130725e+00
2.435265433122985712e+01 -1.533791205818783254e+00
2.435880205323423553e+01 -1.001148435546941329e+00
2.435764478839222136e+01 -4.713535457256625705e-01
2.436084489899013761e+01 6.423295672820117375e-02
2.435554248444777414e+01 5.986136008414391085e-01
2.435777149003545361e+01 1.125953996710592264e+00
2.435449498790365652e+01 1.668620204417571529e+00
2.434709876929546368e+01 2.197076940628029718e+00
2.436204530153130321e+01 2.716288654966213301e+00
2.435076688365900566e+01 3.256545591693296160e+00
2.435010890511359349e+01 3.797397772094246449e+00
2.490732168127476598e+01 -4.212978110146584854e+00
2.490247178936189698e+01 -3.669760243605425742e+00
2.490077428574457485e+01 -3.131983884289553544e+00
2.489753783402132825e+01 -2.608409987415789999e+00
2.489724127897182626e+01 -2.063905645998925564e+00
2.489600475780321887e+01 -1.534821323540082716e+00
2.489534875971253314e+01 -1.002630991922533354e+00
2.488320235845191064e+01 -4.721506816810645546e-01
2.488266092682936659e+01 6.809992221895910802e-02
2.488819773909673927e+01 6.012316456984301283e-01
2.488497394320307876e+01 1.121164014886804949e+00
2.488427045090215728e+01 1.661404374267149819e+00
2.491282160104578480e+01 2.196457338121447833e+00
2.489568125396299791e+01 2.730903406300594582e+00
2.488736344167141112e+01 3.271750717292285060e+00
2.487725806614311352e+01 3.790648573640499563e+00
2.543031180086296672e+01 -4.204195772002949028e+00
2.543278678078013399e+01 -3.665658297296356949e+00
2.543033426209963466e+01 -3.134565343623325617e+00
2.542667618797892004e+01 -2.619348784666499341e+00
2.543669173828617147e+01 -2.063248555987151178e+00
2.542405876282919053e+01 -1.534145126276676763e+00
2.542958630701540557e+01 -1.006699636841617007e+00
2.543190643614274649e+01 -4.645815345523232054e-01
2.542772760038457847e+01 6.197882014507172244e-02
2.542654692372499170e+01 5.999882455933338576e-01
2.543357149300204867e+01 1.131010570269069149e+00
2.542264246259122018e+01 1.665327121181707781e+00
2.542469147108754868e+01 2.200497381085749993e+00
2.543715081121895594e+01 2.726505403004285455e+00
2.541780424558544382e+01 3.262592235735368718e+00
2.541662255548143179e+01 3.797046705409726997e+00
2.597664948353877890e+01 -4.207050463205540325e+00
2.596578530979333976e+01 -3.673603252111190542e+00
2.596792833106645304e+01 -3.138329184069997169e+00
2.597025160427909896e+01 -2.607077722146392773e+00
2.596306648046105181e+01 -2.065912057725164175e+00
2.595890933974805392e+01 -1.543564620759347861e+00
2.595726556025118015e+01 -1.002245104451493063e+00
2.596536851065678064e+01 -4.676075822331853260e-01
2.596464180729920912e+01 6.556924399364660871e-02
2.596115836381360964e+01 5.930272860709848715e-01
2.596294822861976570e+01 1.128977241718541080e+00
2.596059167425192271e+01 1.668096103728977653e+00
2.596599278726102966e+01 2.203620365263194714e+00
2.596237149901499208e+01 2.727973453007006555e+00
2.596680241343178608e+01 3.265307491992579969e+00
2.597155923659516219e+01 3.794832611754667795e+00
2.651606408042201224e+01 -4.202522117802745427e+00
2.649930059498827006e+01 -3.693199106421266364e+00
2.650098585831387510e+01 -3.129469611350547353e+00
2.650452953432491654e+01 -2.611637222244240775e+00
2.650351662060276681e+01 -2.073570964837156083e+00
2.651748355921790790e+01 -1.545183534707348372e+00
2.651452589061618426e+01 -9.997657665334145349e-01
2.649208941810022111e+01 -4.620637030122978217e-01
2.650058777666075116e+01 6.345371357871698592e-02
2.649065632658656710e+01 5.995647770724694681e-01
2.649209219763063317e+01 1.122927886840358269e+00
2.650460371830093464e+01 1.669756875681397190e+00
2.649552545078320520e+01 2.205868381224746599e+00
2.648728603191769793e+01 2.723335894328812401e+00
2.648378580025291029e+01 3.262293315196959753e+00
2.648893391909519579e+01 3.803975715367418076e+00
2.704289501128424433e+01 -4.202597903038380878e+00
2.704667085058286347e+01 -3.671142854944454470e+00
2.704725088574607383e+01 -3.143863518675532376e+00
2.704197857858738274e+01 -2.610791551113710085e+00
2.704229466333303833e+01 -2.058491100785783345e+00
2.704031338298825204e+01 -1.544071819147301738e+00
2.703669341198109777e+01 -1.010771549058045338e+00
2.705461591069883553e+01 -4.616689439381822524e-01
2.703345377250686710e+01 5.647216129541376972e-02
2.703676328304972287e+01 5.827857601339054838e-01
2.703925246915571989e+01 1.121961756800434529e+00
2.702966891484698664e+01 1.666500603927065782e+00
2.702406251261635362e+01 2.207159764939994773e+00
2.703344117417678660e+01 2.741443107066153573e+00
2.703468510020537963e+01 3.261385060924926194e+00
2.702797883206611829e+01 3.798292072995597124e+00
2.757055580103153147e+01 -4.211166366151894991e+00
2.757463631476407784e+01 -3.677390750765024308e+00
2.757650448958901990e+01 -3.145104963679758114e+00
2.757351701011329936e+01 -2.603474857416589572e+00
2.758307341831177695e+01 -2.061321984446450983e+00
2.757652238856262272e+01 -1.542547854929928519e+00
2.757314975961578796e+01 -9.992215479263428790e-01
2.757537864110302195e+01 -4.626099235872835891e-01
2.756894540345388833e+01 6.600173400829234538e-02
2.756948623901924122e+01 6.011359225310677346e-01
2.758023428611551964e+01 1.141637054951566199e+00
2.757286499337102725e+01 1.661050796579683464e+00
2.756684203886029394e+01 2.202798989796342255e+00
2.756895087969247271e+01 2.713907201544767389e+00
2.756031259705446246e+01 3.257615157295393971e+00
2.756400655034691027e+01 3.805017226890402782e+00
2.810938724617561491e+01 -4.205303350434778764e+00
2.810462889997925373e+01 -3.681196769668575897e+00
2.810107599125014843e+01 -3.147246213641274437e+00
2.810548569925486362e+01 -2.607681757638019349e+00
2.810240513080078983e+01 -2.067817014064420533e+00
2.811775680068609518e+01 -1.539724094291440082e+00
2.811401365039370859e+01 -1.003578476066827818e+00
2.810263043139924122e+01 -4.694288557783785620e-01
2.810444200845523710e+01 6.360402820030230941e-02
2.810611160578270784e+01 5.998501261324236111e-01
2.811066363510514776e+01 1.138640033479894953e+00
2.810237313268760317e+01 1.664173309833032022e+00
2.809234951145660375e+01 2.202866582488802294e+00
2.809852391380238146e+01 2.735832194328814637e+00
2.809800061946614846e+01 3.267162542552888738e+00
2.809409932098373730e+01 3.806829323106061480e+00
2.864532649534273645e+01 -4.203219659036442124e+00
2.865093835146397083e+01 -3.684882138028411802e+00
2.865518634977804879e+01 -3.140826754136462284e+00
2.864466795958066569e+01 -2.596011125850605339e+00
2.864219214282081793e+01 -2.069083820753085945e+00
2.864843720886990752e+01 -1.529495574113589385e+00
2.864255990735166080e+01 -9.988131185380879629e-01
2.863909107926049558e+01 -4.708789702635556296e-01
2.864277596628842559e+01 6.547138595790613635e-02
2.864237689848170021e+01 6.155770562310429739e-01
2.864336031096237178e+01 1.139054966740271624e+00
2.864218732521634081e+01 1.654785960454741911e+00
2.863548789955915908e+01 2.190896172167864364e+00
2.864381505155002827e+01 2.730221100085529429e+00
2.864711120512694720e+01 3.273405759748996502e+00
2.864232540360078616e+01 3.813324775647338072e+00
