1.040738416638996000e+01 -4.127254203829410883e+00
1.039383047123921600e+01 -3.605489576420906062e+00
1.035156291661058603e+01 -2.602994056755665753e+00
1.035170480580492836e+01 -2.051639525651832940e+00
1.036783250495181363e+01 -1.546975546892362274e+00
1.034786031679227847e+01 -1.028748249492547728e+00
1.032628565482302108e+01 -5.263940802476838599e-01
1.027337088592122427e+01 5.533277584596234533e-01
1.030050629600480150e+01 1.093284518920558668e+00
1.028451700074487363e+01 1.607553981706903556e+00
1.029953351820446628e+01 2.109614078204550935e+00
1.027569803855842423e+01 2.649312545531518737e+00
1.024186142780255793e+01 3.166618983840109536e+00
1.025079051194932944e+01 3.698850858598873970e+00
1.097442353205368448e+01 -4.137297235667729112e+00
1.093642042580518847e+01 -3.659911965054396532e+00
1.093846649750398115e+01 -3.109718732919379391e+00
1.091254531086321933e+01 -2.055125460061834275e+00
1.088457844060855706e+01 -1.536036110868753468e+00
1.087428662136574076e+01 -1.024090828920723339e+00
1.083729605649023497e+01 -4.967966185242751465e-01
1.085001804711199824e+01 1.536466353627830017e-02
1.084643336927839030e+01 5.751147315321745168e-01
1.083465811812572355e+01 1.598647566641961504e+00
1.082348051589080029e+01 2.131855599838612392e+00
1.082561914618060683e+01 2.641943299458240801e+00
1.080572364433648858e+01 3.192017761261027431e+00
1.077784611917865831e+01 3.694938391105580422e+00
1.149033157326138266e+01 -4.131008740371314047e+00
1.151819445129210351e+01 -3.636244743181137551e+00
1.147151546053910565e+01 -3.087134661303569061e+00
1.147744636936575446e+01 -2.576100015594771975e+00
1.145114729454919100e+01 -2.069238189515157700e+00
1.144068809166014233e+01 -1.552897747685825891e+00
1.142232792922677831e+01 -1.015792355594715701e+00
1.142977065907810186e+01 -4.975891437916537541e-01
1.140330492063739953e+01 1.869557249171194258e-02
1.140356728081307125e+01 5.350984769082245407e-01
1.138834544512536695e+01 1.062298340759902260e+00
1.137032102044807047e+01 1.614767048410161721e+00
1.136984681806850617e+01 2.137705333294892540e+00
1.135518779867273054e+01 2.646513209352711726e+00
1.136351953837234774e+01 3.188114121091071951e+00
1.133395349378546157e+01 3.706864520554049136e+00
1.203722381042626211e+01 -4.126326671980834249e+00
1.205350597379689859e+01 -3.615668397005537216e+00
1.202613784143699505e+01 -3.098004893369845192e+00
1.203484049452880811e+01 -2.568815785322879464e+00
1.202114607806378999e+01 -2.047565163095878660e+00
1.199797283227290023e+01 -1.537886010468863418e+00
1.198625468270656214e+01 -4.822385979207020057e-01
1.196351615097994525e+01 3.891207567962595704e-02
1.198494514782416331e+01 5.957469024069972363e-01
1.197127570894348736e+01 1.061556006675143493e+00
1.193023421639380999e+01 1.634743353400754273e+00
1.192121158999296426e+01 2.134820355612195186e+00
1.190315647680407807e+01 2.658834156936542570e+00
1.190756975889844682e+01 3.186295478113073898e+00
1.191810419122431952e+01 3.708280908006447163e+00
1.260911084292451889e+01 -4.141527447192180134e+00
1.260284807029223586e+01 -3.598313617754916649e+00
1.258285266794484869e+01 -3.041832079677860179e+00
1.258967854511849183e+01 -2.571188662085305054e+00
1.256035048316401515e+01 -2.038827979420574366e+00
1.255657083283658793e+01 -1.553603589659005024e+00
1.255023950503297314e+01 -9.978477751127812212e-01
1.251812307760551235e+01 -4.794095841638146283e-01
1.251821257822403766e+01 7.263701583907788972e-02
1.252208035420238375e+01 5.878861273919326891e-01
1.249536424550034397e+01 1.100779700586915766e+00
1.246193709801378446e+01 1.595467587462515269e+00
1.246450996282753820e+01 2.145688720480400491e+00
1.246881477985755637e+01 2.667816328747942833e+00
1.246918924706291065e+01 3.176570882910819904e+00
1.247411669479296492e+01 3.704886285784645850e+00
1.315534628403509032e+01 -4.163222757067412516e+00
1.305099186668264366e+01 -3.691810533458340871e+00
1.316325531228506662e+01 -3.111548131856068267e+00
1.314869036405578839e+01 -2.566259773650443776e+00
1.310531605842149006e+01 -2.049567945446383987e+00
1.311641725277384651e+01 -1.548551615965550354e+00
1.310132332517347820e+01 -1.001554470288489540e+00
1.309111541531609291e+01 -5.062028078633460382e-01
1.304847608601298958e+01 5.667470422777753924e-02
1.307416809840712801e+01 5.942041471236585437e-01
1.308086777942006051e+01 1.104119394809643495e+00
1.303383757377715568e+01 1.568271149804019160e+00
1.300697638374633414e+01 2.137673863696520016e+00
1.303711237358755071e+01 2.697386119926566295e+00
1.304652456695822593e+01 3.188120150401704933e+00
1.304451841918653798e+01 3.730048936063916187e+00
1.373990243102796072e+01 -4.152230146102359853e+00
1.371180612679263433e+01 -3.640222606090139479e+00
1.371727557364865291e+01 -3.096523573255032247e+00
1.369438548012419332e+01 -2.570258766385475013e+00
1.368970792017195848e+01 -2.043007386478656429e+00
1.366549362006337631e+01 -1.508819059065263701e+00
1.366678226264208718e+01 -9.802022202247542282e-01
1.367403930919153154e+01 -4.469680562039393124e-01
1.364036516496027573e+01 5.054266263120155145e-02
1.363206480502611839e+01 5.852473841358936113e-01
1.360662835669711868e+01 1.086035434805229016e+00
1.363045455691747421e+01 1.613023773992548371e+00
1.358417048784555803e+01 2.122323799370260389e+00
1.359851609719787646e+01 3.211070122100444735e+00
1.358995976959647223e+01 3.743797909360498721e+00
1.431654234581891671e+01 -4.132047192696258975e+00
1.429229321100222805e+01 -3.607734948434341504e+00
1.426786352356234389e+01 -3.100891128623073811e+00
1.422402758464661332e+01 -2.574155756645517101e+00
1.422922429196524874e+01 -2.047842344372412526e+00
1.423894153576775423e+01 -1.490618930969851874e+00
1.422167124719524622e+01 -9.731319345006426147e-01
1.419568428346583033e+01 -4.469363753071036172e-01
1.417051240063766571e+01 5.541662296134219901e-02
1.417402355658115098e+01 5.716460173819086776e-01
1.416934042040378472e+01 1.098638509553371279e+00
1.413192542750818248e+01 1.604322298768153132e+00
1.412796651099582590e+01 2.130316776730044381e+00
1.417891191118235028e+01 2.681705776520377782e+00
1.411089291414872093e+01 3.199218355024058269e+00
1.416978861244760068e+01 3.759083761355707765e+00
1.488906858914038622e+01 -4.142964040155103334e+00
1.483328509283674634e+01 -3.615285662718751070e+00
1.484604527566498788e+01 -3.106175665740678937e+00
1.480135199124867640e+01 -2.565845885888577982e+00
1.478090098905041927e+01 -2.010593770601253993e+00
1.477713819230065795e+01 -1.506104200679896366e+00
1.476408107138205494e+01 -9.970997391697267176e-01
1.474390260131895047e+01 -4.428177352875444228e-01
1.473326065634964976e+01 5.681883504097129389e-02
1.471486943471941089e+01 5.671393321545608046e-01
1.471085614224977789e+01 1.092073967163866399e+00
1.470001477598627915e+01 1.626986055733762981e+00
1.469133121194148828e+01 2.174338730789692420e+00
1.469479908871541696e+01 2.665873984028660715e+00
1.465433907682755788e+01 3.728217756044983844e+00
1.543323770376326109e+01 -4.156238199591600235e+00
1.539157515885755600e+01 -3.638359031925434195e+00
1.537041972905645437e+01 -3.111281981563584154e+00
1.535514614874057315e+01 -2.559480934099795491e+00
1.533539651822029271e+01 -2.045982031923525568e+00
1.533192520787677893e+01 -1.533886083192573579e+00
1.533924945700123743e+01 -9.757032820378235272e-01
1.528172074163680705e+01 -4.431143725953354817e-01
1.527179535028997037e+01 5.586194467595362312e-02
1.529365049354510120e+01 5.873279855784403480e-01
1.527606351627670023e+01 1.104462504485415053e+00
1.528244307619042530e+01 1.615435352822377268e+00
1.526838366106602152e+01 2.154346924937641461e+00
1.522328486094516009e+01 2.668802631552146920e+00
1.518444718402148297e+01 3.211863815268163336e+00
1.525733772650540843e+01 3.729875217274372545e+00
1.597015728355980002e+01 -4.152231942077490245e+00
1.593296796910306767e+01 -3.602303891475775899e+00
1.590894439165064256e+01 -3.081810070810311331e+00
1.592235594246919916e+01 -2.552791283011721646e+00
1.590681397172345513e+01 -2.017087618209711053e+00
1.588070969717642456e+01 -1.508400872594396702e+00
1.585045748857742964e+01 -9.817881038278706285e-01
1.584597519321818027e+01 -4.699788644799305359e-01
1.583529787961635549e+01 5.713284484220437776e-02
1.581960166061531226e+01 5.965459708951357243e-01
1.579988238142846058e+01 1.124649969480628897e+00
1.584064511640098516e+01 1.651407724199295046e+00
1.584049829844417800e+01 2.136668603104212139e+00
1.578368708677219345e+01 2.678128332009869439e+00
1.577296458862209150e+01 3.208054539498579771e+00
1.578549416487344104e+01 3.767724943583505848e+00
1.649455810782856702e+01 -4.112759347285328104e+00
1.647586102940754671e+01 -3.583645688477700375e+00
1.646853265544626055e+01 -3.061326417179747850e+00
1.645069233915917906e+01 -2.555115843144452725e+00
1.643195321696984834e+01 -2.025558497732724561e+00
1.642882761195010488e+01 -1.517047685546817348e+00
1.640184301166761216e+01 -9.641944700421873904e-01
1.640149794287856011e+01 -4.416103521706276069e-01
1.637316513108297400e+01 8.030000243953239192e-02
1.637014434888173398e+01 6.001530796549339186e-01
1.635160814112704486e+01 1.108284882317413178e+00
1.637649219877542350e+01 1.656247389463885611e+00
1.633288611049166050e+01 2.152383353189318171e+00
1.632711608625492161e+01 2.706621988796875655e+00
1.631092795191896272e+01 3.226697501704872906e+00
1.634156651824921269e+01 3.744795047920661091e+00
1.703822354317995291e+01 -4.105579009652947420e+00
1.701525430828186458e+01 -3.589084458694802748e+00
1.700467514609399799e+01 -3.057198334617499569e+00
1.699727512912909333e+01 -2.531064265915365041e+00
1.700501118198670270e+01 -2.016906410265008276e+00
1.695854551606491256e+01 -1.516554275020432385e+00
1.696433324476305415e+01 -9.688514093325935050e-01
1.696964684261624612e+01 -4.515531665967742470e-01
1.694479929423064846e+01 8.197502968803505041e-02
1.690665031218945202e+01 5.787116639237623872e-01
1.690710578148715726e+01 1.126681559284062217e+00
1.692073534809802382e+01 1.642486941151677371e+00
1.689727609149532128e+01 2.173415192477325064e+00
1.687703209245883684e+01 2.716712629911459231e+00
1.688366813559508017e+01 3.223268693849028921e+00
1.688169965037786113e+01 3.753186218300356813e+00
1.760334879835688326e+01 -4.109819061425103115e+00
1.757604528899339513e+01 -3.581719311761624169e+00
1.756759625812562220e+01 -3.045266487508701658e+00
1.755510693569393510e+01 -2.561295337958878093e+00
1.753171110599840787e+01 -2.035707378294322467e+00
1.748917767022487268e+01 -1.495823697660703999e+00
1.749834522259244096e+01 -9.724836634397568957e-01
1.749897884950932081e+01 -4.432195709992363675e-01
1.747978901813814190e+01 8.201778870004616806e-02
1.748045376114172456e+01 5.981787217436647097e-01
1.746018041177927316e+01 1.140418565278739749e+00
1.744025277353222592e+01 1.621635197614146762e+00
1.744286239603886912e+01 2.178443947989642027e+00
1.743746218249403768e+01 2.702350746970566320e+00
1.743707085752919284e+01 3.239406898496707043e+00
1.742995299423389000e+01 3.772573374938300361e+00
1.813257770396129587e+01 -4.096375089626562271e+00
1.811016993519497831e+01 -3.588265154129548051e+00
1.812197763684165608e+01 -3.063069135822647837e+00
1.810598079282367223e+01 -2.527629848689056047e+00
1.807379237796631344e+01 -2.035696574716158835e+00
1.807677040142588254e+01 -1.463142656013395992e+00
1.805110823697646438e+01 -9.605394424192574832e-01
1.801506525077139287e+01 -4.444361710826427725e-01
1.801297730585775980e+01 8.703582484253757912e-02
1.801560011453707588e+01 5.964020095119693110e-01
1.800863384505995057e+01 1.137918037555206041e+00
1.798539313916660731e+01 1.649877822560576135e+00
1.797947318960693863e+01 2.166801897093723284e+00
1.797942088730520638e+01 2.706234558452273120e+00
1.795977032833661013e+01 3.234103419356035403e+00
1.798507406995991431e+01 3.737499832087298302e+00
1.865889947132003357e+01 -4.106409110912634830e+00
1.865828866758021576e+01 -3.601402327042587004e+00
1.865986271253039419e+01 -3.055925277985544142e+00
1.863666851650388878e+01 -2.560782229380581754e+00
1.863030249949344253e+01 -2.026887631431517178e+00
1.862797445333030666e+01 -1.491595868058929852e+00
1.860068498650573332e+01 -9.732237742860334606e-01
1.859892736794927615e+01 -4.494011299121822844e-01
1.856457551172899656e+01 8.083694802001417656e-02
1.854713398084723153e+01 6.164464392596222808e-01
1.854468526735318790e+01 1.132918670119803295e+00
1.854479601771688024e+01 1.655740217733882247e+00
1.853820834333418333e+01 2.187992814316103818e+00
1.852927672341033016e+01 2.672570965157309075e+00
1.855824883438200246e+01 3.127052512129182560e+00
1.853225978984573885e+01 3.728075112895577803e+00
1.924707596102904361e+01 -4.113267314300589561e+00
1.921262802560714178e+01 -3.597816073610641041e+00
1.921051415257691630e+01 -3.075726466326836217e+00
1.917471197345061285e+01 -2.555545398801640999e+00
1.915928373129396434e+01 -2.035148104628504484e+00
1.915949232859282247e+01 -1.495634502105986030e+00
1.916500672364174207e+01 -9.729755178793340065e-01
1.914527621942563584e+01 -4.413168066447497040e-01
1.912515641693175183e+01 6.380630937220033161e-02
1.912758286849645373e+01 6.063651994915240095e-01
1.910852449094646133e+01 1.124031613394482321e+00
1.908633679252636028e+01 1.660938100092941738e+00
1.906893902664210572e+01 2.188741999467016086e+00
1.910923886504621194e+01 2.708524221893121364e+00
1.909002023422302585e+01 3.238050276379269121e+00
1.907682589012648577e+01 3.739557725671893706e+00
1.974295556815094344e+01 -4.128598910686712031e+00
1.976762869170282144e+01 -3.606594913807979808e+00
1.975775134106223163e+01 -3.084921188532510072e+00
1.976017950296755288e+01 -2.559873258636809368e+00
1.970987962848976593e+01 -2.040419216050064932e+00
1.971554637916556274e+01 -1.488923128633093285e+00
1.970457135290021711e+01 -9.693123319075382938e-01
1.967416346952100170e+01 -4.435781641519476182e-01
1.967547842765587518e+01 8.454797223401300243e-02
1.967004869440231118e+01 6.079973814105414931e-01
1.966136164615130255e+01 1.115850292786035425e+00
1.964501038868078453e+01 1.640289190722874935e+00
1.964506518123731027e+01 2.195381587280937907e+00
1.962380456446530630e+01 2.688858153358857805e+00
1.962379581759072877e+01 3.240248784204769805e+00
1.961205861701825626e+01 3.718068081586260121e+00
2.031800669995156028e+01 -4.127889136241336132e+00
2.030649274910383895e+01 -3.604725265649543431e+00
2.029040336004081269e+01 -3.083241195546454705e+00
2.027603286981330655e+01 -2.559593520284796142e+00
2.026699681955680177e+01 -2.000869512954849938e+00
2.025978304780380768e+01 -1.482133994330961713e+00
2.025133413655174763e+01 -9.658143039215758563e-01
2.024304200984144586e+01 -4.359147037426396309e-01
2.024001555997278246e+01 9.669303833344855548e-02
2.021836084425969560e+01 6.097486548107298177e-01
2.020106708279247698e+01 1.125685347060723984e+00
2.020217787453617575e+01 1.650811631189679218e+00
2.020340361134357465e+01 2.180313593412737561e+00
2.017701114550242281e+01 2.698415608802719134e+00
2.018350544921161216e+01 3.251165933231057181e+00
2.018629577958025934e+01 3.759163828220618342e+00
2.087414939809102066e+01 -4.128656817398940859e+00
2.083059001633052532e+01 -3.599781365672695799e+00
2.084068355546791196e+01 -3.065294651437874052e+00
2.084687928320768435e+01 -2.538788241487260677e+00
2.080412211592231131e+01 -2.037208941438109377e+00
2.078290033406565129e+01 -1.520252085868666114e+00
2.079436534593303776e+01 -9.699092461376679353e-01
2.077095753292754665e+01 -4.445568332566907088e-01
2.078601572738896408e+01 9.492409511563693059e-02
2.074340927199173734e+01 6.245745656093113496e-01
2.077633280827548390e+01 1.164844658018530765e+00
2.076208048968574360e+01 1.657012072847614093e+00
2.075761221004668755e+01 2.186050307311884211e+00
2.074915345994265437e+01 2.717519812151714120e+00
2.073556718940411514e+01 3.242142796509050129e+00
2.072796998169611982e+01 3.772343359013568431e+00
2.141568828316918172e+01 -4.128481094532025608e+00
2.137892993587195889e+01 -3.597472542509457583e+00
2.138790979305459672e+01 -3.069687473090272789e+00
2.137094587628035214e+01 -2.527227820562568894e+00
2.133509540583014541e+01 -2.031732206670199048e+00
2.135971718337749081e+01 -1.500333735218237763e+00
2.132447765976514376e+01 -9.827226085021898427e-01
2.131987382317296920e+01 -4.520704201376268827e-01
2.132045259754782052e+01 8.836701041939321044e-02
2.130870950779016226e+01 6.048054771916255845e-01
2.131706840283690951e+01 1.135959204153124347e+00
2.129627856233403804e+01 1.657848920604642728e+00
2.129905783540390019e+01 2.190958414276128252e+00
2.129163806133414027e+01 2.742714120756978957e+00
2.128294576265219007e+01 3.240490879865955520e+00
2.126985035997276441e+01 3.771662858222228465e+00
2.197020748913914190e+01 -4.125915621647921583e+00
2.194537914675324686e+01 -3.595271986760380400e+00
2.193457873006624226e+01 -3.071412511613985430e+00
2.190526864152501929e+01 -2.537253179638270240e+00
2.189241007883016010e+01 -2.020260375356969007e+00
2.190120860719219564e+01 -1.494181904701946451e+00
2.189779355008369777e+01 -9.619594203697765522e-01
2.187624753490997165e+01 -4.404001426207493353e-01
2.187844292909142041e+01 8.539639279962329965e-02
2.185175949807296547e+01 5.967520300576687475e-01
2.183661534866312337e+01 1.135147214590642051e+00
2.183335384736255236e+01 1.668658004441311959e+00
2.185312382425122735e+01 2.232971441832514614e+00
2.184916217797095328e+01 2.688481675268597826e+00
2.183274214521038203e+01 3.224617028601556967e+00
2.181128733386826468e+01 3.762403790684203386e+00
2.250649310397872682e+01 -4.130735456406643635e+00
2.246981365304759493e+01 -3.591438569989442442e+00
2.246928532169416570e+01 -3.057901581852307871e+00
2.245809006020081711e+01 -2.536992179794758329e+00
2.244151821808345915e+01 -2.023330072451901884e+00
2.243756198190893514e+01 -1.495654847606093796e+00
2.245064500041436162e+01 -9.626075817391175349e-01
2.241535289888932425e+01 -4.359606195147023300e-01
2.241270475151439001e+01 9.279599020088014072e-02
2.240372889958565850e+01 6.010208734410760201e-01
2.241005986172596209e+01 1.141950202396600389e+00
2.238338184853879653e+01 1.676614407140878171e+00
2.239996020833251578e+01 2.233653921254681762e+00
2.239194437576113472e+01 2.710766990867533366e+00
2.236564279981580228e+01 3.225104073522700787e+00
2.235511002379858070e+01 3.760839802054540826e+00
2.302550026208673728e+01 -4.130437155233609658e+00
2.303634334051104560e+01 -3.608127748131529700e+00
2.299238832483302275e+01 -3.083088559652505722e+00
2.300788249371751704e+01 -2.549175095592012497e+00
2.300797863808833910e+01 -2.018149784699843963e+00
2.298737841386066805e+01 -1.503831864953397712e+00
2.297835663585080823e+01 -9.712854357699427510e-01
2.299362077610881272e+01 -4.570179230018425187e-01
2.296335560146971488e+01 1.007814594744260717e-01
2.293667983458536241e+01 6.078029941107843115e-01
2.292916879250897466e+01 1.138082767628077363e+00
2.293258597501445450e+01 1.671847763091559358e+00
2.295053224759841015e+01 2.219429106545032226e+00
2.292671249485196938e+01 2.735355269877384643e+00
2.293089839553825726e+01 3.237054988408544887e+00
2.292047529160800678e+01 3.757149380448126408e+00
2.358491467814233289e+01 -4.130572073183703452e+00
2.356736656867450108e+01 -3.600543178815017953e+00
2.353928345260007404e+01 -3.058135241817598882e+00
2.356264782703227212e+01 -2.539905533351323186e+00
2.354626461875582066e+01 -2.017431347912737039e+00
2.351546451300436047e+01 -1.472102839271162367e+00
2.351376533088079412e+01 -9.443433428352285830e-01
2.351257770075334719e+01 -4.258557756200858080e-01
2.349560987679252833e+01 7.928343321839292912e-02
2.349471025560215764e+01 6.103089758102804296e-01
2.346993975463394833e+01 1.138309611437655633e+00
2.347234400808649468e+01 1.700048566376690218e+00
2.345431935487270181e+01 2.208897795412866571e+00
2.345697145483466528e+01 2.727469951301632278e+00
2.345789094515864548e+01 3.260184861286912650e+00
2.344501684898607152e+01 3.759041490654048800e+00
2.409892088839852420e+01 -4.148823448141268244e+00
2.411432966497235242e+01 -3.581430071822024885e+00
2.410028399293680224e+01 -3.074019147505703486e+00
2.408510426936266668e+01 -2.520925988992086531e+00
2.406771100282647780e+01 -2.007762647150578061e+00
2.406239688936437204e+01 -1.480795144965949106e+00
2.404545684996362098e+01 -9.580995882419927057e-01
2.404583386757004604e+01 -4.338823154072315447e-01
2.401749301664660408e+01 9.445717930531216666e-02
2.402498888823323853e+01 6.126954253043237486e-01
2.402790136089193851e+01 1.132146959721069379e+00
2.402236353010670911e+01 1.678578691479259533e+00
2.400764031531013387e+01 2.221234135267327048e+00
2.403340105319377074e+01 2.701146161342808938e+00
2.400105456696559258e+01 3.245237991444085424e+00
2.400622394417673178e+01 3.770266460826039889e+00
2.465982967406472426e+01 -4.122869041466991291e+00
2.465036674655272009e+01 -3.582352454967118405e+00
2.463872268412175259e+01 -3.075874977991773562e+00
2.462227320136160102e+01 -2.543892763022959969e+00
2.461153234365252018e+01 -1.999775478082753466e+00
2.460841428652638285e+01 -1.482986965975769067e+00
2.459679353809610092e+01 -9.644183736893268133e-01
2.455949614497453837e+01 -4.297605415166323439e-01
2.455971424953503401e+01 1.106702100653969012e-01
2.456369099356717101e+01 6.263347117017339372e-01
2.456354427868986789e+01 1.122579784385752788e+00
2.456626446150167453e+01 1.671161445404774071e+00
2.462716630176433341e+01 2.202282864378329208e+00
2.457781518062844839e+01 2.731607693050190022e+00
2.455664595822587870e+01 3.261583627920586537e+00
2.453482734872905269e+01 3.764395628983159270e+00
2.517796695139612240e+01 -4.131229014069974781e+00
2.518268542711011548e+01 -3.586753513540086757e+00
2.517927154390268640e+01 -3.067300367011100093e+00
2.516537244594964307e+01 -2.542761147910788111e+00
2.515929384923785506e+01 -2.003473990518710224e+00
2.514102481464465200e+01 -1.477281435159060408e+00
2.514103766165281684e+01 -9.549238494303686764e-01
2.513267856865098082e+01 -4.177911539340293245e-01
2.513008809540576749e+01 9.477520300790942542e-02
2.512592569340023374e+01 6.171564102175857158e-01
2.512846497237852361e+01 1.146221650746340970e+00
2.511049496111672141e+01 1.675085875554053416e+00
2.510456583644376138e+01 2.208595133593025395e+00
2.514216242046173733e+01 2.728884749613470717e+00
2.509812773685933251e+01 3.239754383465154319e+00
2.508568525460734122e+01 3.771332886581198807e+00
2.575742657846699757e+01 -4.125447455976582134e+00
2.571548358641198462e+01 -3.584987401894535353e+00
2.573375980355603332e+01 -3.063296177635558948e+00
2.570427489543897792e+01 -2.545758064069801208e+00
2.570015892471808883e+01 -2.015354939575235704e+00
2.567315970427100069e+01 -1.488431701076716962e+00
2.566807772852566671e+01 -9.579951828969406336e-01
2.568340918671984241e+01 -4.301906203829837239e-01
2.568147702177251546e+01 9.902357914324966259e-02
2.566743187061376830e+01 6.187269478365209352e-01
2.565314564308738454e+01 1.147224110290068211e+00
2.566174991295969221e+01 1.675048688794433360e+00
2.566527890557060942e+01 2.215316110726785581e+00
2.565493967941320363e+01 2.725570937148798834e+00
2.565420160247377623e+01 3.244427168734731026e+00
2.565487787355903748e+01 3.775264802785148532e+00
2.628287059200295062e+01 -4.107622061413936265e+00
2.622246856777386625e+01 -3.621389790057619962e+00
2.626037496306068419e+01 -3.059929442373874764e+00
2.623433107414990673e+01 -2.542817253227614316e+00
2.625296993224867492e+01 -2.019080482536878662e+00
2.626957755726168386e+01 -1.493488541645302092e+00
2.625126688085476445e+01 -9.435645134402932399e-01
2.623001674414636142e+01 -4.145772456746037449e-01
2.622903288668916133e+01 1.004249247312323234e-01
2.620182861205427827e+01 6.267413890686448497e-01
2.619698560215362448e+01 1.141459509482771750e+00
2.619587556963463726e+01 1.687212726067912172e+00
2.619253014290189441e+01 2.209873237213606956e+00
2.617876298774143606e+01 2.717854579523326208e+00
2.617525568319213392e+01 3.233224050091525470e+00
2.616775148882078383e+01 3.781363051955136001e+00
2.680309570466675240e+01 -4.126582108467896859e+00
2.681402326308467110e+01 -3.599790649663274777e+00
2.682179255383998395e+01 -3.072592188834882165e+00
2.679216245002838548e+01 -2.546644914685941785e+00
2.680065248112721576e+01 -2.006711892713454404e+00
2.679492299894653229e+01 -1.497041230660180133e+00
2.678723588089557239e+01 -9.656399260597758882e-01
2.680615426382239974e+01 -4.081803714203253719e-01
2.676563298564067850e+01 9.110949122262113065e-02
2.676703353905222116e+01 6.113315722329666357e-01
2.677027224416308826e+01 1.143976467998431445e+00
2.674661536219238656e+01 1.686033275444756896e+00
2.672704067762882119e+01 2.221507326338009847e+00
2.673500320802041585e+01 2.734041330537291259e+00
2.675377026284478887e+01 3.212941363804109329e+00
2.672862023520254127e+01 3.775671311552208920e+00
2.733738571484554569e+01 -4.124366563622468007e+00
2.735210464925157225e+01 -3.603174003186989438e+00
2.735332703547067723e+01 -3.066344134995507176e+00
2.734104176336257552e+01 -2.531446167375989376e+00
2.735638484520060132e+01 -1.990223290322301608e+00
2.733766419265886327e+01 -1.489003861130282047e+00
2.732865615524605829e+01 -9.568415581247364798e-01
2.732892969168313613e+01 -4.179704077298538323e-01
2.730889790143023532e+01 1.038283756904121446e-01
2.730068756075532121e+01 6.394942154231699760e-01
2.732187336480471629e+01 1.187744427038786910e+00
2.731263864691486987e+01 1.669750534460533231e+00
2.730629784201644128e+01 2.207358712551666713e+00
2.728911603992688839e+01 2.698620626437282510e+00
2.725873735185226820e+01 3.237936658153941494e+00
2.727601426716822886e+01 3.800750503694221294e+00
2.788684683467322145e+01 -4.105893741460212354e+00
2.786831107227590110e+01 -3.605115846339302266e+00
2.785269080679364606e+01 -3.083680330922790702e+00
2.788663385423269148e+01 -2.540754552786435028e+00
2.786899307286844873e+01 -1.996208671914260435e+00
2.789551728142065912e+01 -1.488576128115425945e+00
2.786870711250355015e+01 -9.557414141869173818e-01
2.785843947353091465e+01 -4.256546117392936424e-01
2.786458218379381435e+01 9.466267566631003660e-02
2.785669158315002392e+01 6.256583850312296136e-01
2.785573637800899860e+01 1.175580931276027030e+00
2.782506505972543920e+01 1.679723458817214521e+00
2.782445010103038641e+01 2.217647304526863650e+00
2.783095712588279014e+01 2.735875176478433701e+00
2.781440935541189674e+01 3.258928689115389687e+00
2.780082197292383484e+01 3.784569228631308846e+00
2.842650798942251100e+01 -4.109017449902822250e+00
2.845074462821436612e+01 -3.609758549090825497e+00
2.843860439000273743e+01 -3.065732865827675013e+00
2.842174270089028454e+01 -2.532429248611638428e+00
2.841995316520958426e+01 -2.013016713452234541e+00
2.842399257448755634e+01 -1.460471066913406446e+00
2.841137758090968646e+01 -9.494308261454840192e-01
2.839694778989248647e+01 -4.357448639458816331e-01
2.839452319958068216e+01 1.028058371350439870e-01
2.839515460088234988e+01 6.563571803311454289e-01
2.839942922358343225e+01 1.177139513520835123e+00
2.838449450364221605e+01 1.666671443037110123e+00
2.837383476084553280e+01 2.198234766257368022e+00
2.838554605389803953e+01 2.734109021170429088e+00
2.838210699050132035e+01 3.267474364014958610e+00
2.836263574876018367e+01 3.810459210366257565e+00
