1.000017018982063277e+01 -4.142781770266973140e+00
9.987172346063072581e+00 -3.630115139522462897e+00
9.943915306702521661e+00 -2.627977587438646623e+00
9.931475097901358851e+00 -2.066131146510592487e+00
9.955758820044824375e+00 -1.574673532238310969e+00
9.923111341629972770e+00 -1.050519408969826429e+00
9.905005388792684329e+00 -5.481772710172236884e-01
9.847219888673844679e+00 5.202197732520765783e-01
9.842052002121107535e+00 1.036875388735918335e+00
9.831536928841515532e+00 1.582135329165431870e+00
9.868701417973404943e+00 2.079966816560233411e+00
9.847208176616806696e+00 2.607460770371460512e+00
9.801883087032543074e+00 3.134948820611949571e+00
9.810319318626827823e+00 3.670775129453129892e+00
1.060135661414732411e+01 -4.141524185196109542e+00
1.054506003406899595e+01 -3.658916507878631208e+00
1.054526904338235838e+01 -3.112871422928577658e+00
1.050408598693125839e+01 -2.072767912683222136e+00
1.047477751299159721e+01 -1.547706055277934922e+00
1.046628111640832159e+01 -1.047847433966154540e+00
1.042848860958343238e+01 -5.225990446674977363e-01
1.044007063216753650e+01 -4.772993074301012939e-03
1.042992485296278815e+01 5.464033847775766617e-01
1.041678015188891848e+01 1.562750885496321018e+00
1.041845008420566288e+01 2.084241825616633292e+00
1.040291764724387136e+01 2.603613872687922992e+00
1.038028700008750249e+01 3.152055465750152052e+00
1.036546892693250754e+01 3.653227863581598456e+00
1.111155059701161463e+01 -4.137843776104308091e+00
1.113366585581866630e+01 -3.652536908154102591e+00
1.108209987001948704e+01 -3.097846428080208270e+00
1.108521630185219209e+01 -2.590918154677343210e+00
1.105101187848907784e+01 -2.084654776575565194e+00
1.104544196431951164e+01 -1.570897656643982288e+00
1.101499209730179984e+01 -1.044896153001932504e+00
1.102067635796897704e+01 -5.233388932471001453e-01
1.100343530433462291e+01 -6.808147195691560682e-03
1.098775314963599925e+01 5.131181754356646252e-01
1.097992543670107679e+01 1.039603817444994860e+00
1.096259087065761406e+01 1.578674563786208296e+00
1.096356353826077523e+01 2.100794441108433830e+00
1.094262526967004945e+01 2.615039356483226385e+00
1.095158001345202337e+01 3.145660569446842914e+00
1.091733165921746007e+01 3.667383222904227580e+00
1.166993226616327206e+01 -4.129163158757499730e+00
1.167857739043641985e+01 -3.623156476138236215e+00
1.164556523578346869e+01 -3.109830120513564111e+00
1.165385372626252547e+01 -2.582225677069644121e+00
1.163526057296342486e+01 -2.067123856378699998e+00
1.161910329419011845e+01 -1.562855560177474956e+00
1.159857524535921058e+01 -5.007568630990846259e-01
1.158492265657338649e+01 6.619588040276624952e-03
1.159309364761430317e+01 5.377230296397961240e-01
1.157445968147366955e+01 1.008165663569975834e+00
1.150983726239685012e+01 1.598842296095870807e+00
1.151224654317495677e+01 2.095691771324975861e+00
1.149885972500996445e+01 2.624935735613100007e+00
1.149284857211677391e+01 3.143845663416058756e+00
1.151214880255293593e+01 3.667537050743867155e+00
1.225664828341795953e+01 -4.147178263887880689e+00
1.225527594493214423e+01 -3.597005589400817271e+00
1.223357674803756012e+01 -3.027863431769366898e+00
1.222353045047353604e+01 -2.574002506599455842e+00
1.217882141560380660e+01 -2.054272839359580161e+00
1.217989718929445075e+01 -1.576061632035411719e+00
1.216591702937498098e+01 -1.029381968776885259e+00
1.213298167427905838e+01 -5.063265388266664502e-01
1.213088944950081682e+01 4.911527679659144496e-02
1.212625202383579293e+01 5.509483468145752738e-01
1.210304107730123135e+01 1.069258763701395054e+00
1.207041659115875021e+01 1.564565781525402599e+00
1.206605635506776153e+01 2.113060730911158203e+00
1.205964139059855000e+01 2.635266969183128083e+00
1.207421500209949983e+01 3.132618462009343574e+00
1.206700205092534262e+01 3.658787115953483493e+00
1.280622943477771614e+01 -4.169714218600677924e+00
1.258808307964044815e+01 -3.839709732436634937e+00
1.281009833511656737e+01 -3.124835556016357430e+00
1.278575307560214114e+01 -2.581360150926020225e+00
1.274682412540877863e+01 -2.062003230034481049e+00
1.273748458983347831e+01 -1.563959403527960035e+00
1.272145672803694083e+01 -1.033382718800069711e+00
1.270398273743256823e+01 -5.136730229275983106e-01
1.265121379378326338e+01 3.156554916882114981e-02
1.268872652713705307e+01 5.664125917136431099e-01
1.269941297644803768e+01 1.079502867774465358e+00
1.263843049967785248e+01 1.530323455020528911e+00
1.260527650760763052e+01 2.107124165814592942e+00
1.263649165723991885e+01 2.661015851426238754e+00
1.266174924978795957e+01 3.150891012280244041e+00
1.265650403228670129e+01 3.694603592261341163e+00
1.340678125301396761e+01 -4.150153584536704798e+00
1.337494847806242149e+01 -3.632644920334884731e+00
1.337249193210391596e+01 -3.103537940957750152e+00
1.334630833582397003e+01 -2.581208797368109487e+00
1.333482024408484534e+01 -2.049720680931798711e+00
1.329955560546017779e+01 -1.512955648110260398e+00
1.330294299975255257e+01 -9.942933044901138828e-01
1.330921107662556579e+01 -4.721002005148733360e-01
1.327208045524439228e+01 3.751223821753058019e-02
1.326906724065409904e+01 5.595947022389893277e-01
1.322440356450302090e+01 1.047386499209363109e+00
1.325115382187345503e+01 1.583465953815995420e+00
1.320653540236586210e+01 2.085514910688523571e+00
1.321713006457979489e+01 3.167007666325442727e+00
1.320859917892097712e+01 3.692250575014753622e+00
1.400807164644090008e+01 -4.131443338337042803e+00
1.395820366302138993e+01 -3.601643572063203180e+00
1.393308484779184653e+01 -3.111124708841634501e+00
1.388775725975816400e+01 -2.581720366571133241e+00
1.388089371771125968e+01 -2.058238233326605382e+00
1.388776670808557512e+01 -1.496007758497334805e+00
1.386169692143118937e+01 -9.858131279229311872e-01
1.383959975069616277e+01 -4.684058053716881886e-01
1.380964888233887677e+01 3.332198422616272637e-02
1.380853158878603182e+01 5.459517616573954513e-01
1.380650521979400125e+01 1.065788481298273638e+00
1.376166865723547517e+01 1.563917736187946161e+00
1.376459996151278631e+01 2.109792884786415357e+00
1.380720478504580839e+01 2.648946545843802625e+00
1.375383689396169373e+01 3.165819501010521009e+00
1.378447452749301405e+01 3.717001183596281066e+00
1.458759248023654465e+01 -4.143360748468975174e+00
1.452921780948473085e+01 -3.616617010875563309e+00
1.456884491652720470e+01 -3.117949820844950537e+00
1.447244471899256624e+01 -2.574806645807274919e+00
1.444181313536740063e+01 -2.013919056791099393e+00
1.443603337492313798e+01 -1.515653134066841545e+00
1.441177835034861943e+01 -1.008457661748760614e+00
1.438624500555648567e+01 -4.566614116602281115e-01
1.439825684235108483e+01 3.257127516311797422e-02
1.436428161406200132e+01 5.441084620603326982e-01
1.435175258304173340e+01 1.066554493781463719e+00
1.434184416138861096e+01 1.594087465850048346e+00
1.433980108907402951e+01 2.152124282697599256e+00
1.431748809773072750e+01 2.636640838265751796e+00
1.428845617717465899e+01 3.687730235738072793e+00
1.513693589752271862e+01 -4.154528626931320190e+00
1.509017904566678681e+01 -3.638091707714739442e+00
1.505611696158617363e+01 -3.117916346287852747e+00
1.504128000691864742e+01 -2.566807050510167443e+00
1.501736904319585264e+01 -2.053902765356305338e+00
1.500620722854123557e+01 -1.542339063450189229e+00
1.501390033054319062e+01 -9.857842905092262242e-01
1.494322565002649483e+01 -4.565045818449000592e-01
1.491735056193120101e+01 3.810446098121289538e-02
1.495113129830316367e+01 5.578287508417290042e-01
1.492397583200870059e+01 1.075546967028824241e+00
1.492766990168240682e+01 1.587267555561865606e+00
1.489807435171370997e+01 2.130913184594945164e+00
1.487116882796700423e+01 2.639341444794450098e+00
1.482873731631925196e+01 3.179407790755856666e+00
1.489438489096183105e+01 3.691140528721614800e+00
1.568339184174190493e+01 -4.142893893683503137e+00
1.563844738292555547e+01 -3.600731465014948895e+00
1.559742765965264866e+01 -3.078080985668192326e+00
1.560701414177416524e+01 -2.554926336244133012e+00
1.559221302040404211e+01 -2.021214196037909971e+00
1.555706199012379187e+01 -1.521051266974051686e+00
1.552476705949599278e+01 -9.977516789029898803e-01
1.552020237037282513e+01 -4.753109163210744725e-01
1.549288108091768024e+01 4.611847931372992093e-02
1.548289119267059988e+01 5.753129222266011311e-01
1.546562531558221920e+01 1.098113781032711955e+00
1.555612501461746788e+01 1.642877697023344297e+00
1.548485195975574058e+01 2.113716375549628879e+00
1.543797222335046371e+01 2.647431897529834544e+00
1.541668763690888255e+01 3.176299468563545503e+00
1.542374489175650254e+01 3.743159080546448081e+00
1.620264590085578149e+01 -4.103054036849245634e+00
1.617765027412821865e+01 -3.580579292600763353e+00
1.615944191230277127e+01 -3.054041202622309825e+00
1.615279394474914554e+01 -2.549276133287211366e+00
1.613227573079244692e+01 -2.021475225272784115e+00
1.612111379148209522e+01 -1.522802151510941115e+00
1.608380421606571176e+01 -9.770624905733136245e-01
1.607663821696110418e+01 -4.525884334154639532e-01
1.604431702653212355e+01 6.475716095769001868e-02
1.604141373584044672e+01 5.804709000352055170e-01
1.602474611193022014e+01 1.089041555887039436e+00
1.606142260877990324e+01 1.630148662710858787e+00
1.600030475204723501e+01 2.126715602563105989e+00
1.599288307711012180e+01 2.672340435600808917e+00
1.596605958811673887e+01 3.199917497681482814e+00
1.600902928204525821e+01 3.713567403357181718e+00
1.675459142865914686e+01 -4.094897963536356045e+00
1.672781432329217921e+01 -3.576036691374497423e+00
1.671519973666874037e+01 -3.044936337931874348e+00
1.669831937785539111e+01 -2.529617301359820658e+00
1.669693503851168614e+01 -2.016058933148048737e+00
1.665135395376826466e+01 -1.523237079774453662e+00
1.665502263568786390e+01 -9.784586055180781727e-01
1.666898009029644356e+01 -4.595678861901468792e-01
1.662482732591117696e+01 6.622251501092080161e-02
1.658242208640408322e+01 5.541494229048069542e-01
1.658500990903634786e+01 1.102996797929591821e+00
1.659729585884074510e+01 1.623611467015503962e+00
1.657497746222784230e+01 2.152197852094563046e+00
1.654987258009697371e+01 2.692007719634592178e+00
1.655686248306142616e+01 3.195292227117164430e+00
1.654560631404248738e+01 3.726135580464561059e+00
1.733159322885430953e+01 -4.094104491028073056e+00
1.729928458265673541e+01 -3.578640162161187632e+00
1.728042968678037283e+01 -3.035524076002207750e+00
1.727566356795909996e+01 -2.559078989894281619e+00
1.724091323990569791e+01 -2.041692037913062308e+00
1.718856501272543369e+01 -1.499764802372077099e+00
1.719509745596495875e+01 -9.814147026628390336e-01
1.719484843039490585e+01 -4.542256958075689965e-01
1.717964068146720891e+01 7.536633790382651910e-02
1.718735819296952272e+01 5.877496676664435427e-01
1.715339672669456306e+01 1.121678744857110388e+00
1.712509777132992994e+01 1.609973877050794755e+00
1.712879625842458964e+01 2.155129986316349999e+00
1.711513029287783283e+01 2.677531652400745088e+00
1.711353557215208454e+01 3.218306819878623770e+00
1.710429855030566770e+01 3.744969735606410666e+00
1.786204859567223835e+01 -4.075855827081824145e+00
1.783835305703329510e+01 -3.573304556492749029e+00
1.784358299299184480e+01 -3.051779736389185871e+00
1.782434981301591748e+01 -2.517310927261856790e+00
1.778893324543592769e+01 -2.037520830075926881e+00
1.777783087128528550e+01 -1.475484441471536456e+00
1.775762856302544890e+01 -9.735700631813060113e-01
1.770774483900252250e+01 -4.545681300733406260e-01
1.771014261688372926e+01 7.616524675258418142e-02
1.771571682384044166e+01 5.846882287290888769e-01
1.770462522495049029e+01 1.122673010347952527e+00
1.767033585871792312e+01 1.623500226095163868e+00
1.766366349382306211e+01 2.145454834202656258e+00
1.767253487599785799e+01 2.685307958489854485e+00
1.764076928512261233e+01 3.209797123530655938e+00
1.769370228318207339e+01 3.696483119306673615e+00
1.839778404033844694e+01 -4.096658968274526913e+00
1.839080847065083901e+01 -3.588634687171962767e+00
1.838970453115220494e+01 -3.043393094666052789e+00
1.836871928023645140e+01 -2.547054060390063768e+00
1.835446024679445642e+01 -2.028840534580353960e+00
1.834802260265666263e+01 -1.494029951214727703e+00
1.831665248766387677e+01 -9.795502241115663367e-01
1.831337067093873117e+01 -4.555136161502524317e-01
1.827060270603814374e+01 6.936464557762889171e-02
1.825441038751014844e+01 6.031424668363314368e-01
1.824541066851694282e+01 1.128747835719988046e+00
1.824066393181428936e+01 1.639954600879661939e+00
1.823057763069301629e+01 2.171469169638562846e+00
1.822525288905620044e+01 2.652722695430192346e+00
1.826549933035128603e+01 3.095191245293154481e+00
1.823720120353021912e+01 3.687285526186350637e+00
1.898500333355400826e+01 -4.101499576662327229e+00
1.895543618354428261e+01 -3.586911887681466737e+00
1.894767994125855637e+01 -3.064124975631449033e+00
1.890455684917063905e+01 -2.555628506419090229e+00
1.888160014912305229e+01 -2.036556661915977173e+00
1.888521525712554094e+01 -1.495068282107929747e+00
1.889192944907711080e+01 -9.758103248929685947e-01
1.886227032059317210e+01 -4.460891652734702006e-01
1.884228591366401773e+01 5.869084910440136582e-02
1.884192907436852238e+01 6.002477280347662258e-01
1.881423460788191449e+01 1.109953181081483109e+00
1.878617510006484537e+01 1.647382579009519787e+00
1.877673717371584772e+01 2.159486072059433326e+00
1.880754446541559588e+01 2.682841367352423845e+00
1.880168418194056201e+01 3.222623480267451157e+00
1.878176222470671064e+01 3.707137569726999260e+00
1.949132686114389301e+01 -4.108783962543839152e+00
1.952028794988097360e+01 -3.597428418444160059e+00
1.951267727575369548e+01 -3.074508233082740460e+00
1.950691502901553065e+01 -2.547552445546493516e+00
1.944751443368143740e+01 -2.041916740843095823e+00
1.944767165719726165e+01 -1.485514534246227925e+00
1.943568704381512191e+01 -9.723079466616937339e-01
1.940453571041217984e+01 -4.503087267721248566e-01
1.940308169549761175e+01 7.857518061174673107e-02
1.939280475353712063e+01 5.956728339907577663e-01
1.938352330690751302e+01 1.112000602379364267e+00
1.936230151143929845e+01 1.613027701829892635e+00
1.936168639606939479e+01 2.174349048738157819e+00
1.933011305917082012e+01 2.664019597603772382e+00
1.933386545783256594e+01 3.215999969588754226e+00
1.931921101438295807e+01 3.692031099282765183e+00
2.007839519619646040e+01 -4.113827324179055722e+00
2.005944422097634572e+01 -3.587190543030981615e+00
2.004143348212125630e+01 -3.069046765053807135e+00
2.002477860681984367e+01 -2.551049091742786601e+00
2.000974736995540582e+01 -1.994424527425781690e+00
2.000137448312890598e+01 -1.481246663719968382e+00
1.999166632963425627e+01 -9.614768915626150658e-01
1.998245228280843122e+01 -4.375700986534489800e-01
1.997490225591685942e+01 9.258535792353583815e-02
1.994881897692400941e+01 6.041302129954395639e-01
1.993450453114828136e+01 1.120297226090176679e+00
1.993828984248863634e+01 1.629409752928449251e+00
1.993200600403649148e+01 2.157351450863686182e+00
1.989702318928050673e+01 2.679410130561695524e+00
1.990600582582454336e+01 3.229898589423260802e+00
1.989740414521928713e+01 3.730269948111505585e+00
2.064534261234775414e+01 -4.115499988145280952e+00
2.059182263310553651e+01 -3.579001993571377938e+00
2.059736071591637341e+01 -3.046946228133277756e+00
2.061442321503592012e+01 -2.531556206635961814e+00
2.056049808094181941e+01 -2.047668014294139027e+00
2.052635115814523914e+01 -1.523009035847955772e+00
2.053450758382224706e+01 -9.661968690875255561e-01
2.051233926794993323e+01 -4.440469717639601299e-01
2.052133908868716361e+01 9.250861114672659369e-02
2.049212480168989714e+01 6.191463918620669915e-01
2.050921921366918355e+01 1.156062390742032875e+00
2.049930335590470065e+01 1.642770559847207323e+00
2.049014374502704783e+01 2.174751957575121963e+00
2.047764052754842368e+01 2.703745209883351208e+00
2.046042063624612695e+01 3.222224848326323610e+00
2.044698577998887856e+01 3.747569987770074107e+00
2.119304109160734129e+01 -4.115064332929723179e+00
2.114865051493858772e+01 -3.576842862799948009e+00
2.115573378537900595e+01 -3.061081712943348521e+00
2.113187121943512636e+01 -2.520348862236083676e+00
2.110644468460058221e+01 -2.013390011678012570e+00
2.110823954648518708e+01 -1.488423965435369922e+00
2.107812421391329849e+01 -9.906168123215799426e-01
2.106070068272406814e+01 -4.582435995229516834e-01
2.106005513197527534e+01 8.491706557687805912e-02
2.105499075617516525e+01 6.007634936244805601e-01
2.105895088237522117e+01 1.127473481352748053e+00
2.103503987984333889e+01 1.643777835000488352e+00
2.103467977757618712e+01 2.179777824610216186e+00
2.102495436998417233e+01 2.718902263754728210e+00
2.101298611167641894e+01 3.209548325703281080e+00
2.100444437622311256e+01 3.750308036252263832e+00
2.175083896638366809e+01 -4.103974132497597793e+00
2.172527091281128264e+01 -3.574685014917106329e+00
2.170806948333019903e+01 -3.058186302391170841e+00
2.167097844541667939e+01 -2.526032596366224681e+00
2.165815285421956560e+01 -2.009440201639218770e+00
2.166273004411828396e+01 -1.482535210671915848e+00
2.165701656232634775e+01 -9.579629540061809223e-01
2.163598237799065771e+01 -4.447935423060798144e-01
2.163022037128165209e+01 7.727819225598864250e-02
2.160094153033750075e+01 5.857833116734987300e-01
2.159117138859782159e+01 1.121861157685824395e+00
2.158569665004771565e+01 1.658744776279025501e+00
2.159298111362100059e+01 2.222665242821634024e+00
2.158399689891665929e+01 2.651016407502549299e+00
2.157893358082322521e+01 3.195256673552815840e+00
2.154791890525947196e+01 3.737847529183380146e+00
2.229309831066063907e+01 -4.109581783672574318e+00
2.225036050914055608e+01 -3.570762776069436484e+00
2.224882237997003642e+01 -3.030013481510781759e+00
2.224270795081287133e+01 -2.533550101003744004e+00
2.221227570014345076e+01 -2.015979129381786805e+00
2.219846081582639385e+01 -1.490255215025378277e+00
2.221594468123453936e+01 -9.611731171387489780e-01
2.216914996824571915e+01 -4.329323711566495092e-01
2.216751309590651431e+01 9.212746864282905790e-02
2.216466352602386536e+01 5.944395830909670053e-01
2.216009331109206215e+01 1.137182765243231586e+00
2.213985142264135675e+01 1.670881196798429613e+00
2.214880947964670099e+01 2.222538350822862441e+00
2.213833966510200213e+01 2.677762642353680889e+00
2.212313323484350747e+01 3.210915263754735349e+00
2.210630775600909459e+01 3.744971852359761044e+00
2.282817835762457293e+01 -4.109100235519676403e+00
2.284736593892508694e+01 -3.589316447930894327e+00
2.277543079198126463e+01 -3.066624135885286151e+00
2.279472834289752115e+01 -2.532038655286829254e+00
2.279287971802013146e+01 -1.999401753246011992e+00
2.276298052867535660e+01 -1.493326506185848501e+00
2.274454412795949310e+01 -9.644926170702987633e-01
2.275095755206629633e+01 -4.413745776054653902e-01
2.272520818463061687e+01 9.935808875592755385e-02
2.270749450424568749e+01 6.027528980572398609e-01
2.269305760640362735e+01 1.132323621590465734e+00
2.269837314612463075e+01 1.660486952957807461e+00
2.270813073572350049e+01 2.212067535599764767e+00
2.268276552385034250e+01 2.733278842964693922e+00
2.268502664972000105e+01 3.225889099011993721e+00
2.267522594263063240e+01 3.745604774326960040e+00
2.338834083259443730e+01 -4.104648769771952033e+00
2.337285773018631119e+01 -3.572987233316817779e+00
2.333437585456692887e+01 -3.033395608063653270e+00
2.336251350644987212e+01 -2.519337485700138046e+00
2.333007295377905166e+01 -2.004736873137581199e+00
2.329025861311179568e+01 -1.463230606802287781e+00
2.327839917110794943e+01 -9.353645784632220739e-01
2.328694262456313879e+01 -4.154663461360073029e-01
2.326598188838286774e+01 8.206447430703533996e-02
2.326357633741893949e+01 6.070512621146626486e-01
2.323830002159796493e+01 1.130171250977301867e+00
2.323811121024559867e+01 1.691914533922858510e+00
2.321666056007680368e+01 2.203445072943573280e+00
2.321640193651862205e+01 2.719807581874604807e+00
2.322333631923698505e+01 3.254280656086194767e+00
2.320961467883824270e+01 3.742127485703818479e+00
2.389420972241085650e+01 -4.130369813941719315e+00
2.391447954425649414e+01 -3.555071968685572514e+00
2.390034966979854403e+01 -3.055288030508860331e+00
2.387949956635999627e+01 -2.495652686619923344e+00
2.385717882000530210e+01 -1.995636739139669658e+00
2.385317126264341425e+01 -1.469311656559902701e+00
2.382878756102608264e+01 -9.501183044408030298e-01
2.382284325528469537e+01 -4.253317856147091902e-01
2.381619332670145184e+01 8.898705835589737489e-02
2.379935352254696568e+01 6.076891588060355787e-01
2.380384953975333673e+01 1.130903274615974397e+00
2.379205060553722717e+01 1.681403542625176328e+00
2.377070476433828361e+01 2.220760063597765566e+00
2.381695125653459399e+01 2.689997658800653113e+00
2.376551400849130857e+01 3.238728097430350061e+00
2.378279760828431222e+01 3.752330730724615648e+00
2.447512768685555784e+01 -4.097366794918585242e+00
2.445670084393260879e+01 -3.547581906188662870e+00
2.444194939370905928e+01 -3.063448186886315483e+00
2.441426361752630214e+01 -2.526063761284909504e+00
2.440233134466034670e+01 -1.979814060425638900e+00
2.439923092235747504e+01 -1.470735381523429197e+00
2.438224846416292735e+01 -9.494785543800183802e-01
2.433556202437920746e+01 -4.146303238779722733e-01
2.434967255056262303e+01 1.241418799653821736e-01
2.435854945233190705e+01 6.275380389554392480e-01
2.434349734457580183e+01 1.117365434183753337e+00
2.434709483322069445e+01 1.666184495381006769e+00
2.441251125669104738e+01 2.189843421178956362e+00
2.435523856753074057e+01 2.728954803404942453e+00
2.432947685924975900e+01 3.258681366887593356e+00
2.431546086173868559e+01 3.758303097258487213e+00
2.498871787611940221e+01 -4.109168343815820634e+00
2.499986095421046173e+01 -3.561008874613305508e+00
2.499494860843431354e+01 -3.043404328594691677e+00
2.496723989810519839e+01 -2.522910269707129061e+00
2.495479010759818550e+01 -1.984392496825797991e+00
2.493874691777885033e+01 -1.460556532332073942e+00
2.494108912881338114e+01 -9.383628609482599359e-01
2.491973260014466263e+01 -4.015394809239722917e-01
2.492614715990064411e+01 1.066835726812946916e-01
2.491945572656173624e+01 6.206087342001325169e-01
2.491532249466887805e+01 1.150002192847868088e+00
2.490435042462869575e+01 1.679063150156821393e+00
2.489189170100328141e+01 2.209999792856358170e+00
2.492991266731672795e+01 2.723623762139382620e+00
2.488383302983227452e+01 3.223563986425464378e+00
2.487427194295268151e+01 3.753719211659340971e+00
2.558288033394151029e+01 -4.097733487692142518e+00
2.553637347677550196e+01 -3.559242832687123936e+00
2.555481483739045956e+01 -3.033876276931424698e+00
2.551932801832661113e+01 -2.521545064211647258e+00
2.552034134278323307e+01 -1.986316058441275345e+00
2.548130260289539706e+01 -1.464759617008986936e+00
2.546817878082520537e+01 -9.411933109946772902e-01
2.548895476297317231e+01 -4.195286426006816782e-01
2.548204140379424132e+01 1.094493456272971343e-01
2.546151221593439118e+01 6.287036264364402882e-01
2.544292138321037555e+01 1.152825427575908890e+00
2.545534716728379010e+01 1.677884689708939447e+00
2.546181867358293971e+01 2.222473980195140086e+00
2.545178610031597799e+01 2.721210010544982794e+00
2.544486728852385937e+01 3.220110366051098794e+00
2.543944402305653085e+01 3.769358197790463549e+00
2.612987972694078564e+01 -4.080009702862181342e+00
2.587936351769798193e+01 -3.569290383943021894e+00
2.608584586922642501e+01 -3.031729414523317345e+00
2.604643120211912333e+01 -2.511871999841645220e+00
2.607462474488436754e+01 -2.000137475500096684e+00
2.609023805913531646e+01 -1.476034639999621589e+00
2.606883457026191309e+01 -9.270600774957635792e-01
2.604125987967346845e+01 -3.825636716095992540e-01
2.603617833971836149e+01 1.087809714205718592e-01
2.600653160868528602e+01 6.336461523446708100e-01
2.600191588733002135e+01 1.148894591565330359e+00
2.598700362285265442e+01 1.692564010995351254e+00
2.598839626146411774e+01 2.215399854596519447e+00
2.598372407683371677e+01 2.718003536649003848e+00
2.597856591282798178e+01 3.211196802644597170e+00
2.596211312280638595e+01 3.770671325708629951e+00
2.663916786368375966e+01 -4.104560952297577003e+00
2.664685271618984785e+01 -3.573945985654253477e+00
2.666522502355434909e+01 -3.043478383240266538e+00
2.660434182383851720e+01 -2.519688738315498000e+00
2.662708347473765969e+01 -1.981961721375196106e+00
2.661828014509967488e+01 -1.473303546885503579e+00
2.660566940410188863e+01 -9.483766558429174154e-01
2.662343641118787474e+01 -3.879257787250729450e-01
2.658508058812809338e+01 1.049444045364644751e-01
2.658199527170027210e+01 6.241382777853097252e-01
2.657922940764279929e+01 1.152904190860002842e+00
2.656213655084163605e+01 1.692234950864285992e+00
2.654628334108539178e+01 2.227499391377364191e+00
2.653140868870195135e+01 2.737473452491396841e+00
2.659383370741858243e+01 3.176018494978855244e+00
2.654134394442375822e+01 3.764369564684741931e+00
2.717111648605081342e+01 -4.092988324418849189e+00
2.718824371409332485e+01 -3.572012439421383689e+00
2.719229569653896306e+01 -3.032913186684856655e+00
2.717555379025682072e+01 -2.499291939427696008e+00
2.719640025027686647e+01 -1.969559437063928442e+00
2.717578269757001408e+01 -1.468708353913498854e+00
2.715992598723034490e+01 -9.387614995200870283e-01
2.716052829974857019e+01 -4.011230365622822092e-01
2.714049385548010207e+01 1.173409239330709397e-01
2.711970538434588462e+01 6.506208677970306553e-01
2.714204171709047841e+01 1.219993495972016007e+00
2.713242983914867068e+01 1.666083802720201845e+00
2.713825592871605608e+01 2.207642618797262202e+00
2.712082851561049068e+01 2.692987244995219243e+00
2.707515467599659331e+01 3.229777000503641915e+00
2.709275555440974159e+01 3.787002357425819810e+00
2.773098193660338495e+01 -4.084970820073403175e+00
2.770930050335437755e+01 -3.582064852345185457e+00
2.768687022423751642e+01 -3.052458916473307582e+00
2.773259176116987845e+01 -2.516806270102325271e+00
2.771199108723597959e+01 -1.959430085071751648e+00
2.773154583678887519e+01 -1.471069283666555094e+00
2.770015420182016896e+01 -9.294562990948698200e-01
2.768684794734040366e+01 -3.951531788325084449e-01
2.770115824813730399e+01 1.116796018150445491e-01
2.769170332107474763e+01 6.344500144868234770e-01
2.768369262140932108e+01 1.179279097532852205e+00
2.764386244083600275e+01 1.682841753894685155e+00
2.765190842881965239e+01 2.216813201287205715e+00
2.765401422466235459e+01 2.731979945577201363e+00
2.763121771468628651e+01 3.249618475478179391e+00
2.762224212219033603e+01 3.778923866679186006e+00
2.826854326398166251e+01 -4.077884775720461263e+00
2.830483000566817964e+01 -3.584971082113087348e+00
2.828749539556277171e+01 -3.050816038458430413e+00
2.826569194784244843e+01 -2.503993275265024465e+00
2.827116820455154311e+01 -1.990180854276459854e+00
2.826472449699811307e+01 -1.436891043259514333e+00
2.825781716693607848e+01 -9.295264784981185358e-01
2.823360399731699033e+01 -4.173097222393558070e-01
2.822735538160353030e+01 1.151759864620700569e-01
2.823066400444275814e+01 6.726663001321888657e-01
2.823920121912749437e+01 1.193801542907852564e+00
2.822197933333267628e+01 1.671477535555407457e+00
2.820893638354544919e+01 2.204081070727482938e+00
2.821517136128030501e+01 2.742863085934839518e+00
2.821478795432251729e+01 3.272135466489828559e+00
2.819054207423437219e+01 3.810253321998111176e+00
