1.102341137123745440e+01 -4.254180602006691458e+00
1.102341137123745440e+01 -3.719063545150504524e+00
1.102341137123745440e+01 -2.648829431438130655e+00
1.102341137123745440e+01 -2.113712374581940168e+00
1.102341137123745440e+01 -1.578595317725753233e+00
1.102341137123745440e+01 -1.043478260869566299e+00
1.102341137123745440e+01 -5.083612040133793641e-01
1.102341137123745440e+01 5.618729096989945049e-01
1.102341137123745440e+01 1.096989966555181439e+00
1.102341137123745440e+01 1.632107023411368374e+00
1.102341137123745440e+01 2.167224080267555308e+00
1.102341137123745440e+01 2.702341137123742243e+00
1.102341137123745440e+01 3.237458193979929177e+00
1.102341137123745440e+01 3.772575250836119665e+00
1.155852842809364134e+01 -4.254180602006691458e+00
1.155852842809364134e+01 -3.719063545150504524e+00
1.155852842809364134e+01 -3.183946488294315813e+00
1.155852842809364134e+01 -2.113712374581940168e+00
1.155852842809364134e+01 -1.578595317725753233e+00
1.155852842809364134e+01 -1.043478260869566299e+00
1.155852842809364134e+01 -5.083612040133793641e-01
1.155852842809364134e+01 2.675585284280757037e-02
1.155852842809364134e+01 5.618729096989945049e-01
1.155852842809364134e+01 1.632107023411368374e+00
1.155852842809364134e+01 2.167224080267555308e+00
1.155852842809364134e+01 2.702341137123742243e+00
1.155852842809364134e+01 3.237458193979929177e+00
1.155852842809364134e+01 3.772575250836119665e+00
1.209364548494982827e+01 -4.254180602006691458e+00
1.209364548494982827e+01 -3.719063545150504524e+00
1.209364548494982827e+01 -3.183946488294315813e+00
1.209364548494982827e+01 -2.648829431438130655e+00
1.209364548494982827e+01 -2.113712374581940168e+00
1.209364548494982827e+01 -1.578595317725753233e+00
1.209364548494982827e+01 -1.043478260869566299e+00
1.209364548494982827e+01 -5.083612040133793641e-01
1.209364548494982827e+01 2.675585284280757037e-02
1.209364548494982827e+01 5.618729096989945049e-01
1.209364548494982827e+01 1.096989966555181439e+00
1.209364548494982827e+01 1.632107023411368374e+00
1.209364548494982827e+01 2.167224080267555308e+00
1.209364548494982827e+01 2.702341137123742243e+00
1.209364548494982827e+01 3.237458193979929177e+00
1.209364548494982827e+01 3.772575250836119665e+00
1.262876254180601521e+01 -4.254180602006691458e+00
1.262876254180601521e+01 -3.719063545150504524e+00
1.262876254180601521e+01 -3.183946488294315813e+00
1.262876254180601521e+01 -2.648829431438130655e+00
1.262876254180601521e+01 -2.113712374581940168e+00
1.262876254180601521e+01 -1.578595317725753233e+00
1.262876254180601521e+01 -5.083612040133793641e-01
1.262876254180601521e+01 2.675585284280757037e-02
1.262876254180601521e+01 5.618729096989945049e-01
1.262876254180601521e+01 1.096989966555181439e+00
1.262876254180601521e+01 1.632107023411368374e+00
1.262876254180601521e+01 2.167224080267555308e+00
1.262876254180601521e+01 2.702341137123742243e+00
1.262876254180601521e+01 3.237458193979929177e+00
1.262876254180601521e+01 3.772575250836119665e+00
1.316387959866220214e+01 -4.254180602006691458e+00
1.316387959866220214e+01 -3.719063545150504524e+00
1.316387959866220214e+01 -3.183946488294315813e+00
1.316387959866220214e+01 -2.648829431438130655e+00
1.316387959866220214e+01 -2.113712374581940168e+00
1.316387959866220214e+01 -1.578595317725753233e+00
1.316387959866220214e+01 -1.043478260869566299e+00
1.316387959866220214e+01 -5.083612040133793641e-01
1.316387959866220214e+01 2.675585284280757037e-02
1.316387959866220214e+01 5.618729096989945049e-01
1.316387959866220214e+01 1.096989966555181439e+00
1.316387959866220214e+01 1.632107023411368374e+00
1.316387959866220214e+01 2.167224080267555308e+00
1.316387959866220214e+01 2.702341137123742243e+00
1.316387959866220214e+01 3.237458193979929177e+00
1.316387959866220214e+01 3.772575250836119665e+00
1.369899665551839263e+01 -4.254180602006691458e+00
1.369899665551839263e+01 -3.719063545150504524e+00
1.369899665551839263e+01 -3.183946488294315813e+00
1.369899665551839263e+01 -2.648829431438130655e+00
1.369899665551839263e+01 -2.113712374581940168e+00
1.369899665551839263e+01 -1.578595317725753233e+00
1.369899665551839263e+01 -1.043478260869566299e+00
1.369899665551839263e+01 -5.083612040133793641e-01
1.369899665551839263e+01 2.675585284280757037e-02
1.369899665551839263e+01 5.618729096989945049e-01
1.369899665551839263e+01 1.096989966555181439e+00
1.369899665551839263e+01 1.632107023411368374e+00
1.369899665551839263e+01 2.167224080267555308e+00
1.369899665551839263e+01 2.702341137123742243e+00
1.369899665551839263e+01 3.237458193979929177e+00
1.369899665551839263e+01 3.772575250836119665e+00
1.423411371237457956e+01 -4.254180602006691458e+00
1.423411371237457956e+01 -3.719063545150504524e+00
1.423411371237457956e+01 -3.183946488294315813e+00
1.423411371237457956e+01 -2.648829431438130655e+00
1.423411371237457956e+01 -2.113712374581940168e+00
1.423411371237457956e+01 -1.578595317725753233e+00
1.423411371237457956e+01 -1.043478260869566299e+00
1.423411371237457956e+01 -5.083612040133793641e-01
1.423411371237457956e+01 2.675585284280757037e-02
1.423411371237457956e+01 5.618729096989945049e-01
1.423411371237457956e+01 1.096989966555181439e+00
1.423411371237457956e+01 1.632107023411368374e+00
1.423411371237457956e+01 2.167224080267555308e+00
1.423411371237457956e+01 3.237458193979929177e+00
1.423411371237457956e+01 3.772575250836119665e+00
1.476923076923076650e+01 -4.254180602006691458e+00
1.476923076923076650e+01 -3.719063545150504524e+00
1.476923076923076650e+01 -3.183946488294315813e+00
1.476923076923076650e+01 -2.648829431438130655e+00
1.476923076923076650e+01 -2.113712374581940168e+00
1.476923076923076650e+01 -1.578595317725753233e+00
1.476923076923076650e+01 -1.043478260869566299e+00
1.476923076923076650e+01 -5.083612040133793641e-01
1.476923076923076650e+01 2.675585284280757037e-02
1.476923076923076650e+01 5.618729096989945049e-01
1.476923076923076650e+01 1.096989966555181439e+00
1.476923076923076650e+01 1.632107023411368374e+00
1.476923076923076650e+01 2.167224080267555308e+00
1.476923076923076650e+01 2.702341137123742243e+00
1.476923076923076650e+01 3.237458193979929177e+00
1.476923076923076650e+01 3.772575250836119665e+00
1.530434782608695343e+01 -4.254180602006691458e+00
1.530434782608695343e+01 -3.719063545150504524e+00
1.530434782608695343e+01 -3.183946488294315813e+00
1.530434782608695343e+01 -2.648829431438130655e+00
1.530434782608695343e+01 -2.113712374581940168e+00
1.530434782608695343e+01 -1.578595317725753233e+00
1.530434782608695343e+01 -1.043478260869566299e+00
1.530434782608695343e+01 -5.083612040133793641e-01
1.530434782608695343e+01 2.675585284280757037e-02
1.530434782608695343e+01 5.618729096989945049e-01
1.530434782608695343e+01 1.096989966555181439e+00
1.530434782608695343e+01 1.632107023411368374e+00
1.530434782608695343e+01 2.167224080267555308e+00
1.530434782608695343e+01 2.702341137123742243e+00
1.530434782608695343e+01 3.772575250836119665e+00
1.583946488294314037e+01 -4.254180602006691458e+00
1.583946488294314037e+01 -3.719063545150504524e+00
1.583946488294314037e+01 -3.183946488294315813e+00
1.583946488294314037e+01 -2.648829431438130655e+00
1.583946488294314037e+01 -2.113712374581940168e+00
1.583946488294314037e+01 -1.578595317725753233e+00
1.583946488294314037e+01 -1.043478260869566299e+00
1.583946488294314037e+01 -5.083612040133793641e-01
1.583946488294314037e+01 2.675585284280757037e-02
1.583946488294314037e+01 5.618729096989945049e-01
1.583946488294314037e+01 1.096989966555181439e+00
1.583946488294314037e+01 1.632107023411368374e+00
1.583946488294314037e+01 2.167224080267555308e+00
1.583946488294314037e+01 2.702341137123742243e+00
1.583946488294314037e+01 3.237458193979929177e+00
1.583946488294314037e+01 3.772575250836119665e+00
1.637458193979932730e+01 -4.254180602006691458e+00
1.637458193979932730e+01 -3.719063545150504524e+00
1.637458193979932730e+01 -3.183946488294315813e+00
1.637458193979932730e+01 -2.648829431438130655e+00
1.637458193979932730e+01 -2.113712374581940168e+00
1.637458193979932730e+01 -1.578595317725753233e+00
1.637458193979932730e+01 -1.043478260869566299e+00
1.637458193979932730e+01 -5.083612040133793641e-01
1.637458193979932730e+01 2.675585284280757037e-02
1.637458193979932730e+01 5.618729096989945049e-01
1.637458193979932730e+01 1.096989966555181439e+00
1.637458193979932730e+01 1.632107023411368374e+00
1.637458193979932730e+01 2.167224080267555308e+00
1.637458193979932730e+01 2.702341137123742243e+00
1.637458193979932730e+01 3.237458193979929177e+00
1.637458193979932730e+01 3.772575250836119665e+00
1.690969899665551424e+01 -4.254180602006691458e+00
1.690969899665551424e+01 -3.719063545150504524e+00
1.690969899665551424e+01 -3.183946488294315813e+00
1.690969899665551424e+01 -2.648829431438130655e+00
1.690969899665551424e+01 -2.113712374581940168e+00
1.690969899665551424e+01 -1.578595317725753233e+00
1.690969899665551424e+01 -1.043478260869566299e+00
1.690969899665551424e+01 -5.083612040133793641e-01
1.690969899665551424e+01 2.675585284280757037e-02
1.690969899665551424e+01 5.618729096989945049e-01
1.690969899665551424e+01 1.096989966555181439e+00
1.690969899665551424e+01 1.632107023411368374e+00
1.690969899665551424e+01 2.167224080267555308e+00
1.690969899665551424e+01 2.702341137123742243e+00
1.690969899665551424e+01 3.237458193979929177e+00
1.690969899665551424e+01 3.772575250836119665e+00
1.744481605351170117e+01 -4.254180602006691458e+00
1.744481605351170117e+01 -3.719063545150504524e+00
1.744481605351170117e+01 -3.183946488294315813e+00
1.744481605351170117e+01 -2.648829431438130655e+00
1.744481605351170117e+01 -2.113712374581940168e+00
1.744481605351170117e+01 -1.578595317725753233e+00
1.744481605351170117e+01 -1.043478260869566299e+00
1.744481605351170117e+01 -5.083612040133793641e-01
1.744481605351170117e+01 2.675585284280757037e-02
1.744481605351170117e+01 5.618729096989945049e-01
1.744481605351170117e+01 1.096989966555181439e+00
1.744481605351170117e+01 1.632107023411368374e+00
1.744481605351170117e+01 2.167224080267555308e+00
1.744481605351170117e+01 2.702341137123742243e+00
1.744481605351170117e+01 3.237458193979929177e+00
1.744481605351170117e+01 3.772575250836119665e+00
1.797993311036788810e+01 -4.254180602006691458e+00
1.797993311036788810e+01 -3.719063545150504524e+00
1.797993311036788810e+01 -3.183946488294315813e+00
1.797993311036788810e+01 -2.648829431438130655e+00
1.797993311036788810e+01 -2.113712374581940168e+00
1.797993311036788810e+01 -1.578595317725753233e+00
1.797993311036788810e+01 -1.043478260869566299e+00
1.797993311036788810e+01 -5.083612040133793641e-01
1.797993311036788810e+01 2.675585284280757037e-02
1.797993311036788810e+01 5.618729096989945049e-01
1.797993311036788810e+01 1.096989966555181439e+00
1.797993311036788810e+01 1.632107023411368374e+00
1.797993311036788810e+01 2.167224080267555308e+00
1.797993311036788810e+01 2.702341137123742243e+00
1.797993311036788810e+01 3.237458193979929177e+00
1.797993311036788810e+01 3.772575250836119665e+00
1.851505016722407504e+01 -4.254180602006691458e+00
1.851505016722407504e+01 -3.719063545150504524e+00
1.851505016722407504e+01 -3.183946488294315813e+00
1.851505016722407504e+01 -2.648829431438130655e+00
1.851505016722407504e+01 -2.113712374581940168e+00
1.851505016722407504e+01 -1.578595317725753233e+00
1.851505016722407504e+01 -1.043478260869566299e+00
1.851505016722407504e+01 -5.083612040133793641e-01
1.851505016722407504e+01 2.675585284280757037e-02
1.851505016722407504e+01 5.618729096989945049e-01
1.851505016722407504e+01 1.096989966555181439e+00
1.851505016722407504e+01 1.632107023411368374e+00
1.851505016722407504e+01 2.167224080267555308e+00
1.851505016722407504e+01 2.702341137123742243e+00
1.851505016722407504e+01 3.237458193979929177e+00
1.851505016722407504e+01 3.772575250836119665e+00
1.905016722408026553e+01 -4.254180602006691458e+00
1.905016722408026553e+01 -3.719063545150504524e+00
1.905016722408026553e+01 -3.183946488294315813e+00
1.905016722408026553e+01 -2.648829431438130655e+00
1.905016722408026553e+01 -2.113712374581940168e+00
1.905016722408026553e+01 -1.578595317725753233e+00
1.905016722408026553e+01 -1.043478260869566299e+00
1.905016722408026553e+01 -5.083612040133793641e-01
1.905016722408026553e+01 2.675585284280757037e-02
1.905016722408026553e+01 5.618729096989945049e-01
1.905016722408026553e+01 1.096989966555181439e+00
1.905016722408026553e+01 1.632107023411368374e+00
1.905016722408026553e+01 2.167224080267555308e+00
1.905016722408026553e+01 2.702341137123742243e+00
1.905016722408026553e+01 3.237458193979929177e+00
1.905016722408026553e+01 3.772575250836119665e+00
1.958528428093645246e+01 -4.254180602006691458e+00
1.958528428093645246e+01 -3.719063545150504524e+00
1.958528428093645246e+01 -3.183946488294315813e+00
1.958528428093645246e+01 -2.648829431438130655e+00
1.958528428093645246e+01 -2.113712374581940168e+00
1.958528428093645246e+01 -1.578595317725753233e+00
1.958528428093645246e+01 -1.043478260869566299e+00
1.958528428093645246e+01 -5.083612040133793641e-01
1.958528428093645246e+01 2.675585284280757037e-02
1.958528428093645246e+01 5.618729096989945049e-01
1.958528428093645246e+01 1.096989966555181439e+00
1.958528428093645246e+01 1.632107023411368374e+00
1.958528428093645246e+01 2.167224080267555308e+00
1.958528428093645246e+01 2.702341137123742243e+00
1.958528428093645246e+01 3.237458193979929177e+00
1.958528428093645246e+01 3.772575250836119665e+00
2.012040133779263940e+01 -4.254180602006691458e+00
2.012040133779263940e+01 -3.719063545150504524e+00
2.012040133779263940e+01 -3.183946488294315813e+00
2.012040133779263940e+01 -2.648829431438130655e+00
2.012040133779263940e+01 -2.113712374581940168e+00
2.012040133779263940e+01 -1.578595317725753233e+00
2.012040133779263940e+01 -1.043478260869566299e+00
2.012040133779263940e+01 -5.083612040133793641e-01
2.012040133779263940e+01 2.675585284280757037e-02
2.012040133779263940e+01 5.618729096989945049e-01
2.012040133779263940e+01 1.096989966555181439e+00
2.012040133779263940e+01 1.632107023411368374e+00
2.012040133779263940e+01 2.167224080267555308e+00
2.012040133779263940e+01 2.702341137123742243e+00
2.012040133779263940e+01 3.237458193979929177e+00
2.012040133779263940e+01 3.772575250836119665e+00
2.065551839464882278e+01 -4.254180602006691458e+00
2.065551839464882278e+01 -3.719063545150504524e+00
2.065551839464882278e+01 -3.183946488294315813e+00
2.065551839464882278e+01 -2.648829431438130655e+00
2.065551839464882278e+01 -2.113712374581940168e+00
2.065551839464882278e+01 -1.578595317725753233e+00
2.065551839464882278e+01 -1.043478260869566299e+00
2.065551839464882278e+01 -5.083612040133793641e-01
2.065551839464882278e+01 2.675585284280757037e-02
2.065551839464882278e+01 5.618729096989945049e-01
2.065551839464882278e+01 1.096989966555181439e+00
2.065551839464882278e+01 1.632107023411368374e+00
2.065551839464882278e+01 2.167224080267555308e+00
2.065551839464882278e+01 2.702341137123742243e+00
2.065551839464882278e+01 3.237458193979929177e+00
2.065551839464882278e+01 3.772575250836119665e+00
2.119063545150500971e+01 -4.254180602006691458e+00
2.119063545150500971e+01 -3.719063545150504524e+00
2.119063545150500971e+01 -3.183946488294315813e+00
2.119063545150500971e+01 -2.648829431438130655e+00
2.119063545150500971e+01 -2.113712374581940168e+00
2.119063545150500971e+01 -1.578595317725753233e+00
2.119063545150500971e+01 -1.043478260869566299e+00
2.119063545150500971e+01 -5.083612040133793641e-01
2.119063545150500971e+01 2.675585284280757037e-02
2.119063545150500971e+01 5.618729096989945049e-01
2.119063545150500971e+01 1.096989966555181439e+00
2.119063545150500971e+01 1.632107023411368374e+00
2.119063545150500971e+01 2.167224080267555308e+00
2.119063545150500971e+01 2.702341137123742243e+00
2.119063545150500971e+01 3.237458193979929177e+00
2.119063545150500971e+01 3.772575250836119665e+00
2.172575250836120375e+01 -4.254180602006691458e+00
2.172575250836120375e+01 -3.719063545150504524e+00
2.172575250836120375e+01 -3.183946488294315813e+00
2.172575250836120375e+01 -2.648829431438130655e+00
2.172575250836120375e+01 -2.113712374581940168e+00
2.172575250836120375e+01 -1.578595317725753233e+00
2.172575250836120375e+01 -1.043478260869566299e+00
2.172575250836120375e+01 -5.083612040133793641e-01
2.172575250836120375e+01 2.675585284280757037e-02
2.172575250836120375e+01 5.618729096989945049e-01
2.172575250836120375e+01 1.096989966555181439e+00
2.172575250836120375e+01 1.632107023411368374e+00
2.172575250836120375e+01 2.167224080267555308e+00
2.172575250836120375e+01 2.702341137123742243e+00
2.172575250836120375e+01 3.237458193979929177e+00
2.172575250836120375e+01 3.772575250836119665e+00
2.226086956521739069e+01 -4.254180602006691458e+00
2.226086956521739069e+01 -3.719063545150504524e+00
2.226086956521739069e+01 -3.183946488294315813e+00
2.226086956521739069e+01 -2.648829431438130655e+00
2.226086956521739069e+01 -2.113712374581940168e+00
2.226086956521739069e+01 -1.578595317725753233e+00
2.226086956521739069e+01 -1.043478260869566299e+00
2.226086956521739069e+01 -5.083612040133793641e-01
2.226086956521739069e+01 2.675585284280757037e-02
2.226086956521739069e+01 5.618729096989945049e-01
2.226086956521739069e+01 1.096989966555181439e+00
2.226086956521739069e+01 1.632107023411368374e+00
2.226086956521739069e+01 2.167224080267555308e+00
2.226086956521739069e+01 2.702341137123742243e+00
2.226086956521739069e+01 3.237458193979929177e+00
2.226086956521739069e+01 3.772575250836119665e+00
2.279598662207357762e+01 -4.254180602006691458e+00
2.279598662207357762e+01 -3.719063545150504524e+00
2.279598662207357762e+01 -3.183946488294315813e+00
2.279598662207357762e+01 -2.648829431438130655e+00
2.279598662207357762e+01 -2.113712374581940168e+00
2.279598662207357762e+01 -1.578595317725753233e+00
2.279598662207357762e+01 -1.043478260869566299e+00
2.279598662207357762e+01 -5.083612040133793641e-01
2.279598662207357762e+01 2.675585284280757037e-02
2.279598662207357762e+01 5.618729096989945049e-01
2.279598662207357762e+01 1.096989966555181439e+00
2.279598662207357762e+01 1.632107023411368374e+00
2.279598662207357762e+01 2.167224080267555308e+00
2.279598662207357762e+01 2.702341137123742243e+00
2.279598662207357762e+01 3.237458193979929177e+00
2.279598662207357762e+01 3.772575250836119665e+00
2.333110367892976456e+01 -4.254180602006691458e+00
2.333110367892976456e+01 -3.719063545150504524e+00
2.333110367892976456e+01 -3.183946488294315813e+00
2.333110367892976456e+01 -2.648829431438130655e+00
2.333110367892976456e+01 -2.113712374581940168e+00
2.333110367892976456e+01 -1.578595317725753233e+00
2.333110367892976456e+01 -1.043478260869566299e+00
2.333110367892976456e+01 -5.083612040133793641e-01
2.333110367892976456e+01 2.675585284280757037e-02
2.333110367892976456e+01 5.618729096989945049e-01
2.333110367892976456e+01 1.096989966555181439e+00
2.333110367892976456e+01 1.632107023411368374e+00
2.333110367892976456e+01 2.167224080267555308e+00
2.333110367892976456e+01 2.702341137123742243e+00
2.333110367892976456e+01 3.237458193979929177e+00
2.333110367892976456e+01 3.772575250836119665e+00
2.386622073578595149e+01 -4.254180602006691458e+00
2.386622073578595149e+01 -3.719063545150504524e+00
2.386622073578595149e+01 -3.183946488294315813e+00
2.386622073578595149e+01 -2.648829431438130655e+00
2.386622073578595149e+01 -2.113712374581940168e+00
2.386622073578595149e+01 -1.578595317725753233e+00
2.386622073578595149e+01 -1.043478260869566299e+00
2.386622073578595149e+01 -5.083612040133793641e-01
2.386622073578595149e+01 2.675585284280757037e-02
2.386622073578595149e+01 5.618729096989945049e-01
2.386622073578595149e+01 1.096989966555181439e+00
2.386622073578595149e+01 1.632107023411368374e+00
2.386622073578595149e+01 2.167224080267555308e+00
2.386622073578595149e+01 2.702341137123742243e+00
2.386622073578595149e+01 3.237458193979929177e+00
2.386622073578595149e+01 3.772575250836119665e+00
2.440133779264213842e+01 -4.254180602006691458e+00
2.440133779264213842e+01 -3.719063545150504524e+00
2.440133779264213842e+01 -3.183946488294315813e+00
2.440133779264213842e+01 -2.648829431438130655e+00
2.440133779264213842e+01 -2.113712374581940168e+00
2.440133779264213842e+01 -1.578595317725753233e+00
2.440133779264213842e+01 -1.043478260869566299e+00
2.440133779264213842e+01 -5.083612040133793641e-01
2.440133779264213842e+01 2.675585284280757037e-02
2.440133779264213842e+01 5.618729096989945049e-01
2.440133779264213842e+01 1.096989966555181439e+00
2.440133779264213842e+01 1.632107023411368374e+00
2.440133779264213842e+01 2.167224080267555308e+00
2.440133779264213842e+01 2.702341137123742243e+00
2.440133779264213842e+01 3.237458193979929177e+00
2.440133779264213842e+01 3.772575250836119665e+00
2.493645484949832536e+01 -4.254180602006691458e+00
2.493645484949832536e+01 -3.719063545150504524e+00
2.493645484949832536e+01 -3.183946488294315813e+00
2.493645484949832536e+01 -2.648829431438130655e+00
2.493645484949832536e+01 -2.113712374581940168e+00
2.493645484949832536e+01 -1.578595317725753233e+00
2.493645484949832536e+01 -1.043478260869566299e+00
2.493645484949832536e+01 -5.083612040133793641e-01
2.493645484949832536e+01 2.675585284280757037e-02
2.493645484949832536e+01 5.618729096989945049e-01
2.493645484949832536e+01 1.096989966555181439e+00
2.493645484949832536e+01 1.632107023411368374e+00
2.493645484949832536e+01 2.167224080267555308e+00
2.493645484949832536e+01 2.702341137123742243e+00
2.493645484949832536e+01 3.237458193979929177e+00
2.493645484949832536e+01 3.772575250836119665e+00
2.547157190635451229e+01 -4.254180602006691458e+00
2.547157190635451229e+01 -3.719063545150504524e+00
2.547157190635451229e+01 -3.183946488294315813e+00
2.547157190635451229e+01 -2.648829431438130655e+00
2.547157190635451229e+01 -2.113712374581940168e+00
2.547157190635451229e+01 -1.578595317725753233e+00
2.547157190635451229e+01 -1.043478260869566299e+00
2.547157190635451229e+01 -5.083612040133793641e-01
2.547157190635451229e+01 2.675585284280757037e-02
2.547157190635451229e+01 5.618729096989945049e-01
2.547157190635451229e+01 1.096989966555181439e+00
2.547157190635451229e+01 1.632107023411368374e+00
2.547157190635451229e+01 2.167224080267555308e+00
2.547157190635451229e+01 2.702341137123742243e+00
2.547157190635451229e+01 3.237458193979929177e+00
2.547157190635451229e+01 3.772575250836119665e+00
2.600668896321069923e+01 -4.254180602006691458e+00
2.600668896321069923e+01 -3.719063545150504524e+00
2.600668896321069923e+01 -3.183946488294315813e+00
2.600668896321069923e+01 -2.648829431438130655e+00
2.600668896321069923e+01 -2.113712374581940168e+00
2.600668896321069923e+01 -1.578595317725753233e+00
2.600668896321069923e+01 -1.043478260869566299e+00
2.600668896321069923e+01 -5.083612040133793641e-01
2.600668896321069923e+01 2.675585284280757037e-02
2.600668896321069923e+01 5.618729096989945049e-01
2.600668896321069923e+01 1.096989966555181439e+00
2.600668896321069923e+01 1.632107023411368374e+00
2.600668896321069923e+01 2.167224080267555308e+00
2.600668896321069923e+01 2.702341137123742243e+00
2.600668896321069923e+01 3.237458193979929177e+00
2.600668896321069923e+01 3.772575250836119665e+00
2.654180602006688616e+01 -4.254180602006691458e+00
2.654180602006688616e+01 -3.719063545150504524e+00
2.654180602006688616e+01 -3.183946488294315813e+00
2.654180602006688616e+01 -2.648829431438130655e+00
2.654180602006688616e+01 -2.113712374581940168e+00
2.654180602006688616e+01 -1.578595317725753233e+00
2.654180602006688616e+01 -1.043478260869566299e+00
2.654180602006688616e+01 -5.083612040133793641e-01
2.654180602006688616e+01 2.675585284280757037e-02
2.654180602006688616e+01 5.618729096989945049e-01
2.654180602006688616e+01 1.096989966555181439e+00
2.654180602006688616e+01 1.632107023411368374e+00
2.654180602006688616e+01 2.167224080267555308e+00
2.654180602006688616e+01 2.702341137123742243e+00
2.654180602006688616e+01 3.237458193979929177e+00
2.654180602006688616e+01 3.772575250836119665e+00
2.707692307692307310e+01 -4.254180602006691458e+00
2.707692307692307310e+01 -3.719063545150504524e+00
2.707692307692307310e+01 -3.183946488294315813e+00
2.707692307692307310e+01 -2.648829431438130655e+00
2.707692307692307310e+01 -2.113712374581940168e+00
2.707692307692307310e+01 -1.578595317725753233e+00
2.707692307692307310e+01 -1.043478260869566299e+00
2.707692307692307310e+01 -5.083612040133793641e-01
2.707692307692307310e+01 2.675585284280757037e-02
2.707692307692307310e+01 5.618729096989945049e-01
2.707692307692307310e+01 1.096989966555181439e+00
2.707692307692307310e+01 1.632107023411368374e+00
2.707692307692307310e+01 2.167224080267555308e+00
2.707692307692307310e+01 2.702341137123742243e+00
2.707692307692307310e+01 3.237458193979929177e+00
2.707692307692307310e+01 3.772575250836119665e+00
2.761204013377926003e+01 -4.254180602006691458e+00
2.761204013377926003e+01 -3.719063545150504524e+00
2.761204013377926003e+01 -3.183946488294315813e+00
2.761204013377926003e+01 -2.648829431438130655e+00
2.761204013377926003e+01 -2.113712374581940168e+00
2.761204013377926003e+01 -1.578595317725753233e+00
2.761204013377926003e+01 -1.043478260869566299e+00
2.761204013377926003e+01 -5.083612040133793641e-01
2.761204013377926003e+01 2.675585284280757037e-02
2.761204013377926003e+01 5.618729096989945049e-01
2.761204013377926003e+01 1.096989966555181439e+00
2.761204013377926003e+01 1.632107023411368374e+00
2.761204013377926003e+01 2.167224080267555308e+00
2.761204013377926003e+01 2.702341137123742243e+00
2.761204013377926003e+01 3.237458193979929177e+00
2.761204013377926003e+01 3.772575250836119665e+00
2.814715719063544697e+01 -4.254180602006691458e+00
2.814715719063544697e+01 -3.719063545150504524e+00
2.814715719063544697e+01 -3.183946488294315813e+00
2.814715719063544697e+01 -2.648829431438130655e+00
2.814715719063544697e+01 -2.113712374581940168e+00
2.814715719063544697e+01 -1.578595317725753233e+00
2.814715719063544697e+01 -1.043478260869566299e+00
2.814715719063544697e+01 -5.083612040133793641e-01
2.814715719063544697e+01 2.675585284280757037e-02
2.814715719063544697e+01 5.618729096989945049e-01
2.814715719063544697e+01 1.096989966555181439e+00
2.814715719063544697e+01 1.632107023411368374e+00
2.814715719063544697e+01 2.167224080267555308e+00
2.814715719063544697e+01 2.702341137123742243e+00
2.814715719063544697e+01 3.237458193979929177e+00
2.814715719063544697e+01 3.772575250836119665e+00
2.868227424749163390e+01 -4.254180602006691458e+00
2.868227424749163390e+01 -3.719063545150504524e+00
2.868227424749163390e+01 -3.183946488294315813e+00
2.868227424749163390e+01 -2.648829431438130655e+00
2.868227424749163390e+01 -2.113712374581940168e+00
2.868227424749163390e+01 -1.578595317725753233e+00
2.868227424749163390e+01 -1.043478260869566299e+00
2.868227424749163390e+01 -5.083612040133793641e-01
2.868227424749163390e+01 2.675585284280757037e-02
2.868227424749163390e+01 5.618729096989945049e-01
2.868227424749163390e+01 1.096989966555181439e+00
2.868227424749163390e+01 1.632107023411368374e+00
2.868227424749163390e+01 2.167224080267555308e+00
2.868227424749163390e+01 2.702341137123742243e+00
2.868227424749163390e+01 3.237458193979929177e+00
2.868227424749163390e+01 3.772575250836119665e+00
