9.909789517571869766e+00 -4.149806451454930212e+00
9.900167724633543997e+00 -3.640045325290914846e+00
9.855942691150453072e+00 -2.631668477204542000e+00
9.843983443078762718e+00 -2.072720104110196360e+00
9.868266735032076298e+00 -1.581073031688127628e+00
9.834164826298000150e+00 -1.055393172540984636e+00
9.816599628675454881e+00 -5.547126603292049651e-01
9.757137113351181057e+00 5.124029901274695931e-01
9.748753854390578510e+00 1.025798023228762901e+00
9.738409368544758138e+00 1.574531897142616543e+00
9.779627454231778927e+00 2.071379120342616176e+00
9.758663573152901449e+00 2.598324408232237204e+00
9.710654147921140122e+00 3.125138214032574524e+00
9.722677979783203028e+00 3.659953475120790500e+00
1.051817890434515590e+01 -4.144816028395377216e+00
1.046076652021957543e+01 -3.662282689992018447e+00
1.046076366973126071e+01 -3.116360142199287253e+00
1.041729100110513428e+01 -2.078871301072133804e+00
1.038772565869428277e+01 -1.551694967461521912e+00
1.037863905675424547e+01 -1.054341917228867942e+00
1.034159203614702704e+01 -5.305134327860372423e-01
1.035353254518714650e+01 -1.046069700531049307e-02
1.034390417721630939e+01 5.363411461872935604e-01
1.032909664152642648e+01 1.553302205274071923e+00
1.033029720785114947e+01 2.074110322737265477e+00
1.031656907470451401e+01 2.592963035304411079e+00
1.029271152863249128e+01 3.141294982356679810e+00
1.027852994439978573e+01 3.643854895397399929e+00
1.103041168364023150e+01 -4.142201974234517081e+00
1.105079348227486236e+01 -3.658012790519883595e+00
1.099888929765810275e+01 -3.100822243966735670e+00
1.100162418775109785e+01 -2.598024676446513581e+00
1.096734856323473650e+01 -2.089304395832058958e+00
1.096213313193016603e+01 -1.576310718452049286e+00
1.092846803263928379e+01 -1.053436987859594609e+00
1.093481973540111696e+01 -5.323521922324587763e-01
1.091930252442230298e+01 -1.490120013088613860e-02
1.090037717933228123e+01 5.058213379096798690e-01
1.089366851499237399e+01 1.032216535681111935e+00
1.087690861440173862e+01 1.568810332218291137e+00
1.087822868475886295e+01 2.092340683594045458e+00
1.085502378609686147e+01 2.605724846423491670e+00
1.086609414358951753e+01 3.136100867603023090e+00
1.083267420241029910e+01 3.658211281357274913e+00
1.159131822141374002e+01 -4.132047066016495407e+00
1.159694584314010868e+01 -3.628231272703283494e+00
1.156597984449380334e+01 -3.115865295204219620e+00
1.157134197411797416e+01 -2.587798539093640215e+00
1.155264813958187631e+01 -2.073625354320544290e+00
1.153778648550429864e+01 -1.568613179610732544e+00
1.151706197973560108e+01 -5.083585626761966125e-01
1.150420095062111514e+01 -3.292630668603635513e-03
1.150961900965798890e+01 5.246890049113908105e-01
1.148958761179431320e+01 9.956347808194365712e-01
1.142404980803620518e+01 1.586615943750629754e+00
1.142693006418535617e+01 2.085533537181035513e+00
1.141472245213181580e+01 2.615521635822393165e+00
1.140657053410198074e+01 3.134166351780812931e+00
1.142705199554799478e+01 3.657292789149515500e+00
1.218021521390161155e+01 -4.152132036804975002e+00
1.218060286623856925e+01 -3.599478472815395236e+00
1.216015542896127499e+01 -3.027271083866008183e+00
1.214527721650534531e+01 -2.576633353325160414e+00
1.209764986260081088e+01 -2.058742200746529249e+00
1.209995642477838373e+01 -1.582532689427104344e+00
1.208391122162454323e+01 -1.037986345935387078e+00
1.205308098138450745e+01 -5.146734436186193307e-01
1.204899921573973032e+01 4.112340358779675853e-02
1.204331232920702277e+01 5.412968075215651709e-01
1.202065197018092846e+01 1.059564992713514897e+00
1.198833160455238556e+01 1.556579404654975463e+00
1.198264735504295686e+01 2.103331983604171285e+00
1.197466242363428890e+01 2.626225723737515949e+00
1.199070032013824161e+01 3.120763075460708080e+00
1.198316027978235709e+01 3.646690921118445061e+00
1.272875063742007740e+01 -4.173562785335750647e+00
1.252262462615126992e+01 -3.859198060814694742e+00
1.273455010294059520e+01 -3.129030678812235067e+00
1.270569799296480440e+01 -2.587169472280674398e+00
1.266833500022552528e+01 -2.067787130425998043e+00
1.265752337147537787e+01 -1.569980946979978143e+00
1.264065809396256412e+01 -1.042767827515284296e+00
1.262312373060590787e+01 -5.219978192972831721e-01
1.256911523400321684e+01 2.481124893210306936e-02
1.260778263520021625e+01 5.578815235327923006e-01
1.261784533686218523e+01 1.071071412263464140e+00
1.255732511335776636e+01 1.521699850705999779e+00
1.252085349731704156e+01 2.098468138531668359e+00
1.255263819549990956e+01 2.652572421397721314e+00
1.258176917330156286e+01 3.140654877179059667e+00
1.257718373391919542e+01 3.682288205628506006e+00
1.333492409544102841e+01 -4.153983405219873859e+00
1.330185095551840746e+01 -3.635602777067411751e+00
1.329792627106443348e+01 -3.107936330173393102e+00
1.327069144720606175e+01 -2.585478168799511423e+00
1.325803452991613796e+01 -2.054290238836880889e+00
1.322183646184318917e+01 -1.516900495610812527e+00
1.322561735910713310e+01 -1.000220444821220411e+00
1.323107111838037042e+01 -4.806658202124971524e-01
1.319247860331603661e+01 3.140406378497218043e-02
1.319262451393219493e+01 5.514078533498718571e-01
1.314342494725975641e+01 1.038673008493791627e+00
1.316915805436752862e+01 1.576258092965339586e+00
1.312815431277292078e+01 2.076395766417846289e+00
1.313821848711958751e+01 3.154066214707679450e+00
1.312775872480778361e+01 3.677095141697670044e+00
1.394032202937098219e+01 -4.135350557922071957e+00
1.388519802877491216e+01 -3.604112110912419453e+00
1.385960128547822023e+01 -3.117655781398044113e+00
1.381444259189271406e+01 -2.585359559305551613e+00
1.380554512099497444e+01 -2.062615777765543612e+00
1.381231495043982349e+01 -1.499750758846246868e+00
1.378359852740168279e+01 -9.912583069833331706e-01
1.376349451237074106e+01 -4.752986818859064044e-01
1.373301807783506590e+01 2.633247125398341382e-02
1.373101062851631582e+01 5.379169736129831847e-01
1.373045154698346337e+01 1.055623034219927092e+00
1.368673825469640803e+01 1.555149259921975613e+00
1.368921738258183396e+01 2.103985664035839420e+00
1.372764942619605222e+01 2.638936358171079632e+00
1.368033181860709036e+01 3.155422013522308333e+00
1.369925585826995018e+01 3.705138952440098166e+00
1.452142069428042603e+01 -4.146185025187007156e+00
1.446475091011791747e+01 -3.620888704802482039e+00
1.450531159447320917e+01 -3.123965949816417620e+00
1.440128941295788678e+01 -2.579657853005560497e+00
1.436871044167895661e+01 -2.017043640723745312e+00
1.436205038856691019e+01 -1.519917770360791565e+00
1.433671929370172649e+01 -1.012155475532914295e+00
1.431143945285663932e+01 -4.632559282905077680e-01
1.432854091659809370e+01 2.513270038214443503e-02
1.428968217135388841e+01 5.372835963435207418e-01
1.427622437421237223e+01 1.058435885846694902e+00
1.426537073846120762e+01 1.582749799303758920e+00
1.426645186977314594e+01 2.144159257303563493e+00
1.423798623796806950e+01 2.627124616443250460e+00
1.421159490233214839e+01 3.677130812790153414e+00
1.507089346963910970e+01 -4.158380028165490572e+00
1.502296976531234307e+01 -3.641667043918213054e+00
1.498806604825402999e+01 -3.122936141278133348e+00
1.497188695738600472e+01 -2.571368841588871135e+00
1.494819902620542251e+01 -2.057932821727764150e+00
1.493482260380584137e+01 -1.545965225726888548e+00
1.494479582841496068e+01 -9.896262135558338002e-01
1.487260952826347804e+01 -4.596310646330294958e-01
1.484109710604461796e+01 3.231302153433546209e-02
1.487877368327977479e+01 5.478864269181116242e-01
1.484818996298942295e+01 1.065720850226885119e+00
1.485140770243033970e+01 1.579176035975205394e+00
1.481916520300936568e+01 2.122751903971700216e+00
1.479677462267811094e+01 2.630754982669117226e+00
1.475540156898625810e+01 3.169204597878216845e+00
1.481463204960542157e+01 3.680368637312312785e+00
1.561890511027930728e+01 -4.144027760981991548e+00
1.557226512120073281e+01 -3.602858315546045631e+00
1.552891763714712070e+01 -3.079864719220850588e+00
1.553720101931385855e+01 -2.556747375514959231e+00
1.552449315609948854e+01 -2.023375645962367742e+00
1.548701950324149834e+01 -1.524441412697076004e+00
1.545465320165237344e+01 -1.003508359405842043e+00
1.544920701513914452e+01 -4.800709231074371530e-01
1.541898384754826523e+01 4.178447979917976340e-02
1.541099815054863953e+01 5.688863296398629643e-01
1.539413751973191324e+01 1.089841147882395944e+00
1.550516224930607478e+01 1.637943342900292976e+00
1.540538318827260156e+01 2.105699694693022650e+00
1.536494948805317406e+01 2.638753364025465231e+00
1.534282281914115842e+01 3.167269241938424074e+00
1.534899126828802807e+01 3.734210367892480065e+00
1.613873863533243735e+01 -4.102691330685543036e+00
1.611230541715859133e+01 -3.582901356786988956e+00
1.609394926613990862e+01 -3.055768220541754232e+00
1.608673312281294088e+01 -2.549795713676342501e+00
1.606730536256311481e+01 -2.023045957259860472e+00
1.605425038873800148e+01 -1.526648777382902722e+00
1.601518609628702094e+01 -9.834169850012024483e-01
1.600647855047180812e+01 -4.578207283762445456e-01
1.597363818473872854e+01 5.868317865697747493e-02
1.597061612586112034e+01 5.735673004469674652e-01
1.595407604617225772e+01 1.083122201996779665e+00
1.599347844544737285e+01 1.619319020702125300e+00
1.592914749561929000e+01 2.117792525485715061e+00
1.592241028955971771e+01 2.663003943996606893e+00
1.589376752870547804e+01 3.191760129284208602e+00
1.593904392804643422e+01 3.703957049710950855e+00
1.669197656045519906e+01 -4.095469111516445437e+00
1.666448384029161645e+01 -3.575417903763524308e+00
1.665206220024684924e+01 -3.046369020877664369e+00
1.663366422453280791e+01 -2.532107410301403405e+00
1.663003123915681059e+01 -2.018207565020439631e+00
1.658480706818036765e+01 -1.528779862373632170e+00
1.658726409900265253e+01 -9.826134080117796543e-01
1.660410370322828655e+01 -4.632466335644025435e-01
1.655946414081067530e+01 6.136007509246255154e-02
1.651323113917589680e+01 5.461965708443905498e-01
1.651643442263570094e+01 1.094026176898818647e+00
1.652939321274569195e+01 1.616875770720316297e+00
1.650697036281692576e+01 2.145276747550877161e+00
1.648112962466035469e+01 2.683962928245549051e+00
1.648789402146099192e+01 3.186101749417666440e+00
1.647521723704999275e+01 3.717670521155948649e+00
1.727248572059835041e+01 -4.093868204372832054e+00
1.723876870719253063e+01 -3.581232102072052115e+00
1.721768141780058770e+01 -3.035249328754341391e+00
1.721486359041221448e+01 -2.562108223515448202e+00
1.717972196603198398e+01 -2.045978273255471436e+00
1.712282754059302547e+01 -1.502982486755616520e+00
1.712948505981551151e+01 -9.858984515424147332e-01
1.712908966329674953e+01 -4.591835949137639261e-01
1.711634229599010482e+01 7.057882387478642272e-02
1.712460272511068737e+01 5.819945314382728441e-01
1.708550320233583975e+01 1.114877565621490874e+00
1.705820917413130999e+01 1.604319186736930192e+00
1.706236582846930006e+01 2.148468028099159710e+00
1.704771811574918416e+01 2.670037641056151045e+00
1.704469645503305131e+01 3.210242680561428585e+00
1.703648154281696847e+01 3.736942409078267247e+00
1.780332450817768475e+01 -4.074990436006324046e+00
1.777841800287832896e+01 -3.574309660903434605e+00
1.778244868500878795e+01 -3.051945372822167712e+00
1.776257797861670795e+01 -2.518469230046470386e+00
1.772785886217540252e+01 -2.039258391597790876e+00
1.771389408166699297e+01 -1.480383891668811458e+00
1.769469972326463036e+01 -9.777508065728959252e-01
1.764340190276553244e+01 -4.603397905572528259e-01
1.764639881134191413e+01 7.090034205648976240e-02
1.765140446444193856e+01 5.792601122285887527e-01
1.763892619735124256e+01 1.116402533119554619e+00
1.760445607083594055e+01 1.614542425226296984e+00
1.759642859849207852e+01 2.138236643721299401e+00
1.760637406648319470e+01 2.678954718348855124e+00
1.757407660768028990e+01 3.201372771600084377e+00
1.763658265848240703e+01 3.680574079581290903e+00
1.833828269850092951e+01 -4.096643532705316559e+00
1.833212616085841873e+01 -3.588439858006356786e+00
1.833093926512334804e+01 -3.043592218201476740e+00
1.830870461796474657e+01 -2.547996969260523770e+00
1.829532852145352351e+01 -2.030739355053725603e+00
1.828791932123234076e+01 -1.496709614062069704e+00
1.825509033755408694e+01 -9.849547442513610918e-01
1.825167442475838797e+01 -4.598742419326171671e-01
1.820826641324295991e+01 6.345371359823559487e-02
1.819241531695119463e+01 5.970816882370755252e-01
1.818150192213226291e+01 1.125058868098438580e+00
1.817684387524885992e+01 1.633965099623519990e+00
1.816568698468407916e+01 2.163805982546239903e+00
1.815991250879370256e+01 2.644615659451186929e+00
1.820403039936450540e+01 3.084055685635686217e+00
1.817682596953655505e+01 3.672685408421504150e+00
1.893184660733994207e+01 -4.103270599211395364e+00
1.889757201288589528e+01 -3.586817539677939592e+00
1.888982981499208336e+01 -3.064581518842365071e+00
1.884602776631548338e+01 -2.558364420315886179e+00
1.882107972409702512e+01 -2.038809543091527843e+00
1.882549271204707608e+01 -1.497628377319244919e+00
1.883370974123166874e+01 -9.786714208533311421e-01
1.880135878177303255e+01 -4.499785983585198323e-01
1.878037689634816942e+01 5.596440808984226578e-02
1.878081401330132749e+01 5.968356460433668076e-01
1.875299252273637407e+01 1.103368176602760542e+00
1.872108019645916244e+01 1.642999119624509063e+00
1.871288381941320011e+01 2.152756010567433265e+00
1.874226636075320940e+01 2.674220103386023339e+00
1.874072798728604994e+01 3.217209219647802598e+00
1.871952544801907692e+01 3.698415371109458505e+00
1.943820227093891262e+01 -4.108482061603268676e+00
1.946575028014829556e+01 -3.597904214429721748e+00
1.945832320408884186e+01 -3.074214937376614998e+00
1.945217260685083005e+01 -2.548215014383579557e+00
1.938999105965249470e+01 -2.043542550250052159e+00
1.939073028296904511e+01 -1.487169430104703594e+00
1.937776901426247989e+01 -9.743512819945330250e-01
1.934696768822723811e+01 -4.536836495795455448e-01
1.934493564850610170e+01 7.532971695236767573e-02
1.933318009678074034e+01 5.912329289746693917e-01
1.932380944524618727e+01 1.106898301667655460e+00
1.930150914162767251e+01 1.606451822135614549e+00
1.930103679950556028e+01 2.165845379028521478e+00
1.926867178396492974e+01 2.655989222222846280e+00
1.927290453182277474e+01 3.208829009951259081e+00
1.925722982770400549e+01 3.684115118027516900e+00
2.002608775616699432e+01 -4.113009637350314662e+00
2.000535982277773428e+01 -3.586902256950427414e+00
1.998779239905356064e+01 -3.068997285390288710e+00
1.996949737360046129e+01 -2.550919958541115307e+00
1.995387075415069944e+01 -1.994593588604136158e+00
1.994643507543406713e+01 -1.483091349291115080e+00
1.993564074385819396e+01 -9.630412903450924489e-01
1.992600727414819772e+01 -4.410698297589270567e-01
1.991745582682487026e+01 8.865408732904711542e-02
1.988999702477727638e+01 5.994970322641997029e-01
1.987674016844926328e+01 1.115765119885484324e+00
1.988245472351177057e+01 1.622373305464094528e+00
1.987339125555171293e+01 2.149214471312127728e+00
1.983769670038594768e+01 2.672191441578245730e+00
1.984588953468070116e+01 3.223641858499696866e+00
1.983776907735384398e+01 3.723060749834473881e+00
2.059370609089857140e+01 -4.113897353739309537e+00
2.053865251190443786e+01 -3.577433951430768033e+00
2.054388861201355354e+01 -3.046744818228535934e+00
2.056125568795816605e+01 -2.531624579346370751e+00
2.050608187630023593e+01 -2.052355037225787271e+00
2.047188279930619359e+01 -1.524714752715233601e+00
2.047882028986711589e+01 -9.673189040262215599e-01
2.045517276056342837e+01 -4.463827551594263809e-01
2.046546445474336906e+01 8.934689426986253125e-02
2.043702647340474954e+01 6.155495900478449300e-01
2.045307809393795395e+01 1.153090798843255271e+00
2.044298385244702843e+01 1.636738498467455116e+00
2.043386160658510420e+01 2.168693425191566604e+00
2.042054229523613884e+01 2.697920482251362273e+00
2.040273598555415902e+01 3.216136070602409802e+00
2.038953081128091327e+01 3.739930634295479450e+00
2.114334866441623717e+01 -4.113925253290329209e+00
2.109754752159417279e+01 -3.574792083888823413e+00
2.110584167645763642e+01 -3.061850074943036404e+00
2.107869814575858669e+01 -2.521664269808763237e+00
2.105771838516172778e+01 -2.013784825119159905e+00
2.105402965755962441e+01 -1.487457822786847572e+00
2.102284223282624964e+01 -9.918756325952848840e-01
2.100579154020057615e+01 -4.608102915433711644e-01
2.100536868024271087e+01 8.191731561498727388e-02
2.100013449669712884e+01 5.974027063894737921e-01
2.100469804823494968e+01 1.122931836030904407e+00
2.097960350723957390e+01 1.638488939091473640e+00
2.097939763472811592e+01 2.175859572936783337e+00
2.096890639967846681e+01 2.712403544614041095e+00
2.095740492182191872e+01 3.204226597617015670e+00
2.094855632104471255e+01 3.743003443482923132e+00
2.170238914013311415e+01 -4.101112621706652916e+00
2.167581853747554987e+01 -3.571814534262054863e+00
2.165810468578950321e+01 -3.056907542904410136e+00
2.161975991409565978e+01 -2.524829710695133400e+00
2.160666481398829575e+01 -2.010321384192565120e+00
2.161101616985481400e+01 -1.483713245233047928e+00
2.160526294688005322e+01 -9.576947913741200580e-01
2.158528448370066144e+01 -4.465159590531833089e-01
2.157735551934732143e+01 7.386104188949005334e-02
2.154709694074383464e+01 5.811222053976798918e-01
2.153848687066599865e+01 1.116513643341548345e+00
2.153277834234195609e+01 1.654492809600263570e+00
2.153880955981782819e+01 2.216320240336923320e+00
2.152593452165785948e+01 2.630332558747376481e+00
2.152445035847018318e+01 3.186820039699863827e+00
2.149256901806833042e+01 3.731138282862829669e+00
2.224556507171151765e+01 -4.107144827570943235e+00
2.220398100322631763e+01 -3.569642788515777099e+00
2.220017273562022808e+01 -3.028087178323339401e+00
2.219378311814895710e+01 -2.533235612460547515e+00
2.216215091530127523e+01 -2.016269530847146996e+00
2.214776431780715882e+01 -1.491092403755516216e+00
2.216613498458956855e+01 -9.626989414693589708e-01
2.212110334164157877e+01 -4.358733420035036943e-01
2.211600362343913417e+01 8.975143435938193193e-02
2.211318920831871537e+01 5.911564694443178780e-01
2.210852095021403585e+01 1.133794258369874797e+00
2.208714329012508415e+01 1.667563886623554481e+00
2.209628701657022276e+01 2.218778493847871403e+00
2.208740427924502825e+01 2.669404569749410427e+00
2.207272267743867644e+01 3.203490082106256409e+00
2.205346083726659145e+01 3.737606675950939206e+00
2.278261439828873591e+01 -4.106613203074751084e+00
2.280275294450943591e+01 -3.586891684987570272e+00
2.272784581186463271e+01 -3.065870047343807414e+00
2.274802561484581531e+01 -2.531012879256007153e+00
2.274397658344193474e+01 -2.001572699495739016e+00
2.271495414863512252e+01 -1.493845641521616585e+00
2.269518707498102117e+01 -9.653121363597989557e-01
2.270112773472537526e+01 -4.428062052698749085e-01
2.267487372009816937e+01 9.674749972166551970e-02
2.265782386092402589e+01 6.001989835218211056e-01
2.264290810137215004e+01 1.128833116936668546e+00
2.264719714881603352e+01 1.656574123788558950e+00
2.265803859114522112e+01 2.206914239940822142e+00
2.263194901853796637e+01 2.730780001509000243e+00
2.263378902707027152e+01 3.221323317163278688e+00
2.262435315594527196e+01 3.741302700747791476e+00
2.334352436874858228e+01 -4.101215797061390944e+00
2.332729166958930733e+01 -3.570167818908883461e+00
2.328801882823712077e+01 -3.030271589573244384e+00
2.331529240666044700e+01 -2.517775423371826804e+00
2.328343384144496042e+01 -2.004097728493757558e+00
2.324158839915867958e+01 -1.463417682717565782e+00
2.322873312651416455e+01 -9.354736991877707908e-01
2.323889092067393847e+01 -4.162933736104399429e-01
2.321815197006576170e+01 8.016609627385662407e-02
2.321542932837865436e+01 6.035318049508688887e-01
2.318903600700922141e+01 1.127197877138115700e+00
2.318921152437699362e+01 1.687555803959231326e+00
2.316685828683843340e+01 2.198611429043413779e+00
2.316640095269018929e+01 2.715225068098607863e+00
2.317404351945006624e+01 3.249741800215311116e+00
2.315969408432243171e+01 3.736199241079241062e+00
2.384767141274106450e+01 -4.128117347687307870e+00
2.386907370672134476e+01 -3.551972281862425973e+00
2.385509338910640764e+01 -3.053193230863017860e+00
2.383573732289161029e+01 -2.494450553958500905e+00
2.381178063942425638e+01 -1.993579542672708982e+00
2.380709130575107224e+01 -1.468445538832860109e+00
2.378307003705221945e+01 -9.495154966690471099e-01
2.377556610261886050e+01 -4.252408303870467421e-01
2.377624425953434439e+01 8.532335254725964546e-02
2.375187533084579172e+01 6.042562614876736404e-01
2.375764075697289712e+01 1.127920875176485538e+00
2.374452811753841530e+01 1.679222934454191574e+00
2.372652929965497748e+01 2.215000412094180859e+00
2.377166743078932143e+01 2.686244958388584791e+00
2.371761965797150395e+01 3.234010400192289580e+00
2.373634249714864097e+01 3.746136750795962200e+00
2.443432737836064916e+01 -4.092874639366803180e+00
2.441353225414448502e+01 -3.542357985533897136e+00
2.439830893405139278e+01 -3.062532033590894542e+00
2.436978051920304722e+01 -2.527128739188004403e+00
2.435806106302106855e+01 -1.978823632344600014e+00
2.435404884714908746e+01 -1.470415363997645386e+00
2.433656207687626249e+01 -9.489966666204914247e-01
2.429006568787166742e+01 -4.143596008217436122e-01
2.430460112659622496e+01 1.232299896884399004e-01
2.431345194518180364e+01 6.253499977161460777e-01
2.429801990108598631e+01 1.114263167787690634e+00
2.430116145461785493e+01 1.663714468118097756e+00
2.436187185678301859e+01 2.186601069166279387e+00
2.431037624347808190e+01 2.725905779582685540e+00
2.428354310279173234e+01 3.254843614107713279e+00
2.426999612102812165e+01 3.753210710841791808e+00
2.494709053919192598e+01 -4.106656441305769789e+00
2.495974595122778084e+01 -3.558213241566422269e+00
2.495343506991639515e+01 -3.040069722962860155e+00
2.492440723345475817e+01 -2.522179595292392662e+00
2.491187529829605296e+01 -1.980888580274122290e+00
2.489567759855739126e+01 -1.459045102596995491e+00
2.489840400907333162e+01 -9.380744962467737480e-01
2.487564509811968350e+01 -4.014314824334270781e-01
2.488270516951899936e+01 1.055919734783259401e-01
2.487521262974824765e+01 6.195171386132507507e-01
2.487041355131995601e+01 1.148712352691063643e+00
2.486062500667980402e+01 1.678424777570562298e+00
2.484839903798386018e+01 2.208189949105591410e+00
2.488505916612999869e+01 2.719626565855190137e+00
2.483962380110130397e+01 3.218154107211397275e+00
2.483053414230775502e+01 3.747173817234241255e+00
2.554394009959275991e+01 -4.092568569601779060e+00
2.549678940795797644e+01 -3.555135320346415995e+00
2.551604723496122773e+01 -3.030656781658409571e+00
2.547806263099466406e+01 -2.517790953067851945e+00
2.548169953491620277e+01 -1.981362515418670256e+00
2.544024523088557999e+01 -1.463551752325859212e+00
2.542483693049099003e+01 -9.394262570947127244e-01
2.544678331436842456e+01 -4.189089880238157093e-01
2.543900728189468907e+01 1.094039206743993020e-01
2.541826452943402614e+01 6.285324006229764393e-01
2.539867348892637722e+01 1.151404064820788165e+00
2.541059827754739331e+01 1.676516335707265881e+00
2.541926870277132622e+01 2.220429798909012931e+00
2.540975487076305228e+01 2.716971715574757695e+00
2.540252707588312830e+01 3.213500619187669827e+00
2.539659725520248656e+01 3.764005002702099034e+00
2.609636360179123216e+01 -4.076935314672480715e+00
2.580875043449294992e+01 -3.565063110676701896e+00
2.604815386951456446e+01 -3.026753856993622094e+00
2.600580356273115967e+01 -2.506467184907279488e+00
2.603666498675605823e+01 -1.996555991144095543e+00
2.605117049809043550e+01 -1.473189565532958767e+00
2.602910907185086131e+01 -9.256971210119431248e-01
2.600025811796707842e+01 -3.788494808665703317e-01
2.599516741765333450e+01 1.078591701887923193e-01
2.596443111628099132e+01 6.329848618048288245e-01
2.596142460363740412e+01 1.147915118879186736e+00
2.594540562616951007e+01 1.690665011287663333e+00
2.594669274694210515e+01 2.212876073050548342e+00
2.594337370595032866e+01 2.714556683874512544e+00
2.593715547515635933e+01 3.203740204784580214e+00
2.592058861725679009e+01 3.765710894514636919e+00
2.660317562368580724e+01 -4.101928344973106988e+00
2.660904081566952328e+01 -3.570010128384126347e+00
2.662898213596862007e+01 -3.039677980809651459e+00
2.656547251253551423e+01 -2.515511452390587266e+00
2.659091042162618379e+01 -1.978469797387148787e+00
2.658106333905040941e+01 -1.470699168931940193e+00
2.656658792695367310e+01 -9.467517650615775437e-01
2.658228959209274223e+01 -3.864639547950901033e-01
2.654721007577808223e+01 1.060000896047021968e-01
2.654899270801739419e+01 6.285288323469124805e-01
2.653967160335066211e+01 1.152939918654151796e+00
2.652359472511036387e+01 1.690737119560420609e+00
2.650858571734369917e+01 2.224811055321556097e+00
2.648640201193143184e+01 2.737111432886127460e+00
2.656344317975950275e+01 3.162033984723965574e+00
2.650202436337549017e+01 3.759990571445992913e+00
2.713514059194726968e+01 -4.088969448468203538e+00
2.715214469273632858e+01 -3.567329043452652115e+00
2.715725656366903706e+01 -3.028996781193400878e+00
2.713998169343676636e+01 -2.495287961273582766e+00
2.716062679060804186e+01 -1.967761746163532166e+00
2.714009662506754950e+01 -1.467966856816847354e+00
2.712372723317901091e+01 -9.381578964546726240e-01
2.712432766927037875e+01 -3.996772207304388758e-01
2.710506912059319262e+01 1.177875595332800174e-01
2.708167254921381328e+01 6.504173033365461265e-01
2.710528111744320512e+01 1.223565384198444406e+00
2.709490595466530749e+01 1.663373403986341259e+00
2.710353752234397007e+01 2.205942017438101033e+00
2.708710314912291039e+01 2.691060837869081013e+00
2.703883593922386552e+01 3.225174416269869226e+00
2.705377049536443224e+01 3.782320507938059961e+00
2.769702196938124672e+01 -4.082655064504180586e+00
2.767502086046948762e+01 -3.578706700945401664e+00
2.765323996741500423e+01 -3.047071130771495717e+00
2.769994271070360981e+01 -2.513473576939535548e+00
2.767895378111466442e+01 -1.956607595223477603e+00
2.769829585016638873e+01 -1.468806406029663947e+00
2.766561867353026116e+01 -9.268282257819144832e-01
2.765156585629988939e+01 -3.924348276311775408e-01
2.766754603980834304e+01 1.132035495997953944e-01
2.765683451314021823e+01 6.353036743090676453e-01
2.764898697396277782e+01 1.176546722036547976e+00
2.760594732254691053e+01 1.680700809759994030e+00
2.761550330919052954e+01 2.214208863813535544e+00
2.761718906816178531e+01 2.729127509108305816e+00
2.759451899562099442e+01 3.246060928527096934e+00
2.758609183116211483e+01 3.775246950161758264e+00
2.823480249462971159e+01 -4.073687893947399274e+00
2.827340485976539242e+01 -3.580162652568187553e+00
2.825506889676923805e+01 -3.046537840051906088e+00
2.823152895798416040e+01 -2.499068245783075071e+00
2.823697839837931411e+01 -1.986447470918708547e+00
2.823118080245061634e+01 -1.434690623815409793e+00
2.822480942799305836e+01 -9.266478847036410116e-01
2.819911059203786863e+01 -4.155678113067651225e-01
2.819267452917789996e+01 1.161323554124429336e-01
2.819641710963471581e+01 6.739540103612675637e-01
2.820574779558937450e+01 1.192457509895906043e+00
2.818861432997019278e+01 1.670064553381887862e+00
2.817449755548042845e+01 2.203041864109660963e+00
2.818028899913259977e+01 2.740963014513948082e+00
2.818085212755205760e+01 3.270490034536333468e+00
2.815772780075311488e+01 3.807937798256308071e+00
