9.525953552386440037e+00 -4.184634776981955184e+00
9.525722728459086852e+00 -3.681016102564177217e+00
9.471351473481011141e+00 -2.658105388627802768e+00
9.474799263822561102e+00 -2.114127539902458608e+00
9.494427046091011846e+00 -1.615632715393889640e+00
9.458318297195955182e+00 -1.087347373976427889e+00
9.439403548687458567e+00 -5.960490533215008213e-01
9.375085397378910557e+00 4.654893503226524842e-01
9.375613864291608479e+00 9.819463956955232220e-01
9.356367292112349077e+00 1.517100940610820459e+00
9.409456825695130533e+00 2.023937827517546140e+00
9.384944086044367140e+00 2.566178217353197510e+00
9.327295993914727745e+00 3.061664677533588730e+00
9.337349115675774414e+00 3.577386338411859157e+00
1.014171499672404408e+01 -4.172076928862066936e+00
1.009480269514560646e+01 -3.693951455064739875e+00
1.009887017470645887e+01 -3.151671898608226385e+00
1.004760293756475775e+01 -2.122645307087079658e+00
1.001424607746023554e+01 -1.589419012160195877e+00
1.000335515250871055e+01 -1.095891393458888530e+00
9.969563498229355503e+00 -5.789037715026950082e-01
9.987582831502308522e+00 -4.806514643965797973e-02
9.979204719411910673e+00 4.877347115000567612e-01
9.958678981442890432e+00 1.501635616863708833e+00
9.958480982839137852e+00 2.023591870568480999e+00
9.959142822549523544e+00 2.539105703739942044e+00
9.924456041782782734e+00 3.081576426708437566e+00
9.909561193293498604e+00 3.589193551763205647e+00
1.067659184085898261e+01 -4.178211168644274665e+00
1.069055438150387971e+01 -3.690958485913759191e+00
1.064001988194445758e+01 -3.118048652065560589e+00
1.063822659087718847e+01 -2.645815387941755858e+00
1.060871347997067105e+01 -2.120478206876640570e+00
1.060992215667513960e+01 -1.615417555023327623e+00
1.055275596756381873e+01 -1.095703410749273132e+00
1.057717076617213081e+01 -5.827966031955327253e-01
1.056499530163179301e+01 -6.776373432033366839e-02
1.053736955966275701e+01 4.549110134794744909e-01
1.052840572000793173e+01 9.816318802958292622e-01
1.051375388757474738e+01 1.514908233035562546e+00
1.051771886334028139e+01 2.045960636945892475e+00
1.048516552873053342e+01 2.549112233842176778e+00
1.050483447714315588e+01 3.087852159102965288e+00
1.047179386758156738e+01 3.604230071854939155e+00
1.124197214267064027e+01 -4.162581880917333166e+00
1.124217619642951504e+01 -3.659760719219894654e+00
1.122272326838575651e+01 -3.153835288664172509e+00
1.121267518581166556e+01 -2.626762466089665793e+00
1.119647866189837870e+01 -2.109925631482585828e+00
1.118236575996507653e+01 -1.601404696327296762e+00
1.116829138564870050e+01 -5.563959138035485807e-01
1.115891610964007796e+01 -5.962590642877785285e-02
1.115225726018114116e+01 4.816254824828654080e-01
1.111796220885013753e+01 9.466302276325642140e-01
1.107259148877671251e+01 1.522428637070007085e+00
1.106515844590373021e+01 2.031882032482183575e+00
1.105448503219341561e+01 2.561108090744447452e+00
1.104722758493331014e+01 3.083402230495035923e+00
1.106537730493684180e+01 3.599855690043089140e+00
1.184079202389265717e+01 -4.184358262600824219e+00
1.184930001118791409e+01 -3.624281755198897059e+00
1.184392424593189830e+01 -3.046435656308958073e+00
1.179982584534494450e+01 -2.608955043636790094e+00
1.174315368104716484e+01 -2.094669364648595433e+00
1.175603246955343906e+01 -1.620421261863043583e+00
1.173348608030960705e+01 -1.083887009859079598e+00
1.170850945517705810e+01 -5.601449127319817478e-01
1.169678340548435003e+01 -1.053519719691209389e-02
1.169399639536819535e+01 4.961210706674847870e-01
1.166868636762140454e+01 1.002901155928242360e+00
1.163928986625651518e+01 1.505784736348125818e+00
1.163194484117445882e+01 2.048116887231763883e+00
1.161813706099585275e+01 2.575563903557746670e+00
1.163930158438435924e+01 3.061972187265812551e+00
1.162716531867577885e+01 3.597181344613392895e+00
1.238866241610159236e+01 -4.198990594621470507e+00
1.230204964652588018e+01 -3.914013177473046667e+00
1.240059905017691477e+01 -3.159815959250037665e+00
1.236480410047525069e+01 -2.629658845993251504e+00
1.232288774061176895e+01 -2.107329659043426062e+00
1.231735158720645273e+01 -1.611528451211373891e+00
1.229396278021546607e+01 -1.086576544567567026e+00
1.227999332389094533e+01 -5.698457640391936252e-01
1.223490262607524670e+01 -1.652484484160154921e-02
1.225985478421894470e+01 5.099184665124560922e-01
1.226626147393236721e+01 1.015436195909718009e+00
1.221485725715180592e+01 1.474619647345846829e+00
1.216961054619413218e+01 2.046621038769224299e+00
1.219638177356966224e+01 2.599826484855935149e+00
1.223530221106136295e+01 3.080162215612283205e+00
1.224914486808740932e+01 3.611170486559128534e+00
1.301321454064898475e+01 -4.183994754722684561e+00
1.297415666174219950e+01 -3.673931206734854626e+00
1.297176182908869535e+01 -3.142851647306708074e+00
1.294050380631797026e+01 -2.617929091385153839e+00
1.292658789279244402e+01 -2.091022324212222117e+00
1.288609251472177064e+01 -1.558729912783018534e+00
1.288344101576215905e+01 -1.048130896070855300e+00
1.288726345797477890e+01 -5.306477382039851420e-01
1.284453884388344136e+01 -1.256891159867024044e-02
1.285838264390844898e+01 5.060839356338213690e-01
1.279747631470813474e+01 9.955924621016087883e-01
1.282298498713173984e+01 1.534464715459076700e+00
1.279755731570503485e+01 2.021354821767889831e+00
1.280759397288333901e+01 3.092508658660285903e+00
1.278824486301483176e+01 3.607931581862384718e+00
1.362567114567062632e+01 -4.176032843516376047e+00
1.356310768058217064e+01 -3.634070810411602181e+00
1.353244867262829132e+01 -3.161428981555649997e+00
1.348902102696548511e+01 -2.612691312524844989e+00
1.347563520839464246e+01 -2.099661182526187275e+00
1.348191797904913614e+01 -1.534287883682971199e+00
1.344713749773333333e+01 -1.028942653493928105e+00
1.343568730180754045e+01 -5.212595224619107626e-01
1.340236812709174430e+01 -2.468109446558486297e-02
1.339918805650356504e+01 4.948080967706935951e-01
1.340584355078784995e+01 9.997145718008155768e-01
1.336801091006026709e+01 1.508380046400350949e+00
1.336146776517394485e+01 2.046387895400737733e+00
1.338664144824098301e+01 2.584876317649037247e+00
1.336654395005100326e+01 3.096727745262587206e+00
1.335454357456545438e+01 3.641876607482448236e+00
1.422361692381760534e+01 -4.172937180583296879e+00
1.417432114234105711e+01 -3.661716821552623458e+00
1.421325872935818069e+01 -3.165097808166256854e+00
1.409039060678684763e+01 -2.622530047709080492e+00
1.404950052936575844e+01 -2.045920265067220356e+00
1.404131103350325915e+01 -1.554560646078929409e+00
1.401326558418642065e+01 -1.042022377799554533e+00
1.399678146951940505e+01 -5.065310425098168423e-01
1.399113579834557086e+01 -2.076723079636622060e-02
1.395424648140023649e+01 4.933351459603905198e-01
1.395674612623854927e+01 1.005786785247842374e+00
1.394485254722508571e+01 1.512092067764324810e+00
1.394815673937905132e+01 2.094322705139134655e+00
1.391338789339205562e+01 2.566882700894932867e+00
1.388401433057100576e+01 3.623046288201308585e+00
1.477805416293433183e+01 -4.195891852104201902e+00
1.472518851029805020e+01 -3.669769253616854243e+00
1.469039079510600487e+01 -3.164627885256479090e+00
1.466128004638245841e+01 -2.606534538546831925e+00
1.463929126685736648e+01 -2.088074740388929484e+00
1.462366707411486999e+01 -1.578806543646276594e+00
1.464446033319394047e+01 -1.020185546369233975e+00
1.458153270466693741e+01 -4.819026845338818532e-01
1.451308158666842019e+01 -1.027630457993566893e-02
1.456917496274823165e+01 4.937571871742711949e-01
1.452794328215798814e+01 1.011971083809861227e+00
1.452375430191203876e+01 1.529101629959040309e+00
1.450135236499377456e+01 2.064779485509433243e+00
1.448156841539948658e+01 2.578892285743084045e+00
1.444417046857365960e+01 3.112843142522375928e+00
1.447237600746965214e+01 3.627269431258358878e+00
1.532394971496190905e+01 -4.170295915286770239e+00
1.526789371334896472e+01 -3.635876580706131733e+00
1.522183381179627304e+01 -3.108220060493811943e+00
1.523081410526379997e+01 -2.583928699332620482e+00
1.522845257716001655e+01 -2.048441011659654976e+00
1.518137304894281669e+01 -1.553492671361446753e+00
1.515332940416920593e+01 -1.038596920935646040e+00
1.514145488950526897e+01 -5.168265823136621862e-01
1.510555390275874998e+01 1.819585204241747078e-03
1.510259162865736116e+01 5.228559815100233266e-01
1.508857740845306594e+01 1.044158166418394984e+00
1.529851711014546822e+01 1.597498913267223486e+00
1.505314329255088168e+01 2.050746328458014744e+00
1.505120731842779236e+01 2.589103889419618554e+00
1.503077581810399721e+01 3.115263302445395510e+00
1.503259854440059229e+01 3.680709913352693263e+00
1.585257031372905345e+01 -4.119265328957517625e+00
1.581921435288952438e+01 -3.601525975982987404e+00
1.580122596875322571e+01 -3.074181370526750001e+00
1.579572038955422641e+01 -2.569636018324075621e+00
1.578310878364713687e+01 -2.048021647060018324e+00
1.576040381858756234e+01 -1.555241028552792670e+00
1.571587644734738021e+01 -1.033414357278495288e+00
1.569912552361896374e+01 -5.012386859730071365e-01
1.566953923129614523e+01 2.054135214668662002e-02
1.566346150889111044e+01 5.272764162601113469e-01
1.565039718463134477e+01 1.043098036216299818e+00
1.570722618544388638e+01 1.580201319948734806e+00
1.562328088016451844e+01 2.071402630406957712e+00
1.561888699332954644e+01 2.606274484658392510e+00
1.558626897781246967e+01 3.139692862264016782e+00
1.563778749795378431e+01 3.648593799640234892e+00
1.640949553287003226e+01 -4.114790345171302377e+00
1.637852236459822208e+01 -3.593251022247967441e+00
1.636398900847537519e+01 -3.073901627917262402e+00
1.634669579467697531e+01 -2.560063480574651607e+00
1.633488388825823279e+01 -2.042713871975625040e+00
1.629199342384743687e+01 -1.570457519880246622e+00
1.628603426871100623e+01 -1.016828010872750099e+00
1.632169279505363946e+01 -4.951107431267978143e-01
1.627469651908715775e+01 2.700479076180783977e-02
1.621759719663954158e+01 5.078264601236419651e-01
1.622030965954233039e+01 1.042412934493246013e+00
1.624125712168634550e+01 1.574267761955962186e+00
1.621446777510983495e+01 2.097851818420618741e+00
1.618768787380364316e+01 2.636936757978599388e+00
1.618964164509575099e+01 3.128613393360726747e+00
1.617445249892130121e+01 3.665986478121478598e+00
1.700644519552139045e+01 -4.112779292790410324e+00
1.696604775022402123e+01 -3.604844477055891616e+00
1.694256889958294821e+01 -3.052697587195897455e+00
1.694104862634103270e+01 -2.594651465415267921e+00
1.691253962260537236e+01 -2.081903387863462740e+00
1.683489999463382958e+01 -1.536966751472842674e+00
1.684439236687715535e+01 -1.020018460213421463e+00
1.684513176445715743e+01 -4.931355186168886462e-01
1.683570367738073870e+01 3.411817624632007551e-02
1.684749347648655515e+01 5.385062196708503279e-01
1.678469085649209092e+01 1.068981551109036587e+00
1.676835074469682141e+01 1.562855430147987335e+00
1.677576311889736971e+01 2.109112152984629063e+00
1.676214657287592757e+01 2.622594100005397166e+00
1.675144397303377986e+01 3.156754829273456409e+00
1.675112217446724117e+01 3.686354160799147905e+00
1.754314321503690977e+01 -4.091504705291873378e+00
1.751306256400345163e+01 -3.597435661257557982e+00
1.751043300170005068e+01 -3.069901678301926395e+00
1.749033322660266876e+01 -2.545335681575615183e+00
1.745798905253073130e+01 -2.063976900890430954e+00
1.744057501092929741e+01 -1.506514401618140653e+00
1.741893414334937162e+01 -1.006428825528434601e+00
1.736697295141090436e+01 -5.014170065894063555e-01
1.736986419273559434e+01 2.808621197282334947e-02
1.737506718301474962e+01 5.354371623919114143e-01
1.736015026788508209e+01 1.070370214947040211e+00
1.732418215207039225e+01 1.563995317444280886e+00
1.731160462309098236e+01 2.091163690352136229e+00
1.731919761187188911e+01 2.637121710201252966e+00
1.729151581462668830e+01 3.144089789407466640e+00
1.738398275957269590e+01 3.607233876098149494e+00
1.806798175441170073e+01 -4.109614912644344642e+00
1.806875533837647652e+01 -3.604422561196006569e+00
1.806864905859835702e+01 -3.063941052843585311e+00
1.803775181828839180e+01 -2.574791517695175003e+00
1.803443306432318494e+01 -2.057108806816792423e+00
1.802486518142319838e+01 -1.520816096411731877e+00
1.798279509120290243e+01 -1.031278485861435001e+00
1.798085260441798638e+01 -4.981767895748454578e-01
1.793237109855911982e+01 2.309863878282314431e-02
1.792129779498852216e+01 5.550391631927560354e-01
1.790819535813817609e+01 1.091839935244173887e+00
1.790191492950488694e+01 1.594171309585327378e+00
1.788795489626281210e+01 2.118135926915353906e+00
1.788197219156818463e+01 2.595814775767586013e+00
1.795756850913313230e+01 3.010092961479493567e+00
1.791761534658308008e+01 3.601070140956242227e+00
1.868755781918521919e+01 -4.118427313675599777e+00
1.864117486634783205e+01 -3.602696550614652438e+00
1.862935987900760892e+01 -3.085258679272953941e+00
1.859268083338107047e+01 -2.585088213159131953e+00
1.855526630887807826e+01 -2.058718202027744582e+00
1.856225410080321581e+01 -1.526879831448077596e+00
1.857304136860842192e+01 -1.007394403834872776e+00
1.853522156583368741e+01 -4.852599074684746938e-01
1.850890346366362849e+01 2.435653181704111603e-02
1.851834109669801620e+01 5.649477180166115886e-01
1.848983579559895674e+01 1.057663244087542864e+00
1.844490605258469884e+01 1.604151313742534057e+00
1.843955699516297386e+01 2.107015541146278537e+00
1.846370235455957243e+01 2.620236657189600749e+00
1.847937171316874938e+01 3.176333796729284842e+00
1.845454006843775119e+01 3.644863166345288619e+00
1.919511597944007519e+01 -4.123749519088034887e+00
1.922226746577548440e+01 -3.616671312122569759e+00
1.921244720631643332e+01 -3.089543722730830666e+00
1.920919756414638968e+01 -2.568313054289415476e+00
1.913477924664162089e+01 -2.071145382472622032e+00
1.913857657593305106e+01 -1.511412306078465662e+00
1.912547043477870901e+01 -1.000960323923276718e+00
1.909176922866522830e+01 -4.851311388735659591e-01
1.908891231597632654e+01 4.315607199706406050e-02
1.907574133125315186e+01 5.601738121230575018e-01
1.906511278650323149e+01 1.065167097650782324e+00
1.905355646860420649e+01 1.552295888792542655e+00
1.903875593484401918e+01 2.110299521270277978e+00
1.900514245258642632e+01 2.604854148073847853e+00
1.901352860364024622e+01 3.161803396327524496e+00
1.899386387418045530e+01 3.633279719827044119e+00
1.978867178582407860e+01 -4.126271857822770173e+00
1.976483099100791918e+01 -3.606979256488557439e+00
1.975004483935001787e+01 -3.089947881692650000e+00
1.972149802094801174e+01 -2.566192421935383550e+00
1.970700191443256699e+01 -2.011378105600201138e+00
1.970234023970251513e+01 -1.507689900104832503e+00
1.968909616287697162e+01 -9.902279538949798621e-01
1.967942155753549116e+01 -4.754195496855011527e-01
1.966598254472786778e+01 5.380584136506172399e-02
1.963379697362268317e+01 5.617800168345645773e-01
1.962255677133423148e+01 1.075582637927908536e+00
1.962474632464029867e+01 1.573870451643735180e+00
1.961892758540942339e+01 2.097828043347693239e+00
1.958527170381286098e+01 2.623133144559236740e+00
1.958993641557484722e+01 3.180519822783775652e+00
1.958208439756787911e+01 3.680280994276994733e+00
2.035885455157211510e+01 -4.123372968340376588e+00
2.030240711640854556e+01 -3.591650146887058526e+00
2.030492067562982328e+01 -3.064952812383404890e+00
2.031626797607009394e+01 -2.547772988102657621e+00
2.025009744740810902e+01 -2.072426751122726785e+00
2.023006918872585658e+01 -1.547341093391647604e+00
2.023487564076165768e+01 -9.928314244091680507e-01
2.020110222641810083e+01 -4.763468475234091670e-01
2.021881975320852831e+01 5.729105346734186810e-02
2.019046103974684314e+01 5.816893372913582994e-01
2.020886400711999187e+01 1.118965881409607732e+00
2.019670850350064484e+01 1.594942007042916998e+00
2.019223422425828574e+01 2.123783608802341405e+00
2.017149698567543936e+01 2.656121341184835671e+00
2.015794182322122197e+01 3.171419074901312030e+00
2.014632410178209199e+01 3.691440158479593947e+00
2.091699877615170067e+01 -4.122629734919263100e+00
2.086774631111549638e+01 -3.583336182593425789e+00
2.088257864377280981e+01 -3.087465106440950180e+00
2.084128953478237634e+01 -2.546558819793663275e+00
2.085311802475608545e+01 -2.035407598689324971e+00
2.081720412116643359e+01 -1.504626035069385637e+00
2.077543099336722321e+01 -1.007154078613975656e+00
2.076794389442780187e+01 -4.863140254261999473e-01
2.076996470742388823e+01 5.353037963792672826e-02
2.076199808368833999e+01 5.646485854486655853e-01
2.076889278806307715e+01 1.086650524810352181e+00
2.074210371407892239e+01 1.598628249623732955e+00
2.074209583093260534e+01 2.131739146476604674e+00
2.072801573973577405e+01 2.668832235319928969e+00
2.071826260098168149e+01 3.168658183491409375e+00
2.070893482763160875e+01 3.694983107284517843e+00
2.148227538090240074e+01 -4.105978667907688617e+00
2.145038564423176553e+01 -3.576548643927479176e+00
2.143429222365028153e+01 -3.067795960857711890e+00
2.139115872717114542e+01 -2.539482778142346575e+00
2.138455518563122126e+01 -2.035407018011106572e+00
2.138327431068304918e+01 -1.508411916145547593e+00
2.138176650658296296e+01 -9.750544074151825669e-01
2.136079049803944230e+01 -4.693451672425972276e-01
2.134713197453373823e+01 4.527608344274725027e-02
2.130943138868190090e+01 5.480866462451956522e-01
2.130516854667006044e+01 1.079265529041038008e+00
2.130282039583537568e+01 1.617584702074342573e+00
2.130722498778085594e+01 2.174598303136011879e+00
2.127337795914235130e+01 2.503827412739735081e+00
2.128888027953206574e+01 3.132423624482296276e+00
2.125605980790054161e+01 3.686987959494054223e+00
2.203181449873052600e+01 -4.118963995643591502e+00
2.200127340015669120e+01 -3.585718574697107641e+00
2.198053103904482697e+01 -3.043035459473784954e+00
2.196880958044279453e+01 -2.541719249163648442e+00
2.194034476264855726e+01 -2.034737905855390494e+00
2.192816010611895194e+01 -1.511688833655636444e+00
2.195063653083033017e+01 -9.835481976993598607e-01
2.189743094279336333e+01 -4.610386206820500377e-01
2.189564007343284402e+01 6.197073758638182994e-02
2.189001922400237277e+01 5.572134414052598572e-01
2.188745892374344493e+01 1.101331218097314490e+00
2.185894314745676326e+01 1.634733416542786699e+00
2.187283769495027741e+01 2.184011783563107656e+00
2.187323514967683025e+01 2.624268574434537982e+00
2.185042102776701967e+01 3.153604040241773987e+00
2.183008783767096617e+01 3.688103875634148210e+00
2.257474417215748730e+01 -4.111986559749448489e+00
2.259372123359727169e+01 -3.594450134659677332e+00
2.251821273377844079e+01 -3.078975388554079373e+00
2.253640568233927866e+01 -2.545469937089869461e+00
2.252641911745736536e+01 -2.028853920591409121e+00
2.250119353883454210e+01 -1.516681337949524533e+00
2.248087366431770562e+01 -9.856278418488777504e-01
2.248643289226410502e+01 -4.668174727103213684e-01
2.245796089302854170e+01 7.511987001989695045e-02
2.243916422950562151e+01 5.738536159077121113e-01
2.242607909555644596e+01 1.096731486645801112e+00
2.242709838268972078e+01 1.622230134432641080e+00
2.244608992668155167e+01 2.170031344997177314e+00
2.241548505402917613e+01 2.697520225756864676e+00
2.241637586529292037e+01 3.184961206960423397e+00
2.240774595536281311e+01 3.703145190867825676e+00
2.313473707146916070e+01 -4.106292606574987403e+00
2.312341006896983231e+01 -3.572969306273499512e+00
2.307874874223598738e+01 -3.039376123500202809e+00
2.311055615552607634e+01 -2.532320193475214865e+00
2.307325810869964045e+01 -2.019699960315982423e+00
2.302902923273793334e+01 -1.482434613314694616e+00
2.302205153570349694e+01 -9.510876356599133885e-01
2.302981109525209291e+01 -4.448337305962404287e-01
2.301229273084203442e+01 5.178729835848727703e-02
2.300733582090621354e+01 5.724978718335691497e-01
2.297489031875495868e+01 1.097570227152512956e+00
2.297745195361463999e+01 1.659658109458714392e+00
2.295363848251152206e+01 2.158504211441396592e+00
2.295293856522678766e+01 2.677715561221489793e+00
2.296305342836104302e+01 3.214301212959483678e+00
2.294490968420053179e+01 3.691042084678706203e+00
2.364159244946464611e+01 -4.134977710545189922e+00
2.366817989837451819e+01 -3.557677124962657089e+00
2.364982174089963962e+01 -3.064315119299372725e+00
2.363927913804991476e+01 -2.502752226323028850e+00
2.360759148500947191e+01 -2.001782953653776786e+00
2.360551870509772954e+01 -1.486013772121349774e+00
2.358429733638873671e+01 -9.673293429258720266e-01
2.357089906024435066e+01 -4.426269463372562996e-01
2.359150987507962327e+01 6.000800374995307607e-02
2.354755935226469887e+01 5.716855706146581895e-01
2.355843997643816579e+01 1.094809622093631418e+00
2.354583514347108064e+01 1.650672789582568356e+00
2.353403472428212240e+01 2.163519760689183613e+00
2.356294961599217430e+01 2.661701776574755485e+00
2.351177495137343954e+01 3.195862843543533671e+00
2.353799119929033878e+01 3.703730978832187049e+00
2.424880329567015025e+01 -4.093898405809204277e+00
2.422056145473673183e+01 -3.536154287331692458e+00
2.420106199145611470e+01 -3.077992029704214261e+00
2.417388818255979999e+01 -2.540680722531821090e+00
2.416049319759443392e+01 -1.993499482380990173e+00
2.414957398898866359e+01 -1.487913987887075962e+00
2.413774418665581578e+01 -9.671236687204185500e-01
2.409671539911993676e+01 -4.329457848511211182e-01
2.410603476022659919e+01 1.012501066811886119e-01
2.411575347627682930e+01 5.941626173291290058e-01
2.410162573693399679e+01 1.082303434506211914e+00
2.410431835238475173e+01 1.631560880106309952e+00
2.414232001152340246e+01 2.163689164133387521e+00
2.411663526596073126e+01 2.690717757388334519e+00
2.408878513470866523e+01 3.218377859895099391e+00
2.407533759934517548e+01 3.716216790627097311e+00
2.475963489380931293e+01 -4.114024003004351115e+00
2.478235971327396214e+01 -3.568008022527047629e+00
2.476875843788339893e+01 -3.042367477889303728e+00
2.474005153130837442e+01 -2.531193739723978098e+00
2.473348294467091080e+01 -1.981703933927775552e+00
2.470719133729743078e+01 -1.472155471385470094e+00
2.471090680575699849e+01 -9.534826593622511837e-01
2.468863113699300982e+01 -4.185179292650218486e-01
2.469586163721128713e+01 8.128782268956058488e-02
2.468295715709726323e+01 5.960842963595034405e-01
2.467992554741923783e+01 1.123775019784613249e+00
2.466887349934361140e+01 1.655591037153609335e+00
2.465582212553576369e+01 2.186828056817880395e+00
2.469420952109127398e+01 2.687363888591580263e+00
2.465457408868257971e+01 3.176701730023346215e+00
2.464287119490843025e+01 3.703552970497945296e+00
2.536475199772264233e+01 -4.093649903036835624e+00
2.532067781845887566e+01 -3.558165962313825759e+00
2.534338059777926588e+01 -3.033138608624341259e+00
2.529427209974339519e+01 -2.524234627430885780e+00
2.530514979680408771e+01 -1.986798924368091690e+00
2.526064239032388059e+01 -1.475829198912698814e+00
2.523585989933226870e+01 -9.494927356897022719e-01
2.526003119545665498e+01 -4.364325569547986561e-01
2.525586483420114803e+01 8.887477825073730742e-02
2.523322200231407209e+01 6.124952945381032521e-01
2.521049957790196316e+01 1.124649592659270780e+00
2.522173538023979944e+01 1.651015037050871825e+00
2.523463942103840196e+01 2.192595608762527348e+00
2.523081578687576609e+01 2.678957958438548559e+00
2.522576386436138307e+01 3.168278409278943997e+00
2.521802565734645185e+01 3.719144276097591018e+00
2.592941424199326406e+01 -4.074514548759328392e+00
2.557363986127050026e+01 -3.593472459788554119e+00
2.587721601661215232e+01 -3.021609756645165845e+00
2.583170275889112588e+01 -2.505057876493719249e+00
2.586974122798374509e+01 -2.001446475949254733e+00
2.588260918107638275e+01 -1.475549785125593871e+00
2.585413105739484507e+01 -9.359879349053592534e-01
2.581931311992472899e+01 -3.809800637130429379e-01
2.579966590033966867e+01 6.329347645157668012e-02
2.578786820184281225e+01 6.105048763884823870e-01
2.578075586673659814e+01 1.120258704575018527e+00
2.577268832605300730e+01 1.662260401820393696e+00
2.577201051576103197e+01 2.184044033440208921e+00
2.577108070962709263e+01 2.678816064329968327e+00
2.577532733571112544e+01 3.166291072175884125e+00
2.574568423600259592e+01 3.727631756284722542e+00
2.644394497995899229e+01 -4.109537986417983291e+00
2.644244578585190908e+01 -3.570423271690406963e+00
2.646411638083867501e+01 -3.043685424715576460e+00
2.639476258315531254e+01 -2.511877367092996138e+00
2.643178695875294437e+01 -1.983082796827208227e+00
2.641751655340824101e+01 -1.477468627270173585e+00
2.639727280876375914e+01 -9.564271868818394751e-01
2.640793407376089164e+01 -3.976149938408788387e-01
2.638601778483570826e+01 9.130275577713575785e-02
2.639511682732039333e+01 6.266929030903334308e-01
2.637123013510253600e+01 1.135736712312024110e+00
2.635581676342884094e+01 1.664052242661725245e+00
2.634320619222125970e+01 2.192652427945823490e+00
2.630149426908481303e+01 2.702359039679816277e+00
2.643861420930993944e+01 3.097584245428798511e+00
2.633566643856966039e+01 3.722010630697901945e+00
2.697647971074939477e+01 -4.090304704610206343e+00
2.699001106454250731e+01 -3.562723251669998703e+00
2.700008665768996252e+01 -3.033884171544123376e+00
2.698250568827585738e+01 -2.499145020292793618e+00
2.700513967809222748e+01 -1.980443592299454991e+00
2.698217611606951039e+01 -1.482015961051629915e+00
2.696768409329969529e+01 -9.535726953911449755e-01
2.697027411294574506e+01 -4.137904695664822441e-01
2.694542382580201689e+01 1.006065870294214903e-01
2.691878617986098021e+01 6.271313173385131279e-01
2.694603832444328617e+01 1.199391598385652458e+00
2.693891185595882831e+01 1.637917217735555653e+00
2.695517198327944897e+01 2.182210585384407153e+00
2.693910035856533369e+01 2.664901564651128041e+00
2.688131922900566906e+01 3.186605031920940689e+00
2.688751784512201937e+01 3.744082608297262027e+00
2.754394644025681771e+01 -4.085101357522924914e+00
2.752069360830235212e+01 -3.574954414195694596e+00
2.750544757553641517e+01 -3.042880286364987086e+00
2.755683114233622177e+01 -2.517675468052967602e+00
2.753335636246941220e+01 -1.965263551009783782e+00
2.755185467303151370e+01 -1.482098876918051644e+00
2.751835937726355752e+01 -9.362434498136913419e-01
2.750297149141623265e+01 -4.037791644068740027e-01
2.751890448745860596e+01 9.997124034897097999e-02
2.750625501143915130e+01 6.278564582444374764e-01
2.750153927362889306e+01 1.151550058014208844e+00
2.744745518732540290e+01 1.652536184226711669e+00
2.746270595802171499e+01 2.185246718210319017e+00
2.746238421362988902e+01 2.694586898181519530e+00
2.744238851402401025e+01 3.214953340854716402e+00
2.742748540015925585e+01 3.748206895523772175e+00
2.808994976924974907e+01 -4.075044713978174471e+00
2.812850783782891995e+01 -3.572265602245373373e+00
2.810885622935590078e+01 -3.038937050944729990e+00
2.807988776721664692e+01 -2.495322210800694052e+00
2.808508913187665712e+01 -1.990826222073536655e+00
2.808750178396882546e+01 -1.447456112783328308e+00
2.808223603667155288e+01 -9.335443287850253569e-01
2.805230603411247614e+01 -4.303789938389250835e-01
2.804446236534727888e+01 1.027809783932838172e-01
2.805102381803011724e+01 6.608534971014883297e-01
2.806465351848554235e+01 1.169475101211801871e+00
2.804476130136280432e+01 1.643447347530823777e+00
2.802879660411995388e+01 2.177501607676809670e+00
2.803445361052260409e+01 2.711329029708799965e+00
2.803672639176522097e+01 3.243020025181856170e+00
2.802531701978844580e+01 3.779189744230507131e+00
