9.955315621920043156e+00 -4.146101840040010700e+00
9.943963352808172118e+00 -3.634934848469240976e+00
9.900303635723812334e+00 -2.629780852250625856e+00
9.887873417806137155e+00 -2.069163161421521124e+00
9.912261965602205294e+00 -1.577740175844351000e+00
9.878774610428791902e+00 -1.052859787765040522e+00
9.861019432094998649e+00 -5.512408464554212628e-01
9.802384729637591221e+00 5.165140169414961235e-01
9.795352204615173974e+00 1.031337927868314353e+00
9.784937894094120736e+00 1.578739475062413078e+00
9.824213469723321879e+00 2.075929157012321724e+00
9.803085397698989567e+00 2.602922325428288275e+00
9.756410613634439954e+00 3.130385539781894266e+00
9.766559364218331041e+00 3.665846326701348801e+00
1.056024825310954895e+01 -4.142967824114208497e+00
1.050321937692929097e+01 -3.660323808635247644e+00
1.050328759322769656e+01 -3.114351564719600063e+00
1.046093856772077402e+01 -2.075577658272734993e+00
1.043149850584699223e+01 -1.549481348249759805e+00
1.042273982767995477e+01 -1.050890841627865058e+00
1.038528984874076144e+01 -5.263157791785531003e-01
1.039700917747060771e+01 -7.437536877656469869e-03
1.038709249151848724e+01 5.415953838158067413e-01
1.037311164841883482e+01 1.558194236449239156e+00
1.037462547686835634e+01 2.079311355034295872e+00
1.035976127819170145e+01 2.598488945538225181e+00
1.033665863234420712e+01 3.146916067800582084e+00
1.032225096033500122e+01 3.648733656835538852e+00
1.107126927545926875e+01 -4.139760922715392866e+00
1.109251991770863910e+01 -3.655080741572877656e+00
1.104080647750870270e+01 -3.099290862367176658e+00
1.104368702553972525e+01 -2.594181604322773893e+00
1.100937182098090261e+01 -2.086838010836551405e+00
1.100395578738487501e+01 -1.573362786880117881e+00
1.097199080088143930e+01 -1.049012822548430535e+00
1.097784117745486299e+01 -5.275640103031307149e-01
1.096154710922175113e+01 -1.053552811776370390e-02
1.094420179138382565e+01 5.097624070097239724e-01
1.093702371736716472e+01 1.036204031510063572e+00
1.091997963035014862e+01 1.573945182428431622e+00
1.092110041985793245e+01 2.096732050433733008e+00
1.089901062912283791e+01 2.610659373369500713e+00
1.090900008783586017e+01 3.141020688348188372e+00
1.087509673256069576e+01 3.662991776855683668e+00
1.163094564454114987e+01 -4.130373273880493912e+00
1.163809691616607012e+01 -3.625478009782119315e+00
1.160595273598454824e+01 -3.112578807639216905e+00
1.161291689061037502e+01 -2.584786756169485500e+00
1.159421069026821627e+01 -2.070202069123741495e+00
1.157872914766531380e+01 -1.565624834293707579e+00
1.155803193068985379e+01 -5.042792703694125578e-01
1.154479544958737947e+01 1.946013583367545152e-03
1.155153424560591091e+01 5.310026936488370097e-01
1.153230621857956351e+01 1.002022988801332559e+00
1.146697057457224744e+01 1.593034416774237627e+00
1.146977392943625063e+01 2.090802090057845675e+00
1.145696728013003352e+01 2.620463672289115920e+00
1.144981971011679533e+01 3.139158398261184146e+00
1.146979473945307149e+01 3.662642318623152704e+00
1.221879133212319601e+01 -4.149413736049490709e+00
1.221825260653097089e+01 -3.598002288421286110e+00
1.219705922542121357e+01 -3.027281114473034052e+00
1.218474679786720571e+01 -2.575037018131745015e+00
1.213851348401096431e+01 -2.056309054725740992e+00
1.214015475195911264e+01 -1.579130124370795585e+00
1.212515396458470818e+01 -1.033502276923510266e+00
1.209320601743826984e+01 -5.102975574428363359e-01
1.209018384201137764e+01 4.538796260197841548e-02
1.208492126620797080e+01 5.462611846239155966e-01
1.206202845731817064e+01 1.064681483534471340e+00
1.202953991115457910e+01 1.560774512045473017e+00
1.202451196570624958e+01 2.108453415422513189e+00
1.201729394783223626e+01 2.630968497277446971e+00
1.203265568026255039e+01 3.126917008805470743e+00
1.202525700242055962e+01 3.652869137997882376e+00
1.276784689910934745e+01 -4.171468428794742778e+00
1.255422564403500019e+01 -3.850033371451448971e+00
1.277260330267999322e+01 -3.126741577711962705e+00
1.274599477743865350e+01 -2.584019308400673509e+00
1.270791328744621751e+01 -2.064651496083140358e+00
1.269768670320600989e+01 -1.566729344188949824e+00
1.268128207437869648e+01 -1.037933548204005518e+00
1.266369502680135994e+01 -5.174551255851262965e-01
1.261023647839433437e+01 2.838299313962977521e-02
1.264844743748315281e+01 5.623790065745488675e-01
1.265889468514994221e+01 1.075584179566675402e+00
1.259801615050039914e+01 1.526174417374654979e+00
1.256324285891232506e+01 2.103045599247323594e+00
1.259474569969427549e+01 2.657034183578993236e+00
1.262198451709815572e+01 3.146014646740677989e+00
1.261693031547047639e+01 3.688768450228863571e+00
1.337112547810751906e+01 -4.151754481470938174e+00
1.333874533920711869e+01 -3.633765996139613819e+00
1.333548415912519403e+01 -3.105483030538175981e+00
1.330879971850816901e+01 -2.583119793076210868e+00
1.329666206119676986e+01 -2.051717626217435253e+00
1.326092309176785733e+01 -1.514598696655433230e+00
1.326459905932046723e+01 -9.969298618165858272e-01
1.327042439377392569e+01 -4.761415306458722796e-01
1.323258830696730115e+01 3.472770139610048545e-02
1.323108416694102019e+01 5.557165091530507084e-01
1.318414656189875345e+01 1.043132019959436718e+00
1.321035134678408340e+01 1.580028143436560839e+00
1.316752112808081421e+01 2.081202643955897713e+00
1.317778961040574259e+01 3.160764612077823443e+00
1.316836268203650562e+01 3.684909275383876803e+00
1.397458523478526260e+01 -4.133064735224758479e+00
1.392199744309412424e+01 -3.602587138814923762e+00
1.389668113200065847e+01 -3.114098320341673443e+00
1.385144919681711073e+01 -2.583329937215200545e+00
1.384349464812804342e+01 -2.060165192223632147e+00
1.385028867538509800e+01 -1.497643230806296799e+00
1.382294436308845675e+01 -9.882985415015532737e-01
1.380176596947165280e+01 -4.715976392091647540e-01
1.377153790822441692e+01 3.006772873719043560e-02
1.376992301031990706e+01 5.421272241492225419e-01
1.376861885591680590e+01 1.060950853527604210e+00
1.372431090351410532e+01 1.559703159222557645e+00
1.372711318309416484e+01 2.107277858160941264e+00
1.376765913615158965e+01 2.644195810034997152e+00
1.371727463227028565e+01 3.160882755685829437e+00
1.374207239231719413e+01 3.711343037491928953e+00
1.455482202027272365e+01 -4.144550987074188342e+00
1.449723718605827827e+01 -3.618426057728763467e+00
1.453753092350391540e+01 -3.120703765775528993e+00
1.443710547496642604e+01 -2.576943837745869104e+00
1.440552354752256292e+01 -2.015231118331062277e+00
1.439928896500727973e+01 -1.517572521517088546e+00
1.437444222044718245e+01 -1.010128088016944758e+00
1.434894123412313149e+01 -4.596589636729149220e-01
1.436376150128203477e+01 2.906689164936437919e-02
1.432731109373525769e+01 5.409203714712909061e-01
1.431413174442505820e+01 1.062764423540244252e+00
1.430378969765110497e+01 1.588775065427274313e+00
1.430330464784006494e+01 2.148440184095246508e+00
1.427777805488017293e+01 2.632191756249294912e+00
1.425024710355801716e+01 3.682643430741393331e+00
1.510420698134954520e+01 -4.156111984687424155e+00
1.505688465728437464e+01 -3.639612987602102834e+00
1.502233235506769304e+01 -3.120101521600043171e+00
1.500692509860721202e+01 -2.568852378517672008e+00
1.498309855496549758e+01 -2.055719628817676892e+00
1.497079880277642161e+01 -1.543907187806190962e+00
1.497952964929256936e+01 -9.875035356509300755e-01
1.490798729885889529e+01 -4.579376321178507681e-01
1.487946915202838483e+01 3.543133808488718728e-02
1.491512457635348099e+01 5.531139691592130703e-01
1.488628598696663374e+01 1.070892031516027743e+00
1.488975676365502210e+01 1.583458111760592146e+00
1.485869407294709887e+01 2.127164184755208964e+00
1.483412609293695539e+01 2.635294979920892899e+00
1.479220225076160489e+01 3.174594844743165112e+00
1.485492321557996220e+01 3.685947837536662774e+00
1.565155316496325000e+01 -4.143185525664272006e+00
1.560578131416703584e+01 -3.601522152865117121e+00
1.556349096543942778e+01 -3.078713952366211259e+00
1.557239084342359092e+01 -2.555613466882817875e+00
1.555859111724833710e+01 -2.022118359106794827e+00
1.552227811516534217e+01 -1.522587932966210644e+00
1.548992195779571546e+01 -1.000449224085507183e+00
1.548496711957866978e+01 -4.774076142771477294e-01
1.545611048770625473e+01 4.420399454576795506e-02
1.544713400594451969e+01 5.723455112534985290e-01
1.543008200593699542e+01 1.094220300736886031e+00
1.553046475258913617e+01 1.640731035817193373e+00
1.544555080012891679e+01 2.109966732050803984e+00
1.540171119607999017e+01 2.643295190061333955e+00
1.537989386237217104e+01 3.172049233863866391e+00
1.538651234747569418e+01 3.738905202126375116e+00
1.617098648723220222e+01 -4.102669448588118328e+00
1.614529014234710047e+01 -3.581549952404101234e+00
1.612689063183415783e+01 -3.054660617593516037e+00
1.612005341067519382e+01 -2.549279141283221861e+00
1.610002470226528715e+01 -2.022007483556329532e+00
1.608792282205062918e+01 -1.524533837624908017e+00
1.604973643213778800e+01 -9.799259170435377087e-01
1.604180794181551661e+01 -4.549253598554052758e-01
1.600920844550308431e+01 6.195541918157587702e-02
1.600623985106374292e+01 5.772712794657550717e-01
1.598961868504606088e+01 1.086290496310951426e+00
1.602774617230042864e+01 1.624885719366233161e+00
1.596495121770271908e+01 2.122498244487260877e+00
1.595782697183528498e+01 2.667890441843947968e+00
1.593006669371204609e+01 3.196101752158778453e+00
1.597423712795695039e+01 3.709024511762624599e+00
1.672358466616516282e+01 -4.094939984554144985e+00
1.669648232023712353e+01 -3.575471713269731566e+00
1.668395456549643896e+01 -3.045341214901625904e+00
1.666625961850974491e+01 -2.530602774903854879e+00
1.666375585947257676e+01 -2.016914406570283091e+00
1.661833566229784509e+01 -1.525704693181882732e+00
1.662146395179433966e+01 -9.803036125627926367e-01
1.663681973374588807e+01 -4.611645283693839303e-01
1.659227342804641125e+01 6.401125240792282511e-02
1.654799170274360165e+01 5.503400385326173705e-01
1.655091455411548651e+01 1.098796028803256775e+00
1.656348081074704126e+01 1.620472840077905374e+00
1.654113852269960461e+01 2.148991745671519737e+00
1.651563861333226768e+01 2.688217875365040754e+00
1.652256407406026639e+01 3.190985207701594106e+00
1.651054316683096701e+01 3.722170312215069998e+00
1.730231095063933111e+01 -4.093737615486780612e+00
1.726926286038953506e+01 -3.579691083686618924e+00
1.724930913425521695e+01 -3.035169759382810639e+00
1.724552537938251717e+01 -2.560303229626441635e+00
1.721044538493839937e+01 -2.043567237373412837e+00
1.715596342446542266e+01 -1.501105377589212253e+00
1.716250176501063862e+01 -9.834354067264108323e-01
1.716218397829945985e+01 -4.564811914615809485e-01
1.714823762483694836e+01 7.323950237541154706e-02
1.715627416304878494e+01 5.851856091981204600e-01
1.711979831542386776e+01 1.118536131371858033e+00
1.709188966143236499e+01 1.607449783889826733e+00
1.709576170630393221e+01 2.151967503502511647e+00
1.708153598830028486e+01 2.674019499928864008e+00
1.707927906848581756e+01 3.214581958739643142e+00
1.707049155092680337e+01 3.741210713121748910e+00
1.783289250547409210e+01 -4.075135650694846845e+00
1.780864635670155138e+01 -3.573507735721264567e+00
1.781327994765214484e+01 -3.051624972418236936e+00
1.779373239389307315e+01 -2.517582522147403523e+00
1.775860525971492976e+01 -2.038188796732189445e+00
1.774604161609293485e+01 -1.477756104094989809e+00
1.772636206052679952e+01 -9.755156534686904024e-01
1.767570014783854049e+01 -4.571623232423043248e-01
1.767844960368101326e+01 7.378663067903445949e-02
1.768375691460202503e+01 5.822667392892775240e-01
1.767193368825996913e+01 1.119836207946121931e+00
1.763751719536804075e+01 1.619256599246561734e+00
1.763022199368289833e+01 2.142111982033522821e+00
1.763971576641043981e+01 2.682337385861391255e+00
1.760756032810967397e+01 3.205908095021339221e+00
1.766521830752940403e+01 3.688884026081019840e+00
1.836838353181556371e+01 -4.096439043618072873e+00
1.836170005393188376e+01 -3.588313172813441199e+00
1.836056667742026249e+01 -3.043233632258278476e+00
1.833901919905585487e+01 -2.547194193794631190e+00
1.832508153233218451e+01 -2.029564048383729613e+00
1.831816205309830536e+01 -1.495187831532650335e+00
1.828610761297053955e+01 -9.819234157771639104e-01
1.828274833646685948e+01 -4.574086875295613197e-01
1.823964214294286634e+01 6.667462912461985525e-02
1.822358380790229759e+01 6.003583999673125504e-01
1.821362810022528222e+01 1.127201192910682437e+00
1.820891336320680765e+01 1.637197570023957383e+00
1.819828649484476557e+01 2.167932639258502547e+00
1.819274901920220699e+01 2.648939289417409526e+00
1.823493946133810084e+01 3.089832315461997325e+00
1.820712480566783142e+01 3.680290361506564523e+00
1.895858852972938280e+01 -4.102243083128520595e+00
1.892678036609750336e+01 -3.586630690516628306e+00
1.891902371359836721e+01 -3.064117074037357114e+00
1.887548502090304936e+01 -2.556769934245995302e+00
1.885157135694413810e+01 -2.037513706974205974e+00
1.885555855845202444e+01 -1.496092321001167846e+00
1.886305112794518735e+01 -9.770106889379270854e-01
1.883200267705271713e+01 -4.477649847190825483e-01
1.881157771571078641e+01 5.759932240200171805e-02
1.881153983298975518e+01 5.987587619946488360e-01
1.878373526248729064e+01 1.106958915631263807e+00
1.875380816907788883e+01 1.645432072210216035e+00
1.874502719724920041e+01 2.156317208618823145e+00
1.877509994415693129e+01 2.678808852184292988e+00
1.877135526792173792e+01 3.220228334371132206e+00
1.875079088639187930e+01 3.703010736141607140e+00
1.946494453625019361e+01 -4.108362502161465812e+00
1.949322738848224645e+01 -3.597420802270049123e+00
1.948576778762649653e+01 -3.074148662056808590e+00
1.947974522743676573e+01 -2.547599995104008030e+00
1.941898452123014351e+01 -2.042475994650111204e+00
1.941938882827616908e+01 -1.486108761659785671e+00
1.940691615307643758e+01 -9.731027868694077654e-01
1.937596509767636022e+01 -4.517562938255750282e-01
1.937420078485506991e+01 7.720186172997500762e-02
1.936318950528283622e+01 5.936480484067416796e-01
1.935385544192324758e+01 1.109776072974966610e+00
1.933209408997055689e+01 1.610061658793270567e+00
1.933152595749269054e+01 2.170435763524473316e+00
1.929952468856820857e+01 2.660292630812421066e+00
1.930350728693874274e+01 3.212663739665444496e+00
1.928839664108042484e+01 3.688343951391352959e+00
2.005247551404941220e+01 -4.113201616683010542e+00
2.003260325278738208e+01 -3.586747653137452474e+00
2.001480488293985616e+01 -3.068739257003322507e+00
1.999738238792811984e+01 -2.550786795488420466e+00
1.998199666571223787e+01 -1.994294177917439015e+00
1.997407747281850021e+01 -1.481930027485308443e+00
1.996385933461311879e+01 -9.619866456503132213e-01
1.995441945471232259e+01 -4.390560036813120348e-01
1.994638004292946221e+01 9.086729229304779665e-02
1.991961622357830919e+01 6.020955083588717116e-01
1.990582553581057113e+01 1.118323736509918120e+00
1.991062187111891291e+01 1.626110909403152505e+00
1.990289861889093004e+01 2.153543057792539628e+00
1.986748569262395847e+01 2.676097658440060201e+00
1.987613764542261308e+01 3.227000757199999015e+00
1.986768967881195991e+01 3.726861819809926146e+00
2.061981376197424964e+01 -4.114526046862390984e+00
2.056546735097985845e+01 -3.577965443000142187e+00
2.057085446761477243e+01 -3.046538940257320860e+00
2.058815423657484445e+01 -2.531385192891150382e+00
2.053366329505389842e+01 -2.049814248377202830e+00
2.049927340373672280e+01 -1.523682061753412142e+00
2.050683600137848117e+01 -9.665204981823301011e-01
2.048396216023033389e+01 -4.449709154999723637e-01
2.049354629764991387e+01 9.118705698939422177e-02
2.046484231355788097e+01 6.175685596203770444e-01
2.048128118691820987e+01 1.154832612171198036e+00
2.047131612298075964e+01 1.640012284981505530e+00
2.046212032918234769e+01 2.172043307813684265e+00
2.044924551132764634e+01 2.701113961055764179e+00
2.043166707296497009e+01 3.219449297058162074e+00
2.041831989591133123e+01 3.743986257581767063e+00
2.116843318322101908e+01 -4.114304138306081882e+00
2.112335842341530423e+01 -3.575625931991813999e+00
2.113096234373585247e+01 -3.061182903407255296e+00
2.110549206071983264e+01 -2.520693645900433211e+00
2.108211421826942455e+01 -2.013241011476534226e+00
2.108130595769461735e+01 -1.487698816330212281e+00
2.105080999696067323e+01 -9.911451139855032011e-01
2.103336270415342568e+01 -4.593127760326467524e-01
2.103283875297162808e+01 8.364925968162495451e-02
2.102774933334682572e+01 5.993495557425099207e-01
2.103197813438182351e+01 1.125469554631315816e+00
2.100744952070419913e+01 1.641362316404343602e+00
2.100713830580929908e+01 2.178131415204049404e+00
2.099698339123353463e+01 2.715867583059708323e+00
2.098526855277732039e+01 3.206972118071604427e+00
2.097660317337497560e+01 3.746923098860008849e+00
2.172683077034104571e+01 -4.102324548300186891e+00
2.170080062722834668e+01 -3.573058414906878255e+00
2.168332110400751134e+01 -3.057322741040673364e+00
2.164555704465946206e+01 -2.525244171730864906e+00
2.163256436750585010e+01 -2.009600700969787823e+00
2.163703665685225985e+01 -1.482838801286099795e+00
2.163124098569053189e+01 -9.576143710042401835e-01
2.161078717323325549e+01 -4.454742911143405593e-01
2.160393625415215269e+01 7.577162773774759330e-02
2.157419552645584560e+01 5.836699186526672634e-01
2.156500489251884289e+01 1.119399635085443379e+00
2.155940994313548487e+01 1.656895952030421171e+00
2.156597715979957286e+01 2.219798560653096331e+00
2.155514861264970250e+01 2.641499965214240575e+00
2.155184357052856114e+01 3.191304854618131515e+00
2.152034962664511397e+01 3.734710272772701956e+00
2.226954568420433844e+01 -4.108082252746802610e+00
2.222731030836898469e+01 -3.569927194055887654e+00
2.222474203772598855e+01 -3.028715904268382886e+00
2.221852600566536040e+01 -2.533268488860876744e+00
2.218741302640961521e+01 -2.015905532276132561e+00
2.217324356933989549e+01 -1.490453430555490399e+00
2.219115523187430483e+01 -9.617337641114716007e-01
2.214513131800687518e+01 -4.341372340853872913e-01
2.214184609992979347e+01 9.120705280858487640e-02
2.213908272719402959e+01 5.930630343696385864e-01
2.213434779203412006e+01 1.135751928557745316e+00
2.211368831352852027e+01 1.669484032142584340e+00
2.212265055572873962e+01 2.220936124662681976e+00
2.211283685417537015e+01 2.673732308863876028e+00
2.209799775950279610e+01 3.207555420622004050e+00
2.207994305471806484e+01 3.741573377287206625e+00
2.280569534763813522e+01 -4.107654370278705613e+00
2.282540377020215061e+01 -3.587903212605375813e+00
2.275182396191660672e+01 -3.066004965332247423e+00
2.277158388833699831e+01 -2.531244673260019340e+00
2.276872115941736752e+01 -2.000088508703079526e+00
2.273913025052952008e+01 -1.493312271714334116e+00
2.271996845947268184e+01 -9.646694070763786044e-01
2.272609885930406648e+01 -4.417943152796581785e-01
2.270016328560518559e+01 9.824801502062996406e-02
2.268286593197720435e+01 6.016799224759274978e-01
2.266811125796122894e+01 1.130835416070144817e+00
2.267296308223173185e+01 1.658779485942414311e+00
2.268315767779498771e+01 2.209826022776571364e+00
2.265742992409891343e+01 2.732296465239940630e+00
2.265947910036251756e+01 3.223862005040590617e+00
2.264986200876089839e+01 3.743727011157446327e+00
2.336618991792357747e+01 -4.102675691761582755e+00
2.335029764822981946e+01 -3.571355850304268387e+00
2.331150647739230664e+01 -3.031585270962862566e+00
2.333925493115212646e+01 -2.518293801283427058e+00
2.330693191415947751e+01 -2.004183017984480841e+00
2.326606693874762044e+01 -1.463081080435220116e+00
2.325369025702234893e+01 -9.351973955834367302e-01
2.326302320807850066e+01 -4.155342469615632695e-01
2.324213442608915869e+01 8.139116595321382874e-02
2.323956946096869558e+01 6.055683312345365721e-01
2.321379650645073411e+01 1.128929393660172309e+00
2.321374511937321472e+01 1.689943679509379848e+00
2.319182287935475983e+01 2.201348055286899807e+00
2.319147906083200894e+01 2.717792571646175048e+00
2.319876171844047263e+01 3.252308536614783918e+00
2.318477445629062572e+01 3.739455929761042796e+00
2.387113433589026812e+01 -4.129036129942827316e+00
2.389196749364499084e+01 -3.553271819514256080e+00
2.387797466634994237e+01 -3.054005705110229840e+00
2.385778600682287021e+01 -2.494816318757266060e+00
2.383466150523565830e+01 -1.994422930240066449e+00
2.383029157914878482e+01 -1.468623281141340442e+00
2.380607308648562537e+01 -9.495962194677360912e-01
2.379929511336020909e+01 -4.250512135364452604e-01
2.379631838953694967e+01 8.743530200100124716e-02
2.377570636084873001e+01 6.062264765309528514e-01
2.378079378280067147e+01 1.129694165043623855e+00
2.376831306533423316e+01 1.680589204761499644e+00
2.374862615539392152e+01 2.218426636773916272e+00
2.379453446948726025e+01 2.688276804386742214e+00
2.374162323816904063e+01 3.236664467762917496e+00
2.375965613424671119e+01 3.749493511104294186e+00
2.445493218063004548e+01 -4.094934032463589446e+00
2.443530042062973706e+01 -3.544788375942795611e+00
2.442033880759484532e+01 -3.062749980081568069e+00
2.439217469115978787e+01 -2.526335246900057285e+00
2.438033338454260246e+01 -1.979043830688944183e+00
2.437680950810749891e+01 -1.470322781167542558e+00
2.435953280497989937e+01 -9.489760687167851927e-01
2.431284142936221571e+01 -4.142171931638216620e-01
2.432731538374457614e+01 1.239648784881417498e-01
2.433618122153745844e+01 6.267068685453693888e-01
2.432083721934660048e+01 1.116076529833495812e+00
2.432420998812739299e+01 1.665198542990228958e+00
2.438755104452235400e+01 2.188370427318279354e+00
2.433285705694332535e+01 2.727710090086894468e+00
2.430654085616702531e+01 3.257075812061668074e+00
2.429279070056847445e+01 3.756043883766682967e+00
2.496806442989245056e+01 -4.107671309117021607e+00
2.497993346069352327e+01 -3.559310171496537833e+00
2.497437682075756982e+01 -3.041513000831749025e+00
2.494592890185340650e+01 -2.522371358078110859e+00
2.493333500444904871e+01 -1.982473247706899144e+00
2.491733391221894323e+01 -1.459545316023664441e+00
2.491984668890528098e+01 -9.379572233123738556e-01
2.489776049763053578e+01 -4.012213091546890098e-01
2.490452872378097737e+01 1.064462785313402549e-01
2.489746282831178803e+01 6.202967935314269710e-01
2.489293059266973529e+01 1.149623307336263167e+00
2.488261295785957117e+01 1.678989258181868394e+00
2.487026196502492326e+01 2.209279925078678986e+00
2.490759054036027464e+01 2.721892606303274675e+00
2.486176655579809847e+01 3.221129091142032053e+00
2.485244909438750227e+01 3.750703186616135554e+00
2.556360380476363048e+01 -4.094861083338500407e+00
2.551673331558347968e+01 -3.556986949338698523e+00
2.553554959992801088e+01 -3.032044585057086294e+00
2.549885100637426660e+01 -2.519408110298286374e+00
2.550114378847792551e+01 -1.983566360079599633e+00
2.546089326805527975e+01 -1.463863597812615325e+00
2.544663462080406191e+01 -9.400712915414395354e-01
2.546801156282568002e+01 -4.189687024011767846e-01
2.546062522856627908e+01 1.096558599200072592e-01
2.543996128517150623e+01 6.288500270812562576e-01
2.542087593533589285e+01 1.152387394348050265e+00
2.543304603579522194e+01 1.677445657086970243e+00
2.544061807974107836e+01 2.221738212132109425e+00
2.543083576405076940e+01 2.719375756115020693e+00
2.542375766977013285e+01 3.216963254230467584e+00
2.541803935396045233e+01 3.767011981358319161e+00
2.611340365829798316e+01 -4.078364812780142401e+00
2.584324875065895100e+01 -3.566474553587635654e+00
2.606715705472956301e+01 -3.029051545899072551e+00
2.602616880879417494e+01 -2.508908460625704606e+00
2.605573385549887178e+01 -1.998145995930379115e+00
2.607080237289861913e+01 -1.474467335373557120e+00
2.604912007991456591e+01 -9.261645976221579701e-01
2.602087980905565701e+01 -3.804109961103492310e-01
2.601575710712336331e+01 1.086068682631164961e-01
2.598555668958250919e+01 6.335967351922597857e-01
2.598179460688803033e+01 1.148693160596113927e+00
2.596625147565910652e+01 1.691912288814389598e+00
2.596756059714714837e+01 2.214404743756990257e+00
2.596360044624643137e+01 2.716570263129263196e+00
2.595787081979938193e+01 3.207601747501893641e+00
2.594135645187734696e+01 3.768439799242685240e+00
2.662130721628457053e+01 -4.103014590216055524e+00
2.662809516465734561e+01 -3.571741107120017134e+00
2.664730166777457043e+01 -3.041328682093830338e+00
2.658497781553392514e+01 -2.517425978186810909e+00
2.660907441583413657e+01 -1.979973209826638936e+00
2.659975432070603318e+01 -1.471784101858684579e+00
2.658622966692126965e+01 -9.473300935063733164e-01
2.660294144345825629e+01 -3.869428027415544591e-01
2.656619493480186378e+01 1.057303545645211784e-01
2.656549223312811137e+01 6.265060570664289230e-01
2.655949763684373011e+01 1.153143120157359647e+00
2.654294894931197746e+01 1.691748117211698599e+00
2.652752805458458596e+01 2.226466502456375451e+00
2.650908535824963508e+01 2.737607613388057359e+00
2.657849092312014960e+01 3.169355660367092042e+00
2.652173056691107433e+01 3.762457697387301181e+00
2.715323921089187564e+01 -4.090742480735393372e+00
2.717033301164624959e+01 -3.569483045794260789e+00
2.717491449182234931e+01 -3.030671358089968237e+00
2.715786073189392624e+01 -2.497006388017112499e+00
2.717863755217893384e+01 -1.968411667998211101e+00
2.715805143255136755e+01 -1.468066900140314601e+00
2.714189685126416407e+01 -9.381716596791633833e-01
2.714250873962383537e+01 -4.001362333552478390e-01
2.712287859211124186e+01 1.178263761368754103e-01
2.710076296013458119e+01 6.507930081159827296e-01
2.712371283999944893e+01 1.222202828916763906e+00
2.711371693855737419e+01 1.664964831872222106e+00
2.712092884365527112e+01 2.207031578285604922e+00
2.710400262081586931e+01 2.692271853184866615e+00
2.705702784786569737e+01 3.227750634499635396e+00
2.707328244847670362e+01 3.784893498819471347e+00
2.771413183442052741e+01 -4.083611292228303213e+00
2.769227041921332244e+01 -3.580214622768837174e+00
2.767009788785976099e+01 -3.049547170022286480e+00
2.771634342031708798e+01 -2.514889987008611882e+00
2.769554320412574100e+01 -1.957694563651838138e+00
2.771495862588583492e+01 -1.469684476895828595e+00
2.768291212503243059e+01 -9.278479047623875431e-01
2.766923203279151267e+01 -3.934749547478055831e-01
2.768440273171712107e+01 1.127131320048491148e-01
2.767432535625064816e+01 6.350586134049649445e-01
2.766635091971952676e+01 1.178115537142620184e+00
2.762493197238793385e+01 1.682036824640505301e+00
2.763375163458128725e+01 2.215775810904393239e+00
2.763562117357877668e+01 2.730848399200596077e+00
2.761285066052769821e+01 3.248055656722513618e+00
2.760422304662841242e+01 3.777339352425954644e+00
2.825170706420055922e+01 -4.075548406753144448e+00
2.828924029869330070e+01 -3.582406664330635593e+00
2.827139823017552089e+01 -3.048579491254701068e+00
2.824872452899689534e+01 -2.501300074202248425e+00
2.825422597136490310e+01 -1.988081140348644027e+00
2.824800401671356553e+01 -1.435518194029693717e+00
2.824139025874877262e+01 -9.278628700696529563e-01
2.821639736410285337e+01 -4.161623306486141871e-01
2.821004078258908976e+01 1.158795792095332899e-01
2.821357457736041141e+01 6.735550070019087343e-01
2.822249823588406770e+01 1.193424956900678069e+00
2.820531987702193533e+01 1.671101611690801292e+00
2.819171718762192569e+01 2.203886544442799078e+00
2.819773806880359501e+01 2.742242739508689908e+00
2.819784263286179993e+01 3.271607743648033306e+00
2.817400489000127095e+01 3.809404796932319925e+00
