1.086889898186860748e+01 -4.155742054393826379e+00
1.087409793870198627e+01 -3.643060187277971096e+00
1.084040435338320663e+01 -2.604180063551911672e+00
1.085302193336504217e+01 -2.054688386799494282e+00
1.085670260463138348e+01 -1.519301486202692786e+00
1.084543022937064194e+01 -9.968594240276758001e-01
1.084511709292994652e+01 -4.863990170764971310e-01
1.080884366478615632e+01 6.056035558361081428e-01
1.082500764701716633e+01 1.128474255995502773e+00
1.082191523757998652e+01 1.636483087430629979e+00
1.081892680589747258e+01 2.175104796907312732e+00
1.081752027759326751e+01 2.705795629657195889e+00
1.080488401475521698e+01 3.237430302427444673e+00
1.083613272686908857e+01 3.763542716880962757e+00
1.141627047912047033e+01 -4.172005260508663937e+00
1.139817028509674657e+01 -3.658675860505018917e+00
1.139854020354851727e+01 -3.119407693139658377e+00
1.139635306472615284e+01 -2.055374300961485545e+00
1.137450946012024033e+01 -1.531116721168920947e+00
1.137492020911450652e+01 -1.004103571595749145e+00
1.135875485540142549e+01 -4.763856367046734874e-01
1.135722228976500858e+01 5.284145175583532250e-02
1.136146172508299301e+01 5.988019813908742606e-01
1.134946810745336876e+01 1.651123012181255234e+00
1.133629070660803251e+01 2.193515722193346562e+00
1.136573028879865532e+01 2.705633218758176639e+00
1.135400532410079322e+01 3.258952925223010055e+00
1.132573901091578250e+01 3.776484324572045637e+00
1.193257769092900844e+01 -4.165313689373197903e+00
1.195384923279245726e+01 -3.653438726919436164e+00
1.192758119655833227e+01 -3.093048488409937846e+00
1.192258371553206331e+01 -2.585658910736956528e+00
1.192300744091183162e+01 -2.059554744885868871e+00
1.192596327388524458e+01 -1.529686606405000759e+00
1.191944410085706352e+01 -1.010493758685065302e+00
1.191741363362423201e+01 -4.642197640712701912e-01
1.189224153439792531e+01 5.831360625074921700e-02
1.190008843234747005e+01 5.791129219727011446e-01
1.189553892275555214e+01 1.115658079940281766e+00
1.189160542778636298e+01 1.660258756629612975e+00
1.188988479028234835e+01 2.191817670551479580e+00
1.187586750146893522e+01 2.706601260946985832e+00
1.188587459729948392e+01 3.258880720851092150e+00
1.188370313666338518e+01 3.792220983623401764e+00
1.246747261823702857e+01 -4.159236716737140682e+00
1.248520688446226501e+01 -3.636110531360824183e+00
1.247084395655174305e+01 -3.111740663926330086e+00
1.247619958000885632e+01 -2.580042737185131330e+00
1.246931773489528794e+01 -2.049424198468486225e+00
1.245360749916071441e+01 -1.529436061638310917e+00
1.246881778123924178e+01 -4.647753752788439385e-01
1.243846696969964682e+01 6.002082710313061398e-02
1.246170649268142938e+01 5.970696960458035107e-01
1.245711348676898922e+01 1.102051222056054769e+00
1.244075362466561430e+01 1.667536693406383108e+00
1.243269762543479118e+01 2.184021391567991799e+00
1.242393382608218744e+01 2.714510544988993246e+00
1.242829700532649184e+01 3.251740190247367934e+00
1.243756242276366564e+01 3.770946757306813168e+00
1.302600643606906061e+01 -4.176483105577149857e+00
1.300708521573816512e+01 -3.635993103563004425e+00
1.299572668338048942e+01 -3.092500442888816536e+00
1.302245445614300579e+01 -2.578488125026986211e+00
1.301660943261157044e+01 -2.050282926242381620e+00
1.300566954212371584e+01 -1.534715246323667515e+00
1.300447040220098316e+01 -9.847023466479249976e-01
1.300002754176986386e+01 -4.722157763572205624e-01
1.299675963262435019e+01 7.886553812949870235e-02
1.299799618324188799e+01 6.029076126756613974e-01
1.298223003272683229e+01 1.122963411762320618e+00
1.295522498706190717e+01 1.639379332857011207e+00
1.296518625131095348e+01 2.190912026483189834e+00
1.297385294496105246e+01 2.726890687365074228e+00
1.297482218863923009e+01 3.251743229483082587e+00
1.298923755921058287e+01 3.757069762604206886e+00
1.355195174462649632e+01 -4.183428160685842556e+00
1.354190465321864068e+01 -3.652773889335097834e+00
1.356808134988624914e+01 -3.111919981032507110e+00
1.356266805572470346e+01 -2.579489601684890943e+00
1.354020501405232224e+01 -2.056590194615363743e+00
1.355215072633051676e+01 -1.539870698227336021e+00
1.354034638950576763e+01 -9.918715258384160904e-01
1.354741544608902259e+01 -4.824807327376028354e-01
1.351122249972868516e+01 7.152835765976561788e-02
1.353444770626927962e+01 6.121143022670167966e-01
1.353780868797438686e+01 1.124828310477901994e+00
1.351918301313326864e+01 1.621790245030418021e+00
1.351288534279085241e+01 2.181300725164494025e+00
1.353007712785627703e+01 2.756011775310426515e+00
1.352536410809299028e+01 3.242690030288702729e+00
1.352441250637376058e+01 3.780803835825487624e+00
1.410973348407538452e+01 -4.178618467307787299e+00
1.409940727439652974e+01 -3.651159672300622105e+00
1.410916501729315442e+01 -3.116591205895673511e+00
1.409244201461650903e+01 -2.582902497526752938e+00
1.409302302098325654e+01 -2.049957913312265845e+00
1.408934679777097188e+01 -1.506658845729280216e+00
1.409435311119440115e+01 -9.753455893722069447e-01
1.409360610036796402e+01 -4.477435312462922923e-01
1.408312479018070817e+01 6.207326192532391929e-02
1.407587565695601484e+01 6.062079764589611841e-01
1.406251362862747456e+01 1.123363892539508413e+00
1.407039435615069323e+01 1.654602015256127601e+00
1.406511475367783959e+01 2.183768020218455064e+00
1.406205920336601878e+01 3.262604383500168126e+00
1.406220816250884198e+01 3.791093231378543038e+00
1.466197829969781452e+01 -4.167733020377994535e+00
1.465683294332423259e+01 -3.641324456435345525e+00
1.464632300668151288e+01 -3.122342869171653490e+00
1.462226993722101298e+01 -2.580654768970443769e+00
1.462605818100366406e+01 -2.052666173956357198e+00
1.463579814643886579e+01 -1.504722134509069775e+00
1.463419711518137944e+01 -9.771040825337493629e-01
1.462083754930461055e+01 -4.489179505057343533e-01
1.459838522156503515e+01 7.137113211194545670e-02
1.460861991296876639e+01 5.961235585630859646e-01
1.461213895590784162e+01 1.138709875738275201e+00
1.459875730019499684e+01 1.664198429986974759e+00
1.458387995091352352e+01 2.187182671297819070e+00
1.461567755058932505e+01 2.734501393199366248e+00
1.458391483004642453e+01 3.252970324789181689e+00
1.460760281002801264e+01 3.802110816212795896e+00
1.520991541193849983e+01 -4.175493536050655763e+00
1.518691697612354119e+01 -3.637622876520506310e+00
1.518203382948146185e+01 -3.127288282599433700e+00
1.517223325095553577e+01 -2.580554562329105295e+00
1.516776909198798506e+01 -2.024320320031517184e+00
1.516733896827887662e+01 -1.516467284952383920e+00
1.517143563271359596e+01 -9.911178083138629802e-01
1.516242691577906854e+01 -4.445195738275948827e-01
1.515526082598471902e+01 7.825736084165768602e-02
1.514835864786747521e+01 5.943058920503432319e-01
1.514361647182074577e+01 1.124656431961398084e+00
1.512706037858097119e+01 1.659980084392095989e+00
1.512209968987447084e+01 2.216234001598166969e+00
1.512816775656819956e+01 2.717423148976227054e+00
1.512163537261604063e+01 3.786240195034654477e+00
1.574669926871657211e+01 -4.183884473225258915e+00
1.571779610927582027e+01 -3.658636071748599505e+00
1.571660781654580319e+01 -3.130226246571107040e+00
1.571512807479490093e+01 -2.573372802482001731e+00
1.570608770557343448e+01 -2.052461228182536956e+00
1.570492325976326597e+01 -1.531061977962199450e+00
1.570499507838014708e+01 -9.856874112384446107e-01
1.569228218783144158e+01 -4.342387363732740369e-01
1.569178027048136670e+01 7.224957470724291397e-02
1.569449058527256824e+01 6.084253443141847129e-01
1.568942086153886706e+01 1.135997207603267611e+00
1.570248419675931473e+01 1.648715749606967762e+00
1.569631987729215439e+01 2.191092451132913510e+00
1.565980681705883271e+01 2.716836342448196717e+00
1.564469228580741245e+01 3.260228439790317623e+00
1.569267115825062220e+01 3.781574987906406449e+00
1.628799390422776128e+01 -4.179691726084714176e+00
1.626226074698280399e+01 -3.641193635867487899e+00
1.625896694453420821e+01 -3.109067889217927316e+00
1.626934640950603850e+01 -2.579211569683451444e+00
1.625803726238860136e+01 -2.040930606038966033e+00
1.624689662598266793e+01 -1.517439736148066487e+00
1.623279940211192951e+01 -9.870187210971863578e-01
1.622979117648104719e+01 -4.689046715089553174e-01
1.621937320809943728e+01 8.479834202501024265e-02
1.621917662982787434e+01 6.098739738473426542e-01
1.620359030124967603e+01 1.141763072306186899e+00
1.624247266993801375e+01 1.672568076481667276e+00
1.624758663267723335e+01 2.174404442534921600e+00
1.622351750679189308e+01 2.719012495233510407e+00
1.621112673678488747e+01 3.253486334435535809e+00
1.623073947902291891e+01 3.789205520280152228e+00
1.681104791688413869e+01 -4.164566088696666668e+00
1.680125723611235955e+01 -3.625481076117361923e+00
1.679972966972105652e+01 -3.094897473378527053e+00
1.678907785192983226e+01 -2.589374454173064777e+00
1.677182163588307162e+01 -2.044547278179500438e+00
1.678225727418991298e+01 -1.520479764927809896e+00
1.677776785083221611e+01 -9.784111511756030666e-01
1.677232271768122729e+01 -4.498426268261326300e-01
1.675864435028452348e+01 8.993959419491304175e-02
1.676009582435290923e+01 6.134507021961681517e-01
1.674645566714893619e+01 1.134113609894100705e+00
1.677512600461601622e+01 1.662295716295698611e+00
1.673896532400102899e+01 2.189922560320727740e+00
1.674087105136298703e+01 2.738161709358966078e+00
1.674355140039230250e+01 3.262512044831520797e+00
1.675509297981924206e+01 3.793306357073028323e+00
1.734361192620324843e+01 -4.157937001781080610e+00
1.733473669029272202e+01 -3.633828489042679522e+00
1.733657169916201823e+01 -3.102876878375743885e+00
1.731818430513370544e+01 -2.562614596474784179e+00
1.734909201191083383e+01 -2.042400088784976475e+00
1.731058682843791630e+01 -1.526957359517211898e+00
1.732128290029471174e+01 -9.769529546667961029e-01
1.732089251220422454e+01 -4.513297510950557978e-01
1.731300903096459010e+01 8.757071549967321289e-02
1.728741268192429104e+01 5.914267274520135231e-01
1.729073674320786935e+01 1.147570541985967196e+00
1.730532316261955827e+01 1.666349799705596268e+00
1.729419817406540005e+01 2.199781811700152190e+00
1.727898807998568387e+01 2.744858303297750268e+00
1.728482862884328242e+01 3.261779530508228220e+00
1.728854956824751454e+01 3.789192411261598892e+00
1.789035563612576496e+01 -4.161766593055906682e+00
1.787394492797159273e+01 -3.632935248529665984e+00
1.787895544469956377e+01 -3.089171952702860935e+00
1.786780732145473394e+01 -2.582638632015225255e+00
1.786089918822562339e+01 -2.051688821914922300e+00
1.783708371809243332e+01 -1.509415836160357571e+00
1.784733053849226891e+01 -9.826836346384197896e-01
1.784967904897265356e+01 -4.498091839459625874e-01
1.784223778580996012e+01 8.350304499527538837e-02
1.784416487244208938e+01 6.076314947013550238e-01
1.783145853542651693e+01 1.151043825348811112e+00
1.782767165866452785e+01 1.649645579923227245e+00
1.783026599705025816e+01 2.198610722876189527e+00
1.782217101068308551e+01 2.729895263774391623e+00
1.783065283834833537e+01 3.271573204784960609e+00
1.782495104147141518e+01 3.804251725192891342e+00
1.842019488929502913e+01 -4.156046753230533852e+00
1.841141157910004722e+01 -3.641578839188566619e+00
1.842066567623909634e+01 -3.103409869605833649e+00
1.841415470171990876e+01 -2.565831678418234674e+00
1.840446505573876124e+01 -2.051492034616007487e+00
1.840930346246454619e+01 -1.480199514867567956e+00
1.838837585004869624e+01 -9.726367237663104959e-01
1.836994368514558573e+01 -4.502332047016111005e-01
1.837448399482770256e+01 8.799481193055669337e-02
1.837554790499168433e+01 6.034964733823926508e-01
1.837564033406650310e+01 1.146732925554243110e+00
1.836532330027977267e+01 1.674845412949260037e+00
1.836831192212145680e+01 2.191336035907863078e+00
1.836538578308046610e+01 2.731467925777330663e+00
1.835308625878111499e+01 3.269515167845476356e+00
1.836948725727925336e+01 3.782531228643350119e+00
1.895085165920705705e+01 -4.152988616726549509e+00
1.893956330347314321e+01 -3.648199594249312838e+00
1.895736621188768467e+01 -3.100511074692306579e+00
1.893715399549735068e+01 -2.586299636852199768e+00
1.894278605345636990e+01 -2.041012369383871317e+00
1.894129958828004590e+01 -1.510025605491836842e+00
1.892553956484173128e+01 -9.783112362863377598e-01
1.893560524673741696e+01 -4.562537393762156057e-01
1.891015039880954873e+01 8.460138677734363455e-02
1.889102488087226916e+01 6.219323362424198365e-01
1.889880744988435168e+01 1.137788383897650135e+00
1.890942692028999517e+01 1.670855251384342210e+00
1.890887692498514738e+01 2.210757363399505238e+00
1.890913387874613250e+01 2.708964192760976886e+00
1.892241608476964387e+01 3.196914702280135856e+00
1.890547703568151405e+01 3.776993760664016264e+00
1.949627460110193411e+01 -4.192686198494302019e+00
1.948565806228601005e+01 -3.633872525434744816e+00
1.949502651636112560e+01 -3.112184716643088933e+00
1.946704286507513970e+01 -2.585618236453466778e+00
1.946371015073077615e+01 -2.054266384695257130e+00
1.946816448481383333e+01 -1.515095686575619993e+00
1.947400178535207615e+01 -9.824646495982776173e-01
1.946644875912725325e+01 -4.467525437826864732e-01
1.945890011742048387e+01 6.777874261946337242e-02
1.946491514427252412e+01 6.087466813733435345e-01
1.945073332619707429e+01 1.143658549581989092e+00
1.944100829062547575e+01 1.673128751441890216e+00
1.943230841175284951e+01 2.208361874535729186e+00
1.945609911030964412e+01 2.733426889027935403e+00
1.945120806166061911e+01 3.284862385704865773e+00
1.944000010425139280e+01 3.780647532793970811e+00
2.000577839411027270e+01 -4.173272675242946761e+00
2.002972801152242610e+01 -3.644976598670369938e+00
2.002683537217829013e+01 -3.120814693291997344e+00
2.003070874693487013e+01 -2.587652512004311234e+00
2.000184155158274280e+01 -2.050202049344065358e+00
2.001765023501813801e+01 -1.508969467439605694e+00
2.000614749631884592e+01 -9.893135535836101724e-01
1.999336635606620050e+01 -4.450859076230031519e-01
1.999830924291384093e+01 8.295978545666926607e-02
1.999245308323824943e+01 6.126313394514539823e-01
1.998747121834744789e+01 1.127549521883675965e+00
2.000554384034598598e+01 1.617814462100014339e+00
1.998669028137548764e+01 2.213945553782597386e+00
1.998029509852106855e+01 2.724012348976067699e+00
1.998063534028904797e+01 3.274197537425870053e+00
1.997352853290183816e+01 3.766611651527302485e+00
2.057003641111525383e+01 -4.170047304559517443e+00
2.056791982780621453e+01 -3.649144048859657374e+00
2.055644902800278118e+01 -3.119293288005435372e+00
2.054835776027298522e+01 -2.587974501334358024e+00
2.054678903020616332e+01 -2.028830903543195063e+00
2.055380213109950915e+01 -1.501694521469232768e+00
2.054745058876033426e+01 -9.790383406614537876e-01
2.053928305176945202e+01 -4.428032200321005973e-01
2.054164621791966994e+01 9.039994137666340634e-02
2.052382221501181547e+01 6.055672670574487881e-01
2.051945719178768712e+01 1.132738806255673580e+00
2.053468647809296854e+01 1.666899422401844078e+00
2.053232402218394981e+01 2.204268146769567949e+00
2.051230321294658410e+01 2.727602731667477798e+00
2.051893662762854476e+01 3.274696862030229028e+00
2.053050582207214703e+01 3.794129868433859798e+00
2.111024623920310006e+01 -4.170846601012026866e+00
2.108914772194295040e+01 -3.645156099633979352e+00
2.109769544302827171e+01 -3.107543183214696469e+00
2.109712409343001838e+01 -2.569879173016779816e+00
2.107590999029348211e+01 -2.051360509302263324e+00
2.107915278987487540e+01 -1.545117267005359452e+00
2.108234941573559240e+01 -9.788565803525841602e-01
2.106456755374428269e+01 -4.567092799805436698e-01
2.108491053437240481e+01 8.548144496495879707e-02
2.105311919477699689e+01 6.191243961041230648e-01
2.108010821859773642e+01 1.170766093100965577e+00
2.107550979894440957e+01 1.671401803003760733e+00
2.107539090496076284e+01 2.205768775240525059e+00
2.107277198664735351e+01 2.740420606873897214e+00
2.106331022146289200e+01 3.271058135910497100e+00
2.106245625386279841e+01 3.801759409241523002e+00
2.164645610473755966e+01 -4.176057394168298131e+00
2.163313206373751285e+01 -3.651965236159611550e+00
2.163595573724201415e+01 -3.102765955149747512e+00
2.161685300567712176e+01 -2.542863358286673758e+00
2.160317573129703561e+01 -2.046135233655014929e+00
2.163524490606694428e+01 -1.512012479362340400e+00
2.161762603498787172e+01 -9.969165155608159523e-01
2.160819877917997900e+01 -4.554338615039519311e-01
2.161539613043463959e+01 8.529158944858039604e-02
2.160383417187776445e+01 6.105475796418247114e-01
2.161024570809095735e+01 1.146185156627431923e+00
2.160203130268133265e+01 1.673625667229241998e+00
2.160777824002628478e+01 2.209196810752587226e+00
2.159778881832674813e+01 2.754158381367922459e+00
2.160401557073385703e+01 3.269484557771694000e+00
2.159238814876303536e+01 3.804582943698186170e+00
2.219355247542206655e+01 -4.170182182648838776e+00
2.217816853467535765e+01 -3.641024669896211208e+00
2.217909341305126247e+01 -3.111128171776979201e+00
2.215936094827230107e+01 -2.575288826039255241e+00
2.215564070308420952e+01 -2.046808023803805554e+00
2.216178921239248467e+01 -1.515898362049821202e+00
2.216157450242371141e+01 -9.697710335414306826e-01
2.215130295327537624e+01 -4.454348943050732146e-01
2.216246190265472649e+01 8.902222622435829180e-02
2.214523124696138723e+01 6.036158573471652744e-01
2.213469253617877541e+01 1.138673753801132449e+00
2.212896195008597289e+01 1.675987648584520429e+00
2.215040602956954530e+01 2.237551375335925741e+00
2.215388082123541835e+01 2.738140744948520222e+00
2.213891984636434529e+01 3.262997624649020878e+00
2.212707113349362942e+01 3.792405896826803513e+00
2.272354509726037008e+01 -4.175174947990223373e+00
2.270223343481614364e+01 -3.635442379328839735e+00
2.270642519793027247e+01 -3.099383225296040933e+00
2.269943879423353650e+01 -2.571507888815180110e+00
2.270405506527976058e+01 -2.042698385899143432e+00
2.270221890691942690e+01 -1.512277700595408447e+00
2.270751012719556883e+01 -9.791290959457974452e-01
2.268933810154800312e+01 -4.416493782419195213e-01
2.268983465723502491e+01 9.104933673217985302e-02
2.269074174246279796e+01 6.045337519883915434e-01
2.269504396835804272e+01 1.146670837621879713e+00
2.267376726381942831e+01 1.687081229626773649e+00
2.268370870707447295e+01 2.235248490396713805e+00
2.269219175988040149e+01 2.749780711453386317e+00
2.266613680111014162e+01 3.258704485040940568e+00
2.265667882104800412e+01 3.787674371208716195e+00
2.324714631533556997e+01 -4.181556060530434493e+00
2.325711067465265813e+01 -3.650392281411290796e+00
2.323282201721963958e+01 -3.117184346151219643e+00
2.324197399732356928e+01 -2.579665678678665586e+00
2.325106852733571827e+01 -2.063754400989711968e+00
2.323633609435537295e+01 -1.513189065658306021e+00
2.323620885222194943e+01 -9.853792432959203040e-01
2.324924186680292593e+01 -4.755091150389709753e-01
2.323673380646450681e+01 9.445224668976948124e-02
2.321290741085943665e+01 6.091645600609432165e-01
2.320669761265760656e+01 1.139382087532094801e+00
2.320979162998070677e+01 1.691666269357465779e+00
2.322365566825187244e+01 2.225497459286430058e+00
2.321172895220779964e+01 2.751890989321253755e+00
2.322048148458037531e+01 3.253475887019348534e+00
2.321708466030641205e+01 3.786238449681427198e+00
2.378846438618241166e+01 -4.177593901323385595e+00
2.377489670343144468e+01 -3.653350766822898166e+00
2.378212227817677160e+01 -3.108999435198329664e+00
2.379509628919846165e+01 -2.577112932779026977e+00
2.378459608761767896e+01 -2.048472915819431250e+00
2.376697275123615327e+01 -1.499073052688792984e+00
2.378158876749759543e+01 -9.660977504991876685e-01
2.376567090037040941e+01 -4.454877317740049136e-01
2.375893568658516841e+01 6.918713872807558118e-02
2.376991810694660501e+01 6.063516206427479460e-01
2.374306505957801505e+01 1.134815335214042875e+00
2.374509513406033534e+01 1.704473796993177359e+00
2.373597256827822122e+01 2.212253181678736524e+00
2.374203384517752369e+01 2.737916280322416185e+00
2.374343129134440744e+01 3.277020102211572805e+00
2.373558594056483173e+01 3.795550310335286781e+00
2.431428338513480014e+01 -4.187264001668028257e+00
2.432846234491464088e+01 -3.631093299153123510e+00
2.432102288003298440e+01 -3.116590762368383949e+00
2.431396439284273470e+01 -2.577469506762621876e+00
2.430427437683511016e+01 -2.036938745525393557e+00
2.429730659968699058e+01 -1.506738722732663405e+00
2.430181997759379442e+01 -9.785832520912265409e-01
2.430006581456257919e+01 -4.518624675821527603e-01
2.430356764752303889e+01 7.764876562596612075e-02
2.429325879692868284e+01 6.138324959427414740e-01
2.429895879074636156e+01 1.137115498058005159e+00
2.429459282818877597e+01 1.680424127793394007e+00
2.427672016714889480e+01 2.213207785733558808e+00
2.430460873303984215e+01 2.720386415561776516e+00
2.428301504666256250e+01 3.259267196021109925e+00
2.428400052725756808e+01 3.798410058005341483e+00
2.486426197569640095e+01 -4.182845940322540201e+00
2.485838971104710993e+01 -3.641289247339708268e+00
2.485495630261588929e+01 -3.104832134464810878e+00
2.485026300943146538e+01 -2.588038057952456228e+00
2.484840845039634161e+01 -2.034270319806125826e+00
2.484325183573892559e+01 -1.510109193602030331e+00
2.484127007258465625e+01 -9.846075454569067631e-01
2.481890660377181490e+01 -4.534977168350557974e-01
2.481750280879727910e+01 8.991923957862013594e-02
2.482378472231986422e+01 6.172133925584084579e-01
2.482241288153213077e+01 1.126782123780966316e+00
2.482409251997192712e+01 1.673054111539560296e+00
2.487207972409442647e+01 2.205001636360229611e+00
2.484115092172560679e+01 2.740114583169017237e+00
2.482666242126686029e+01 3.279648165601990684e+00
2.480733745252160816e+01 3.788567857736648392e+00
2.537994937193891332e+01 -4.173163374525278968e+00
2.538545746354934352e+01 -3.635204109987343557e+00
2.538294880713361579e+01 -3.104777703151251345e+00
2.537607673973957390e+01 -2.598714342758288609e+00
2.538714574167308768e+01 -2.037264067925018907e+00
2.536648870731946914e+01 -1.508075431726652482e+00
2.537633695279025403e+01 -9.870914104524288746e-01
2.537942493014097778e+01 -4.452578665006967640e-01
2.537013243893458281e+01 7.761577112787421129e-02
2.536992895501660428e+01 6.118090071880004643e-01
2.537964046280200137e+01 1.143330800691181537e+00
2.536154281493087836e+01 1.676360117192984944e+00
2.536300791574387858e+01 2.206593820661499450e+00
2.538749171933491056e+01 2.735593933979057368e+00
2.535581898050870109e+01 3.267234431451196741e+00
2.534460129169500675e+01 3.800191596168836838e+00
2.593931964025829018e+01 -4.176011429557002330e+00
2.591423713513848526e+01 -3.643896456689409646e+00
2.592466707035141837e+01 -3.109415350517057419e+00
2.591941992073654433e+01 -2.582430493080330791e+00
2.591224359359498663e+01 -2.039402153732410738e+00
2.590187581056862598e+01 -1.522613743486701310e+00
2.590052101271538021e+01 -9.799562427471109061e-01
2.591200275469069680e+01 -4.444309563106401129e-01
2.591445614759592075e+01 8.388368561984194116e-02
2.590695830201551786e+01 6.075878770599274503e-01
2.590484453974747936e+01 1.141650416785012112e+00
2.590210142305715380e+01 1.679477514773484614e+00
2.591169623255090926e+01 2.214740050991863995e+00
2.590650270588072601e+01 2.731406238660117225e+00
2.591062624697367767e+01 3.262255283378966197e+00
2.591540954017151677e+01 3.795973261531475629e+00
2.648179560873524707e+01 -4.169095129668717092e+00
2.644709996244696981e+01 -3.677438002675859963e+00
2.645516655467431377e+01 -3.100732469581295447e+00
2.645296367406458415e+01 -2.585012874912106184e+00
2.645690488944502761e+01 -2.049731221283135341e+00
2.647471124762194705e+01 -1.526303383583528017e+00
2.647007638328295798e+01 -9.745232767810598773e-01
2.644206497912106357e+01 -4.391302995739749804e-01
2.645151616513909687e+01 7.940016288236151354e-02
2.642997428315901942e+01 6.168234083103669718e-01
2.643329964033247848e+01 1.132543339300166707e+00
2.645480553499962184e+01 1.685414329874621586e+00
2.644026655063840536e+01 2.212529182441059561e+00
2.642169673677341990e+01 2.723565196313778358e+00
2.641683851596559407e+01 3.259599144000215887e+00
2.642447315891660509e+01 3.807445974065895911e+00
2.699642182548733160e+01 -4.169523885784636619e+00
2.700042331216937441e+01 -3.642228486717858260e+00
2.700599370682047606e+01 -3.119093981821382755e+00
2.699733986999024893e+01 -2.584379193415795584e+00
2.699822560133704030e+01 -2.033159516369725139e+00
2.699643475906890444e+01 -1.528338256118065175e+00
2.699108854315016259e+01 -9.929750423614081001e-01
2.700949485862448540e+01 -4.382022324919034872e-01
2.698039588123208432e+01 7.040158557376940962e-02
2.698554471168753821e+01 5.933690729013036957e-01
2.699016982187213642e+01 1.132949221351776004e+00
2.697604458616682876e+01 1.675601625900821290e+00
2.696343895058866025e+01 2.219856881675038807e+00
2.697576207682909910e+01 2.754276478242221771e+00
2.697681281929837382e+01 3.258752408726092398e+00
2.696663132047652311e+01 3.803485739766923501e+00
2.752584681022657520e+01 -4.182062903701311285e+00
2.753102979963980346e+01 -3.653037128815366685e+00
2.753438322483717116e+01 -3.118784328345247658e+00
2.752798743186521335e+01 -2.573631870726028836e+00
2.754334273508186470e+01 -2.034930260725026585e+00
2.753361203619063247e+01 -1.521948473378696320e+00
2.752367210990963287e+01 -9.774901205038837304e-01
2.752927971622161607e+01 -4.409088997531007692e-01
2.751842090662202622e+01 8.714845612461274982e-02
2.751761343419610029e+01 6.200101950761300884e-01
2.753711928595767233e+01 1.161472129898115213e+00
2.752212176628678009e+01 1.669153432005249016e+00
2.751639420224272925e+01 2.213641189844285151e+00
2.751559383414549842e+01 2.718504942703390270e+00
2.750084154650157586e+01 3.258585915537967281e+00
2.750238794296832623e+01 3.812378081464395052e+00
2.806720540924916207e+01 -4.168694950232147534e+00
2.805661715187981997e+01 -3.653884572294922251e+00
2.804922573011990039e+01 -3.124014825303863319e+00
2.806461845478936112e+01 -2.581739010813276280e+00
2.805279029092545073e+01 -2.043760288665925628e+00
2.807867210625763477e+01 -1.517241753309431118e+00
2.806855372454185016e+01 -9.832718832206026605e-01
2.805498862742049226e+01 -4.528029122729009259e-01
2.805591196230577111e+01 7.977683881347985562e-02
2.805672802610302341e+01 6.171532452237826760e-01
2.806361822387908234e+01 1.153101369109013064e+00
2.804933149331156983e+01 1.678663092475080276e+00
2.803331693130905933e+01 2.217050821767205804e+00
2.804214845923549149e+01 2.746881028899835542e+00
2.804079125283124085e+01 3.275274797131562110e+00
2.803395462946290451e+01 3.807530546714126274e+00
2.859952314475052759e+01 -4.169586124645778824e+00
2.861511514289945524e+01 -3.661096500414771526e+00
2.861543151457281908e+01 -3.110450431470555444e+00
2.860263152363240380e+01 -2.564989787186231496e+00
2.859699187613053084e+01 -2.044646404782863414e+00
2.860661738177034152e+01 -1.504743170964733423e+00
2.859541586412571945e+01 -9.755136211058648144e-01
2.858780973339663944e+01 -4.494590921820780238e-01
2.859269111559156329e+01 8.441773309802513836e-02
2.859675091992487239e+01 6.393021575028505765e-01
2.859571941418502661e+01 1.153540388173471598e+00
2.858996602207472648e+01 1.660830782510455350e+00
2.858098947613019902e+01 2.196617505873611265e+00
2.859605349049844136e+01 2.737019255666453432e+00
2.859599205025267565e+01 3.281731823807252368e+00
2.858353928981683367e+01 3.825857505848407669e+00
