9.279502576239565315e+00 -4.205817692499948635e+00
9.277833815275798202e+00 -3.696420617630780114e+00
9.200357830645703672e+00 -2.667756410473970163e+00
9.227926855285424779e+00 -2.142940195300273132e+00
9.250739979216128006e+00 -1.640909486523927541e+00
9.204178449402778739e+00 -1.120385986885327867e+00
9.195442973441291912e+00 -6.283021075010886136e-01
9.124938144830625930e+00 4.217581044174636418e-01
9.152696429220135599e+00 9.627142439730320689e-01
9.104766567051143511e+00 1.476126439679497082e+00
9.170720488136254289e+00 1.995617818947149402e+00
9.137603090126773964e+00 2.555905185775731780e+00
9.080215760121610913e+00 3.009906766729816496e+00
9.048008936004453773e+00 3.475532941795069775e+00
9.883431068734235936e+00 -4.193312923541823167e+00
9.849011079083226150e+00 -3.718866162568993161e+00
9.865896878175696827e+00 -3.177352237311088956e+00
9.804679849611293463e+00 -2.151440860213586603e+00
9.767309259604832761e+00 -1.626588126253142974e+00
9.754708874027446797e+00 -1.126793313433537946e+00
9.728468529509420648e+00 -6.169123247698102830e-01
9.748462186181651390e+00 -8.954235774473318088e-02
9.748240175943145402e+00 4.703427182719401856e-01
9.718801256465237515e+00 1.459790747598308513e+00
9.713399713997183937e+00 1.993453613923108492e+00
9.714669566993357819e+00 2.503151979729771881e+00
9.688971089623791499e+00 3.030347797748003558e+00
9.666913244871000899e+00 3.548346880415994775e+00
1.043419394239840869e+01 -4.200767615549068523e+00
1.045002247345609447e+01 -3.707952403347336556e+00
1.040130709129928377e+01 -3.132190002516619387e+00
1.039579926693946987e+01 -2.674048098828951225e+00
1.037365644504318141e+01 -2.150653950576703721e+00
1.036987369636047873e+01 -1.652117410686766874e+00
1.030531258761721958e+01 -1.124673395548239085e+00
1.033006381511068383e+01 -5.781666777950817959e-01
1.033674954589915629e+01 -1.034785227980528077e-01
1.030762549633568170e+01 4.220496770471449111e-01
1.029255282362072776e+01 9.384049996902668056e-01
1.027797451030840392e+01 1.472121190134750179e+00
1.028303759690423291e+01 2.016192285150570029e+00
1.024148839740143302e+01 2.507575914335049561e+00
1.026715634615353068e+01 3.053835497325785298e+00
1.023363807214675347e+01 3.568568480502758433e+00
1.100173944139213233e+01 -4.185352586956977206e+00
1.100628064928967120e+01 -3.676820658374051476e+00
1.098970226989494847e+01 -3.175180098968445108e+00
1.097653746303677025e+01 -2.655333607710151256e+00
1.096333295480376790e+01 -2.132249160640544261e+00
1.094692250975371550e+01 -1.629678481096902942e+00
1.094102103156580696e+01 -5.879453343728151538e-01
1.092748211269429248e+01 -8.931940612554001291e-02
1.091482453227358462e+01 4.489537252926467659e-01
1.087157067074932471e+01 9.217975009249421703e-01
1.084807429831783310e+01 1.478494281939589428e+00
1.083099145714505340e+01 1.999498416166602510e+00
1.081063351970286135e+01 2.523546818175930184e+00
1.081218322215782024e+01 3.047641243548579126e+00
1.082688621893128911e+01 3.566859596868059867e+00
1.161120911734853323e+01 -4.202127479183388914e+00
1.162540554942659909e+01 -3.645322264619291985e+00
1.163215972199343540e+01 -3.062962397387829938e+00
1.156518795613051864e+01 -2.631579345638243694e+00
1.150589784689062967e+01 -2.126527107202917932e+00
1.152439347903032640e+01 -1.648087736301075523e+00
1.150932275491394208e+01 -1.110384822919161962e+00
1.147194209921569907e+01 -5.880192537612067838e-01
1.146911129619719105e+01 -4.088485685409537496e-02
1.146338400561931081e+01 4.751117126824340176e-01
1.143766620152925739e+01 9.658165160571030583e-01
1.140623379698980600e+01 1.469686911186229850e+00
1.139629236789687283e+01 2.010910677052830664e+00
1.138765702219637177e+01 2.542162441808628159e+00
1.140698496282233521e+01 3.015066789372532696e+00
1.139152297853162565e+01 3.568602348590871998e+00
1.216505399056611125e+01 -4.215572696756272109e+00
1.216396703571134097e+01 -3.942790652876398738e+00
1.217739745599169510e+01 -3.181235528245222710e+00
1.214337697323172094e+01 -2.662884792900307218e+00
1.209466035922963556e+01 -2.130115582785887085e+00
1.208659245212399469e+01 -1.641998673186442659e+00
1.206219745574090396e+01 -1.112408963627036229e+00
1.204878748668654964e+01 -5.876162328762610798e-01
1.201785767499076840e+01 -4.894224181725803646e-02
1.202824501297819282e+01 4.766237615816244499e-01
1.203728626047909245e+01 9.742921689651815598e-01
1.198715878021693371e+01 1.454465801476995779e+00
1.194410208991392253e+01 2.013194612366728364e+00
1.195945455782291589e+01 2.575727739924026594e+00
1.200506239392213814e+01 3.034238444807535018e+00
1.203779641429748892e+01 3.560944923859185707e+00
1.278278320817254610e+01 -4.196762303119511373e+00
1.274783250889942110e+01 -3.720860394156582984e+00
1.275282089052184631e+01 -3.165351839923028265e+00
1.271815030830068594e+01 -2.644843051452362204e+00
1.270285765736056760e+01 -2.122681818518490360e+00
1.266238026920131787e+01 -1.591583633798325792e+00
1.265962219534726785e+01 -1.084969845516052800e+00
1.265745992421106436e+01 -5.617063589937032475e-01
1.262062426876870447e+01 -4.085881921047374021e-02
1.263504051766685876e+01 4.701852861095510150e-01
1.257581092707071235e+01 9.732417060060711833e-01
1.259884292542184170e+01 1.505183059220968289e+00
1.258697314980644677e+01 1.981344394410143650e+00
1.258950782101394594e+01 3.057342641617658785e+00
1.257006104194306317e+01 3.568549698368212120e+00
1.339384839814385941e+01 -4.204954591940953890e+00
1.334416258465366667e+01 -3.656227345305724796e+00
1.331048221515978369e+01 -3.188991384064776113e+00
1.327117594107881260e+01 -2.632130322034125669e+00
1.324710986470833873e+01 -2.126523696392936813e+00
1.325075761394872487e+01 -1.563308019359890721e+00
1.322389557889798084e+01 -1.062249247840636457e+00
1.321342023916466246e+01 -5.512880357249798635e-01
1.317894100134716595e+01 -6.161402900220025458e-02
1.317535208053266871e+01 4.595787506135700085e-01
1.318575089269009837e+01 9.603664350390381799e-01
1.315149998383307306e+01 1.477703505877610013e+00
1.314214473683066586e+01 1.998594439038015480e+00
1.315970866031330289e+01 2.553044440559567363e+00
1.315543152411084904e+01 3.055880524249690922e+00
1.314873689425504466e+01 3.599423955861823288e+00
1.401720459843804534e+01 -4.194859428423409753e+00
1.396244183983674247e+01 -3.693555889313856255e+00
1.400840218266898418e+01 -3.193584893975712546e+00
1.388389477036705344e+01 -2.648234333838406229e+00
1.384117682405314653e+01 -2.059848888406460077e+00
1.382425567590385640e+01 -1.580758570698939991e+00
1.379786038089277511e+01 -1.066148049672968057e+00
1.379749103648736508e+01 -5.335845995680656983e-01
1.373666975169630433e+01 -5.259745713269126099e-02
1.372095201154154509e+01 4.619360291329535073e-01
1.374367883734369400e+01 9.625073082673871738e-01
1.373644578307491315e+01 1.469630211342362713e+00
1.373095659888382869e+01 2.062153920357971515e+00
1.370545094544504749e+01 2.522195332016128333e+00
1.368218645274940215e+01 3.597203494998883144e+00
1.457634407977830904e+01 -4.220193336011529794e+00
1.452270069119141027e+01 -3.684373696741015891e+00
1.448969471121452912e+01 -3.198832185285148455e+00
1.444779042886218434e+01 -2.633229028552207751e+00
1.442707117698063257e+01 -2.109643644553006681e+00
1.441755286626042221e+01 -1.604048137236116389e+00
1.444643706109306081e+01 -1.027094526701418431e+00
1.436354741056585382e+01 -5.213800479735333226e-01
1.429689965773066262e+01 -4.721140700618065011e-02
1.436132247588458100e+01 4.610867753078764508e-01
1.432308887167820188e+01 9.764498046776282081e-01
1.430865088564670273e+01 1.492101502357773057e+00
1.430447905159111954e+01 2.017651668695940259e+00
1.427392732070070736e+01 2.536717389468602590e+00
1.423939375452457412e+01 3.078502035089176303e+00
1.426692710215126425e+01 3.593665686939782944e+00
1.512499732820239373e+01 -4.191313219523861378e+00
1.506647668580213661e+01 -3.667902757833791938e+00
1.500674595171875225e+01 -3.134746422286374568e+00
1.502520987799676888e+01 -2.607647323467546130e+00
1.502762342976869547e+01 -2.073903147922148804e+00
1.497476896648760558e+01 -1.582426935540794943e+00
1.495512779238273282e+01 -1.068783203101482115e+00
1.493731478711917049e+01 -5.463861119711452830e-01
1.490465801566736559e+01 -1.298927209774092262e-04
1.489779219035202473e+01 4.834742036992594194e-01
1.488331898410939758e+01 1.019664765361842029e+00
1.516062021564734152e+01 1.568912662709141870e+00
1.481222440965996512e+01 2.003622382439814942e+00
1.484907492368246906e+01 2.551943062788378569e+00
1.482736605427336229e+01 3.087570211091382077e+00
1.482497850669784611e+01 3.638769896159374184e+00
1.565802493138706097e+01 -4.138873888116103572e+00
1.561875701492557411e+01 -3.614688957622442800e+00
1.559150334517037706e+01 -3.078660033374722715e+00
1.560320803501310749e+01 -2.588817702616452721e+00
1.559056502194546923e+01 -2.065782338993759737e+00
1.555933725030878989e+01 -1.575993542880201659e+00
1.551373327259871715e+01 -1.073908638986821984e+00
1.548716026498500753e+01 -5.418190223163605879e-01
1.547218045084435545e+01 -7.715975640238070810e-03
1.545846277898376897e+01 4.913071066757375149e-01
1.544629898884931762e+01 1.010532826521465921e+00
1.554144901220024622e+01 1.564675318651733704e+00
1.542009642605421149e+01 2.043304943888195169e+00
1.540718053911287200e+01 2.553482911180584125e+00
1.538111579643408788e+01 3.099110154930940553e+00
1.543400582799755938e+01 3.611041468689112577e+00
1.621592841428262233e+01 -4.129623759220978130e+00
1.617662249654956241e+01 -3.610570165156081757e+00
1.616954681943673222e+01 -3.093738486823497169e+00
1.614959403892665080e+01 -2.581695752988537151e+00
1.613556811795126578e+01 -2.060258061520723771e+00
1.609670639670063252e+01 -1.597214665088234398e+00
1.608164925320858174e+01 -1.043023087171000896e+00
1.613845783181764659e+01 -5.140364783517696878e-01
1.608603356074242896e+01 6.064474311813228269e-03
1.601771742918226948e+01 4.805736884482953997e-01
1.601585899933034085e+01 1.014172164504650198e+00
1.604116060256373899e+01 1.543370518848171002e+00
1.601663240762502483e+01 2.062564894304280472e+00
1.598988200450703445e+01 2.606440401483926195e+00
1.598397922533093762e+01 3.087703873788314013e+00
1.597521211719051237e+01 3.633117322156429907e+00
1.682249533092182858e+01 -4.131415824130055370e+00
1.677872805237597120e+01 -3.610839628095680709e+00
1.675884724954803673e+01 -3.069997402213781257e+00
1.674946609907762252e+01 -2.619422183845578900e+00
1.672701115984106579e+01 -2.103604036032436397e+00
1.664811402734186530e+01 -1.566038761805142343e+00
1.664811865333013330e+01 -1.047508992308490150e+00
1.665472651287799621e+01 -5.158868548090573825e-01
1.664688785007540517e+01 9.136719575408847049e-03
1.666098639891763611e+01 5.066686022456146077e-01
1.658411794112668503e+01 1.037509324310597947e+00
1.657601245337103180e+01 1.542296318832875102e+00
1.658146296001566000e+01 2.081365035330897229e+00
1.657192659396075740e+01 2.589905529723893096e+00
1.655344674660488735e+01 3.116122089309598664e+00
1.656018970964935377e+01 3.652169330389138935e+00
1.736039671627559144e+01 -4.102952649387491491e+00
1.732874858299533116e+01 -3.614947035687620769e+00
1.732735518661993268e+01 -3.088193769860785309e+00
1.730378715704893366e+01 -2.566281101546820764e+00
1.726730685520301734e+01 -2.096894243619384923e+00
1.725274011450771638e+01 -1.532219042380155827e+00
1.723594403526805863e+01 -1.032386470551919899e+00
1.717685211733272865e+01 -5.290898960498573445e-01
1.718311627262380981e+01 -1.034198130961172524e-02
1.719137838698042131e+01 5.029742159813075375e-01
1.718354757791232146e+01 1.038722895972863824e+00
1.713654469317120999e+01 1.526285429575136021e+00
1.712432713357909009e+01 2.064859816339872367e+00
1.712894927497038111e+01 2.608467941497423226e+00
1.710617227441876764e+01 3.105343417365190817e+00
1.721376999118206541e+01 3.564599618018952754e+00
1.788503178269277427e+01 -4.116288479797749034e+00
1.788128080926574270e+01 -3.620277652580819350e+00
1.788343861880752783e+01 -3.079298699795760541e+00
1.784643719932043737e+01 -2.601162518947827351e+00
1.786127527159406370e+01 -2.074244646062592068e+00
1.784650668834499854e+01 -1.537447768499962564e+00
1.779171163075191231e+01 -1.061106172893552468e+00
1.780555471852253291e+01 -5.235080396112401502e-01
1.774334137856837046e+01 -1.120590687797573537e-04
1.773914271068960247e+01 5.248322716820865708e-01
1.773062152983961681e+01 1.059044168765794325e+00
1.772187229934189645e+01 1.565257959684920763e+00
1.770460927431331299e+01 2.094565932702025179e+00
1.769473428000253179e+01 2.561354754769229913e+00
1.782851633862919627e+01 2.929509465045146754e+00
1.774415231600188037e+01 3.556109932881472702e+00
1.851651722245486553e+01 -4.136052006294610450e+00
1.846968798470075868e+01 -3.618741868206521772e+00
1.844577275556035190e+01 -3.105956799045861416e+00
1.843132301368470394e+01 -2.606874881638809427e+00
1.837636350585254874e+01 -2.083005596423827654e+00
1.838230968324361925e+01 -1.554266362093411402e+00
1.839305691731155079e+01 -1.025195810757949744e+00
1.835715238111856351e+01 -5.127878005981258980e-01
1.832575438095303610e+01 -7.388270937557450679e-03
1.834388463065682018e+01 5.315191010637292379e-01
1.831019150635431458e+01 1.024858433690734927e+00
1.826890655304415390e+01 1.570320249808347057e+00
1.826263833794218883e+01 2.072030972646999203e+00
1.828457980380477110e+01 2.582430451958920514e+00
1.829960457643514715e+01 3.156319072768756229e+00
1.828048421076133323e+01 3.605351538412993051e+00
1.902465818351896587e+01 -4.139165756760245785e+00
1.905033166845116099e+01 -3.632458478993532580e+00
1.903896368026390817e+01 -3.107986441179427572e+00
1.904870099736732314e+01 -2.580431126267676234e+00
1.896160631837102173e+01 -2.094255011455732784e+00
1.896135924087986524e+01 -1.535281249384361502e+00
1.895878557405316300e+01 -1.023051415039294199e+00
1.891688073628040101e+01 -5.115336682912534627e-01
1.891502396154105980e+01 1.864653720943820758e-02
1.890534004754576003e+01 5.336755217131070594e-01
1.889364249695502807e+01 1.036474084993667333e+00
1.890746072832203595e+01 1.516782409939505527e+00
1.886773616952952537e+01 2.074163657698992580e+00
1.883690626583014449e+01 2.570356873507442685e+00
1.884098173477331883e+01 3.132544491940773668e+00
1.881979934787129594e+01 3.600721950753360545e+00
1.961917808378579764e+01 -4.138271218057242962e+00
1.959609059559755195e+01 -3.625106529174956904e+00
1.958683934868732734e+01 -3.107718003883972457e+00
1.954818443721594079e+01 -2.582082329256639497e+00
1.953820939188125294e+01 -2.023665762000895540e+00
1.953844398436415020e+01 -1.527068994527116530e+00
1.952586302725951128e+01 -1.020315928465361566e+00
1.951118266299712900e+01 -5.005354253796774344e-01
1.949216716245624070e+01 2.372350751894458654e-02
1.945789218650446628e+01 5.300453334877985867e-01
1.945244860284979538e+01 1.043636848071841428e+00
1.945600503692868344e+01 1.538289045835082192e+00
1.945405242845991367e+01 2.067534954046909235e+00
1.941920837550609846e+01 2.588110526332339845e+00
1.942123424221676942e+01 3.148760454339335269e+00
1.940550205483899404e+01 3.652849184844210839e+00
2.019576973902269401e+01 -4.138157287780256155e+00
2.014317939226307175e+01 -3.611612474837309961e+00
2.013924573958885134e+01 -3.080329489063267090e+00
2.014871050529222174e+01 -2.562587250699273511e+00
2.007854834765659291e+01 -2.063858588869969424e+00
2.006690154246383884e+01 -1.573177982614765824e+00
2.006850133001593406e+01 -1.022113803110343611e+00
2.002878796533665451e+01 -5.032434599484254534e-01
2.004395812461533666e+01 3.658503419449132821e-02
2.002399059997437547e+01 5.512318311956505568e-01
2.004459437301052560e+01 1.093792254089617444e+00
2.003250464795539898e+01 1.564504910559410433e+00
2.002775848371090461e+01 2.088336579699983986e+00
2.000079523623880107e+01 2.623595628479510111e+00
1.999319311032392221e+01 3.138490625982651494e+00
1.998487416819963869e+01 3.656851309816378404e+00
2.075950913498417805e+01 -4.133947618371889732e+00
2.070916775955905109e+01 -3.598501977920706807e+00
2.072778021557779482e+01 -3.108889897457565610e+00
2.067073018779895932e+01 -2.560924680860452440e+00
2.070888459213984589e+01 -2.050529076131240913e+00
2.065748532150546879e+01 -1.521205126924613182e+00
2.060769327128845418e+01 -1.025057799049406526e+00
2.060683748812942895e+01 -5.052339808213837102e-01
2.060691329165302932e+01 3.125651054719114086e-02
2.059966537175737500e+01 5.445678217470977245e-01
2.060647469718286828e+01 1.060046204217144350e+00
2.058493104510995408e+01 1.569462142991728371e+00
2.058587611661854311e+01 2.099485231725097378e+00
2.056909949276464289e+01 2.638405527694633435e+00
2.055726236250175276e+01 3.144740774703620900e+00
2.054984849782840683e+01 3.658981926138391572e+00
2.132927298902728097e+01 -4.112384976793119762e+00
2.128627396795362614e+01 -3.586204015531002653e+00
2.128199727569844413e+01 -3.075372354563793209e+00
2.122899099964288894e+01 -2.559205947217641608e+00
2.123275661540581183e+01 -2.057969252467476196e+00
2.122639669928057060e+01 -1.537990522931796278e+00
2.122196017923907618e+01 -9.944260801200748290e-01
2.119851469559690571e+01 -4.922047290581765822e-01
2.118754688583525336e+01 1.963501739809458968e-02
2.114417806403348976e+01 5.267523975953771753e-01
2.114365805822074407e+01 1.050432853821185120e+00
2.114776405460556674e+01 1.592682845965057936e+00
2.114660269377235124e+01 2.153889654152319366e+00
2.110863531311299823e+01 2.435601254211480438e+00
2.113489272734531710e+01 3.090065993120287402e+00
2.110069424533222815e+01 3.655583667568443218e+00
2.188671345756223729e+01 -4.129716745465367822e+00
2.186755668037839229e+01 -3.606108879380077070e+00
2.183164514699465997e+01 -3.061300468794357243e+00
2.181033999057954986e+01 -2.555514624107676269e+00
2.179050410435250029e+01 -2.050190529182724930e+00
2.177705299392339811e+01 -1.529870619222588601e+00
2.180787462377256958e+01 -9.997249022151173392e-01
2.173466582369149336e+01 -4.798013427092833183e-01
2.175010294249846510e+01 5.014723036681800750e-02
2.173912449802242008e+01 5.269739358564535792e-01
2.174370945116754683e+01 1.075813536330645803e+00
2.172654799840731954e+01 1.614681956725416256e+00
2.172625609532254742e+01 2.162496470764772027e+00
2.173505873826889712e+01 2.590593003709162900e+00
2.169517771906980386e+01 3.121681057652800462e+00
2.168187359076687670e+01 3.656613248251765924e+00
2.243367105911201520e+01 -4.118694734351706188e+00
2.243907706339363273e+01 -3.599523406110900936e+00
2.238093821156618901e+01 -3.091710799961164824e+00
2.238772188808500374e+01 -2.557354423909099950e+00
2.238009179560143025e+01 -2.027206850528006754e+00
2.234997331881381655e+01 -1.541437739121676032e+00
2.233519346691219454e+01 -1.003186738167521241e+00
2.235223747211862388e+01 -4.924134358141181167e-01
2.232290167176901718e+01 6.945658530502285544e-02
2.229515217180142628e+01 5.535636549742122270e-01
2.228373640263912137e+01 1.071655370439934529e+00
2.228156389730513354e+01 1.592777280388091299e+00
2.230178955695657095e+01 2.149172197386782557e+00
2.226797159923426506e+01 2.670885822160503409e+00
2.227618794536686408e+01 3.163144710315968666e+00
2.226440369575041700e+01 3.671020872090345222e+00
2.298922036725632267e+01 -4.110676333806315697e+00
2.298351485281896345e+01 -3.574202907629153714e+00
2.294320730173520673e+01 -3.058857799041790670e+00
2.294951208766737238e+01 -2.532669929825843269e+00
2.292963080493899497e+01 -2.034281017216109433e+00
2.289177537775367455e+01 -1.503147229737475499e+00
2.287590277004132133e+01 -9.745025928329518194e-01
2.288339084709664206e+01 -4.659807236570401301e-01
2.287244351726504732e+01 3.034592999772200983e-02
2.286348449831611163e+01 5.509882443590754519e-01
2.282824295426548389e+01 1.079992623694064235e+00
2.282930238465552009e+01 1.637118637512674724e+00
2.280777338155649403e+01 2.132341657658848533e+00
2.281026149633115807e+01 2.649789724788394807e+00
2.281826469094544763e+01 3.197185125912870518e+00
2.280566572972912098e+01 3.659528634073524245e+00
2.350406394884878125e+01 -4.140851846614214793e+00
2.353277012000481250e+01 -3.565755699352145314e+00
2.350928714899580996e+01 -3.071882493566540973e+00
2.350617442239433785e+01 -2.506974926721209584e+00
2.346665002707477043e+01 -2.007455460967431549e+00
2.346809828526287589e+01 -1.506050113134723034e+00
2.344795555948716270e+01 -9.872200038084493201e-01
2.342716313601325595e+01 -4.555860629006183160e-01
2.345507222269684888e+01 5.855949557054174193e-02
2.340861565019056911e+01 5.486895626827568151e-01
2.342485016489368377e+01 1.065703260874297342e+00
2.341406854061057174e+01 1.626667873501865813e+00
2.340024642672609900e+01 2.148469425849210523e+00
2.342589557152438573e+01 2.622933982761683325e+00
2.337419263583743145e+01 3.168551008301307093e+00
2.340584372747694175e+01 3.671130404373027289e+00
2.412564731829369435e+01 -4.107272648341890431e+00
2.408392310653998436e+01 -3.539129625685733416e+00
2.406457189846636169e+01 -3.093367134076121516e+00
2.403884765055639861e+01 -2.537432371056663527e+00
2.402511003607553164e+01 -2.006782122573017801e+00
2.401008956041466291e+01 -1.501323414691071889e+00
2.400431930314077533e+01 -9.817632390856267932e-01
2.396867640308201430e+01 -4.469295867281566359e-01
2.398099471241731351e+01 8.764498438090129184e-02
2.398544408319987298e+01 5.687316143113321232e-01
2.397013090773958766e+01 1.062371027801535917e+00
2.397199289113798670e+01 1.603876026239838382e+00
2.395796318168784467e+01 2.140578610560204709e+00
2.399049517295857470e+01 2.667480634333493583e+00
2.395456298842694309e+01 3.193004429639302089e+00
2.394010126748576539e+01 3.700387610733759658e+00
2.462869704966224305e+01 -4.121219505329763777e+00
2.465672581152261955e+01 -3.569646237486395535e+00
2.464163913354563817e+01 -3.049496397480332632e+00
2.461455337780042640e+01 -2.539531755848074113e+00
2.462178698991186110e+01 -1.971642679296991219e+00
2.458003249506253951e+01 -1.487899052330870830e+00
2.458385903479867807e+01 -9.625846400152653359e-01
2.456954874059825045e+01 -4.349204280080236629e-01
2.456498669256023248e+01 5.240003522418845705e-02
2.455656488905240309e+01 5.734130149198932713e-01
2.456026040648966102e+01 1.102391092719752663e+00
2.453845399565058472e+01 1.634808200255843502e+00
2.452070335263699263e+01 2.172354109285109303e+00
2.458029099592427968e+01 2.663502638574499315e+00
2.453180232878643352e+01 3.139671137584837624e+00
2.452038513327439517e+01 3.672778437872342039e+00
2.524015678780931893e+01 -4.104561816516449468e+00
2.520439295507554078e+01 -3.570956414172709259e+00
2.522378522237526965e+01 -3.042792291928886783e+00
2.517538142333604867e+01 -2.533855502716651387e+00
2.518027085376930074e+01 -1.992623057784665974e+00
2.513706959300769483e+01 -1.485106223081587018e+00
2.511126428988149684e+01 -9.611274838725805125e-01
2.513363909418774256e+01 -4.534802456176301177e-01
2.513905717153163266e+01 6.588892086557152084e-02
2.510892901663049059e+01 5.959452644923324272e-01
2.508428277488167168e+01 1.098247289864467291e+00
2.509968561165053558e+01 1.629504936850551644e+00
2.510582469210459777e+01 2.168509900803265111e+00
2.511207539860785687e+01 2.651833652832948474e+00
2.513969255079744158e+01 3.143559516980097612e+00
2.509459905339527097e+01 3.689279136482742416e+00
2.580873137717027532e+01 -4.080484856637587754e+00
2.543488896282454448e+01 -3.621730952315017404e+00
2.575591037052735999e+01 -3.019819036823928826e+00
2.571667094186528857e+01 -2.506362715267293595e+00
2.575372805706240342e+01 -2.012528050958191983e+00
2.576613952779004535e+01 -1.483656223445116495e+00
2.573991077625894519e+01 -9.475477377958085867e-01
2.570484286050636058e+01 -3.928114797738082586e-01
2.567442212342208308e+01 4.069666598672228019e-02
2.566824237468011916e+01 5.943361995195779457e-01
2.565527920234072923e+01 1.093665490710282739e+00
2.565348544795369179e+01 1.631335147687043019e+00
2.565330856998243547e+01 2.161041648736151899e+00
2.565824767770289583e+01 2.654529542875593506e+00
2.568406572505481478e+01 3.127817281442315078e+00
2.562919996722068561e+01 3.701522956574365253e+00
2.633531048037158939e+01 -4.118976538394027997e+00
2.633184017177244840e+01 -3.570530245777170819e+00
2.635319700350863314e+01 -3.052685819628639052e+00
2.627279152453318289e+01 -2.509155176108706087e+00
2.632317827447030112e+01 -1.993860119389118779e+00
2.630580748153111870e+01 -1.487469375238024583e+00
2.628275017685707837e+01 -9.650992524033057407e-01
2.629314956640096312e+01 -4.105064058249183745e-01
2.627611257856067795e+01 7.857292922401981627e-02
2.627792340508565161e+01 6.171611992924539436e-01
2.626428488188594912e+01 1.117621734503373432e+00
2.624045915467398515e+01 1.633854669573167939e+00
2.623630075110421700e+01 2.164641306227220952e+00
2.620325317505850649e+01 2.650178184012510485e+00
2.633571153954972033e+01 3.067067751048771385e+00
2.622330454669842226e+01 3.697911934910987242e+00
2.686875760244031142e+01 -4.096200821655456181e+00
2.687395809020303261e+01 -3.561322625484672599e+00
2.688647079703532228e+01 -3.037123154385398038e+00
2.687093869348241526e+01 -2.508337264972357872e+00
2.690013653601334198e+01 -1.997181673900325194e+00
2.688123288477114414e+01 -1.498163495922661070e+00
2.687222706546423012e+01 -9.753683934902070973e-01
2.687254720312984801e+01 -4.304993137044093032e-01
2.683343475023964686e+01 8.327716485875669150e-02
2.681206302117944773e+01 6.105418783974698727e-01
2.682677541400901333e+01 1.181796056497603331e+00
2.684051774516620981e+01 1.632393554545558345e+00
2.685452499889533584e+01 2.161808288174739801e+00
2.683738073575975136e+01 2.651758742094379784e+00
2.677479849709919790e+01 3.159958422554211666e+00
2.676773159000777014e+01 3.716699775479746393e+00
2.745061489374850794e+01 -4.078137118927855909e+00
2.741067874543640670e+01 -3.561720193293105297e+00
2.740168337241209429e+01 -3.046661570822848830e+00
2.746551786501906633e+01 -2.520699863461974388e+00
2.742882947599645860e+01 -1.976639680600392524e+00
2.744485531698529712e+01 -1.500991195901665520e+00
2.741852403787698478e+01 -9.443033074594247012e-01
2.740540666190570818e+01 -4.172375318726544435e-01
2.741586774236800750e+01 8.941420434044289323e-02
2.740533814827673353e+01 6.236669608906488804e-01
2.740216605429316132e+01 1.130848982439655259e+00
2.734911166422374151e+01 1.633625064192962384e+00
2.736327959022496259e+01 2.164154108282584588e+00
2.736391312431997846e+01 2.670556257016098556e+00
2.734224121295270038e+01 3.191448019616039744e+00
2.732609383052796659e+01 3.709451132945961405e+00
2.799009544667945448e+01 -4.078640060920804444e+00
2.802061938751800341e+01 -3.566117111935437123e+00
2.800674140358093922e+01 -3.035173933774791166e+00
2.797731555727180108e+01 -2.494030007672993321e+00
2.798535318885807754e+01 -1.998334436105796641e+00
2.799468654435930404e+01 -1.461713246818465706e+00
2.798497470779184937e+01 -9.439372955324358827e-01
2.795520350841309920e+01 -4.477537147105721260e-01
2.794268761839682469e+01 9.752982850394786851e-02
2.795409381373848845e+01 6.430398190860060481e-01
2.796867507423670673e+01 1.152699154886303035e+00
2.794570927127139726e+01 1.626901671670896832e+00
2.792697898017371472e+01 2.159831844019869607e+00
2.793348915887013817e+01 2.689824976250857702e+00
2.793772032420403661e+01 3.217866871403135320e+00
2.793386893577129371e+01 3.769964254501484646e+00
