1.054737862838677742e+01 -4.127759158502225745e+00
1.054054287414188806e+01 -3.609227149497725051e+00
1.049996856889184471e+01 -2.597389758469304866e+00
1.050248004223685427e+01 -2.048871749971016953e+00
1.051483084756371156e+01 -1.535444583096648330e+00
1.049761948622799679e+01 -1.018713563857762239e+00
1.047973701520201928e+01 -5.170403946023327535e-01
1.042690846042447106e+01 5.685048966618815314e-01
1.046097585751891046e+01 1.108662716944390780e+00
1.044097909966561133e+01 1.617536426307481179e+00
1.045059919769798995e+01 2.125057867650074428e+00
1.043451488968815610e+01 2.663482555366947224e+00
1.040318148453991753e+01 3.181377261401017620e+00
1.041635320971449730e+01 3.709598325086037818e+00
1.110506862545085838e+01 -4.139940516228177714e+00
1.107478424709579556e+01 -3.659888820682910548e+00
1.107679805067022372e+01 -3.110112493181519611e+00
1.105913659923968595e+01 -2.050890435905767362e+00
1.103051520648657302e+01 -1.533083202546237089e+00
1.102034874807451104e+01 -1.015272428138214167e+00
1.098705709375116513e+01 -4.895627222150586988e-01
1.099847819338983612e+01 2.267596628446000295e-02
1.100052512150713824e+01 5.815730112286274789e-01
1.098505743813741020e+01 1.608861913315507763e+00
1.096538883834910649e+01 2.152531432726696892e+00
1.098031517483060426e+01 2.655690641419731435e+00
1.096616996663939148e+01 3.209127975130183330e+00
1.093233985914566020e+01 3.714622806589073178e+00
1.162371081881278201e+01 -4.132398595046872458e+00
1.165312471319777643e+01 -3.634334204377255517e+00
1.161108218673559023e+01 -3.084230326420577484e+00
1.161557521791916159e+01 -2.575409112745610685e+00
1.159235541502215483e+01 -2.065412665055479380e+00
1.158405878444315817e+01 -1.545443593385389391e+00
1.156771940397345588e+01 -1.010381968878430570e+00
1.157367553233216384e+01 -4.884586067583036595e-01
1.154666515996995102e+01 3.123621642086504835e-02
1.155218559103863285e+01 5.427071299257448800e-01
1.153574177418285629e+01 1.074048845129915719e+00
1.152057607673462059e+01 1.627102201677551818e+00
1.151938378761657944e+01 2.153113680941316943e+00
1.150422264167302799e+01 2.659588187609152499e+00
1.151439782117331845e+01 3.208077270255593305e+00
1.148896852324278228e+01 3.725760027979895028e+00
1.216851439513404287e+01 -4.126951297530130347e+00
1.218583230793947436e+01 -3.617104537925563079e+00
1.216196015550152865e+01 -3.096681237117925534e+00
1.216853009089786397e+01 -2.567252054409280504e+00
1.215686587144021047e+01 -2.043938989165738462e+00
1.213213416459272054e+01 -1.531112906391893347e+00
1.212708938029250660e+01 -4.771616594230856379e-01
1.209850036455813793e+01 4.877717067711628829e-02
1.212340290127332665e+01 5.931412413806498307e-01
1.211047736262866081e+01 1.080120982272049446e+00
1.208213439499606423e+01 1.644418558840300193e+00
1.207003288745607961e+01 2.148613256797119675e+00
1.205150765594393647e+01 2.671934266942258773e+00
1.205775328070262731e+01 3.205395918195037552e+00
1.206721049741382146e+01 3.723558979631704347e+00
1.273340504947729457e+01 -4.143918696181849270e+00
1.272564628695367617e+01 -3.602393556552028642e+00
1.270652138251728047e+01 -3.047815158331612650e+00
1.272228810348771333e+01 -2.569758465542712145e+00
1.269789375518739760e+01 -2.035285661564468995e+00
1.269126461047805776e+01 -1.546089203296052261e+00
1.268599532583746736e+01 -9.893900231234873388e-01
1.266007185397988621e+01 -4.738729434041601962e-01
1.265861770306208811e+01 7.864266938147679298e-02
1.266376060586991770e+01 5.973841444473002582e-01
1.263817394428819796e+01 1.109806211948598076e+00
1.260138587476795990e+01 1.603726168122729945e+00
1.260874642929857714e+01 2.157400824442841980e+00
1.261716879708234629e+01 2.681657698643491017e+00
1.261416537828351636e+01 3.194977234893453755e+00
1.262610817652472761e+01 3.718173885780810650e+00
1.327474450611560997e+01 -4.165191339725522468e+00
1.323192355984960500e+01 -3.659874491343389380e+00
1.328771171038273025e+01 -3.106973350235048059e+00
1.327275217882677438e+01 -2.564526191430747559e+00
1.323157079002468350e+01 -2.048586099442402997e+00
1.325152349888286452e+01 -1.544933367307386618e+00
1.323506802411484884e+01 -9.935012956195450329e-01
1.322862469581698619e+01 -5.060994688286157839e-01
1.318894027280060399e+01 6.432425718954348781e-02
1.321285669092906900e+01 6.014961947085772920e-01
1.321668329444676715e+01 1.111265504593770714e+00
1.317969916060454594e+01 1.583882457184522252e+00
1.315390283231174706e+01 2.149073390169686348e+00
1.318232766776293730e+01 2.714514136380770992e+00
1.318817051511406646e+01 3.201397826503946220e+00
1.318603275749561021e+01 3.740519566721452804e+00
1.385488522820667612e+01 -4.156712118538802514e+00
1.383037961937549198e+01 -3.643942800772009605e+00
1.383686235823414634e+01 -3.096925007594393264e+00
1.381647837353348152e+01 -2.568919889769290421e+00
1.381161257880708249e+01 -2.040532211231518289e+00
1.379427915420595241e+01 -1.505260135268756017e+00
1.379754667750504282e+01 -9.752867366439055274e-01
1.380203335003666254e+01 -4.427617052726446900e-01
1.377334383810637419e+01 5.206932601662117577e-02
1.376272376983453327e+01 5.930872071878425800e-01
1.374292450231268248e+01 1.098873575542668846e+00
1.376051915451226648e+01 1.625349880683785386e+00
1.372543895568375305e+01 2.139003196182326150e+00
1.373561819170802067e+01 3.224906168830255382e+00
1.372726152708199621e+01 3.758477880647369318e+00
1.442439393707499917e+01 -4.135382868654158273e+00
1.440563579496764035e+01 -3.613753275907527041e+00
1.438312672904485723e+01 -3.102962649302480003e+00
1.434267799516824482e+01 -2.572469262415594926e+00
1.435167664280469069e+01 -2.043710718669380810e+00
1.436130896998713169e+01 -1.490425489344506360e+00
1.434845666113591278e+01 -9.699691907952825431e-01
1.432184461846239643e+01 -4.422651163653199546e-01
1.429801313689277720e+01 6.254058104159199161e-02
1.430304995780082677e+01 5.799636539244801270e-01
1.429889970906919672e+01 1.109353577517129708e+00
1.426931750023889123e+01 1.622054643395113516e+00
1.426272454813448931e+01 2.147714619664910174e+00
1.431059146884000199e+01 2.693139496598242033e+00
1.424143736935752713e+01 3.209997831306786509e+00
1.429988828853548810e+01 3.772975094978988864e+00
1.499049379564749529e+01 -4.145780137142343946e+00
1.494198061048181714e+01 -3.616032385537717886e+00
1.494471207095207888e+01 -3.108452230247904069e+00
1.491443181636552140e+01 -2.564688795491871787e+00
1.489804060867840363e+01 -2.009713610675664341e+00
1.489576495904454845e+01 -1.505081837402929779e+00
1.488717131548006023e+01 -9.936364052727277851e-01
1.487034374592802877e+01 -4.410004028539411536e-01
1.485663558330249856e+01 6.405141164223238093e-02
1.484069292594164224e+01 5.758503902725884416e-01
1.483858496433394691e+01 1.101063643443858098e+00
1.482445512288047951e+01 1.639273031919604051e+00
1.481747485830967648e+01 2.185690435361404838e+00
1.482284497605703422e+01 2.678733740224206628e+00
1.478449165605188043e+01 3.741938539544111819e+00
1.553159911796625536e+01 -4.160064233887711183e+00
1.549171135621148920e+01 -3.640882608641373253e+00
1.547766123365408930e+01 -3.111698634353530224e+00
1.546339104577662482e+01 -2.560774536771351251e+00
1.544683266766458374e+01 -2.046249962889316265e+00
1.544456571844881410e+01 -1.530400565800487556e+00
1.545141962901139365e+01 -9.731677998851004929e-01
1.540458028067219942e+01 -4.377516467566486824e-01
1.539831142537249420e+01 6.079116909787174450e-02
1.541470821754464282e+01 5.946525604785932728e-01
1.539954266516489767e+01 1.113828681226031847e+00
1.540836667652495606e+01 1.625145824867367139e+00
1.539806407394258159e+01 2.163414292144452133e+00
1.534847814401232924e+01 2.680727988611796064e+00
1.531545169192149913e+01 3.225108144322963000e+00
1.538790132117578580e+01 3.743165593028596305e+00
1.606843089481892761e+01 -4.156515852556021073e+00
1.603338249171878616e+01 -3.606858846438690591e+00
1.601556344545416266e+01 -3.085247509302892155e+00
1.602963825530295594e+01 -2.554325545049579205e+00
1.601463218630635055e+01 -2.018340543061327708e+00
1.599192856211964653e+01 -1.504446591243524978e+00
1.596378682798950877e+01 -9.786037215806082656e-01
1.595842984760674099e+01 -4.693731152940046059e-01
1.595083526225490900e+01 6.580131342113304527e-02
1.593812394843796554e+01 6.050942959513108121e-01
1.591774948544941992e+01 1.133718025574047772e+00
1.595937806998161790e+01 1.659577622829623067e+00
1.596399566613882470e+01 2.144300421517900901e+00
1.591051072698319047e+01 2.689516892008768423e+00
1.590189808021192874e+01 3.220763188288451317e+00
1.591851581742291799e+01 3.771743789333825703e+00
1.659381666635535524e+01 -4.117793618112846943e+00
1.657811012509340642e+01 -3.588635147098823808e+00
1.657272014461557319e+01 -3.065761994987971306e+00
1.655223631040769661e+01 -2.558106294108867473e+00
1.653513320840055201e+01 -2.028164449081312881e+00
1.653567842269280419e+01 -1.517400764966605919e+00
1.651370992202488708e+01 -9.628723395798353124e-01
1.651385222236595496e+01 -4.394063391188787193e-01
1.648870385329034605e+01 8.578442724719792523e-02
1.648472472090288932e+01 6.068425034435769305e-01
1.646550343766097768e+01 1.116267105843419927e+00
1.649114939402405255e+01 1.655255561562086086e+00
1.645075430483415602e+01 2.161763920447750564e+00
1.644712265562269593e+01 2.718669695106054718e+00
1.643636387138943888e+01 3.237330027095445928e+00
1.646255747865599517e+01 3.756177200437633701e+00
1.713469079443992982e+01 -4.113368406316210368e+00
1.711344628042628102e+01 -3.594922133496201155e+00
1.710553519132369971e+01 -3.065430098021833416e+00
1.710011985767120635e+01 -2.532474661505016655e+00
1.710983394195824303e+01 -2.019225380296454375e+00
1.706435393947428381e+01 -1.517561308382806118e+00
1.707255976975377365e+01 -9.661423119532663861e-01
1.707573166993207536e+01 -4.486025718148560770e-01
1.705821003468119912e+01 8.748681510930822469e-02
1.701933905403793901e+01 5.842964511276598216e-01
1.702018299854603711e+01 1.133064728246186093e+00
1.703617077679015779e+01 1.648204091676486627e+00
1.701324278113665400e+01 2.181299053153104239e+00
1.699386044083066594e+01 2.724623449039942358e+00
1.700140821425854654e+01 3.233297093802708133e+00
1.700089644838518765e+01 3.763429407000405291e+00
1.769569281421592066e+01 -4.118611442729305239e+00
1.766800203876148601e+01 -3.587902660357743301e+00
1.766518127794347137e+01 -3.050907389257039526e+00
1.764909184896004390e+01 -2.563363214278496116e+00
1.763259952260417407e+01 -2.036724755493075634e+00
1.759287681814507209e+01 -1.494541359323388718e+00
1.760258432236473070e+01 -9.710581743867265914e-01
1.760428201560606709e+01 -4.413920600003322647e-01
1.758896230545261830e+01 8.420202857612224534e-02
1.758773400736180648e+01 6.018375034233542920e-01
1.756780821626637845e+01 1.146886395793231372e+00
1.755449973874711134e+01 1.626532330558017492e+00
1.755657659365490986e+01 2.184792864050507433e+00
1.755153218380006663e+01 2.711632550384305063e+00
1.755104767476377603e+01 3.247714036676200067e+00
1.754639255583770563e+01 3.782771791838584363e+00
1.822151584356679521e+01 -4.106018241837956495e+00
1.820291468373354249e+01 -3.597457126760415846e+00
1.821574770016860967e+01 -3.069024877569663801e+00
1.820125079502840393e+01 -2.533150117976123994e+00
1.817337791006647052e+01 -2.034960111582535092e+00
1.818128505871779055e+01 -1.458542828477504827e+00
1.815229733008040824e+01 -9.591871713353015139e-01
1.812166280984510536e+01 -4.423806096810061206e-01
1.812089528216241519e+01 8.849147598252926628e-02
1.812172750341021299e+01 6.001753310929984764e-01
1.811360548265791692e+01 1.142549075599887942e+00
1.809676529979479298e+01 1.656377426988033363e+00
1.809274751988044727e+01 2.173443624658030870e+00
1.808819718832971546e+01 2.715027010730374002e+00
1.807463554280292684e+01 3.243490711677445404e+00
1.809719590374177045e+01 3.747755086515027756e+00
1.874442597280036438e+01 -4.110965697654521023e+00
1.874576207663399074e+01 -3.610140041786383591e+00
1.875324676630921417e+01 -3.062644719356116596e+00
1.872636669884443705e+01 -2.566045177786030251e+00
1.872423397945869894e+01 -2.026169869033612514e+00
1.872438477342511831e+01 -1.492908533422461659e+00
1.869860371383756359e+01 -9.729096717193641553e-01
1.869911882961786631e+01 -4.491784093546762335e-01
1.866813434483636769e+01 8.331687190709402557e-02
1.864897389387055782e+01 6.198623386507620125e-01
1.865008675699165153e+01 1.135170309654832010e+00
1.865286217120737788e+01 1.660475085247220761e+00
1.864678691549744016e+01 2.192762629837147870e+00
1.863648684558406288e+01 2.679142233586325972e+00
1.866404820985284019e+01 3.136100057390141416e+00
1.864101248689452817e+01 3.738968215954621144e+00
1.933396222076465065e+01 -4.130134231213657969e+00
1.929707530912271807e+01 -3.602648633558864333e+00
1.929856374962781018e+01 -3.082486053950448834e+00
1.926461549822038677e+01 -2.557114607382441562e+00
1.925235642962984173e+01 -2.036022504205366346e+00
1.925167660898256372e+01 -1.497125891580449064e+00
1.926063221423009608e+01 -9.727377685643823213e-01
1.924242534976070473e+01 -4.410563924700134919e-01
1.922285431812251133e+01 6.779255002425088605e-02
1.922621670108459924e+01 6.081275914116694992e-01
1.921302647331281932e+01 1.128472073991858338e+00
1.918988729178819241e+01 1.667282778992557724e+00
1.917054908337585672e+01 2.199168134934630814e+00
1.921196929789460128e+01 2.716529403261905173e+00
1.919283683986096989e+01 3.249658235706831988e+00
1.918217916412192992e+01 3.752036592653453795e+00
1.982618875382625134e+01 -4.138392499260589830e+00
1.984878010483598487e+01 -3.610712515780543086e+00
1.984029151911091660e+01 -3.089828765698491964e+00
1.984508908191660481e+01 -2.564563371241227685e+00
1.979804878240107513e+01 -2.038313870235331393e+00
1.980957286857855948e+01 -1.490508330426159489e+00
1.979668157970132825e+01 -9.687310207570121179e-01
1.976923654568042110e+01 -4.407655938294503528e-01
1.977040312183908810e+01 8.734162650631205338e-02
1.976654367711356741e+01 6.122006464605789233e-01
1.975767031079498182e+01 1.116360834668565616e+00
1.974916570388516135e+01 1.643143414827040516e+00
1.974291955013358546e+01 2.200976858145466508e+00
1.972792503182182955e+01 2.699132333957724228e+00
1.972700175285329038e+01 3.249866965444415001e+00
1.971698139017481211e+01 3.728540411814005751e+00
2.039733818496376472e+01 -4.134162475336919940e+00
2.038774432621563903e+01 -3.614105984022449647e+00
2.037405752797098302e+01 -3.089559137717111881e+00
2.035989825382628027e+01 -2.563219578367526452e+00
2.035255580333683412e+01 -2.002832358713988015e+00
2.034973410228266033e+01 -1.483096807675082118e+00
2.033984288272825580e+01 -9.665631296554870744e-01
2.032991067893454940e+01 -4.380719993894537367e-01
2.033071170273774442e+01 9.624025615180897830e-02
2.030817969805841727e+01 6.094750740400982636e-01
2.029283746811159617e+01 1.126989535859966196e+00
2.029773441929647149e+01 1.657060103473181556e+00
2.029892000937645946e+01 2.186103740921872429e+00
2.027407764503492515e+01 2.704972321607350239e+00
2.028038921388021265e+01 3.258710410593138818e+00
2.028971187393111819e+01 3.770672279718279896e+00
2.094960428563829424e+01 -4.134407835138434351e+00
2.090872922989378679e+01 -3.609038539751532326e+00
2.092137470134943555e+01 -3.071452623042549845e+00
2.092216833009873511e+01 -2.541504992013518205e+00
2.088601251345002652e+01 -2.034868848376149231e+00
2.087017484986667171e+01 -1.522018408309413928e+00
2.088239879242484420e+01 -9.713174389431742384e-01
2.085576488389365579e+01 -4.458651598294949281e-01
2.087640590893061443e+01 9.489205961681435042e-02
2.083199607290595878e+01 6.249894953901105055e-01
2.086792834232016247e+01 1.170954441523811340e+00
2.085271421178831019e+01 1.660777833464496922e+00
2.085149592920371475e+01 2.191271007394885117e+00
2.084455916424599309e+01 2.722126721725718568e+00
2.083223597742423294e+01 3.250472597275869902e+00
2.082821557432995974e+01 3.780876639865461186e+00
2.148761363526878654e+01 -4.135788269284084606e+00
2.145631695482525458e+01 -3.608422091201568094e+00
2.146543160626826108e+01 -3.072230042321615784e+00
2.144589027986391727e+01 -2.527216207465102116e+00
2.141127817803843669e+01 -2.034473214025826593e+00
2.144392100899333542e+01 -1.502053111545411213e+00
2.141147456819273032e+01 -9.815313093974431524e-01
2.140714095893400071e+01 -4.488248020422069828e-01
2.141227365645823255e+01 8.909849153177162862e-02
2.139653764565549920e+01 6.074402817093265128e-01
2.140616343607690197e+01 1.139567325773413131e+00
2.138613389104225604e+01 1.663424385865312161e+00
2.139096921544630447e+01 2.197981994903901892e+00
2.137855496325057203e+01 2.752595420314992936e+00
2.137790750579515020e+01 3.251256515555134285e+00
2.136136188775003575e+01 3.781082820855758087e+00
2.204146982254180642e+01 -4.133222905297095906e+00
2.201707434568091060e+01 -3.602612486275015513e+00
2.201057822769174521e+01 -3.076289489760279494e+00
2.198405532365676862e+01 -2.541812397451849392e+00
2.196877052484971671e+01 -2.025901552866304911e+00
2.198084628922681816e+01 -1.499356436689637917e+00
2.197710781983886363e+01 -9.593070415374036486e-01
2.195875383249185120e+01 -4.373695763772502687e-01
2.196405533177846792e+01 8.918366992007875638e-02
2.193641261648130580e+01 6.003129693251274546e-01
2.192115633284422671e+01 1.138407582463116796e+00
2.191973494964421576e+01 1.673298819040098806e+00
2.194176974445488781e+01 2.236772593106113760e+00
2.193638648305108774e+01 2.698254021717680473e+00
2.192077924160250291e+01 3.236691007215437565e+00
2.190284190022696009e+01 3.772226474650654637e+00
2.257511029781580447e+01 -4.136456508572843305e+00
2.254420494116407525e+01 -3.599752845589447858e+00
2.254261560972189216e+01 -3.067721295737056764e+00
2.252841211912907227e+01 -2.540627542607868605e+00
2.251989093097228789e+01 -2.025700925651690909e+00
2.252033631188086815e+01 -1.496683872872470289e+00
2.253018286253095681e+01 -9.635123579819229178e-01
2.249866455951866584e+01 -4.358572254843693372e-01
2.249570217015245532e+01 9.527110693765195037e-02
2.248703706615378906e+01 6.052646656198525932e-01
2.249466289092441684e+01 1.144922125368687205e+00
2.246744614454988209e+01 1.680545457532751641e+00
2.248598492580447328e+01 2.239553061380902932e+00
2.248130157129146767e+01 2.722765606269721417e+00
2.245028686420242536e+01 3.232226487340106758e+00
2.243941442784647933e+01 3.763517869998459275e+00
2.309274242458195658e+01 -4.140358286418971190e+00
2.310238429139701566e+01 -3.615783351762793529e+00
2.306448498427450744e+01 -3.088996298082600234e+00
2.307936627450850153e+01 -2.554815435849167926e+00
2.307861746832796257e+01 -2.031348273338878130e+00
2.306335537594961238e+01 -1.504546464004775430e+00
2.305725770851535827e+01 -9.740576684794319817e-01
2.307498147766999352e+01 -4.647765784052886318e-01
2.304610923456449711e+01 1.009539960766687727e-01
2.301596162727332029e+01 6.099165243431130534e-01
2.301025211086373190e+01 1.140517410390550879e+00
2.301207555013552053e+01 1.680168609762493048e+00
2.303204001589982397e+01 2.224332187013757789e+00
2.301124663588118580e+01 2.737749435150075072e+00
2.301652506757505279e+01 3.241327387081302192e+00
2.300646353243692488e+01 3.763723902490678341e+00
2.364684228589167958e+01 -4.138835106467668723e+00
2.362704857308050777e+01 -3.613981029290030733e+00
2.361095882468904250e+01 -3.068904948803830024e+00
2.363291868889485414e+01 -2.549039637940705205e+00
2.361819431542812708e+01 -2.022403375059408148e+00
2.359151661128762356e+01 -1.474905127448050024e+00
2.359680200512942605e+01 -9.474630951992821792e-01
2.358825383262172437e+01 -4.271662070806918621e-01
2.357380887130809555e+01 7.813846850068983940e-02
2.357591812885543447e+01 6.113074539499443460e-01
2.354936579082112758e+01 1.143398779510640395e+00
2.355240114963581988e+01 1.702490139297673011e+00
2.353248602367441578e+01 2.210559369983304379e+00
2.354051109397765629e+01 2.729871565241484888e+00
2.353811370278934589e+01 3.264343489121408481e+00
2.352630759014625283e+01 3.768531715570951235e+00
2.416352312587841311e+01 -4.155829099348462563e+00
2.417796959541489343e+01 -3.591782984444815696e+00
2.416604306471104024e+01 -3.082570815003265352e+00
2.415514217687915988e+01 -2.536527902165179427e+00
2.413842625798132246e+01 -2.010754739384381651e+00
2.413161007976250971e+01 -1.482469410814282185e+00
2.412179748437541349e+01 -9.603075935869362922e-01
2.412197157106548673e+01 -4.358038462980822203e-01
2.410036251784323014e+01 9.316301089405953917e-02
2.410238261176537122e+01 6.149486363726843763e-01
2.410691823843797010e+01 1.134703520335484939e+00
2.410314386768314421e+01 1.678100670054764265e+00
2.409503506838673559e+01 2.224685286878237633e+00
2.411129116330344857e+01 2.707665669683660070e+00
2.408428705829106775e+01 3.247652016613656656e+00
2.408594501559888101e+01 3.777428560176947059e+00
2.472078355813308548e+01 -4.133018575744234369e+00
2.471280944651888234e+01 -3.596460345094540045e+00
2.470380444811591758e+01 -3.080071275153429156e+00
2.469331479470506707e+01 -2.554789639359000830e+00
2.468339047713664769e+01 -2.006828572166714508e+00
2.467813554528966336e+01 -1.487163060990738472e+00
2.467002782894882529e+01 -9.695894416462813581e-01
2.463764741383716483e+01 -4.341351435055251784e-01
2.463351298992664340e+01 1.057931011810389066e-01
2.463570066170068884e+01 6.255207475203619083e-01
2.464069095409606547e+01 1.126300554455163194e+00
2.464279526965149358e+01 1.674585942435093955e+00
2.470385145371739810e+01 2.206813579310978213e+00
2.465750924436356684e+01 2.733776228969379218e+00
2.463675582790217788e+01 3.265020408300550514e+00
2.461197027928506742e+01 3.766396534920797734e+00
2.523809456692908526e+01 -4.137882217287637943e+00
2.524168794927265225e+01 -3.596032303233695160e+00
2.523853863723228841e+01 -3.073981696549912712e+00
2.522977560468013536e+01 -2.556541070017726014e+00
2.522605577870314875e+01 -2.009589038773562208e+00
2.520803349198849475e+01 -1.482557113954030115e+00
2.520881951606695281e+01 -9.622612935109025045e-01
2.520759287759973688e+01 -4.253987090901887314e-01
2.519989515012632353e+01 8.994386911114915506e-02
2.519704493883040186e+01 6.162551532282769529e-01
2.520201369934219571e+01 1.146204252160142545e+00
2.518313790488079462e+01 1.675965083915489373e+00
2.518104429121589050e+01 2.205880611833130445e+00
2.521576559571980169e+01 2.732110549094215912e+00
2.517374878632853097e+01 3.248589426364507204e+00
2.515731621181596722e+01 3.778540561059042346e+00
2.581318977856415131e+01 -4.131831529233346956e+00
2.577196869453067762e+01 -3.595244612951066898e+00
2.579183230752050804e+01 -3.073505484720410408e+00
2.576372464731749545e+01 -2.551287505967575697e+00
2.576092729702371287e+01 -2.020020533817074693e+00
2.573808673803277003e+01 -1.496574837655774814e+00
2.573477548098266254e+01 -9.617694956934066397e-01
2.574990319428003716e+01 -4.312518677783430121e-01
2.574922758337747553e+01 9.585192684127719076e-02
2.573830004210970657e+01 6.171464037496576793e-01
2.572592307271931844e+01 1.146586374410667020e+00
2.572967072860447502e+01 1.675905275163604102e+00
2.573693604859347062e+01 2.212514346972902501e+00
2.572837412470581597e+01 2.725849481728761958e+00
2.572959706150547987e+01 3.248652436868859184e+00
2.573226705948327719e+01 3.778269800998025119e+00
2.634105128010396157e+01 -4.122563618999969037e+00
2.629671206694451513e+01 -3.633292539787941422e+00
2.631882025519899315e+01 -3.068564839696550806e+00
2.629474022121728183e+01 -2.549545255313013570e+00
2.631288832736240124e+01 -2.023480729889083563e+00
2.632925733051162354e+01 -1.499853868579958061e+00
2.631427740719420427e+01 -9.495915327442361331e-01
2.629248028809809057e+01 -4.213381941712199819e-01
2.629322366752106177e+01 9.632883763832467139e-02
2.626608257010543213e+01 6.266879350618879130e-01
2.626661644026819431e+01 1.139089347536021535e+00
2.627509689537498616e+01 1.686795222821231732e+00
2.626580771125740199e+01 2.207193209472446682e+00
2.624695102856535556e+01 2.716165041553555426e+00
2.624226212656137136e+01 3.239708480079848130e+00
2.624100162653893165e+01 3.785914078874736077e+00
2.685727339817339043e+01 -4.134065787865223385e+00
2.686621238934603184e+01 -3.607174252227395073e+00
2.687221929381468044e+01 -3.082724149086290666e+00
2.685491794208470395e+01 -2.554923201472018235e+00
2.685933608269481709e+01 -2.013251141248076692e+00
2.685552827844148993e+01 -1.507061164367875961e+00
2.684775818032647976e+01 -9.710104420170573292e-01
2.686123326860428762e+01 -4.151007866497948839e-01
2.682732956246510270e+01 8.787725325083073358e-02
2.683435684216605921e+01 6.101844051068567865e-01
2.683554493235408955e+01 1.141257082434911752e+00
2.681256561989701481e+01 1.681732246911227691e+00
2.679269735554011334e+01 2.219223354635015966e+00
2.680380237933474774e+01 2.739398170526406773e+00
2.681348949293864337e+01 3.224315905220482392e+00
2.679429391695696694e+01 3.783525961255868708e+00
2.739195960988927681e+01 -4.136919845216729286e+00
2.740466210041180517e+01 -3.614581365754052200e+00
2.740649865129604024e+01 -3.078740852493933033e+00
2.739521206423901845e+01 -2.541021794312918303e+00
2.740915979246093315e+01 -1.999651226772307666e+00
2.739219778529812288e+01 -1.497401690743313196e+00
2.738340432140751801e+01 -9.621004578635812265e-01
2.738653801487066630e+01 -4.219889655783433113e-01
2.736801249323897878e+01 1.006663197231354445e-01
2.736397395173439406e+01 6.353541547758290164e-01
2.738562089631871288e+01 1.179268990304358056e+00
2.737278540120401260e+01 1.670819762424461175e+00
2.736536112635380391e+01 2.209660507864967371e+00
2.735208382008755734e+01 2.705356111692143628e+00
2.732772141774929509e+01 3.241493532109949172e+00
2.733720062574806065e+01 3.806100709296316609e+00
2.793778040054088763e+01 -4.115191328827709327e+00
2.792182362179811150e+01 -3.614293085015452434e+00
2.791065025090235707e+01 -3.091952257568244988e+00
2.793942475130214831e+01 -2.547939475696495037e+00
2.792135338271241096e+01 -2.010659918281305636e+00
2.795101102411395999e+01 -1.492488144117533722e+00
2.792630823708603316e+01 -9.626922542525448989e-01
2.791712744846472560e+01 -4.347659696015213626e-01
2.792020238176947800e+01 9.135851278792017638e-02
2.791323368096960422e+01 6.256282854467194454e-01
2.791603225419984113e+01 1.169693133085143444e+00
2.788906020480118286e+01 1.681026342656583239e+00
2.788224435602951701e+01 2.219850538720226751e+00
2.789066789598172846e+01 2.740708726957549857e+00
2.787978777530030783e+01 3.264745708422665871e+00
2.786717902691928117e+01 3.789203960862142395e+00
2.847576539423010189e+01 -4.121123555930765292e+00
2.849918742845798647e+01 -3.618734594904402968e+00
2.848892417419959600e+01 -3.067852559491097253e+00
2.847361398362020424e+01 -2.537752485429106031e+00
2.846719320414860732e+01 -2.018311298975625334e+00
2.847765518006946195e+01 -1.470884492331808957e+00
2.846249237926443953e+01 -9.544732198420398106e-01
2.845071808449527140e+01 -4.379303586742189225e-01
2.845070713087041980e+01 1.001555035192005505e-01
2.845333500071475186e+01 6.528045550366066152e-01
2.845341524996810278e+01 1.167778743361342464e+00
2.844051189370782851e+01 1.668485249098271339e+00
2.842952891802173809e+01 2.199402211202251323e+00
2.844572501232272543e+01 2.732726011942720135e+00
2.844175686402628145e+01 3.270237703610849422e+00
2.842359545481824057e+01 3.816114667949179307e+00
