0.000000000000000000e+00 0.000000000000000000e+00
-6.981734716249121675e-02 4.518673846813925365e-03
-1.399719641936627568e-01 8.459388304721926488e-03
-2.107300952545898554e-01 1.147748684773830519e-02
-2.822531229197693392e-01 1.356375552492750103e-02
-3.546102724161599440e-01 1.498012101432877330e-02
-4.278168817279563996e-01 1.609964563637333868e-02
-5.018676285387613234e-01 1.725856498034517017e-02
-5.767486681470899157e-01 1.868266233735127457e-02
-6.524323010694317304e-01 2.048514711264814991e-02
-7.288680601988133390e-01 2.269678029697175248e-02
-8.059806120301473698e-01 2.529659094415137588e-02
-8.836771737567943319e-01 2.823215845883808583e-02
-9.618611334753524034e-01 3.143351098473345928e-02
-1.040447157171932702e+00 3.482546494707250417e-02
-1.119373555590108538e+00 3.833984473575924312e-02
-1.198609043133217256e+00 4.192562668076149635e-02
-1.278152346551927110e+00 4.555474061947251130e-02
-1.358024733707495102e+00 4.922215227020387829e-02
-1.438257111951458000e+00 5.294047709202587271e-02
-1.518874620144984533e+00 5.673079880903841854e-02
-1.599882218149232926e+00 6.061229282475011360e-02
-1.681254514350001728e+00 6.459333849434756303e-02
-1.762932016415149405e+00 6.866607535712532240e-02
-1.844824422803178265e+00 7.280509295254589119e-02
-1.926819913013332553e+00 7.696960353564463730e-02
-2.008798088010991023e+00 8.110749163110497761e-02
-2.090643593425767222e+00 8.515936402094936852e-02
-2.172257652166052821e+00 8.906117662832713222e-02
-2.253565621247922479e+00 9.274496764766126944e-02
-2.334519952126079545e+00 9.613828797795065384e-02
-2.415099165855870922e+00 9.916368051906587766e-02
-2.495304290551743520e+00 1.017397378347304482e-01
-2.575154442697687784e+00 1.037848044246985069e-01
-2.654682882339251648e+00 1.052234593385890093e-01
-2.733934132060682032e+00 1.059948532511576502e-01
-2.812961971514113202e+00 1.060611532212156760e-01
-2.891827532425686798e+00 1.054140537287864277e-01
-2.970596725322266707e+00 1.040776318043690196e-01
-3.049336280824469725e+00 1.021066766221601085e-01
-3.128107456758250748e+00 9.958074981214437571e-02
-3.206953486763708838e+00 9.659541338177390912e-02
-3.285874367903204529e+00 9.325283878951751149e-02
-3.364785028689368573e+00 8.965400381985233480e-02
-3.443472082013705915e+00 8.589331452106208076e-02
-3.521589497942713365e+00 8.205447689327272087e-02
-3.598742275429934523e+00 7.820517998527876102e-02
-3.674662380681596119e+00 7.438977886778275206e-02
-3.749401712251120955e+00 7.062288590044829562e-02
-3.823411371237455114e+00 6.688963210702070228e-02
