-0.000000000000000000e+00
-3.076067555305775358e-04
-4.414228135425218857e-04
-4.394423618746742810e-04
-3.393432790163089519e-04
-1.776684268536971034e-04
1.070195019035186101e-05
1.938039401830418673e-04
3.437186460989657966e-04
4.374888570843754598e-04
4.576500928913929123e-04
3.924310325350843787e-04
2.356955510102523577e-04
-1.329355584227254194e-05
-3.502481113244401700e-04
-7.663524695114450058e-04
-1.248897661013485816e-03
-1.782074995666224626e-03
-2.347950092020250484e-03
-2.927619062207318518e-03
-3.502517447696890107e-03
-4.055815509248196504e-03
-4.573798425382507443e-03
-5.047104479314001857e-03
-5.471685124337346412e-03
-5.849361926753029323e-03
-6.187887285129107379e-03
-6.500465115811260297e-03
-6.804747572157238134e-03
-7.121385372385505286e-03
-7.472263092975651305e-03
-7.878588835500847931e-03
-8.359024624066485609e-03
-8.928037661226739807e-03
-9.594624451749529659e-03
-1.036151411466810709e-02
-1.122490066371187659e-02
-1.217469485132491314e-02
-1.319523282879176557e-02
-1.426633870256458977e-02
-1.536461588299652126e-02
-1.646483932527543353e-02
-1.754133521741830029e-02
-1.856926138176238569e-02
-1.952573406533612138e-02
-2.039077820239827005e-02
-2.114810304879667646e-02
-2.178571962181091032e-02
-2.229641926190475271e-02
-2.267812485372439416e-02
-2.293411096083067258e-02
-2.307307113875642010e-02
-2.310899561430845850e-02
-2.306081562354540121e-02
-2.295177569317579172e-02
-2.280851316686908353e-02
-2.265985350888677016e-02
-2.253536590158400008e-02
-2.246376027270648168e-02
-2.247123763291517320e-02
-2.257992482960827219e-02
-2.280652864257326148e-02
-2.316133099105597073e-02
-2.364761781558413767e-02
-2.426159229761541691e-02
-2.499277389327005452e-02
-2.582483497686896556e-02
-2.673678383880249282e-02
-2.770437256570970272e-02
-2.870159503825064212e-02
-2.970214511365359966e-02
-3.068072615210063608e-02
-3.161413595460057374e-02
-3.248208985448716724e-02
-3.326778265433039117e-02
-3.395822147702259874e-02
-3.454438203472919022e-02
-3.502124798312233195e-02
-3.538778687254157118e-02
-3.564689894659153757e-02
-3.580535081319852209e-02
-3.587368027205974086e-02
-3.586603708708404475e-02
-3.579991219044070111e-02
-3.569570773587701917e-02
-3.557611307502654002e-02
-3.546527494319113433e-02
-3.538777968753716030e-02
-3.536749592646184354e-02
-3.542635229612958736e-02
-3.558314247918673012e-02
-3.585245558909817137e-02
-3.624382306290506450e-02
-3.676115435037943108e-02
-3.740250560796580526e-02
-3.816019264269814026e-02
-3.902122666630983283e-02
-3.996802405004366149e-02
-4.097932299627280589e-02
-4.203123269031152492e-02
-4.309834362398194674e-02
-4.415483905389587516e-02
-4.517556336706063380e-02
-4.613701951610389707e-02
-4.701828104623717586e-02
-4.780181197094383883e-02
-4.847418863865239624e-02
-4.902671218858410673e-02
-4.945589017144789296e-02
-4.976375461317018162e-02
-4.995797503610831941e-02
-5.005172241378942621e-02
-5.006324642916983036e-02
-5.001514482444133214e-02
-4.993332912709796956e-02
-4.984572267081806285e-02
-4.978076005466897103e-02
-4.976578667515790116e-02
-4.982547758915992220e-02
-4.998040275202563637e-02
-5.024585851726266761e-02
-5.063106331400990534e-02
-5.113878099081414080e-02
-5.176539267686938728e-02
-5.250139273906785642e-02
-5.333224264322850017e-02
-5.423948406194283034e-02
-5.520199389817773833e-02
-5.619726137849523351e-02
-5.720258075069271225e-02
-5.819607953403000550e-02
-5.915753676002777350e-02
-6.006898213051069246e-02
-6.091509940052714650e-02
-6.168348049558895069e-02
-6.236478761447682151e-02
-6.295287782596958870e-02
-6.344492971745371857e-02
-6.384158784217361382e-02
-6.414711289873156752e-02
-6.436949939791788977e-02
-6.452050349211962965e-02
-6.461551599509005039e-02
-6.467322173471189151e-02
-6.471500606567451297e-02
-6.476409983211681154e-02
-6.484449042003823105e-02
-6.497966270604998984e-02
-6.519126360254755281e-02
-6.549780248183081910e-02
-6.591350385386146593e-02
-6.644741738349269067e-02
-6.710286512773130929e-02
-6.787727033246504504e-02
-6.876237144259697565e-02
-6.974478520600906062e-02
-7.080684982974103092e-02
-7.192765783946050706e-02
-7.308418125572907487e-02
-7.425239896289240193e-02
-7.540835513125004885e-02
-7.652910368108731265e-02
-7.759352145259285072e-02
-7.858299649811653631e-02
-7.948201337943300304e-02
-8.027866200221661641e-02
-8.096509001489798907e-02
-8.153790303190616706e-02
-8.199849570715872504e-02
-8.235327507713302575e-02
-8.261372111353706971e-02
-8.279622293635047203e-02
-8.292163580343506202e-02
-8.301452451276461475e-02
-8.310209114505515138e-02
-8.321282456299700092e-02
-8.337494949454196669e-02
-8.361478757135157314e-02
-8.395516528344351692e-02
-8.441401013477609072e-02
-8.500326449461270695e-02
-8.572821768744892656e-02
-8.658731436977601392e-02
-8.757244700229779855e-02
-8.866968932351987354e-02
-8.986038343762906000e-02
-9.112246166137114023e-02
-9.243186974419165258e-02
-9.376396177094742379e-02
-9.509475732318287133e-02
-9.640198406716274371e-02
-9.766586788161074617e-02
-9.886967127706658420e-02
-1.000000130350722771e-01
-1.010470230131284286e-01
-1.020043934560199983e-01
-1.028693819635460305e-01
-1.036428039488052621e-01
-1.043290282547764403e-01
-1.049359638807554895e-01
-1.054750038208875085e-01
-1.059608783216839656e-01
-1.064113672983509895e-01
-1.068468310552601330e-01
-1.072895384426980903e-01
-1.077627988008953985e-01
-1.082899337402632722e-01
-1.088931517847317454e-01
-1.095924084800047604e-01
-1.104043434818832992e-01
-1.113413830127799597e-01
-1.124110815274668440e-01
-1.136157527696624869e-01
-1.149524111960415762e-01
-1.164130142281972757e-01
-1.179849683083233902e-01
-1.196518410616557448e-01
-1.213942106312180802e-01
-1.231905823863963800e-01
-1.250183118085412270e-01
-1.268544878585999569e-01
-1.286767499231432632e-01
-1.304640296004483113e-01
-1.321972226690381336e-01
-1.338598040934881050e-01
-1.354383987047152738e-01
-1.369233125037328525e-01
-1.383090160640444433e-01
-1.395945551348043157e-01
-1.407838479875965221e-01
-1.418858181924295414e-01
-1.429143087091664654e-01
-1.438877305308452759e-01
-1.448284169949167477e-01
-1.457616817582886304e-01
-1.467146110869740616e-01
-1.477146550426677030e-01
-1.487881122870194639e-01
-1.499586246764467445e-01
-1.512458067116944360e-01
-1.526641290435737930e-01
-1.542221545942920602e-01
-1.559221926322889862e-01
-1.577603944962330251e-01
-1.597272700549971780e-01
-1.618085623644281157e-01
-1.639863848636164134e-01
-1.662405051510947585e-01
-1.685496543072778630e-01
-1.708927510292232999e-01
-1.732499533196667496e-01
-1.756034829405305475e-01
-1.779382038219022022e-01
-1.802419693047170590e-01
-1.825057793521192573e-01
-1.847238040816014393e-01
-1.868933325856359240e-01
-1.890146966587600841e-01
-1.910912003596761111e-01
-1.931290624418096347e-01
-1.951373545417054711e-01
-1.971278985888917645e-01
-1.991150763279070091e-01
-2.011155046492000553e-01
-2.031475429897482143e-01
-2.052306214530095485e-01
-2.073844065875567466e-01
-2.096278507811193681e-01
-2.119781955812633789e-01
-2.144500143922710433e-01
-2.170543830647113925e-01
-2.197982571897356685e-01
-2.226841139378991641e-01
-2.257098874165564539e-01
-2.288691944169739811e-01
-2.321518172360193810e-01
-2.355443867747027131e-01
-2.390311958813308157e-01
-2.425950714983934609e-01
-2.462182438028484299e-01
-2.498831681763299950e-01
-2.535732769174068868e-01
-2.572736570357030406e-01
-2.609716638462733496e-01
-2.646574846296738115e-01
-2.683246616595061362e-01
-2.719705708597539573e-01
-2.755968344276200632e-01
-2.792096273097873782e-01
-2.828198232527786571e-01
-2.864429206474443101e-01
-2.900986946100576613e-01
-2.938105406320801194e-01
-2.976045050767531785e-01
-3.015080347834716012e-01
-3.055485163505985979e-01
-3.097517090427137632e-01
-3.141401980777489555e-01
-3.187320032890811339e-01
-3.235394700460013095e-01
-3.285685455365428553e-01
-3.338185070751938377e-01
-3.392821649127810701e-01
-3.449465161618343600e-01
-3.507937851479947522e-01
-3.568027540573618372e-01
-3.629502696434785403e-01
-3.692128080749172980e-01
-3.755679894668491059e-01
-3.819959530172881701e-01
-3.884805285747379155e-01
-3.950101661982308165e-01
-4.015786077049519065e-01
-4.081853004433799725e-01
-4.148355624246389262e-01
-4.215405101378214558e-01
-4.283167580851919842e-01
-4.351858954400804058e-01
-4.421737435649529813e-01
-4.493094010746880307e-01
-4.566240921086796578e-01
-4.641498483037570510e-01
-4.719180738954735221e-01
-4.799580633557216092e-01
-4.882955582193512778e-01
-4.969514404435791954e-01
-5.059406607589328475e-01
-5.152714904030193388e-01
-5.249451636423259071e-01
-5.349559486988991752e-01
-5.452916497911817206e-01
-5.559345075410800918e-01
-5.668624337056137330e-01
-5.780504930432510680e-01
-5.894725327200905918e-01
-6.011028587002589241e-01
-6.129178677937989761e-01
-6.248975604676897389e-01
-6.370268791327449165e-01
-6.492968351371263269e-01
-6.617054015939860534e-01
-6.742581563446691240e-01
-6.869686596489611441e-01
-6.998585463662477801e-01
-7.129573058283642517e-01
-7.263017185019148281e-01
-7.399349210135542920e-01
-7.539050831586709966e-01
-7.682637032652588349e-01
-7.830635604961183605e-01
-7.983564008263260847e-01
-8.141904721890019792e-01
-8.306080574730322352e-01
-8.476431757467460804e-01
-8.653196277768387956e-01
-8.836495493516041133e-01
-9.026326055719334773e-01
-9.222559141676782701e-01
-9.424947311363128799e-01
-9.633138738170257120e-01
-9.846698013097943125e-01
-1.006513225439791270e+00
-1.028792091165890099e+00
-1.051454745226796383e+00
-1.074453105617814597e+00
-1.097745650207921475e+00
-1.121300057611244849e+00
-1.145095354481106886e+00
-1.169123448612106486e+00
-1.193389955571289018e+00
-1.217914257971854930e+00
-1.242728771400112509e+00
-1.267877429815285284e+00
-1.293413445739385992e+00
-1.319396445453959288e+00
-1.345889124089074906e+00
-1.372953605979147840e+00
-1.400647727093181194e+00
-1.429021473681349796e+00
-1.458113810339131788e+00
-1.487950109188296954e+00
-1.518540350179870657e+00
-1.549878203860472148e+00
-1.581941038103219510e+00
-1.614690816762447190e+00
-1.648075789135503788e+00
-1.682032812032146607e+00
-1.716490107344877947e+00
-1.751370240442368997e+00
-1.786593109401829249e+00
-1.822078759035257178e+00
-1.857749874557709235e+00
-1.893533856383915248e+00
-1.929364429285190585e+00
-1.965182780448210931e+00
-2.000938275113341547e+00
-2.036588795362344495e+00
-2.072100788372387647e+00
-2.107448881701452947e+00
-2.142615227544519829e+00
-2.177587662567981752e+00
-2.212358582065390156e+00
-2.246919658165973832e+00
-2.281266620130617095e+00
-2.315379848559904641e+00
-2.349274685462088286e+00
-2.382878354985125569e+00
-2.415883321897797309e+00
-2.447364405652761477e+00
-2.476124423096989435e+00
-2.501508830732330324e+00
-2.524500755803585683e+00
