-0.000000000000000000e+00
-5.829442438541138083e-03
-1.224740391787054739e-02
-1.923539929882603361e-02
-2.677546881660602951e-02
-3.484732776689959677e-02
-4.342658421583191208e-02
-5.248428957425677055e-02
-6.198711804454512531e-02
-7.189777381906509168e-02
-8.217538382471081815e-02
-9.277590098952065434e-02
-1.036526385230373271e-01
-1.147570632875995200e-01
-1.260399070269421495e-01
-1.374525811517211260e-01
-1.489488083647680927e-01
-1.604863265084204293e-01
-1.720284801764035976e-01
-1.835455060277078054e-01
-1.950153393772277588e-01
-2.064238194392143400e-01
-2.177642410850108012e-01
-2.290362821539284610e-01
-2.402444150245031662e-01
-2.513959773573386514e-01
-2.624991197989253178e-01
-2.735608618569093098e-01
-2.845854696604054879e-01
-2.955733242555240725e-01
-3.065203838295194605e-01
-3.174182677536064312e-01
-3.282549154104962841e-01
-3.390157084972226786e-01
-3.496848998395096220e-01
-3.602471696041181226e-01
-3.706891323899720869e-01
-3.810006435304597039e-01
-3.911757943430366202e-01
-4.012135361451348858e-01
-4.111179230521292416e-01
-4.208980061796427363e-01
-4.305674413664314915e-01
-4.401438863395183421e-01
-4.496482618772397744e-01
-4.591039381505057082e-01
-4.685358870222963712e-01
-4.779698194209773265e-01
-4.874313094569557303e-01
-4.969448979491244978e-01
-5.065331696851780308e-01
-5.162158108195862294e-01
-5.260086726273434099e-01
-5.359228907212179038e-01
-5.459641291173131794e-01
-5.561320306727528529e-01
-5.664199552692117390e-01
-5.768150727998890837e-01
-5.872988503530309767e-01
-5.978479353260619522e-01
-6.084353938326980682e-01
-6.190322229639928509e-01
-6.296090224909700606e-01
-6.401376916681389417e-01
-6.505930132343933359e-01
-6.609540003126703755e-01
-6.712049107349011834e-01
-6.813358728986729229e-01
-6.913431113605514877e-01
-7.012288021006531924e-01
-7.110006205038472693e-01
-7.206710651191701178e-01
-7.302566452407726061e-01
-7.397770111146724226e-01
-7.492540853923772559e-01
-7.587112283464545470e-01
-7.681724431475984716e-01
-7.776616067315844649e-01
-7.872017007847746939e-01
-7.968140184628582645e-01
-8.065173354745971412e-01
-8.163270564335749491e-01
-8.262543741474048797e-01
-8.363055048070209274e-01
-8.464810798693778171e-01
-8.567757810142553332e-01
-8.671782953381910186e-01
-8.776716441101690691e-01
-8.882339028559258498e-01
-8.988392883242182219e-01
-9.094595453526428397e-01
-9.200655303309606126e-01
-9.306288635513320084e-01
-9.411235141617293465e-01
-9.515271901779833730e-01
-9.618224307630398595e-01
-9.719973348221491172e-01
-9.820459029795090000e-01
-9.919680123634446733e-01
-1.001769078836513227e+00
-1.011459484381376006e+00
-1.021053855671320232e+00
-1.030570273512573021e+00
-1.040029474505094864e+00
-1.049454080565294545e+00
-1.058867864615248955e+00
-1.068295037551110882e+00
-1.077759527383586935e+00
-1.087284219208278113e+00
-1.096890135063248950e+00
-1.106595553882931737e+00
-1.116415099534591615e+00
-1.126358853657656089e+00
-1.136431573548273510e+00
-1.146632108141387718e+00
-1.156953103506043856e+00
-1.167381071973729867e+00
-1.177896867648971169e+00
-1.188476569712087150e+00
-1.199092729535739199e+00
-1.209715894931548075e+00
-1.220316291285394428e+00
-1.230865520102959243e+00
-1.241338133632014840e+00
-1.251712960163111621e+00
-1.261974085952341174e+00
-1.272111441603115178e+00
-1.282120986657182327e+00
-1.292004529003514257e+00
-1.301769249161224051e+00
-1.311427019001393912e+00
-1.320993608084506610e+00
-1.330487859351092927e+00
-1.339930892801888929e+00
-1.349345366291996751e+00
-1.358754792805154876e+00
-1.368182889566264215e+00
-1.377652920886140997e+00
-1.387186996452387300e+00
-1.396805300056038979e+00
-1.406525247991306848e+00
-1.416360606840456837e+00
-1.426320630878546991e+00
-1.436409303426921413e+00
-1.446624778605366757e+00
-1.456959116555873957e+00
-1.467398385537172611e+00
-1.477923170437262845e+00
-1.488509483894854935e+00
-1.499130029784439433e+00
-1.509755726387733255e+00
-1.520357364726029115e+00
-1.530907261260649133e+00
-1.541380766073557673e+00
-1.551757507432971472e+00
-1.562022288168429140e+00
-1.572165592975597992e+00
-1.582183711652751956e+00
-1.592078524141981921e+00
-1.601857022999998215e+00
-1.611530663602349200e+00
-1.621114630837986237e+00
-1.630627095021656814e+00
-1.640088503458756675e+00
-1.649520923396793570e+00
-1.658947423407678201e+00
-1.668391459406216359e+00
-1.677876222768220238e+00
-1.687423913265833741e+00
-1.697054917980904909e+00
-1.706786905572333479e+00
-1.716633877802031583e+00
-1.726605250534128722e+00
-1.736705058115168843e+00
-1.746931383075774891e+00
-1.757276104762320212e+00
-1.767725035986598137e+00
-1.778258479116815449e+00
-1.788852187596381427e+00
-1.799478672433115101e+00
-1.810108752773567087e+00
-1.820713221403513771e+00
-1.831264484165723960e+00
-1.841738038568316638e+00
-1.852113680116797223e+00
-1.862376361284370230e+00
-1.872516671611081929e+00
-1.882530951222951998e+00
-1.892421087307669669e+00
-1.902194068387340620e+00
-1.911861381511675617e+00
-1.921438332450146502e+00
-1.930943350986463081e+00
-1.940397317084078921e+00
-1.949822914853408307e+00
-1.959243996001267085e+00
-1.968684918033820619e+00
-1.978169818425779436e+00
-1.987721795393234903e+00
-1.997361987345773304e+00
-2.007108572673595326e+00
-2.016975743625127659e+00
-2.026972736255783225e+00
-2.037103016787193077e+00
-2.047363728734348687e+00
-2.057745492749126992e+00
-2.068232623011901694e+00
-2.078803783620067680e+00
-2.089433061356447130e+00
-2.100091384273380157e+00
-2.110748175612394029e+00
-2.121373105626087607e+00
-2.131937793891126809e+00
-2.142417323153290365e+00
-2.152791451263502687e+00
-2.163045446353364376e+00
-2.173170516066629254e+00
-2.183163847416982328e+00
-2.193028312885790587e+00
-2.202771925258997676e+00
-2.212407135222817622e+00
-2.221950061384170283e+00
-2.231419724318993492e+00
-2.240837328841484233e+00
-2.250225607687787566e+00
-2.259608211371661568e+00
-2.269009108611781400e+00
-2.278451953385327133e+00
-2.287959380004890519e+00
-2.297552205739299414e+00
-2.307248548050796710e+00
-2.317062895265753042e+00
-2.327005199243275424e+00
-2.337080080312111896e+00
-2.347286243610710699e+00
-2.357616199301010518e+00
-2.368056356873006862e+00
-2.378587528523708805e+00
-2.389185833252474467e+00
-2.399823948192000067e+00
-2.410472613534919706e+00
-2.421102268266168700e+00
-2.431684680136553034e+00
-2.442194436883566411e+00
-2.452610185883453475e+00
-2.462915542874181796e+00
-2.473099631759201777e+00
-2.483157260285126178e+00
-2.493088774054619261e+00
-2.502899658440625785e+00
-2.512599971062792648e+00
-2.522203685661207562e+00
-2.531728013166448576e+00
-2.541192741455597925e+00
-2.550619607116387577e+00
-2.560031686420557229e+00
-2.569452773998096351e+00
-2.578906710292232063e+00
-2.588416624489833229e+00
-2.598004077498071496e+00
-2.607688116519156551e+00
-2.617484283822581137e+00
-2.627403651385526562e+00
-2.637451974186330705e+00
-2.647629063272991079e+00
-2.657928472523616747e+00
-2.668337570115832946e+00
-2.678838029675508547e+00
-2.689406731760505043e+00
-2.700017020167860160e+00
-2.710640216435985739e+00
-2.721247266090128569e+00
-2.731810376203421598e+00
-2.742304507818960069e+00
-2.752708608002880641e+00
-2.763006501377744506e+00
-2.773187404378493426e+00
-2.783246070398733174e+00
-2.793182613569771711e+00
-2.803002087310036750e+00
-2.812713907213297393e+00
-2.822331205186044301e+00
-2.831870184682024227e+00
-2.841349519544477342e+00
-2.850789807151765665e+00
-2.860213056688606148e+00
-2.869642171363266492e+00
-2.879100373687767167e+00
-2.888610527705056441e+00
-2.898194330801328711e+00
-2.907871377384882550e+00
-2.917658132003369431e+00
-2.927566883894182848e+00
-2.937604781850224001e+00
-2.947773062006675993e+00
-2.958066578145849501e+00
-2.968473723545911103e+00
-2.978976797365975759e+00
-2.989552821801275240e+00
-3.000174765385945186e+00
-3.010813080337427117e+00
-3.021437424835282215e+00
-3.032018420209672271e+00
-3.042529291342399134e+00
-3.052947256340056370e+00
-3.063254565871733170e+00
-3.073439138041730523e+00
-3.083494784170484060e+00
-3.093421066766051553e+00
-3.103222866447457040e+00
-3.112909754726041811e+00
-3.122495272188454685e+00
-3.131996197627573419e+00
-3.141431866725814537e+00
-3.150823564810470323e+00
-3.160193983831324882e+00
-3.169566705777893123e+00
-3.178965658690206197e+00
-3.188414490439646087e+00
-3.197935819988317441e+00
-3.207550353398227916e+00
-3.217275887468311169e+00
-3.227126260895929022e+00
-3.237110344200102574e+00
-3.247231179051370376e+00
-3.257485380838954558e+00
-3.267862903699074728e+00
-3.278347236231976325e+00
-3.288916052877915774e+00
-3.299542296576595035e+00
-3.310195620119167348e+00
-3.320844073619264591e+00
-3.331455899598517512e+00
-3.342001288863803765e+00
-3.352453960346898576e+00
-3.362792454139074572e+00
-3.373001064359569146e+00
-3.383070380964659840e+00
-3.392997450456722852e+00
-3.402785598805762035e+00
-3.412443981617721001e+00
-3.421986934896913635e+00
-3.431433195374916423e+00
-3.440805045253344296e+00
-3.450127416816168413e+00
-3.459426972825533575e+00
-3.468731163653860250e+00
-3.478067255159400517e+00
-3.487461323866699381e+00
-3.496937227363214884e+00
-3.506515575270393814e+00
-3.516212745611867252e+00
-3.526040008279753835e+00
-3.536002827409935989e+00
-3.546100414858446292e+00
-3.556325596424412705e+00
-3.566665031720495094e+00
-3.577099800137495400e+00
-3.587606332956542410e+00
-3.598157639729374857e+00
-3.608724749860899195e+00
-3.619278271369468225e+00
-3.629789960204326427e+00
-3.640234195779811444e+00
-3.650589270461678026e+00
-3.660838420263184290e+00
-3.670970547889228719e+00
-3.680980614285193298e+00
-3.690869698189822579e+00
-3.700644742827678080e+00
-3.710318023730280856e+00
-3.719906381600482259e+00
-3.729430269740265924e+00
-3.738912667926664213e+00
-3.748377914967655489e+00
-3.757850511550338446e+00
-3.767353944044646408e+00
-3.776909578750838214e+00
-3.786535674287017983e+00
-3.796246556685405338e+00
-3.806051996516204738e+00
-3.815956819391424393e+00
-3.825960770330740779e+00
-3.836058639021733718e+00
-3.846240637824146269e+00
-3.856493008697662539e+00
-3.866798820540775061e+00
-3.877138906165906285e+00
-3.887492879628621001e+00
-3.897840170678789296e+00
-3.908161013980061327e+00
-3.918437336115939473e+00
-3.928653493424980603e+00
-3.938796826297283005e+00
-3.948858009330109553e+00
-3.958831189795493088e+00
-3.968713926823209448e+00
-3.978506974211384772e+00
-3.988213993109947175e+00
-3.997841316911275200e+00
-4.007397893744674811e+00
-4.016895449692951203e+00
-4.026348780211342238e+00
-4.035775772997165056e+00
-4.045196925324689552e+00
-4.054633274755301997e+00
-4.064104620360917686e+00
-4.073627547180595165e+00
-4.083215861967152804e+00
-4.092876598825763601e+00
-4.102603853770413700e+00
-4.112371871442473292e+00
