-3.929784787405075974e+00 -4.153285086846452145e+00
-3.868425828461113269e+00 -2.924584147825694203e+00
-3.928269954428323274e+00 -1.969109773881356773e+00
-3.927808614795978315e+00 -1.249529074270288476e+00
-3.959468073614850425e+00 -5.019662977051204678e-01
-3.932182307820525580e+00 2.712443083094981944e-01
-3.930325931366752457e+00 9.687907468576248959e-01
-3.934813837804462366e+00 1.701084214848684439e+00
-3.921816109216933910e+00 2.403284794552572379e+00
-3.939310093647108602e+00 3.095378565539025573e+00
-3.931598043722800639e+00 3.858992107850003350e+00
-3.032118459001424071e+00 -4.125526004071886632e+00
-3.079136721641006602e+00 -3.413937628559047255e+00
-3.087249867578279350e+00 -2.663261849292855032e+00
-3.122281983558600871e+00 -1.944981829683786856e+00
-3.103893083415506737e+00 -1.215308650417082248e+00
-3.104623673265415107e+00 -5.093018596516358798e-01
-3.105905381355391626e+00 9.753027573756121171e-01
-3.150782332586913981e+00 1.705137563250328725e+00
-3.160596400418512530e+00 2.414561029922996482e+00
-3.177012102349685563e+00 3.198466658642086458e+00
-2.339913043499265655e+00 -3.393057772012944895e+00
-2.395498609377284538e+00 -2.655586626296809527e+00
-2.354560827646821508e+00 -1.944312815754610568e+00
-2.375099686153888001e+00 -1.206880813882641235e+00
-2.374818547081353870e+00 -4.925438369389496529e-01
-2.350833928657536376e+00 9.851708085395358694e-01
-2.383032194791169900e+00 1.706703693590117865e+00
-2.422676776255002551e+00 2.455319526426638532e+00
-2.410499001701353450e+00 3.220169017641634213e+00
-2.420553270027291148e+00 3.932576637138513576e+00
-1.613732774284457605e+00 -4.099832451142354728e+00
-1.622824289284352517e+00 -3.387526978222155094e+00
-1.614257028587950060e+00 -2.654671057757134633e+00
-1.628590305018036588e+00 -1.917296135368808052e+00
-1.662752930498932358e+00 -1.221211474474898750e+00
-1.622190237900980492e+00 -4.987517540819794704e-01
-1.631752417706998415e+00 9.475392041148147371e-01
-1.654720059824029477e+00 1.738183503468622604e+00
-1.651453033460668962e+00 2.484777895330736897e+00
-1.647502213463553744e+00 3.195183444027481556e+00
-1.640063760480543920e+00 3.928122990905588807e+00
-8.733015546729276934e-01 -4.070369703280380946e+00
-8.856290231101837662e-01 -3.346930205594759400e+00
-8.840313764171625621e-01 -2.652410297027238073e+00
-8.784906925708924064e-01 -1.929561065741630443e+00
-8.770242714096809777e-01 -1.203534992053135966e+00
-8.753819591131062339e-01 -4.638196523517628123e-01
-8.767883038664407991e-01 2.795660882052111162e-01
-9.067199640572383146e-01 1.696238635582908216e+00
-8.936895850862640600e-01 2.496860796730370424e+00
-9.670248197904101062e-01 3.212891730522596134e+00
-9.122051424277657361e-01 3.958991769897064472e+00
-1.223624388565269783e-01 -4.056469997411056738e+00
-1.523904618600511185e-01 -3.388685708814922037e+00
-1.798485026775367146e-01 -2.665380827378324824e+00
-1.530197061115075030e-01 -1.923893216830656172e+00
-1.476156054701363018e-01 -1.214879154419570284e+00
-1.667713289042964675e-01 -4.762523773727664889e-01
-2.066785223679161732e-01 2.404675158037363758e-01
-1.575398865008281746e-01 9.789395917577081718e-01
-1.587622554910268491e-01 1.718762651571122291e+00
-1.398913800796464102e-01 2.507701591933823693e+00
-2.048609996011165890e-01 3.156855101808442754e+00
-1.521344874237655631e-01 3.920689574828603696e+00
6.123177501644647691e-01 -4.070466570456151345e+00
6.625703085996690334e-01 -3.287083209653868465e+00
5.819221899381687990e-01 -2.612757486306463761e+00
5.861502892022016908e-01 -1.934251578657029569e+00
5.850134587923037088e-01 -1.202107381490254312e+00
5.830008920576261744e-01 -5.191234371185835528e-01
5.772974919359654677e-01 2.140034651760736040e-01
6.066007841437794923e-01 9.685493586082571937e-01
6.284185815505409778e-01 1.699351358215988483e+00
5.929423610404427336e-01 2.509663107577537744e+00
5.933590946285605128e-01 3.176912481008098865e+00
5.845858362344600323e-01 3.888735339905164068e+00
1.323135056388153430e+00 -4.044065578306312858e+00
1.325323579834346788e+00 -3.328742337975644006e+00
1.325025786683362128e+00 -2.608106027446144282e+00
1.416866868610092922e+00 -1.908291556909706088e+00
1.302156069581663189e+00 -1.221930051076295598e+00
1.325998231057297971e+00 -4.924775030049026725e-01
1.267902606425536760e+00 2.682739730125227595e-01
1.346884683836968577e+00 9.353567344303073128e-01
1.360034563412447994e+00 1.690229126055751152e+00
1.379092285455989497e+00 2.437371052597363530e+00
1.409779052313488990e+00 3.161372056396604791e+00
2.066659981214087338e+00 -4.043237031804444825e+00
2.074579623893640701e+00 -3.328158903648386513e+00
2.073877547845214053e+00 -2.604631186116364461e+00
2.049911566525679518e+00 -1.197014262880596647e+00
2.060249704962309636e+00 -4.966549925031671364e-01
2.079796507835077080e+00 2.474576867171798256e-01
2.106066556226558362e+00 9.583082082147562630e-01
2.153148052907951637e+00 1.702768439869618788e+00
2.119403818599664646e+00 2.414014720582908780e+00
2.160626575530486093e+00 3.122493426557515050e+00
2.211178800553831536e+00 3.799663389721114726e+00
2.795591086797060143e+00 -4.052413437149162689e+00
2.813656679994032572e+00 -3.326802991038668722e+00
2.804922636122839208e+00 -2.596862294379768343e+00
2.823519957880321840e+00 -1.882753737111499959e+00
2.802958783831002165e+00 -1.194888497546287454e+00
2.801954490028421674e+00 -4.534842753585763830e-01
2.830450872744386004e+00 2.435214044633120523e-01
2.867549478852190248e+00 1.020595830639507540e+00
2.888006001204018958e+00 1.685173788735461642e+00
2.918810504812263673e+00 2.430691179047112627e+00
2.895479920088213532e+00 3.127044857017875046e+00
2.895686685342873545e+00 3.860927872105246905e+00
3.564979196293535324e+00 -4.057332203895036571e+00
3.547905258641911530e+00 -3.346752013817024363e+00
3.557925516266912780e+00 -2.605560773050928702e+00
3.554766811674774374e+00 -1.859353619589739992e+00
3.533987875189787076e+00 -1.149533918656821641e+00
3.607524910903400439e+00 -4.624542778251026220e-01
3.578465983542770346e+00 2.628997126436836140e-01
3.603158433281485884e+00 9.521110509581625081e-01
3.603914021627616648e+00 1.701904916936396006e+00
3.647685343594773144e+00 2.440395013363680476e+00
3.665099378499235172e+00 3.149061544607778984e+00
3.672345286603395209e+00 3.854765943607095124e+00
4.322839745822861346e+00 -4.060898718301260146e+00
4.301257673226267286e+00 -3.377151929776079697e+00
4.307584567372032325e+00 -2.599688264207152599e+00
4.300678532856125003e+00 -1.898585707506533993e+00
4.388480126510351909e+00 -4.513037786794171780e-01
4.373050532441951077e+00 2.703337008742892067e-01
4.303599026314756770e+00 9.615018422635834838e-01
4.377158565950871605e+00 1.701209546118519711e+00
4.405672717190569188e+00 3.133943953165339025e+00
4.442068131787181073e+00 3.846972827250315419e+00
5.049178996598485014e+00 -4.065115189485151603e+00
5.019483223835948138e+00 -3.357131544836253312e+00
5.056770220353591583e+00 -1.897969974628335166e+00
5.115972559725058488e+00 -1.197564169627124642e+00
5.155164474267429853e+00 -4.562136713826241419e-01
5.187155116503824104e+00 2.641672833464170367e-01
5.138080906555735794e+00 9.828434847679048403e-01
5.115436061898755327e+00 1.675308884406767618e+00
5.155574891204182109e+00 2.407736078481839570e+00
5.166424956974289273e+00 3.140935572367620665e+00
5.169110673859982796e+00 3.876172245119757775e+00
5.877797390898535923e+00 -4.057595907555658243e+00
5.863103815015676901e+00 -3.358935460314729227e+00
5.895247082355851376e+00 -2.524181792609514474e+00
5.823463456431561269e+00 -1.943998949467381721e+00
5.881638094873075318e+00 -1.239368082937318150e+00
5.922574252532399441e+00 2.137650854211692319e-01
5.927770181377525205e+00 9.549107602675199757e-01
5.901728189837953664e+00 1.662192907688190502e+00
5.890836305807546580e+00 2.402915334861479124e+00
5.883131427251910850e+00 3.117618089054825958e+00
5.886122924047434424e+00 3.861671996483057256e+00
6.655063325371052940e+00 -2.670150742743430783e+00
6.685923834602107263e+00 -1.252725965367094574e+00
6.673907189170769527e+00 -5.351203794367869193e-01
6.642128986742967811e+00 2.100978668606714450e-01
6.630403584639005032e+00 9.455579037271597542e-01
6.648657057105857859e+00 1.654506986144919978e+00
6.645731016449381912e+00 2.387521422698736018e+00
6.640834149071736192e+00 3.114369088626542492e+00
6.682198395075992892e+00 3.815564934579999345e+00
7.453281476406253603e+00 -1.974160661976306130e+00
7.418161969436532388e+00 -1.261412259333539509e+00
7.430864053656051738e+00 -5.657668882795405807e-01
7.390086558324099997e+00 1.639517612801810742e-01
7.373456112929233086e+00 9.578935947179765265e-01
7.391388882704070795e+00 1.660643176670706822e+00
7.424356702217174586e+00 2.333797116342982036e+00
7.417373355541350577e+00 3.067645340310168223e+00
7.485067988328815147e+00 3.757910987531364100e+00
8.353634019903253716e+00 -4.106118974514615161e+00
8.358086498816454935e+00 -3.387108008476992893e+00
8.334994749282195414e+00 -2.671634514516590286e+00
8.290455453388283047e+00 -1.986062629359945930e+00
8.262709322681516255e+00 -1.251106590840560528e+00
8.238966485117600769e+00 -5.444176038994861244e-01
8.158537303750897252e+00 9.176653494805293576e-01
8.139863327708411589e+00 1.591225863455573375e+00
8.172465362002718336e+00 2.346532751653032989e+00
8.212658357689704758e+00 3.089164743473620689e+00
8.245668687891686943e+00 3.748108393979595832e+00
9.120247526297561080e+00 -3.418857271142719867e+00
9.122188287394614292e+00 -2.682438373268340115e+00
9.121171334420033361e+00 -1.990316163862338783e+00
9.061363481031648348e+00 -1.283944492453663599e+00
8.964941245279327120e+00 1.597501078817735731e-01
8.918618777507305140e+00 8.831404495789456632e-01
8.918933826680181198e+00 1.601232757192846634e+00
8.935496775061700703e+00 2.319967918834869636e+00
8.985272764680466651e+00 2.993641231241664258e+00
9.018667863999418444e+00 3.776878274409664726e+00
9.921768923487029213e+00 -3.423689638732895446e+00
9.910678323526845190e+00 -2.688116577088827341e+00
9.931662716003884839e+00 -2.039380014764692106e+00
9.846014486110654218e+00 -1.247566486598433499e+00
9.847658241351915365e+00 -5.331601950764053299e-01
9.759833214990869976e+00 1.482928251076920390e-01
9.693922492075500941e+00 8.662648730431214972e-01
9.667247512646014229e+00 1.594987312561293891e+00
9.702633579682142795e+00 2.313859863345143708e+00
9.767695803995152914e+00 3.021690618385495242e+00
9.772085015998975166e+00 3.725717921827165213e+00
1.083632879306244945e+01 -4.217336498058415373e+00
1.077916303617650584e+01 -3.460638819391597565e+00
1.077040478892715214e+01 -2.764725177440578108e+00
1.068137950881119735e+01 -2.034384184929450612e+00
1.066334323159659192e+01 -1.274271546585747927e+00
1.062267096755110174e+01 -5.616177167852782759e-01
1.060246253341858846e+01 1.845867550161166548e-01
1.058065610250726962e+01 8.349524499396494548e-01
1.065713167372904024e+01 1.566567217710609583e+00
1.058979988678745343e+01 2.344844142785063923e+00
1.057119565477056966e+01 3.013916192825202955e+00
1.061498529142127722e+01 3.734370899250780695e+00
1.171595878246399280e+01 -4.150127260211373681e+00
1.171616275890647785e+01 -3.443430734420712014e+00
1.169017673329799578e+01 -2.691207850798555512e+00
1.162571893015952895e+01 -1.259669018836568455e+00
1.158293219879690383e+01 1.339805214058742422e-01
1.136270102013788375e+01 8.718995971412475399e-01
1.136542042241483585e+01 1.593115373078756392e+00
1.135333216721668492e+01 2.317035657563710771e+00
1.138759188450431736e+01 3.039835317319582231e+00
1.139967758715591373e+01 3.741207374628192639e+00
1.242641969818141945e+01 -3.440849758835341277e+00
1.260225104789233797e+01 -2.698517476259219450e+00
1.245511501810810273e+01 -2.034249817981788055e+00
1.245701825489830128e+01 -1.304392152321153020e+00
1.239605034582094589e+01 -5.745134186805280763e-01
1.234559946771661032e+01 1.542009761335627616e-01
1.226211803081612572e+01 8.643221494855950482e-01
1.214802088328720231e+01 1.587676257128215696e+00
1.211091323686977006e+01 2.359561593370667509e+00
1.213349312927965684e+01 3.044137718178919982e+00
1.220595869030104552e+01 3.739966495478913799e+00
1.336167269596069929e+01 -4.191696285241469866e+00
1.334201246592753165e+01 -3.466912399610293960e+00
1.331875335093164381e+01 -2.718877457303946699e+00
1.319253159826237010e+01 -2.081798219322102739e+00
1.306524157331150349e+01 1.946727082055907943e-01
1.303077447433147285e+01 8.848432425440861948e-01
1.297010567674944070e+01 1.586346964081489119e+00
1.300254477673617259e+01 2.297910184174021708e+00
1.307123012222322700e+01 3.008239764391195337e+00
1.310820733513087788e+01 3.733405302348682397e+00
1.429871508451820006e+01 -4.216564892538094966e+00
1.422835702229083665e+01 -3.469343997119516132e+00
1.416801771106356966e+01 -2.705507556905466515e+00
1.403598284136675289e+01 -1.292863426953452688e+00
1.398189661926221561e+01 1.790183998984851144e-01
1.396094313051204949e+01 8.494470501911131066e-01
1.378627033056511664e+01 1.607526001019948581e+00
1.384115666980524395e+01 3.041924419019419901e+00
1.383933795087642693e+01 3.742343193042227512e+00
1.505730240760301086e+01 -4.213082046628990440e+00
1.505475524040931390e+01 -3.500299263280766127e+00
1.508266576541861781e+01 -2.783940782222348531e+00
1.506096837568535562e+01 -2.082840167591211156e+00
1.492223257532960190e+01 -1.318271228679847695e+00
1.501911458775106922e+01 -5.936794217441203614e-01
1.474695876320873111e+01 1.850001454265495227e-01
1.464569836267408931e+01 1.615613090441428312e+00
1.466680415015089523e+01 2.328233293374996293e+00
1.459178192992640533e+01 3.052096205257551986e+00
1.465968253306009927e+01 3.715115078365908374e+00
1.581136652194410175e+01 -4.277225083900525249e+00
1.581390106415051378e+01 -3.529364152354823148e+00
1.579486456859721955e+01 -2.834395929649851098e+00
1.577611812922229717e+01 -2.099029687473944250e+00
1.572997197729765162e+01 -1.353688877880053099e+00
1.569424876786545298e+01 -6.345956636271594675e-01
1.566058329885586886e+01 1.222577145653325204e-01
1.551957195493909580e+01 1.637921283461270860e+00
1.548257970997813970e+01 2.315332880038091901e+00
1.544017931866699200e+01 2.962962968949565123e+00
1.546583607111133318e+01 3.736787568362000655e+00
1.656223284319774081e+01 -4.230471493030847796e+00
1.654005848700614223e+01 -3.529228311259771544e+00
1.650899532944784198e+01 -2.817978656583882469e+00
1.648571222948467607e+01 -2.063144736865172746e+00
1.646096061061769689e+01 -1.361059508293365639e+00
1.642634250981575406e+01 -6.471504586772347523e-01
1.641263832387087263e+01 1.864351496410918685e-01
1.632417430121567037e+01 8.651048747972645003e-01
1.629649687625361310e+01 1.546476872225717614e+00
1.627760902227495166e+01 2.359345317676584841e+00
1.626757557721241909e+01 3.068728113934984236e+00
1.630560486320294444e+01 3.796722421077344478e+00
1.729082698813061825e+01 -4.190327074549518471e+00
1.727725615254915681e+01 -3.532628915657429758e+00
1.723692298202639961e+01 -2.759089390115818219e+00
1.719653125628054369e+01 -2.049617959961718583e+00
1.714701810558423745e+01 -1.342808251984333623e+00
1.716219251857336303e+01 -5.869057205830969792e-01
1.711393187624210555e+01 1.360602169762366032e-01
1.708110923020593930e+01 9.362804830035500459e-01
1.705224478810711020e+01 1.623112730269493653e+00
1.703442521552136668e+01 2.374319706083777959e+00
1.699809067004796503e+01 3.127870552861299558e+00
1.701715184052021357e+01 3.838584952042875642e+00
1.802051038466652955e+01 -4.230506036160239347e+00
1.799316195910306249e+01 -3.492740825984263608e+00
1.795121853562820746e+01 -2.755066244889828653e+00
1.792535879872229998e+01 -2.035213968813057051e+00
1.789912884662575721e+01 -1.293858732533816891e+00
1.789325179351644834e+01 -5.734153289350416571e-01
1.787106808821910420e+01 2.038161036003280913e-01
1.784617913414603407e+01 8.920237258104783962e-01
1.777656923104625264e+01 1.622418614273026805e+00
1.777256050639302032e+01 2.379296637353753852e+00
1.773325351333953392e+01 3.134386545934692236e+00
1.778902161601448029e+01 3.877443468213431998e+00
1.884155968217203281e+01 -4.126368757402357090e+00
1.871699597661688586e+01 -3.419094068611354231e+00
1.869536986149886815e+01 -2.702881885800309192e+00
1.866724815305573060e+01 -1.998935351237651759e+00
1.862772152990710595e+01 -1.267688720340039765e+00
1.859825683676259445e+01 -5.503645012680564719e-01
1.859125675425931234e+01 1.738437578773641690e-01
1.856628068734016779e+01 9.044633752520070402e-01
1.854084631470661293e+01 1.643259161121001455e+00
1.853931230611899394e+01 2.377938349159730791e+00
1.852497152903876554e+01 3.106702011610391168e+00
1.860356631238457936e+01 3.836903470205893285e+00
1.960100613891866317e+01 -4.191687049828416889e+00
1.958055715625888382e+01 -3.432178488474423972e+00
1.952188507726553723e+01 -2.677356977294731877e+00
1.947414223904922181e+01 -1.940492003231529594e+00
1.948081697980353511e+01 -1.210349793639210247e+00
1.935664355303510575e+01 1.792984092583189693e-01
1.959688414391072087e+01 8.958087991191376886e-01
1.943236355400799198e+01 1.653005008528534603e+00
1.934424177592472915e+01 2.405547479389035459e+00
1.944582717478434120e+01 3.131787840869481698e+00
1.948548706388243090e+01 3.749296091197155789e+00
2.033266940724362115e+01 -4.181446067755853591e+00
2.029341910015140371e+01 -3.416653727781984173e+00
2.027346274581731222e+01 -2.703884778785923260e+00
2.031288161784194557e+01 -1.996353499716139623e+00
2.032943929089564961e+01 -1.259808657043411273e+00
2.031471712848866673e+01 -5.276613497534938801e-01
2.030729402801895134e+01 2.024809462514625125e-01
2.035221322149133982e+01 9.414927517681270785e-01
2.026242549084476252e+01 1.660310119722780087e+00
2.026541246450273803e+01 2.387283624648141256e+00
2.028645470390267747e+01 3.051393495643882403e+00
2.032001774671590510e+01 3.773915609410106953e+00
2.152568865138765375e+01 -4.095639889438267289e+00
2.146756457490036496e+01 -3.428804173481626805e+00
2.149907935342947951e+01 -2.652725356317183980e+00
2.154562066945778298e+01 -1.929699848932713735e+00
2.140413418042046345e+01 -3.476297225685271997e-01
2.126592083939083011e+01 2.172304890093066376e-01
2.123694865007432497e+01 9.499070948798440384e-01
2.115421801921142020e+01 1.669910013613140620e+00
2.114028636550787610e+01 2.385788169454933438e+00
2.114371882391877477e+01 3.031327019025734870e+00
2.110973630258736478e+01 3.785885171965087892e+00
2.223726765834341990e+01 -4.170172652505403477e+00
2.224478025002029824e+01 -3.437239125710590315e+00
2.223250591396266884e+01 -2.713132779219783686e+00
2.224572865514624453e+01 -1.975197825738909785e+00
2.222462340526788438e+01 -1.247736110652333252e+00
2.221040248771264913e+01 -5.274716845877129856e-01
2.218046468952863393e+01 2.109156551103801291e-01
2.205396613376255033e+01 9.826635702669541672e-01
2.210247802124071370e+01 2.434909549144947505e+00
2.201651720133834544e+01 3.092027946834694063e+00
2.199419938575084643e+01 3.736773473128391032e+00
2.297758290128231096e+01 -4.160847913893412908e+00
2.295023364407996525e+01 -3.441510489466978129e+00
2.299187500023045772e+01 -2.714870692333228419e+00
2.297793551737677831e+01 -1.967475249696434503e+00
2.297762786783925293e+01 -1.262816873745329360e+00
2.296551047392946288e+01 -5.400494992877185041e-01
2.292434197936788820e+01 1.805859684253121600e-01
2.291707908015932560e+01 9.425364073042885593e-01
2.291087427026381107e+01 1.655072176164495090e+00
2.289516959556465281e+01 2.358406403788485761e+00
2.282943122733412622e+01 3.110721909530912654e+00
2.286194082124205806e+01 3.760371131376768261e+00
2.371788898266910195e+01 -4.164265090724345697e+00
2.371565473091889942e+01 -3.449279237937915354e+00
2.371163268551222103e+01 -2.714553526915711501e+00
2.371577057019631241e+01 -2.003228180858311447e+00
2.371824166067300865e+01 -1.242915346980314695e+00
2.370713751051876983e+01 -5.220962759162901534e-01
2.376597298828455962e+01 1.641675929282477853e-01
2.371802000487638651e+01 9.324233632364773428e-01
2.363863954615164431e+01 1.641054705202293462e+00
2.368562408829789234e+01 2.387828074088588437e+00
2.365951392721468949e+01 3.105295066387146363e+00
2.371097236134119157e+01 3.757918360499960642e+00
2.460320956013123350e+01 -4.085969692974575906e+00
2.447779036811088105e+01 -2.744480447088978536e+00
2.441185242101657593e+01 -2.054452008314303413e+00
2.448652778763283777e+01 -1.278951978964897762e+00
2.445981102227718651e+01 -5.645497539372037465e-01
2.446346687636793149e+01 1.581282564685828618e-01
2.447905289422123332e+01 8.904908802524467148e-01
2.448051405457298557e+01 1.639961492523291042e+00
2.445659978061848960e+01 2.345272007398286007e+00
2.445586258325752027e+01 3.078649319240401638e+00
2.449517082054614292e+01 3.779459824557722669e+00
2.523132713807769534e+01 -4.173626004163804026e+00
2.513550978636481403e+01 -3.449769999804132681e+00
2.524796244142503099e+01 -2.741742892442537993e+00
2.519366554009012305e+01 -2.008346247730987244e+00
2.520446987888895052e+01 -1.309299589502447958e+00
2.518485498217194163e+01 -5.914792741924443931e-01
2.521036535666186751e+01 1.431500902303852740e-01
2.521150089708053343e+01 8.688576172388735586e-01
2.524026672163367380e+01 1.614500569440266986e+00
2.525529266161264985e+01 2.299104423785884421e+00
2.524905814485443756e+01 3.050514921495032894e+00
2.527490089057135236e+01 3.758440983864165474e+00
2.596514095306400804e+01 -4.167704025383894617e+00
2.597762121528903378e+01 -3.481958261310975189e+00
2.594668501863712606e+01 -2.758180342322571477e+00
2.594407488403287942e+01 -2.027898332261230507e+00
2.594810571810324262e+01 -1.309999788020313360e+00
2.594311720117365638e+01 -5.485624657578931362e-01
2.596954418986983626e+01 1.317954354544248474e-01
2.595581670289813303e+01 8.577499447731469218e-01
2.600068725634860556e+01 1.605794868166089628e+00
2.605048577966194756e+01 2.362446602915358795e+00
2.601718403660035506e+01 3.051721970502260461e+00
2.605242663871096198e+01 3.751593361720093611e+00
2.676403559081152395e+01 -4.222896604282240673e+00
2.673331008518169938e+01 -3.495981781728836779e+00
2.674017907107717917e+01 -2.769133148831787850e+00
2.671759504330339752e+01 -2.042251024142270666e+00
2.672220269597775655e+01 -1.325581331948420427e+00
2.669912685783152284e+01 -6.379601556728218270e-01
2.671241539981713231e+01 1.210943449716843645e-01
2.672532202545968971e+01 7.888334172805713251e-01
2.673610594799012574e+01 1.579096114780117688e+00
2.677315805901923795e+01 2.271227536020777649e+00
2.681699535543950219e+01 3.005846093064125313e+00
2.682060808830311061e+01 3.710531280710899438e+00
2.754948834755185771e+01 -4.235597482215013088e+00
2.747979148467747734e+01 -3.493346319005240730e+00
2.748598989628390399e+01 -2.772062034258450325e+00
2.751055547618778263e+01 -2.075890484536063951e+00
2.748499492313455761e+01 -1.343546706560022841e+00
2.750005727287691570e+01 -6.359378233067687347e-01
2.752191186470076190e+01 6.279121696474732062e-02
2.754135413704942437e+01 7.626509160962093858e-01
2.753705638967520741e+01 1.516606758566464208e+00
2.750569957365341622e+01 2.263599453021562624e+00
2.756082541702486566e+01 2.983891016830842347e+00
2.760083064270554587e+01 3.697963381028269936e+00
2.848283731240055516e+01 -4.118268324400720104e+00
2.830176487733853463e+01 -3.509649682159984962e+00
2.843543660183363642e+01 -2.746792156097701110e+00
2.825772552146973027e+01 -2.105255327330173287e+00
2.825909359845343971e+01 -1.412488668933136182e+00
2.822989743566406418e+01 -6.660413005905567729e-01
2.823356058538012547e+01 4.538558788592439441e-02
2.827762661010017808e+01 7.579438606625821251e-01
2.831415374937667906e+01 1.464949142878587907e+00
2.835403818691393241e+01 2.185141825982046981e+00
2.837405823784448700e+01 2.907263549172082406e+00
2.836314573921929849e+01 3.648420780478137004e+00
2.917287167090103850e+01 -4.227562281938997302e+00
2.912846174092772600e+01 -3.535327991770461864e+00
2.910400132544636875e+01 -2.830828631475625912e+00
2.910148169225960402e+01 -2.111853785347676649e+00
2.907059689862489194e+01 -1.418668739878082619e+00
2.906167513435915595e+01 -6.953309853599485280e-01
2.908917639878243477e+01 3.613503306497278800e-02
2.903716553405319445e+01 7.474848748097109308e-01
2.906017605967296191e+01 1.433270848987056922e+00
2.909925478697750378e+01 2.155815391701349171e+00
2.911186212966897102e+01 2.875097045775380167e+00
2.913018250153334776e+01 3.621644297298498572e+00
2.995604046456016789e+01 -4.230569223586236660e+00
2.985022061274677441e+01 -2.122095303928183796e+00
2.983533738374851652e+01 -1.451688039939558195e+00
2.996490058857923344e+01 -6.688472435040679898e-01
2.988451407858956799e+01 -1.469021926314439952e-02
2.982669061597174931e+01 7.063108822431694023e-01
2.985366670020807334e+01 1.436318968578262911e+00
2.987268477525416444e+01 2.149135674560405107e+00
2.987802250957935968e+01 2.857287397176595078e+00
2.986867943422678451e+01 3.589007905210298333e+00
3.073074833208011825e+01 -4.246216877408279800e+00
3.068472244726381604e+01 -3.514123123774773205e+00
3.068704777669190520e+01 -2.831611494530779538e+00
3.066687006233859591e+01 -2.128184745752481177e+00
3.063892407354970970e+01 -1.439600387482265376e+00
3.064342851221814357e+01 -7.345260374631337186e-01
3.064322029202117648e+01 -2.626324619302522478e-02
3.065962865528323533e+01 6.901808389226289364e-01
3.066507153066279301e+01 1.428835181766199725e+00
3.066727615302135490e+01 2.161860118338772452e+00
3.063770515931955885e+01 2.899446844011418278e+00
3.064620701712065198e+01 3.635456673015685425e+00
3.157204456519027502e+01 -4.203557703349982688e+00
3.149339826313680391e+01 -3.571987447453778941e+00
3.138233297244872944e+01 -2.824282596176988847e+00
3.140361764946394629e+01 -2.168851222834319969e+00
3.139182314109422833e+01 -1.450957163856095633e+00
3.139827785518821912e+01 -4.000042705576234425e-02
3.140109638018218874e+01 6.856917982272570100e-01
3.137464228448931891e+01 1.429209760188122402e+00
3.139595327464554231e+01 2.176375263208139899e+00
3.144565060667930112e+01 2.920385012724818097e+00
3.153271188297068051e+01 3.629505407283051710e+00
3.226103571717117546e+01 -4.225909317401391974e+00
3.225805958201402035e+01 -3.573649892521686411e+00
3.222715026774725544e+01 -2.846421128413648916e+00
3.218652401672188290e+01 -2.130769102976277196e+00
3.218116722122515938e+01 -1.451539580328685020e+00
3.214851779560057565e+01 -1.752110005822871130e-02
3.214157206160175662e+01 7.017481146844311013e-01
3.222308508819219952e+01 1.413683693748030379e+00
3.221708694671138318e+01 2.167754164015097018e+00
3.224873339944839046e+01 2.885399961830561466e+00
3.223508067202320859e+01 3.631033704152553554e+00
3.307299937801807488e+01 -4.241817410436301117e+00
3.300687064126297088e+01 -3.535985085077019363e+00
3.303580788571596116e+01 -2.839876607400622532e+00
3.298771222143925996e+01 -2.127634429758376911e+00
3.293349323642693349e+01 -1.404308377960258980e+00
3.298175852322717816e+01 -7.266805188608351784e-01
3.293567684403047480e+01 -2.297751367270350897e-02
3.293607755399573733e+01 7.097044976868787103e-01
3.294495005003670229e+01 1.437047226403308287e+00
3.293535844496398823e+01 2.196529329102730799e+00
3.298904508085858112e+01 2.914199083711633165e+00
3.297937849961336809e+01 3.650742996199429768e+00
3.383964706592602312e+01 -4.193307587213087828e+00
3.381090842717841127e+01 -3.490163611360603824e+00
3.374112379420336794e+01 -2.813818653091036737e+00
3.372704400816906656e+01 -2.137653553674400797e+00
3.371357626052769518e+01 -1.439440090686822771e+00
3.370072752260494298e+01 -7.157174502646057590e-01
3.367552479078945993e+01 2.762243505756600825e-03
3.369261127411329682e+01 7.450540141673123173e-01
3.369625969407587007e+01 1.491537125257096363e+00
3.373007059995931201e+01 2.205899598489651225e+00
3.376209711719875628e+01 2.938435179214163639e+00
3.375530251840708473e+01 3.667180823223741726e+00
3.458393459220692279e+01 -4.201721696207844303e+00
3.455245611633812786e+01 -3.520224371576894384e+00
3.452271683154156534e+01 -2.812147876667470570e+00
3.448132400385808438e+01 -2.117086834292511099e+00
3.446255093584165508e+01 -1.436785205472119742e+00
3.445400584384751852e+01 -7.063340275460419093e-01
3.446326132842978751e+01 4.239722118273547835e-02
3.442672225910381911e+01 7.113215339336882437e-01
3.442489366619535218e+01 1.497752415929543446e+00
3.450071033868253068e+01 2.214756885089254723e+00
3.451639236132891853e+01 2.963603121149457564e+00
3.448942006819377326e+01 3.703346100420016995e+00
3.533647835463867892e+01 -4.194469014099144744e+00
3.532124860547312295e+01 -3.499465281538899575e+00
3.529545932123881613e+01 -2.793606209540634211e+00
3.523909038994676024e+01 -2.100268675863887324e+00
3.521850497471785246e+01 -1.381928015825170775e+00
3.519934492509940327e+01 -6.624688069502475685e-01
3.522741218207458047e+01 1.013857433851867995e-01
3.523253210679296643e+01 8.046825044715895103e-01
3.528597770642796405e+01 2.203975692539920317e+00
3.527788883505869677e+01 2.989551605424008329e+00
3.532568359110310752e+01 3.762908243952306719e+00
3.611053363525781634e+01 -4.199526621819543948e+00
3.609145684368829876e+01 -3.458477369087731290e+00
3.604709537840495415e+01 -2.809653398922542067e+00
3.599426521371015752e+01 -2.067474204810388017e+00
3.596938133223523693e+01 -1.349031531510451742e+00
3.595445256839416714e+01 -6.165649319983756982e-01
3.599453046861500383e+01 1.093720721785800265e-01
3.598397909509994719e+01 7.938263929800193353e-01
3.600012764994610137e+01 1.559715103058795904e+00
3.600551853934576485e+01 2.267435461284769360e+00
3.612610449416204261e+01 3.029491447106305912e+00
3.619248137653749353e+01 3.742257450383664974e+00
3.689664744618647063e+01 -4.165300608279590477e+00
3.682553663157798240e+01 -3.433534026141465745e+00
3.680640213959994611e+01 -2.728772987685239571e+00
3.673381132138843697e+01 -1.299041975902582635e+00
3.672026057020924128e+01 -5.817421353188940714e-01
3.667302034583091341e+01 2.027936066059865539e-01
3.674063193854599518e+01 8.768819024711120846e-01
3.688859177976711834e+01 1.563177227856861862e+00
3.688713769985408675e+01 2.310735336016463748e+00
3.687469848025697416e+01 3.044526480554065273e+00
3.692439750518698105e+01 3.761800869769640343e+00
3.769881902650332250e+01 -4.096038799630484561e+00
3.762983402416774226e+01 -3.393307883479661058e+00
3.759637383473566530e+01 -2.677176917817295276e+00
3.756905373726961983e+01 -1.964150250009609522e+00
3.755248115119974983e+01 -1.237035576608324305e+00
3.752220134600745638e+01 -5.127150645933511441e-01
3.765465068077873667e+01 2.688927381085690627e-01
3.765912335788831200e+01 9.099115430976247865e-01
3.770279714421081252e+01 1.566922097849509754e+00
3.782529430723008801e+01 2.411539249214527558e+00
3.858353407664173318e+01 -4.031910328712765335e+00
3.853948537847663403e+01 -3.297236402821027923e+00
3.848731289693115087e+01 -2.607871887922257770e+00
3.856909394196210172e+01 -1.872769100827348154e+00
3.868064515422103256e+01 -1.114795287696974668e+00
3.849833664388841470e+01 -3.550941740686859305e-01
3.855180206708575241e+01 2.681359248404671547e+00
3.863173420290150517e+01 3.202675543688666693e+00
3.951918887500021782e+01 -3.240526032766446463e+00
3.949917012788883852e+01 -2.954533316600354453e+00
3.945640202720613132e+01 -1.745100678582488740e+00
4.000188165914914151e+01 1.141320414241548065e+00
4.000904308575571378e+01 1.896533297066255841e+00
4.001071061811922647e+01 2.634077810164530575e+00
4.001581309780051043e+01 3.331732388383667143e+00
3.999901292422870114e+01 4.011772936056086536e+00
4.073908436182521342e+01 -3.976522612665409184e+00
4.073277991466533621e+01 -3.224234698932978205e+00
4.071874092396191003e+01 -2.459821211214780590e+00
4.071777405167026842e+01 -1.773953863993526170e+00
4.072820330348330486e+01 -1.060142364167955265e+00
4.073500877770130302e+01 -3.518376915172289898e-01
4.074989930320416676e+01 1.131645536266120189e+00
4.072890252014293111e+01 1.853555521814104878e+00
4.071598267186448794e+01 2.516340259844913163e+00
4.070111604494750424e+01 3.322188425452193172e+00
4.071546206241720967e+01 3.976522612665409184e+00
