0.000000000000000000e+00 -4.000000000000003553e+00
0.000000000000000000e+00 -2.545454545454550299e+00
0.000000000000000000e+00 -1.818181818181820120e+00
0.000000000000000000e+00 -1.090909090909093493e+00
0.000000000000000000e+00 -3.636363636363668661e-01
0.000000000000000000e+00 3.636363636363597607e-01
0.000000000000000000e+00 1.090909090909086387e+00
0.000000000000000000e+00 1.818181818181816567e+00
0.000000000000000000e+00 2.545454545454543194e+00
0.000000000000000000e+00 3.272727272727266268e+00
0.000000000000000000e+00 4.000000000000000000e+00
7.272727272727266268e-01 -4.000000000000003553e+00
7.272727272727266268e-01 -3.272727272727276926e+00
7.272727272727266268e-01 -2.545454545454550299e+00
7.272727272727266268e-01 -1.818181818181820120e+00
7.272727272727266268e-01 -1.090909090909093493e+00
7.272727272727266268e-01 -3.636363636363668661e-01
7.272727272727266268e-01 1.090909090909086387e+00
7.272727272727266268e-01 1.818181818181816567e+00
7.272727272727266268e-01 2.545454545454543194e+00
7.272727272727266268e-01 3.272727272727266268e+00
1.454545454545453254e+00 -3.272727272727276926e+00
1.454545454545453254e+00 -2.545454545454550299e+00
1.454545454545453254e+00 -1.818181818181820120e+00
1.454545454545453254e+00 -1.090909090909093493e+00
1.454545454545453254e+00 -3.636363636363668661e-01
1.454545454545453254e+00 1.090909090909086387e+00
1.454545454545453254e+00 1.818181818181816567e+00
1.454545454545453254e+00 2.545454545454543194e+00
1.454545454545453254e+00 3.272727272727266268e+00
1.454545454545453254e+00 4.000000000000000000e+00
2.181818181818179880e+00 -4.000000000000003553e+00
2.181818181818179880e+00 -3.272727272727276926e+00
2.181818181818179880e+00 -2.545454545454550299e+00
2.181818181818179880e+00 -1.818181818181820120e+00
2.181818181818179880e+00 -1.090909090909093493e+00
2.181818181818179880e+00 -3.636363636363668661e-01
2.181818181818179880e+00 1.090909090909086387e+00
2.181818181818179880e+00 1.818181818181816567e+00
2.181818181818179880e+00 2.545454545454543194e+00
2.181818181818179880e+00 3.272727272727266268e+00
2.181818181818179880e+00 4.000000000000000000e+00
2.909090909090906507e+00 -4.000000000000003553e+00
2.909090909090906507e+00 -3.272727272727276926e+00
2.909090909090906507e+00 -2.545454545454550299e+00
2.909090909090906507e+00 -1.818181818181820120e+00
2.909090909090906507e+00 -1.090909090909093493e+00
2.909090909090906507e+00 -3.636363636363668661e-01
2.909090909090906507e+00 3.636363636363597607e-01
2.909090909090906507e+00 1.818181818181816567e+00
2.909090909090906507e+00 2.545454545454543194e+00
2.909090909090906507e+00 3.272727272727266268e+00
2.909090909090906507e+00 4.000000000000000000e+00
3.636363636363633134e+00 -4.000000000000003553e+00
3.636363636363633134e+00 -3.272727272727276926e+00
3.636363636363633134e+00 -2.545454545454550299e+00
3.636363636363633134e+00 -1.818181818181820120e+00
3.636363636363633134e+00 -1.090909090909093493e+00
3.636363636363633134e+00 -3.636363636363668661e-01
3.636363636363633134e+00 3.636363636363597607e-01
3.636363636363633134e+00 1.090909090909086387e+00
3.636363636363633134e+00 1.818181818181816567e+00
3.636363636363633134e+00 2.545454545454543194e+00
3.636363636363633134e+00 3.272727272727266268e+00
3.636363636363633134e+00 4.000000000000000000e+00
4.363636363636366866e+00 -4.000000000000003553e+00
4.363636363636366866e+00 -3.272727272727276926e+00
4.363636363636366866e+00 -2.545454545454550299e+00
4.363636363636366866e+00 -1.818181818181820120e+00
4.363636363636366866e+00 -1.090909090909093493e+00
4.363636363636366866e+00 -3.636363636363668661e-01
4.363636363636366866e+00 3.636363636363597607e-01
4.363636363636366866e+00 1.090909090909086387e+00
4.363636363636366866e+00 1.818181818181816567e+00
4.363636363636366866e+00 2.545454545454543194e+00
4.363636363636366866e+00 3.272727272727266268e+00
4.363636363636366866e+00 4.000000000000000000e+00
5.090909090909093493e+00 -4.000000000000003553e+00
5.090909090909093493e+00 -3.272727272727276926e+00
5.090909090909093493e+00 -2.545454545454550299e+00
5.090909090909093493e+00 -1.818181818181820120e+00
5.090909090909093493e+00 -1.090909090909093493e+00
5.090909090909093493e+00 -3.636363636363668661e-01
5.090909090909093493e+00 3.636363636363597607e-01
5.090909090909093493e+00 1.090909090909086387e+00
5.090909090909093493e+00 1.818181818181816567e+00
5.090909090909093493e+00 2.545454545454543194e+00
5.090909090909093493e+00 3.272727272727266268e+00
5.818181818181820120e+00 -4.000000000000003553e+00
5.818181818181820120e+00 -3.272727272727276926e+00
5.818181818181820120e+00 -2.545454545454550299e+00
5.818181818181820120e+00 -1.090909090909093493e+00
5.818181818181820120e+00 -3.636363636363668661e-01
5.818181818181820120e+00 3.636363636363597607e-01
5.818181818181820120e+00 1.090909090909086387e+00
5.818181818181820120e+00 1.818181818181816567e+00
5.818181818181820120e+00 2.545454545454543194e+00
5.818181818181820120e+00 3.272727272727266268e+00
5.818181818181820120e+00 4.000000000000000000e+00
6.545454545454546746e+00 -4.000000000000003553e+00
6.545454545454546746e+00 -3.272727272727276926e+00
6.545454545454546746e+00 -2.545454545454550299e+00
6.545454545454546746e+00 -1.818181818181820120e+00
6.545454545454546746e+00 -1.090909090909093493e+00
6.545454545454546746e+00 -3.636363636363668661e-01
6.545454545454546746e+00 3.636363636363597607e-01
6.545454545454546746e+00 1.090909090909086387e+00
6.545454545454546746e+00 1.818181818181816567e+00
6.545454545454546746e+00 2.545454545454543194e+00
6.545454545454546746e+00 3.272727272727266268e+00
6.545454545454546746e+00 4.000000000000000000e+00
7.272727272727273373e+00 -4.000000000000003553e+00
7.272727272727273373e+00 -3.272727272727276926e+00
7.272727272727273373e+00 -2.545454545454550299e+00
7.272727272727273373e+00 -1.818181818181820120e+00
7.272727272727273373e+00 -1.090909090909093493e+00
7.272727272727273373e+00 -3.636363636363668661e-01
7.272727272727273373e+00 3.636363636363597607e-01
7.272727272727273373e+00 1.090909090909086387e+00
7.272727272727273373e+00 1.818181818181816567e+00
7.272727272727273373e+00 2.545454545454543194e+00
7.272727272727273373e+00 3.272727272727266268e+00
7.272727272727273373e+00 4.000000000000000000e+00
8.000000000000000000e+00 -4.000000000000003553e+00
8.000000000000000000e+00 -3.272727272727276926e+00
8.000000000000000000e+00 -2.545454545454550299e+00
8.000000000000000000e+00 -1.818181818181820120e+00
8.000000000000000000e+00 -3.636363636363668661e-01
8.000000000000000000e+00 3.636363636363597607e-01
8.000000000000000000e+00 1.090909090909086387e+00
8.000000000000000000e+00 1.818181818181816567e+00
8.000000000000000000e+00 3.272727272727266268e+00
8.000000000000000000e+00 4.000000000000000000e+00
8.727272727272726627e+00 -4.000000000000003553e+00
8.727272727272726627e+00 -3.272727272727276926e+00
8.727272727272726627e+00 -1.818181818181820120e+00
8.727272727272726627e+00 -1.090909090909093493e+00
8.727272727272726627e+00 -3.636363636363668661e-01
8.727272727272726627e+00 3.636363636363597607e-01
8.727272727272726627e+00 1.090909090909086387e+00
8.727272727272726627e+00 1.818181818181816567e+00
8.727272727272726627e+00 2.545454545454543194e+00
8.727272727272726627e+00 3.272727272727266268e+00
8.727272727272726627e+00 4.000000000000000000e+00
9.454545454545453254e+00 -4.000000000000003553e+00
9.454545454545453254e+00 -3.272727272727276926e+00
9.454545454545453254e+00 -2.545454545454550299e+00
9.454545454545453254e+00 -1.818181818181820120e+00
9.454545454545453254e+00 -1.090909090909093493e+00
9.454545454545453254e+00 3.636363636363597607e-01
9.454545454545453254e+00 1.090909090909086387e+00
9.454545454545453254e+00 1.818181818181816567e+00
9.454545454545453254e+00 2.545454545454543194e+00
9.454545454545453254e+00 3.272727272727266268e+00
9.454545454545453254e+00 4.000000000000000000e+00
1.018181818181817988e+01 -2.545454545454550299e+00
1.018181818181817988e+01 -1.090909090909093493e+00
1.018181818181817988e+01 -3.636363636363668661e-01
1.018181818181817988e+01 3.636363636363597607e-01
1.018181818181817988e+01 1.090909090909086387e+00
1.018181818181817988e+01 1.818181818181816567e+00
1.018181818181817988e+01 2.545454545454543194e+00
1.018181818181817988e+01 3.272727272727266268e+00
1.018181818181817988e+01 4.000000000000000000e+00
1.090909090909090651e+01 -1.818181818181820120e+00
1.090909090909090651e+01 -1.090909090909093493e+00
1.090909090909090651e+01 -3.636363636363668661e-01
1.090909090909090651e+01 3.636363636363597607e-01
1.090909090909090651e+01 1.090909090909086387e+00
1.090909090909090651e+01 1.818181818181816567e+00
1.090909090909090651e+01 2.545454545454543194e+00
1.090909090909090651e+01 3.272727272727266268e+00
1.090909090909090651e+01 4.000000000000000000e+00
1.163636363636363313e+01 -4.000000000000003553e+00
1.163636363636363313e+01 -3.272727272727276926e+00
1.163636363636363313e+01 -2.545454545454550299e+00
1.163636363636363313e+01 -1.818181818181820120e+00
1.163636363636363313e+01 -1.090909090909093493e+00
1.163636363636363313e+01 -3.636363636363668661e-01
1.163636363636363313e+01 1.090909090909086387e+00
1.163636363636363313e+01 1.818181818181816567e+00
1.163636363636363313e+01 2.545454545454543194e+00
1.163636363636363313e+01 3.272727272727266268e+00
1.163636363636363313e+01 4.000000000000000000e+00
1.236363636363636687e+01 -3.272727272727276926e+00
1.236363636363636687e+01 -2.545454545454550299e+00
1.236363636363636687e+01 -1.818181818181820120e+00
1.236363636363636687e+01 -1.090909090909093493e+00
1.236363636363636687e+01 3.636363636363597607e-01
1.236363636363636687e+01 1.090909090909086387e+00
1.236363636363636687e+01 1.818181818181816567e+00
1.236363636363636687e+01 2.545454545454543194e+00
1.236363636363636687e+01 3.272727272727266268e+00
1.236363636363636687e+01 4.000000000000000000e+00
1.309090909090909349e+01 -3.272727272727276926e+00
1.309090909090909349e+01 -2.545454545454550299e+00
1.309090909090909349e+01 -1.818181818181820120e+00
1.309090909090909349e+01 -1.090909090909093493e+00
1.309090909090909349e+01 -3.636363636363668661e-01
1.309090909090909349e+01 3.636363636363597607e-01
1.309090909090909349e+01 1.090909090909086387e+00
1.309090909090909349e+01 1.818181818181816567e+00
1.309090909090909349e+01 2.545454545454543194e+00
1.309090909090909349e+01 3.272727272727266268e+00
1.309090909090909349e+01 4.000000000000000000e+00
1.381818230303030504e+01 -4.000000000000003553e+00
1.381818230303030504e+01 -3.272727272727276926e+00
1.381818230303030504e+01 -2.545454545454550299e+00
1.381818230303030504e+01 -1.818181818181820120e+00
1.381818230303030504e+01 -1.090909090909093493e+00
1.381818230303030504e+01 -3.636363636363668661e-01
1.381818230303030504e+01 3.636363636363597607e-01
1.381818230303030504e+01 1.090909090909086387e+00
1.381818230303030504e+01 1.818181818181816567e+00
1.381818230303030504e+01 2.545454545454543194e+00
1.381818230303030504e+01 3.272727272727266268e+00
1.381818230303030504e+01 4.000000000000000000e+00
1.454545503030303166e+01 -4.000000000000003553e+00
1.454545503030303166e+01 -3.272727272727276926e+00
1.454545503030303166e+01 -2.545454545454550299e+00
1.454545503030303166e+01 -1.090909090909093493e+00
1.454545503030303166e+01 3.636363636363597607e-01
1.454545503030303166e+01 1.090909090909086387e+00
1.454545503030303166e+01 1.818181818181816567e+00
1.454545503030303166e+01 2.545454545454543194e+00
1.454545503030303166e+01 3.272727272727266268e+00
1.454545503030303166e+01 4.000000000000000000e+00
1.527272775757575829e+01 -3.272727272727276926e+00
1.527272775757575829e+01 -2.545454545454550299e+00
1.527272775757575829e+01 -1.818181818181820120e+00
1.527272775757575829e+01 -1.090909090909093493e+00
1.527272775757575829e+01 -3.636363636363668661e-01
1.527272775757575829e+01 3.636363636363597607e-01
1.527272775757575829e+01 1.090909090909086387e+00
1.527272775757575829e+01 1.818181818181816567e+00
1.527272775757575829e+01 2.545454545454543194e+00
1.527272775757575829e+01 3.272727272727266268e+00
1.527272775757575829e+01 4.000000000000000000e+00
1.600000048484848492e+01 -4.000000000000003553e+00
1.600000048484848492e+01 -3.272727272727276926e+00
1.600000048484848492e+01 -2.545454545454550299e+00
1.600000048484848492e+01 -1.818181818181820120e+00
1.600000048484848492e+01 3.636363636363597607e-01
1.600000048484848492e+01 1.090909090909086387e+00
1.600000048484848492e+01 1.818181818181816567e+00
1.600000048484848492e+01 2.545454545454543194e+00
1.600000048484848492e+01 3.272727272727266268e+00
1.600000048484848492e+01 4.000000000000000000e+00
1.672727321212121154e+01 -4.000000000000003553e+00
1.672727321212121154e+01 -3.272727272727276926e+00
1.672727321212121154e+01 -2.545454545454550299e+00
1.672727321212121154e+01 -1.090909090909093493e+00
1.672727321212121154e+01 3.636363636363597607e-01
1.672727321212121154e+01 1.090909090909086387e+00
1.672727321212121154e+01 1.818181818181816567e+00
1.672727321212121154e+01 3.272727272727266268e+00
1.672727321212121154e+01 4.000000000000000000e+00
1.745454593939393817e+01 -4.000000000000003553e+00
1.745454593939393817e+01 -3.272727272727276926e+00
1.745454593939393817e+01 -2.545454545454550299e+00
1.745454593939393817e+01 -1.818181818181820120e+00
1.745454593939393817e+01 -1.090909090909093493e+00
1.745454593939393817e+01 -3.636363636363668661e-01
1.745454593939393817e+01 3.636363636363597607e-01
1.745454593939393817e+01 1.818181818181816567e+00
1.745454593939393817e+01 2.545454545454543194e+00
1.745454593939393817e+01 3.272727272727266268e+00
1.745454593939393817e+01 4.000000000000000000e+00
1.818181866666666480e+01 -4.000000000000003553e+00
1.818181866666666480e+01 -3.272727272727276926e+00
1.818181866666666480e+01 -2.545454545454550299e+00
1.818181866666666480e+01 -1.818181818181820120e+00
1.818181866666666480e+01 -1.090909090909093493e+00
1.818181866666666480e+01 -3.636363636363668661e-01
1.818181866666666480e+01 3.636363636363597607e-01
1.818181866666666480e+01 1.818181818181816567e+00
1.818181866666666480e+01 2.545454545454543194e+00
1.818181866666666480e+01 3.272727272727266268e+00
1.818181866666666480e+01 4.000000000000000000e+00
1.890909139393939142e+01 -4.000000000000003553e+00
1.890909139393939142e+01 -3.272727272727276926e+00
1.890909139393939142e+01 -2.545454545454550299e+00
1.890909139393939142e+01 -1.818181818181820120e+00
1.890909139393939142e+01 -1.090909090909093493e+00
1.890909139393939142e+01 -3.636363636363668661e-01
1.890909139393939142e+01 3.636363636363597607e-01
1.890909139393939142e+01 1.090909090909086387e+00
1.890909139393939142e+01 1.818181818181816567e+00
1.890909139393939142e+01 2.545454545454543194e+00
1.890909139393939142e+01 3.272727272727266268e+00
1.890909139393939142e+01 4.000000000000000000e+00
1.963636412121211805e+01 -4.000000000000003553e+00
1.963636412121211805e+01 -3.272727272727276926e+00
1.963636412121211805e+01 -2.545454545454550299e+00
1.963636412121211805e+01 -1.818181818181820120e+00
1.963636412121211805e+01 -1.090909090909093493e+00
1.963636412121211805e+01 -3.636363636363668661e-01
1.963636412121211805e+01 3.636363636363597607e-01
1.963636412121211805e+01 1.090909090909086387e+00
1.963636412121211805e+01 1.818181818181816567e+00
1.963636412121211805e+01 2.545454545454543194e+00
1.963636412121211805e+01 3.272727272727266268e+00
1.963636412121211805e+01 4.000000000000000000e+00
2.036363684848484468e+01 -4.000000000000003553e+00
2.036363684848484468e+01 -3.272727272727276926e+00
2.036363684848484468e+01 -2.545454545454550299e+00
2.036363684848484468e+01 -1.818181818181820120e+00
2.036363684848484468e+01 -1.090909090909093493e+00
2.036363684848484468e+01 -3.636363636363668661e-01
2.036363684848484468e+01 3.636363636363597607e-01
2.036363684848484468e+01 1.090909090909086387e+00
2.036363684848484468e+01 1.818181818181816567e+00
2.036363684848484468e+01 2.545454545454543194e+00
2.036363684848484468e+01 3.272727272727266268e+00
2.036363684848484468e+01 4.000000000000000000e+00
2.109090957575757130e+01 -4.000000000000003553e+00
2.109090957575757130e+01 -3.272727272727276926e+00
2.109090957575757130e+01 -2.545454545454550299e+00
2.109090957575757130e+01 -1.818181818181820120e+00
2.109090957575757130e+01 -1.090909090909093493e+00
2.109090957575757130e+01 -3.636363636363668661e-01
2.109090957575757130e+01 3.636363636363597607e-01
2.109090957575757130e+01 1.090909090909086387e+00
2.109090957575757130e+01 1.818181818181816567e+00
2.109090957575757130e+01 2.545454545454543194e+00
2.109090957575757130e+01 3.272727272727266268e+00
2.109090957575757130e+01 4.000000000000000000e+00
2.181818230303030504e+01 -4.000000000000003553e+00
2.181818230303030504e+01 -3.272727272727276926e+00
2.181818230303030504e+01 -2.545454545454550299e+00
2.181818230303030504e+01 -1.818181818181820120e+00
2.181818230303030504e+01 -1.090909090909093493e+00
2.181818230303030504e+01 3.636363636363597607e-01
2.181818230303030504e+01 1.090909090909086387e+00
2.181818230303030504e+01 1.818181818181816567e+00
2.181818230303030504e+01 2.545454545454543194e+00
2.181818230303030504e+01 3.272727272727266268e+00
2.181818230303030504e+01 4.000000000000000000e+00
2.254545503030303166e+01 -4.000000000000003553e+00
2.254545503030303166e+01 -3.272727272727276926e+00
2.254545503030303166e+01 -2.545454545454550299e+00
2.254545503030303166e+01 -1.818181818181820120e+00
2.254545503030303166e+01 -1.090909090909093493e+00
2.254545503030303166e+01 -3.636363636363668661e-01
2.254545503030303166e+01 3.636363636363597607e-01
2.254545503030303166e+01 1.090909090909086387e+00
2.254545503030303166e+01 1.818181818181816567e+00
2.254545503030303166e+01 2.545454545454543194e+00
2.254545503030303166e+01 3.272727272727266268e+00
2.254545503030303166e+01 4.000000000000000000e+00
2.327272775757575829e+01 -4.000000000000003553e+00
2.327272775757575829e+01 -3.272727272727276926e+00
2.327272775757575829e+01 -2.545454545454550299e+00
2.327272775757575829e+01 -1.818181818181820120e+00
2.327272775757575829e+01 -3.636363636363668661e-01
2.327272775757575829e+01 3.636363636363597607e-01
2.327272775757575829e+01 1.090909090909086387e+00
2.327272775757575829e+01 1.818181818181816567e+00
2.327272775757575829e+01 2.545454545454543194e+00
2.327272775757575829e+01 3.272727272727266268e+00
2.327272775757575829e+01 4.000000000000000000e+00
2.400000048484848492e+01 -4.000000000000003553e+00
2.400000048484848492e+01 -3.272727272727276926e+00
2.400000048484848492e+01 -2.545454545454550299e+00
2.400000048484848492e+01 -1.818181818181820120e+00
2.400000048484848492e+01 -1.090909090909093493e+00
2.400000048484848492e+01 -3.636363636363668661e-01
2.400000048484848492e+01 3.636363636363597607e-01
2.400000048484848492e+01 1.090909090909086387e+00
2.400000048484848492e+01 2.545454545454543194e+00
2.400000048484848492e+01 3.272727272727266268e+00
2.400000048484848492e+01 4.000000000000000000e+00
2.472727321212121154e+01 -4.000000000000003553e+00
2.472727321212121154e+01 -3.272727272727276926e+00
2.472727321212121154e+01 -2.545454545454550299e+00
2.472727321212121154e+01 -1.818181818181820120e+00
2.472727321212121154e+01 -1.090909090909093493e+00
2.472727321212121154e+01 -3.636363636363668661e-01
2.472727321212121154e+01 3.636363636363597607e-01
2.472727321212121154e+01 1.090909090909086387e+00
2.472727321212121154e+01 1.818181818181816567e+00
2.472727321212121154e+01 2.545454545454543194e+00
2.472727321212121154e+01 3.272727272727266268e+00
2.472727321212121154e+01 4.000000000000000000e+00
2.545454593939393817e+01 -4.000000000000003553e+00
2.545454593939393817e+01 -3.272727272727276926e+00
2.545454593939393817e+01 -2.545454545454550299e+00
2.545454593939393817e+01 -1.818181818181820120e+00
2.545454593939393817e+01 -1.090909090909093493e+00
2.545454593939393817e+01 -3.636363636363668661e-01
2.545454593939393817e+01 3.636363636363597607e-01
2.545454593939393817e+01 1.090909090909086387e+00
2.545454593939393817e+01 1.818181818181816567e+00
2.545454593939393817e+01 2.545454545454543194e+00
2.545454593939393817e+01 3.272727272727266268e+00
2.545454593939393817e+01 4.000000000000000000e+00
2.618181866666666480e+01 -4.000000000000003553e+00
2.618181866666666480e+01 -2.545454545454550299e+00
2.618181866666666480e+01 -1.818181818181820120e+00
2.618181866666666480e+01 -1.090909090909093493e+00
2.618181866666666480e+01 -3.636363636363668661e-01
2.618181866666666480e+01 3.636363636363597607e-01
2.618181866666666480e+01 1.090909090909086387e+00
2.618181866666666480e+01 1.818181818181816567e+00
2.618181866666666480e+01 2.545454545454543194e+00
2.618181866666666480e+01 3.272727272727266268e+00
2.618181866666666480e+01 4.000000000000000000e+00
2.690909139393939142e+01 -4.000000000000003553e+00
2.690909139393939142e+01 -3.272727272727276926e+00
2.690909139393939142e+01 -2.545454545454550299e+00
2.690909139393939142e+01 -1.818181818181820120e+00
2.690909139393939142e+01 -1.090909090909093493e+00
2.690909139393939142e+01 -3.636363636363668661e-01
2.690909139393939142e+01 3.636363636363597607e-01
2.690909139393939142e+01 1.090909090909086387e+00
2.690909139393939142e+01 1.818181818181816567e+00
2.690909139393939142e+01 2.545454545454543194e+00
2.690909139393939142e+01 3.272727272727266268e+00
2.690909139393939142e+01 4.000000000000000000e+00
2.763636412121211805e+01 -4.000000000000003553e+00
2.763636412121211805e+01 -3.272727272727276926e+00
2.763636412121211805e+01 -2.545454545454550299e+00
2.763636412121211805e+01 -1.818181818181820120e+00
2.763636412121211805e+01 -1.090909090909093493e+00
2.763636412121211805e+01 -3.636363636363668661e-01
2.763636412121211805e+01 3.636363636363597607e-01
2.763636412121211805e+01 1.090909090909086387e+00
2.763636412121211805e+01 1.818181818181816567e+00
2.763636412121211805e+01 2.545454545454543194e+00
2.763636412121211805e+01 3.272727272727266268e+00
2.763636412121211805e+01 4.000000000000000000e+00
2.836363684848484468e+01 -4.000000000000003553e+00
2.836363684848484468e+01 -3.272727272727276926e+00
2.836363684848484468e+01 -2.545454545454550299e+00
2.836363684848484468e+01 -1.818181818181820120e+00
2.836363684848484468e+01 -1.090909090909093493e+00
2.836363684848484468e+01 -3.636363636363668661e-01
2.836363684848484468e+01 3.636363636363597607e-01
2.836363684848484468e+01 1.090909090909086387e+00
2.836363684848484468e+01 1.818181818181816567e+00
2.836363684848484468e+01 2.545454545454543194e+00
2.836363684848484468e+01 3.272727272727266268e+00
2.836363684848484468e+01 4.000000000000000000e+00
2.909090957575757130e+01 -4.000000000000003553e+00
2.909090957575757130e+01 -3.272727272727276926e+00
2.909090957575757130e+01 -2.545454545454550299e+00
2.909090957575757130e+01 -1.818181818181820120e+00
2.909090957575757130e+01 -1.090909090909093493e+00
2.909090957575757130e+01 -3.636363636363668661e-01
2.909090957575757130e+01 3.636363636363597607e-01
2.909090957575757130e+01 1.090909090909086387e+00
2.909090957575757130e+01 1.818181818181816567e+00
2.909090957575757130e+01 2.545454545454543194e+00
2.909090957575757130e+01 3.272727272727266268e+00
2.909090957575757130e+01 4.000000000000000000e+00
2.981818230303030504e+01 -4.000000000000003553e+00
2.981818230303030504e+01 -3.272727272727276926e+00
2.981818230303030504e+01 -2.545454545454550299e+00
2.981818230303030504e+01 -1.818181818181820120e+00
2.981818230303030504e+01 -1.090909090909093493e+00
2.981818230303030504e+01 -3.636363636363668661e-01
2.981818230303030504e+01 3.636363636363597607e-01
2.981818230303030504e+01 1.090909090909086387e+00
2.981818230303030504e+01 1.818181818181816567e+00
2.981818230303030504e+01 2.545454545454543194e+00
2.981818230303030504e+01 3.272727272727266268e+00
2.981818230303030504e+01 4.000000000000000000e+00
3.054545503030302456e+01 -4.000000000000003553e+00
3.054545503030302456e+01 -3.272727272727276926e+00
3.054545503030302456e+01 -2.545454545454550299e+00
3.054545503030302456e+01 -1.818181818181820120e+00
3.054545503030302456e+01 -1.090909090909093493e+00
3.054545503030302456e+01 -3.636363636363668661e-01
3.054545503030302456e+01 3.636363636363597607e-01
3.054545503030302456e+01 1.090909090909086387e+00
3.054545503030302456e+01 1.818181818181816567e+00
3.054545503030302456e+01 2.545454545454543194e+00
3.054545503030302456e+01 3.272727272727266268e+00
3.054545503030302456e+01 4.000000000000000000e+00
3.127272775757575829e+01 -4.000000000000003553e+00
3.127272775757575829e+01 -1.818181818181820120e+00
3.127272775757575829e+01 -1.090909090909093493e+00
3.127272775757575829e+01 -3.636363636363668661e-01
3.127272775757575829e+01 3.636363636363597607e-01
3.127272775757575829e+01 1.090909090909086387e+00
3.127272775757575829e+01 1.818181818181816567e+00
3.127272775757575829e+01 2.545454545454543194e+00
3.127272775757575829e+01 3.272727272727266268e+00
3.127272775757575829e+01 4.000000000000000000e+00
3.200000048484847781e+01 -4.000000000000003553e+00
3.200000048484847781e+01 -3.272727272727276926e+00
3.200000048484847781e+01 -2.545454545454550299e+00
3.200000048484847781e+01 -1.818181818181820120e+00
3.200000048484847781e+01 -1.090909090909093493e+00
3.200000048484847781e+01 -3.636363636363668661e-01
3.200000048484847781e+01 3.636363636363597607e-01
3.200000048484847781e+01 1.090909090909086387e+00
3.200000048484847781e+01 1.818181818181816567e+00
3.200000048484847781e+01 2.545454545454543194e+00
3.200000048484847781e+01 3.272727272727266268e+00
3.200000048484847781e+01 4.000000000000000000e+00
3.272727321212121154e+01 -4.000000000000003553e+00
3.272727321212121154e+01 -3.272727272727276926e+00
3.272727321212121154e+01 -2.545454545454550299e+00
3.272727321212121154e+01 -1.818181818181820120e+00
3.272727321212121154e+01 -1.090909090909093493e+00
3.272727321212121154e+01 3.636363636363597607e-01
3.272727321212121154e+01 1.090909090909086387e+00
3.272727321212121154e+01 1.818181818181816567e+00
3.272727321212121154e+01 2.545454545454543194e+00
3.272727321212121154e+01 3.272727272727266268e+00
3.272727321212121154e+01 4.000000000000000000e+00
3.345454593939393106e+01 -4.000000000000003553e+00
3.345454593939393106e+01 -3.272727272727276926e+00
3.345454593939393106e+01 -2.545454545454550299e+00
3.345454593939393106e+01 -1.818181818181820120e+00
3.345454593939393106e+01 -1.090909090909093493e+00
3.345454593939393106e+01 3.636363636363597607e-01
3.345454593939393106e+01 1.090909090909086387e+00
3.345454593939393106e+01 1.818181818181816567e+00
3.345454593939393106e+01 2.545454545454543194e+00
3.345454593939393106e+01 3.272727272727266268e+00
3.345454593939393106e+01 4.000000000000000000e+00
3.418181866666666480e+01 -4.000000000000003553e+00
3.418181866666666480e+01 -3.272727272727276926e+00
3.418181866666666480e+01 -2.545454545454550299e+00
3.418181866666666480e+01 -1.818181818181820120e+00
3.418181866666666480e+01 -1.090909090909093493e+00
3.418181866666666480e+01 -3.636363636363668661e-01
3.418181866666666480e+01 3.636363636363597607e-01
3.418181866666666480e+01 1.090909090909086387e+00
3.418181866666666480e+01 1.818181818181816567e+00
3.418181866666666480e+01 2.545454545454543194e+00
3.418181866666666480e+01 3.272727272727266268e+00
3.418181866666666480e+01 4.000000000000000000e+00
3.490909139393939853e+01 -4.000000000000003553e+00
3.490909139393939853e+01 -3.272727272727276926e+00
3.490909139393939853e+01 -2.545454545454550299e+00
3.490909139393939853e+01 -1.818181818181820120e+00
3.490909139393939853e+01 -1.090909090909093493e+00
3.490909139393939853e+01 -3.636363636363668661e-01
3.490909139393939853e+01 3.636363636363597607e-01
3.490909139393939853e+01 1.090909090909086387e+00
3.490909139393939853e+01 1.818181818181816567e+00
3.490909139393939853e+01 2.545454545454543194e+00
3.490909139393939853e+01 3.272727272727266268e+00
3.490909139393939853e+01 4.000000000000000000e+00
3.563636412121211805e+01 -4.000000000000003553e+00
3.563636412121211805e+01 -3.272727272727276926e+00
3.563636412121211805e+01 -2.545454545454550299e+00
3.563636412121211805e+01 -1.818181818181820120e+00
3.563636412121211805e+01 -1.090909090909093493e+00
3.563636412121211805e+01 -3.636363636363668661e-01
3.563636412121211805e+01 3.636363636363597607e-01
3.563636412121211805e+01 1.090909090909086387e+00
3.563636412121211805e+01 1.818181818181816567e+00
3.563636412121211805e+01 2.545454545454543194e+00
3.563636412121211805e+01 3.272727272727266268e+00
3.563636412121211805e+01 4.000000000000000000e+00
3.636363684848485178e+01 -4.000000000000003553e+00
3.636363684848485178e+01 -3.272727272727276926e+00
3.636363684848485178e+01 -2.545454545454550299e+00
3.636363684848485178e+01 -1.818181818181820120e+00
3.636363684848485178e+01 -1.090909090909093493e+00
3.636363684848485178e+01 -3.636363636363668661e-01
3.636363684848485178e+01 3.636363636363597607e-01
3.636363684848485178e+01 1.090909090909086387e+00
3.636363684848485178e+01 2.545454545454543194e+00
3.636363684848485178e+01 3.272727272727266268e+00
3.636363684848485178e+01 4.000000000000000000e+00
3.709090957575757130e+01 -4.000000000000003553e+00
3.709090957575757130e+01 -3.272727272727276926e+00
3.709090957575757130e+01 -2.545454545454550299e+00
3.709090957575757130e+01 -1.818181818181820120e+00
3.709090957575757130e+01 -1.090909090909093493e+00
3.709090957575757130e+01 -3.636363636363668661e-01
3.709090957575757130e+01 3.636363636363597607e-01
3.709090957575757130e+01 1.090909090909086387e+00
3.709090957575757130e+01 1.818181818181816567e+00
3.709090957575757130e+01 2.545454545454543194e+00
3.709090957575757130e+01 3.272727272727266268e+00
3.709090957575757130e+01 4.000000000000000000e+00
3.781818230303030504e+01 -4.000000000000003553e+00
3.781818230303030504e+01 -3.272727272727276926e+00
3.781818230303030504e+01 -2.545454545454550299e+00
3.781818230303030504e+01 -1.090909090909093493e+00
3.781818230303030504e+01 -3.636363636363668661e-01
3.781818230303030504e+01 3.636363636363597607e-01
3.781818230303030504e+01 1.090909090909086387e+00
3.781818230303030504e+01 1.818181818181816567e+00
3.781818230303030504e+01 2.545454545454543194e+00
3.781818230303030504e+01 3.272727272727266268e+00
3.781818230303030504e+01 4.000000000000000000e+00
3.854545503030302456e+01 -4.000000000000003553e+00
3.854545503030302456e+01 -3.272727272727276926e+00
3.854545503030302456e+01 -2.545454545454550299e+00
3.854545503030302456e+01 -1.818181818181820120e+00
3.854545503030302456e+01 -1.090909090909093493e+00
3.854545503030302456e+01 -3.636363636363668661e-01
3.854545503030302456e+01 3.636363636363597607e-01
3.854545503030302456e+01 1.090909090909086387e+00
3.854545503030302456e+01 1.818181818181816567e+00
3.854545503030302456e+01 2.545454545454543194e+00
3.927272775757575829e+01 -4.000000000000003553e+00
3.927272775757575829e+01 -3.272727272727276926e+00
3.927272775757575829e+01 -2.545454545454550299e+00
3.927272775757575829e+01 -1.818181818181820120e+00
3.927272775757575829e+01 -1.090909090909093493e+00
3.927272775757575829e+01 -3.636363636363668661e-01
3.927272775757575829e+01 2.545454545454543194e+00
3.927272775757575829e+01 3.272727272727266268e+00
4.000000048484847781e+01 -3.272727272727276926e+00
4.000000048484847781e+01 -2.545454545454550299e+00
4.000000048484847781e+01 -1.818181818181820120e+00
4.000000048484847781e+01 1.090909090909086387e+00
4.000000048484847781e+01 1.818181818181816567e+00
4.000000048484847781e+01 2.545454545454543194e+00
4.000000048484847781e+01 3.272727272727266268e+00
4.000000048484847781e+01 4.000000000000000000e+00
4.072727321212121154e+01 -4.000000000000003553e+00
4.072727321212121154e+01 -3.272727272727276926e+00
4.072727321212121154e+01 -2.545454545454550299e+00
4.072727321212121154e+01 -1.818181818181820120e+00
4.072727321212121154e+01 -1.090909090909093493e+00
4.072727321212121154e+01 -3.636363636363668661e-01
4.072727321212121154e+01 1.090909090909086387e+00
4.072727321212121154e+01 1.818181818181816567e+00
4.072727321212121154e+01 2.545454545454543194e+00
4.072727321212121154e+01 3.272727272727266268e+00
4.072727321212121154e+01 4.000000000000000000e+00
