-2.327018152566921572e+00 -4.093772528224533858e+00
-2.318023451644720012e+00 -2.595974420935203142e+00
-2.325157431116686269e+00 -1.910823246667014530e+00
-2.321179768899675366e+00 -1.168847571042078926e+00
-2.341748796417512324e+00 -4.572979493412852037e-01
-2.325866701041533702e+00 3.338162653903751220e-01
-2.323348461490169825e+00 1.034076807795685227e+00
-2.323392131358140489e+00 1.752028183584041443e+00
-2.318806231021859787e+00 2.453054990174546646e+00
-2.329006072705055885e+00 3.185218538505385055e+00
-2.316577253494564559e+00 3.932713810557796563e+00
-1.500455513483110792e+00 -4.059605532715941933e+00
-1.514627815650072762e+00 -3.350902849095074743e+00
-1.523013466183705589e+00 -2.609560381304902421e+00
-1.560868784679357191e+00 -1.884266394266283839e+00
-1.542407608228295146e+00 -1.160379068961638893e+00
-1.525691688313273175e+00 -4.516284235289198534e-01
-1.555346469308894086e+00 1.021131628109085199e+00
-1.579379979076364293e+00 1.757173139119050376e+00
-1.575287836914341710e+00 2.460463367037519333e+00
-1.594145779884506453e+00 3.245962560203746960e+00
-7.963064125490149081e-01 -3.331537917932372750e+00
-8.563620070802997475e-01 -2.613783656425322732e+00
-8.024257729596087074e-01 -1.885206680723563011e+00
-8.109818397520456301e-01 -1.146796999112982718e+00
-8.065294372848796911e-01 -4.304378824290786554e-01
-8.099170133537398897e-01 1.049685483251604268e+00
-8.093893173671347085e-01 1.754577857883781178e+00
-8.426290125769924089e-01 2.506125659216092316e+00
-8.317318816111196611e-01 3.251652283412123978e+00
-8.331909628788736200e-01 3.974682595432877719e+00
-6.898502815251106313e-02 -4.048201079042314632e+00
-6.152704176260925806e-02 -3.331671503353476282e+00
-5.630015992090875443e-02 -2.596500902136533284e+00
-7.129597027144995991e-02 -1.858748166239937660e+00
-9.690545951126949831e-02 -1.166119411097110259e+00
-6.769839020458334744e-02 -4.337074153269888654e-01
-7.755237489530486528e-02 1.015468795847191075e+00
-8.862701513942283782e-02 1.785016534503341745e+00
-9.010815993063658880e-02 2.520897124630327113e+00
-7.255772042142183409e-02 3.242312365213546599e+00
-6.941967587018638142e-02 3.966045975284135494e+00
6.684444163334646305e-01 -4.029643828765930635e+00
6.374181277765060827e-01 -3.313283063895916314e+00
6.612326088066495799e-01 -2.607457628981340036e+00
6.758452751409222969e-01 -1.868685374613093586e+00
6.818237862013205586e-01 -1.146833612802510061e+00
6.755985309195509103e-01 -4.015941389460699895e-01
6.764106813218973002e-01 3.309684188251473813e-01
6.559582149126370609e-01 1.748271660397978877e+00
6.665297142486394932e-01 2.539890928844346973e+00
5.960400212002312514e-01 3.261048576434799173e+00
6.615867190090582994e-01 3.989130272719823012e+00
1.414761791222481691e+00 -4.019903320962775695e+00
1.386668218636550876e+00 -3.349493558259776904e+00
1.365530586311393790e+00 -2.609010252917343564e+00
1.392545319815404525e+00 -1.879984132070255498e+00
1.404642578533341180e+00 -1.154868956787147738e+00
1.385027608609888716e+00 -4.034914576414649900e-01
1.352016594817953887e+00 2.918827193875372927e-01
1.386927091569312154e+00 1.030498307539840397e+00
1.391654313466169413e+00 1.772101007979635767e+00
1.419203532984020910e+00 2.540082970030358211e+00
1.358919943942510145e+00 3.198448219901582235e+00
1.397597133337150410e+00 3.965699685567795285e+00
2.147090144149068180e+00 -4.028597410133375689e+00
2.191812125075252027e+00 -3.254585112669275304e+00
2.120185083389699798e+00 -2.575193374792185352e+00
2.125770480634358250e+00 -1.890710762409085532e+00
2.125900009109393807e+00 -1.148636180095206072e+00
2.129937495722550977e+00 -4.535899877293694260e-01
2.117291269381837537e+00 2.791146891359232995e-01
2.153652817972904643e+00 1.028156156329501414e+00
2.156680616817304497e+00 1.758630250456022281e+00
2.144037680818520641e+00 2.544695184309514246e+00
2.146430316588016751e+00 3.223059747252751350e+00
2.137620900225698506e+00 3.934846606775185052e+00
2.842451128984599507e+00 -4.010199908127631829e+00
2.855077353061858503e+00 -3.291598265762637254e+00
2.859177560265884210e+00 -2.567533839417048824e+00
2.930438351014863940e+00 -1.854155659413081025e+00
2.838486943964753095e+00 -1.168094464106221864e+00
2.867080315012721314e+00 -4.243549029392745808e-01
2.806181126086841005e+00 3.468658386026959306e-01
2.887380295540040720e+00 1.004614131119048182e+00
2.894075405118492483e+00 1.748839493365654363e+00
2.914898353966947298e+00 2.493879766974160361e+00
2.935083083806866000e+00 3.217819260992445862e+00
3.596205774539789957e+00 -4.012787922055828460e+00
3.600061490481330395e+00 -3.291637602329366530e+00
3.603679167367765501e+00 -2.565912256116483547e+00
3.581666904549962283e+00 -1.143551161907829794e+00
3.589178870394825083e+00 -4.348463538020652663e-01
3.607466048335794540e+00 3.167642159770629462e-01
3.641523425777265288e+00 1.018595215860077730e+00
3.678813607628306670e+00 1.762409186670357286e+00
3.659555900264393813e+00 2.468158986813527633e+00
3.681293824723610442e+00 3.187466736893892261e+00
3.715613802604572413e+00 3.878667422169446155e+00
4.321613624400413300e+00 -4.013836058830321463e+00
4.340649703743096666e+00 -3.287413166626382832e+00
4.331710076246558572e+00 -2.560066881051945131e+00
4.355378681719479061e+00 -1.831574994445340110e+00
4.331978148700052600e+00 -1.144039873858805123e+00
4.330440879433048451e+00 -3.985308012093291552e-01
4.357003328455306246e+00 3.057765152087661420e-01
4.346368700515178318e+00 1.043383768146025403e+00
4.405694232810468236e+00 1.752878492339046801e+00
4.433476059984236883e+00 2.499049231779476798e+00
4.413729838859190124e+00 3.190187228068300129e+00
4.400194519837604901e+00 3.938919344456476068e+00
5.080778208476154134e+00 -4.022095338791221053e+00
5.057935776090708657e+00 -3.303690790318139392e+00
5.074782318216840338e+00 -2.565244766472755344e+00
5.074023393674060856e+00 -1.818202531184184068e+00
5.061587333011821954e+00 -1.105054719009228137e+00
5.123087448773361530e+00 -4.076830902887813579e-01
5.103117251542940380e+00 3.153281630030058125e-01
5.118997174123329330e+00 1.011450207537880175e+00
5.124192040911736967e+00 1.755867135247566324e+00
5.152458521818147119e+00 2.511628495859675070e+00
5.172404321630352797e+00 3.211272598678949208e+00
5.178659048159950373e+00 3.917774657690433315e+00
5.831180421678531900e+00 -4.017951207848600603e+00
5.809681344739054509e+00 -3.328306594948941211e+00
5.821243142516998148e+00 -2.568750189534025452e+00
5.822132329709639009e+00 -1.847615779665293445e+00
5.906881686823240329e+00 -4.123567421435119229e-01
5.877710955965277151e+00 3.237944527168927777e-01
5.838784219011955656e+00 1.021033961387253441e+00
5.883893698623182900e+00 1.761336027399558191e+00
5.912527228396555756e+00 3.185092301361653000e+00
5.938901138965455573e+00 3.911171953942737645e+00
6.548963558865800394e+00 -4.022649686650957790e+00
6.502232472781351191e+00 -3.314423549549932346e+00
6.564090680325726623e+00 -1.855061683552790441e+00
6.617245501449247058e+00 -1.150001732289194223e+00
6.668556116183019356e+00 -4.040829454237631069e-01
6.679229941403910686e+00 3.166998968291032668e-01
6.640580792468959714e+00 1.032296876994369228e+00
6.641882152093835145e+00 1.726217605702316860e+00
6.657855468032622070e+00 2.476806868117844118e+00
6.663697094795779208e+00 3.210130611402792766e+00
6.654476670814801764e+00 3.952325933898645616e+00
7.365293299730765852e+00 -4.017266159503940059e+00
7.353040441506323077e+00 -3.310213145346292407e+00
7.361608467038024628e+00 -2.544569425883683067e+00
7.320890991799572589e+00 -1.894504858241322864e+00
7.371292103718559474e+00 -1.180532194261708412e+00
7.409826492890708494e+00 2.644866351725099207e-01
7.416077351579929200e+00 1.016234297417586419e+00
7.402782061347430442e+00 1.722681216848041430e+00
7.391347281383147561e+00 2.471898827957179634e+00
7.388244649447663903e+00 3.184271172735858357e+00
7.380264271209526328e+00 3.930257189776252602e+00
8.131983834999431338e+00 -2.620518928322216112e+00
8.154214247409484528e+00 -1.186495752319402186e+00
8.146987845457587696e+00 -4.698816760403836668e-01
8.132000776388224494e+00 2.737999635520154129e-01
8.117156222471898275e+00 1.006037197483795609e+00
8.135775991748651848e+00 1.718211594567190303e+00
8.124889805122478492e+00 2.458396043988830826e+00
8.140163321469728430e+00 3.193257160399650019e+00
8.160768056118733682e+00 3.900461296336803940e+00
8.909012919523881635e+00 -1.920707268598334849e+00
8.892495393516071545e+00 -1.202517156426679890e+00
8.906743427409828939e+00 -4.950960153047674339e-01
8.872077266845266763e+00 2.381984124274509895e-01
8.857774709794540513e+00 1.019520676698071782e+00
8.875444076897977652e+00 1.720328765726748088e+00
8.898779743903865835e+00 2.421786325025959030e+00
8.896092579023608948e+00 3.146721986295023754e+00
8.932750007179599550e+00 3.846896056789685048e+00
9.789944426688556689e+00 -4.065343326044462913e+00
9.789987154132688829e+00 -3.338981120108062584e+00
9.781128450171351574e+00 -2.609963107030310425e+00
9.735018716112797676e+00 -1.927003242954526741e+00
9.709112188468907334e+00 -1.182804597112045997e+00
9.695353406704647625e+00 -4.771102140045080375e-01
9.628924443405729505e+00 9.924634994947929556e-01
9.624560593624060800e+00 1.676707132256847643e+00
9.644244629032819205e+00 2.427837241287679859e+00
9.653281795808538845e+00 3.165653717966744551e+00
9.708446187877221689e+00 3.848687732524272320e+00
1.055158963609331124e+01 -3.365085732962096898e+00
1.055039353717349115e+01 -2.623522480687938696e+00
1.055305214771310318e+01 -1.925108314981958557e+00
1.048231277880135792e+01 -1.196984959386764302e+00
1.041464012538843065e+01 2.337401384414476979e-01
1.038315883016532837e+01 9.654537258765181207e-01
1.038568630296770579e+01 1.684518215583498346e+00
1.039306139103208437e+01 2.402206620691593741e+00
1.043541099537557670e+01 3.094592273177479314e+00
1.046426680737836534e+01 3.866831093625112459e+00
1.132553985006081376e+01 -3.351595122868069154e+00
1.130934200233095765e+01 -2.626865913729570678e+00
1.133518168494796186e+01 -1.951018109130892242e+00
1.126573778079953314e+01 -1.182696695207372528e+00
1.125762181011435814e+01 -4.655149097955586512e-01
1.119864049876304790e+01 2.383278884752115800e-01
1.114356120952527363e+01 9.587255221579766840e-01
1.112698608909171583e+01 1.694385732379291909e+00
1.114638934556234062e+01 2.417559529072523361e+00
1.120348738737956040e+01 3.106394318878411553e+00
1.120423076900818415e+01 3.832740819767277429e+00
1.219983952835931262e+01 -4.120822892023216610e+00
1.214392526553049834e+01 -3.376788160599105026e+00
1.211387937403505077e+01 -2.669427873699000031e+00
1.206077768978367715e+01 -1.939517489507196046e+00
1.203745028640408066e+01 -1.179515849637450486e+00
1.201213235254216016e+01 -4.551978918603403201e-01
1.204226768877918374e+01 2.650146362197709493e-01
1.197791148864111932e+01 9.374830215321736659e-01
1.207664068131811064e+01 1.668785494976610551e+00
1.200963550837364124e+01 2.445839759758726473e+00
1.198549689895450854e+01 3.130758071313930913e+00
1.202416183712262665e+01 3.852498146297346437e+00
1.301235240034261409e+01 -4.074812523915284146e+00
1.302230679965447280e+01 -3.356449415809411363e+00
1.298989300281642301e+01 -2.610443566631769130e+00
1.291715915613611543e+01 -1.141930181132394750e+00
1.285938366181621006e+01 2.568043713758250135e-01
1.278278801167341072e+01 9.781315217542854157e-01
1.278454725564663619e+01 1.703941186801952057e+00
1.275701508639276227e+01 2.429054317097239846e+00
1.279009299676337008e+01 3.168583366539689194e+00
1.279251943881014597e+01 3.867336567568383288e+00
1.371974300963968574e+01 -3.361612243868989935e+00
1.379021170474965174e+01 -2.618765486777007823e+00
1.373486635807705625e+01 -1.915972135221451822e+00
1.375070183900427878e+01 -1.199882345537339745e+00
1.371274340088363175e+01 -4.608225397104384058e-01
1.367531039213601929e+01 2.663168821753956195e-01
1.363203612752278104e+01 9.952161421113387973e-01
1.354915919622525422e+01 1.710434975076346120e+00
1.351274493945967237e+01 2.480429340939313221e+00
1.352329939677266424e+01 3.173091786346848409e+00
1.358258259782058275e+01 3.873146904205899688e+00
1.457619444497533578e+01 -4.093724683737676173e+00
1.455401675962889385e+01 -3.357485825152878078e+00
1.455280808961502714e+01 -2.628541184312627621e+00
1.452739992839368455e+01 -1.914951348151323174e+00
1.440001258080438618e+01 3.009591483445142046e-01
1.435969710626178397e+01 1.009518125708208203e+00
1.435301724331388584e+01 1.729634888154780725e+00
1.435181606728320958e+01 2.431750862435482219e+00
1.441203531716742958e+01 3.150948854570369662e+00
1.443020582207584823e+01 3.878690236623707932e+00
1.542101196129675600e+01 -4.079180874616227470e+00
1.542263755303350337e+01 -3.393996235502658720e+00
1.535325703531537300e+01 -2.607022723162479849e+00
1.526976907244765158e+01 -1.169169161037370230e+00
1.522755319453801093e+01 3.230173149413886335e-01
1.521877004219805229e+01 9.708501635690574005e-01
1.511930725293348132e+01 1.730952728085703995e+00
1.517086176305805623e+01 3.181056939828653896e+00
1.516367431620049189e+01 3.896159466960842366e+00
1.618973598113967682e+01 -4.101934045971859177e+00
1.618400030427280711e+01 -3.374028460859072709e+00
1.620399959784847255e+01 -2.648154996726660215e+00
1.618941369501436611e+01 -1.937723904000606012e+00
1.607661313114253687e+01 -1.203420425578965336e+00
1.615218725847908132e+01 -4.738928901171313157e-01
1.598123179768090552e+01 3.091912610838782882e-01
1.592354271550405542e+01 1.746217766289667850e+00
1.593147213110204774e+01 2.465926528590955513e+00
1.590179660935660877e+01 3.192419614596904154e+00
1.595385487998498775e+01 3.876632609526136974e+00
1.692494311873623047e+01 -4.115132398052395502e+00
1.693171456995506929e+01 -3.385782725656671488e+00
1.691608607743709314e+01 -2.690303753835543432e+00
1.691224399160480374e+01 -1.939986706806891448e+00
1.686922518409198091e+01 -1.219110678436649664e+00
1.684875035383142716e+01 -4.995188651050845863e-01
1.683456848733065669e+01 2.506388333999787221e-01
1.674803270109940456e+01 1.779099950839523103e+00
1.672718256035266648e+01 2.464495119836708881e+00
1.669412153094973661e+01 3.144096107433622223e+00
1.671475034845337149e+01 3.902268242287608047e+00
1.767854543410842894e+01 -4.096144539202775547e+00
1.765202864284947992e+01 -3.385805385495022080e+00
1.763095439729526248e+01 -2.673982311439825565e+00
1.761725654601937663e+01 -1.910726588706324947e+00
1.760818831622388814e+01 -1.208668108069002045e+00
1.757523352578310494e+01 -4.848846020458310591e-01
1.757268594858884825e+01 3.156945341643080383e-01
1.751205787570173555e+01 1.001455221985249722e+00
1.749905580102376490e+01 1.673529587911552596e+00
1.749825395398460159e+01 2.498313400944041973e+00
1.749309493048214392e+01 3.194692512482784963e+00
1.752184394464322992e+01 3.935341258160537592e+00
1.839223346547743887e+01 -4.069778812372209842e+00
1.838423057741036359e+01 -3.379800432742086969e+00
1.835469485010196422e+01 -2.629167700885506775e+00
1.833223783592404033e+01 -1.920448151287839522e+00
1.829277981528866093e+01 -1.202239058971379393e+00
1.831751859831984319e+01 -4.564591106389492836e-01
1.827366823006952501e+01 2.695635423250521967e-01
1.827459552513684571e+01 1.033158886576146074e+00
1.825051545396984665e+01 1.755944579144401274e+00
1.824958018532511517e+01 2.496595168585685087e+00
1.821993361152210866e+01 3.233037739348706197e+00
1.822286788610215069e+01 3.944805783865692916e+00
1.910728403748110793e+01 -4.102403969761919456e+00
1.909714174267162434e+01 -3.363152458772127318e+00
1.906369869283007290e+01 -2.625994633190668281e+00
1.906465696118209507e+01 -1.915460055366768444e+00
1.904493938918978557e+01 -1.167658653556951975e+00
1.904862945019108622e+01 -4.428539817279819601e-01
1.900890968479407661e+01 3.045866737914408873e-01
1.903022249189763215e+01 1.016409100693159928e+00
1.897147388947092139e+01 1.758872460674968607e+00
1.897989892916103827e+01 2.487439710029409667e+00
1.895243302804274776e+01 3.239908829377082355e+00
1.899099115264096582e+01 3.995652677069632119e+00
1.992307477170609786e+01 -4.030280801818939551e+00
1.982157232999614394e+01 -3.323971230302554147e+00
1.981967182944693207e+01 -2.595892136881410295e+00
1.979855873840391212e+01 -1.889034553990089904e+00
1.976416309759159873e+01 -1.158714938035824815e+00
1.975469169692080129e+01 -4.352925477655809061e-01
1.976128801192469098e+01 2.985370101697171208e-01
1.974520465048956908e+01 1.018431272243262242e+00
1.973072101297871939e+01 1.762892729891817112e+00
1.973864977063333725e+01 2.496420770200284522e+00
1.972007505836630514e+01 3.220653201444104496e+00
1.978096161922684360e+01 3.964991161172189749e+00
2.067643621166351409e+01 -4.074141291979199053e+00
2.066281546787122636e+01 -3.328990519432984740e+00
2.063016741010409305e+01 -2.588884621383705564e+00
2.058475355619547287e+01 -1.840357714875111128e+00
2.057016212248606024e+01 -1.118443377043153220e+00
2.053028197665273069e+01 3.108268551447466166e-01
2.065839946122819981e+01 1.023458369589381078e+00
2.057617138705570170e+01 1.767557991049233834e+00
2.053672195052589444e+01 2.520935612023212258e+00
2.055586744151944600e+01 3.249520546424580658e+00
2.058044607966895967e+01 3.877496391002917875e+00
2.140829302301966663e+01 -4.077613371828967104e+00
2.138562102492800676e+01 -3.333566560639997789e+00
2.136194684942667976e+01 -2.580780652740795489e+00
2.139176804181509794e+01 -1.873502585629328365e+00
2.143043511100906784e+01 -1.148597076782898796e+00
2.138408138921766266e+01 -4.159757426970074334e-01
2.136905774706119843e+01 3.114893149653141791e-01
2.141699281423596801e+01 1.049179953237704410e+00
2.134715135706075273e+01 1.767921892048011756e+00
2.136675165041843627e+01 2.521692082870089280e+00
2.139152735103392899e+01 3.202867434076463127e+00
2.141037709946429857e+01 3.939216274304929044e+00
2.247888624495741539e+01 -3.967562220740283863e+00
2.239816386761151534e+01 -3.335548499299918035e+00
2.241941581171309394e+01 -2.533476940147952661e+00
2.247353075903674124e+01 -1.824754307194275782e+00
2.235938829129703720e+01 -3.443667652024480219e-01
2.223937969755228039e+01 3.342500827713834610e-01
2.225365366649345589e+01 1.067546717607907425e+00
2.217818654906734821e+01 1.788033061056687245e+00
2.218400326073531659e+01 2.500486943019762265e+00
2.218493761176960533e+01 3.205428633407105821e+00
2.216906081999964329e+01 3.971383410396914115e+00
2.317406266618121435e+01 -4.059706796913548743e+00
2.317616873519038734e+01 -3.321218932121656309e+00
2.316416428670140704e+01 -2.599411410877824125e+00
2.317664979601494935e+01 -1.858173472743850141e+00
2.315561759323158952e+01 -1.128565171227556618e+00
2.313344706577348120e+01 -4.006573065271403777e-01
2.312069741073401730e+01 3.239090746510022711e-01
2.303233544705098979e+01 1.065744087764155523e+00
2.304649180072497217e+01 2.547710054685037306e+00
2.299637508328553537e+01 3.227763395764586818e+00
2.296030944529609741e+01 3.932856764374111691e+00
2.391256794910420069e+01 -4.043218270160146233e+00
2.390191000050076298e+01 -3.324537922761145126e+00
2.391665794747608942e+01 -2.596033587446765267e+00
2.390732758117118095e+01 -1.856918852889979377e+00
2.390780703550901620e+01 -1.134213212487232170e+00
2.387921445576163393e+01 -4.186492839642674824e-01
2.385446656283674827e+01 3.077394963924753313e-01
2.384208409566409870e+01 1.059625587937986779e+00
2.383391783300159261e+01 1.781031102041211511e+00
2.382652032444787693e+01 2.502181130033349632e+00
2.376874317943374137e+01 3.246807350031250650e+00
2.379892140223030594e+01 3.934136943017879418e+00
2.463983838572965368e+01 -4.042774887306656240e+00
2.463939453293029658e+01 -3.322337982632401321e+00
2.463285170299666049e+01 -2.590484715904995738e+00
2.464694534867246034e+01 -1.870279596084085227e+00
2.462966342591146685e+01 -1.123999083715599312e+00
2.461037022072748925e+01 -3.935121310243765436e-01
2.465591791425863022e+01 2.955479620875820501e-01
2.461019320371984520e+01 1.058378336207454140e+00
2.455694005350814990e+01 1.772594644039564571e+00
2.458326283702000126e+01 2.514921474761493414e+00
2.454190606837553901e+01 3.242975525040886708e+00
2.460898496748359321e+01 3.938535149541554148e+00
2.541156165561799440e+01 -4.036069628908652618e+00
2.538392909076448234e+01 -2.604888150335913366e+00
2.533697381607573362e+01 -1.903321062304303979e+00
2.537992544181655319e+01 -1.146454588243447148e+00
2.536290118255194415e+01 -4.243639934927863067e-01
2.536556323084843001e+01 3.006267891906801992e-01
2.536568543892981609e+01 1.025326206512033878e+00
2.537021001259666519e+01 1.771385908448838364e+00
2.534158598137701546e+01 2.487100415436909628e+00
2.533162080238146530e+01 3.227458602502114360e+00
2.534556490103764759e+01 3.947155360848828565e+00
2.613488257162920547e+01 -4.038201008114263857e+00
2.597495002993322544e+01 -3.333953673874024304e+00
2.614947126349666462e+01 -2.601911321628715967e+00
2.610746462646311983e+01 -1.867724829773003137e+00
2.611086310532612487e+01 -1.153799669649160364e+00
2.610633346839297531e+01 -4.239280117253692026e-01
2.609749692295959278e+01 3.024369344492079392e-01
2.609438360497330223e+01 1.023762435307830287e+00
2.609319677382948299e+01 1.754050658655369688e+00
2.611042431033072830e+01 2.473067302810651569e+00
2.610712460221905928e+01 3.219478704703742977e+00
2.612102156641551431e+01 3.941922621840145524e+00
2.685513150989801545e+01 -4.037916137679328443e+00
2.686651618905483474e+01 -3.335086018365576166e+00
2.684863161476080506e+01 -2.607325810967282109e+00
2.684864290747630378e+01 -1.876354430067209478e+00
2.684882845115287608e+01 -1.153517536475337835e+00
2.684348688116110537e+01 -3.994705068265247405e-01
2.685300189232372503e+01 3.029270718487424574e-01
2.682261751532359284e+01 1.033177981479482810e+00
2.686126597253189630e+01 1.780357298971814828e+00
2.689057442178626189e+01 2.519025344677611855e+00
2.686388580975410179e+01 3.218161329158245820e+00
2.687599530878996035e+01 3.945018966202813004e+00
2.764413990501596885e+01 -4.061342836578017312e+00
2.759520702538702608e+01 -3.368693638148368308e+00
2.763641995811317997e+01 -2.612071027129353240e+00
2.760550020335741550e+01 -1.884481104266566120e+00
2.761612411136932366e+01 -1.161450691480954589e+00
2.758251828584663201e+01 -4.673608771354906821e-01
2.760236830491670901e+01 3.096477541489335295e-01
2.759714108612534744e+01 9.852574504568245573e-01
2.759175320012167276e+01 1.775538787829002985e+00
2.760295183544619135e+01 2.475460855611927968e+00
2.762644402971105961e+01 3.206419368527281932e+00
2.762177185130983759e+01 3.931203971356165283e+00
2.838750266962980362e+01 -4.092231347044510414e+00
2.836435079734096831e+01 -3.337767969386433720e+00
2.836418086623948653e+01 -2.611876898617779830e+00
2.838240438231182594e+01 -1.902681249317531353e+00
2.836737948506047502e+01 -1.153496922354637633e+00
2.837802031679800763e+01 -4.394109869311151328e-01
2.838312035569305891e+01 2.764415789266898571e-01
2.838415470341269753e+01 9.919403834187008329e-01
2.837903731608833624e+01 1.730290426407044890e+00
2.833716807927806514e+01 2.477601845021432325e+00
2.835690852860891908e+01 3.208413726159871970e+00
2.838828048831287987e+01 3.928321015364293345e+00
2.919718655125239337e+01 -4.053047980287235674e+00
2.913676018550044233e+01 -3.357685495606332893e+00
2.914227777875485259e+01 -2.589618142534121148e+00
2.912084381463930782e+01 -1.906786131620922475e+00
2.911507922243109903e+01 -1.185276456662670341e+00
2.909127815274644746e+01 -4.510878203778112550e-01
2.909813532804485448e+01 2.689111987275545346e-01
2.911710615469626617e+01 9.949899232958721029e-01
2.913039775237918860e+01 1.703499742729590594e+00
2.914557684042149077e+01 2.444804866933189658e+00
2.915967455901988359e+01 3.154447073484131892e+00
2.915470525425049431e+01 3.897637902954688371e+00
2.991377190708868028e+01 -4.073039933370381505e+00
2.992484018973554072e+01 -3.378365365583107405e+00
2.992144612363195932e+01 -2.647587181099392950e+00
2.990972749047450208e+01 -1.916697581769039260e+00
2.990492899579142971e+01 -1.190616848644914683e+00
2.987388641951920221e+01 -4.583990843356460232e-01
2.989431880529324559e+01 2.602771284688287778e-01
2.985891634812590922e+01 9.960792832081537540e-01
2.987500130446940005e+01 1.716168487424155842e+00
2.989091972373913819e+01 2.425991411919575569e+00
2.989617103546583365e+01 3.142646663583899880e+00
2.990463275377351948e+01 3.877780442361594027e+00
3.069522280279840487e+01 -4.083406208660107950e+00
3.065112793875236008e+01 -1.909854003286376667e+00
3.064772811344558789e+01 -1.209975825328687193e+00
3.065739742871816276e+01 -4.526739521009304212e-01
3.066298420582369744e+01 2.426135815109944360e-01
3.063186135296759716e+01 9.610299405656768101e-01
3.064536081685235303e+01 1.702050188217185678e+00
3.064599513436080969e+01 2.423400689107022998e+00
3.063922456157140317e+01 3.136088263125554221e+00
3.063457250261092923e+01 3.862841247714772663e+00
3.146359837949095350e+01 -4.100593521086175031e+00
3.143249769828498330e+01 -3.348674327788220495e+00
3.142884600491371572e+01 -2.634456769779621510e+00
3.144390755549446936e+01 -1.923717913339281438e+00
3.141384502096406806e+01 -1.199849338250896125e+00
3.139228437035580299e+01 -4.981715685094840751e-01
3.140895097278708903e+01 2.425839964015708006e-01
3.142134432978938463e+01 9.591647232500548625e-01
3.142805340168593631e+01 1.697327636808768858e+00
3.142079192413925881e+01 2.430303863678158649e+00
3.138688342757665595e+01 3.169315560025243173e+00
3.140419343369691063e+01 3.887861683900577958e+00
3.225330250208029526e+01 -4.076828263950364573e+00
3.220636317033154938e+01 -3.376392056207290437e+00
3.214407376735046995e+01 -2.628380279105492434e+00
3.217623307990778159e+01 -1.939836464689708606e+00
3.214597334261839734e+01 -1.172093703666181597e+00
3.215961618425902913e+01 2.323289326976158975e-01
3.215628365344569062e+01 9.534534190973644741e-01
3.213501822179019740e+01 1.697838158944769305e+00
3.215148944366894312e+01 2.430126417180058951e+00
3.215103579384599897e+01 3.155177966247396881e+00
3.221870853392307055e+01 3.871220587650956446e+00
3.294207716990685952e+01 -4.082748337073045519e+00
3.293935959449169815e+01 -3.374534549330071798e+00
3.294612699040404635e+01 -2.628859677638953229e+00
3.292254851329537502e+01 -1.914992006235316069e+00
3.291918453575815562e+01 -1.198037553857783877e+00
3.290498514762716553e+01 2.365718966488010722e-01
3.288341370086464366e+01 9.634642234693373553e-01
3.293704767902864461e+01 1.679353073574457511e+00
3.293116500198004104e+01 2.405650477905464157e+00
3.292631017376590563e+01 3.158288829061067560e+00
3.293111444959534850e+01 3.874384277125916043e+00
3.371869796617165349e+01 -4.076245454062686235e+00
3.369824589423631522e+01 -3.357005468889735056e+00
3.371893086491559899e+01 -2.640918550013743982e+00
3.367007425144515054e+01 -1.915166487205915757e+00
3.365975253703526704e+01 -1.172117163557157227e+00
3.370139664000627278e+01 -4.818988759919591303e-01
3.366253224868871285e+01 2.320291374632574843e-01
3.365954848284972201e+01 9.650099512129521884e-01
3.366293757546858245e+01 1.692279481757591242e+00
3.364288008578339628e+01 2.440615633765919057e+00
3.367822941437582784e+01 3.163987216321782370e+00
3.365436855484711742e+01 3.902842167488056901e+00
3.445830298374969658e+01 -4.057384744427690038e+00
3.444148736468519445e+01 -3.334055697759396253e+00
3.443413571347416990e+01 -2.619397488241197891e+00
3.441909914681998117e+01 -1.919657904408822446e+00
3.442675848616969603e+01 -1.201363099982046378e+00
3.441307097919656854e+01 -4.842294537575426716e-01
3.439573785662339134e+01 2.462169965144269668e-01
3.440030289162560706e+01 9.823046329017977030e-01
3.441276341133455929e+01 1.725477492508840527e+00
3.442442462141178083e+01 2.439535877109694439e+00
3.443206926654456623e+01 3.170016887892696644e+00
3.440962102467640449e+01 3.894242422771835521e+00
3.518734582361458507e+01 -4.072798473717703871e+00
3.512280425406915896e+01 -3.371471926979925371e+00
3.517277704083497980e+01 -2.632096332663444116e+00
3.516541598164119620e+01 -1.911755548543251138e+00
3.516380155594141144e+01 -1.217392615544500956e+00
3.516362449371072074e+01 -4.821474610531026883e-01
3.515991750188933196e+01 2.665232467613236622e-01
3.513852813610127868e+01 9.613360045980741120e-01
3.512558501967752278e+01 1.731150545609821734e+00
3.512921264243887975e+01 2.424005345447682203e+00
3.515527520375557202e+01 3.186602218856233293e+00
3.513896019406843862e+01 3.909394971354618775e+00
3.593628533045225737e+01 -4.053682811615885839e+00
3.592729212376044501e+01 -3.337774219219845406e+00
3.592540825674293359e+01 -2.620614162346402765e+00
3.590873114135947475e+01 -1.909691670123027762e+00
3.589820480476401343e+01 -1.185496469198525915e+00
3.588689321131030141e+01 -4.543770507392039804e-01
3.590347335591948053e+01 2.913218873906338047e-01
3.591723950361478757e+01 1.045469406466562390e+00
3.591651433172126673e+01 2.443284262643366844e+00
3.590144017504578500e+01 3.197819400263473000e+00
3.592565767514259534e+01 3.953721209572240269e+00
3.666373153114691519e+01 -4.088998327586029546e+00
3.666138728195571872e+01 -3.338218333690683437e+00
3.666010580070456371e+01 -2.656474915420506733e+00
3.664231574117561507e+01 -1.894418598438445400e+00
3.663500712826169803e+01 -1.169878735562249972e+00
3.662630432707033634e+01 -4.437050924861338785e-01
3.665771094944370390e+01 2.871945514900744456e-01
3.664129258566804737e+01 1.000327152029971245e+00
3.663385123364528084e+01 1.777813969366647484e+00
3.663187163172205629e+01 2.477093865732260980e+00
3.668424049145242094e+01 3.231690726599371288e+00
3.670741451311337045e+01 3.925008613068587948e+00
3.744645074716020616e+01 -4.053225260230373550e+00
3.740134620493230244e+01 -3.327390037973856352e+00
3.739845455775817840e+01 -2.601532604221240774e+00
3.736392757791556818e+01 -1.150555774631538242e+00
3.735522250858473825e+01 -4.297432670110552522e-01
3.735156232601095638e+01 3.528417292185750398e-01
3.737402496258660989e+01 1.053751163604037089e+00
3.742437835995935558e+01 1.739209556302622417e+00
3.744267508461616245e+01 2.479009987211295396e+00
3.740630270968852500e+01 3.206456903807580971e+00
3.742320599664162017e+01 3.928588956379687858e+00
3.818635412804609786e+01 -4.022206309653178380e+00
3.816775859996041476e+01 -3.302187153341989756e+00
3.815339024879117602e+01 -2.592105521635140519e+00
3.814434056684901719e+01 -1.869069711837607173e+00
3.814775523669525370e+01 -1.134330252919870219e+00
3.812315409032321867e+01 -4.066971679479038926e-01
3.818707687380950944e+01 3.557693162697823652e-01
3.819222987786671553e+01 1.061942914803221782e+00
3.820567204637962533e+01 1.750220986371566312e+00
3.822400260377363423e+01 2.507753603319589075e+00
3.899681034726477691e+01 -3.974912821573557409e+00
3.899728254979756770e+01 -3.258296227622967223e+00
3.894909086765809292e+01 -2.566778414745272130e+00
3.903656665228015044e+01 -1.803087755420051508e+00
3.902848504895394655e+01 -1.116033346785130220e+00
3.897930330240956920e+01 -3.307016190481171236e-01
3.903001590647708241e+01 2.609826176193994485e+00
3.900124992382482247e+01 3.195378718680377261e+00
3.979900793044360086e+01 -3.286813637399237820e+00
3.969307301695962309e+01 -2.935696036906339401e+00
3.977323210913274210e+01 -1.814498793143428657e+00
3.998031765653930591e+01 1.114841503067328432e+00
3.999527893388120248e+01 1.874369996480954370e+00
4.000276304118428783e+01 2.630219109321121351e+00
4.000320282925837745e+01 3.322841737304980114e+00
3.999830820784283247e+01 4.019087485552535810e+00
4.073408007640980344e+01 -3.978782841670668091e+00
4.072326445998186983e+01 -3.246050015383779908e+00
4.071329860460327410e+01 -2.484394267101730946e+00
4.071580044537189025e+01 -1.776337301806176328e+00
4.072693743763176855e+01 -1.060972728529076647e+00
4.073091673140861957e+01 -3.382642627150040937e-01
4.074006446309343943e+01 1.123934067688171723e+00
4.073271399087163758e+01 1.852705472949065069e+00
4.072651020321341520e+01 2.509882174538361710e+00
4.070584428631519103e+01 3.333170680786370355e+00
4.072046634783261965e+01 3.978782841670668091e+00
