-3.493911360282687895e+00 -4.143627720667797831e+00
-3.440527988440940987e+00 -2.909330323110040695e+00
-3.493637460742434087e+00 -1.958428585465675553e+00
-3.490984998809572915e+00 -1.242940129643248071e+00
-3.519671194027402805e+00 -4.911005451048424675e-01
-3.498702766610513493e+00 3.062235088223097534e-01
-3.496369734555926811e+00 9.792562593854867714e-01
-3.498516080530308159e+00 1.708815202799591759e+00
-3.493154339408533815e+00 2.412542724479113332e+00
-3.505653341817165369e+00 3.119380055701213905e+00
-3.498353977367123946e+00 3.887500574140190679e+00
-2.621727361341839924e+00 -4.112374833800188867e+00
-2.658304813827307100e+00 -3.398455407237790382e+00
-2.668479225010251810e+00 -2.652667757602497289e+00
-2.703874285514579867e+00 -1.934913801493532759e+00
-2.684094813893928233e+00 -1.204742038814561766e+00
-2.681219052895613686e+00 -4.962504539756302790e-01
-2.701351277880100099e+00 9.786563927271423324e-01
-2.737012969360804959e+00 1.715643123280354843e+00
-2.736798086076689174e+00 2.421896536898564989e+00
-2.757042558839422952e+00 3.207705307898258695e+00
-1.924752161245386617e+00 -3.380425364200362992e+00
-1.986785866844265058e+00 -2.642930480689901884e+00
-1.938698762079042126e+00 -1.935016495076265386e+00
-1.957105874105366183e+00 -1.193820220271621935e+00
-1.958020468553542059e+00 -4.801543000602990219e-01
-1.936781366200989396e+00 1.000079117181709165e+00
-1.965872570230722260e+00 1.716662182636646605e+00
-1.995191989518140474e+00 2.466887085984687644e+00
-1.992411928529662646e+00 3.219332798926878070e+00
-1.998195753117315121e+00 3.937904590114960968e+00
-1.201220648844284256e+00 -4.090049843325601842e+00
-1.207998539487178391e+00 -3.376517830293263245e+00
-1.198282360729329810e+00 -2.640165809390161655e+00
-1.208789774011641782e+00 -1.909484956300030234e+00
-1.243799802923206244e+00 -1.209646972935839671e+00
-1.203007923845781590e+00 -4.786659743117347432e-01
-1.215447727800778921e+00 9.616793754900179181e-01
-1.240197777372017640e+00 1.750456968498088628e+00
-1.226074389532605835e+00 2.494145497444023363e+00
-1.226126295072702987e+00 3.206440346753616666e+00
-1.223026124554735361e+00 3.935361015350693492e+00
-4.627987595901785767e-01 -4.064971697712248755e+00
-4.978267138370213729e-01 -3.342103044050414695e+00
-4.722710962790799272e-01 -2.645713409367015601e+00
-4.611390020390544464e-01 -1.915498895995334294e+00
-4.604544506472123544e-01 -1.191006837064325197e+00
-4.637870599328905996e-01 -4.491423484224164042e-01
-4.570364069899142123e-01 3.001946659887941848e-01
-4.889189895574830302e-01 1.712681044086181714e+00
-4.766369514957489173e-01 2.507398338941264626e+00
-5.492066103620203421e-01 3.226859003255029279e+00
-4.817335722726525660e-01 3.964257585238058823e+00
2.856599132106154570e-01 -4.046203016706861888e+00
2.571931198788206530e-01 -3.381593356522767380e+00
2.285291500986303959e-01 -2.653029930046184148e+00
2.572049636987543408e-01 -1.917181545357468764e+00
2.653975538505264353e-01 -1.198955600781449249e+00
2.501439711002646504e-01 -4.590257179567025503e-01
2.083259760954163653e-01 2.468414151755986552e-01
2.466614924397703135e-01 9.916787869608718609e-01
2.563828391069193913e-01 1.730623399050276845e+00
2.753968067853023172e-01 2.514195377328071856e+00
2.182368026691321461e-01 3.163347090953912755e+00
2.620713131579321953e-01 3.929400655182476498e+00
1.022803078553565115e+00 -4.062028744496242183e+00
1.070805037607399868e+00 -3.275401707986144828e+00
9.892236251597168462e-01 -2.606060287619339277e+00
9.951912308163528564e-01 -1.924841077113992327e+00
9.934208944697502375e-01 -1.190126019546308811e+00
9.956691833960533700e-01 -5.048053928268849688e-01
9.869327244331458360e-01 2.323584042487247814e-01
1.018414989889159017e+00 9.826330267071270441e-01
1.036346900217786526e+00 1.712514405619828040e+00
1.005074697331735933e+00 2.518039191505998531e+00
1.007215556650869814e+00 3.185139460138174172e+00
1.001650354985073932e+00 3.897763817658933760e+00
1.724200927034175379e+00 -4.037434203917594999e+00
1.735287676558748160e+00 -3.319767801331718005e+00
1.733087590111416887e+00 -2.602221868602239141e+00
1.821269861022358327e+00 -1.886313744000315040e+00
1.703134266953973963e+00 -1.212441360341088625e+00
1.735813099960751060e+00 -4.749797910915809496e-01
1.680261471259314021e+00 2.885124382933774712e-01
1.756646179794131513e+00 9.531153368437301765e-01
1.771414762523505715e+00 1.705463907764180220e+00
1.784176861436108652e+00 2.449545974745198862e+00
1.818530167163146416e+00 3.173725642697711180e+00
2.471261073587179169e+00 -4.041882667081793556e+00
2.479031133075935145e+00 -3.320923173997531563e+00
2.476880614330518426e+00 -2.596934737502682111e+00
2.456332523052672911e+00 -1.185472286302672984e+00
2.464460519910844027e+00 -4.831384918631940195e-01
2.492226784723023059e+00 2.619237860966094900e-01
2.513535321393234767e+00 9.733742198452794980e-01
2.556287756315761328e+00 1.717358769963208687e+00
2.529391135649348143e+00 2.426219218334608740e+00
2.565621800937094577e+00 3.140132569133072593e+00
2.609981864429002485e+00 3.823515610960328104e+00
3.199316988746794266e+00 -4.046147677491216399e+00
3.217832008329757798e+00 -3.320216105255720862e+00
3.212631849641816473e+00 -2.591682934402097516e+00
3.227236511226386995e+00 -1.876551260631657669e+00
3.208871792160245207e+00 -1.185382785258607186e+00
3.206706362139236433e+00 -4.391905172974084337e-01
3.235977316253574543e+00 2.596567128087876597e-01
3.272713883105197397e+00 1.041161785259451023e+00
3.294439287505689151e+00 1.702189052588312990e+00
3.323646314130073165e+00 2.440666720747266538e+00
3.299213565199082154e+00 3.143229228354513793e+00
3.293001307809433342e+00 3.880393651956104861e+00
3.967258163870098997e+00 -4.052263632792740822e+00
3.945850834486883230e+00 -3.339231301834619359e+00
3.957629881285804174e+00 -2.596843885206535418e+00
3.956599775744109593e+00 -1.848798873264264842e+00
3.940578984278481300e+00 -1.142846590978699339e+00
4.008588831635947258e+00 -4.477949301046706410e-01
3.982369618308098325e+00 2.769999835810992295e-01
4.003458664253763288e+00 9.722224379684938356e-01
4.007104892106873706e+00 1.715497285559809626e+00
4.059887882362453126e+00 2.463472874643990451e+00
4.065850520433933468e+00 3.164806413651767514e+00
4.070706217783680358e+00 3.870216829048878537e+00
4.720646218528472104e+00 -4.054758505789529011e+00
4.704937529789511075e+00 -3.363399508238071434e+00
4.705201220367030146e+00 -2.591347342710552226e+00
4.704990042037344722e+00 -1.893662390122958783e+00
4.786126322010616718e+00 -4.460130948189409139e-01
4.771315150893286727e+00 2.829393385923140158e-01
4.713253404963346327e+00 9.754638821343597499e-01
4.774522544798578849e+00 1.721496427396225215e+00
4.805229892334097030e+00 3.143246729497448655e+00
4.841609489285474410e+00 3.860048850119149222e+00
5.444768326641231226e+00 -4.053718185630959425e+00
5.406360761833859385e+00 -3.350094123284716119e+00
5.453516235439359150e+00 -1.889261611426668708e+00
5.512771414328682340e+00 -1.185923648427102961e+00
5.554294699600724527e+00 -4.415903588460210472e-01
5.586421054022075339e+00 2.830339054068815585e-01
5.535777239966805041e+00 9.927508359570644814e-01
5.523230389584227851e+00 1.687950914444147799e+00
5.552518593970319216e+00 2.423987402384149448e+00
5.565996453180169112e+00 3.160952158265317280e+00
5.562590248893911848e+00 3.892452526300033355e+00
6.268919566989183068e+00 -4.051507177014062933e+00
6.252875401663317234e+00 -3.349012415874312865e+00
6.276359664257206816e+00 -2.530783306574583946e+00
6.216532540597206946e+00 -1.930287253849041207e+00
6.272243311499067886e+00 -1.224022028391154038e+00
6.315114375836451188e+00 2.246400360256330941e-01
6.321322585270081618e+00 9.695187958272875051e-01
6.305164151971489161e+00 1.675616257027538580e+00
6.288680571591093837e+00 2.418189478851658691e+00
6.284361359531125402e+00 3.132656862875236925e+00
6.283000542253788012e+00 3.879567871644766797e+00
7.042435669131322129e+00 -2.658991403978038903e+00
7.067776984380145677e+00 -1.230311193480346788e+00
7.062381717097643730e+00 -5.150954872442099486e-01
7.034461109131882495e+00 2.230011324228584613e-01
7.024177973325592461e+00 9.611421264252513197e-01
7.042754643608496679e+00 1.669248719270353121e+00
7.041205083517908747e+00 2.405149068032581994e+00
7.037834355416755727e+00 3.134260545102677042e+00
7.079312761384883856e+00 3.832983629268937875e+00
7.827883837243696519e+00 -1.963109200449469682e+00
7.803114276236669866e+00 -1.247162583432597671e+00
7.818296035392656051e+00 -5.498026408761944595e-01
7.778863101257272206e+00 1.821918509772793016e-01
7.759454367911743589e+00 9.738383632829865633e-01
7.784311744915179077e+00 1.675431699734545532e+00
7.817773783039342561e+00 2.355152664247658123e+00
7.806131534936362470e+00 3.088656338263355394e+00
7.872761403585187168e+00 3.774314551983138699e+00
8.725965780099166125e+00 -4.099742519833849741e+00
8.731474115815309744e+00 -3.373902041066649815e+00
8.710725266753414076e+00 -2.654626216457220522e+00
8.663523555072671911e+00 -1.970304623142215661e+00
8.634629172128477137e+00 -1.233325089853163803e+00
8.620863490142511409e+00 -5.318643098501780742e-01
8.545552401855424307e+00 9.408042783497378991e-01
8.532855041187538347e+00 1.612005727681619760e+00
8.561100538102273561e+00 2.366508947927002282e+00
8.583594673700964961e+00 3.106276917152790418e+00
8.634444471639838525e+00 3.772374064039695440e+00
9.495068041372512369e+00 -3.409301579350078271e+00
9.491075544896098393e+00 -2.667418857923237852e+00
9.490093567796805019e+00 -1.977485446218299359e+00
9.428349098479650081e+00 -1.267351729205429933e+00
9.346756265995615820e+00 1.783298597520825979e-01
9.302875321521348440e+00 9.048908990145214659e-01
9.303196554235810822e+00 1.618458553567112546e+00
9.321859562484988260e+00 2.339756512409973510e+00
9.372793671953175476e+00 3.017422987574235549e+00
9.404915113487390954e+00 3.800176450282883422e+00
1.028295089476057456e+01 -3.406670744130327222e+00
1.026626417949579206e+01 -2.676637365599439988e+00
1.029283677065767222e+01 -2.018450225991198721e+00
1.021803438885141446e+01 -1.234670678744244299e+00
1.021489249863275006e+01 -5.223587074111080142e-01
1.013826449275630637e+01 1.668792777519563231e-01
1.007669057682047509e+01 8.893421595558628212e-01
1.005273577120036066e+01 1.618920841841937630e+00
1.008336151579315754e+01 2.338779404357911318e+00
1.015241100118489470e+01 3.035688865242008205e+00
1.014989415976173603e+01 3.752674158588988007e+00
1.119816128427746804e+01 -4.193249865623435824e+00
1.113521760924795245e+01 -3.440352963210564496e+00
1.112059179366160322e+01 -2.745727664865352580e+00
1.103500051855697706e+01 -2.014172044043792908e+00
1.102000534084468342e+01 -1.255179813391251287e+00
1.098403481059643383e+01 -5.219345199553266923e-01
1.098341957039460226e+01 2.036744873345455176e-01
1.093321381280737370e+01 8.698074186618072190e-01
1.103087674957574649e+01 1.590324023708994616e+00
1.096274381529441655e+01 2.368718290375902313e+00
1.094222896083761043e+01 3.047876343432442070e+00
1.099462222846791093e+01 3.762083108230129369e+00
1.205824905560577065e+01 -4.127660250687682719e+00
1.206028175061094032e+01 -3.422793496786997736e+00
1.203169441093120895e+01 -2.665280173759676074e+00
1.197400169299148587e+01 -1.236325335454804275e+00
1.190957008907487591e+01 1.630561150349976174e-01
1.173404946621748479e+01 8.979137474798974949e-01
1.173402872794063256e+01 1.619074387964399619e+00
1.172726704876265558e+01 2.345381302335621143e+00
1.175672585282968896e+01 3.070203228026386455e+00
1.176998791557365109e+01 3.771626595769845380e+00
1.276166858946102423e+01 -3.420765325978283755e+00
1.287056338304292780e+01 -2.681750561531071497e+00
1.279559165020167910e+01 -2.004758033041458276e+00
1.279917558149057299e+01 -1.279537610002854819e+00
1.274155731707772787e+01 -5.493623809060999008e-01
1.269679173208582768e+01 1.838463383025796816e-01
1.262280600165703959e+01 9.014058439556009716e-01
1.251980937298653629e+01 1.621509138135404982e+00
1.248285987308422307e+01 2.393805440182894984e+00
1.250552068383466775e+01 3.079206622527692616e+00
1.257266711140161419e+01 3.772352316332465705e+00
1.368966940291451806e+01 -4.163404325852592791e+00
1.367059243569210736e+01 -3.439532761737428501e+00
1.364686107929262704e+01 -2.695258521267192009e+00
1.357579766609422478e+01 -2.019614147223084188e+00
1.341775631377083755e+01 2.258955162985785137e-01
1.337558508273396995e+01 9.141563190324966115e-01
1.333965960234024806e+01 1.621765198397334018e+00
1.336615087165969129e+01 2.336385193343414102e+00
1.342951498358929996e+01 3.045651204188743577e+00
1.346049104204577418e+01 3.770624945779580628e+00
1.460583152823861752e+01 -4.179856055021414107e+00
1.456761773437856533e+01 -3.460815984622279018e+00
1.448762437433243377e+01 -2.678008300386839124e+00
1.436178909120791047e+01 -1.264765826625954048e+00
1.431010785494799364e+01 2.111400126888867135e-01
1.429687151343297558e+01 8.781882038399935198e-01
1.413744310974858820e+01 1.641383475228376909e+00
1.420021229388853357e+01 3.080533217250504663e+00
1.419553493307626724e+01 3.785965535839423524e+00
1.537829214464512972e+01 -4.186721028610897122e+00
1.536945065833432267e+01 -3.470437308613451677e+00
1.539165540154930767e+01 -2.752415708516050330e+00
1.537231099298326598e+01 -2.044782772648670033e+00
1.524168233552970264e+01 -1.290650783376943167e+00
1.532933820830631788e+01 -5.538520016637491494e-01
1.507063266600260221e+01 2.195921956026545274e-01
1.497769384076826782e+01 1.654273260673392087e+00
1.500449974083785776e+01 2.366249139614104990e+00
1.494214387304706548e+01 3.087354145405193151e+00
1.500805234083949813e+01 3.755731190209239401e+00
1.611406204638476680e+01 -4.248648071529480319e+00
1.612557811456940726e+01 -3.491304931933811417e+00
1.610762087301210244e+01 -2.794184702513000218e+00
1.609195634590232515e+01 -2.055476940928521401e+00
1.604095778178985654e+01 -1.318369133522274694e+00
1.601074359229523481e+01 -6.031736299089338615e-01
1.597749689220376013e+01 1.548809573134128925e-01
1.585018590623225521e+01 1.678568118502756334e+00
1.581233092882131785e+01 2.356176103871007399e+00
1.576592223895833911e+01 3.003133323368544438e+00
1.579711071470034511e+01 3.788101438939058596e+00
1.687575262221914585e+01 -4.202641040782335580e+00
1.685208207571441363e+01 -3.487227220549225848e+00
1.681905510076601473e+01 -2.775205337542761441e+00
1.680072227117449302e+01 -2.020425998484260077e+00
1.677844303259466585e+01 -1.316568498249068853e+00
1.674125617873659166e+01 -6.016240386174658283e-01
1.673100177052517523e+01 2.392881885423605581e-01
1.664479830481369049e+01 8.979630550261461508e-01
1.662144223765066187e+01 1.578100865662158014e+00
1.660385662971902576e+01 2.400471898464818565e+00
1.659565458867514565e+01 3.108469890651825551e+00
1.663697983191843122e+01 3.841065836490145102e+00
1.760024186567923721e+01 -4.157635383728027989e+00
1.758845608882412392e+01 -3.485874741257163123e+00
1.754428329036574041e+01 -2.719616704746758984e+00
1.750823669369326296e+01 -2.012671896361396762e+00
1.746308197196606926e+01 -1.297655516782569407e+00
1.747513501556310445e+01 -5.463406886500195014e-01
1.742876572053156536e+01 1.779634465125603526e-01
1.740512632040636021e+01 9.691706223203198078e-01
1.737692392142219688e+01 1.657118354205717736e+00
1.735954897306240241e+01 2.411144982907572398e+00
1.732357328682616782e+01 3.163227827174132756e+00
1.734571311884118217e+01 3.874497931681915475e+00
1.832669040503236602e+01 -4.194728550662713218e+00
1.830142927319560897e+01 -3.454542422828822623e+00
1.826004844274365979e+01 -2.711716371504305556e+00
1.823983958499511715e+01 -1.999444676213006034e+00
1.821203463418556368e+01 -1.252835655792676306e+00
1.820687104574531645e+01 -5.307175334564497859e-01
1.816832874980478607e+01 2.274297975815748885e-01
1.816500595935701057e+01 9.296760574869118443e-01
1.809966883200656440e+01 1.666383334305358233e+00
1.809272480336921518e+01 2.410184875385692038e+00
1.806019717640455013e+01 3.168605967282729807e+00
1.811402943883207683e+01 3.913696351526404271e+00
1.915391540943618054e+01 -4.086262099236819267e+00
1.903948168429815269e+01 -3.387782038329113732e+00
1.900787414503192707e+01 -2.666112628832813414e+00
1.897849063669995218e+01 -1.961052335330808916e+00
1.893459626977984556e+01 -1.233325375959438475e+00
1.891099522077158213e+01 -5.125527199211461493e-01
1.890665562298354274e+01 2.166684180990188224e-01
1.888471687181304048e+01 9.458598664215358554e-01
1.886376933028760305e+01 1.683677179143483471e+00
1.886477367715546904e+01 2.409002826371995809e+00
1.884871582054284289e+01 3.146947513059430435e+00
1.892332607135298872e+01 3.877254949160914066e+00
1.991028283037279323e+01 -4.155838362739629588e+00
1.989254408721060230e+01 -3.396407928722947389e+00
1.983644358930693841e+01 -2.641646270731992985e+00
1.978698882658792257e+01 -1.901174391853835743e+00
1.978186853576179516e+01 -1.173467178020302981e+00
1.967069603869654060e+01 2.198028618322851457e-01
1.991069798919424017e+01 9.346440111185785327e-01
1.974559466787658124e+01 1.694140587146463872e+00
1.966782109647454746e+01 2.448031137024926807e+00
1.973791407265785125e+01 3.173754222429721494e+00
1.979788882164969266e+01 3.822094148085042775e+00
2.063949591062241495e+01 -4.143932325194825239e+00
2.060450967642435671e+01 -3.376282835473876531e+00
2.058410756304984801e+01 -2.660562631863410132e+00
2.062332484189247594e+01 -1.952908208670589119e+00
2.063484900078577056e+01 -1.218711860467845298e+00
2.062026937503779322e+01 -4.865088540558168972e-01
2.061268961528634236e+01 2.427256136363844519e-01
2.065516417953290329e+01 9.849661310972628314e-01
2.057174504860881825e+01 1.698783309727797786e+00
2.057385130341751989e+01 2.431743974898022742e+00
2.059623245042648421e+01 3.100651295494699866e+00
2.062720426658941619e+01 3.829259654567529481e+00
2.183150946613130117e+01 -4.054053681946740539e+00
2.180850466339568783e+01 -3.388470630874437006e+00
2.180512473804996887e+01 -2.615080452691422863e+00
2.184346764312697076e+01 -1.888050116267180556e+00
2.169733979832266613e+01 -3.100270051740992017e-01
2.155663776692728817e+01 2.594530169339996917e-01
2.152746990609374933e+01 9.930015816510504578e-01
2.145072980211882907e+01 1.715878839386878241e+00
2.143934276189705201e+01 2.429627638928682387e+00
2.144311527907139947e+01 3.088984364893512691e+00
2.141281107564738306e+01 3.848539348522102443e+00
2.253495048237954990e+01 -4.128831210224898740e+00
2.253878303758694557e+01 -3.397254197358879679e+00
2.253088496433075960e+01 -2.669395033216627411e+00
2.253919510391612135e+01 -1.930651420784315064e+00
2.251824587179524428e+01 -1.202498109752880850e+00
2.250248771832751515e+01 -4.788539329745731266e-01
2.247442136368334076e+01 2.518427100259863494e-01
2.235660763579773658e+01 1.002556538828457633e+00
2.238735133551212897e+01 2.483183344401709292e+00
2.230640177188296036e+01 3.143665840167997771e+00
2.227550547145719406e+01 3.802802241974184483e+00
2.327253808541484403e+01 -4.118676193079505055e+00
2.324940071105964989e+01 -3.404154776672864813e+00
2.328471979069374242e+01 -2.673506910734658959e+00
2.326417375171791235e+01 -1.921514413861601156e+00
2.327213962214128173e+01 -1.214434597412331840e+00
2.324835166434390743e+01 -4.966951286156771062e-01
2.321226866139684830e+01 2.230737149358112958e-01
2.320002287537571561e+01 9.953243837925533910e-01
2.319647487662378893e+01 1.704570595633764896e+00
2.317485624357492924e+01 2.407494591698856823e+00
2.311228134773029552e+01 3.159881738993433942e+00
2.314525114249543236e+01 3.819649000559692809e+00
2.400855642170699156e+01 -4.119742268554052345e+00
2.400847872103510383e+01 -3.404364921654359222e+00
2.400405625752009087e+01 -2.667566688053913282e+00
2.401122645996678528e+01 -1.953461383267729445e+00
2.400654889230438016e+01 -1.199138916969044288e+00
2.399416804932383229e+01 -4.736690015364963813e-01
2.404966246745702563e+01 2.076160602630920948e-01
2.399442854453025831e+01 9.807870684774258052e-01
2.391402669908955403e+01 1.692623725099011267e+00
2.396421453423056391e+01 2.438055018846945643e+00
2.392796687635312480e+01 3.158649737743665753e+00
2.398246168674963030e+01 3.824683291687826170e+00
2.484010826339460465e+01 -4.091483506767097822e+00
2.476507465148176834e+01 -2.694951296978540967e+00
2.470200858289891954e+01 -1.998163126647618526e+00
2.477237260185263068e+01 -1.229554170753612397e+00
2.474697985859420868e+01 -5.144146549439696514e-01
2.475032263119290832e+01 2.009059214444270935e-01
2.476061736437584671e+01 9.404498397614631244e-01
2.475917090975654844e+01 1.685619307760376273e+00
2.472793413494679982e+01 2.400149720296365530e+00
2.472582916975327549e+01 3.134591409220682579e+00
2.475590514119596008e+01 3.843614771362133808e+00
2.551881894402969664e+01 -4.133458663059869309e+00
2.542515459701906622e+01 -3.406792781822719718e+00
2.553557128543211974e+01 -2.690427987312578040e+00
2.548729156974707166e+01 -1.958024781496082056e+00
2.549593287280735865e+01 -1.252876894731819846e+00
2.547854440383763119e+01 -5.331241683137548648e-01
2.549063992871242590e+01 2.041636761540601697e-01
2.548689407090829206e+01 9.278672807936310107e-01
2.550609687931884650e+01 1.671370215808551052e+00
2.551750377645251433e+01 2.367336745669643250e+00
2.551405454270582851e+01 3.112928599861596979e+00
2.553526156707402350e+01 3.826826811394539618e+00
2.624893174528635598e+01 -4.129195885443106562e+00
2.625871576805975138e+01 -3.429182015365917380e+00
2.623852224789483500e+01 -2.703963498756131401e+00
2.623321772613321201e+01 -1.972737720564904151e+00
2.623650722717410133e+01 -1.253411561654260709e+00
2.622957933991922630e+01 -4.975154846178853063e-01
2.624787577636696057e+01 1.978891066476435867e-01
2.622322047604892958e+01 9.200174481047831421e-01
2.627038269821306926e+01 1.673287073449181150e+00
2.631908567575917601e+01 2.425051068005078747e+00
2.628401788177583143e+01 3.117260161563280008e+00
2.631310430157768110e+01 3.826222377278497788e+00
2.705142810253455821e+01 -4.169929647593757949e+00
2.700697131915528360e+01 -3.451053084818067163e+00
2.702705788395644504e+01 -2.715848742237039204e+00
2.700169411644741757e+01 -1.986745590763103309e+00
2.700997081689736490e+01 -1.268016525287677609e+00
2.698509769106377831e+01 -5.723009995976156006e-01
2.699628064331485433e+01 1.905584568702138881e-01
2.700316387821540332e+01 8.710535139073627420e-01
2.701084468402822836e+01 1.657536569407319860e+00
2.703602995439395329e+01 2.347237323302639567e+00
2.707648140010374505e+01 3.075538377115485389e+00
2.707394005488554711e+01 3.786337693318188258e+00
2.782662796062357558e+01 -4.195721800241166477e+00
2.776999923109270441e+01 -3.439374736801610766e+00
2.777173857142052782e+01 -2.716031839561811267e+00
2.779790295901440089e+01 -2.010758661734751485e+00
2.777115966020433291e+01 -1.277710192158437508e+00
2.778552437144981724e+01 -5.616605070284919066e-01
2.779862596220423399e+01 1.421193390144281921e-01
2.781196822879916652e+01 8.452795279538385387e-01
2.780457632190371697e+01 1.597388432761285060e+00
2.776764501163410159e+01 2.338852121208955026e+00
2.781240424907016262e+01 3.060965818139685268e+00
2.784996315960193414e+01 3.779591642123662609e+00
2.868638093916757015e+01 -4.117156864180763876e+00
2.857098928869462640e+01 -3.460295016913377708e+00
2.865978247789889366e+01 -2.701903989433922959e+00
2.854041811546255047e+01 -2.034412195271233514e+00
2.854190429440198074e+01 -1.336529713637066408e+00
2.850961238316124735e+01 -5.854879474196614808e-01
2.851450285649706728e+01 1.239161439739291382e-01
2.854636772140180057e+01 8.393391901814908351e-01
2.858002969420513040e+01 1.549200386472357138e+00
2.861683271260168482e+01 2.270507353157881880e+00
2.862926048344863972e+01 2.990790016931470063e+00
2.860683754083688513e+01 3.733515922694287781e+00
2.943372888350899785e+01 -4.179040601879293604e+00
2.939837076699036089e+01 -3.489682447680610977e+00
2.937841955770877433e+01 -2.771932848387731241e+00
2.937139917621129115e+01 -2.044404815600127989e+00
2.934821233111888006e+01 -1.338266009574848425e+00
2.932802242293148964e+01 -6.123706188286170971e-01
2.935583889076884390e+01 1.217726771341709480e-01
2.930283407327153355e+01 8.375854167467231548e-01
2.932498360384061442e+01 1.528096273280080908e+00
2.936120503049377106e+01 2.246457427329197287e+00
2.936689088728083874e+01 2.966229838101945404e+00
2.938024407272062177e+01 3.709286298999160181e+00
3.020939027211263550e+01 -4.183446208360606988e+00
3.011906049591973300e+01 -2.049474043162621939e+00
3.010353946601943420e+01 -1.371561222072763542e+00
3.016780866949532225e+01 -5.901327248028493955e-01
3.014751464816041704e+01 7.176796232293725097e-02
3.009006123847306213e+01 7.990536349439985031e-01
3.010397671098774453e+01 1.528380069741846370e+00
3.012635399989448359e+01 2.242178562332192371e+00
3.012559899924362838e+01 2.946469137209000166e+00
3.011300417414036446e+01 3.674897865832036814e+00
3.098600852673441608e+01 -4.208322877560711106e+00
3.094464644904078199e+01 -3.466937852925870089e+00
3.093946350698104908e+01 -2.763570002329394981e+00
3.093393234161788286e+01 -2.058276624519059794e+00
3.090140920061974583e+01 -1.353390093880456391e+00
3.090557241245586084e+01 -6.527961721423345409e-01
3.090224808832632419e+01 6.706769234639153865e-02
3.091903116021490661e+01 7.769818806438486547e-01
3.092198479776690334e+01 1.517853875094864691e+00
3.091954964779554160e+01 2.253248368925437006e+00
3.088552019184414377e+01 2.989580404928254609e+00
3.089322601778024335e+01 3.719869203228817867e+00
3.181832847087277827e+01 -4.161643212151954430e+00
3.174774826795253801e+01 -3.505448799875580335e+00
3.164701420880704319e+01 -2.759597108816883804e+00
3.166721568462207159e+01 -2.091351583145364401e+00
3.165028242443337803e+01 -1.357543258548322029e+00
3.165864014576673213e+01 4.910056458392020318e-02
3.165719769351715485e+01 7.787599030686749302e-01
3.162978981697110470e+01 1.522258330531631287e+00
3.164464244528517867e+01 2.262706498726036131e+00
3.167880981980498944e+01 3.001125881523535099e+00
3.175670776526121841e+01 3.716833425021150106e+00
3.249254649846250942e+01 -4.175765817795500823e+00
3.250199169445748026e+01 -3.508673804786596406e+00
3.248383505665484705e+01 -2.775089530380469682e+00
3.244771092941729052e+01 -2.058630063837281199e+00
3.243701534793041930e+01 -1.366912456677717103e+00
3.241174974347342896e+01 7.209685829467105123e-02
3.239803167638604720e+01 7.944777684389734418e-01
3.247148022801486178e+01 1.499942614184647027e+00
3.245551861893728329e+01 2.248263183858998815e+00
3.246430298159706496e+01 2.986429816496816159e+00
3.246523149902353822e+01 3.718307917478917091e+00
3.330685681651382168e+01 -4.186875395235791331e+00
3.325368970054174866e+01 -3.482805919070944611e+00
3.328237465335291034e+01 -2.774544644766962165e+00
3.323642015024017127e+01 -2.058710670174576762e+00
3.319083067187603575e+01 -1.318819155126515597e+00
3.323941010781675942e+01 -6.419698589992357540e-01
3.318615070293521541e+01 6.207723239107920676e-02
3.318527300156969062e+01 7.985578395192547418e-01
3.318647549751263881e+01 1.526165003491541938e+00
3.317454246135414309e+01 2.283614504005228696e+00
3.322582558615744830e+01 2.999530789889540472e+00
3.319809945153510711e+01 3.744112831247896622e+00
3.406112289976618257e+01 -4.148827859095835180e+00
3.404352559353639407e+01 -3.437051361475020883e+00
3.399001546342503133e+01 -2.749837870061686118e+00
3.397398137153239617e+01 -2.062326826853833950e+00
3.396638039274865406e+01 -1.358665144458992557e+00
3.395317045735207984e+01 -6.360995301935403745e-01
3.392464595275088612e+01 8.197323820390778337e-02
3.393788564336382052e+01 8.270553356618108864e-01
3.394668401722584150e+01 1.571519330011216908e+00
3.396821113954838012e+01 2.283309999605894092e+00
3.397953528572470105e+01 3.023439161209282133e+00
3.396535786791464062e+01 3.753334893132304728e+00
3.480081805923258997e+01 -4.161313369831415088e+00
3.476851976675386169e+01 -3.469598843722636161e+00
3.475769039354941725e+01 -2.751402720464422913e+00
3.472293747462608593e+01 -2.047099963239734421e+00
3.471980685339996597e+01 -1.353754828884170536e+00
3.470427497521026083e+01 -6.320430211936169940e-01
3.470665714688603742e+01 1.219478646910125974e-01
3.467767489625344268e+01 8.072988857294163267e-01
3.466332895733545882e+01 1.577514001046921521e+00
3.471751608411396006e+01 2.298544360278501841e+00
3.472789477325388674e+01 3.044528641848977202e+00
3.470224212552560772e+01 3.778537693763958316e+00
3.554870301179351344e+01 -4.152765061366793020e+00
3.553873084871599275e+01 -3.446028850979978131e+00
3.552210464220100761e+01 -2.733593196624141797e+00
3.547440227661089551e+01 -2.032768358430345756e+00
3.545524277363650612e+01 -1.315239515268636694e+00
3.544217036313327895e+01 -5.894911424488284979e-01
3.546307334572458814e+01 1.730817890488651756e-01
3.546997924952203363e+01 8.898696989155929771e-01
3.549856488383721143e+01 2.287871765022082116e+00
3.547689207991823679e+01 3.067493564620292545e+00
3.551646451290555007e+01 3.834101828022831171e+00
3.630956248014420140e+01 -4.162913388778608947e+00
3.629052039119424222e+01 -3.419903999273884665e+00
3.627523697688450710e+01 -2.750702539098668353e+00
3.622068394076081432e+01 -2.008042148440612351e+00
3.619863187957924566e+01 -1.285120659927052600e+00
3.618982047398335311e+01 -5.533029491302734471e-01
3.622301484677736738e+01 1.715790945523387734e-01
3.621348178478854862e+01 8.650372275201512196e-01
3.620905099800820182e+01 1.642802098260450094e+00
3.621502682196219070e+01 2.343974224630695602e+00
3.630651371388587023e+01 3.105610782814707704e+00
3.636119609282021514e+01 3.809734886125781372e+00
3.708976470803886372e+01 -4.146436926507409026e+00
3.702632324930690544e+01 -3.403026250050871226e+00
3.701296693205033961e+01 -2.685443437909178499e+00
3.695139782194539890e+01 -1.247932225956127184e+00
3.693664842540648152e+01 -5.298455655110707596e-01
3.688090759022986020e+01 2.489747898867342712e-01
3.696200766900620494e+01 9.468622063648197695e-01
3.706964598549991052e+01 1.630309839701343577e+00
3.706411183204959769e+01 2.371491472388157717e+00
3.703879054535914150e+01 3.105917648643995221e+00
3.708158829653549304e+01 3.819710145529647605e+00
3.787311996803571645e+01 -4.074140809359246163e+00
3.781869275173134071e+01 -3.368971029089721014e+00
3.778692198432700167e+01 -2.652068599304939767e+00
3.776635515866863813e+01 -1.934375276899856999e+00
3.775966483417092689e+01 -1.197076374611217631e+00
3.772370889700538754e+01 -4.774926316072907184e-01
3.785039737841150753e+01 3.115387424806250749e-01
3.784294941596181872e+01 9.719630840396824567e-01
3.786447905480955711e+01 1.638851904422153893e+00
3.796000263815404452e+01 2.450789595306559931e+00
3.871269005555709697e+01 -4.015808471979070760e+00
3.870329631007661675e+01 -3.286289019316225080e+00
3.864181626563750882e+01 -2.594757037380656328e+00
3.872525241076171909e+01 -1.854969504446099648e+00
3.879004774662517008e+01 -1.125756593030217800e+00
3.865542065172369490e+01 -3.510866843904025814e-01
3.878008016338052499e+01 2.593359514319814707e+00
3.874155097741911646e+01 3.189420034145641125e+00
3.964340940817222503e+01 -3.286870348074344861e+00
3.956671337560299406e+01 -2.950774841256372127e+00
3.956568500775039610e+01 -1.756485152233864255e+00
3.999666859641548200e+01 1.131730363516339821e+00
4.000261370464468058e+01 1.860295496657052183e+00
4.000816236889755118e+01 2.618769461268996679e+00
4.000733363540816612e+01 3.329207477175273766e+00
3.999465058489591485e+01 4.003631814402567102e+00
4.074217395025555533e+01 -3.983164250914708049e+00
4.073115340307480636e+01 -3.247103231409244728e+00
4.071436162797663627e+01 -2.469062912923455144e+00
4.071546829303095905e+01 -1.784249806112381265e+00
4.072820121818147499e+01 -1.066589601626905193e+00
4.073356026968755117e+01 -3.528910998053191861e-01
4.074638729937598924e+01 1.121597140412326610e+00
4.072830585828285876e+01 1.844208106704012806e+00
4.071527525721207752e+01 2.547206552729662121e+00
4.070417920963117098e+01 3.318035588273467340e+00
4.071237247398688197e+01 3.983164250914711602e+00
