-3.978604821864664132e+00 -4.154843434374786426e+00
-3.919993106849027242e+00 -2.907828355072574311e+00
-3.976995755700414747e+00 -1.970827644185806804e+00
-3.976674541874992030e+00 -1.251268153172105713e+00
-4.008928837927463462e+00 -5.038524241884942967e-01
-3.980674862767230593e+00 2.668861244922346998e-01
-3.978703770973723408e+00 9.672555343478101975e-01
-3.983650181948611646e+00 1.699846030455780976e+00
-3.969513679507123527e+00 2.402154864097788334e+00
-3.987792833081925892e+00 3.092052004489431738e+00
-3.979769109008884698e+00 3.852966123756061734e+00
-3.077547694451958193e+00 -4.127522690724969578e+00
-3.125733617387318475e+00 -3.416545602599402542e+00
-3.133578386187004128e+00 -2.665329673897751661e+00
-3.169534040058380242e+00 -1.946366813754337954e+00
-3.150622261407953317e+00 -1.216948946514804675e+00
-3.151970609877629670e+00 -5.111241172400902144e-01
-3.151112474244605721e+00 9.754085747200349488e-01
-3.196848951246799686e+00 1.703468555160082332e+00
-3.207564974397442370e+00 2.413130418419711987e+00
-3.223981250206705340e+00 3.197220332641954599e+00
-2.386486461942340043e+00 -3.395201299892438129e+00
-2.441165395226171597e+00 -2.657554075092765089e+00
-2.400917807711685725e+00 -1.946007398464068672e+00
-2.421456171904559085e+00 -1.208900909464798445e+00
-2.421210960781387200e+00 -4.942142444605686080e-01
-2.397004568762810095e+00 9.832959158942813360e-01
-2.429175070208650311e+00 1.705156148001488958e+00
-2.469830972781750233e+00 2.453686960310523801e+00
-2.457046162222631835e+00 3.219528705210358055e+00
-2.467378641621621682e+00 3.931724696645758854e+00
-1.659778467176607819e+00 -4.101760254939701866e+00
-1.668744130454264507e+00 -3.389551098082232983e+00
-1.660122859348355462e+00 -2.656994703760364729e+00
-1.675027934251460238e+00 -1.919065396897810416e+00
-1.709185566326389960e+00 -1.223198187853235197e+00
-1.668466572865639819e+00 -5.014429596925360499e-01
-1.678149287712614068e+00 9.451394385320917024e-01
-1.700830600506904489e+00 1.736248713325156956e+00
-1.699466636991097346e+00 2.482793424236461988e+00
-1.694376620734168171e+00 3.193413817257720666e+00
-1.686221837609224394e+00 3.926870669858509189e+00
-9.187708263932492514e-01 -4.071585505776379676e+00
-9.281238200431900509e-01 -3.348192831360584876e+00
-9.293629294275902453e-01 -2.653992883197872743e+00
-9.251227376581354633e-01 -1.932081183988877626e+00
-9.231771953236318495e-01 -1.205537409553265604e+00
-9.213033599261990503e-01 -4.657403045391568241e-01
-9.235954254598581770e-01 2.758519095779448094e-01
-9.529924857970826224e-01 1.693915039325315064e+00
-9.398042251433977867e-01 2.495147516564120593e+00
-1.012868636571745640e+00 3.210891565896758948e+00
-9.605471075201066355e-01 3.957793694702381515e+00
-1.675812484499559218e-01 -4.058289015497308583e+00
-1.975116667351528577e-01 -3.390356671784157783e+00
-2.249890627734458803e-01 -2.667489520712454265e+00
-1.982147122472142087e-01 -1.925390475409258784e+00
-1.931155955616148390e-01 -1.217504071547029554e+00
-2.128330089881274034e-01 -4.785979357040055504e-01
-2.531373786621244903e-01 2.384834258107844107e-01
-2.024325586130046872e-01 9.767738518017416993e-01
-2.045432425915549857e-01 1.717145785346215092e+00
-1.857292045208467357e-01 2.506325387739465782e+00
-2.513258944617362545e-01 3.155555161495449568e+00
-1.982544707087896541e-01 3.919226765736965490e+00
5.667779238355734606e-01 -4.071812799379259218e+00
6.170361658998473331e-01 -3.289501749629209826e+00
5.367161151194750346e-01 -2.614076152620800286e+00
5.409745880786616112e-01 -1.935986841090468147e+00
5.397660063020026655e-01 -1.204181570364209364e+00
5.372117043078645793e-01 -5.216608527100028425e-01
5.318231319387010103e-01 2.115934910192400764e-01
5.611002180951913942e-01 9.659802858198887066e-01
5.828358478885462546e-01 1.697435736243853910e+00
5.474057818004851583e-01 2.508256226757371365e+00
5.473850770067798521e-01 3.175431487733909819e+00
5.381674468064048256e-01 3.887100694787264388e+00
1.278076342571537793e+00 -4.045678303236918794e+00
1.279947536886794524e+00 -3.330341384679055494e+00
1.280056583143796445e+00 -2.609565846121387978e+00
1.369912104514696694e+00 -1.910943019430867196e+00
1.257441521559151454e+00 -1.223700539765250284e+00
1.280939515100563142e+00 -4.949298996500459680e-01
1.219205083424881764e+00 2.662162177424995946e-01
1.301971169963614727e+00 9.329691515361275833e-01
1.314234525634887518e+00 1.687803270410643819e+00
1.333949383600078420e+00 2.434874365862501833e+00
1.364344313192248137e+00 3.159257544291328657e+00
2.022192365058188557e+00 -4.044064515801856885e+00
2.029775661481544091e+00 -3.329919193878236428e+00
2.029282978857402497e+00 -2.606168285895144265e+00
2.005036369358371928e+00 -1.198971144872082562e+00
2.015546547436287028e+00 -4.984163635554565985e-01
2.034055176107543161e+00 2.453077931777940535e-01
2.060445738786697234e+00 9.558157301660159533e-01
2.108524854280176442e+00 1.700775625988029560e+00
2.074539584378541690e+00 2.411801314476655023e+00
2.115357001069646969e+00 3.119583447872017246e+00
2.166926039831956530e+00 3.796544798878962013e+00
2.750797762424404880e+00 -4.053843759076041664e+00
2.769318754098421209e+00 -3.328259995494100565e+00
2.759847626629643003e+00 -2.598459160507395893e+00
2.779255224343330610e+00 -1.883926297400122962e+00
2.758073095223601001e+00 -1.196915916984686135e+00
2.757265385711683336e+00 -4.557099075649588826e-01
2.785589048219797803e+00 2.411772688974451739e-01
2.821405131078435602e+00 1.017596478681642935e+00
2.843049137769192214e+00 1.682562956234690432e+00
2.874278616776045681e+00 2.429116456885800801e+00
2.850865479564426153e+00 3.124294454156839151e+00
2.851652210495245754e+00 3.857946449570945902e+00
3.520805669672427030e+00 -4.058500924393403153e+00
3.504166326220470751e+00 -3.348101503829212788e+00
3.514013265981184020e+00 -2.607459311581799000e+00
3.510501273682962164e+00 -1.860853236183725556e+00
3.489079045892061970e+00 -1.150667258146647498e+00
3.563443483298328829e+00 -4.647412488846427436e-01
3.533817580624685206e+00 2.608971800899269056e-01
3.559047481071921482e+00 9.487833989970440030e-01
3.559293114147557446e+00 1.699491651171697981e+00
3.601796369212458160e+00 2.437712610206709485e+00
3.620749450190359653e+00 3.146584841069923755e+00
3.628448571447684401e+00 3.852359284036289466e+00
4.278951042169254038e+00 -4.062595661199868147e+00
4.257467932754202877e+00 -3.379517268176144285e+00
4.264046244716340084e+00 -2.602134211698789557e+00
4.256346507881104912e+00 -1.899224658052943937e+00
4.346325603744190857e+00 -4.530641786841087537e-01
4.329066914559824397e+00 2.680886780079063669e-01
4.260176359551479663e+00 9.586046328236292879e-01
4.333625710903547201e+00 1.697597180904004688e+00
4.361139361227600375e+00 3.132271611004021850e+00
4.397875085434733933e+00 3.844657906607686471e+00
5.005411149401318482e+00 -4.067182206400627109e+00
4.977336297817693378e+00 -3.358671130993872822e+00
5.013148070038525361e+00 -1.899621804594513463e+00
5.072076189548816672e+00 -1.199499246770916017e+00
5.111149753956517827e+00 -4.589862913663047550e-01
5.143178472249545052e+00 2.612182073214590616e-01
5.094358479044380772e+00 9.812933954827975924e-01
5.070794900241118341e+00 1.673069304233429477e+00
5.111358511725100584e+00 2.405245537950484902e+00
5.121968683060671879e+00 3.138125574058491907e+00
5.125200185388294472e+00 3.874273434759395229e+00
5.835213583666217119e+00 -4.059115184306737234e+00
5.820280266931590063e+00 -3.360760092910695107e+00
5.851698217149838399e+00 -2.527454200010865293e+00
5.780516026934868989e+00 -1.946190971530111113e+00
5.838757037848118614e+00 -1.241807979321176703e+00
5.879460603764535165e+00 2.113579414561890246e-01
5.884748707089151765e+00 9.526372840363741545e-01
5.857348617968916926e+00 1.659581223752955026e+00
5.846727281553768307e+00 2.400345290189811465e+00
5.839004926819065133e+00 3.115262067909711163e+00
5.841948133984814717e+00 3.859265165604895742e+00
6.612630115866323877e+00 -2.672047716894208946e+00
6.644415703746531676e+00 -1.255556830029245674e+00
6.631503635864220314e+00 -5.378607233067320692e-01
6.599046641438022220e+00 2.078887239045101865e-01
6.587201546458011592e+00 9.429037683294332339e-01
6.605516900098464816e+00 1.652199720191774190e+00
6.602385366337344408e+00 2.385063841696123177e+00
6.597039769334763548e+00 3.111346363497055734e+00
6.637968638518763953e+00 3.813083277816659233e+00
7.412446834710920029e+00 -1.976367112765572642e+00
7.376090083740358239e+00 -1.264169166489434559e+00
7.388556600750860071e+00 -5.683415541198186816e-01
7.347564173445796598e+00 1.615228379081905530e-01
7.331156590783386662e+00 9.554804660574376385e-01
7.348383299158086857e+00 1.658319142021742465e+00
7.380720815518365896e+00 2.330612486047542120e+00
7.373872296701350137e+00 3.064497648562586107e+00
7.442125011503236465e+00 3.755583631635367681e+00
8.312970291957583413e+00 -4.107699519643738029e+00
8.317088210853334829e+00 -3.389399445413481260e+00
8.293872964222998689e+00 -2.674376224583188133e+00
8.249691220909213030e+00 -1.988776109404341241e+00
8.222006281990573484e+00 -1.254141330400020848e+00
8.197425978840499283e+00 -5.469985453133716646e-01
8.116027709243375909e+00 9.145259825698808243e-01
8.096553477529539578e+00 1.587821381411188781e+00
8.129752153674907333e+00 2.343490694569688060e+00
8.170409857556194311e+00 3.086629679868345022e+00
8.202486414190985897e+00 3.744993605155421790e+00
9.079526075318568701e+00 -3.421003798435531706e+00
9.082233195241862234e+00 -2.684945495638956459e+00
9.081188833013939643e+00 -1.992559627972525504e+00
9.021692483169736931e+00 -1.286386667282087615e+00
8.923157546382938676e+00 1.558648498190144949e-01
8.876365391725968834e+00 8.799785443618688419e-01
8.876864015896977378e+00 1.598419443389769157e+00
8.893099136723137121e+00 2.317110455125455104e+00
8.942383701859576206e+00 2.990816527224318122e+00
8.975972018930391982e+00 3.773831687187076511e+00
9.882755639723761476e+00 -3.426252554871549449e+00
9.871866339948546454e+00 -2.690444289735232530e+00
9.892775711439725228e+00 -2.042602650572039380e+00
9.805984796497881462e+00 -1.250178857418337230e+00
9.807449466350078637e+00 -5.350375262600088888e-01
9.718463793286936436e+00 1.456758083100595513e-01
9.652491615219723542e+00 8.629133401187374375e-01
9.625124518654359917e+00 1.591771284380175899e+00
9.660943642010302312e+00 2.310278676218960214e+00
9.724041140210417211e+00 3.020853244915130631e+00
9.730069442906454924e+00 3.722246336834722058e+00
1.079697817499675239e+01 -4.219847998347550089e+00
1.074034518411126982e+01 -3.463587813761872525e+00
1.073244752700989579e+01 -2.767264865133171270e+00
1.064259336977719528e+01 -2.037509264983544455e+00
1.062521527555022516e+01 -1.277358427430709042e+00
1.058356255493462328e+01 -5.669298379811742450e-01
1.056112890059054621e+01 1.817555489533511093e-01
1.054454137691829629e+01 8.289102169126003616e-01
1.061582349667475711e+01 1.563211093372611771e+00
1.054848242699168992e+01 2.341036126099844239e+00
1.053061018101619339e+01 3.009952358299777586e+00
1.057293148117918946e+01 3.731375955072444128e+00
1.167865821739447796e+01 -4.153251129121102281e+00
1.167860671982651866e+01 -3.446415739978096582e+00
1.165290316213663857e+01 -2.694706949181501443e+00
1.158724012890310462e+01 -1.263672966088904559e+00
1.154405993085793369e+01 1.293290028461022700e-01
1.132206094554535980e+01 8.679696274590149585e-01
1.132449103838830240e+01 1.589662265824088649e+00
1.131172266930167325e+01 2.312983356764878096e+00
1.134677296084961995e+01 3.036236662703124978e+00
1.135842735237526568e+01 3.737162082694524656e+00
1.239008414427548388e+01 -3.444011253564287500e+00
1.258067449729104226e+01 -2.699989816071859394e+00
1.241798583108552378e+01 -2.038263562707761878e+00
1.241938691928834260e+01 -1.307711442313863159e+00
1.235797312821971872e+01 -5.780515268722759004e-01
1.230695945834030169e+01 1.500429488610421913e-01
1.222256740655822682e+01 8.592388612565216022e-01
1.210726263386987256e+01 1.583135569357107642e+00
1.206964765300787690e+01 2.355029829614373682e+00
1.209259547648718325e+01 3.039510534964797728e+00
1.216536894666585056e+01 3.735681030468093411e+00
1.332565497763926032e+01 -4.195844190000311613e+00
1.330566913930206852e+01 -3.470324292338958116e+00
1.328349756017532002e+01 -2.722001163588284811e+00
1.315315262350559777e+01 -2.088410879039596324e+00
1.302694992985882294e+01 1.913676073310739412e-01
1.299312922984312024e+01 8.804532157555193805e-01
1.292944069198899371e+01 1.581601527664638240e+00
1.296093139198573851e+01 2.291799708220281673e+00
1.303144972243228494e+01 3.003430212479607064e+00
1.306877655531114613e+01 3.728555054938787805e+00
1.426392514104983178e+01 -4.220909411183473736e+00
1.419097030011747762e+01 -3.471127873703785838e+00
1.413316718657302573e+01 -2.709875687747278050e+00
1.400012737961220921e+01 -1.296612257306382077e+00
1.394599458796098901e+01 1.747785865399009708e-01
1.392394711616415037e+01 8.455171301619053281e-01
1.374797830947879618e+01 1.602770214621948242e+00
1.380141899138023831e+01 3.037068473622220210e+00
1.379961915607421474e+01 3.736898853799104359e+00
1.502185068790262079e+01 -4.217393862556750861e+00
1.501945177252148511e+01 -3.504412017646206579e+00
1.504755565704540743e+01 -2.787893874906082203e+00
1.502652554020524889e+01 -2.087872137229613401e+00
1.488725573094698973e+01 -1.322365917136430369e+00
1.498434887832940632e+01 -5.988021174981135175e-01
1.471127246320918402e+01 1.806834060979198853e-01
1.460932655102462974e+01 1.610725036841383684e+00
1.462909969091937512e+01 2.323264069360913453e+00
1.455297873545373477e+01 3.047472100990454180e+00
1.462087411714652774e+01 3.710073869401306013e+00
1.577713107232002443e+01 -4.280658587569007523e+00
1.577931580152101532e+01 -3.534073219648945496e+00
1.576026877366669510e+01 -2.839469298917279616e+00
1.574089372512594309e+01 -2.104436413852859289e+00
1.569520665251711478e+01 -1.357811705363012322e+00
1.565922127666232910e+01 -6.392036219484644732e-01
1.562526806236433430e+01 1.178095196329955741e-01
1.548272553664767059e+01 1.632569720952130155e+00
1.544596193833326936e+01 2.309858409424563774e+00
1.540602912623052134e+01 2.954624390947543588e+00
1.542855919197814529e+01 3.730654440862863908e+00
1.652701051361151485e+01 -4.234479324345098661e+00
1.650520688658653512e+01 -3.534490344057694244e+00
1.647411237688501728e+01 -2.823653508220388630e+00
1.645042602112268071e+01 -2.068510371537552572e+00
1.642530094464764545e+01 -1.366489936084441581e+00
1.639141110570012216e+01 -6.521698041818204672e-01
1.637703199037569846e+01 1.789635999194096883e-01
1.628877420965334721e+01 8.609011240924360209e-01
1.626019363787565197e+01 1.541608137063182227e+00
1.624127017082798830e+01 2.354210464119702806e+00
1.623136564708178753e+01 3.063458138009060860e+00
1.626853187308613258e+01 3.791388207562050638e+00
1.725600783852367925e+01 -4.195000109109493280e+00
1.724149095484256122e+01 -3.539417209287293531e+00
1.720225699958760401e+01 -2.764254083664578587e+00
1.716187991330419038e+01 -2.054269750839072373e+00
1.711195762834869072e+01 -1.348445970160600638e+00
1.712760149501700369e+01 -5.919455819114460837e-01
1.707876823159423907e+01 1.307553864810202526e-01
1.704554739016352016e+01 9.305371798745092349e-01
1.701625508447475710e+01 1.618865938694558082e+00
1.699896406007265171e+01 2.369411816120656766e+00
1.696188254784978255e+01 3.123249030465792941e+00
1.698023339222823580e+01 3.833482839819637888e+00
1.798583940912292434e+01 -4.235229308850847474e+00
1.795897476050109276e+01 -3.497950137023540407e+00
1.791655595637581655e+01 -2.760445392574307988e+00
1.789032762514989372e+01 -2.040230537838656488e+00
1.786435325978690969e+01 -1.299628426399280556e+00
1.785825009130885377e+01 -5.791429609218425867e-01
1.783620439840575500e+01 1.990959531775402525e-01
1.781073938531624634e+01 8.869407989636712841e-01
1.774099566301050857e+01 1.617666165927587940e+00
1.773646729414454626e+01 2.375214940792950813e+00
1.769737000940524752e+01 3.129978091348419866e+00
1.775284450233105105e+01 3.872810987136574568e+00
1.880669268387861592e+01 -4.131795307711072951e+00
1.868041664470298713e+01 -3.423997846557121250e+00
1.866038231292988314e+01 -2.708195255474382890e+00
1.863230289088127734e+01 -2.003958851104982841e+00
1.859326674302401727e+01 -1.272563373912376505e+00
1.856336552488467362e+01 -5.556506972295949254e-01
1.855593797192828731e+01 1.683443490606499893e-01
1.853045157576032409e+01 8.991473578581050674e-01
1.850522429100664112e+01 1.637861066650263098e+00
1.850264354723554305e+01 2.372635487280604139e+00
1.848869937417560294e+01 3.101211847693306822e+00
1.856737368600375504e+01 3.831666175154893494e+00
1.956616906814420531e+01 -4.196763085014936223e+00
1.954480362307899810e+01 -3.437517907974307008e+00
1.948790119580838365e+01 -2.682511458990759934e+00
1.943864560381251749e+01 -1.945738165291167832e+00
1.944672044614523543e+01 -1.215552067695323757e+00
1.932206280600694015e+01 1.744241492158735696e-01
1.956218737691698806e+01 8.907363253409101844e-01
1.939755118479514806e+01 1.647574695161932112e+00
1.930789441635804593e+01 2.399889962086700024e+00
1.941248311300821427e+01 3.125880173427937336e+00
1.944894354260934222e+01 3.740078116316396972e+00
2.029771301840749231e+01 -4.186793905202872423e+00
2.025841181020921766e+01 -3.422659964729355409e+00
2.023847253652983369e+01 -2.709449462328819891e+00
2.027787148596394928e+01 -2.002200686607061186e+00
2.029492368216099152e+01 -1.265436683923425676e+00
2.028022711588505445e+01 -5.334379097376569234e-01
2.027310962770736325e+01 1.970741540149809623e-01
2.031782628627876619e+01 9.358785508710418810e-01
2.022821889806908047e+01 1.654995136015539714e+00
2.023083422415111698e+01 2.381634958751096320e+00
2.025139571526450055e+01 3.045099609182315703e+00
2.028525147025864328e+01 3.766987738105576966e+00
2.149037635951301439e+01 -4.101882126715505450e+00
2.143069085857225531e+01 -3.434453448023354838e+00
2.146398363871571036e+01 -2.658737580654506161e+00
2.151100548166132143e+01 -1.935373725457534277e+00
2.137003513931186660e+01 -3.530313470544612642e-01
2.123238723161394859e+01 2.115822727287195448e-01
2.120169863830288648e+01 9.407858912701811960e-01
2.112006880550435994e+01 1.664102556514428954e+00
2.110616409849932751e+01 2.380066852199405503e+00
2.110977057242179455e+01 3.024725935835469670e+00
2.107522903903761602e+01 3.778009515975092825e+00
2.220259588756589153e+01 -4.175849085757725732e+00
2.221050271710547008e+01 -3.442976254069108677e+00
2.219736327483495586e+01 -2.719248350520924618e+00
2.221156437887149337e+01 -1.980848988194431115e+00
2.219067710210776312e+01 -1.253885658767078581e+00
2.217583544892038105e+01 -5.336395480427711391e-01
2.214663954396478118e+01 2.052577928438950039e-01
2.201932388167907106e+01 9.790258300211007736e-01
2.206980838732265227e+01 2.428708712546910675e+00
2.198360811273107629e+01 3.085456818298787596e+00
2.196124949032226681e+01 3.728858193036906243e+00
2.294328025831038076e+01 -4.166665955592822712e+00
2.291545994194625280e+01 -3.446617718075220438e+00
2.295776019463805540e+01 -2.720454641288132080e+00
2.294499484165160652e+01 -1.973742201020261433e+00
2.294348611551399131e+01 -1.269480584396905698e+00
2.293183794093868499e+01 -5.459981270032123746e-01
2.289097434082637506e+01 1.745066204863015003e-01
2.288433942399389309e+01 9.353727371704749771e-01
2.287784138264033373e+01 1.648028840623297242e+00
2.286299726973183510e+01 2.351978330248378768e+00
2.279730929212511370e+01 3.103796279576343409e+00
2.282935330338084867e+01 3.752866557790326851e+00
2.368443058777683063e+01 -4.170511785127533955e+00
2.368133252454367721e+01 -3.455690857404754013e+00
2.367743682372932312e+01 -2.720633205192406479e+00
2.368156885689541014e+01 -2.009813382761404199e+00
2.368426397731132482e+01 -1.249602204177605813e+00
2.367355409201276473e+01 -5.286526131061002332e-01
2.373280202870240885e+01 1.580535603776240805e-01
2.368531085005767522e+01 9.255223826406933085e-01
2.360715954577663211e+01 1.634166358528180041e+00
2.365333958002549508e+01 2.381126700035355981e+00
2.362787275746200777e+01 3.098131156585097301e+00
2.367722428017302860e+01 3.748437826996514843e+00
2.457956679480948736e+01 -4.082100186064305802e+00
2.444393523226439413e+01 -2.751175294019184037e+00
2.437756244540317851e+01 -2.062737246120750711e+00
2.445291564603586920e+01 -1.285763004008519061e+00
2.442650631286829110e+01 -5.714000159995471506e-01
2.442987579831371647e+01 1.522066987433703389e-01
2.444597832142057570e+01 8.841705101615460194e-01
2.444761114305217120e+01 1.633827976387511427e+00
2.442539578455781424e+01 2.338260973141043308e+00
2.442476800185994534e+01 3.071357957015528939e+00
2.446485085317642216e+01 3.771122879649567494e+00
2.519759940013367583e+01 -4.178477044383406280e+00
2.510524665336237859e+01 -3.456447629692807055e+00
2.521377406812257504e+01 -2.748723203119283198e+00
2.515943201761434267e+01 -2.015315862335697261e+00
2.517039574809197688e+01 -1.316679468540428388e+00
2.515101790800994053e+01 -5.984482261412971127e-01
2.517754885859495317e+01 1.355455391422744071e-01
2.517907244580337078e+01 8.607760321276032300e-01
2.520904850284862420e+01 1.606252272621780719e+00
2.522478810394177628e+01 2.290488419302764811e+00
2.521821404458471960e+01 3.042544300666101265e+00
2.524477718358905776e+01 3.750074154887407474e+00
2.593160035655299112e+01 -4.172589944837479692e+00
2.594415408965091530e+01 -3.488703634874564585e+00
2.591251536360186947e+01 -2.765264993590641041e+00
2.591009925452088680e+01 -2.035484631124646171e+00
2.591450635003046443e+01 -1.317445944736860497e+00
2.590922062038168860e+01 -5.557186600908217144e-01
2.593688562083503513e+01 1.230735927495558713e-01
2.592450095358956474e+01 8.499340476276771028e-01
2.596886379835643766e+01 1.596896863765781660e+00
2.601922090718096570e+01 2.354146409654422456e+00
2.598633687731435060e+01 3.043509072586111586e+00
2.602146919303786632e+01 3.742231939630649151e+00
2.672992880672332205e+01 -4.228817259830858433e+00
2.670014143656696604e+01 -3.503172246688901481e+00
2.670649023502250685e+01 -2.776324117614855425e+00
2.668437002609432795e+01 -2.049598856779166312e+00
2.668832980522105203e+01 -1.332994141396618204e+00
2.666622487455701673e+01 -6.461798515497285678e-01
2.667940188844490734e+01 1.120318001797322438e-01
2.669263274994774804e+01 7.781667410435453291e-01
2.670395273970829209e+01 1.569445656142722356e+00
2.674231329619892250e+01 2.261712225333088355e+00
2.678638398466393511e+01 2.997013928739796995e+00
2.679107272823981845e+01 3.701032210324299854e+00
2.751671890286407773e+01 -4.240402051795786775e+00
2.744580506574004630e+01 -3.500102597996349374e+00
2.745243569697947805e+01 -2.779463776714433010e+00
2.747695302755764857e+01 -2.084140742251495482e+00
2.745125476395107711e+01 -1.351574320660244410e+00
2.746669651392500811e+01 -6.455797136758540944e-01
2.748910333147631491e+01 5.303923391848286428e-02
2.750957240529318426e+01 7.523841544439662243e-01
2.750564813949278431e+01 1.506511465378274295e+00
2.747503180006435031e+01 2.254165999635212358e+00
2.753145943228444992e+01 2.974278161315240254e+00
2.757211473698735915e+01 3.688092140928588947e+00
2.846291412954720812e+01 -4.117645905712883803e+00
2.826967104716485579e+01 -3.515904804704625519e+00
2.841163679705220346e+01 -2.750318389707743449e+00
2.822438837855110449e+01 -2.113837299736928799e+00
2.822543522564864560e+01 -1.421737821617504949e+00
2.819696888011511504e+01 -6.763181442786745379e-01
2.820105758903782345e+01 3.543476580934168396e-02
2.824579269040764729e+01 7.479524213146575562e-01
2.828252209693301467e+01 1.454784545359579795e+00
2.832283603942033068e+01 2.174829947452440848e+00
2.834391287995908471e+01 2.896716562774926729e+00
2.833413754405588492e+01 3.637676484349185557e+00
2.914106095906489458e+01 -4.233455047986947051e+00
2.909603567464662177e+01 -3.541475908875479917e+00
2.907093827706118105e+01 -2.838335039118110359e+00
2.906957836093101122e+01 -2.120394073428286674e+00
2.903793091404681803e+01 -1.428619916247196642e+00
2.902987363965176115e+01 -7.052934130310610783e-01
2.905722243128457905e+01 2.613219861982685188e-02
2.900588644386362347e+01 7.363634807110059910e-01
2.902954556806643183e+01 1.423259985119457838e+00
2.906841035414237950e+01 2.144886437828830594e+00
2.908195407166491719e+01 2.863692836227841099e+00
2.910095026288318110e+01 3.610712310551939197e+00
2.992532095927860070e+01 -4.236403016204121741e+00
2.981817568783139194e+01 -2.131258333478758260e+00
2.980329131950467314e+01 -1.461834500086649058e+00
2.994556135328465274e+01 -6.795612358184293100e-01
2.985305697490546351e+01 -2.499946452343948522e-02
2.979581310080343570e+01 6.947880692838452887e-01
2.982432825558155542e+01 1.425082149298969370e+00
2.984316366938978859e+01 2.137798247959011633e+00
2.984858983232619067e+01 2.846563602558333628e+00
2.984036299531162939e+01 3.578625775908442108e+00
3.069971119687904348e+01 -4.251157489870553974e+00
3.065276212547755819e+01 -3.520289981665833068e+00
3.065620808038024592e+01 -2.840514926215814029e+00
3.063469780582392588e+01 -2.137114722042898762e+00
3.060782489016484220e+01 -1.449928822020790875e+00
3.061173230670194556e+01 -7.446237039906300481e-01
3.061249177310887859e+01 -3.762157780211339286e-02
3.062901456020437507e+01 6.794552739268944208e-01
3.063493623259569887e+01 1.417948937785954655e+00
3.063797544797851202e+01 2.150653634875023812e+00
3.060875492801243780e+01 2.888512176272996612e+00
3.061717155475316332e+01 3.624886647147498309e+00
3.154110061386113983e+01 -4.209622192355890746e+00
3.146256773820467600e+01 -3.580040306491497404e+00
3.135064086790921323e+01 -2.833603214659348168e+00
3.137193848125134110e+01 -2.178388248559723905e+00
3.136100285926533360e+01 -1.461384838855408930e+00
3.136743773070070773e+01 -5.083499036671312865e-02
3.137093384653127970e+01 6.741367592212839099e-01
3.134463731881886162e+01 1.417622798372921267e+00
3.136697622020310661e+01 2.165565022299944076e+00
3.141847318519423737e+01 2.909843266823074259e+00
3.150583497895609497e+01 3.618096997697570316e+00
3.223246045107487845e+01 -4.232702728435445039e+00
3.222794686722631496e+01 -3.581377682322234079e+00
3.219609177901021013e+01 -2.855282297347233822e+00
3.215472510161946929e+01 -2.140003690601542274e+00
3.215030014515206602e+01 -1.461876289400446893e+00
3.211673387309803473e+01 -2.896845378258205983e-02
3.211113034504827368e+01 6.901422141578414937e-01
3.219388411550915663e+01 1.403217088573910587e+00
3.218896683187032437e+01 2.157296897162527927e+00
3.222323301715238841e+01 2.873155479783413568e+00
3.220861693267453774e+01 3.619803595792895123e+00
3.304451004112593893e+01 -4.249085965038315038e+00
3.297683929026415939e+01 -3.542849643435747709e+00
3.300575672180927000e+01 -2.847855122925466276e+00
3.295779440571963192e+01 -2.135946636834550105e+00
3.290268127491891192e+01 -1.414836249632323018e+00
3.295122797960619465e+01 -7.372209175521255986e-01
3.290595827356288083e+01 -3.348279027693124021e-02
3.290673651493182916e+01 6.983681929355753937e-01
3.291638790197485065e+01 1.425854414634418532e+00
3.290712885387271314e+01 2.185275504892160825e+00
3.296129282613375011e+01 2.903803641736963925e+00
3.295399226354714273e+01 3.638977452716233074e+00
3.381245672660011081e+01 -4.199559078814033342e+00
3.378242832696636100e+01 -3.497222490615520485e+00
3.371142520782492369e+01 -2.821308132202901220e+00
3.369722294617947256e+01 -2.146792222013203855e+00
3.368334168826834940e+01 -1.449307832957249076e+00
3.367040319922617897e+01 -7.257089843123196715e-01
3.364596678670753960e+01 -7.102458559199220645e-03
3.366338875294642463e+01 7.343316996095410332e-01
3.366697312631621486e+01 1.481025664461121494e+00
3.370209110340243086e+01 2.195755295813544450e+00
3.373676815988792299e+01 2.927364584914279533e+00
3.373112131144920767e+01 3.655692952743450519e+00
3.455738138839223694e+01 -4.207781038132171858e+00
3.452475670952518527e+01 -3.527589794751616381e+00
3.449462606015541866e+01 -2.819670494373184511e+00
3.445208871626073943e+01 -2.126002339411524389e+00
3.443201167312164301e+01 -1.446703031013569785e+00
3.442470016795224552e+01 -7.158497255986624452e-01
3.443441622981581673e+01 3.232626238188274215e-02
3.439673483145045196e+01 6.984605943096440228e-01
3.439720994982503299e+01 1.487211122703030242e+00
3.447530253923482491e+01 2.204701242135417516e+00
3.449158101599667958e+01 2.953083159607118091e+00
3.446515400761825987e+01 3.693044854141056987e+00
3.531063648615479877e+01 -4.200005446897918659e+00
3.529466048761091912e+01 -3.506332070870378459e+00
3.526789711154037121e+01 -2.801143358826717389e+00
3.521096780204987198e+01 -2.109176598527508162e+00
3.519044685079315826e+01 -1.390337087745137978e+00
3.517050433103710105e+01 -6.719266050491548015e-01
3.519978102048663260e+01 9.188523989382701984e-02
3.520554317777548903e+01 7.945706915858465891e-01
3.526115469662195068e+01 2.193243945913117443e+00
3.525439476982754883e+01 2.979031853910235839e+00
3.530368473367177984e+01 3.753615429090274347e+00
3.608628877949802671e+01 -4.204949345030389196e+00
3.606738922915531731e+01 -3.463952759382568303e+00
3.602074279138559376e+01 -2.818125090688429424e+00
3.596710165696688222e+01 -2.075132172642152995e+00
3.594232920998955905e+01 -1.356912920009357038e+00
3.592659396224183155e+01 -6.247750950043062801e-01
3.596748785766128975e+01 1.013679406616105894e-01
3.595757209375289420e+01 7.842004489223413088e-01
3.597614847341863964e+01 1.549644714120859135e+00
3.598125691925732639e+01 2.257113136165706635e+00
3.610437846845557175e+01 3.019572565737952630e+00
3.617277990956532818e+01 3.733151244510871436e+00
3.687325236735805589e+01 -4.168341502755719574e+00
3.680123161164275558e+01 -3.438245341841700053e+00
3.678141722827889026e+01 -2.734899883438302481e+00
3.670788881375495549e+01 -1.305807909820167367e+00
3.669501868520915622e+01 -5.888861903190800717e-01
3.665489933919399590e+01 2.003900717966295986e-01
3.671433544741784516e+01 8.673611007830430708e-01
3.686705501409941377e+01 1.554243312039762515e+00
3.686733870965165494e+01 2.302231596215648324e+00
3.685624745429159788e+01 3.036092431525773350e+00
3.690634905137655863e+01 3.753201627596894241e+00
3.767809097734005519e+01 -4.099491163460598386e+00
3.760677715705588042e+01 -3.397000111313424497e+00
3.757384521182209625e+01 -2.680810934057973327e+00
3.754622593818297815e+01 -1.968604690336658081e+00
3.752841148142658056e+01 -1.243346244963497327e+00
3.749844080282449710e+01 -5.181573399750156739e-01
3.763114751969393268e+01 2.614882070845219175e-01
3.763771855429778412e+01 9.012904982992431258e-01
3.768766680930843194e+01 1.555747255734956980e+00
3.780967566114602363e+01 2.403978077145449532e+00
3.856613212643033961e+01 -4.033634466537151297e+00
3.851974959717193059e+01 -3.299706110767228751e+00
3.846914174654241236e+01 -2.610855918499435546e+00
3.854942537531523072e+01 -1.876276577616280861e+00
3.866882197972315538e+01 -1.114652432640411917e+00
3.847683932318388855e+01 -3.590738898123042588e-01
3.852150199241314255e+01 2.691254112312016389e+00
3.861983690783700496e+01 3.203849045134568030e+00
3.950364144677819667e+01 -3.236905551743298304e+00
3.948886339990965411e+01 -2.955156163204893716e+00
3.944457921102165443e+01 -1.744956584164825131e+00
4.000190496774724380e+01 1.141719812004016177e+00
4.000901960341126795e+01 1.900137722372605253e+00
4.001069303246551812e+01 2.634552348283229151e+00
4.001606655349377917e+01 3.331460579580578951e+00
3.999908187533755921e+01 4.012024416610934452e+00
4.073893076779611278e+01 -3.975858241925422476e+00
4.073256411329315796e+01 -3.222844137226275052e+00
4.071842865683064616e+01 -2.458918308821541387e+00
4.071750037510549447e+01 -1.773413082926232676e+00
4.072802273548766294e+01 -1.059802914253371142e+00
4.073463077166532997e+01 -3.512810830507184789e-01
4.074960621640463643e+01 1.132170795421146181e+00
4.072850027565137765e+01 1.853982951643367016e+00
4.071586165492724518e+01 2.514786599765372443e+00
4.070054484959462826e+01 3.322066540120466982e+00
4.071561565644631031e+01 3.975858241925422476e+00
