-4.766772843540202587e+00 -4.188370531901071558e+00
-4.761835678005304828e+00 -2.687018720539828820e+00
-4.768837124722701049e+00 -2.003411965135679651e+00
-4.763302294298959794e+00 -1.282587481156934217e+00
-4.802539689641399434e+00 -5.248966721494490173e-01
-4.768604581789936958e+00 2.288486147125183834e-01
-4.765339540156297460e+00 9.347635056268117637e-01
-4.770288903738340025e+00 1.674355439067614526e+00
-4.745436122679627999e+00 2.366118343816534519e+00
-4.767849134620668394e+00 3.028674786445076705e+00
-4.743254426232560661e+00 3.644973455454259437e+00
-3.807938014547360694e+00 -4.164070778280979823e+00
-3.857959796338086278e+00 -3.468160370933581760e+00
-3.869418652237023082e+00 -2.694594754735977205e+00
-3.936631704700751300e+00 -1.958679452671720611e+00
-3.888669101582095777e+00 -1.249459006036762077e+00
-3.897149563621383095e+00 -5.476547358575913904e-01
-3.863946995540608498e+00 9.913766908976739956e-01
-3.938345514503993172e+00 1.674594923117769696e+00
-3.947374337073142669e+00 2.379537735708566970e+00
-3.966910494536477927e+00 3.171082420903982069e+00
-3.125149778076526275e+00 -3.432338820762140585e+00
-3.158903811423442676e+00 -2.709535027390195694e+00
-3.153643661970626511e+00 -1.987207765330214926e+00
-3.154448295029553151e+00 -1.247345701624833936e+00
-3.161787534125735988e+00 -5.263908982488985089e-01
-3.139669260505399961e+00 9.634054278209802646e-01
-3.169937153545426156e+00 1.670936310493292609e+00
-3.214328100336793170e+00 2.420783971376661015e+00
-3.199923336764996407e+00 3.174877388156094327e+00
-3.217627505725381809e+00 3.914299874296691684e+00
-2.392311917414907896e+00 -4.136628677164772228e+00
-2.403376039466941450e+00 -3.431528194505201412e+00
-2.393878922746921489e+00 -2.692808983279160628e+00
-2.398176246676534618e+00 -1.952269603191872704e+00
-2.437174856769658504e+00 -1.261040466128434900e+00
-2.403249082397962866e+00 -5.421261856769348242e-01
-2.404984690429486704e+00 8.995403955398266760e-01
-2.428056132208233464e+00 1.704425691430230927e+00
-2.414433450915652202e+00 2.466365802701560028e+00
-2.426607064630154298e+00 3.167916477455083424e+00
-2.426220948453163828e+00 3.894264166145919859e+00
-1.634795257078692998e+00 -4.096461650757966311e+00
-1.523753353318518577e+00 -3.367085130536370485e+00
-1.655750758958824065e+00 -2.682861081063986575e+00
-1.658252347431826479e+00 -1.966609237496808049e+00
-1.645952624782317741e+00 -1.236158891503787771e+00
-1.653575636106694446e+00 -5.062461100575177397e-01
-1.653315986612909683e+00 2.288474012236356714e-01
-1.679406602390848491e+00 1.650360149071303795e+00
-1.666948070593441855e+00 2.457954203868990106e+00
-1.678188546594036268e+00 3.182627068540359261e+00
-1.705094555541208479e+00 3.935774903095204280e+00
-8.816344851696555907e-01 -4.083955229565372491e+00
-9.099150670826716691e-01 -3.421110197050300172e+00
-9.337464853882906368e-01 -2.701400784668880561e+00
-9.005463464774621229e-01 -1.949685462212126907e+00
-9.079834490940186242e-01 -1.252303302788302375e+00
-9.365378923288290025e-01 -5.231590033634923032e-01
-9.870101142424303475e-01 1.796027908845836407e-01
-9.052301476131816571e-01 9.297765134089033268e-01
-9.166754039827651468e-01 1.691513379413251528e+00
-9.016605497620915344e-01 2.460360738037664419e+00
-9.892720598643478525e-01 3.128157225847349565e+00
-9.310092909197820177e-01 3.887939005187394770e+00
-1.462927245822598366e-01 -4.093906070138135789e+00
-8.069227924153921094e-02 -3.316972626817182856e+00
-1.720700667126919825e-01 -2.645269193320302747e+00
-1.754489261857870019e-01 -1.970794783800343453e+00
-1.661028953972518707e-01 -1.243872745688541670e+00
-1.813930576478455237e-01 -5.714540773399470197e-01
-1.822240303494808700e-01 1.511750244217857642e-01
-1.530390984628340334e-01 9.067022982064436576e-01
-1.313631529188370450e-01 1.651213004192147338e+00
-1.747197384671821396e-01 2.460571503778595570e+00
-1.760519136240006333e-01 3.135700056083837950e+00
-1.974085615084106848e-01 3.854339793560637162e+00
5.649943529599781300e-01 -4.075295448287143074e+00
5.755468449421954347e-01 -3.358722081243559643e+00
5.795162039647792085e-01 -2.636840786788070545e+00
6.426424505314116686e-01 -1.943513154633702555e+00
5.472154834707865234e-01 -1.277462387466801630e+00
5.741965744334791566e-01 -5.402896153017806569e-01
3.190590568109499259e-01 2.580071810823127976e-01
6.065788043694553267e-01 8.741666093880766653e-01
5.922432502145369426e-01 1.650384013911782688e+00
6.201825813680486021e-01 2.378221063055342199e+00
6.555704308695098348e-01 3.105824660145298566e+00
1.318154874692361034e+00 -4.069742370837744261e+00
1.324640595435653267e+00 -3.357549113202850322e+00
1.329161418740532952e+00 -2.634016101023114231e+00
1.304960656453879153e+00 -1.232399779776528703e+00
1.311770658723879990e+00 -5.326105359907202796e-01
1.329786035211640183e+00 2.080494430987229748e-01
1.353231515850133349e+00 8.948518088680188498e-01
1.409179324112130871e+00 1.647086212001646288e+00
1.372373510261965635e+00 2.355669694322124030e+00
1.398237991356907628e+00 3.068537713331192407e+00
1.453695538501698081e+00 3.746590064010280940e+00
2.045195331042144460e+00 -4.080314798082572025e+00
2.079659431388812152e+00 -3.353637969534663199e+00
2.056393340013897841e+00 -2.630049444055082120e+00
2.079388107890032700e+00 -1.915779736273762524e+00
2.064966706695045673e+00 -1.243780872391678116e+00
2.062298976132979078e+00 -5.078076232669559431e-01
2.094203016869919054e+00 1.816703887992581201e-01
2.130329968969988386e+00 1.016643066604345336e+00
2.148267292635345882e+00 1.626020082762970276e+00
2.169808291206337003e+00 2.381047884652392810e+00
2.141681278402479904e+00 3.069350455517902532e+00
2.145166240202343033e+00 3.808527246651035369e+00
2.830124838405929211e+00 -4.082622834314477700e+00
2.807192042187963921e+00 -3.376435060300980950e+00
2.825913488574499866e+00 -2.641969264630066760e+00
2.822880990729913719e+00 -1.886469231579255279e+00
2.788541471190995935e+00 -1.188245069082871197e+00
2.885993366355357637e+00 -5.150967999791191687e-01
2.843382987943172679e+00 2.082923817280182277e-01
2.870721460021925964e+00 8.745806632563386529e-01
2.868078665232260960e+00 1.636093186316156078e+00
2.910823322018011083e+00 2.390901410143502659e+00
2.925632737160150043e+00 3.084718807667851337e+00
2.929520750720080002e+00 3.801050118199487571e+00
3.590591177291329927e+00 -4.097807099002043429e+00
3.588114807503821169e+00 -3.418954472019347435e+00
3.582076178355997342e+00 -2.648946623977355586e+00
3.578714727157425557e+00 -1.924548655018565313e+00
3.674062016559858534e+00 -4.842789085272798388e-01
3.650293116956021322e+00 2.107356933349322503e-01
3.607941857830205379e+00 8.904027747438370000e-01
3.654124381929484855e+00 1.629733852454325671e+00
3.664872988735382364e+00 3.085856104010620271e+00
3.699444810353099911e+00 3.793221709032369660e+00
4.321099487202324951e+00 -4.096070957862874451e+00
4.319259794288861087e+00 -3.384039987664912985e+00
4.333231201730576743e+00 -1.935973672398841217e+00
4.392187389891070382e+00 -1.244349176418904079e+00
4.453380250350235769e+00 -5.128716823175132333e-01
4.479220503665501951e+00 2.177073934645363806e-01
4.416654625335169726e+00 9.368785253986864348e-01
4.409792642788012529e+00 1.596304697350351631e+00
4.413608727222573691e+00 2.353777666556041481e+00
4.426552888532519603e+00 3.086026299147587082e+00
4.428227400780336609e+00 3.812578106457930716e+00
5.209857787338563639e+00 -4.033278707225335324e+00
5.156087309820797770e+00 -3.381987229135674511e+00
5.228900359283755961e+00 -2.544683882880367065e+00
5.114194634232099190e+00 -1.994235870427608859e+00
5.186690632140333435e+00 -1.286888554374478133e+00
5.204228402744554671e+00 1.433684743759933156e-01
5.224661320113774821e+00 8.970495543518381965e-01
5.176931775914063394e+00 1.602018059879448231e+00
5.154223495185611625e+00 2.339253641984651466e+00
5.152120298682589805e+00 3.054401167856898525e+00
5.148414652377418577e+00 3.801605825173506759e+00
5.976100635150913831e+00 -2.705548137376055706e+00
6.007429869270097811e+00 -1.307865860382456447e+00
6.003885082576040588e+00 -5.864889199927212360e-01
5.938151547501924199e+00 1.446473691138869810e-01
5.918743216364951820e+00 8.819584709598906613e-01
5.942966144433519560e+00 1.595346058104755826e+00
5.930127556408123723e+00 2.337522249727957302e+00
5.910320776489491834e+00 3.053353525700085669e+00
5.950107169349571734e+00 3.752449908799373901e+00
6.788395999198414188e+00 -2.037800725398486890e+00
6.739589173632744235e+00 -1.327327716220494835e+00
6.740376175588671970e+00 -6.350048548857820663e-01
6.685943169128393038e+00 9.900948264738218541e-02
6.679567906329907601e+00 8.894637514879626394e-01
6.679680158726583272e+00 1.606555669724006208e+00
6.699940091155838218e+00 2.253634915181958576e+00
6.673162549428369061e+00 2.998045051358619872e+00
6.765498181238605468e+00 3.707149588081652070e+00
7.688070769678496674e+00 -4.149056772946529748e+00
7.696572696713353423e+00 -3.427375654023062879e+00
7.666799019841839424e+00 -2.723303544969560619e+00
7.638090332307591268e+00 -2.044923839293549150e+00
7.598437790177676732e+00 -1.314085780969321604e+00
7.558063853700602408e+00 -6.130759028802579280e-01
7.458562152210106433e+00 8.467408967989236146e-01
7.437010857595659274e+00 1.529496065434710061e+00
7.462573943050621494e+00 2.283034795299478503e+00
7.477039470326445780e+00 3.025884191755533692e+00
7.520947456273383125e+00 3.684202725493602060e+00
8.468363784150774620e+00 -3.466771439258359067e+00
8.468554283980338937e+00 -2.736767658405781845e+00
8.462965109479341663e+00 -2.047305002023019682e+00
8.409777065395964257e+00 -1.353969176710567268e+00
8.310119725860708684e+00 6.125438368852442750e-02
8.225332813711943913e+00 8.039615725016844294e-01
8.223095311476839697e+00 1.521661753089329494e+00
8.229137246723929877e+00 2.250761981706546067e+00
8.268966623118146231e+00 2.927230179646446828e+00
8.305699018834545200e+00 3.706229583104768466e+00
9.291390157902732483e+00 -3.473496163537401316e+00
9.264515438417909365e+00 -2.748171319986468575e+00
9.288590973448613397e+00 -2.102447279492658083e+00
9.202209869793684049e+00 -1.311160766416335832e+00
9.189876156066482338e+00 -5.942277239893982710e-01
9.082695216270984417e+00 8.979598532836519098e-02
9.009180062897698349e+00 7.920049360368679459e-01
8.971571789344302772e+00 1.522311399134672172e+00
9.012273923920815832e+00 2.235789460789273875e+00
9.083909095511479848e+00 2.940366420724199514e+00
9.064300151760306790e+00 3.656219319164183190e+00
1.018371224085453264e+01 -4.251539233067560986e+00
1.015379385381439192e+01 -3.512343392311123580e+00
1.015252084280559330e+01 -2.816454074199736368e+00
1.004545223783646435e+01 -2.099608035329563194e+00
1.002828117412525444e+01 -1.340101896440764051e+00
9.981615614026935646e+00 -6.480094798813595958e-01
9.944070186012559986e+00 1.181448060053753579e-01
9.904864107473905221e+00 7.447522972046236589e-01
9.980859236294293169e+00 1.497457481210066277e+00
9.911006374019535770e+00 2.267303521313433379e+00
9.890018015902150239e+00 2.948478793081019234e+00
9.912143792217264604e+00 3.667096209489141501e+00
1.111909202499629856e+01 -4.215168607967978431e+00
1.110827903672333861e+01 -3.506047303460039899e+00
1.108717357270352011e+01 -2.747173028631443970e+00
1.102330470719762445e+01 -1.325661700575523128e+00
1.096129093554507961e+01 6.860432327362175897e-02
1.069438595522240831e+01 7.842298833935643643e-01
1.068684827125019154e+01 1.498958495960437176e+00
1.066528474248379155e+01 2.232409767308254800e+00
1.069356320275588246e+01 2.960882318761118626e+00
1.071696768391420562e+01 3.647224910486603022e+00
1.181655272660172074e+01 -3.506932988857180078e+00
1.246390492665024397e+01 -2.626521677551426848e+00
1.184639253778787804e+01 -2.122113042001114280e+00
1.184329201066962867e+01 -1.380188244608596904e+00
1.177200518597727097e+01 -6.416867520039915007e-01
1.172535773297300210e+01 9.108876628209117143e-02
1.161545644493043028e+01 7.622827812739991771e-01
1.147099854147020181e+01 1.500743438240625949e+00
1.142463666209956585e+01 2.265361641807533744e+00
1.145575792774624091e+01 2.944408424678211844e+00
1.152519470298413751e+01 3.637446681701828055e+00
1.277804040562875798e+01 -4.263131064421095573e+00
1.275099861165362825e+01 -3.531131901967871300e+00
1.274282775663105838e+01 -2.791532788691942102e+00
1.262243277763851523e+01 -2.147885430597330725e+00
1.245220700885043641e+01 1.169816644365084812e-01
1.239273248543187123e+01 7.906670182220842946e-01
1.229549100615874835e+01 1.485238437996791561e+00
1.229735548169345805e+01 2.184206106674775327e+00
1.240153386687543957e+01 2.907470792977957075e+00
1.244326607716624977e+01 3.632934288748732143e+00
1.373256742355150806e+01 -4.298341929856530186e+00
1.361966818928843992e+01 -3.515436616920005974e+00
1.359122013679456842e+01 -2.795468515105525853e+00
1.344178990440388333e+01 -1.377491140122874214e+00
1.339020732661042246e+01 9.103727435710950999e-02
1.334106827850106214e+01 7.719705665325840016e-01
1.314439966838900631e+01 1.520048231335195510e+00
1.317075416930676823e+01 2.934148831156075943e+00
1.317305993340252712e+01 3.639137555376652955e+00
1.447518681641730609e+01 -4.289322157065083019e+00
1.447202293563958619e+01 -3.587056551107892233e+00
1.449148131137050655e+01 -2.862115746818609807e+00
1.448147753047477693e+01 -2.162608086433458254e+00
1.434389505404418941e+01 -1.407067350493612423e+00
1.442902410070517760e+01 -6.901531220670982236e-01
1.415031514509656319e+01 1.081833633356730218e-01
1.402722204847464837e+01 1.521721322029129908e+00
1.402118485322178998e+01 2.241014069746892545e+00
1.393512289196566201e+01 2.964816063737249152e+00
1.400273635930254557e+01 3.624047618671124127e+00
1.523219486194418693e+01 -4.377915847373078151e+00
1.524006031410220174e+01 -3.617603654561914794e+00
1.522370688450035203e+01 -2.918781873357261247e+00
1.518794157657654154e+01 -2.196991953526023167e+00
1.514144792918213511e+01 -1.437814124494444457e+00
1.511786002803594187e+01 -7.355779390774372928e-01
1.507352831710657881e+01 3.432138139681129019e-02
1.490534570268160053e+01 1.529816939931549769e+00
1.486436054339707624e+01 2.214005332810469184e+00
1.510471865760619892e+01 2.724147266510900778e+00
1.482606478579582188e+01 3.631615953813099651e+00
1.598290674499243380e+01 -4.305762091182156581e+00
1.596230584297353516e+01 -3.624037371992628209e+00
1.591811177243252473e+01 -2.919360313399774753e+00
1.589260137104595572e+01 -2.163042194063436341e+00
1.586943566168041286e+01 -1.456717793501574931e+00
1.583905108891784153e+01 -7.497626719418697405e-01
1.583228778508139101e+01 9.424723198594620044e-02
1.573180681648477730e+01 7.841328537709557622e-01
1.569315568131792560e+01 1.470382823871368316e+00
1.565941545265613399e+01 2.267892113553543254e+00
1.564922635906301451e+01 2.974716121412921410e+00
1.567988543229756004e+01 3.699859623823630983e+00
1.670667659451590481e+01 -4.279848524995625070e+00
1.669028463478741031e+01 -3.655954609734422434e+00
1.665441971348630545e+01 -2.866553308401130096e+00
1.661285107949130690e+01 -2.147056973047298811e+00
1.655801111657432756e+01 -1.446273961871224145e+00
1.657779843281551990e+01 -6.875807788751018279e-01
1.652869401791016202e+01 3.796364982131095189e-02
1.649475722399085242e+01 8.151922910027948888e-01
1.645167957995946040e+01 1.534673850504965742e+00
1.643738835093919448e+01 2.285785842024413483e+00
1.637892200701143963e+01 3.043618620408398812e+00
1.640191400368237140e+01 3.739752722846258592e+00
1.743402567280368487e+01 -4.325612736156884353e+00
1.740781683423048776e+01 -3.584545837716355265e+00
1.736729502728510255e+01 -2.853420973952086825e+00
1.733165303507217914e+01 -2.135310169935486613e+00
1.729931955386538789e+01 -1.400322889033976281e+00
1.730356136352246921e+01 -6.820986559725454867e-01
1.723718369724660704e+01 9.797658371339323935e-02
1.725168762785389021e+01 7.983305629246473245e-01
1.719285569367356459e+01 1.535298922442148495e+00
1.716690327800065319e+01 2.289591462247472009e+00
1.712308112754583078e+01 3.043491882422994621e+00
1.716673400116596326e+01 3.775645779135704316e+00
1.824456728762208257e+01 -4.237511904616251712e+00
1.814329340079026309e+01 -3.529873473056401423e+00
1.810567547349671713e+01 -2.798986388109561574e+00
1.807314969812848915e+01 -2.098506104926986637e+00
1.802203713179076061e+01 -1.373563126464897977e+00
1.799700010575895703e+01 -6.532973018440664248e-01
1.799191842277943465e+01 7.404348428235607571e-02
1.795583573703815716e+01 8.063944521518706665e-01
1.794486116303361456e+01 1.548411996275046221e+00
1.792360152315931998e+01 2.249816980400350275e+00
1.791705962171612043e+01 3.007017367669451602e+00
1.798951984998584663e+01 3.723921670603079548e+00
1.900665933924546636e+01 -4.287371829416581903e+00
1.896938916838516320e+01 -3.537003904894152839e+00
1.912768723837923091e+01 -2.701062843820054127e+00
1.887649008478057766e+01 -2.039301176724432452e+00
1.888469116091766864e+01 -1.320281619962134556e+00
1.875273478875472222e+01 8.103978064806582893e-02
1.900944655278446760e+01 7.904417057707924243e-01
1.884132628744557536e+01 1.547412896034391139e+00
1.873105448827730868e+01 2.282445548731974583e+00
1.884926062273049041e+01 3.013984251093479116e+00
1.885880130146740186e+01 3.604454962727796641e+00
1.973403622643385802e+01 -4.288866056143071148e+00
1.969385904708961021e+01 -3.523195131698106053e+00
1.966925626746171218e+01 -2.811644689957901733e+00
1.972115249675655235e+01 -2.100242757877097688e+00
1.970602595472973917e+01 -1.363391479790244887e+00
1.971497914142035057e+01 -6.342752521901857676e-01
1.971529938823663031e+01 1.046717169819899595e-01
1.976296997035294112e+01 8.462065544465993128e-01
1.968155869818185266e+01 1.559644990865621139e+00
1.967231066892097147e+01 2.267768073482084645e+00
1.968939342344215504e+01 2.931907128730419032e+00
1.971576641852738732e+01 3.637114247961779512e+00
2.092130656149003443e+01 -4.211534383017667693e+00
2.084906920865201130e+01 -3.533425136828050483e+00
2.090104051244189520e+01 -2.765825862007680769e+00
2.093704236232179028e+01 -2.045199181885390516e+00
2.079103266878943401e+01 -4.590679260590135868e-01
2.069052642286850130e+01 1.026057966550979472e-01
2.067270079391285265e+01 6.861689910129875614e-01
2.056364723978072817e+01 1.570459280155269255e+00
2.055522925007412738e+01 2.281909986421535308e+00
2.055756798666961060e+01 2.911518014246158970e+00
2.051358607525042288e+01 3.629689538093710865e+00
2.163184473290058207e+01 -4.284290690105716948e+00
2.164411855612281954e+01 -3.548959344453422204e+00
2.161247199759189641e+01 -2.824372011372677349e+00
2.164230205693155540e+01 -2.088562882811061172e+00
2.162839073139441126e+01 -1.359802059448913525e+00
2.161309002991656314e+01 -6.318216988548783775e-01
2.159256993130809121e+01 8.674881447598536965e-02
2.145370922278984693e+01 8.965861091133078276e-01
2.153944726305601165e+01 2.316551162316606849e+00
2.145458443172172736e+01 2.961228094310374814e+00
2.140229662110207443e+01 3.597699031145186410e+00
2.237188672378962906e+01 -4.275812016578516506e+00
2.234070349617105222e+01 -3.520582302395052210e+00
2.237972559585267618e+01 -2.832632589167729975e+00
2.238641959373151025e+01 -2.075327587137962837e+00
2.237635966436206303e+01 -1.390999130334883205e+00
2.237097203736106366e+01 -6.605722798726247902e-01
2.234346576282045760e+01 6.163961329583855786e-02
2.234181252985960242e+01 8.003022975453646382e-01
2.234817854638998824e+01 1.518935314840753392e+00
2.233560143993192781e+01 2.226374250130866983e+00
2.229688520535025731e+01 2.964550297136742785e+00
2.229586978538441855e+01 3.603481613497674374e+00
2.312321630571093323e+01 -4.280792788464779619e+00
2.311127711289854858e+01 -3.566701930326818371e+00
2.309702172588605862e+01 -2.830796043677569429e+00
2.311049736940015720e+01 -2.134243468947502720e+00
2.311315303713193003e+01 -1.379689439130988404e+00
2.311426703496793778e+01 -6.506235833857161310e-01
2.318110317201277581e+01 4.255827597597061640e-02
2.314312702690696710e+01 8.004739848416626558e-01
2.306567556793781648e+01 1.507335189038247591e+00
2.312743298126896008e+01 2.251470258495405830e+00
2.311229377370814575e+01 2.959713245252370228e+00
2.304283772511841732e+01 3.537420002864326563e+00
2.444115285986325858e+01 -4.025723500609068140e+00
2.386342956944597660e+01 -2.869774374426981467e+00
2.380326959523999619e+01 -2.198146278743067228e+00
2.388670644094307960e+01 -1.410279901131637814e+00
2.387302454378561123e+01 -7.145204124486532749e-01
2.389349617674674420e+01 3.017794875750468009e-02
2.390717692332066235e+01 7.777066831307308803e-01
2.392042813475408991e+01 1.501743792160993962e+00
2.391385340026615580e+01 2.200352648806237710e+00
2.392605076539204134e+01 2.935439358133013599e+00
2.396089608005211602e+01 3.597881974672940686e+00
2.461790657535697591e+01 -4.269655389773891585e+00
2.457120540510850049e+01 -3.539713732812437286e+00
2.463046024290532188e+01 -2.864850208318671321e+00
2.457787972091345807e+01 -2.142852010227219495e+00
2.458960833279331126e+01 -1.446166314947646470e+00
2.459616585036479108e+01 -7.328709260994408226e-01
2.462919499480402408e+01 1.373118937252115757e-03
2.463730731934531093e+01 7.168984833909064491e-01
2.469120535358082691e+01 1.456285477642776272e+00
2.472341451485952035e+01 2.140067659301529090e+00
2.471835909950550558e+01 2.888968454639861960e+00
2.475571439274204977e+01 3.588120396540173118e+00
2.535440875315090636e+01 -4.262461581510915920e+00
2.537502580069829605e+01 -3.592001014465047604e+00
2.534201612523997227e+01 -2.885027680156309060e+00
2.534205749780925743e+01 -2.165429854176263547e+00
2.534284383688304132e+01 -1.460736377214068682e+00
2.534592362351610006e+01 -6.938343363368986161e-01
2.538561847642612435e+01 -3.550379766237199419e-02
2.539098101618641579e+01 6.967256829815191566e-01
2.544546420747199278e+01 1.437965002970848616e+00
2.551744605554310397e+01 2.191413939018012513e+00
2.549119389587573181e+01 2.878609438554217803e+00
2.552567607914310344e+01 3.569669725064184007e+00
2.615476592303151904e+01 -4.324406984016452071e+00
2.613379584603354289e+01 -3.643960744678537367e+00
2.613780690405292262e+01 -2.909032673516993128e+00
2.611784411654918614e+01 -2.189665696389422322e+00
2.611719385663445792e+01 -1.473873930396322862e+00
2.611218928066200107e+01 -8.034441350131587001e-01
2.612776403595199781e+01 -5.361990720232512331e-02
2.615485386323256733e+01 5.946735777696687819e-01
2.617722899444121509e+01 1.392825285927710155e+00
2.623826192044028716e+01 2.092209090641915736e+00
2.628988107551473519e+01 2.823133174395461964e+00
2.630525458028613173e+01 3.519127031002401651e+00
2.696368969781143221e+01 -4.332340980553329501e+00
2.687087103208376959e+01 -3.612419969849842261e+00
2.688595754538619786e+01 -2.909002255285173533e+00
2.690810602058164136e+01 -2.227686322746620817e+00
2.688314444337137843e+01 -1.498789100572544442e+00
2.690620663350591713e+01 -8.191046742775505152e-01
2.693417055843847407e+01 -1.158517959674441045e-01
2.697966184169001735e+01 5.681926623963171608e-01
2.698491712471716397e+01 1.336899674869091115e+00
2.696958540174846064e+01 2.071383549059031992e+00
2.703994558728238218e+01 2.794785369967929256e+00
2.710042711287095329e+01 3.501386571360473710e+00
2.822345369776341073e+01 -4.087822469218398425e+00
2.770734895492935124e+01 -3.618023035117200692e+00
2.816318732837815020e+01 -2.782071999599899925e+00
2.766833072666840820e+01 -2.265200426593242611e+00
2.767218068272359943e+01 -1.583006452570455025e+00
2.764514460976086951e+01 -8.582624234350433312e-01
2.766476467717978238e+01 -1.415643721796797649e-01
2.771129788101011826e+01 5.620170704182996246e-01
2.775664470578247034e+01 1.263959043153896289e+00
2.781543495590390336e+01 1.983974115290326523e+00
2.786100849806663149e+01 2.701406855922609651e+00
2.786307491572787143e+01 3.432395672622707394e+00
2.858119124167449598e+01 -4.316275027918447194e+00
2.854909123278836347e+01 -3.654592175908970120e+00
2.851363893268882777e+01 -2.969738968171366622e+00
2.851781949685480555e+01 -2.274684896064044892e+00
2.850062893196764691e+01 -1.601025508984250223e+00
2.849293219322411375e+01 -8.779445805088492705e-01
2.851709197959495867e+01 -1.372051037760151360e-01
2.848398806312616927e+01 5.362811951195034510e-01
2.851816397856502050e+01 1.219147523617508000e+00
2.856306797994137270e+01 1.946313164363392190e+00
2.859542757396283008e+01 2.651778877792754230e+00
2.862379201874428958e+01 3.407189142329674070e+00
2.941022086756826326e+01 -4.320831389630921393e+00
2.925675792254701690e+01 -2.297081318375401082e+00
2.926832447304817464e+01 -1.638678015550627975e+00
2.983815499313825370e+01 -8.744979170346489639e-01
2.932744484898319826e+01 -2.094141954672785744e-01
2.928463076400533538e+01 4.947457611836618696e-01
2.933927532700572982e+01 1.221118454462271075e+00
2.935289106367302026e+01 1.933692465045524500e+00
2.936745642676365975e+01 2.625741929275076103e+00
2.938070686998469938e+01 3.365377685392989093e+00
3.016909069972047774e+01 -4.339045956051581499e+00
3.010587945287570477e+01 -3.652363231845047409e+00
3.012736907839765621e+01 -2.994585097438601906e+00
3.009385545766210868e+01 -2.291110732219973301e+00
3.007821908874428374e+01 -1.629281719584813715e+00
3.007297048440748455e+01 -9.268304095880033344e-01
3.009820497694128250e+01 -2.354180283474036628e-01
3.012302793527263844e+01 4.843210158337889482e-01
3.013935729895865023e+01 1.207017591858473793e+00
3.016274775920559392e+01 1.948749234720523305e+00
3.013571375671737229e+01 2.687759026954264385e+00
3.015340363768999765e+01 3.418405287059453457e+00
3.100957782878895586e+01 -4.311802303799371572e+00
3.093572141245093832e+01 -3.709236350975572805e+00
3.084460729965993409e+01 -3.032169450201966043e+00
3.083351063812930448e+01 -2.336208278578666864e+00
3.083902615736729302e+01 -1.638664067863164320e+00
3.085832411652304330e+01 -2.427852074392049531e-01
3.087326162411688557e+01 4.739619779595507509e-01
3.085401983483529165e+01 1.209831363113298863e+00
3.089209295109213116e+01 1.959156216463053823e+00
3.097139870887537683e+01 2.694088221535086092e+00
3.105987244932442337e+01 3.402486357941629791e+00
3.172969289245425983e+01 -4.352058727698828733e+00
3.171901087344317460e+01 -3.699388647613648828e+00
3.167274655874263800e+01 -3.002437994405898536e+00
3.162392583812769686e+01 -2.297004689625918417e+00
3.163096733376850267e+01 -1.633680175697964643e+00
3.159438999235138823e+01 -2.382740486155405790e-01
3.161329841824400688e+01 4.810200517856237923e-01
3.173305304494483181e+01 1.193414126018577548e+00
3.173447432182378947e+01 1.947108962141474109e+00
3.183169376340975276e+01 2.622912119951987364e+00
3.177078433552194525e+01 3.402328584501180586e+00
3.255826407721955462e+01 -4.364048524059864320e+00
3.247658757089646286e+01 -3.654068050171051851e+00
3.250266271269101281e+01 -2.990953508963716700e+00
3.245449498692320134e+01 -2.288292256363636312e+00
3.239511078653480780e+01 -1.586533639740828505e+00
3.244871337523083099e+01 -9.246975955928959934e-01
3.241922405607227375e+01 -2.190979879465153601e-01
3.242896250681261705e+01 4.857658582844130990e-01
3.245223565082260819e+01 1.222324664263581440e+00
3.244225925585859471e+01 1.985681378421922716e+00
3.250992183500796529e+01 2.716726032542329250e+00
3.255320908993866880e+01 3.404099766711414787e+00
3.335478065241587586e+01 -4.307166193174296609e+00
3.329414717428156933e+01 -3.628041690272691966e+00
3.322432534249417557e+01 -2.948250676002668769e+00
3.320008255670813213e+01 -2.301607533123291915e+00
3.318639697725453885e+01 -1.621232504100486693e+00
3.317938501844813715e+01 -9.032959004512939316e-01
3.316482751106514826e+01 -1.860339822616481342e-01
3.320016999809892155e+01 5.397512691737702539e-01
3.321104576740426495e+01 1.278713205996023561e+00
3.326931423545527622e+01 1.986813710119406551e+00
3.331912653126477863e+01 2.722235651892194852e+00
3.333438037579130508e+01 3.448311324375165299e+00
3.411030050921184653e+01 -4.308921554689867151e+00
3.404727619260439297e+01 -3.673376242448032514e+00
3.403488889601427303e+01 -2.941504188331734326e+00
3.397249161612226231e+01 -2.275448515092584501e+00
3.394663196239701364e+01 -1.619564353635151832e+00
3.395208370649205420e+01 -8.913626554288391901e-01
3.396857261116638682e+01 -1.439332478260944015e-01
3.392610205892241737e+01 4.739291283623217055e-01
3.395818371885619769e+01 1.293239076105130891e+00
3.405393942970254528e+01 2.019547130502253651e+00
3.409405088499220682e+01 2.748516091241281600e+00
3.407493419713662064e+01 3.475827284513460569e+00
3.487928170752790180e+01 -4.297633097040762351e+00
3.484825151882333927e+01 -3.632520512900640597e+00
3.481034041799888001e+01 -2.926532038556420190e+00
3.474917259604554687e+01 -2.266863775637258271e+00
3.472000584576262128e+01 -1.545102099370357251e+00
3.471494892294000323e+01 -8.363143283388865257e-01
3.475161940612061784e+01 -8.253402236794826763e-02
3.476104111839776323e+01 5.932847384230193200e-01
3.487217958128805861e+01 1.997698191738866313e+00
3.487703703562103641e+01 2.777202272362099933e+00
3.500519176923587139e+01 3.593651982737117834e+00
3.567272807954230274e+01 -4.312420011301970391e+00
3.565580337558564139e+01 -3.560728600480221218e+00
3.563889011491308878e+01 -2.940832664227350790e+00
3.552348148375916281e+01 -2.214779506816771715e+00
3.551419397535091349e+01 -1.494356193735043803e+00
3.548789282380838728e+01 -7.791690813818377137e-01
3.555024096097501030e+01 -5.253409829930788533e-02
3.553929464385787895e+01 6.140239709497414822e-01
3.560600993821173432e+01 1.375789917007356422e+00
3.560096584871502756e+01 2.055507617339724646e+00
3.574722897273041866e+01 2.835576894815556415e+00
3.587461613377154634e+01 3.546215190803092554e+00
3.649526230689767914e+01 -4.242249676680987847e+00
3.639806827394277633e+01 -3.531314638528048278e+00
3.637557114051866591e+01 -2.848995940139378291e+00
3.629546146699562570e+01 -1.442255592653708618e+00
3.629560439873025501e+01 -7.219650407145223880e-01
3.645384735810447552e+01 1.755287907819500504e-01
3.633295321187156190e+01 6.990015354065448605e-01
3.651988654718689276e+01 1.381300272167312215e+00
3.655707208237880224e+01 2.134855270154197626e+00
3.656060529030998651e+01 2.869927362455197084e+00
3.663795641818152404e+01 3.572571697261718526e+00
3.734071140881903972e+01 -4.181413803299513177e+00
3.723139276229598948e+01 -3.479441803143760836e+00
3.721749289440435149e+01 -2.758640135244426972e+00
3.718272681132247470e+01 -2.068027043863914116e+00
3.715323519864126212e+01 -1.364964842921729371e+00
3.711595132566574051e+01 -6.323957221625242653e-01
3.721362065084142756e+01 2.309524103589559729e-01
3.731125744050503812e+01 7.476158423816663401e-01
3.765810302835182455e+01 1.299295844382566401e+00
3.755428113452725114e+01 2.214655485445394589e+00
3.823822895064717642e+01 -4.116291609907126059e+00
3.820848031471079054e+01 -3.348843741426449583e+00
3.820538404770586993e+01 -2.679709884842232270e+00
3.821577174443414293e+01 -1.959465018644383605e+00
3.849020058528154919e+01 -1.133558558141039896e+00
3.812140542619851402e+01 -4.837747134216847655e-01
3.819998015125197099e+01 2.770454516351673391e+00
3.847280897576364822e+01 3.260775644479164015e+00
3.928608844637047781e+01 -3.284064300982930007e+00
3.931444236407580917e+01 -2.975982803408495414e+00
3.926595816103912995e+01 -1.763861588444079587e+00
4.000789308468703354e+01 1.148831764123009691e+00
4.000574398567442103e+01 1.884437394288411838e+00
4.000986772261344271e+01 2.609706606782726368e+00
4.000070851367323854e+01 3.322548239895862565e+00
3.998712665840643155e+01 3.989459414536643322e+00
4.074811270213520942e+01 -3.966890853251808124e+00
4.072365665834640680e+01 -3.203889952135668295e+00
4.070779654851914842e+01 -2.462975633189675051e+00
4.070779546832483931e+01 -1.783672878318647292e+00
4.072359157282330244e+01 -1.074153308412267194e+00
4.072631863459584878e+01 -3.514398943945629128e-01
4.073268127688584883e+01 1.115629420992402032e+00
4.071615408295988203e+01 1.843521983391145369e+00
4.070629973809258928e+01 2.489377701051203928e+00
4.068949014842535661e+01 3.303600842627577805e+00
4.070643372210721367e+01 3.966890853251808124e+00
