-3.350337470204479473e+00 -4.139765692743260672e+00
-3.309137489989687708e+00 -2.846305124963429023e+00
-3.350405630446111616e+00 -1.954914320184727217e+00
-3.347479784949435100e+00 -1.238912704900108963e+00
-3.374714497742630215e+00 -4.875096093902300254e-01
-3.354811605741915059e+00 3.168176690606223644e-01
-3.352329278589557759e+00 9.839803490244349859e-01
-3.354227347723039543e+00 1.712590705523226120e+00
-3.349324048617496885e+00 2.417374886239890941e+00
-3.361461412662194448e+00 3.127046968856483034e+00
-3.353490052871805460e+00 3.892466787006981122e+00
-2.484524389984649417e+00 -4.107900678549508910e+00
-2.519728247921811715e+00 -3.394433440025331095e+00
-2.528671916917524243e+00 -2.650288849431099436e+00
-2.565809453266417961e+00 -1.930259058527184379e+00
-2.544199764304217126e+00 -1.200948688253763663e+00
-2.540416676074571001e+00 -4.916655593680374636e-01
-2.563350943786829816e+00 9.837215167353399181e-01
-2.596255767411292936e+00 1.718775710953774905e+00
-2.595288203992140552e+00 2.424270387791285231e+00
-2.616581378838517935e+00 3.210939987385060590e+00
-1.787413568171878353e+00 -3.376846421171695312e+00
-1.851990475664102576e+00 -2.640583612400092761e+00
-1.799734720833328083e+00 -1.931479384165349700e+00
-1.817202937690758802e+00 -1.189770506662668481e+00
-1.818595463112913535e+00 -4.746947675240420494e-01
-1.798640932538937420e+00 1.004792033345008662e+00
-1.825323000436561927e+00 1.720371366580835115e+00
-1.852200131255557380e+00 2.470974440651016124e+00
-1.851823521772388403e+00 3.219985996357074498e+00
-1.855341479798845228e+00 3.940869926363554043e+00
-1.064185463558430911e+00 -4.087421485899167095e+00
-1.068422413468333332e+00 -3.373181582603304918e+00
-1.058481757917519417e+00 -2.636612231432387432e+00
-1.069228617618925625e+00 -1.907405940405091371e+00
-1.104146089829420418e+00 -1.206120304645470043e+00
-1.063216227883721388e+00 -4.731943082547367396e-01
-1.076374594991811762e+00 9.658370178299229281e-01
-1.100863918931089813e+00 1.753549182367152071e+00
-1.088078635580444598e+00 2.494457995472878054e+00
-1.084465947043184997e+00 3.210534259785532640e+00
-1.082715227989687889e+00 3.937067733795643676e+00
-3.256318868478871309e-01 -4.062454595444830119e+00
-3.632578307808529416e-01 -3.341779932626113947e+00
-3.340928769587634406e-01 -2.643903974005766599e+00
-3.226888590953578273e-01 -1.912101809536466135e+00
-3.211535476214066875e-01 -1.187015300063485768e+00
-3.260850955894838421e-01 -4.434781383914625508e-01
-3.188304604611360560e-01 3.013251736338560249e-01
-3.490132289096337104e-01 1.718128838946814341e+00
-3.361884476320327053e-01 2.510446037278015297e+00
-4.071049840940119680e-01 3.231081062568030404e+00
-3.415259161406538624e-01 3.965171543357527639e+00
4.220534647209248647e-01 -4.044489847639390234e+00
3.949437570497877914e-01 -3.380349198774766251e+00
3.648969820410101761e-01 -2.649917787702793959e+00
3.952913557038755243e-01 -1.915404810529889090e+00
4.044826089241624345e-01 -1.195232327559125451e+00
3.897880496654266835e-01 -4.530959078574561261e-01
3.470850816543347150e-01 2.487139517763061747e-01
3.833316191154594321e-01 9.944891983481980446e-01
3.954841091861993618e-01 1.734532344699381667e+00
4.156917247934686088e-01 2.516943633589953322e+00
3.593731516765785727e-01 3.165306548413610699e+00
4.003510951957096609e-01 3.932916151387779280e+00
1.159660408616247196e+00 -4.058490161904483529e+00
1.205466323262044170e+00 -3.274648985397234924e+00
1.125667362397436477e+00 -2.603907776497496940e+00
1.132174144323052190e+00 -1.921699845896778669e+00
1.130537193814326713e+00 -1.186575802807585234e+00
1.133544686339355678e+00 -5.012246142670022664e-01
1.124024917052395267e+00 2.379410339872869429e-01
1.157086620023292767e+00 9.868219812746232833e-01
1.171378270005845934e+00 1.716437771119625921e+00
1.144380448973222997e+00 2.520440836823986785e+00
1.145388183848389474e+00 3.188160873209355373e+00
1.140957223474053706e+00 3.900271047695838433e+00
1.857708243168069373e+00 -4.036012220968814290e+00
1.871404704320347889e+00 -3.317589775069532010e+00
1.869853254683647492e+00 -2.600736852847639113e+00
1.951550146749092107e+00 -1.880361886399338545e+00
1.838051106383083777e+00 -1.208585983222459248e+00
1.873073887111530667e+00 -4.696229708767845068e-01
1.812686540727440843e+00 2.958311071396799719e-01
1.894877003970975693e+00 9.594531066964364641e-01
1.908348143807508279e+00 1.709933273651611074e+00
1.920906811190256747e+00 2.452360082636218408e+00
1.954899131284172142e+00 3.177443971825752556e+00
2.607456688520173316e+00 -4.040824756950030405e+00
2.614382218774331079e+00 -3.319671204500536987e+00
2.612526458430984633e+00 -2.595038765321376673e+00
2.592792393970817955e+00 -1.182644955131848974e+00
2.601414197087528635e+00 -4.783579760059666341e-01
2.628233750569464178e+00 2.668051492464158514e-01
2.648288197912066266e+00 9.778348543492114686e-01
2.692048967325504805e+00 1.722737025755257889e+00
2.668637680639783127e+00 2.429000681746963153e+00
2.701556907205237223e+00 3.144937317855067249e+00
2.744531950522144825e+00 3.830757220469003244e+00
3.334841608922921807e+00 -4.045060167793888439e+00
3.353901343624023923e+00 -3.318708043365024452e+00
3.348976265283262421e+00 -2.591502088281590233e+00
3.363599974565133266e+00 -1.873005212261745100e+00
3.344529414343661244e+00 -1.183037627419977866e+00
3.343289383071500254e+00 -4.352665030140236979e-01
3.371971645254504324e+00 2.647749438447526416e-01
3.403523301184456784e+00 1.043897956307425545e+00
3.429968914042667905e+00 1.706679180043618516e+00
3.459494666708174293e+00 2.445253209047734799e+00
3.435400627407929619e+00 3.147176480343738092e+00
3.427331292620280578e+00 3.885890185653884998e+00
4.102180714326877364e+00 -4.050501319550164681e+00
4.080451785495263550e+00 -3.336941997300357343e+00
4.092428027458964834e+00 -2.594950383074127842e+00
4.091262848354460857e+00 -1.845345605451711890e+00
4.076815452242442461e+00 -1.139527045726023147e+00
4.143443549485319011e+00 -4.434126477855961923e-01
4.118009455412135367e+00 2.813885768250834474e-01
4.138483017613047821e+00 9.765096850749444002e-01
4.142472911018948878e+00 1.718997302617481182e+00
4.194184196459829650e+00 2.469820575375099025e+00
4.200606296930196493e+00 3.169482134114410599e+00
4.207159137006506455e+00 3.874347109341762518e+00
4.854982571316931228e+00 -4.052901578548478767e+00
4.841802799982474426e+00 -3.360143987013319844e+00
4.839857836618278952e+00 -2.591517451548575934e+00
4.841314154945365544e+00 -1.889354257528818692e+00
4.922356215516124678e+00 -4.440156561964840876e-01
4.905112480789100005e+00 2.856573078021291678e-01
4.853086116857689092e+00 9.784585477828038336e-01
4.909352086319735520e+00 1.725176513053970240e+00
4.938795936824270427e+00 3.146705517430703480e+00
4.975476523310987886e+00 3.863925801783153702e+00
5.578190695146751921e+00 -4.051162655838712823e+00
5.538286887917358570e+00 -3.347918564653046047e+00
5.587720277693094317e+00 -1.886667102772690896e+00
5.645787725519539890e+00 -1.182464349139028315e+00
5.688162232584794253e+00 -4.383630843204109340e-01
5.720120379745502248e+00 2.874491926032476385e-01
5.669781893476049106e+00 9.965175056915462903e-01
5.660481308418198410e+00 1.691549942078914626e+00
5.686334076085493905e+00 2.428923766272561124e+00
5.699320140044065397e+00 3.166325682113253492e+00
5.694827621999721146e+00 3.899586580243187939e+00
6.402102474502619600e+00 -4.053569215236123569e+00
6.384482480696753726e+00 -3.346203124062903100e+00
6.404132014898280545e+00 -2.535327288091384190e+00
6.349710364385188655e+00 -1.926681862683430779e+00
6.403680835423621431e+00 -1.220153291026491615e+00
6.448256153921015255e+00 2.270304471320550022e-01
6.454524244672903421e+00 9.741028898499557442e-01
6.440228539301990907e+00 1.678594271140607219e+00
6.421920103827211790e+00 2.422836113455041129e+00
6.419069228538269556e+00 3.137497906836706818e+00
6.415908402895695417e+00 3.885295809980249260e+00
7.173403805994198024e+00 -2.655257983592218096e+00
7.198057053591035981e+00 -1.222943639649891168e+00
7.193416952362831296e+00 -5.091432092352903283e-01
7.167481730226981540e+00 2.275313005693462287e-01
7.156681901392794032e+00 9.656166075160861340e-01
7.176279347771831851e+00 1.673997080313512242e+00
7.174106649242631306e+00 2.410654956271933713e+00
7.171892598675462693e+00 3.140163245526267133e+00
7.211503761457549899e+00 3.839282200378661969e+00
7.956441528697652643e+00 -1.959416958789557128e+00
7.933260885898022252e+00 -1.243708213859378020e+00
7.949646567150821852e+00 -5.447325481674596404e-01
7.911185611052452771e+00 1.882791824092251431e-01
7.891105146545619675e+00 9.790775624621268491e-01
7.917358171513996012e+00 1.680350087267143522e+00
7.949076220130933734e+00 2.361333383249377249e+00
7.936447774707168890e+00 3.094700438842458823e+00
8.002420196667550556e+00 3.781402978759096811e+00
8.852836758556222208e+00 -4.097681738916911343e+00
8.857608864711650654e+00 -3.370818993392592944e+00
8.838404889293428823e+00 -2.650373908150903901e+00
8.789661469398623694e+00 -1.966902597393865193e+00
8.761739099771382655e+00 -1.228892085427155223e+00
8.750466811762649399e+00 -5.281814665965711697e-01
8.676589620256059732e+00 9.465941387670717688e-01
8.665696750084308064e+00 1.618864626947331686e+00
8.693300805517438334e+00 2.371983444339058167e+00
8.713190547431757693e+00 3.112395964725116926e+00
8.765639676057610075e+00 3.780153324250612457e+00
9.622402194835302680e+00 -3.407005616333670162e+00
9.617390692228276805e+00 -2.663273364626206785e+00
9.616956665786887015e+00 -1.973518473197934497e+00
9.554923045451999997e+00 -1.261075978897196137e+00
9.476307454652982187e+00 1.815303658453615299e-01
9.433407823108851176e+00 9.116926460996879200e-01
9.433482248727692365e+00 1.624023468799922654e+00
9.452362515588852432e+00 2.344986169462423220e+00
9.502617106626871646e+00 3.026433193346505846e+00
9.534550804800069557e+00 3.807319875749321625e+00
1.040684578670641258e+01 -3.401620619751305696e+00
1.038857189279849536e+01 -2.673881010530539726e+00
1.041787081129243120e+01 -2.012944554196646862e+00
1.034537219284460718e+01 -1.230907900496955421e+00
1.034001098668205287e+01 -5.189216108083058998e-01
1.026634786000197863e+01 1.738741033339685771e-01
1.020743291887173143e+01 8.962700955929889801e-01
1.018318997582178298e+01 1.627350977929424403e+00
1.021318449082936297e+01 2.346905242335068920e+00
1.027737948318223715e+01 3.046514479758613447e+00
1.027788520902683445e+01 3.761176068804694239e+00
1.132136587219805079e+01 -4.182736741399779135e+00
1.125664196110094650e+01 -3.434038820665310965e+00
1.123967100342312619e+01 -2.739440155421416279e+00
1.115583483543235133e+01 -2.007754230067739343e+00
1.114322162535884075e+01 -1.249037815517247907e+00
1.110684059901809206e+01 -5.121463124329252992e-01
1.111170674549867954e+01 2.087465715772616193e-01
1.105982150829220956e+01 8.757579284021304034e-01
1.115700053085292609e+01 1.598567217176295685e+00
1.108781188486526048e+01 2.375829434524852957e+00
1.106866957807218910e+01 3.059368545851306465e+00
1.112152204076971174e+01 3.771804838780262514e+00
1.217469484283704872e+01 -4.120969586766108250e+00
1.217762195057137831e+01 -3.416713136569438092e+00
1.214798190213020490e+01 -2.657625236311883299e+00
1.209069738807180983e+01 -1.231029967489465804e+00
1.201466203992278992e+01 1.723042290482794670e-01
1.186016966043072074e+01 9.058902068128205087e-01
1.185823390858093518e+01 1.628427820363537393e+00
1.185200546985969083e+01 2.354332052276365772e+00
1.188204271172415361e+01 3.080888131907911998e+00
1.189399678869423127e+01 3.781846916788964563e+00
1.287715698734679393e+01 -3.415042336081395291e+00
1.297940303217480107e+01 -2.675410309626826688e+00
1.291107388451614923e+01 -1.994909914800818029e+00
1.291501953509066425e+01 -1.271136154543121677e+00
1.285827624076311082e+01 -5.409568112917853000e-01
1.281425717939582398e+01 1.915335636096138217e-01
1.274479188917474914e+01 9.124123736333622503e-01
1.264531246426498257e+01 1.632123188746977149e+00
1.260808680356743139e+01 2.403887468857526244e+00
1.263035315608816234e+01 3.090045637281974678e+00
1.269545329205675444e+01 3.783017793107781301e+00
1.380027997322910949e+01 -4.156376870727569894e+00
1.378028587161738017e+01 -3.430269459598239479e+00
1.375879430895862754e+01 -2.687497523704983848e+00
1.370487577544335522e+01 -2.001776744504276451e+00
1.353616028565340912e+01 2.362645132669776160e-01
1.349422653838832531e+01 9.236415550421170906e-01
1.346376875467865375e+01 1.633939812024259197e+00
1.348700001665327619e+01 2.346586081596978346e+00
1.355054611752377269e+01 3.058949144646597063e+00
1.357843238517228457e+01 3.783182333208287673e+00
1.470612005883855034e+01 -4.167035147718902266e+00
1.467838106878484439e+01 -3.456371887155370359e+00
1.459573838291719738e+01 -2.670959965469322128e+00
1.447217335195398391e+01 -1.254345048862148815e+00
1.442098631721934510e+01 2.231763812651408330e-01
1.441107738852554121e+01 8.876054781754092460e-01
1.425739938517806138e+01 1.652998480255224223e+00
1.432116540346614642e+01 3.093535467910250247e+00
1.431356813713632192e+01 3.799251455061067873e+00
1.548448449521962544e+01 -4.180019410364263166e+00
1.547334156691644580e+01 -3.460737993635440546e+00
1.549364205082375179e+01 -2.741243176382315738e+00
1.547620265016414720e+01 -2.032184839346001581e+00
1.534859730208263784e+01 -1.282957970937943060e+00
1.543265443750353683e+01 -5.422155026840798087e-01
1.518105628066270896e+01 2.309210916236352773e-01
1.509257209642640873e+01 1.666682282324284614e+00
1.511768032840518572e+01 2.378714074430622105e+00
1.505934887203641637e+01 3.099965124187349375e+00
1.512495884539816160e+01 3.769403567765259311e+00
1.621479858578376820e+01 -4.234333365040672703e+00
1.622956381089737476e+01 -3.478581583881588557e+00
1.621080683680465739e+01 -2.781641709985965605e+00
1.619646650805066912e+01 -2.040267541782437632e+00
1.614456045971934373e+01 -1.306708616640953835e+00
1.611646592929200494e+01 -5.914910013372249864e-01
1.608353094695920049e+01 1.658369434152753286e-01
1.596064494582410020e+01 1.691591517003665501e+00
1.592368673971798643e+01 2.369266208949333929e+00
1.587799900665338981e+01 3.014866999735751563e+00
1.590817860420947483e+01 3.804242336060774221e+00
1.697860605664099154e+01 -4.192562238127258922e+00
1.695398598579549088e+01 -3.474027430197214272e+00
1.692112980526196253e+01 -2.763470490138288937e+00
1.690338392470847850e+01 -2.005488792174396906e+00
1.688231575437549026e+01 -1.300982996937417369e+00
1.684553949506810255e+01 -5.850242400721263891e-01
1.683624707779377161e+01 2.488764032041324015e-01
1.675247118177843220e+01 9.101318471508292873e-01
1.672995638395997986e+01 1.586101823843193870e+00
1.671321751215805307e+01 2.413540523557109907e+00
1.670639206287218315e+01 3.119964875055828202e+00
1.674735286563984005e+01 3.855032484885377642e+00
1.770134295197803453e+01 -4.147900496723774921e+00
1.768786769737617703e+01 -3.472790356973057158e+00
1.764543989887560826e+01 -2.706935473762619893e+00
1.761228893152519959e+01 -2.000751646660045679e+00
1.756807754546331068e+01 -1.283661611663049484e+00
1.758006226114957826e+01 -5.326913097230203675e-01
1.753373030310491032e+01 1.901835084661165354e-01
1.751383700295749435e+01 9.766313424190506964e-01
1.748547441842286077e+01 1.668981862086795331e+00
1.747118073451817111e+01 2.422086100935857189e+00
1.743302073310936606e+01 3.173102261515666100e+00
1.745407903156953466e+01 3.884352544708619348e+00
1.842605837405452007e+01 -4.183352225858481432e+00
1.840419860194670321e+01 -3.443320923504657571e+00
1.836226436269528506e+01 -2.699316560513221219e+00
1.834425206662553620e+01 -1.988601331040644737e+00
1.831734557615158820e+01 -1.241314177826957632e+00
1.831096918084312364e+01 -5.177999792817544744e-01
1.826915419786038797e+01 2.344055666947291172e-01
1.827191917511889585e+01 9.416459713760545469e-01
1.820794468016979550e+01 1.682367162101751745e+00
1.820001602010213304e+01 2.420130677067472647e+00
1.817083714710612696e+01 3.179575332819418065e+00
1.822279653819290957e+01 3.925034424121193410e+00
1.925680892432579583e+01 -4.074535460298598366e+00
1.914161602603537204e+01 -3.379986013875278417e+00
1.911049036671261803e+01 -2.656769967476410699e+00
1.908094657622415724e+01 -1.950748223099903811e+00
1.903767062370034324e+01 -1.223140289753544607e+00
1.901491313294224028e+01 -5.020311147362512827e-01
1.901207731913491727e+01 2.296476878751754214e-01
1.898991354956292810e+01 9.579174958377087989e-01
1.897139339363688038e+01 1.695693519574163588e+00
1.897290603583086011e+01 2.415660070164388884e+00
1.895596633214623949e+01 3.157840836361465620e+00
1.902944404442018822e+01 3.889487456097668883e+00
2.001047547883821665e+01 -4.145886871928105677e+00
1.999391018640532280e+01 -3.386294858543902109e+00
1.994059033277413562e+01 -2.631569563479018825e+00
1.988854609590163136e+01 -1.889580798566765196e+00
1.988029350021935215e+01 -1.162888608555483927e+00
1.977778587079289707e+01 2.334666998142296279e-01
2.001319849651708438e+01 9.466077307115732253e-01
1.985038477347330144e+01 1.705363362136051109e+00
1.977416463452826179e+01 2.460045014936515173e+00
1.983640387346321887e+01 3.185168041207049328e+00
1.989335780737992110e+01 3.835047274268966078e+00
2.073868699157291218e+01 -4.133693893622673698e+00
2.070575351066270287e+01 -3.367040125712019716e+00
2.068490034795900101e+01 -2.647523572070845432e+00
2.072398745434966827e+01 -1.940578346177002089e+00
2.073665305586013119e+01 -1.207673718964350940e+00
2.071960514862479386e+01 -4.759320579251671290e-01
2.071123450426832591e+01 2.536334612521429221e-01
2.075361343563277217e+01 9.965524480599796675e-01
2.067323810778106008e+01 1.709224697448949115e+00
2.067625870750176631e+01 2.446822196528717797e+00
2.069858187387338688e+01 3.116080189064689421e+00
2.072828554047023175e+01 3.846359690217276750e+00
2.192670328012032144e+01 -4.043419827203759809e+00
2.191840583973402801e+01 -3.378672673973792229e+00
2.189855954643748248e+01 -2.603778016150638308e+00
2.193596790233817018e+01 -1.876330179450672375e+00
2.178993564316149900e+01 -3.010750756936957373e-01
2.165066911512258230e+01 2.697811198684121337e-01
2.161894117258916026e+01 1.002854265625451546e+00
2.154559727133819536e+01 1.728726467779271303e+00
2.153659312891576860e+01 2.441896076422693795e+00
2.154073597030366471e+01 3.108389701663654137e+00
2.151162869004470224e+01 3.866455744596557054e+00
2.262644115850523008e+01 -4.117699750020378247e+00
2.262981319581354001e+01 -3.387179612570850651e+00
2.262164760934835783e+01 -2.657813358951376159e+00
2.263027614437853430e+01 -1.917134509363716433e+00
2.261021448531944600e+01 -1.190269886603843474e+00
2.259043587334132042e+01 -4.654550464561815204e-01
2.256588785987784718e+01 2.636550695941828337e-01
2.245107221297831046e+01 1.008731317402414618e+00
2.247794378328654830e+01 2.495782588869008833e+00
2.239942370827493079e+01 3.158552943893610632e+00
2.236480070085023186e+01 3.822972442889920330e+00
2.336388593059783858e+01 -4.106933190865699856e+00
2.334281730334231497e+01 -3.392828231429206198e+00
2.337546216920588193e+01 -2.661372251914862375e+00
2.335478639398208855e+01 -1.910451582093159573e+00
2.336392099560689672e+01 -1.201924565182245885e+00
2.333414848849806589e+01 -4.845192999192420302e-01
2.330163660891803090e+01 2.356756274399067763e-01
2.328900307174848194e+01 1.008776714457834345e+00
2.328481944077992694e+01 1.716681309551631784e+00
2.326410005075594256e+01 2.422698796945105926e+00
2.320399365606427011e+01 3.171484654748340404e+00
2.323468092138632812e+01 3.838372182686590861e+00
2.409923343421577613e+01 -4.108363128922530194e+00
2.409824235883707644e+01 -3.392239158934728493e+00
2.409519828430885013e+01 -2.654311094352671319e+00
2.410256195497286313e+01 -1.939768541195384444e+00
2.409543811125340795e+01 -1.188568929998975676e+00
2.408261533832031631e+01 -4.606906066214584428e-01
2.413702175965561025e+01 2.204982542802582657e-01
2.407884466583249150e+01 9.937404625060217711e-01
2.400161826761927131e+01 1.707586853547191197e+00
2.405104506588801172e+01 2.452179591254662228e+00
2.401249274040793580e+01 3.173356489650686285e+00
2.406506332850851493e+01 3.842063158438847381e+00
2.491777434593721807e+01 -4.086141372896953783e+00
2.485356779349431378e+01 -2.681282287213583970e+00
2.479154070982282576e+01 -1.983327975443369695e+00
2.486096014502042806e+01 -1.216041183535129022e+00
2.483624835587647084e+01 -5.005433631086653179e-01
2.483771077967284668e+01 2.138698233663518522e-01
2.484596618294614245e+01 9.558698279714121782e-01
2.484496674727706989e+01 1.698913883801864699e+00
2.481371177454713006e+01 2.416433920249815515e+00
2.481000704566518777e+01 3.150471590830129287e+00
2.483785108412234166e+01 3.862090163955514299e+00
2.560723375644765554e+01 -4.120188024132410476e+00
2.552248102788781381e+01 -3.393974036731698618e+00
2.562327540863001474e+01 -2.676122290614195265e+00
2.557747316711240160e+01 -1.944002919498181825e+00
2.558539510932298100e+01 -1.236622063428370666e+00
2.557040304408086229e+01 -5.141723137787330700e-01
2.557702742124020290e+01 2.219665895646052434e-01
2.557164080220556457e+01 9.439652026523432937e-01
2.558725792486254136e+01 1.685198509250621868e+00
2.559999157444875806e+01 2.386648575413477857e+00
2.559672842818582694e+01 3.131397327872846859e+00
2.561709991290793909e+01 3.847696591096998020e+00
2.633658151969701322e+01 -4.115808305125845834e+00
2.634575585052840552e+01 -3.413256388629719140e+00
2.632731869201771246e+01 -2.687976962577110385e+00
2.632236465808121295e+01 -1.957190690094648744e+00
2.632538762022225143e+01 -1.237251040563101867e+00
2.631716977284249737e+01 -4.828678070555092461e-01
2.633322815377709247e+01 2.161957668362006757e-01
2.630651790028056780e+01 9.396572504550704252e-01
2.635297268995100239e+01 1.691508732623972833e+00
2.640011832814101922e+01 2.442214645880024904e+00
2.636630977699817890e+01 3.135703547710249950e+00
2.639189166317596857e+01 3.847717151630106969e+00
2.713827134437125466e+01 -4.151691009468546412e+00
2.708956614193292012e+01 -3.439406132100312874e+00
2.711543071300645380e+01 -2.700351030670599783e+00
2.708891298347881360e+01 -1.970620727901636116e+00
2.709798704503694466e+01 -1.250029789059890817e+00
2.707340826776019327e+01 -5.533016573089462042e-01
2.708342710411468346e+01 2.104963673735618102e-01
2.708765233322710486e+01 8.934057661069303435e-01
2.709427174378070191e+01 1.680541694169047418e+00
2.711640810129958368e+01 2.369436251491929823e+00
2.715526752767534191e+01 3.096727898303896609e+00
2.715219877850857699e+01 3.809434851249498877e+00
2.791038824652154204e+01 -4.180873849612389392e+00
2.785777296504071643e+01 -3.423563389987265282e+00
2.785852908799474648e+01 -2.699510522546024305e+00
2.788565374265291297e+01 -1.991515755005302424e+00
2.785801630599693368e+01 -1.256937633866400006e+00
2.787235250632874539e+01 -5.406679066302828573e-01
2.788293223404986776e+01 1.657574751691726078e-01
2.789561755570327506e+01 8.706937234723604035e-01
2.788676840833877435e+01 1.620694979229366339e+00
2.784801303981142695e+01 2.361746148009292057e+00
2.789035852582222930e+01 3.084117055987775302e+00
2.792756360103587809e+01 3.804629214773228796e+00
2.875833496347640761e+01 -4.112219325445625628e+00
2.865286006304976496e+01 -3.444421484620498575e+00
2.872750002584621853e+01 -2.683352906400109816e+00
2.862573988444133732e+01 -2.012426454999193481e+00
2.862649368035270214e+01 -1.312715929881740351e+00
2.859425307083984791e+01 -5.627973152191607653e-01
2.860068191688625205e+01 1.481005773165584571e-01
2.862831625422172266e+01 8.644454449499434645e-01
2.866007017592789197e+01 1.575986187385275628e+00
2.869576053963128714e+01 2.297144065201127461e+00
2.870664295419054923e+01 3.015576736888384346e+00
2.868168928345739488e+01 3.758647393558590011e+00
2.950696509262235878e+01 -4.163691390277648452e+00
2.947731269369287332e+01 -3.475186246191732664e+00
2.945931524080213393e+01 -2.753799932402721140e+00
2.945353459703424193e+01 -2.023818219010774300e+00
2.943158372231815889e+01 -1.313656455159755154e+00
2.940748005786050356e+01 -5.867583800731992483e-01
2.943512159495312375e+01 1.471338530698247382e-01
2.938356114011093467e+01 8.644951566442991009e-01
2.940695336257670789e+01 1.560302211597598188e+00
2.943987431487899897e+01 2.274665162643465521e+00
2.944466184326774538e+01 2.993227929720987390e+00
2.945768904467140459e+01 3.736093389300066292e+00
3.028289350029593407e+01 -4.168157947652911588e+00
3.019870318523806674e+01 -2.027777009312089262e+00
3.018446349096675618e+01 -1.347668992154883227e+00
3.023651735762665993e+01 -5.672079464251318370e-01
3.022520376030022504e+01 9.931175109778678234e-02
3.016960067913921506e+01 8.276088528485132656e-01
3.018107614615535539e+01 1.556786660406174860e+00
3.020434661603521675e+01 2.270800178528752156e+00
3.020101491217557310e+01 2.975258317531370267e+00
3.018945831573386585e+01 3.703559393601729255e+00
3.105984996181674518e+01 -4.194987444831870249e+00
3.101903699868194764e+01 -3.451672429018017851e+00
3.101282133940930663e+01 -2.743668661306760015e+00
3.101204988515413419e+01 -2.037665539541183790e+00
3.098032352927594246e+01 -1.326975792216096295e+00
3.098132087162841941e+01 -6.276247891260560152e-01
3.097933515396201898e+01 9.541417319155343080e-02
3.099714271601465754e+01 8.043537685434785089e-01
3.099929626148675510e+01 1.546870673943118391e+00
3.099668017088126959e+01 2.281130617326947885e+00
3.096154295914656274e+01 3.018639631602034967e+00
3.096865312440252893e+01 3.745314965076886438e+00
3.188685139658064571e+01 -4.149332743552090363e+00
3.182026261471468587e+01 -3.485011721247207817e+00
3.172392991584350597e+01 -2.740711521294851849e+00
3.174545440749162850e+01 -2.067329106630481306e+00
3.172805036263924450e+01 -1.326426448662260782e+00
3.173602878560456730e+01 7.737100988818923497e-02
3.173358659846073948e+01 8.067808792688992980e-01
3.170675397955637465e+01 1.549663561440560500e+00
3.172125692640289429e+01 2.289182282542512326e+00
3.175084099853254571e+01 3.025092479300106163e+00
3.182464953937145680e+01 3.741346432225263641e+00
3.255950314163653303e+01 -4.161750110457550278e+00
3.257063684138777404e+01 -3.487510322227905135e+00
3.255795877457268972e+01 -2.752469883228563674e+00
3.252153654632395074e+01 -2.037317639279510928e+00
3.251187480108605854e+01 -1.341375836718992076e+00
3.248865209724942105e+01 9.788203632069070181e-02
3.247475699206840005e+01 8.212714844760320432e-01
3.254529527192527638e+01 1.527634626142745589e+00
3.252829853003023430e+01 2.272429237235776611e+00
3.253260076693344871e+01 3.015410346176835787e+00
3.253647238942713926e+01 3.743048447095532083e+00
3.337411365152062359e+01 -4.171561425163456960e+00
3.332541586820398294e+01 -3.465809680018658412e+00
3.335274818386128715e+01 -2.753561933257504535e+00
3.330841364415469030e+01 -2.036490648863185982e+00
3.326530994341921854e+01 -1.293528218719099954e+00
3.331518161694281588e+01 -6.168947793615267017e-01
3.326055093859002199e+01 8.797663330126326287e-02
3.325969483892634315e+01 8.244710720031314111e-01
3.325955561152425588e+01 1.552525920912511737e+00
3.324652584859736493e+01 2.309473561602686686e+00
3.329698095018702730e+01 3.025639441659848217e+00
3.326598612479320849e+01 3.771216138613461055e+00
3.412379506915991811e+01 -4.135911590581809349e+00
3.410986292167934408e+01 -3.421254014991863102e+00
3.406239428532423830e+01 -2.728894533803408962e+00
3.404527958590417569e+01 -2.039285233171309386e+00
3.404009659628022888e+01 -1.333964890562658212e+00
3.402682334345953308e+01 -6.132490686272156211e-01
3.399817615062662668e+01 1.067578666739521509e-01
3.401037537746508832e+01 8.505211435323367652e-01
3.402163097465277275e+01 1.594095902770810369e+00
3.404016746704956375e+01 2.306268341508566522e+00
3.404764025576880471e+01 3.046089642019666144e+00
3.403254798553899008e+01 3.774732351061210522e+00
3.486270893159622375e+01 -4.150694822008887286e+00
3.482264094583378977e+01 -3.455966412872967908e+00
3.482720328514016472e+01 -2.732815175522691931e+00
3.479253260271607218e+01 -2.026511079751919908e+00
3.479338330813542512e+01 -1.329847832841476674e+00
3.477812562152042375e+01 -6.086145995092806515e-01
3.477809450901306576e+01 1.459085900005092640e-01
3.475124876261779860e+01 8.336896572170431341e-01
3.473547587289117899e+01 1.600694551292843215e+00
3.478298406441098933e+01 2.321966862864737635e+00
3.479287796907021146e+01 3.067392885831544902e+00
3.476885345401058913e+01 3.799824059464285142e+00
3.560959666291308423e+01 -4.139591650083680463e+00
3.559993344376587032e+01 -3.429934312435648280e+00
3.558648337440609311e+01 -2.715420611963232034e+00
3.554290267071539944e+01 -2.013845977300480428e+00
3.552639433544091929e+01 -1.294383810471472884e+00
3.551292294913088909e+01 -5.685739870911490357e-01
3.553285443613537353e+01 1.932091422718755780e-01
3.554313270596500018e+01 9.189658068340165187e-01
3.556234229098343036e+01 2.313611460754298577e+00
3.553854430783395202e+01 3.088447631505680135e+00
3.557552775970952297e+01 3.853740817656884587e+00
3.636635405552393507e+01 -4.154023454789047776e+00
3.634880928342712281e+01 -3.409075695672310502e+00
3.633959477556400230e+01 -2.735500825005576786e+00
3.628678259107484649e+01 -1.990685484297358698e+00
3.626687349223622192e+01 -1.265869502893199439e+00
3.625892849099802362e+01 -5.356363432528183921e-01
3.629029418837878751e+01 1.902674806535671337e-01
3.628216380261527974e+01 8.855533140326059538e-01
3.627352364160234544e+01 1.668709668800101298e+00
3.627914979886893576e+01 2.365315586461985475e+00
3.636215545860277842e+01 3.127890089260752404e+00
3.641215897165655946e+01 3.828446223788020575e+00
3.714612917909509093e+01 -4.136807467512298331e+00
3.708477774365635327e+01 -3.393974586260796400e+00
3.707254550831012097e+01 -2.673608372821945522e+00
3.701619571710944712e+01 -1.232240880613442613e+00
3.700229971799972617e+01 -5.150749686525450954e-01
3.695654380868611355e+01 2.718978338384232529e-01
3.702699515915680450e+01 9.648713117404454920e-01
3.712413203418358165e+01 1.649096397416187187e+00
3.712216717295417112e+01 2.386985333186444791e+00
3.709159151670713328e+01 3.122462355121726318e+00
3.713070897994153796e+01 3.835090902592305895e+00
3.792342694823683047e+01 -4.067841316029614518e+00
3.787344793661558384e+01 -3.360853794185278076e+00
3.784329499088091353e+01 -2.644172302936137697e+00
3.782570933309940386e+01 -1.925568168634296029e+00
3.782095250552107046e+01 -1.187253416620489332e+00
3.778407637820433962e+01 -4.684179953073375202e-01
3.790461538959707610e+01 3.162975208636460422e-01
3.789656804093592513e+01 9.869695675168728144e-01
3.791691963268008436e+01 1.656903750775612139e+00
3.800007369876349372e+01 2.454385782236620628e+00
3.875036667997645878e+01 -4.004633035472306091e+00
3.874808962127817580e+01 -3.283786702578524341e+00
3.868984862159479832e+01 -2.593401413596648553e+00
3.877018727832672340e+01 -1.846566536544308690e+00
3.882664773905862177e+01 -1.129002703539946140e+00
3.869907367858845504e+01 -3.499435500199616911e-01
3.883014441606307088e+01 2.572456300871721169e+00
3.877816569200327734e+01 3.186152663247156624e+00
3.966990759174009185e+01 -3.291575427444943358e+00
3.957481234566697736e+01 -2.950398048218520586e+00
3.960195273219674306e+01 -1.760744918893060174e+00
3.999337437999385969e+01 1.127821775806957305e+00
3.999944803741779964e+01 1.857146831101303519e+00
4.000664739762303412e+01 2.614177029473275127e+00
4.000469744621866397e+01 3.330072959906907215e+00
3.999299154022443048e+01 4.002309976386513313e+00
4.074273540772727387e+01 -3.984183581963112175e+00
4.072918170187481479e+01 -3.252026921086510924e+00
4.071241967590984956e+01 -2.474440519956647933e+00
4.071347776749572489e+01 -1.786465871812527695e+00
4.072720762951521323e+01 -1.066673893601993939e+00
4.073190325235264453e+01 -3.491285145327829298e-01
4.074356830749727720e+01 1.120426011559434443e+00
4.072733583112545119e+01 1.842061649074871355e+00
4.071586190359472113e+01 2.541566588213292732e+00
4.070350638631251883e+01 3.317608479708340496e+00
4.071181101651514922e+01 3.984183581963115728e+00
