-2.376988583687207779e+00 -4.095426287217801331e+00
-2.368426196967433839e+00 -2.594965073951453149e+00
-2.375353182744021296e+00 -1.911469640788229896e+00
-2.371604192586573845e+00 -1.168765331132838980e+00
-2.392025568258596024e+00 -4.581907324673615278e-01
-2.375649403816751715e+00 3.340207141712383532e-01
-2.373238911492578040e+00 1.032569192916025003e+00
-2.373173149839736595e+00 1.751105922403617399e+00
-2.368837129733670110e+00 2.452149658488114170e+00
-2.378785716077295831e+00 3.184134293993793108e+00
-2.366836547676740565e+00 3.931592970341789339e+00
-1.548672344661653710e+00 -4.061378022051169268e+00
-1.564079811757991934e+00 -3.352254786573524825e+00
-1.571882845309147569e+00 -2.610620854655962830e+00
-1.609726573064833133e+00 -1.884872562206261648e+00
-1.591066812427143873e+00 -1.161535954365547241e+00
-1.574736789415425164e+00 -4.526980954946431268e-01
-1.605392367670972931e+00 1.020911994103126830e+00
-1.628934854575248892e+00 1.755743709074479852e+00
-1.624634416773737655e+00 2.459385425904983435e+00
-1.643423786027589983e+00 3.245029525715381169e+00
-8.450232056747140064e-01 -3.333015807483818094e+00
-9.059504067669266192e-01 -2.614332328561314256e+00
-8.509707938467059307e-01 -1.886367612042015196e+00
-8.598622485808249394e-01 -1.147996139701994878e+00
-8.555867448458087665e-01 -4.314396451580364555e-01
-8.577973547317796488e-01 1.048693983795118356e+00
-8.586313639371496720e-01 1.753726742428977303e+00
-8.910604193186770772e-01 2.505410903256535704e+00
-8.808263565389466976e-01 3.251348667800506576e+00
-8.818385603950460450e-01 3.974231119653353517e+00
-1.174004674689115291e-01 -4.049170844478116038e+00
-1.102788254193853845e-01 -3.332748775547720754e+00
-1.053403798186707263e-01 -2.598152340250752701e+00
-1.201202194796877620e-01 -1.860481926624562021e+00
-1.458943921789241926e-01 -1.167269691290329092e+00
-1.159432936130144753e-01 -4.348900916485121115e-01
-1.257197908987137680e-01 1.013915158081616141e+00
-1.377401081134124183e-01 1.784271346630184496e+00
-1.393001996356417749e-01 2.520875249273110796e+00
-1.205901817055092806e-01 3.241203400987984651e+00
-1.185855785223068892e-01 3.965798371938362266e+00
6.200022296379685827e-01 -4.029877829807279710e+00
5.883870521467713388e-01 -3.314126380071332534e+00
6.122338631816788279e-01 -2.608638836345651413e+00
6.274889301585986345e-01 -1.869955266074203593e+00
6.330531571875255281e-01 -1.147887488011530621e+00
6.272172947100500551e-01 -4.024764468204224954e-01
6.277303338106676733e-01 3.295687149970270013e-01
6.068373938125191103e-01 1.747686698118080528e+00
6.180683277160454736e-01 2.539348033880017397e+00
5.470470606593238472e-01 3.260762988839239540e+00
6.139762285176431078e-01 3.989243436636130014e+00
1.366230736577897176e+00 -4.020560271178858613e+00
1.338474964555345537e+00 -3.350479451951969168e+00
1.316790038616964864e+00 -2.609776469544488720e+00
1.344104849001041657e+00 -1.881208360175989469e+00
1.356073092933002044e+00 -1.156000203304326845e+00
1.336962271322533979e+00 -4.046160380288554848e-01
1.303292570611013446e+00 2.905550673522050431e-01
1.338333652507017746e+00 1.029296120440978513e+00
1.343301587098274297e+00 1.770986720853567675e+00
1.370587663214706708e+00 2.539030938925506575e+00
1.310582089903263636e+00 3.197262156869463468e+00
1.349347580185892070e+00 3.965282926017863474e+00
2.098901356937957985e+00 -4.029102689700099660e+00
2.144107320446224207e+00 -3.254556002356668643e+00
2.071345007284392636e+00 -2.575827147175303367e+00
2.077545827996914340e+00 -1.891490908023094164e+00
2.077778655596496549e+00 -1.149755306154162326e+00
2.081646396026897605e+00 -4.553388090937815491e-01
2.069038200903129621e+00 2.773188981662606523e-01
2.105630685111890443e+00 1.026958017709546311e+00
2.108858013848795565e+00 1.757697532504344906e+00
2.095916562302413411e+00 2.545235643275503890e+00
2.098168418587199824e+00 3.222442607977292539e+00
2.089750512501339585e+00 3.933893693243732059e+00
2.794695271327434227e+00 -4.010693599374263840e+00
2.806724667435382514e+00 -3.292035179648170384e+00
2.810780887367414493e+00 -2.568089954611025405e+00
2.881941062216469618e+00 -1.854371235405377405e+00
2.790101852791387671e+00 -1.168910876796694254e+00
2.818530434460129186e+00 -4.253655140960361791e-01
2.757283414802422783e+00 3.459338006366721174e-01
2.839459464038988301e+00 1.003527732301254360e+00
2.846105014215140727e+00 1.748084061725403870e+00
2.866810793669223756e+00 2.492827887941619025e+00
2.887970537663917980e+00 3.216647655016863894e+00
3.547975052928087791e+00 -4.013195875241802213e+00
3.551972269035566399e+00 -3.292421014271646129e+00
3.555549583389193913e+00 -2.566424946051053979e+00
3.533400472877517018e+00 -1.144650909738842870e+00
3.541230670615618692e+00 -4.360703801491219167e-01
3.559026314478373365e+00 3.157012995316392789e-01
3.593002126262305751e+00 1.017561734772762350e+00
3.631254218682485657e+00 1.761310626252420519e+00
3.612627823906684910e+00 2.467014901649037029e+00
3.633938174663178700e+00 3.185931202537901186e+00
3.668837836374287065e+00 3.877943552238690472e+00
4.273606689065282183e+00 -4.014710709305688852e+00
4.292670119844700594e+00 -3.287928462353711723e+00
4.284021599303606820e+00 -2.561057155566420107e+00
4.307182641013675095e+00 -1.832377964652689428e+00
4.284162351750282482e+00 -1.144812459532449367e+00
4.282463252810096321e+00 -3.995551546708391299e-01
4.309511298233275056e+00 3.047284994185588403e-01
4.301057335843061935e+00 1.043965781190451025e+00
4.358089153771608437e+00 1.751228686697327674e+00
4.386804079969529369e+00 2.498444494548571981e+00
4.367006676885729632e+00 3.188714294018602402e+00
4.353164653491184310e+00 3.937430158563238081e+00
5.032966737798105328e+00 -4.022515755224766565e+00
5.011147916795636093e+00 -3.304544379916137586e+00
5.026956795927830512e+00 -2.565761682819136524e+00
5.026387057347406540e+00 -1.818812329281442430e+00
5.013976370921739090e+00 -1.105897122156591195e+00
5.075450096023089941e+00 -4.086005846703208988e-01
5.055663292182252633e+00 3.142305234626761035e-01
5.071692063727219590e+00 1.010212192172307510e+00
5.076811821672585268e+00 1.755208440362405753e+00
5.105582120163042248e+00 2.510152298346017830e+00
5.126147869634671395e+00 3.210079749123160298e+00
5.132063740902573556e+00 3.916850474239758739e+00
5.783658861078578184e+00 -4.018448707361589101e+00
5.762543326946499178e+00 -3.329736388771852518e+00
5.773646740865217453e+00 -2.569704044528339892e+00
5.774706153546645737e+00 -1.848367250922432703e+00
5.860056369963842826e+00 -4.133607819723081889e-01
5.830509535066589422e+00 3.229648996669851613e-01
5.791980166147567388e+00 1.019814108632168370e+00
5.836434715290629072e+00 1.761390838891223609e+00
5.865903285457868321e+00 3.183959261802890239e+00
5.892909277074018348e+00 3.909748047431108375e+00
6.501416480838074108e+00 -4.023410440905696106e+00
6.455870150323754331e+00 -3.314854839437771261e+00
6.516694279006365775e+00 -1.855505443883213701e+00
6.569921405391333735e+00 -1.150608695533172465e+00
6.621672505439235579e+00 -4.046380551939137149e-01
6.633139846030751130e+00 3.166089389116386599e-01
6.593817344251490908e+00 1.031624576322769826e+00
6.595484354413166272e+00 1.724315774394241885e+00
6.611092759147581432e+00 2.475498774869954843e+00
6.617737706509615236e+00 3.208755726913956607e+00
6.608338253248639660e+00 3.951077989201650098e+00
7.318167140328618814e+00 -4.019095814861220362e+00
7.305787539442427203e+00 -3.310934141492289484e+00
7.314683776881068411e+00 -2.543818838831320761e+00
7.273626981158905380e+00 -1.895041381419307669e+00
7.324514465845524569e+00 -1.181755743327112640e+00
7.363395603076725138e+00 2.630064708367143567e-01
7.369621353741763414e+00 1.014855754419350831e+00
7.356173019528860380e+00 1.721543056884428324e+00
7.344643839799935847e+00 2.470780795492320436e+00
7.341409859527047388e+00 3.182961757243347733e+00
7.334220494622073261e+00 3.928786325911374888e+00
8.085366496939791148e+00 -2.621252754128931883e+00
8.108055884304299354e+00 -1.187797521492679920e+00
8.100852453034796952e+00 -4.704026734490653894e-01
8.085019029963817161e+00 2.726734597803002202e-01
8.070617808954104078e+00 1.004889515642918951e+00
8.089907521605908869e+00 1.716780482359215654e+00
8.078579398448312077e+00 2.456554952324747632e+00
8.093895147607440776e+00 3.191773790749657280e+00
8.115265368838144866e+00 3.898781093989171609e+00
8.862868800819242665e+00 -1.921496678934722979e+00
8.846569277154891608e+00 -1.204369734439708850e+00
8.860213111108173223e+00 -4.965716690922441501e-01
8.826410320533121023e+00 2.367803686295175680e-01
8.811380869305565966e+00 1.017944583031290762e+00
8.829472983084514226e+00 1.719294119148376154e+00
8.853490378900978897e+00 2.419950400783285716e+00
8.850294716159346819e+00 3.145122512612964272e+00
8.888704173536879694e+00 3.844715221923415527e+00
9.744430323018072215e+00 -4.066324462189253808e+00
9.743776714875927780e+00 -3.340458396714975464e+00
9.735725487455120231e+00 -2.611062775273389036e+00
9.689201417367392821e+00 -1.928510622233620353e+00
9.664030436740205232e+00 -1.184614481526626406e+00
9.649861343387186707e+00 -4.784814296661394906e-01
9.582970684582626575e+00 9.914841413628892042e-01
9.578451107245484764e+00 1.673818436482665817e+00
9.598580751364366392e+00 2.425783040391110035e+00
9.608744813436750576e+00 3.164015237336215591e+00
9.663951356193464903e+00 3.846047527475782601e+00
1.050715219568259329e+01 -3.366954707315407802e+00
1.050534261338442832e+01 -2.625017695841023624e+00
1.050873833465865204e+01 -1.927216169059047246e+00
1.043733325073912255e+01 -1.198901440694537968e+00
1.036926131866533041e+01 2.307347182992920409e-01
1.033788957487989535e+01 9.636201531982990787e-01
1.034034150214760928e+01 1.681977697329045895e+00
1.034786511178841550e+01 2.399268332468555087e+00
1.039120624943377180e+01 3.092285290933517672e+00
1.042048666306495619e+01 3.864557213437485927e+00
1.128121591243179012e+01 -3.353381171083388068e+00
1.126506583144675488e+01 -2.628630177943293234e+00
1.129113298549998490e+01 -1.953493586778538571e+00
1.122151201892722128e+01 -1.184644755013813722e+00
1.121409573593178521e+01 -4.678116799668003978e-01
1.115407812952510369e+01 2.361615711322926359e-01
1.109854612753515823e+01 9.561719050506134465e-01
1.108164201280415995e+01 1.692092902479785721e+00
1.110199925864134940e+01 2.414524658612176466e+00
1.115871463905888561e+01 3.104646960240380338e+00
1.116079576037653709e+01 3.829899945036551401e+00
1.215877602379696043e+01 -4.122318044214768662e+00
1.210193104512899254e+01 -3.378759838462070064e+00
1.207181317064005555e+01 -2.672943181766530785e+00
1.201706589844032180e+01 -1.942200744959453829e+00
1.199454002330582369e+01 -1.182059273479133310e+00
1.196841314067325612e+01 -4.573057340084218936e-01
1.199831043151805687e+01 2.623073205620372050e-01
1.193433966561478599e+01 9.351224622742222437e-01
1.203400308988982914e+01 1.666145572595809199e+00
1.196635953143022135e+01 2.443273870816934590e+00
1.194149710053533653e+01 3.128978426032723803e+00
1.198204271965315115e+01 3.849172989540569745e+00
1.297339608446958437e+01 -4.076512389243575285e+00
1.298329319567278617e+01 -3.358803822589646160e+00
1.295021289385788066e+01 -2.611743496685196675e+00
1.288244986047196505e+01 -1.145220889196057357e+00
1.281910763331289616e+01 2.538734606266714877e-01
1.273956961943539312e+01 9.754162954318772449e-01
1.274043388646042274e+01 1.701357845890232312e+00
1.271394626724325150e+01 2.426353426084329357e+00
1.274776300361563841e+01 3.165362345404744815e+00
1.275015667216204207e+01 3.864126156795336442e+00
1.368079815416917455e+01 -3.363962210039982637e+00
1.375269323864799276e+01 -2.621083438914126873e+00
1.369631047881969721e+01 -1.918774675833176957e+00
1.371164964141740228e+01 -1.202459948760829178e+00
1.367299929573427875e+01 -4.639495142383935899e-01
1.363532187769451554e+01 2.640519173435293965e-01
1.359044005722388704e+01 9.924129316729342065e-01
1.350696618306032804e+01 1.707451778699507372e+00
1.347022817880699108e+01 2.477737887827561991e+00
1.348066431218653349e+01 3.169435873694439465e+00
1.354090486713969455e+01 3.870132446333762744e+00
1.454047009757233866e+01 -4.096362014127738149e+00
1.451830899441713285e+01 -3.360211954167194648e+00
1.451610983065258154e+01 -2.630594556918698146e+00
1.449086470248225567e+01 -1.917384459152483345e+00
1.435976411491539295e+01 2.987278215241424562e-01
1.431829268138376676e+01 1.007260797980119804e+00
1.431140077090426388e+01 1.727093575994292252e+00
1.431155986092960575e+01 2.428224056820987187e+00
1.437163735506308626e+01 3.147306729033417128e+00
1.439122965239522500e+01 3.875073958187819301e+00
1.538678760534617140e+01 -4.081104790979225072e+00
1.538907944862250332e+01 -3.396690533402431100e+00
1.531813095145884063e+01 -2.609101839377519383e+00
1.523317711822704723e+01 -1.171589087533291718e+00
1.518977616881054615e+01 3.198168804078669325e-01
1.518183618623829290e+01 9.671879529883504745e-01
1.507905501693254990e+01 1.728444844210919484e+00
1.513210799084667002e+01 3.178542863392479489e+00
1.512421299696144672e+01 3.892508893348974652e+00
1.615756405214289515e+01 -4.104924595343266702e+00
1.615182479821618955e+01 -3.376761516694067211e+00
1.617206998733647083e+01 -2.651476835862911940e+00
1.615676501284192312e+01 -1.940614210962259278e+00
1.604343585435415065e+01 -1.207560271303076860e+00
1.611908839024005147e+01 -4.766794745625553276e-01
1.594388881705326355e+01 3.063792599971009167e-01
1.588574064561031918e+01 1.744603200821167377e+00
1.589336547502210806e+01 2.463293436855792606e+00
1.586260303644832703e+01 3.189160500909089535e+00
1.591553028809565262e+01 3.872822467131165070e+00
1.689324013512986511e+01 -4.118419420029866274e+00
1.689991497614676064e+01 -3.388603776389395250e+00
1.688389026210307975e+01 -2.693779618465718784e+00
1.687936681279683171e+01 -1.942896112110517493e+00
1.683636286953607453e+01 -1.221940704533476918e+00
1.681491971988243961e+01 -5.023587738482930831e-01
1.680036666234162368e+01 2.474580096036049781e-01
1.671162496556571853e+01 1.777274420820916134e+00
1.668985369813230335e+01 2.461504426072220753e+00
1.665636305636525805e+01 3.139024857323555295e+00
1.667763389425182652e+01 3.898906769224339541e+00
1.764738632381953920e+01 -4.098448747355821098e+00
1.761962046576099539e+01 -3.388773110533286115e+00
1.759839704089590384e+01 -2.677410471143190307e+00
1.758438229769341632e+01 -1.913835079132915951e+00
1.757485682001336613e+01 -1.211827324237276571e+00
1.754139006549284829e+01 -4.877128375795578563e-01
1.753899406360120139e+01 3.129736868269965555e-01
1.747743796821841045e+01 9.985706496917075015e-01
1.746464712756470306e+01 1.671217114765045864e+00
1.746190840335723493e+01 2.495962796969234176e+00
1.745681270000054752e+01 3.192360102352786555e+00
1.748659559931792984e+01 3.933039544651101949e+00
1.836055970430001594e+01 -4.072062956915740273e+00
1.835197092285718412e+01 -3.382411469532797810e+00
1.832219454809703052e+01 -2.631584560436948550e+00
1.829938807740843032e+01 -1.922831921190834237e+00
1.825927270920876566e+01 -1.204724982612209061e+00
1.828352756652395783e+01 -4.587176824821916910e-01
1.823936995205712464e+01 2.672231056317144748e-01
1.823964537547693965e+01 1.032291425875342838e+00
1.821545279022429753e+01 1.753007409309706333e+00
1.821421872154460431e+01 2.494518952304730419e+00
1.818352805041181597e+01 3.231345117574768722e+00
1.818765906320901848e+01 3.942942604477259749e+00
1.907600981720752742e+01 -4.104638412277484605e+00
1.906531389818271549e+01 -3.365339328804012098e+00
1.903169732868136066e+01 -2.628084195863209516e+00
1.903176709445207848e+01 -1.917911503841164489e+00
1.901155105602647666e+01 -1.169545519940914602e+00
1.901446826010528213e+01 -4.448747620674211589e-01
1.897574684615758400e+01 3.034616769342299847e-01
1.899534533752015619e+01 1.014600079264688759e+00
1.893644592174741348e+01 1.757901743618607071e+00
1.894489321432980233e+01 2.485433939021444161e+00
1.891656734662810635e+01 3.238621902328546298e+00
1.895599693494465754e+01 3.994064315592638081e+00
1.989427121788035180e+01 -4.030525697358086745e+00
1.979061709215682896e+01 -3.325641566852866049e+00
1.978739712219810798e+01 -2.597417256471221236e+00
1.976577487122123244e+01 -1.891527786692019930e+00
1.973081340177470366e+01 -1.160279904804415452e+00
1.972031243745011153e+01 -4.375908939061581293e-01
1.972728774548480857e+01 2.969724971135896396e-01
1.971073973967575199e+01 1.016666134323443771e+00
1.969551006234784296e+01 1.761427572894287863e+00
1.970344844207799895e+01 2.493741665299936017e+00
1.968516677741085630e+01 3.218981237422376296e+00
1.974649439902260184e+01 3.962923669423780382e+00
2.064640477090799919e+01 -4.076164197307495130e+00
2.063268077214342355e+01 -3.330558723639292396e+00
2.059963793030581058e+01 -2.589044348598878997e+00
2.055331018746299776e+01 -1.840531546298223020e+00
2.053860963974192089e+01 -1.118886602005247255e+00
2.049653612998855579e+01 3.089156837251003651e-01
2.062944234429684087e+01 1.020693466598707744e+00
2.054404652252478769e+01 1.765895665737691189e+00
2.050229709020416635e+01 2.519860063849563403e+00
2.052488931098183400e+01 3.248837283356657224e+00
2.054582262394990977e+01 3.873854282936669335e+00
2.137851015205513505e+01 -4.079193585265514344e+00
2.135557321674375686e+01 -3.333727411975086596e+00
2.133150711099921892e+01 -2.582620314377834347e+00
2.136171716957320399e+01 -1.875326632517456460e+00
2.140110414174692721e+01 -1.150632986629979371e+00
2.135420442594332968e+01 -4.172404816058339350e-01
2.133922628391515275e+01 3.099731579965343542e-01
2.138766697019305241e+01 1.047546304927031713e+00
2.131729131949343525e+01 1.766641315762299769e+00
2.133642743648906048e+01 2.520559172933996450e+00
2.136153812037152733e+01 3.201016562286490341e+00
2.138086861779395065e+01 3.937416678600385467e+00
2.245754623626988433e+01 -3.968887945873309064e+00
2.237924039904977747e+01 -3.336622029325482686e+00
2.239862086253950935e+01 -2.534089270194339605e+00
2.245263297163825911e+01 -1.824923501622304656e+00
2.234217124468111848e+01 -3.361947779133167558e-01
2.221365761362650204e+01 3.333590043423946270e-01
2.222762401500823159e+01 1.066832612568287431e+00
2.215051721675862240e+01 1.786486577097370798e+00
2.215614681620030524e+01 2.499368640668659935e+00
2.215734029396238469e+01 3.203499206335905569e+00
2.214044497318499083e+01 3.969240939693392534e+00
2.315163085213794858e+01 -4.061129111561626814e+00
2.315373717208537840e+01 -3.322754490176873077e+00
2.314169679700278692e+01 -2.600536154947953094e+00
2.315438525682906601e+01 -1.859291017209944386e+00
2.313332379273060724e+01 -1.130257349860734450e+00
2.311095138460720477e+01 -4.018577386726533973e-01
2.309799606169001152e+01 3.225354361496499678e-01
2.300749394782975799e+01 1.063869746234100688e+00
2.302310537055537765e+01 2.546401803687444954e+00
2.297082776823074823e+01 3.226670301184036305e+00
2.293396311031272461e+01 3.930266496374251517e+00
2.389021947054524730e+01 -4.044730791376270673e+00
2.387973423149406926e+01 -3.326036255906238637e+00
2.389478136096511207e+01 -2.597658662170026389e+00
2.388540757493149158e+01 -1.857942506138890337e+00
2.388619550008780834e+01 -1.135753666123701322e+00
2.385726359443865618e+01 -4.198560133737245792e-01
2.383155712574446028e+01 3.063128184840238077e-01
2.381906488091076568e+01 1.059167812618550641e+00
2.381071877770447998e+01 1.779940359092336166e+00
2.380293214473367414e+01 2.501027550664872479e+00
2.374603490098780156e+01 3.244303163819971303e+00
2.377512596738687733e+01 3.932385101757311929e+00
2.461780643880193509e+01 -4.044198075157371619e+00
2.461734634796700760e+01 -3.323977803402449638e+00
2.461124263422431824e+01 -2.592114102043684198e+00
2.462450049933459439e+01 -1.871839940362736598e+00
2.460827017814877138e+01 -1.125290343241832858e+00
2.458871561690541796e+01 -3.947393188377823492e-01
2.463495976965467804e+01 2.938607121762863983e-01
2.458765714595681828e+01 1.057483360504292591e+00
2.453421223518323302e+01 1.771291393996744290e+00
2.456125548528343217e+01 2.513926117035392593e+00
2.451947005770830401e+01 3.241634078387676254e+00
2.458654622470714912e+01 3.935291942359057771e+00
2.539098192713058921e+01 -4.037655634265771454e+00
2.536261097109944274e+01 -2.606958350492536880e+00
2.531440300311036395e+01 -1.906175285804945219e+00
2.535866073450523572e+01 -1.147854529750464536e+00
2.534185938718681541e+01 -4.262763146043830886e-01
2.534434756933168131e+01 2.981881922529190376e-01
2.534397198226131565e+01 1.024302820299404004e+00
2.534924612087369411e+01 1.769701865237710336e+00
2.531989721838043295e+01 2.485423005397805696e+00
2.530997635928900991e+01 3.226130667572036259e+00
2.532439321724434222e+01 3.945509092329338330e+00
2.611373243105450825e+01 -4.040013507864490094e+00
2.596218828635861797e+01 -3.334817748824224992e+00
2.612820477099505467e+01 -2.603775277068844929e+00
2.608587304148614550e+01 -1.869309016186281980e+00
2.608941295147779726e+01 -1.155543382809739228e+00
2.608501039625406293e+01 -4.256221985996724300e-01
2.607627668834252432e+01 3.004825757151472487e-01
2.607299496318384513e+01 1.022144616304590414e+00
2.607185443368530997e+01 1.752240120260179168e+00
2.608936343802542268e+01 2.471356786219896406e+00
2.608645358731850195e+01 3.217899069169170900e+00
2.610036814453207654e+01 3.940246162444886124e+00
2.683420149787392006e+01 -4.039247865394326453e+00
2.684571605676943307e+01 -3.336450321482335113e+00
2.682775705183582460e+01 -2.608712464864993308e+00
2.682816370830906294e+01 -1.877491379169430985e+00
2.682758586311161508e+01 -1.155534278674060999e+00
2.682263123535985017e+01 -4.008658865812719796e-01
2.683193750497584062e+01 3.011250602764263817e-01
2.680154272675649452e+01 1.031311476154368023e+00
2.684111654575066552e+01 1.778844458867698819e+00
2.687008245552051022e+01 2.517495021851644310e+00
2.684330000443256381e+01 3.216552352642089829e+00
2.685609278195171612e+01 3.943150395508240535e+00
2.762361489656503721e+01 -4.062973292661606450e+00
2.757540062520966728e+01 -3.370126373328616864e+00
2.761572767541602502e+01 -2.614096516714180751e+00
2.758475777476787272e+01 -1.886428437616046949e+00
2.759541537389677757e+01 -1.163560920801373300e+00
2.756191194813965950e+01 -4.699404112880252171e-01
2.758183878121972299e+01 3.075919762833585480e-01
2.757642406115713385e+01 9.831715863158123625e-01
2.757145599443965978e+01 1.773745577256882200e+00
2.758279019395858711e+01 2.473236518525833816e+00
2.760677168933499814e+01 3.203892708655544652e+00
2.760269012180960857e+01 3.928497759519359533e+00
2.836860970698378281e+01 -4.094241952971447773e+00
2.834425831953073072e+01 -3.339895579711850360e+00
2.834450839912283726e+01 -2.613843088209389265e+00
2.836233282386668719e+01 -1.904898576304724145e+00
2.834722487993399653e+01 -1.155647102637164636e+00
2.835758740009425338e+01 -4.416431404875531541e-01
2.836302261502603272e+01 2.738034756186458196e-01
2.836473226110624779e+01 9.891180936057182294e-01
2.835887913976316810e+01 1.728036131643492013e+00
2.831742563268223734e+01 2.474981380718290325e+00
2.833811851796975390e+01 3.205759704787517705e+00
2.837039414575982477e+01 3.925611579316658606e+00
2.917944580810844712e+01 -4.054141280724433472e+00
2.911721042510017554e+01 -3.359403271278598169e+00
2.912301653351172348e+01 -2.592507498492324203e+00
2.910119087362452461e+01 -1.909335775691612724e+00
2.909635973142152210e+01 -1.188591643931150799e+00
2.907122735559025983e+01 -4.542852714040357398e-01
2.907863679616610142e+01 2.663131986853635169e-01
2.909758982045511999e+01 9.918257399622660841e-01
2.911173069625220222e+01 1.700845986804296217e+00
2.912771520382941759e+01 2.440670568661616358e+00
2.914216583225120161e+01 3.150709890306217176e+00
2.913569169403852044e+01 3.893781093741012000e+00
2.989652906307039615e+01 -4.075043315055751236e+00
2.990647491560448401e+01 -3.381185899116463389e+00
2.990339647775119403e+01 -2.650682050916206123e+00
2.989188293289469556e+01 -1.919338582535861093e+00
2.988681918476552113e+01 -1.193842905494008733e+00
2.985526893311612895e+01 -4.615348342273861704e-01
2.987629051806603542e+01 2.568209101542002770e-01
2.983984735253091714e+01 9.926950802189828948e-01
2.985651335749016511e+01 1.711411998353639774e+00
2.987294371533479165e+01 2.421808033831975848e+00
2.987828863505225030e+01 3.138198172986896850e+00
2.988755770188155481e+01 3.874116140497690708e+00
3.067924839491929134e+01 -4.086362987767795829e+00
3.063334295595839052e+01 -1.913093723248454836e+00
3.063018596878853117e+01 -1.213808135119176512e+00
3.064030122976868853e+01 -4.555313537316223460e-01
3.064576877613797734e+01 2.389141066340840780e-01
3.061368869167302620e+01 9.579794770134455462e-01
3.062691400921516305e+01 1.697931196869728154e+00
3.062890702241515584e+01 2.419227026945989678e+00
3.062176239468340810e+01 3.131328525982517874e+00
3.061797942104828252e+01 3.857783705411534925e+00
3.144811690194982390e+01 -4.103272667179794553e+00
3.141645518952882554e+01 -3.351307554455289051e+00
3.141277993027059523e+01 -2.637641612052295415e+00
3.142743776979600767e+01 -1.926765702510287781e+00
3.139740963001448648e+01 -1.202822483154413646e+00
3.137599422247894410e+01 -5.018479609304904443e-01
3.139249135283923664e+01 2.387640180897072639e-01
3.140557821750612533e+01 9.542548122972327462e-01
3.141232083268116781e+01 1.693190727418969033e+00
3.140488385773885938e+01 2.426190184100068592e+00
3.137078481935221674e+01 3.165122923489093409e+00
3.138811773599170607e+01 3.883369190930707759e+00
3.224017210524458932e+01 -4.078094336471973946e+00
3.219135168727286356e+01 -3.379511261144184431e+00
3.212806743647781360e+01 -2.631718324255327701e+00
3.215997465626774243e+01 -1.943487090140802565e+00
3.213002369636290467e+01 -1.174133581418860928e+00
3.214337055426317846e+01 2.280964134941747545e-01
3.213988443330040212e+01 9.495806527307806277e-01
3.211873345268021041e+01 1.693283301595926105e+00
3.213551135819515281e+01 2.426025777061109778e+00
3.213574605788438276e+01 3.151628593975587478e+00
3.220356782266434692e+01 3.867319527167815352e+00
3.292709266910160437e+01 -4.084731535761861210e+00
3.292517825964630873e+01 -3.377384920413785352e+00
3.293161534978546712e+01 -2.631336308208688024e+00
3.290711502579245717e+01 -1.918301008026094934e+00
3.290403776590260776e+01 -1.202082893219245108e+00
3.288943571540195165e+01 2.323452716306171340e-01
3.286820034959207959e+01 9.587957953068553252e-01
3.292217742886187892e+01 1.675239805990702990e+00
3.291608918557678720e+01 2.401634771536127033e+00
3.291168324402512013e+01 3.154560692286985102e+00
3.291588379107806617e+01 3.870234269687983897e+00
3.370628605137795120e+01 -4.079336747813375297e+00
3.368481933198865619e+01 -3.360109733200289384e+00
3.370567563286302715e+01 -2.644324319642663568e+00
3.365692699519261311e+01 -1.918237292733397936e+00
3.364489049190786574e+01 -1.175090121443723490e+00
3.368758070879112410e+01 -4.858880245778642859e-01
3.364809080413017028e+01 2.278139597555721707e-01
3.364438741507955655e+01 9.611596229899461719e-01
3.364813817049391531e+01 1.687973375451925051e+00
3.362802303665174719e+01 2.437029640516730211e+00
3.366372182758610876e+01 3.159812401490519562e+00
3.364047972552049970e+01 3.899026101359780228e+00
3.444573691584600539e+01 -4.059446502585938532e+00
3.442878672229992532e+01 -3.336308949060359907e+00
3.442012696498775171e+01 -2.622224574979586720e+00
3.440549283705224326e+01 -1.922727823367672784e+00
3.441250037653636440e+01 -1.204969639761344524e+00
3.439911598520594538e+01 -4.881886689568943893e-01
3.438099713001414415e+01 2.422082095137447766e-01
3.438630088511003891e+01 9.784828138023158317e-01
3.439850794576990012e+01 1.721638067360448332e+00
3.441016601105739170e+01 2.436118261642850058e+00
3.441813133621982246e+01 3.166003588525143186e+00
3.439615034838838170e+01 3.889742143326287760e+00
3.517508409385413159e+01 -4.074886263725002067e+00
3.510766511128489498e+01 -3.374701602161831460e+00
3.516082949520441758e+01 -2.634798082703948552e+00
3.515197193726124425e+01 -1.914860707113231086e+00
3.515038955646875962e+01 -1.220580665934726028e+00
3.514933841379231438e+01 -4.850323758521781770e-01
3.514617385445918529e+01 2.633101413172376226e-01
3.512459348788956248e+01 9.584205339328413231e-01
3.511155032920117236e+01 1.727506442948254062e+00
3.511696209470323282e+01 2.420767149383149075e+00
3.514146239087028079e+01 3.183451906864014802e+00
3.512519587915041797e+01 3.906649158720590265e+00
3.592423354837519156e+01 -4.056036720324740941e+00
3.591482722814057382e+01 -3.340526247711551378e+00
3.591303503138890818e+01 -2.623227349912617967e+00
3.589535732518879030e+01 -1.912506898478426365e+00
3.588514668889614967e+01 -1.188281961344106463e+00
3.587327311198696833e+01 -4.571297710024353478e-01
3.589018091077723938e+01 2.887182381726134395e-01
3.590421779038329220e+01 1.041521545172326313e+00
3.590310237942058080e+01 2.440134364561014735e+00
3.588787239940926810e+01 3.195072696197186701e+00
3.591273825977298628e+01 3.951500927149680820e+00
3.665279482627753538e+01 -4.090528993567993155e+00
3.665024259856865996e+01 -3.340430879981525436e+00
3.664781798728198936e+01 -2.659131493805634960e+00
3.662953770020511257e+01 -1.896802237693758997e+00
3.662184364518535773e+01 -1.172315002250677196e+00
3.661302309585999382e+01 -4.464056237498894575e-01
3.664433789042590917e+01 2.848430407531203912e-01
3.662810047429166360e+01 9.976940806012848384e-01
3.662050579836046182e+01 1.776040938027005467e+00
3.661897956949258770e+01 2.474678843471810552e+00
3.667205434573200051e+01 3.229597512793645819e+00
3.669590331132061323e+01 3.922535389056143629e+00
3.743588216788206324e+01 -4.054410854233136519e+00
3.739019556989833148e+01 -3.328898862612241771e+00
3.738697012602677461e+01 -2.603402935079298430e+00
3.735174602058025783e+01 -1.152111183296703700e+00
3.734205325164825950e+01 -4.322443689562440738e-01
3.733856997021479884e+01 3.511411726227500196e-01
3.736112007500955912e+01 1.052268161342976072e+00
3.741355195286688939e+01 1.736939634128049192e+00
3.743091416396924132e+01 2.476775875105357017e+00
3.739418871290117607e+01 3.204273365894074743e+00
3.741172128354072157e+01 3.926146951818040520e+00
3.817622717025880519e+01 -4.022797829271638648e+00
3.815638321681522172e+01 -3.303607765112776207e+00
3.814170657088492788e+01 -2.592849749914439172e+00
3.813225566385415988e+01 -1.870488808395890601e+00
3.813616393962390561e+01 -1.135247113554633813e+00
3.811073768499640124e+01 -4.085799946259420778e-01
3.817653817190882393e+01 3.532925836951434917e-01
3.817982504812547262e+01 1.060627188284634315e+00
3.819559925313615878e+01 1.747476936649704271e+00
3.821516886053284878e+01 2.504732130743075658e+00
3.899079813066050093e+01 -3.975910360271861066e+00
3.898798382221959713e+01 -3.258656001268718683e+00
3.893979659072785893e+01 -2.567563507162827108e+00
3.902810985747492367e+01 -1.804206684447599685e+00
3.902164122902532739e+01 -1.116294971936618197e+00
3.896832707743180180e+01 -3.317569490076941463e-01
3.902405943217502937e+01 2.607315382958098837e+00
3.899200179437385572e+01 3.196962037163189052e+00
3.979135405952829529e+01 -3.290423567255174930e+00
3.968127864573897767e+01 -2.941199412697599769e+00
3.976641453025690254e+01 -1.809325653301613102e+00
3.998041556498213112e+01 1.116902089015209043e+00
3.999599889569500277e+01 1.875038394895227611e+00
4.000299661360053705e+01 2.629992671644941993e+00
4.000327420082447105e+01 3.324620297134515567e+00
3.999812993410549922e+01 4.019208064797261670e+00
4.073392342475285233e+01 -3.978810187722725544e+00
4.072366585476964218e+01 -3.245525139574425566e+00
4.071381369306796927e+01 -2.484399951698520681e+00
4.071568852760581336e+01 -1.775751681459894371e+00
4.072713109568724832e+01 -1.060010889567823966e+00
4.073123739394022635e+01 -3.378075144594774315e-01
4.074048218082733541e+01 1.124697446480460883e+00
4.073289160596684866e+01 1.853095675430374456e+00
4.072627026359021585e+01 2.511458514760128935e+00
4.070585999347412809e+01 3.333652320496078403e+00
4.072062299948957076e+01 3.978810187722721992e+00
