-1.703919097580538278e+00 -4.078268776396562600e+00
-1.684179890810000302e+00 -2.649948184717789701e+00
-1.698383912732204237e+00 -1.899865728731686687e+00
-1.693028422043809655e+00 -1.168900130799599424e+00
-1.713328231029791482e+00 -4.357713879166453808e-01
-1.699922377177564670e+00 3.508522467619279439e-01
-1.697986618688709370e+00 1.047204620830690658e+00
-1.698057238558796200e+00 1.762002196818457378e+00
-1.693458605501390934e+00 2.462408377093719736e+00
-1.700535937733057779e+00 3.205060201095939476e+00
-1.688346652918589541e+00 3.956412615879045802e+00
-8.914130012975505224e-01 -4.047791875968826503e+00
-8.860878361473822906e-01 -3.341426803164786463e+00
-9.080857527874144353e-01 -2.603152761710134655e+00
-9.426744003352567347e-01 -1.879814707118629968e+00
-9.305960070132996975e-01 -1.151435351373741867e+00
-9.135141338996888294e-01 -4.408876305040934085e-01
-9.395714457113442108e-01 1.012746873854680985e+00
-9.533324355632757374e-01 1.764868027261314865e+00
-9.528777481751902201e-01 2.471041298111558149e+00
-9.709170472661767803e-01 3.254282465056597573e+00
-1.815591191573417973e-01 -3.320819663335463190e+00
-2.322740732619408277e-01 -2.609366215563102998e+00
-1.834497629358153858e-01 -1.876951606894039060e+00
-1.965422794682112340e-01 -1.136948275048553114e+00
-1.931759295788992858e-01 -4.234664357330863993e-01
-1.999475244915842609e-01 1.050963491954298945e+00
-1.912486321145152601e-01 1.762498887591245733e+00
-2.245184880090391744e-01 2.513633717082022656e+00
-2.055061472764663222e-01 3.245943883119757345e+00
-2.219679166589045849e-01 3.974361973651880930e+00
5.365734894939677702e-01 -4.042268486536862326e+00
5.481139636468128629e-01 -3.325958283959256079e+00
5.610468683700844394e-01 -2.584365055815712964e+00
5.433856052825305483e-01 -1.855978739990966631e+00
5.184801536555596613e-01 -1.153105144448865360e+00
5.394041988418933897e-01 -4.260470337730843937e-01
5.336976597956066826e-01 1.027676589639312965e+00
5.272878827559921433e-01 1.788768598815671851e+00
5.276660067548419875e-01 2.519622248900446948e+00
5.423266719271282454e-01 3.252057264774990131e+00
5.472500730559062276e-01 3.962605425118553626e+00
1.275422167316293098e+00 -4.029287139963820152e+00
1.251115889339047271e+00 -3.311823026193248865e+00
1.275249611546605877e+00 -2.602099667931657478e+00
1.283835964761898651e+00 -1.863034673360370874e+00
1.295262345627172351e+00 -1.136650854824711843e+00
1.283489899772504828e+00 -3.903969163925573582e-01
1.285723400071297817e+00 3.404015032598550761e-01
1.275174073075504566e+00 1.753611717907539003e+00
1.278727731564060832e+00 2.543974466266320178e+00
1.219278505677131363e+00 3.267301738014893431e+00
1.272827218774928326e+00 3.986159501421653317e+00
2.020043835034336155e+00 -4.018259173987530630e+00
1.997141886087895557e+00 -3.341851702231252830e+00
1.970198107025211698e+00 -2.607167448547091482e+00
1.999266815331928626e+00 -1.867726604793638501e+00
2.012133872861156192e+00 -1.144570384603319724e+00
1.994201495944459168e+00 -3.986573119471152893e-01
1.963979614031245546e+00 2.928231865748394114e-01
1.990658410220412122e+00 1.044052642606686732e+00
1.999565901399272150e+00 1.780837736701286644e+00
2.032837275176909486e+00 2.544459476770331463e+00
1.970454942207226168e+00 3.206887392006557036e+00
2.002751870247529098e+00 3.971870681513259171e+00
2.753633566655075526e+00 -4.030454223492210275e+00
2.787735175438143642e+00 -3.267057902580912554e+00
2.733747670926284457e+00 -2.571062472709879643e+00
2.732449948935304462e+00 -1.883320681413866993e+00
2.731680635111381150e+00 -1.140948148868922374e+00
2.738942486219677619e+00 -4.405678171281373068e-01
2.724106155275556773e+00 2.896070698678059330e-01
2.760345823569096524e+00 1.036806363924934971e+00
2.762660849989082124e+00 1.764919188494392444e+00
2.748938316545824989e+00 2.538097131220030889e+00
2.753298649428955969e+00 3.225891817305836184e+00
2.743228425863954101e+00 3.939197466440653272e+00
3.445917431204740922e+00 -4.007749430623100295e+00
3.460628128410796478e+00 -3.292624414255055143e+00
3.469940674839129713e+00 -2.569175993314047446e+00
3.562268499884410744e+00 -1.864099227819455251e+00
3.444219511816001500e+00 -1.161861534664335949e+00
3.472747682217402598e+00 -4.163474891878742312e-01
3.416662962073182541e+00 3.536637303820562295e-01
3.484932751076684099e+00 1.017530094890023662e+00
3.496463712492641207e+00 1.753326662890042797e+00
3.514414948471483058e+00 2.503402801961261304e+00
3.526812487202001023e+00 3.224396578494655330e+00
4.205478164585670697e+00 -4.016742524164982342e+00
4.202391219584967530e+00 -3.289922485750384595e+00
4.208332059732661889e+00 -2.566145466157074395e+00
4.190833016053666427e+00 -1.135333477761843568e+00
4.192273780172421027e+00 -4.232408230412048056e-01
4.213223833040473210e+00 3.223685777259497343e-01
4.240278369385379165e+00 1.027589459148781970e+00
4.273781658248658744e+00 1.772440977724862421e+00
4.247383696990652879e+00 2.479233729845006451e+00
4.279775908786724870e+00 3.200654388503842540e+00
4.301233547171271709e+00 3.887723371281126106e+00
4.929107406191576501e+00 -4.009213309498253608e+00
4.943497156518645852e+00 -3.289731376394303908e+00
4.949465464696345407e+00 -2.565659123076404313e+00
4.958369172494990096e+00 -1.830797330609662765e+00
4.931723327024897685e+00 -1.137015081536173255e+00
4.932232188838327147e+00 -3.883357872755794915e-01
4.954871767981416042e+00 3.156857712014264905e-01
4.948273427522131840e+00 1.051304810290620395e+00
5.000275205582610738e+00 1.759409180037629028e+00
5.015948833352332770e+00 2.496622568087165206e+00
4.999929232698754333e+00 3.203703201191160588e+00
4.987542410622602063e+00 3.951404229183346217e+00
5.680827191248994268e+00 -4.025709651865788885e+00
5.659023503262197607e+00 -3.299191044198416023e+00
5.675541553858991506e+00 -2.568692356176875080e+00
5.674179171764635043e+00 -1.815969731414359245e+00
5.662697594058201389e+00 -1.103083142377432324e+00
5.720488807107997786e+00 -4.023102059804521957e-01
5.697198473676699848e+00 3.302687629978819928e-01
5.712482705131748162e+00 1.026547218040505527e+00
5.717996518116258642e+00 1.761755177979754450e+00
5.737969547455357144e+00 2.522774974149200489e+00
5.754433000096049966e+00 3.220807708102199740e+00
5.766097971091092234e+00 3.930667466385365572e+00
6.428977495937452602e+00 -4.020014521944311525e+00
6.407834058548843359e+00 -3.327749697587421451e+00
6.418442318579465677e+00 -2.563088056414194682e+00
6.418202613014507563e+00 -1.844601238419606659e+00
6.471061259340665117e+00 -4.014638349984167576e-01
6.471579033095103739e+00 3.268905707118356929e-01
6.429668617886299842e+00 1.034646723056436457e+00
6.487301651010014325e+00 1.754431014684239898e+00
6.497541409771528720e+00 3.195226865426455731e+00
6.515198925647560202e+00 3.924704995771058691e+00
7.146808926405263662e+00 -4.022281834009010737e+00
7.094015925115265020e+00 -3.310238859665645350e+00
7.158158568185520210e+00 -1.857044367903910143e+00
7.209015424200217126e+00 -1.147170916309320887e+00
7.251556871167551321e+00 -4.053264836470304999e-01
7.259169217500314630e+00 3.156027536666137223e-01
7.227456874099971174e+00 1.035778294106407316e+00
7.228487242324945328e+00 1.751293700055018832e+00
7.241015386167632073e+00 2.489193536963348663e+00
7.245581818073802083e+00 3.220599078277210481e+00
7.230813250079471288e+00 3.960391898219263851e+00
7.957550830683722154e+00 -4.020924707202972570e+00
7.942095208420894892e+00 -3.307298374358126125e+00
7.956314342871095846e+00 -2.538378145934991892e+00
7.914361038713920493e+00 -1.892549637372084703e+00
7.956107184443617086e+00 -1.174293545676054151e+00
7.992836622708466621e+00 2.779154368800611508e-01
7.998308181510140003e+00 1.025134930858740745e+00
7.990905079125077748e+00 1.735073347458474302e+00
7.971405651517855517e+00 2.484234582607960817e+00
7.966742222879751978e+00 3.199039149994270304e+00
7.958950558417257071e+00 3.938948171482167027e+00
8.715549943035561853e+00 -2.612657350928454747e+00
8.731858255938412583e+00 -1.164050733434617513e+00
8.723722160543161408e+00 -4.607629179006806908e-01
8.718122832437288139e+00 2.839596825977963590e-01
8.699089068916912026e+00 1.020449242906831699e+00
8.713907704159005618e+00 1.731516479417400944e+00
8.704526751091314907e+00 2.475917689776071740e+00
8.717705077948451731e+00 3.200897577382370685e+00
8.734239946889765349e+00 3.915940040300249336e+00
9.487291549595070705e+00 -1.909046077792169172e+00
9.468508563103490872e+00 -1.183398157301834175e+00
9.480105571663784758e+00 -4.796952523957536130e-01
9.442117957811625217e+00 2.558596391834804251e-01
9.425139482661371915e+00 1.039113880327445116e+00
9.453583756385292247e+00 1.732105078805798115e+00
9.467342333779448893e+00 2.438553878577160106e+00
9.457651230803641340e+00 3.163201843794404056e+00
9.486954467501426791e+00 3.869673545127454872e+00
1.035142674178900535e+01 -4.060132982569797377e+00
1.034786244203607453e+01 -3.335420200255349243e+00
1.034198763640213770e+01 -2.605516206506816701e+00
1.030207280704127015e+01 -1.913062374225148687e+00
1.027775188903116543e+01 -1.168596413074020290e+00
1.025915610781288478e+01 -4.610088685085855786e-01
1.019982332353002619e+01 1.012734081542173925e+00
1.020267381904896808e+01 1.704775330717300363e+00
1.021766293683647575e+01 2.445640721075609036e+00
1.022283292706494962e+01 3.185755425129741525e+00
1.026306477341213252e+01 3.872481589750130127e+00
1.110012669089971382e+01 -3.349744540085922040e+00
1.110115137653765771e+01 -2.611723248241947459e+00
1.110019908185628879e+01 -1.908981271365394861e+00
1.104397462748667635e+01 -1.179421308793806134e+00
1.098202285355394991e+01 2.604671646806231422e-01
1.095013026273569068e+01 9.880349126023801887e-01
1.094788833967382402e+01 1.708128146540357051e+00
1.095802624524213087e+01 2.430292357304313811e+00
1.098461144851680871e+01 3.119401288017797924e+00
1.100623781969632375e+01 3.891293623652401834e+00
1.186273327419164048e+01 -3.334324630735117978e+00
1.184913569344189455e+01 -2.608609247964128741e+00
1.187595898793686899e+01 -1.928488067444924070e+00
1.181167262933482931e+01 -1.163319027374946302e+00
1.179953439027873685e+01 -4.446035333538489454e-01
1.175169971236667266e+01 2.565676957500784283e-01
1.170658696023589584e+01 9.887012805083621458e-01
1.169024264377536326e+01 1.721974932955077975e+00
1.170163607143294371e+01 2.449638791955599970e+00
1.175010647831831534e+01 3.138052818069461125e+00
1.174396254747060908e+01 3.862104780400663628e+00
1.269476183231034838e+01 -4.112968795953403145e+00
1.265024376394601546e+01 -3.354815025169472165e+00
1.263159751166364231e+01 -2.634188985558658658e+00
1.259525113503707416e+01 -1.911234082095912612e+00
1.257360505435210740e+01 -1.159469660477650876e+00
1.255198811972032757e+01 -4.312562084975475329e-01
1.258191814104237949e+01 2.950459034720402940e-01
1.252371887198151512e+01 9.732103732790058359e-01
1.259733722382172516e+01 1.700671994237406892e+00
1.253981786725437075e+01 2.477452067427467597e+00
1.252644991154574683e+01 3.156189983276107114e+00
1.254538186945313782e+01 3.892758225162374686e+00
1.347603513411229414e+01 -4.058050360824147162e+00
1.348729344586567436e+01 -3.337908236651937699e+00
1.346554814671548428e+01 -2.589973765569531849e+00
1.334411128981092531e+01 -1.129427029364141077e+00
1.336329770932410810e+01 2.989490427945149520e-01
1.330793672849652864e+01 1.004074552615751514e+00
1.331461096003914690e+01 1.730491470108415086e+00
1.328931480491100814e+01 2.461507956861272106e+00
1.331323957254881662e+01 3.200838753003374393e+00
1.331539566300595112e+01 3.901779279389408828e+00
1.418862707697208947e+01 -3.342431274375520900e+00
1.424047995014504409e+01 -2.603728862528345900e+00
1.419577919322912152e+01 -1.889349687448707016e+00
1.421129403304552596e+01 -1.169051797358008571e+00
1.418746976781634572e+01 -4.302245362657082239e-01
1.414976883026947974e+01 2.722082335335791470e-01
1.413636957552869688e+01 1.021868809667441980e+00
1.406418452734286717e+01 1.737189133816649189e+00
1.403849066320295691e+01 2.505906198552697361e+00
1.405169467723565191e+01 3.211348311279550671e+00
1.409093467297107338e+01 3.903612189636412211e+00
1.500251778558790505e+01 -4.070176220706198222e+00
1.498295239135703838e+01 -3.333230937546495909e+00
1.499244573252895663e+01 -2.606899867031248874e+00
1.496229985250820960e+01 -1.890999738465978908e+00
1.488316187827062720e+01 3.381609016258693146e-01
1.485218627605615893e+01 1.029292650439703749e+00
1.485916585209249519e+01 1.754036676392150440e+00
1.485110718349793757e+01 2.474204837579002003e+00
1.489972250726023617e+01 3.196481743060608949e+00
1.490517566410542116e+01 3.915671040983177420e+00
1.582468827032009528e+01 -4.063623172099976699e+00
1.581429535164981814e+01 -3.362320856496733512e+00
1.577336943659486934e+01 -2.589494501811056892e+00
1.570852135609674605e+01 -1.146967178346407934e+00
1.568192643887833526e+01 3.432256155802875242e-01
1.567177572780110495e+01 1.005981544887969648e+00
1.561204142456608679e+01 1.757978795503568392e+00
1.563486429681580603e+01 3.198725593564702763e+00
1.563407286983662914e+01 3.932530335260871368e+00
1.657375451397338395e+01 -4.077766715505013906e+00
1.656614274081890414e+01 -3.354903771579763827e+00
1.658793525897359444e+01 -2.618279496637587300e+00
1.657031078008150615e+01 -1.911234139778233754e+00
1.648432377335088717e+01 -1.166760933871252348e+00
1.654707758032502340e+01 -4.451696589585019126e-01
1.643107383710875524e+01 3.280248035840358511e-01
1.638272523762897492e+01 1.760495273475530809e+00
1.639887287951300721e+01 2.487439966499348287e+00
1.637283693652728545e+01 3.229384281267627443e+00
1.641535092349686664e+01 3.915636559193814037e+00
1.730420244309924982e+01 -4.086505481741436796e+00
1.731329012769919728e+01 -3.358566652818200993e+00
1.730189434386480229e+01 -2.662734027065354780e+00
1.730421059293679065e+01 -1.910085563329193548e+00
1.726506667235879888e+01 -1.197291766896945830e+00
1.725217266923779391e+01 -4.611490494244350202e-01
1.724140482721805512e+01 2.796332042044049615e-01
1.718986733314656590e+01 1.782788181408601957e+00
1.717435380054066485e+01 2.490101469040315152e+00
1.714772637911578101e+01 3.189407180227505023e+00
1.716615007396798376e+01 3.934570691205529158e+00
1.804880397705206718e+01 -4.073193305765251182e+00
1.803119211453559245e+01 -3.350566347094240172e+00
1.801491416571985127e+01 -2.640380949473737360e+00
1.800665432855797832e+01 -1.875307929414848473e+00
1.800746540297092935e+01 -1.176745675282887760e+00
1.798114473175582617e+01 -4.577591849355115983e-01
1.798597205498106888e+01 3.451635537664792253e-01
1.792626316040034595e+01 1.029158340245917458e+00
1.790818400476349836e+01 1.692501500059336195e+00
1.793332700901356702e+01 2.517927989955634160e+00
1.792975588558248745e+01 3.215542220000330076e+00
1.794758309663586004e+01 3.958851635197461860e+00
1.877142337259964222e+01 -4.052898154272448039e+00
1.876455422790039052e+01 -3.355824920161044389e+00
1.874530041695985716e+01 -2.608535704284289380e+00
1.872213887759010476e+01 -1.895617774632253116e+00
1.869507091282140721e+01 -1.180028503061102185e+00
1.872289762986282113e+01 -4.341678443487957395e-01
1.868772533385772761e+01 2.895485734413405510e-01
1.869323601795048262e+01 1.038643561788468617e+00
1.867663219961841747e+01 1.775379921654042903e+00
1.867109034409178747e+01 2.512077624853183977e+00
1.865833242500815459e+01 3.251330204148025871e+00
1.864483340434653513e+01 3.957132121400469771e+00
1.948372875822730776e+01 -4.085421147436179012e+00
1.948050205491131237e+01 -3.340409841638699362e+00
1.945168313680341043e+01 -2.610577613092228688e+00
1.946289408685945688e+01 -1.898209372773131065e+00
1.944942152175956807e+01 -1.150265413865085407e+00
1.945539420249579621e+01 -4.234093131741261118e-01
1.941628680474027391e+01 3.124435050386686896e-01
1.944652248860950294e+01 1.032354134787883737e+00
1.938916279163984768e+01 1.767568394274103838e+00
1.940224065890117799e+01 2.506606055419343448e+00
1.938356324788140483e+01 3.246735296367852186e+00
1.941074960783846848e+01 4.004858942592676385e+00
2.026641260583233617e+01 -4.035268162182429563e+00
2.020320400462708221e+01 -3.311189029498681435e+00
2.020736785118809564e+01 -2.584454419352177013e+00
2.019228436699809492e+01 -1.869331514425201846e+00
2.016966893848945119e+01 -1.147152353180526774e+00
2.016466229373350671e+01 -4.171841079267117891e-01
2.017002260663992530e+01 3.132487368479210943e-01
2.015479356789684573e+01 1.038093917225008767e+00
2.014989896739497510e+01 1.772266479268925110e+00
2.017140586583235518e+01 2.501613544168929337e+00
2.014057959219582727e+01 3.231287230090167384e+00
2.019017064228970071e+01 3.977901803684268600e+00
2.102764419321958655e+01 -4.055181101407306699e+00
2.101898595856279428e+01 -3.316181487724794152e+00
2.098383731366224225e+01 -2.598393697447001216e+00
2.096288820058391877e+01 -1.832918907508023665e+00
2.095005002729509158e+01 -1.114201529287161208e+00
2.092824575770303852e+01 3.223688351176470235e-01
2.099953913607939882e+01 1.055944245634542256e+00
2.095294320703740709e+01 1.779096646495180067e+00
2.092865099304076892e+01 2.526417611196851709e+00
2.091484099343323777e+01 3.247929286163376617e+00
2.098138176392750864e+01 3.922000300633435188e+00
2.175770419735449934e+01 -4.063865315542795287e+00
2.173831431703362682e+01 -3.327989640696657148e+00
2.172078741552861914e+01 -2.567473457531910697e+00
2.175013447884435180e+01 -1.861516730034608713e+00
2.176411609100620126e+01 -1.127161268998076338e+00
2.173908433062140233e+01 -4.113080628062775190e-01
2.172816983025641946e+01 3.267423831447615612e-01
2.176306747753782389e+01 1.059857936303547632e+00
2.170851766279062645e+01 1.775385502990797448e+00
2.172698135911843309e+01 2.530799615232641742e+00
2.174502569445274247e+01 3.215277850236056167e+00
2.175226701937532425e+01 3.956515613329784742e+00
2.271105852224440724e+01 -3.968807145331570752e+00
2.263746471757014689e+01 -3.324677248447692079e+00
2.266308161243046726e+01 -2.540693869549137673e+00
2.270453838725210716e+01 -1.833937289833205142e+00
2.255957266506103309e+01 -3.983970720722140868e-01
2.255066822655437164e+01 3.385499058590824006e-01
2.254257537460706118e+01 1.070896561074111020e+00
2.250968609895220141e+01 1.795144825272359412e+00
2.251055665718482857e+01 2.513086046834075660e+00
2.251837950970787716e+01 3.221320406567421912e+00
2.251026453268610794e+01 3.986667895307284937e+00
2.342351297330834825e+01 -4.051679726525698300e+00
2.342819246681067824e+01 -3.311761831070558770e+00
2.341736606208677074e+01 -2.591098274988492989e+00
2.342829842137518881e+01 -1.844957068023052926e+00
2.341268872777655474e+01 -1.118127292234884607e+00
2.339713892337984902e+01 -3.949648287476179576e-01
2.338250146755042636e+01 3.307110710855596380e-01
2.332691658960860082e+01 1.075274979284941423e+00
2.332070970469092686e+01 2.558856109892570174e+00
2.329821000540964349e+01 3.233672212596587769e+00
2.327452841368972969e+01 3.955459278519832367e+00
2.416212016036375587e+01 -4.035846537966225611e+00
2.415203849521985546e+01 -3.308689006024174262e+00
2.416490595195316615e+01 -2.583278783133415857e+00
2.415095920580922240e+01 -1.849715353503260218e+00
2.415258785475415948e+01 -1.123057288327554915e+00
2.412712538771052095e+01 -4.086714939943334457e-01
2.411763164267154735e+01 3.255789420943671075e-01
2.410519093654973233e+01 1.062448825170239530e+00
2.410026132524578202e+01 1.791485621091993607e+00
2.409432901375779323e+01 2.512087717232841300e+00
2.402974836501008582e+01 3.258211282175231815e+00
2.407306625988596238e+01 3.947095385711698157e+00
2.488857773239877957e+01 -4.035416741509902039e+00
2.488705799027541588e+01 -3.312687254570249706e+00
2.488039135047615247e+01 -2.577679851304527148e+00
2.489722335017899724e+01 -1.856413965129064536e+00
2.487609232971154682e+01 -1.115959013323259086e+00
2.486170937047896956e+01 -3.877658394642864437e-01
2.490004762466845989e+01 3.023374454585763260e-01
2.486194049282023855e+01 1.062843756546712370e+00
2.482157676571008409e+01 1.782454929045201197e+00
2.483732605116384917e+01 2.519045756780904810e+00
2.480499348165389506e+01 3.250752118434505178e+00
2.485938302415884493e+01 3.965691692125780321e+00
2.564722522504723656e+01 -4.026975807024530951e+00
2.562566899911873719e+01 -2.593310231573276781e+00
2.558734141435417087e+01 -1.873466719329844210e+00
2.561999872602363837e+01 -1.137878370785628590e+00
2.560492424497157771e+01 -4.088445984218935791e-01
2.560277361003391405e+01 3.188101449681539634e-01
2.561041670381717950e+01 1.036708942425288882e+00
2.561410316485634553e+01 1.780415858356331427e+00
2.559203258684483018e+01 2.501534944271167404e+00
2.558163249538846884e+01 3.236212895435109260e+00
2.559100267535236384e+01 3.957552434985032619e+00
2.637041924944846727e+01 -4.027512114104371932e+00
2.626299256098518242e+01 -3.305021466294203236e+00
2.638839664223473136e+01 -2.585754961468786917e+00
2.634863381263802040e+01 -1.854827214085407405e+00
2.635363097537533150e+01 -1.139466517615979058e+00
2.634966933818517276e+01 -4.114415929101724601e-01
2.634168080984758120e+01 3.165412533860099131e-01
2.633736365535130375e+01 1.035547640021238891e+00
2.633408500594786972e+01 1.765337013624634466e+00
2.635367363462898993e+01 2.481171878415032950e+00
2.634642538604534678e+01 3.230847453635817601e+00
2.635884109746482551e+01 3.958654858397856913e+00
2.709485847949572701e+01 -4.025489521674852966e+00
2.709973406157435249e+01 -3.327408294376340336e+00
2.708527749984146737e+01 -2.595941345125702071e+00
2.708938756434082507e+01 -1.863565286669928156e+00
2.708573856611271680e+01 -1.139283087418448304e+00
2.707802366417528361e+01 -3.895907914295904106e-01
2.709017011945390152e+01 3.168493713543369950e-01
2.706008704699269174e+01 1.047332437887440904e+00
2.709763585379135264e+01 1.790425027166133276e+00
2.712134076621513401e+01 2.534692446492631035e+00
2.709547912325086827e+01 3.230398183309965532e+00
2.710203928052446543e+01 3.956836519501628402e+00
2.786901365684912690e+01 -4.047735221933962180e+00
2.781860783971611539e+01 -3.353974228848912276e+00
2.786630624985573945e+01 -2.597771381462138152e+00
2.783652749631910694e+01 -1.868673735838278560e+00
2.784810057790738824e+01 -1.145833430885666360e+00
2.782104760978076996e+01 -4.417574698517903187e-01
2.783656403708733507e+01 3.222331139667176103e-01
2.782916664685544106e+01 9.996112311272540296e-01
2.781973997415327915e+01 1.787146113561796312e+00
2.783508415308863704e+01 2.494613911767149972e+00
2.785174266199582860e+01 3.227389300002506900e+00
2.784306985633087805e+01 3.954895098389819452e+00
2.859908075860169419e+01 -4.075441646717287369e+00
2.858964235395199438e+01 -3.319086435065347729e+00
2.858712286668183111e+01 -2.591527754388319948e+00
2.860982207286786405e+01 -1.882710724894927523e+00
2.859267961500858490e+01 -1.132804543764812877e+00
2.860373316936395582e+01 -4.207056459775451174e-01
2.860746805656118141e+01 2.995307865177423423e-01
2.860717592485674032e+01 1.017672070024257636e+00
2.860334668844161143e+01 1.755925699688912545e+00
2.856629111950444866e+01 2.495881216160846350e+00
2.857031478441094663e+01 3.227378593578521304e+00
2.859557911510044192e+01 3.949808073904840455e+00
2.939233160324649674e+01 -4.044492876580601859e+00
2.935238192652203537e+01 -3.338426988806595830e+00
2.935127812911900236e+01 -2.567158309744772993e+00
2.933974742846580597e+01 -1.887143664648345265e+00
2.932920461536111389e+01 -1.159449085188516193e+00
2.931308438230433211e+01 -4.327967928108478191e-01
2.931726470493087078e+01 2.926267117232903558e-01
2.933404931012484695e+01 1.021595272276076827e+00
2.933661052376698564e+01 1.729634552883272391e+00
2.934877097120793366e+01 2.475311905329878215e+00
2.935830527872911233e+01 3.187599594141445891e+00
2.936157653936464129e+01 3.936756098457337316e+00
3.011103999582653756e+01 -4.058517210656351182e+00
3.013254052925029924e+01 -3.348792316950401471e+00
3.011793050367150926e+01 -2.619510019495447040e+00
3.010910895242846408e+01 -1.891553871402425813e+00
3.010475042271634294e+01 -1.160725714224636107e+00
3.008022795715314857e+01 -4.349654167358991685e-01
3.009277383793028804e+01 2.934624856733769604e-01
3.007485626544679036e+01 1.029919487428010427e+00
3.008118684958208888e+01 1.756186363534265382e+00
3.009274789968218755e+01 2.461993746539967276e+00
3.009818084622227019e+01 3.184325197574828792e+00
3.009742017236586520e+01 3.913726552779756673e+00
3.086667633556189827e+01 -4.058092410872674805e+00
3.084600924103812503e+01 -1.879736701823343736e+00
3.084120049006602216e+01 -1.176600808624435501e+00
3.084797257391787895e+01 -4.238404714515304761e-01
3.085426735440463375e+01 2.838512234813066470e-01
3.082991883989362947e+01 9.981733829567360772e-01
3.083292771461035642e+01 1.735433685614889754e+00
3.083511733973191582e+01 2.465599905659587421e+00
3.083791674047424891e+01 3.189421228393833019e+00
3.082163850181523657e+01 3.906739015973222706e+00
3.163513202855688888e+01 -4.072984596604801055e+00
3.160626345163813511e+01 -3.324798663514304309e+00
3.160296398677201779e+01 -2.609336601876073303e+00
3.162331430095307638e+01 -1.895065515963718639e+00
3.159749174544932515e+01 -1.173189044800679426e+00
3.157808535474787703e+01 -4.605048784737917345e-01
3.158961658221192437e+01 2.833803540747616978e-01
3.159657224490361926e+01 1.005940200419235708e+00
3.160384576541549251e+01 1.737299061112679510e+00
3.159875354498975497e+01 2.472248192634594943e+00
3.157336178805885396e+01 3.210086072790844014e+00
3.158143643162485859e+01 3.926389523850509988e+00
3.239312011418551407e+01 -4.061556632970983571e+00
3.237170458368135684e+01 -3.345527757430335924e+00
3.232444728209335238e+01 -2.602048013657590531e+00
3.234889938490989181e+01 -1.903331188145671149e+00
3.232748603898721029e+01 -1.153972735409741546e+00
3.233967810562570122e+01 2.742402071688800902e-01
3.233884344472719619e+01 9.926393658081629212e-01
3.231275142312542670e+01 1.742872090382736161e+00
3.232977272050545281e+01 2.470363594085881687e+00
3.231643889441225070e+01 3.189023084562862209e+00
3.237521566268470252e+01 3.905334762766976553e+00
3.309996581815070016e+01 -4.063608606936579548e+00
3.309979769985398690e+01 -3.341870016328524429e+00
3.310363376575653405e+01 -2.604500598265289568e+00
3.308573902248367204e+01 -1.882477015399228293e+00
3.308423417126331145e+01 -1.162622030683635899e+00
3.306783443455802995e+01 2.750623150036410891e-01
3.305847596512339948e+01 1.007930571232126482e+00
3.310469124911745809e+01 1.723004911776119030e+00
3.309343910159785906e+01 2.449674810633119648e+00
3.309443274000994251e+01 3.192271859352466379e+00
3.309415707373469928e+01 3.917154785443514697e+00
3.385364941625658020e+01 -4.053933427924551580e+00
3.384272809507043434e+01 -3.329634688222697037e+00
3.386240033441111308e+01 -2.611602995439042729e+00
3.381946694633182204e+01 -1.888340348554091719e+00
3.382235865661233021e+01 -1.147802448914479356e+00
3.384588318451864808e+01 -4.446056537247322638e-01
3.381710149655227582e+01 2.752566613014160168e-01
3.382366031058062816e+01 1.006812520984013304e+00
3.381999003725366748e+01 1.733380639748272500e+00
3.380248863048179686e+01 2.479007584308604351e+00
3.383937846489393309e+01 3.203138836416933088e+00
3.380718052506849602e+01 3.941725401276741536e+00
3.459467450089908169e+01 -4.038237142553157355e+00
3.457824039890157763e+01 -3.314545594545673879e+00
3.457951278958037022e+01 -2.596283416231639052e+00
3.456612067597550464e+01 -1.888461111897100864e+00
3.457486032694664146e+01 -1.165073661054435661e+00
3.456357469482754396e+01 -4.465408937038546355e-01
3.455206121196749081e+01 2.833987675405218454e-01
3.455448333056286714e+01 1.024290156064179058e+00
3.456467554318302149e+01 1.760758381471287493e+00
3.458153510399932173e+01 2.473969878868413019e+00
3.458098722121483348e+01 3.207494329253968601e+00
3.455724980514676048e+01 3.938470058194624812e+00
3.532180685088507488e+01 -4.051969337697986617e+00
3.526078536215164405e+01 -3.349908705071889869e+00
3.530802635627795638e+01 -2.601579832643881929e+00
3.530853047184650251e+01 -1.880165915271945209e+00
3.530137512394762922e+01 -1.188602183292935877e+00
3.531845791744566299e+01 -4.540661674764585598e-01
3.530258925301469475e+01 3.002170859614210485e-01
3.529082507912510636e+01 9.989528340290618758e-01
3.527958424014936867e+01 1.762060696667919757e+00
3.527326894954787662e+01 2.455779398053199003e+00
3.530593724834672997e+01 3.213443009917853033e+00
3.528717632477314936e+01 3.934586011776374903e+00
3.606276684259068332e+01 -4.030988065206962290e+00
3.605713616540730726e+01 -3.309838880152742746e+00
3.606129407523737740e+01 -2.594526424925582830e+00
3.604705653940633425e+01 -1.880310418657767713e+00
3.604165629688446160e+01 -1.155954815884740583e+00
3.603306902687874214e+01 -4.292387219801199194e-01
3.604875257356855656e+01 3.172606942520701523e-01
3.605691788805454934e+01 1.078879801485879142e+00
3.605958176349758304e+01 2.476726420737133338e+00
3.604297352670800336e+01 3.225641378253719438e+00
3.606600567572673555e+01 3.973562055140583027e+00
3.678197754207587167e+01 -4.071012996761499636e+00
3.677723219903429452e+01 -3.314802400217853773e+00
3.678552943080186566e+01 -2.655698082200569132e+00
3.678191302684766839e+01 -1.869924562203323148e+00
3.677770018171393218e+01 -1.142185246931340714e+00
3.676551615288796171e+01 -4.172482065147562480e-01
3.681010838345508063e+01 3.133916624753503299e-01
3.678464313105867944e+01 1.024385753983377612e+00
3.677666287621233465e+01 1.800458184884686119e+00
3.677279932317843958e+01 2.500605169924117632e+00
3.682107798733533599e+01 3.257131002893153493e+00
3.683570149299089991e+01 3.950550642120482792e+00
3.756058467745246077e+01 -4.047314510271569077e+00
3.752938406011276840e+01 -3.305466865372874707e+00
3.752197968163670083e+01 -2.583920653914187682e+00
3.749754072656775605e+01 -1.136290105744929946e+00
3.749867745166884703e+01 -4.076053191490238703e-01
3.748208422619919844e+01 3.776401224235286236e-01
3.751113548375865747e+01 1.071388292629436023e+00
3.754079028849378830e+01 1.758611270703649865e+00
3.756874407954185102e+01 2.499050058787815942e+00
3.753472156146798255e+01 3.233542454908864272e+00
3.754864024864199479e+01 3.952428446598638345e+00
3.829017659387496764e+01 -4.018438929342707411e+00
3.829324465189596793e+01 -3.291193886118314538e+00
3.827368587984916104e+01 -2.580235664899387160e+00
3.827000982153636954e+01 -1.855964243410923586e+00
3.827147575098602061e+01 -1.123615948207259407e+00
3.825179824639712223e+01 -3.894171673565232084e-01
3.830931768478784960e+01 3.663075149592955881e-01
3.831438941702854351e+01 1.070875398066789330e+00
3.831954171402616538e+01 1.777452110095826043e+00
3.831658453058775393e+01 2.534383588220940453e+00
3.907995071036381063e+01 -3.973977454335436477e+00
3.909220444605562506e+01 -3.251553092321490368e+00
3.906104996097487714e+01 -2.567514611167055705e+00
3.909737798528941966e+01 -1.814294438403358356e+00
3.915280987045378680e+01 -1.077351791747851451e+00
3.906800913801183839e+01 -3.156086756759286516e-01
3.910616385908713966e+01 2.601517371537973133e+00
3.910805688868264696e+01 3.140174984796239244e+00
3.990195373143122737e+01 -3.299482979868781030e+00
3.981250133577663775e+01 -2.716590615456208724e+00
3.984862296890748468e+01 -1.842926981341850734e+00
3.998648933659280402e+01 1.101573476148363540e+00
3.998954148178967927e+01 1.857130310349393909e+00
4.000057273730678986e+01 2.615400764444160586e+00
4.000266736572508108e+01 3.308931974311946078e+00
3.999460113819052509e+01 4.018197522204630445e+00
4.073602071132795999e+01 -3.984281179306584875e+00
4.071829507008853710e+01 -3.248678154570217913e+00
4.070875965046594303e+01 -2.489467376809596288e+00
4.071204003452589149e+01 -1.788293594002791309e+00
4.071993304042442929e+01 -1.069258536120042180e+00
4.072547358918092897e+01 -3.354007609756379793e-01
4.074034337226742508e+01 1.115022139111410127e+00
4.072875891836466877e+01 1.845287749359091123e+00
4.071809098609571009e+01 2.548652873362062365e+00
4.069974127753832960e+01 3.322434122734144069e+00
4.071852571291446310e+01 3.984281179306584875e+00
