-2.625940712948782618e+00 -4.103738602357545062e+00
-2.617637959246970070e+00 -2.602834218408606404e+00
-2.625184191133683953e+00 -1.916886543302201318e+00
-2.622291075374377556e+00 -1.173813170143752416e+00
-2.642242294302526773e+00 -4.610591577586404810e-01
-2.623847113086021920e+00 3.403697376844405653e-01
-2.621905397375996927e+00 1.024753593882710589e+00
-2.621786873221076064e+00 1.745970782889692430e+00
-2.617928854674794081e+00 2.446672871228592783e+00
-2.626925895429565117e+00 3.177199945827595684e+00
-2.617771862807352079e+00 3.926733710273886402e+00
-1.787859064304626600e+00 -4.070634536736289277e+00
-1.810022797130415029e+00 -3.359424710831156347e+00
-1.815780756097730375e+00 -2.617800214166372541e+00
-1.853813552839930878e+00 -1.889414591296102230e+00
-1.833571725494159921e+00 -1.167971950198364084e+00
-1.819754294002088102e+00 -4.587959046307723554e-01
-1.850883899841704761e+00 1.017375643453760858e+00
-1.874561725742275087e+00 1.747958931005495486e+00
-1.871621037438679025e+00 2.454305229482393713e+00
-1.890217264108734696e+00 3.239776365601109376e+00
-1.086696932174817221e+00 -3.341492068219913847e+00
-1.151814983339839671e+00 -2.618070390394908742e+00
-1.091749113153333894e+00 -1.893693839095579534e+00
-1.103328400549251853e+00 -1.155027798497123115e+00
-1.100710878287777916e+00 -4.375251788050782409e-01
-1.095898107499195362e+00 1.041895730618275451e+00
-1.104148902704260138e+00 1.749518229272723602e+00
-1.131439467455976455e+00 2.501518804941341045e+00
-1.125274792330287710e+00 3.246928570640868372e+00
-1.125599019513579435e+00 3.970571809549468867e+00
-3.593146211890072550e-01 -4.055284507792269011e+00
-3.537964732536309498e-01 -3.339117488145483037e+00
-3.484988616869486577e-01 -2.606644332936252084e+00
-3.626770208511729265e-01 -1.871469226752399351e+00
-3.905067296459776571e-01 -1.173186430159322668e+00
-3.565189245601203538e-01 -4.407182573068624265e-01
-3.656168015296827889e-01 1.005239165714485239e+00
-3.829303638955110500e-01 1.779841407444280321e+00
-3.827434590459830588e-01 2.518674277277959561e+00
-3.604491433547707402e-01 3.237087984087807513e+00
-3.639354739941609296e-01 3.962530544013404210e+00
3.778342047233849144e-01 -4.032699077586919145e+00
3.442096931010567573e-01 -3.319668820911918061e+00
3.688948600212853535e-01 -2.615193961419720381e+00
3.858925417047700535e-01 -1.877566047429784390e+00
3.900813583500521986e-01 -1.153713406696848409e+00
3.850581376910255926e-01 -4.075017300992840319e-01
3.844895909792995781e-01 3.204769001260387995e-01
3.630583897475503363e-01 1.745511392241066773e+00
3.768982469139245950e-01 2.535761187618369661e+00
3.062739033961605628e-01 3.258034562703770121e+00
3.755224433279167329e-01 3.987817737316312616e+00
1.123870580277319675e+00 -4.024428813763076818e+00
1.099337620318650011e+00 -3.356360168691459478e+00
1.072264473329980206e+00 -2.615892959988993738e+00
1.102342064718527581e+00 -1.887455324657992151e+00
1.114488920748385681e+00 -1.162589208567169408e+00
1.097637203604030276e+00 -4.121820119634378443e-01
1.059392403606345567e+00 2.831831477418802478e-01
1.094957521723209481e+00 1.023278513417174906e+00
1.102267136038470596e+00 1.764993094210090874e+00
1.128749008847478308e+00 2.534578720122190987e+00
1.069835849623892443e+00 3.191185189193163296e+00
1.108610530249592330e+00 3.962255620082494545e+00
1.858810272997686752e+00 -4.031921504719790050e+00
1.904690243175991782e+00 -3.256600453122352690e+00
1.828778011138012971e+00 -2.579588588712216080e+00
1.836283675736858356e+00 -1.894959381219244676e+00
1.837228089892107619e+00 -1.155903810513947860e+00
1.840582209086235821e+00 -4.651330083464131349e-01
1.828441441212838470e+00 2.689198728530719507e-01
1.866183815780303235e+00 1.020208766014466306e+00
1.870260225559142953e+00 1.751949243160602521e+00
1.855621170146818599e+00 2.545628991731042845e+00
1.856618767100201239e+00 3.218560480737259866e+00
1.850266916993057009e+00 3.928031463120788658e+00
2.555608348600827640e+00 -4.013693126612302819e+00
2.566083701411244533e+00 -3.295125553511766725e+00
2.570239292426428790e+00 -2.572623023632722550e+00
2.638923907489470366e+00 -1.857409202518546465e+00
2.547229787381603217e+00 -1.174344780125249343e+00
2.576014608204474143e+00 -4.318027762969158800e-01
2.512280583773666365e+00 3.393002351504286196e-01
2.599981182846754280e+00 9.977822900859294464e-01
2.607328908297013470e+00 1.742966057461682539e+00
2.626844628015220451e+00 2.486287642910809836e+00
2.652152664087161327e+00 3.209702181421683065e+00
3.307762345104400481e+00 -4.017019967149412452e+00
3.311740257183650726e+00 -3.296727677715445282e+00
3.315196939590641989e+00 -2.570371128369757230e+00
3.293357477530243216e+00 -1.151263225756000708e+00
3.302386170785986508e+00 -4.428273982878003778e-01
3.319383749173027809e+00 3.086535807946368948e-01
3.349554564824956060e+00 1.011751777497739369e+00
3.393131672465635518e+00 1.755361274633507662e+00
3.377285554355466957e+00 2.459937813052984978e+00
3.398100542555290815e+00 3.177998448374836471e+00
3.435386428063750941e+00 3.872241229220392711e+00
4.034666734044478176e+00 -4.020276926712600840e+00
4.053393554857521508e+00 -3.292333219490945595e+00
4.047131419441377886e+00 -2.567451423109513797e+00
4.066485865591346283e+00 -1.837545538258165578e+00
4.045281742215891541e+00 -1.150373616597793358e+00
4.043511595183375107e+00 -4.051812662772604767e-01
4.071999974189310478e+00 2.987967301207028470e-01
4.073029823712815300e+00 1.044357814404332174e+00
4.120868658125019124e+00 1.742277503585722087e+00
4.152830438944427272e+00 2.491478016056440481e+00
4.132873803588374528e+00 3.180752037697871515e+00
4.118317402839537067e+00 3.929570734047480585e+00
4.794528999837851302e+00 -4.026238317550895118e+00
4.777179550371116079e+00 -3.309975445798965410e+00
4.788154058765556442e+00 -2.569996424087797493e+00
4.787960091189901846e+00 -1.822018241436978769e+00
4.777419403258399200e+00 -1.111252224214176465e+00
4.837902899890352160e+00 -4.135386401049032656e-01
4.818149744248621857e+00 3.093440379954550679e-01
4.834931928316215988e+00 1.004025078103669699e+00
4.839892340464544418e+00 1.750742254320847735e+00
4.871119867398448378e+00 2.502002431058716780e+00
4.893685866872623080e+00 3.203343475861004208e+00
4.901096130187596600e+00 3.911013780314256394e+00
5.547037214815723871e+00 -4.022328576025955726e+00
5.528321425343925455e+00 -3.337576513596488326e+00
5.535672890086331677e+00 -2.574497854621611737e+00
5.538078865714851418e+00 -1.853301964817738678e+00
5.622596686486346584e+00 -4.174022211254069248e-01
5.594917446103970349e+00 3.168455815509254592e-01
5.557471048973816607e+00 1.013304871941624441e+00
5.601497401126302123e+00 1.757807890295843833e+00
5.632358830134030825e+00 3.177532855480301066e+00
5.662358253479233383e+00 3.901833424296249575e+00
6.265462226444675764e+00 -4.027782728570219462e+00
6.224894822555519625e+00 -3.318393909331845748e+00
6.280213707904962916e+00 -1.859258516429409980e+00
6.334174225915063516e+00 -1.154361726361472051e+00
6.384891294549014162e+00 -4.093351071598974045e-01
6.402277837617397438e+00 3.143603785724593536e-01
6.359750131046141064e+00 1.027675664304904757e+00
6.361534145776865046e+00 1.716752826909321072e+00
6.377230986061363183e+00 2.468248783379067390e+00
6.387068287107105391e+00 3.201238327320936605e+00
6.377644176115005337e+00 3.943590838104697127e+00
7.084038437614935901e+00 -4.030575664326693897e+00
7.069847869618207881e+00 -3.316108005622293575e+00
7.081338058674504055e+00 -2.535735249956648119e+00
7.037773206572964568e+00 -1.899028339455639980e+00
7.089701003439948579e+00 -1.189213346165434615e+00
7.131265632378323005e+00 2.555857899751963203e-01
7.137631613473196524e+00 1.007521643456566807e+00
7.124325567145881166e+00 1.714803278643337592e+00
7.109837595352502149e+00 2.463924682607711247e+00
7.106862646909050341e+00 3.175558430055559711e+00
7.103403798541236824e+00 3.920821361814290640e+00
7.852707419563294877e+00 -2.625185425584280807e+00
7.877005198294561694e+00 -1.192281907242463745e+00
7.870099022487430318e+00 -4.736424941422612278e-01
7.851111676603331091e+00 2.657997525592286081e-01
7.837815021429257456e+00 9.993196433416855484e-01
7.860517950418724809e+00 1.709319578678602625e+00
7.848367348173134417e+00 2.447557432864943650e+00
7.862105657555936489e+00 3.182737391636933921e+00
7.887530069321933013e+00 3.888515906911258924e+00
8.631567680238887874e+00 -1.925819020569772277e+00
8.615599039712840579e+00 -1.213109627523312639e+00
8.627013342898301573e+00 -5.043999169327904042e-01
8.595950617436947994e+00 2.284578236177559063e-01
8.578044243736535179e+00 1.010802074626152347e+00
8.599523870671035297e+00 1.713889721081439887e+00
8.625470698562004657e+00 2.408906978296986523e+00
8.618632221782448255e+00 3.136257255403201327e+00
8.667020661322887065e+00 3.833482676582349313e+00
9.516681107050622757e+00 -4.071906627907846854e+00
9.513458432196834735e+00 -3.347559799711735451e+00
9.507820376957859310e+00 -2.617506153860063023e+00
9.458423417905933661e+00 -1.936598847942693880e+00
9.436686802942396923e+00 -1.193742781592245450e+00
9.421976551396134880e+00 -4.866038650508919261e-01
9.352982677964966740e+00 9.855450034862371922e-01
9.347214930778491748e+00 1.660404947577642787e+00
9.370937204580819468e+00 2.414226363473858328e+00
9.387212874078151970e+00 3.155295536533039069e+00
9.439836887157674994e+00 3.832036807357397379e+00
1.028360609426947292e+01 -3.376560342303246642e+00
1.027937424554615120e+01 -2.632427302969748695e+00
1.028435327155202827e+01 -1.937732257605027542e+00
1.021307403275707770e+01 -1.210043739380438410e+00
1.014269431473748995e+01 2.165473569272400312e-01
1.011064323314407432e+01 9.539560225403143079e-01
1.011175596591625236e+01 1.668606991263015260e+00
1.012148516841972423e+01 2.385012950459575620e+00
1.016894663331734705e+01 3.080298558335776704e+00
1.019939758268825614e+01 3.852451780812955917e+00
1.105771166175276932e+01 -3.362950035663757831e+00
1.104120837880623895e+01 -2.638452050704891860e+00
1.107027472384513800e+01 -1.966845406863708234e+00
1.099974450178284258e+01 -1.194475972944790243e+00
1.099471261715666515e+01 -4.803498537191295270e-01
1.092992588131485121e+01 2.239521150110093117e-01
1.087351635309664744e+01 9.436457879218629330e-01
1.085431721276108163e+01 1.680234252662376804e+00
1.087948190259320569e+01 2.399617107703132746e+00
1.093245760370600550e+01 3.097802112262570517e+00
1.094135259179353170e+01 3.814930093944369105e+00
1.195007609493699618e+01 -4.130516141967937926e+00
1.188963346216396388e+01 -3.389260178486271258e+00
1.186064595633648366e+01 -2.690256232568312811e+00
1.179728413897753114e+01 -1.955796908854388505e+00
1.178026451209677106e+01 -1.196048506739675332e+00
1.174844185761792659e+01 -4.685803987424463912e-01
1.177573980920448804e+01 2.492759806339535089e-01
1.171536978280629171e+01 9.230008497996706751e-01
1.181644968612344115e+01 1.653248924462644709e+00
1.174607444090570851e+01 2.430025276057428130e+00
1.172010626149165091e+01 3.118902892736045374e+00
1.176876565494180227e+01 3.831848411989788872e+00
1.277508429672487011e+01 -4.084701274744507060e+00
1.278414728567835112e+01 -3.371493512511502644e+00
1.274916055040188922e+01 -2.618288264552628419e+00
1.269645329956071578e+01 -1.166303584496098722e+00
1.261462675672083833e+01 2.388680197649613035e-01
1.251976921184324709e+01 9.607601712533480054e-01
1.251689610639489558e+01 1.687317020267602885e+00
1.249762053181552091e+01 2.412930660681400497e+00
1.253336906079335478e+01 3.147549853715709389e+00
1.253632051134595571e+01 3.846655176466938997e+00
1.348252947071652841e+01 -3.376050462242350392e+00
1.356138712343079078e+01 -2.633555512191961157e+00
1.350040893406238496e+01 -1.933601126769527667e+00
1.351260019979863358e+01 -1.215762065982278983e+00
1.347028151471769064e+01 -4.804139686956716560e-01
1.343109994739599955e+01 2.495846964060675077e-01
1.337927670509963463e+01 9.771401629898939234e-01
1.329225159529276823e+01 1.691880724267601721e+00
1.325545748492583442e+01 2.463260273819575019e+00
1.326669191862058028e+01 3.151491391502801775e+00
1.332970030693950036e+01 3.852849353896267814e+00
1.435857936528712031e+01 -4.110160043260425056e+00
1.433659388082779884e+01 -3.374042227061575971e+00
1.432877070965046329e+01 -2.640833217918245879e+00
1.430365418886656670e+01 -1.931214691933966776e+00
1.415373810441020908e+01 2.880357979394609913e-01
1.410942214672424910e+01 9.932904173615852983e-01
1.410063348737385525e+01 1.712063112656323938e+00
1.410820106718144729e+01 2.411374763756782613e+00
1.416770541709208686e+01 3.129638652550383426e+00
1.419215162167694899e+01 3.855656135484345270e+00
1.521408556190206696e+01 -4.093837739430014722e+00
1.521689014793493300e+01 -3.409937693025646865e+00
1.513995297535741713e+01 -2.620533101759999539e+00
1.504584625370207362e+01 -1.185702314811862834e+00
1.499739880021495253e+01 3.013833895574649091e-01
1.499476031746446125e+01 9.490111099826314955e-01
1.487535916435039951e+01 1.716130881469105418e+00
1.493391344394711950e+01 3.163336810253333908e+00
1.492209559521638340e+01 3.872795391641801643e+00
1.599410341626304444e+01 -4.121695490902990144e+00
1.598707588179625105e+01 -3.393111319175503127e+00
1.600885434809120511e+01 -2.669668657045875193e+00
1.599006219950900487e+01 -1.957701830600687032e+00
1.587561300887603721e+01 -1.227901195463669382e+00
1.595100452301593918e+01 -4.894384667633637775e-01
1.575426130376890654e+01 2.908671790789192357e-01
1.569282559774024577e+01 1.734410078190133930e+00
1.570206829563721129e+01 2.448274551606104410e+00
1.566340618283618369e+01 3.172679332351130199e+00
1.572117611059444897e+01 3.851958435206448428e+00
1.673046835170450208e+01 -4.137732648799012480e+00
1.673833284514963538e+01 -3.404647441164016186e+00
1.671910727145188247e+01 -2.711933542721236989e+00
1.671295547798978731e+01 -1.958762583428487858e+00
1.666818533542644332e+01 -1.238501599987145596e+00
1.664340101720952703e+01 -5.172545762434062055e-01
1.662505182987170116e+01 2.311080807035104101e-01
1.652706480441393921e+01 1.763991983878145930e+00
1.650000148309700876e+01 2.444312963447149656e+00
1.646486809970848952e+01 3.113545030685685333e+00
1.648836434378544169e+01 3.881055569258499816e+00
1.748694549703602519e+01 -4.114316123779328649e+00
1.745517655649167210e+01 -3.404867927754303025e+00
1.743223909235629776e+01 -2.696525054290223267e+00
1.741658283383537764e+01 -1.929262104134608080e+00
1.740492955983328471e+01 -1.227602264423978795e+00
1.736925886337698444e+01 -5.045648349585185599e-01
1.736898016879958817e+01 2.991134327218212263e-01
1.729992265956158803e+01 9.836657417773970735e-01
1.728729813285193018e+01 1.655631648169059389e+00
1.727700466190239581e+01 2.481986686900569339e+00
1.727238848805365024e+01 3.179696563001279230e+00
1.730688980586530334e+01 3.920359392114853847e+00
1.819959571380070429e+01 -4.085978076012388271e+00
1.818797500209266360e+01 -3.398829544436836159e+00
1.815653109320432890e+01 -2.644119911331863193e+00
1.813152661926459785e+01 -1.935643230490498468e+00
1.808935533609051305e+01 -1.218678541559583550e+00
1.811028389428513918e+01 -4.703730361944735705e-01
1.806537612084030542e+01 2.537252850209732458e-01
1.806135044230512676e+01 1.027404302852666262e+00
1.803724762967398476e+01 1.736352011909115589e+00
1.803442424873639283e+01 2.482176094256189458e+00
1.799813962772129372e+01 3.221683665976783573e+00
1.800766763032794415e+01 3.933637172793112313e+00
1.891691330828093243e+01 -4.117865353384992488e+00
1.890432373470596872e+01 -3.378140782345930404e+00
1.886897770863085810e+01 -2.640120103153424935e+00
1.886443396980484977e+01 -1.931131605371394500e+00
1.884307250831085412e+01 -1.180763580423224823e+00
1.884011845401141017e+01 -4.560413528103879344e-01
1.880319818345961380e+01 2.929699563994248024e-01
1.881725741977474797e+01 1.003951181316907082e+00
1.875704567874932138e+01 1.749305168554059264e+00
1.876428707680493346e+01 2.474608696789470486e+00
1.873373821400784323e+01 3.230843595596667228e+00
1.877734466013365733e+01 3.983645533078743028e+00
1.974649305621554163e+01 -4.032527897575494791e+00
1.963359068190563761e+01 -3.334349607906325730e+00
1.962259427157973590e+01 -2.606215367028919871e+00
1.959865512015768019e+01 -1.904294336911377172e+00
1.956276325567994689e+01 -1.169151432976256899e+00
1.954599421023639394e+01 -4.492579983461482129e-01
1.955331228996785597e+01 2.883241253680353111e-01
1.953279776101949494e+01 1.008511935834157214e+00
1.951609301177787614e+01 1.752580993129029707e+00
1.952484630832212531e+01 2.477719648953954135e+00
1.950644056022044026e+01 3.209481036866826287e+00
1.956993961674874072e+01 3.950710745447530314e+00
2.049249444102429152e+01 -4.087650478328914261e+00
2.047992551322201393e+01 -3.338624720975140292e+00
2.044231336421952250e+01 -2.591384289118504825e+00
2.039251576278435607e+01 -1.841554647123874844e+00
2.037712204160580853e+01 -1.121176381095320806e+00
2.032207250861137737e+01 2.976142175153277947e-01
2.048301391230065605e+01 1.006907011310246958e+00
2.037790642999844692e+01 1.756696784051516858e+00
2.032406866517794697e+01 2.512794057105143253e+00
2.035914086391964872e+01 3.243618802638586374e+00
2.037688072833592656e+01 3.862022164152264736e+00
2.122527211254988089e+01 -4.087855270343364822e+00
2.120066926615189828e+01 -3.334653613394063854e+00
2.117570936291235739e+01 -2.592120497170085969e+00
2.120884713340741001e+01 -1.885676156902494682e+00
2.124673808594758384e+01 -1.160516290004604656e+00
2.120169973310387945e+01 -4.255641506119154371e-01
2.118669808866907545e+01 3.017041175924255469e-01
2.123658548086859099e+01 1.039836481841575733e+00
2.116383597994762766e+01 1.758493602341687279e+00
2.118091161655043919e+01 2.513794998740131348e+00
2.120606847418832785e+01 3.189399597425264687e+00
2.122716234434133042e+01 3.925938280554575499e+00
2.234368303180295356e+01 -3.979235902322908913e+00
2.228767102973381498e+01 -3.342246549705343739e+00
2.228949511882975543e+01 -2.540519959286253737e+00
2.234099597678190463e+01 -1.828282233993391515e+00
2.223712951591716092e+01 -3.008420277329726389e-01
2.208336176220256419e+01 3.258122125040543438e-01
2.208775167456759192e+01 1.060327822330481951e+00
2.200784004092196966e+01 1.778662341105736289e+00
2.201124021962949229e+01 2.493719663925269003e+00
2.201454531518802327e+01 3.191648011303634291e+00
2.199239185116967121e+01 3.953398386803819164e+00
2.303397818693019872e+01 -4.069310415385007929e+00
2.303620826952844425e+01 -3.333036887954783367e+00
2.302458444870479326e+01 -2.606999048661098328e+00
2.303734296511473190e+01 -1.865285204851289791e+00
2.301711567815868165e+01 -1.139144865134998241e+00
2.299293866330948077e+01 -4.099606919115643677e-01
2.297863165862045065e+01 3.151395668379279869e-01
2.287899625609136933e+01 1.053976539524647649e+00
2.290030098446615625e+01 2.539825228791016798e+00
2.283874575200937329e+01 3.219616817908558914e+00
2.279931007499823181e+01 3.913691331820388086e+00
2.377266546048996787e+01 -4.053741035630324063e+00
2.376229555496940549e+01 -3.333891425389435170e+00
2.377956233046258916e+01 -2.606592143671782935e+00
2.376886252103464159e+01 -1.864930857952039389e+00
2.377168613578773915e+01 -1.145253219154280799e+00
2.373990742943750831e+01 -4.278051228305521647e-01
2.371172975014697926e+01 2.978531132399560022e-01
2.369872383862992393e+01 1.055696003431716434e+00
2.368955613325491782e+01 1.772057239539645224e+00
2.367991290037132757e+01 2.492462021201248490e+00
2.362688478835819694e+01 3.229477901482894708e+00
2.365089743721675575e+01 3.920822813703672693e+00
2.450200137760468522e+01 -4.053682692516595409e+00
2.450111092034232740e+01 -3.333726372320018783e+00
2.449823630184064172e+01 -2.600903382462256275e+00
2.450689370139449608e+01 -1.880966200321356752e+00
2.449578445337474619e+01 -1.133717417792620807e+00
2.447580542910720425e+01 -4.029916959390682507e-01
2.452512508161584037e+01 2.830997330839579718e-01
2.446980265226289930e+01 1.050839338751558216e+00
2.441370854297360893e+01 1.764237231383688709e+00
2.444611232234763065e+01 2.507158090163848385e+00
2.440325444700705049e+01 3.233631033271478827e+00
2.446742692248138695e+01 3.918193891617775648e+00
2.528355967235788171e+01 -4.046104495979058413e+00
2.525015757826669471e+01 -2.619141541290666453e+00
2.519614682000513994e+01 -1.920274932370688248e+00
2.524921667886374621e+01 -1.156179133355305311e+00
2.523125280715967023e+01 -4.369871060639489713e-01
2.523120631342919751e+01 2.848379201121353788e-01
2.523033360273905856e+01 1.018411227889739479e+00
2.523788570713094259e+01 1.759570944231949596e+00
2.520562128666026069e+01 2.477016396336779280e+00
2.519661840220764049e+01 3.217031050272723292e+00
2.521405942022643387e+01 3.935054753215680989e+00
2.600131190584350804e+01 -4.052223589992436814e+00
2.589833567187536545e+01 -3.339348133812073627e+00
2.601642206518008749e+01 -2.614224982328202884e+00
2.597265354646123114e+01 -1.879462595418694093e+00
2.597610785476651074e+01 -1.165715944695438822e+00
2.597282245222820762e+01 -4.366764234177900050e-01
2.596545247925892852e+01 2.892915269172888770e-01
2.596031741720991448e+01 1.012094587598067363e+00
2.595986548842135733e+01 1.741806467168782291e+00
2.597962987653831846e+01 2.460283009889689509e+00
2.597731919299820902e+01 3.207676907694967383e+00
2.599180274149119185e+01 3.929256134003793477e+00
2.672506201021527517e+01 -4.047903636267520255e+00
2.673601827889567062e+01 -3.345261327332181622e+00
2.671760304383163742e+01 -2.618204883964239116e+00
2.671988931019046021e+01 -1.885689425226765081e+00
2.671560831690403148e+01 -1.167606798403973301e+00
2.671189589734103720e+01 -4.102637083434075294e-01
2.672050489996381373e+01 2.900707421324852930e-01
2.669064250891196366e+01 1.020077628839317185e+00
2.673356472766889169e+01 1.767698071667965110e+00
2.676308929949234994e+01 2.509126234254054566e+00
2.673518272398401052e+01 3.206349998479900876e+00
2.675133354963292476e+01 3.930639106022375984e+00
2.751593634976794789e+01 -4.073134432673473526e+00
2.746909409489485654e+01 -3.379402421416376257e+00
2.750590954463516624e+01 -2.626311883199921482e+00
2.747513519398435022e+01 -1.898838011580547658e+00
2.748634955335633379e+01 -1.175910985139395848e+00
2.745405037626612454e+01 -4.831766936941868096e-01
2.747264961417697293e+01 2.942614312334868032e-01
2.746702828157939535e+01 9.713870549151231160e-01
2.746431405142620008e+01 1.762413458509168862e+00
2.747802034886917966e+01 2.458897406218436998e+00
2.750439835713740422e+01 3.188507468907161524e+00
2.750222239358978271e+01 3.911564446338132939e+00
2.826908622188425824e+01 -4.106635387931749648e+00
2.823775115875321973e+01 -3.352692852334801188e+00
2.823929281018950377e+01 -2.625688847757867705e+00
2.825790063655052364e+01 -1.917075764842952168e+00
2.824078784556102306e+01 -1.169506823727608946e+00
2.825055080665865859e+01 -4.556414360221232585e-01
2.825750049342918402e+01 2.586612890244985863e-01
2.826271029369512888e+01 9.722169504955289199e-01
2.825308408381939529e+01 1.714604622696320746e+00
2.821319925958146513e+01 2.458835807457990796e+00
2.823933975130055529e+01 3.188064080593797200e+00
2.827464661274222379e+01 3.908274871125712480e+00
2.908590790129324688e+01 -4.061855038499864179e+00
2.901403305433658630e+01 -3.369683702249822943e+00
2.902588081469264836e+01 -2.607751766810270766e+00
2.899712613567417208e+01 -1.924538968974001563e+00
2.899545103964201331e+01 -1.208219596905422577e+00
2.896533194333310490e+01 -4.720053881469929991e-01
2.897463671388471340e+01 2.503419459231253086e-01
2.899406321476514137e+01 9.727343928359211134e-01
2.901257315654952862e+01 1.684633434727082602e+00
2.903434855487210342e+01 2.416403094667153084e+00
2.904850598749968782e+01 3.128784100397716372e+00
2.903406881609544854e+01 3.871458236642666861e+00
2.980744202706168977e+01 -4.088435959591315338e+00
2.981084098721289166e+01 -3.396944631436294770e+00
2.980740591925626148e+01 -2.668331973507662269e+00
2.979798395702236036e+01 -1.934538917035634853e+00
2.978958846999628207e+01 -1.212291455867521961e+00
2.975677385926015717e+01 -4.804242913400109671e-01
2.977995237470808121e+01 2.387251671061640934e-01
2.973934079663774099e+01 9.730830284067764069e-01
2.975880984683151809e+01 1.684972475050322771e+00
2.977836768778805521e+01 2.397333791121397439e+00
2.978424263683981366e+01 3.112563430863104941e+00
2.979643488460778400e+01 3.852594386990119801e+00
3.059336974171737467e+01 -4.101638594069239474e+00
3.053919753483993560e+01 -1.931443932680821263e+00
3.053590785009321706e+01 -1.235944405482413799e+00
3.055012884661204708e+01 -4.716186968815989644e-01
3.055515358738453102e+01 2.175622038647695433e-01
3.051668941308000882e+01 9.405107392449458814e-01
3.052874214094604355e+01 1.674344587740797863e+00
3.053809375720761210e+01 2.395068816548281632e+00
3.053066664652718742e+01 3.104594583494595383e+00
3.052858970441813113e+01 3.829142503850164303e+00
3.136612864423673130e+01 -4.118489644460638033e+00
3.133084899422025416e+01 -3.367732843682805566e+00
3.132682994629015383e+01 -2.655461574627338450e+00
3.133953164797021174e+01 -1.944923041416277698e+00
3.130995948673251661e+01 -1.220474000562131067e+00
3.129065502157165923e+01 -5.221809122360774325e-01
3.130413727696809900e+01 2.163342564829520143e-01
3.132167282275401732e+01 9.275419062172503004e-01
3.132676962828698919e+01 1.669956179030460675e+00
3.131996780215687437e+01 2.402551914398046051e+00
3.128563895472102985e+01 3.141204108524057403e+00
3.130092738686190756e+01 3.857926935033304972e+00
3.216697601210471902e+01 -4.086731292466119214e+00
3.211174260688559201e+01 -3.396981921949073779e+00
3.204295342457141516e+01 -2.650662367701027478e+00
3.207250238296965250e+01 -1.963812692189616627e+00
3.204639004276862835e+01 -1.192823717400045780e+00
3.205677490770613502e+01 2.032806218236054008e-01
3.205301121562407474e+01 9.267070574013693829e-01
3.203163754139334429e+01 1.667321746366873469e+00
3.205024784012615413e+01 2.403043681291759270e+00
3.205438975080824804e+01 3.131081035578375804e+00
3.212324478444495668e+01 3.845583908196722689e+00
3.284695308053834850e+01 -4.096018092840637337e+00
3.284987145999945568e+01 -3.393528493314420302e+00
3.285414761558021013e+01 -2.648097119109539932e+00
3.282472060965947236e+01 -1.937988014242325363e+00
3.282254569526356391e+01 -1.225889226793896114e+00
3.280551827469923154e+01 2.086163117913528708e-01
3.278754004326162175e+01 9.333461854262026236e-01
3.284460213803323114e+01 1.651101479956025742e+00
3.283583870397087168e+01 2.379632437156043778e+00
3.283539713736337973e+01 3.131171046898423072e+00
3.283501261485465506e+01 3.847696901247040557e+00
3.363930656492058091e+01 -4.096935058963239840e+00
3.361292168522829371e+01 -3.378336957309624466e+00
3.363408137100120854e+01 -2.662780036623320967e+00
3.358754922864695658e+01 -1.936716183950395020e+00
3.356544397242345923e+01 -1.192516286352176991e+00
3.361291471842847756e+01 -5.086286897760636805e-01
3.356924141487076696e+01 2.037536277643710037e-01
3.356379948029776727e+01 9.384328515269260151e-01
3.356778983431436103e+01 1.664481213605085941e+00
3.354775571256815425e+01 2.417586953594280885e+00
3.358682655714407161e+01 3.136541457520507947e+00
3.356405592165435081e+01 3.877902410311129699e+00
3.437799941055350672e+01 -4.071317858111697774e+00
3.436198627673147854e+01 -3.348909797983775860e+00
3.434611923950519241e+01 -2.638773320769654873e+00
3.433211912129512910e+01 -1.940787127753416996e+00
3.433563601977918012e+01 -1.226127853244058485e+00
3.432359462192857080e+01 -5.110948771512937583e-01
3.430092301327584181e+01 2.192681049400064808e-01
3.431064785644890236e+01 9.568582863222658830e-01
3.432131753371093197e+01 1.699116882940771234e+00
3.433440039385737208e+01 2.415563958563236469e+00
3.434239327232197780e+01 3.143929755907421963e+00
3.432316194824284850e+01 3.865896301036755744e+00
3.511026003602984957e+01 -4.087299615076290138e+00
3.502781145010499841e+01 -3.392561798704818443e+00
3.509730050748249397e+01 -2.650266550397780918e+00
3.507858078806219027e+01 -1.932886818393647843e+00
3.507801991635695771e+01 -1.238809065189048653e+00
3.507298305953246853e+01 -5.023505379578736552e-01
3.507086981122106550e+01 2.451002367467367549e-01
3.504912045694110390e+01 9.409703673893048403e-01
3.503506152850895461e+01 1.706029920488958851e+00
3.505036962393163691e+01 2.403419983230243417e+00
3.506770269332373147e+01 3.165190185973791870e+00
3.505120655805531982e+01 3.890620330054140652e+00
3.585910951924069678e+01 -4.069599689027739942e+00
3.584773725935475142e+01 -3.355758692411377808e+00
3.584611705779774837e+01 -2.638164012876050180e+00
3.582238474251516180e+01 -1.928959862318105678e+00
3.581438737796781169e+01 -1.204311322018202901e+00
3.579932056443295352e+01 -4.746068793851172529e-01
3.581759953499277316e+01 2.745229732608081008e-01
3.583117471241025243e+01 1.020662071347711475e+00
3.583072861437674561e+01 2.421842009355852809e+00
3.581437972074760268e+01 3.178144267890502306e+00
3.584141875833315538e+01 3.938011955746993920e+00
3.659371707619833813e+01 -4.101097276571071149e+00
3.658829448645924032e+01 -3.352155156166659822e+00
3.658484185549711043e+01 -2.672557577578629662e+00
3.656017687369334368e+01 -1.910967717625133844e+00
3.655026040726483672e+01 -1.186402385816840876e+00
3.654085099054496055e+01 -4.613633343229324169e-01
3.657156604579326853e+01 2.711909005492785241e-01
3.655724109163110569e+01 9.808990421115098002e-01
3.654883139294629046e+01 1.764164648743594910e+00
3.654940026302819689e+01 2.458916971330072698e+00
3.660717689251331564e+01 3.216711368481043110e+00
3.663507694258498049e+01 3.907802483134652505e+00
3.737766240442686438e+01 -4.065291223317800018e+00
3.732939662808929171e+01 -3.338048674991213716e+00
3.732315210369336711e+01 -2.614593564662584413e+00
3.728564072313543676e+01 -1.162268341005436412e+00
3.727177095858241529e+01 -4.462362038270981657e-01
3.726514614141496651e+01 3.435119335641729776e-01
3.729173197979678633e+01 1.041371752331418321e+00
3.735423572381123591e+01 1.724124537426494186e+00
3.736768831699060200e+01 2.462888044985245273e+00
3.732862241540880888e+01 3.192158327770080462e+00
3.735043700904230235e+01 3.911733809648652027e+00
3.812276006106755943e+01 -4.027738016679364819e+00
3.809719065442640584e+01 -3.312618234502565429e+00
3.807906436921478388e+01 -2.598035353677996540e+00
3.806835923980495551e+01 -1.878390204827667276e+00
3.807237863401336853e+01 -1.141258555940343200e+00
3.804296566104580535e+01 -4.192195374475140568e-01
3.812185181123748379e+01 3.422942732958986767e-01
3.811645358222002500e+01 1.051681239732346285e+00
3.814027297739588818e+01 1.733021253083276036e+00
3.816799781899388933e+01 2.488661167654619533e+00
3.895605476199045114e+01 -3.979562191205811672e+00
3.893665597497967923e+01 -3.259531944584526997e+00
3.889073110254808086e+01 -2.572170770416665420e+00
3.897681053796917894e+01 -1.811328041170835235e+00
3.898492572492803987e+01 -1.116658279222374262e+00
3.890596883200792178e+01 -3.346202786237739701e-01
3.899132431531777598e+01 2.588675336638480928e+00
3.894337659186422940e+01 3.199203667323416767e+00
3.975572864064697143e+01 -3.294602771181278200e+00
3.962904168356079282e+01 -2.953329902215116931e+00
3.973660779842089852e+01 -1.785868794119281233e+00
3.998319332578872576e+01 1.125197886314989404e+00
3.999860450326881534e+01 1.876525387660922917e+00
4.000460783433494072e+01 2.626077723407490794e+00
4.000417981517987442e+01 3.334240920491367888e+00
3.999711539744676969e+01 4.019249672658084194e+00
4.073401775389049106e+01 -3.979817629532441003e+00
4.072517736584557468e+01 -3.242541180583998539e+00
4.071579461449490367e+01 -2.485751509512603263e+00
4.071469937356905433e+01 -1.774361132479889136e+00
4.072763137255059718e+01 -1.055431128318250700e+00
4.073171464593023217e+01 -3.327786525968328135e-01
4.074140853560025022e+01 1.128959185064367432e+00
4.073310618891806456e+01 1.853930624075342593e+00
4.072485026219207072e+01 2.514035805161967119e+00
4.070507110823310626e+01 3.333962568178300501e+00
4.072052867035191781e+01 3.979817629532441003e+00
