-8.964001470517573011e-01 -4.060130070299205585e+00
-8.890545702378886972e-01 -2.569029563164001218e+00
-8.944180057500616954e-01 -1.884114355296283350e+00
-8.846201932539798918e-01 -1.149712355059875790e+00
-9.055662894975284871e-01 -4.351852738273578325e-01
-8.930958629165743901e-01 3.830029620566470783e-01
-8.921028992919914913e-01 1.055251204566467038e+00
-8.905899159948305055e-01 1.778672742703907517e+00
-8.854119557668127527e-01 2.479535886551097690e+00
-8.902188004558766465e-01 3.219568468864657973e+00
-8.789855723505866081e-01 3.961061369280017175e+00
-1.152196708829151817e-01 -4.038254243228877272e+00
-1.058665215629090994e-01 -3.329843745078143513e+00
-1.203670648037444835e-01 -2.586747213763093356e+00
-1.500603863259399873e-01 -1.873304127038011302e+00
-1.437970117475728671e-01 -1.133870502962555094e+00
-1.264231985295509730e-01 -4.201447544963947678e-01
-1.678836473111218197e-01 1.034742477293189467e+00
-1.526285105517715124e-01 1.777927791551231707e+00
-1.473017785177717087e-01 2.478504913364506734e+00
-1.607308167898082729e-01 3.252018459431518238e+00
6.065865216862960096e-01 -3.308268703686007228e+00
5.688141843174534529e-01 -2.593681918728147906e+00
5.971045484165955486e-01 -1.863343953538620923e+00
5.926317984464617439e-01 -1.126934756842672414e+00
5.976543198536958812e-01 -4.000963477921040123e-01
5.926894785666831922e-01 1.054925664637814009e+00
5.988288712081555332e-01 1.773155204713933841e+00
5.732252319728203815e-01 2.519842778555467788e+00
5.882342862576805942e-01 3.264597601851335185e+00
5.791751470461790063e-01 3.975509672685618057e+00
1.321361080333758764e+00 -4.027713068688022702e+00
1.333371095276945084e+00 -3.314522933190797715e+00
1.334824744203679359e+00 -2.583633809963078676e+00
1.325908925931770455e+00 -1.844354522712968958e+00
1.308624607818934749e+00 -1.131576487729684999e+00
1.326813392588277907e+00 -4.152189866270958873e-01
1.324167374247302575e+00 1.049999848752882770e+00
1.317764840740707655e+00 1.795466952258660598e+00
1.325824476658809203e+00 2.521036879716000101e+00
1.335500713658532845e+00 3.253089463325700592e+00
1.333437045151597999e+00 3.960153264380430471e+00
2.056220244451971269e+00 -4.025136831233407264e+00
2.035881296319423939e+00 -3.307788030182514660e+00
2.061055594979819716e+00 -2.594391155408242611e+00
2.073622934427099551e+00 -1.855422874440982639e+00
2.077286664343354516e+00 -1.126658019430710311e+00
2.067520035455558514e+00 -3.834014515004504631e-01
2.067709623954627318e+00 3.503757603589718883e-01
2.056126434206930753e+00 1.764039467571400621e+00
2.063712182590712985e+00 2.549264100463634719e+00
2.025931844822459027e+00 3.259133199325177088e+00
2.050507666217640690e+00 3.981929206452996084e+00
2.802609095450989685e+00 -4.020208385044387711e+00
2.784146868436302213e+00 -3.322488941288174402e+00
2.765244891737609123e+00 -2.599050464209589961e+00
2.785185438419887305e+00 -1.860292253891952186e+00
2.790253651876604124e+00 -1.134835170535332338e+00
2.780084027031762162e+00 -3.824342097231365756e-01
2.768856534978546335e+00 3.104663635587705528e-01
2.783130317250595454e+00 1.069393907175772540e+00
2.777318232915234830e+00 1.793634379063465900e+00
2.811779915060697022e+00 2.547071921807372519e+00
2.763006515331866808e+00 3.220049823509199882e+00
2.785090277412606952e+00 3.972114193029668172e+00
3.532718579829221994e+00 -4.029750358597762983e+00
3.554385413066803778e+00 -3.270464527605149385e+00
3.515025512293000531e+00 -2.571631898619639145e+00
3.516205832382915730e+00 -1.873125331444089881e+00
3.513988600355162362e+00 -1.131185449068880189e+00
3.525492890002041690e+00 -4.181903826935737811e-01
3.506107981308851151e+00 3.040138717090528075e-01
3.536871640308120845e+00 1.049929664504297477e+00
3.529242043244252613e+00 1.788186100055110472e+00
3.522970122771525325e+00 2.536282843528891107e+00
3.527697528693046536e+00 3.237452438719785164e+00
3.516951522337919300e+00 3.949187121237223153e+00
4.226178214013081913e+00 -4.007043349114738362e+00
4.240909573163975210e+00 -3.296017841400050941e+00
4.248798620011370986e+00 -2.568912441533218072e+00
4.316743117128005736e+00 -1.863971696437687342e+00
4.230091415248097064e+00 -1.147828026726681827e+00
4.249821126377398173e+00 -4.017848034618012321e-01
4.218878899542090721e+00 3.584590770122346726e-01
4.256562009205055119e+00 1.034264164503689187e+00
4.267979907954995156e+00 1.767532151559343845e+00
4.277946991634514973e+00 2.513664276724107083e+00
4.283185985960294317e+00 3.231351640476347598e+00
4.985349222356155963e+00 -4.012358377492319050e+00
4.982585978525555959e+00 -3.291556720743717079e+00
4.989510398906311650e+00 -2.566834035169698325e+00
4.966171160134940976e+00 -1.125242337963062056e+00
4.976897197236048953e+00 -4.083149593029382629e-01
4.984600302449472053e+00 3.344950698625943630e-01
5.011035090105380618e+00 1.036246975290524119e+00
5.032567542135822691e+00 1.783363461816634299e+00
5.010958254737914785e+00 2.489646219092740864e+00
5.040057587120195137e+00 3.224406003669848531e+00
5.039412853201667986e+00 3.925070194898843567e+00
5.696249999073906167e+00 -4.012754231944271055e+00
5.716663395096354350e+00 -3.288918650701525337e+00
5.713668744193988402e+00 -2.562677080399165419e+00
5.733423299540383766e+00 -1.833840225277803881e+00
5.709328404744788088e+00 -1.129192841064462272e+00
5.703824290004263275e+00 -3.769643414640846402e-01
5.721661912142756989e+00 3.261006577913292404e-01
5.723298241061527847e+00 1.069713179387818514e+00
5.755534222714096870e+00 1.765342060223549225e+00
5.763781368468791300e+00 2.517536072509365397e+00
5.750159096068806264e+00 3.225883189814595653e+00
5.741850958585672515e+00 3.955895203602132426e+00
6.451748545070209673e+00 -4.026523209715627161e+00
6.440162913244755316e+00 -3.298504886342513487e+00
6.449339601335729810e+00 -2.569771149029321577e+00
6.447362989161412372e+00 -1.813365756606859946e+00
6.432360380240567110e+00 -1.100323959535199236e+00
6.481908116424349942e+00 -3.955900094290676350e-01
6.460888440210588612e+00 3.396021708511121062e-01
6.472619531825365868e+00 1.044909904455497696e+00
6.477294023994488725e+00 1.775116882082038217e+00
6.486746501438489076e+00 2.529070474395787471e+00
6.492670113343578464e+00 3.234588271077427635e+00
6.503453895052516032e+00 3.954628540819761895e+00
7.192432597226300572e+00 -4.021038743585812369e+00
7.187104766600540984e+00 -3.326595384932559796e+00
7.186205300693409015e+00 -2.569361384914301993e+00
7.187796759821317494e+00 -1.845715130631106149e+00
7.212344754627523002e+00 -3.980871022443821516e-01
7.223149675934820380e+00 3.299092789466691045e-01
7.179094450111648484e+00 1.039442318508509544e+00
7.240753262292344061e+00 1.768813963365584385e+00
7.234685129442461005e+00 3.218028780095067987e+00
7.244911415490200568e+00 3.942422872569139258e+00
7.922362300465245255e+00 -4.023813930006287620e+00
7.869589946322385288e+00 -3.306141126897074400e+00
7.917374475094732134e+00 -1.852588941303299208e+00
7.958523890685825108e+00 -1.143657254555975555e+00
7.998324770320522248e+00 -4.006284782957152402e-01
7.990476505038543564e+00 3.262527139676549837e-01
7.972905062748367300e+00 1.043634085417561863e+00
7.978060022115421646e+00 1.771430961989299391e+00
7.979641972069430267e+00 2.506846842038843448e+00
7.980448527377113521e+00 3.234427706189173080e+00
7.962103336832228706e+00 3.963351267243730547e+00
8.700567369506266857e+00 -4.034029851147082013e+00
8.691926750703856897e+00 -3.303206790410424532e+00
8.698492975687443618e+00 -2.558337242051223370e+00
8.671976582839292291e+00 -1.877269609535360928e+00
8.701701043625355680e+00 -1.157109036597120166e+00
8.725598278935052576e+00 2.949170045281626074e-01
8.731406912168978351e+00 1.051294169494870090e+00
8.724355182473104264e+00 1.756155216436905420e+00
8.707294743860217068e+00 2.503914961833245911e+00
8.692350402905425710e+00 3.213954352473663789e+00
8.690943819155343419e+00 3.959550737446399182e+00
9.444667597957192129e+00 -2.595609427562603599e+00
9.456752906594481090e+00 -1.151213216515355242e+00
9.449651441496015991e+00 -4.347826373722654125e-01
9.452232381429610086e+00 3.043641776022028012e-01
9.429539417174389371e+00 1.048363801556281061e+00
9.448241792303022635e+00 1.756422490079106780e+00
9.432152127992807777e+00 2.499150495223759094e+00
9.447849040986575631e+00 3.222757503900552933e+00
9.452743421577807226e+00 3.946140633722222901e+00
1.019855163782685281e+01 -1.881346987442956475e+00
1.019326493798391198e+01 -1.158573299454211281e+00
1.019905813901835501e+01 -4.475005515772423337e-01
1.016891894478435177e+01 2.889528542489081531e-01
1.015003271154091635e+01 1.059795649338692414e+00
1.018017139596033616e+01 1.767640110680325449e+00
1.017838001252636815e+01 2.465362649884930590e+00
1.017170342989441423e+01 3.201735607499983871e+00
1.019405921294833206e+01 3.907988656085763068e+00
1.101088926906261634e+01 -4.048137487522989630e+00
1.100057849023509959e+01 -3.330416658532357133e+00
1.100094690556533550e+01 -2.604784257683757431e+00
1.099199289551916081e+01 -1.884289723679323458e+00
1.097583366881239897e+01 -1.144195924609036297e+00
1.096152127852353431e+01 -4.243742909205998615e-01
1.092035234191018844e+01 1.049925635718384598e+00
1.091866993010199849e+01 1.743280224081761531e+00
1.092600467724376045e+01 2.478553097896991630e+00
1.092944934872200236e+01 3.225603155600190064e+00
1.095178454816839775e+01 3.913814800027338947e+00
1.174895296528803357e+01 -3.325012659065340159e+00
1.175298539741150705e+01 -2.595262647622401886e+00
1.176132999523114364e+01 -1.887302186600919640e+00
1.171746904912213694e+01 -1.154223985816486220e+00
1.168137654450990937e+01 2.850245555284551813e-01
1.165613379341580469e+01 1.019941369099690576e+00
1.165224327160493090e+01 1.741299866359209858e+00
1.165335636452736168e+01 2.472201365471438095e+00
1.166903310511364822e+01 3.173674055467913035e+00
1.168211508574020030e+01 3.929966660210489238e+00
1.248937425699288184e+01 -3.310371788486158096e+00
1.248061742982644517e+01 -2.592463217507717133e+00
1.249877176786787203e+01 -1.893087588861067871e+00
1.245194600789456274e+01 -1.137515154627330105e+00
1.245762904413539474e+01 -4.066741018189397039e-01
1.243405950948210403e+01 2.955632759382886832e-01
1.240010197184201246e+01 1.030183657149599696e+00
1.238593254820142420e+01 1.760897573022621287e+00
1.239697901257532919e+01 2.479729966384542905e+00
1.241260022423495002e+01 3.199254506526692410e+00
1.241314050338179698e+01 3.912668245397995292e+00
1.327402296102722801e+01 -4.085808231469254537e+00
1.323041968095024146e+01 -3.323706766537334545e+00
1.323734368634800518e+01 -2.602659224807361227e+00
1.322188199319629831e+01 -1.876627267617600126e+00
1.320731578126427053e+01 -1.137568830119423779e+00
1.320026053606932948e+01 -4.106050727379582099e-01
1.320769391252058966e+01 3.195122354347006421e-01
1.318795041278242763e+01 1.024681897425402610e+00
1.320787414116388447e+01 1.753911679139402935e+00
1.318249617160388709e+01 2.512569938910786504e+00
1.318405307861010556e+01 3.206227423819740352e+00
1.319006376266224123e+01 3.951059817566061838e+00
1.401744668133187588e+01 -4.046169333677227087e+00
1.402286163896226867e+01 -3.317461874685786682e+00
1.401370720728948527e+01 -2.573136544780535218e+00
1.396409108757363526e+01 -1.119900282122095803e+00
1.395672235888787327e+01 3.220925595771504391e-01
1.392595721047814550e+01 1.035766693565506102e+00
1.393101268918959335e+01 1.761359895231919381e+00
1.391651488113483026e+01 2.493290988117770723e+00
1.395231554776044192e+01 3.238916258665121006e+00
1.394055003120307390e+01 3.942352674167224791e+00
1.473115098010448065e+01 -3.319796465049982714e+00
1.475957209130559278e+01 -2.590624555727849554e+00
1.472956044770162976e+01 -1.862964829083306739e+00
1.475130406972890995e+01 -1.146397263201780703e+00
1.474478230413367186e+01 -4.066014231333667794e-01
1.470149025404496257e+01 2.885604256826006520e-01
1.471756505397434012e+01 1.045448067836652228e+00
1.467327014766921423e+01 1.764267465276436297e+00
1.466172968156372036e+01 2.522978235895269705e+00
1.467924853996569823e+01 3.239898689685524857e+00
1.468745735979184275e+01 3.950338597999852652e+00
1.549926922236649318e+01 -4.056623867598609934e+00
1.549526892329425465e+01 -3.318830455572733484e+00
1.550603771935081454e+01 -2.594809377025800501e+00
1.547667089441493715e+01 -1.874691326284636972e+00
1.544649433560828555e+01 3.352189615275484869e-01
1.543002925934793979e+01 1.052975131536477704e+00
1.544196679994580990e+01 1.783330543501325138e+00
1.542260665316052837e+01 2.508222597275274524e+00
1.545746856833734029e+01 3.230524869527755527e+00
1.545500271488754152e+01 3.956791314681865401e+00
1.627779603824005505e+01 -4.039998142742412313e+00
1.626585115228478884e+01 -3.332968777989595566e+00
1.625842198413705830e+01 -2.578955985079407043e+00
1.622506076533971253e+01 -1.131999563211117277e+00
1.621105525173936002e+01 3.544602059964958585e-01
1.620535445054706258e+01 1.027159701977794271e+00
1.617364372973271713e+01 1.782591605002792789e+00
1.620075864509089314e+01 3.247465766089099759e+00
1.618738085663737536e+01 3.960246125776770043e+00
1.701610926650970868e+01 -4.048758035322510551e+00
1.700641344133003940e+01 -3.322802870065959979e+00
1.702856534772251962e+01 -2.594020459749369678e+00
1.701617607742951321e+01 -1.878229482614568013e+00
1.696168084471935344e+01 -1.145885932410685371e+00
1.700019350849668598e+01 -4.187350009975432386e-01
1.695560561676217759e+01 3.428237216989700187e-01
1.692829604412693101e+01 1.775079825348388596e+00
1.693819114045735574e+01 2.510169520497882445e+00
1.691434747096786140e+01 3.250311068518350055e+00
1.694051682396902692e+01 3.950988103920565209e+00
1.774727315255960036e+01 -4.055111531382841861e+00
1.775360398592302147e+01 -3.328439859217354524e+00
1.774891302226427570e+01 -2.637561001050183762e+00
1.775165820551271878e+01 -1.876493514735120272e+00
1.771928578519550967e+01 -1.159493626587863702e+00
1.771645648061938516e+01 -4.313432108006374222e-01
1.771630016262744789e+01 3.095961599847925072e-01
1.769469568032440066e+01 1.800659872404992257e+00
1.768201014750143685e+01 2.518664127652083806e+00
1.767330096154432795e+01 3.230239714073817936e+00
1.767808245684984314e+01 3.958727265421423169e+00
1.848432018660555087e+01 -4.038838220000780410e+00
1.846626441657129192e+01 -3.321130314538002892e+00
1.846047543615524233e+01 -2.607296180319401913e+00
1.845860272297329630e+01 -1.845868520370245847e+00
1.846314027670374713e+01 -1.148659346191312380e+00
1.845058207885105617e+01 -4.364039443154652531e-01
1.845803805760262861e+01 3.594142507287791943e-01
1.841051923613004249e+01 1.050115407325993289e+00
1.840998317258281247e+01 1.719410239274839824e+00
1.842472521902697480e+01 2.535155073633280409e+00
1.842259028375293894e+01 3.231233368937111550e+00
1.843623887039827736e+01 3.969415186059812584e+00
1.920899298868793181e+01 -4.031928609485216697e+00
1.919533394062361253e+01 -3.327967985869939582e+00
1.919324825939590795e+01 -2.581573789706162358e+00
1.917635789353184350e+01 -1.870104740577364311e+00
1.915501388867432553e+01 -1.150416619843401378e+00
1.918272099772036654e+01 -4.114340934237823433e-01
1.915962044379818963e+01 3.124202922210592703e-01
1.917391897146052315e+01 1.063427378399893541e+00
1.915868335273432166e+01 1.799824142463094745e+00
1.914954179884785646e+01 2.522246469857915230e+00
1.915765322428397610e+01 3.265174064403730370e+00
1.914064831598999206e+01 3.972784175669602291e+00
1.992144724743432960e+01 -4.064881081188087109e+00
1.992537166849895414e+01 -3.318682264866883003e+00
1.990387371518317394e+01 -2.590029949036964041e+00
1.991536336609751601e+01 -1.870903752631200234e+00
1.991200566403197314e+01 -1.127591594254589324e+00
1.992518340005315736e+01 -4.055889055898234119e-01
1.989565433766230029e+01 3.406456954881242893e-01
1.992015173761439684e+01 1.047480793997287662e+00
1.987211595719537627e+01 1.779037154787548758e+00
1.990016915872038084e+01 2.505568807744445792e+00
1.988183883970155108e+01 3.249373361866204846e+00
1.989736929910829133e+01 4.005148945327988486e+00
2.066651861180549332e+01 -4.023915071585147274e+00
2.064220967966926423e+01 -3.311033112787931998e+00
2.065170003551570943e+01 -2.578317395779478716e+00
2.064754453806970247e+01 -1.854569919236300990e+00
2.064101845315676798e+01 -1.133365490621006444e+00
2.063047983308808142e+01 -4.072749645207629499e-01
2.063725971114428148e+01 3.261580956444198875e-01
2.063115185076843972e+01 1.048976101120885573e+00
2.063541957570313201e+01 1.781700040766025950e+00
2.065439120291433994e+01 2.507102801980032325e+00
2.062850122000457986e+01 3.242477561123450869e+00
2.064971356382201151e+01 3.979218802777914732e+00
2.142924747791833084e+01 -4.033844169760861575e+00
2.142375503252236513e+01 -3.303446558522669108e+00
2.138505240180545997e+01 -2.601331923255763456e+00
2.139506896160580141e+01 -1.842877941107779804e+00
2.139002879262541512e+01 -1.113387130170650607e+00
2.139100535373248846e+01 3.256549040697969133e-01
2.140147829920420008e+01 1.082450316540040092e+00
2.138941534623737795e+01 1.783495011422491672e+00
2.137087689950549674e+01 2.535636680560664047e+00
2.134683432030880823e+01 3.247541612526838151e+00
2.139530429823457069e+01 3.970738617016380090e+00
2.216248873314734880e+01 -4.047178100414907220e+00
2.214352340000828434e+01 -3.318438925416650420e+00
2.213438999490754355e+01 -2.562960854592787996e+00
2.216937351264615330e+01 -1.851838383552003364e+00
2.216017332577347787e+01 -1.115608038899903676e+00
2.214757214765786131e+01 -4.015147450366320925e-01
2.213948489009163723e+01 3.341950968454412418e-01
2.216494166580420000e+01 1.066903831771522704e+00
2.211820898353974485e+01 1.792526905371083501e+00
2.213301272953200538e+01 2.533944774153464863e+00
2.215062026682591778e+01 3.229650149486005262e+00
2.214621843750913399e+01 3.967141915336974023e+00
2.297215067507813302e+01 -3.985655219246510228e+00
2.294971386049362394e+01 -3.302170395210559661e+00
2.296276857339326227e+01 -2.551810640041406231e+00
2.297227520069202455e+01 -1.844963867481535402e+00
2.291240743619776055e+01 -3.758665948949122537e-01
2.291207042022072216e+01 3.438194524701252419e-01
2.290391750301959206e+01 1.074340291128951463e+00
2.289096906221367789e+01 1.797994993400088504e+00
2.289001029853014302e+01 2.521246829534032230e+00
2.290005735884793836e+01 3.230027987671853396e+00
2.289461498380302373e+01 3.989974525025516527e+00
2.369959229622241281e+01 -4.041419658664231918e+00
2.370437199541549234e+01 -3.301950871522521425e+00
2.370040513618027234e+01 -2.579524575954714294e+00
2.371389155091002010e+01 -1.831607118871865225e+00
2.369579429160242512e+01 -1.108790955729332950e+00
2.368684593378645786e+01 -3.962268918497997561e-01
2.368925232324129837e+01 3.325041210355976773e-01
2.366465524975867396e+01 1.073430065930750743e+00
2.365384025542344659e+01 2.543399781225222256e+00
2.364495298659392120e+01 3.241283955291088148e+00
2.363089795584929931e+01 3.973138068754593633e+00
2.444232718783737823e+01 -4.027486166294654168e+00
2.443495587377609723e+01 -3.304023152336085900e+00
2.444482477899499173e+01 -2.572676464758782089e+00
2.443263888704041875e+01 -1.838551436892796431e+00
2.443648986656678090e+01 -1.115948811692472731e+00
2.441753023408209344e+01 -3.968710377036508419e-01
2.441776654807076596e+01 3.328089017638440339e-01
2.440931611950341562e+01 1.064434430159113987e+00
2.440840936265392003e+01 1.802288805808320404e+00
2.440632475084622399e+01 2.523260666443682965e+00
2.436845768370545073e+01 3.259328143236110975e+00
2.440249041088949156e+01 3.960331235209345380e+00
2.517138780248006213e+01 -4.027425658722705748e+00
2.516685109899235329e+01 -3.302227265375453413e+00
2.516106068711314947e+01 -2.570479302137517408e+00
2.517346933813895760e+01 -1.848112507532416515e+00
2.515661295440608569e+01 -1.111028638535564994e+00
2.514530361184050378e+01 -3.829631448841901431e-01
2.518469429442104968e+01 3.125853535353471102e-01
2.514901775736166911e+01 1.067084131706518946e+00
2.513031019937441357e+01 1.789124481459911209e+00
2.514332361997863075e+01 2.525801535992787450e+00
2.511010950132713759e+01 3.253745813868789583e+00
2.515773954454216010e+01 3.968159303049588971e+00
2.590937440956086135e+01 -4.016717315317912096e+00
2.589827385558781003e+01 -2.578018095341363392e+00
2.586639506233251495e+01 -1.857702876012435667e+00
2.590140542016145275e+01 -1.118686456402901541e+00
2.588666595835552187e+01 -4.015431309144013028e-01
2.589620385069741104e+01 3.248650831036492548e-01
2.589328398707924350e+01 1.055169675489548098e+00
2.589068916159815359e+01 1.793763398944825838e+00
2.588120293531930116e+01 2.512787123650234378e+00
2.587505225701710287e+01 3.247487870984429037e+00
2.588035853963960875e+01 3.968579316272517588e+00
2.664208937909123165e+01 -4.015164843758650903e+00
2.659301040830700913e+01 -3.289023864219377202e+00
2.666335614710044410e+01 -2.572394704990561110e+00
2.662755423593079485e+01 -1.844996808932513943e+00
2.663094806089663535e+01 -1.135040042999829524e+00
2.662964497133948782e+01 -3.970258781023545680e-01
2.661567039994570649e+01 3.285396367742805523e-01
2.661479528435220487e+01 1.051160046840017515e+00
2.661044635051569429e+01 1.781034403406607680e+00
2.663066342190782620e+01 2.500500142977944762e+00
2.662507653846020617e+01 3.243806296345582041e+00
2.663712197520592184e+01 3.975354512489907677e+00
2.736869896503849731e+01 -4.010640813869152055e+00
2.737033974496108613e+01 -3.317120460919817049e+00
2.736105596122487782e+01 -2.582069621518339630e+00
2.736355750975359058e+01 -1.851613790401025028e+00
2.735455191516398088e+01 -1.123627113434721991e+00
2.734748524598919062e+01 -3.835618262510180898e-01
2.735685048188177859e+01 3.313628959830801080e-01
2.733078660309745800e+01 1.060534086292214795e+00
2.736758678057471172e+01 1.800503625385076134e+00
2.737711267158488226e+01 2.532165662500542425e+00
2.737082363336312341e+01 3.239203447742191599e+00
2.735847036931022558e+01 3.973850806675429226e+00
2.811585468509800023e+01 -4.029872735826984353e+00
2.807926300786947138e+01 -3.338840138123408963e+00
2.812054347575148228e+01 -2.581210741155718580e+00
2.809989998520355670e+01 -1.854020990871674712e+00
2.810460004957199232e+01 -1.123499119780760225e+00
2.808615873390404971e+01 -4.190863861906493071e-01
2.809952497778618863e+01 3.348309325308598261e-01
2.809651194072828417e+01 1.036291165194818120e+00
2.808043990093054276e+01 1.808636180912561287e+00
2.809830286026048185e+01 2.515328355120018955e+00
2.811452986579795521e+01 3.243579761881122181e+00
2.809671904403595022e+01 3.975507622230068705e+00
2.884282984448106646e+01 -4.048741476022691188e+00
2.883557529003554265e+01 -3.302390169841110890e+00
2.884160131391625015e+01 -2.568721850658139516e+00
2.885426892136397470e+01 -1.864299146742375513e+00
2.884017835206245906e+01 -1.114265589476577389e+00
2.885322756099906627e+01 -3.950898294553120138e-01
2.885003412659920485e+01 3.256533067837636963e-01
2.884704565210282823e+01 1.046777630372311307e+00
2.885664128922424965e+01 1.774907996743792182e+00
2.882789013877191309e+01 2.514526940417773915e+00
2.882298410956673962e+01 3.250033509771370177e+00
2.884599298103004372e+01 3.974066283240318853e+00
2.960686430698907401e+01 -4.034361841958453709e+00
2.958420352471640768e+01 -3.315303629201469704e+00
2.957887649478306713e+01 -2.562371874325513943e+00
2.957825264569824952e+01 -1.865835007332464102e+00
2.956021992473150561e+01 -1.135167577097210057e+00
2.955801318951214540e+01 -4.072516499846159377e-01
2.956009612828966482e+01 3.222347002431860119e-01
2.956988642392783362e+01 1.048156931695160665e+00
2.956890396268564558e+01 1.756599022066357207e+00
2.958453265675566257e+01 2.504161031517547542e+00
2.959046510795329965e+01 3.219434462722276180e+00
2.958927724840032880e+01 3.972534365618187735e+00
3.033390422955421428e+01 -4.037982850681867575e+00
3.034916124968479068e+01 -3.320113767396861704e+00
3.033483975433158975e+01 -2.591728853416260137e+00
3.032919201031446477e+01 -1.861249399082993250e+00
3.033090381928392532e+01 -1.129227710688269326e+00
3.030964748574587730e+01 -4.109755691006711231e-01
3.032473477814347262e+01 3.110101041018218382e-01
3.031109179863326375e+01 1.062957436309808656e+00
3.031094502614478614e+01 1.782815231989953730e+00
3.031415579021244611e+01 2.498395228733038209e+00
3.031879043740898538e+01 3.221133345975388806e+00
3.031879020583924245e+01 3.950287036443583588e+00
3.106167065129789506e+01 -4.030422302775622967e+00
3.106605892909133360e+01 -1.851218030466203146e+00
3.106146101034351403e+01 -1.141271495230483879e+00
3.105882296908450968e+01 -4.017180934504231971e-01
3.106826411570104796e+01 3.257080392235529587e-01
3.104897543521908432e+01 1.035039175862451089e+00
3.104898102322798792e+01 1.774018668587746816e+00
3.105539419567934800e+01 2.506498601358284617e+00
3.105297884898633498e+01 3.228407543305550575e+00
3.104224307240038883e+01 3.949145635479190730e+00
3.182002521678230522e+01 -4.042126353439346786e+00
3.181093177478954459e+01 -3.299911509014538780e+00
3.180209742041974863e+01 -2.588205750321673548e+00
3.181772916016326036e+01 -1.862811094518850297e+00
3.179633898542719095e+01 -1.135677906667314829e+00
3.179039254280171889e+01 -4.190550870838052333e-01
3.179473641551835073e+01 3.189718137652590713e-01
3.179596135504484522e+01 1.048491853806531537e+00
3.180061610777952552e+01 1.782838686392114624e+00
3.180508855072614693e+01 2.509879339942440168e+00
3.178698560158692743e+01 3.249365454142065346e+00
3.178730745088409293e+01 3.966545306228447032e+00
3.256350611861655153e+01 -4.039523186470425742e+00
3.255396658599817528e+01 -3.313775033808997961e+00
3.252657752869530583e+01 -2.579031638277051286e+00
3.254240086937343079e+01 -1.870812991799628122e+00
3.252371874593583101e+01 -1.118518050912456374e+00
3.253910603524681022e+01 3.175380496000030917e-01
3.253754671428617229e+01 1.034981216543961580e+00
3.251609658341015319e+01 1.783163286506422196e+00
3.252604296080561852e+01 2.509601158844105839e+00
3.250663349520988987e+01 3.223378382926121333e+00
3.255133338673517329e+01 3.948122361429774685e+00
3.327569387697140968e+01 -4.040678140457504952e+00
3.327837874842686716e+01 -3.313098998085060032e+00
3.328445911215379027e+01 -2.568865003839622574e+00
3.327401673843915120e+01 -1.853630162309144680e+00
3.327508235956309335e+01 -1.126114487417716248e+00
3.326257224373573962e+01 3.128321648542140565e-01
3.324313370292178860e+01 1.054252997094526023e+00
3.329258372625255191e+01 1.768963679744445017e+00
3.327594227742839195e+01 2.502747680265834163e+00
3.326517001642738336e+01 3.239775049999302325e+00
3.327693197371223022e+01 3.958459501524281166e+00
3.401028928901310877e+01 -4.030778431869151746e+00
3.400730747752712801e+01 -3.307486586322568201e+00
3.402271154439630862e+01 -2.585368689224267769e+00
3.399716680106832456e+01 -1.862978215782067792e+00
3.400074386199657539e+01 -1.122212171769024991e+00
3.401243324968763915e+01 -4.028732548493998422e-01
3.399366959023827661e+01 3.207827089283235011e-01
3.400191148436892519e+01 1.051668124412522332e+00
3.400033943955971694e+01 1.770336604498332633e+00
3.398244540340041198e+01 2.518835473216704202e+00
3.401420292298036685e+01 3.239468140023177511e+00
3.398827619128315547e+01 3.981403639747654211e+00
3.475472092289822257e+01 -4.017763980856884132e+00
3.474732471740312434e+01 -3.298308910935670468e+00
3.474179687059355359e+01 -2.572698365505974749e+00
3.473044123603948918e+01 -1.857930174066506623e+00
3.474467254915322911e+01 -1.130657272770385191e+00
3.473522918470568044e+01 -4.075001938715310246e-01
3.473549575197387895e+01 3.205700076750801486e-01
3.473363539558341273e+01 1.066048730254067323e+00
3.473960978598945104e+01 1.794320664881645655e+00
3.475557010383393930e+01 2.507474046204919205e+00
3.475722678417262301e+01 3.242081709227441877e+00
3.472378424452863754e+01 3.976743466717600484e+00
3.547927314102461338e+01 -4.027315497601254179e+00
3.543569068371585473e+01 -3.320189551387027649e+00
3.547062767291675556e+01 -2.568647342307187387e+00
3.546844709545977281e+01 -1.850020689515826433e+00
3.548145870974946803e+01 -1.145900592559055298e+00
3.548405306087536104e+01 -4.178010926698263461e-01
3.545572901240984010e+01 3.341537546908561751e-01
3.546650883388694098e+01 1.042081051543853221e+00
3.545142228393203965e+01 1.796056437323485966e+00
3.544532466348483268e+01 2.501291566545159384e+00
3.547990357239152814e+01 3.241639954970530368e+00
3.545853715791978544e+01 3.966813312199583663e+00
3.621516636859197291e+01 -4.005069254693879088e+00
3.620842759988202175e+01 -3.279691371541495926e+00
3.621130412671403320e+01 -2.567321509883946362e+00
3.620554503316898121e+01 -1.851552555776031284e+00
3.620861294144953746e+01 -1.123233596711273208e+00
3.619447318756102305e+01 -3.947702150801042364e-01
3.621338668709328346e+01 3.470737190254418181e-01
3.621256753198552047e+01 1.089417427636842461e+00
3.621759237551523114e+01 2.512625946315612424e+00
3.620220769945211003e+01 3.251944816106153269e+00
3.621602342623747717e+01 3.998339552587076184e+00
3.691571499340867746e+01 -4.053550773011071584e+00
3.692391485434736609e+01 -3.290270929320797677e+00
3.693541618138517180e+01 -2.624744779712763432e+00
3.693760349360156425e+01 -1.845909596498351846e+00
3.693282172516511963e+01 -1.116175571197235428e+00
3.692817955234371397e+01 -3.913455387172781741e-01
3.696511021038796940e+01 3.429746937570428145e-01
3.694022054107090725e+01 1.054638895480511707e+00
3.693691678595991590e+01 1.833398558191067451e+00
3.693727941312108243e+01 2.531630879207003915e+00
3.697120505312101812e+01 3.289047279104693189e+00
3.698062862923659821e+01 3.974281102146143496e+00
3.770103211145502797e+01 -4.019181093282043093e+00
3.766784877341799387e+01 -3.292768814707002889e+00
3.766914543690500494e+01 -2.561689555395144424e+00
3.765855076119819245e+01 -1.111276732622712871e+00
3.766080147980176918e+01 -3.793589220141164731e-01
3.764449893415001469e+01 3.812664871797544208e-01
3.766964900455236176e+01 1.095501502811302430e+00
3.768423109385700087e+01 1.778258802740499078e+00
3.770265100427806004e+01 2.535326144694337813e+00
3.766913571739795685e+01 3.259723207593012262e+00
3.768447820047885699e+01 3.982431204267221858e+00
3.841881858409747252e+01 -4.002373974682033264e+00
3.842623805047563934e+01 -3.270951906755144023e+00
3.841371863284872035e+01 -2.564370393438526463e+00
3.840153340439638185e+01 -1.842574175939809322e+00
3.841734375536518797e+01 -1.108640441261929510e+00
3.839361838386498249e+01 -3.727469827515967893e-01
3.843164561407541413e+01 3.815716127508537170e-01
3.843687327047718583e+01 1.080872173637096978e+00
3.844709759247829339e+01 1.797479587109481969e+00
3.842165720483034619e+01 2.548155226724443168e+00
3.923297868198677207e+01 -3.976897522726584810e+00
3.920109906926577281e+01 -3.248637731313603894e+00
3.918809426410786756e+01 -2.570571434460813265e+00
3.919379500921160542e+01 -1.804425993742512446e+00
3.924246084647841570e+01 -9.996314169657196658e-01
3.917598583709854410e+01 -3.175164813117312690e-01
3.918950807320545238e+01 2.581099177804492939e+00
3.911573214103000140e+01 3.130903235235216187e+00
3.992322450221605123e+01 -3.307441806865558220e+00
3.991077064563311438e+01 -2.574297091356939404e+00
3.990256318508942712e+01 -1.795452862734627786e+00
3.999216885356650408e+01 1.090415316977576765e+00
3.999915232287658995e+01 1.843045415378394836e+00
4.000156024631522911e+01 2.603538225611973900e+00
4.000770367466257227e+01 3.308834756074091388e+00
4.000166332437995464e+01 4.012275190457614826e+00
4.073865826599760709e+01 -3.998380910307115954e+00
4.072306146275773386e+01 -3.253208584302790030e+00
4.071801979181538655e+01 -2.521478607583528486e+00
4.071317840165689717e+01 -1.796547133235268490e+00
4.072065612583515559e+01 -1.068808202057020651e+00
4.073266566925652654e+01 -3.409245671566125679e-01
4.075301152572952645e+01 1.110607093928191347e+00
4.073239529020825245e+01 1.835870650824407591e+00
4.072331985927142028e+01 2.564401084879246895e+00
4.070673279403535361e+01 3.322436540729547971e+00
4.071588815824481600e+01 3.998380910307112401e+00
