-2.526756484649290257e+00 -4.100311640367397814e+00
-2.518702739471166296e+00 -2.596803072803442802e+00
-2.525691530571229748e+00 -1.914071461070776081e+00
-2.522532027995900705e+00 -1.170356335587023011e+00
-2.542583016055402823e+00 -4.599519080690832595e-01
-2.524826892003183332e+00 3.370808456000737863e-01
-2.522733672566168650e+00 1.028081504221447062e+00
-2.522529967234440562e+00 1.748262409293300124e+00
-2.518677553655514600e+00 2.449094594398349756e+00
-2.527923457071082680e+00 3.180519187964826244e+00
-2.517698761865091228e+00 3.928862277456573793e+00
-1.692708646511732695e+00 -4.066807057841757000e+00
-1.711953979891184474e+00 -3.356379976365513329e+00
-1.718465453335646487e+00 -2.614507384198617501e+00
-1.756346808059603859e+00 -1.887075667469936491e+00
-1.736875410474944204e+00 -1.165169177543525336e+00
-1.721934650919024534e+00 -4.561159767752585026e-01
-1.753869751840959168e+00 1.019249145946869106e+00
-1.776852664214622735e+00 1.751207249070478866e+00
-1.772915602590458661e+00 2.456455937456048844e+00
-1.791499879166188691e+00 3.242095973583559498e+00
-9.905320111883924028e-01 -3.337822715460529110e+00
-1.054053915934055397e+00 -2.616284229068867262e+00
-9.958852262946891187e-01 -1.890353162936122544e+00
-1.006279738328792916e+00 -1.151916936561587335e+00
-1.002860353733552756e+00 -4.347995490718652434e-01
-1.000990426455473425e+00 1.045037867667385711e+00
-1.006194147693577179e+00 1.751322520519412507e+00
-1.035648907698700327e+00 2.503283357929991126e+00
-1.027689450733952015e+00 3.249320197526245124e+00
-1.028083352043552168e+00 3.972404445807207196e+00
-2.627474460770571341e-01 -4.052476327288768942e+00
-2.565935956930402995e-01 -3.336301375683131454e+00
-2.517697560909653021e-01 -2.603166667641584553e+00
-2.661165117139319136e-01 -1.866656247343605912e+00
-2.928754664688284493e-01 -1.170656482382543828e+00
-2.605576177889119549e-01 -4.382817296187226930e-01
-2.699039599512147447e-01 1.008983877108828864e+00
-2.850864753493951298e-01 1.781840753515396614e+00
-2.860658289308730673e-01 2.520098911091256610e+00
-2.645464110598325647e-01 3.238544687784305154e+00
-2.660390780693049351e-01 3.964345505352582677e+00
4.744976899993389452e-01 -4.031137060357902868e+00
4.415193584374961233e-01 -3.317117406100845045e+00
4.656807231647093204e-01 -2.612386400094663941e+00
4.823699969071881810e-01 -1.874209280683697187e+00
4.869484422300089932e-01 -1.151181459089450243e+00
4.818314351900028214e-01 -4.051955708292531710e-01
4.815219749288743856e-01 3.244893556302983484e-01
4.600678038714534068e-01 1.746364224441283142e+00
4.730383760798488879e-01 2.537473577947878312e+00
4.016471520714830490e-01 3.259566178095390399e+00
4.710730865326979711e-01 3.988944044012271206e+00
1.220548296396096077e+00 -4.022692281007611115e+00
1.194574082497368295e+00 -3.353764558542295049e+00
1.169957132634067420e+00 -2.612937747195339000e+00
1.198788590596258530e+00 -1.884822790710860119e+00
1.210739859506240634e+00 -1.159649503073744370e+00
1.193061484234405611e+00 -4.086981228678325806e-01
1.156771094409172917e+00 2.863245260870996844e-01
1.192161866570806694e+00 1.025818808443805352e+00
1.198383820740197336e+00 1.767550502477508445e+00
1.225107905171363143e+00 2.536186677736985473e+00
1.165823457234580474e+00 3.193702129920339416e+00
1.204677228515734555e+00 3.963805084389107947e+00
1.954501280955504683e+00 -4.030648320884807845e+00
2.000485668122614413e+00 -3.255317686452183779e+00
1.925336027735980338e+00 -2.577848436561765766e+00
1.932658809533123190e+00 -1.893534517591010768e+00
1.933315571494595986e+00 -1.153256324370925512e+00
1.936808255815641644e+00 -4.609689169453830004e-01
1.924417110241193996e+00 2.721861699907961452e-01
1.961746812251192296e+00 1.023129933964888494e+00
1.965519340886515920e+00 1.754573874772408004e+00
1.951557797625611101e+00 2.546145861143351397e+00
1.953169231216953960e+00 3.220389447982931586e+00
1.945971684277779445e+00 3.930656512711486528e+00
2.651190408165398082e+00 -4.012281415712646293e+00
2.661907524123591884e+00 -3.293625137327051533e+00
2.666041912405297865e+00 -2.570367470714678859e+00
2.736137767887640848e+00 -1.855824463576894345e+00
2.644423785103803937e+00 -1.171793844888718183e+00
2.672765966945959804e+00 -4.288409440542508833e-01
2.610208732727620884e+00 3.424551596670077913e-01
2.695561195575827185e+00 1.000289778571250565e+00
2.702463141452128070e+00 1.745395688258565059e+00
2.722567967084579266e+00 2.489281590933806854e+00
2.746396062055517007e+00 3.212750509688611089e+00
3.403555772026926718e+00 -4.015092815118357805e+00
3.407607657768153331e+00 -3.294842383332024838e+00
3.411132537709121948e+00 -2.568445670159274385e+00
3.389006381811952906e+00 -1.148300337656959158e+00
3.397601018580331811e+00 -4.398690098509163704e-01
3.414512703393114634e+00 3.119566106135280847e-01
3.446838030849214363e+00 1.014308076356865485e+00
3.488304053291727769e+00 1.757902509726722684e+00
3.471492046726034175e+00 2.463128333206434206e+00
3.492172770357399259e+00 3.181270765680139334e+00
3.528553558655893596e+00 3.875080612306064154e+00
4.129962241437453940e+00 -4.017717525317912930e+00
4.148844775178623934e+00 -3.290130582232070111e+00
4.141582752921657118e+00 -2.564573661902336710e+00
4.162562997157245093e+00 -1.835132487386353262e+00
4.140657941886857429e+00 -1.147672568839890772e+00
4.138768020855856378e+00 -4.027366400111382916e-01
4.166887949324568297e+00 3.014374870586173927e-01
4.164619576046618477e+00 1.044783707562793040e+00
4.215407765319937994e+00 1.746017187596326181e+00
4.246414996536067576e+00 2.495155414149266448e+00
4.226508326289746265e+00 3.184126452609220337e+00
4.212030680162953900e+00 3.932940362603005724e+00
4.889607231715224600e+00 -4.024365411370329326e+00
4.870787429493262266e+00 -3.307497026028336506e+00
4.883450827838395014e+00 -2.567914068701622199e+00
4.883259857080467725e+00 -1.820629558544897719e+00
4.871692430473444801e+00 -1.108829499678861907e+00
4.932648592325456605e+00 -4.114028487731751227e-01
4.913076590946189981e+00 3.113055735763872178e-01
4.929548569117031320e+00 1.006614823100377976e+00
4.934527962686409808e+00 1.752902098958408317e+00
4.964666245030421976e+00 2.505452424843390702e+00
4.986814062240362944e+00 3.206263295765232613e+00
4.993034379272636158e+00 3.913758989285270218e+00
5.641401298648389684e+00 -4.020376551629638584e+00
5.621553368901935244e+00 -3.334425175458111568e+00
5.630713220970228861e+00 -2.572518847825477906e+00
5.632520405141086428e+00 -1.850984911496169616e+00
5.717999545711940357e+00 -4.158981100052905333e-01
5.688957904058597137e+00 3.197807661672236179e-01
5.651338221199267764e+00 1.016143109923010712e+00
5.694980560284683690e+00 1.760099912227353514e+00
5.725791232304352718e+00 3.180327392646823625e+00
5.754615031473250042e+00 3.905262934007737385e+00
6.359326640195831715e+00 -4.025872437740993348e+00
6.317131665461083401e+00 -3.316525407343657861e+00
6.374566806004040131e+00 -1.857365636026798938e+00
6.428162192156072763e+00 -1.152586692481914810e+00
6.479902310904861906e+00 -4.070214334764763464e-01
6.494599152649357166e+00 3.157378964157686596e-01
6.453301023959433280e+00 1.029504897019894116e+00
6.455443292216337170e+00 1.719479631860888702e+00
6.470657551420003983e+00 2.471440560344742465e+00
6.479484059389150730e+00 3.204438342259351202e+00
6.469781421669978272e+00 3.946910830377582613e+00
7.177251779306281776e+00 -4.025566208093458442e+00
7.163986970888373662e+00 -3.313607886080745857e+00
7.174376678460113510e+00 -2.539381173262121649e+00
7.131873370280480628e+00 -1.897076670601926196e+00
7.183661235339819484e+00 -1.185938115225706468e+00
7.223965398526168258e+00 2.586733361956703448e-01
7.230257627349168104e+00 1.010598329226915837e+00
7.216750197739351336e+00 1.717846882549633136e+00
7.203814091357926941e+00 2.467096741478407296e+00
7.200561871055015217e+00 3.178824034885515459e+00
7.195800002530774009e+00 3.924160400150242367e+00
7.945555436047790465e+00 -2.623399258645804366e+00
7.969370297061153963e+00 -1.190715645039308157e+00
7.962286904456256309e+00 -4.720128426224086127e-01
7.944314207886989720e+00 2.689176474787942084e-01
7.930811486917477282e+00 1.001676891922276269e+00
7.952249588002246128e+00 1.712457018215083338e+00
7.940058133988614486e+00 2.451178200452766021e+00
7.954809086258791240e+00 3.186716739387065900e+00
7.978600306911161510e+00 3.893109027765525809e+00
8.724060541253422230e+00 -1.923837270911015196e+00
8.708166210710125199e+00 -1.209646900725573460e+00
8.720147843813883526e+00 -5.010369949194490857e-01
8.688417246964313279e+00 2.321426906581613991e-01
8.671443406350434202e+00 1.013598050848496968e+00
8.691461728886189064e+00 1.716235319918038016e+00
8.716902392218386808e+00 2.413774184828380243e+00
8.711647347310019995e+00 3.140086697312781894e+00
8.755930057168022529e+00 3.838156054392932504e+00
9.607664550196190589e+00 -4.069477966913147782e+00
9.605098070078135208e+00 -3.344814066776830686e+00
9.599022540841801288e+00 -2.614656583805729184e+00
9.550871178280218032e+00 -1.933205399334735120e+00
9.527992271381322098e+00 -1.190009589649246635e+00
9.513094635660714005e+00 -4.829630035433645219e-01
9.444853492328391553e+00 9.883572337001069741e-01
9.439699878126852184e+00 1.665534012086908433e+00
9.461793275296692229e+00 2.419143091677330659e+00
9.475589370733764838e+00 3.159016199133290570e+00
9.529744154274084167e+00 3.837837485115983327e+00
1.037316349999298382e+01 -3.372641978847759958e+00
1.036971773780569350e+01 -2.629417415557355753e+00
1.037454437346609382e+01 -1.933505395894595580e+00
1.030252213749140111e+01 -1.205197225031529484e+00
1.023312213811180982e+01 2.220500529798741240e-01
1.020166913400323239e+01 9.580314669481033718e-01
1.020342633948627764e+01 1.674137454211141574e+00
1.021201533600009981e+01 2.390659744763077299e+00
1.025802408253425568e+01 3.085271346668541526e+00
1.028817821656722487e+01 3.857488155057602341e+00
1.114728093063217074e+01 -3.358906360872346397e+00
1.113101628582514024e+01 -2.634256911013935110e+00
1.115859741397439819e+01 -1.961246916868383039e+00
1.108844888666732231e+01 -1.190459101353546600e+00
1.108275648483967046e+01 -4.751167019803688163e-01
1.101972348435842264e+01 2.291737043146824249e-01
1.096339584304482884e+01 9.487204767359358470e-01
1.094523210399870550e+01 1.685197021664112782e+00
1.096852995361723515e+01 2.405583769375553516e+00
1.102307592101423950e+01 3.100493225622741988e+00
1.102953000362148117e+01 3.821126135412853841e+00
1.203401739177553509e+01 -4.126995561848602279e+00
1.197486629130595759e+01 -3.384805029282055955e+00
1.194516994073892846e+01 -2.683378976822854867e+00
1.188527744904872918e+01 -1.950221537177771580e+00
1.186587266632987792e+01 -1.190122432178810641e+00
1.183653608421722936e+01 -4.638409192988284246e-01
1.186522309056524449e+01 2.544866017977795991e-01
1.180314189621846310e+01 9.280741498314988291e-01
1.190425959460971939e+01 1.658471104338090640e+00
1.183484150685971059e+01 2.435548737854261958e+00
1.180873508335144351e+01 3.123348065123465744e+00
1.185451767549324131e+01 3.839024656368060562e+00
1.285494324052429249e+01 -4.081403576995626281e+00
1.286448592373651678e+01 -3.366193509123721839e+00
1.282993715545774904e+01 -2.615482496551802427e+00
1.277320422917476606e+01 -1.157019298271514174e+00
1.269707529823637771e+01 2.452153665120206938e-01
1.260829858563403150e+01 9.669052546446579299e-01
1.260670356580528306e+01 1.693237207948694589e+00
1.258428973472214096e+01 2.418457405946067951e+00
1.261962308647270703e+01 3.155058903181370056e+00
1.262219057179222403e+01 3.854002517986629073e+00
1.356249400238964853e+01 -3.371173039195809906e+00
1.363855648041089808e+01 -2.628422488021168846e+00
1.357919056481478748e+01 -1.927416328254118127e+00
1.359272705427859762e+01 -1.210217241892678430e+00
1.355199847584360384e+01 -4.735852988274373843e-01
1.351349164510687473e+01 2.560012964814717407e-01
1.346426436958408601e+01 9.836063165811133047e-01
1.337874175291760537e+01 1.698270571761405279e+00
1.334173420298378687e+01 2.469362691127443554e+00
1.335232229958359085e+01 3.158634825245478339e+00
1.341463122368309513e+01 3.860298247714617048e+00
1.443185619042289858e+01 -4.104476639317308440e+00
1.440979585929660090e+01 -3.368365891437861137e+00
1.440438059872083443e+01 -2.636621098547070829e+00
1.437926923169435867e+01 -1.925266204546449700e+00
1.423697970401416768e+01 2.925365920020190913e-01
1.419302570260318674e+01 9.995884278793916167e-01
1.418538284202715971e+01 1.718707413643233650e+00
1.418994533070507913e+01 2.418102884608764214e+00
1.424951732711878094e+01 3.136746375729046576e+00
1.427259549430362284e+01 3.863721314110996730e+00
1.528317842121575154e+01 -4.087914576667710520e+00
1.528650374086241470e+01 -3.404582196542303762e+00
1.521160314210734299e+01 -2.615614806341319820e+00
1.512156716829996128e+01 -1.179500737913127040e+00
1.507489555970951045e+01 3.092721460542122713e-01
1.507008732568924358e+01 9.562928784039925745e-01
1.495723815642603682e+01 1.721146294965944179e+00
1.501395274655951084e+01 3.169998589934316158e+00
1.500371804305594736e+01 3.881051139814196915e+00
1.605989045702320794e+01 -4.114580724904985942e+00
1.605366389690176732e+01 -3.386003286575380855e+00
1.607482460399303648e+01 -2.662000770960631257e+00
1.605725224304147503e+01 -1.950236427056943000e+00
1.594315363352846049e+01 -1.219836460242412102e+00
1.601865366810802271e+01 -4.844854169125234478e-01
1.583056605948213047e+01 2.973643926402651516e-01
1.577074732873431628e+01 1.739086385858342965e+00
1.577875498838540835e+01 2.454740977637513311e+00
1.574362407031227917e+01 3.179465428902517488e+00
1.579938383916966416e+01 3.860786249562671912e+00
1.679643593606047602e+01 -4.129231998455978214e+00
1.680341992710685162e+01 -3.397712774410326375e+00
1.678564845692937979e+01 -2.704482811079824245e+00
1.677983641161350903e+01 -1.951995068090344176e+00
1.673616931865608137e+01 -1.231321370759179246e+00
1.671234414216715436e+01 -5.109211635889963077e-01
1.669592708671759596e+01 2.378109563637096358e-01
1.660135600864207817e+01 1.770185502791420618e+00
1.657646401361444788e+01 2.451706716908621075e+00
1.654193885740448877e+01 3.123854724372705505e+00
1.656477329981925806e+01 3.888501802864553270e+00
1.755198147981425194e+01 -4.106912517736240886e+00
1.752125126552209622e+01 -3.398051832776648240e+00
1.749924200767433291e+01 -2.688473118880871482e+00
1.748425167456832696e+01 -1.922917962934839409e+00
1.747347018207366887e+01 -1.221196034583464041e+00
1.743853459655304050e+01 -4.971865106907316090e-01
1.743736235413481950e+01 3.048232792194163210e-01
1.737170762555428638e+01 9.898797231581610845e-01
1.735924922633658696e+01 1.662879526142226894e+00
1.735151401864691678e+01 2.488137499123453722e+00
1.734670025043596553e+01 3.185082585563371538e+00
1.737942028176738063e+01 3.925802776839958597e+00
1.826441458175070665e+01 -4.079821165110050885e+00
1.825399236069461750e+01 -3.391491299603547560e+00
1.822336809379812905e+01 -2.638913977282374645e+00
1.819925581413540527e+01 -1.930150705859020377e+00
1.815770199965588461e+01 -1.212738066355143474e+00
1.818015080253885429e+01 -4.655213168744936070e-01
1.813537959943365507e+01 2.595834810325250430e-01
1.813324687440140792e+01 1.029762623094576668e+00
1.810910286162653193e+01 1.743442533004870398e+00
1.810688259942026690e+01 2.487586267310302190e+00
1.807288976551632942e+01 3.225894403921415687e+00
1.808034485587846518e+01 3.937453629112411591e+00
1.898101502534871798e+01 -4.112052999914279638e+00
1.896900936838039797e+01 -3.372468623423301892e+00
1.893453705206929527e+01 -2.634885937545302426e+00
1.893189779784482596e+01 -1.925625640835047392e+00
1.891073677083476667e+01 -1.175797657732839951e+00
1.891039531501670012e+01 -4.512208490587923393e-01
1.887344128691443501e+01 2.981963206963413882e-01
1.888912352706773135e+01 1.008669783665609998e+00
1.882950574925107645e+01 1.753599997564467827e+00
1.883765601245551125e+01 2.479230813147509593e+00
1.880747979183852436e+01 3.234337780470568191e+00
1.884948362032586999e+01 3.988410152377085183e+00
1.980635777173226586e+01 -4.031428852663676565e+00
1.969691789854409336e+01 -3.330693832673247812e+00
1.968913596961439794e+01 -2.602314533250236650e+00
1.966611634918375273e+01 -1.899132291395847716e+00
1.963027619664291024e+01 -1.165258130651299240e+00
1.961609853196659259e+01 -4.444768167238493106e-01
1.962365608395523964e+01 2.921154379287003167e-01
1.960494821052889591e+01 1.011822805268003833e+00
1.958838845500072523e+01 1.756542505476648586e+00
1.959677440730160214e+01 2.484662972646408008e+00
1.957868550086196535e+01 3.213589380679891860e+00
1.964126599439823906e+01 3.956040198887613712e+00
2.055467343448256656e+01 -4.082632937575446874e+00
2.054137697725679601e+01 -3.335236628869296283e+00
2.050603137863379288e+01 -2.589979928222369665e+00
2.045750051969907446e+01 -1.840802940918372599e+00
2.044239785828229117e+01 -1.120035103265696108e+00
2.039282864277996055e+01 3.025735095820962783e-01
2.054179758927817545e+01 1.012557655107301002e+00
2.044538273256371497e+01 1.760673604057537034e+00
2.039639110804980504e+01 2.516090991607448757e+00
2.042734577041588295e+01 3.246286591966224933e+00
2.044347474287331323e+01 3.865518217119635835e+00
2.128734592047337060e+01 -4.084168683013498224e+00
2.126347394767306298e+01 -3.333991380480124889e+00
2.123867176677823920e+01 -2.588155875758712199e+00
2.127044789284306603e+01 -1.881236783844570937e+00
2.130996304159345556e+01 -1.156516029273657153e+00
2.126326193623067695e+01 -4.217518338638406306e-01
2.124831832583106461e+01 3.052909796359415395e-01
2.129785859261296821e+01 1.042895804835435314e+00
2.122606214240396127e+01 1.762189356517563255e+00
2.124391275968477544e+01 2.516940658079157345e+00
2.126934633877656466e+01 3.194654456834626899e+00
2.128980753056042374e+01 3.931239516026678871e+00
2.239066555709132444e+01 -3.974215532987017241e+00
2.232366742576590468e+01 -3.339846646087057280e+00
2.233420765503072403e+01 -2.537129455676129908e+00
2.238706308517807742e+01 -1.826320455945857901e+00
2.228336048984255058e+01 -3.132436823003708071e-01
2.213581633555943284e+01 3.296529133241676846e-01
2.214560471082429416e+01 1.063755118278052691e+00
2.206577427370978484e+01 1.781887418307682935e+00
2.207027571240230657e+01 2.496217713590898057e+00
2.207271112465631546e+01 3.197034960022548944e+00
2.205261243814370431e+01 3.960912606373028666e+00
2.308210141178395958e+01 -4.065731582102522168e+00
2.308425253231457219e+01 -3.328294185933522442e+00
2.307236512275967755e+01 -2.604087087019081537e+00
2.308528652846761986e+01 -1.862621906261228588e+00
2.306455454111979009e+01 -1.135431580773371252e+00
2.304128554926792560e+01 -4.061694075384743030e-01
2.302755868759798119e+01 3.183200170715352328e-01
2.293122088608857467e+01 1.058077001923127369e+00
2.295062361164084308e+01 2.542582047499543307e+00
2.289247526586381554e+01 3.222924801466497513e+00
2.285375047691597672e+01 3.921195611667840808e+00
2.382082398144603275e+01 -4.049753977994679843e+00
2.381060363651047140e+01 -3.330445980576758558e+00
2.382681872975387449e+01 -2.602724044723402130e+00
2.381687176678560292e+01 -1.861678369819053103e+00
2.381878473840487942e+01 -1.140966767543563520e+00
2.378842683597361685e+01 -4.240796004079712134e-01
2.376073066584434912e+01 3.017398132511388553e-01
2.374787980862659253e+01 1.057493139737353260e+00
2.373896824353210633e+01 1.775874224239025523e+00
2.373007258669662889e+01 2.496654734703835032e+00
2.367569943507105279e+01 3.235858733975710777e+00
2.370158756307527170e+01 3.926189662698845950e+00
2.454942138453240119e+01 -4.049330858520431065e+00
2.454876798610894895e+01 -3.329397206228517092e+00
2.454446070278171987e+01 -2.597137597519395769e+00
2.455496667253638066e+01 -1.876907651414850164e+00
2.454193738919354217e+01 -1.129774740729832416e+00
2.452190437004460222e+01 -3.991310663653031554e-01
2.457010875106032444e+01 2.879592161555493135e-01
2.451787025014419186e+01 1.054073900723466295e+00
2.446329799598539267e+01 1.767302736646644945e+00
2.449318017454369567e+01 2.510331543076283367e+00
2.445052276559971460e+01 3.237226893395629190e+00
2.451644187869173663e+01 3.925268628733654452e+00
2.532747026425450798e+01 -4.042548028410536176e+00
2.529632396967772223e+01 -2.613850071958069066e+00
2.524447448187743959e+01 -1.914553426242548539e+00
2.529361420299922969e+01 -1.152437380115170384e+00
2.527662067799460033e+01 -4.323131092041272439e-01
2.527780800345190215e+01 2.905892029197723048e-01
2.527673524042755560e+01 1.021147941134668002e+00
2.528379895570557068e+01 1.764088413188339644e+00
2.525246652281937543e+01 2.480526998231862734e+00
2.524296944466308901e+01 3.221305768682988457e+00
2.525909561430137273e+01 3.939823568393890696e+00
2.604756357520777499e+01 -4.046599842641178668e+00
2.592561619091451064e+01 -3.337103794317705763e+00
2.606222619548720587e+01 -2.609688980864358854e+00
2.601893804887492934e+01 -1.874807290931123305e+00
2.602255285046368272e+01 -1.161169100648191232e+00
2.601882495560128916e+01 -4.316019655768599250e-01
2.601078421991940814e+01 2.941422565175884074e-01
2.600653262286186873e+01 1.016647493095891974e+00
2.600562597883507010e+01 1.746309634113089260e+00
2.602443057317198338e+01 2.465306827914538701e+00
2.602217354707332930e+01 3.212404587398431488e+00
2.603628641751841144e+01 3.934357002576788886e+00
2.676963717474821891e+01 -4.043842965549409030e+00
2.678102804432188577e+01 -3.341195429975922337e+00
2.676284398775285922e+01 -2.613734022730696438e+00
2.676452629149050466e+01 -1.881676593835603484e+00
2.676150070852052920e+01 -1.162252284264390312e+00
2.675750316233077086e+01 -4.057962997482249534e-01
2.676630799930232030e+01 2.950415952423632859e-01
2.673611872231337827e+01 1.025137156670439254e+00
2.677801888672015451e+01 1.773038909187150125e+00
2.680676291660400068e+01 2.512856118349979795e+00
2.677938869520455967e+01 3.211017928184986658e+00
2.679428279942381153e+01 3.936376294992328440e+00
2.755996779123125151e+01 -4.068471071020240970e+00
2.751311869602027826e+01 -3.375110979179822834e+00
2.755108091285840999e+01 -2.620858342279309028e+00
2.752014093305381692e+01 -1.893224396203418536e+00
2.753109079545257032e+01 -1.170497418284007551e+00
2.749817868924463937e+01 -4.776988294371804500e-01
2.751768021839266964e+01 3.003335276827279188e-01
2.751191847253718947e+01 9.764703160060683729e-01
2.750827890157040656e+01 1.767524648383595576e+00
2.752071479720410707e+01 2.465430790894252766e+00
2.754609705650788953e+01 3.195379579468308862e+00
2.754342090907573493e+01 3.919218499993142757e+00
2.830989781239684788e+01 -4.101077406858607333e+00
2.828157385937813473e+01 -3.347015489820865497e+00
2.828278871935255978e+01 -2.620362308765894710e+00
2.830047500377087744e+01 -1.911851316605464035e+00
2.828455007158627410e+01 -1.163162390279058656e+00
2.829433454883808707e+01 -4.493474807314434827e-01
2.830073197105399885e+01 2.652680213590201674e-01
2.830455020796366483e+01 9.796723994380727163e-01
2.829631892049727782e+01 1.720670401467952360e+00
2.825604654668011761e+01 2.466049088088876573e+00
2.827984307053149138e+01 3.196165067864562559e+00
2.831427457266557468e+01 3.916114354263385167e+00
2.912425364416316853e+01 -4.058148996651166129e+00
2.905635052140902275e+01 -3.364996052933687309e+00
2.906464867866362312e+01 -2.601461835011843249e+00
2.903990790517965337e+01 -1.917855022372599194e+00
2.903733314994283177e+01 -1.199662299835246415e+00
2.900878683522575585e+01 -4.644938671708978006e-01
2.901755170469206035e+01 2.575224206723660814e-01
2.903665325311407486e+01 9.811898384376789295e-01
2.905338199012393119e+01 1.691936202824560809e+00
2.907253303567706126e+01 2.426938667712128961e+00
2.908720716231395187e+01 3.138371215095396849e+00
2.907601479202009642e+01 3.881191776458109643e+00
2.984356980037751583e+01 -4.082277173469122999e+00
2.984983795343124058e+01 -3.390152850386495942e+00
2.984694899347319819e+01 -2.660724927667793338e+00
2.983648202038934727e+01 -1.927874171195192332e+00
2.982983792204645823e+01 -1.204306971187730113e+00
2.979725173298378849e+01 -4.721064132194214835e-01
2.981969883756359962e+01 2.462424500146447315e-01
2.978059218979029055e+01 9.816378892151043090e-01
2.979893398455252651e+01 1.696117860474778638e+00
2.981715232380187075e+01 2.407971321018401056e+00
2.982280700209943092e+01 3.123598467872014339e+00
2.983407296766268502e+01 3.862017371544517630e+00
3.062884448279938709e+01 -4.095432356408561958e+00
3.057790880161601166e+01 -1.923515774403881551e+00
3.057497514335913280e+01 -1.226343821015166924e+00
3.058713010551486633e+01 -4.646081444183316478e-01
3.059232565302898621e+01 2.268932029322918709e-01
3.055669230746894272e+01 9.482042372946750675e-01
3.056911813224353835e+01 1.684451669743882718e+00
3.057547934263369172e+01 2.405576027290525332e+00
3.056793608450202981e+01 3.116079825565755357e+00
3.056572403048446773e+01 3.841280193643498819e+00
3.139988878881792544e+01 -4.111883940270715243e+00
3.136614376825976791e+01 -3.360358553635595769e+00
3.136233800064811561e+01 -2.647861020499675533e+00
3.137582288881983317e+01 -1.936960624223349470e+00
3.134607447495191224e+01 -1.212694339934827781e+00
3.132558294792780629e+01 -5.135084530610818376e-01
3.134067332024842045e+01 2.261805170822093203e-01
3.135633845318934476e+01 9.387856566917776036e-01
3.136245104381948323e+01 1.679927975236179094e+00
3.135507033885651396e+01 2.412807760523367762e+00
3.132070451043201587e+01 3.151477389226066350e+00
3.133723152711079507e+01 3.868748181511250550e+00
3.219775271388272841e+01 -4.082584517084999476e+00
3.214444483270349195e+01 -3.389509431564256658e+00
3.207804687821774081e+01 -2.642551687910469127e+00
3.210868524221671549e+01 -1.955110155518404724e+00
3.208069258217749820e+01 -1.183400056693034941e+00
3.209249026168605923e+01 2.141005497114356615e-01
3.208875169135034611e+01 9.367323554763125060e-01
3.206761284148144142e+01 1.678436094608343865e+00
3.208553169011751294e+01 2.412870445082052839e+00
3.208788693177614704e+01 3.139998068836796108e+00
3.215629179550942496e+01 3.854849361819702835e+00
3.288000188506273247e+01 -4.091065927240677524e+00
3.288089853351274172e+01 -3.386482171645774031e+00
3.288611380975080323e+01 -2.640327827617490186e+00
3.285873521121408913e+01 -1.929324711284998273e+00
3.285631240099784378e+01 -1.215534625400501056e+00
3.284023550818047710e+01 2.187472570675197403e-01
3.282083103003157731e+01 9.440412150698236360e-01
3.287636230235627721e+01 1.661644152382216078e+00
3.286896459766490608e+01 2.388977227548799931e+00
3.286672259727384215e+01 3.141601723752529551e+00
3.286826185001347511e+01 3.857208184181303068e+00
3.366712161665137870e+01 -4.089436363394312934e+00
3.364271304581112787e+01 -3.370401602023228804e+00
3.366381720861851790e+01 -2.655018288187520170e+00
3.361612174673842190e+01 -1.928546962247711605e+00
3.359827144730575554e+01 -1.184889226543290874e+00
3.364389700782165704e+01 -4.988715833991470561e-01
3.360214629226138783e+01 2.141180781839828740e-01
3.359701120017404463e+01 9.483898301557260879e-01
3.360121115970600414e+01 1.674398089821949043e+00
3.358102280748544644e+01 2.425865615952179866e+00
3.361844019214881740e+01 3.146485334232806963e+00
3.359611522016481189e+01 3.886881185849482279e+00
3.440606870613571999e+01 -4.066127600682900578e+00
3.438929664620481930e+01 -3.343450267842591472e+00
3.437646734948172167e+01 -2.631570243512463492e+00
3.436258260699525380e+01 -1.932862713969612400e+00
3.436747215250120036e+01 -1.216892633569422344e+00
3.435498227745021182e+01 -5.012160164159453757e-01
3.433415806604319442e+01 2.291592402128372896e-01
3.434212755028530495e+01 9.661904940962848798e-01
3.435335455647160785e+01 1.708917835955194420e+00
3.436565852045938385e+01 2.424717265898994611e+00
3.437391098049044302e+01 3.153253331720414110e+00
3.435359269815601380e+01 3.875713455567719734e+00
3.513692446160583671e+01 -4.081771236535193026e+00
3.505982226415405734e+01 -3.385191071716008082e+00
3.512363528991043182e+01 -2.643529880779247776e+00
3.510922526368040764e+01 -1.925016558007282441e+00
3.510801902223807502e+01 -1.230946049289538990e+00
3.510454240881838217e+01 -4.946286425704329304e-01
3.510232457000926587e+01 2.529438020287315680e-01
3.508051696942241193e+01 9.487575226542652729e-01
3.506698199966893270e+01 1.715382961811695139e+00
3.507822867167329406e+01 2.410640928784321346e+00
3.509814148659550170e+01 3.173145015113753686e+00
3.508181773052421448e+01 3.897614625624058249e+00
3.588612322507929520e+01 -4.063689397511719648e+00
3.587546203490231989e+01 -3.349262832506312293e+00
3.587393797937856021e+01 -2.631702785106703857e+00
3.585277110736299022e+01 -1.921745240184861814e+00
3.584385614867816372e+01 -1.197336881696251965e+00
3.583010278294238304e+01 -4.667509173486834584e-01
3.584793234719759170e+01 2.805667459364968863e-01
3.586191881859262054e+01 1.029255799269819249e+00
3.586071530517181571e+01 2.429862293948023222e+00
3.584489582382190775e+01 3.185691435947362038e+00
3.587133730287992961e+01 3.944042721749120517e+00
3.661824413289939883e+01 -4.096101218146358747e+00
3.661425013604608836e+01 -3.347207105355373358e+00
3.661045132733136853e+01 -2.667068306910568509e+00
3.658910011711811450e+01 -1.904685136039145021e+00
3.658013517058937936e+01 -1.180217422109908654e+00
3.657089829404687720e+01 -4.549777252476197020e-01
3.660199176037887270e+01 2.772076854222440545e-01
3.658658942141601500e+01 9.885057131608014913e-01
3.657853391241525998e+01 1.769706142046295838e+00
3.657828012518194072e+01 2.466136522662512931e+00
3.663398953374322531e+01 3.222569964023762168e+00
3.666014992539545148e+01 3.914262089231975494e+00
3.740203056223536038e+01 -4.059834560481561994e+00
3.735485448217938398e+01 -3.333854374273510501e+00
3.735000265806875319e+01 -2.609635951500173690e+00
3.731325200783313534e+01 -1.157589953825805651e+00
3.730079265538130784e+01 -4.402428925694970019e-01
3.729617722887453368e+01 3.466526065153274772e-01
3.732044047874654069e+01 1.046628823258767937e+00
3.737900868335280080e+01 1.729649088640101695e+00
3.739385542565309350e+01 2.469130402178155492e+00
3.735582675127128738e+01 3.197412211291734252e+00
3.737570490240847931e+01 3.918077205142715513e+00
3.814465885815497614e+01 -4.025238042613040079e+00
3.812135954482811684e+01 -3.308577798915671053e+00
3.810491622747776574e+01 -2.595446068351190405e+00
3.809459446138414052e+01 -1.874961310637786482e+00
3.809909047727756359e+01 -1.138415162429549099e+00
3.807122025174856361e+01 -4.146618124960212981e-01
3.814428598645265112e+01 3.463728109260486576e-01
3.814194125936467827e+01 1.055913678945156420e+00
3.816351392856750380e+01 1.739131592068787313e+00
3.818737344215973195e+01 2.495213077667557400e+00
3.897166512038443642e+01 -3.978658323850869039e+00
3.895817776990262615e+01 -3.259199485406750085e+00
3.891096029872145579e+01 -2.570167782336952200e+00
3.899893970642188634e+01 -1.808375863541975548e+00
3.900045783331599836e+01 -1.116379938188590160e+00
3.893204428365188363e+01 -3.339199229497218369e-01
3.900525342385989092e+01 2.597185050835719267e+00
3.896317902086068585e+01 3.199291758302358346e+00
3.976950952137267592e+01 -3.295996868675523217e+00
3.964827302745188575e+01 -2.950745875062036561e+00
3.974794047057708468e+01 -1.794519197890593887e+00
3.998175624030229613e+01 1.122552852168507087e+00
3.999781060645386077e+01 1.876369166069210337e+00
4.000392964367738813e+01 2.628125498526920012e+00
4.000375343954633678e+01 3.330405526347107070e+00
3.999755503192761097e+01 4.019500885944324864e+00
4.073373352208528075e+01 -3.979233683021490720e+00
4.072469081157738202e+01 -3.243664525774335061e+00
4.071515150510274594e+01 -2.484829782951155863e+00
4.071518084280986471e+01 -1.774501838608006921e+00
4.072753446614027695e+01 -1.057062858427144647e+00
4.073174278810892446e+01 -3.350780533266508598e-01
4.074130949557956427e+01 1.127317481058227600e+00
4.073319552351504313e+01 1.853934900523039886e+00
4.072541805690257632e+01 2.514685045342709202e+00
4.070555093815539038e+01 3.334331769179662786e+00
4.072081290215712812e+01 3.979233683021490720e+00
