-4.412395937273160484e+00 -4.169341283256770225e+00
-4.390641889508827944e+00 -2.717377722862980960e+00
-4.410835108678618610e+00 -1.986299308339692260e+00
-4.409514901228234862e+00 -1.268677915899328212e+00
-4.448265853892408472e+00 -5.210033191152589893e-01
-4.412797585779856036e+00 2.470053234163209765e-01
-4.409179140928713991e+00 9.533333695243442207e-01
-4.416650021733893539e+00 1.688203493985614756e+00
-4.395409870886410886e+00 2.388204128103872392e+00
-4.417205580850747992e+00 3.060611694012315809e+00
-4.401983417459248926e+00 3.753318350033900686e+00
-3.479812881351229237e+00 -4.144844245542312677e+00
-3.532860777663103136e+00 -3.441168988787154603e+00
-3.540709873532080110e+00 -2.681394497496683016e+00
-3.592445362939997722e+00 -1.955136661697974176e+00
-3.563059663552458289e+00 -1.231355605634099959e+00
-3.568980457755898783e+00 -5.266464182195065291e-01
-3.552721792398173761e+00 9.821983325276164578e-01
-3.607330674296562734e+00 1.688599008590227157e+00
-3.618964711988354566e+00 2.397604899531224021e+00
-3.639792376001913965e+00 3.187789103876255581e+00
-2.799696003626436891e+00 -3.414471946432328764e+00
-2.840733832649014801e+00 -2.676347457769161053e+00
-2.812771823877213251e+00 -1.965690610392698545e+00
-2.829018593722302910e+00 -1.227264918211218969e+00
-2.831435791589157702e+00 -5.109600820394888387e-01
-2.805817814035904689e+00 9.715652582289138195e-01
-2.838292159829606476e+00 1.688892632323167220e+00
-2.880349835992070950e+00 2.440086807287649151e+00
-2.870185830711811548e+00 3.207349691827928950e+00
-2.881983380217498336e+00 3.924983755909970284e+00
-2.066530268675592197e+00 -4.119975467587536855e+00
-2.074669748095061550e+00 -3.408415570741659906e+00
-2.066286819933658592e+00 -2.676339778632616628e+00
-2.079171475952115600e+00 -1.936490069079908949e+00
-2.116524924917001726e+00 -1.240600847119033290e+00
-2.075538967159580750e+00 -5.231534896478429175e-01
-2.085603467415538148e+00 9.232966061223173426e-01
-2.107530567821612522e+00 1.721164186584406508e+00
-2.109588600714310758e+00 2.472662504020416208e+00
-2.104791044693719471e+00 3.181029411110657179e+00
-2.095460980124656203e+00 3.915072337325092633e+00
-1.318957272506153799e+00 -4.083382894525286133e+00
-1.299572016825955245e+00 -3.360045159191646036e+00
-1.328875200212024765e+00 -2.669063347002225584e+00
-1.335547995784018838e+00 -1.953047600888456969e+00
-1.327405883149268107e+00 -1.221887391928017763e+00
-1.327889034887526520e+00 -4.850118077680853901e-01
-1.334327729515599970e+00 2.467217893672177809e-01
-1.357619272163276491e+00 1.675284874089186360e+00
-1.345823046068225892e+00 2.478837194409766909e+00
-1.408065706101787384e+00 3.194299009996498739e+00
-1.380176815336788820e+00 3.947791364478668186e+00
-5.659191561162586481e-01 -4.072306737923668152e+00
-5.934613032368218910e-01 -3.406235136413229725e+00
-6.172898264709374416e-01 -2.684214954130091257e+00
-5.909212683631892560e-01 -1.937035970183856648e+00
-5.915622388261354558e-01 -1.238791108912614902e+00
-6.148869138070622853e-01 -5.008582559765386577e-01
-6.640833433648367645e-01 2.114262983562582576e-01
-5.983105365765766237e-01 9.571057728197800429e-01
-6.045977941176587933e-01 1.706210069908596694e+00
-5.880286059607726656e-01 2.485357566631549275e+00
-6.569401918499480075e-01 3.143619832502885458e+00
-6.053210117988356842e-01 3.904634769370467495e+00
1.675205045736021248e-01 -4.083949572096386760e+00
2.230860369334948246e-01 -3.306965957701603287e+00
1.398217514088102575e-01 -2.628121345541181597e+00
1.439766223598013539e-01 -1.952992716735181489e+00
1.439957555869142425e-01 -1.223357580451008175e+00
1.365982954869195964e-01 -5.448206358723695075e-01
1.329110646377245075e-01 1.882757361388485151e-01
1.627119628313025146e-01 9.383300025871861294e-01
1.855440654207995976e-01 1.678024386588816697e+00
1.463770682927219013e-01 2.490741006071246488e+00
1.443945172936835775e-01 3.160264387179715584e+00
1.289736921727637764e-01 3.871376413528707872e+00
8.793303814567039467e-01 -4.061346384963169243e+00
8.853635808729265477e-01 -3.343881063576425561e+00
8.879196417288142129e-01 -2.623999820084673473e+00
9.552469236086906790e-01 -1.925967341528998844e+00
8.626664687482374916e-01 -1.248591494649975431e+00
8.872865121031381364e-01 -5.160348309610718331e-01
7.384596468867741237e-01 2.592087180634763399e-01
9.097109299171108887e-01 9.100568745590749131e-01
9.130026659577055170e-01 1.665860655915775368e+00
9.352559341800059656e-01 2.408965656318326154e+00
9.674352570605009305e-01 3.137013421747070652e+00
1.631676689038208394e+00 -4.056252640842220814e+00
1.636661694219625929e+00 -3.346024398998078908e+00
1.638103275467535980e+00 -2.619727910597298148e+00
1.612144474077510381e+00 -1.216236408288867921e+00
1.620399972834391633e+00 -5.139564294949678924e-01
1.637800515042286520e+00 2.256545871877122522e-01
1.664000377901466265e+00 9.289531243393298610e-01
1.716980881872189002e+00 1.680444810537945699e+00
1.684139726330300846e+00 2.387994747551356767e+00
1.714032611626095104e+00 3.091162330980360196e+00
1.773800354143752145e+00 3.770166005517047836e+00
2.355992998272007810e+00 -4.067193573687788444e+00
2.383923619385363679e+00 -3.340865741940813649e+00
2.366150301114529952e+00 -2.615425111042071649e+00
2.390706017308524167e+00 -1.897568654816623734e+00
2.367275822138715569e+00 -1.217208464278879632e+00
2.366289207310835252e+00 -4.769431103064256661e-01
2.396470626403797155e+00 2.158600163556165796e-01
2.420508977172289633e+00 9.979483636053316786e-01
2.453795367229922419e+00 1.659452727317152210e+00
2.484693828711087349e+00 2.409413458536441510e+00
2.457628349655536226e+00 3.098683315517099857e+00
2.460963379566685205e+00 3.835270693735402858e+00
3.136159988892373462e+00 -4.069981870260932055e+00
3.120729110284408137e+00 -3.362098866180051715e+00
3.130609075077060766e+00 -2.626135890529777583e+00
3.124463541551797618e+00 -1.871797851175138305e+00
3.100614457124137857e+00 -1.165955576790565829e+00
3.181555944089538457e+00 -4.874542877396557117e-01
3.146792001077272971e+00 2.388166346530837814e-01
3.172943386032365254e+00 9.137274618394499726e-01
3.170812826835430087e+00 1.672889867050930235e+00
3.205657746073889314e+00 2.417686909496541858e+00
3.231459619306832565e+00 3.120853605758235005e+00
3.238608465913408452e+00 3.830961442572586861e+00
3.893425620828310230e+00 -4.080352992153521541e+00
3.878555119042545130e+00 -3.400345588891845239e+00
3.881790426601732236e+00 -2.624996524991129121e+00
3.872982329041278149e+00 -1.907426771503743623e+00
3.988169850803544136e+00 -4.698340570420143081e-01
3.945368778011690836e+00 2.447768144956015135e-01
3.897318364668805657e+00 9.269066897526805349e-01
3.955446118412830003e+00 1.660676610246529350e+00
3.971162232399599645e+00 3.112736227758880148e+00
4.011394501154732950e+00 3.821629577435309955e+00
4.622337216520783443e+00 -4.084527609627421896e+00
4.610491210432954290e+00 -3.373564006131655191e+00
4.632758471441384529e+00 -1.915971754995350551e+00
4.691015671581652668e+00 -1.219601650847945251e+00
4.733540741543109220e+00 -4.864783943922077469e-01
4.764910095214695218e+00 2.376641159012926607e-01
4.713651968053476082e+00 9.644019534997241294e-01
4.688368206533645832e+00 1.645579234531179935e+00
4.720963388546849160e+00 2.381145149890951274e+00
4.733477763110762737e+00 3.113124733000766753e+00
4.738193317220286360e+00 3.853645317100010459e+00
5.468914844700819344e+00 -4.061955620405250045e+00
5.447885946440543137e+00 -3.376711318066462297e+00
5.468397994633683368e+00 -2.572253631729864765e+00
5.407929069801149069e+00 -1.967590467138002452e+00
5.468523710701688856e+00 -1.263955857970895380e+00
5.501538577439013977e+00 1.818932670049164813e-01
5.511557957353033999e+00 9.292394461446527032e-01
5.474299112478917095e+00 1.632751980060326957e+00
5.460931803995705991e+00 2.372396683954772101e+00
5.453706779761738233e+00 3.089334138807508623e+00
5.456123431796697787e+00 3.835612134232505355e+00
6.248916728315322189e+00 -2.690100192867543427e+00
6.285765743358432189e+00 -1.280489681794875878e+00
6.268295411273278717e+00 -5.611621625524740864e-01
6.224987803121990737e+00 1.811303304404070502e-01
6.211201179708730535e+00 9.150344518266670946e-01
6.230083945357378639e+00 1.627263002905483091e+00
6.222881723381370023e+00 2.362616267345366339e+00
6.214030735606606015e+00 3.083706807199220634e+00
6.252635626739341035e+00 3.786658401386951311e+00
7.057873589833043582e+00 -2.002989395295227126e+00
7.015961773167106230e+00 -1.294671926101624848e+00
7.022192901240188689e+00 -5.969338761910414348e-01
6.977749256130685751e+00 1.355729557917833006e-01
6.962584251497347054e+00 9.291786381784952198e-01
6.973847952084895496e+00 1.633947327249593684e+00
6.997846050038859289e+00 2.296216409324600249e+00
6.985894859744504970e+00 3.033793154682705051e+00
7.064688442709588401e+00 3.732495030929193547e+00
7.960806944114814598e+00 -4.126764678619249338e+00
7.962618281198203363e+00 -3.410678893515704857e+00
7.938262949046283268e+00 -2.699571864425024614e+00
7.902450120709580972e+00 -2.015540322637086490e+00
7.869226837241704686e+00 -1.284269645870519838e+00
7.838824045312442479e+00 -5.762394788533633516e-01
7.747298252691464882e+00 8.859201712119144645e-01
7.719003306618773763e+00 1.554647128073526119e+00
7.756262764740000648e+00 2.313613883919021674e+00
7.785254778367544759e+00 3.059913948214969537e+00
7.821503251980736593e+00 3.717816813735652204e+00
8.730961873031503728e+00 -3.443862776933581671e+00
8.738364807218715669e+00 -2.710790500977729778e+00
8.734902450664520757e+00 -2.017401138572264330e+00
8.677201582383410994e+00 -1.315311602984262862e+00
8.564095399607879244e+00 1.115252014646088696e-01
8.507321495317178517e+00 8.474029799344187097e-01
8.511761512889364667e+00 1.564479398832162360e+00
8.522261558028716877e+00 2.289512133204702593e+00
8.566788577563166029e+00 2.963810565558468113e+00
8.601670949760752194e+00 3.745037863003815914e+00
9.547573854513295544e+00 -3.450095286250110860e+00
9.531640672628228117e+00 -2.716675140833594071e+00
9.555062632348374052e+00 -2.072539798481386697e+00
9.464037610631379493e+00 -1.281497321090419916e+00
9.458857117750959276e+00 -5.577787374801523868e-01
9.361604675283871302e+00 1.182535124213437427e-01
9.293810973215300919e+00 8.295790203414661335e-01
9.259897219620725650e+00 1.558638872227724903e+00
9.296629497637837858e+00 2.275423671415271798e+00
9.347190830120936766e+00 3.000681473695784973e+00
9.357492821401848460e+00 3.690268776680866836e+00
1.045336487918100232e+01 -4.237689311400661296e+00
1.040528892427187913e+01 -3.490233650292381640e+00
1.040625555872085073e+01 -2.790512271436895730e+00
1.030458252576949718e+01 -2.068640499552042655e+00
1.029655519196165869e+01 -1.308635889838903665e+00
1.024748083474060678e+01 -6.132487906885160101e-01
1.021030681060381085e+01 1.528618514048822874e-01
1.021460012385413307e+01 7.826240066601890533e-01
1.025615511592485518e+01 1.529860191309790451e+00
1.018939762696232521e+01 2.303608999639191524e+00
1.017314876340991248e+01 2.978674184253023327e+00
1.020272188600731056e+01 3.703497716481294333e+00
1.135784654004046956e+01 -4.183002219509365460e+00
1.135420925079863963e+01 -3.475003833116076635e+00
1.133067125308203771e+01 -2.723977113650096982e+00
1.125730643935568764e+01 -1.302732341130500515e+00
1.119770381903284573e+01 8.252529756422788410e-02
1.096986532293293948e+01 8.271560340971220171e-01
1.096507568435906421e+01 1.551950498035449044e+00
1.094866625084457468e+01 2.274087700682059676e+00
1.098624871288850358e+01 3.002440420000141330e+00
1.099793567584310239e+01 3.694621241041112114e+00
1.207060978000050966e+01 -3.474519861371611285e+00
1.247121102827860284e+01 -2.685405423289228821e+00
1.209733601882022924e+01 -2.078329859130658264e+00
1.209312013209941483e+01 -1.342129223593421017e+00
1.202767724020763040e+01 -6.113918724569771257e-01
1.197660952440612192e+01 1.179077816389799693e-01
1.187957451643634244e+01 8.117386484214641484e-01
1.175247813327307256e+01 1.540406844066808389e+00
1.170769250300292441e+01 2.312965513712711640e+00
1.173654667086291425e+01 2.994980383340482888e+00
1.180919330182143767e+01 3.691213465713708786e+00
1.301503685495233498e+01 -4.231801889240145442e+00
1.298988620598176880e+01 -3.500763683919490887e+00
1.297797375135959896e+01 -2.753223117858563995e+00
1.284978614824875365e+01 -2.122975004832955648e+00
1.270225076280920007e+01 1.556162865538404105e-01
1.266174242218195189e+01 8.371068603461857549e-01
1.257504065627651357e+01 1.535083555714635395e+00
1.259148383309757691e+01 2.233540036577167598e+00
1.267933252436958469e+01 2.954816146671248589e+00
1.271929360946848675e+01 3.680056434351321570e+00
1.395900948579657097e+01 -4.260116466355057696e+00
1.386965196525917321e+01 -3.494418113728766428e+00
1.383021319055815468e+01 -2.753278227336192430e+00
1.368641915851873136e+01 -1.333974165817590318e+00
1.363432842339524598e+01 1.312400232568968761e-01
1.359758491713788686e+01 8.083698928248068682e-01
1.341127040319594954e+01 1.558417934495626156e+00
1.344958687507240569e+01 2.987651222799875939e+00
1.345017843854520123e+01 3.690301223676442532e+00
1.471158609180370291e+01 -4.257758170181165980e+00
1.470649332745252025e+01 -3.544127857754350686e+00
1.473675547525378704e+01 -2.824416162523498031e+00
1.472204071438392248e+01 -2.132115791787263959e+00
1.458359002325792630e+01 -1.365648475355094149e+00
1.467520289097065955e+01 -6.436315916430466189e-01
1.439728440054733483e+01 1.413744958922080741e-01
1.428653549895253150e+01 1.566579396096592802e+00
1.429320555323526065e+01 2.278667047217926012e+00
1.421065527380541482e+01 3.004071367081138533e+00
1.427683259215808675e+01 3.663869670037605886e+00
1.547243446011658818e+01 -4.321585060946102175e+00
1.547465760286654302e+01 -3.576162802426051002e+00
1.545774192911124345e+01 -2.884177951159799136e+00
1.543049218558760316e+01 -2.154394717029536110e+00
1.538674533253769994e+01 -1.395121364558317367e+00
1.535237556699045314e+01 -6.893697917130729991e-01
1.531493037875705454e+01 7.441749624126359208e-02
1.515886670668896130e+01 1.581650188960058045e+00
1.512042124016026179e+01 2.259431611054566247e+00
1.517454810660711928e+01 2.833269318104896684e+00
1.509434135288269374e+01 3.677323018220420181e+00
1.621876104651767037e+01 -4.271389505845032630e+00
1.620058190740633108e+01 -3.582401419845179902e+00
1.616460000063355551e+01 -2.873906064553207074e+00
1.614038843853658989e+01 -2.119451863698714078e+00
1.611360865680968857e+01 -1.418573411614623581e+00
1.608384069436111474e+01 -7.003602778675812601e-01
1.606942705489146306e+01 1.249540181814907669e-01
1.597803579671938934e+01 8.227607184209588809e-01
1.594578367494658977e+01 1.502567183925659577e+00
1.591884682809001816e+01 2.306686947031110435e+00
1.590952092740644730e+01 3.015954474613089076e+00
1.594125740925368007e+01 3.744865730434995044e+00
1.694837176401066614e+01 -4.241719061298049098e+00
1.692997152594584520e+01 -3.602409652679721574e+00
1.689578754477697231e+01 -2.815028473606396631e+00
1.685550942420983489e+01 -2.098529944030854466e+00
1.680315395347012242e+01 -1.399077664090132345e+00
1.682194566070422326e+01 -6.405867798590598738e-01
1.677017217774644564e+01 8.433436702791752282e-02
1.673714802727676698e+01 8.743116710703162653e-01
1.670064921727736618e+01 1.576781019876523970e+00
1.668481921132890022e+01 2.325153688355968029e+00
1.663855015670004889e+01 3.082697269458236633e+00
1.665369958158117925e+01 3.784505133834080937e+00
1.767796834840866183e+01 -4.280671875259248083e+00
1.765493622477448810e+01 -3.545028792481055291e+00
1.760961780559868117e+01 -2.808339425813191070e+00
1.758066803844979376e+01 -2.090328244586807216e+00
1.755408192611380258e+01 -1.353090770695413170e+00
1.754938096872744069e+01 -6.336071182362346121e-01
1.751178390050674949e+01 1.473754595887584173e-01
1.749652664303919636e+01 8.395507651448994579e-01
1.743199058040718796e+01 1.577075756222956926e+00
1.741414700431151630e+01 2.337317242210552592e+00
1.737976850834177611e+01 3.087553584522247263e+00
1.743018353825597444e+01 3.826592161351690891e+00
1.849624531105116176e+01 -4.184893226146201073e+00
1.837047955866293591e+01 -3.473977737258582721e+00
1.835165142146298223e+01 -2.756173853355299741e+00
1.832097760149101617e+01 -2.051327893003772829e+00
1.828180710763153627e+01 -1.321616706236401484e+00
1.825306887524524058e+01 -6.059094415701942182e-01
1.824153194065530670e+01 1.192546167355708064e-01
1.821208153401988739e+01 8.510324096399202176e-01
1.819405099222516498e+01 1.588872166895484384e+00
1.817851705132169826e+01 2.316291082346292995e+00
1.817096385821204052e+01 3.052960196098901235e+00
1.824234952944878074e+01 3.780444944933428530e+00
1.925640333725074527e+01 -4.245373051550732413e+00
1.922374765880807246e+01 -3.490779644445332508e+00
1.923071112297454022e+01 -2.728912967363598341e+00
1.912481436075669450e+01 -1.993854752943981623e+00
1.913873254477509533e+01 -1.267039049997027433e+00
1.901048205272047653e+01 1.275784322859401243e-01
1.925735907389770318e+01 8.414307684244732854e-01
1.908771245374077807e+01 1.599098684009526039e+00
1.898917083099520653e+01 2.344047079253112287e+00
1.910037784927131099e+01 3.071834744185245825e+00
1.912609730601209179e+01 3.669591619586960007e+00
1.998566641256118714e+01 -4.238841270401977113e+00
1.994849125799218825e+01 -3.481357669504966168e+00
1.992610092047831927e+01 -2.761030011178672083e+00
1.996929169173198204e+01 -2.054732661677384442e+00
1.998086683402487296e+01 -1.317666005921886097e+00
1.997070345490553223e+01 -5.864598030220093960e-01
1.996838934588654269e+01 1.480111811391893184e-01
2.001176803298812246e+01 8.868460201247820862e-01
1.992678675860766901e+01 1.605295335699782555e+00
1.992120119513639054e+01 2.327064976047122258e+00
1.993776212732393560e+01 2.986967831733288392e+00
1.997066186344861194e+01 3.702687001111932830e+00
2.117429715720981420e+01 -4.161663658749223060e+00
2.110961720149877152e+01 -3.486466820450882409e+00
2.115150289649149329e+01 -2.717299553643794496e+00
2.119703440140282424e+01 -1.991023356393025523e+00
2.105737738964533889e+01 -4.041103377697581323e-01
2.093032330294893484e+01 1.567279475182630222e-01
2.087281066873590163e+01 8.022431007004726666e-01
2.081361875283294438e+01 1.612643421914693675e+00
2.080036611152851123e+01 2.328114099037300377e+00
2.080487770124189240e+01 2.965673128360371891e+00
2.076408535087303164e+01 3.703740946999310779e+00
2.189050309584645504e+01 -4.232325817475796725e+00
2.189901684517373326e+01 -3.498611632752513856e+00
2.187831903235284159e+01 -2.776046059082354134e+00
2.189997944916865436e+01 -2.035184896230585849e+00
2.188226867839021139e+01 -1.310820087213478757e+00
2.186536491527127879e+01 -5.880816193345133058e-01
2.184425831485470582e+01 1.467553696435395238e-01
2.170729720452651179e+01 9.367890882540699238e-01
2.177682508618912749e+01 2.373471781394602687e+00
2.169109816089208209e+01 3.024746223924630328e+00
2.165368949196898996e+01 3.660529521670916608e+00
2.263149798235571097e+01 -4.222341267156910050e+00
2.259960240487113481e+01 -3.487997017988718085e+00
2.264439446923697119e+01 -2.776727215288698147e+00
2.264335431978869906e+01 -2.029975816928335064e+00
2.263383010993240418e+01 -1.332078977092056249e+00
2.262386851759644912e+01 -6.038276885494902047e-01
2.258917682886979605e+01 1.150979541187027166e-01
2.258745919781230782e+01 8.682814855074596494e-01
2.258475453765829144e+01 1.581819745406313871e+00
2.257289713813988641e+01 2.288935868987074684e+00
2.251224567326160297e+01 3.036789119815182403e+00
2.253698161709500880e+01 3.678386991490448565e+00
2.338011120432570067e+01 -4.229078390686400013e+00
2.336927945179210298e+01 -3.516398947476272241e+00
2.336175560484539204e+01 -2.776740989240199298e+00
2.337040991614513530e+01 -2.072548771072472817e+00
2.337347336231059813e+01 -1.318329650152644916e+00
2.336829678095629959e+01 -5.905819645723049405e-01
2.343115928612990473e+01 9.807141776892436269e-02
2.338814700194890861e+01 8.599311194334298136e-01
2.331963896102567446e+01 1.568483619696632303e+00
2.336323399306075999e+01 2.316018639903983711e+00
2.333669710462413605e+01 3.028665713762158873e+00
2.334080404700344502e+01 3.647446559267827126e+00
2.445012074094586296e+01 -4.027550596123674609e+00
2.413128252678018271e+01 -2.814685377248597575e+00
2.406355930253145203e+01 -2.142422097976222517e+00
2.414456180212768999e+01 -1.351593362107170293e+00
2.412495325028672966e+01 -6.414698335706532362e-01
2.412865370013815891e+01 9.092651859775457979e-02
2.414778714233312940e+01 8.266900988580587750e-01
2.414966007671856829e+01 1.569507528929889872e+00
2.414296305863638992e+01 2.269803301672858709e+00
2.414815383878467969e+01 3.003879152822584331e+00
2.418663111391812492e+01 3.687077654900306811e+00
2.488682362400427905e+01 -4.224776116734243914e+00
2.482695985168469832e+01 -3.525900909474845690e+00
2.489929374444366061e+01 -2.812683482243340194e+00
2.484746057470058389e+01 -2.083117733928911974e+00
2.485675405638828295e+01 -1.384527999997292369e+00
2.484579900547600317e+01 -6.650584361767926111e-01
2.487857633774981281e+01 6.525186742971555987e-02
2.488266761695393825e+01 7.838081554968781006e-01
2.492571810904743757e+01 1.527586755080410086e+00
2.494856111573113111e+01 2.213301615341091377e+00
2.493985317778804500e+01 2.965932910774156994e+00
2.497319804823007416e+01 3.670357062787680036e+00
2.562012538132113804e+01 -4.219141668512456533e+00
2.563386588487171736e+01 -3.546159507324823323e+00
2.560189199537892790e+01 -2.830873735223313759e+00
2.559898026084108835e+01 -2.106426233421707650e+00
2.560650706361411721e+01 -1.391275884630136517e+00
2.560262518861401304e+01 -6.244914143662505523e-01
2.563797571875549863e+01 4.030558533346706440e-02
2.563528288713053627e+01 7.725670800295212359e-01
2.568025014621717617e+01 1.512736267904486454e+00
2.574318509859023152e+01 2.273967509269887444e+00
2.571190220923755021e+01 2.965020724596996615e+00
2.574389261045067201e+01 3.655220326631059891e+00
2.641659516963255783e+01 -4.279934140367021911e+00
2.639246671192106675e+01 -3.578917484357393874e+00
2.639753565555990633e+01 -2.845319325162602553e+00
2.637949185959696052e+01 -2.121622123584735675e+00
2.637885531567803810e+01 -1.407051071325597036e+00
2.636876623330046954e+01 -7.271054000629675329e-01
2.637909711041415761e+01 2.610200844932819564e-02
2.639662723423795399e+01 6.817406839397364138e-01
2.641558623645926218e+01 1.480006178818982221e+00
2.646443450020692723e+01 2.173609007165829610e+00
2.650993639464959983e+01 2.910826474828745347e+00
2.652264854080950585e+01 3.610899104198352916e+00
2.721638188341609776e+01 -4.287396999852802537e+00
2.713493159218410966e+01 -3.559456634978968026e+00
2.714580391139382698e+01 -2.849721696302324858e+00
2.716872280334292356e+01 -2.161836169810534614e+00
2.714227875611049967e+01 -1.426469394787915235e+00
2.716239269190791816e+01 -7.354725785865667831e-01
2.718803925126384513e+01 -3.626283782966055469e-02
2.721866650687695710e+01 6.564046748381571206e-01
2.721992403757683121e+01 1.417043276707506294e+00
2.719719719043304451e+01 2.163836254844394347e+00
2.726300377921091211e+01 2.884712836653754664e+00
2.731448450305071418e+01 3.597152403899833928e+00
2.830196793142025768e+01 -4.099382823579837520e+00
2.796898881473250498e+01 -3.573512756783159716e+00
2.824723726833781967e+01 -2.770187799125118033e+00
2.792185163021731142e+01 -2.192481057344561890e+00
2.791977694428775436e+01 -1.507160630140862878e+00
2.789748838278993759e+01 -7.706783229610998376e-01
2.790893588564426153e+01 -5.913598866776936802e-02
2.795308142181931288e+01 6.539661825311036125e-01
2.799353149124214468e+01 1.358939652421476296e+00
2.804098239950452154e+01 2.078417598745424755e+00
2.807395101849417784e+01 2.798093563774870063e+00
2.807033850111989892e+01 3.536161428215173430e+00
2.884370599929577139e+01 -4.282497772826225457e+00
2.879839198085864638e+01 -3.601060230602641354e+00
2.876710895813000235e+01 -2.908112410962125693e+00
2.877328614357721648e+01 -2.200581324295132646e+00
2.874222739781345837e+01 -1.520928066619916308e+00
2.873741730688895046e+01 -7.950361781081980439e-01
2.876360069312277545e+01 -6.225070259312914800e-02
2.872004011252335687e+01 6.336806807879717951e-01
2.875008357073786414e+01 1.327842778753659303e+00
2.878997555536242459e+01 2.042579605348095129e+00
2.881286636556220770e+01 2.755999637180678974e+00
2.883703383125406816e+01 3.507693498628533746e+00
2.964365139110650915e+01 -4.285791551943734845e+00
2.952043646194959337e+01 -2.216184996861937151e+00
2.950937553458494023e+01 -1.555809372552385383e+00
2.984913029486929048e+01 -7.937603294614525851e-01
2.956649454019055412e+01 -1.213456339894705138e-01
2.951572499906763625e+01 5.881544295347396201e-01
2.955612085960829205e+01 1.321430084249946901e+00
2.957613443915328588e+01 2.032203558590040871e+00
2.957964858608382741e+01 2.740329337591354886e+00
2.958577211427877529e+01 3.474712497876318196e+00
3.041239183722471040e+01 -4.297937279774401986e+00
3.035550588751441836e+01 -3.583484025558060893e+00
3.036872781643379682e+01 -2.923911904001233353e+00
3.034200008786437053e+01 -2.220048170496788487e+00
3.032229966407776800e+01 -1.542970400495775607e+00
3.031863873910233309e+01 -8.412006645986629394e-01
3.033216239448083940e+01 -1.411775652320415020e-01
3.035046949933762761e+01 5.791467301171770998e-01
3.036230251292459315e+01 1.309391735959636094e+00
3.037444208074564500e+01 2.047109778129158286e+00
3.034706009305303809e+01 2.783462503618054029e+00
3.035860544020395224e+01 3.522220499153064566e+00
3.125040479525885218e+01 -4.268981838967029319e+00
3.117834985362485867e+01 -3.650534341515744075e+00
3.107167266043661158e+01 -2.945837531753223715e+00
3.108054148594941779e+01 -2.264915303658739276e+00
3.107714751066234982e+01 -1.553720702212736171e+00
3.108700992979537858e+01 -1.517805085923455977e-01
3.109840597860863198e+01 5.684504759505379923e-01
3.107415692922875650e+01 1.309096758034819175e+00
3.110582489750589019e+01 2.060809071470334430e+00
3.117060609143251071e+01 2.805437600383839936e+00
3.125973489270135275e+01 3.508433594943454636e+00
3.196271802124837080e+01 -4.296182717252740701e+00
3.194987251853000743e+01 -3.648192652905507316e+00
3.191069883974281396e+01 -2.935051334481123320e+00
3.186269592736500300e+01 -2.225608486801199604e+00
3.186646564807114856e+01 -1.554204407849471892e+00
3.182861225063366106e+01 -1.367379151435805795e-01
3.183316733240722129e+01 5.814787470445281770e-01
3.193566814135316889e+01 1.300873011114166644e+00
3.193421016542328772e+01 2.053002064304276786e+00
3.199654849953700619e+01 2.754424711553049576e+00
3.196847876379103326e+01 3.509347511158914301e+00
3.278132618541504684e+01 -4.314449936201281588e+00
3.269999785470539422e+01 -3.605038396563490011e+00
3.272992856705949549e+01 -2.922665113147235871e+00
3.268250972254968900e+01 -2.214487509693764622e+00
3.262318836629173546e+01 -1.509042488865507181e+00
3.267424507209069162e+01 -8.345567921701331215e-01
3.263625152246235217e+01 -1.309089064785737833e-01
3.264209025323018665e+01 5.893623479049132641e-01
3.265686815759459449e+01 1.319991398418750350e+00
3.264995344807112332e+01 2.077986552166215972e+00
3.271329912576180021e+01 2.805146741808663080e+00
3.272660664144245146e+01 3.523966913484208874e+00
3.356108490093048857e+01 -4.260491247420244321e+00
3.351651815425018555e+01 -3.565293482170041273e+00
3.344316109806334936e+01 -2.888011222042838000e+00
3.342484030623651137e+01 -2.229848818077503125e+00
3.340960518746705787e+01 -1.540410426700432822e+00
3.339749449251299751e+01 -8.188395943261639331e-01
3.338015274879665384e+01 -1.009326158329741929e-01
3.340347532174252621e+01 6.333808158132789856e-01
3.340726353704253171e+01 1.378709868842129538e+00
3.345392025693715965e+01 2.095212141994547750e+00
3.350533226892182626e+01 2.822805186576729852e+00
3.350742165672146911e+01 3.552634101153941515e+00
3.431087776802420564e+01 -4.265128926066683590e+00
3.426260592835740937e+01 -3.603772901962475572e+00
3.424128509128689046e+01 -2.885299192776852095e+00
3.418539331127613679e+01 -2.207803317563726608e+00
3.416184569973409424e+01 -1.537180803356211101e+00
3.416253018593716462e+01 -8.062452743749233264e-01
3.417456157136110306e+01 -6.148882031173741325e-02
3.413057011148662667e+01 5.763336086708150674e-01
3.415119679609764347e+01 1.385838425891495973e+00
3.424935084744064540e+01 2.108748241773206189e+00
3.426643152312322371e+01 2.850498752983838813e+00
3.424932803404751525e+01 3.587596410910890654e+00
3.507355643548272184e+01 -4.251931923927219970e+00
3.505097333979495744e+01 -3.571337378048802691e+00
3.501686157072905559e+01 -2.871097998257056361e+00
3.495572480175405161e+01 -2.193870019869301302e+00
3.493240882108273837e+01 -1.470900591670652346e+00
3.491407065637806539e+01 -7.600921960761120033e-01
3.495234677428326364e+01 3.497119291154149323e-03
3.496410164953648092e+01 6.955830686370561011e-01
3.504417518505810136e+01 2.088233565474226339e+00
3.504215765542549121e+01 2.874722158052172460e+00
3.511827320588772494e+01 3.665094586128709864e+00
3.586306184213609782e+01 -4.258231387150139824e+00
3.584312539498403538e+01 -3.516713507667585503e+00
3.580584665930847876e+01 -2.889691539414840804e+00
3.572151239799651279e+01 -2.146342964075738990e+00
3.570186318957203042e+01 -1.429696436014296523e+00
3.568155234361245931e+01 -7.023595409193923444e-01
3.573017303217333307e+01 2.323492738372578970e-02
3.572558603556581858e+01 6.919696891088236157e-01
3.576698739388803716e+01 1.459338175983749153e+00
3.576602833780328439e+01 2.155685922470066629e+00
3.590167305824318333e+01 2.923852964093697437e+00
3.600054807156484316e+01 3.640929401643830943e+00
3.666232847565863295e+01 -4.208201394864932610e+00
3.657924189717176233e+01 -3.488025765861230809e+00
3.655455354782687749e+01 -2.795183554153211958e+00
3.647467070909879538e+01 -1.373965219379773117e+00
3.646979614573637463e+01 -6.590702887569435120e-01
3.653126544193680303e+01 1.871291271265569378e-01
3.648479388634103060e+01 7.781132331605959962e-01
3.667072828248053185e+01 1.465777899284763208e+00
3.669036215928075961e+01 2.219940496584563050e+00
3.669104989492381463e+01 2.952579562888622888e+00
3.675066651844442589e+01 3.662177956463679607e+00
3.749170134001831656e+01 -4.138576302913229199e+00
3.739550170268240237e+01 -3.438705688593778120e+00
3.737529852637690198e+01 -2.717912656240873304e+00
3.734462150174790196e+01 -2.016537113545940230e+00
3.731749960720160431e+01 -1.308061799764207223e+00
3.728567775962773823e+01 -5.755274363013391792e-01
3.741709706923784751e+01 1.962446350922810723e-01
3.745160343857116203e+01 8.221493785820683797e-01
3.763429339865083278e+01 1.418999121291488308e+00
3.766977558559411676e+01 2.313515704478554369e+00
3.839440952115000272e+01 -4.067177459845705556e+00
3.834584629319378024e+01 -3.324288812379684543e+00
3.831018948582578076e+01 -2.647574780115480308e+00
3.836377505740446026e+01 -1.925315979870809713e+00
3.856667711405437871e+01 -1.121928832196164905e+00
3.827113091956304203e+01 -4.214011236279162631e-01
3.829743291837407781e+01 2.749438118214847293e+00
3.852342888187144609e+01 3.226946826846351257e+00
3.937086873061512193e+01 -3.244473944875338134e+00
3.939081209842407105e+01 -2.964329567247670383e+00
3.934243468973480873e+01 -1.752231862672292806e+00
4.000025178744534315e+01 1.144683302716320128e+00
4.000485356008525883e+01 1.904901772719412634e+00
4.000889608508101247e+01 2.626061979067870311e+00
4.000928005361236472e+01 3.324954336948231060e+00
3.999367963889921640e+01 4.005801724721585799e+00
4.074040113232762650e+01 -3.970638098877035560e+00
4.072793208159749412e+01 -3.216963326320122718e+00
4.071148729369877373e+01 -2.459985711535658481e+00
4.071133431623940879e+01 -1.773304398407848481e+00
4.072531402081033747e+01 -1.061251260786914230e+00
4.072882234927467238e+01 -3.515486247327537228e-01
4.074130876403909696e+01 1.130673435963288398e+00
4.072144975951417933e+01 1.852771143151464628e+00
4.070914295329735211e+01 2.536372914199887418e+00
4.069418043683707964e+01 3.315788177660586200e+00
4.071414529191478238e+01 3.970638098877039113e+00
