-4.270306828522734577e+00 -4.164665420095733595e+00
-4.236511567774449816e+00 -2.774361062980208459e+00
-4.268531751532144369e+00 -1.981316987354578174e+00
-4.267935504343824960e+00 -1.263198007462317918e+00
-4.304696732144705607e+00 -5.161707412209963763e-01
-4.271006362987435523e+00 2.487694480555830978e-01
-4.267858733218020006e+00 9.577628936683062477e-01
-4.275085764138978561e+00 1.691840017806967467e+00
-4.255376540450960476e+00 2.393553564370101583e+00
-4.276816510326760579e+00 3.071073902725885318e+00
-4.265229521473564489e+00 3.795428292549487992e+00
-3.348037720510042448e+00 -4.139560978578330719e+00
-3.400717216892829242e+00 -3.433181255570008972e+00
-3.408131765974083294e+00 -2.677178740928152223e+00
-3.453663711636998812e+00 -1.953397351975031171e+00
-3.428791433886360096e+00 -1.226921055339076361e+00
-3.433670080009036951e+00 -5.218761093330464007e-01
-3.422154687914009230e+00 9.785154704813017190e-01
-3.473197766771633610e+00 1.693195904491954451e+00
-3.485516016229780689e+00 2.403071949232693072e+00
-3.504534424620715072e+00 3.190724352868159031e+00
-2.665036767343558211e+00 -3.408547252452009957e+00
-2.711221337408161958e+00 -2.669465505873109379e+00
-2.677855692380113339e+00 -1.958617238140526240e+00
-2.696542462506975824e+00 -1.221446344367603132e+00
-2.697566926301860235e+00 -5.054236609958309145e-01
-2.672230893393674478e+00 9.744053338867644243e-01
-2.704414052580318639e+00 1.694441010488276333e+00
-2.747142843879622376e+00 2.444385891028495905e+00
-2.735127620542321836e+00 3.212672472261964174e+00
-2.746629789200980554e+00 3.926842751379211904e+00
-1.934065024008702949e+00 -4.114314790913756070e+00
-1.942077954956324959e+00 -3.402357010835334705e+00
-1.933184977804515370e+00 -2.670600431889784687e+00
-1.948613658586786812e+00 -1.930993867029805244e+00
-1.984397716989356297e+00 -1.235232090616939615e+00
-1.942763555173527834e+00 -5.165972552824946717e-01
-1.953553301505415618e+00 9.300934777941094467e-01
-1.975375683402560867e+00 1.725452467407318835e+00
-1.979603541878034889e+00 2.474086139797510242e+00
-1.971966313146232608e+00 3.183834274916755191e+00
-1.961611702198311491e+00 3.919211843242145221e+00
-1.188725060141869960e+00 -4.079718719219357581e+00
-1.181729677313093418e+00 -3.356534286123629585e+00
-1.198278767800623257e+00 -2.664521730727376081e+00
-1.202392760990178999e+00 -1.947278451716247361e+00
-1.196343067182169762e+00 -1.217183064819298721e+00
-1.195335147138287368e+00 -4.784669966926138329e-01
-1.201265722257701896e+00 2.546801019455493531e-01
-1.226588190692396552e+00 1.680741920716346982e+00
-1.213764791305052881e+00 2.484235367563417896e+00
-1.282314037840158960e+00 3.199026305783938540e+00
-1.245241409490787987e+00 3.950678170655415045e+00
-4.362719106948134140e-01 -4.068478981369867853e+00
-4.645599128492605701e-01 -3.401409814469754878e+00
-4.904577254655109186e-01 -2.679431329927961514e+00
-4.643087585095457825e-01 -1.934117392588849071e+00
-4.622652182480990746e-01 -1.232921450304694133e+00
-4.846412740647281225e-01 -4.934262469851091737e-01
-5.305354146026814988e-01 2.215411411179495360e-01
-4.697783603862788482e-01 9.635600622060032094e-01
-4.750865215261939056e-01 1.709063801515828374e+00
-4.576046449081516698e-01 2.493646183385227033e+00
-5.247287369406095081e-01 3.147363796091823929e+00
-4.727980360063881449e-01 3.909440431045467790e+00
2.970232809952833009e-01 -4.080311497611877058e+00
3.495746294749224603e-01 -3.302689799046486741e+00
2.684712580907984147e-01 -2.623277902914185944e+00
2.732467978568848821e-01 -1.947470176048518908e+00
2.720243322485913495e-01 -1.217407015132323522e+00
2.663481688919304702e-01 -5.375824356518172920e-01
2.622615947426254479e-01 1.966590312022660214e-01
2.917875087701560233e-01 9.479151541163233219e-01
3.139213448666495765e-01 1.685200633338105547e+00
2.768693778080262291e-01 2.497640761837590873e+00
2.751326934320843520e-01 3.165618733472946644e+00
2.621212093567919510e-01 3.876473877821240421e+00
1.009026941541641520e+00 -4.056507333972838580e+00
1.012776064001151610e+00 -3.339801844446906642e+00
1.014806034702175452e+00 -2.619477433830766699e+00
1.088576340491854921e+00 -1.922855207407238254e+00
9.909468793688134269e-01 -1.238638940574620761e+00
1.014963381885522153e+00 -5.094100504782943517e-01
9.054731844026733256e-01 2.591712904323522082e-01
1.036821967757049379e+00 9.180681070037124414e-01
1.043108048246814690e+00 1.672436780129920919e+00
1.064803908109730912e+00 2.417814720675707463e+00
1.095716060064489739e+00 3.144873333649925939e+00
1.758713153218714353e+00 -4.051620916551453178e+00
1.764280880071680713e+00 -3.341349296942986768e+00
1.765003355004225227e+00 -2.615649019191959468e+00
1.739405597822951677e+00 -1.210940086978173014e+00
1.749012336347348651e+00 -5.088550014660846443e-01
1.765401643686431044e+00 2.319837368217392282e-01
1.791438644952094705e+00 9.385470695235795802e-01
1.844022647169637708e+00 1.687805572855292979e+00
1.810377090115032672e+00 2.396591885682639145e+00
1.844581198301106895e+00 3.100174932767899350e+00
1.902495674500976008e+00 3.778413955500745658e+00
2.484400455230236560e+00 -4.063090224742254009e+00
2.508485261348781137e+00 -3.337259257929122924e+00
2.493632443690124489e+00 -2.609960171223356440e+00
2.517182282089777345e+00 -1.892750820626503128e+00
2.493382488976443767e+00 -1.210446325377748877e+00
2.492680474524455292e+00 -4.696693411206034341e-01
2.521653349181050885e+00 2.251401137925235219e-01
2.548121006080400264e+00 1.001328135025357113e+00
2.578967929185367325e+00 1.666929669030153605e+00
2.611424254284571589e+00 2.417000114124924437e+00
2.585822876884463994e+00 3.106999451569372184e+00
2.588707248618170809e+00 3.841681114347849757e+00
3.260726319715303134e+00 -4.066392314740888025e+00
3.245610006177436446e+00 -3.357337423001535370e+00
3.254755269915754923e+00 -2.620276242276393219e+00
3.249449661222129748e+00 -1.868819108411546637e+00
3.225906938078487940e+00 -1.160073933190826523e+00
3.304549925877651617e+00 -4.797247745934427599e-01
3.271348106944238054e+00 2.470534938643815792e-01
3.298049680633454273e+00 9.260334201380260311e-01
3.296064951851647606e+00 1.682645039833225553e+00
3.332492450735770717e+00 2.423694145172227365e+00
3.357781677397028375e+00 3.130041772412369028e+00
3.365984885242127689e+00 3.838053083762595463e+00
4.018423034962125939e+00 -4.074738843327146753e+00
4.000679745186786818e+00 -3.394111066987655079e+00
4.006172516264051353e+00 -2.618075733229936475e+00
3.996133911833496200e+00 -1.904214106755233615e+00
4.103743242538740787e+00 -4.652883974662991307e-01
4.069198065550089893e+00 2.531407108855106003e-01
4.012780617022187357e+00 9.381682198470144840e-01
4.077592806917039070e+00 1.673145752719133128e+00
4.097348619457669372e+00 3.119933288367171542e+00
4.136839274687211798e+00 3.829306179655418418e+00
4.746418525121185894e+00 -4.079717237216666348e+00
4.729283476273003828e+00 -3.369187604339675346e+00
4.755796474760174419e+00 -1.910597806620540240e+00
4.813790389236288547e+00 -1.212545785404088861e+00
4.853891024425706746e+00 -4.774069835861673994e-01
4.885822203548990217e+00 2.443736420273339149e-01
4.836711584182666002e+00 9.705804792382224377e-01
4.810122803005285164e+00 1.656275370126291335e+00
4.847827995898789766e+00 2.389240308577580407e+00
4.859069172239415479e+00 3.121382388949584197e+00
4.863900208799663005e+00 3.861703132919991788e+00
5.585696541476906418e+00 -4.064042602783104030e+00
5.568084350615606581e+00 -3.372234104824350709e+00
5.589742072817884377e+00 -2.560010762795741357e+00
5.528238802059732393e+00 -1.960345388273946554e+00
5.587371893952600033e+00 -1.256840809022541805e+00
5.624119771322853012e+00 1.926888036260621107e-01
5.631810014885736848e+00 9.375281157263479770e-01
5.597352793266161086e+00 1.641971842355776090e+00
5.585831568835061489e+00 2.382397055855932422e+00
5.578464592757946150e+00 3.098877416854946887e+00
5.580895892091071175e+00 3.843969377692339151e+00
6.364994632191880441e+00 -2.684459240970859639e+00
6.401268502167347663e+00 -1.272499780620769627e+00
6.384042210542887119e+00 -5.537827230952281354e-01
6.345332583660507453e+00 1.911984968121096529e-01
6.332753530057772196e+00 9.247280201355110307e-01
6.351212955018887385e+00 1.636269273364117538e+00
6.346164993933840037e+00 2.370013060242886382e+00
6.338122281896637844e+00 3.092564217030023599e+00
6.376774663643928420e+00 3.796198573196207349e+00
7.171957466364418110e+00 -1.993188109948846432e+00
7.131073681027643829e+00 -1.284122196453214571e+00
7.140119167629336516e+00 -5.864229214035781013e-01
7.097267355826410551e+00 1.452245804093550419e-01
7.081496937641659883e+00 9.388614682054665650e-01
7.095074006920874865e+00 1.642351906162652142e+00
7.121934842001209631e+00 2.308744418726938363e+00
7.112803699268901880e+00 3.044197911241987242e+00
7.187439268582942020e+00 3.740234508683386139e+00
8.074132875250022323e+00 -4.120036333046517285e+00
8.076348831304898113e+00 -3.403989246345386022e+00
8.052560929065300854e+00 -2.691569744244290519e+00
8.012827679892254196e+00 -2.006543915925519173e+00
7.982631906850045311e+00 -1.274237216586968202e+00
7.954330171373278802e+00 -5.657802307596284663e-01
7.866080360040655250e+00 8.958287864617702212e-01
7.840355371014723573e+00 1.564946364112213217e+00
7.877137147534227779e+00 2.323730117733109779e+00
7.911464324465718789e+00 3.069371057929835445e+00
7.945287674320141491e+00 3.726773251853721547e+00
8.842368507257944543e+00 -3.436347728515119826e+00
8.849029171530752080e+00 -2.702088307314774340e+00
8.846759937952015207e+00 -2.008547450894599962e+00
8.788566423823283458e+00 -1.304279947702656983e+00
8.678480752267908827e+00 1.271226158228415670e-01
8.626538452531200107e+00 8.589436429315497890e-01
8.629638688622492282e+00 1.577230580936447524e+00
8.642474822486640562e+00 2.299036124886129073e+00
8.688683595909765245e+00 2.973427925884088552e+00
8.723043727056648322e+00 3.755082025845680960e+00
9.655091083267350882e+00 -3.442391352458884057e+00
9.642139412050795499e+00 -2.707237915208740020e+00
9.664530454337686649e+00 -2.062872380959667851e+00
9.573352664314192850e+00 -1.270415388718770799e+00
9.571078352719318616e+00 -5.490253505971374182e-01
9.476314669253390832e+00 1.277597823561578139e-01
9.409811541700797477e+00 8.410401839799064305e-01
9.377808222555714224e+00 1.570219950490123750e+00
9.414505061913857276e+00 2.287234138239330861e+00
9.467304709179934719e+00 3.010894345531681893e+00
9.478877572874587543e+00 3.700939183207239580e+00
1.056488215538412589e+01 -4.233150543535732169e+00
1.051272907558990966e+01 -3.481892354189913164e+00
1.051111435178157905e+01 -2.782781328570187895e+00
1.041364460998865127e+01 -2.058149684584641648e+00
1.040297513685021613e+01 -1.298104291420312251e+00
1.035576670589605897e+01 -5.986417676791369047e-01
1.032188940637836794e+01 1.630470755052080278e-01
1.032842875297356500e+01 7.949411533382999551e-01
1.037219265253630596e+01 1.541158270982684542e+00
1.030494823543441640e+01 2.315905025687957419e+00
1.028969721001298865e+01 2.987932998340944835e+00
1.032320709330141995e+01 3.713546832974216727e+00
1.146042877679280991e+01 -4.173029066573750612e+00
1.145830066676001024e+01 -3.465410712009013849e+00
1.143407618439286466e+01 -2.715221045604362615e+00
1.136196114284652481e+01 -1.290384055057874235e+00
1.130863868225259949e+01 9.688020733882396485e-02
1.108334720333057533e+01 8.412691426327718602e-01
1.108142856701356038e+01 1.565889397432300711e+00
1.106589887040527032e+01 2.287101309876234723e+00
1.110384870205507468e+01 3.014290304541866305e+00
1.111421016566904996e+01 3.709782748296930777e+00
1.217481496596975887e+01 -3.464564616548148734e+00
1.249142354864891047e+01 -2.697844620936159288e+00
1.220043489692270100e+01 -2.064581719735787857e+00
1.219800392914046228e+01 -1.330018256666093635e+00
1.213395573593204801e+01 -6.005323812854257426e-01
1.208226374176238949e+01 1.272721611335292380e-01
1.199005620665625571e+01 8.274176317163934868e-01
1.186748297545976527e+01 1.554492952987647669e+00
1.182484190838574278e+01 2.327207488188175688e+00
1.185172007165660091e+01 3.010004508343364193e+00
1.192498460880634070e+01 3.707276660297353033e+00
1.311456228556149739e+01 -4.220698205496230315e+00
1.309150479994494987e+01 -3.490776638812739918e+00
1.307677216765134887e+01 -2.742149536825898792e+00
1.294170454227655398e+01 -2.115969750817740191e+00
1.280559669453357685e+01 1.690669413162382284e-01
1.276972271377489676e+01 8.517335269848942403e-01
1.268978485675763324e+01 1.551141624985259426e+00
1.271069823229777995e+01 2.252298192871766247e+00
1.279394297802424063e+01 2.971564592481314548e+00
1.283315413736299604e+01 3.696672573280714857e+00
1.405719182372438780e+01 -4.247366422053751478e+00
1.397292768269320362e+01 -3.485994491066417567e+00
1.392825276231720011e+01 -2.738859062769790853e+00
1.378798297066834522e+01 -1.321071003391558918e+00
1.373497051909054534e+01 1.463093312665435519e-01
1.370386060079908930e+01 8.206715628977789834e-01
1.352112137516205337e+01 1.572560169203644165e+00
1.356440981764880149e+01 3.005003855477852426e+00
1.356368851436165812e+01 3.705175711601860655e+00
1.481195864603089518e+01 -4.245045469745168276e+00
1.480793039331617678e+01 -3.530712177269887064e+00
1.483748621979486870e+01 -2.812315763929166934e+00
1.482138287025784962e+01 -2.118669295171738298e+00
1.468173800111561178e+01 -1.350530487105437771e+00
1.477609549693933388e+01 -6.293145604983116925e-01
1.449917105630610337e+01 1.539229507318111700e-01
1.439213628038177717e+01 1.581071959694366313e+00
1.440337366431148070e+01 2.292794515469374517e+00
1.432246513516143693e+01 3.018207328186541361e+00
1.438904026305701933e+01 3.679004658812999651e+00
1.557165908529333365e+01 -4.305962799477526914e+00
1.557349830265283686e+01 -3.562536606564993491e+00
1.555569928224132070e+01 -2.870123420224430788e+00
1.553133901368254755e+01 -2.138051841743184411e+00
1.548734209372663884e+01 -1.382443814329693765e+00
1.545164279233779325e+01 -6.720295862527834174e-01
1.541547284401853801e+01 8.887731438348467350e-02
1.526365700155199079e+01 1.598758887663532136e+00
1.522678287404526998e+01 2.275678354041431817e+00
1.523189999053364119e+01 2.881123617312503882e+00
1.520398509544669707e+01 3.694367391005620505e+00
1.631802913429951474e+01 -4.259901611957452872e+00
1.629915344599268678e+01 -3.566828223388444741e+00
1.626548113139568841e+01 -2.857795739001041113e+00
1.624118469164035616e+01 -2.102695719735393709e+00
1.621420237267262365e+01 -1.401300191321791289e+00
1.618400727631836133e+01 -6.835225694129327678e-01
1.616797165201943898e+01 1.395175416324150319e-01
1.607891739962919075e+01 8.351000564128767678e-01
1.604688239370729264e+01 1.513714471560508201e+00
1.602418359849932727e+01 2.322271903909214785e+00
1.601504525616642383e+01 3.031248606565362991e+00
1.604770440220455185e+01 3.759895799787329906e+00
1.704833023501358014e+01 -4.226025716499897555e+00
1.702985999971747333e+01 -3.582386422038734253e+00
1.699528849819431287e+01 -2.797655298528443524e+00
1.695530289410006475e+01 -2.083363522846408245e+00
1.690353561860938214e+01 -1.382662230090666355e+00
1.692152315518664807e+01 -6.240503108700963253e-01
1.686998398150674205e+01 9.934695000779214524e-02
1.683655068720986492e+01 8.930878666376926844e-01
1.680303466792631184e+01 1.591214062152687347e+00
1.678760716506500472e+01 2.339411458026589230e+00
1.674466685275321254e+01 3.095736586516594002e+00
1.675984207535949366e+01 3.800845060734843628e+00
1.777826870778402224e+01 -4.265340010279121685e+00
1.775448919546894189e+01 -3.530011609576970244e+00
1.770942056998487146e+01 -2.792560748127041137e+00
1.768166947891697305e+01 -2.073364577618367122e+00
1.765587911348443129e+01 -1.335840789466818279e+00
1.764995833290223715e+01 -6.155897434750343677e-01
1.761948238020081448e+01 1.647029741739522990e-01
1.759887247098367169e+01 8.549181316568841282e-01
1.753155768504041134e+01 1.590293884229541987e+00
1.751918416296734193e+01 2.350077986344683012e+00
1.748379580828703439e+01 3.101849816210602739e+00
1.753619364940823999e+01 3.842828005448723161e+00
1.859835998079959296e+01 -4.166936025535012078e+00
1.846765113016620319e+01 -3.456655859631165839e+00
1.845222521115333336e+01 -2.740883335023482914e+00
1.842281832525797824e+01 -2.035455798878167855e+00
1.838494849727461400e+01 -1.304595356524760774e+00
1.835492630095198052e+01 -5.892768896429068093e-01
1.834419359777344738e+01 1.351075975688829089e-01
1.831593150044116669e+01 8.666850937959935663e-01
1.829504388342090948e+01 1.604520676130071877e+00
1.828391343611424702e+01 2.336452682467726305e+00
1.827370918132043442e+01 3.068206553855873153e+00
1.834854523943124605e+01 3.798259683773778761e+00
1.935770141857918958e+01 -4.229232525716781765e+00
1.932862533547690731e+01 -3.473064412844902193e+00
1.930258145722567775e+01 -2.716325000218574814e+00
1.922673986225308340e+01 -1.978349666098406345e+00
1.924043402346515563e+01 -1.249475698067122664e+00
1.911356874143043427e+01 1.436357342136034276e-01
1.935667318055333652e+01 8.581628996827141975e-01
1.918915383983438261e+01 1.614944193849044751e+00
1.909253271301842148e+01 2.363381330609669817e+00
1.920512611888771914e+01 3.089662896524124847e+00
1.923169326629727749e+01 3.691086023531191529e+00
2.008779495348259303e+01 -4.221374544113452032e+00
2.004985311390580449e+01 -3.462209314618721834e+00
2.002876694815615366e+01 -2.743882902259809242e+00
2.006956752531175425e+01 -2.038011789134124285e+00
2.008556786826785157e+01 -1.300726457050163987e+00
2.007269357075804805e+01 -5.692667453765487551e-01
2.006863023349507102e+01 1.638033832537360013e-01
2.011175875693650283e+01 9.024905783151702110e-01
2.002529344912202447e+01 1.621669232434278740e+00
2.002295957156756856e+01 2.345766487276655710e+00
2.004032877919910760e+01 3.006109181231231275e+00
2.007446521392936489e+01 3.724327586667328660e+00
2.127763105464808291e+01 -4.142121913386375809e+00
2.121393625082790635e+01 -3.469637001940988341e+00
2.125359448633515314e+01 -2.698503718912181881e+00
2.130071091184161247e+01 -1.972035300878971498e+00
2.116143527868231189e+01 -3.869115449672833051e-01
2.102905730562786601e+01 1.759628898249836482e-01
2.097960148450193429e+01 8.568692808218614232e-01
2.091405274090809741e+01 1.629316082684553635e+00
2.090046657260005958e+01 2.345074915942372940e+00
2.090503008612823521e+01 2.985143998679042454e+00
2.086637388383243064e+01 3.729091016170400508e+00
2.199311956760957543e+01 -4.212971768869895328e+00
2.200190395773309149e+01 -3.479966202617923443e+00
2.198370638066878513e+01 -2.757484409743948817e+00
2.200319465789129936e+01 -2.016719046130301507e+00
2.198420319682881541e+01 -1.292156516271599997e+00
2.196717242768264100e+01 -5.706372238491681514e-01
2.194351885451759188e+01 1.673604213631740834e-01
2.181047815067948648e+01 9.518145101504948968e-01
2.187288222569433316e+01 2.391690363819950704e+00
2.178665926754614190e+01 3.045154126540609241e+00
2.175685429952698513e+01 3.682224572460803813e+00
2.273469756239471451e+01 -4.203797381715528303e+00
2.270388283816753017e+01 -3.475772074958261015e+00
2.274886452504642875e+01 -2.757179555397978987e+00
2.274394837019828941e+01 -2.011745948120413630e+00
2.273617058993319517e+01 -1.311328153889135706e+00
2.272576315390144686e+01 -5.842274280989094848e-01
2.268876440145040618e+01 1.347960612872576291e-01
2.268558331754861257e+01 8.906185417527652248e-01
2.268018419655741980e+01 1.603693199485594079e+00
2.266830111318635943e+01 2.310429658227278082e+00
2.260471839044284792e+01 3.059751426643728678e+00
2.263299217542999742e+01 3.704283102899800895e+00
2.348117256654816742e+01 -4.209754580233184384e+00
2.347247899359602030e+01 -3.496601783786196904e+00
2.346718833812673921e+01 -2.758213986405252172e+00
2.347366536608530652e+01 -2.051294690829394085e+00
2.347650018894709234e+01 -1.294735625936919376e+00
2.346919175604741525e+01 -5.698621774374323934e-01
2.353091001820698835e+01 1.180473494730129858e-01
2.348609608261358517e+01 8.815298959290771563e-01
2.341564483474277125e+01 1.590310531283527951e+00
2.345838088260609311e+01 2.338161841861722934e+00
2.343273933857452818e+01 3.052312523722427784e+00
2.345761203462041777e+01 3.683959234003218342e+00
2.447423961320945551e+01 -4.045822956436353479e+00
2.423569899056867882e+01 -2.793547126072141396e+00
2.416750319017832993e+01 -2.116625922644491453e+00
2.424692303368163948e+01 -1.329445072145539086e+00
2.422457274949365313e+01 -6.167866014325262825e-01
2.422716080547192519e+01 1.124273034551244166e-01
2.424576081866033661e+01 8.453013798467061690e-01
2.424705096094172774e+01 1.592371813094612065e+00
2.423606939632115598e+01 2.293415680446955207e+00
2.423841064462425976e+01 3.026346656245685551e+00
2.427894389122190688e+01 3.716654241277112192e+00
2.499061968442576642e+01 -4.208971336409536690e+00
2.492279264580930942e+01 -3.504214161234500580e+00
2.500396889880502016e+01 -2.792120726566558631e+00
2.495116897983390203e+01 -2.060444870702177411e+00
2.496137104142056273e+01 -1.362229078565984963e+00
2.494653332092269693e+01 -6.421044186003364018e-01
2.497754676988746070e+01 8.871534005872661055e-02
2.498083991731650855e+01 8.093391456721725774e-01
2.501922538654361716e+01 1.553622356080879285e+00
2.503948371843409149e+01 2.238452190644977691e+00
2.503113787932550593e+01 2.992119712910664475e+00
2.506232786307499794e+01 3.697618814597859682e+00
2.572444338922697682e+01 -4.203610651047956281e+00
2.573701614261666037e+01 -3.528570606079160399e+00
2.570477213376146608e+01 -2.809414195792847124e+00
2.570221915819544733e+01 -2.083298946180079270e+00
2.570912315833334105e+01 -1.365890091109264404e+00
2.570336151575879313e+01 -6.014097723640645654e-01
2.573730957546696629e+01 6.802930587027233855e-02
2.573190616972024003e+01 7.993501382024810198e-01
2.577526161716310327e+01 1.540918533804404689e+00
2.583299680056784808e+01 2.301397934335490447e+00
2.580130688758192292e+01 2.992255818671623047e+00
2.583419560419061867e+01 3.684386496120083621e+00
2.652051945199524141e+01 -4.263410323751951836e+00
2.649460503769277153e+01 -3.553091810286947094e+00
2.650019487692397746e+01 -2.822258384109019858e+00
2.648115347241824935e+01 -2.097112653402348315e+00
2.648148329813538027e+01 -1.381676362613266207e+00
2.646741118976813567e+01 -6.989982305734621093e-01
2.647869452005409840e+01 5.487809488823103266e-02
2.649410211250022940e+01 7.129828120459329455e-01
2.651009707304810803e+01 1.510013810666119838e+00
2.655571438667792705e+01 2.202934024114789224e+00
2.660046967071321689e+01 2.940536834506914943e+00
2.661122657217964615e+01 3.641505273943025145e+00
2.731611868182692149e+01 -4.271376341285094469e+00
2.723842330572424686e+01 -3.540450244101897681e+00
2.724767441470289242e+01 -2.826430061957680095e+00
2.727144874990671752e+01 -2.135933194678603542e+00
2.724494947678437740e+01 -1.401552744362078329e+00
2.726352345463924109e+01 -7.056140553846823593e-01
2.728796947121041683e+01 -6.746738722128498011e-03
2.731496926802257974e+01 6.883247915034473863e-01
2.731420169368351480e+01 1.445990470795152305e+00
2.728878132166212822e+01 2.194695449122388453e+00
2.735207252663775535e+01 2.914865839419576332e+00
2.739924852166872427e+01 3.627863276118098668e+00
2.835201022810596072e+01 -4.108097389799162613e+00
2.807023615530206229e+01 -3.554898151888721713e+00
2.829141646900962570e+01 -2.765329661450408594e+00
2.802177700225526991e+01 -2.166501350626095501e+00
2.802046528191436181e+01 -1.478666014562744380e+00
2.799650539618755118e+01 -7.396012771557067822e-01
2.800517895120487566e+01 -2.765057746306354147e-02
2.805022783874478165e+01 6.857039836089207085e-01
2.808889220778045370e+01 1.391328094673557558e+00
2.813332411878301542e+01 2.110971064691316457e+00
2.816191120542158188e+01 2.831215863075470907e+00
2.815682337816723901e+01 3.570602114147462203e+00
2.894402089898010644e+01 -4.267760006825401575e+00
2.889717096836800891e+01 -3.581210181677597859e+00
2.886776376381865106e+01 -2.885157251800283262e+00
2.887259722872504852e+01 -2.173898884719076108e+00
2.883968072683990869e+01 -1.490370017565137317e+00
2.883456346418854110e+01 -7.654906486398189713e-01
2.886103086944151386e+01 -3.348084544506590987e-02
2.881475753481596058e+01 6.678783883873435911e-01
2.884282574473413518e+01 1.361913668260449128e+00
2.888141632442094675e+01 2.077176839646789119e+00
2.890106149631028387e+01 2.792380355965825345e+00
2.892354317895701143e+01 3.542354617344749101e+00
2.973698043345826392e+01 -4.270796679595488143e+00
2.962073467585306474e+01 -2.187852421677046522e+00
2.960650448536519974e+01 -1.524748920697003740e+00
2.986443812411337007e+01 -7.538021397506824428e-01
2.966118034407735848e+01 -8.888298169970454410e-02
2.960823368802166300e+01 6.232285553922487509e-01
2.964497724571595683e+01 1.355937950182777740e+00
2.966429743353371151e+01 2.067584078605499087e+00
2.966807776221980220e+01 2.777717776659521576e+00
2.966934839703919380e+01 3.511181401650077305e+00
3.050810229714402766e+01 -4.282625518121793817e+00
3.045450392475635937e+01 -3.561305578894508272e+00
3.046465193780810665e+01 -2.896529536261834181e+00
3.043849945737259333e+01 -2.192639453252503756e+00
3.041719515230918347e+01 -1.512313260145152327e+00
3.041614137137931806e+01 -8.084624697186164610e-01
3.042491250830911298e+01 -1.068685337407799807e-01
3.044237065585986812e+01 6.127480788632730935e-01
3.045204282396220918e+01 1.347181799334549623e+00
3.046083444898030024e+01 2.081725312044092391e+00
3.043307714398006425e+01 2.819083299312943325e+00
3.044257549109790517e+01 3.557698025198526182e+00
3.134722351190087153e+01 -4.249654885807203186e+00
3.127303999772865239e+01 -3.628015867197259325e+00
3.116137665096352549e+01 -2.903407039621292540e+00
3.117719636561205476e+01 -2.236820516530311664e+00
3.117131844352690706e+01 -1.523474475147587270e+00
3.117945227506155703e+01 -1.181077505157048790e-01
3.118813312387090519e+01 6.032037762147055560e-01
3.116282372036494763e+01 1.345446086840347277e+00
3.119172258891861560e+01 2.096676498112028497e+00
3.125256104486663133e+01 2.841663522338990333e+00
3.134077452545847819e+01 3.545707600102666390e+00
3.205332435757583909e+01 -4.275346148544226565e+00
3.204204425486016561e+01 -3.627123806347729129e+00
3.200529637076305534e+01 -2.909341546030081105e+00
3.195936790956171336e+01 -2.197539601517615182e+00
3.196062325090768041e+01 -1.524204388423452627e+00
3.192317201558443429e+01 -1.004652562741696897e-01
3.192481157763334210e+01 6.179389803135819648e-01
3.201911208869967851e+01 1.336624703882023368e+00
3.201761307949768565e+01 2.089198192649408981e+00
3.206894458734276299e+01 2.796260057080047545e+00
3.204808262013677478e+01 3.547581244523122734e+00
3.286869810903034050e+01 -4.293666203521318891e+00
3.279154648693960183e+01 -3.585286154769274702e+00
3.282113092364829043e+01 -2.897660078855668786e+00
3.277399845613134488e+01 -2.187980500198651868e+00
3.271517704356305245e+01 -1.478544003118198447e+00
3.276552907603103648e+01 -8.021854183882020095e-01
3.272497155686748016e+01 -9.852434967148582245e-02
3.272883186090938779e+01 6.264475499679100778e-01
3.274199017362557385e+01 1.355689890798213781e+00
3.273468983674228383e+01 2.113916613275499401e+00
3.279423972421630396e+01 2.838587617138209396e+00
3.280066677489497096e+01 3.564063832215417449e+00
3.364443628775226358e+01 -4.240400989516015073e+00
3.360519723177277029e+01 -3.542407053053711508e+00
3.353131485306081316e+01 -2.866209586368860585e+00
3.351476551702331363e+01 -2.202522131844254716e+00
3.349952212386160255e+01 -1.510180154305256650e+00
3.348645581226180212e+01 -7.877172270693506562e-01
3.346720593404544530e+01 -6.937055678819703530e-02
3.348763981509124932e+01 6.670415809875258617e-01
3.349118834190388583e+01 1.413669366207027878e+00
3.353372033113486594e+01 2.130165000652116447e+00
3.358173392969714399e+01 2.858207485147445936e+00
3.358204797909046846e+01 3.586074943369162327e+00
3.439267469428306612e+01 -4.246574272017269891e+00
3.435053101521027230e+01 -3.577585081351301710e+00
3.432394890937391807e+01 -2.864557203671399321e+00
3.427310890024016743e+01 -2.181102504675102693e+00
3.424957074686901848e+01 -1.506872160929727755e+00
3.424827675212009837e+01 -7.759451679260145340e-01
3.425964243927214881e+01 -3.045814247990819013e-02
3.421633264259211415e+01 6.167580936380545609e-01
3.423114389224418375e+01 1.419935431322670638e+00
3.432337642543145506e+01 2.141654544751055766e+00
3.434001159425572069e+01 2.885935484028074427e+00
3.431981421311639480e+01 3.624611678911449530e+00
3.515189799461872866e+01 -4.234915462486949167e+00
3.513148869988776113e+01 -3.549576414043897898e+00
3.509952949912557330e+01 -2.848197856359043101e+00
3.503969378698661075e+01 -2.165689111517288268e+00
3.501811686289367032e+01 -1.443693977603469847e+00
3.499711766122222656e+01 -7.309910023911072585e-01
3.503338122584833769e+01 3.283605090142671656e-02
3.504331832722041185e+01 7.292485795236913759e-01
3.511367780619173828e+01 2.123954392264643332e+00
3.511130358870673973e+01 2.910611939133445958e+00
3.517541245942080508e+01 3.694953682293174779e+00
3.593717784994401399e+01 -4.240011222460083218e+00
3.591790435593829756e+01 -3.499209721533450335e+00
3.587221758424164619e+01 -2.869193791916892167e+00
3.580199401233708301e+01 -2.122573567267870942e+00
3.577977744623530754e+01 -1.405612232510033976e+00
3.576044188835076199e+01 -6.761126312861875931e-01
3.580636599625358230e+01 4.989812817879979434e-02
3.580094527804114790e+01 7.224753867716060540e-01
3.583409340396462284e+01 1.488679952646325688e+00
3.583584715395530651e+01 2.190513004992091339e+00
3.596856897420011734e+01 2.956137959420019001e+00
3.605567764420282373e+01 3.673239314499021191e+00
3.673104850754595674e+01 -4.193722661213257652e+00
3.665253694168088572e+01 -3.470772303814534610e+00
3.662892697854770319e+01 -2.774901797171285267e+00
3.655053333679637007e+01 -1.350427135208576601e+00
3.654298689964053182e+01 -6.354895365305388566e-01
3.656639994501417590e+01 1.909536295995799549e-01
3.655738161649589557e+01 8.077548841429944559e-01
3.673501177998817724e+01 1.496307146174601144e+00
3.674802373312983406e+01 2.248018988172230337e+00
3.674508968506413709e+01 2.981271220784499576e+00
3.679984860648550438e+01 3.694221447885389864e+00
3.755269294360771681e+01 -4.124387631655377362e+00
3.746471145957941218e+01 -3.423856822120285415e+00
3.743948556461723598e+01 -2.705023093736638629e+00
3.741017903060508587e+01 -1.999449419887657342e+00
3.738553359672304310e+01 -1.286238600684214362e+00
3.735508071824533971e+01 -5.555084291713008326e-01
3.748893839311924836e+01 2.144111030319848510e-01
3.751144702217052185e+01 8.481735938839491951e-01
3.763439596709233825e+01 1.470041670576723192e+00
3.771595092631502411e+01 2.348061626366114041e+00
3.845320330142407528e+01 -4.052491517580666169e+00
3.840201584386698386e+01 -3.316265026341376654e+00
3.836041427758075173e+01 -2.633977388109595807e+00
3.842576827615365431e+01 -1.908139053072961389e+00
3.859942866140934115e+01 -1.118370325374296925e+00
3.833765932584902458e+01 -3.986058595658157344e-01
3.835714216352010197e+01 2.737071651382819937e+00
3.855199071992500848e+01 3.215580498342262672e+00
3.941252492251862094e+01 -3.234995223202698611e+00
3.942322469458243717e+01 -2.960655864255816283e+00
3.937518623513836502e+01 -1.748673360891260131e+00
4.000045215296284340e+01 1.143331936977514118e+00
4.000635963907897263e+01 1.908466883779983192e+00
4.000943402714415953e+01 2.630839010569083314e+00
4.001274973176999339e+01 3.327263088746171604e+00
3.999638172258443802e+01 4.009438219656864533e+00
4.073916555105920878e+01 -3.972466865914178413e+00
4.072975556896351890e+01 -3.218470467935368617e+00
4.071393841887267939e+01 -2.457187721167930050e+00
4.071363141501291949e+01 -1.772690634137600085e+00
4.072619989119747430e+01 -1.059892119772811725e+00
4.073072051378840541e+01 -3.503561354723920829e-01
4.074492076161023846e+01 1.132115615252967444e+00
4.072411809468541577e+01 1.853942660435077272e+00
4.071212724879287492e+01 2.526852725290531509e+00
4.069626081735766121e+01 3.318603858896942427e+00
4.071538087318320009e+01 3.972466865914178413e+00
