-3.111334305025430069e+00 -4.128608093773419085e+00
-3.089272515363873595e+00 -2.728319820443704913e+00
-3.111544883063494638e+00 -1.944217967739781727e+00
-3.108758075757393158e+00 -1.220376384854354512e+00
-3.132404438913290790e+00 -4.779923171259987669e-01
-3.113548266874758497e+00 3.348013460620471449e-01
-3.111300054615817601e+00 9.971285603571828915e-01
-3.112636355947735467e+00 1.723656794912958645e+00
-3.107440225194665118e+00 2.427932466753027541e+00
-3.118644810501017162e+00 3.144011869176893015e+00
-3.110211750383804485e+00 3.903111506315063650e+00
-2.254553045191599381e+00 -4.096410189650772082e+00
-2.288736504924585802e+00 -3.383771035020227913e+00
-2.294246074825878168e+00 -2.641736173537371002e+00
-2.333147478097941985e+00 -1.916904837715417642e+00
-2.309667331086934894e+00 -1.190645608087052665e+00
-2.303286022795106192e+00 -4.808316684873865654e-01
-2.327049612539354939e+00 9.967473936159869652e-01
-2.357372443232584658e+00 1.727172742686835960e+00
-2.357701063033857736e+00 2.433053468719055701e+00
-2.378895946849731047e+00 3.219878254553584895e+00
-1.557388926609405644e+00 -3.366753843068629237e+00
-1.625072141868152187e+00 -2.634399672582464547e+00
-1.565746122957129671e+00 -1.920494546262858648e+00
-1.581779787942274140e+00 -1.179211091424456015e+00
-1.583061974694878415e+00 -4.616571699599028022e-01
-1.566265116304720095e+00 1.016273095464736542e+00
-1.588043742143703696e+00 1.730228768081268242e+00
-1.611740802374562520e+00 2.481519580989097307e+00
-1.612773549631143055e+00 3.226638923970526207e+00
-1.613609466802387260e+00 3.950498493797510946e+00
-8.335970517591846374e-01 -4.078469431432008463e+00
-8.331599902372772704e-01 -3.362739006943908038e+00
-8.238486079491877945e-01 -2.627839884326483855e+00
-8.361735508790744120e-01 -1.898985101767081574e+00
-8.699931805010834296e-01 -1.195695760303742361e+00
-8.297217049678167200e-01 -4.620899539959566482e-01
-8.416275058908979645e-01 9.775004172630481492e-01
-8.651160464755491830e-01 1.761684422247913773e+00
-8.562064477226982717e-01 2.499927118892095734e+00
-8.438914243779365165e-01 3.221049815143253170e+00
-8.463017800367396148e-01 3.943611337277459938e+00
-9.522876474122199397e-02 -4.052846908196233500e+00
-1.326392297989187341e-01 -3.337714179794755154e+00
-1.027036767895097569e-01 -2.636111855696803730e+00
-9.009882131530844163e-02 -1.902277412807425350e+00
-8.688144783559437201e-02 -1.176052548504369355e+00
-9.307611051444553141e-02 -4.308603146330085565e-01
-8.861266232539577459e-02 3.030313972445313198e-01
-1.138965145568988646e-01 1.729753144127485598e+00
-9.981738707412546319e-02 2.518463531568514213e+00
-1.675776492925464822e-01 3.240030318698103429e+00
-1.060957070878103536e-01 3.970814718335908822e+00
6.514472879574597641e-01 -4.039141186570322617e+00
6.273442311162753526e-01 -3.374546016783433799e+00
5.952593443458553679e-01 -2.640254399533432661e+00
6.277678699537574403e-01 -1.907806749369456156e+00
6.388918528296372301e-01 -1.185771761210681063e+00
6.244707650684375722e-01 -4.398387317268053209e-01
5.811158999141099457e-01 2.582841713039165654e-01
6.160777049628265445e-01 1.002617355218124118e+00
6.287621599976134235e-01 1.744377303461135398e+00
6.520665714959719139e-01 2.523713004947886418e+00
5.950464346924064785e-01 3.172620138363193121e+00
6.333825258347687281e-01 3.942821679828803383e+00
1.389506869492954877e+00 -4.048769756127271080e+00
1.432835195263535866e+00 -3.270540130700894110e+00
1.355919937887939852e+00 -2.596689014707109777e+00
1.362691383939427681e+00 -1.912261925649666239e+00
1.362361431916177423e+00 -1.177021526161496467e+00
1.365820395749693716e+00 -4.913035787047306258e-01
1.355300078753785442e+00 2.486556007574165506e-01
1.391280408106148059e+00 9.976297657564963117e-01
1.399780855120106082e+00 1.727379726212074473e+00
1.379583872444335668e+00 2.527867959796722630e+00
1.378684927078332123e+00 3.197982077703407811e+00
1.375304402930730419e+00 3.908033497197919814e+00
2.084691415677575321e+00 -4.029534173842808542e+00
2.099156644578449971e+00 -3.310815331088786451e+00
2.099874509268097711e+00 -2.593411462167122039e+00
2.171080214501962757e+00 -1.871058072017859786e+00
2.068182822230248519e+00 -1.197610429336414484e+00
2.103181899173598879e+00 -4.573371873406308907e-01
2.035962014134817366e+00 3.111377115304030383e-01
2.127541762461810038e+00 9.734186828196413899e-01
2.138750386675802417e+00 1.720571712521639540e+00
2.153330474416868867e+00 2.461791384539115057e+00
2.184691418156710085e+00 3.187268570299679027e+00
2.836667024198959552e+00 -4.034390374589918338e+00
2.842419087140605427e+00 -3.313470129042137557e+00
2.842446002812309302e+00 -2.588112608863301745e+00
2.822778104782159403e+00 -1.174108890917821668e+00
2.832680091227388175e+00 -4.669927815587975317e-01
2.855537783635220705e+00 2.796558047469019925e-01
2.875707312207715916e+00 9.890288476731292633e-01
2.922069454877430417e+00 1.734498552810332939e+00
2.903888782880798658e+00 2.437222523405740304e+00
2.931432534049001504e+00 3.155597952772964732e+00
2.972563431782518251e+00 3.845136990355051410e+00
3.564096809801839072e+00 -4.039478232188997708e+00
3.583354742704869977e+00 -3.311894909459066838e+00
3.578742788014743326e+00 -2.586930524194400505e+00
3.593708921478388163e+00 -1.861584341159449707e+00
3.573945949647544751e+00 -1.174230400176806910e+00
3.573864071600432624e+00 -4.256506060652966994e-01
3.601972751929693572e+00 2.760869259899259021e-01
3.620918209955320322e+00 1.043432048121939459e+00
3.657337467596789793e+00 1.717459660145479461e+00
3.688066750107516611e+00 2.458695863361032963e+00
3.665819367464877132e+00 3.157179209589742186e+00
3.654899461811446315e+00 3.900128250364623739e+00
4.328909380911099447e+00 -4.043613089985978348e+00
4.309124213694090599e+00 -3.329578123013295254e+00
4.319975678807736585e+00 -2.588106143312394636e+00
4.318633726323845679e+00 -1.836942046538514006e+00
4.307909506635716923e+00 -1.130528804628148976e+00
4.371240540821403897e+00 -4.331382911057133356e-01
4.347756216264976104e+00 2.911785343821939875e-01
4.366962106723406123e+00 9.850734849400950566e-01
4.371523486319148333e+00 1.728738599889673822e+00
4.416170078747605032e+00 2.480325127375142102e+00
4.428653332582108249e+00 3.180539593984050839e+00
4.439153354997017686e+00 3.885420405276946099e+00
5.081823204606976674e+00 -4.044033045341269172e+00
5.070104508057802661e+00 -3.353000872019677558e+00
5.067573069128144425e+00 -2.588199628079937753e+00
5.070863980919654068e+00 -1.876807801459225544e+00
5.151274563231829973e+00 -4.345961194045955267e-01
5.131082103171735298e+00 2.938033292875310565e-01
5.087394700569873862e+00 9.885360237037517095e-01
5.137654353088834114e+00 1.734262459049311644e+00
5.166012480348172176e+00 3.156372677540190352e+00
5.201739224136943562e+00 3.875269711908572390e+00
5.804338354337588157e+00 -4.043947290760385727e+00
5.763454101632248694e+00 -3.339609299526212993e+00
5.814962612516303864e+00 -1.878456882420813656e+00
5.871147309080754439e+00 -1.173390241612381146e+00
5.915064553537412451e+00 -4.295280538038035445e-01
5.944814691288719644e+00 2.967456849803049579e-01
5.896335676395956682e+00 1.006904990318687965e+00
5.891450905201949695e+00 1.700052056683471591e+00
5.913630436189919237e+00 2.441240503973030940e+00
5.924971184305611871e+00 3.177739318368502097e+00
5.919702003832988169e+00 3.915358288102900985e+00
6.626630815056550716e+00 -4.053561144765179591e+00
6.607763304643519575e+00 -3.337746319603148493e+00
6.623366064744026005e+00 -2.535034809635714481e+00
6.575023361443214753e+00 -1.917964348628917293e+00
6.626637764377804274e+00 -1.211054223423079890e+00
6.673250194375640376e+00 2.345993350767692220e-01
6.679322363374147642e+00 9.850034516859089706e-01
6.666649734152102269e+00 1.688742470075396795e+00
6.646873013565532062e+00 2.435376697965644155e+00
6.645314041898799928e+00 3.149493161068889435e+00
6.641648670453747627e+00 3.897281531939640331e+00
7.395510435376074554e+00 -2.645159036831611132e+00
7.419788234578838626e+00 -1.209510102871949044e+00
7.414998867628810331e+00 -4.962676370172296458e-01
7.392419526945531061e+00 2.395733353300499857e-01
7.379870373355480240e+00 9.769067674391571643e-01
7.401956907464644075e+00 1.685489954006218483e+00
7.396859879453977271e+00 2.422889102986939491e+00
7.399342667478464364e+00 3.153755560350454346e+00
7.434156510272615037e+00 3.854465536683072457e+00
8.176102304477950611e+00 -1.948293605968569153e+00
8.155230771946726520e+00 -1.234665730298100783e+00
8.171345521861447025e+00 -5.318340590061652051e-01
8.135775170694152791e+00 2.013089466768214209e-01
8.115557449790934186e+00 9.905772483640014059e-01
8.142028006832809695e+00 1.691898830384044317e+00
8.170501172390473243e+00 2.375430078457899441e+00
8.158033218843257828e+00 3.107969714989302190e+00
8.221215812598828165e+00 3.798895301355834420e+00
9.068934344421066385e+00 -4.090286660410438202e+00
9.071106572523454759e+00 -3.363401063038896410e+00
9.056376385224766068e+00 -2.640162416763867981e+00
9.005126856038920380e+00 -1.958378194315969267e+00
8.980235831579250316e+00 -1.218177625540551645e+00
8.970220729179160912e+00 -5.160439069903119957e-01
8.898791166977751743e+00 9.586607846867600813e-01
8.889842564386370327e+00 1.633398037896444777e+00
8.917535387352920395e+00 2.384302109680284332e+00
8.939085429777271941e+00 3.126676225859135627e+00
8.988052068327846200e+00 3.796690673336932775e+00
9.838630701760941122e+00 -3.399127683872176675e+00
9.833195432256424340e+00 -2.653488271541323940e+00
9.834196797228521802e+00 -1.962944711520535179e+00
9.770879057748615537e+00 -1.245144161814486949e+00
9.695591563239780442e+00 1.899422529669116955e-01
9.655664994026011527e+00 9.257457056077704749e-01
9.655180913145642307e+00 1.636981303419787537e+00
9.672443911401870764e+00 2.356020843674059506e+00
9.722168934398361273e+00 3.045230686627242278e+00
9.753481614263890265e+00 3.821674703769964765e+00
1.061778648646927792e+01 -3.389924661476193535e+00
1.059910186824651390e+01 -2.664776083111796368e+00
1.063165867647950336e+01 -2.000103848418721242e+00
1.056035983732157746e+01 -1.220247922046546307e+00
1.055385850026576833e+01 -5.090407542289163700e-01
1.048363237101391121e+01 1.896870358213682550e-01
1.042779620976855881e+01 9.112706667830998697e-01
1.040370910184137188e+01 1.645135015153037727e+00
1.043340264087426306e+01 2.364182153212261994e+00
1.048949220771931579e+01 3.068093388552263434e+00
1.049622016719376916e+01 3.778051439997831551e+00
1.152920959258644018e+01 -4.162098931944125724e+00
1.146363104875087657e+01 -3.419977493746657160e+00
1.144198889803066521e+01 -2.725337793856603241e+00
1.136332361158697069e+01 -1.991941329326646581e+00
1.135290747034674297e+01 -1.233573892823329743e+00
1.131513764981803405e+01 -4.970911653928951068e-01
1.132847058709620569e+01 2.199608086537523377e-01
1.127563524887868596e+01 8.894094650593160623e-01
1.137247448736983557e+01 1.616916212079260617e+00
1.130136711703847396e+01 2.392661362205465991e+00
1.128250462281686595e+01 3.081162432732391210e+00
1.133555980133992591e+01 3.790377804495257408e+00
1.237240912285280814e+01 -4.107984161367880915e+00
1.237728745208111292e+01 -3.403315587943367859e+00
1.234536461919849160e+01 -2.643149691929536971e+00
1.229014715958248161e+01 -1.216582991476069964e+00
1.220158649951407881e+01 1.931812008276914128e-01
1.207530079752366703e+01 9.230082051997463566e-01
1.207104508210455407e+01 1.647963663609914420e+00
1.206364659309883791e+01 2.373735995438266855e+00
1.209631441077220870e+01 3.102290261435285856e+00
1.210475432801023743e+01 3.802338838223612072e+00
1.307538432128094996e+01 -3.402706258823485541e+00
1.316983168536277304e+01 -2.662225662953840555e+00
1.310579975404181852e+01 -1.974509549764341898e+00
1.311155754707602483e+01 -1.253320959003421109e+00
1.305802969986169160e+01 -5.223013935303626454e-01
1.301501689087712066e+01 2.084065110436306156e-01
1.295224189120312275e+01 9.338289048260399738e-01
1.285782786608965722e+01 1.652532831507844691e+00
1.282091775092564490e+01 2.423379037031935468e+00
1.284033153080020639e+01 3.110623292415340302e+00
1.290338228812306909e+01 3.805007657522956777e+00
1.398641397366204586e+01 -4.142494004350709247e+00
1.396490274945514187e+01 -3.411475768639572692e+00
1.394669073022631522e+01 -2.671541395529995810e+00
1.391307297981594360e+01 -1.974020279578144965e+00
1.373639113703731596e+01 2.537250608972101418e-01
1.369641641499006113e+01 9.456658261602619575e-01
1.367350783316032903e+01 1.660338880905875669e+00
1.369274519330500794e+01 2.367965485852813856e+00
1.375547344071657818e+01 3.084198195212799476e+00
1.378001533574418858e+01 3.807355328436088371e+00
1.487407307063710249e+01 -4.142194236183900813e+00
1.486003079645069391e+01 -3.442689718279964950e+00
1.477727296236206200e+01 -2.655610287480815401e+00
1.466032931001763728e+01 -1.231527427129407215e+00
1.460917790664418447e+01 2.490436631314949523e-01
1.460569264902295572e+01 9.073530309506381286e-01
1.446145263320255481e+01 1.676815787195756968e+00
1.452508122058418394e+01 3.117668924233434780e+00
1.451241246197545109e+01 3.823415210769724126e+00
1.565822026796971045e+01 -4.163887005875881897e+00
1.564569298852468648e+01 -3.439607888281248194e+00
1.566617861448519733e+01 -2.718108912173331504e+00
1.564887575774624651e+01 -2.007463572543542796e+00
1.552671987711335788e+01 -1.267497861584509167e+00
1.560609697664634155e+01 -5.221745834299689193e-01
1.536958749378121070e+01 2.513936703415105001e-01
1.529084152280839248e+01 1.691199337483919152e+00
1.531086143954383516e+01 2.402942992116322785e+00
1.525788316319491855e+01 3.125548457956597304e+00
1.532287582308513407e+01 3.796205324308310480e+00
1.638631488446696949e+01 -4.201733773962708085e+00
1.640245111601341677e+01 -3.453611685800524356e+00
1.638114250742572153e+01 -2.758103645806151860e+00
1.637062065788588683e+01 -2.010637400716287715e+00
1.631899662390028283e+01 -1.284656726556001161e+00
1.629321792723305862e+01 -5.658371730302391711e-01
1.626292956802921452e+01 1.879744706023274148e-01
1.614795223274896330e+01 1.716777859517726768e+00
1.611327876668246262e+01 2.394838495964343394e+00
1.607117448631980494e+01 3.046206255533547846e+00
1.609845564302410281e+01 3.832051030310211104e+00
1.714969103860022415e+01 -4.168797173065243555e+00
1.712215418943736012e+01 -3.450173138508944248e+00
1.709154192815351792e+01 -2.742360356127274912e+00
1.707387366068226697e+01 -1.977099374306497737e+00
1.705591717056295664e+01 -1.272801391186767717e+00
1.701964215145396508e+01 -5.556626875059613724e-01
1.701433171743128270e+01 2.640803939811853240e-01
1.693384979826268477e+01 9.362216270339942525e-01
1.691494146935080778e+01 1.605152627563324330e+00
1.689886614932564157e+01 2.437510241289110979e+00
1.689378195622602874e+01 3.140972790241214341e+00
1.693379742080077222e+01 3.879423460795649703e+00
1.786876443129520453e+01 -4.128209168534169748e+00
1.785362558116439402e+01 -3.448345598943070911e+00
1.781523042388683109e+01 -2.683304716482371788e+00
1.778620979485698683e+01 -1.977886221457485050e+00
1.774261024525557673e+01 -1.259535095459856535e+00
1.775588847549570914e+01 -5.082166520878566018e-01
1.771054898239682984e+01 2.121509687800191557e-01
1.769615647044342666e+01 9.942338056786894640e-01
1.766872143628069125e+01 1.691644935226264579e+00
1.766041611854746662e+01 2.442906696636573116e+00
1.761892664962896760e+01 3.190480722838657357e+00
1.763702762722198258e+01 3.902767360904206839e+00
1.859043954655245301e+01 -4.160999134610673167e+00
1.857407042819696130e+01 -3.421426982682582718e+00
1.853284684726607878e+01 -2.678158592368870217e+00
1.851870944057630908e+01 -1.968188555663253680e+00
1.849469847370787789e+01 -1.219762109075841039e+00
1.848595231836015529e+01 -4.945261072452638018e-01
1.844447284170292534e+01 2.525739392890073987e-01
1.845227662352296250e+01 9.646620358200728163e-01
1.838987730639168916e+01 1.709632966551737354e+00
1.838446979426711891e+01 2.439570771915803959e+00
1.835772215100975302e+01 3.199329276887773688e+00
1.840684358759506978e+01 3.945837449122755913e+00
1.942679273063386347e+01 -4.055160593296005089e+00
1.930770785886253549e+01 -3.364045027300974766e+00
1.928155600243139389e+01 -2.639126041073105000e+00
1.925278130655299691e+01 -1.934054804123704230e+00
1.921337798277038900e+01 -1.203235475530121334e+00
1.919046657529096933e+01 -4.829115017725804648e-01
1.919114648089156816e+01 2.527313722199835411e-01
1.916744810114483499e+01 9.783357795188400985e-01
1.915160648655248821e+01 1.717431160891443653e+00
1.915640780516139330e+01 2.432509459761185155e+00
1.913746977030262286e+01 3.177030787684522295e+00
1.920814931491738520e+01 3.911578827727915098e+00
2.017400581019865058e+01 -4.126253620848796544e+00
2.016091497596490711e+01 -3.367749143560015312e+00
2.011189687478944421e+01 -2.614509378881290758e+00
2.005747657212864965e+01 -1.868837682694682201e+00
2.004465963400106432e+01 -1.144277861527182694e+00
1.995899854814396690e+01 2.579576274745392084e-01
2.017794629578178700e+01 9.682740036243124848e-01
2.002682220032040306e+01 1.724574047571845625e+00
1.995445339656704675e+01 2.480558019438159789e+00
2.000656619364895050e+01 3.207580473776005192e+00
2.005186859592438964e+01 3.847506808963075287e+00
2.090298003402584470e+01 -4.116028355773462266e+00
2.087343700251967960e+01 -3.353181008505590199e+00
2.085080760479240780e+01 -2.625239381943032413e+00
2.088947597843206694e+01 -1.919453138094407763e+00
2.090905580153039978e+01 -1.189535492380908721e+00
2.088320536057099730e+01 -4.574735643542950925e-01
2.087153158372436224e+01 2.719333701705082262e-01
2.091689791508991192e+01 1.014790984071833435e+00
2.083956563551525676e+01 1.727563289462921148e+00
2.084790560642244373e+01 2.474828047049921764e+00
2.087053766244564912e+01 3.143903777953333645e+00
2.089691326036558650e+01 3.876760442112079375e+00
2.207730259299089681e+01 -4.022259915735816094e+00
2.207674502450490195e+01 -3.363740081824548867e+00
2.204134543676880043e+01 -2.580013002177171444e+00
2.208200633950684022e+01 -1.856322414271566856e+00
2.194377337974042064e+01 -2.881701469071913380e-01
2.180388884134179506e+01 2.884065291070925241e-01
2.177418619143528389e+01 1.022851469919906719e+00
2.170256986911992669e+01 1.749649043438783025e+00
2.169822893197599711e+01 2.463005299366237466e+00
2.170254297460205350e+01 3.141658696907200010e+00
2.167515228874557920e+01 3.896663616011522890e+00
2.277110836661941562e+01 -4.099093315152998684e+00
2.277411644191726481e+01 -3.369083595101695749e+00
2.276468941801543622e+01 -2.637612079381302266e+00
2.277478325983601337e+01 -1.894924991272301185e+00
2.275606856880072115e+01 -1.169759693822193469e+00
2.273048993544583851e+01 -4.439961848495741492e-01
2.271130907961704537e+01 2.844711864100446519e-01
2.260098326149822157e+01 1.024030661815860554e+00
2.262517598110619588e+01 2.514672768910457989e+00
2.255122055729981412e+01 3.183561514802519810e+00
2.251269968691297407e+01 3.856635980433516409e+00
2.350882202805772891e+01 -4.086670779772227036e+00
2.349222996066530555e+01 -3.370051182191641459e+00
2.351919172230511634e+01 -2.640096429166526093e+00
2.350097875390659397e+01 -1.892938961745102233e+00
2.350966217869811459e+01 -1.180921214130901120e+00
2.347298857770799430e+01 -4.630067846883427762e-01
2.344488043421020507e+01 2.593367540045967701e-01
2.343245122074772269e+01 1.029341754275524323e+00
2.342593134430039470e+01 1.736935163180170605e+00
2.340937246033044516e+01 2.449765705166530694e+00
2.335398213318644167e+01 3.190501967734562072e+00
2.337925235006888869e+01 3.870957613998811553e+00
2.424253813460105533e+01 -4.088632385191559138e+00
2.424058360806101575e+01 -3.370423968958483840e+00
2.424036004932717248e+01 -2.632888696354132918e+00
2.424622444444125335e+01 -1.916860390556237803e+00
2.423787357282370181e+01 -1.169264051957615180e+00
2.422283129353063202e+01 -4.386994563004762426e-01
2.427553087130607423e+01 2.438518632435346944e-01
2.421431126219638941e+01 1.016433272784237118e+00
2.414385902430533548e+01 1.732117771571321185e+00
2.419004723328745854e+01 2.475117362473557847e+00
2.414941031667427751e+01 3.197860209976745693e+00
2.420168964735603367e+01 3.870639150173978749e+00
2.504417094718883163e+01 -4.072699273393492803e+00
2.499448795278037494e+01 -2.658083248592635783e+00
2.493416661010616764e+01 -1.958980150182988211e+00
2.500197456916630756e+01 -1.192567488448244006e+00
2.497794346500238305e+01 -4.765630096872754962e-01
2.497615328212634722e+01 2.389585624768173489e-01
2.498082405286110941e+01 9.825588634032946800e-01
2.498283189983870045e+01 1.721729622283707073e+00
2.495133239238916900e+01 2.442750624893527345e+00
2.494508655435540589e+01 3.176950866836016019e+00
2.496970144632341260e+01 3.891810012735987812e+00
2.574704909541593167e+01 -4.096018684258336151e+00
2.567439048225819676e+01 -3.371475003625853617e+00
2.576303880913020095e+01 -2.651838085504223841e+00
2.571915248362431328e+01 -1.919695974017809448e+00
2.572493393608412049e+01 -1.208616836761621016e+00
2.571571710833898550e+01 -4.825438305628040325e-01
2.571467997344498713e+01 2.498494635322217050e-01
2.570760311232025686e+01 9.709466184350930007e-01
2.571643962988335375e+01 1.707292659309409544e+00
2.573371340775048566e+01 2.416875069162028211e+00
2.572990861468608870e+01 3.162204379008429100e+00
2.574874176992669561e+01 3.881334274467839407e+00
2.647627463648251478e+01 -4.089756518484978898e+00
2.648526216052534465e+01 -3.385674043877870076e+00
2.646664902124891228e+01 -2.660454984618080942e+00
2.646473984008624569e+01 -1.929347096290740637e+00
2.646483059158555307e+01 -1.210563053848542125e+00
2.645713762696910720e+01 -4.555136994228270453e-01
2.646909886721937966e+01 2.458573659080762752e-01
2.644086961467851893e+01 9.726315993421046358e-01
2.648595160920230285e+01 1.720798449883488956e+00
2.652754608021252380e+01 2.469909530307521806e+00
2.649634385149767013e+01 3.164504086250374826e+00
2.651743134812646474e+01 3.881499387577370896e+00
2.727392913372800365e+01 -4.119836855426559197e+00
2.722244658040018095e+01 -3.417468432776441745e+00
2.725519757560465450e+01 -2.672596540679990085e+00
2.722657578421932101e+01 -1.943432863395852195e+00
2.723711614305362616e+01 -1.220170303951789492e+00
2.721080184607044572e+01 -5.243608400179056162e-01
2.722126278459988669e+01 2.433085581273815023e-01
2.722139091524153542e+01 9.270538430509951411e-01
2.722511424025178428e+01 1.715814900729018433e+00
2.724446896115833994e+01 2.404896812220151503e+00
2.727929236020275283e+01 3.132358080298196512e+00
2.727629447221116976e+01 3.848592089438973574e+00
2.804081859125694365e+01 -4.152738871108223151e+00
2.799415180895224609e+01 -3.396918748160185686e+00
2.799468450788329932e+01 -2.671132900839808144e+00
2.802181014856167707e+01 -1.960707282978894739e+00
2.799495470526813534e+01 -1.222619377332364365e+00
2.800816809625228387e+01 -5.069453508831038846e-01
2.801672187120430380e+01 2.035792437908447994e-01
2.802809110211729404e+01 9.119099389531406530e-01
2.801714169431992474e+01 1.658586341237455741e+00
2.797625600624743214e+01 2.399856375287395593e+00
2.801449356558826054e+01 3.123274784720869945e+00
2.805105038440731136e+01 3.845446855814408593e+00
2.887475371528814350e+01 -4.096370218629001414e+00
2.878178239137269401e+01 -3.415462318996944191e+00
2.883142138971152946e+01 -2.652423676982852641e+00
2.875911621219560033e+01 -1.977034476120877571e+00
2.875869146156531286e+01 -1.272406953761901605e+00
2.872658254329680716e+01 -5.270173323976301560e-01
2.873514154128709919e+01 1.886478401247799752e-01
2.875813681494386032e+01 9.063032924172311766e-01
2.878578766312535464e+01 1.620086036387814232e+00
2.881911200271654394e+01 2.341697722571332463e+00
2.882927233940211664e+01 3.057635611678264809e+00
2.880336422827644327e+01 3.800617545560733390e+00
2.961567727636636249e+01 -4.136500478424640193e+00
2.959799096836001553e+01 -3.447384490402090051e+00
2.958491796262058671e+01 -2.722318153488782144e+00
2.958065086070038063e+01 -1.989053833885726874e+00
2.956107436997844928e+01 -1.273468309530770171e+00
2.953191405493787869e+01 -5.448727627456619871e-01
2.955865405470255070e+01 1.850090682584450974e-01
2.951053775228866272e+01 9.075416908603699540e-01
2.953475872843454653e+01 1.610268833509149289e+00
2.956201537354224484e+01 2.321207763960526194e+00
2.956730698151103098e+01 3.037565234972802841e+00
2.958060726776118798e+01 3.780857174028504630e+00
3.039556137909730893e+01 -4.141948473313160406e+00
3.032188737460464978e+01 -1.991125126519701638e+00
3.031170370080965171e+01 -1.306479146663303226e+00
3.034694150772411803e+01 -5.293908714257540282e-01
3.034542554597575048e+01 1.452556052731743819e-01
3.029375885790371825e+01 8.740564642074168944e-01
3.030426322279662799e+01 1.602859168418412139e+00
3.032629355319594566e+01 2.318080850996199871e+00
3.032022672453347667e+01 3.023690724668220753e+00
3.031200032219665985e+01 3.751342204118941481e+00
3.117260404600263968e+01 -4.168105237141851660e+00
3.113250813748764045e+01 -3.422697619668337410e+00
3.112616249331200180e+01 -2.710209656358738783e+00
3.113206308275801604e+01 -2.003003942491854872e+00
3.110192017206153281e+01 -1.284253528947612466e+00
3.109539218152780649e+01 -5.863150319736263327e-01
3.109779059183404826e+01 1.419005146679630514e-01
3.111786489834698699e+01 8.508494365917869118e-01
3.111882947430746782e+01 1.595338291075197645e+00
3.111613745653773577e+01 2.327361352180208343e+00
3.108099419471890457e+01 3.066735288037335749e+00
3.108874733260896761e+01 3.787266188894591323e+00
3.198942019402115733e+01 -4.126272851260473828e+00
3.192847092731789616e+01 -3.451149433635055885e+00
3.184141690016563331e+01 -2.707504659148188608e+00
3.186599183910819733e+01 -2.027432303328499330e+00
3.184766260362584234e+01 -1.275134576986705071e+00
3.185411279777392934e+01 1.250162605326110565e-01
3.185072668376871974e+01 8.527747706093080637e-01
3.182591140213454395e+01 1.593668579609754943e+00
3.184229016989366556e+01 2.332946803549940995e+00
3.186301197730416135e+01 3.065489325630295525e+00
3.193300786636466881e+01 3.780939715389905587e+00
3.266286655409010820e+01 -4.137162841938923918e+00
3.267373998821175718e+01 -3.450904814120136166e+00
3.266931245510181014e+01 -2.712909672067418398e+00
3.263220027165548487e+01 -2.001008632444566615e+00
3.262669234208730273e+01 -1.298645470220048281e+00
3.260642736959442090e+01 1.395225074712165281e-01
3.259208994759658395e+01 8.636182544441233233e-01
3.265800133931643501e+01 1.574493313809210093e+00
3.264214089152593345e+01 2.313121298111759927e+00
3.264492634077428335e+01 3.059101532845325266e+00
3.264678078868451649e+01 3.782655414295462037e+00
3.347475230712512229e+01 -4.145351907858668028e+00
3.343435518963531905e+01 -3.434531190558217872e+00
3.345853024468487291e+01 -2.718264148039359895e+00
3.341591394448895613e+01 -1.998724169923423943e+00
3.337702294662330615e+01 -1.253081057846507917e+00
3.342884509826787820e+01 -5.760286526924147665e-01
3.337490769531840584e+01 1.311624692834385542e-01
3.337297278830796898e+01 8.669904455450669900e-01
3.337302038305740126e+01 1.595416283712086880e+00
3.335734763274671622e+01 2.352389004618920865e+00
3.340549365665604142e+01 3.067854948682601446e+00
3.337394546028991016e+01 3.813693233362286605e+00
3.421766458769256047e+01 -4.112257159293704945e+00
3.420706155908735724e+01 -3.393522251116660726e+00
3.417064712256277659e+01 -2.693545560675318029e+00
3.415282532850631725e+01 -2.001289418476840609e+00
3.415107759749910343e+01 -1.293159765461673771e+00
3.413843712299786404e+01 -5.762046197906691702e-01
3.411037504318880309e+01 1.488948206721794065e-01
3.412227082242522869e+01 8.899164397371954749e-01
3.413471967629362069e+01 1.631790159240480875e+00
3.415062181377322048e+01 2.346073598554042405e+00
3.415601439957794838e+01 3.082067037315582070e+00
3.413999854545173918e+01 3.807550064756227925e+00
3.495548375415365427e+01 -4.129689127202848198e+00
3.489374135621958573e+01 -3.433298089808086928e+00
3.493238223523734831e+01 -2.701405304307247235e+00
3.489817022789120671e+01 -1.991651410809417655e+00
3.490189197448570013e+01 -1.293979548636915666e+00
3.488905777122700869e+01 -5.674221004262740564e-01
3.488647077661546092e+01 1.852989721170992254e-01
3.486311605995792462e+01 8.762010219050253568e-01
3.484645375442847381e+01 1.639840205817453267e+00
3.488327240300429111e+01 2.355220897811403091e+00
3.489387900461523628e+01 3.104790538356901664e+00
3.487329080691007022e+01 3.835447724681870341e+00
3.570204155330680607e+01 -4.114534849141321615e+00
3.569122228981752443e+01 -3.402257219032566837e+00
3.568322983585344588e+01 -2.685510191048219752e+00
3.564640843473018350e+01 -1.982451872349944466e+00
3.563571274953499568e+01 -1.258992745525112866e+00
3.561954250823357171e+01 -5.336631698181726335e-01
3.563857839651921466e+01 2.260913135198840962e-01
3.565242047515415180e+01 9.633888623134865270e-01
3.566043192433209441e+01 2.356643366286427010e+00
3.563774031918365637e+01 3.122114089729912223e+00
3.566967381951163674e+01 3.886328203156480754e+00
3.645145386492939821e+01 -4.137405208952717572e+00
3.643751045191407201e+01 -3.388812747951028825e+00
3.643358183910560655e+01 -2.711067929370095442e+00
3.638805988042155803e+01 -1.960821471382356407e+00
3.637196609708552586e+01 -1.234755427268670047e+00
3.636399457898694010e+01 -5.071625998684368142e-01
3.639320660910399141e+01 2.217292831298962597e-01
3.638571249811359820e+01 9.208774917608231192e-01
3.637465779693169310e+01 1.709936270183906259e+00
3.637916507349856232e+01 2.400850875440230681e+00
3.645125881463095396e+01 3.164091034342895625e+00
3.649224143781095364e+01 3.859031513551585135e+00
3.723260829713388631e+01 -4.112905889225245915e+00
3.717524763647394792e+01 -3.374736788724696623e+00
3.716393642564056421e+01 -2.652486030708875120e+00
3.711679922007326837e+01 -1.204739446177505613e+00
3.710309517107729249e+01 -4.896464041735839601e-01
3.707393024042811902e+01 3.068448769897109685e-01
3.712559756014642431e+01 9.939915164074690779e-01
3.720877683406589398e+01 1.679424876462341842e+00
3.721421510455879655e+01 2.413879309246453886e+00
3.717584437067230141e+01 3.149591935343423188e+00
3.720904222334353761e+01 3.862804879071404685e+00
3.799833055222777745e+01 -4.054024002935836535e+00
3.795712026440177311e+01 -3.343963125868530284e+00
3.793041348641498445e+01 -2.627563622609528693e+00
3.791660801269647862e+01 -1.908063079738234080e+00
3.791400384904630272e+01 -1.169671051551095076e+00
3.787824493214055366e+01 -4.513213411534735542e-01
3.798598822315009471e+01 3.230297256559033769e-01
3.797768089752197085e+01 1.011464904811905541e+00
3.799918366710276274e+01 1.686107663515482358e+00
3.806127361704063361e+01 2.460751991526443305e+00
3.882208472930683030e+01 -3.985997554437613388e+00
3.881463088993302080e+01 -3.274519046109460874e+00
3.876641065118977991e+01 -2.588023305490793291e+00
3.884303961005877426e+01 -1.830477908584345670e+00
3.888553668121812024e+01 -1.127639272080699584e+00
3.876912728098086092e+01 -3.422038645641691801e-01
3.889571960860600797e+01 2.556828116048038169e+00
3.883716923834995072e+01 3.187533000498994795e+00
3.969894704136365959e+01 -3.285201369988307363e+00
3.957974654208974385e+01 -2.951944037482764571e+00
3.965844768829351352e+01 -1.764782553137234089e+00
3.998887477970303195e+01 1.125102523491584350e+00
3.999726857650454548e+01 1.863639637689768591e+00
4.000523301798356357e+01 2.613334010818469721e+00
4.000334217233622525e+01 3.336099293814228872e+00
3.999260238650733612e+01 4.006628171164017260e+00
4.074082800988956166e+01 -3.983827775312832387e+00
4.072633043157338051e+01 -3.249846363843161612e+00
4.071280394059342456e+01 -2.485124208548540992e+00
4.071155561373947052e+01 -1.784099763122927840e+00
4.072614448747284399e+01 -1.061365395027078051e+00
4.073016422042032758e+01 -3.385584552415927817e-01
4.074013776289462641e+01 1.124612407340780607e+00
4.072794914725995596e+01 1.844276823875571125e+00
4.071885013448355295e+01 2.516915936703924217e+00
4.070215966257864437e+01 3.321896758850456877e+00
4.071371841435284722e+01 3.983827775312832387e+00
