-3.638308469122307542e+00 -4.146344865950961633e+00
-3.576033055437193298e+00 -2.948645428138842561e+00
-3.637597103813341448e+00 -1.961193778003988086e+00
-3.635600960804190152e+00 -1.244172638830193023e+00
-3.665147424915566887e+00 -4.939365218834019799e-01
-3.642667255981450580e+00 2.957698814107558860e-01
-3.640653073730675260e+00 9.760097628289265970e-01
-3.643189472492643688e+00 1.706443820382368415e+00
-3.636237639877350603e+00 2.409010335593940511e+00
-3.649633435771391987e+00 3.112326099100101828e+00
-3.642735042275148771e+00 3.881515294010554840e+00
-2.758726981677639856e+00 -4.116055204197063944e+00
-2.798080205437891266e+00 -3.402204653174901949e+00
-2.808204575699122074e+00 -2.654674069212877185e+00
-2.842139968194807409e+00 -1.938068512237475005e+00
-2.823852788194962216e+00 -1.207691551265547503e+00
-2.821822811804992170e+00 -5.001420455523906128e-01
-2.836730295047445338e+00 9.761252191751772500e-01
-2.875689283537717245e+00 1.712903892363360825e+00
-2.878105443542473552e+00 2.420277500341931898e+00
-2.896782898742124246e+00 3.205055479081011072e+00
-2.062401752872304428e+00 -3.383503468684718740e+00
-2.122096607307831562e+00 -2.645809162716680873e+00
-2.077172397265243831e+00 -1.937456665618920937e+00
-2.096541112529010320e+00 -1.197329287086436267e+00
-2.096864281369867911e+00 -4.842792758382401530e-01
-2.074561889589332964e+00 9.957389184539522375e-01
-2.105483487129795606e+00 1.713767186147986621e+00
-2.137818803993390304e+00 2.463552574744547030e+00
-2.131856091105824191e+00 3.220197405243922617e+00
-2.139592837167356265e+00 3.936269940025105996e+00
-1.338278027172613349e+00 -4.092088964754999836e+00
-1.346723936014271317e+00 -3.379041118902424756e+00
-1.337543482634572456e+00 -2.643691239019201333e+00
-1.348665289928455024e+00 -1.910856425168933725e+00
-1.383463597395483191e+00 -1.212440771050779631e+00
-1.342950169870228194e+00 -4.843494834118367010e-01
-1.353979263066399596e+00 9.581837449639252213e-01
-1.378534980023175649e+00 1.747466482610995797e+00
-1.365464104875897533e+00 2.493355463037058684e+00
-1.366550332004443646e+00 3.203343905516369716e+00
-1.362536734204525146e+00 3.933827422287400566e+00
-5.997543060515226898e-01 -4.066125604966277507e+00
-6.292964794559523511e-01 -3.342464390871818125e+00
-6.101218716227592154e-01 -2.646786192067388299e+00
-5.997030700618424248e-01 -1.918627762808185366e+00
-5.993883579372152326e-01 -1.194244436236260754e+00
-6.008232861734228436e-01 -4.539068718983614303e-01
-5.962335025905503016e-01 2.965889362171800769e-01
-6.283531598523239836e-01 1.707878318590402955e+00
-6.161918737129639112e-01 2.504702388933754520e+00
-6.896818721866750934e-01 3.222850913678620088e+00
-6.234158351562868461e-01 3.963605500933162773e+00
1.495213358555957939e-01 -4.048231562993770183e+00
1.201331338249076452e-01 -3.382591134107446607e+00
9.242927076371643125e-02 -2.655793232318949038e+00
1.198616447671057017e-01 -1.918283145832290870e+00
1.271017227228909974e-01 -1.202743126701733445e+00
1.109430784258904623e-01 -4.642690200697998648e-01
7.026299905106014876e-02 2.461590915912843514e-01
1.115085525574670555e-01 9.888286174514746563e-01
1.175886442579354707e-01 1.727252108050151946e+00
1.362341755213734018e-01 2.512380852318202074e+00
7.689934547257593067e-02 3.162024047234453406e+00
1.241485692931334484e-01 3.926941728084244687e+00
8.860562501229765076e-01 -4.064491732030536042e+00
9.356938208478453589e-01 -3.276928821026785954e+00
8.533517540588704264e-01 -2.607579363677857032e+00
8.585384559208151245e-01 -1.927104604781860075e+00
8.570689854446555955e-01 -1.193103844600923225e+00
8.581508848884951135e-01 -5.080915342379128674e-01
8.503563590328369060e-01 2.268637192592493079e-01
8.806654713052779471e-01 9.791718540328702147e-01
9.012552811963985278e-01 1.709000064553567455e+00
8.669948592974847656e-01 2.515905545915209984e+00
8.694116366030399945e-01 3.183109520718154783e+00
8.627493823563128217e-01 3.895686240355871632e+00
1.591242992771384479e+00 -4.038360236872904352e+00
1.598815590523521735e+00 -3.321717139187409629e+00
1.596675740472129235e+00 -2.603038928119932649e+00
1.689839726272481357e+00 -1.892827724667316858e+00
1.569437486338443932e+00 -1.215053158634354702e+00
1.598675057434313374e+00 -4.799498854759924882e-01
1.546262816304590615e+00 2.818336068638345182e-01
1.619146817150820539e+00 9.476565209847578330e-01
1.634650884655130199e+00 1.701404921463606001e+00
1.648934840788953693e+00 2.447184095732936271e+00
1.682482440073520991e+00 3.170592598902665316e+00
2.335602236152368505e+00 -4.041745142550468017e+00
2.344080078677301060e+00 -3.321842805350129879e+00
2.342181221248914369e+00 -2.598417861173050625e+00
2.320439821745658548e+00 -1.188134729152995561e+00
2.328892050703807115e+00 -4.872800266149042159e-01
2.355371763558842702e+00 2.578638779683828375e-01
2.378626932596915822e+00 9.694559396379780480e-01
2.421536866664794729e+00 1.712819359389047946e+00
2.391499609825501693e+00 2.423541226167309048e+00
2.430663896863940465e+00 3.135542407434208201e+00
2.476631201160152784e+00 3.816420770816009167e+00
3.064534411095451105e+00 -4.047040270838916598e+00
3.082384183845171322e+00 -3.321262517522399094e+00
3.076597926756868162e+00 -2.591793731594226102e+00
3.091694359188771557e+00 -1.878419368731872652e+00
3.073529631603143741e+00 -1.187130256707920495e+00
3.071153143320096035e+00 -4.428954501767314866e-01
3.100656466391299659e+00 2.549734727193033734e-01
3.140015418907864841e+00 1.036002771436372427e+00
3.158989899711258431e+00 1.697811231284465094e+00
3.188219450455527237e+00 2.437561958532732831e+00
3.164094710314444114e+00 3.139402296169087947e+00
3.159991183183450403e+00 3.875429032878251689e+00
3.832598851644497984e+00 -4.053225239002689051e+00
3.812422678582002789e+00 -3.341043612819255770e+00
3.823598005435215441e+00 -2.598386653159980852e+00
3.822313550584979680e+00 -1.851772399378642575e+00
3.805025056029499808e+00 -1.145011362968293867e+00
3.874375564907175828e+00 -4.517586332216190215e-01
3.847524696022674107e+00 2.729001649239499727e-01
3.869385666923868428e+00 9.673243038493382073e-01
3.872497681553362270e+00 1.712317441437615884e+00
3.923652665261762706e+00 2.456417756111139994e+00
3.931926026807431640e+00 3.160583164266157041e+00
3.936556640552133501e+00 3.866351132227400456e+00
4.587286612591150003e+00 -4.055542404442949334e+00
4.568763920201746487e+00 -3.366641297238654573e+00
4.571568169128234160e+00 -2.591545526306806124e+00
4.569390789262740782e+00 -1.895832819318119533e+00
4.650880598369333541e+00 -4.464657882697515845e-01
4.638166444921118625e+00 2.801976805191728204e-01
4.574243884776642233e+00 9.728408293020045505e-01
4.640999387161855338e+00 1.717115475879335662e+00
4.672360615632499048e+00 3.140769424157532796e+00
4.708295545881874489e+00 3.856903103138975553e+00
5.312509865417943900e+00 -4.056179153478566946e+00
5.276016626345175098e+00 -3.351492431621466039e+00
5.320459852021549807e+00 -1.891243939755909764e+00
5.380405252913597280e+00 -1.188922970424197700e+00
5.421040217303158215e+00 -4.446815975428108914e-01
5.453033300423832941e+00 2.783469986929496542e-01
5.402576028257634277e+00 9.898984211742636319e-01
5.386504276351615772e+00 1.684762541730048468e+00
5.420025788231448871e+00 2.419577643051287197e+00
5.433071848850559604e+00 3.155463609649125090e+00
5.431523354990297037e+00 3.886753059623750062e+00
6.137027864663792798e+00 -4.051016007016748688e+00
6.122223278824428405e+00 -3.351311692044312451e+00
6.150208191609920050e+00 -2.524432191887022725e+00
6.084413368997026339e+00 -1.933784249486279805e+00
6.141477026444405851e+00 -1.227878716790772984e+00
6.183233465979263599e+00 2.225539550893103069e-01
6.189061881096982631e+00 9.655104081444676467e-01
6.170319803322549035e+00 1.672957628121984897e+00
6.155974661615154275e+00 2.414253208737836331e+00
6.150038740200891141e+00 3.128503381015022455e+00
6.150901768047866369e+00 3.874201529300407287e+00
6.912519019514832053e+00 -2.661922480320214390e+00
6.939016884997776913e+00 -1.237330739492747966e+00
6.932018653843023515e+00 -5.208190098081146857e-01
6.902716507148682012e+00 2.194669551861032630e-01
6.892207924174805100e+00 9.572039763949717894e-01
6.910296946633970094e+00 1.665162517055808422e+00
6.908617215707266723e+00 2.400056730717569309e+00
6.904929336142259899e+00 3.128838903419591588e+00
6.947297940028470009e+00 3.827715328423430208e+00
7.701384132388191972e+00 -1.965726055614776868e+00
7.674021399587303449e+00 -1.250346924323594067e+00
7.687983291050954904e+00 -5.541036756614907688e-01
7.648037265172270338e+00 1.766138283887990212e-01
7.629558957325443203e+00 9.692697294142575970e-01
7.652284220085093125e+00 1.671247122555794107e+00
7.686653869134602246e+00 2.349220800536706122e+00
7.676683171478906331e+00 3.082873421901432209e+00
7.743444136855060833e+00 3.769064703728666643e+00
8.600610849381595813e+00 -4.100942343612544505e+00
8.606286678090746989e+00 -3.376969825301443962e+00
8.584488359245298739e+00 -2.658853991406143535e+00
8.538406109138044542e+00 -1.973914803155278008e+00
8.509433278047190186e+00 -1.237620911572665960e+00
8.492321417666147454e+00 -5.345275685977455282e-01
8.415741841915171051e+00 9.344546338429573495e-01
8.401054112138780283e+00 1.606201237604022225e+00
8.430493716637187163e+00 2.361153108244884891e+00
8.459146507379728064e+00 3.101188098723909548e+00
8.504468512207843389e+00 3.765067142740861073e+00
9.368874663463564900e+00 -3.411064903196926679e+00
9.366507011865017773e+00 -2.671286009318691868e+00
9.365314461530921619e+00 -1.980757038871121978e+00
9.303943288521956845e+00 -1.272368260809734863e+00
9.218442873627246570e+00 1.747409675230571224e-01
9.173858557968891603e+00 8.985714833225664222e-01
9.174158107682117702e+00 1.613639050476376013e+00
9.192181281763147638e+00 2.334331555746878450e+00
9.243505636835742223e+00 3.009552701147853782e+00
9.275842674463014248e+00 3.793199803993715591e+00
1.016071212308475680e+01 -3.411354380993401492e+00
1.014620140682180249e+01 -2.678964866434135672e+00
1.017014964200711091e+01 -2.023919835514778498e+00
1.009201370419268784e+01 -1.237652508601104984e+00
1.009139931212865093e+01 -5.251413180700303940e-01
1.001120516816058625e+01 1.610560948773773760e-01
9.947316167120781927e+00 8.827880867908994844e-01
9.923230660922797597e+00 1.611436400251037071e+00
9.955149675505630569e+00 2.331469936518221431e+00
1.002655306652432898e+01 3.028248872381098522e+00
1.002350219947027199e+01 3.744436396997691929e+00
1.107608645558521943e+01 -4.202031768633833764e+00
1.101526769363763947e+01 -3.446142478597760572e+00
1.100255988058403744e+01 -2.751429067185807043e+00
1.091602533073576353e+01 -2.019742785413065178e+00
1.089869975429862592e+01 -1.260357625288666128e+00
1.086220602564870319e+01 -5.332159314542224138e-01
1.085546206136965708e+01 1.984883562753587682e-01
1.081011473172368653e+01 8.624979817898008605e-01
1.090595343603194323e+01 1.583168880493850850e+00
1.083841589141584905e+01 2.362324277081484070e+00
1.081719495097673445e+01 3.036922104804389733e+00
1.086801787371722128e+01 3.752765575974486012e+00
1.194300053268892015e+01 -4.134201615209338598e+00
1.194438502443197336e+01 -3.428605326953359622e+00
1.191668099630836508e+01 -2.672889854357702433e+00
1.185790132297611166e+01 -1.241829232494779944e+00
1.180479218667691299e+01 1.548443227133340372e-01
1.160926419998173742e+01 8.905372463274083827e-01
1.161096098794074294e+01 1.610822549188917208e+00
1.160292978959838450e+01 2.337166752712033002e+00
1.163304373575206085e+01 3.060340988756237834e+00
1.164671375696180178e+01 3.762135710003761346e+00
1.264812603737799890e+01 -3.426145677804601775e+00
1.276882900181697522e+01 -2.687455352802714970e+00
1.268100583359853317e+01 -2.013757011117565554e+00
1.268443689692610832e+01 -1.287229924863261488e+00
1.262596157990161316e+01 -5.568502440388733987e-01
1.257977339376217429e+01 1.758882015434934942e-01
1.250180924038943431e+01 8.905289587558549158e-01
1.239515260231895155e+01 1.611303728056324047e+00
1.235863178908142146e+01 2.383694269775972430e+00
1.238104126011658934e+01 3.068583150854614416e+00
1.245033381525767879e+01 3.762399279477030234e+00
1.357973703537896171e+01 -4.170945288089640712e+00
1.356103748694545885e+01 -3.448145189853018877e+00
1.353563895200923639e+01 -2.702486301860528073e+00
1.344536259920862165e+01 -2.039095069484254452e+00
1.329951418303743793e+01 2.151796331976818522e-01
1.325902763360920744e+01 9.058215030893741471e-01
1.321604981503253384e+01 1.610921284616697591e+00
1.324626476321443391e+01 2.326312655633486770e+00
1.330965576765467517e+01 3.033559653470199180e+00
1.334339329765649751e+01 3.758892493908867038e+00
1.450488055142470500e+01 -4.191901656252412067e+00
1.445508875519352898e+01 -3.463255089826333233e+00
1.438012603923986887e+01 -2.685171292422907641e+00
1.425250889243740460e+01 -1.273647827767263152e+00
1.419995368800597646e+01 2.008276603566585550e-01
1.418408956789605213e+01 8.695580185179991872e-01
1.401901709819595965e+01 1.631140048629490025e+00
1.408004411377707044e+01 3.068148169815700044e+00
1.407727271922522760e+01 3.772575090045890533e+00
1.527121377729844909e+01 -4.193308095156851323e+00
1.526503082980477899e+01 -3.479328858329758134e+00
1.528983366411278411e+01 -2.762490230697039806e+00
1.526831976444672279e+01 -2.056534489766974616e+00
1.513469352183149397e+01 -1.298426227141732170e+00
1.522624728665110894e+01 -5.658508583269714620e-01
1.496185595139447599e+01 2.085826271230963869e-01
1.486546513754780108e+01 1.642353945874582166e+00
1.489212817644971665e+01 2.354522271897263153e+00
1.482530929883179738e+01 3.076185119266817480e+00
1.489188890653674235e+01 3.742833943068596625e+00
1.601390215082794555e+01 -4.259248253033138809e+00
1.602159486017070122e+01 -3.503349291798119935e+00
1.600353423142203013e+01 -2.806595876369222253e+00
1.598707964747725185e+01 -2.069473109241965147e+00
1.593756379877448381e+01 -1.329752257210284228e+00
1.590511425659257583e+01 -6.128931958718553119e-01
1.587198561918901163e+01 1.448786746340786635e-01
1.574015743915144583e+01 1.666140986155980386e+00
1.570206141819460299e+01 2.343786901092837383e+00
1.565562786269878615e+01 2.993760218939293338e+00
1.568708178769740869e+01 3.771815616193947562e+00
1.677215309111921471e+01 -4.211040060077511527e+00
1.674893571241376122e+01 -3.500341269727169191e+00
1.671649552376995018e+01 -2.787651798389241264e+00
1.669678747214050674e+01 -2.034194115922648649e+00
1.667370990619332360e+01 -1.331160033411645571e+00
1.663650258886375610e+01 -6.172441527490555302e-01
1.662570284352535310e+01 2.261321958984510161e-01
1.653756797810564905e+01 8.874803930381816031e-01
1.651365909025125944e+01 1.570058807407487933e+00
1.649512808739880398e+01 2.387594627868178776e+00
1.648571681077624618e+01 3.096715907300357173e+00
1.652693022380683630e+01 3.827059017444234712e+00
1.749811554447355633e+01 -4.167118710302688100e+00
1.748735524884691017e+01 -3.499122033032399770e+00
1.744277244611226507e+01 -2.731801016513269786e+00
1.740430502059600570e+01 -2.024185280173515622e+00
1.735774963804182391e+01 -1.311729696181036076e+00
1.737043353676858004e+01 -5.593471812759922557e-01
1.732411421128323781e+01 1.653188972694543679e-01
1.729663898565924285e+01 9.615700055766041032e-01
1.726867883345708066e+01 1.646106888305691740e+00
1.724963716011413339e+01 2.400240863198764174e+00
1.721490538706750328e+01 3.152829960425208355e+00
1.723708322815829064e+01 3.864347960470190912e+00
1.822601929755114014e+01 -4.205638994199620839e+00
1.819848876526438630e+01 -3.465716473259146113e+00
1.815764587683855780e+01 -2.724876210466032234e+00
1.813526927972659308e+01 -2.010014215568745044e+00
1.810746415436864254e+01 -1.264567309724181854e+00
1.810272078489471426e+01 -5.435568546914844035e-01
1.807033963827026923e+01 2.219066694087317160e-01
1.805856851795645923e+01 9.183009769188537064e-01
1.799163786128520570e+01 1.651290677574383636e+00
1.798645176028580295e+01 2.400794425797965204e+00
1.795038091259781510e+01 3.157928696691840287e+00
1.800572191830389102e+01 3.902466514184517621e+00
1.905035993389920179e+01 -4.098260553665500794e+00
1.893443484193423387e+01 -3.395914030129837613e+00
1.890449760830570369e+01 -2.676125264634531931e+00
1.887551153506866797e+01 -1.972213020676694128e+00
1.883251088482486324e+01 -1.243254516381618657e+00
1.880711446784665242e+01 -5.234036476137724492e-01
1.880178481631845955e+01 2.036410101887327073e-01
1.877933590825418975e+01 9.333348356454607142e-01
1.875601740224896474e+01 1.671621998261830555e+00
1.875708316344417881e+01 2.401821793380282344e+00
1.874148500685364382e+01 3.135420519845681042e+00
1.881740331354291129e+01 3.864980786157993009e+00
1.980836775368823055e+01 -4.165977375740332889e+00
1.979021534272515481e+01 -3.406491234817583091e+00
1.973136900188671916e+01 -2.652022037702149504e+00
1.968426769602979221e+01 -1.912945152228971324e+00
1.968263084494472537e+01 -1.184146753372068872e+00
1.956492854160966743e+01 2.066643362316327170e-01
1.980638443921193215e+01 9.227519094492322438e-01
1.964110894648770511e+01 1.682144527040343007e+00
1.956108064559669657e+01 2.435414765385448987e+00
1.964094880379600738e+01 3.162070405737807732e+00
1.969856640480031018e+01 3.802554119422040912e+00
2.053896211885061973e+01 -4.154604719316530748e+00
2.050205715683163277e+01 -3.387197018838730145e+00
2.048178921906259831e+01 -2.673794887718479174e+00
2.052118762012488418e+01 -1.965686245898602635e+00
2.053366842255937286e+01 -1.230602066331062616e+00
2.051959867548832506e+01 -4.980096925468409097e-01
2.051195152644393715e+01 2.310119483613490843e-01
2.055563241905898764e+01 9.721970251332905377e-01
2.046888824207328383e+01 1.687761363887290145e+00
2.047148198486552673e+01 2.417672670368531840e+00
2.049388397289101960e+01 3.085431758666246083e+00
2.052569323787629685e+01 3.812119402449205552e+00
2.173259063535039814e+01 -4.065226624683067058e+00
2.169404771241023155e+01 -3.399722881820604670e+00
2.170626585122695928e+01 -2.625368601125003920e+00
2.174732931839650973e+01 -1.900266083632832448e+00
2.160245077647647349e+01 -3.202286790149209139e-01
2.146156678705863641e+01 2.476040254609337410e-01
2.143468202676517365e+01 9.830917745880896064e-01
2.135421617749494061e+01 1.702096373237591109e+00
2.134120803575324743e+01 2.416648513451150393e+00
2.134453551177237074e+01 3.069978025121208987e+00
2.131310517849972541e+01 3.829487916998431274e+00
2.243932874412296030e+01 -4.140811745218780260e+00
2.244408876331107905e+01 -3.408302351283332143e+00
2.243565377512612002e+01 -2.681746692854915182e+00
2.244453995815515412e+01 -1.944463551897182896e+00
2.242305425015342735e+01 -1.215554844462097606e+00
2.240988321743791545e+01 -4.934318186943187357e-01
2.237931486736597719e+01 2.398081504569589129e-01
2.225839734058329356e+01 9.974989528978035480e-01
2.229454165924504849e+01 2.469006698792824750e+00
2.221146123267772055e+01 3.128066542377688108e+00
2.218449003013608944e+01 3.781996349170320570e+00
2.317747107397728712e+01 -4.130928608013860526e+00
2.315275102892925929e+01 -3.414959523177078182e+00
2.319029573798718502e+01 -2.685851014601858822e+00
2.317102122869232517e+01 -1.934318252440306196e+00
2.317694828175477539e+01 -1.228185178488065077e+00
2.315860057676379569e+01 -5.093235007440348738e-01
2.311938993451207836e+01 2.107330830815925538e-01
2.310835736076685265e+01 9.801963220542084798e-01
2.310447894152720494e+01 1.690929510036689010e+00
2.308372785011929551e+01 2.392430127585406296e+00
2.301934478396663053e+01 3.146382136829444676e+00
2.305324339391349753e+01 3.801090001290830855e+00
2.391429508304870666e+01 -4.132188973848332836e+00
2.391466478579179977e+01 -3.417033020765362750e+00
2.390975686221155172e+01 -2.681684962459957688e+00
2.391584422019648315e+01 -1.968111046789612573e+00
2.391424171950232846e+01 -1.210759661949339261e+00
2.390200072190896918e+01 -4.876627941151596701e-01
2.395856252055542512e+01 1.948398746397330683e-01
2.390635915002795997e+01 9.671688713964279316e-01
2.382413202504457672e+01 1.677169150396029096e+00
2.387425165468457067e+01 2.423136255377418280e+00
2.384136556249702465e+01 3.142993004229978737e+00
2.389722569783248218e+01 3.805763217876744875e+00
2.476030757279824002e+01 -4.094141524024340839e+00
2.467300525244230158e+01 -2.709420039217405929e+00
2.460903744024159323e+01 -2.013917495246122513e+00
2.468056917366722303e+01 -1.243800573248545760e+00
2.465427924616111710e+01 -5.290656960637569739e-01
2.465863602333529769e+01 1.882236551744931319e-01
2.467081979636762412e+01 9.249953671890054352e-01
2.467003163226848983e+01 1.671888070118775715e+00
2.463963406947077317e+01 2.383299216307381840e+00
2.463852828501222092e+01 3.117891206205648302e+00
2.467146273156475189e+01 3.824156041400570416e+00
2.542653762564533793e+01 -4.146376454525920963e+00
2.532603806109180766e+01 -3.419275215605690477e+00
2.544402898851644323e+01 -2.705393263115443148e+00
2.539294205557589379e+01 -1.972660603095903298e+00
2.540220331770206741e+01 -1.269720157677610928e+00
2.538333820133031793e+01 -5.519721804530384190e-01
2.540066259251131697e+01 1.853556564838392262e-01
2.539872976025987583e+01 9.107585227473364853e-01
2.542110278924720745e+01 1.655803447623547697e+00
2.543274130429566071e+01 2.346644766324104125e+00
2.542855951913162471e+01 3.093836925509684477e+00
2.545089851821008153e+01 3.805295112874183872e+00
2.615797207318781403e+01 -4.141479162200504049e+00
2.616876521037677605e+01 -3.445262602673341945e+00
2.614514151968987221e+01 -2.720311668962356322e+00
2.614050708586331240e+01 -1.988749254443550996e+00
2.614362173535733547e+01 -1.270433845355071867e+00
2.613824567949479416e+01 -5.122391551414438027e-01
2.615870415972559471e+01 1.782864379159789792e-01
2.613709764868403340e+01 9.003870454179967453e-01
2.618431965830688313e+01 1.653411260662661419e+00
2.623340107502653495e+01 2.406576919287935823e+00
2.619800926583398848e+01 3.097328178632466233e+00
2.623040045560370004e+01 3.803351326148543876e+00
2.695995593210613350e+01 -4.187572264831974422e+00
2.692066579823237049e+01 -3.462989154548857584e+00
2.693498372073093350e+01 -2.731634868950322925e+00
2.691048905552023740e+01 -2.003452308794212655e+00
2.691793092152882139e+01 -1.286027414500896526e+00
2.689259841651926308e+01 -5.926131277819557397e-01
2.690502514857109162e+01 1.696505912063379640e-01
2.691449076096461823e+01 8.465823637545213387e-01
2.692303077656197274e+01 1.633153799255048000e+00
2.695201271256370745e+01 2.323843245468250274e+00
2.699373611505080817e+01 3.053937288733479249e+00
2.699240355664203861e+01 3.762798188628245555e+00
2.773834595912764911e+01 -4.209063386273793839e+00
2.767722293670929190e+01 -3.455864522958446372e+00
2.768040787814733505e+01 -2.732916491653519131e+00
2.770570306949344541e+01 -2.030811781921897818e+00
2.767988180628009331e+01 -1.298690314668082380e+00
2.769411377525051421e+01 -5.839650991379095046e-01
2.771044711304277541e+01 1.174113701689591949e-01
2.772502552529820008e+01 8.193440163373573171e-01
2.771884393913946809e+01 1.572752873303009835e+00
2.768370802806619935e+01 2.315443216817484995e+00
2.773139743889288411e+01 3.037124298606869388e+00
2.776938472718709505e+01 3.753849103727937120e+00
2.861477568728118825e+01 -4.119116997745937425e+00
2.848525058806121280e+01 -3.475728520329560922e+00
2.858682595066803600e+01 -2.719139364883631060e+00
2.845041261153048850e+01 -2.056903742842564498e+00
2.845238150185779347e+01 -1.360534245515093943e+00
2.842038385310450366e+01 -6.098427022253893881e-01
2.842403610223595223e+01 9.944385031052860313e-02
2.846062454736831882e+01 8.137279366262397673e-01
2.849563667021775615e+01 1.522211765700696162e+00
2.853350235628868603e+01 2.243399185214745017e+00
2.854807760685670104e+01 2.965166158562752230e+00
2.852921740506273096e+01 3.707403064635066414e+00
2.935310112286884277e+01 -4.194355638865260971e+00
2.931362945481691185e+01 -3.503540682356177882e+00
2.929220300891808648e+01 -2.790153428333180585e+00
2.928510360657485734e+01 -2.065317281482279554e+00
2.925985259057474508e+01 -1.363468434798367213e+00
2.924380819462933090e+01 -6.386469863219907950e-01
2.927169926448211612e+01 9.455191048349931293e-02
2.921799474519236384e+01 8.095257823322512536e-01
2.923933668947946529e+01 1.495608137192061093e+00
2.927783523788229303e+01 2.217656116474927330e+00
2.928536341611424376e+01 2.938078269506526397e+00
2.929980800882555769e+01 3.681930201249791423e+00
3.013036478675923746e+01 -4.198354087936284174e+00
3.003416254459903456e+01 -2.071791361671216691e+00
3.001847698300267808e+01 -1.396120489919656649e+00
3.009790765081968544e+01 -6.138396618904486957e-01
3.006469470716996994e+01 4.401069258618761637e-02
3.000599369996850641e+01 7.699507352561063556e-01
3.002366965668323218e+01 1.499311828579319439e+00
3.004476870679184941e+01 2.212833772765815610e+00
3.004673197635371906e+01 2.917700532663658919e+00
3.003403883263458596e+01 3.646862460288417651e+00
3.090644374134932804e+01 -4.220316945858868962e+00
3.086416645857401164e+01 -3.481608553704631959e+00
3.086080004010998579e+01 -2.784131951407719185e+00
3.085024440945361590e+01 -2.079613998138590603e+00
3.081790053456278855e+01 -1.380677734576810423e+00
3.082360997399845104e+01 -6.785183182015259717e-01
3.082015993395285847e+01 3.778778783809855213e-02
3.083642164353441473e+01 7.495984206058530219e-01
3.084002067339930164e+01 1.489152102154836399e+00
3.083842090740247244e+01 2.224620244228962207e+00
3.080598156989072578e+01 2.960583046317708522e+00
3.081439574843381735e+01 3.693642356728688014e+00
3.174312401993268651e+01 -4.173764917352386306e+00
3.166865287461194356e+01 -3.526390387919921210e+00
3.156416489810866466e+01 -2.778649503950802568e+00
3.158411190614487651e+01 -2.115751141420791015e+00
3.156818889287847441e+01 -1.388655903607158848e+00
3.157606741112463311e+01 2.072998487576072080e-02
3.157582087328732001e+01 7.498239869653602341e-01
3.154842992570856808e+01 1.493449349137446092e+00
3.156474171915333926e+01 2.235702787987463580e+00
3.160364521664697435e+01 2.976566949370045734e+00
3.168574856613695800e+01 3.690696072426405294e+00
3.242069201465258033e+01 -4.190409186916191686e+00
3.242694090875613000e+01 -3.529544547869107873e+00
3.240366774015506479e+01 -2.797507644560255358e+00
3.236682226982248523e+01 -2.080648056474810659e+00
3.235682461879010674e+01 -1.393305911597504831e+00
3.232940372086718384e+01 4.485881157312832102e-02
3.231658220520839819e+01 7.659751634205100856e-01
3.239266170817975166e+01 1.472340475620832478e+00
3.237929334924540825e+01 2.223591605950900885e+00
3.239497566549962215e+01 2.954929141018283190e+00
3.239068207053225734e+01 3.691881959031782401e+00
3.323402161135138755e+01 -4.203082568883115044e+00
3.317663049364443140e+01 -3.499270245915472088e+00
3.320586494551334766e+01 -2.795421698370880392e+00
3.315851077864925145e+01 -2.080854980108295393e+00
3.311014357406883590e+01 -1.345340721727534827e+00
3.315794073633414740e+01 -6.681651578711118589e-01
3.310684790010173373e+01 3.548507384531163211e-02
3.310598235976478776e+01 7.713907701844746612e-01
3.310946043953386919e+01 1.498663434629207813e+00
3.309831659020984063e+01 2.257014288639236810e+00
3.315028687004600982e+01 2.972574647367380862e+00
3.312754484343768269e+01 3.715414023986255643e+00
3.399267198504886522e+01 -4.161802091227620792e+00
3.397123463872366500e+01 -3.453027813057342854e+00
3.391182363857556226e+01 -2.770599151474137045e+00
3.389686606133779634e+01 -2.086039773363260963e+00
3.388693869455274665e+01 -1.384064973775782192e+00
3.387399797728068762e+01 -6.604413949698511033e-01
3.384597722874092796e+01 5.705115190128395852e-02
3.386060970732378195e+01 8.024694659179765210e-01
3.386676684402677751e+01 1.547606165747563267e+00
3.389215647351556271e+01 2.259845120473812585e+00
3.390920166824137283e+01 2.998398975482849949e+00
3.389668502557332630e+01 3.728702408626261899e+00
3.473350030140753830e+01 -4.172256913498788577e+00
3.470455368349708891e+01 -3.483998032529036948e+00
3.468351304072266572e+01 -2.770318498808403973e+00
3.464759238702468025e+01 -2.068453992024821275e+00
3.463930490246087146e+01 -1.379714480191704951e+00
3.462479582339216932e+01 -6.551225269907234861e-01
3.462980547943187304e+01 9.736698870450766208e-02
3.459876777929120095e+01 7.790218630216756424e-01
3.458690379233458856e+01 1.553552451751677665e+00
3.464831296352698331e+01 2.272425818880659421e+00
3.465990055647811374e+01 3.020242171296992240e+00
3.463299866874496757e+01 3.756379145884274351e+00
3.548275963950634804e+01 -4.165451107084006566e+00
3.547156209663275916e+01 -3.462401606950162858e+00
3.545186781220152028e+01 -2.752249195801802273e+00
3.540046696151843975e+01 -2.052876715734534230e+00
3.537994256376682500e+01 -1.336109435178332916e+00
3.536574766334272368e+01 -6.114739779410136578e-01
3.538821108679514538e+01 1.518491047454233467e-01
3.539265011872054600e+01 8.613618670902098984e-01
3.543078946130389539e+01 2.261832487225696298e+00
3.541311779075366672e+01 3.044698268277983288e+00
3.545499894236950666e+01 3.812988005094268829e+00
3.624777968984715670e+01 -4.172682661377230318e+00
3.622801321303858657e+01 -3.430915497978073603e+00
3.620379140170040699e+01 -2.767227438011385487e+00
3.614967316205721914e+01 -2.025997673957363077e+00
3.612595196689709809e+01 -1.305099585438806997e+00
3.611559609901693335e+01 -5.722144684235459522e-01
3.615090904264771865e+01 1.524543683967714003e-01
3.613996649814817630e+01 8.438851931586057731e-01
3.614158550009049264e+01 1.616419139929131887e+00
3.614767145930708381e+01 2.321437416080556204e+00
3.624899255998013103e+01 3.082476818556060039e+00
3.630740838297524675e+01 3.789830054522923319e+00
3.702943275161856462e+01 -4.152876397348315152e+00
3.696365720868083571e+01 -3.411495446586432223e+00
3.694858502176014525e+01 -2.697824836997941844e+00
3.688262376676896537e+01 -1.263557147494534405e+00
3.686732219086767515e+01 -5.451195413228440145e-01
3.680511079433028243e+01 2.284435480014792574e-01
3.689221928729413236e+01 9.268633200182776477e-01
3.701210389154848457e+01 1.610358838169275941e+00
3.700526252200598520e+01 2.354468661356722947e+00
3.698464176376618440e+01 3.088130607177461684e+00
3.703067155803740462e+01 3.803615177585051299e+00
3.781838833009772571e+01 -4.080116474977401708e+00
3.775984987848629970e+01 -3.376176292431747328e+00
3.772679937856872101e+01 -2.659367180254232466e+00
3.770322808694529471e+01 -1.942820026454924687e+00
3.769374878946113228e+01 -1.207597270490126107e+00
3.765972511840917747e+01 -4.869629415949745521e-01
3.779011296873887460e+01 3.028396192923814567e-01
3.778486315010874108e+01 9.547882131222813484e-01
3.780969114815835752e+01 1.619022851599066115e+00
3.791707242338177508e+01 2.443646259267602261e+00
3.867458281762417727e+01 -4.023484244177392810e+00
3.865299630156932409e+01 -3.288071933678757830e+00
3.859227497383529482e+01 -2.596678228508537245e+00
3.867745107454256726e+01 -1.860809091229366885e+00
3.875314967201476435e+01 -1.121033676794759515e+00
3.860896203409667038e+01 -3.494693390803362831e-01
3.871719310572299122e+01 2.620112852122581160e+00
3.870460737042494515e+01 3.194265309032758182e+00
3.960785123691223220e+01 -3.273584111849373812e+00
3.955087658007159490e+01 -2.951807114351851169e+00
3.952888034845644682e+01 -1.751435812644075440e+00
3.999939739368118552e+01 1.135950962774998629e+00
4.000584390477826702e+01 1.869841772631154697e+00
4.000949510454938007e+01 2.624942937363599071e+00
4.001066708416551165e+01 3.330211649218909997e+00
3.999653403878647140e+01 4.006729459421798367e+00
4.074097482826885397e+01 -3.981210087879645698e+00
4.073247713648839152e+01 -3.238819287870793318e+00
4.071683608788811881e+01 -2.465511267718905941e+00
4.071706916835075418e+01 -1.780413925053064617e+00
4.072867123393957201e+01 -1.064502342527202217e+00
4.073488570142774989e+01 -3.541349395640942532e-01
4.074865793039692363e+01 1.125036616921921251e+00
4.072923371724602504e+01 1.847804805176018306e+00
4.071538091366424084e+01 2.540499043345278096e+00
4.070383483662640600e+01 3.319815983850432417e+00
4.071357159597358333e+01 3.981210087879645698e+00
