-3.735110944098643415e+00 -4.148214949527734063e+00
-3.670072941406679945e+00 -2.956483336299815079e+00
-3.734102568361912233e+00 -1.963321484478608880e+00
-3.732671171894054396e+00 -1.245039854583790628e+00
-3.762717423063129729e+00 -4.960351006951420061e-01
-3.738893466789988906e+00 2.882460961916990527e-01
-3.737066415987740697e+00 9.739501159432712996e-01
-3.740059114708579102e+00 1.704990189287947544e+00
-3.731404228253971667e+00 2.407118470587242598e+00
-3.745884002950639058e+00 3.107271770279517398e+00
-3.738945035566572983e+00 3.876034948231875887e+00
-2.849980629159922785e+00 -4.118714126408200116e+00
-2.891794573543975844e+00 -3.405311485491438361e+00
-2.901339174517090669e+00 -2.656678426541823512e+00
-2.934878734298138170e+00 -1.940076258793421715e+00
-2.917100969126060761e+00 -1.209797274133592282e+00
-2.915789911995474881e+00 -5.028445846411919717e-01
-2.926286450981415044e+00 9.754647018992628205e-01
-2.967391737933098739e+00 1.710777210914123714e+00
-2.972307354644790678e+00 2.418915368620709216e+00
-2.989935784398831231e+00 3.203121166962013433e+00
-2.154532220138769105e+00 -3.386006996634513655e+00
-2.212893076089848421e+00 -2.648498743905619790e+00
-2.169495818150942057e+00 -1.939198992135150235e+00
-2.189423821751020682e+00 -1.199988440465368456e+00
-2.189415290799260561e+00 -4.868064152795632538e-01
-2.166484786669805374e+00 9.925242042032174083e-01
-2.198187485327096624e+00 1.711774959862154333e+00
-2.232916668085131562e+00 2.461168803979138175e+00
-2.224645961618435308e+00 3.220786584506377892e+00
-2.233346907493611866e+00 3.935298252136618657e+00
-1.429887197172192259e+00 -4.093915145050104343e+00
-1.438894376844999101e+00 -3.381130640500828122e+00
-1.430075608345724447e+00 -2.646661376394487064e+00
-1.442059501377116248e+00 -1.912207260950101073e+00
-1.476616712635511419e+00 -1.214697251633189978e+00
-1.436235993846786130e+00 -4.886778557750339758e-01
-1.446394418702006135e+00 9.553929091337209911e-01
-1.470540995883744984e+00 1.744945873960094929e+00
-1.459862189002805621e+00 2.491537471524008396e+00
-1.460060142065323419e+00 3.201133068086591038e+00
-1.455212709114526604e+00 3.932368685474450842e+00
-6.910194774100943960e-01 -4.066982097769763271e+00
-7.154073791744224309e-01 -3.343298778819157491e+00
-7.017536393689738361e-01 -2.647912164937203272e+00
-6.923709592173707961e-01 -1.921388407253335373e+00
-6.919788759269920320e-01 -1.196745261735618016e+00
-6.921708629447991257e-01 -4.569883670723200453e-01
-6.895547147641636343e-01 2.922776077136433059e-01
-7.212054355498622726e-01 1.704478272331829913e+00
-7.088683451435784377e-01 2.502581423293602114e+00
-7.825759909636431644e-01 3.219934377480520027e+00
-7.190589014073367480e-01 3.962659251686183381e+00
5.881883234184215326e-02 -4.050310442401542588e+00
2.902073900179402699e-02 -3.383834179183931923e+00
1.602283274337423791e-03 -2.658255126420815628e+00
2.863853959716777808e-02 -1.919444375382344248e+00
3.524304643907782975e-02 -1.205985637188391024e+00
1.823738282157449930e-02 -4.678848170224192415e-01
-2.175861333208217729e-02 2.452896716875443417e-01
2.181354457847106687e-02 9.862476971568732154e-01
2.523050072500865326e-02 1.724769742366312641e+00
4.394611625276922950e-02 2.511266930962261057e+00
-1.735322926676730049e-02 3.160838215521359018e+00
3.216017883450206227e-02 3.925281221035987755e+00
7.948129687559912782e-01 -4.066120271677963416e+00
8.449767132211718490e-01 -3.279203214473294992e+00
7.628684286110711810e-01 -2.608810675746838115e+00
7.675572764607565546e-01 -1.928871291719026715e+00
7.663301183383381954e-01 -1.195444978829669935e+00
7.664519237952021058e-01 -5.109077525691958499e-01
7.593533716419855750e-01 2.229257608198729201e-01
7.891386482041653494e-01 9.764762345456006187e-01
8.106768714627179406e-01 1.706236360629340254e+00
7.754340571925055769e-01 2.514209352235692307e+00
7.774620548953663501e-01 3.181564565904530184e+00
7.701309849238739957e-01 3.893937329456171881e+00
1.502330793065169701e+00 -4.039480071575262343e+00
1.507608995275170116e+00 -3.323481382487660341e+00
1.505883432102542940e+00 -2.604007774999697489e+00
1.600634176708361167e+00 -1.897663103877242463e+00
1.480491878855374921e+00 -1.216800498253036267e+00
1.507431975275736136e+00 -4.836293426505200443e-01
1.455424906462667423e+00 2.773246150050141523e-01
1.527918251169452901e+00 9.439393335541552688e-01
1.543276897857843721e+00 1.698321090624364871e+00
1.559104662249190199e+00 2.444925245456467167e+00
1.591680085297966230e+00 3.168164760559150750e+00
2.245549813211596302e+00 -4.041694850013591633e+00
2.254181158092784187e+00 -3.323083784958267728e+00
2.252634617758644708e+00 -2.599852296550103858e+00
2.230062700951869203e+00 -1.190461384417407231e+00
2.239127920709982789e+00 -4.901438215891715799e-01
2.263592990024989149e+00 2.549060049666174166e-01
2.288190481714181601e+00 9.664407132578745063e-01
2.331975419802773786e+00 1.709791207967683135e+00
2.300266028205967928e+00 2.421128173447861798e+00
2.340854050423942567e+00 3.131987803762363853e+00
2.388084243322836642e+00 3.811300652945043055e+00
2.974850448327408969e+00 -4.048163793436675206e+00
2.992404269304017816e+00 -3.322434195920443756e+00
2.985927682314276410e+00 -2.592592747505587880e+00
3.001821701522700891e+00 -1.879472362205024893e+00
2.983250743539954897e+00 -1.188843964456129498e+00
2.981202084290373477e+00 -4.458324147112406877e-01
3.010526887835787591e+00 2.516168014593631597e-01
3.050233623356348289e+00 1.031498826245609735e+00
3.068608752066552370e+00 1.694289846417635914e+00
3.098116317614163506e+00 2.435630224106589026e+00
3.074374850924492364e+00 3.136156516789384341e+00
3.071776109371775476e+00 3.871440383606724822e+00
3.743024430795642843e+00 -4.054060829900443252e+00
3.723906350996657011e+00 -3.342501022951992695e+00
3.734653474200534617e+00 -2.599959592621445381e+00
3.732891234239232858e+00 -1.853956112306612170e+00
3.714622710514035475e+00 -1.146252543360319009e+00
3.785121472967247769e+00 -4.547462082164663855e-01
3.757755259555445093e+00 2.699303489166737791e-01
3.780371725199536570e+00 9.631841887466912056e-01
3.782898807273873842e+00 1.709635182035466272e+00
3.831892247093215076e+00 2.451261919877623541e+00
3.842870114553335270e+00 3.157381883765538078e+00
3.848110652775204699e+00 3.863173292782420276e+00
4.498860507740374715e+00 -4.056449755646831079e+00
4.478739832991678327e+00 -3.369382438348321074e+00
4.483047993241783047e+00 -2.592884169610140788e+00
4.479393751718781402e+00 -1.896696598493512909e+00
4.561852162222962193e+00 -4.470649531226484896e-01
4.549616609395513933e+00 2.776770743369922911e-01
4.482515503799021417e+00 9.702431511732783065e-01
4.552592565531980995e+00 1.713005686157657692e+00
4.583665889937776683e+00 3.139020525530362704e+00
4.619472934736727154e+00 3.854362542957666449e+00
5.224637317532987879e+00 -4.058420168114277971e+00
5.189852391586782687e+00 -3.352720574987042568e+00
5.232227741337567295e+00 -1.892881740583103323e+00
5.292207948397887662e+00 -1.191244126080832189e+00
5.332273459011169336e+00 -4.475064486765845118e-01
5.364200571114523086e+00 2.744456517135880347e-01
5.314090359877731373e+00 9.879297332082792593e-01
5.295685315765545909e+00 1.682290860762925888e+00
5.331978978732699659e+00 2.416247737826331843e+00
5.344325264165867395e+00 3.151200609261806562e+00
5.344255384945945764e+00 3.883294684443896472e+00
6.049916676932376447e+00 -4.052250500168884884e+00
6.035504246939161987e+00 -3.353209841703932881e+00
6.066131497804498451e+00 -2.521273290825813973e+00
5.996886644970864211e+00 -1.936590421595301592e+00
6.054528301055718487e+00 -1.231027216341313846e+00
6.095931436672564985e+00 2.205918478472952415e-01
6.101424529495048432e+00 9.625488156473842594e-01
6.080528334217575548e+00 1.670382958545108210e+00
6.067576440482632449e+00 2.411222527100857604e+00
6.060735850488939036e+00 3.125459633684918970e+00
6.062805031397061839e+00 3.870400483267843583e+00
6.826310402654954146e+00 -2.664092930475909782e+00
6.853949737885614013e+00 -1.242150133675117729e+00
6.845452696291864925e+00 -5.250712128885055563e-01
6.815469149929207049e+00 2.169592964345632424e-01
6.804538771855128232e+00 9.541161766833212710e-01
6.822570168794293011e+00 1.662179779113355238e+00
6.820526430213014635e+00 2.396347011063351573e+00
6.816686897898286190e+00 3.124755072813378831e+00
6.859105707316118128e+00 3.824122540357926425e+00
7.618033318642964957e+00 -1.967738290201477724e+00
7.588296775469288491e+00 -1.253067912922780636e+00
7.601709921323518415e+00 -5.573066897702929623e-01
7.561532148195503567e+00 1.727370322445658246e-01
7.543720069412870544e+00 9.660193215032677472e-01
7.564817968907959767e+00 1.668273247205426912e+00
7.599197424338022699e+00 2.344766287353674983e+00
7.590466642274208198e+00 3.078516058724567017e+00
7.657253325874968652e+00 3.765773775884291297e+00
8.517742880723027099e+00 -4.101963377348351258e+00
8.523215566949922106e+00 -3.379607962142710420e+00
8.500879592979174504e+00 -2.662335472614245191e+00
8.455324158150304470e+00 -1.977103253406703232e+00
8.426715753479079751e+00 -1.241183378077629129e+00
8.407207654196135138e+00 -5.368079440060675722e-01
8.329669266006142436e+00 9.294363654143253939e-01
8.313690802184424911e+00 1.602108796371748412e+00
8.344107392577718940e+00 2.357009324339220058e+00
8.377628966076528627e+00 3.097706650963274910e+00
8.418182604706643701e+00 3.759853573848374708e+00
9.285333367666531501e+00 -3.412746841265818176e+00
9.284297354260061752e+00 -2.674300405749008291e+00
9.283142199421007490e+00 -1.983257982290766108e+00
9.222173020448209968e+00 -1.275751971216138259e+00
9.133477164488780886e+00 1.712332321980021277e-01
9.088434006360486705e+00 8.940574278182644719e-01
9.088635324531090021e+00 1.610199234427742709e+00
9.106194066949122146e+00 2.330140478278195815e+00
9.157360924112019518e+00 3.004430834598991851e+00
9.189967030956069038e+00 3.788192582000469599e+00
1.008018590251298718e+01 -3.414865192832973406e+00
1.006711232008779433e+01 -2.681111537343532802e+00
1.008963498559516125e+01 -2.028258788689914383e+00
1.000898600555395745e+01 -1.240027944156221196e+00
1.000971177807898727e+01 -5.272544959591414226e-01
9.926943921084564693e+00 1.572323693190682548e-01
9.861983176715057198e+00 8.779675496794894229e-01
9.837383883208985935e+00 1.606398735933410649e+00
9.870465004573752310e+00 2.326308766231065306e+00
9.941277999950202116e+00 3.025212965409856736e+00
9.939697629202399298e+00 3.738634150305792048e+00
1.099546071178190232e+01 -4.207261702190585595e+00
1.093599505348377932e+01 -3.450352346039004203e+00
1.092446973773472507e+01 -2.755453303037008084e+00
1.083741371167283774e+01 -2.023852549603049056e+00
1.081904794056731589e+01 -1.264166229755200987e+00
1.078159490658519104e+01 -5.418414199505896534e-01
1.077044859636771434e+01 1.944721516472824874e-01
1.073090367852518057e+01 8.554218924551264536e-01
1.082291301364306690e+01 1.578243282555476412e+00
1.075553639345905310e+01 2.357497765780902199e+00
1.073463404058129100e+01 3.029491793304899261e+00
1.078360925015155658e+01 3.746594291896421680e+00
1.186676880186102778e+01 -4.138954389782984578e+00
1.186779258715471030e+01 -3.432926818082155052e+00
1.184065384164500045e+01 -2.678415585877189642e+00
1.178044036356249791e+01 -1.246562389562591022e+00
1.173311723614232704e+01 1.489897343543802322e-01
1.152662179493056271e+01 8.851855721089769702e-01
1.152911670172354519e+01 1.605355059295806797e+00
1.151987532947512705e+01 2.331256787625505922e+00
1.155107455144300843e+01 3.053737237293148610e+00
1.156451859427485829e+01 3.755675197339755300e+00
1.257343158271588379e+01 -3.430236954913777225e+00
1.270688033121659544e+01 -2.691230142696731775e+00
1.260517059880236701e+01 -2.019973239798883213e+00
1.260836174391958764e+01 -1.292505925278160106e+00
1.254914754928820031e+01 -5.620887968756633768e-01
1.250159900974426108e+01 1.695729244452337525e-01
1.242153744023207196e+01 8.826468968470742027e-01
1.231239589692185632e+01 1.604107323404715402e+00
1.227603534791958140e+01 2.376333210904906679e+00
1.229822910829300753e+01 3.061064360807080220e+00
1.236880614599038353e+01 3.755498475488899146e+00
1.350676309205728387e+01 -4.176920026346316206e+00
1.348795946578430716e+01 -3.454044144035670172e+00
1.346233609369690498e+01 -2.707515135205269985e+00
1.335894938603545512e+01 -2.053149179074065245e+00
1.322085392018057348e+01 2.081089308834194185e-01
1.318234921260409465e+01 8.998163360321775883e-01
1.313380919389029344e+01 1.603449203606224671e+00
1.316601603028649237e+01 2.318448291057141120e+00
1.323013126049287536e+01 3.025607475926221923e+00
1.326526192793033943e+01 3.750956478072168920e+00
1.443680656706269616e+01 -4.199901600119435585e+00
1.437941230232000578e+01 -3.464662350282576853e+00
1.430891073515420686e+01 -2.690829566059857569e+00
1.418006532309773604e+01 -1.279525911305995578e+00
1.412685494788181018e+01 1.940819427691451438e-01
1.410942939031447452e+01 8.635052541542052040e-01
1.394083029663050866e+01 1.624121244450321910e+00
1.400026056494468207e+01 3.059826069844774565e+00
1.399812820175281303e+01 3.763091296502942384e+00
1.519973479771219615e+01 -4.198669093370423155e+00
1.519517418024980770e+01 -3.485619097425541213e+00
1.522146782932025388e+01 -2.769239015877428045e+00
1.519906597575287321e+01 -2.064608000745085548e+00
1.506349936718366678e+01 -1.304213925834556420e+00
1.515743634323529676e+01 -5.744757303418523975e-01
1.488997466729221486e+01 2.011023561568592299e-01
1.479172421026655826e+01 1.634002433140260280e+00
1.481719134622233724e+01 2.346419110341720682e+00
1.474740961889685309e+01 3.068750444585788273e+00
1.481456547070327190e+01 3.734061204868986295e+00
1.594689972608696138e+01 -4.265158619519731076e+00
1.595231914487592206e+01 -3.511580294587734130e+00
1.593388580017768419e+01 -2.815312235157932719e+00
1.591689784420005083e+01 -2.078837675382480654e+00
1.586854067054980533e+01 -1.337521517933051740e+00
1.583473478340897600e+01 -6.192879689565486956e-01
1.580163965338959287e+01 1.380196174485952554e-01
1.566674538076011913e+01 1.657463490872082446e+00
1.562885509552224761e+01 2.335120237734784610e+00
1.558272842054865492e+01 2.986383877994114755e+00
1.561370482029425233e+01 3.760555576981417403e+00
1.670255279189359499e+01 -4.216734596851740235e+00
1.667954261937421734e+01 -3.509453041799879713e+00
1.664770055040871455e+01 -2.796895839730186850e+00
1.662675134128971166e+01 -2.043350868487170402e+00
1.660320548165444166e+01 -1.340772398349905359e+00
1.656643505929859117e+01 -6.272839206711076088e-01
1.655502290674341026e+01 2.146151433944289977e-01
1.646626728013559671e+01 8.805296104060218454e-01
1.644158670878891115e+01 1.563512045277921203e+00
1.642269906598175311e+01 2.378666894499072981e+00
1.641277352946469392e+01 3.088165496828388257e+00
1.645340352060730282e+01 3.817348105943175085e+00
1.742941762289322583e+01 -4.173994990918586723e+00
1.741847752305040586e+01 -3.508929281215856122e+00
1.737461824124931553e+01 -2.740249307526870126e+00
1.733505398587526258e+01 -2.032173356829041211e+00
1.728745798603330286e+01 -1.321537637387397268e+00
1.730083888613732768e+01 -5.681036031340269687e-01
1.725424654445799177e+01 1.561941711657368614e-01
1.722448672252188118e+01 9.550066313140668228e-01
1.719650887098684677e+01 1.638796688348730157e+00
1.717729092684015058e+01 2.392350433760221051e+00
1.714263860225783276e+01 3.145172475112104848e+00
1.716416412917681100e+01 3.856733195090846777e+00
1.815808814487046874e+01 -4.213285809995472420e+00
1.812995103199338587e+01 -3.473856618260430906e+00
1.808912869903010545e+01 -2.734390423517382374e+00
1.806539494815228863e+01 -2.017556620835989634e+00
1.803799210754286264e+01 -1.273264160263568812e+00
1.803306664278182581e+01 -5.526760092297706706e-01
1.800525977847774328e+01 2.175780134031626289e-01
1.798775339602726575e+01 9.103201510682055186e-01
1.791973331969678185e+01 1.641577050343972388e+00
1.791555913596380378e+01 2.394222779095660059e+00
1.787761941166078827e+01 3.150575738872284148e+00
1.793353888965995679e+01 3.894627063268238487e+00
1.898093242721246554e+01 -4.106832255357861783e+00
1.886279410647407673e+01 -3.402403772592940356e+00
1.883506324432686085e+01 -2.683921000979793803e+00
1.880640267463245152e+01 -1.980414692033981794e+00
1.876451253369447159e+01 -1.250491473869278281e+00
1.873764294701140898e+01 -5.314457214797876361e-01
1.873182523023496060e+01 1.943928322923262897e-01
1.870869995027305777e+01 9.243531450743169842e-01
1.868414065117346468e+01 1.662969429272909139e+00
1.868497622791787904e+01 2.395492640850555688e+00
1.866963916337613938e+01 3.126791269943723250e+00
1.874660151343682202e+01 3.856275745539036848e+00
1.973965328574745115e+01 -4.173584558270132305e+00
1.972121046106915543e+01 -3.413928081857164898e+00
1.966108102854327200e+01 -2.659547884176152621e+00
1.961489809873192058e+01 -1.921380978786785931e+00
1.961586852203182474e+01 -1.191943707274713660e+00
1.949512982372904446e+01 1.978429316901433310e-01
1.973642826729357580e+01 9.143963638528731508e-01
1.957151278772641945e+01 1.673243166651008806e+00
1.948924629416629273e+01 2.426248970718120290e+00
1.957646038493767549e+01 3.153153017912835310e+00
1.962939072695009912e+01 3.786135866571697761e+00
2.047096011489116307e+01 -4.162543419083625906e+00
2.043295903335602048e+01 -3.395766662543199033e+00
2.041277220927315028e+01 -2.683160761566934838e+00
2.045225017363465270e+01 -1.974999009793801719e+00
2.046605376273212329e+01 -1.239420849506814193e+00
2.045175740686915589e+01 -5.068079021866118694e-01
2.044395499549835904e+01 2.223347814270333345e-01
2.048846891000552972e+01 9.627095798500171497e-01
2.039995343030114583e+01 1.679534056502436812e+00
2.040303874993571043e+01 2.408150344888642991e+00
2.042526854128076508e+01 3.074804165053706129e+00
2.045760618695283029e+01 3.800092124472591593e+00
2.166477704169801655e+01 -4.073947581907393811e+00
2.161761989112982718e+01 -3.408390196187458088e+00
2.163816096985974724e+01 -2.632946301101405595e+00
2.168137085266625519e+01 -1.909189280426680568e+00
2.153759476547064367e+01 -3.282491661164819163e-01
2.139735427637970133e+01 2.383731513120395107e-01
2.137103403469188123e+01 9.750335343078795347e-01
2.128859804820032764e+01 1.692039593668237529e+00
2.127498873886053588e+01 2.407137754602832302e+00
2.127815232543404278e+01 3.057275513031498804e+00
2.124597540138567098e+01 3.815773093498208368e+00
2.237337500421909198e+01 -4.149694594349885080e+00
2.237900715545774233e+01 -3.416824371646697500e+00
2.236966188136752010e+01 -2.691084433619906235e+00
2.237956128018845448e+01 -1.954128738579360203e+00
2.235799457961600467e+01 -1.225276495246212960e+00
2.234530278506461087e+01 -5.040680798134253848e-01
2.231407676453920175e+01 2.310876087621629438e-01
2.219115560280234689e+01 9.936973171320033771e-01
2.223139539131785369e+01 2.458440979727527065e+00
2.214711361393856492e+01 3.116820475370921883e+00
2.212239628389683332e+01 3.767476578320909653e+00
2.311213567721806328e+01 -4.139931353313539120e+00
2.308652610698768370e+01 -3.422854839058793175e+00
2.312544734919829637e+01 -2.694708379387108721e+00
2.310757558765300246e+01 -1.944282514022035002e+00
2.311170655330052170e+01 -1.238591435169489330e+00
2.309617174003995643e+01 -5.185927922945658963e-01
2.305556193656064323e+01 2.018189104490026864e-01
2.304570247742969968e+01 9.687867814233435126e-01
2.304114025121003095e+01 1.680344030222340024e+00
2.302179995170030935e+01 2.381888608788859329e+00
2.295663474782978142e+01 3.135795336163752722e+00
2.299044741273364423e+01 3.788261572644707087e+00
2.384978858735112794e+01 -4.141719094971229254e+00
2.384986303048182066e+01 -3.426549081713194056e+00
2.384510060955195598e+01 -2.691890033936353177e+00
2.385030876587062920e+01 -1.978885841214633956e+00
2.385055931056739098e+01 -1.219942362774457223e+00
2.383848853220361264e+01 -4.981001863246525829e-01
2.389577184380672747e+01 1.856739333235282174e-01
2.384531562665168991e+01 9.569188401400410271e-01
2.376301812609612796e+01 1.666100986577635723e+00
2.381253442848883850e+01 2.412312806668122533e+00
2.378218814207850329e+01 3.131489736424782677e+00
2.383790742465450307e+01 3.791518303284895808e+00
2.470654957709420785e+01 -4.093878727886828273e+00
2.460953317019880160e+01 -2.720070245913369433e+00
2.454500757535947031e+01 -2.025735220481141852e+00
2.461742916640898216e+01 -1.254373186874712331e+00
2.459065567661077978e+01 -5.398330556980504014e-01
2.459510929084702013e+01 1.791481909797134620e-01
2.460847730624952590e+01 9.141705939954185567e-01
2.460850152756534470e+01 1.662074922235241559e+00
2.457948844055938054e+01 2.371387309205459815e+00
2.457863758585362035e+01 3.105776719267211661e+00
2.461377523315896099e+01 3.810243872971540213e+00
2.536293928921892160e+01 -4.155139823990886327e+00
2.526074847848256866e+01 -3.428073817780216359e+00
2.538057255520634214e+01 -2.716382792872796159e+00
2.532789221854121564e+01 -1.983399164675713422e+00
2.533766021700615312e+01 -1.281912089827148549e+00
2.531821375758169523e+01 -5.647484044243498147e-01
2.533864983906380530e+01 1.720142155623207714e-01
2.533786997802730667e+01 8.981062405946467209e-01
2.536227412552236871e+01 1.643717004843423979e+00
2.537475659945848605e+01 2.331743965287266462e+00
2.536991477755215385e+01 3.080282801541791571e+00
2.539324187434259272e+01 3.790318107421931870e+00
2.609533188214087573e+01 -4.149716252703239405e+00
2.610685568675540935e+01 -3.456670822484770866e+00
2.608049298775237901e+01 -2.732005821985751481e+00
2.607658696257421838e+01 -2.000524347886631915e+00
2.607973023995558037e+01 -1.282675058548562674e+00
2.607499928341580642e+01 -5.230508395984614367e-01
2.609711645375480771e+01 1.639784554666299243e-01
2.607798192829966410e+01 8.868823168204400531e-01
2.612472557494356096e+01 1.638759514385050409e+00
2.617378768107888476e+01 2.393029758791612949e+00
2.613880552249047895e+01 3.082956246330994077e+00
2.617283604611859715e+01 3.787034864698114234e+00
2.689645831077609728e+01 -4.199276728163109595e+00
2.686051089790343127e+01 -3.472195369215253180e+00
2.687155580511349484e+01 -2.743047413778203492e+00
2.684758120782886692e+01 -2.015412000713226348e+00
2.685430069947160803e+01 -1.298437699779828591e+00
2.682908074576408808e+01 -6.069870826226804184e-01
2.684208249979955241e+01 1.546183551270807754e-01
2.685301507261712572e+01 8.286955891052087964e-01
2.686216922471918167e+01 1.615948350042177850e+00
2.689384676272883468e+01 2.307237683829402641e+00
2.693635574092856899e+01 3.038807521546679880e+00
2.693630398765226630e+01 3.746300603041888166e+00
2.767706279896563615e+01 -4.217643041823993855e+00
2.761289367823561491e+01 -3.467645286281008765e+00
2.761713660565715855e+01 -2.744967684272793917e+00
2.764205028432166245e+01 -2.044983473217723002e+00
2.761657558081608244e+01 -1.313068058913405167e+00
2.763083800249486188e+01 -6.000775104961846296e-01
2.764934382880124275e+01 1.000294390029381475e-01
2.766521602971567262e+01 8.013501313950079918e-01
2.765967742182648692e+01 1.555087538573189931e+00
2.762572312236422789e+01 2.299066027870779294e+00
2.767571667349091769e+01 3.020308909728314006e+00
2.771412310332431872e+01 3.735944801536042803e+00
2.856856818944525145e+01 -4.119351148025291565e+00
2.842585933225920058e+01 -3.486378278608562198e+00
2.853607543449540884e+01 -2.729510891072912671e+00
2.838786111263552669e+01 -2.072418754273005703e+00
2.838989620506189482e+01 -1.377137938868365552e+00
2.835847392710422099e+01 -6.274071912305743126e-01
2.836168162652128188e+01 8.242216797361479053e-02
2.840126830839343341e+01 7.959377428028311385e-01
2.843690872832585370e+01 1.503773024786113410e+00
2.847542821271481017e+01 2.224683104186393479e+00
2.849166515573846681e+01 2.946979424302078598e+00
2.847550396712683352e+01 3.688867217964393319e+00
2.929545794359194844e+01 -4.204949400438838580e+00
2.925399941603185283e+01 -3.513236561502544930e+00
2.923166144276178358e+01 -2.802893301369795864e+00
2.922544749934434805e+01 -2.079948222572184591e+00
2.919835431300159456e+01 -1.381007096716739824e+00
2.918497054359958298e+01 -6.568661974974894235e-01
2.921283634814873409e+01 7.552981356732857421e-02
2.915920914007603670e+01 7.898132032824136672e-01
2.918059370434580302e+01 1.474322178143030015e+00
2.921981956758565246e+01 2.197771700156170738e+00
2.922891223159646046e+01 2.918181690087116920e+00
2.924449605687761533e+01 3.662844153703055383e+00
3.007449397542320213e+01 -4.208543558903400594e+00
2.997470880773729363e+01 -2.087588769522398024e+00
2.995931806291302024e+01 -1.413549409709776938e+00
3.005162775422738974e+01 -6.307020084926655557e-01
3.000658611817674881e+01 2.503216370381622369e-02
2.994762283977082262e+01 7.497566096544119318e-01
2.996828600334398374e+01 1.479178560332794490e+00
2.998856105632966518e+01 2.192454487505241190e+00
2.999209943459084826e+01 2.898177849712318732e+00
2.997994049620717050e+01 3.628164977932094359e+00
3.085015957800246866e+01 -4.228346435689864791e+00
3.080696166106343270e+01 -3.491719395784674163e+00
3.080522726546949031e+01 -2.798816724910256681e+00
3.079130026932416087e+01 -2.094792640113684712e+00
3.075986170802851660e+01 -1.399637565050607435e+00
3.076571503937672247e+01 -6.963589324413455017e-01
3.076284706314387307e+01 1.732449323126061813e-02
3.077901637323973461e+01 7.307152270203651767e-01
3.078307321840936339e+01 1.469772957858321405e+00
3.078245883323268828e+01 2.204628392141756876e+00
3.075109920806195163e+01 2.940907733542495350e+00
3.075976500350711973e+01 3.675244356913260901e+00
3.168908720785189104e+01 -4.182542293584187831e+00
3.161245395903039679e+01 -3.540974972938464305e+00
3.150564608390970278e+01 -2.792298988272275295e+00
3.152597034786804642e+01 -2.132656784445405407e+00
3.151114088022969639e+01 -1.409387981216653429e+00
3.151843299183656910e+01 1.268443382315354029e-03
3.151907158658260499e+01 7.295102966391695531e-01
3.149193292221141149e+01 1.473098501061553378e+00
3.150966205663431907e+01 2.216919150383404258e+00
3.155202049888526261e+01 2.959143993678786444e+00
3.163641699908964000e+01 3.671759564623208405e+00
3.236982783714970680e+01 -4.201171264431152963e+00
3.237323817325027875e+01 -3.543762864106973609e+00
3.234700098542752045e+01 -2.812989324312731299e+00
3.230912453839966503e+01 -2.096305394481969842e+00
3.230036355429738393e+01 -1.411856623055864901e+00
3.227134136375703832e+01 2.536024769689859681e-02
3.225987755006669744e+01 7.456879182622238034e-01
3.233759014775782958e+01 1.453502465285648526e+00
3.232659311467612184e+01 2.206204829177675464e+00
3.234755310161671815e+01 2.932610822076135548e+00
3.233956030936477788e+01 3.672877251141017041e+00
3.318246495190704337e+01 -4.214954197213465648e+00
3.312224913171066731e+01 -3.510682435530817713e+00
3.315147196116289052e+01 -2.809654783926507804e+00
3.310353070273902887e+01 -2.095924117480674198e+00
3.305319627760361101e+01 -1.364068722264541123e+00
3.310085869552732873e+01 -6.866802516123655664e-01
3.305141764202732446e+01 1.690371983183425186e-02
3.305076800654401126e+01 7.520583037087185119e-01
3.305606163265937170e+01 1.479224929974598979e+00
3.304537972014133373e+01 2.238177818918273942e+00
3.309781012861582639e+01 2.953868587615417596e+00
3.307908490769786880e+01 3.695028604911399839e+00
3.394386173229911918e+01 -4.171216458362859925e+00
3.391997308190739346e+01 -3.464426427928316343e+00
3.385673094708108266e+01 -2.784653352758823530e+00
3.384232472087156651e+01 -2.102562031490929684e+00
3.383102366521027449e+01 -1.401755456471978079e+00
3.381823466073202411e+01 -6.778662500585639350e-01
3.379083065628204707e+01 3.982723574778646025e-02
3.380638797249401506e+01 7.847296471105451587e-01
3.381121449586741079e+01 1.530288842711975406e+00
3.383943608003657033e+01 2.243152302573708567e+00
3.386110297101236455e+01 2.979860591965064032e+00
3.385017843709533025e+01 3.709945268663908280e+00
3.468569578420838440e+01 -4.180701871829281657e+00
3.465697777173519256e+01 -3.494676615356102189e+00
3.463161595702872120e+01 -2.783553116751605216e+00
3.459423208847945119e+01 -2.083667536557005207e+00
3.458221460325143681e+01 -1.398106015563215010e+00
3.456920427089347214e+01 -6.711277099714365590e-01
3.457586874762191798e+01 8.009531913995004970e-02
3.454329377825018099e+01 7.583251594421760444e-01
3.453395977185522980e+01 1.536372811283499118e+00
3.460030971587773507e+01 2.253812262774253838e+00
3.461311560876645643e+01 3.002674368904862945e+00
3.458568912874468282e+01 3.740298939372344478e+00
3.543595229061401852e+01 -4.174345293610034702e+00
3.542355842211815542e+01 -3.473964153490278761e+00
3.540182153887389660e+01 -2.765307727273192739e+00
3.534839194059447465e+01 -2.067480201182299027e+00
3.532759259666131157e+01 -1.350558825240394611e+00
3.531194701214320020e+01 -6.273015947535789394e-01
3.533590079605095724e+01 1.363886995847529704e-01
3.533975061837055165e+01 8.428016998541885130e-01
3.538362860333052851e+01 2.243681471222281232e+00
3.536920427638248299e+01 3.027874335678475859e+00
3.541269238889592685e+01 3.797509013385869991e+00
3.620386726020583268e+01 -4.180424214952186190e+00
3.618409482227688301e+01 -3.439076979585898641e+00
3.615280599673679518e+01 -2.779701967193641821e+00
3.609963118095635792e+01 -2.038881813751938665e+00
3.607517702637182566e+01 -1.319079164248829983e+00
3.606345499401268029e+01 -5.859572061697093659e-01
3.610031079163338319e+01 1.389858363855012158e-01
3.608885223192196889e+01 8.286328077649613988e-01
3.609516337439595901e+01 1.598249429520464560e+00
3.610117228878876716e+01 2.304981040757770216e+00
3.620934261723568426e+01 3.066025875559262204e+00
3.626999990233399984e+01 3.775305153495629895e+00
3.698687229995612569e+01 -4.156421777329089906e+00
3.691936705084570036e+01 -3.417749071680820094e+00
3.690296610312204706e+01 -2.707033876495625435e+00
3.683453730803658033e+01 -1.274516084283696671e+00
3.681934653825904746e+01 -5.561932744493915948e-01
3.675708605321873534e+01 2.174544559474256289e-01
3.684321729502058673e+01 9.117557142434158379e-01
3.697210480209378858e+01 1.595867414290527364e+00
3.696593335072882525e+01 2.341443605025563812e+00
3.694813168481287136e+01 3.074958737183521862e+00
3.699579456943336453e+01 3.791454386424518930e+00
3.777973724989166016e+01 -4.084604078257143556e+00
3.771826183050485071e+01 -3.381141909590372308e+00
3.768460364866394485e+01 -2.664590382137287605e+00
3.765935870615509629e+01 -1.948993367975084823e+00
3.764765418806236852e+01 -1.215857854060661936e+00
3.761510393636309146e+01 -4.942798307174491867e-01
3.774662588172756017e+01 2.939141146003301230e-01
3.774393833362830009e+01 9.414131254089532774e-01
3.777259978405587759e+01 1.603984629564454423e+00
3.788709519722160479e+01 2.435691133442350775e+00
3.864686531379255285e+01 -4.026696810983505515e+00
3.861660913677835794e+01 -3.289990674322943676e+00
3.855818361668055871e+01 -2.599127705184301362e+00
3.864330202499024125e+01 -1.863900294577600647e+00
3.872869198954688130e+01 -1.118092205608533618e+00
3.857532550382955350e+01 -3.487227273473614275e-01
3.866716089434032000e+01 2.640035091058273053e+00
3.868007464479750723e+01 3.197471859344915401e+00
3.957999465936685368e+01 -3.261876848659902350e+00
3.953611588202722515e+01 -2.952615273310875921e+00
3.950444068174665091e+01 -1.748427694222478124e+00
4.000067938100131215e+01 1.138337545232129600e+00
4.000751611258520057e+01 1.878654560469573909e+00
4.001013326907786194e+01 2.628916078973794868e+00
4.001284638171055263e+01 3.331145199252659950e+00
3.999764448029589659e+01 4.008912981444979096e+00
4.074017771829348789e+01 -3.979611421121592940e+00
4.073289779216060680e+01 -3.233004810306056243e+00
4.071812972978171530e+01 -2.463619992745087472e+00
4.071771184448150649e+01 -1.777772604380967181e+00
4.072865756333633414e+01 -1.062750015286994199e+00
4.073535979019333553e+01 -3.538471345396132506e-01
4.074961273938189521e+01 1.127691692693417735e+00
4.072950110321628614e+01 1.850219582887802972e+00
4.071565602242745996e+01 2.531635120870028288e+00
4.070310776365933947e+01 3.321063868946623643e+00
4.071436870594894941e+01 3.979611421121596493e+00
