-3.159218903506626930e+00 -4.131274588128878378e+00
-3.133892734300935956e+00 -2.750705995856016273e+00
-3.159448437056958880e+00 -1.946897345951622782e+00
-3.156610850715480865e+00 -1.225248472291667667e+00
-3.181006464782107912e+00 -4.802110242911048488e-01
-3.162021192462070474e+00 3.314471915876602282e-01
-3.159695887415828963e+00 9.940349493169406969e-01
-3.161170260246699115e+00 1.721037127528990851e+00
-3.156020146519892933e+00 2.425677042711821940e+00
-3.167498926927237335e+00 3.140193217524213765e+00
-3.159045079976301906e+00 3.900587562103659423e+00
-2.300718234251547756e+00 -4.099100901192763047e+00
-2.335206903615322460e+00 -3.386345755282167858e+00
-2.341359308728804933e+00 -2.643962089695868656e+00
-2.380078405390896990e+00 -1.920080520628069110e+00
-2.356754814013271471e+00 -1.193090967063518804e+00
-2.351028694716049472e+00 -4.832990054836834304e-01
-2.374734833550000701e+00 9.939120117267954413e-01
-2.405448715657904302e+00 1.725144667550232214e+00
-2.405477174931121453e+00 2.430781367406485316e+00
-2.426867858382365739e+00 3.217725014798205052e+00
-1.603625650745222231e+00 -3.369217871650647567e+00
-1.670892412789733328e+00 -2.635982464586479779e+00
-1.612795485669472839e+00 -1.923204612857041695e+00
-1.629121230579890778e+00 -1.181725456322404000e+00
-1.630545644258894811e+00 -4.645675122231232024e-01
-1.612979227395292980e+00 1.013572592639643943e+00
-1.635827562030350180e+00 1.727908427225155918e+00
-1.660027019474419774e+00 2.479067276488894578e+00
-1.661085325756332054e+00 3.224788378422836388e+00
-1.662263931050048882e+00 3.948163604726843801e+00
-8.800636054628157012e-01 -4.080755402320711767e+00
-8.804906769385212328e-01 -3.365305206126102178e+00
-8.709507171603334541e-01 -2.629916861544845830e+00
-8.829204980761815591e-01 -1.901225434393257530e+00
-9.170727548047921118e-01 -1.198223243917226455e+00
-8.765493769189802720e-01 -4.645618703378993075e-01
-8.888993917443670512e-01 9.746722229331261644e-01
-9.126357508844336053e-01 1.759718993424783662e+00
-9.029349808756066409e-01 2.498185375400890251e+00
-8.923858939698234849e-01 3.218691053471559371e+00
-8.938717018593180796e-01 3.941834821804839351e+00
-1.415793803280749330e-01 -4.055242267080387819e+00
-1.793163187103630207e-01 -3.339024188563673334e+00
-1.491352638584828583e-01 -2.638166645222565165e+00
-1.369181893784343629e-01 -1.904712615177736268e+00
-1.339910957135259650e-01 -1.178644896672317088e+00
-1.400965396347402248e-01 -4.336626805038612531e-01
-1.348369896786607569e-01 3.023773456330047793e-01
-1.611299038872004985e-01 1.727271107871825251e+00
-1.472900106952224064e-01 2.516547964460116305e+00
-2.155703567091435957e-01 3.238026174961092352e+00
-1.536407504886767583e-01 3.969186352952078778e+00
6.052540909594057439e-01 -4.040551925836130209e+00
5.805469146804398406e-01 -3.376144136509108051e+00
5.487564708531991187e-01 -2.642684215519690127e+00
5.810021374172578135e-01 -1.909813655015184963e+00
5.917376977268062888e-01 -1.188070990367272373e+00
5.773398775106031167e-01 -4.428247976726211732e-01
5.340103814307113339e-01 2.557279514159027656e-01
5.690233850204649002e-01 1.000560006506439947e+00
5.819191320236072329e-01 1.742079773244043395e+00
6.045935840260838745e-01 2.522242043112115084e+00
5.478170753614506339e-01 3.170739402841391552e+00
5.864481287711953428e-01 3.940482452271410807e+00
1.343289205417185883e+00 -4.051019944301962994e+00
1.386861533723980244e+00 -3.271780227814723219e+00
1.309514742399585430e+00 -2.598508701908208707e+00
1.316266735445907443e+00 -1.914514202419830724e+00
1.315612886111303226e+00 -1.179296352789513946e+00
1.319045794531575666e+00 -4.937365372772219985e-01
1.308701879503104237e+00 2.463754113054648087e-01
1.344130564036824182e+00 9.951231639244930705e-01
1.353628282377044911e+00 1.724703084851544332e+00
1.332279967334642379e+00 2.525947206127604261e+00
1.331634649667293502e+00 3.195568250243091768e+00
1.328191308419370387e+00 3.906082981442409618e+00
2.038730393573771948e+00 -4.031257365724851383e+00
2.053393989059919988e+00 -3.312517086324046289e+00
2.053585576886710840e+00 -2.595407183488198655e+00
2.126641857262569602e+00 -1.872847649049258933e+00
2.021534699239651900e+00 -1.200206046230196222e+00
2.056909633192908871e+00 -4.601478275519070849e-01
1.990602749084374068e+00 3.078030880506972267e-01
2.080753355617460443e+00 9.703560906881705250e-01
2.092402393262126736e+00 1.718111197230200560e+00
2.106434354174183454e+00 2.459384063398584175e+00
2.138429019010352761e+00 3.184940187829809588e+00
2.790492950574744668e+00 -4.036117598377046534e+00
2.796478092304177210e+00 -3.315161225058002259e+00
2.796019288282842297e+00 -2.589907391071058385e+00
2.776458392219865345e+00 -1.176283560214557156e+00
2.786167228379426319e+00 -4.696129634357681937e-01
2.809863270971931115e+00 2.765965931402654121e-01
2.829765809740983684e+00 9.864228631629856636e-01
2.875654417277971220e+00 1.731940457400657607e+00
2.856562748550324216e+00 2.435141536550514019e+00
2.885136147706653276e+00 3.153189120362519304e+00
2.926598691093857951e+00 3.842017132120638223e+00
3.517833777533923012e+00 -4.041071356371862322e+00
3.537122503816696906e+00 -3.313741788131721933e+00
3.532453595348059139e+00 -2.588401008726563646e+00
3.547324534838423915e+00 -1.864341262199978644e+00
3.527612768969675017e+00 -1.176531278794385571e+00
3.527452681453695504e+00 -4.279067094158932605e-01
3.555585799996798357e+00 2.735429604368704304e-01
3.577184302792424830e+00 1.043836713386955495e+00
3.611652905348194054e+00 1.714930254095275330e+00
3.642080558485247366e+00 2.455421767480935102e+00
3.619397762417420950e+00 3.154795002778499224e+00
3.609038715592980395e+00 3.896770260278188402e+00
4.283273022115672291e+00 -4.045383506532019169e+00
4.262901651464638064e+00 -3.331456818792311481e+00
4.274092504917156532e+00 -2.589880174747190011e+00
4.272738900086544334e+00 -1.838855286273386014e+00
4.261254176934933469e+00 -1.132624918469112174e+00
4.325311743538577502e+00 -4.354756868422242633e-01
4.301386690307275273e+00 2.889674653548439665e-01
4.320875646732197595e+00 9.831316574008184261e-01
4.325323003023953561e+00 1.726359026939213948e+00
4.371715291168364104e+00 2.478136530344357880e+00
4.382649949253895727e+00 3.178008789560209379e+00
4.392474849198833908e+00 3.882727774720692082e+00
5.036103063840080551e+00 -4.046376260268903735e+00
5.024465408247252185e+00 -3.354578396102464666e+00
5.021638114839056755e+00 -2.589321252391933115e+00
5.024680925718186586e+00 -1.879704779876860243e+00
5.105207415241892477e+00 -4.369582028220655445e-01
5.085511420339813071e+00 2.917084524295034953e-01
5.040417953050656763e+00 9.859655776500311219e-01
5.091638175267583222e+00 1.732006171442744602e+00
5.120019721559323500e+00 3.154092341347343620e+00
5.156113140015847307e+00 3.872501725971943642e+00
5.758753425087654421e+00 -4.045711959210372299e+00
5.717843620758749523e+00 -3.341776013429445413e+00
5.769135517685455739e+00 -1.880503017203608351e+00
5.825634574776032082e+00 -1.175549019147329233e+00
5.869188211027314139e+00 -4.316642730255573213e-01
5.899628825732690984e+00 2.946627208228527195e-01
5.850648335780171294e+00 1.004435954070899584e+00
5.844959155424568564e+00 1.698134386656811046e+00
5.867762928660042121e+00 2.438339635174632036e+00
5.879393746589002490e+00 3.175171619324025585e+00
5.874294174693261539e+00 3.911922533495527432e+00
6.581486551710980848e+00 -4.054290896435084335e+00
6.562618991184258732e+00 -3.339858390130324040e+00
6.578822327165049444e+00 -2.535760885941357401e+00
6.529578341160551247e+00 -1.920019375504672610e+00
6.581515664232497898e+00 -1.213187808365233877e+00
6.627959505586872524e+00 2.326709547088015029e-01
6.634052561223782618e+00 9.825168640571391165e-01
6.621198076715884895e+00 1.686123986602680702e+00
6.601509128512461189e+00 2.432361072179226369e+00
6.599828413132939886e+00 3.146701555229718394e+00
6.596023514738156734e+00 3.894647543134283296e+00
7.350653631066805360e+00 -2.647538648725628718e+00
7.374932933550113034e+00 -1.212210165487469737e+00
7.370279395296968517e+00 -4.991423154941614371e-01
7.347122739634421862e+00 2.367348383453524718e-01
7.334913236841927642e+00 9.742767709456749969e-01
7.356478707390095906e+00 1.682851800148316812e+00
7.352142142403145897e+00 2.420144177609156344e+00
7.353441084640550685e+00 3.150658722561239244e+00
7.389314539849600294e+00 3.850958746657013876e+00
8.131616454620861134e+00 -1.950970801770001373e+00
8.110211976581922499e+00 -1.236824710866955002e+00
8.126693770728493860e+00 -5.348500158692779394e-01
8.090440305517958564e+00 1.984124791680628164e-01
8.070144213322073767e+00 9.880779593456630039e-01
8.096773083681100047e+00 1.689287787036182209e+00
8.125822083182320910e+00 2.372153815849305403e+00
8.113157790494533117e+00 3.104969034421387164e+00
8.177095641441077589e+00 3.794948165248499095e+00
9.025196858595293747e+00 -4.092146545774244970e+00
9.028034407594006439e+00 -3.365114693548722613e+00
9.012199869507192318e+00 -2.642563158308441018e+00
8.961350572238991674e+00 -1.960447206227428296e+00
8.935769834900369801e+00 -1.220681159128762516e+00
8.925821141192905372e+00 -5.190705880439132613e-01
8.853965934684467243e+00 9.558664706117312448e-01
8.844724982510335565e+00 1.630324475144625751e+00
8.872353904991143736e+00 2.381459583788188894e+00
8.893408043792852880e+00 3.123462712061900959e+00
8.943193894745633088e+00 3.793025919922634159e+00
9.794915264271509159e+00 -3.401138970888187174e+00
9.789473966051097875e+00 -2.655748985335591783e+00
9.790133197801097253e+00 -1.965450883623152123e+00
9.727230948552296752e+00 -1.248855477046422635e+00
9.651403214410706255e+00 1.878260971417446967e-01
9.610728095647310454e+00 9.226808563499560023e-01
9.610320434098930775e+00 1.634012138789369573e+00
9.628124759846578229e+00 2.353483153329076316e+00
9.677875100341474024e+00 3.041174434956388950e+00
9.709331511481792631e+00 3.818530913856903908e+00
1.057508326770916085e+01 -3.392624694101208149e+00
1.055627586848051180e+01 -2.667112834637354268e+00
1.058840143760964025e+01 -2.003133208491313155e+00
1.051706029556009980e+01 -1.222817490827434739e+00
1.051051184233553926e+01 -5.114854262945272012e-01
1.043973228331337566e+01 1.861459054885195030e-01
1.038351920888152335e+01 9.079064714490527876e-01
1.035925711007703143e+01 1.641247124896256793e+00
1.038901052213866194e+01 2.360405793260209606e+00
1.044647816653855443e+01 3.063751215954880536e+00
1.045205644971932912e+01 3.774367914470573737e+00
1.148739056092266253e+01 -4.166345268272500846e+00
1.142172405983104966e+01 -3.423155463778059016e+00
1.140104316739429891e+01 -2.728548285441970478e+00
1.132115049393472361e+01 -1.995622882971900935e+00
1.131055550031612000e+01 -1.237202463334408975e+00
1.127300108849433968e+01 -5.000802444843834849e-01
1.128465210427134480e+01 2.173338481868825056e-01
1.123208757347507003e+01 8.861506229029494364e-01
1.132877539918147392e+01 1.612840502691703648e+00
1.125798609073665801e+01 2.388791000564488343e+00
1.123943103883804184e+01 3.076585531753188718e+00
1.129242892242611873e+01 3.786372787606460122e+00
1.233247807706082710e+01 -4.110738952813992597e+00
1.233693583841089492e+01 -3.406371331948466974e+00
1.230550854074465406e+01 -2.646201809022215912e+00
1.224963220173028589e+01 -1.220306771168274906e+00
1.216261930354301057e+01 1.884429794323239094e-01
1.203169415095929651e+01 9.192016321154206082e-01
1.202775130350908483e+01 1.643710324501711284e+00
1.202083692220885069e+01 2.369425924545538464e+00
1.205291949176793054e+01 3.097664754408825161e+00
1.206212222613541485e+01 3.797888774087752495e+00
1.303512317307437485e+01 -3.405427662505413622e+00
1.313110692594782591e+01 -2.665104747352973646e+00
1.306661972978694308e+01 -1.978951857693264316e+00
1.307189361070872735e+01 -1.257278112577825624e+00
1.301746878936179996e+01 -5.264979689525830509e-01
1.297420435920160742e+01 2.045039871067331205e-01
1.291024454506776920e+01 9.292092834141953972e-01
1.281493149791116082e+01 1.648215395024259067e+00
1.277789067379494270e+01 2.419173361808539369e+00
1.279808582370051084e+01 3.106264737116475771e+00
1.286136205442468139e+01 3.800166876290560936e+00
1.394903418008644991e+01 -4.145577418125483860e+00
1.392774637084107781e+01 -3.415552776495388798e+00
1.390889759592170094e+01 -2.675020340490814164e+00
1.387224867999131561e+01 -1.979386275499194880e+00
1.369583799720610529e+01 2.500847926428662049e-01
1.365560576566465301e+01 9.406503902845706477e-01
1.363118752687206126e+01 1.654508223570161363e+00
1.365119208173784671e+01 2.363248797576233073e+00
1.371421288007239525e+01 3.078964788554436893e+00
1.373911192333546438e+01 3.802241070444580373e+00
1.484034687136706054e+01 -4.147522996474414470e+00
1.482387773603051073e+01 -3.445963070221242930e+00
1.474084817581263707e+01 -2.659136642285204744e+00
1.462221375874833029e+01 -1.236559413751649572e+00
1.457109656250415242e+01 2.433811896032977984e-01
1.456638141454060786e+01 9.030321458637970977e-01
1.442024245523716530e+01 1.671784239257693372e+00
1.448406950199471055e+01 3.112626315169201519e+00
1.447225816689060451e+01 3.818339286263096710e+00
1.562381825617833897e+01 -4.167717738190280130e+00
1.561125269038176100e+01 -3.444345324285453813e+00
1.563141452328874692e+01 -2.723158261390018708e+00
1.561439858849309559e+01 -2.012745142896751105e+00
1.549110933498700859e+01 -1.270955322778117846e+00
1.557129463428591976e+01 -5.262198404722759904e-01
1.533145285709922945e+01 2.471553404713233704e-01
1.525058376482370903e+01 1.685938091171983899e+00
1.527172484768274074e+01 2.397812866634065898e+00
1.521775244364785351e+01 3.120099886594012162e+00
1.528297513821610920e+01 3.790437971111565219e+00
1.635162432678919231e+01 -4.208901214261125290e+00
1.636797953592554933e+01 -3.458975826739600024e+00
1.634716468098341835e+01 -2.763091978477710597e+00
1.633578898788648814e+01 -2.016876172936203915e+00
1.628390350510736084e+01 -1.289377015179002939e+00
1.625782552915482881e+01 -5.714491256978817546e-01
1.622675495550240754e+01 1.832214318892226856e-01
1.611010152794202099e+01 1.711436799148845722e+00
1.607493005786550810e+01 2.389399054297150826e+00
1.603191023514543900e+01 3.038902242018501454e+00
1.605982713887145508e+01 3.826418024211903912e+00
1.711545490246840018e+01 -4.174241001908928439e+00
1.708861042027132271e+01 -3.455139683901276015e+00
1.705736705355325000e+01 -2.746842173395954489e+00
1.703968896550369294e+01 -1.982990544176331582e+00
1.702103030654006943e+01 -1.278499426091499913e+00
1.698470872355287753e+01 -5.615927160696116971e-01
1.697839893915548970e+01 2.607703024284937499e-01
1.689733818145580102e+01 9.305590989444780803e-01
1.687753753440989612e+01 1.600600179527937428e+00
1.686133438589656208e+01 2.432502595453925665e+00
1.685598901275539419e+01 3.136566129682044846e+00
1.689623652663642162e+01 3.874470579168630024e+00
1.783531815689834588e+01 -4.132543479619272375e+00
1.782029941362402781e+01 -3.453534709909533262e+00
1.778107394594312041e+01 -2.688188304468670964e+00
1.775138257346907977e+01 -1.982747282600854533e+00
1.770771068426661543e+01 -1.264395489509482218e+00
1.772057240838867642e+01 -5.131487328796673353e-01
1.767499272143492561e+01 2.075428252793081185e-01
1.765955263448329049e+01 9.901467880004872768e-01
1.763178539312940529e+01 1.686867947230009435e+00
1.762236979646857549e+01 2.438481792332623854e+00
1.758133710121320803e+01 3.186883372553552363e+00
1.760009422286118763e+01 3.898893408973442831e+00
1.855758133848567581e+01 -4.165805695628385763e+00
1.854029506087857015e+01 -3.426166574458523684e+00
1.849871563824319765e+01 -2.682497744456625810e+00
1.848375837836864832e+01 -1.972462662935658528e+00
1.845912266654720923e+01 -1.224312958150431285e+00
1.845074404920152489e+01 -4.992976738774643763e-01
1.840886907516437532e+01 2.483666019994785756e-01
1.841594002781369710e+01 9.598357437205038423e-01
1.835329776890026210e+01 1.704308488678091038e+00
1.834690903365625303e+01 2.435453247303843938e+00
1.832008426316026828e+01 3.195293311064745012e+00
1.836971044935377506e+01 3.941484706756710921e+00
1.939304629683605441e+01 -4.058910771619913760e+00
1.927470671337910346e+01 -3.367558672932045027e+00
1.924724884947517722e+01 -2.642927420270218875e+00
1.921818955469765910e+01 -1.937378694325477824e+00
1.917788949151812972e+01 -1.207462732531531913e+00
1.915503449604938879e+01 -4.868929022018662067e-01
1.915493816080898881e+01 2.480302429628622463e-01
1.913156814256622340e+01 9.742478592122942871e-01
1.911539732722119567e+01 1.712958009056052333e+00
1.911937085468435527e+01 2.428360468404786587e+00
1.910079087931492126e+01 3.173075445659492289e+00
1.917216813580061086e+01 3.907005511838363532e+00
2.014157199357819650e+01 -4.130537344690079493e+00
2.012777120284570032e+01 -3.371558115268808109e+00
2.007787786642836636e+01 -2.617898416770170655e+00
2.002362202563256943e+01 -1.873092974752371020e+00
2.001161293171177391e+01 -1.147991921202095256e+00
1.992253018300087319e+01 2.529813597431918026e-01
2.014567727692386256e+01 9.637915019003564510e-01
1.999133069005039687e+01 1.720653749617689243e+00
1.991792537500325722e+01 2.476399434063505822e+00
1.997189389805110693e+01 3.202768554794232614e+00
2.001986586440781224e+01 3.845486177000033479e+00
2.087014755483865258e+01 -4.119585473989726410e+00
2.083995514583987330e+01 -3.355890876210796847e+00
2.081774339164717702e+01 -2.629677664410817073e+00
2.085657220502620390e+01 -1.923698844770523664e+00
2.087437115408175714e+01 -1.193149605558762261e+00
2.085062389768071256e+01 -4.612961234810448730e-01
2.083970079936607078e+01 2.682366052038034354e-01
2.088426602306705604e+01 1.011256564698829408e+00
2.080648931384475731e+01 1.723790122161229732e+00
2.081352299098468706e+01 2.469142114258463749e+00
2.083603748056728477e+01 3.138195875183335204e+00
2.086314765530468662e+01 3.870537330242399321e+00
2.204797365558965794e+01 -4.026937444087604234e+00
2.204827480736501144e+01 -3.366633214416406616e+00
2.201397155503671854e+01 -2.585131299478202749e+00
2.205360621552608791e+01 -1.860331393701326164e+00
2.191277241094370254e+01 -2.903647037060430591e-01
2.177378552230096176e+01 2.843307826494978485e-01
2.174263642233152183e+01 1.018470506546822918e+00
2.167120759805827390e+01 1.745540875522348045e+00
2.166593409357408717e+01 2.458714060229656440e+00
2.167023354577608529e+01 3.135038425314427002e+00
2.164255200238691401e+01 3.890470118491272444e+00
2.274285694908349598e+01 -4.102842027597024099e+00
2.274593608765857766e+01 -3.372945060013737617e+00
2.273678768120595350e+01 -2.641736293259182133e+00
2.274655296634441726e+01 -1.899249587729389788e+00
2.272764865848381532e+01 -1.173848724434176205e+00
2.270290720312596022e+01 -4.482507180679569103e-01
2.268282224151634807e+01 2.802562840261586530e-01
2.257163872953331918e+01 1.020558432455771936e+00
2.259606044580502271e+01 2.511089923763130116e+00
2.252114022813580618e+01 3.178574684335458755e+00
2.248313089027409006e+01 3.849892766298850688e+00
2.348048796739978883e+01 -4.090779779845743036e+00
2.346294470942552124e+01 -3.374893149877216558e+00
2.349112715161253107e+01 -2.644415500231609428e+00
2.347218794102114003e+01 -1.896433304784171270e+00
2.348121357238974127e+01 -1.185207840330420481e+00
2.344536251385770953e+01 -4.674283803056837883e-01
2.341665768117393043e+01 2.544077503778545690e-01
2.340420036516315605e+01 1.025392965202588158e+00
2.339819309900541100e+01 1.732772657522499316e+00
2.338068059804326992e+01 2.444248740751930882e+00
2.332437211617052242e+01 3.186555030603273053e+00
2.335071967725321684e+01 3.864415709187525749e+00
2.421459669415228433e+01 -4.092719216610330335e+00
2.421272670857763387e+01 -3.374948114722467807e+00
2.421203709963880613e+01 -2.637098851683127521e+00
2.421825976658534785e+01 -1.921465171812247519e+00
2.420991064470776877e+01 -1.173384980951343692e+00
2.419545486555649916e+01 -4.431719226709098791e-01
2.424846882430291117e+01 2.390530565928798978e-01
2.418759773341809449e+01 1.011817781644491987e+00
2.411567856781428532e+01 1.727359528643969355e+00
2.416275158157757375e+01 2.470640555653751846e+00
2.412244633284739592e+01 3.192976235356724146e+00
2.417431297946405522e+01 3.864934802696836869e+00
2.501906045714274995e+01 -4.075719619853369835e+00
2.496689941431306892e+01 -2.662772249833331273e+00
2.490623729584991963e+01 -1.963767493365580208e+00
2.497449505408877712e+01 -1.197351489442201711e+00
2.495029392804583068e+01 -4.814717353244297726e-01
2.494902672462433912e+01 2.336003420465537772e-01
2.495441559962336697e+01 9.772378383396471691e-01
2.495566387723675916e+01 1.717093458874245471e+00
2.492431189535844993e+01 2.437680558686565746e+00
2.491847987386015717e+01 3.171683562427418224e+00
2.494375593508480193e+01 3.886018860400831443e+00
2.571974928321257181e+01 -4.101039996295234857e+00
2.564533424559575536e+01 -3.375986330662200885e+00
2.573565783294603193e+01 -2.656697481751283618e+00
2.569161892772215339e+01 -1.924653776148890216e+00
2.569790800266306974e+01 -1.214270206840790678e+00
2.568745502125462110e+01 -4.887371089535506030e-01
2.568768778183536483e+01 2.445138440232241805e-01
2.568081871108913106e+01 9.655546900653817488e-01
2.569103379787532049e+01 1.702931627077777677e+00
2.570733970133734658e+01 2.411058965236847484e+00
2.570364149932046871e+01 3.156102385985597891e+00
2.572284919580167895e+01 3.874811696312505660e+00
2.644897660167750786e+01 -4.095214636924136897e+00
2.645794240049402646e+01 -3.391195898028332323e+00
2.643951288018095624e+01 -2.665984696757167427e+00
2.643682626634548427e+01 -1.935079675340958261e+00
2.643774330407348572e+01 -1.215881390845975574e+00
2.642965800352470751e+01 -4.612426903558386471e-01
2.644241354044114445e+01 2.400199399136617728e-01
2.641435632815999668e+01 9.661501228421904841e-01
2.645968093412228939e+01 1.714990665558350003e+00
2.650261438901926425e+01 2.464470747644696758e+00
2.647092875475944851e+01 3.158939400301314038e+00
2.649273409769578791e+01 3.874984162170434843e+00
2.724760408994848149e+01 -4.126209599613588352e+00
2.719620413579712448e+01 -3.422089276511936617e+00
2.722795780824503709e+01 -2.678317909973639388e+00
2.719972120136516480e+01 -1.948884147895604713e+00
2.720997645950925659e+01 -1.226006878502310826e+00
2.718424343357929018e+01 -5.298431474683553688e-01
2.719428123444320988e+01 2.368205990823000207e-01
2.719520016987855371e+01 9.207311413341408013e-01
2.719961716104388216e+01 1.709165825133872829e+00
2.721935016282606767e+01 2.397990535896887820e+00
2.725511839237873346e+01 3.125269929039859562e+00
2.725203641438363888e+01 3.840754074955867736e+00
2.801558907095760986e+01 -4.158528522363475588e+00
2.796771243788364103e+01 -3.402279383074894525e+00
2.796816141630548458e+01 -2.676847722832548016e+00
2.799557193289646051e+01 -1.966654156716870716e+00
2.796822143092180823e+01 -1.229368220608801465e+00
2.798177581348731024e+01 -5.135342674083602788e-01
2.799055643544583205e+01 1.962453067788096917e-01
2.800229609259043428e+01 9.039261181763791342e-01
2.799167234621545930e+01 1.651138312496168936e+00
2.795103416430436738e+01 2.392321223576040268e+00
2.799018998629949095e+01 3.115403197051520578e+00
2.802687787871436598e+01 3.837461273289342500e+00
2.885194657856425948e+01 -4.100170267738352692e+00
2.875668538162596377e+01 -3.421414355767517179e+00
2.881123610634505638e+01 -2.658384672878817412e+00
2.873320638677352434e+01 -1.983879378571433705e+00
2.873297883422183219e+01 -1.280423100887720267e+00
2.870085204123852662e+01 -5.339675301917772288e-01
2.870907624028981076e+01 1.806263424832650344e-01
2.873274692199994007e+01 8.980024895849538780e-01
2.876127552570695656e+01 1.611472165707070303e+00
2.879519719142574985e+01 2.332817022147789743e+00
2.880530126100128285e+01 3.049153663773765288e+00
2.877920258997260561e+01 3.792219524315981971e+00
2.959495575153115254e+01 -4.142087895276162612e+00
2.957476577298955789e+01 -3.453246590352684109e+00
2.956055165215243363e+01 -2.728691963568241619e+00
2.955622263355514434e+01 -1.995978555193147486e+00
2.953597933165988110e+01 -1.281315907699841716e+00
2.950764727223633344e+01 -5.530786938370404471e-01
2.953465582803062972e+01 1.779087065378561761e-01
2.948578144851192206e+01 8.991876800370093292e-01
2.951005797787021123e+01 1.600816825115803255e+00
2.953834789241862069e+01 2.312014132441412073e+00
2.954341952646846181e+01 3.028769359470437905e+00
2.955665281128356270e+01 3.771975027426087479e+00
3.037385061267737996e+01 -4.147101298143532233e+00
3.029804440726162085e+01 -1.998459128703959919e+00
3.028694992611169567e+01 -1.314849291247746521e+00
3.032525732004211960e+01 -5.368451055419001250e-01
3.032218050309793256e+01 1.361763682475860548e-01
3.026961451165895056e+01 8.650557756916761321e-01
3.028006834217136856e+01 1.593897854804460223e+00
3.030270806444804776e+01 2.308725440380065663e+00
3.029700111391627360e+01 3.014054644744170730e+00
3.028799562686672431e+01 3.742000766057209660e+00
3.115092417093426747e+01 -4.173845025573456269e+00
3.111065907829169674e+01 -3.428828298877231617e+00
3.110419930519309872e+01 -2.716889103114027648e+00
3.110893508681905217e+01 -2.009948154624765948e+00
3.107854139473912625e+01 -1.292582643408568543e+00
3.107361670319949809e+01 -5.944142540413395182e-01
3.107498149515931374e+01 1.327337007379369993e-01
3.109462967505988473e+01 8.415935274715309333e-01
3.109572931291892672e+01 1.585832349774246808e+00
3.109312905287530526e+01 2.318201310079160749e+00
3.105782737859340870e+01 3.057330569536063081e+00
3.106524051238054795e+01 3.778972287789713391e+00
3.196981112476579057e+01 -4.131097377891510547e+00
3.190790008053027549e+01 -3.457843540354346601e+00
3.181882050960755492e+01 -2.714254983919456521e+00
3.184281788017508319e+01 -2.035306963705615146e+00
3.182478170368165848e+01 -1.285244096116549883e+00
3.183147644347035765e+01 1.155452243114964972e-01
3.182820332733978574e+01 8.437132717082249656e-01
3.180292722586509768e+01 1.585034872263431538e+00
3.181876572461056440e+01 2.324324673561836363e+00
3.184141335904556769e+01 3.057441581961086285e+00
3.191181037583613289e+01 3.773141465754378032e+00
3.264284509416687996e+01 -4.142212322305287131e+00
3.265404113115122442e+01 -3.458230048580041682e+00
3.264814432968967850e+01 -2.720908760258875958e+00
3.261099740142035586e+01 -2.008357464158752492e+00
3.260460981359938870e+01 -1.307200018665820807e+00
3.258384749954615955e+01 1.313290078130719962e-01
3.256965370478787491e+01 8.553680230608833313e-01
3.263642902924673450e+01 1.565182808800745562e+00
3.262013850592439468e+01 2.305018096975963715e+00
3.262281585423165353e+01 3.050721706855874515e+00
3.262558879912827337e+01 3.774871383722846474e+00
3.345567737998954527e+01 -4.150712901107397101e+00
3.341356727953472472e+01 -3.441008382697500423e+00
3.343837257049245437e+01 -2.725230322005259609e+00
3.339559207415624797e+01 -2.006269189273449882e+00
3.335575209505667971e+01 -1.260937210579946566e+00
3.340731799627454990e+01 -5.840898221653070266e-01
3.335290055865144865e+01 1.225569338006593512e-01
3.335132834645991551e+01 8.585424609056850898e-01
3.335112093556991653e+01 1.586983306362736101e+00
3.333603738230031155e+01 2.343931994939961072e+00
3.338478070328131508e+01 3.059591425629420769e+00
3.335284294798599802e+01 3.805527965844063942e+00
3.419975063718374741e+01 -4.117173033266386284e+00
3.418890336408393438e+01 -3.399149581681481180e+00
3.415017397469329552e+01 -2.700523059813150439e+00
3.413231157542779926e+01 -2.008797294773319919e+00
3.412996973365165587e+01 -1.301244708675316275e+00
3.411714610899998235e+01 -5.835750011191827014e-01
3.408888510860291632e+01 1.404649424601274177e-01
3.410071018830495149e+01 8.820012295020482895e-01
3.411325287381271920e+01 1.624176233470610242e+00
3.412947563034055776e+01 2.337962643626699588e+00
3.413491603989672996e+01 3.074929537466509544e+00
3.411908867394678424e+01 3.801080246146511854e+00
3.493781428706434866e+01 -4.134286097381753677e+00
3.488092694657934345e+01 -3.437809111192169809e+00
3.491245040970878932e+01 -2.707677749639231024e+00
3.487788532155797583e+01 -1.998677676099656964e+00
3.488143978375135390e+01 -1.300787233787378483e+00
3.486797283471458542e+01 -5.757258419308008968e-01
3.486570627401386702e+01 1.775894789320062728e-01
3.484174070605390483e+01 8.678643698549173280e-01
3.482511210558498504e+01 1.631996817458169602e+00
3.486409850247716946e+01 2.349084581217994128e+00
3.487441517702810501e+01 3.097371676063922052e+00
3.485310784868641321e+01 3.828381687477204309e+00
3.568431038735905503e+01 -4.119804241209926943e+00
3.567381026538004818e+01 -3.407839481379863145e+00
3.566475340134351057e+01 -2.691391842899200526e+00
3.562661830051209932e+01 -1.988759608404254919e+00
3.561479697169932734e+01 -1.266007521220998910e+00
3.559919316117517241e+01 -5.406683759110073595e-01
3.561835394004601341e+01 2.196545487677461495e-01
3.563186093099304941e+01 9.552989403834608595e-01
3.564154460311693384e+01 2.348166166504697117e+00
3.561825641917078400e+01 3.115445135044033975e+00
3.565120107980281006e+01 3.879785788173109040e+00
3.643526581384056584e+01 -4.141021904518517260e+00
3.642052369259128142e+01 -3.393087834684322956e+00
3.641586043888256796e+01 -2.715864713140042852e+00
3.636855751764330336e+01 -1.966879515690937552e+00
3.635171927539544612e+01 -1.240840242199556798e+00
3.634388040392908437e+01 -5.127657016552582547e-01
3.637339092083421832e+01 2.154591371707041958e-01
3.636601991199835737e+01 9.137098549438107398e-01
3.635504194315544879e+01 1.702098195564762051e+00
3.635983122056126859e+01 2.393752735297251633e+00
3.643384244702763652e+01 3.157041142503125286e+00
3.647662398221954305e+01 3.852982663142739739e+00
3.721600567040837149e+01 -4.118270933486087415e+00
3.715773788528398569e+01 -3.378969582154610407e+00
3.714625221561561119e+01 -2.656878046537720195e+00
3.709736208011256764e+01 -1.210282739948894459e+00
3.708380303648825560e+01 -4.948043336216016996e-01
3.705152378190272344e+01 3.005916413911222662e-01
3.710674730527440346e+01 9.881682039663211015e-01
3.719242017781117937e+01 1.673504969837072309e+00
3.719647983824378201e+01 2.408273904498557272e+00
3.715936163266051295e+01 3.144204214697360555e+00
3.719370398912334252e+01 3.857038865706080344e+00
3.798412697570731922e+01 -4.057123873377257439e+00
3.794106867801777838e+01 -3.347604358368975852e+00
3.791361613330746394e+01 -2.631195811578791677e+00
3.789919397102071486e+01 -1.911786852330134678e+00
3.789614552179387630e+01 -1.173307824239760322e+00
3.785995442347826412e+01 -4.549559368022428885e-01
3.797033717204633518e+01 3.214514634813667726e-01
3.796214568739065243e+01 1.006489622175653409e+00
3.798321022749770037e+01 1.680301917988753502e+00
3.804950915598386274e+01 2.459062370928645436e+00
3.880671024690604298e+01 -3.989052105835646955e+00
3.880175902137720101e+01 -3.276811980879251962e+00
3.875159113461742066e+01 -2.589523709507162152e+00
3.882852202625837634e+01 -1.833518633427697608e+00
3.887405875547471368e+01 -1.128592383962839563e+00
3.875524782158550607e+01 -3.439376483971692267e-01
3.888379136343673537e+01 2.557776772155889944e+00
3.882563991550376414e+01 3.186570744808705058e+00
3.969397018889440432e+01 -3.286934719918118475e+00
3.957871484188853373e+01 -2.951470201360539392e+00
3.964776936561518283e+01 -1.764127023632958924e+00
3.998956321164110506e+01 1.125176678324443458e+00
3.999730978291858463e+01 1.861650486919334213e+00
4.000533525819418657e+01 2.612798508370595130e+00
4.000330377045829522e+01 3.334689716083374833e+00
3.999237250065900895e+01 4.005169326630095838e+00
4.074149535667371680e+01 -3.984060212808138601e+00
4.072673307131466203e+01 -3.251098427387510981e+00
4.071236560754254441e+01 -2.483248302671945851e+00
4.071166710986877746e+01 -1.785138935464061660e+00
4.072618491339154190e+01 -1.062803770407054316e+00
4.073031571945134743e+01 -3.408185685392908226e-01
4.074054108591699475e+01 1.123359444239575566e+00
4.072752518237468422e+01 1.843278953399373421e+00
4.071807964558328052e+01 2.521698389138649077e+00
4.070227694693898712e+01 3.320575949564158691e+00
4.071305106756872050e+01 3.984060212808138601e+00
