-9.454978068545827341e-01 -4.062569189098137912e+00
-9.371469164870021018e-01 -2.580194269743046220e+00
-9.432632587182823158e-01 -1.886340486519088699e+00
-9.339639107603332491e-01 -1.152155622772475851e+00
-9.546671701706159752e-01 -4.383497218292866648e-01
-9.423483097922016327e-01 3.865816642814685622e-01
-9.410479584413096177e-01 1.053308597978251271e+00
-9.396094078149133111e-01 1.776336324656167420e+00
-9.343281910911116483e-01 2.478079572088141447e+00
-9.393061583440669438e-01 3.217855286278314964e+00
-9.277048446794680103e-01 3.959450645389793522e+00
-1.619743513596674234e-01 -4.040005865849991551e+00
-1.528927587929942433e-01 -3.331787412849429586e+00
-1.679064574069641935e-01 -2.589110549472326994e+00
-1.977458061354511187e-01 -1.875591429743863614e+00
-1.915768327912275026e-01 -1.136241881124032460e+00
-1.742575789120692775e-01 -4.229273468879064524e-01
-2.161816426711027361e-01 1.031293107603080017e+00
-2.009995383866467478e-01 1.776053355748409501e+00
-1.960630324697802962e-01 2.476485898164170862e+00
-2.100778344860216862e-01 3.251050961775725057e+00
5.588447841030230734e-01 -3.310315459115173553e+00
5.197397482192656071e-01 -2.595694173155976614e+00
5.500653932317192130e-01 -1.865582711770475299e+00
5.445297443752465938e-01 -1.128913576450571554e+00
5.501611225609934763e-01 -4.024017167879527790e-01
5.447982281498155999e-01 1.053217931459702328e+00
5.503844282402781118e-01 1.771303561528100090e+00
5.248468678153912492e-01 2.518480348212335684e+00
5.401705986822804562e-01 3.262852151265228429e+00
5.304542727998722285e-01 3.974233259397671247e+00
1.273441665757239605e+00 -4.029973802752696344e+00
1.285538480216061430e+00 -3.316564953974584284e+00
1.287429632265251200e+00 -2.585579969695913860e+00
1.278394994100999327e+00 -1.847197048230015071e+00
1.260654444786325712e+00 -1.134239192284582032e+00
1.279454737215459659e+00 -4.174909135344329059e-01
1.276407323423747187e+00 1.047457258455914086e+00
1.269557051340370890e+00 1.794235419419855759e+00
1.277792765414424991e+00 2.520666041845718297e+00
1.286840415078152944e+00 3.251997545252081068e+00
1.285631485826193909e+00 3.959367643000767600e+00
2.009283846370806259e+00 -4.026352906951039756e+00
1.988605502661968671e+00 -3.309579846685657856e+00
2.013757043574749162e+00 -2.596543256491646190e+00
2.025843183845701390e+00 -1.857393353784694057e+00
2.030105296810738480e+00 -1.128517703466624056e+00
2.020283111182102687e+00 -3.852339975485854495e-01
2.021805129708411641e+00 3.499170662540258547e-01
2.009453261239812605e+00 1.762012748349206959e+00
2.016631236633806168e+00 2.548229872499977233e+00
1.976721811892268477e+00 3.258626705045138294e+00
2.003559156184287815e+00 3.980870537783474106e+00
2.755547979741450604e+00 -4.021288562605612071e+00
2.736651378614624264e+00 -3.324783968191230343e+00
2.717313896101757109e+00 -2.600684547306592265e+00
2.737702998340672877e+00 -1.862230001019970160e+00
2.742932131843716093e+00 -1.137154178909142388e+00
2.732326247651201356e+00 -3.845511214433052771e-01
2.721148524031960392e+00 3.067009149918540345e-01
2.735297650539628478e+00 1.066477370960544846e+00
2.730544838443499600e+00 1.791562516293666363e+00
2.764936350089534756e+00 2.545969974519270096e+00
2.715552837548202092e+00 3.218129686878135942e+00
2.737752908853941847e+00 3.971180180439688456e+00
3.485796502056629720e+00 -4.031116437524524088e+00
3.508416981721154571e+00 -3.271167050379709451e+00
3.467621189485100786e+00 -2.572763589660929995e+00
3.468895687650601189e+00 -1.874709037653975230e+00
3.466729597347864456e+00 -1.133321425607540789e+00
3.478023616934486029e+00 -4.207946194789542460e-01
3.458789619397045101e+00 3.011935935534388875e-01
3.489917743433132102e+00 1.047642743877315041e+00
3.483104543582292933e+00 1.785733100474942603e+00
3.476407144191270504e+00 2.535160287615113361e+00
3.481282767805410572e+00 3.235172597448197962e+00
3.470223980802835229e+00 3.947090597639352438e+00
4.178439382127493218e+00 -4.008294645860182470e+00
4.193599841692666530e+00 -3.296972479928946598e+00
4.201814503644136778e+00 -2.570203820408611506e+00
4.274724758609117714e+00 -1.866719396595357239e+00
4.182730628998633904e+00 -1.149748794877140767e+00
4.202743897079081137e+00 -4.040765757571946892e-01
4.169745066476359341e+00 3.569964078500724725e-01
4.210139304295168472e+00 1.032136105141514548e+00
4.221707256717358803e+00 1.765134548848177332e+00
4.232000555080972504e+00 2.511641106533932799e+00
4.238098647425559307e+00 3.229525002147283885e+00
4.938360655870667415e+00 -4.013285294249808288e+00
4.935211219258256676e+00 -3.292659376868584786e+00
4.942419775261562620e+00 -2.567780276970363929e+00
4.919046056659965416e+00 -1.127228480106598596e+00
4.929197276465487221e+00 -4.107383341785890707e-01
4.938465815826091898e+00 3.321214645745023120e-01
4.964826316385284599e+00 1.034030964293005894e+00
4.987266043893676226e+00 1.781641766028766227e+00
4.965335648880831343e+00 2.487673998986920765e+00
4.994358755964285024e+00 3.221409498217752798e+00
4.995494643869044182e+00 3.921797383254983060e+00
5.649599583295035643e+00 -4.013756263019711668e+00
5.669844063752179864e+00 -3.290124218906349540e+00
5.667537896928209307e+00 -2.564640562171518923e+00
5.686498915549876187e+00 -1.835033864201790266e+00
5.662115540581375228e+00 -1.131425155729910870e+00
5.657394386742645054e+00 -3.789340588791922926e-01
5.675317049549839510e+00 3.238034593040843845e-01
5.678607423367324714e+00 1.070811270163865458e+00
5.710129419826145636e+00 1.762829190996718864e+00
5.719177495037463643e+00 2.515078540576819677e+00
5.705632459382094623e+00 3.223448273683487741e+00
5.696528552715172111e+00 3.954145351093416139e+00
6.405431318958207498e+00 -4.027786179189078553e+00
6.393738384921626050e+00 -3.299535030109169043e+00
6.403002780384490222e+00 -2.571443179374959698e+00
6.401109742688618098e+00 -1.814338686457993788e+00
6.385623677656987240e+00 -1.102233435228573200e+00
6.436238816582452671e+00 -3.975819546235470625e-01
6.414860239974998990e+00 3.382145193937766692e-01
6.427172780237107474e+00 1.042499828339344958e+00
6.432307186280077360e+00 1.772897076442625064e+00
6.442927855810388849e+00 2.527595099223468367e+00
6.448975448726038451e+00 3.232673195251948073e+00
6.459266261113754126e+00 3.952020757437445297e+00
7.146143576400682207e+00 -4.022366720319894284e+00
7.140183921253054677e+00 -3.327520765980100492e+00
7.140086955860560636e+00 -2.570196492748916484e+00
7.141534204405736830e+00 -1.847815772990532679e+00
7.167645996485504156e+00 -3.998040938287061863e-01
7.178538676820579667e+00 3.280419107394436651e-01
7.132824714165614921e+00 1.038036375187502358e+00
7.196554288458166582e+00 1.766624076503635621e+00
7.191324684555951308e+00 3.215281679938541970e+00
7.201907127479209692e+00 3.940263032325617587e+00
7.875920039333124123e+00 -4.025134266362183411e+00
7.822017758203770654e+00 -3.307508816827287035e+00
7.872135618064667995e+00 -1.854236671889999855e+00
7.913589906158620124e+00 -1.145576581102243807e+00
7.954479969999660227e+00 -4.025358020910090318e-01
7.947394050688529887e+00 3.237139258665848729e-01
7.929148414156344415e+00 1.041199449989903769e+00
7.933746945436809028e+00 1.769267194880736582e+00
7.936082431627028200e+00 2.504324920459936266e+00
7.937434310849475594e+00 3.231776838688361408e+00
7.918695534144376325e+00 3.962248168525235315e+00
8.656688677384508424e+00 -4.035426122656119219e+00
8.647670365474134258e+00 -3.304926134178110431e+00
8.654882106882496373e+00 -2.558835173619417702e+00
8.626807660730705152e+00 -1.879523702810580232e+00
8.657679342563255886e+00 -1.160201105348882322e+00
8.682771439403552449e+00 2.920759162057748881e-01
8.688072512617544874e+00 1.048174742334342824e+00
8.681103580697190125e+00 1.753400572041662997e+00
8.663833091460062974e+00 2.501216761041373360e+00
8.649160136708132995e+00 3.211756840485151088e+00
8.647298068707542029e+00 3.957057047131662841e+00
9.401890545583185599e+00 -2.598039514533400762e+00
9.414176865757589496e+00 -1.153972130874709734e+00
9.406560600922439619e+00 -4.383958369352676243e-01
9.409205796172187775e+00 3.013921178403720091e-01
9.386721093932706594e+00 1.044878344347182519e+00
9.405264191897245496e+00 1.753297711061197361e+00
9.388336178625976913e+00 2.495867411749269849e+00
9.404586351863734706e+00 3.219665777266840223e+00
9.410595431126971278e+00 3.942761207111125543e+00
1.015708894014354513e+01 -1.884979146982448839e+00
1.015103283675713186e+01 -1.162528534807460545e+00
1.015683662427942835e+01 -4.516168959420312490e-01
1.012629354805202553e+01 2.850549201621603856e-01
1.010712182371465673e+01 1.057301703642483659e+00
1.013744715978713629e+01 1.764508435789856833e+00
1.013635182775007593e+01 2.461994355247817623e+00
1.012924226587320931e+01 3.197840179612079226e+00
1.015293235148177331e+01 3.903678285302781603e+00
1.097380972545458633e+01 -4.050581249662965178e+00
1.096356349596072732e+01 -3.332339334068969094e+00
1.096345665511375955e+01 -2.607130315723548364e+00
1.095249516606980222e+01 -1.887863384604038686e+00
1.093645084429288517e+01 -1.147758202576653730e+00
1.092113222297577124e+01 -4.281576383380496509e-01
1.087795630468819041e+01 1.046362349577314887e+00
1.087705692588907880e+01 1.738615308168654394e+00
1.088454383971780004e+01 2.475104164729810208e+00
1.088764624642285384e+01 3.222133762743474961e+00
1.091143494761620758e+01 3.909286940784483022e+00
1.171247047813390196e+01 -3.328390386455257755e+00
1.171624647511465156e+01 -2.598105549943415582e+00
1.172401031395165916e+01 -1.890754418406576320e+00
1.167929668299392176e+01 -1.157639846304380882e+00
1.164122926867021590e+01 2.815831332864142666e-01
1.161557245583521336e+01 1.016024178220074958e+00
1.161133261754309132e+01 1.737755699329859738e+00
1.161302748932157414e+01 2.468476121032814774e+00
1.162893799232679015e+01 3.168632886897043477e+00
1.164309578699386805e+01 3.925763407985442655e+00
1.245407950097339977e+01 -3.313258670750528267e+00
1.244538052710606024e+01 -2.594873688279097479e+00
1.246377731475877226e+01 -1.896844877961424203e+00
1.241525628097342349e+01 -1.140216256037504650e+00
1.241992760556901487e+01 -4.104194621988241920e-01
1.239504112828334570e+01 2.911571230804845811e-01
1.235989542308826827e+01 1.026100341769019764e+00
1.234514847630185130e+01 1.757089765246053759e+00
1.235580940671756167e+01 2.476260117444422093e+00
1.237424573996987220e+01 3.194396775142926970e+00
1.237383682924521366e+01 3.907804137791039523e+00
1.324147877424196196e+01 -4.089594593587492000e+00
1.319747722570301818e+01 -3.326925105297515728e+00
1.320314331173203470e+01 -2.605660048729227185e+00
1.318636285164735256e+01 -1.879757232914361254e+00
1.317114784237400471e+01 -1.140357740607285564e+00
1.316347197896752874e+01 -4.132144105613662077e-01
1.317242257019444907e+01 3.168293013173055783e-01
1.315002056715414369e+01 1.020569128985876262e+00
1.317319107543148959e+01 1.749419920621139823e+00
1.314595255562416298e+01 2.509686330732389337e+00
1.314701003755951803e+01 3.202069640480232238e+00
1.315320216259926411e+01 3.946055529764748826e+00
1.398687074678062459e+01 -4.048455808207410911e+00
1.399253850673355259e+01 -3.320206003123455929e+00
1.398259088707186493e+01 -2.575229869336212118e+00
1.393128382620027139e+01 -1.122103493321301215e+00
1.392284733184594359e+01 3.190929954091430432e-01
1.389105154600459002e+01 1.032355622974321818e+00
1.389517828877220751e+01 1.758737931506427543e+00
1.388106693102891853e+01 2.490374416381406775e+00
1.391645783075447440e+01 3.235842158388699374e+00
1.390524313116643640e+01 3.938985624654712581e+00
1.469997736944696953e+01 -3.322533741849170497e+00
1.473039025603549135e+01 -2.592536365979668744e+00
1.469918065831062393e+01 -1.865709924153268418e+00
1.472084440412856310e+01 -1.149012947168987608e+00
1.471405927958899440e+01 -4.092076142558518370e-01
1.467019236039163133e+01 2.862663424950717683e-01
1.468513600683601084e+01 1.043219968915909845e+00
1.463887072237923803e+01 1.761435577943093023e+00
1.462650675696235680e+01 2.520606126224453902e+00
1.464361822696577775e+01 3.237761297720389564e+00
1.465375980133568845e+01 3.946657610059922661e+00
1.547072940742474856e+01 -4.058910730622411478e+00
1.546588015624431733e+01 -3.321738612707964222e+00
1.547646058076421127e+01 -2.597064743111655361e+00
1.544849481777046663e+01 -1.875940398382319074e+00
1.541562047393759372e+01 3.346387168296161008e-01
1.539759874503389625e+01 1.049791109672582934e+00
1.540936034126512055e+01 1.780583424552943939e+00
1.539022497005024803e+01 2.506094765624435894e+00
1.542624977733309777e+01 3.227626240433394855e+00
1.542403359159310838e+01 3.953422668236349580e+00
1.625208432127416813e+01 -4.042921726429906215e+00
1.623970857655280753e+01 -3.336430811997754375e+00
1.623064877722002564e+01 -2.580941969461125751e+00
1.619578724030191097e+01 -1.134165935187592567e+00
1.618076126449806651e+01 3.524624899408905776e-01
1.617475660520995007e+01 1.024821423607772175e+00
1.614256090612578021e+01 1.779936482560614763e+00
1.616920418036539076e+01 3.244026237299109994e+00
1.615637875376368982e+01 3.957287823289306061e+00
1.699098843181346297e+01 -4.052307903994858407e+00
1.698160935344935751e+01 -3.325723456363611774e+00
1.700400043460575006e+01 -2.597190029142378620e+00
1.699054756224444418e+01 -1.881701794120054672e+00
1.693420306126622421e+01 -1.148605447500127497e+00
1.697431847916249836e+01 -4.217828156901397563e-01
1.692591388447016243e+01 3.411587078891855640e-01
1.689802282040693626e+01 1.773024469815634774e+00
1.690774536771672842e+01 2.507853949248342929e+00
1.688373174490033790e+01 3.248510726704303408e+00
1.691084640657143012e+01 3.948216778784519931e+00
1.772209775531404574e+01 -4.057930616531482571e+00
1.772846689923054697e+01 -3.331991723645643333e+00
1.772379082897320757e+01 -2.641046306467508487e+00
1.772609795952794798e+01 -1.879945010176836462e+00
1.769362145017971244e+01 -1.163697054908361395e+00
1.769057639865026488e+01 -4.348743690308900511e-01
1.768962431806274083e+01 3.068032511890130820e-01
1.766614893716772627e+01 1.797862071863672639e+00
1.765352675566205676e+01 2.515954881670428023e+00
1.764344215998931986e+01 3.225370459174406790e+00
1.764909433298360852e+01 3.956464103723718040e+00
1.845948343609362041e+01 -4.042267429603192852e+00
1.844108530597932827e+01 -3.323808108074018719e+00
1.843491057593779914e+01 -2.610175376231307354e+00
1.843272657832843464e+01 -1.849187702271056111e+00
1.843723481726404145e+01 -1.151876677958522777e+00
1.842487985136293815e+01 -4.395196005338881662e-01
1.843234462058255474e+01 3.583073792021522763e-01
1.838321883950982993e+01 1.047037817423944972e+00
1.838258654604312170e+01 1.716703982725093169e+00
1.839722612927823064e+01 2.532581178572115732e+00
1.839497846789184621e+01 3.229230242725421363e+00
1.840876806581687930e+01 3.967730325674146741e+00
1.918401864510352794e+01 -4.034876535694792210e+00
1.917025432195003987e+01 -3.330913213876577572e+00
1.916761871738552259e+01 -2.585421277346689806e+00
1.915054872791629492e+01 -1.873129568885087082e+00
1.912878488935736243e+01 -1.154051136248359199e+00
1.915629700176701533e+01 -4.146351398483574258e-01
1.913277061247715949e+01 3.099238199251885817e-01
1.914674513203951278e+01 1.060598435766777925e+00
1.913112686377186833e+01 1.797611118476712733e+00
1.912178713693255361e+01 2.520084971938604923e+00
1.912961659781605306e+01 3.263529484015656124e+00
1.911290443091956348e+01 3.970786531323284407e+00
1.989661067721187493e+01 -4.067690534208342257e+00
1.989992148681516682e+01 -3.321207666336455588e+00
1.987820848477371527e+01 -2.593023646476172672e+00
1.988979593873516905e+01 -1.873944156520852999e+00
1.988605996283460797e+01 -1.130366310381184292e+00
1.989885729547356874e+01 -4.080487834165360539e-01
1.986863006146713673e+01 3.375853197627982638e-01
1.989349986078504884e+01 1.045413490956136116e+00
1.984519846488544914e+01 1.777677352524392518e+00
1.987229904469805319e+01 2.503864269092741068e+00
1.985408018716078971e+01 3.248193952966182962e+00
1.986987169994024782e+01 4.004520953723272214e+00
2.064325901064180613e+01 -4.026615166844361937e+00
2.061748517905851941e+01 -3.312874148211033543e+00
2.062660297669404486e+01 -2.580229043862406257e+00
2.062212898295931041e+01 -1.857144894544237701e+00
2.061429015112452134e+01 -1.135952976957508298e+00
2.060419307388760046e+01 -4.093622082883783264e-01
2.061111073384366676e+01 3.239738239131852993e-01
2.060461271489720758e+01 1.047108471491370096e+00
2.060827329600180491e+01 1.779464352073642175e+00
2.062757117810911467e+01 2.505230162096776070e+00
2.060165888384729271e+01 3.240556212082076115e+00
2.062359925191106669e+01 3.978019742307147055e+00
2.140669137239803632e+01 -4.036369088984944398e+00
2.140109965906127343e+01 -3.305347884906385758e+00
2.136177337861836634e+01 -2.604081398124428404e+00
2.137051142161367778e+01 -1.842367477757793637e+00
2.136480159044419480e+01 -1.115088503548740562e+00
2.136525224042532045e+01 3.240468440161237140e-01
2.137735863770576827e+01 1.080252182554907847e+00
2.136471848754376168e+01 1.782199455396924037e+00
2.134586284396112887e+01 2.534135011998941422e+00
2.132329405414072454e+01 3.247289569436304646e+00
2.137182667451863693e+01 3.968904919246838858e+00
2.213957737572294349e+01 -4.049010370480075949e+00
2.212057765171723389e+01 -3.320625251336615236e+00
2.211071748194400044e+01 -2.565002336992733944e+00
2.214593871832708771e+01 -1.853875295148512237e+00
2.213755307689532970e+01 -1.117771789803548188e+00
2.212463093919553359e+01 -4.034648072366699978e-01
2.211687690944236806e+01 3.324526889951648911e-01
2.214216095626539982e+01 1.064804119078910816e+00
2.209454697812351043e+01 1.790017274529109415e+00
2.210985490972565515e+01 2.532333307398669575e+00
2.212785703212390587e+01 3.227822040784275259e+00
2.212399187946653001e+01 3.965744766852900227e+00
2.295638213246451897e+01 -3.986267210130360894e+00
2.293180360167047382e+01 -3.304787317314481498e+00
2.294568520359901243e+01 -2.552626512086540345e+00
2.295623189631317729e+01 -1.846232678131318750e+00
2.289123650815527355e+01 -3.778472267925359063e-01
2.289154345106274491e+01 3.419867437339334515e-01
2.288322503372972250e+01 1.072696996274984826e+00
2.286947854464688135e+01 1.796317900514591059e+00
2.286871758621934703e+01 2.519897046037620214e+00
2.287894109306254364e+01 3.228315730074868384e+00
2.287312257961651341e+01 3.988484344104300305e+00
2.368322183571594763e+01 -4.043814938512216628e+00
2.368841262979044870e+01 -3.303915948672454306e+00
2.368395631560810699e+01 -2.581857297335606205e+00
2.369744298607358246e+01 -1.833398630933690043e+00
2.367962446528834164e+01 -1.110830731294601748e+00
2.367030993076416223e+01 -3.977239328574171395e-01
2.367184410994956778e+01 3.308590617047535432e-01
2.364483224118736615e+01 1.070950506059837437e+00
2.363456983813493650e+01 2.542991983590539462e+00
2.362528303987151901e+01 3.239572190278721564e+00
2.361027147793050318e+01 3.971295099055268452e+00
2.442631124963829592e+01 -4.029633928485289118e+00
2.441883363552452835e+01 -3.306422312941705854e+00
2.442864196992862702e+01 -2.574923176578295170e+00
2.441632877512410715e+01 -1.840721906837053723e+00
2.442004788236042145e+01 -1.118190400291595665e+00
2.440061497804810386e+01 -3.991519038234159211e-01
2.440028240319909969e+01 3.310614258400299548e-01
2.439144447840565988e+01 1.062806908383574722e+00
2.439069140733668917e+01 1.800222400734355688e+00
2.438828279963698265e+01 2.521174982358076022e+00
2.434869102996272261e+01 3.258049060556857057e+00
2.438312779556730447e+01 3.958304009485445363e+00
2.515518072531001081e+01 -4.029347161458634474e+00
2.515106194283747953e+01 -3.304406635810249071e+00
2.514437919343093597e+01 -2.572441066528771358e+00
2.515771679884340273e+01 -1.850263254567948934e+00
2.514071776624088983e+01 -1.113289283105022065e+00
2.512923430193466601e+01 -3.849697543892283136e-01
2.516882882178511238e+01 3.099850692219980886e-01
2.513226554889234876e+01 1.065703179241484833e+00
2.511296219767405091e+01 1.787377929825307632e+00
2.512556321959537797e+01 2.524021039054922255e+00
2.509223506690100436e+01 3.252243683128163809e+00
2.514018305863483960e+01 3.966330775711440992e+00
2.589389083596220331e+01 -4.018730685345683895e+00
2.588244225878671756e+01 -2.580535866159461733e+00
2.585050179039465235e+01 -1.859634299747295216e+00
2.588507483823195798e+01 -1.121360176366870576e+00
2.587050021207045347e+01 -4.037723456640271991e-01
2.587962959874897706e+01 3.231386193085974412e-01
2.587701761217604712e+01 1.052867024545662389e+00
2.587522799226376691e+01 1.791270752771055186e+00
2.586478394594900720e+01 2.510704644619679016e+00
2.585877284773042817e+01 3.245440733138103440e+00
2.586389103612138740e+01 3.966576823701792875e+00
2.662606086268697680e+01 -4.017893430537920807e+00
2.657623874577286216e+01 -3.292010602764307237e+00
2.664767337424310512e+01 -2.574796530653458149e+00
2.661127367857482540e+01 -1.847132274828716447e+00
2.661492053216995401e+01 -1.136574784846324349e+00
2.661361907510038094e+01 -3.994564436417604725e-01
2.659991582992051917e+01 3.263981615008759718e-01
2.659906105087890893e+01 1.048668084600944184e+00
2.659405862373515106e+01 1.778934614954653881e+00
2.661463936297901256e+01 2.498131897990553796e+00
2.660907130068266468e+01 3.241568034472820159e+00
2.662160602921805008e+01 3.973458711268357035e+00
2.735274449525542906e+01 -4.012932927069673639e+00
2.735486541496636903e+01 -3.319214769022011069e+00
2.734533081619288453e+01 -2.584009627744553228e+00
2.734797164434416317e+01 -1.853515881857934033e+00
2.733870614885988459e+01 -1.126193593337983856e+00
2.733212020019247035e+01 -3.857937810315519300e-01
2.734144896756122023e+01 3.293278928864431521e-01
2.731480875198893443e+01 1.058302526122400167e+00
2.735272759217747307e+01 1.798306484436135833e+00
2.736176406743044254e+01 2.530782857811839648e+00
2.735550682520111110e+01 3.237353554529143196e+00
2.734387555102743761e+01 3.971964496959088819e+00
2.810162907147132927e+01 -4.032533339383171267e+00
2.806438987758953374e+01 -3.340673911254913975e+00
2.810609881466852045e+01 -2.583994976132963473e+00
2.808484113353559053e+01 -1.856462526250385991e+00
2.809017585056474076e+01 -1.125829349399584345e+00
2.807177925160696219e+01 -4.214131847176254553e-01
2.808450286934594686e+01 3.326553970252597026e-01
2.808158268635664001e+01 1.032530881430350433e+00
2.806514951855530171e+01 1.806206799758751202e+00
2.808365347015737257e+01 2.512968019713596846e+00
2.809952123547182623e+01 3.241511576316106868e+00
2.808216389773625821e+01 3.973118922209152970e+00
2.882873356070627580e+01 -4.051735385508077769e+00
2.882144856237282937e+01 -3.304831462631049988e+00
2.882738240193295809e+01 -2.571553520891299627e+00
2.884025457930587066e+01 -1.867213558085644820e+00
2.882604915362377795e+01 -1.116863498750642947e+00
2.883900340040398902e+01 -3.980458448506070113e-01
2.883650768733055969e+01 3.226948720852114150e-01
2.883342051641044890e+01 1.043701075885518748e+00
2.884226831025284099e+01 1.772871085737044439e+00
2.881315674182948072e+01 2.512283219686160862e+00
2.880887850107375669e+01 3.247844487882289854e+00
2.883273032778699729e+01 3.971864105408215551e+00
2.959467802906751643e+01 -4.036450979425943331e+00
2.957097957015951550e+01 -3.318121422044807645e+00
2.956579989029726363e+01 -2.564241785540989582e+00
2.956499372235985135e+01 -1.868661876142880374e+00
2.954675228317895375e+01 -1.137657199887925685e+00
2.954440991944806427e+01 -4.103315977805763737e-01
2.954620859674250966e+01 3.195202918090949140e-01
2.955688988969259157e+01 1.045320569881948103e+00
2.955561588222052904e+01 1.753875013858273491e+00
2.957170113962217073e+01 2.501206995704901459e+00
2.957819397706423814e+01 3.216244659501391823e+00
2.957656075250211103e+01 3.969575135256434351e+00
3.032168614352587355e+01 -4.040988333387151243e+00
3.033744831085727611e+01 -3.323213946438688282e+00
3.032273913007146149e+01 -2.594859024222852639e+00
3.031707182241050447e+01 -1.864427489931770765e+00
3.031791321772067960e+01 -1.132577705785994482e+00
3.029700202367934736e+01 -4.142109246481560092e-01
3.031192493724375225e+01 3.075045911332203730e-01
3.029762573757258082e+01 1.060184758390047222e+00
3.029808614987047832e+01 1.778995023405741449e+00
3.030148423853852790e+01 2.494598591824413347e+00
3.030676877665775493e+01 3.217983751954498928e+00
3.030662253234263659e+01 3.947415403560675884e+00
3.105080479906063573e+01 -4.033230839773995768e+00
3.105343758616209726e+01 -1.854495102030416120e+00
3.104934784991039720e+01 -1.144676627294387572e+00
3.104711414503855593e+01 -4.043674497762381748e-01
3.105638677438438577e+01 3.223242028145136828e-01
3.103675176103491395e+01 1.031905429524304196e+00
3.103651371885640486e+01 1.770614443942516658e+00
3.104295237637310123e+01 2.503345322237148451e+00
3.104068052183836102e+01 3.225562559259181228e+00
3.102995357160535406e+01 3.945540858368900672e+00
3.180953877815880304e+01 -4.045309620506309045e+00
3.179923379088285884e+01 -3.302633841031720863e+00
3.179067465155518590e+01 -2.590564131293842109e+00
3.180680103598604802e+01 -1.865948186147956989e+00
3.178528333242206116e+01 -1.138911755558027039e+00
3.177804423876496998e+01 -4.231004337135466642e-01
3.178351765858463551e+01 3.158899969338051505e-01
3.178470151522554232e+01 1.045046355335344401e+00
3.178963490166005812e+01 1.778754132343927097e+00
3.179365941678050689e+01 2.506587909910731327e+00
3.177490135507037650e+01 3.246572476994998624e+00
3.177569319116607716e+01 3.962810722400519126e+00
3.255380288495181418e+01 -4.042612222537183442e+00
3.254366591099259409e+01 -3.317104052781754575e+00
3.251594167010926384e+01 -2.581828342957823708e+00
3.253151903859907890e+01 -1.874007593870025801e+00
3.251270144526097994e+01 -1.121860596736912186e+00
3.252838726844729678e+01 3.139197107972933054e-01
3.252670665501140235e+01 1.031505320498098399e+00
3.250473312988842878e+01 1.780135493409844116e+00
3.251491298769813199e+01 2.506320127623695271e+00
3.249606228412391573e+01 3.220478017662415482e+00
3.254147021812078577e+01 3.944183757356441333e+00
3.326559883798523032e+01 -4.043389367624556030e+00
3.326832575763904032e+01 -3.316278904737657740e+00
3.327444332682650696e+01 -2.571894456077213675e+00
3.326301734836287238e+01 -1.856719773625862047e+00
3.326474221518403596e+01 -1.129515592648456135e+00
3.325154116334348231e+01 3.098489071475682977e-01
3.323278157214367212e+01 1.050330119413171559e+00
3.328202092113179589e+01 1.765236632343668788e+00
3.326558517825967698e+01 2.498644801299693796e+00
3.325430384742950451e+01 3.236914210991187701e+00
3.326717200151522746e+01 3.955131320619173607e+00
3.400125743657041966e+01 -4.033453778831557202e+00
3.399771618482099456e+01 -3.310009846326355643e+00
3.401381771193062065e+01 -2.588704543299403582e+00
3.398718041051237293e+01 -1.865696760956954137e+00
3.399071798186749760e+01 -1.125127112661914452e+00
3.400259821924314707e+01 -4.063778156231130367e-01
3.398339013545898268e+01 3.173655716868815091e-01
3.399174278764296986e+01 1.048255153870417899e+00
3.399016854282908895e+01 1.767031932189453869e+00
3.397301005703354093e+01 2.515547000256194821e+00
3.400427917804230304e+01 3.235880173714129171e+00
3.397799012741537439e+01 3.978370474909191046e+00
3.474565733928647404e+01 -4.020392582914890767e+00
3.473779397793291679e+01 -3.300910725094375664e+00
3.473253542745539590e+01 -2.575530721702552484e+00
3.472099913249366665e+01 -1.860945310948753928e+00
3.473509535812814164e+01 -1.133665665608937445e+00
3.472544213485789300e+01 -4.108998837110355851e-01
3.472542846617141521e+01 3.173564618477264787e-01
3.472341990641888998e+01 1.062664796022993130e+00
3.472971395313758336e+01 1.791517098078625025e+00
3.474598853878304539e+01 2.504526720366019532e+00
3.474775963101972565e+01 3.239242617580323724e+00
3.471373096956593685e+01 3.974922325771572673e+00
3.547085547252259374e+01 -4.029901916821216901e+00
3.542580322157051143e+01 -3.323691715448120476e+00
3.546147806396815128e+01 -2.571321076578232834e+00
3.545920214832973016e+01 -1.852982045164218050e+00
3.547175608597471097e+01 -1.150039108975953184e+00
3.547517442438586244e+01 -4.216043233419526359e-01
3.544693056151529476e+01 3.314186306084998535e-01
3.545707759328360709e+01 1.039405342028807411e+00
3.544254376212750657e+01 1.793108454802677443e+00
3.543567491947289483e+01 2.497792494493364046e+00
3.547107458506972222e+01 3.238553815422065441e+00
3.544876786919417810e+01 3.964615308151245188e+00
3.620659293273296697e+01 -4.007483998928908164e+00
3.619993078821840271e+01 -3.282106655291183728e+00
3.620310663734833412e+01 -2.569889119634169106e+00
3.619631605913729544e+01 -1.854201414727750574e+00
3.619938031358524455e+01 -1.126258801519540498e+00
3.618580192337066848e+01 -3.975690282327128955e-01
3.620469400403366222e+01 3.442218172294921885e-01
3.620355426307728663e+01 1.085933501918074029e+00
3.620869690132320073e+01 2.509762059732352668e+00
3.619449837166164485e+01 3.249645009041941535e+00
3.620807173915650168e+01 3.996531656744544136e+00
3.690765226538243127e+01 -4.056222559565199504e+00
3.691528989232777036e+01 -3.292994443531615190e+00
3.692333150451370472e+01 -2.634109747928260248e+00
3.692940607788111862e+01 -1.848157583536327309e+00
3.692420557738670794e+01 -1.118721976696630094e+00
3.691943867968132764e+01 -3.938167486072607915e-01
3.695714695460166155e+01 3.404838304607551436e-01
3.693221134851703624e+01 1.051814572550778593e+00
3.692832285610679577e+01 1.831405167739760032e+00
3.692825241685682869e+01 2.529095642911848074e+00
3.696364132496487542e+01 3.286671917830325640e+00
3.697258801569152098e+01 3.972855823392222874e+00
3.769346003381645716e+01 -4.021674832641814135e+00
3.766050324650965564e+01 -3.294520264267124077e+00
3.766092283636685778e+01 -2.563926096130941801e+00
3.765017508088076426e+01 -1.113928120526416876e+00
3.765230601926155174e+01 -3.819610171217355798e-01
3.763580877658886692e+01 3.810942943220005930e-01
3.766147153276632054e+01 1.093708835591399975e+00
3.767649906740478372e+01 1.776478476732620493e+00
3.769612272150151711e+01 2.532953742442476397e+00
3.766205260831855384e+01 3.257971803417738954e+00
3.767720057272421030e+01 3.980497058862560777e+00
3.841201091277579138e+01 -4.004118050943663576e+00
3.841895541326982055e+01 -3.272677312120375603e+00
3.840599869587955340e+01 -2.565910956051268954e+00
3.839399599049925627e+01 -1.844398099015332804e+00
3.840986432901417658e+01 -1.110309720910493070e+00
3.838604475738909372e+01 -3.743974058251247072e-01
3.842539649515399702e+01 3.790155412189548656e-01
3.843001789602332252e+01 1.078545649349543112e+00
3.844088121539369496e+01 1.795064328862856939e+00
3.841646028024499770e+01 2.546082965785728902e+00
3.922604808561273870e+01 -3.978649724911299757e+00
3.919554488672329029e+01 -3.249304697770181605e+00
3.918154985805636414e+01 -2.570930710893524207e+00
3.919027200020448021e+01 -1.805852909276879359e+00
3.923957113241281291e+01 -1.004331004533426608e+00
3.917069007749957876e+01 -3.189871839269500242e-01
3.918578985481598664e+01 2.582799832897688219e+00
3.911239572065752412e+01 3.126159618943809448e+00
3.992183278445877903e+01 -3.308925573424499333e+00
3.990376175985705487e+01 -2.584218479715914896e+00
3.990180203647745572e+01 -1.799131142542080397e+00
3.999208919911497873e+01 1.089472095739875357e+00
3.999924954110800712e+01 1.842941394125620747e+00
4.000202466629156817e+01 2.604313156917804406e+00
4.000804804068106790e+01 3.308372979950007675e+00
4.000220034419137249e+01 4.012495887648988457e+00
4.073878219986051619e+01 -3.998334099833304123e+00
4.072323596634458198e+01 -3.252993139039926263e+00
4.071805041425849225e+01 -2.518510158847167446e+00
4.071363933281016756e+01 -1.796770394633654178e+00
4.072083586242204234e+01 -1.068805338030255569e+00
4.073273301109606592e+01 -3.407458382129888719e-01
4.075342502806555700e+01 1.110376189130555247e+00
4.073259915245797202e+01 1.835853445500124081e+00
4.072385318464232995e+01 2.563832826613559490e+00
4.070674879592849749e+01 3.322548375253049358e+00
4.071576422438189269e+01 3.998334099833307675e+00
