-4.549201338264694527e+00 -4.175024528760818754e+00
-4.536142254137509155e+00 -2.685978815920304186e+00
-4.548224429992437479e+00 -1.992044983475235398e+00
-4.545793607606796627e+00 -1.274695716634639098e+00
-4.585728258071334551e+00 -5.241669640811537079e-01
-4.549624859233610152e+00 2.457497235814543046e-01
-4.545832718560703256e+00 9.479811054456099839e-01
-4.552848798540139796e+00 1.684019817954968801e+00
-4.530638614891316251e+00 2.381367958030089937e+00
-4.552429654932986125e+00 3.049619719978927890e+00
-4.532425476889969218e+00 3.708121802033254255e+00
-3.606737020732012411e+00 -4.150753179042840912e+00
-3.658745074924624419e+00 -3.449862550451474164e+00
-3.667951654053389632e+00 -2.685498642213591580e+00
-3.725722750586463405e+00 -1.956421071238015230e+00
-3.690666391153875736e+00 -1.236506426812773896e+00
-3.697275736812009939e+00 -5.323802015036491753e-01
-3.675817069170058460e+00 9.862339575215379739e-01
-3.735687371931078360e+00 1.683665443018810493e+00
-3.746322340626221603e+00 2.391397802376840076e+00
-3.767924075463511713e+00 3.183211641850689944e+00
-2.927511339409761604e+00 -3.420575378548821988e+00
-2.964316220834682269e+00 -2.685881433961373688e+00
-2.942920342375209941e+00 -1.973434722393271556e+00
-2.955342256238331800e+00 -1.233535681706356968e+00
-2.959631691232665673e+00 -5.165483577923879466e-01
-2.934505820689679467e+00 9.685220048597500409e-01
-2.966709586622322092e+00 1.683004275515283865e+00
-3.008758226697572979e+00 2.434587707568567794e+00
-2.998996730030597746e+00 3.199022318332929160e+00
-3.011664202189280104e+00 3.922537359640521970e+00
-2.192883623113921487e+00 -4.125754992545498823e+00
-2.201999108412167061e+00 -3.415601116231730572e+00
-2.194569736732127296e+00 -2.682114115806960797e+00
-2.203480190070600031e+00 -1.942111793727967495e+00
-2.241901214101552853e+00 -1.246752553978055289e+00
-2.202867489060956530e+00 -5.301239272882263265e-01
-2.210719656577111891e+00 9.160459544123682463e-01
-2.232870449671715107e+00 1.716413603488273765e+00
-2.230415996666344824e+00 2.471579407217515012e+00
-2.230427871037228726e+00 3.178398668846710962e+00
-2.223619182620346635e+00 3.909286714568224852e+00
-1.442856432301880432e+00 -4.087323127156523128e+00
-1.400932724360338000e+00 -3.363102579325531138e+00
-1.454936953363791474e+00 -2.673502672948323777e+00
-1.461833308851957725e+00 -1.957965980844583953e+00
-1.451959461298493181e+00 -1.226757770452980623e+00
-1.454366143503676767e+00 -4.919653920083995047e-01
-1.460069230749681424e+00 2.399677207920980493e-01
-1.482486434988842916e+00 1.668554867012492338e+00
-1.471507536773444258e+00 2.472630602119082255e+00
-1.521700821371332779e+00 3.189960566025433764e+00
-1.507451264891976450e+00 3.944360253574075159e+00
-6.893703521372671617e-01 -4.076244605678407851e+00
-7.168636115972617517e-01 -3.410948966346158073e+00
-7.385998371434610021e-01 -2.689621285039098808e+00
-7.113009356577535414e-01 -1.940181668561660189e+00
-7.148128698686164739e-01 -1.243875944651996690e+00
-7.391993629683071276e-01 -5.091300500924376138e-01
-7.904622380784545044e-01 2.004959244891466597e-01
-7.197154343714515790e-01 9.492655162887579934e-01
-7.271676035382341752e-01 1.702345501680451179e+00
-7.113555371377771053e-01 2.476246359673943687e+00
-7.849681505237811052e-01 3.139057979976705326e+00
-7.318929051965810118e-01 3.899075032437657740e+00
4.442997412394333878e-02 -4.087627777156821907e+00
1.040288898538932472e-01 -3.310527438707161707e+00
1.799907120535948479e-02 -2.633974632890463852e+00
2.018422890496651689e-02 -1.958973970627695849e+00
2.272139056537270108e-02 -1.229746132404038406e+00
1.300809365865518430e-02 -5.527545874827701766e-01
9.895456561352489189e-03 1.773560390515704910e-01
4.007613796453313171e-02 9.276963134439561998e-01
6.321074643625479439e-02 1.669026930102386785e+00
2.176056056853070686e-02 2.481573173635677421e+00
1.978713203259019338e-02 3.153208909919896996e+00
1.972347020149811669e-03 3.865852658151162302e+00
7.562174036804165667e-01 -4.066210861213622962e+00
7.642636705866010516e-01 -3.348616589940277777e+00
7.674284069829937494e-01 -2.628603493905099953e+00
8.308305051776585515e-01 -1.929840789687002456e+00
7.406902808085860102e-01 -1.259816334137941141e+00
7.655392822008835196e-01 -5.233307608164032843e-01
5.737941375315145365e-01 2.594180622765698274e-01
7.896659721839682788e-01 8.996158444553259415e-01
7.886523493340575897e-01 1.660127589033269402e+00
8.123559653679564008e-01 2.398998041674850867e+00
8.458855042719051198e-01 3.127485858563240129e+00
1.510371211799530045e+00 -4.061498099921664107e+00
1.514988110035275781e+00 -3.350190908248062982e+00
1.517445372895132039e+00 -2.624195720967762213e+00
1.491670772910801190e+00 -1.221758564957749371e+00
1.498477978209045602e+00 -5.199703506586139667e-01
1.517187485468788566e+00 2.190139358929279467e-01
1.543347076788016636e+00 9.178758719918356235e-01
1.596330159168722673e+00 1.670730856866310177e+00
1.563718928582282786e+00 2.377798814621048251e+00
1.590478823281046061e+00 3.082864629369723275e+00
1.650168959043853079e+00 3.761457248025074307e+00
2.234006631147281041e+00 -4.071570903292872856e+00
2.265522786120740761e+00 -3.344608903336435901e+00
2.245110208634194748e+00 -2.620789265727168527e+00
2.269921175168136074e+00 -1.903206955975079495e+00
2.248380415387295272e+00 -1.225226877758316846e+00
2.246952307294002082e+00 -4.860688029413893219e-01
2.278328501696655906e+00 2.047007561504656792e-01
2.303331116089857744e+00 9.999594547315737714e-01
2.335362015508614775e+00 1.650215917398060839e+00
2.362956110857176384e+00 2.400166864203740147e+00
2.334836124231792098e+00 3.089300226780949288e+00
2.338637289863228830e+00 3.827675161547496430e+00
3.017237242447869505e+00 -4.073980503233403994e+00
3.000326179624430267e+00 -3.367365950196589353e+00
3.012411493056497136e+00 -2.631700980046900895e+00
3.005905927262006117e+00 -1.875689465455369742e+00
2.980481115409837400e+00 -1.172958938582127075e+00
3.065416201702262811e+00 -4.962714972690669413e-01
3.028672447667069889e+00 2.289824576853938254e-01
3.054391963193630488e+00 9.003444466709922267e-01
3.052489966852682812e+00 1.661002900237338764e+00
3.087792443515091634e+00 2.410472659721001776e+00
3.111477649327220263e+00 3.109671962512848609e+00
3.117486187033357226e+00 3.822058688697353546e+00
3.775076721426529502e+00 -4.085968386348831416e+00
3.763797507869689696e+00 -3.406425362460627326e+00
3.763815021596215615e+00 -2.632428289299120650e+00
3.757032394800567943e+00 -1.912168573601945809e+00
3.874021514533950494e+00 -4.737547097613656888e-01
3.828858185738077680e+00 2.343446613005539803e-01
3.786827071500759700e+00 9.142502629861581909e-01
3.839090466823584791e+00 1.648538382739747732e+00
3.851554847079199817e+00 3.104180160531058164e+00
3.891116763496228259e+00 3.813161108282173473e+00
4.504542699641632453e+00 -4.088733218053995699e+00
4.497595431435328805e+00 -3.377123452524408265e+00
4.515851922037633415e+00 -1.922146332855046325e+00
4.574582638148875446e+00 -1.227923574807270768e+00
4.621671144469999604e+00 -4.960190724283286556e-01
4.651965985579586516e+00 2.309664829343596182e-01
4.597133394276369245e+00 9.564592316312463538e-01
4.575868670966812601e+00 1.631621067037176687e+00
4.600640016552723921e+00 2.372198320366123880e+00
4.614339543499163199e+00 3.103683907359751970e+00
4.618503967516936370e+00 3.842269155478163611e+00
5.362170403597460222e+00 -4.055898090257876731e+00
5.333986353108947753e+00 -3.380215128256395474e+00
5.362907274635304589e+00 -2.573067415355829723e+00
5.293502920458202254e+00 -1.975965964844185407e+00
5.356906928374939980e+00 -1.271775127168890407e+00
5.385284839662702439e+00 1.697215999953201049e-01
5.398487347047037588e+00 9.192418438636664746e-01
5.357951921456134414e+00 1.622548589926516627e+00
5.342060575350650709e+00 2.361089918589382108e+00
5.335517627714139621e+00 3.077889199081575100e+00
5.337013580506265953e+00 3.825296273169200845e+00
6.140490299444692823e+00 -2.695666367836096811e+00
6.176554819079335346e+00 -1.289367404028972430e+00
6.161403490475230171e+00 -5.695364556834441316e-01
6.111971613511016699e+00 1.692461333559442949e-01
6.096174122720071864e+00 9.041429686121382758e-01
6.116310727392665569e+00 1.616682896700368133e+00
6.106349940655206865e+00 2.354134630486274915e+00
6.096052638952116354e+00 3.074058961505365062e+00
6.135251254434777479e+00 3.775441864341075870e+00
6.951138426207521093e+00 -2.014301037942718864e+00
6.907700147120472423e+00 -1.305774201686109137e+00
6.911231400437785055e+00 -6.092833638288226439e-01
6.864060743939788267e+00 1.240019754070367242e-01
6.850816534095827137e+00 9.172005538426226678e-01
6.858409659208746234e+00 1.624736363033321140e+00
6.880753011263003316e+00 2.281881976351620267e+00
6.864754236594762915e+00 3.022184556058284954e+00
6.947549721765753361e+00 3.723996972867979594e+00
7.853911217372065323e+00 -4.134181789334181900e+00
7.856287843375547197e+00 -3.417384551223321409e+00
7.830955708341754473e+00 -2.707713971660080432e+00
7.799325560024868764e+00 -2.025384010825181491e+00
7.762659962800746882e+00 -1.294677345317261086e+00
7.729379764234501238e+00 -5.880030542634351320e-01
7.634949646172188409e+00 8.736203978293524131e-01
7.606467422885479834e+00 1.545706621290953819e+00
7.641663966527119101e+00 2.302857496875400756e+00
7.665858121313078755e+00 3.048907097835417801e+00
7.704066240720031544e+00 3.707342174723379458e+00
8.626778803680004160e+00 -3.451458265250987978e+00
8.633262465532965280e+00 -2.719721953948184279e+00
8.628661043159503663e+00 -2.027371819543368758e+00
8.571811627097829955e+00 -1.328602898208842475e+00
8.459457311179271244e+00 9.478848279019658207e-02
8.395193387976775057e+00 8.338573617212787781e-01
8.399697839888084161e+00 1.549968894273678899e+00
8.408070748011638784e+00 2.278202035958553751e+00
8.450668819278448041e+00 2.951826635887904615e+00
8.486409080979115060e+00 3.732778086276461238e+00
9.446455920873304990e+00 -3.458339143690697171e+00
9.426882058593442082e+00 -2.727340911145240909e+00
9.450724356615097577e+00 -2.082586466738344910e+00
9.361264488239363857e+00 -1.292524602534303568e+00
9.353046716479738620e+00 -5.688037288303107175e-01
9.253080465713033220e+00 1.081612741674788936e-01
9.183050570997906448e+00 8.169210257825731958e-01
9.147948665385605693e+00 1.546216247679254252e+00
9.185181619421001642e+00 2.262194458904868810e+00
9.236750120692320820e+00 2.985471858286196323e+00
9.242343934808921802e+00 3.678703886489131492e+00
1.034749235380231625e+01 -4.241768050879390017e+00
1.030509244451551609e+01 -3.498513085185489757e+00
1.030690812243722831e+01 -2.799245567189583284e+00
1.020194734976114859e+01 -2.079592029396163610e+00
1.019401217550032612e+01 -1.319615620157332359e+00
1.014405679261372484e+01 -6.275839332864663334e-01
1.010578679784578782e+01 1.412771101373806459e-01
1.009728201563382299e+01 7.712226920092390969e-01
1.014681250380010624e+01 1.518050700334949710e+00
1.008092011173904012e+01 2.291349750639952276e+00
1.006203515085206135e+01 2.969622249233687228e+00
1.008833460546139804e+01 3.691262394167104333e+00
1.126249070161534860e+01 -4.193780851388552833e+00
1.125682221537105931e+01 -3.485321269035569713e+00
1.123407746864877765e+01 -2.732462328648409766e+00
1.116201996256000939e+01 -1.313170821459497262e+00
1.109796018595068290e+01 7.283529446590364387e-02
1.086233607610326146e+01 8.121394229479292903e-01
1.085540043926862808e+01 1.535289457936716673e+00
1.083768647136692209e+01 2.260190843219930912e+00
1.087344029954567048e+01 2.988687518405683363e+00
1.088833456721908988e+01 3.678040928177871649e+00
1.197119890255433461e+01 -3.484873675381304992e+00
1.246406912136730227e+01 -2.665654227890140504e+00
1.199962767030792321e+01 -2.093104637821301850e+00
1.199438437454283957e+01 -1.355175209935602254e+00
1.192762099282693811e+01 -6.223689962484506566e-01
1.187686682165208651e+01 1.079817469164154886e-01
1.177552052965434370e+01 7.952135018667938482e-01
1.164256968122021618e+01 1.526094489535324783e+00
1.159690895848648040e+01 2.296988348744040564e+00
1.162732836729924202e+01 2.979480761116590770e+00
1.169859930611593057e+01 3.672796257396313990e+00
1.292163597208764259e+01 -4.242829229725018081e+00
1.289461913652649372e+01 -3.511745273890390706e+00
1.288487348129407906e+01 -2.766286584209108668e+00
1.276287492371156418e+01 -2.130202734021001021e+00
1.260508474648752753e+01 1.412003418400438193e-01
1.255813636891912211e+01 8.213186522563482583e-01
1.246577558889718063e+01 1.517488161325825757e+00
1.247912556615982993e+01 2.215300980271415199e+00
1.257081163104909649e+01 2.937518015657310855e+00
1.261127789958229073e+01 3.662915024962330790e+00
1.386775109163293962e+01 -4.273216996943737911e+00
1.377187395503201373e+01 -3.502969822113151110e+00
1.373702388917448047e+01 -2.767882144591499838e+00
1.359031535018420556e+01 -1.348352527474563800e+00
1.353905028087208251e+01 1.156926600261130034e-01
1.349715524677831269e+01 7.955299202306740369e-01
1.330654844797053471e+01 1.544519010420245309e+00
1.334014819261535933e+01 2.969016572177565649e+00
1.334227962083004115e+01 3.674117019331291090e+00
1.461730199161254262e+01 -4.269590766173926966e+00
1.461207659716136220e+01 -3.558710702428349748e+00
1.464152634482766757e+01 -2.837405581878698513e+00
1.462766895535222034e+01 -2.144009931757263843e+00
1.449038193016158260e+01 -1.381148823642810441e+00
1.457918899010216762e+01 -6.587810283607247186e-01
1.430071932462676187e+01 1.292865857252003536e-01
1.418575253930306701e+01 1.551477266814590195e+00
1.418746464393703377e+01 2.264806451267247667e+00
1.410344387197728366e+01 2.989973557608763599e+00
1.417002491294282862e+01 3.648784493097977588e+00
1.537838077669593417e+01 -4.339859207443453215e+00
1.538175894525652865e+01 -3.590385810326079508e+00
1.536529937258609380e+01 -2.897169414954447575e+00
1.533505505252597345e+01 -2.170450741243335813e+00
1.529106678875137959e+01 -1.409348046046041247e+00
1.525933732874526783e+01 -7.062882512635582088e-01
1.521999287790371369e+01 5.988830095005326370e-02
1.506007968165705790e+01 1.563679165824524375e+00
1.501957985987946387e+01 2.243347052916533357e+00
1.513844131447209662e+01 2.785480787838935157e+00
1.498964204925447063e+01 3.660500458892066433e+00
1.612575698041651151e+01 -4.282772826039284553e+00
1.610702421215192004e+01 -3.597893928167462008e+00
1.606844126874150902e+01 -2.890075267859803176e+00
1.604395791390540182e+01 -2.135454982696348480e+00
1.601857722005799189e+01 -1.434828400956384087e+00
1.598838571978104284e+01 -7.184443369459394546e-01
1.597663898196213239e+01 1.121166143484693123e-01
1.588218700400680916e+01 8.099178472429748865e-01
1.584914912684629229e+01 1.491406195324849193e+00
1.581820993424587130e+01 2.291778770742652682e+00
1.580848413606467773e+01 3.000849617873264208e+00
1.583977158248229955e+01 3.729235858324095432e+00
1.685374143747466036e+01 -4.256860943430815780e+00
1.683526478946649974e+01 -3.622400313489151813e+00
1.680157337899019154e+01 -2.833225199283475604e+00
1.676057776636962160e+01 -2.114985085311822388e+00
1.670772654243164368e+01 -1.415963778498202430e+00
1.672712417961614051e+01 -6.576531139377905788e-01
1.667595717297794522e+01 6.834538314205573784e-02
1.664305518647967830e+01 8.539810477080749251e-01
1.660339773900978599e+01 1.561805493721632132e+00
1.658718282539576450e+01 2.310934929662327164e+00
1.653694518461754370e+01 3.069022956146923775e+00
1.655403706265566655e+01 3.767655100896099896e+00
1.758281423630333506e+01 -4.296684603561107707e+00
1.755969335994328162e+01 -3.559757057474790543e+00
1.751515716477697282e+01 -2.824884375396383263e+00
1.748416642859807268e+01 -2.107375118413891357e+00
1.745641882166855652e+01 -1.370086913963138642e+00
1.745345344080144656e+01 -6.515713909862732578e-01
1.740683845729044776e+01 1.299794016560937848e-01
1.739986193265912817e+01 8.244953097706506639e-01
1.733826492253717788e+01 1.562522073279538404e+00
1.731562048508201457e+01 2.322498281301182743e+00
1.727991192105381657e+01 3.072444758913086105e+00
1.732816152308030411e+01 3.808884582828241605e+00
1.839762654870208536e+01 -4.203601249305794596e+00
1.828197112186125395e+01 -3.492895159140903871e+00
1.825560164324471657e+01 -2.771304265697786207e+00
1.822441248154184024e+01 -2.068069513851057195e+00
1.818161137147839668e+01 -1.339941809986726184e+00
1.815455426827601570e+01 -6.227030863227902557e-01
1.814410941759491180e+01 1.030814770952872550e-01
1.811302414056517307e+01 8.351777174961938499e-01
1.809743650689433991e+01 1.573743922541524398e+00
1.807825107471487058e+01 2.293559995760144687e+00
1.807331095255426590e+01 3.037358016129132920e+00
1.814216552192518606e+01 3.760983573005837854e+00
1.915936358838249021e+01 -4.261292080825871409e+00
1.912439460113427003e+01 -3.508141921383849393e+00
1.917816674569452573e+01 -2.731317030917704614e+00
1.902788805767037417e+01 -2.010111391810927017e+00
1.904084647148600595e+01 -1.285531875012544845e+00
1.891096204573148043e+01 1.107612965936617400e-01
1.916220218737494463e+01 8.238212360281167435e-01
1.899127444339477222e+01 1.582105453077829793e+00
1.889019585045699756e+01 2.322982809023553585e+00
1.900055395603757802e+01 3.052866097957050329e+00
1.902331330823912481e+01 3.646893779680020486e+00
1.988778413220719443e+01 -4.256736269936290284e+00
1.985070349746340668e+01 -3.498808686745885410e+00
1.982719475325373537e+01 -2.779000806406187962e+00
1.987362115667983176e+01 -2.071178178135454573e+00
1.987720219637436969e+01 -1.334253230846087490e+00
1.987228684160680103e+01 -6.035769479144654781e-01
1.987166257118520463e+01 1.325165346829280111e-01
1.991582657493724184e+01 8.714150580397088675e-01
1.983189419088943595e+01 1.588738469872360781e+00
1.982397327121299924e+01 2.306922260083869247e+00
1.984048473312350325e+01 2.967375236362187252e+00
1.987144145083044577e+01 3.679777050331843213e+00
2.107603322676946789e+01 -4.180595001036703451e+00
2.100957900126361722e+01 -3.503220145701959609e+00
2.105461387999294232e+01 -2.735168377566068898e+00
2.109685869448527740e+01 -2.010694588972828711e+00
2.095582733963327371e+01 -4.226379957206951588e-01
2.083731076555987016e+01 1.362107911698942075e-01
2.078137913710720142e+01 7.496034654180618872e-01
2.071727866733835555e+01 1.596277113071106868e+00
2.070497841987088350e+01 2.310934594624669103e+00
2.070907061446192898e+01 2.945829832607792298e+00
2.066636265175203846e+01 3.677158182874357806e+00
2.179141230010973374e+01 -4.251994375094181322e+00
2.180001629479578895e+01 -3.517199015417478591e+00
2.177601170398195052e+01 -2.794439515369717242e+00
2.180046048230445166e+01 -2.054394140252959744e+00
2.178415600498622950e+01 -1.329278458964854082e+00
2.176746192930087176e+01 -6.050219673057490866e-01
2.174820473948320654e+01 1.250158328819566123e-01
2.160779045224382600e+01 9.215349649137891674e-01
2.168490457085552237e+01 2.353817059463725769e+00
2.159975155681549097e+01 3.002919849105431638e+00
2.155446074499531051e+01 3.638907661788806536e+00
2.253152826112926732e+01 -4.241209322305135032e+00
2.249926887590152802e+01 -3.500053824008226400e+00
2.254279445621254752e+01 -2.797171856844016702e+00
2.254502297514655140e+01 -2.047946344352105541e+00
2.253508075596212024e+01 -1.353229261661798688e+00
2.252584555509010045e+01 -6.240159911706122386e-01
2.249348985590076921e+01 9.557597031913900310e-02
2.249281489385823818e+01 8.449507001004370466e-01
2.249360295829387724e+01 1.559430176585188121e+00
2.248131152566072899e+01 2.266679126985586379e+00
2.242602165379563672e+01 3.012048110392846922e+00
2.244461495185756661e+01 3.651247240238056690e+00
2.328179765290200010e+01 -4.248328193556186960e+00
2.326954176576861499e+01 -3.535415263575416134e+00
2.325927958646937554e+01 -2.795887037627345251e+00
2.327021171048593118e+01 -2.094667976426702438e+00
2.327374293154805684e+01 -1.341524731986083907e+00
2.327078196026590007e+01 -6.118804602445884200e-01
2.333482105714055166e+01 7.815277407128462528e-02
2.329411541986625167e+01 8.385681580786688016e-01
2.322502149462150101e+01 1.546403602833198221e+00
2.327223493243390351e+01 2.293026901968836739e+00
2.324668328835169007e+01 3.004200979304314956e+00
2.322536858559186612e+01 3.607821141021261724e+00
2.444194700131455988e+01 -4.017875448575111363e+00
2.402929522532904372e+01 -2.835694465890519211e+00
2.396287360433478142e+01 -2.166350287132797092e+00
2.404555730918199430e+01 -1.373700761913916324e+00
2.402854798061933650e+01 -6.677818988200066030e-01
2.403528746675115002e+01 6.838038240961452630e-02
2.405382362995860746e+01 8.087385960298973941e-01
2.405865104692529854e+01 1.545384360671260282e+00
2.405390641951458974e+01 2.245106082849265050e+00
2.406204430873896882e+01 2.980243110177184462e+00
2.409826072807275921e+01 3.655590594306893593e+00
2.478506943288632414e+01 -4.241254759549249798e+00
2.472953677014645280e+01 -3.539907033134841896e+00
2.479709545502607426e+01 -2.832400102700912470e+00
2.474561823782497783e+01 -2.105501231279202301e+00
2.475472504117405492e+01 -1.406886102615167999e+00
2.474827291762653658e+01 -6.896732949568011861e-01
2.478262921828516596e+01 4.135292821489144899e-02
2.478795605300819460e+01 7.586822546283045199e-01
2.483554337248255450e+01 1.501430493607688987e+00
2.486144809015372914e+01 2.187598104561512713e+00
2.485319091975613048e+01 2.938476990668391409e+00
2.488827981572585912e+01 3.641690072200681527e+00
2.551808862838755942e+01 -4.234995479891320969e+00
2.553464639899019062e+01 -3.562757333153619754e+00
2.550210158883183453e+01 -2.851676280053172974e+00
2.549939294233425358e+01 -2.128874199522506672e+00
2.550629666441281529e+01 -1.417048172660511085e+00
2.550520718819487342e+01 -6.487368811029732285e-01
2.554146448605142439e+01 1.232674044974046978e-02
2.554139810896641194e+01 7.449286632294622734e-01
2.558924231156553475e+01 1.484595902926230337e+00
2.565698105777241267e+01 2.244980965133553497e+00
2.562690465055256084e+01 2.935250473338555821e+00
2.565888372996759159e+01 3.624923121591962172e+00
2.631626762721708701e+01 -4.296591254042848362e+00
2.629378196926244726e+01 -3.603870725427817945e+00
2.629792066037725107e+01 -2.868451891472130200e+00
2.628005495553936299e+01 -2.146606408374104547e+00
2.627910002527065103e+01 -1.432578487923908739e+00
2.627223082898838413e+01 -7.558668406359103642e-01
2.628259816151534523e+01 -2.923756859210868697e-03
2.630308275413371888e+01 6.507676494724243810e-01
2.632469315598025617e+01 1.448908639992474434e+00
2.637683443920274584e+01 2.143901912400366427e+00
2.642414759716501038e+01 2.879650775879824209e+00
2.643802570974431632e+01 3.578832551959131081e+00
2.711953477797726464e+01 -4.303893512155347878e+00
2.703418465102070911e+01 -3.578365229486696109e+00
2.704666680503488863e+01 -2.872431021422467978e+00
2.706860165132570728e+01 -2.187380037070145278e+00
2.704259517432925009e+01 -1.451714715322701466e+00
2.706406606464446440e+01 -7.657926151310441298e-01
2.709104355866418956e+01 -6.571330436182165613e-02
2.712623742424552375e+01 6.244550305427267745e-01
2.712950161825610707e+01 1.388080855334777652e+00
2.710921435146567404e+01 2.131290713324766273e+00
2.717696899965209667e+01 2.853119451513656202e+00
2.723252292693741339e+01 3.564208011495196615e+00
2.826083568051492279e+01 -4.091253192293969221e+00
2.786957686102504539e+01 -3.590775698832896268e+00
2.821191943608959463e+01 -2.774760984931031516e+00
2.782507769999559599e+01 -2.218639583412237215e+00
2.782323026092638685e+01 -1.535849033137932196e+00
2.780157947454072342e+01 -8.018903948934017478e-01
2.781563541987535615e+01 -8.985925707097308646e-02
2.785956691220111026e+01 6.212614775632054887e-01
2.790212209889877926e+01 1.325360485494194052e+00
2.795316271421015841e+01 2.044660763897518052e+00
2.799072548594636345e+01 2.763795569633046512e+00
2.798876111324239702e+01 3.499921437500219668e+00
2.874436527656533968e+01 -4.295849641525229856e+00
2.870276197384605865e+01 -3.620534063542159231e+00
2.866996095376007503e+01 -2.931022822198890765e+00
2.867599727571003854e+01 -2.227465613749078699e+00
2.864869917697152601e+01 -1.551069381027947003e+00
2.864357215266775114e+01 -8.250962706339954877e-01
2.866916238242314563e+01 -9.059229322610917734e-02
2.862879635066766326e+01 5.988752461104560609e-01
2.866042758044341809e+01 1.289987991154550429e+00
2.870244298935110550e+01 2.006951384019487250e+00
2.872866949599576714e+01 2.718736580115297841e+00
2.875464568504920493e+01 3.471982144225265188e+00
2.955338706664010573e+01 -4.299529998426926625e+00
2.942094147823600991e+01 -2.245448606431104110e+00
2.941632385146211703e+01 -1.586461465146655314e+00
2.984505851196278314e+01 -8.305420298834107484e-01
2.947487537693775295e+01 -1.540781433028968195e-01
2.942665742663381678e+01 5.537141179950459957e-01
2.947094951595774859e+01 1.285952931377604358e+00
2.949069512895614054e+01 1.996389050862877212e+00
2.949627296531813414e+01 2.700162558167278348e+00
2.950580126545040827e+01 3.435827853796901366e+00
3.031934299982331282e+01 -4.313171858245340218e+00
3.025974539322123036e+01 -3.607109586968771708e+00
3.027599998881384380e+01 -2.950386104776253404e+00
3.024825751881231639e+01 -2.247168539569436518e+00
3.022999615539651330e+01 -1.574001695679598356e+00
3.022453846998970306e+01 -8.741113038167185323e-01
3.024250566419382125e+01 -1.757668718856706391e-01
3.026240367408617971e+01 5.447901563929704594e-01
3.027642582615025191e+01 1.270365088036630397e+00
3.029221738515106921e+01 2.011633095046420294e+00
3.026489936629291577e+01 2.747867493155780494e+00
3.027909676618822488e+01 3.484978390477387222e+00
3.115748821317627204e+01 -4.286465817985416038e+00
3.108598836957178690e+01 -3.672407148326943371e+00
3.098603122020210066e+01 -2.988615936298646858e+00
3.098679899066484467e+01 -2.292208041877309199e+00
3.098635319784320785e+01 -1.584077735509197282e+00
3.099844122655326117e+01 -1.854592020391336860e-01
3.101201695410615145e+01 5.338601028627394385e-01
3.098950713243916510e+01 1.272496009050840371e+00
3.102334817423109570e+01 2.023851944929859314e+00
3.109224015956213094e+01 2.766934430156652525e+00
3.118251450796747548e+01 3.470016038272952130e+00
3.187418778025652699e+01 -4.316886942634770463e+00
3.186094434128472841e+01 -3.668218826917694741e+00
3.181926589430187136e+01 -2.960113710200769077e+00
3.177019078811576236e+01 -2.252850783149739300e+00
3.177550086849264943e+01 -1.583674016764362591e+00
3.173804966419924511e+01 -1.739062208126291864e-01
3.174622486743292171e+01 5.446672465087836201e-01
3.185722129558775606e+01 1.262657946289916566e+00
3.185572602490169203e+01 2.015112587515702103e+00
3.193103292627147738e+01 2.708429122516221810e+00
3.189195509011913288e+01 3.469933039982429079e+00
3.269659620135573874e+01 -4.333735705108924918e+00
3.261283052494059831e+01 -3.623370809325844988e+00
3.264236797080354080e+01 -2.947983986485599672e+00
3.259432320995002641e+01 -2.241508371495022800e+00
3.253497514803662938e+01 -1.538596591128623459e+00
3.258680731987279700e+01 -8.673691207361216016e-01
3.255168296800423633e+01 -1.633163011264109343e-01
3.255953946616910599e+01 5.513919384360086440e-01
3.257646242880077381e+01 1.283915509796088372e+00
3.256925739790309393e+01 2.042379697577167974e+00
3.263557662253504787e+01 2.771731471795675361e+00
3.265741292483129854e+01 3.481167782681410472e+00
3.348102742616789129e+01 -4.279258183371752011e+00
3.343121544383681254e+01 -3.588343279045215439e+00
3.335853481732660697e+01 -2.910041490049771085e+00
3.333842708463516402e+01 -2.256877603179908931e+00
3.332351931010447998e+01 -1.570389223758958508e+00
3.331310047200953051e+01 -8.499354850067142308e-01
3.329709740529953166e+01 -1.326307600898779526e-01
3.332419143345379808e+01 5.994688813568771479e-01
3.332924108917303130e+01 1.342798792101817185e+00
3.338059460740813478e+01 2.057676451747834534e+00
3.343273854131398792e+01 2.786419714054780172e+00
3.343713955150540329e+01 3.517684084139801826e+00
3.423276412093449750e+01 -4.282731424136699161e+00
3.417827293304114988e+01 -3.629866022007483650e+00
3.416250877826110610e+01 -2.905530275878778212e+00
3.410218569225497021e+01 -2.233632252567588239e+00
3.407855403310600906e+01 -1.567872999376138665e+00
3.408104347219924790e+01 -8.371440928008340165e-01
3.409398553948353339e+01 -9.212931679833857856e-02
3.405059090888816087e+01 5.372871361068689566e-01
3.407585199714902302e+01 1.351644337208817603e+00
3.417521123337773048e+01 2.076306241926388907e+00
3.419797732362676612e+01 2.813364932136302343e+00
3.418207719678151335e+01 3.548428687562036998e+00
3.499849076790554392e+01 -4.268687083723825992e+00
3.497344631172655482e+01 -3.593530049239603841e+00
3.493760001798909087e+01 -2.892756551406101551e+00
3.487556748636993831e+01 -2.221497178635218006e+00
3.484996199010395657e+01 -1.498508397909343870e+00
3.483618712120465233e+01 -7.886686560261786383e-01
3.487478973142017225e+01 -2.684627455028731902e-02
3.488783725447219553e+01 6.603244501562137714e-01
3.497893813337316971e+01 2.052989165661951887e+00
3.497749953527094391e+01 2.838291149025195637e+00
3.506937065286845012e+01 3.635920182318194804e+00
3.579095776605041834e+01 -4.277371321389910719e+00
3.577120940351606038e+01 -3.533929403212422216e+00
3.574324728848295507e+01 -2.907347709770064625e+00
3.564479723745915152e+01 -2.171052820885723378e+00
3.562859151145573122e+01 -1.453687022991122291e+00
3.560706470247148303e+01 -7.297455173483875512e-01
3.565897746000916158e+01 -4.087441491378740466e-03
3.565365216498809531e+01 6.625420777552335494e-01
3.570438056748168520e+01 1.429639107141493781e+00
3.570082600654443894e+01 2.119366673465805206e+00
3.583964758910851600e+01 2.891367576643574466e+00
3.594981962934303255e+01 3.606982417522964113e+00
3.659722811563045042e+01 -4.221496753967855398e+00
3.650886162689429426e+01 -3.505301005939514880e+00
3.648432503305064500e+01 -2.815293418197903463e+00
3.640386227915410444e+01 -1.398264817130787208e+00
3.640123905954600758e+01 -6.824059017976793484e-01
3.650042271974405850e+01 1.828408371097971497e-01
3.642057919473638350e+01 7.484366199242593609e-01
3.661083520584447371e+01 1.434289600411823074e+00
3.663674986337034767e+01 2.190246498394557761e+00
3.664005525348363079e+01 2.922840601432916685e+00
3.670589427668313220e+01 3.629339141516688017e+00
3.743377954714917877e+01 -4.153753845954678781e+00
3.733092707888247475e+01 -3.453854818126835369e+00
3.731445141505816565e+01 -2.731929624503226961e+00
3.728218689671964370e+01 -2.035073882579837345e+00
3.725342709259611951e+01 -1.329214717061251605e+00
3.721977198137215481e+01 -5.962169864087627502e-01
3.734403918830495428e+01 1.910510005899475061e-01
3.739588539811159507e+01 7.955963955892393358e-01
3.764522984811083717e+01 1.369318818516898517e+00
3.762509189583331448e+01 2.275538491524255136e+00
3.833638475806257162e+01 -4.084903558343594199e+00
3.829322718158308447e+01 -3.332777425094906931e+00
3.826607559744279996e+01 -2.661213615313222647e+00
3.830525336129799285e+01 -1.939526591026268676e+00
3.853656958246411790e+01 -1.126218816996686911e+00
3.821196056269675267e+01 -4.435072475644190604e-01
3.825343542815146947e+01 2.757255968911856314e+00
3.850102462212681331e+01 3.240573527098646878e+00
3.933500953023639823e+01 -3.259307606071203622e+00
3.936079181331853505e+01 -2.968640446038392611e+00
3.931232715822013546e+01 -1.756521847302700223e+00
4.000222508084892326e+01 1.146228288282472363e+00
4.000465181229919409e+01 1.898306952964901484e+00
4.000924947183747094e+01 2.619847338430908223e+00
4.000606500493784523e+01 3.323190615526740999e+00
3.999115474694774974e+01 4.000739724580753887e+00
4.074266950713697355e+01 -3.968735007851936558e+00
4.072659638583687780e+01 -3.215617221894937927e+00
4.070979808755108564e+01 -2.463972200275804880e+00
4.070985760142949772e+01 -1.775204521974764305e+00
4.072511630107249658e+01 -1.064428704908078060e+00
4.072776678912432402e+01 -3.525775045784236283e-01
4.073765707258819901e+01 1.127409118691225842e+00
4.071943270724748487e+01 1.850352122636092389e+00
4.070697325902907693e+01 2.536822998727210177e+00
4.069294371137927868e+01 3.311969738537605679e+00
4.071187691710543533e+01 3.968735007851933005e+00
