-3.832296558373556650e+00 -4.150495757696120336e+00
-3.767553933288482426e+00 -2.948184765030976706e+00
-3.831013752666237338e+00 -1.965958972276293792e+00
-3.830129436223479900e+00 -1.246752101996975171e+00
-3.860837980240688694e+00 -4.986660792404578046e-01
-3.835392063751775993e+00 2.799988020996693194e-01
-3.833634555643989472e+00 9.715834074825870914e-01
-3.837286255797472734e+00 1.703253108756697998e+00
-3.826553445283551014e+00 2.405294856097551559e+00
-3.842457839501427941e+00 3.101636450455096394e+00
-3.835232338799890783e+00 3.868737707901544809e+00
-2.941124513251452299e+00 -4.121852746121223987e+00
-2.985587819329580839e+00 -3.409218260989831606e+00
-2.994385009983233203e+00 -2.659557072762488872e+00
-3.028244261432270434e+00 -1.942363913139075748e+00
-3.010452569380682064e+00 -1.212316119151591209e+00
-3.010061834821627258e+00 -5.058818852583080172e-01
-3.015888168713246387e+00 9.752583296809653746e-01
-3.058963209480374701e+00 1.708193505387082922e+00
-3.066496623270516864e+00 2.417029697208860739e+00
-3.083309056031175999e+00 3.200903822430966272e+00
-2.247027412755834064e+00 -3.389185303390874537e+00
-2.304102026626154043e+00 -2.651821995660771591e+00
-2.261946856881394297e+00 -1.941428453998621961e+00
-2.282287220207017242e+00 -1.203165082019470589e+00
-2.282065004414853604e+00 -4.895005791505404602e-01
-2.258572262804435127e+00 9.889495836258639372e-01
-2.290678277624401460e+00 1.709459652843751343e+00
-2.327947656404042220e+00 2.458420528267296845e+00
-2.317502302878189369e+00 3.220857760968129924e+00
-2.326944516693217224e+00 3.934094677868714030e+00
-1.521717674142038845e+00 -4.096477803365790038e+00
-1.530909226700586601e+00 -3.383943425879266442e+00
-1.522315611522763845e+00 -2.650346062790784885e+00
-1.535425470355932021e+00 -1.914321509723162507e+00
-1.569739080260546871e+00 -1.217617122284035958e+00
-1.529357485817996576e+00 -4.935182694421236249e-01
-1.538991254450955637e+00 9.518591953697139729e-01
-1.562571800260535326e+00 1.741822375934809486e+00
-1.555366845300028444e+00 2.488551026500839924e+00
-1.553719588661998330e+00 3.198431013356213271e+00
-1.547696185057780838e+00 3.930440243281843493e+00
-7.822209103360151516e-01 -4.068356566376095884e+00
-8.006835331075450313e-01 -3.344794499534813781e+00
-7.930743931041561723e-01 -2.649760747312534193e+00
-7.853149918568007593e-01 -1.925033240793066369e+00
-7.845506704311091539e-01 -1.199843620438493019e+00
-7.836717881966634991e-01 -4.602463768793718657e-01
-7.831276053631768264e-01 2.864854979472823970e-01
-8.140111906724882829e-01 1.700612561473132445e+00
-8.013494413600952271e-01 2.499975007389195980e+00
-8.750026940340802639e-01 3.216628232011302657e+00
-8.154585810607031249e-01 3.961101253416991597e+00
-3.181919464331883773e-02 -4.053098532815475608e+00
-6.184626073818577652e-02 -3.385854390814987624e+00
-8.922799350067833757e-02 -2.661481431785670537e+00
-6.233343007248492995e-02 -1.921307266757619203e+00
-5.634076876842186721e-02 -1.210047899043420472e+00
-7.437238653629663077e-02 -4.718535445955787111e-01
-1.140279364397471795e-01 2.434851516164826535e-01
-6.782285126353571059e-02 9.829242891118461500e-01
-6.691376567468410030e-02 1.721916062752001153e+00
-4.807031032439113005e-02 2.509816114417539268e+00
-1.113699697259633581e-01 3.159124087633792044e+00
-5.993300097427578521e-02 3.923244054670711023e+00
7.035352940446628622e-01 -4.068073507407078182e+00
7.538303631188867371e-01 -3.282665679018219151e+00
6.723912665550528800e-01 -2.610506625420711657e+00
6.767354221789503299e-01 -1.931223558179016919e+00
6.756371705611883272e-01 -1.198419356030608895e+00
6.747097719705621444e-01 -5.145772250938840386e-01
6.683237464574887099e-01 2.186345629676473834e-01
6.977828264681420478e-01 9.729949052172166546e-01
7.196564838064105629e-01 1.702989700639292892e+00
6.841157926734666717e-01 2.512146891158579365e+00
6.854143823286875659e-01 3.179519895422401987e+00
6.774080460514042556e-01 3.891632118777003768e+00
1.412970843452264091e+00 -4.041363104565164122e+00
1.416374672293436277e+00 -3.325835574167150810e+00
1.415294892285579920e+00 -2.605676185380691123e+00
1.509659853314147426e+00 -1.902887423623464969e+00
1.391435278330661163e+00 -1.219007499873438150e+00
1.416500174449879523e+00 -4.878160755880820432e-01
1.362882250411168172e+00 2.727302233911821361e-01
1.437139479347464999e+00 9.398624388797074403e-01
1.451702229151088375e+00 1.694622333518086776e+00
1.469211172371608143e+00 2.441678100493515302e+00
1.500748063563619894e+00 3.165121763873401051e+00
2.155897939552460230e+00 -4.042121846956479914e+00
2.164330376976664638e+00 -3.325180439608796945e+00
2.163200101289625366e+00 -2.601923183573088494e+00
2.139874566968629210e+00 -1.193436142074890682e+00
2.149646407859847841e+00 -4.932680224803007718e-01
2.171622270159531354e+00 2.514459658836436518e-01
2.197286111007066722e+00 9.627568493804226080e-01
2.242515717962845656e+00 1.706476145303259528e+00
2.209566982937339219e+00 2.417953475955613385e+00
2.250899451249949834e+00 3.127682934617318722e+00
2.299638613880851779e+00 3.805697888519354422e+00
2.885212419362318315e+00 -4.049955140610315141e+00
2.902786493995485273e+00 -3.324280572050142268e+00
2.895327309584700970e+00 -2.594271531061632885e+00
2.912421007195369782e+00 -1.880842071206981103e+00
2.893005807644833283e+00 -1.191409540177783555e+00
2.891486892704612899e+00 -4.493676325618523038e-01
2.920421680902101969e+00 2.478283989080800609e-01
2.959364615994545034e+00 1.026317973697452146e+00
2.978221952043355714e+00 1.690056701584552457e+00
3.008265421714440890e+00 2.433409959575378423e+00
2.984846475416055966e+00 3.132034809693251987e+00
2.983723265540511704e+00 3.866567098082597909e+00
3.653768043236610197e+00 -4.055396321919552349e+00
3.635718036542989751e+00 -3.344384825578011089e+00
3.646085634150452393e+00 -2.602327925550444121e+00
3.643657957183144447e+00 -1.856491607108520014e+00
3.624197691120549791e+00 -1.147678986895414255e+00
3.696119743640750244e+00 -4.582908962197400626e-01
3.668032219979679098e+00 2.666118531834698047e-01
3.691624794152730260e+00 9.581214078740920570e-01
3.693349161625206989e+00 1.706181252252452651e+00
3.739764736285536628e+00 2.445858119269413322e+00
3.753927325521118519e+00 3.153562569619076328e+00
3.760137101266984416e+00 3.859280757318082067e+00
4.410744013795493856e+00 -4.058182611807339413e+00
4.389541559204594989e+00 -3.372880850985339407e+00
4.395047884221312984e+00 -2.595606671348228645e+00
4.389792548932909710e+00 -1.897532602656340828e+00
4.474265906925914749e+00 -4.485962560389253895e-01
4.461231495795686897e+00 2.743767031389268141e-01
4.392122204943746056e+00 9.664871568036055294e-01
4.464638709678901307e+00 1.707688899835059004e+00
4.494747557524291892e+00 3.136802003511384385e+00
4.530691439670640364e+00 3.851075273577578173e+00
5.136859702669518413e+00 -4.061403454457209961e+00
5.104321478902484444e+00 -3.354560201630420124e+00
5.144325928996273944e+00 -1.895097911503448529e+00
5.204020605730370619e+00 -1.194101860210967203e+00
5.243586384366423658e+00 -4.513355445550786271e-01
5.275517260936609887e+00 2.696893367460369006e-01
5.225894295270322232e+00 9.856131862055690362e-01
5.205275251558646232e+00 1.679191448681308430e+00
5.243872837748803306e+00 2.412312490751176597e+00
5.255412270797542362e+00 3.146321171250875182e+00
5.256806362792723064e+00 3.879815743396960670e+00
5.963505566836218463e+00 -4.054611313544054241e+00
5.949109713928322662e+00 -3.355727245045791562e+00
5.981315757870696359e+00 -2.520793512121688451e+00
5.909874277525048569e+00 -1.939992421845889936e+00
5.967860719248356816e+00 -1.234865735194201619e+00
6.009064870630687949e+00 2.177320430748679314e-01
6.014302589928128384e+00 9.590413860962030412e-01
5.990935899470585468e+00 1.666792723859725101e+00
5.979181702953489719e+00 2.407479206662166860e+00
5.971736150466867343e+00 3.121864998202951824e+00
5.974524813663123268e+00 3.866233288607958229e+00
6.740444784795158739e+00 -2.666798111689363537e+00
6.769559785165704113e+00 -1.247268916006181172e+00
6.759345217517541471e+00 -5.298597029384914947e-01
6.728613170736068128e+00 2.139071157653660293e-01
6.717233640685307705e+00 9.502695953387387817e-01
6.735349433107039374e+00 1.658663272188082516e+00
6.732858837146395103e+00 2.392168063686092694e+00
6.728649265536624569e+00 3.119946172298860176e+00
6.770710184159796086e+00 3.820117445353211849e+00
7.535362717861431747e+00 -1.970474913458414079e+00
7.502934099081741692e+00 -1.256697801407383963e+00
7.515983406122678900e+00 -5.611573617221843335e-01
7.475550793669526684e+00 1.685343248642965364e-01
7.458374035005419955e+00 9.622679571149994615e-01
7.477837983835968316e+00 1.664791454984833052e+00
7.511742116701007888e+00 2.339646248766133141e+00
7.504083464053849184e+00 3.073455819469941730e+00
7.571103510417749760e+00 3.762130598762965406e+00
8.435412671070700696e+00 -4.103615077269051170e+00
8.440458194013274351e+00 -3.382984139164321391e+00
8.417690466365776558e+00 -2.666603060877115183e+00
8.372600791183799629e+00 -1.981159522602190748e+00
8.344484701833060569e+00 -1.245662624233141003e+00
8.322705357450793429e+00 -5.400488248852859385e-01
8.243918439729036152e+00 9.237749928452743120e-01
8.226653926122743599e+00 1.597216355725183945e+00
8.258126907949922213e+00 2.352142183670796527e+00
8.295814200942565719e+00 3.093755271597572687e+00
8.331962598162654388e+00 3.754175824247582227e+00
9.202398723577665862e+00 -3.415290120254628192e+00
9.202818378155242840e+00 -2.677980619796759498e+00
9.201757306089035637e+00 -1.986397824089149111e+00
9.141327380211976106e+00 -1.279551362320788144e+00
9.048959939352762660e+00 1.663108542842905990e-01
9.003369488096041096e+00 8.889562285778005446e-01
9.003531729037334230e+00 1.606146796657487386e+00
9.020627102320851520e+00 2.325341100262939165e+00
9.071250068515261944e+00 2.999149203373882244e+00
9.104231264609232710e+00 3.782742836192412028e+00
1.000051841129739216e+01 -3.418962293883051728e+00
9.988639040749831111e+00 -2.684129892822912922e+00
1.001014861120497557e+01 -2.033417866508255401e+00
9.926948963052275587e+00 -1.243237948858141095e+00
9.928461542289582553e+00 -5.298877318572934314e-01
9.843107333951024884e+00 1.530515538175727386e-01
9.777497053829542040e+00 8.724802258279495959e-01
9.752018325957038769e+00 1.600972725494823834e+00
9.786322658469401858e+00 2.320483149349580998e+00
9.854855881222768232e+00 3.023245466959721739e+00
9.855958932926689897e+00 3.732396948493359901e+00
1.091553831267553676e+01 -4.212306608537080166e+00
1.085728262131522825e+01 -3.455162969929464367e+00
1.084702804796284425e+01 -2.759882352994761590e+00
1.075922024040249170e+01 -2.028699362099857240e+00
1.074056064208090788e+01 -1.268751008655740975e+00
1.070168058759826835e+01 -5.513634239788380853e-01
1.068600346139461266e+01 1.898393353964173969e-01
1.065445236066463508e+01 8.461348422037460182e-01
1.073995404875950044e+01 1.572762589960255752e+00
1.067262582266413773e+01 2.351717020021741433e+00
1.065266762305644477e+01 3.021806181489189669e+00
1.069923751204093065e+01 3.740445775120655014e+00
1.179106554944535645e+01 -4.144251471616716032e+00
1.179171275803929575e+01 -3.437860866330922249e+00
1.176514888801771264e+01 -2.684524133458246808e+00
1.170298131164730648e+01 -1.252495774466822809e+00
1.165918812053279652e+01 1.421687113687220005e-01
1.144441514586716124e+01 8.790342638483146231e-01
1.144728403104793557e+01 1.599526411431579476e+00
1.143663851776862828e+01 2.324576969981240637e+00
1.146928822125885006e+01 3.046906071394595017e+00
1.148216787889425916e+01 3.748763925896170690e+00
1.249955264761258888e+01 -3.435107649613069469e+00
1.265104459705452911e+01 -2.695010920437784563e+00
1.252985455034237816e+01 -2.026752938530968606e+00
1.253255124999414960e+01 -1.298182098599038881e+00
1.247248185655581665e+01 -5.679346990850753230e-01
1.242342198675419240e+01 1.622616957287164041e-01
1.234161309162885090e+01 8.739265400491014191e-01
1.222997783957895024e+01 1.596261099009080198e+00
1.219347613337049552e+01 2.368269942165593278e+00
1.221566831071100978e+01 3.052935001392270919e+00
1.228731701811671684e+01 3.748057694483698299e+00
1.343405109171527556e+01 -4.183869325338037015e+00
1.341491119754759609e+01 -3.460294150126522084e+00
1.339001453125827368e+01 -2.712957676789390149e+00
1.327425263262606592e+01 -2.067655417370875881e+00
1.314264606303562744e+01 2.012880291233933860e-01
1.310632529681017644e+01 8.928776636405224565e-01
1.305178515119577298e+01 1.595298139418837025e+00
1.308488289928045134e+01 2.309024155213212026e+00
1.315070655333596505e+01 3.017267175407738478e+00
1.318688126983784059e+01 3.742533822204855198e+00
1.436804148673975590e+01 -4.208090719509833377e+00
1.430368392434539260e+01 -3.466557530404923426e+00
1.423818013528552484e+01 -2.697578598391732640e+00
1.410789601519079639e+01 -1.285862761144311861e+00
1.405413122992276698e+01 1.869053580496746747e-01
1.403507270204404023e+01 8.568331651805678462e-01
1.386325587620271449e+01 1.616328635138280845e+00
1.392066123511715148e+01 3.051152108981931121e+00
1.391878425520005891e+01 3.752987607017203686e+00
1.512840309534520600e+01 -4.205249181853503160e+00
1.512510913331022522e+01 -3.492580511536658605e+00
1.515243019077453113e+01 -2.776354016434954275e+00
1.512994695089271602e+01 -2.073322276669994579e+00
1.499262462352282199e+01 -1.310782902871878264e+00
1.508842084180637499e+01 -5.837678419434908506e-01
1.481839371998519539e+01 1.932825052028022128e-01
1.471855172103251164e+01 1.625081768143143535e+00
1.474209091937692762e+01 2.337692754126592831e+00
1.466953678092563962e+01 3.060796587475941521e+00
1.473719022115992061e+01 3.724848513393730798e+00
1.587942521449706135e+01 -4.270954152671077253e+00
1.588309370178312463e+01 -3.520236501086078107e+00
1.586427552381111639e+01 -2.824579373868061793e+00
1.584655410311018642e+01 -2.088639007062358388e+00
1.579935698166489999e+01 -1.345515518586939407e+00
1.576443135076099367e+01 -6.263681952421116250e-01
1.573117423476823973e+01 1.305465866928763319e-01
1.559321596104278740e+01 1.648089661993978439e+00
1.555573489266555498e+01 2.325678160303031206e+00
1.551061989594568757e+01 2.976472507598579398e+00
1.554000626785438044e+01 3.748863690678184923e+00
1.663254938653768278e+01 -4.223129143205063940e+00
1.660984376925588180e+01 -3.519066502562523624e+00
1.657853089837580285e+01 -2.807043626101311418e+00
1.655631369273996256e+01 -2.052926222741074724e+00
1.653222719352299919e+01 -1.350658387547994721e+00
1.649633867178736324e+01 -6.372042986785260155e-01
1.648393007211990380e+01 2.011261633873679955e-01
1.639513039462544697e+01 8.731182086375177676e-01
1.636915417295470121e+01 1.555607002923004245e+00
1.635020756078810678e+01 2.369264118806025721e+00
1.634008072669661260e+01 3.078825214788089681e+00
1.637962778608282832e+01 3.807218619290736683e+00
1.736029200078785806e+01 -4.181683443200199690e+00
1.734835911039757406e+01 -3.520044653408927360e+00
1.730599473250973830e+01 -2.749301690329108538e+00
1.726580756583818044e+01 -2.040641480137317387e+00
1.721720385636879058e+01 -1.331887639610982887e+00
1.723144203666352325e+01 -5.772391516738721862e-01
1.718418500376707669e+01 1.464049461097367555e-01
1.715260264099563159e+01 9.465903090960168242e-01
1.712434194400615439e+01 1.631195001908558595e+00
1.710560469332314426e+01 2.383704103316102163e+00
1.707039972992794929e+01 3.136818340477461220e+00
1.709082402138579937e+01 3.848150994368616296e+00
1.808955483438310807e+01 -4.221545476005218234e+00
1.806152776540022131e+01 -3.482859780803984506e+00
1.802033162677599876e+01 -2.744504534913644989e+00
1.799541108536521250e+01 -2.025899408652964695e+00
1.796858572468297410e+01 -1.283015898960268686e+00
1.796322415811093265e+01 -5.625917325292206783e-01
1.793912192638889280e+01 2.117133869579355121e-01
1.791698535861242192e+01 9.016030875435276926e-01
1.784800849056170335e+01 1.631975689416183428e+00
1.784431979369531263e+01 2.387075090705611302e+00
1.780525164636976143e+01 3.142770133555089274e+00
1.786131406209565142e+01 3.886307738368444120e+00
1.891129136930160115e+01 -4.116158909153725176e+00
1.879015847561099406e+01 -3.410119700090120887e+00
1.876530805274732217e+01 -2.692867614367358442e+00
1.873696333263503533e+01 -1.989329800084455258e+00
1.869629985053237675e+01 -1.258605640186239327e+00
1.866800317922678687e+01 -5.404223814113464641e-01
1.866167642577674712e+01 1.844559235333136371e-01
1.863768384701835146e+01 9.147209028262608399e-01
1.861236869409943040e+01 1.653528736587361436e+00
1.861238700963478720e+01 2.387516286506890850e+00
1.859743947027676114e+01 3.117192352326185301e+00
1.867539766010384739e+01 3.846926979081352727e+00
1.967049519771388333e+01 -4.182154160546531330e+00
1.965136343249917417e+01 -3.422421577742198906e+00
1.959104577796353652e+01 -2.667913102678920012e+00
1.954481849843124763e+01 -1.930538937485170692e+00
1.954860456261847190e+01 -1.200643463060185212e+00
1.942578039583480631e+01 1.887549267068884262e-01
1.966652852037165644e+01 9.054476514553435607e-01
1.950194471924888262e+01 1.663490242115397422e+00
1.941689501517151228e+01 2.416302058956418364e+00
1.951157863511273405e+01 3.143016356822855073e+00
1.955811545009765950e+01 3.767998030183342451e+00
2.040216486147433983e+01 -4.171466046909294789e+00
2.036334474483412293e+01 -3.405563245283467211e+00
2.034327928279642350e+01 -2.693183687873094811e+00
2.038275638375593957e+01 -1.985218501839089100e+00
2.039802382186621088e+01 -1.249152552873113109e+00
2.038343675498848739e+01 -5.167177981635191486e-01
2.037566362747148929e+01 2.128100064547595593e-01
2.042063809720911394e+01 9.524190167801229734e-01
2.033106997004434646e+01 1.670376725941604690e+00
2.033435999167966912e+01 2.398073447808730663e+00
2.035615130794608518e+01 3.063480414933621887e+00
2.038908417273452045e+01 3.787352339964748182e+00
2.159572909989701373e+01 -4.084080288067422515e+00
2.154205481189937643e+01 -3.418106373047692159e+00
2.156895532067112242e+01 -2.641952958299160770e+00
2.161408379069368380e+01 -1.918984354417201388e+00
2.147147114301829163e+01 -3.374213028360735223e-01
2.133218879235583643e+01 2.281599399063125588e-01
2.130529213664456023e+01 9.644259977846303400e-01
2.122190119646167261e+01 1.681257622230926785e+00
2.120801721606790124e+01 2.396821945928657271e+00
2.121121465290909214e+01 3.044403650857134380e+00
2.117821074834165529e+01 3.801200029489343990e+00
2.230592058040074477e+01 -4.159471518801112211e+00
2.231251796635947215e+01 -3.426480217808762774e+00
2.230185391516764071e+01 -2.701562996597381527e+00
2.231324507059702711e+01 -1.964349132165942535e+00
2.229181655326084410e+01 -1.236021635572154054e+00
2.227866444144397207e+01 -5.154584393182304325e-01
2.224768777068369729e+01 2.214961424905226295e-01
2.212290032555530672e+01 9.888655002637243285e-01
2.216733016703057046e+01 2.447007517258381171e+00
2.208207294934143050e+01 3.104776148843512829e+00
2.205899853346522832e+01 3.752370649407559711e+00
2.304544077816900227e+01 -4.149886596851548148e+00
2.301897896614973149e+01 -3.431727389376213466e+00
2.305926402019864696e+01 -2.704348325733263891e+00
2.304318830022900499e+01 -1.955412427899826611e+00
2.304521077556590569e+01 -1.250159683656416831e+00
2.303172967452607622e+01 -5.288217951635374448e-01
2.299046062575465754e+01 1.918363720097566727e-01
2.298189938059793747e+01 9.562032910853055512e-01
2.297648267446817272e+01 1.668361509201364612e+00
2.295892723397170698e+01 2.370596651758440032e+00
2.289331635968908074e+01 3.123856353471879288e+00
2.292661864023109786e+01 3.774737168759095596e+00
2.378425570325937599e+01 -4.152438863514532841e+00
2.378344487836373844e+01 -3.437283654580241432e+00
2.377904500537400878e+01 -2.702854252269617064e+00
2.378353826397985671e+01 -1.990612113424454321e+00
2.378517774736391033e+01 -1.230640702632722849e+00
2.377346931740365221e+01 -5.095992339537147586e-01
2.383150732824437767e+01 1.755186734775442403e-01
2.378246038090293268e+01 9.453480455162406315e-01
2.370114797772570370e+01 1.654099724194008303e+00
2.374958766840513391e+01 2.400558621412312021e+00
2.372162185261790768e+01 3.118921458409133152e+00
2.377596864470422133e+01 3.775600081625867688e+00
2.465362200046480012e+01 -4.091346454525940146e+00
2.454443111404196287e+01 -2.731758955150045409e+00
2.447927194496557490e+01 -2.039174545546746486e+00
2.455272548057313742e+01 -1.266087439961431471e+00
2.452576383141328620e+01 -5.516419501578866402e-01
2.452993316836948878e+01 1.691699392226908572e-01
2.454443623693337884e+01 9.026808260424417085e-01
2.454528935190649008e+01 1.651483218407530984e+00
2.451844889357096946e+01 2.358729045451323003e+00
2.451764991634370006e+01 3.092677735548434725e+00
2.455500968801054285e+01 3.795369425664894436e+00
2.529782612455794322e+01 -4.164200113507448009e+00
2.519716548207551909e+01 -3.438018800358019433e+00
2.531516495167113590e+01 -2.728495649786434996e+00
2.526138249424892024e+01 -1.995262311310575853e+00
2.527170759951200552e+01 -1.295120697038818491e+00
2.525198523662758276e+01 -5.778870329955694274e-01
2.527515726465812662e+01 1.579312057027344451e-01
2.527540858690630188e+01 8.841454575770733015e-01
2.530191260403822184e+01 1.629939342056282214e+00
2.531557743460906096e+01 2.315858781409673384e+00
2.531003654530488234e+01 3.065849063272906960e+00
2.533453931542475601e+01 3.774709641172066199e+00
2.603105018025321016e+01 -4.158399495504262688e+00
2.604317534430295211e+01 -3.468910750806919907e+00
2.601423822981789868e+01 -2.744620402039039675e+00
2.601105867896451684e+01 -2.013563410258957020e+00
2.601450465647413068e+01 -1.295839222155642290e+00
2.600988872742154001e+01 -5.351329076867727963e-01
2.603399558486759702e+01 1.484737531734552363e-01
2.601753655836349566e+01 8.727283202834676956e-01
2.606343700685557963e+01 1.622858065751948686e+00
2.611263226702153162e+01 2.378307877213369892e+00
2.607842728655663223e+01 3.067710171782415784e+00
2.611341969939505248e+01 3.769761447344848193e+00
2.683109844485726114e+01 -4.211053704965724620e+00
2.679805582037789691e+01 -3.483090559556526244e+00
2.680658284075791187e+01 -2.755523100714874829e+00
2.678321562685430735e+01 -2.028310785234246794e+00
2.678899239756142947e+01 -1.311537359716616891e+00
2.676449176934619345e+01 -6.220921056734454169e-01
2.677778431559053729e+01 1.384413267422779370e-01
2.678986381039460696e+01 8.094080103547831584e-01
2.679974563371592211e+01 1.597911276978088324e+00
2.683413032881367855e+01 2.289686390717509568e+00
2.687736575737886113e+01 3.022809893065534936e+00
2.687898492156717367e+01 3.728891055263964915e+00
2.761403739116595091e+01 -4.226398574137498088e+00
2.754697578690310422e+01 -3.480171377653032749e+00
2.755224119391577631e+01 -2.757986475325292730e+00
2.757692995679471437e+01 -2.059996057151941784e+00
2.755152784057546000e+01 -1.327980616632675748e+00
2.756604688847749429e+01 -6.174106549633258112e-01
2.758644674675704778e+01 8.180617180047278225e-02
2.760396941932737036e+01 7.824907060839443318e-01
2.759902358731731908e+01 1.536315440689552503e+00
2.756630688388721495e+01 2.281806884614887565e+00
2.761881809748842898e+01 3.002553456006765487e+00
2.765785556504471288e+01 3.717300532970739368e+00
2.852447016352760301e+01 -4.119050380348433293e+00
2.836468663205270246e+01 -3.497649469361316932e+00
2.848507132809408660e+01 -2.738771381676617267e+00
2.832352631358489958e+01 -2.088520053325837011e+00
2.832536264177580421e+01 -1.394452035862659756e+00
2.829488707498088473e+01 -6.461673738319078097e-01
2.829807715530095180e+01 6.446068595549547808e-02
2.834022912113488957e+01 7.773569135164208888e-01
2.837634942311164110e+01 1.484727076723057593e+00
2.841551077434603911e+01 2.205273413584063036e+00
2.843355885510279535e+01 2.927667925456070463e+00
2.842011828545013685e+01 3.669198317333410841e+00
2.923521054387433793e+01 -4.216022520726941281e+00
2.919216020726083372e+01 -3.523772395074814767e+00
2.916883769218711819e+01 -2.816420539779066701e+00
2.916421512648327763e+01 -2.095429437125616801e+00
2.913514666622496208e+01 -1.399385470264135733e+00
2.912417569146274587e+01 -6.757767685821605141e-01
2.915191516182154174e+01 5.599848386787087406e-02
2.909885840627541853e+01 7.691249669001187783e-01
2.912082456919610962e+01 1.453548236440031616e+00
2.916018343939776258e+01 2.177166290304061391e+00
2.917098544129925841e+01 2.897184140954855991e+00
2.918791118226520354e+01 3.642775304441713047e+00
3.001626780838183350e+01 -4.219256613099474862e+00
2.991328139877277437e+01 -2.104363367249288075e+00
2.989822803715147614e+01 -1.432079717669388685e+00
3.000681211589294861e+01 -6.489070698770937895e-01
2.994640701931333382e+01 5.483422418716799029e-03
2.988774567462024123e+01 7.285845958174554937e-01
2.991156405675503294e+01 1.458197513949507140e+00
2.993112452694420966e+01 2.171228223096882459e+00
2.993583441025504754e+01 2.878103691177614110e+00
2.992476668300758291e+01 3.609002980007090855e+00
3.079149327341877296e+01 -4.236904355214431206e+00
3.074705665741371519e+01 -3.502488323209611565e+00
3.074724399195704194e+01 -2.814617112073431571e+00
3.073005572554937004e+01 -2.110980921145475975e+00
3.070013891254395588e+01 -1.419301914535832765e+00
3.070554998017635029e+01 -7.149945957827945620e-01
3.070376772153623079e+01 -4.047115480521057407e-03
3.072000175443360348e+01 7.109471033215477576e-01
3.072465122018521555e+01 1.449774717362963372e+00
3.072532659590337545e+01 2.183701210513476099e+00
3.069493790162537294e+01 2.920606894101574369e+00
3.070360390573747367e+01 3.655867437455157187e+00
3.163199674450675758e+01 -4.192396163178418789e+00
3.155388980286634393e+01 -3.556191846088616160e+00
3.144485571508470656e+01 -2.807342986525735995e+00
3.146574081605543682e+01 -2.150335077999518063e+00
3.145231829369701160e+01 -1.430143891420087243e+00
3.145907044457405988e+01 -1.893863445608445772e-02
3.146070812917434267e+01 7.081315858274486175e-01
3.143390972718500365e+01 1.451681038404647239e+00
3.145331720559024546e+01 2.197189776764854940e+00
3.149932628518516964e+01 2.940462992175383761e+00
3.158537890471745158e+01 3.651358314223834611e+00
3.231658047282791557e+01 -4.213005315064133782e+00
3.231682210036365888e+01 -3.558461360188065470e+00
3.228804935434433077e+01 -2.829266179146692650e+00
3.224886412726846885e+01 -2.113004837119266455e+00
3.224171082115788778e+01 -1.431302361437790438e+00
3.221092162630565525e+01 4.557227260416851777e-03
3.220147369378661750e+01 7.242602009038705546e-01
3.228091613540821214e+01 1.433997300207082048e+00
3.227248192811396876e+01 2.187653857398995427e+00
3.229882605353630964e+01 2.909388153843281088e+00
3.228762563443739708e+01 3.652594839361597678e+00
3.312870972974443617e+01 -4.227884114072811172e+00
3.306558906932917097e+01 -3.522875850469052494e+00
3.309465926604108432e+01 -2.824426285474231690e+00
3.304647957415921411e+01 -2.111476291678076933e+00
3.299416587846160809e+01 -1.383753707140684241e+00
3.304200243718344865e+01 -7.061999972514030333e-01
3.299425444959084786e+01 -2.577136745788521921e-03
3.299403151259884481e+01 7.315080965869178442e-01
3.300117772201105737e+01 1.458689328348224734e+00
3.299099540300324662e+01 2.218055364134983165e+00
3.304396093947905655e+01 2.934425236714652385e+00
3.302964307469174088e+01 3.673470603734479312e+00
3.389275334217510505e+01 -4.181665810313479170e+00
3.386646861343692905e+01 -3.476773019307550783e+00
3.379968182420767420e+01 -2.799053183133395351e+00
3.378559158936946716e+01 -2.119778715894796051e+00
3.377310579494069742e+01 -1.420212618642054281e+00
3.376035590110222273e+01 -6.963219257947486085e-01
3.373387532326429294e+01 2.177858046111680324e-02
3.375025313859371323e+01 7.655914221243591555e-01
3.375426310626505000e+01 1.511606839705329719e+00
3.378533486003990305e+01 2.225211280740442277e+00
3.381206664290721875e+01 2.959802877585005376e+00
3.380307997511986429e+01 3.689331396283819231e+00
3.463576784489540472e+01 -4.190508850835538368e+00
3.460609587151696331e+01 -3.506674321812866424e+00
3.457794167454962775e+01 -2.797500652864322035e+00
3.453868600365033359e+01 -2.099883508995350923e+00
3.452305864123560042e+01 -1.417196768266922646e+00
3.451211175555481958e+01 -6.881383401447358494e-01
3.452021630047190826e+01 6.179648863050601904e-02
3.448581264071200536e+01 7.357700000987783540e-01
3.447983959978171953e+01 1.517807046564549012e+00
3.455101683150082437e+01 2.234531567954288533e+00
3.456527027694523468e+01 2.983784930977996908e+00
3.453775640964047255e+01 3.722683021825041294e+00
3.538708780184790470e+01 -4.183979830960456781e+00
3.537332071830127944e+01 -3.486299433447186402e+00
3.534953948416799818e+01 -2.779071906608663767e+00
3.529447330293744045e+01 -2.083271295880532392e+00
3.527372125204876596e+01 -1.365784002607028924e+00
3.525632213460834663e+01 -6.443043473935574639e-01
3.528215929853049460e+01 1.195590883906909596e-01
3.528630690632692080e+01 8.241028372671941327e-01
3.533523486977284023e+01 2.224466077918975770e+00
3.532411451282130344e+01 3.009498175071307458e+00
3.536949051505600750e+01 3.780778664056228422e+00
3.615801711104952432e+01 -4.189395807375387193e+00
3.613853419835388792e+01 -3.448242938749395137e+00
3.610018535492147151e+01 -2.793810765033978072e+00
3.604770893028337042e+01 -2.052719309795101310e+00
3.602286472314471411e+01 -1.333718515877450272e+00
3.600958029108289082e+01 -6.007621336742552387e-01
3.604803593196567846e+01 1.246633302295450108e-01
3.603667873863631854e+01 8.119969352094429382e-01
3.604790383487968342e+01 1.579366604529663931e+00
3.605369278501947150e+01 2.286999781971537971e+00
3.616843639632069340e+01 3.048404648877749423e+00
3.623158650666437808e+01 3.759474417610661590e+00
3.694252813221705622e+01 -4.160322013648425354e+00
3.687322541291971589e+01 -3.425024946262436032e+00
3.685545642932027732e+01 -2.717324837807716165e+00
3.678484669133899132e+01 -1.286281992798105733e+00
3.677024343607809698e+01 -5.683511058213994716e-01
3.671277880433603258e+01 2.089822440096718026e-01
3.679256123152170943e+01 8.950474177970804135e-01
3.693090336281063202e+01 1.580156304902210707e+00
3.692658610760150140e+01 2.326829750783463879e+00
3.691147605105552287e+01 3.060438359251953955e+00
3.696031237241805201e+01 3.777585472862121208e+00
3.773975890675870204e+01 -4.089857251832665241e+00
3.767486957069666431e+01 -3.386744305519059139e+00
3.764098879538358489e+01 -2.670482850915441020e+00
3.761449773600491397e+01 -1.956041451010605670e+00
3.760039850219174440e+01 -1.225612535509551293e+00
3.756916221585030513e+01 -5.028169761594298848e-01
3.770120863771352759e+01 2.824662558217525543e-01
3.770182597683510295e+01 9.263731263430265983e-01
3.773637326640879763e+01 1.586827791889668049e+00
3.785639288897166210e+01 2.424921170466845410e+00
3.861653057812267065e+01 -4.029188574156471248e+00
3.857855731098496932e+01 -3.293026106971847611e+00
3.852316766408086579e+01 -2.602841952116577318e+00
3.860715196028748863e+01 -1.867509366246689950e+00
3.870451043015994941e+01 -1.115917742677527968e+00
3.853863062515652160e+01 -3.501518937023533340e-01
3.861136914117341945e+01 2.660765540378584149e+00
3.865576521607329852e+01 3.200264970425578781e+00
3.955007822856253341e+01 -3.250199027385590966e+00
3.951865434951020717e+01 -2.953491374192488195e+00
3.948026535623073840e+01 -1.746230144831642406e+00
4.000150483367934129e+01 1.140135648332499585e+00
4.000860354183563317e+01 1.887999017694472315e+00
4.001054479397186725e+01 2.632096684127731123e+00
4.001465837192287012e+01 3.331747949464620717e+00
3.999851140946496031e+01 4.010681680748554356e+00
4.073953486314986350e+01 -3.977998534616499882e+00
4.073298799123471525e+01 -3.227989135764889994e+00
4.071880690912967538e+01 -2.461735174441500362e+00
4.071796175404440277e+01 -1.775544942131645598e+00
4.072848216725710557e+01 -1.061213985974049479e+00
4.073541520734863042e+01 -3.529745923605993596e-01
4.075004042471559984e+01 1.130007377321671669e+00
4.072939894122080062e+01 1.852202336924950288e+00
4.071592445736731491e+01 2.522646444929129927e+00
4.070216938475714841e+01 3.321929114025287788e+00
4.071501156109255959e+01 3.977998534616496329e+00
