-4.027443997249598340e+00 -4.156475328719569262e+00
-3.972177714613025046e+00 -2.888410280059254376e+00
-4.025757982156591197e+00 -1.972599493969109830e+00
-4.025522158973281250e+00 -1.253174877931193976e+00
-4.058443161496064988e+00 -5.058611956466378956e-01
-4.029210675893494908e+00 2.627060614578233810e-01
-4.027086768044128462e+00 9.656598175536039719e-01
-4.032498027506996152e+00 1.698531996564057067e+00
-4.017251354805054575e+00 2.400929251429047895e+00
-4.036271603304278699e+00 3.088628989930704449e+00
-4.027883972978578697e+00 3.846036806213909642e+00
-3.122920854473285601e+00 -4.129583093237485514e+00
-3.172172242974298229e+00 -3.419268477104701276e+00
-3.179809942888454088e+00 -2.667465494465368181e+00
-3.216909941740546230e+00 -1.947755354908125014e+00
-3.197328860187930388e+00 -1.218648079155915553e+00
-3.199315555462149518e+00 -5.129867263723042470e-01
-3.196430079995323581e+00 9.755893933692583175e-01
-3.243012857502030499e+00 1.701739375776252672e+00
-3.254438228654784382e+00 2.411594034120778218e+00
-3.270997495295581814e+00 3.195991868283947213e+00
-2.433117130065276967e+00 -3.397434650716498084e+00
-2.486745063086011953e+00 -2.659539491997904292e+00
-2.447286832623490227e+00 -1.947855224411000563e+00
-2.467748290185483029e+00 -1.210992059804130605e+00
-2.467585566638426542e+00 -4.959749089437792691e-01
-2.443170228543998235e+00 9.814865190340889001e-01
-2.475292576241706399e+00 1.703507938480292694e+00
-2.516788617837363518e+00 2.452039063480444980e+00
-2.503607217001494689e+00 3.218710319411073328e+00
-2.514201631359867406e+00 3.930841608321905767e+00
-1.705817264016992851e+00 -4.103806964947086300e+00
-1.714623328791645918e+00 -3.391676099376969233e+00
-1.705919851365116813e+00 -2.659368098693516203e+00
-1.721319602586270037e+00 -1.920973471299582513e+00
-1.755538864343307637e+00 -1.225256593671751659e+00
-1.714631028089200981e+00 -5.041359441019039878e-01
-1.724510480050128081e+00 9.426334234806468260e-01
-1.746936356092575693e+00 1.734292348355893409e+00
-1.747305372727659289e+00 2.480859092270129906e+00
-1.741183788121169584e+00 3.191606879772464822e+00
-1.732359944429084919e+00 3.925587442097146607e+00
-9.641699454187531160e-01 -4.072900830120893545e+00
-9.706720808091944264e-01 -3.349547574111213066e+00
-9.745873834699523286e-01 -2.655699501752241787e+00
-9.717410181679753123e-01 -1.934704492488215521e+00
-9.692356835474740251e-01 -1.207589615195374222e+00
-9.672418204420267784e-01 -4.677444010926912199e-01
-9.703468444672935789e-01 2.720726063588578825e-01
-9.991674001758070744e-01 1.691555061711614627e+00
-9.858632822982045241e-01 2.493362328978751208e+00
-1.058565942235858870e+00 3.208838393971049641e+00
-1.008771869883595684e+00 3.956546017034533236e+00
-2.127444417480717220e-01 -4.060138789305735685e+00
-2.425108436050962268e-01 -3.392149599396546478e+00
-2.699592659900247327e-01 -2.669637312502509019e+00
-2.432674817514666188e-01 -1.926961831946741199e+00
-2.385010889457035432e-01 -1.220203588734570133e+00
-2.587594085945852385e-01 -4.810172739355778049e-01
-2.996473154617902424e-01 2.362006875475195500e-01
-2.473236371064473360e-01 9.745447900772710170e-01
-2.502015243610102857e-01 1.715554153854466080e+00
-2.314987851338088376e-01 2.504720371864731732e+00
-2.975677629430251159e-01 3.154184612205966687e+00
-2.443579567201865643e-01 3.917666913599731515e+00
5.213207806179127601e-01 -4.073229813933718191e+00
5.716520904814927917e-01 -3.291962698098284790e+00
4.915611745894636897e-01 -2.615498456235243907e+00
4.958985739049239783e-01 -1.937830870047420717e+00
4.946013353222085129e-01 -1.206364206829391605e+00
4.915114186312621314e-01 -5.243142278818417878e-01
4.864128739741246932e-01 2.091451888050670505e-01
5.156908020857855490e-01 9.632177734975222450e-01
5.373561319199282593e-01 1.695479974036903315e+00
5.019211959693805625e-01 2.506740152857190651e+00
5.014919061060183481e-01 3.173866639367957987e+00
4.917784180137019234e-01 3.885377285126395464e+00
1.232968916596369979e+00 -4.047417866742435422e+00
1.234723335883131767e+00 -3.331989638010735888e+00
1.235230804807372351e+00 -2.611145750348647709e+00
1.322719878805486360e+00 -1.913482284566843106e+00
1.212709425680081665e+00 -1.225683613493504964e+00
1.236030125528962742e+00 -4.974201557634856385e-01
1.169546805923410204e+00 2.643451334841344647e-01
1.257213035687797742e+00 9.305212939898979130e-01
1.268510554023727366e+00 1.685265364890799589e+00
1.288782840290934928e+00 2.432204136181834286e+00
1.318995009505421478e+00 3.157016208852276407e+00
1.977831299787041530e+00 -4.045055408281363896e+00
1.985050900005667529e+00 -3.331804003645714829e+00
1.984762954759865750e+00 -2.607779338091361865e+00
1.960256426184763257e+00 -1.200995244581555710e+00
1.970846010808166682e+00 -5.001977786148508187e-01
1.988494065373672015e+00 2.430915824489723320e-01
2.014903031410256062e+00 9.531716688000813065e-01
2.063973713004074284e+00 1.698709835670840107e+00
2.029843873468159643e+00 2.409459317311355875e+00
2.070021929213794465e+00 3.116500558966478707e+00
2.122664909516863929e+00 3.793403975773728121e+00
2.706038680097009319e+00 -4.055365201529202324e+00
2.725162099108189295e+00 -3.329797228747530369e+00
2.714895765080321155e+00 -2.600216158992587623e+00
2.735117138690107197e+00 -1.885226226391075954e+00
2.713321360089999246e+00 -1.199080805342866540e+00
2.712653823963293576e+00 -4.580068556910177335e-01
2.740868004634471333e+00 2.387193956590216715e-01
2.775211671695664961e+00 1.014561114671604258e+00
2.798255185315419169e+00 1.679894334901465669e+00
2.829903901314295922e+00 2.427398876161685592e+00
2.806314590797711617e+00 3.121433150562353376e+00
2.807614416966508486e+00 3.854947716678196912e+00
3.476807858887440261e+00 -4.059768431257989363e+00
3.460560850435690838e+00 -3.349540475225030178e+00
3.470232757137935664e+00 -2.609499316494996890e+00
3.466387260767461953e+00 -1.862354833508874208e+00
3.444373930604989198e+00 -1.151943792433641534e+00
3.519548385724846185e+00 -4.671339059104795410e-01
3.489319356981589237e+00 2.588018318691034381e-01
3.515039705165619921e+00 9.452735570547261545e-01
3.514784364330921562e+00 1.696927587163777673e+00
3.556080789988335766e+00 2.435101461918151244e+00
3.576469201055800795e+00 3.143989231854213529e+00
3.584538358746399922e+00 3.849909664761590022e+00
4.235116523025283186e+00 -4.064470892335457108e+00
4.213919119689634840e+00 -3.381980184535354539e+00
4.220633960142457397e+00 -2.604760654379674634e+00
4.212200907719321208e+00 -1.899935831576563317e+00
4.304675012748788276e+00 -4.550295580639449611e-01
4.285186481483705734e+00 2.657345150913883458e-01
4.217362806308720735e+00 9.554924878822141920e-01
4.290263040646408399e+00 1.693784738744472662e+00
4.316662213807340720e+00 3.130454939996496933e+00
4.353803140885922573e+00 3.842211108307040490e+00
4.961729308111777925e+00 -4.069335768445348833e+00
4.935379238782850564e+00 -3.360343675799299490e+00
4.969658686520617152e+00 -1.901380535640257108e+00
5.028321554711787655e+00 -1.201542127015400752e+00
5.067336293194905750e+00 -4.619237119799421976e-01
5.099399716358085755e+00 2.582193588736636514e-01
5.050789414171127589e+00 9.796498438396739061e-01
5.026387751811526527e+00 1.670645687682288383e+00
5.067127589399042620e+00 2.402656597626812385e+00
5.077590875871379694e+00 3.135282774329169797e+00
5.081290001763342445e+00 3.872324390281669082e+00
5.792828552121342511e+00 -4.060540142763478855e+00
5.777606502002043953e+00 -3.362686079185042587e+00
5.807864733426889359e+00 -2.531698100121936079e+00
5.737765181433118755e+00 -1.948474851993470480e+00
5.796072162816635398e+00 -1.244325007150454354e+00
5.836443637222046732e+00 2.086910567488757806e-01
5.841910299408091589e+00 9.502555091118658481e-01
5.813173561425330149e+00 1.656814857803702523e+00
5.802703577488195208e+00 2.397611907352640515e+00
5.795016544615052112e+00 3.112771791984336289e+00
5.797852670596640223e+00 3.856795258592761400e+00
6.570425473501472879e+00 -2.674056424714709834e+00
6.603134404874509755e+00 -1.258427856615639939e+00
6.589348092520459943e+00 -5.406259107471065306e-01
6.556101766170080225e+00 2.054856876225201745e-01
6.544165365219825503e+00 9.400866571323476251e-01
6.562527897900345408e+00 1.649761010719792864e+00
6.559189645764462284e+00 2.382551041266069092e+00
6.553351607305373250e+00 3.108220499315336838e+00
6.593817224532806165e+00 3.810480206892471244e+00
7.371758265500133689e+00 -1.978793972391326150e+00
7.334284528313325779e+00 -1.267160202850078576e+00
7.346439861601318455e+00 -5.710726661525953318e-01
7.305204725331776672e+00 1.590094205137049244e-01
7.288979989875677745e+00 9.529371587229391594e-01
7.305543501790921823e+00 1.655850807284323878e+00
7.337150212789957493e+00 2.327272188508459294e+00
7.330285303803684371e+00 3.061228183125301427e+00
7.399257468238680246e+00 3.753138111630192952e+00
8.272480469688687776e+00 -4.109475492863779778e+00
8.276252361925848788e+00 -3.391797364430889417e+00
8.252934676510008671e+00 -2.677219004301953476e+00
8.209192839670166109e+00 -1.991618921365525097e+00
8.181451977164854839e+00 -1.257336026119450167e+00
8.156128092563520227e+00 -5.498018700581148721e-01
8.073677300379038968e+00 9.113725954398930185e-01
8.053319548229943337e+00 1.584191068720524953e+00
8.087136551200067913e+00 2.340327547501001249e+00
8.127721940827704827e+00 3.083956356514697461e+00
8.159303158735554007e+00 3.741867004552624110e+00
9.039077302541173253e+00 -3.423349735217133372e+00
9.042542718504506638e+00 -2.687609517526727387e+00
9.041425765863927211e+00 -1.994968348183931539e+00
8.982223382129895128e+00 -1.288992918829848122e+00
8.881561988128552798e+00 1.516205632412557236e-01
8.834211934697350443e+00 8.766758881173366547e-01
8.834976481871144927e+00 1.595372314030758076e+00
8.850823733270331672e+00 2.314172571700304104e+00
8.899596654815617569e+00 2.987961255237678415e+00
8.933357141056546880e+00 3.770738731244293263e+00
9.843998268178367539e+00 -3.428909220009593639e+00
9.833164211771666885e+00 -2.692959036881998003e+00
9.854116365971925973e+00 -2.045936617637323707e+00
9.766263294115788085e+00 -1.253074194518152495e+00
9.767397844957272923e+00 -5.370636670536832469e-01
9.677311128310464028e+00 1.429126015856354570e-01
9.611308545172718709e+00 8.594315980786753073e-01
9.583202406595859202e+00 1.588416778574440968e+00
9.619365088117227458e+00 2.306560611767491054e+00
9.680462718364339025e+00 3.019873731657384042e+00
9.688013323950691813e+00 3.718716316379428122e+00
1.075779131753734674e+01 -4.222332179456198986e+00
1.070171018298812982e+01 -3.466634039800293721e+00
1.069475122693250313e+01 -2.769852353683489810e+00
1.060391501903154676e+01 -2.040783836083466696e+00
1.058740048258761135e+01 -1.280621306703238815e+00
1.054474501232011363e+01 -5.723057486159781604e-01
1.052013689562579657e+01 1.788117237296056317e-01
1.050875589643051455e+01 8.227546291697436232e-01
1.057462797063736559e+01 1.559711278665162126e+00
1.050727673707333309e+01 2.337032325782956832e+00
1.049011519766595057e+01 3.006019941024334230e+00
1.053094489365094688e+01 3.728410460294433904e+00
1.164155170954169449e+01 -4.156467694494512699e+00
1.164122032413314400e+01 -3.449498630214065997e+00
1.161579043587506277e+01 -2.698257995263688258e+00
1.154891538289653141e+01 -1.267903877236449262e+00
1.150482428523118728e+01 1.243317342893917044e-01
1.128159433894727925e+01 8.638285160017282749e-01
1.128359114528680607e+01 1.586046808319199641e+00
1.127019597014720631e+01 2.308790113054396187e+00
1.130598729533825519e+01 3.032614963672919828e+00
1.131722287005931094e+01 3.732942989480825702e+00
1.235387425744700352e+01 -3.447321463319411805e+00
1.256102294154459287e+01 -2.701140544491458684e+00
1.238104081355545105e+01 -2.042430878119450455e+00
1.238188028992767187e+01 -1.311168384753045757e+00
1.232002726258420466e+01 -5.817155956997943633e-01
1.226857523033834241e+01 1.458973624139154879e-01
1.218317639696273602e+01 8.540192931611052529e-01
1.206668059453187425e+01 1.578466863981905277e+00
1.202842312324953866e+01 2.350425090453523325e+00
1.205185307327192135e+01 3.034757235693120947e+00
1.212486755140614747e+01 3.731249915332817579e+00
1.328979176882475599e+01 -4.200077590345419054e+00
1.326943268814468269e+01 -3.473772906757236711e+00
1.324846959627875975e+01 -2.725214596345558959e+00
1.311491153933071985e+01 -2.094549960396154376e+00
1.298898809789007913e+01 1.880067155942057866e-01
1.295556127888560383e+01 8.758677844226276932e-01
1.288892152509951217e+01 1.576713529058082486e+00
1.291909096618769581e+01 2.285410633876963971e+00
1.299165080207393430e+01 2.998431949859828194e+00
1.302930981136604771e+01 3.723526749728229390e+00
1.422911441533825183e+01 -4.225310388981732501e+00
1.415382422615381586e+01 -3.473166421753333566e+00
1.409848081799037089e+01 -2.714463717643614160e+00
1.396435406280907188e+01 -1.300501261715353962e+00
1.391025479138414767e+01 1.703512302830603176e-01
1.388699768296620363e+01 8.414679655435080008e-01
1.370980881143550079e+01 1.597832662184181629e+00
1.376169362828574805e+01 3.032049783157489742e+00
1.375993659375934897e+01 3.731433577333795881e+00
1.498647647470201605e+01 -4.221898553812010846e+00
1.498407439017132958e+01 -3.508657022611004095e+00
1.501234958762018579e+01 -2.791925188317783579e+00
1.499211546255405381e+01 -2.093034500401735443e+00
1.485244377604868049e+01 -1.326678434352942304e+00
1.494952566151322060e+01 -6.039827690304093721e-01
1.467561550930875569e+01 1.762698326979581509e-01
1.457297231487566336e+01 1.605774605044402392e+00
1.459136835957792044e+01 2.318182926596556115e+00
1.451424278519321831e+01 3.042701919162908553e+00
1.458204396390837587e+01 3.704945135057727157e+00
1.574279308748572959e+01 -4.284320246900634288e+00
1.574474895000105334e+01 -3.538844600572879528e+00
1.572576466584962418e+01 -2.844614833736702764e+00
1.570568863146529281e+01 -2.109955478652043581e+00
1.566040890349068349e+01 -1.361939887177051389e+00
1.562425474472846787e+01 -6.441325422287889069e-01
1.558997169373314762e+01 1.131889189031554110e-01
1.544588887377184960e+01 1.627078659267596095e+00
1.540931672687682408e+01 2.304233606769155784e+00
1.537290086529309008e+01 2.945152064219882959e+00
1.539116702206722209e+01 3.724495970508762355e+00
1.649179277413808364e+01 -4.238658445143943965e+00
1.647042634332804312e+01 -3.539842735209308699e+00
1.643918079552976508e+01 -2.829404783546650037e+00
1.641519120149841626e+01 -2.074028432810571587e+00
1.638967942015511170e+01 -1.372070282686586040e+00
1.635653938103707361e+01 -6.572349587693118167e-01
1.634152949878707517e+01 1.715881581766538488e-01
1.625344046821653166e+01 8.566071099547869494e-01
1.622398896425497128e+01 1.536656507445975706e+00
1.620491794450613554e+01 2.348980416734242738e+00
1.619517393296440844e+01 3.058091493802450600e+00
1.623145237166134791e+01 3.786034794092401512e+00
1.722116518807673202e+01 -4.199879745712042478e+00
1.720569684845926162e+01 -3.546457547582242853e+00
1.716754451311004459e+01 -2.769577804450136682e+00
1.712723185414064631e+01 -2.059005760716164701e+00
1.707693135725524769e+01 -1.354163021443145709e+00
1.709303171274634536e+01 -5.971091651024380553e-01
1.704361841965463498e+01 1.254145262282442275e-01
1.701013436319934868e+01 9.245116643855588734e-01
1.698033110284969638e+01 1.614486110455253254e+00
1.696355981646134836e+01 2.364410800874630070e+00
1.692563418804779474e+01 3.118580963240439985e+00
1.694329136243845113e+01 3.828214540505882724e+00
1.795110499712768615e+01 -4.240085642240199348e+00
1.792477914816740991e+01 -3.503281829267724135e+00
1.788184915675671505e+01 -2.765850855071846581e+00
1.785531269843154689e+01 -2.045457131664402795e+00
1.782954346685924207e+01 -1.305569495309864436e+00
1.782326561212037319e+01 -5.850420925380532822e-01
1.780080886050920697e+01 1.939266890966884205e-01
1.777527689889652862e+01 8.817068944212635984e-01
1.770554737972624793e+01 1.612948166522791382e+00
1.770024790604477971e+01 2.371049273764857190e+00
1.766155164224070973e+01 3.125444738279867352e+00
1.771664988224319615e+01 3.868055979149389145e+00
1.877183915056200902e+01 -4.137406896586433902e+00
1.864396821350936051e+01 -3.429127640211181216e+00
1.862541486523543455e+01 -2.713640489739077566e+00
1.859731243261235534e+01 -2.009096083151000300e+00
1.855869910075777796e+01 -1.277623616753508884e+00
1.852847693727794365e+01 -5.611002834184901644e-01
1.852055893425747968e+01 1.627671879665264498e-01
1.849456341313187835e+01 8.937469268616879958e-01
1.846972178122224051e+01 1.632337193020813260e+00
1.846593726978957051e+01 2.367054308856278766e+00
1.845245359800686202e+01 3.095628411909537192e+00
1.853100461804336874e+01 3.826304516006047152e+00
1.953129393375478173e+01 -4.202000690536053185e+00
1.950885380655456913e+01 -3.443120772955303721e+00
1.945449866959778262e+01 -2.687932894498786141e+00
1.940309583317511510e+01 -1.951121666334731941e+00
1.941249375711678482e+01 -1.220947854821655909e+00
1.928743128240292748e+01 1.694586130773458876e-01
1.952758424800522619e+01 8.855157274538569823e-01
1.936272188869767774e+01 1.642079177696377457e+00
1.927159002064479409e+01 2.394070348149753613e+00
1.937876988623434471e+01 3.119856018494850503e+00
1.941238488387528349e+01 3.731094842438295700e+00
2.026266066367764296e+01 -4.192334704746020435e+00
2.022341513277408609e+01 -3.428932499124485389e+00
2.020344817169966234e+01 -2.715118076735269170e+00
2.024286001371088162e+01 -2.008173702281840889e+00
2.026026485740787564e+01 -1.271217131818435320e+00
2.024566359311196351e+01 -5.393540566152807969e-01
2.023893132569800457e+01 1.915554474397822560e-01
2.028336431875082013e+01 9.302185839245531440e-01
2.019409626026062199e+01 1.649542526307008927e+00
2.019619215456778960e+01 2.375847044565741584e+00
2.021621998606669734e+01 3.038680566261753313e+00
2.025032763621256748e+01 3.759961446661293394e+00
2.145492098352058008e+01 -4.108364749524245241e+00
2.139403339642104385e+01 -3.440247211207903888e+00
2.142882374571095738e+01 -2.665084859098772796e+00
2.147617667988028245e+01 -1.941225516556759345e+00
2.133567324261826315e+01 -3.585689049275231355e-01
2.119863096074039532e+01 2.058444495607467672e-01
2.116573396401361862e+01 9.302669268161345428e-01
2.108576527099032916e+01 1.658252038691486518e+00
2.107190502241623875e+01 2.374255328848136060e+00
2.107570598697729025e+01 3.018100242811584621e+00
2.104055848750276425e+01 3.770023743063177335e+00
2.216775598235292932e+01 -4.181718471684323646e+00
2.217599523719361088e+01 -3.448905271055675570e+00
2.216197742753775657e+01 -2.725521648939512431e+00
2.217716085858965158e+01 -1.986631922135007500e+00
2.215652306647926650e+01 -1.260174386110854527e+00
2.214107889075739166e+01 -5.398665466574392724e-01
2.211272633005965815e+01 1.993729692153358712e-01
2.198459527340379793e+01 9.750557690273637945e-01
2.203701376373125953e+01 2.422464840665632835e+00
2.195065037841366973e+01 3.078798871532583803e+00
2.192792922591017657e+01 3.720915563971303186e+00
2.290876746095881344e+01 -4.172663998382798667e+00
2.288045644908020648e+01 -3.451769493744119899e+00
2.292338564746220442e+01 -2.726233099381008884e+00
2.291185153945485808e+01 -1.980097868933668792e+00
2.290914890014964556e+01 -1.276310842405194990e+00
2.289785815861404217e+01 -5.521293108304554664e-01
2.285743997161677044e+01 1.681738073243259635e-01
2.285141600235298398e+01 9.280471850599312233e-01
2.284472898546491848e+01 1.640790864533073545e+00
2.283066371240859382e+01 2.345353200182234588e+00
2.276510171126091819e+01 3.096689804547075653e+00
2.279664521245211262e+01 3.745160717213046553e+00
2.365080619682746743e+01 -4.176920367990067717e+00
2.364677915817740228e+01 -3.462318045868141070e+00
2.364293389462638828e+01 -2.726825703607591578e+00
2.364718243387098795e+01 -2.016542415515115039e+00
2.365000009168754502e+01 -1.256609801687357475e+00
2.363974203373025773e+01 -5.353636800206373891e-01
2.369940803519155992e+01 1.516887028349920286e-01
2.365234618332751637e+01 9.183959338460105926e-01
2.357553121858418166e+01 1.627076263238507181e+00
2.362090367529719970e+01 2.374235930415338203e+00
2.359586578673466306e+01 3.090773680535995993e+00
2.364261269548075717e+01 3.738557734523347165e+00
2.455731064237260597e+01 -4.077442418291433057e+00
2.440975752746837912e+01 -2.758045641396819292e+00
2.434294222908719263e+01 -2.071376859744219701e+00
2.441900297797337061e+01 -1.292778968207333179e+00
2.439302485701897183e+01 -5.784929981622930484e-01
2.439611856767255205e+01 1.460368940282137373e-01
2.441271640171271429e+01 8.777392653844486858e-01
2.441442463912611771e+01 1.627446982087214167e+00
2.439402586152722563e+01 2.331083253197189009e+00
2.439359586673799640e+01 3.063937631970738096e+00
2.443427543808059710e+01 3.762545987190669905e+00
2.516358211770520370e+01 -4.183412258589065402e+00
2.507518853917008528e+01 -3.463657447122752586e+00
2.517925670449938735e+01 -2.755876386557055469e+00
2.512499180404221022e+01 -2.022527200059929697e+00
2.513603783650623313e+01 -1.324195060655060985e+00
2.511703986776325337e+01 -6.055228802725878268e-01
2.514449673753836834e+01 1.278357881530958196e-01
2.514637551032126339e+01 8.524605863818202067e-01
2.517761943717329842e+01 1.597733937811991467e+00
2.519408463612541027e+01 2.281777135839750059e+00
2.518717735162304905e+01 3.034403817206914766e+00
2.521448702587057511e+01 3.741570408240171730e+00
2.589769802298379631e+01 -4.177608562556713423e+00
2.591026498531694244e+01 -3.495525165458570171e+00
2.587813481381801495e+01 -2.772504276859937278e+00
2.587584407385906360e+01 -2.043284644571443209e+00
2.588066507772622060e+01 -1.325116923931688007e+00
2.587506687069578248e+01 -5.631026679865733797e-01
2.590397839599376795e+01 1.141466343086143809e-01
2.589290090653341991e+01 8.419091100303646158e-01
2.593680558861009899e+01 1.587805397651212758e+00
2.598791997402021536e+01 2.345646224170028660e+00
2.595539692866186243e+01 3.035182273583707513e+00
2.599029386564238564e+01 3.732730925130660182e+00
2.669548696436833524e+01 -4.234716933660536142e+00
2.666651048442208349e+01 -3.510809631991268276e+00
2.667251584604878190e+01 -2.783726489682816663e+00
2.665089912317528587e+01 -2.057170414120768953e+00
2.665419015745498399e+01 -1.340660363794938803e+00
2.663320898605002895e+01 -6.545836664784268066e-01
2.664620328656752690e+01 1.027591679762167587e-01
2.665972705706301582e+01 7.673287973159759190e-01
2.667164954193003723e+01 1.559671628646512431e+00
2.671129637228858655e+01 2.252051813219186016e+00
2.675555056356700590e+01 2.987972329178724351e+00
2.676133795490571998e+01 3.691358068738473719e+00
2.748366841112909498e+01 -4.245341198729938981e+00
2.741159296788106303e+01 -3.506917364038812934e+00
2.741864041208064151e+01 -2.787065185820132740e+00
2.744310349518453052e+01 -2.092560303980548042e+00
2.741724686053298399e+01 -1.359743285251433065e+00
2.743313092724839208e+01 -6.554131771102262860e-01
2.745598771120403114e+01 4.316604956733982590e-02
2.747751144283791547e+01 7.419243246344500164e-01
2.747400334201269345e+01 1.496330773513069090e+00
2.744417078863477144e+01 2.244545128470548434e+00
2.750187494315673575e+01 2.964524524822792273e+00
2.754330735532311536e+01 3.678128973806472857e+00
2.844351151233257013e+01 -4.116815830448569358e+00
2.823717961206444471e+01 -3.522297345982408956e+00
2.838874695649254676e+01 -2.753523816732155183e+00
2.819082689513211193e+01 -2.122531221836094772e+00
2.819150834353471424e+01 -1.431104957496827979e+00
2.816380722733243402e+01 -6.867598033612871689e-01
2.816844166738001576e+01 2.524106070346832098e-02
2.821364581676002814e+01 7.378017945642874054e-01
2.825059208057745508e+01 1.444455302584266576e+00
2.829139926988977294e+01 2.164380817812968871e+00
2.831358633744203956e+01 2.885993072378290947e+00
2.830484510656513208e+01 3.626744805780418801e+00
2.910888642241260271e+01 -4.239380224176496625e+00
2.906329538613479002e+01 -3.547834705985209780e+00
2.903751883401370293e+01 -2.846002260068914325e+00
2.903734134625467078e+01 -2.129114512331575781e+00
2.900506456303191527e+01 -1.438739001144188734e+00
2.899775946115939718e+01 -7.153346673483262919e-01
2.902494330702980818e+01 1.611067584752490234e-02
2.897436117375654163e+01 7.250894388280322289e-01
2.899872388148731517e+01 1.413280911608630674e+00
2.903737314651252888e+01 2.133815383891260353e+00
2.905187721169669857e+01 2.852090003169557519e+00
2.907152067199861989e+01 3.599577451275628448e+00
2.989428615388350607e+01 -4.242299441616037114e+00
2.978583238673626710e+01 -2.140567266965888393e+00
2.977090576688579660e+01 -1.472156717676977422e+00
2.992759525475181448e+01 -6.907963660590006327e-01
2.982133744357148686e+01 -3.543900761243179431e-02
2.976474898575221317e+01 6.830546029208477421e-01
2.979476120899901304e+01 1.413691512573585385e+00
2.981348619631771868e+01 2.126300814493450986e+00
2.981885429922343889e+01 2.835621356944642457e+00
2.981191190960769433e+01 3.567975512485197953e+00
3.066830236969509116e+01 -4.256256757527591361e+00
3.062035355175880369e+01 -3.526683439190307467e+00
3.062493734948818513e+01 -2.849637474544014282e+00
3.060223451596147726e+01 -2.146214029563140002e+00
3.057644394086288031e+01 -1.460332752017350799e+00
3.057967092616748772e+01 -7.549233869470306502e-01
3.058151606433968794e+01 -4.909618881847777061e-02
3.059816569824847221e+01 6.685455079910056497e-01
3.060461815275804298e+01 1.406774807551357753e+00
3.060853068198212412e+01 2.139303983874018655e+00
3.057962505033886913e+01 2.877347798676858304e+00
3.058799279488962242e+01 3.614099741768448837e+00
3.150959661022098857e+01 -4.215966538219582560e+00
3.143142055603696150e+01 -3.588146468688549362e+00
3.131879965405715183e+01 -2.843554391536592618e+00
3.133991533385702866e+01 -2.188066391036212366e+00
3.132984842982749996e+01 -1.471816700121376442e+00
3.133635706516411545e+01 -6.184020305980197918e-02
3.134059387985877976e+01 6.624163833167244775e-01
3.131444381092175178e+01 1.405842310516071336e+00
3.133785319335382979e+01 2.154510167978482826e+00
3.139109304722668270e+01 2.899003451049779301e+00
3.147865544489167888e+01 3.606421934536520268e+00
3.220340269281022216e+01 -4.239669328185726727e+00
3.219744075645761683e+01 -3.589147326921906966e+00
3.216470194230810620e+01 -2.864278195086601642e+00
3.212258827173577203e+01 -2.149425110685871942e+00
3.211910661922741639e+01 -1.472301625545341608e+00
3.208466499683739670e+01 -4.062884827850155034e-02
3.208041036598849161e+01 6.783484966410782135e-01
3.216457788786406269e+01 1.392553728857055972e+00
3.216061271082256923e+01 2.146526098731659005e+00
3.219750236315007186e+01 2.860757183100822942e+00
3.218203883709659152e+01 3.608300526727838076e+00
3.301566671683641374e+01 -4.256494304997374911e+00
3.294643175797663304e+01 -3.549869925364827594e+00
3.297537199836686028e+01 -2.855979258502319595e+00
3.292757997912384127e+01 -2.144400454105266363e+00
3.287162991691644010e+01 -1.425472842266255924e+00
3.292048421629802846e+01 -7.479122658257431056e-01
3.287601134231643840e+01 -4.415105911236238967e-02
3.287720755914613591e+01 6.867806676337622207e-01
3.288757226786692200e+01 1.414454723630267807e+00
3.287866405471627473e+01 2.173744959832703216e+00
3.293341005489235584e+01 2.893237307290405624e+00
3.292847420058961205e+01 3.626974279054870465e+00
3.378491317506136937e+01 -4.206058151515460253e+00
3.375353385237757919e+01 -3.504485232771717307e+00
3.368152662201318748e+01 -2.828838845470240670e+00
3.366711541833955579e+01 -2.156028068887028581e+00
3.365287295553775238e+01 -1.459311279409867268e+00
3.363983336370716160e+01 -7.358551710362917220e-01
3.361623197083145698e+01 -1.717715745668613181e-02
3.363400007564776928e+01 7.233718279011611685e-01
3.363756372396854744e+01 1.470239844581943345e+00
3.367394783664696689e+01 2.185323934156521375e+00
3.371122490930647331e+01 2.916098981633304277e+00
3.370672852180717172e+01 3.644038701256164359e+00
3.453045815760588511e+01 -4.214069445724884844e+00
3.449655072357155206e+01 -3.535319089490862154e+00
3.446629354666703904e+01 -2.827267751196171020e+00
3.442255925761903512e+01 -2.135076358819482323e+00
3.440139147225071525e+01 -1.456674097536524215e+00
3.439528466688050656e+01 -7.255953516745350385e-01
3.440538988235908135e+01 2.205729138671941314e-02
3.436655784176459605e+01 6.852504482177721457e-01
3.436943889075295289e+01 1.476382257489440519e+00
3.444981034965679356e+01 2.194527207140254177e+00
3.446654666865229188e+01 2.942320155705125728e+00
3.444084898987423315e+01 3.682357723064995980e+00
3.528450802004838494e+01 -4.205695014133439713e+00
3.526778259470079746e+01 -3.513354421436858388e+00
3.524007264335379119e+01 -2.808831310771370937e+00
3.518262292086411236e+01 -2.118312444008655149e+00
3.516212316769199475e+01 -1.398943322695593849e+00
3.514151720848951044e+01 -6.815806884929962450e-01
3.517203792090626990e+01 8.218583127736067695e-02
3.517849539225969835e+01 7.841709686604474427e-01
3.523628064818303329e+01 2.182211104884711261e+00
3.523069179974346099e+01 2.968189321477005649e+00
3.528171289770897801e+01 3.744129160795651501e+00
3.606177352029032335e+01 -4.210555060379647330e+00
3.604299917259823616e+01 -3.469619900733384554e+00
3.599469679537961753e+01 -2.826841211802307186e+00
3.593972044012991063e+01 -2.082926250013358072e+00
3.591514714559311727e+01 -1.364914466413473804e+00
3.589864220876491885e+01 -6.331422165408184810e-01
3.594035651907571349e+01 9.314703246733557762e-02
3.593118782212071238e+01 7.742707482518476070e-01
3.595216651770783045e+01 1.539462502651403497e+00
3.595692566445797667e+01 2.246485925665897554e+00
3.608229264107014700e+01 3.009385382631933226e+00
3.615304178801894608e+01 3.723743175778196246e+00
3.684963860555016169e+01 -4.171778783198860197e+00
3.677669044533244147e+01 -3.443228821887142743e+00
3.675619838255787641e+01 -2.741255468730429357e+00
3.668176137861474473e+01 -1.312815806891741488e+00
3.666965853381221763e+01 -5.962920274822316458e-01
3.663789289979927588e+01 1.983404400246833177e-01
3.668791312658618864e+01 8.576253517106628976e-01
3.684529553119345024e+01 1.545047118513966922e+00
3.684747895593826428e+01 2.293494280919968986e+00
3.683774743735606449e+01 3.027385269995988892e+00
3.688829082488985733e+01 3.744168792934786438e+00
3.765724148733958287e+01 -4.103175664816184565e+00
3.758342048102981181e+01 -3.400964075665754649e+00
3.755125409508831780e+01 -2.684607801728802201e+00
3.752337955590872554e+01 -1.973303822726204970e+00
3.750433282608893393e+01 -1.250005086242715890e+00
3.747455209993051284e+01 -5.238935457831459530e-01
3.760756413345298910e+01 2.537806888183737897e-01
3.761634996794111174e+01 8.925018904463541958e-01
3.767400273623189122e+01 1.543677331578685141e+00
3.779403797706634549e+01 2.395890071791242804e+00
3.854820737227326077e+01 -4.035713809564043686e+00
3.849996244622818864e+01 -3.302348883638636323e+00
3.845086774657844586e+01 -2.614128714053375546e+00
3.852938781227631893e+01 -1.880421120207422803e+00
3.865706397961161400e+01 -1.114774204299777693e+00
3.845454719570140156e+01 -3.640291723864841344e-01
3.849140864423637964e+01 2.700685371657911560e+00
3.860803621945579067e+01 3.205100806089220100e+00
3.948812125901587677e+01 -3.234237937267860019e+00
3.947827161109766081e+01 -2.955862789088332221e+00
3.943282139252955432e+01 -1.745077746718806111e+00
4.000182320967491734e+01 1.142026822706078804e+00
4.000884271222439992e+01 1.903161946481926492e+00
4.001060629842523753e+01 2.634677465991103418e+00
4.001607752101003967e+01 3.331021409363231101e+00
3.999900728945706163e+01 4.012073484303591897e+00
4.073882449256378635e+01 -3.975241372475291968e+00
4.073227108742326408e+01 -3.221734033727056357e+00
4.071794649295099333e+01 -2.458110407487772875e+00
4.071710258125452953e+01 -1.773028743997059564e+00
4.072780713437153821e+01 -1.059585601027592361e+00
4.073414413126962330e+01 -3.507916397729324842e-01
4.074916332985159073e+01 1.132507160999473683e+00
4.072799325630376899e+01 1.854256151020635457e+00
4.071560670976170826e+01 2.514430275564322415e+00
4.069993385275522968e+01 3.321784057733893292e+00
4.071572193167862252e+01 3.975241372475288415e+00
