-1.612430157363128558e+00 -4.078167876458511643e+00
-1.592427813690513005e+00 -2.657018282709671553e+00
-1.606651842520577134e+00 -1.898848424143569247e+00
-1.601200406817902433e+00 -1.168311142878057041e+00
-1.621193353930969749e+00 -4.362384227930142799e-01
-1.607901764067534600e+00 3.565464142868393083e-01
-1.606121017487531333e+00 1.046376476208632056e+00
-1.605770759184579788e+00 1.761939943577818468e+00
-1.601379332499945463e+00 2.463448293308697856e+00
-1.607566863860981243e+00 3.206883370968572677e+00
-1.595363003152343140e+00 3.956935476511890926e+00
-8.020985943476262037e-01 -4.048422651369236291e+00
-7.952063203482708786e-01 -3.341994002857834545e+00
-8.174808474878645370e-01 -2.603219046381358481e+00
-8.510643170083369569e-01 -1.881511485725479105e+00
-8.407620516603273586e-01 -1.151837091021842951e+00
-8.238548882748304436e-01 -4.403115764131122489e-01
-8.523603732353848272e-01 1.011714027549015071e+00
-8.613832192088750617e-01 1.764331581298364426e+00
-8.604549824604177388e-01 2.470014470471738832e+00
-8.783364131831987720e-01 3.253445695658800929e+00
-9.156070535911453590e-02 -3.321219375202701940e+00
-1.411043059752685735e-01 -2.609362129189729984e+00
-9.237568833162868032e-02 -1.877469202701004036e+00
-1.060451344754369529e-01 -1.137257085400371182e+00
-1.026848989260003009e-01 -4.231157245650045695e-01
-1.089967969556582261e-01 1.049268461388074059e+00
-1.012276558438500729e-01 1.761982643190851405e+00
-1.329226894389208269e-01 2.513063117484403364e+00
-1.134329867803600678e-01 3.245238867560939156e+00
-1.308969066901113365e-01 3.973057618454728157e+00
6.257401992286872883e-01 -4.043149413604755438e+00
6.374982095475516530e-01 -3.326802201497052636e+00
6.500932834692889628e-01 -2.585846211208572498e+00
6.332437174468310559e-01 -1.858299505040235999e+00
6.089299499953142458e-01 -1.152527735156255062e+00
6.292192813148105301e-01 -4.275210842094097075e-01
6.241789773028685318e-01 1.027784135128754883e+00
6.176875321760206816e-01 1.787885167376071394e+00
6.189619622507791519e-01 2.519326080774575871e+00
6.334702738019117874e-01 3.250874523046672238e+00
6.376884823109492118e-01 3.960982436731317335e+00
1.364978154687612744e+00 -4.029688995918029093e+00
1.341187487698505265e+00 -3.313556716788301770e+00
1.365348816917595798e+00 -2.603718680987345380e+00
1.373729376079062092e+00 -1.864461801243756156e+00
1.385299108750203345e+00 -1.136665261592789022e+00
1.373486921050492526e+00 -3.909183772445388172e-01
1.376883672279063831e+00 3.412788431328941385e-01
1.365690779820553757e+00 1.752446268249812533e+00
1.369051097341518641e+00 2.543357281511507750e+00
1.311343649651128374e+00 3.266258996399084680e+00
1.363835501796188510e+00 3.984529185025859732e+00
2.109132142169080737e+00 -4.020070078759694354e+00
2.086994532282901105e+00 -3.341461093401139948e+00
2.060505340334074731e+00 -2.607643682445058175e+00
2.089121679818617849e+00 -1.868068849265938525e+00
2.100490400502813770e+00 -1.145127427939033993e+00
2.084288578639515777e+00 -3.991260193313337368e-01
2.056412884102869043e+00 2.901743072849605198e-01
2.080771369321446684e+00 1.044745701299326868e+00
2.089035968789332287e+00 1.780453829453758630e+00
2.123098343398403642e+00 2.542949225161095228e+00
2.061532612749992666e+00 3.206577984328308872e+00
2.092039065244200913e+00 3.971589481958890389e+00
2.843127591666998910e+00 -4.032785531357450992e+00
2.875702830479042404e+00 -3.270075223926692587e+00
2.823227433208018056e+00 -2.572537530066718148e+00
2.822326420263131297e+00 -1.884008717247859011e+00
2.821415012743770490e+00 -1.141686106060522121e+00
2.828981320350756334e+00 -4.403497406402578918e-01
2.813452392480243702e+00 2.879774192865056648e-01
2.849710866402041631e+00 1.036169037125432624e+00
2.851666321677804206e+00 1.765125363597668695e+00
2.837893986363710042e+00 2.536505790867138899e+00
2.842739325794447325e+00 3.224847074720774032e+00
2.833030461171880177e+00 3.938116987057281193e+00
3.535164623926654315e+00 -4.008924218151882712e+00
3.549692089602899614e+00 -3.294691739279898002e+00
3.559543637919581727e+00 -2.571305489878000117e+00
3.657203824784296842e+00 -1.867584289528068098e+00
3.534160899378591125e+00 -1.161921979007583872e+00
3.561697128433870319e+00 -4.166017668310573185e-01
3.507426364335707092e+00 3.527011756722586711e-01
3.573317452393908411e+00 1.017900695965501257e+00
3.585346558405412054e+00 1.752434461175610636e+00
3.602336638940911939e+00 2.503144254843828520e+00
3.614672247146707207e+00 3.223452118290236257e+00
4.295422114742848407e+00 -4.018085990223191573e+00
4.290990274306373919e+00 -3.292105279095277837e+00
4.297845759301999635e+00 -2.567641599687487286e+00
4.279978722623845044e+00 -1.136000994845918655e+00
4.281318538079368352e+00 -4.234587188131904156e-01
4.302146169108958418e+00 3.212337601655619324e-01
4.328126038861611846e+00 1.027020695135565376e+00
4.361340835717889775e+00 1.772358859429612465e+00
4.334371057835127772e+00 2.479314953417635081e+00
4.367156348793372445e+00 3.201070575366077975e+00
4.387077784029756344e+00 3.889491644802344439e+00
5.017689423417380112e+00 -4.010679347555878849e+00
5.032058827904862142e+00 -3.291723300782035011e+00
5.040792331992207664e+00 -2.569707941001901474e+00
5.046768556583970167e+00 -1.833222035971068919e+00
5.020403428907741272e+00 -1.137590191697871234e+00
5.020581348524252974e+00 -3.884430852539431100e-01
5.043349677411626431e+00 3.150474342532660899e-01
5.041224712193262292e+00 1.055488116603644499e+00
5.087265280884942342e+00 1.757220985146197734e+00
5.101883524159930516e+00 2.495890959009017251e+00
5.087130867297247505e+00 3.204356701422231168e+00
5.074309640426463375e+00 3.949998206511860843e+00
5.769266910501315238e+00 -4.027922251799694209e+00
5.749395152698220102e+00 -3.300364105764440836e+00
5.764615072864465617e+00 -2.571423556785454423e+00
5.762928750223757390e+00 -1.817406902020216819e+00
5.750690007037185580e+00 -1.105156481191105655e+00
5.808183360490090763e+00 -4.037205332919242551e-01
5.784811603106227551e+00 3.307256368043312023e-01
5.800188498301373841e+00 1.027076595309253548e+00
5.805799834542575866e+00 1.761509867847724564e+00
5.825517900772354096e+00 2.522581180557065039e+00
5.840840125378946368e+00 3.220706521759598928e+00
5.851640004746421653e+00 3.931691896678646714e+00
6.516230246284365535e+00 -4.022639016933780454e+00
6.497165153925720915e+00 -3.329840213805713489e+00
6.506695394943854183e+00 -2.565002650120092653e+00
6.506063746038968532e+00 -1.846996729450300023e+00
6.553587534379325064e+00 -4.017652938744831204e-01
6.558842559028725816e+00 3.253034643933041536e-01
6.514900608295029372e+00 1.035080259971095984e+00
6.575679785095495333e+00 1.753413700088479743e+00
6.583590724458723287e+00 3.195421406503836437e+00
6.600104204385310425e+00 3.925129079133665044e+00
7.235515249263023918e+00 -4.024572738436699382e+00
7.181909418296967829e+00 -3.311055127745820670e+00
7.245516063217920077e+00 -1.858674919945869419e+00
7.295356064486256287e+00 -1.148868214740655702e+00
7.337829483459373137e+00 -4.070714054423589801e-01
7.344502976941676309e+00 3.143794563303927703e-01
7.314257342296329512e+00 1.034129292003811429e+00
7.315737975941303262e+00 1.752716128667756834e+00
7.326441906663113457e+00 2.489029986647473436e+00
7.331757142331980504e+00 3.220024860626768515e+00
7.315703452026028231e+00 3.959806395043539595e+00
8.044038382284597333e+00 -4.026579479387113025e+00
8.028595182167251210e+00 -3.308884239179764819e+00
8.043263172596958555e+00 -2.541388491559644081e+00
8.001654436386836267e+00 -1.893317428749622167e+00
8.042581243325180651e+00 -1.175225716286373512e+00
8.078763537987171617e+00 2.772468802440108959e-01
8.083312308428148185e+00 1.024877098206662396e+00
8.076464014981382888e+00 1.735643362933963374e+00
8.057191023269623997e+00 2.484588360816701424e+00
8.050459287482112813e+00 3.199343200091387729e+00
8.043931022475234727e+00 3.938534618966979650e+00
8.800584794093929020e+00 -2.613120747242039243e+00
8.816290196740290241e+00 -1.163520434193635822e+00
8.807530498932919727e+00 -4.605227781116063568e-01
8.803537705954056491e+00 2.838732858197055009e-01
8.784464624681376677e+00 1.020905825091332986e+00
8.799213502793932662e+00 1.731747396025745900e+00
8.787902829906478530e+00 2.476172990422305986e+00
8.802305223884040686e+00 3.200400927824961883e+00
8.818760061800759331e+00 3.916716725821633105e+00
9.571658666925124237e+00 -1.908513587307304249e+00
9.553572416384319865e+00 -1.183237551655562214e+00
9.563706449167796109e+00 -4.792616044565320976e-01
9.526649093907010979e+00 2.575064299269733681e-01
9.507937245134989723e+00 1.040084447266622192e+00
9.538225827336226814e+00 1.733221750715639331e+00
9.551101849282510159e+00 2.439782643561656528e+00
9.539714291591685935e+00 3.164584594901032943e+00
9.569482086487646200e+00 3.871249003762780916e+00
1.043127003047912638e+01 -4.061298638392134563e+00
1.042563048083382427e+01 -3.338023707736383017e+00
1.042185772805307664e+01 -2.607997881305671228e+00
1.038444199482702857e+01 -1.912561651969262755e+00
1.036172942040976608e+01 -1.169245479779039698e+00
1.034120191660973376e+01 -4.593776054144775856e-01
1.028311015040024756e+01 1.015695358724656217e+00
1.028754390306542632e+01 1.706026866088016902e+00
1.030089853012426460e+01 2.446795215957063618e+00
1.030636841324950126e+01 3.187941444718592976e+00
1.034420557185639211e+01 3.873638034600485724e+00
1.117871377828980428e+01 -3.349713245099088965e+00
1.117926370235742439e+01 -2.612338080285844910e+00
1.117986474562009391e+01 -1.909452560180078251e+00
1.112498086774059658e+01 -1.178340585511442384e+00
1.106485325108778994e+01 2.616152950927705945e-01
1.103290385261222184e+01 9.896520108664184079e-01
1.103064663501631060e+01 1.709313735291889458e+00
1.104007934506211797e+01 2.431906583609752204e+00
1.106459698634530042e+01 3.121939197645442476e+00
1.108578379445212647e+01 3.893499528465280690e+00
1.193813288179825349e+01 -3.333845582564961774e+00
1.192640245432060198e+01 -2.607789183547950529e+00
1.195221245154933598e+01 -1.927351964078898305e+00
1.188919092771499209e+01 -1.162278131670245074e+00
1.187820652016451106e+01 -4.429747403040948939e-01
1.183243764534538656e+01 2.574377480316485389e-01
1.178841894740755691e+01 9.911550363031089717e-01
1.177187385774040962e+01 1.724433621571794362e+00
1.178275393829641615e+01 2.451518050492190071e+00
1.183034827971172120e+01 3.141056557680006023e+00
1.182258881142708162e+01 3.864940515764022422e+00
1.276514190986329567e+01 -4.114055016798406683e+00
1.272076301755652850e+01 -3.353448986768686524e+00
1.270482750467070332e+01 -2.631775538830144257e+00
1.267077097579166889e+01 -1.909126777315528045e+00
1.265007244911843287e+01 -1.159491268748155335e+00
1.262984729977695508e+01 -4.299860620216051643e-01
1.265847967473190749e+01 2.966120317388387662e-01
1.260308794070948579e+01 9.777980413487590283e-01
1.267151131294050259e+01 1.704216782243037187e+00
1.261694188614612955e+01 2.480437542280430563e+00
1.260522278595476564e+01 3.159900371896529947e+00
1.262193898238709266e+01 3.897170714035137706e+00
1.354081732277869321e+01 -4.058281133062479284e+00
1.355195695115728682e+01 -3.337899139520835945e+00
1.353169246854578489e+01 -2.588766996364132211e+00
1.341652401243183590e+01 -1.130904525546874595e+00
1.343552001083078551e+01 3.018180694756082971e-01
1.338294024642924285e+01 1.005426081375855318e+00
1.338870092996709360e+01 1.733014173721976192e+00
1.336508429364096173e+01 2.463868321835064990e+00
1.338969629450803467e+01 3.203881610864822704e+00
1.339042014798190650e+01 3.905091332176123586e+00
1.425374730325621897e+01 -3.341861228173183207e+00
1.430359794158082565e+01 -2.604311592733640879e+00
1.426023595113935016e+01 -1.888182739311034197e+00
1.427581745107421085e+01 -1.167107689570066498e+00
1.425531217249317706e+01 -4.285760545391070764e-01
1.421592132729273317e+01 2.702835957680598256e-01
1.420749277144295064e+01 1.023365360414150160e+00
1.413820612024980505e+01 1.738365679314849643e+00
1.411430181556516317e+01 2.506349739674696764e+00
1.412769156497122935e+01 3.214431298244907254e+00
1.416333276358213311e+01 3.906850860007548221e+00
1.506185342548872086e+01 -4.070078710856279258e+00
1.504360127181456619e+01 -3.333680861011458774e+00
1.505361290721055667e+01 -2.606405837838735806e+00
1.502538616573567509e+01 -1.888763436916416794e+00
1.495156799987766760e+01 3.395317085654880884e-01
1.492171224795925610e+01 1.029425567511268014e+00
1.493018911944459859e+01 1.755816682304590870e+00
1.492189380174347235e+01 2.478012585936941292e+00
1.496804109534478044e+01 3.200061197629015197e+00
1.497258290530154312e+01 3.919252860797417526e+00
1.588006987414201632e+01 -4.063626708246893315e+00
1.586787125339170501e+01 -3.360425776636517980e+00
1.583150848820585566e+01 -2.590103441410565921e+00
1.577059129497914824e+01 -1.146718707618923361e+00
1.574582610399860982e+01 3.426096453006408638e-01
1.573606170787135738e+01 1.007460510797407949e+00
1.568177012730821218e+01 1.759369878109200869e+00
1.570153968059174332e+01 3.200657236610066292e+00
1.570086537445383357e+01 3.934519521821410848e+00
1.662701604983354997e+01 -4.077210917328940809e+00
1.661927152542798325e+01 -3.353662126942005273e+00
1.664165936849531846e+01 -2.617153130591681531e+00
1.662266545038506393e+01 -1.909634708083931542e+00
1.654146812775127273e+01 -1.165983384729063488e+00
1.660173666507842682e+01 -4.441562295697742968e-01
1.649448618540015588e+01 3.277701094196920906e-01
1.644884754926450654e+01 1.760927423256603674e+00
1.646439050145043126e+01 2.488049665629208818e+00
1.643871224252799834e+01 3.231741051483457028e+00
1.647961540562150162e+01 3.918737439857839178e+00
1.735700871229221320e+01 -4.085433311523438249e+00
1.736606184674759135e+01 -3.357083492235346966e+00
1.735635394495189132e+01 -2.662388369977634284e+00
1.735788327632826622e+01 -1.908155970666108203e+00
1.732074760537768299e+01 -1.196741454243007041e+00
1.730846236419927209e+01 -4.581814482136827849e-01
1.729865486048483092e+01 2.811892054713034383e-01
1.725152866413814934e+01 1.781069841470205972e+00
1.723655904267183558e+01 2.491462615076368792e+00
1.721085205128547813e+01 3.190941550025119255e+00
1.722955458066940793e+01 3.936195970524767773e+00
1.810074189604531369e+01 -4.071048007527092949e+00
1.808244874842527850e+01 -3.347326087511067527e+00
1.806790987107271462e+01 -2.637328741281628197e+00
1.806063473356119431e+01 -1.873545583839565154e+00
1.806272608762797915e+01 -1.175240915515804119e+00
1.803895204129479879e+01 -4.564491556940772909e-01
1.804416110296488540e+01 3.468158398062293202e-01
1.798461064216584759e+01 1.030011799635385472e+00
1.796602721300236283e+01 1.691773931634187988e+00
1.799347550638636051e+01 2.518018832420580111e+00
1.799026633271594022e+01 3.215871024897960950e+00
1.800740080132508325e+01 3.959367222395993480e+00
1.882394545118959428e+01 -4.053033091616882189e+00
1.881619642411616411e+01 -3.354188602000242270e+00
1.879943647539229801e+01 -2.608565029056549633e+00
1.877681687008238498e+01 -1.894875890549705844e+00
1.875068520526085081e+01 -1.179040861796142536e+00
1.877843949129731982e+01 -4.340680248606965108e-01
1.874504501713131077e+01 2.903380309937801940e-01
1.875168995838372865e+01 1.037020468290620556e+00
1.873569934970632289e+01 1.775102640151310140e+00
1.872868305659485344e+01 2.511697555349261535e+00
1.871924507807398186e+01 3.252055359974900028e+00
1.870451089329947791e+01 3.956129156199427399e+00
1.953653225373717106e+01 -4.085475084148438185e+00
1.953360523587918607e+01 -3.339154847348396515e+00
1.950634061670083241e+01 -2.610841363914776281e+00
1.951833621783356421e+01 -1.897861328728840391e+00
1.950564864744876559e+01 -1.149506100518532747e+00
1.951229234531736978e+01 -4.232921222443337683e-01
1.947601622883061623e+01 3.137620040048325620e-01
1.950428138734446293e+01 1.032400478382008657e+00
1.944807285247981810e+01 1.768311223253395070e+00
1.946204111446257912e+01 2.505917776241279427e+00
1.944408494452752478e+01 3.245366085372726417e+00
1.946957688219055882e+01 4.004004040363323469e+00
2.031390454613933372e+01 -4.038102167693317313e+00
2.025617173319417930e+01 -3.312577019874101580e+00
2.026150949898527642e+01 -2.585603085734202722e+00
2.024716092268438672e+01 -1.869712089523979159e+00
2.022601410121970389e+01 -1.147994087921542672e+00
2.022131906282538694e+01 -4.180137195898367963e-01
2.022743762750914698e+01 3.130153509286301983e-01
2.021288824995187383e+01 1.037829591599923162e+00
2.020857976127336286e+01 1.771059500855159285e+00
2.023249999964973966e+01 2.498462087946418109e+00
2.020047514168501124e+01 3.230535887210155721e+00
2.024665200845674207e+01 3.976674264730394981e+00
2.107578056678346456e+01 -4.054701814798900017e+00
2.106738154456075307e+01 -3.316820949883293679e+00
2.103153731300454155e+01 -2.603689461850070330e+00
2.101570153522868623e+01 -1.833653274102381658e+00
2.100321743942222952e+01 -1.116342147917951166e+00
2.098481210794343355e+01 3.210677704490194628e-01
2.104568371432272045e+01 1.058290512995558430e+00
2.100524362167864467e+01 1.777826927347380348e+00
2.098188080695808111e+01 2.525542868880748415e+00
2.096828255924199880e+01 3.245565013943167543e+00
2.103105208290875083e+01 3.926367159721674938e+00
2.180595823782316245e+01 -4.063625589223232026e+00
2.178727952923490108e+01 -3.329431625666238403e+00
2.176979734516827847e+01 -2.568991139794071898e+00
2.180038921804911922e+01 -1.862411356564013687e+00
2.181008912102384301e+01 -1.126956167447946910e+00
2.178824791942921735e+01 -4.127938482039539281e-01
2.177834702929395405e+01 3.260930401147241753e-01
2.181114541715302835e+01 1.057994583295798208e+00
2.175876485825074980e+01 1.774706833674205342e+00
2.177623573170794202e+01 2.529292536200316022e+00
2.179441260073276965e+01 3.215125671570451260e+00
2.179971563534844847e+01 3.957042316041022190e+00
2.274097177474893527e+01 -3.972861153550447000e+00
2.267314792162385118e+01 -3.324301287011365957e+00
2.269778827984658420e+01 -2.544407316506084982e+00
2.273548027333369959e+01 -1.837714497943967018e+00
2.259559290544942201e+01 -3.977888667886411156e-01
2.259415724542066073e+01 3.370816245974275205e-01
2.258350210236281441e+01 1.069047101872847350e+00
2.255610956247156196e+01 1.792749541333890306e+00
2.255642737932966924e+01 2.512693175568486481e+00
2.256554449440287868e+01 3.220882890719398262e+00
2.255750231517417603e+01 3.986474076062133776e+00
2.345565920410425775e+01 -4.053241508654537029e+00
2.346139758428798672e+01 -3.312677638604530017e+00
2.345076470824295711e+01 -2.592153781268191182e+00
2.346181576042733496e+01 -1.845194651207762604e+00
2.344719521719122923e+01 -1.119274524758942846e+00
2.343321636466109226e+01 -3.966690942254587071e-01
2.341887294353892202e+01 3.284442111837506673e-01
2.336827354626628050e+01 1.072789824186745733e+00
2.335969149669792699e+01 2.556821700794227326e+00
2.333971835510256199e+01 3.232283268469448245e+00
2.331783762923556935e+01 3.956347330920639394e+00
2.419495553684011213e+01 -4.037583046575210943e+00
2.418553598841612740e+01 -3.310394995333613366e+00
2.419816345318400153e+01 -2.584264225366798229e+00
2.418362038903305233e+01 -1.850530727618018290e+00
2.418598336668098625e+01 -1.124154307707843969e+00
2.416079676366076967e+01 -4.093029104625074410e-01
2.415322361397033291e+01 3.258319436280565640e-01
2.414093915951085023e+01 1.061120336534369102e+00
2.413706867747457352e+01 1.791149920083487501e+00
2.413090624911942683e+01 2.511759488341208879e+00
2.406707754042589187e+01 3.256433849522945678e+00
2.411132218579028574e+01 3.946706765540742623e+00
2.492185534302291217e+01 -4.036476547436716800e+00
2.492033373387314299e+01 -3.314098501025899424e+00
2.491333297197301277e+01 -2.578793990524182789e+00
2.492970767825600831e+01 -1.856858721325579609e+00
2.490970181277122464e+01 -1.117955855116232300e+00
2.489620724297472520e+01 -3.894586952685443748e-01
2.493436959547524623e+01 2.999363773606908978e-01
2.489540633247005275e+01 1.061539512037555255e+00
2.485887762027896741e+01 1.781374335572863288e+00
2.487279008763458421e+01 2.517585420420722642e+00
2.484138524869019449e+01 3.249260522631498560e+00
2.489337697983486208e+01 3.965589419578758879e+00
2.567820321539220174e+01 -4.028502305943248984e+00
2.565801977031040337e+01 -2.594312101308357654e+00
2.562064302947033667e+01 -1.872247170424429896e+00
2.565158386405822455e+01 -1.138737662519620386e+00
2.563799078381597241e+01 -4.099908857378764537e-01
2.563625956504260728e+01 3.174871542351240805e-01
2.564342994094627670e+01 1.036590177836050231e+00
2.564804652329173962e+01 1.778978692403594408e+00
2.562681478922013412e+01 2.500656215379983394e+00
2.561684684966599690e+01 3.235448906964780491e+00
2.562482423316988189e+01 3.956508052157989397e+00
2.640200817415264822e+01 -4.028424450590925687e+00
2.631160968095947084e+01 -3.302870900668775533e+00
2.642030468501382501e+01 -2.586232491459117711e+00
2.638082245167996831e+01 -1.855226367328267401e+00
2.638664807636894949e+01 -1.140119499279666826e+00
2.638299083028703507e+01 -4.117727382289508853e-01
2.637440399337567243e+01 3.157945215035198316e-01
2.637040692423110499e+01 1.034872346779582841e+00
2.636636565064194571e+01 1.764925116600860378e+00
2.638639938620803349e+01 2.480486575294058582e+00
2.637966580391481841e+01 3.230240406011002818e+00
2.639191091396232736e+01 3.959515543054923370e+00
2.712702899704181903e+01 -4.025373690874246790e+00
2.713125820225365459e+01 -3.328548447575698788e+00
2.711739359536206706e+01 -2.595925631897497254e+00
2.712258919387862477e+01 -1.862939428131589636e+00
2.711689941411797378e+01 -1.140082744453028596e+00
2.710961886125378584e+01 -3.908475220907732250e-01
2.712171195681180080e+01 3.167704143203025069e-01
2.709166599612524351e+01 1.046376938760069208e+00
2.713106494400769719e+01 1.789596344351302548e+00
2.715132795776118968e+01 2.533489164276883088e+00
2.712754855160735445e+01 3.229745036741736186e+00
2.713270993682620258e+01 3.957120453736312271e+00
2.789781934900750571e+01 -4.047887374673351246e+00
2.784938594581564075e+01 -3.353179334764568864e+00
2.789674738001598797e+01 -2.598428680388991552e+00
2.786732066009608388e+01 -1.868561898601424076e+00
2.787869468711875953e+01 -1.145806260658623899e+00
2.785397992914396070e+01 -4.404495147412887945e-01
2.786853095879040154e+01 3.215360930649495685e-01
2.786059108836958131e+01 9.998108896156949754e-01
2.784998033099346060e+01 1.787186608034531332e+00
2.786671281893610086e+01 2.495476013162406304e+00
2.788251317229211423e+01 3.227617170721142514e+00
2.787373814209581724e+01 3.955810833312089159e+00
2.862721627463078988e+01 -4.074769789529344877e+00
2.861945208884811365e+01 -3.318602685254489870e+00
2.861768889561333395e+01 -2.590719032766507723e+00
2.863950691520418701e+01 -1.882735097958448733e+00
2.862197156370847750e+01 -1.132014079945232510e+00
2.863283813903763786e+01 -4.199400670619297671e-01
2.863674213293055715e+01 3.004185076681231692e-01
2.863665289806017000e+01 1.019556568919039563e+00
2.863365877145970018e+01 1.757247971806371822e+00
2.859792348538167772e+01 2.495769513485562641e+00
2.859960799490864503e+01 3.228364851878861685e+00
2.862573155235252642e+01 3.950986001193999897e+00
2.941769705572109928e+01 -4.045011436890039391e+00
2.938014261040134301e+01 -3.337680285993016582e+00
2.937764311005914664e+01 -2.567529209069348894e+00
2.936856328491823120e+01 -1.886927526426710244e+00
2.935802078510236157e+01 -1.158132388247565814e+00
2.934231090653835139e+01 -4.338724766585180248e-01
2.934662855630811151e+01 2.942466537947048266e-01
2.936279296649640713e+01 1.022692394322913145e+00
2.936419842574441219e+01 1.731360784220697724e+00
2.937661345937845425e+01 2.476250257818840339e+00
2.938648320362624844e+01 3.189453747857800892e+00
2.938855414456497073e+01 3.939751239615286948e+00
3.013787827734217473e+01 -4.058718479704264581e+00
3.015942376277140369e+01 -3.346914032807518424e+00
3.014329261006233907e+01 -2.618180773589312338e+00
3.013534515138639591e+01 -1.890201961781745155e+00
3.013132082822148305e+01 -1.158965235355747581e+00
3.010759214280721352e+01 -4.346805987612611943e-01
3.011965176036809311e+01 2.938466762186102699e-01
3.010352891105774376e+01 1.032515948847791520e+00
3.010852313411847803e+01 1.758206975262876171e+00
3.011931842844428076e+01 2.464004325380411586e+00
3.012514113449797293e+01 3.187695546276653857e+00
3.012401889221535356e+01 3.916942588270547532e+00
3.088965320436819439e+01 -4.056916032005368322e+00
3.087118954025164186e+01 -1.878397950588208687e+00
3.086712356814862090e+01 -1.174628227527755087e+00
3.087315659109778920e+01 -4.225937889069015796e-01
3.087939282642739869e+01 2.877174493687242318e-01
3.085585372379558322e+01 1.001426295137886058e+00
3.085575567054592483e+01 1.737574417524299975e+00
3.086081354850885106e+01 2.469430601088099309e+00
3.086384843479395812e+01 3.194531791102829033e+00
3.084722342377579452e+01 3.910190640040060117e+00
3.165706822789515940e+01 -4.071112857674705765e+00
3.162919090403223521e+01 -3.323177640394096244e+00
3.162572928474069300e+01 -2.608740842309803298e+00
3.164637475041427450e+01 -1.892873262700362602e+00
3.162117620991727307e+01 -1.171040073391473868e+00
3.160292931232419988e+01 -4.574665793931025348e-01
3.161390623223307017e+01 2.869486885710301749e-01
3.161968172892181173e+01 1.009256112905269731e+00
3.162757172245475346e+01 1.740456955434666497e+00
3.162300449713240624e+01 2.475683135492911191e+00
3.159933418471997157e+01 3.214086434368393697e+00
3.160547439930650881e+01 3.928846363692212407e+00
3.241250759892401589e+01 -4.061144544104557497e+00
3.239347618168184084e+01 -3.343354490380342270e+00
3.234921747997614005e+01 -2.601514202555367916e+00
3.237123596807933978e+01 -1.900859047043816474e+00
3.235090266654318469e+01 -1.151408125425753326e+00
3.236366981593680947e+01 2.779094917262590059e-01
3.236288864900645734e+01 9.960816042694418115e-01
3.233624369712421043e+01 1.747152588378831695e+00
3.235305284620510946e+01 2.473489741450173085e+00
3.233874602403924570e+01 3.191588974745702245e+00
3.239453171662568565e+01 3.906792905453169595e+00
3.311993410469209920e+01 -4.063059310469146368e+00
3.312130281687979760e+01 -3.339465919885096667e+00
3.312440297544254264e+01 -2.601909019562850034e+00
3.310603808235925527e+01 -1.880329542310761326e+00
3.310651573257084834e+01 -1.160150398815101624e+00
3.308957752676376884e+01 2.777863026651523626e-01
3.308171757625024867e+01 1.011200120190927976e+00
3.312681756261876131e+01 1.727341112076636875e+00
3.311420331195122202e+01 2.454159711246035158e+00
3.311504590063932341e+01 3.195998053450868071e+00
3.311541542397967675e+01 3.920512550749950975e+00
3.387144773372052242e+01 -4.053534151762988813e+00
3.386101130873368703e+01 -3.328199532716467957e+00
3.388129593124531169e+01 -2.610842167128655689e+00
3.383995047835785641e+01 -1.887028488405960047e+00
3.384338733132116062e+01 -1.147115787252328545e+00
3.386439608697158832e+01 -4.415220890492932426e-01
3.383745987789814791e+01 2.796721786634428497e-01
3.384410622489993870e+01 1.011195392631062617e+00
3.384055615883915635e+01 1.736294893687531982e+00
3.382408693416837053e+01 2.482006709872791816e+00
3.386113436289439704e+01 3.204667695105452907e+00
3.382806365616020372e+01 3.945103602576903512e+00
3.461292101451891057e+01 -4.037542059412121631e+00
3.459660820159492545e+01 -3.314698852586904110e+00
3.459723115113862235e+01 -2.595597301547602598e+00
3.458513608828349817e+01 -1.886128346996805760e+00
3.459359825933015742e+01 -1.161852152507783842e+00
3.458328776013988914e+01 -4.435495373140092568e-01
3.457336952500963179e+01 2.859526963993808124e-01
3.457523281034948326e+01 1.028204928809497432e+00
3.458477340466406957e+01 1.763492519856178831e+00
3.460194875237346679e+01 2.476319488922062106e+00
3.460150652614205313e+01 3.210296460696074661e+00
3.457619858079169006e+01 3.943053570660662643e+00
3.533981426266102943e+01 -4.050886082312263881e+00
3.527917471725471188e+01 -3.348974392169072445e+00
3.532608521833940785e+01 -2.598634021681114348e+00
3.532674290944907369e+01 -1.877785314022304419e+00
3.531949149416374922e+01 -1.186895519002884924e+00
3.533824451916728293e+01 -4.522564428918656176e-01
3.532062456095638225e+01 3.034084906855767372e-01
3.531150166780643218e+01 1.004023512163836784e+00
3.530062616374569728e+01 1.763934156835379241e+00
3.529345698802728037e+01 2.459154403192439275e+00
3.532675166588193605e+01 3.214607600146440092e+00
3.530703465255560758e+01 3.936840043077619811e+00
3.607956084295091870e+01 -4.029372842618737849e+00
3.607425979397495297e+01 -3.307531670113771582e+00
3.607912872785188796e+01 -2.592769635139198670e+00
3.606481027260495154e+01 -1.877937900846820440e+00
3.606086272695596762e+01 -1.153565767367094708e+00
3.605206017586342426e+01 -4.266288784140463974e-01
3.606824745089216577e+01 3.187787303835278863e-01
3.607582006366019556e+01 1.077507974819837955e+00
3.607780234482016368e+01 2.479895788026553305e+00
3.606211027486140352e+01 3.228188380575577554e+00
3.608482854587031596e+01 3.975450942811210808e+00
3.679685832655980704e+01 -4.071006194102164244e+00
3.679356004943587521e+01 -3.313446672103882662e+00
3.679631344722084663e+01 -2.666370526122204154e+00
3.680032959046254604e+01 -1.868368309400750604e+00
3.679601390724568688e+01 -1.140062894572363206e+00
3.678364946770773969e+01 -4.159393586606405790e-01
3.683013521208496144e+01 3.158225777517635890e-01
3.680344381037655666e+01 1.026599636576285945e+00
3.679531221375743399e+01 1.803844443192232916e+00
3.679239253824275835e+01 2.502577049717885416e+00
3.683916374175547759e+01 3.259763145672234685e+00
3.685161371010443787e+01 3.953538256849466137e+00
3.757686600453882164e+01 -4.046268885231089740e+00
3.754693683171179686e+01 -3.304012034473391424e+00
3.753909332303623358e+01 -2.582955198062954594e+00
3.751573445304007492e+01 -1.135264194233219115e+00
3.751755155723132162e+01 -4.065277580545547664e-01
3.750138212355654588e+01 3.783328379999595370e-01
3.752963567478901297e+01 1.073553426116131249e+00
3.755701876115978877e+01 1.759599143971918522e+00
3.758541816689844239e+01 2.501303407859076344e+00
3.755118806133321385e+01 3.236312587852243183e+00
3.756508267857510219e+01 3.954637284707427369e+00
3.830390366029555338e+01 -4.018499024845599621e+00
3.830912811512674665e+01 -3.290295835886627884e+00
3.828924040469100731e+01 -2.579238813629821436e+00
3.828458867134623489e+01 -1.855957368149674380e+00
3.828855308080809294e+01 -1.123134165295759601e+00
3.826826828754378340e+01 -3.884251872891546498e-01
3.832474236220071617e+01 3.642313277846511710e-01
3.832823005206221723e+01 1.069920229433872549e+00
3.833531992914529241e+01 1.777877818210839678e+00
3.832916005792954905e+01 2.535137365967464973e+00
3.909290254940273002e+01 -3.975709618358674646e+00
3.910391634937871430e+01 -3.251951801534122666e+00
3.907724861212643219e+01 -2.569296135167970618e+00
3.910699231961684319e+01 -1.816603047492488798e+00
3.917366805088989423e+01 -1.068035477174717585e+00
3.907922077680256479e+01 -3.163673227644956398e-01
3.911707150573699465e+01 2.596926037658686681e+00
3.912063314705938666e+01 3.133089829676531934e+00
3.991176549827677178e+01 -3.311009567979425583e+00
3.981919720734988033e+01 -2.680262453007422607e+00
3.985520597089121253e+01 -1.838040346269348646e+00
3.998686771205387203e+01 1.099558632065360086e+00
3.999037147323111441e+01 1.852921718956324071e+00
4.000034146048836448e+01 2.612595145428148413e+00
4.000284924884059734e+01 3.308171524735069369e+00
3.999422992360876350e+01 4.017127197433953967e+00
4.073678204688329885e+01 -3.986444781792162217e+00
4.071840339967541667e+01 -3.249482241791614712e+00
4.070973295212052534e+01 -2.493256256091481049e+00
4.071131315276615936e+01 -1.791066920476502844e+00
4.071871408528344460e+01 -1.070099374065691222e+00
4.072576619456602742e+01 -3.365723729483391935e-01
4.074268559844043835e+01 1.112521770179494496e+00
4.072847973145341172e+01 1.843051344402866221e+00
4.071699149926518402e+01 2.555777931210712950e+00
4.069897910606751879e+01 3.321125582806612186e+00
4.071776437735911003e+01 3.986444781792162217e+00
