-2.227428145739466459e+00 -4.090396096151458494e+00
-2.217145318321414038e+00 -2.600134025851957631e+00
-2.225059502561045122e+00 -1.909543115988196149e+00
-2.220625983547201088e+00 -1.169400373864053932e+00
-2.241473805385290063e+00 -4.547713713225753906e-01
-2.226500442508999811e+00 3.346277214729092009e-01
-2.223805939832217859e+00 1.037197567028584899e+00
-2.224121315213650973e+00 1.753949799015096289e+00
-2.219022303076599201e+00 2.454751467099857365e+00
-2.229616975733364370e+00 3.187538914280345637e+00
-2.216516332789325361e+00 3.935635064562362118e+00
-1.404044182380665973e+00 -4.056162382198383654e+00
-1.415598061634831595e+00 -3.348227018001253441e+00
-1.425549745370730648e+00 -2.607732094730945249e+00
-1.463399200858837901e+00 -1.882996814670626406e+00
-1.445305349191293942e+00 -1.158086484365288271e+00
-1.427954396969695949e+00 -4.495194513918576718e-01
-1.455182465713271256e+00 1.021013003304890532e+00
-1.480234524417568309e+00 1.759835081788839517e+00
-1.476941537431081031e+00 2.462877950593032494e+00
-1.495866034672722833e+00 3.247846190409553913e+00
-6.988672773486825918e-01 -3.328730679580093721e+00
-7.572211809993021348e-01 -2.612746028729507231e+00
-7.051859526133270606e-01 -1.883030777920435384e+00
-7.134408923977417771e-01 -1.144481777507209586e+00
-7.088006116527125755e-01 -4.285713200547931478e-01
-7.141516783355754683e-01 1.051350460533058140e+00
-7.110915791021099608e-01 1.756410714461310363e+00
-7.456021875552991673e-01 2.507678056247822695e+00
-7.334466225012761242e-01 3.251787420626072844e+00
-7.362860584798198715e-01 3.975420259625536801e+00
2.747713897475279055e-02 -4.046355317346051805e+00
3.563482923691907445e-02 -3.329655683906178609e+00
4.180537957815744221e-02 -2.593238143611440449e+00
2.625666054057518295e-02 -1.855842764854855886e+00
7.903549459413738987e-04 -1.163698986803044733e+00
2.855757610001319335e-02 -4.312342741341588237e-01
1.874004017685138024e-02 1.018485820314889878e+00
9.285237507135946089e-03 1.786456717873093680e+00
8.189653397124629919e-03 2.520758492823606645e+00
2.352706235787849209e-02 3.244815230370321046e+00
2.862785674194867624e-02 3.966307278281526294e+00
7.649238535126556826e-01 -4.029338065910891942e+00
7.352316745332103665e-01 -3.311781477139277285e+00
7.590189129590001471e-01 -2.605208441834019339e+00
7.722730360899987545e-01 -1.866348193629569607e+00
7.791621988196055781e-01 -1.144733352418626282e+00
7.719791529411423880e-01 -3.996740567953622758e-01
7.732905457934435844e-01 3.333369851781249338e-01
7.541596791299056690e-01 1.749691280515836667e+00
7.633556561835916909e-01 2.540952070187238121e+00
6.943672838550583037e-01 3.261723718784033110e+00
7.568173562739985982e-01 3.988812456369558390e+00
1.511405901767261639e+00 -4.018634099413233685e+00
1.483144530217813895e+00 -3.347646216705918221e+00
1.462269106663910634e+00 -2.607842257071681047e+00
1.489079515582488966e+00 -1.877439730013293229e+00
1.501622790173925637e+00 -1.152614708950199685e+00
1.481056968798768025e+00 -4.015407334705258791e-01
1.448908531502439700e+00 2.943233558655045101e-01
1.483490322193979694e+00 1.033047683062434885e+00
1.488123671757840327e+00 1.774307904363986665e+00
1.516313465469977473e+00 2.542198667796689904e+00
1.455443790419728600e+00 3.200796980282014204e+00
1.493830358351985410e+00 3.966594464874752646e+00
2.243223097127227561e+00 -4.027606531570416593e+00
2.286715594525333017e+00 -3.255052051835573224e+00
2.217777685261964393e+00 -2.573881670415374856e+00
2.221853168882354623e+00 -1.888960691407266523e+00
2.221842848068561693e+00 -1.146446544876766893e+00
2.226289763031111590e+00 -4.502825965758212590e-01
2.213576838344280873e+00 2.827143938288294578e-01
2.249557652175717237e+00 1.030477282424868690e+00
2.252212626176770982e+00 1.760391623556913032e+00
2.240019312267456542e+00 2.543547423659504148e+00
2.242618660866817493e+00 3.224266228938205359e+00
2.233070548300325697e+00 3.936598072818874527e+00
2.937663970763132681e+00 -4.009196772184150603e+00
2.951511757974643047e+00 -3.290805475354066090e+00
2.955899470320261457e+00 -2.566637076152968433e+00
3.027370709838614005e+00 -1.854131684221908216e+00
2.934752375337268404e+00 -1.166566857212888664e+00
2.963755279678331078e+00 -4.224430539479300251e-01
2.903459775173004687e+00 3.485483182225088683e-01
2.982770372352483434e+00 1.006920887942388987e+00
2.989792039335469553e+00 1.750259107044008999e+00
3.010707186652062717e+00 2.495922469571652869e+00
3.028919200272717660e+00 3.219996538639541939e+00
3.692543654572467915e+00 -4.012281157981732349e+00
3.695880571178420837e+00 -3.290086816156048144e+00
3.699623946078034464e+00 -2.565064163588019142e+00
3.678128764876539947e+00 -1.141440730899933698e+00
3.684861341577359894e+00 -4.323505312572848425e-01
3.704221993773430199e+00 3.187364383765185494e-01
3.737853842107988100e+00 1.020660606753775568e+00
3.773518734873569258e+00 1.764592417905731736e+00
3.753026534700836692e+00 2.470347112784505583e+00
3.775944331576432944e+00 3.190493525203720537e+00
3.808874906195249821e+00 3.879973670930958463e+00
4.417616919886043547e+00 -4.012184370751544549e+00
4.436375394196410582e+00 -3.286631634102615607e+00
4.427348686369512620e+00 -2.558400076010379109e+00
4.451454587231737037e+00 -1.830075079074887867e+00
4.427280596386488298e+00 -1.142582700144870955e+00
4.426194488876198818e+00 -3.964638678750205258e-01
4.451659099326121805e+00 3.079228942313960715e-01
4.437094536708428905e+00 1.042150766924724081e+00
4.500596005444876369e+00 1.755968373556942907e+00
4.526369577831857782e+00 2.499699056442345579e+00
4.506748601788792996e+00 3.193082106467457493e+00
4.493871078362893456e+00 3.941968393901731815e+00
5.176111529539831224e+00 -4.021493374000460364e+00
5.151486302347670687e+00 -3.302116114407265712e+00
5.170109234315582114e+00 -2.564456522771692448e+00
5.168981765943378548e+00 -1.816960230786602182e+00
5.156833544308966566e+00 -1.103533348543429327e+00
5.218103391599086649e+00 -4.058382035595222703e-01
5.197643966705967955e+00 3.177807451559111485e-01
5.213232735330528556e+00 1.014088231473703416e+00
5.218594086261703069e+00 1.757159536093610086e+00
5.245668916294292217e+00 2.514447699749528198e+00
5.264465896812431822e+00 3.213577864422113350e+00
5.271921360369319132e+00 3.919667266910501269e+00
5.926124503353875639e+00 -4.017077074398862635e+00
5.903847495356060904e+00 -3.325872847630513718e+00
5.916083262212225691e+00 -2.566814211338634522e+00
5.916767453507141283e+00 -1.846188049899875949e+00
5.999349108559947297e+00 -4.101477049783319728e-01
5.971887654271640145e+00 3.252362124360352880e-01
5.932204011906421215e+00 1.023580494520700768e+00
5.979039230466597132e+00 1.760707686875445432e+00
6.005449314243300307e+00 3.187304190024683237e+00
6.030515787467777500e+00 3.913989809286420041e+00
6.643939943280734894e+00 -4.021228945968143620e+00
6.595019603458837310e+00 -3.313541403412369135e+00
6.658611469202995181e+00 -1.854369741858356235e+00
6.711667162728794267e+00 -1.148760794784646322e+00
6.761554167049077080e+00 -4.032597904616821438e-01
6.771086970746267752e+00 3.167653734486002293e-01
6.733738005699336782e+00 1.033673575099637532e+00
6.734185793130805564e+00 1.730448729152779919e+00
6.751013766165854690e+00 2.479476019984172552e+00
6.755346392315253468e+00 3.212808864675594123e+00
6.746365133956231830e+00 3.954646418089858173e+00
7.459454361297794378e+00 -4.014199143513707213e+00
7.447169223560926810e+00 -3.308887733785741858e+00
7.455500896378993048e+00 -2.544688608667801333e+00
7.415145161638534432e+00 -1.893546809233626504e+00
7.464335255803739244e+00 -1.178326928176918642e+00
7.502347095275439415e+00 2.675750912141054982e-01
7.508737609914156508e+00 1.018910051251957327e+00
7.495975016366514865e+00 1.724952802579238664e+00
7.484073462500525409e+00 2.474159753861091104e+00
7.481379814110709958e+00 3.186934295257465521e+00
7.472050907421014188e+00 3.933045925441660984e+00
8.224958425972275222e+00 -2.618890878381545662e+00
8.246193300813757787e+00 -1.183288580062843209e+00
8.238931850132139800e+00 -4.686442523943874505e-01
8.225714700317880101e+00 2.759936943851961644e-01
8.209859548697501452e+00 1.008568794495189991e+00
8.227325078158735039e+00 1.721103428435167615e+00
8.217412617396995245e+00 2.462138167309088743e+00
8.232303556698141733e+00 3.195921934118970853e+00
8.251517414716083465e+00 3.903643390452643303e+00
9.000889025141283639e+00 -1.918942733965192105e+00
8.983873897857229451e+00 -1.198663303819813564e+00
8.999142109222049157e+00 -4.920557476985010226e-01
8.962729342734988336e+00 2.410020227267857251e-01
8.949777345212147850e+00 1.022901832046098747e+00
8.967165878273910096e+00 1.722517388684845940e+00
8.988861819990283664e+00 2.425210136087216028e+00
8.986784563554806482e+00 3.149894469981532552e+00
9.020404599340388074e+00 3.851296955866423843e+00
9.880542058635882086e+00 -4.063461330155561768e+00
9.881763284546011050e+00 -3.336163031225083841e+00
9.871418272297859176e+00 -2.607859391320499043e+00
9.825936239927436588e+00 -1.924051087825375816e+00
9.798847258561018236e+00 -1.179171624139417673e+00
9.785900021905902690e+00 -4.743949599495138614e-01
9.720372501705114132e+00 9.946222603632755010e-01
9.716331234569175024e+00 1.682528125395432284e+00
9.735438345048422093e+00 2.431737485788964648e+00
9.742452771734747330e+00 3.169005790441332238e+00
9.796915636184365894e+00 3.853819642245788657e+00
1.063987919332455334e+01 -3.361422945431723264e+00
1.063988342184980240e+01 -2.620511740614833940e+00
1.064087548055942278e+01 -1.920943651878864955e+00
1.057203575923789884e+01 -1.193361924177661848e+00
1.050510155445842031e+01 2.397546762326179248e-01
1.047335184248209572e+01 9.692024059660866442e-01
1.047569454359901187e+01 1.689510571165126152e+00
1.048311322807919765e+01 2.408127373081587308e+00
1.052333745545987398e+01 3.099195013320219516e+00
1.055115363464020817e+01 3.871291082798819616e+00
1.141336977194483637e+01 -3.348036098652439563e+00
1.139695480666360794e+01 -2.623424438232714095e+00
1.142276852842742585e+01 -1.946195054360519094e+00
1.135372835639506661e+01 -1.178777546834201218e+00
1.134416530950403512e+01 -4.611348236983765503e-01
1.128719252069635814e+01 2.424594718027819340e-01
1.123328465049541336e+01 9.639985813042173390e-01
1.121721984364364744e+01 1.699087083490031347e+00
1.123481863015060611e+01 2.423696449618287119e+00
1.129187374124036580e+01 3.110719640596727231e+00
1.129049790119914576e+01 3.838316493478181712e+00
1.228086154376239847e+01 -4.117929504020409581e+00
1.222706646374210493e+01 -3.372784687712886864e+00
1.219754941481480159e+01 -2.662420147166550066e+00
1.214756692593809362e+01 -1.934106442583750862e+00
1.212310614435970280e+01 -1.174614318923975276e+00
1.209894858106684978e+01 -4.509644695026260308e-01
1.212942165422562368e+01 2.706205561996455344e-01
1.206470306842372509e+01 9.424314336785144519e-01
1.216091939869957628e+01 1.674227661949313273e+00
1.209518670635291926e+01 2.451084407123818920e+00
1.207277387173242289e+01 3.134373028959160479e+00
1.210764879764457902e+01 3.859188019355649146e+00
1.308916797626519468e+01 -4.071283200970761129e+00
1.309922415891745828e+01 -3.351913248562663483e+00
1.306832374177547962e+01 -2.607562484167708305e+00
1.298419254505993337e+01 -1.136394215415453601e+00
1.293942162115613570e+01 2.630576193563243237e-01
1.286821632469077770e+01 9.834317326800068315e-01
1.287173164163249339e+01 1.708971894604378150e+00
1.284273501307428944e+01 2.434680430645780547e+00
1.287405327770026986e+01 3.174752351809516426e+00
1.287665164187068711e+01 3.873599419169337921e+00
1.379675620524805169e+01 -3.357077787863758545e+00
1.386427446855681467e+01 -2.614418813899835214e+00
1.381093305160839435e+01 -1.910443751150392444e+00
1.382752224499488136e+01 -1.194612213012735680e+00
1.379104153627496743e+01 -4.546683020292583421e-01
1.375407619832085970e+01 2.701746905637811835e-01
1.371433298340561890e+01 1.000687442446729136e+00
1.363254596546952513e+01 1.716244718202577957e+00
1.359715645906106829e+01 2.485749288145772340e+00
1.360810536187949538e+01 3.180414799969916828e+00
1.366511558541200344e+01 3.878896085863203780e+00
1.464668088492850728e+01 -4.088539034500378477e+00
1.462450974456052677e+01 -3.351996505406678040e+00
1.462523843916630994e+01 -2.624312723495805244e+00
1.459920257486032114e+01 -1.910293349617216307e+00
1.447933902810563467e+01 3.060556049340341644e-01
1.444142078540888718e+01 1.013800353929234177e+00
1.443547119770502007e+01 1.734499551774995041e+00
1.443183767683589025e+01 2.439078830726980840e+00
1.449203864697526001e+01 3.158527139880177970e+00
1.450725078538097534e+01 3.885673369931375021e+00
1.548850105638713615e+01 -4.075597509263484852e+00
1.548854934499210856e+01 -3.388438143901328914e+00
1.542267569165963437e+01 -2.602904055668449956e+00
1.534189562541514107e+01 -1.164484417824745321e+00
1.530210879332454965e+01 3.288989501228272161e-01
1.529206524039774706e+01 9.781600068497553480e-01
1.519910170434751961e+01 1.736120795040484666e+00
1.524720648420232294e+01 3.185607143498103255e+00
1.524129405546160143e+01 3.903289707353657434e+00
1.625326723628527503e+01 -4.096275816560122962e+00
1.624737476810435766e+01 -3.369084177381957090e+00
1.626702515696101869e+01 -2.641747709065331406e+00
1.625359875835533074e+01 -1.932273320011358209e+00
1.614253710851767210e+01 -1.195188888969731522e+00
1.621757719485654547e+01 -4.680985358467353308e-01
1.605503434412545971e+01 3.144549213066163418e-01
1.599824066776197640e+01 1.749270488041997140e+00
1.600736360061963381e+01 2.470925824822550965e+00
1.597926381968222387e+01 3.199077653502698126e+00
1.602969657159211891e+01 3.884064956007115654e+00
1.698745636520729363e+01 -4.108849661086029670e+00
1.699459324533975746e+01 -3.380339152235912081e+00
1.697948081613120053e+01 -2.683577885770528582e+00
1.697729178420183871e+01 -1.934242881842099138e+00
1.693404793342956083e+01 -1.213822975535926219e+00
1.691557076318127883e+01 -4.935977039553627321e-01
1.690187299128341181e+01 2.569179456746084611e-01
1.682017959953375197e+01 1.782021364140710773e+00
1.680090744350729182e+01 2.470123004495253127e+00
1.676883741479539225e+01 3.154140058675423575e+00
1.678815532316083647e+01 3.908878370048846307e+00
1.773979610372379767e+01 -4.091977480299693326e+00
1.771591249076284669e+01 -3.379909202833239590e+00
1.769507264299328853e+01 -2.667482497369327632e+00
1.768201431451354466e+01 -1.904265358421831422e+00
1.767399724731451016e+01 -1.202295493107698121e+00
1.764198361174749863e+01 -4.795677365996056096e-01
1.763971364497415806e+01 3.212107244417126140e-01
1.758022276491373503e+01 1.007258923845601117e+00
1.756674086801395873e+01 1.677823367724013082e+00
1.757007037160614260e+01 2.502757594196680202e+00
1.756486429786066594e+01 3.199294454477666250e+00
1.759150058958633167e+01 3.939915431560429226e+00
1.845482525453718381e+01 -4.065552395618954762e+00
1.844787865183801756e+01 -3.375012713330811209e+00
1.841890476123262488e+01 -2.624361347924843102e+00
1.839690979018920558e+01 -1.915599919228139214e+00
1.835906013821855254e+01 -1.197505877869168955e+00
1.838463126009879289e+01 -4.518920846000398228e-01
1.834153704055178480e+01 2.740150605803890471e-01
1.834351804323366508e+01 1.035123644278929333e+00
1.831998685278276184e+01 1.761430037396870318e+00
1.831947527683084331e+01 2.500466893573214833e+00
1.829188787104989444e+01 3.236370383522562122e+00
1.829225811087567166e+01 3.948543487955795683e+00
1.916907906603902489e+01 -4.098204010598532676e+00
1.916018388263332639e+01 -3.358864707786995751e+00
1.912697859499508724e+01 -2.622010465469415408e+00
1.912973372132987038e+01 -1.910819574781271513e+00
1.911119140595177157e+01 -1.164058406511593091e+00
1.911590181310809555e+01 -4.388264214404316022e-01
1.907392917467051063e+01 3.061297921551329182e-01
1.909899757430012102e+01 1.019906768236410244e+00
1.904039598680230228e+01 1.760374025391627129e+00
1.904884615995443653e+01 2.491470979425994159e+00
1.902324742038511829e+01 3.242341197553074039e+00
1.906006201013660473e+01 3.998492596641398222e+00
1.997985396759379739e+01 -4.029803997012635364e+00
1.988312197453041108e+01 -3.320632667222660928e+00
1.988337253800731474e+01 -2.592890957132262031e+00
1.986336445434075415e+01 -1.884184367399985405e+00
1.983047975289013465e+01 -1.155642700287184965e+00
1.982264183087510645e+01 -4.307133329704200264e-01
1.982836658519659068e+01 3.017069483320433676e-01
1.981280327817519549e+01 1.022283553313926063e+00
1.980014935907041718e+01 1.765663457088095356e+00
1.980842673701285861e+01 2.501115685606070116e+00
1.978888544986210718e+01 3.223826908056828700e+00
1.984878755339596523e+01 3.968822385932291752e+00
2.073544652536513411e+01 -4.070163847523392775e+00
2.072238659950223649e+01 -3.325800977266993641e+00
2.068998857391392932e+01 -2.588645639511174323e+00
2.064679708224283416e+01 -1.839610905772193661e+00
2.063240405620224749e+01 -1.117292064534908036e+00
2.059633223331940854e+01 3.143896630126548075e-01
2.071561036495804586e+01 1.029172879156348586e+00
2.063915144876098395e+01 1.770828856018866304e+00
2.060394708476294312e+01 2.522918542045804458e+00
2.061547024370886305e+01 3.250790145750599436e+00
2.064973961922362378e+01 3.885680455333712757e+00
2.146678262745289345e+01 -4.074530687384900318e+00
2.144457991157775467e+01 -3.332852484514038593e+00
2.142189836118851076e+01 -2.577103030789633209e+00
2.145109256725590541e+01 -1.870074234475982422e+00
2.148746095291289038e+01 -1.144371890634907629e+00
2.144300930006200900e+01 -4.137390906716582606e-01
2.142792047802145561e+01 3.145940739304968758e-01
2.147462364455530803e+01 1.052518390926888259e+00
2.140607706071072158e+01 1.770256277174230064e+00
2.142655679851257133e+01 2.524019702777650309e+00
2.145034547075206888e+01 3.206267332962113414e+00
2.146802025393315461e+01 3.942655755901284920e+00
2.252008721099964816e+01 -3.965431196718107287e+00
2.243625543088810304e+01 -3.333343570816122536e+00
2.246002645859808666e+01 -2.532720162179419532e+00
2.251385818051577559e+01 -1.824750021035836056e+00
2.239124574564334580e+01 -3.603022214599178596e-01
2.229035809117311118e+01 3.357764739297621759e-01
2.230373933703263845e+01 1.068813128862810657e+00
2.223264372897523344e+01 1.791091510177110990e+00
2.223849001505924861e+01 2.502976935910087519e+00
2.223930573289755586e+01 3.209141729631525664e+00
2.222532542561704361e+01 3.975021577984627186e+00
2.321769632083060486e+01 -4.056984541651157627e+00
2.321982091008052151e+01 -3.318465370837973438e+00
2.320801727433619277e+01 -2.597142892331607555e+00
2.321997591649161308e+01 -1.855758889876135243e+00
2.319921305279990520e+01 -1.125262075689203556e+00
2.317741952664983529e+01 -3.984813039464825124e-01
2.316494001105703404e+01 3.266318318622936090e-01
2.308107090483692048e+01 1.069338054326145482e+00
2.309214006872855407e+01 2.550454478057083918e+00
2.304660760382687101e+01 3.229847719472878964e+00
2.301230756807007083e+01 3.937613588758459571e+00
2.395600661381764951e+01 -4.040388696517982936e+00
2.394496092617220029e+01 -3.321287413062353977e+00
2.395922144485395222e+01 -2.592797841175805473e+00
2.394974600132803744e+01 -1.855078520576579848e+00
2.394974294390972602e+01 -1.131301432501498283e+00
2.392173628872495073e+01 -4.163511401571575732e-01
2.389920352544313431e+01 3.107164750990349944e-01
2.388697508840355255e+01 1.060549467037965599e+00
2.387911422690729069e+01 1.783066332248154140e+00
2.387249584859420537e+01 2.504296482451000116e+00
2.381300437448093277e+01 3.251284948907638750e+00
2.384533731613250751e+01 3.937366006210048397e+00
2.468268483063128826e+01 -4.040265510803781268e+00
2.468219895623656157e+01 -3.319232421718769643e+00
2.467506526257044186e+01 -2.587226702522084310e+00
2.469062898749514545e+01 -1.867225792777947646e+00
2.467139961470213905e+01 -1.121527725066524539e+00
2.465271529610840417e+01 -3.912840026930020088e-01
2.469685511240788145e+01 2.985837629336707266e-01
2.465399235364910879e+01 1.059964517373444437e+00
2.460112367327936056e+01 1.775227764983679180e+00
2.462620575474588236e+01 2.516704409375225993e+00
2.458588491550364097e+01 3.245538734606647324e+00
2.465244374133015270e+01 3.944833854614451241e+00
2.545182102174345573e+01 -4.032973592354554881e+00
2.542538890284913577e+01 -2.601090732934714822e+00
2.538084470884287214e+01 -1.897471721830942926e+00
2.542161799513394271e+01 -1.143768408526923963e+00
2.540394929873390595e+01 -4.205735253664641959e-01
2.540649050989422619e+01 3.054525770831197917e-01
2.540793087744109613e+01 1.027513242077866096e+00
2.541098642727514090e+01 1.774539988584578509e+00
2.538377582934537458e+01 2.490568544133925144e+00
2.537381395873076428e+01 3.229861494134205202e+00
2.538698298825078581e+01 3.950204351997491869e+00
2.617576753277206336e+01 -4.035001734270341700e+00
2.600392358668668180e+01 -3.331535867580644350e+00
2.619084909768213976e+01 -2.598239895596641702e+00
2.614942792561191709e+01 -1.864761012499389636e+00
2.615243948340811642e+01 -1.150369341268849155e+00
2.614783750761945669e+01 -4.208359830774135446e-01
2.613901882029233548e+01 3.061576718849821077e-01
2.613598589196820399e+01 1.026805792640619330e+00
2.613466469001976833e+01 1.757415094293424573e+00
2.615163721618885972e+01 2.476083458632704293e+00
2.614739242051837209e+01 3.222425781527704203e+00
2.616125694132415447e+01 3.945075537103342356e+00
2.689603009493183094e+01 -4.035358443518962446e+00
2.690689993548020453e+01 -3.332570758136341738e+00
2.688923137139646258e+01 -2.604782944501984332e+00
2.688868122981244824e+01 -1.874190366604210567e+00
2.689005066426264534e+01 -1.149709598750039419e+00
2.688392946164761099e+01 -3.968302958495080190e-01
2.689391376674135614e+01 3.063094274831001940e-01
2.686362811495822456e+01 1.036783556485939783e+00
2.690041917143220473e+01 1.782999112197376945e+00
2.693053953262055700e+01 2.522262243358724731e+00
2.690383401056717361e+01 3.221195292021704404e+00
2.691472027128367017e+01 3.948276080605140237e+00
2.768399127993923514e+01 -4.058211124884149257e+00
2.763348744969533044e+01 -3.365973819936325384e+00
2.767647052446984191e+01 -2.608252850026911318e+00
2.764571738004598700e+01 -1.880913870150962452e+00
2.765639002364900279e+01 -1.157458506309406943e+00
2.762275921380591370e+01 -4.621763855669840382e-01
2.764220771403686427e+01 3.133400404074428991e-01
2.763732792757910772e+01 9.892067304932012917e-01
2.763117863127516216e+01 1.778777169077194742e+00
2.764238630360707560e+01 2.479543384967488606e+00
2.766484441932115601e+01 3.211177511422221187e+00
2.765893981508921939e+01 3.936265166605899424e+00
2.842420604544457063e+01 -4.088472373723536890e+00
2.840332763643113623e+01 -3.333744379402517666e+00
2.840225339230575941e+01 -2.608041512370260051e+00
2.842161565050550820e+01 -1.898306543334580709e+00
2.840658671782390599e+01 -1.149480005165756324e+00
2.841778939659528902e+01 -4.353016283300448208e-01
2.842224409822571118e+01 2.815179394520406220e-01
2.842207374528209840e+01 9.972282856622811664e-01
2.841812943035134964e+01 1.734788547298855121e+00
2.837565128010950133e+01 2.482430565165628877e+00
2.839351243016225368e+01 3.213076134941445616e+00
2.842294477723573465e+01 3.933237188234656401e+00
2.923157941691703599e+01 -4.051024291800693788e+00
2.917466827321316458e+01 -3.354226808456377995e+00
2.917995519317694431e+01 -2.584055435892967267e+00
2.915895296797059899e+01 -1.902024309934809310e+00
2.915125679907203704e+01 -1.179153985222040291e+00
2.913015081234015469e+01 -4.450708735969648444e-01
2.913588226614468368e+01 2.738036402650045886e-01
2.915490669987133998e+01 1.000908228562817470e+00
2.916649716752746002e+01 1.708574429836410502e+00
2.918043289686924169e+01 2.452463007947841334e+00
2.919350061977110755e+01 3.161513986421724098e+00
2.919138648234557110e+01 3.905068646726824966e+00
2.994747964262594309e+01 -4.069456332332823223e+00
2.996071728007505186e+01 -3.372825426891502332e+00
2.995633767249891122e+01 -2.641673910460013985e+00
2.994442329810357961e+01 -1.911561283876771711e+00
2.993985326468742159e+01 -1.184440966831871833e+00
2.990997963488280931e+01 -4.526118567257313430e-01
2.992908558691545551e+01 2.671498480905434292e-01
2.989601714367048402e+01 1.002580056598883829e+00
2.991086867134571747e+01 1.725129727414792313e+00
2.992589676063000326e+01 2.433841502944098067e+00
2.993097721601800032e+01 3.151023396901535989e+00
2.993768360104203197e+01 3.884734200662101955e+00
3.072583586460675775e+01 -4.077686678930270148e+00
3.068560134765136382e+01 -1.903591794044867669e+00
3.068156111379956741e+01 -1.202721475036192089e+00
3.069060087305050644e+01 -4.470172470347364424e-01
3.069645527624545167e+01 2.498065699032245846e-01
3.066691346321105271e+01 9.671235260915089782e-01
3.068078224127673792e+01 1.709743571976925836e+00
3.067902052838844185e+01 2.431384601261566303e+00
3.067341910600364230e+01 3.145364121527862267e+00
3.066664344061987180e+01 3.872278170075553305e+00
3.149366876674555016e+01 -4.095368181067893687e+00
3.146341859702648236e+01 -3.343790255823968494e+00
3.145982334248810020e+01 -2.628400722444009574e+00
3.147571825638214449e+01 -1.918007991720923400e+00
3.144577778492594433e+01 -1.194252486524959522e+00
3.142406424596730830e+01 -4.910174300827243599e-01
3.144063805876454154e+01 2.499203066377440052e-01
3.145193951879912930e+01 9.686758380554820747e-01
3.145833199790501311e+01 1.705305778303451092e+00
3.145159591723616899e+01 2.438213716902854600e+00
3.141822488504771371e+01 3.177258143702950122e+00
3.143510179843519126e+01 3.896294588866936692e+00
3.227814333107723854e+01 -4.074323788828433379e+00
3.223535819852386197e+01 -3.370381576594724038e+00
3.217507989526453827e+01 -2.622078253661459968e+00
3.220741104617230377e+01 -1.932732612253847293e+00
3.217715682575546765e+01 -1.169016193925813241e+00
3.219102080069051652e+01 2.403441669548378457e-01
3.218809094049232300e+01 9.608100793816589658e-01
3.216642110389934572e+01 1.706465735595575239e+00
3.218249242564827028e+01 2.438018085983202354e+00
3.218050602267751259e+01 3.161926142372806225e+00
3.224789520177137803e+01 3.878726254522071315e+00
3.297086777748977937e+01 -4.078831439224579469e+00
3.296687846568512015e+01 -3.368878726676729940e+00
3.297410820101153917e+01 -2.624399305506432967e+00
3.295231664421303464e+01 -1.908713109742816272e+00
3.294832618081706954e+01 -1.190487044620446966e+00
3.293465943019725017e+01 2.446512565503411452e-01
3.291307695465773264e+01 9.724768400453918105e-01
3.296613829900193338e+01 1.687186421679342629e+00
3.296032739550589241e+01 2.413523530218274260e+00
3.295511223818399316e+01 3.165081217199727348e+00
3.296048384105971962e+01 3.882508696853250285e+00
3.374258568454985863e+01 -4.070495110768600711e+00
3.372419998862650203e+01 -3.351179910815226037e+00
3.374440575008954823e+01 -2.634330142296683164e+00
3.369570406089342640e+01 -1.909406504054867781e+00
3.368845869507821789e+01 -1.166502753956880412e+00
3.372783885209441479e+01 -4.743411489282536309e-01
3.369014882036976388e+01 2.400855512356976362e-01
3.368889056905903345e+01 9.723447798331150693e-01
3.369126437541677177e+01 1.700627973860541431e+00
3.367131899044957066e+01 2.447731348956413200e+00
3.370628256824482349e+01 3.172099229756710770e+00
3.368096543686120725e+01 3.910229067688838711e+00
3.448243691006586431e+01 -4.053397702796864621e+00
3.446602419015527374e+01 -3.329633017931321604e+00
3.446114137990101511e+01 -2.614092471978814558e+00
3.444528853859768702e+01 -1.913793131037522244e+00
3.445405978927288260e+01 -1.194523038037264229e+00
3.443986378446314944e+01 -4.767571170668887248e-01
3.442382596905134307e+01 2.538457080919798159e-01
3.442729389444978239e+01 9.897408461398882196e-01
3.444003812151051847e+01 1.732698944643942696e+00
3.445206423565037568e+01 2.446097141187987489e+00
3.445871082432606869e+01 3.177726306196582584e+00
3.443559985886044927e+01 3.902909184806759413e+00
3.521112506017835386e+01 -4.068748190230277118e+00
3.515097303757381297e+01 -3.365608594504205797e+00
3.519610099582072138e+01 -2.626821686808327172e+00
3.519116277335265153e+01 -1.905791217486491718e+00
3.518946044584215116e+01 -1.211296318412607320e+00
3.519121389442783965e+01 -4.766284419913624504e-01
3.518610486656314862e+01 2.727065041813538926e-01
3.516530260583486012e+01 9.670139946688109944e-01
3.515250893140477473e+01 1.737956384936811816e+00
3.515299620713346229e+01 2.430262690799001035e+00
3.518189951558579054e+01 3.192585498505209785e+00
3.516537304759257410e+01 3.914583834644567162e+00
3.595934351915435201e+01 -4.049159343755370344e+00
3.595110699158440326e+01 -3.332420366472273798e+00
3.594922722627705269e+01 -2.615574369897899487e+00
3.593419894454213903e+01 -1.904270038550535560e+00
3.592332592294595628e+01 -1.180118539363459007e+00
3.591301520960636395e+01 -4.493771959137937699e-01
3.592898908895941901e+01 2.964428003557202373e-01
3.594177306939234740e+01 1.053166196997896265e+00
3.594223320776344366e+01 2.449370775155490065e+00
3.592735240721150802e+01 3.202944711309562820e+00
3.595031865943409599e+01 3.957884779863064750e+00
3.668477174584678124e+01 -4.086047812778222266e+00
3.668235774085828638e+01 -3.333775276629129536e+00
3.668433743040443318e+01 -2.651223444374426919e+00
3.666691200958967300e+01 -1.889822119823588054e+00
3.666032088535093436e+01 -1.165092305442865239e+00
3.665171669395321175e+01 -4.384344284904067024e-01
3.668358917061900826e+01 2.917940395063780556e-01
3.666670768288084759e+01 1.005149640784583909e+00
3.665955326223552646e+01 1.781122250154076880e+00
3.665662671403294581e+01 2.481542684030333845e+00
3.670791868915861045e+01 3.235784917713523612e+00
3.672990749825520851e+01 3.929634530317599683e+00
3.746654005573315516e+01 -4.051560583028500417e+00
3.742289550911247176e+01 -3.324286839316755504e+00
3.742026403427046688e+01 -2.597974278400293713e+00
3.738742387628588659e+01 -1.147689641704022989e+00
3.738065932314048467e+01 -4.249272965361825527e-01
3.737577405004986275e+01 3.567627178697705403e-01
3.739876445708707564e+01 1.056441207588878939e+00
3.744502227351762969e+01 1.743557941256391075e+00
3.746526077704711355e+01 2.483147219738263800e+00
3.742949885733428772e+01 3.210844879861852519e+00
3.744535501259361610e+01 3.933235629755408524e+00
3.820582344117172369e+01 -4.021203622482541817e+00
3.818996208699412165e+01 -3.299647134406004767e+00
3.817574293457239065e+01 -2.590527325363492395e+00
3.816767835356711913e+01 -1.866266438213020962e+00
3.816982939280324416e+01 -1.132514501294970444e+00
3.814683303611837317e+01 -4.031095134220485932e-01
3.820790645036721145e+01 3.606658553007946466e-01
3.821626505447982680e+01 1.064376257273309534e+00
3.822506286097287642e+01 1.755782226082544639e+00
3.824087320112914057e+01 2.513510278077696114e+00
3.900912463327686197e+01 -3.973257110724599528e+00
3.901497859571775706e+01 -3.257239481803136272e+00
3.896726997380321933e+01 -2.565397418729652657e+00
3.905130385869585297e+01 -1.801627639178946083e+00
3.904260292970644031e+01 -1.114640912553589658e+00
3.899913229054256902e+01 -3.281510741438395939e-01
3.904178123442223836e+01 2.613444584518525460e+00
3.901904823995173643e+01 3.190736764774612766e+00
3.981496454971775023e+01 -3.278667877113925044e+00
3.971718670504426285e+01 -2.919858743539325729e+00
3.978768619290932662e+01 -1.824660437757792408e+00
3.998069410835869775e+01 1.110928884291045193e+00
3.999374380848484378e+01 1.872762802640703939e+00
4.000242198021715723e+01 2.629978545182531491e+00
4.000317482066174790e+01 3.319593660318680861e+00
3.999857084962709308e+01 4.018958408156144912e+00
4.073442560699609061e+01 -3.978877304494574219e+00
4.072239462862069814e+01 -3.246870709034794800e+00
4.071217807050629034e+01 -2.484363337065836674e+00
4.071589681481835754e+01 -1.777641634029446749e+00
4.072644149743307906e+01 -1.062736747067479115e+00
4.073006725220083268e+01 -3.383900049225836426e-01
4.073912226603163589e+01 1.122667902836237630e+00
4.073226989581248603e+01 1.851883961836293224e+00
4.072674147984569260e+01 2.507584173384454829e+00
4.070560920503205438e+01 3.331921273970536390e+00
4.072012081724633248e+01 3.978877304494574219e+00
