-9.665131896181833326e-02 -4.006368914587842056e+00
-8.984868686551550354e-02 -2.531768350307860516e+00
-9.717564120717270271e-02 -1.825939163104877139e+00
-9.119998250781691240e-02 -1.104529577219850012e+00
-9.682768450988987752e-02 -3.721015716533635498e-01
-8.940801893538719014e-02 3.628451194466819629e-01
-9.450206248049397573e-02 1.094786387907426217e+00
-9.313878754624482781e-02 1.818285115261513596e+00
-9.272116393005092050e-02 2.534343740474454876e+00
-9.196548807265969572e-02 3.269648615174759243e+00
-9.160818096610512384e-02 3.990255491235124907e+00
6.377663384967178217e-01 -3.998323945127392420e+00
6.421793105987134709e-01 -3.279673089899990401e+00
6.383828919897922560e-01 -2.548175627087012174e+00
6.289322562778920656e-01 -1.825657302781735325e+00
6.302693726022354781e-01 -1.091823910751589466e+00
6.383584241962410033e-01 -3.669357397284365163e-01
6.175409003433500743e-01 1.088097082563585616e+00
6.332927422967742359e-01 1.816992133562823852e+00
6.364670238587066819e-01 2.535599870626132457e+00
6.310182024431298942e-01 3.277516732833994695e+00
1.368879428966359058e+00 -3.271550114145810539e+00
1.363204185054250672e+00 -2.549277847317835466e+00
1.364379116186107410e+00 -1.820651765126765298e+00
1.365831945242945267e+00 -1.090492136426149727e+00
1.364832207346090343e+00 -3.632404570349621054e-01
1.365217401347997850e+00 1.088560567378223709e+00
1.366790738871941358e+00 1.808818538267082943e+00
1.359017489639377629e+00 2.547244309927865658e+00
1.363479583238998316e+00 3.274696715064692398e+00
1.361588095750185801e+00 4.002554489544856153e+00
2.093467794067336740e+00 -3.996500539342342506e+00
2.095631412958752549e+00 -3.274869726230672740e+00
2.105211191394403158e+00 -2.540262406339802936e+00
2.089217688979474019e+00 -1.810171189250716850e+00
2.088042101468374767e+00 -1.090289706296026395e+00
2.092279926706481774e+00 -3.670624572632128491e-01
2.092180728417893931e+00 1.088686826077282177e+00
2.093506850529081476e+00 1.820845678616418439e+00
2.093689347702003545e+00 2.545342977984287103e+00
2.098568045875403243e+00 3.273841413058242722e+00
2.098196485698132108e+00 3.997102024292239264e+00
2.819543437175461520e+00 -3.998802790268317864e+00
2.809993017169468033e+00 -3.277578863663958231e+00
2.819992771208490012e+00 -2.549264710498597708e+00
2.827866778855558039e+00 -1.819271615540344555e+00
2.829843718002031494e+00 -1.091927175069177025e+00
2.824582090288430436e+00 -3.605621283029769586e-01
2.822502586896469268e+00 3.664322221646045818e-01
2.819873547660264990e+00 1.814502246814960529e+00
2.818846498939493017e+00 2.554234304707151182e+00
2.810202961059708571e+00 3.270125249680582158e+00
2.821475957902109144e+00 4.002566619016583616e+00
3.552349088371968833e+00 -3.998191225554869277e+00
3.548108262151473014e+00 -3.275603892995970767e+00
3.545658192633673877e+00 -2.551121165156729376e+00
3.551577874980651472e+00 -1.816403972408206613e+00
3.550874190103272099e+00 -1.093626337932455783e+00
3.547380923861958024e+00 -3.569025222075339343e-01
3.535572258209072061e+00 3.635491778997064216e-01
3.548796841736113095e+00 1.100015496419494809e+00
3.541385445944754906e+00 1.824824622983555855e+00
3.552175010739631489e+00 2.552835975972257643e+00
3.537782495539630645e+00 3.266469029978040339e+00
3.546842023118536247e+00 3.996925238846124273e+00
4.280669749642342481e+00 -4.002130432591780362e+00
4.280590803779929843e+00 -3.271632071095112337e+00
4.274583564090100651e+00 -2.546074069897336756e+00
4.275247160966280546e+00 -1.825960711741480225e+00
4.272446730884567501e+00 -1.092981626856339261e+00
4.279167021131613069e+00 -3.666698753923469667e-01
4.271903050458696782e+00 3.626144521422993705e-01
4.281122316955190854e+00 1.091713424611228334e+00
4.274449099730183832e+00 1.820994287124744204e+00
4.273685623962087732e+00 2.549770349140562331e+00
4.275057205042060104e+00 3.274658034854986965e+00
4.271155457194723226e+00 3.996241397018799546e+00
4.993988180270036992e+00 -3.991310349862988716e+00
5.000564006003330064e+00 -3.273452909876610306e+00
5.003139107513895567e+00 -2.543863378614826587e+00
5.014154544209837638e+00 -1.816459806889820783e+00
5.000201165050050633e+00 -1.098314743218114842e+00
5.004785798673459851e+00 -3.628227619159289929e-01
5.000874641289868805e+00 3.746130439440342741e-01
5.003925087144821759e+00 1.084021227760636918e+00
5.006892210288924616e+00 1.817644085020042155e+00
5.005998248753336100e+00 2.551408017202174250e+00
5.005260484614240113e+00 3.270482548593093952e+00
5.733474132920726163e+00 -3.993887295135667870e+00
5.736589934050826400e+00 -3.269667333091028638e+00
5.737549973498474287e+00 -2.541629817964732752e+00
5.729585168552929986e+00 -1.089295785389197135e+00
5.731274130007854239e+00 -3.629732421117743968e-01
5.735483240922242487e+00 3.664174441013123840e-01
5.739339088683557577e+00 1.085664606273841315e+00
5.738284862732363933e+00 1.814453659545311126e+00
5.733974935006685314e+00 2.539625814100915591e+00
5.739347302245398907e+00 3.271438558962323384e+00
5.736647723316821157e+00 3.989201186781599517e+00
6.452716702395598247e+00 -3.994157421405265751e+00
6.460027525183782870e+00 -3.268904205214376191e+00
6.459568094251231685e+00 -2.539660365759505822e+00
6.465884794774119371e+00 -1.815890220453212578e+00
6.461656260177292666e+00 -1.091716551729351892e+00
6.456716864369802522e+00 -3.549689455067834842e-01
6.462568319189728072e+00 3.650077122894224146e-01
6.442774591039196252e+00 1.081182457247923168e+00
6.469605270832737176e+00 1.818489652821963176e+00
6.464170718532784576e+00 2.552778629362759233e+00
6.465072916923730872e+00 3.272128410490935835e+00
6.459531592761088348e+00 3.992796716828451054e+00
7.189764039249027405e+00 -4.000427151397506265e+00
7.181403325744682320e+00 -3.271504536735765356e+00
7.187704632583937325e+00 -2.545837703345746661e+00
7.184522148631891980e+00 -1.809291838129585273e+00
7.181300003946923027e+00 -1.081667608882412424e+00
7.193400301239719852e+00 -3.628583494467356729e-01
7.190729314900103475e+00 3.653796492129188778e-01
7.191179335755194302e+00 1.091418561894034411e+00
7.188919432517863584e+00 1.818913441855055879e+00
7.188554750328329135e+00 2.555320795602622042e+00
7.188364577038562686e+00 3.271735067209547765e+00
7.194597970530125508e+00 3.995445735477666460e+00
7.920847695434176217e+00 -3.998258967329896052e+00
7.913960327617409973e+00 -3.278429321797670326e+00
7.919146004123035709e+00 -2.543638686990750131e+00
7.919456593873391625e+00 -1.816262853122776022e+00
7.919721787169102356e+00 -3.604934992514650105e-01
7.920315659933123698e+00 3.654649709734982821e-01
7.911690444642651698e+00 1.089395821309896206e+00
7.919690838942990752e+00 1.815403853096913878e+00
7.918737263215525957e+00 3.271144508482322522e+00
7.924053048796203313e+00 3.994167529230480795e+00
8.650037145297773122e+00 -3.998762160532567833e+00
8.641879492678526731e+00 -3.274223072911446764e+00
8.639420669603751435e+00 -1.819134080497157413e+00
8.650691556339694444e+00 -1.093521237869563123e+00
8.657203458917230421e+00 -3.635358720868104854e-01
8.656521309079103332e+00 3.668391693568935352e-01
8.649597980970014532e+00 1.092979959189349870e+00
8.655714942384918231e+00 1.816694291333242006e+00
8.653759364449300051e+00 2.546976874753937636e+00
8.647210869119938081e+00 3.275547472470208277e+00
8.644945227083866257e+00 3.997734273569570007e+00
9.381045377892327508e+00 -4.000387904242984405e+00
9.379110412161310251e+00 -3.269051715585106876e+00
9.375384347191641154e+00 -2.541479416040218098e+00
9.374082412478358606e+00 -1.826579612062189995e+00
9.377612967710994951e+00 -1.095387343371893252e+00
9.381101684555311238e+00 3.549393863073682098e-01
9.381090465034205295e+00 1.094104034264518077e+00
9.383160746011618869e+00 1.811704043573559630e+00
9.379232309561423619e+00 2.547580654538773359e+00
9.372334059854097177e+00 3.261296368421767511e+00
9.376222633638043646e+00 3.999508186032549872e+00
1.010676794367654452e+01 -2.548198490722899834e+00
1.010973510669673203e+01 -1.091642007786809643e+00
1.010622571113002977e+01 -3.688168311852955128e-01
1.010796903024726134e+01 3.611962372907022711e-01
1.009941913940859592e+01 1.095632450517822321e+00
1.010898579016991761e+01 1.813126572228927813e+00
1.010369873173701194e+01 2.548872041007832934e+00
1.011131052203990777e+01 3.270146268940216316e+00
1.010749503469492083e+01 3.998125102361079541e+00
1.083740990123015990e+01 -1.817234201924190273e+00
1.083831303031401916e+01 -1.091483065442378830e+00
1.083533120788905535e+01 -3.709604339195351486e-01
1.082674995069955770e+01 3.624548405749479230e-01
1.082292118096324174e+01 1.094337216980562744e+00
1.083801495652666347e+01 1.819343945900605775e+00
1.083405008446467832e+01 2.539157283793162634e+00
1.083578665178232825e+01 3.268647166086822153e+00
1.083372543629445062e+01 3.991521588274608234e+00
1.157310533721690149e+01 -4.000186498171306226e+00
1.157410654160823071e+01 -3.278641594230780498e+00
1.157054001578803337e+01 -2.548539341910256439e+00
1.157353988412523904e+01 -1.822319764459933822e+00
1.157055580347956436e+01 -1.092642458342112377e+00
1.156598277471498903e+01 -3.648012023076816490e-01
1.156093699467646019e+01 1.101405468533585008e+00
1.156781712641896576e+01 1.822283955365954000e+00
1.156613250858647746e+01 2.541675475388004202e+00
1.156811339061254529e+01 3.272226995854978782e+00
1.156587601255619546e+01 3.995552767471401978e+00
1.229945716304731462e+01 -3.270671118137514100e+00
1.230238402222766325e+01 -2.544446282031433526e+00
1.230942812974763712e+01 -1.819845632451755790e+00
1.229730145579340217e+01 -1.089808587949750773e+00
1.229114322653834535e+01 3.574491897403966334e-01
1.228331195057222658e+01 1.087322645119282782e+00
1.229128059272278506e+01 1.814405470179746516e+00
1.228811160750733222e+01 2.540150288867433659e+00
1.229063168321319921e+01 3.263655648856037317e+00
1.229012750004889654e+01 3.999103871840674174e+00
1.302566715300048372e+01 -3.268675735653680192e+00
1.302547713653126493e+01 -2.546315441877570862e+00
1.303152655677610028e+01 -1.826948295769522446e+00
1.302317888608857999e+01 -1.093008242429682753e+00
1.302870619364466620e+01 -3.561967369700838049e-01
1.302121297660004728e+01 3.623994059057125128e-01
1.301621285235616199e+01 1.089243596863770591e+00
1.301854879962381517e+01 1.819298796746387836e+00
1.302682541834455066e+01 2.545448202509714264e+00
1.301866982691273478e+01 3.268125214820436497e+00
1.301894624818906010e+01 3.992657564544572324e+00
1.376188656404012534e+01 -4.010820979002460263e+00
1.375175619785869685e+01 -3.274283727299383884e+00
1.375809558530016119e+01 -2.550032560149038119e+00
1.375783577174529171e+01 -1.821852226199986546e+00
1.375164704403245963e+01 -1.094015005587795741e+00
1.375618643095016580e+01 -3.635618949865389027e-01
1.375506946718356005e+01 3.640249282827845434e-01
1.375848130987900220e+01 1.089514680090861276e+00
1.375122261011608771e+01 1.816415196004811605e+00
1.375199945294188808e+01 2.550069931993856898e+00
1.375373949593692657e+01 3.270990902520850341e+00
1.375182004916245404e+01 4.009710483231458511e+00
1.448747769221764514e+01 -3.999780694148370230e+00
1.448971269548487584e+01 -3.271046713341199563e+00
1.449057124355253023e+01 -2.544276305057337595e+00
1.448541564471288723e+01 -1.086669771224816117e+00
1.448515465023807991e+01 3.701504576697089988e-01
1.447628257498845983e+01 1.086787478966893872e+00
1.447906688435903533e+01 1.813069394653442856e+00
1.447342895339316726e+01 2.543837184222979886e+00
1.448651994707495305e+01 3.276775337621231188e+00
1.448226106502009713e+01 3.996735844086863665e+00
1.521441539766828299e+01 -3.273964517834528465e+00
1.521663717555621531e+01 -2.550527390952566975e+00
1.521223261459196863e+01 -1.821070576370750871e+00
1.522178339483308207e+01 -1.096859319783490605e+00
1.522101820196376565e+01 -3.611714754692023632e-01
1.520846870601552325e+01 3.558725704797467415e-01
1.521368283031720381e+01 1.081696490152516787e+00
1.520831955375803801e+01 1.813237681328807582e+00
1.520940030571500756e+01 2.550637278819703369e+00
1.521641086453450953e+01 3.275470659084298575e+00
1.521229679769236753e+01 4.000985692863608278e+00
1.594628936184583523e+01 -4.004061902851876908e+00
1.594713040481583022e+01 -3.273016484396421788e+00
1.595181170635297008e+01 -2.544366879206918952e+00
1.594968335914818169e+01 -1.818195394248341756e+00
1.593462111230424227e+01 3.645478436988298654e-01
1.593930421981873735e+01 1.094488238731823770e+00
1.594239244646789899e+01 1.821752403784362428e+00
1.592519590529590090e+01 2.540841383256804420e+00
1.594387600582681586e+01 3.272864786376416646e+00
1.594202036217097884e+01 4.000427457452474300e+00
1.668053625938831885e+01 -3.999698642062973875e+00
1.667602940194692707e+01 -3.274217599997324868e+00
1.668168469140699273e+01 -2.547279924592594114e+00
1.667874816080299638e+01 -1.093289709970996171e+00
1.667693998317658810e+01 3.762887323303587550e-01
1.667198499428908320e+01 1.086039363442861116e+00
1.666304534212220290e+01 1.818975531519249955e+00
1.667152732382610480e+01 3.279096790473907674e+00
1.667199942848127137e+01 4.004517602217262606e+00
1.740803556995527401e+01 -3.998028067754159309e+00
1.740291408834804088e+01 -3.273569686483543961e+00
1.741301924348319119e+01 -2.545337440965685261e+00
1.741017038475504819e+01 -1.824684129277656552e+00
1.739947206195179774e+01 -1.094758890535263873e+00
1.740955928417641729e+01 -3.694758672273650291e-01
1.740899371207921575e+01 3.625761903302553435e-01
1.739828157922409702e+01 1.816480225610870747e+00
1.740652430027292752e+01 2.545684893597645271e+00
1.739722853322213325e+01 3.280227629268843259e+00
1.740285497169300299e+01 3.997993860272309519e+00
1.813232542666957414e+01 -4.007570079718405509e+00
1.813676607189574952e+01 -3.274478185861315893e+00
1.814008789073436390e+01 -2.558094422475402752e+00
1.814369577248027809e+01 -1.819060383844856688e+00
1.812930874756656152e+01 -1.094115565471373230e+00
1.812945360008791340e+01 -3.676756385682757866e-01
1.813438822237380066e+01 3.668715269552897951e-01
1.813419339384918771e+01 1.828012070614924767e+00
1.812986664525431024e+01 2.550497555411396888e+00
1.813027536800063899e+01 3.278120658417357447e+00
1.812984570464451650e+01 3.997138301709107111e+00
1.886487546496370982e+01 -3.998909762531521750e+00
1.885956003350971599e+01 -3.271655013617976948e+00
1.886251387769511467e+01 -2.548966344107189030e+00
1.886027152500649606e+01 -1.808643662729711110e+00
1.886429513354364929e+01 -1.090053409593224387e+00
1.886047770453556893e+01 -3.762288747557498425e-01
1.886194778370553138e+01 3.899245412852678783e-01
1.884683548427479138e+01 1.096406405693940656e+00
1.883756066821050723e+01 1.779351859347986675e+00
1.885665736714393859e+01 2.555711070064909052e+00
1.886093012310478656e+01 3.271579874740034199e+00
1.886276736976083157e+01 4.001916280609002285e+00
1.959281254866152011e+01 -3.996338231271092667e+00
1.958891820516340943e+01 -3.278210826033625125e+00
1.958910207895827682e+01 -2.538096164876030514e+00
1.958732948739321245e+01 -1.821858123345378999e+00
1.957932228294578181e+01 -1.094089377815318898e+00
1.959297225755118887e+01 -3.613812232141704328e-01
1.958284106693474058e+01 3.617108424021431290e-01
1.958840802822975746e+01 1.101238579219021574e+00
1.958798746863243423e+01 1.826633738431461040e+00
1.958591808028032233e+01 2.549132313079169876e+00
1.959056722407837725e+01 3.284586855018844176e+00
1.957642125240864317e+01 3.994035326760595694e+00
2.031367201987410454e+01 -4.007353164546103130e+00
2.031886413502343203e+01 -3.276145801366563859e+00
2.030883517645121827e+01 -2.539871923490760963e+00
2.032043625659214570e+01 -1.822677523744253847e+00
2.031810457818165361e+01 -1.089543034272843158e+00
2.032259903873577400e+01 -3.664320313050062339e-01
2.032070782045199309e+01 3.705119518761499364e-01
2.032213234968839544e+01 1.087344836543643112e+00
2.030962876838383124e+01 1.820911742057035099e+00
2.031387084070644278e+01 2.547923277709276846e+00
2.031185372122359922e+01 3.273686231843541350e+00
2.031790954410156758e+01 4.010674874947305568e+00
2.104387999361711792e+01 -3.994344472431162529e+00
2.103605530006093005e+01 -3.276267167445894302e+00
2.104485941324604426e+01 -2.546325548717863541e+00
2.104193564267558969e+01 -1.815042867801025750e+00
2.104419562333365690e+01 -1.093669089800297201e+00
2.104239865970490797e+01 -3.652951732662508277e-01
2.104690540502302554e+01 3.619048937924702614e-01
2.104383287623227972e+01 1.092243137106354567e+00
2.104954691930543476e+01 1.815075866348390576e+00
2.105555977768365494e+01 2.547323062171013675e+00
2.104069748744927892e+01 3.272679526579089782e+00
2.104918891304600237e+01 4.003177200946240077e+00
2.177687776959108135e+01 -3.998065315248410911e+00
2.177588572338497386e+01 -3.273215339834347759e+00
2.176715301627963584e+01 -2.557024483866715769e+00
2.177531105793913468e+01 -1.826735409115663344e+00
2.177459972321411641e+01 -1.087745397043189399e+00
2.177708588032233195e+01 3.624072415315460205e-01
2.177395350543280728e+01 1.102531900077501348e+00
2.177413492097232961e+01 1.814404623496081115e+00
2.177294220951556269e+01 2.550554428509798299e+00
2.175792725238797232e+01 3.273983096266150028e+00
2.177572889562458869e+01 3.989856608514379843e+00
2.250748925764988684e+01 -4.005807971462619577e+00
2.250453177960961426e+01 -3.279885150832541285e+00
2.250118686477616592e+01 -2.539621002931951921e+00
2.251399651475617247e+01 -1.817433377166345565e+00
2.251071079434075983e+01 -1.085884957820155705e+00
2.250696913075424987e+01 -3.655255895254789777e-01
2.250237712063010065e+01 3.680039676660271653e-01
2.250974228894809670e+01 1.097884889111565343e+00
2.249907915967115457e+01 1.821457773115842116e+00
2.250111160885624173e+01 2.553779781477135913e+00
2.250657160002234747e+01 3.269450932877909111e+00
2.250157044711448151e+01 3.995940813448342510e+00
2.323898893603674054e+01 -3.996015983439733077e+00
2.323758156034377720e+01 -3.271581722044448526e+00
2.323840621494320402e+01 -2.540100183323691141e+00
2.323884892917799050e+01 -1.812727052569012898e+00
2.323831753846449999e+01 -3.584857654351836231e-01
2.323643372414979780e+01 3.671579789440500008e-01
2.323096849426848820e+01 1.096185874495795076e+00
2.323233737185441328e+01 1.821251859450534027e+00
2.323180285811127987e+01 2.547689810161696045e+00
2.323428827988117717e+01 3.266621468571521802e+00
2.323564938468411611e+01 4.008466315757750920e+00
2.396765825339457479e+01 -4.002402023252862762e+00
2.396991427045254852e+01 -3.271990396966309333e+00
2.396518823081451899e+01 -2.544682893702599813e+00
2.396938042061120200e+01 -1.811577557946797867e+00
2.396649345950264376e+01 -1.086484724392597911e+00
2.396832711785674519e+01 -3.656881701506407012e-01
2.397438788704478441e+01 3.649685406176281788e-01
2.396776332260241560e+01 1.099713341222457785e+00
2.396455539493837961e+01 2.553950453101858642e+00
2.396205921148157358e+01 3.272148482483125065e+00
2.396316556883598281e+01 4.001285545572123681e+00
2.469527169913496323e+01 -3.998004194816200396e+00
2.469275297896950860e+01 -3.271401519598104102e+00
2.469925888691369664e+01 -2.543600075061725363e+00
2.469679719679304952e+01 -1.816278250839395980e+00
2.469760444705266167e+01 -1.084393650000798459e+00
2.469071272150467422e+01 -3.625553125168821111e-01
2.469323855230283726e+01 3.655967548586893656e-01
2.469372609065495539e+01 1.094377204663977921e+00
2.469460253891639923e+01 1.822655934362082064e+00
2.469382057410400222e+01 2.549516922806390085e+00
2.468506012821220708e+01 3.276328240358296284e+00
2.469786155925895343e+01 3.997534895947467248e+00
2.542393965361241470e+01 -3.998100737366655721e+00
2.542500198841913317e+01 -3.270361772041443515e+00
2.542360827427577163e+01 -2.543138076930187452e+00
2.542441786448543439e+01 -1.817594118449928686e+00
2.541948328263834611e+01 -1.084501209136124800e+00
2.542082719947490688e+01 -3.586972132201893260e-01
2.543388223814147864e+01 3.544425860408324525e-01
2.542185290492078309e+01 1.090644880774156888e+00
2.541569644045527099e+01 1.818972393365356766e+00
2.542321842203326554e+01 2.548038556776134556e+00
2.541134833936526150e+01 3.275815406206163516e+00
2.542607004038451635e+01 3.999149168293968160e+00
2.615706193255577716e+01 -3.996898536326391138e+00
2.615275665695983776e+01 -2.543355611987010434e+00
2.614177879128538962e+01 -1.819571609177891958e+00
2.614714414784852181e+01 -1.087256864749502228e+00
2.614617405040380760e+01 -3.625407845121095818e-01
2.615618930884777882e+01 3.607589887812103768e-01
2.615051203087396203e+01 1.088135654102440952e+00
2.615108176379013116e+01 1.820016750564612096e+00
2.614989929796303159e+01 2.545369515659963611e+00
2.614368770862899538e+01 3.273362734393465701e+00
2.614895407857676446e+01 3.998584838576121570e+00
2.688297097911528510e+01 -3.988457803392154943e+00
2.686261113479150708e+01 -3.263238404737215603e+00
2.688817067639595138e+01 -2.541161723634012048e+00
2.687855594222235567e+01 -1.815496859177208933e+00
2.688413671218277301e+01 -1.093503512205167283e+00
2.688128952324851184e+01 -3.636526476105856887e-01
2.687635863067900033e+01 3.630003817064562099e-01
2.687645733243051183e+01 1.086501354384402873e+00
2.687416239876370838e+01 1.816067273935615844e+00
2.687864567622419543e+01 2.539574348381755442e+00
2.687951186513727464e+01 3.274096017788600932e+00
2.687951280191524006e+01 4.003757472448391752e+00
2.760811936724591220e+01 -3.990089490358268876e+00
2.761048661208987909e+01 -3.278253708591723381e+00
2.760541892606087799e+01 -2.548597992928417710e+00
2.760819641630699550e+01 -1.816258558397493061e+00
2.760801103348504881e+01 -1.088242525679508077e+00
2.760342064903365156e+01 -3.611233224814505149e-01
2.760278684556352147e+01 3.661033954880146268e-01
2.759612372342520104e+01 1.092352045048208709e+00
2.760754400805797104e+01 1.822534539259784481e+00
2.760985818483730014e+01 2.550148590167751195e+00
2.760922086346842264e+01 3.271092882301829263e+00
2.760421509017973563e+01 3.997915793933913164e+00
2.833903110221759647e+01 -3.997023645576017969e+00
2.832181547942094824e+01 -3.282673837772023262e+00
2.834065656985633552e+01 -2.542582694958220202e+00
2.833714942773413270e+01 -1.816084927116925485e+00
2.833579850962351543e+01 -1.092154654468430408e+00
2.832955808107067242e+01 -3.720348183683022114e-01
2.833681823348149464e+01 3.639739676906863508e-01
2.833465959015028801e+01 1.084615474120038670e+00
2.833178099758480073e+01 1.826354682717045819e+00
2.833373293688855910e+01 2.549215070143866058e+00
2.833891944386206774e+01 3.271742456665286625e+00
2.833335129306350098e+01 4.001209290658387374e+00
2.906269947280109278e+01 -4.000114559348475041e+00
2.906448235766468002e+01 -3.270238614963616897e+00
2.906326236371351257e+01 -2.539268412251118434e+00
2.906818738871098873e+01 -1.819368702613552102e+00
2.906469690544432893e+01 -1.082686203239891398e+00
2.906845184140809835e+01 -3.623429985100088402e-01
2.906861561235682956e+01 3.665803917024845759e-01
2.906782211410071426e+01 1.092784226201121811e+00
2.907495298807744888e+01 1.813759180294521656e+00
2.906461976414691861e+01 2.544390261670386622e+00
2.905565656801217500e+01 3.275872790502553755e+00
2.906073838230127393e+01 4.001498942243834733e+00
2.979604955127599197e+01 -3.999303763889852092e+00
2.979431021538702140e+01 -3.274852898616568808e+00
2.978984357029857932e+01 -2.537433433600742916e+00
2.979274736579966287e+01 -1.820120157573057895e+00
2.978320711396896314e+01 -1.092352766644804518e+00
2.978498178033574817e+01 -3.634452226912863182e-01
2.978726444095919845e+01 3.636232600011233274e-01
2.978836930011939188e+01 1.089544367633539679e+00
2.979267320373065076e+01 1.812078566976762062e+00
2.979233088657870354e+01 2.547073088900926763e+00
2.978988935671211635e+01 3.270450964680534867e+00
2.979401481261880491e+01 4.002653465800761978e+00
3.052460665542061946e+01 -3.995795354360065943e+00
3.052981594295722090e+01 -3.273784191184347492e+00
3.052176576359828886e+01 -2.546367905220304095e+00
3.052126491204712266e+01 -1.817626232094248451e+00
3.052511226334207350e+01 -1.088120322722595290e+00
3.051714518828156741e+01 -3.650128639531047270e-01
3.052273790217598304e+01 3.618235163774770058e-01
3.052200448004402489e+01 1.096223556156235901e+00
3.052006508125302986e+01 1.828518951401921555e+00
3.051926948562698527e+01 2.545724564442927829e+00
3.051737089440673145e+01 3.271274860442282773e+00
3.051867012099508969e+01 3.996050574257807853e+00
3.124769934429232165e+01 -3.995750037182769887e+00
3.125449338510639308e+01 -1.813281991973720864e+00
3.125065198216203299e+01 -1.093664940350347337e+00
3.124935605849638165e+01 -3.639067956106778468e-01
3.125428147623014041e+01 3.646506073924946634e-01
3.124692712649142123e+01 1.087687552598065821e+00
3.124494802439289032e+01 1.820698475534335614e+00
3.125074620299442785e+01 2.545800730483353647e+00
3.125248104253230252e+01 3.272075165518344875e+00
3.124210897782169383e+01 4.001936262518633214e+00
3.198205429458976568e+01 -3.999567723370685002e+00
3.198111606613421287e+01 -3.270141056553342196e+00
3.197939333201933465e+01 -2.547304909792426741e+00
3.198340402114100556e+01 -1.818662083272048591e+00
3.197565522135658256e+01 -1.092180693549167358e+00
3.197976772858623207e+01 -3.652170638664813396e-01
3.197631300483342187e+01 3.640972497178296408e-01
3.197633049858929866e+01 1.092203341272604433e+00
3.197864889299601288e+01 1.824999085465950799e+00
3.198053789666372637e+01 2.548756312047224526e+00
3.197989538135363574e+01 3.281697217222912855e+00
3.197838021883946880e+01 4.003086642023767183e+00
3.271492616158365507e+01 -3.997538502153712869e+00
3.271151068529204764e+01 -3.271727721647248899e+00
3.270229307817462683e+01 -2.543710884215002466e+00
3.270885772237014777e+01 -1.820418046790745592e+00
3.270484384687198798e+01 -1.083048202627889367e+00
3.270980701797113710e+01 3.631120239405731809e-01
3.270804947183592759e+01 1.086917232380244513e+00
3.270230968342330158e+01 1.821525530823869587e+00
3.270422100462828752e+01 2.547983152614229141e+00
3.269495420334393287e+01 3.267148196386784775e+00
3.270875509409244586e+01 3.997040589030014246e+00
3.343472617400986024e+01 -4.001165740294588602e+00
3.343553935333373062e+01 -3.272463220564166164e+00
3.343829361606474748e+01 -2.538032573599899422e+00
3.343218184896557688e+01 -1.815429930369635514e+00
3.343507615091380814e+01 -1.086939060375367916e+00
3.343676520029314503e+01 3.570588289101550572e-01
3.342853859952152362e+01 1.095796344744925932e+00
3.344387141404065034e+01 1.816535422081184237e+00
3.343369977315861519e+01 2.547419823021403573e+00
3.343829196642079893e+01 3.276515552836137601e+00
3.343096557241576505e+01 3.996125494901008324e+00
3.416173588539944461e+01 -3.995802983789666030e+00
3.416372956654908677e+01 -3.271774574268146552e+00
3.416706049006750590e+01 -2.544023005763751399e+00
3.415983107900554927e+01 -1.826289503642815504e+00
3.416175709166643770e+01 -1.087712407455079244e+00
3.416787072397965375e+01 -3.624966335866623979e-01
3.416276597484650068e+01 3.653538684500823308e-01
3.416572941884999892e+01 1.095158712119648214e+00
3.416073943172361993e+01 1.818901345178961293e+00
3.415074171669188985e+01 2.551826447243612961e+00
3.417138019705519270e+01 3.276168384509531961e+00
3.416141550392855919e+01 4.008182757910986993e+00
3.489528942079426344e+01 -3.993702953533958322e+00
3.489192171189636582e+01 -3.269606729036716786e+00
3.489472005540027766e+01 -2.533136786333407997e+00
3.488687955170927779e+01 -1.818636522703698688e+00
3.489082466700389062e+01 -1.089806669773697223e+00
3.489026924532813467e+01 -3.653099167525653002e-01
3.489188968366543264e+01 3.628917709125509816e-01
3.489302593214467407e+01 1.099514856761359738e+00
3.489384586212826633e+01 1.826489542172978986e+00
3.489783262776730766e+01 2.546800505974900375e+00
3.490223314330679472e+01 3.275490617438009622e+00
3.488715807201217700e+01 4.004543771484534886e+00
3.561799842594162868e+01 -4.000482167364054931e+00
3.560948202682146047e+01 -3.270553998342908386e+00
3.561991994563600628e+01 -2.541452565094431293e+00
3.561644544754506825e+01 -1.818374211956033548e+00
3.562325765765600494e+01 -1.089909964350685101e+00
3.562321907901756646e+01 -3.651050789058558621e-01
3.561105542689757186e+01 3.644898120159574262e-01
3.561605578902875635e+01 1.085887678507109655e+00
3.561197218764096561e+01 1.821876432106506627e+00
3.561013115000125850e+01 2.541862554318182532e+00
3.561938314308374487e+01 3.274753269097693931e+00
3.561630032290847936e+01 3.997024412476022803e+00
3.634925521278801597e+01 -3.987793196138355256e+00
3.634789475848430840e+01 -3.265505809990781216e+00
3.634541217579839412e+01 -2.542136274479748437e+00
3.634794313339437366e+01 -1.813869133687063595e+00
3.634744701628023478e+01 -1.092646461800107716e+00
3.634461051077750682e+01 -3.609343045016615292e-01
3.635292946370054068e+01 3.704691937930952861e-01
3.634868875305676994e+01 1.105406709624602968e+00
3.635619877390025323e+01 2.546475282002248264e+00
3.634070452157137510e+01 3.275926400144918205e+00
3.634943232941291313e+01 4.012900923280191989e+00
3.706586385558720309e+01 -4.002939275158990284e+00
3.707181137579386387e+01 -3.268110015162761783e+00
3.708586143251940115e+01 -2.549444712213514208e+00
3.707438565850684853e+01 -1.820645794037101695e+00
3.707370765126569978e+01 -1.087005879185166890e+00
3.706988014459788161e+01 -3.624159748587132412e-01
3.708373037014879259e+01 3.681115636625662546e-01
3.707408172477364161e+01 1.091857335354994518e+00
3.707639476125454081e+01 1.829563406359731914e+00
3.708030809570048092e+01 2.550893756751666075e+00
3.708332977686189480e+01 3.285647637544329314e+00
3.708551058336355055e+01 3.996897233125629612e+00
3.781179475811642732e+01 -3.991832293925849484e+00
3.780245930499605578e+01 -3.270556791297455135e+00
3.780368837219734957e+01 -2.541389244378883916e+00
3.780035977915614609e+01 -1.086932551317175921e+00
3.779761505700711410e+01 -3.611933292618871860e-01
3.779130704387792861e+01 3.785153706954851316e-01
3.780373804099998125e+01 1.100807935502579937e+00
3.780362887584200138e+01 1.811993667701557342e+00
3.781238140391075575e+01 2.548075180495104064e+00
3.779415391563343718e+01 3.277716459108177105e+00
3.780353401551743531e+01 3.999638700576809924e+00
3.853285995298850963e+01 -3.995388599106629357e+00
3.853693558646688899e+01 -3.262647766062126919e+00
3.853009553879181937e+01 -2.545211563936778276e+00
3.852753085422272505e+01 -1.819514854609618482e+00
3.853243483348789056e+01 -1.088791487635926813e+00
3.852621866923892213e+01 -3.608257190331976005e-01
3.853590018071611922e+01 3.816784830898036773e-01
3.854066750559554322e+01 1.097417186179107773e+00
3.854035564587162099e+01 1.820378974839687913e+00
3.853042146278236402e+01 2.548309766487744099e+00
3.927607153136819562e+01 -3.984397028630020543e+00
3.926378408126807784e+01 -3.260719858382728376e+00
3.928128538106646062e+01 -2.549696537971279042e+00
3.926075182854133772e+01 -1.808127875225757464e+00
3.927599039622813137e+01 -1.062989517197465261e+00
3.926922450407777632e+01 -3.466378785441470711e-01
3.925969999455622172e+01 2.553192942531616438e+00
3.926095977842013696e+01 3.265588957244517587e+00
3.998696529991671156e+01 -3.281461061020472414e+00
3.998534432178455944e+01 -2.516303624450131338e+00
3.997495710398866464e+01 -1.802515244008514372e+00
3.999906189733294326e+01 1.098708696691787168e+00
4.000042821794929893e+01 1.827174339781429069e+00
4.000117045229459478e+01 2.571167244246659322e+00
4.000256529429427843e+01 3.290522225627711350e+00
3.999772888759751055e+01 4.005933629777203464e+00
4.073269841075590847e+01 -4.001585048827976721e+00
4.072490068287441289e+01 -3.261288581736611292e+00
4.072333337707949141e+01 -2.548953760971482296e+00
4.072148025626767520e+01 -1.808034128933613260e+00
4.072772396883470236e+01 -1.085992542652409298e+00
4.073040445597181503e+01 -3.571523886555034721e-01
4.073465240053447900e+01 1.098656531406632553e+00
4.073132943363275871e+01 1.825336482654101644e+00
4.072662470649293454e+01 2.545340555567950247e+00
4.072130122745627290e+01 3.287984496914177157e+00
4.072184801348650041e+01 4.001585048827976721e+00
