-6.991804782426598308e-01 -4.049661717511419567e+00
-6.939256689723762861e-01 -2.533422647996836474e+00
-6.977767899671931673e-01 -1.873391203094112001e+00
-6.859934431338245986e-01 -1.139983915993848740e+00
-7.074420831780159347e-01 -4.196742065286791501e-01
-6.941618002250251607e-01 3.657270458276329350e-01
-6.949799264320191128e-01 1.064608993833804362e+00
-6.930299912711603838e-01 1.788190494970685052e+00
-6.888300462822982695e-01 2.486017275586213771e+00
-6.923289770337603954e-01 3.227637828861560365e+00
-6.832942694420083285e-01 3.967411364798351769e+00
7.215107479073168406e-02 -4.029878264624638717e+00
8.286721052105860963e-02 -3.321022626014155321e+00
7.012078079600314595e-02 -2.576981279328158791e+00
4.134145667709532290e-02 -1.863075938852357893e+00
4.774753170473644559e-02 -1.124041507831741171e+00
6.562430158711407557e-02 -4.077522980958292464e-01
2.776387259970647392e-02 1.049738838004504515e+00
4.175724380717582562e-02 1.785901825278447319e+00
4.870908837070686559e-02 2.487993766972923737e+00
3.737358205238905384e-02 3.256915052577141978e+00
7.979347583082017081e-01 -3.299424618034930035e+00
7.664965496247830856e-01 -2.585080470686843768e+00
7.874424024707877834e-01 -1.853763183820547056e+00
7.865921213540545409e-01 -1.117892610279863419e+00
7.881310825640497342e-01 -3.911090066319218295e-01
7.853090340028501259e-01 1.062384075066024280e+00
7.932971140015254718e-01 1.779999714863812699e+00
7.678783040872332322e-01 2.525844117110374043e+00
7.820070613670466741e-01 3.269705969052978389e+00
7.748189354164409792e-01 3.981848765120901135e+00
1.514211674314438483e+00 -4.018650601008520340e+00
1.525418730702291725e+00 -3.305756877894566514e+00
1.526395971069781865e+00 -2.574151588017709713e+00
1.516297058067543446e+00 -1.832524571773717526e+00
1.501479680967875652e+00 -1.120207122931418553e+00
1.516641211913878351e+00 -4.052133882804120901e-01
1.515710949139332797e+00 1.060099050155880462e+00
1.511822343692905690e+00 1.800705917223737629e+00
1.518476611204945925e+00 2.523598041799843372e+00
1.531090175199828707e+00 3.257820807179832912e+00
1.525716664906539677e+00 3.964709014319616642e+00
2.244482190526213117e+00 -4.019134574069141763e+00
2.225744418852741546e+00 -3.300167528573584974e+00
2.250233723236760852e+00 -2.585166838193767802e+00
2.264913310362409504e+00 -1.846913693159308423e+00
2.266930443339056467e+00 -1.118421452427377005e+00
2.257040993285166053e+00 -3.760679323269471297e-01
2.252926608191607727e+00 3.519726517594925497e-01
2.243331115157069178e+00 1.772973829105996657e+00
2.252215283960786962e+00 2.552775414569762091e+00
2.222900811255094311e+00 3.260986868643684033e+00
2.240476929445271992e+00 3.986976314947426658e+00
2.990523577656212240e+00 -4.015079090542474916e+00
2.974539897342587835e+00 -3.312299960820404010e+00
2.957948078011703785e+00 -2.591096567413753604e+00
2.976676643854744952e+00 -1.851038990595725409e+00
2.980004944046704907e+00 -1.124524783349446722e+00
2.972230878440676349e+00 -3.736687004187295713e-01
2.958778522866523986e+00 3.258525111241858951e-01
2.975548687341479592e+00 1.081252664047884338e+00
2.965284283050486636e+00 1.802363562709796696e+00
2.999528248444391920e+00 2.551228964224769413e+00
2.953559291020731337e+00 3.228643103847197438e+00
2.975337805902846355e+00 3.976668755301020042e+00
3.720670216956754928e+00 -4.023926580023228894e+00
3.738276633202410437e+00 -3.268753568013003985e+00
3.705228936993542277e+00 -2.566447737535494156e+00
3.705865293869052834e+00 -1.866226582611332674e+00
3.703618755641286953e+00 -1.121660585630785079e+00
3.715547449316495943e+00 -4.072734602736538534e-01
3.695722314675542464e+00 3.161706049626076265e-01
3.725327887017712669e+00 1.059999080272024941e+00
3.714186006359547321e+00 1.798102815922220543e+00
3.709379019811706257e+00 2.541533536364234180e+00
3.713720053873458937e+00 3.247459784400213323e+00
3.704866852338057015e+00 3.958465855772047348e+00
4.418025352224461244e+00 -4.001002567350550265e+00
4.430492276703255072e+00 -3.291777993834440252e+00
4.437204318289396099e+00 -2.563517081348145155e+00
4.486661025204831788e+00 -1.851108111385720179e+00
4.420511903420589306e+00 -1.139251549237535244e+00
4.438955846326564370e+00 -3.919663046416843599e-01
4.416733519955258203e+00 3.645412884214422888e-01
4.442846643924248440e+00 1.043505039382868205e+00
4.453639296159060734e+00 1.777976263379056121e+00
4.461972052460225768e+00 2.523074341258588760e+00
4.464117563792058263e+00 3.239654153840589856e+00
5.173960139954402848e+00 -4.008241480996204587e+00
5.172352279044140744e+00 -3.286833709606263199e+00
5.178460811060908497e+00 -2.562184737757238651e+00
5.156045727337001949e+00 -1.116902209255215439e+00
5.167462278656870467e+00 -3.972216170539120128e-01
5.170613203844460770e+00 3.442193857293851522e-01
5.195252927994310710e+00 1.047120649879083487e+00
5.213170617109980753e+00 1.790411324796195913e+00
5.192635074050095056e+00 2.498880851557821359e+00
5.221098412711967285e+00 3.236850088929450919e+00
5.215073799858586767e+00 3.938242427693019465e+00
5.883685359041137986e+00 -4.007749691409667747e+00
5.904264448042354729e+00 -3.283902549266713322e+00
5.900214370193239688e+00 -2.554648603375405003e+00
5.920775061257849359e+00 -1.828776530943677869e+00
5.898963238574964407e+00 -1.119162928348888641e+00
5.890149630748474863e+00 -3.687773077393288190e-01
5.908071310005041710e+00 3.362634457724631432e-01
5.899475664305214195e+00 1.063802930979431238e+00
5.937219870707643565e+00 1.777197757024879365e+00
5.941275543458559127e+00 2.527190542462168565e+00
5.929136708839138237e+00 3.236257334721138079e+00
5.923631131754021339e+00 3.962519775112930631e+00
6.637190587372188588e+00 -4.020846317892374344e+00
6.625274458560092228e+00 -3.294142780929366410e+00
6.635065384037751812e+00 -2.562922759244322890e+00
6.631923386778403540e+00 -1.809601326600624560e+00
6.620274821988523684e+00 -1.092591098074709777e+00
6.664059739736707400e+00 -3.869462783064641087e-01
6.645643333764446936e+00 3.453282031813387221e-01
6.654323652636399800e+00 1.055775246218178864e+00
6.656609247684428965e+00 1.785370656586003690e+00
6.662339134800340901e+00 2.536284488338452547e+00
6.667450467482716192e+00 3.242626719374413824e+00
6.679830337964190790e+00 3.964677307545045437e+00
7.377451447489413283e+00 -4.015767729587967239e+00
7.373679471694963183e+00 -3.321720973805707189e+00
7.371041305427226575e+00 -2.565343297229759401e+00
7.372793918138398794e+00 -1.836598309650295135e+00
7.390940780624980277e+00 -3.889457068087764924e-01
7.400817385029981210e+00 3.387297042240930978e-01
7.364069364000414453e+00 1.047993671206974398e+00
7.415856480306125320e+00 1.777987609591054508e+00
7.407030644541428899e+00 3.229600566440772980e+00
7.416207681775787819e+00 3.952000096053822631e+00
8.108423207990583137e+00 -4.017861473736395794e+00
8.061521623078753862e+00 -3.299863549476008018e+00
8.097865732154033935e+00 -1.845058161598792879e+00
8.137377662479366336e+00 -1.134105733062508392e+00
8.171162680750633456e+00 -3.918070488336837798e-01
8.161482412435624667e+00 3.377002977852683330e-01
8.146181966411482733e+00 1.054583987322292415e+00
8.153065403037508929e+00 1.780712684880136010e+00
8.152546777838651337e+00 2.517499452980452190e+00
8.150758204051165023e+00 3.246005412396812062e+00
8.135430977721419765e+00 3.968889753409932553e+00
8.875290262568213961e+00 -4.028523245206287129e+00
8.867514733629001000e+00 -3.295212740495419013e+00
8.871327206032631807e+00 -2.554727100772861803e+00
8.851358538141511190e+00 -1.867858445782307086e+00
8.876058707885370325e+00 -1.143342305290772742e+00
8.894943924511707678e+00 3.069265569386274706e-01
8.902141900740922154e+00 1.064083487093039793e+00
8.895625634777232449e+00 1.768176249829721769e+00
8.880123711091286509e+00 2.515587618587424856e+00
8.863767286245824550e+00 3.223406779645245024e+00
8.864854053779012588e+00 3.969545404844573966e+00
9.613630476787136558e+00 -2.585504184374176617e+00
9.625166949427580221e+00 -1.138178032269177464e+00
9.619596052622313209e+00 -4.193161167154144664e-01
9.622278879276564112e+00 3.174929611528618523e-01
9.599323953937350495e+00 1.062673131909559032e+00
9.618381646535297591e+00 1.769572923935932351e+00
9.605692162251372679e+00 2.513287646810557163e+00
9.619458474702724970e+00 3.235663336187094785e+00
9.620570330163282335e+00 3.959521037686940304e+00
1.036290775077596749e+01 -1.865385936561438029e+00
1.036033855362307321e+01 -1.140784981517345642e+00
1.036579806185849861e+01 -4.302176121859631053e-01
1.033696202889794336e+01 3.061644455040983814e-01
1.031970488980572753e+01 1.069993442160093622e+00
1.034976200980618444e+01 1.780042996819286572e+00
1.034585605755722781e+01 2.480939263160895081e+00
1.034015329947462902e+01 3.217691711163055857e+00
1.035672010935823550e+01 3.926279181109883609e+00
1.115607721811949915e+01 -4.037105579606901529e+00
1.114600524732220777e+01 -3.321644687378128680e+00
1.114822118907991211e+01 -2.593376892011121981e+00
1.114626891248073548e+01 -1.869370187112448178e+00
1.113026456731233083e+01 -1.129512746736057949e+00
1.111930779712291439e+01 -4.083530397413284163e-01
1.108687623574803638e+01 1.065233911486533458e+00
1.108333911326462129e+01 1.762560953256397056e+00
1.109017680745269274e+01 2.493230521280093370e+00
1.109529658491563708e+01 3.239442733087123827e+00
1.111143525797454146e+01 3.932496257067178647e+00
1.189155257793097320e+01 -3.310669120778257479e+00
1.189615875671313461e+01 -2.582770972399444531e+00
1.190733949266950020e+01 -1.871903490761965827e+00
1.186707360851625026e+01 -1.138425792490792787e+00
1.183910240055189433e+01 3.021108892674497781e-01
1.181494289359474692e+01 1.037158770700063570e+00
1.181487548223847028e+01 1.756516577456672223e+00
1.181282886120852282e+01 2.486936121567641322e+00
1.182741255837616734e+01 3.193977371697400258e+00
1.183642885628609065e+01 3.947789682174239090e+00
1.262726563174870620e+01 -3.298528111596262136e+00
1.261891992218372138e+01 -2.581542214030527305e+00
1.263636777561517022e+01 -1.878198831229372701e+00
1.259735820535928497e+01 -1.126497584514897454e+00
1.260592725188936924e+01 -3.912190288387797921e-01
1.258671685944413809e+01 3.142745282876262536e-01
1.255841031069631697e+01 1.046630362498344624e+00
1.254758037571494356e+01 1.776938646831325741e+00
1.256050821576305054e+01 2.495158289848593114e+00
1.256561778056835266e+01 3.217507134093288812e+00
1.256872120749289934e+01 3.932975296715305547e+00
1.340140747561605394e+01 -4.069996849458814125e+00
1.336021525100949248e+01 -3.310871942520282829e+00
1.337132139673384756e+01 -2.590132307951417800e+00
1.336074059822360027e+01 -1.863857564727567251e+00
1.334833050287944189e+01 -1.126450853784746187e+00
1.334454007896394501e+01 -3.991184942628898114e-01
1.334690819023704478e+01 3.308932802068618173e-01
1.333720355512945588e+01 1.041498857264699041e+00
1.334448946724288732e+01 1.771571571927967881e+00
1.332695775006272498e+01 2.524074138945973544e+00
1.332980327042844237e+01 3.223333654691856509e+00
1.333497850764555182e+01 3.971077129878587186e+00
1.413696931292331982e+01 -4.035557418472158986e+00
1.414197136886475192e+01 -3.306126115383889896e+00
1.413567208302470846e+01 -2.564853606098214556e+00
1.409327965278514938e+01 -1.110254055426263875e+00
1.409063455527636677e+01 3.354595095801435889e-01
1.406363823232100430e+01 1.049194100942425933e+00
1.407225386783824206e+01 1.772829234444643021e+00
1.405588846443698259e+01 2.504953569282626802e+00
1.409233892375675623e+01 3.251047510941916130e+00
1.407886492948239265e+01 3.955951733940572979e+00
1.485387715167748013e+01 -3.307843193713100760e+00
1.487437668020123027e+01 -2.583069754026617204e+00
1.484958593012420636e+01 -1.852137044108449260e+00
1.487083547024857211e+01 -1.135449599920544728e+00
1.486587303875681698e+01 -3.953898476931563266e-01
1.482404031546950307e+01 2.975545407096227279e-01
1.484459925935653501e+01 1.053692520764581531e+00
1.480912345672756203e+01 1.775386956662579507e+00
1.480109742787201554e+01 2.532545833827558823e+00
1.481967633820657682e+01 3.248855183814960412e+00
1.482046749281867193e+01 3.964416520334175686e+00
1.561171990054189962e+01 -4.046194362976216041e+00
1.561025907840260629e+01 -3.306307615340063677e+00
1.562224479101499952e+01 -2.584094951148781405e+00
1.559187966803655456e+01 -1.865950851341011685e+00
1.556719237925219090e+01 3.396424119486134430e-01
1.555738581007574339e+01 1.065459948100894394e+00
1.556953876313887264e+01 1.794587106478289229e+00
1.555006770147078043e+01 2.516114326311022609e+00
1.558062224604135082e+01 3.242241030479178221e+00
1.557735658968706360e+01 3.969974740207987907e+00
1.637967739675463719e+01 -4.028567951862520147e+00
1.636869657854225579e+01 -3.317825341690635810e+00
1.636764497330410251e+01 -2.571076656655492343e+00
1.634064663724481647e+01 -1.122793389477493520e+00
1.633075056277188253e+01 3.628459159833070657e-01
1.632567895259115431e+01 1.038119004570720705e+00
1.629588935456771992e+01 1.793229248708833268e+00
1.632279440909193369e+01 3.259669017976754901e+00
1.630892792150022785e+01 3.972515026909682945e+00
1.711492021885610626e+01 -4.034294117155194925e+00
1.710414807453680197e+01 -3.310167082888714418e+00
1.712489714901148119e+01 -2.580760556474430700e+00
1.711682839048068416e+01 -1.864335814416925530e+00
1.706952162254233940e+01 -1.134046375126764872e+00
1.710270061622505011e+01 -4.067128600346627820e-01
1.707271050170538729e+01 3.487867302578777640e-01
1.704687532953421680e+01 1.784294529944855157e+00
1.705858286489161912e+01 2.518797034402709301e+00
1.703604436457234783e+01 3.257830852643266439e+00
1.705798940855455470e+01 3.961870756743564925e+00
1.784499881384892461e+01 -4.045618030083112160e+00
1.785170360035526471e+01 -3.313534820457288532e+00
1.784787381233486059e+01 -2.622132349677325891e+00
1.785235505582129889e+01 -1.862216155235078219e+00
1.782096893924379089e+01 -1.143267429376656708e+00
1.781822584205419702e+01 -4.151078457864869620e-01
1.782110134944372248e+01 3.219663193834243486e-01
1.780742964451085442e+01 1.811468828659499763e+00
1.779434077802028469e+01 2.528898465678590668e+00
1.779034818316478805e+01 3.249473826226548567e+00
1.779293982548763609e+01 3.967724737868728369e+00
1.858169609138035128e+01 -4.025108635133712198e+00
1.856482304992368171e+01 -3.309323048889954322e+00
1.856137971739531878e+01 -2.594639826534212546e+00
1.856013109703674502e+01 -1.831951077343720868e+00
1.856501750822568653e+01 -1.134664532166457462e+00
1.855220484883957255e+01 -4.229791043008859219e-01
1.855913947956057086e+01 3.661997523831317380e-01
1.851763675592759739e+01 1.064077769135298723e+00
1.851367798769344120e+01 1.727260095786309790e+00
1.853286146889119834e+01 2.545298351374952972e+00
1.853187918270380408e+01 3.239969978824788654e+00
1.854447540340921563e+01 3.977071194397304055e+00
1.930703911813247231e+01 -4.019737159658038905e+00
1.929456575898969106e+01 -3.315583894761886086e+00
1.929401819426772846e+01 -2.565555853890014504e+00
1.927860691807688909e+01 -1.857966457644373293e+00
1.925854770735305266e+01 -1.135114956899407446e+00
1.928745863119389981e+01 -3.988285493466356968e-01
1.926448855878431488e+01 3.230961389005031492e-01
1.928037845508296044e+01 1.074806887478956696e+00
1.926761750990804245e+01 1.807706810922791618e+00
1.926005233803318362e+01 2.531358337465313468e+00
1.926775701349213676e+01 3.272163751868362169e+00
1.924856448568835532e+01 3.979528471668388079e+00
2.001891230262994270e+01 -4.053031504205950597e+00
2.002529764469179696e+01 -3.307870893905452192e+00
2.000444923976385070e+01 -2.576553193627042049e+00
2.001686594643820882e+01 -1.859033412624789605e+00
2.001367617302648938e+01 -1.116114195684755117e+00
2.002789445794595480e+01 -3.953306314480578010e-01
2.000298819294072672e+01 3.527363455069014719e-01
2.002495060176222808e+01 1.056074174910850871e+00
1.997837557389338770e+01 1.785265637067119826e+00
2.000813956963741447e+01 2.514215841875490298e+00
1.999040316164472131e+01 3.254640341391549896e+00
2.000534324208768311e+01 4.007968156837542040e+00
2.075898911104638955e+01 -4.012952356818779265e+00
2.073720061013722926e+01 -3.302557507072297227e+00
2.075078290352875854e+01 -2.569928067770160141e+00
2.074698876674079884e+01 -1.843892268793375422e+00
2.074518200504346765e+01 -1.122350211265985109e+00
2.073418277500422846e+01 -3.983210470664779734e-01
2.074081330496129283e+01 3.355468868116915360e-01
2.073559984091201613e+01 1.057351271814312099e+00
2.074222440382651911e+01 1.790633733613045564e+00
2.076059321051408801e+01 2.514806158468424258e+00
2.073342966340523219e+01 3.250522820124572831e+00
2.075291175490711737e+01 3.984400876155525850e+00
2.151723072790283453e+01 -4.023690876876351297e+00
2.151199574440955331e+01 -3.295848292175175942e+00
2.147701206684001818e+01 -2.590785862521652660e+00
2.149197673452204782e+01 -1.844414644384997359e+00
2.148890309068019633e+01 -1.106104559640030516e+00
2.149187230082996081e+01 3.329493488441990223e-01
2.149609051707922447e+01 1.091309035790011706e+00
2.148659174251427828e+01 1.788551072353481430e+00
2.147047826715220964e+01 2.541597918783416787e+00
2.143984116026043552e+01 3.248713872974150263e+00
2.148855476573801582e+01 3.974151360174616343e+00
2.225162654433491838e+01 -4.039724646693624521e+00
2.223408516942310342e+01 -3.309995548863099657e+00
2.222667963430833282e+01 -2.554306470694850617e+00
2.226033038641832462e+01 -1.843493932800772228e+00
2.224863647537351596e+01 -1.106045184429216732e+00
2.223778814183843622e+01 -3.935937676680936192e-01
2.222775876365644621e+01 3.417609894400612802e-01
2.225434721150620021e+01 1.075784675775899757e+00
2.221226251210443792e+01 1.802389823498273813e+00
2.222452495841711340e+01 2.540449319595499134e+00
2.224090943867680181e+01 3.237281779471317122e+00
2.223418542397166675e+01 3.972714583755191597e+00
2.303525819915707729e+01 -3.983995262482856958e+00
2.302009123779980371e+01 -3.291921603841821309e+00
2.302969932434881173e+01 -2.548140466082220001e+00
2.303641133889575343e+01 -1.838438315812492618e+00
2.299520256423441822e+01 -3.685173319411561010e-01
2.299288031122532772e+01 3.513009589736277860e-01
2.298515478994226413e+01 1.080853122380485587e+00
2.297575860328150554e+01 1.804682844107457385e+00
2.297440498637516981e+01 2.526749637123241854e+00
2.298320215493107810e+01 3.237273363878976795e+00
2.297932103554759209e+01 3.997294462175538854e+00
2.376437785470073294e+01 -4.031475523326673027e+00
2.376834652390510882e+01 -3.293987500139348157e+00
2.376585637631339409e+01 -2.569724687499203242e+00
2.377807708887639393e+01 -1.824608815791613381e+00
2.376003395764550419e+01 -1.100382989691482294e+00
2.375447255426625759e+01 -3.889399655996008676e-01
2.375862772353855945e+01 3.393186429014605210e-01
2.374412327117230603e+01 1.085188873886309580e+00
2.373004464772010635e+01 2.546574113817200669e+00
2.372267758063168230e+01 3.248107746383702477e+00
2.371286572484895316e+01 3.980821156700088181e+00
2.450482957679362528e+01 -4.018607723799515696e+00
2.449783216369883121e+01 -3.294308281894373636e+00
2.450857043383683020e+01 -2.563523173701437230e+00
2.449687055226764443e+01 -1.830186728517968930e+00
2.450154363230980437e+01 -1.106122623819022266e+00
2.448422016159202030e+01 -3.872654134078352683e-01
2.448665119328306616e+01 3.415052973564201011e-01
2.448022094810586680e+01 1.072075212656081078e+00
2.447905821729069942e+01 1.810284667207916698e+00
2.447807349440611802e+01 2.532093894022501956e+00
2.444571321322005275e+01 3.264344887295912656e+00
2.447915048903571034e+01 3.968467939037587655e+00
2.523447823663679657e+01 -4.019047776937473060e+00
2.522920834825302450e+01 -3.293308150846886662e+00
2.522704264538116092e+01 -2.562170253553013310e+00
2.523537643946999509e+01 -1.838904018092733850e+00
2.521941507029991669e+01 -1.101539414868980771e+00
2.520980283648317766e+01 -3.745679318286541104e-01
2.524765799399693833e+01 3.221747139645891878e-01
2.521564793544324345e+01 1.072449895246247564e+00
2.519883832526630130e+01 1.796671715995895369e+00
2.521365610656575029e+01 2.532554111851919032e+00
2.518122308458610803e+01 3.259955164718199683e+00
2.522665398089764466e+01 3.976723635779109145e+00
2.597062986327608058e+01 -4.009184151297272791e+00
2.596062023970417698e+01 -2.567910331359932741e+00
2.593054066433461458e+01 -1.848206709972565420e+00
2.596362518635910277e+01 -1.108462697349544612e+00
2.594988614688014650e+01 -3.916425840446571272e-01
2.596093439426135063e+01 3.318703664865374492e-01
2.595695225429904696e+01 1.064064932821047194e+00
2.595268009862431313e+01 1.803294393986188737e+00
2.594622060831597565e+01 2.521030435437737083e+00
2.593920956215767148e+01 3.255521533721406513e+00
2.594489050796091334e+01 3.976446323325625087e+00
2.670487069610876318e+01 -4.003288116718348277e+00
2.665735318647617191e+01 -3.276616504376480776e+00
2.672400007096667451e+01 -2.562455726502296471e+00
2.669136095806518938e+01 -1.836028607635832088e+00
2.669420553936033969e+01 -1.127334095696614469e+00
2.669306289560159939e+01 -3.871102027447754779e-01
2.667812541348617827e+01 3.373885942032295304e-01
2.667724658507252400e+01 1.060724393051561520e+00
2.667534612633715341e+01 1.789226362620226496e+00
2.669318104343397380e+01 2.509456163437590703e+00
2.668826333320379973e+01 3.252844890144359624e+00
2.669763475053609625e+01 3.983187454698850161e+00
2.743047398892301914e+01 -4.000993773315911994e+00
2.743101639532707026e+01 -3.308436648135177904e+00
2.742203815260310051e+01 -2.574053273403020370e+00
2.742483779422741463e+01 -1.842221378675279908e+00
2.741706261718550053e+01 -1.113016361563186507e+00
2.740785973863087577e+01 -3.744055293083583535e-01
2.741727927165267431e+01 3.399537470337534728e-01
2.739410492415427711e+01 1.068651380634587866e+00
2.742632409393522863e+01 1.809068798043341531e+00
2.743799100459455786e+01 2.538478193777393699e+00
2.743001182621696898e+01 3.247111601852047613e+00
2.741659432804438268e+01 3.981183287244910218e+00
2.817150343856457795e+01 -4.018688185630168164e+00
2.813778834214215152e+01 -3.330276309952690639e+00
2.817721037179394727e+01 -2.569487866988833247e+00
2.815876529130928674e+01 -1.843446024709020747e+00
2.816090914811911716e+01 -1.115161756418697081e+00
2.814248488481935340e+01 -4.094749024392392300e-01
2.815904291172823548e+01 3.435027483446795316e-01
2.815444665324086770e+01 1.049232892622406155e+00
2.814128100547548428e+01 1.817615451029819695e+00
2.815539877570297733e+01 2.524732387631196673e+00
2.817283688084421556e+01 3.251463242261223741e+00
2.815444471586148723e+01 3.984593185637223201e+00
2.889749196340611803e+01 -4.036368449816169601e+00
2.889180444953962734e+01 -3.291926175994515091e+00
2.889675784155962646e+01 -2.557585980828086747e+00
2.890928254523044671e+01 -1.852041244004304588e+00
2.889562808973106911e+01 -1.103406030308409669e+00
2.890857454664213577e+01 -3.836460385804834061e-01
2.890337944573223439e+01 3.377868425856966894e-01
2.890085589417069656e+01 1.059660962479036073e+00
2.891324851372616678e+01 1.783321857545999478e+00
2.888607293973408474e+01 2.523119614987731296e+00
2.887810380167807267e+01 3.258263628260245071e+00
2.889725567006151863e+01 3.982346828395293414e+00
2.965435456150925830e+01 -4.025080738674301273e+00
2.963598404898588257e+01 -3.304030133214126863e+00
2.962984296660530248e+01 -2.553487041421849568e+00
2.963034813587236016e+01 -1.854078643775590507e+00
2.961385795662199172e+01 -1.124582460923480909e+00
2.961118986376808238e+01 -3.955608089856568199e-01
2.961504347585506736e+01 3.331759122989659261e-01
2.962096462332223012e+01 1.059320623685017893e+00
2.962183782785005093e+01 1.768086465502765492e+00
2.963429001923405082e+01 2.515706241720099712e+00
2.963774344753731071e+01 3.232109681393481537e+00
2.963969054075671039e+01 3.983572966462531895e+00
3.038155016177528722e+01 -4.025495846529786093e+00
3.039452091487417107e+01 -3.307244382880316635e+00
3.038121281065249235e+01 -2.578857172387294838e+00
3.037614434898397775e+01 -1.848417740500035933e+00
3.038140844060929879e+01 -1.115654848256752985e+00
3.035886132026784168e+01 -3.979178987702631787e-01
3.037402691803578847e+01 3.267256451680715656e-01
3.036392042578531658e+01 1.073805025114008771e+00
3.036129049972924321e+01 1.800610669777533701e+00
3.036436797081682215e+01 2.513230977137027367e+00
3.036574373986925224e+01 3.233928485775805939e+00
3.036637990729089864e+01 3.961792490273737144e+00
3.110466699247491107e+01 -4.019133686849293952e+00
3.111461482878838325e+01 -1.837822470309493639e+00
3.110796530620500988e+01 -1.127850624230102738e+00
3.110460416562856523e+01 -3.907664272275397366e-01
3.111442768356325672e+01 3.384223912930437450e-01
3.109643716299995475e+01 1.047648530062232908e+00
3.109654323349429461e+01 1.787300173824917238e+00
3.110379826785469248e+01 2.518459061835628177e+00
3.110175314593926288e+01 3.239856826305235415e+00
3.108909391609997641e+01 3.963584230657836827e+00
3.186067794291901834e+01 -4.029426920680467816e+00
3.185501235175591006e+01 -3.289144814248988524e+00
3.184651263479390337e+01 -2.578542143792112995e+00
3.186004835754345521e+01 -1.850397275841388023e+00
3.183883604943327583e+01 -1.123287881292355905e+00
3.183836698688973144e+01 -4.028497383579221491e-01
3.183811279301901465e+01 3.313320384636355698e-01
3.183948203309784475e+01 1.061656867945622196e+00
3.184317756754109752e+01 1.799330713720497243e+00
3.184918939367945967e+01 2.523155080338685963e+00
3.183418745024170704e+01 3.260314792228307113e+00
3.183272061774479056e+01 3.980355412508792767e+00
3.260132398089481143e+01 -4.026581659938742064e+00
3.259405405625404484e+01 -3.300351687206354967e+00
3.256710413231014201e+01 -2.567820985993250815e+00
3.258427138963595127e+01 -1.857623319950597818e+00
3.256677579473586803e+01 -1.104666564096177694e+00
3.258046445314352724e+01 3.315811919384437090e-01
3.257955160142115147e+01 1.048473946009593760e+00
3.255992185955350493e+01 1.795061325495034055e+00
3.256924536481160004e+01 2.522086636246534397e+00
3.254826385519323395e+01 3.234426022219473396e+00
3.258923778575169905e+01 3.961988401689872319e+00
3.331456490176766039e+01 -4.029942995496050173e+00
3.331733536858090616e+01 -3.300001692138824438e+00
3.332268982317787476e+01 -2.557318265627387177e+00
3.331502375504879154e+01 -1.841023733517683780e+00
3.331455351247432617e+01 -1.112752221634426775e+00
3.330520702129718558e+01 3.241328036420476622e-01
3.328482401162742832e+01 1.068977307599716653e+00
3.333330919676661352e+01 1.783266594672696215e+00
3.331571461995289241e+01 2.518086177116966695e+00
3.330913823702595522e+01 3.250128458753081873e+00
3.331408600219970850e+01 3.970422865175848415e+00
3.404580559883518021e+01 -4.019814230896145091e+00
3.404484648418385717e+01 -3.297078353828290176e+00
3.405728218732644308e+01 -2.571974875483977740e+00
3.403581855222532937e+01 -1.852347847119759194e+00
3.403951631909165343e+01 -1.110817988250676791e+00
3.405096172761292195e+01 -3.895518750699267230e-01
3.403451428537706391e+01 3.343368406477473798e-01
3.404128624825917626e+01 1.065113907095387447e+00
3.403983787749661616e+01 1.783894828094002349e+00
3.401875858655304086e+01 2.530843682897973679e+00
3.405419205515075731e+01 3.252369425006264692e+00
3.402851141341323427e+01 3.992630049217247290e+00
3.478944596760734242e+01 -4.007267114922299811e+00
3.478361652224591438e+01 -3.287711787813819342e+00
3.477729092528694110e+01 -2.560382591680557596e+00
3.476727890661764064e+01 -1.846074532483715558e+00
3.478081923712651502e+01 -1.118356014464115589e+00
3.477308331741699732e+01 -3.943871637782692119e-01
3.477392244111158703e+01 3.329104630588552993e-01
3.477363682182755866e+01 1.079031206681303701e+00
3.477823800678620358e+01 1.805515392125297325e+00
3.479225966637826417e+01 2.518696063622304138e+00
3.479390893794649031e+01 3.252918136430054119e+00
3.476404130381667557e+01 3.982216720300421287e+00
3.551136615010502595e+01 -4.017593778576195263e+00
3.547415643435130761e+01 -3.305537295725894609e+00
3.550604908551533612e+01 -2.558454597104432793e+00
3.550397212305488637e+01 -1.838684437585730080e+00
3.551637251701588838e+01 -1.129725905169664202e+00
3.551828324317282437e+01 -4.028716537540191212e-01
3.549091968005125608e+01 3.443860985165834165e-01
3.550271830878345014e+01 1.052797709998507969e+00
3.548613895223379444e+01 1.806841354583870185e+00
3.548292793032602077e+01 2.513977784093427204e+00
3.551370508432794537e+01 3.253504078007374289e+00
3.549643810313163073e+01 3.974649077980103584e+00
3.624791685690666299e+01 -3.995687472332726031e+00
3.624134040061182560e+01 -3.270722749298357712e+00
3.624283911701548533e+01 -2.557539741410501222e+00
3.624134183460297010e+01 -1.840623691816333007e+00
3.624367607373375932e+01 -1.111891694009369047e+00
3.622802454580692455e+01 -3.839477384801988080e-01
3.624684885796846601e+01 3.573764374731993598e-01
3.624745217128552355e+01 1.102997279235349737e+00
3.625205971074250755e+01 2.523356522772001398e+00
3.623152542447109425e+01 3.260951476149848816e+00
3.624713915601146397e+01 4.006115240697674551e+00
3.694743910412993415e+01 -4.042615498871207080e+00
3.695803841610160845e+01 -3.279711773538600994e+00
3.697951173273623482e+01 -2.593511903566160015e+00
3.696913725400461459e+01 -1.837779005021232592e+00
3.696640316092152290e+01 -1.105961308133917242e+00
3.696105192101602910e+01 -3.823557456390531684e-01
3.699595332317323226e+01 3.526123512465808574e-01
3.697066497719509215e+01 1.066088696211934916e+00
3.696998159075156565e+01 1.839787176122207768e+00
3.697291214196443576e+01 2.540262719786220202e+00
3.699898105433333484e+01 3.297168632745517414e+00
3.701011158832832137e+01 3.979688604689414433e+00
3.773010638331609101e+01 -4.009694861053105797e+00
3.769726312203169272e+01 -3.285135935288732156e+00
3.770119244290585669e+01 -2.553164120189631348e+00
3.768998466474047149e+01 -1.101019503804963051e+00
3.769215431711561592e+01 -3.702077289630913981e-01
3.767901006247297602e+01 3.820684957670792414e-01
3.770069552754522846e+01 1.101824644623313532e+00
3.771358091890328268e+01 1.785407416757792021e+00
3.772756431936131349e+01 2.542995972715957009e+00
3.769653311866407108e+01 3.266008923550387522e+00
3.771236089484251153e+01 3.988778966965767836e+00
3.844452985746215035e+01 -3.996441484893985319e+00
3.845415583411561755e+01 -3.264788871643517609e+00
3.844276331085253418e+01 -2.558335326875020854e+00
3.843001260773910843e+01 -1.836008774891688233e+00
3.844505188031876486e+01 -1.101959721525560099e+00
3.842290595332388392e+01 -3.669727346379723087e-01
3.845558447621341003e+01 3.917758146093817118e-01
3.846320249314461392e+01 1.090000799353788352e+00
3.847015730040586590e+01 1.806425387048065545e+00
3.844203721616188574e+01 2.555334766597404439e+00
3.925085498215428714e+01 -3.970783229909741863e+00
3.921921579034597727e+01 -3.246267881687966650e+00
3.921350666974736754e+01 -2.568992906202119286e+00
3.920512125727402264e+01 -1.799601249368919298e+00
3.925658079771503850e+01 -9.868890150198588174e-01
3.919659780394406567e+01 -3.112510336300928770e-01
3.920295342254662074e+01 2.574281879089181047e+00
3.914436598843074222e+01 3.160931733609629646e+00
3.993173067194333470e+01 -3.302299657346850381e+00
3.993107573691475665e+01 -2.526374471302709424e+00
3.990417590418640970e+01 -1.779753343169673485e+00
3.999128836365196804e+01 1.094828761214973412e+00
3.999745521903161460e+01 1.842186614139958323e+00
3.999908536765989453e+01 2.600802138388992546e+00
4.000542753544572605e+01 3.310137516836569205e+00
3.999792007518438908e+01 4.010716984240033867e+00
4.073862558947592305e+01 -3.998121003687860053e+00
4.072165169679407626e+01 -3.253748352103698949e+00
4.071735254075883148e+01 -2.535772046421488568e+00
4.071059270268968788e+01 -1.796445671227317575e+00
4.071908230761226122e+01 -1.070136305407338284e+00
4.073184752792213459e+01 -3.433628226841811681e-01
4.075045448373791857e+01 1.110273937809246547e+00
4.073072269680505286e+01 1.835229538230169766e+00
4.072004061417431586e+01 2.563633711469854859e+00
4.070547994455198904e+01 3.319876028385280620e+00
4.071592083476650004e+01 3.998121003687856501e+00
