-1.457240534194355064e-01 -4.009938464560999449e+00
-1.366139994337345343e-01 -2.526111212277292850e+00
-1.463394565849966966e-01 -1.830063774681509159e+00
-1.379467773204581249e-01 -1.110316124740009514e+00
-1.461960701870168577e-01 -3.762446820920253288e-01
-1.359498301177382018e-01 3.616761708001412501e-01
-1.427027150333586292e-01 1.095375119171233536e+00
-1.408289403915858884e-01 1.817427055486234622e+00
-1.401883196037871926e-01 2.528764888985154613e+00
-1.392510603176049244e-01 3.267188781860934199e+00
-1.385303911258191079e-01 3.986123596832225502e+00
5.921967391314026941e-01 -3.998627624746777798e+00
5.985528978661633914e-01 -3.283378505841518802e+00
5.930785852904918443e-01 -2.549921345071378909e+00
5.796112101999355559e-01 -1.829298521615523754e+00
5.816170135689020526e-01 -1.093053413831572840e+00
5.929884499520596819e-01 -3.691950724484804880e-01
5.645628320026077063e-01 1.086236989588140744e+00
5.854379446973823065e-01 1.815635630918578158e+00
5.899773682306417300e-01 2.530643233663706582e+00
5.824923355918087964e-01 3.278495713130649136e+00
1.324630244868316709e+00 -3.271907619429644143e+00
1.316247273492841430e+00 -2.551742859922693896e+00
1.318394874076844303e+00 -1.822466961322472656e+00
1.320375477264235542e+00 -1.091055365632659147e+00
1.318917838164374245e+00 -3.639433585517046765e-01
1.319450266504290425e+00 1.086987762129247415e+00
1.321850450426779844e+00 1.804542189539379393e+00
1.310704042963976690e+00 2.547225225847725483e+00
1.317159384751377615e+00 3.275205880428568861e+00
1.314374558635371670e+00 4.002896871957172920e+00
2.048043312132016069e+00 -3.995856237039426162e+00
2.051287133548754582e+00 -3.276516972166064079e+00
2.063757084777314788e+00 -2.539473158100882699e+00
2.042419118383037357e+00 -1.807831174902080562e+00
2.040436618408861591e+00 -1.090783216765508712e+00
2.046446861679385165e+00 -3.693723270509821077e-01
2.046323487051274981e+00 1.087159015993091060e+00
2.048074071190981726e+00 1.821112314245201702e+00
2.048520991641275657e+00 2.544553653201536036e+00
2.055502746666526548e+00 3.273710373806412832e+00
2.054625152725058967e+00 3.994952289718366245e+00
2.773597951014579621e+00 -3.998945524310197897e+00
2.760485565937045749e+00 -3.279862051424220937e+00
2.774443469349300528e+00 -2.551714777509115351e+00
2.785477199822715022e+00 -1.820409745449008909e+00
2.788094685930758487e+00 -1.093014151579993154e+00
2.780771603393034752e+00 -3.599077871278275609e-01
2.777810734721668950e+00 3.667928923311194467e-01
2.773922366493486891e+00 1.811899060337250233e+00
2.773054165001134663e+00 2.557242183388698464e+00
2.760931287553560765e+00 3.268851854131487045e+00
2.776106873464904368e+00 4.002978921074006990e+00
3.508815905891992770e+00 -3.998028509715368273e+00
3.502780739754314254e+00 -3.277644026236426811e+00
3.499058933698577789e+00 -2.554356810021200630e+00
3.507561343308481128e+00 -1.816806198254031557e+00
3.506579331634775087e+00 -1.095389513140379023e+00
3.501943086433172425e+00 -3.548626708802409269e-01
3.485741405451008745e+00 3.625626648717528155e-01
3.503918522523775891e+00 1.102891248672491997e+00
3.493578350410700750e+00 1.826520813710033053e+00
3.509045316949837456e+00 2.555456179837673147e+00
3.488513531254909594e+00 3.263123599361254179e+00
3.501213047978701809e+00 3.995208074722182090e+00
4.237629941484101437e+00 -4.003553377302917937e+00
4.238081460276944767e+00 -3.271192244100351587e+00
4.229187155183979030e+00 -2.546924207407744944e+00
4.230025602551620523e+00 -1.830041349557806285e+00
4.226327884356109621e+00 -1.094438718054409065e+00
4.235546917980144599e+00 -3.689470500396367925e-01
4.225211160943821653e+00 3.608219917572412783e-01
4.238473589892720383e+00 1.091147629788853379e+00
4.229074778273940183e+00 1.821446866299471168e+00
4.227931815928478443e+00 2.551175106966219630e+00
4.229944091953328211e+00 3.274661995567928585e+00
4.224607430907987293e+00 3.993781835835502392e+00
4.945704528413045864e+00 -3.988425703323962068e+00
4.954586077106085895e+00 -3.274329863702817534e+00
4.958229112767703839e+00 -2.543951752178045922e+00
4.973944055908063433e+00 -1.816722724107815878e+00
4.953811691077419255e+00 -1.102215103458636491e+00
4.960506067085063364e+00 -3.633434734840292890e-01
4.954924734379233087e+00 3.782601269200718264e-01
4.959411512066459693e+00 1.080359892150358547e+00
4.963695555142898286e+00 1.816258384954220872e+00
4.962757256328238498e+00 2.552725634071943972e+00
4.961807602864730882e+00 3.268792633648867962e+00
5.689913186400232803e+00 -3.992237369208890385e+00
5.693898394620092063e+00 -3.269183196652104328e+00
5.695456026139524397e+00 -2.540971210327199969e+00
5.684214996934422004e+00 -1.089573332620187074e+00
5.686797875458260876e+00 -3.636183836754121046e-01
5.692363555202298642e+00 3.668611705064144246e-01
5.698105580123062452e+00 1.082892287747160509e+00
5.697387954915356545e+00 1.812418501633082712e+00
5.690931531758138817e+00 2.536327767716553439e+00
5.699022429476492846e+00 3.270051538421117954e+00
5.695138260250494966e+00 3.983911840826056761e+00
6.405896160092254377e+00 -3.992491583856612181e+00
6.416303119594061855e+00 -3.268047317878330915e+00
6.415583765974567143e+00 -2.537901649462014575e+00
6.424567348787839194e+00 -1.815453828590655405e+00
6.418344038886743874e+00 -1.092694417174076449e+00
6.411348450894450934e+00 -3.522473687630487404e-01
6.419755791431569492e+00 3.647446618980403343e-01
6.392709343151196322e+00 1.076647120840490857e+00
6.429848020687863652e+00 1.817475162595073357e+00
6.422661207767681901e+00 2.554614727934573892e+00
6.423567544979128741e+00 3.270883902450794523e+00
6.416270980214228814e+00 3.989224331794492429e+00
7.146923515806108185e+00 -4.001187945313969152e+00
7.135473208381554855e+00 -3.271924764609440928e+00
7.144184690856832276e+00 -2.546411232676952352e+00
7.139796638944417850e+00 -1.806100736219029557e+00
7.135404797004824218e+00 -1.078660196700482743e+00
7.152594279611271588e+00 -3.632188849937136865e-01
7.148543983339202157e+00 3.653518247710145772e-01
7.149279000708872900e+00 1.090670815026673068e+00
7.146282126360148368e+00 1.818293911183811673e+00
7.145936306051126508e+00 2.558263165243456427e+00
7.145838291271111586e+00 3.270502348064081133e+00
7.154493942611573232e+00 3.992963104386337392e+00
7.879612637743356629e+00 -3.998246603395912757e+00
7.870518345803652949e+00 -3.281990083133031533e+00
7.877193048281206700e+00 -2.543785214797456007e+00
7.877660546425182986e+00 -1.816056244834037159e+00
7.878471623770309407e+00 -3.600798491724610528e-01
7.879566845592584912e+00 3.654222820378194569e-01
7.867215015990360882e+00 1.087662148783778093e+00
7.879208653026566367e+00 1.813264701365699949e+00
7.877460029040669554e+00 3.269384781298594334e+00
7.884732748432547567e+00 3.990839573108249994e+00
8.609686292791494111e+00 -3.998874685978559995e+00
8.597402317211034983e+00 -3.275531847950436060e+00
8.595087365714924488e+00 -1.820188992089061486e+00
8.611312842135184553e+00 -1.095615245593492659e+00
8.620823019168291523e+00 -3.642526729335280322e-01
8.619467109981883368e+00 3.672870381402226769e-01
8.609927424932095619e+00 1.092557161766077201e+00
8.618210981853998476e+00 1.815048564256777297e+00
8.615627158908736760e+00 2.546765605115247411e+00
8.606889537971369464e+00 3.275816699521865161e+00
8.603574867965306794e+00 3.996028317866549884e+00
9.342872481941356000e+00 -4.001593289191632152e+00
9.339999215063066629e+00 -3.268502131445021774e+00
9.335156139352001503e+00 -2.540427728825445541e+00
9.332954800972856901e+00 -1.830811443589343668e+00
9.338316856353543471e+00 -1.098265815198971040e+00
9.343410336634768498e+00 3.504008672723344375e-01
9.343738095563828949e+00 1.094537027460205536e+00
9.346264892109992672e+00 1.808211615800146888e+00
9.340566269652626374e+00 2.547507974236204120e+00
9.330785536465548091e+00 3.256224843362549137e+00
9.336051940052890075e+00 3.998501271419332426e+00
1.006814625934151763e+01 -2.550304274628757639e+00
1.007254721962071642e+01 -1.093184975244437140e+00
1.006779426643974773e+01 -3.720242689019848115e-01
1.007022163300816686e+01 3.591645767220548180e-01
1.005811915236284193e+01 1.096494218269050691e+00
1.007139367238700345e+01 1.810158562534855520e+00
1.006413501683663725e+01 2.549229383335656962e+00
1.007452434856175216e+01 3.268409463393357584e+00
1.006950502056805163e+01 3.996410284372867494e+00
1.080062313677074570e+01 -1.818139632435933351e+00
1.080179189642455384e+01 -1.092827499211349362e+00
1.079816519252459273e+01 -3.752275074146140810e-01
1.078572349301435196e+01 3.605042070148556377e-01
1.078012664827056000e+01 1.094931618797900796e+00
1.080112465934056587e+01 1.818615399053260973e+00
1.079571940323934598e+01 2.535346149955586270e+00
1.079767052783993364e+01 3.265805908077798136e+00
1.079546791591203458e+01 3.986664335355893485e+00
1.154058463990843109e+01 -4.001253210744497579e+00
1.154152423969994601e+01 -3.282033741697098606e+00
1.153705227849587089e+01 -2.550887877953623928e+00
1.154114960904031761e+01 -1.825031037325214101e+00
1.153665207347946620e+01 -1.094128859536294129e+00
1.153033372122941103e+01 -3.662371408749862667e-01
1.152285237207731683e+01 1.104228683238599018e+00
1.153159532112694308e+01 1.821961971813834680e+00
1.152973648415133567e+01 2.539004306218352269e+00
1.153265601324902434e+01 3.271329030988081144e+00
1.153009286923568766e+01 3.992176586490085555e+00
1.226686465385273550e+01 -3.270981287170283025e+00
1.227088436592669751e+01 -2.545105133471356140e+00
1.228069885446976173e+01 -1.821856153835550884e+00
1.226337892346215597e+01 -1.090647187982334287e+00
1.225459672207681194e+01 3.540821998773040491e-01
1.224339121273368391e+01 1.084846965580499756e+00
1.225414878977499455e+01 1.811366769523655051e+00
1.224966650928124068e+01 2.536711647642899692e+00
1.225347636269975737e+01 3.258480054143181093e+00
1.225307274098783950e+01 3.997466798099257090e+00
1.299291774959978341e+01 -3.267990183538245219e+00
1.299231225317820559e+01 -2.547545276776574497e+00
1.300097100217926283e+01 -1.831543129007766169e+00
1.298889635789364405e+01 -1.094653619095492303e+00
1.299649194516128148e+01 -3.543785789843880707e-01
1.298610457207934843e+01 3.608965083131963070e-01
1.297872144962376950e+01 1.087600776903006050e+00
1.298149228202190386e+01 1.818666705046901200e+00
1.299295725545653823e+01 2.544088364658389168e+00
1.298207175587550211e+01 3.265179400719187441e+00
1.298264061761057064e+01 3.988623511074489869e+00
1.373333426398912138e+01 -4.016323716832658874e+00
1.371850811350343946e+01 -3.275827814981443709e+00
1.372742631418877579e+01 -2.552738830704598172e+00
1.372683343955623059e+01 -1.824304408022406676e+00
1.371828418791781701e+01 -1.095978026508507952e+00
1.372429918469079979e+01 -3.644871495443950948e-01
1.372279760991824560e+01 3.632764215248478479e-01
1.372729326251297266e+01 1.087800224537762261e+00
1.371747121822826898e+01 1.814700112297451540e+00
1.371818099333046348e+01 2.551067708941893386e+00
1.372060188387243329e+01 3.269240143083795402e+00
1.371826997242803259e+01 4.012307798650265767e+00
1.445835839641282661e+01 -4.000656341359952961e+00
1.446150944365064817e+01 -3.271483086848686384e+00
1.446244684175794504e+01 -2.544420549451931635e+00
1.445452635063131197e+01 -1.085711046436440341e+00
1.445416565903646955e+01 3.715532265886380969e-01
1.444158859518157811e+01 1.084323669888842545e+00
1.444573100827248879e+01 1.810220477335711564e+00
1.443763184510517306e+01 2.542107023625248985e+00
1.445619959037048119e+01 3.277638197135988918e+00
1.445001438603472366e+01 3.994494978143347197e+00
1.518493112847214377e+01 -3.275215714298074232e+00
1.518832195182029920e+01 -2.553397037746659493e+00
1.518182790342767419e+01 -1.822919371928367838e+00
1.519509567673389228e+01 -1.100058786619783291e+00
1.519406008010668785e+01 -3.612469662393706926e-01
1.517575655012571900e+01 3.509818822010828399e-01
1.518378112182223560e+01 1.077624972666750836e+00
1.517580442109383654e+01 1.810378167186570408e+00
1.517704426354949021e+01 2.552090998792301946e+00
1.518699815909224071e+01 3.275712690604823507e+00
1.518128892855887813e+01 4.000350856402508981e+00
1.591900577266325456e+01 -4.006708448752185348e+00
1.592009295360891485e+01 -3.273944550801651587e+00
1.592685665240594517e+01 -2.545136865790190939e+00
1.592325371358033692e+01 -1.819480237415518786e+00
1.590241038016761621e+01 3.642721025087674036e-01
1.590826481416816307e+01 1.094988488913099189e+00
1.591284532630360360e+01 1.822374055029523987e+00
1.588969642681646377e+01 2.538515110163022115e+00
1.591509756867549186e+01 3.272150296522962520e+00
1.591250388244642977e+01 3.999855789139058260e+00
1.665663074262064924e+01 -4.000326478802371355e+00
1.665025783395672221e+01 -3.275802955816523365e+00
1.665793052487180859e+01 -2.548587254358640308e+00
1.665329268243343819e+01 -1.094906682199589198e+00
1.665071990959334869e+01 3.804400580960702882e-01
1.664402521669289570e+01 1.082952699338921576e+00
1.663127540029066154e+01 1.818610154532414924e+00
1.664331809468186663e+01 3.280961708602294635e+00
1.664334871121641157e+01 4.005276875235704637e+00
1.738431114032448477e+01 -3.998214973910695136e+00
1.737716305258445715e+01 -3.274687448511024002e+00
1.739109129262947562e+01 -2.546222517352763504e+00
1.738728752624135865e+01 -1.827999627307445252e+00
1.737160429420566032e+01 -1.097143750534687712e+00
1.738600520119954496e+01 -3.725929947185804281e-01
1.738467845246659493e+01 3.618507354129150144e-01
1.736967323386899409e+01 1.815010380855277106e+00
1.738108420243611363e+01 2.544914872766248948e+00
1.736816618928175160e+01 3.282174987611742978e+00
1.737614317040081602e+01 3.996231678010257582e+00
1.810767806577352701e+01 -4.011525704477897136e+00
1.811379078253357022e+01 -3.276009281797776396e+00
1.811804923247201771e+01 -2.564368237213233925e+00
1.812305217761589660e+01 -1.820506500272674799e+00
1.810307070852901035e+01 -1.096662342632868103e+00
1.810311322414868584e+01 -3.701953462177201004e-01
1.810978356789016175e+01 3.667516654402120935e-01
1.810939263913304842e+01 1.831118447106167224e+00
1.810312911988623341e+01 2.551727120766663859e+00
1.810369346452256423e+01 3.279620129657505601e+00
1.810321775479655315e+01 3.995302587133910066e+00
1.884229432997368292e+01 -3.999005317855104380e+00
1.883468459000022932e+01 -3.272281898588076388e+00
1.883855081566852618e+01 -2.551500660141307719e+00
1.883555561428385516e+01 -1.805628708780737668e+00
1.884104112625479388e+01 -1.090966819547066535e+00
1.883562067931570994e+01 -3.818988478965508193e-01
1.883780820476926721e+01 3.984795753599073009e-01
1.881657546229438793e+01 1.097632574610152290e+00
1.880397326384770196e+01 1.764002390398143660e+00
1.883005515250753348e+01 2.559205112984720643e+00
1.883570152581108204e+01 3.270254746490312669e+00
1.883850588718259189e+01 4.001922946517222357e+00
1.957038252283353330e+01 -3.995489769988555651e+00
1.956487702537442175e+01 -3.281058301323238169e+00
1.956514329742659442e+01 -2.535962315236318432e+00
1.956229405821342482e+01 -1.824119821973070543e+00
1.955102209697927407e+01 -1.096163169750493438e+00
1.957016946289574832e+01 -3.617067011592673964e-01
1.955580060555480770e+01 3.599479189049006322e-01
1.956389643266204104e+01 1.104292193945440204e+00
1.956301488253487264e+01 1.828954580429876131e+00
1.956019132305836905e+01 2.550042466935465768e+00
1.956637494966392410e+01 3.288494419912222355e+00
1.954697490990793796e+01 3.991581035308211511e+00
2.028859702399101650e+01 -4.011272296423189943e+00
2.029579189412005746e+01 -3.278123249883151402e+00
2.028184252090611039e+01 -2.538800749203520724e+00
2.029760576181821818e+01 -1.825303916002141591e+00
2.029432979215673072e+01 -1.089656051871028097e+00
2.030084965192497748e+01 -3.681031409381105846e-01
2.029762325488854202e+01 3.726398973944462512e-01
2.030028732860444762e+01 1.085172698512334222e+00
2.028208600643817761e+01 1.820545926130268555e+00
2.028892065637262476e+01 2.547732078138984946e+00
2.028557246958484228e+01 3.273444446981077505e+00
2.029410105538850928e+01 4.014380921734623797e+00
2.102009743040541423e+01 -3.992670414373197474e+00
2.100881278179181066e+01 -3.278224276959839756e+00
2.102132505440430776e+01 -2.547194128830401638e+00
2.101731843184788318e+01 -1.814747394930197544e+00
2.102034159331287100e+01 -1.095302699723035289e+00
2.101761399224667315e+01 -3.668701661213660259e-01
2.102380770752983352e+01 3.606329793082281299e-01
2.101957603844901712e+01 1.091622865986181523e+00
2.102741179472059230e+01 1.813324435154015646e+00
2.103604682248510471e+01 2.546853744020054933e+00
2.101539942387501725e+01 3.272085734261334977e+00
2.102724649157760695e+01 4.003687546148167797e+00
2.175583074818258922e+01 -3.998041124207492913e+00
2.175433550768697444e+01 -3.274021356298575824e+00
2.174163402135104661e+01 -2.562083069234926569e+00
2.175320748037452745e+01 -1.830471974611434405e+00
2.175216391812860905e+01 -1.087097558006071552e+00
2.175566985011534626e+01 3.610620901213046352e-01
2.175141829716289976e+01 1.106482327841586510e+00
2.175144921603981629e+01 1.812172182783843510e+00
2.174942094797785330e+01 2.552184164694779156e+00
2.172802658051646318e+01 3.273289949799764287e+00
2.175348899198460373e+01 3.985581606688231915e+00
2.248776882230265528e+01 -4.008921701569306606e+00
2.248331029565146366e+01 -3.283304497021365620e+00
2.247865171631050174e+01 -2.537831398809185401e+00
2.249665161983313766e+01 -1.817956245909194024e+00
2.249176582779582390e+01 -1.084523104572426178e+00
2.248661398144847112e+01 -3.670331779269169203e-01
2.248009605777083664e+01 3.687337777241168624e-01
2.249091965799744486e+01 1.099736574956263979e+00
2.247546513479140629e+01 1.822174303747335244e+00
2.247851579463419824e+01 2.556327355927436429e+00
2.248632565801732142e+01 3.267271166538446181e+00
2.247939084924168895e+01 3.993748674783919483e+00
2.322177730378008675e+01 -3.994162645593934968e+00
2.321960619149901817e+01 -3.271603917977000009e+00
2.322089205628810049e+01 -2.538470787182454558e+00
2.322171404845636289e+01 -1.811623148141197959e+00
2.322007807068572305e+01 -3.568365892004230489e-01
2.321744835806107687e+01 3.680070817776872616e-01
2.321008863751358575e+01 1.097580946250229061e+00
2.321161199792368990e+01 1.821876507462704353e+00
2.321093052395652734e+01 2.547758311467234194e+00
2.321437639117809937e+01 3.263568402815803182e+00
2.321605312575798052e+01 4.011351983262404275e+00
2.395097141678055408e+01 -4.004013433790422738e+00
2.395413732245076233e+01 -3.272350408646286013e+00
2.394793329404958371e+01 -2.545047084194827391e+00
2.395373674204711989e+01 -1.809559312325205838e+00
2.394924382964843801e+01 -1.085192578556615217e+00
2.395182062883100116e+01 -3.669685826402400153e-01
2.395975850947225183e+01 3.645794891993574538e-01
2.395109509429363470e+01 1.102759055354177065e+00
2.394603636191892093e+01 2.556755888291839085e+00
2.394259570944444704e+01 3.271164171960737832e+00
2.394374974904044251e+01 4.001291550222259019e+00
2.467912136898855380e+01 -3.997777979095172185e+00
2.467553818731238380e+01 -3.271594414594520828e+00
2.468455273415239049e+01 -2.543419105381982348e+00
2.468086684623004601e+01 -1.815885720976133655e+00
2.468220947080834549e+01 -1.082615010371000608e+00
2.467257502833938787e+01 -3.627868397596216710e-01
2.467602189418660430e+01 3.657657910559350967e-01
2.467653234731112377e+01 1.095000571839481296e+00
2.467765262458878084e+01 1.823978062572678027e+00
2.467664652664344516e+01 2.550596306982473749e+00
2.466403336628939513e+01 3.277235402596890168e+00
2.468214716325235969e+01 3.995764210458926158e+00
2.540831542551421762e+01 -3.997922915423838930e+00
2.540952369628388396e+01 -3.270121523950688669e+00
2.540777138131682733e+01 -2.542752010751687664e+00
2.540900110208102092e+01 -1.817881045745561863e+00
2.540195029770102053e+01 -1.082594947395254081e+00
2.540341819201749729e+01 -3.573197333022335442e-01
2.542192859339679956e+01 3.502164686547111216e-01
2.540509776536109143e+01 1.089974826625628168e+00
2.539641292273451256e+01 1.818632486544817795e+00
2.540694577874990046e+01 2.548469322476140775e+00
2.539009022065911836e+01 3.276456888335818718e+00
2.541108039942180596e+01 3.998322561104618700e+00
2.614350383810218403e+01 -3.996074095007315918e+00
2.613754582086130540e+01 -2.543243910875773395e+00
2.612223821036667459e+01 -1.820624055331190760e+00
2.613023668252375131e+01 -1.086516512517587074e+00
2.612855582873118010e+01 -3.629306430190375465e-01
2.614213604918613498e+01 3.587962660729644426e-01
2.613452380497312078e+01 1.086532146825913259e+00
2.613515282999835421e+01 1.820339452747404607e+00
2.613339298696998014e+01 2.544615609342550044e+00
2.612497104718644891e+01 3.273132888689158193e+00
2.613201562212297802e+01 3.997487955526839443e+00
2.686939357597104561e+01 -3.984544565821877882e+00
2.684074693355803731e+01 -3.260086854762420217e+00
2.687685196253538322e+01 -2.540140011306736056e+00
2.686312555608738961e+01 -1.815068856507384254e+00
2.687046061436980438e+01 -1.095400317525232481e+00
2.686681950619539094e+01 -3.642321568972022305e-01
2.685966315248927572e+01 3.620977833192142725e-01
2.685978913109863697e+01 1.084266122244201824e+00
2.685684364592457030e+01 1.814485577129033800e+00
2.686325298870167444e+01 2.536615819942898753e+00
2.686421506751871391e+01 3.274039971136009086e+00
2.686444088773817640e+01 4.004528603162196276e+00
2.759370445838720798e+01 -3.986656051029171977e+00
2.759685939868236204e+01 -3.281053495537030074e+00
2.758982408931569807e+01 -2.550394139840527430e+00
2.759362041478085104e+01 -1.816127028072493488e+00
2.759313343174729738e+01 -1.087873765178283492e+00
2.758664032153458123e+01 -3.604356791197105281e-01
2.758622027127354670e+01 3.662292365550428030e-01
2.757673349716111488e+01 1.092050382405723497e+00
2.759278890997439504e+01 1.823792900498904856e+00
2.759641165409286856e+01 2.551570400484834522e+00
2.759501453671564519e+01 3.269878338371501769e+00
2.758800489194317151e+01 3.996822260642016289e+00
2.832608714558998031e+01 -3.996353893575349758e+00
2.830248795565349695e+01 -3.287686791252930618e+00
2.832851327658978846e+01 -2.542148014671603562e+00
2.832324342016470098e+01 -1.816006341571419824e+00
2.832143547214623425e+01 -1.093298680240881282e+00
2.831248216937190421e+01 -3.760919057569687141e-01
2.832290698666065509e+01 3.635790185213458869e-01
2.831972655277235162e+01 1.081311719541400151e+00
2.831568858131838340e+01 1.829149751544115077e+00
2.831852689421943126e+01 2.549834921879153171e+00
2.832609376293643066e+01 3.270860934980998280e+00
2.831809591016191519e+01 4.001262611770012967e+00
2.904852063996371925e+01 -4.001129900111884297e+00
2.905078495247955317e+01 -3.269786565414307233e+00
2.904921697021980975e+01 -2.537461883215836878e+00
2.905621297573689077e+01 -1.820582097016359313e+00
2.905113496056910805e+01 -1.080241457574913966e+00
2.905656786384185608e+01 -3.623038529509727823e-01
2.905648581804923225e+01 3.669196255654014749e-01
2.905532437833729631e+01 1.092597472997670849e+00
2.906527330436750134e+01 1.811327279021735848e+00
2.905079599688594527e+01 2.543471293544836698e+00
2.903862784005942643e+01 3.276527905679959218e+00
2.904579861416724640e+01 4.001518883296522944e+00
2.978462540808079240e+01 -3.999712893149233395e+00
2.978179623348471949e+01 -3.276328703541196319e+00
2.977565716948829078e+01 -2.534899819646774688e+00
2.977959243646542831e+01 -1.821689816320979816e+00
2.976654579204004136e+01 -1.093690964916145703e+00
2.976867815249242000e+01 -3.642804738413047971e-01
2.977191495893028872e+01 3.628343768192472396e-01
2.977341686676816579e+01 1.088272425715416603e+00
2.977915572572785408e+01 1.808627060214298865e+00
2.977903306802239314e+01 2.546772339922025452e+00
2.977589869415870538e+01 3.268561990122062610e+00
2.978164097984255676e+01 4.003210829739852983e+00
3.051361401409423735e+01 -3.995022529415372503e+00
3.052077301777341489e+01 -3.274946559077196895e+00
3.050975810432664304e+01 -2.547451099271050623e+00
3.050897574827995840e+01 -1.818148380116728191e+00
3.051436544243735938e+01 -1.087705595171662765e+00
3.050297466874443586e+01 -3.663069393427633713e-01
3.051085416608908218e+01 3.605664887388861928e-01
3.050969465424605431e+01 1.097573770941199456e+00
3.050696606486076945e+01 1.831892255845680495e+00
3.050610707554326240e+01 2.545069280679161494e+00
3.050348689559566395e+01 3.269767120355528078e+00
3.050524536116852659e+01 3.993798935511517101e+00
3.123504405116401728e+01 -3.994764496101307572e+00
3.124448888035221472e+01 -1.812001580254182898e+00
3.123910665287581168e+01 -1.095473173483700435e+00
3.123731420235278478e+01 -3.646406535482853428e-01
3.124415780256145325e+01 3.643935641492213051e-01
3.123385339022518536e+01 1.085459667340057166e+00
3.123125026185966391e+01 1.820678840268936227e+00
3.123919978663293051e+01 2.545226542835830941e+00
3.124143400426400063e+01 3.270982879534503951e+00
3.122718025623910165e+01 4.001595821635273609e+00
3.197259994746098499e+01 -4.000131198534592869e+00
3.197119659702146777e+01 -3.269608146199722398e+00
3.196873951534013969e+01 -2.548821865339839121e+00
3.197442083466662410e+01 -1.819658485867979181e+00
3.196337592078453582e+01 -1.093412691666458159e+00
3.196897390752781831e+01 -3.666365144651564378e-01
3.196430993657248365e+01 3.633897334195985707e-01
3.196436312515638889e+01 1.091900959089844747e+00
3.196749140534689815e+01 1.827040869584827476e+00
3.197029476297722539e+01 2.549425480952365319e+00
3.196895975299688786e+01 3.284344326898914090e+00
3.196687068855585068e+01 4.003701740722515723e+00
3.270759283211375390e+01 -3.997295753055013279e+00
3.270296602144444620e+01 -3.272007884993662685e+00
3.268973611726944029e+01 -2.543625424896077902e+00
3.269915408108969501e+01 -1.822152660993349826e+00
3.269328949362971315e+01 -1.080526207732248167e+00
3.270022034657649357e+01 3.622193740735291101e-01
3.269793291562965720e+01 1.084493979832007682e+00
3.268968309462236022e+01 1.822065572964344682e+00
3.269254934098548659e+01 2.548284523584598560e+00
3.267955499891650817e+01 3.264302559286452521e+00
3.269904356984658733e+01 3.995006076372181525e+00
3.342455213129593261e+01 -4.002331908862110765e+00
3.342575733895002799e+01 -3.272943525695875877e+00
3.342952827762012902e+01 -2.535812074555867213e+00
3.342127532845078264e+01 -1.815007359492053496e+00
3.342505196180444926e+01 -1.086091712959589728e+00
3.342702157458831635e+01 3.538841758737305554e-01
3.341553215114998210e+01 1.096930319936678444e+00
3.343735307893927455e+01 1.815131554506596245e+00
3.342333678383347007e+01 2.547455551973342835e+00
3.342929835243901238e+01 3.277120741073179744e+00
3.341959962200163403e+01 3.994147506246417123e+00
3.415158811709132891e+01 -3.994855254982596193e+00
3.415421644935802448e+01 -3.272058833704253544e+00
3.415890266226579541e+01 -2.544110072121402055e+00
3.414875285095663315e+01 -1.829702444465464595e+00
3.415144113603775367e+01 -1.087084401751070573e+00
3.415989601421261312e+01 -3.627014244911102026e-01
3.415272769562114519e+01 3.652393876088169122e-01
3.415669982906413082e+01 1.095950160748593305e+00
3.415022606691744755e+01 1.818288749855128117e+00
3.413614958727686854e+01 2.553561638630771569e+00
3.416475750773459907e+01 3.276797210363323387e+00
3.415058666859251701e+01 4.010791862635581850e+00
3.488760687084553780e+01 -3.991667676934174125e+00
3.488306584356450202e+01 -3.268823063015439345e+00
3.488639114029118815e+01 -2.529412079306538885e+00
3.487585984602080913e+01 -1.819454962466860337e+00
3.488145616597321208e+01 -1.090056674046945062e+00
3.488056736038834771e+01 -3.665634227968332937e-01
3.488267329903772662e+01 3.619062376994470753e-01
3.488431712544059593e+01 1.102150286139256252e+00
3.488553549599432557e+01 1.828966684039766477e+00
3.489118474107274182e+01 2.546530542463003144e+00
3.489694637960007384e+01 3.275930627469282541e+00
3.487645797148335447e+01 4.005059838234853231e+00
3.560859572113300686e+01 -4.000961134391349816e+00
3.559627825353206987e+01 -3.270617805749534313e+00
3.561107191551115392e+01 -2.540382768089191501e+00
3.560641541469596660e+01 -1.818858965138772987e+00
3.561562326986879867e+01 -1.090561042272994996e+00
3.561583723358214826e+01 -3.666024602949384814e-01
3.559897600130661743e+01 3.643362106086556196e-01
3.560595576375609284e+01 1.083284279909470627e+00
3.559987034371335568e+01 1.822951878578809470e+00
3.559744654971895983e+01 2.539880735381203181e+00
3.561062654690351081e+01 3.275016747378106885e+00
3.560601867328181669e+01 3.995341617788692901e+00
3.634147631590342797e+01 -3.983525214842096318e+00
3.633944349506850102e+01 -3.262850435707740360e+00
3.633623673146872335e+01 -2.541240247601557201e+00
3.633965870162277412e+01 -1.813020854233378998e+00
3.633907466696575028e+01 -1.093582480726791317e+00
3.633466600885748932e+01 -3.605243470155308216e-01
3.634626770844381127e+01 3.726216472769863230e-01
3.634080776494506182e+01 1.110914763460566945e+00
3.635080161575407232e+01 2.546247551797890196e+00
3.632953616856978130e+01 3.276773821452128033e+00
3.634160228859256137e+01 4.017486335491813776e+00
3.705366595231468096e+01 -4.005164741265510031e+00
3.706200898405980837e+01 -3.266567336513798381e+00
3.708124171436794114e+01 -2.551812874094842698e+00
3.706569811805803027e+01 -1.821911206276716655e+00
3.706482530750457016e+01 -1.086006469960960175e+00
3.705948894212912847e+01 -3.625262205935229076e-01
3.707899061971712484e+01 3.694080126325474112e-01
3.706527207333268592e+01 1.091581187917352480e+00
3.706837660142173974e+01 1.834140585499959286e+00
3.707381366537052969e+01 2.552560462242539074e+00
3.707830202821724441e+01 3.290943533170565871e+00
3.708171484763196446e+01 3.995324949737270259e+00
3.780747775315180803e+01 -3.989394400421147679e+00
3.779400229417591817e+01 -3.270056611783324740e+00
3.779584058062165042e+01 -2.540119900147718823e+00
3.779090127513182296e+01 -1.085717376786160315e+00
3.778735392212784205e+01 -3.603794271823836937e-01
3.777898955676949555e+01 3.838203736134992994e-01
3.779577538275373882e+01 1.104489377304837205e+00
3.779613317430035835e+01 1.809050126220945742e+00
3.780788983135459347e+01 2.549011175395264672e+00
3.778300789163814244e+01 3.279143790547646375e+00
3.779585599868845947e+01 3.999264199632381889e+00
3.852588389660849799e+01 -3.993639438925729479e+00
3.853175709213643785e+01 -3.259048545959341681e+00
3.852238889733725813e+01 -2.545449688092450202e+00
3.851851410596488989e+01 -1.820499564355849031e+00
3.852541229582434568e+01 -1.088311482445995182e+00
3.851656473923099355e+01 -3.599493889118079437e-01
3.853026192284652751e+01 3.888245335095881217e-01
3.853687198019249394e+01 1.099726487129359498e+00
3.853660040409318555e+01 1.820901685054924002e+00
3.852242347727123928e+01 2.549774325158725929e+00
3.927619807122740525e+01 -3.978248879218170941e+00
3.925932633924396242e+01 -3.255836183798042072e+00
3.928251745318130617e+01 -2.551955530646928594e+00
3.925469380587569646e+01 -1.804168043566431123e+00
3.927731044349568634e+01 -1.050018196921186586e+00
3.926598938109561487e+01 -3.387560076194588987e-01
3.925332397029841758e+01 2.556434714985709178e+00
3.925431080485615354e+01 3.260840102039740174e+00
3.998039470150492747e+01 -3.285037342427973073e+00
3.997820115183404965e+01 -2.503606845789196456e+00
3.996333887713458211e+01 -1.795336481148307683e+00
3.999817598346746905e+01 1.101378296314837968e+00
4.000020893157824986e+01 1.830791682063214409e+00
4.000128710768938589e+01 2.581187940069046505e+00
4.000337622715874630e+01 3.297470752866029642e+00
3.999666886909968611e+01 4.007951842292552413e+00
4.073486056301812397e+01 -4.001900810433316025e+00
4.072378485263023862e+01 -3.257005296451676912e+00
4.072160789063622843e+01 -2.550399942785283258e+00
4.071882587612865478e+01 -1.804151240804689138e+00
4.072731769041789818e+01 -1.083813384935400137e+00
4.073146238722454626e+01 -3.546659461778709499e-01
4.073768175507435529e+01 1.101690335260652631e+00
4.073252720549151462e+01 1.828085331876856401e+00
4.072585511887631782e+01 2.545584518498717586e+00
4.071839016270188694e+01 3.294285615247343202e+00
4.071968586122429912e+01 4.001900810433316025e+00
