-3.015318215874728480e+00 -4.122958974881626659e+00
-2.998605743615492258e+00 -2.688168137664892043e+00
-3.015430195865221208e+00 -1.938279205675545569e+00
-3.012731922996003675e+00 -1.209573727281984645e+00
-3.035002052921257132e+00 -4.734037777066433250e-01
-3.016270988925917607e+00 3.404141584639184259e-01
-3.014182376573756983e+00 1.003621654639211158e+00
-3.015211083686267557e+00 1.729131517121306416e+00
-3.010062581015809258e+00 2.432426957560590353e+00
-3.020621147533873341e+00 3.151949852084332093e+00
-3.012354639213128848e+00 3.908609796515872148e+00
-2.161978335989317657e+00 -4.090718953449869133e+00
-2.195055271405102815e+00 -3.378229232041540797e+00
-2.199618543295763118e+00 -2.636755610483398016e+00
-2.238639927956548092e+00 -1.910204589292245458e+00
-2.215222033521428102e+00 -1.185453823287605957e+00
-2.207366449043277612e+00 -4.756920847424304100e-01
-2.231564286948277243e+00 1.002303070654498640e+00
-2.261029526005160051e+00 1.731565247411168684e+00
-2.261686695552441506e+00 2.438058026178492099e+00
-2.282312771276224339e+00 3.224482215040243460e+00
-1.464470883360554865e+00 -3.361396732297958323e+00
-1.532606184437192098e+00 -2.630834496124045074e+00
-1.471377083078003523e+00 -1.914602791186101882e+00
-1.486774408051516616e+00 -1.173826378800612247e+00
-1.487581417950366358e+00 -4.557342608191667921e-01
-1.472568396188854933e+00 1.022037026082966094e+00
-1.492050917287400580e+00 1.735089764999468542e+00
-1.515113132293265608e+00 2.486610717891309719e+00
-1.515598981605059237e+00 3.230840688336851230e+00
-1.516034731372023714e+00 3.955429725890493131e+00
-7.400752452170991091e-01 -4.073414128550542301e+00
-7.381282865111771230e-01 -3.357246365409963573e+00
-7.294260856469989562e-01 -2.623387988849870567e+00
-7.424024739003058926e-01 -1.893856024843945107e+00
-7.753618053209621053e-01 -1.190326020219899306e+00
-7.358131836706149898e-01 -4.569579927795999197e-01
-7.467352129835518326e-01 9.835999730895004234e-01
-7.696083554233439372e-01 1.765908108161383439e+00
-7.623044684399715720e-01 2.504102153672768338e+00
-7.466827823197306202e-01 3.225713000500721961e+00
-7.507547260831302083e-01 3.947697060480077624e+00
-2.039020280349745917e-03 -4.047765183661788058e+00
-3.861687639484046031e-02 -3.334415843347855457e+00
-9.554532110747970819e-03 -2.631547320459482364e+00
4.044446371729293332e-03 -1.896949504730827130e+00
7.689335906611916016e-03 -1.170631283836051750e+00
1.538919566563379249e-03 -4.251124472229186324e-01
4.342367849623940401e-03 3.050848938619310502e-01
-1.917395506303165575e-02 1.734573869393400969e+00
-4.700200067425441830e-03 2.522553892125795727e+00
-7.185031085338522416e-02 3.244241748066851727e+00
-1.025391890460269906e-02 3.974619561805130985e+00
7.443967650663410041e-01 -4.035944752732213203e+00
7.213104989762015862e-01 -3.370868111998149175e+00
6.889523215102570930e-01 -2.634923879334273522e+00
7.217052328401507566e-01 -1.903339099202089102e+00
7.335083518714995421e-01 -1.180743391600469039e+00
7.189014946245464444e-01 -4.336001173868808678e-01
6.757334644347352537e-01 2.639347145820067908e-01
7.107990081981299113e-01 1.007181506602940146e+00
7.227253590607745082e-01 1.749203583526199424e+00
7.471558790288739260e-01 2.526584846715831389e+00
6.896377957547699111e-01 3.176747703203961493e+00
7.276997975289205556e-01 3.947716336335997056e+00
1.482328197350092580e+00 -4.044179233165618115e+00
1.525615187493677638e+00 -3.267576914253645270e+00
1.449259715021142370e+00 -2.592718254858532134e+00
1.456087591055080566e+00 -1.907603713102954401e+00
1.456386057124049671e+00 -1.172182940589152622e+00
1.459833816425010866e+00 -4.859679608566054299e-01
1.448981482768616047e+00 2.532691836840790245e-01
1.485914162497465441e+00 1.002859407509454570e+00
1.492763435527599825e+00 1.733147225791473289e+00
1.474444187399690520e+00 2.532186725446091913e+00
1.473340999838598009e+00 3.203110110788603748e+00
1.469823020853048945e+00 3.912332983560762756e+00
2.177422756811267845e+00 -4.025729915764603817e+00
2.191116566437351310e+00 -3.307110747988058819e+00
2.192897227650867364e+00 -2.588884949292182824e+00
2.261141580817913166e+00 -1.867655545145172624e+00
2.162377759062103166e+00 -1.192145482123702749e+00
2.196237460607392222e+00 -4.514367781942567603e-01
2.128145614664497032e+00 3.179086756435829386e-01
2.221440514372339692e+00 9.795976157907588799e-01
2.231780813349963921e+00 1.725766102777743782e+00
2.247520624538310585e+00 2.467116655973949690e+00
2.277601245836180510e+00 3.192228933146264325e+00
2.929604337767976574e+00 -4.030546775364459933e+00
2.934852276196181720e+00 -3.309673599688949253e+00
2.935901975963396637e+00 -2.584137955328355218e+00
2.915893790926070039e+00 -1.169254279830195031e+00
2.925994979651321160e+00 -4.614688471709733619e-01
2.947267894202028060e+00 2.862112690649922797e-01
2.968405220625655261e+00 9.944807714424470646e-01
3.015428643568029088e+00 1.739636265542912952e+00
2.998764013782896143e+00 2.441871809528056048e+00
3.024360194828005888e+00 3.160624139751210038e+00
3.064837705644741561e+00 3.851536700179583050e+00
3.657208383499735760e+00 -4.035705446361671278e+00
3.676327459832307909e+00 -3.307699648434780926e+00
3.671783285769627980e+00 -2.583292100414670500e+00
3.687049875694164314e+00 -1.855764799490884798e+00
3.667241985481517474e+00 -1.169076498435188682e+00
3.667052559545489032e+00 -4.208771796492563055e-01
3.695239284528682333e+00 2.813827541845093094e-01
3.709206447353913916e+00 1.042639120854612855e+00
3.749043487103783434e+00 1.722852713302501115e+00
3.780414681551327760e+00 2.465823127093116796e+00
3.759003346352869812e+00 3.162300548482210871e+00
3.746998474826554570e+00 3.907188170525838444e+00
4.420697324151063867e+00 -4.039719893711751553e+00
4.402183527897250315e+00 -3.325390356606924058e+00
4.412332787673648227e+00 -2.584159557182879041e+00
4.411106666557870426e+00 -1.833036194293828913e+00
4.401649215442233753e+00 -1.126129192847226790e+00
4.463606201514949134e+00 -4.283120582943560350e-01
4.441033888747504932e+00 2.957384439152086486e-01
4.459659452188503792e+00 9.892125270650815594e-01
4.464420483755127123e+00 1.733880096176001473e+00
4.505483248173888455e+00 2.484856986837165493e+00
4.521153439282194597e+00 3.185818242454619309e+00
4.532493753218027166e+00 3.891253398409791231e+00
5.173803537860202084e+00 -4.038878587530355446e+00
5.161345516858283133e+00 -3.349787440570501929e+00
5.160023066587299923e+00 -2.585453460181277308e+00
5.163609239815670549e+00 -1.870881180099097207e+00
5.244007684087200971e+00 -4.297289003688717912e-01
5.222784963347201881e+00 2.985391234539100935e-01
5.181449631597168093e+00 9.941757586642552269e-01
5.230076207191110882e+00 1.739300568503804101e+00
5.258676202065252880e+00 3.161174880342503712e+00
5.293450075985695946e+00 3.881227383530738706e+00
5.895871587861890362e+00 -4.040165205580457553e+00
5.855348202313685135e+00 -3.334777063482643911e+00
5.907104882147052649e+00 -1.874008919778475502e+00
5.962759242518053782e+00 -1.168800293620833486e+00
6.007580994707211630e+00 -4.249484396574949585e-01
6.035561527669898396e+00 3.010662237493590965e-01
5.988216172033901330e+00 1.012104460211880053e+00
5.984890060747744656e+00 1.703976232302188976e+00
6.005802489800807109e+00 2.447420590072894697e+00
6.016741110619797439e+00 3.183089854037664423e+00
6.010938415119710498e+00 3.922278799566267793e+00
6.717234024557306782e+00 -4.050830959399331022e+00
6.698774996201166232e+00 -3.333078339939564927e+00
6.713417966216333355e+00 -2.533207891193189454e+00
6.666453891825995015e+00 -1.913574866203738623e+00
6.717714895769837824e+00 -1.206469380875493158e+00
6.764173333602641947e+00 2.389126784054518282e-01
6.770271783746771632e+00 9.901765636256598668e-01
6.757772040760372079e+00 1.694544121660278790e+00
6.738186473231984053e+00 2.441866287659451018e+00
6.736668257983346564e+00 3.155393875718875307e+00
6.733477748568212462e+00 3.902686101778531480e+00
7.485824065686074391e+00 -2.640172379676357650e+00
7.510184373199194852e+00 -1.204407828828642835e+00
7.505007345354215431e+00 -4.903729424555152150e-01
7.483382111298098494e+00 2.455848980823773786e-01
7.470304926264290657e+00 9.824021085778049667e-01
7.493336086105628624e+00 1.690995202726377045e+00
7.486534913228119592e+00 2.428557421682064899e+00
7.491588047245734572e+00 3.160238259894985191e+00
7.524273130408403176e+00 3.861901107559287283e+00
8.265817629256758892e+00 -1.942657566462152374e+00
8.246141281197218120e+00 -1.230037993504350169e+00
8.261131794238700365e+00 -5.254780827361678064e-01
8.226986073178885306e+00 2.073334755847113797e-01
8.207050822703259030e+00 9.955654272211269529e-01
8.232960776329598218e+00 1.697284555883548762e+00
8.260497560121450533e+00 2.382473395066771360e+00
8.248642003012534474e+00 3.114267567835472761e+00
8.309952072642396104e+00 3.806998653971771063e+00
9.157138945290988374e+00 -4.086238600181108183e+00
9.157810309865922704e+00 -3.359841240071546054e+00
9.145505467351171092e+00 -2.635047547485672936e+00
9.093738974343906989e+00 -1.953854233073499813e+00
9.070233896001532514e+00 -1.212862564084616679e+00
9.059647393631443890e+00 -5.094768376563720835e-01
8.988894364909846502e+00 9.646964551966235035e-01
8.980477544895968833e+00 1.639462319833423720e+00
9.008180498029801697e+00 2.390393536543275133e+00
9.030302731144978168e+00 3.133313961160613559e+00
9.078192537762632242e+00 3.804284446238757056e+00
9.926706993322220285e+00 -3.394651889202538797e+00
9.921348319391491088e+00 -2.648727616452912770e+00
9.923145529208952098e+00 -1.957603186871160972e+00
9.858665025150862959e+00 -1.237315093029252466e+00
9.784358623469458394e+00 1.947537452993088891e-01
9.746114569065710498e+00 9.320441279829410064e-01
9.745595529297830240e+00 1.643312761731120730e+00
9.761514525404990650e+00 2.361532927747820310e+00
9.811228849176067968e+00 3.053423267795285057e+00
9.842275246309306169e+00 3.828203633769202696e+00
1.070401064843080263e+01 -3.384175924476831909e+00
1.068575066186586042e+01 -2.659536748635279224e+00
1.071872813731034313e+01 -1.993502801383730372e+00
1.064740624247843215e+01 -1.214727434970512832e+00
1.064128595828522350e+01 -5.036029776366461874e-01
1.057203318112258472e+01 1.970715141927499303e-01
1.051656167801709074e+01 9.183016570825799363e-01
1.049307580049289612e+01 1.653103192704833191e+00
1.052252701983567107e+01 2.371912474907830415e+00
1.057637471838742016e+01 3.076350975836927404e+00
1.058508674279926964e+01 3.785727035325347600e+00
1.161314173884334622e+01 -4.153862859794799078e+00
1.154810624507764771e+01 -3.413300682558809029e+00
1.152459466931325238e+01 -2.718502099321646881e+00
1.144859790734692240e+01 -1.984133389515989165e+00
1.143806540603883803e+01 -1.225792805127866814e+00
1.140019244427142553e+01 -4.910930890319633590e-01
1.141687199784769291e+01 2.257040014624749347e-01
1.136317696078028661e+01 8.964758243749457733e-01
1.146065099930373066e+01 1.625287072702054303e+00
1.138910223308805314e+01 2.400821507255848530e+00
1.136907702222134020e+01 3.090318153795610812e+00
1.142220313636290285e+01 3.798746622621390401e+00
1.245272744048064339e+01 -4.102461818206460720e+00
1.245847723893844972e+01 -3.396805022521011352e+00
1.242556255362499940e+01 -2.637034725603033536e+00
1.237192341317207678e+01 -1.207879654952591864e+00
1.228173296302540507e+01 2.031748672361004537e-01
1.216331434969126946e+01 9.309551753204061697e-01
1.215869269037979450e+01 1.656686157753785693e+00
1.214989893624841244e+01 2.382638779096058812e+00
1.218367356686199798e+01 3.111822022016941247e+00
1.219062211004511198e+01 3.811570867619931136e+00
1.315663472125064004e+01 -3.397105268076650475e+00
1.324791241044449919e+01 -2.656279576553501443e+00
1.318444375089616472e+01 -1.965406598271716376e+00
1.319130781159139332e+01 -1.245075474509178548e+00
1.313992252338777433e+01 -5.134884156563970237e-01
1.309753073503810583e+01 2.168088136487931195e-01
1.303694083497072143e+01 9.433345581240715205e-01
1.294414938369185109e+01 1.661249111746833762e+00
1.290752711616734416e+01 2.432042736414068429e+00
1.292516319595474528e+01 3.119463890790203919e+00
1.298803390652670942e+01 3.815106305992575386e+00
1.406126489788434242e+01 -4.135975442715700723e+00
1.403946867675459487e+01 -3.403122972959515380e+00
1.402268333796571653e+01 -2.664422504972407069e+00
1.399350934641717714e+01 -1.963717707397307777e+00
1.381842793842002237e+01 2.612651204306857267e-01
1.377840720452299195e+01 9.561997307047782613e-01
1.375864365965956893e+01 1.672311758413876248e+00
1.377618960698529804e+01 2.377678999562654383e+00
1.383819299679466752e+01 3.094593250950072871e+00
1.386250470955929615e+01 3.817740631002255469e+00
1.494166170211711631e+01 -4.131243097155632427e+00
1.493216608173156601e+01 -3.435727833337274717e+00
1.485018660626872844e+01 -2.648071770470966868e+00
1.473718145573889160e+01 -1.221174869949116726e+00
1.468599552843736689e+01 2.606510316102479408e-01
1.468456982376482500e+01 9.162402642137763564e-01
1.454427654258464031e+01 1.686721300379751654e+00
1.460730550075675893e+01 3.127847891606055697e+00
1.459339435600459467e+01 3.833790211089098676e+00
1.572652651076911212e+01 -4.155532216838103921e+00
1.571454820360661842e+01 -3.429682065578251837e+00
1.573582946762481072e+01 -2.707689022675879187e+00
1.571769441942787893e+01 -1.996663481516808503e+00
1.559777882827100370e+01 -1.260081635847271286e+00
1.567572732062046015e+01 -5.142707180855836668e-01
1.544631750172226958e+01 2.599338927669805344e-01
1.537187794937437957e+01 1.701823298077954405e+00
1.538960964443570845e+01 2.413285517550761483e+00
1.533870612079901719e+01 3.136495533042346295e+00
1.540296333971662079e+01 3.808089900577481757e+00
1.645603143489710618e+01 -4.187080143698281631e+00
1.647105866708162836e+01 -3.442640091414169490e+00
1.644904263143802581e+01 -2.747958010771220927e+00
1.644014075613864634e+01 -1.998190731075364823e+00
1.638936861426140723e+01 -1.274900160945982464e+00
1.636393915114073394e+01 -5.544285232133319141e-01
1.633558987166273369e+01 1.976286157131248444e-01
1.622407583303692036e+01 1.727575500957495791e+00
1.619047011893222532e+01 2.405862984869479249e+00
1.615028148766799632e+01 3.061427285841308077e+00
1.617636720750685697e+01 3.843207004033882157e+00
1.721812007092034946e+01 -4.157233587776779871e+00
1.718913601070625674e+01 -3.440135535212011320e+00
1.716000001578923673e+01 -2.733077088172457536e+00
1.714244049214255483e+01 -1.965463236980951933e+00
1.712592656600375562e+01 -1.261734989247056404e+00
1.708966578101396294e+01 -5.439757448880868651e-01
1.708641160987541951e+01 2.711839257522150604e-01
1.700716913009562603e+01 9.476337648192867391e-01
1.699007656429974844e+01 1.615192729609859157e+00
1.697441678284010891e+01 2.447606857978225747e+00
1.696971756976224555e+01 3.149864440167707613e+00
1.700913650162672042e+01 3.889183569529283346e+00
1.793558934587080955e+01 -4.119155671676001162e+00
1.792054992680353109e+01 -3.437705611327398714e+00
1.788378179707520133e+01 -2.673695597994765194e+00
1.785584107105374585e+01 -1.968038156642332837e+00
1.781239224784062003e+01 -1.249992798852531450e+00
1.782676135757628799e+01 -4.986801742802278170e-01
1.778181574839270240e+01 2.215056460005584427e-01
1.776949767696722660e+01 1.002787460835264710e+00
1.774289513207155977e+01 1.701336665417770178e+00
1.773648399340093107e+01 2.451875973165304146e+00
1.769461089889259142e+01 3.197695336489292828e+00
1.771130566474846546e+01 3.910475858059935916e+00
1.865616623049054823e+01 -4.151180949542514043e+00
1.864123670273180977e+01 -3.411664459360430612e+00
1.860100009379378605e+01 -2.669455380071070749e+00
1.858859955085969773e+01 -1.959637079782925895e+00
1.856572214943793853e+01 -1.210590384930263497e+00
1.855664338648418976e+01 -4.851276817581400280e-01
1.851610992003537604e+01 2.614134501674918454e-01
1.852528294701558309e+01 9.742555905795171611e-01
1.846328722859480109e+01 1.719755220344108437e+00
1.846041923502360760e+01 2.447837622930869372e+00
1.843325639591277110e+01 3.207251978400815773e+00
1.848143874884311799e+01 3.954612373788098267e+00
1.949357908496460823e+01 -4.048182852707896018e+00
1.937357675374866517e+01 -3.356858970453874491e+00
1.935028284839708590e+01 -2.631351334474487658e+00
1.932227038934451002e+01 -1.927499080851770685e+00
1.928450920962638548e+01 -1.194785925033471585e+00
1.926170308740257298e+01 -4.749667904946299757e-01
1.926398910382354046e+01 2.619104145543005302e-01
1.923982727706918183e+01 9.862516157298486519e-01
1.922430118651400477e+01 1.726241409995925125e+00
1.923073923427104148e+01 2.441710249564341240e+00
1.921130336270340422e+01 3.184882303371008305e+00
1.928043161677406658e+01 3.920706063912977157e+00
2.023855513148906482e+01 -4.117423858241387791e+00
2.022662939053329012e+01 -3.360304086114059174e+00
2.017948330864248163e+01 -2.608010533802769260e+00
2.012524405026135099e+01 -1.860569457078913302e+00
2.011107757026281462e+01 -1.137256292616104503e+00
2.003210295184936030e+01 2.676954786429917021e-01
2.024140435453216469e+01 9.772130735077837471e-01
2.009795534861746091e+01 1.732342437136310309e+00
2.002814965901952604e+01 2.488731040651249060e+00
2.007667920497052449e+01 3.217211471918250965e+00
2.011635854728020689e+01 3.851196530974565491e+00
2.096853972853068626e+01 -4.109103022253894011e+00
2.094021149544879279e+01 -3.347911731130217561e+00
2.091677088665171880e+01 -2.616696355457893475e+00
2.095490483436636708e+01 -1.911180410381767558e+00
2.097838515031690321e+01 -1.182482867459242470e+00
2.094812177831605737e+01 -4.498288539536261510e-01
2.093505593770056095e+01 2.792154027865549892e-01
2.098204060570110130e+01 1.021482919717129789e+00
2.090551698703147565e+01 1.735054094898952570e+00
2.091646197606601731e+01 2.485732949797760938e+00
2.093942852144503064e+01 3.155152655661762395e+00
2.096436822217008711e+01 3.889031545506764331e+00
2.213467537209387359e+01 -4.012501551126668176e+00
2.212856253887687075e+01 -3.358184923195182137e+00
2.209455517121131862e+01 -2.569787334744010110e+00
2.213754263064789285e+01 -1.848591370630984443e+00
2.200607434647717042e+01 -2.849771125058246923e-01
2.186296100504335982e+01 2.969738768649925476e-01
2.183790754286187052e+01 1.031878286240669240e+00
2.176513330426911352e+01 1.757471938231908837e+00
2.176258855095646538e+01 2.471381551475666072e+00
2.176694181405125761e+01 3.154451275865046256e+00
2.174010190323610914e+01 3.909204165052290847e+00
2.282662043881931169e+01 -4.091736819223523725e+00
2.282946928054013114e+01 -3.361112044889235762e+00
2.281950026310920521e+01 -2.629545314880580520e+00
2.283024682007187067e+01 -1.886739351852334323e+00
2.281171138265514031e+01 -1.161875386375346153e+00
2.278512103297652658e+01 -4.356554861024122260e-01
2.276744619941412395e+01 2.926285335630147699e-01
2.265883574021449931e+01 1.031144484830679886e+00
2.268280646379042764e+01 2.521413752972069489e+00
2.261088023460677476e+01 3.193185327637291238e+00
2.257165865359759493e+01 3.869936634714857604e+00
2.356452754185805532e+01 -4.078596233326596376e+00
2.354979009580342364e+01 -3.360482111463387156e+00
2.357431814384619884e+01 -2.631649202906643836e+00
2.355776595443912669e+01 -1.886078282316535848e+00
2.356545830052273516e+01 -1.172383226054428462e+00
2.352813614932809827e+01 -4.542520911583132204e-01
2.350071201891537243e+01 2.690960185419690731e-01
2.348823122575394251e+01 1.036811875538319327e+00
2.348073259409707703e+01 1.745300356688570531e+00
2.346604637715334007e+01 2.460594741481347825e+00
2.341228439987554566e+01 3.198621708189943291e+00
2.343571845507791807e+01 3.883651104181485181e+00
2.429738346082969258e+01 -4.080429300438609630e+00
2.429542331947529732e+01 -3.361433687301584428e+00
2.429576531602704392e+01 -2.624768331564983015e+00
2.430110231472959725e+01 -1.907853720652553875e+00
2.429287191499772547e+01 -1.160848733728713000e+00
2.427654449473339326e+01 -4.298602145157666143e-01
2.432866046959252770e+01 2.533293950240462777e-01
2.426720595853453233e+01 1.025432255244428603e+00
2.419982887752782119e+01 1.741064928888622632e+00
2.424385298680249434e+01 2.483643400300795889e+00
2.420258279804283319e+01 3.207296830688573408e+00
2.425642184441123561e+01 3.881805898768913465e+00
2.509408790455972138e+01 -4.066492273032970672e+00
2.504872435263180108e+01 -2.648848746468399185e+00
2.498915613796329893e+01 -1.949734796998782826e+00
2.505558224569091408e+01 -1.183187851764152754e+00
2.503212263166017948e+01 -4.668407436433810176e-01
2.502964577704395310e+01 2.498149379302283535e-01
2.503291048850106648e+01 9.927136543454970763e-01
2.503652905422818264e+01 1.730903018780040270e+00
2.500460196929233803e+01 2.452252263595703141e+00
2.499769070785288960e+01 3.187154767490365970e+00
2.502091981853241265e+01 3.902900098294150411e+00
2.580070748074388831e+01 -4.085928782304655726e+00
2.572988489023892811e+01 -3.362743174099684040e+00
2.581686339755655268e+01 -2.642408009907207145e+00
2.577303679770700739e+01 -1.909892412392437677e+00
2.577781640546825059e+01 -1.197598723827280054e+00
2.577094193649956821e+01 -4.707173826682051754e-01
2.576782776362988159e+01 2.599408963499492131e-01
2.576055583574136421e+01 9.814125693252044869e-01
2.576673835301817661e+01 1.715751897428710038e+00
2.578572518716539719e+01 2.427945853319574354e+00
2.578186202427812646e+01 3.173969953437147495e+00
2.579982008026060214e+01 3.893760138846889873e+00
2.652973842603643817e+01 -4.078970820170621181e+00
2.653885464583954956e+01 -3.375031687759665999e+00
2.651991433645207508e+01 -2.649706903687668813e+00
2.651959060203645180e+01 -1.918057550603577965e+00
2.651788580177638011e+01 -1.200158525597114334e+00
2.651124940501811267e+01 -4.441062235854111861e-01
2.652180614974457029e+01 2.571158959879582540e-01
2.649331373669931367e+01 9.850218724248520630e-01
2.653797646796633103e+01 1.732173610194550406e+00
2.657673391601062463e+01 2.480354785816256680e+00
2.654638378747565497e+01 3.175149690145619985e+00
2.656628004913906693e+01 3.893930701496731928e+00
2.732543749303757608e+01 -4.107550289881533701e+00
2.727439675586774825e+01 -3.408215714937036012e+00
2.730858013844997600e+01 -2.661259230052095859e+00
2.727929577492593438e+01 -1.932741418552435420e+00
2.729032884654483837e+01 -1.209008967650934352e+00
2.726264906517052111e+01 -5.139997964536391351e-01
2.727442903262181773e+01 2.558907924896622887e-01
2.727301186146727474e+01 9.388537517325445947e-01
2.727526203307866126e+01 1.728227093822088278e+00
2.729391046139667054e+01 2.418199529392477842e+00
2.732673946492460004e+01 3.146138560535415962e+00
2.732398649159068071e+01 3.863911523778863710e+00
2.808999336823577408e+01 -4.141380083508867216e+00
2.804593642169121637e+01 -3.386369991097907928e+00
2.804675482672009679e+01 -2.659946625061550662e+00
2.807279307079539166e+01 -1.949433040710374598e+00
2.804744950611074472e+01 -1.209567152678641122e+00
2.805985630442327050e+01 -4.942558996059780441e-01
2.806810037414248171e+01 2.175815601512027797e-01
2.807852530575903671e+01 9.271119010062278676e-01
2.806713120674923090e+01 1.672932779231146583e+00
2.802609304456832007e+01 2.414437114643508409e+00
2.806227186652778727e+01 3.138753706460438053e+00
2.809859770014215741e+01 3.860834903053945055e+00
2.891954234832612514e+01 -4.088324376688625250e+00
2.883097966853350869e+01 -3.403764808714296208e+00
2.887119965173825875e+01 -2.641183660886689211e+00
2.880985323869298753e+01 -1.963976932954476950e+00
2.880912902957700084e+01 -1.256853094835715723e+00
2.877706632433386602e+01 -5.136373443858204269e-01
2.878614116380645527e+01 2.041412384882264064e-01
2.880807710003541189e+01 9.224395466020958168e-01
2.883393098716835112e+01 1.636569893822976240e+00
2.886574250521811535e+01 2.359109076621702883e+00
2.887630289527690053e+01 3.074364604264633982e+00
2.885139919487520643e+01 3.817137315181863499e+00
2.965601608235042619e+01 -4.125343727625054413e+00
2.964327903834828959e+01 -3.435609665768556198e+00
2.963260292074509294e+01 -2.709745306628391859e+00
2.962798623005472365e+01 -1.975594260404371028e+00
2.961014817290764967e+01 -1.258401072206723370e+00
2.957961433381591831e+01 -5.290661219273751215e-01
2.960569535551903897e+01 1.983601631480880201e-01
2.955914111571940595e+01 9.235748354410659999e-01
2.958289886030213012e+01 1.628159087066599398e+00
2.960830365750432946e+01 2.339113557536599330e+00
2.961403588319623026e+01 3.054804247916248272e+00
2.962741620238767126e+01 3.798137262978709572e+00
3.043789064624132124e+01 -4.132123751611029405e+00
3.036848892302835878e+01 -1.976791746724934740e+00
3.036012382540764776e+01 -1.289915025102345680e+00
3.038969750984508522e+01 -5.149919859426574931e-01
3.039074956116476045e+01 1.628471879041342163e-01
3.034112829264554279e+01 8.911588843722668685e-01
3.035192479533689180e+01 1.620057482865814080e+00
3.037220242328698561e+01 2.336313688405425637e+00
3.036565107741174785e+01 3.042545559254239862e+00
3.035904820657673753e+01 3.769339880082608119e+00
3.121474950721430019e+01 -4.156529791718188704e+00
3.117511005387421363e+01 -3.410253564208026944e+00
3.116915199089240929e+01 -2.697166958061103514e+00
3.117708355153734345e+01 -1.989368693961505841e+00
3.114730325753703966e+01 -1.268271326840984869e+00
3.113760361151616252e+01 -5.707054642274158596e-01
3.114221042106334636e+01 1.597149442755601001e-01
3.116290827820564147e+01 8.688739005815300231e-01
3.116391117369007446e+01 1.613606690052609594e+00
3.116080791683263129e+01 2.345208999386091619e+00
3.112606930830727237e+01 3.084797512688435717e+00
3.113483093652971689e+01 3.803449733636565355e+00
3.202759103657201223e+01 -4.116627730229822646e+00
3.196823855947550186e+01 -3.438158154169286718e+00
3.188534659628556511e+01 -2.694203780483555022e+00
3.191095343407990725e+01 -2.012166745007263557e+00
3.189176438098255773e+01 -1.255426329838730481e+00
3.189804834977294234e+01 1.434839504534188848e-01
3.189451865577793654e+01 8.703668387987306687e-01
3.187062136993544215e+01 1.610507745576704508e+00
3.188810881809281028e+01 2.349653106198324792e+00
3.190487753017146844e+01 3.081164399485270877e+00
3.197447951816238998e+01 3.796120622723943683e+00
3.270206648137847338e+01 -4.127149620336847846e+00
3.271195010198503184e+01 -3.436683335784707083e+00
3.271010773021802009e+01 -2.697210208893103811e+00
3.267353930965088438e+01 -1.986445234209927690e+00
3.266956678250438273e+01 -1.281813130510801813e+00
3.265010604634166924e+01 1.555054066895387166e-01
3.263540996276618245e+01 8.796409351638523333e-01
3.269964582595657276e+01 1.592620097969195569e+00
3.268485465102484255e+01 2.328913918575388209e+00
3.268796841580051904e+01 3.075403395510871718e+00
3.268782940596270947e+01 3.797824185957782817e+00
3.351141847114865158e+01 -4.134614902555846072e+00
3.347440013675977610e+01 -3.421612320672668517e+00
3.349744561818652500e+01 -2.704819867559109525e+00
3.345481406854295159e+01 -1.983966149874355267e+00
3.341816516189378916e+01 -1.238023896398672719e+00
3.347013886442025665e+01 -5.603146603309845375e-01
3.341764350809975070e+01 1.480345719597266907e-01
3.341481982280219398e+01 8.835706902318420930e-01
3.341560534833273977e+01 1.611776332087316632e+00
3.339873839294028102e+01 2.368671726359536933e+00
3.344545081065329128e+01 3.083892125964528219e+00
3.341530393102245711e+01 3.829281512344007155e+00
3.425242075239885509e+01 -4.102462750528754754e+00
3.424161488686703336e+01 -3.382500257348112882e+00
3.420986821008627743e+01 -2.680102886631136272e+00
3.419245820004875469e+01 -1.986704560351416404e+00
3.419176952771180567e+01 -1.277377438982373548e+00
3.417951062615691882e+01 -5.616369928862603444e-01
3.415198731641340402e+01 1.654055250603647664e-01
3.416409132285712502e+01 9.055134081092930387e-01
3.417601218034115362e+01 1.646950742541825718e+00
3.419145317738588830e+01 2.362202404935668909e+00
3.419711225439007052e+01 3.096140884381210157e+00
3.418066956502099885e+01 3.820344605297048446e+00
3.498962489366432038e+01 -4.120165040048156868e+00
3.491842582153211794e+01 -3.424452035859665955e+00
3.497045398375225744e+01 -2.689152317791144498e+00
3.493761684382285893e+01 -1.977798607986155588e+00
3.494111836810737515e+01 -1.280947512934869081e+00
3.492970700602024436e+01 -5.512469385621230344e-01
3.492678272257452221e+01 2.000895807673686022e-01
3.490439129645334759e+01 8.922904002893048414e-01
3.488789094470150332e+01 1.655238911721479411e+00
3.492030807122505820e+01 2.366776802261501444e+00
3.493169050276070919e+01 3.119273233646264742e+00
3.491245775803107421e+01 3.849108664996496287e+00
3.573645219691662334e+01 -4.103968057415023907e+00
3.572502140531907600e+01 -3.391289125278291294e+00
3.571901225251254886e+01 -2.674137593750803177e+00
3.568478483786444855e+01 -1.969983482696520127e+00
3.567598924984867637e+01 -1.245456290727997128e+00
3.565894433556110954e+01 -5.198540052106253029e-01
3.567780363603444727e+01 2.384013923877219554e-01
3.569178301468257786e+01 9.780541152927817450e-01
3.569719674187754066e+01 2.372949262975495799e+00
3.567599116579841478e+01 3.135200702169850473e+00
3.570610648365185824e+01 3.899145788714488248e+00
3.648270398425170669e+01 -4.129813157793467582e+00
3.647043729704540027e+01 -3.380210006576923831e+00
3.646760746276553533e+01 -2.701784709788473293e+00
3.642597108220476088e+01 -1.948869841364277988e+00
3.641130387734362017e+01 -1.222998926214781790e+00
3.640294759516883261e+01 -4.962751291635711937e-01
3.643184952471872151e+01 2.339279475291817789e-01
3.642366465916497731e+01 9.350622210854702132e-01
3.641287668529172805e+01 1.724561865619673284e+00
3.641672986603912676e+01 2.414754313809460484e+00
3.648529674501171627e+01 3.177559575210761267e+00
3.652288594175129077e+01 3.870788266317379822e+00
3.726474462796218035e+01 -4.101863514176351089e+00
3.720935023958035259e+01 -3.366062279195222828e+00
3.719852610909030233e+01 -2.643667424969251556e+00
3.715453587850378625e+01 -1.193965305656831788e+00
3.714035134817360273e+01 -4.794534652137087960e-01
3.711704591684569010e+01 3.179321945523696513e-01
3.716207502964552845e+01 1.005467200897239621e+00
3.724061084153574797e+01 1.690753443181467475e+00
3.724841831463603370e+01 2.425219067665381090e+00
3.720825797706523730e+01 3.160076285280890573e+00
3.723918019296917947e+01 3.874340048008935611e+00
3.802569785839597927e+01 -4.047616096558918741e+00
3.798817601611917638e+01 -3.336602984344580136e+00
3.796301507334589331e+01 -2.620170126592061166e+00
3.795024155470682814e+01 -1.900642231326607146e+00
3.794872075673226419e+01 -1.162478021489622648e+00
3.791400918098535300e+01 -4.439643724850625972e-01
3.801641110384564826e+01 3.266197264679426837e-01
3.800779348694918980e+01 1.021356374874414996e+00
3.803033426734521782e+01 1.697464574302451012e+00
3.808416147282736830e+01 2.464925244731745124e+00
3.885349959142197207e+01 -3.981604433709513557e+00
3.884010446854232868e+01 -3.269808066663774326e+00
3.879493950409794678e+01 -2.584575738472576489e+00
3.887187336534427828e+01 -1.825095055764354157e+00
3.890787294187521894e+01 -1.125075103298883050e+00
3.879680059740743303e+01 -3.391237581098138776e-01
3.891828012851919283e+01 2.558094916416688847e+00
3.885972458998106305e+01 3.190136088593551023e+00
3.970873800123106179e+01 -3.282787783624574018e+00
3.958325461152522706e+01 -2.952938517741173996e+00
3.967844705210183776e+01 -1.766392878975590719e+00
3.998778920907118817e+01 1.125511775480404708e+00
3.999763323282518712e+01 1.867783102164882081e+00
4.000524942882835688e+01 2.615219210695851615e+00
4.000370805761186688e+01 3.338528442177430833e+00
3.999343929367120865e+01 4.010002032042738307e+00
4.073922567166535913e+01 -3.983193860052967494e+00
4.072583245928120022e+01 -3.246917402737970804e+00
4.071395114176137753e+01 -2.487807977609268306e+00
4.071177289878200867e+01 -1.781544776111250172e+00
4.072633940970475663e+01 -1.058459323906010496e+00
4.073017779645802960e+01 -3.344849642936118528e-01
4.073983504119193100e+01 1.127150643012768683e+00
4.072913963127142978e+01 1.846754676915605131e+00
4.072048373031207547e+01 2.509907001581758834e+00
4.070228280628438000e+01 3.324919079607450811e+00
4.071532075257706396e+01 3.983193860052967494e+00
