-4.994770733347380087e-01 -4.037558719695915954e+00
-4.926395975267183758e-01 -2.516780642174701654e+00
-4.985201863406842904e-01 -1.859940132829624559e+00
-4.853920406849638880e-01 -1.131341377761795997e+00
-5.052814127223328455e-01 -4.034534013311699141e-01
-4.912049837400900287e-01 3.538978620461392666e-01
-4.948752474793565170e-01 1.076675914945727897e+00
-4.925074052019766668e-01 1.798381026102820357e+00
-4.897751598138100348e-01 2.495970659641553624e+00
-4.912717917652429378e-01 3.239086218289713770e+00
-4.852289587263172166e-01 3.972378829273928602e+00
2.608565279056236363e-01 -4.018746137498869331e+00
2.726580229065689309e-01 -3.309884234310363382e+00
2.612460878502176342e-01 -2.567260708426690741e+00
2.346853815854146319e-01 -1.851866139439575676e+00
2.404114274441653265e-01 -1.113142743082903507e+00
2.588027863870010492e-01 -3.939605533337982024e-01
2.230413627249419051e-01 1.064686090099666416e+00
2.383201261850445007e-01 1.795575367169565340e+00
2.463440104571716915e-01 2.500037495144269428e+00
2.360288436942070689e-01 3.264160473976829735e+00
9.907256275852489580e-01 -3.289288550974681868e+00
9.666818533760164200e-01 -2.574883394350639065e+00
9.809633805221125158e-01 -1.843080245887179558e+00
9.823813607839042561e-01 -1.107595759756840437e+00
9.807793053600661892e-01 -3.816956528853481245e-01
9.801779831148849098e-01 1.070712381508567290e+00
9.878982034034748949e-01 1.785996157546509977e+00
9.645098865919337072e-01 2.533291567577666825e+00
9.779007832578372472e-01 3.272229185571539745e+00
9.715533816776087406e-01 3.989980049358550218e+00
1.709127709807312101e+00 -4.009377485979563005e+00
1.718566081350871855e+00 -3.295869301709423382e+00
1.722725101378671297e+00 -2.561717956431380117e+00
1.707349944878565395e+00 -1.820597638941084284e+00
1.696566519715375421e+00 -1.108245235183073163e+00
1.708776971445878701e+00 -3.933728469107968806e-01
1.708772688822634223e+00 1.070108151104570027e+00
1.707992855207741911e+00 1.807440771313114425e+00
1.712593056168884686e+00 2.529319520885795924e+00
1.726264510746901237e+00 3.263196943877488820e+00
1.719785234128622164e+00 3.972684770469989246e+00
2.435332711055814059e+00 -4.011632572956926879e+00
2.417570052064874631e+00 -3.292908685817575787e+00
2.440480603872089205e+00 -2.574682718368876522e+00
2.457047013464368490e+00 -1.837414274803172987e+00
2.458883236471784528e+00 -1.109273171805281066e+00
2.448390553277590698e+00 -3.692707608773133643e-01
2.442829457394580572e+00 3.554667324415632379e-01
2.433841947158143171e+00 1.784640937775822778e+00
2.441680715923659761e+00 2.555806661175513028e+00
2.418875480437293390e+00 3.262548695422601952e+00
2.434503557450355515e+00 3.992858143009925698e+00
3.179521733462209454e+00 -4.008696162170409139e+00
3.166606920465966368e+00 -3.300409570118816305e+00
3.153794277439615712e+00 -2.580291101463739523e+00
3.171224603003182096e+00 -1.839115902339674591e+00
3.171739543385967863e+00 -1.113728426028902874e+00
3.166257414983128626e+00 -3.644170097169698863e-01
3.148301515880760348e+00 3.405241297805723377e-01
3.169603398588186849e+00 1.092764722376234232e+00
3.155592787175805825e+00 1.812175106039600081e+00
3.187445874760797437e+00 2.554888610292024964e+00
3.146051134971600050e+00 3.239078204726141053e+00
3.167157997729752594e+00 3.982218079946207467e+00
3.909995136394599058e+00 -4.017455731543837061e+00
3.922235115477320733e+00 -3.269130745381350067e+00
3.896538415568478797e+00 -2.560102752828207429e+00
3.896809260088083704e+00 -1.856856336607876301e+00
3.894217128481663792e+00 -1.111414624305371746e+00
3.906345782691523993e+00 -3.947500068799350004e-01
3.887001759632255471e+00 3.307342318169830264e-01
3.914592957437385223e+00 1.071619199018268631e+00
3.900489154547649662e+00 1.808114150041813417e+00
3.896960190817495118e+00 2.546982345912066847e+00
3.901216217893413329e+00 3.258439695582147522e+00
3.893848652163363511e+00 3.969656443456358375e+00
4.610116316573318329e+00 -3.993968381339772833e+00
4.620848489938715886e+00 -3.286581256585975552e+00
4.627040787942071631e+00 -2.557103073457156484e+00
4.662804087282921728e+00 -1.837158014835321040e+00
4.613554488576369295e+00 -1.128675582321804427e+00
4.629717449638441451e+00 -3.813008490588849497e-01
4.615226329888919565e+00 3.718180152414127804e-01
4.630943232503568652e+00 1.054506448060042345e+00
4.640563532581104766e+00 1.790696636062317992e+00
4.645852753911896116e+00 2.534801427510789296e+00
4.646070987559618004e+00 3.249414651609995985e+00
5.363512968920773005e+00 -4.002415607415763077e+00
5.363531098119771912e+00 -3.280958082073258453e+00
5.369034255401665234e+00 -2.555158682774063550e+00
5.348511092516510246e+00 -1.107421209496553871e+00
5.357821562388586756e+00 -3.843148487822496406e-01
5.360787852505644935e+00 3.538610006323139601e-01
5.379698614218767716e+00 1.060216166474972965e+00
5.392485940902588482e+00 1.797481212947921847e+00
5.374349659198117024e+00 2.510301038589599187e+00
5.398780064356849095e+00 3.249300156930630123e+00
5.391007481093133435e+00 3.952244634860029748e+00
6.072510405070005390e+00 -4.001320051164839242e+00
6.092223856137508164e+00 -3.278090946148346063e+00
6.089024444242987499e+00 -2.546281904491703330e+00
6.107403821353116768e+00 -1.823491240155782123e+00
6.089947096807648563e+00 -1.108776509550768452e+00
6.078788039120880171e+00 -3.604758869135800126e-01
6.096006916875218451e+00 3.474066661172905413e-01
6.072722259115593602e+00 1.060372041282914068e+00
6.119318255874176771e+00 1.791827559607742870e+00
6.117640609588072209e+00 2.538021771559471063e+00
6.110213853676860651e+00 3.248269077242746050e+00
6.105234479493361732e+00 3.969274814250937311e+00
6.823828477982083029e+00 -4.014176829152930281e+00
6.810350456151013532e+00 -3.288042163057951939e+00
6.821662041358479200e+00 -2.556445204470918497e+00
6.816736070194238550e+00 -1.805978288688496747e+00
6.808943768505265837e+00 -1.085092514481289072e+00
6.845083031813949503e+00 -3.777377935885688487e-01
6.831129179992586842e+00 3.520579370207315151e-01
6.836153130865845640e+00 1.068822432561812974e+00
6.835550351525775170e+00 1.797739350180933116e+00
6.838692674668230609e+00 2.545831968304327120e+00
6.842106353728489410e+00 3.251839444900049614e+00
6.855048805844184301e+00 3.974171605726048995e+00
7.562477393809032833e+00 -4.010020090931604386e+00
7.557283502617671900e+00 -3.312253965929038202e+00
7.557014587958349239e+00 -2.559128664343830906e+00
7.558470896240528702e+00 -1.827622250914963331e+00
7.569979856447396571e+00 -3.771892479486069760e-01
7.577380997856757006e+00 3.491904581095468529e-01
7.548554271937383930e+00 1.061123368558050117e+00
7.587613955920296860e+00 1.788980024634817312e+00
7.578509067044450376e+00 3.243084320884698002e+00
7.587599600294694824e+00 3.963863484395531600e+00
8.294790841665815151e+00 -4.010907134300829568e+00
8.256875799665763793e+00 -3.292053442367617322e+00
8.278520446734944471e+00 -1.836236724262302999e+00
8.313994411223035286e+00 -1.121378378125765352e+00
8.339917592396183466e+00 -3.815055477446378518e-01
8.331045612360355790e+00 3.502753385850709833e-01
8.317147373296158719e+00 1.067851536455382444e+00
8.325548573857922463e+00 1.791739263313289143e+00
8.323980828742577387e+00 2.529029023555366962e+00
8.318484399898835591e+00 3.258351095816806264e+00
8.307823932180113502e+00 3.976996060253163989e+00
9.049010726273650107e+00 -4.021524967907247117e+00
9.041848165129330539e+00 -3.285175443700840248e+00
9.041919467848629210e+00 -2.548913173428509538e+00
9.028846646205686000e+00 -1.857155853525782163e+00
9.047398953454397486e+00 -1.127614556289106673e+00
9.061330946598779690e+00 3.200134594929338050e-01
9.067741197651727703e+00 1.077132542735359522e+00
9.064074174548771623e+00 1.781528617285591309e+00
9.050875443388846975e+00 2.528262316920645958e+00
9.033732823868483308e+00 3.233386383495684413e+00
9.037824614317756300e+00 3.980010582246926276e+00
9.780297283175237055e+00 -2.574153807845210196e+00
9.791096906401392630e+00 -1.122186094736392192e+00
9.785798779983579720e+00 -4.027586344477640523e-01
9.789067512044780983e+00 3.324609296012077664e-01
9.767041359932804312e+00 1.077103062053872407e+00
9.786389707886527844e+00 1.783646482389752208e+00
9.775850569544410007e+00 2.528346824510247615e+00
9.788926401888851103e+00 3.248516327786276747e+00
9.786968485476201352e+00 3.972913516311677995e+00
1.052513804569480271e+01 -1.847303127740037354e+00
1.052465526796564887e+01 -1.121368515976254088e+00
1.052804761137464595e+01 -4.117767957708480253e-01
1.050112711012496192e+01 3.258488543156197181e-01
1.048673533776020150e+01 1.080394086646471408e+00
1.051762983049841438e+01 1.793716669074321146e+00
1.051199838951854559e+01 2.499541382726604866e+00
1.050762039849951890e+01 3.234597339140584893e+00
1.051756245557596969e+01 3.946229965396000239e+00
1.129787548668526398e+01 -4.024057032122243527e+00
1.129044698945831726e+01 -3.309874728486761342e+00
1.129193984458701294e+01 -2.578956484925456039e+00
1.129478766011141744e+01 -1.853518520940941272e+00
1.128106835517512962e+01 -1.115243407722051217e+00
1.127176175512011014e+01 -3.915228591271464609e-01
1.124844455980895930e+01 1.082406404571258918e+00
1.124735077850010612e+01 1.783900461300724771e+00
1.125255342222408927e+01 2.509310613635122422e+00
1.125872454294817260e+01 3.252865415872136623e+00
1.126749345436716254e+01 3.952852722723307011e+00
1.202999262981298756e+01 -3.295145023724572297e+00
1.203499067232510100e+01 -2.568559204149359232e+00
1.204870245349293612e+01 -1.853999292725308834e+00
1.201310429587518769e+01 -1.119924049313674175e+00
1.199260120885993075e+01 3.225975906594449327e-01
1.197004990012499803e+01 1.055574111309343976e+00
1.197675121972824286e+01 1.774570633019589394e+00
1.197122436970439452e+01 2.503080289996962193e+00
1.198331723692113826e+01 3.215409023732483718e+00
1.198875650379543600e+01 3.966722433955034433e+00
1.276139403270398986e+01 -3.285943766796584953e+00
1.275466032259386395e+01 -2.568968888604775458e+00
1.277135423014872373e+01 -1.863296350671291179e+00
1.274115018841852276e+01 -1.115009566496887317e+00
1.275101291446949858e+01 -3.749092370123214835e-01
1.273454393026913323e+01 3.335960810735727478e-01
1.271304809875379505e+01 1.062698336772946561e+00
1.270721901466016845e+01 1.793781086280141324e+00
1.272230789400321527e+01 2.513118730874932538e+00
1.271790948252173337e+01 3.234962195069087443e+00
1.272149519515512139e+01 3.953877194829374275e+00
1.352486494161270514e+01 -4.052894226484738738e+00
1.348862123169405436e+01 -3.298020817873567267e+00
1.350226412145521238e+01 -2.577032869886973998e+00
1.349585036890041323e+01 -1.850123766763470456e+00
1.348404795311703452e+01 -1.115459976447134238e+00
1.348526184825802687e+01 -3.862068124291333504e-01
1.348471028263706728e+01 3.431543833119690134e-01
1.348339758465785110e+01 1.059105126835540034e+00
1.347924931243692015e+01 1.788602662561547874e+00
1.346998267602750587e+01 2.535719799268253638e+00
1.347339233319190299e+01 3.241299704007872151e+00
1.347639672228728358e+01 3.990521149750200891e+00
1.425373107450676002e+01 -4.022696117237831714e+00
1.425884358982489175e+01 -3.293683314653119254e+00
1.425519301238126957e+01 -2.556878993718363802e+00
1.422411700596646256e+01 -1.099549154380714100e+00
1.422358230230175735e+01 3.504492292677809928e-01
1.419977400910192955e+01 1.061893344402484729e+00
1.420972609169752587e+01 1.785938584843453469e+00
1.419321820017001556e+01 2.517470937858984570e+00
1.422796340906338486e+01 3.262962240558849203e+00
1.421449043248179578e+01 3.969888825773885799e+00
1.497442484828527398e+01 -3.295003047316207301e+00
1.498775582929455652e+01 -2.574763114224225546e+00
1.496893596078996325e+01 -1.841544359273520115e+00
1.498925739587075867e+01 -1.123854040642648044e+00
1.498647270654871022e+01 -3.825609548421908812e-01
1.494638214454928260e+01 3.101634957071937038e-01
1.496872967480436500e+01 1.060682485183480850e+00
1.494317167816620184e+01 1.786729010777843740e+00
1.493899994242790541e+01 2.541921332142315748e+00
1.495728295868321567e+01 3.259114415572256007e+00
1.495215130805298998e+01 3.978177574567816066e+00
1.572289771134702363e+01 -4.033294651738938086e+00
1.572284169480055027e+01 -3.293462042652979704e+00
1.573584224370911500e+01 -2.570473892748147193e+00
1.571345110918417731e+01 -1.849979590475967939e+00
1.568683815727665376e+01 3.484799759597372315e-01
1.568344883663080935e+01 1.077539254244499034e+00
1.569481181518357715e+01 1.806399887282232442e+00
1.567300160950644994e+01 2.523488785432540737e+00
1.570264786134728752e+01 3.254080316106957582e+00
1.569884266464556788e+01 3.982365577977432736e+00
1.648084828204451924e+01 -4.017462540443307972e+00
1.646997676105989683e+01 -3.301423633893161735e+00
1.647503604522508880e+01 -2.563185234677199276e+00
1.645550260478223947e+01 -1.112753335284196510e+00
1.644900755383324764e+01 3.721556088381454686e-01
1.644290417035713148e+01 1.052598878615388145e+00
1.641649910838189896e+01 1.803496734272336255e+00
1.644046344907231827e+01 3.270315971315319814e+00
1.642941373726859666e+01 3.985753881503555363e+00
1.721244642862735930e+01 -4.019568145707506091e+00
1.720129740952866371e+01 -3.295909298811221078e+00
1.722095248553160474e+01 -2.567360096563071181e+00
1.721594968510497381e+01 -1.851207027735025434e+00
1.717640508832594293e+01 -1.120862559387997948e+00
1.720541399833503249e+01 -3.952241995592054025e-01
1.718845693942402875e+01 3.538454187580022392e-01
1.716366785001237361e+01 1.795165085133962890e+00
1.717816471945055667e+01 2.527501680024830222e+00
1.715751080827901376e+01 3.267164882390069636e+00
1.717472583723684210e+01 3.973490954874137060e+00
1.793950765762890143e+01 -4.036666914594157163e+00
1.794715315239960773e+01 -3.298479721766288009e+00
1.794624212183724410e+01 -2.604123556318363342e+00
1.795239105370961141e+01 -1.846767329272932301e+00
1.792212620889299757e+01 -1.127166004665763666e+00
1.791959694451976759e+01 -3.973857940332443661e-01
1.792530366593209834e+01 3.380398328665208396e-01
1.791890063169839209e+01 1.821663355850727584e+00
1.790592893389543150e+01 2.538748582733404646e+00
1.790511522642734832e+01 3.265860535363991346e+00
1.790659196669594166e+01 3.977143102938271113e+00
1.867704553981666038e+01 -4.012726280879782337e+00
1.866159320236042163e+01 -3.295487885602867095e+00
1.866167493883028783e+01 -2.579939490373714506e+00
1.865971692064597676e+01 -1.817829765126294461e+00
1.866560082629519002e+01 -1.118559777305577541e+00
1.865427159447177985e+01 -4.094724258397803851e-01
1.866016059060017085e+01 3.807153636054927404e-01
1.862315653272901272e+01 1.079168181889752276e+00
1.861259572697435516e+01 1.731818281564958539e+00
1.863991493706303970e+01 2.554243333963672313e+00
1.864184845307670457e+01 3.250281551127592650e+00
1.865180649354262243e+01 3.986455802987670438e+00
1.940336665524941395e+01 -4.008053131387839585e+00
1.939266609783287976e+01 -3.302826900341543137e+00
1.939289156716598939e+01 -2.550256488687296041e+00
1.938078299390597437e+01 -1.845840660633150776e+00
1.936158876086756919e+01 -1.119650353356934858e+00
1.939174579163156409e+01 -3.855885845396400669e-01
1.936753942425563935e+01 3.357442076950043486e-01
1.938427851458443740e+01 1.088220365628750130e+00
1.937565476760921257e+01 1.815938956233974721e+00
1.937040931537296018e+01 2.540125126074798345e+00
1.937689121817246019e+01 3.280683279862707025e+00
1.935403233482777097e+01 3.983810825741556982e+00
2.011507400518084410e+01 -4.039809356365601900e+00
2.012390524399652492e+01 -3.296612219367460739e+00
2.010312766211007585e+01 -2.560867087308160706e+00
2.011895854046521492e+01 -1.847570799809446385e+00
2.011459576539011351e+01 -1.104743580832291627e+00
2.012854190884907979e+01 -3.848347246717018777e-01
2.011069910559326246e+01 3.635108084073053192e-01
2.012774071832775036e+01 1.065558103849209459e+00
2.008549666878295881e+01 1.795097984079468745e+00
2.011194788480486295e+01 2.525613024003703799e+00
2.009714881826734256e+01 3.261127398608785199e+00
2.011166434177309270e+01 4.012160194973240834e+00
2.085206543214288644e+01 -4.002502053849045893e+00
2.083010819785796031e+01 -3.293822232263089234e+00
2.084913902262344010e+01 -2.560956891728107365e+00
2.084464980367516063e+01 -1.832656034857276239e+00
2.084609624203053357e+01 -1.111516425399635466e+00
2.083697073125305366e+01 -3.879421716892466065e-01
2.084439112468691491e+01 3.451846609421984624e-01
2.083903571550682443e+01 1.068554500341850400e+00
2.084793358878591363e+01 1.798861084268970956e+00
2.086542334318534131e+01 2.524565450289617985e+00
2.083606216037041037e+01 3.258838504658726265e+00
2.085477291257082300e+01 3.991022099826253111e+00
2.160357335666038381e+01 -4.013396393868589485e+00
2.159904381391936568e+01 -3.287978778335176600e+00
2.156918558881286430e+01 -2.582188258924883684e+00
2.158771942430168878e+01 -1.843555381763991363e+00
2.158538573317528630e+01 -1.098210987599053112e+00
2.159018841376052222e+01 3.419729790434082872e-01
2.158867471544188277e+01 1.100464274664329167e+00
2.158289131119381210e+01 1.794650459688980959e+00
2.157128836672261230e+01 2.547279091581550858e+00
2.153530305987145965e+01 3.253444196484331030e+00
2.158348166195405327e+01 3.974409915766962342e+00
2.233831711061366576e+01 -4.030918092689031340e+00
2.232423292474918242e+01 -3.301955992903430115e+00
2.231716600952920260e+01 -2.545765758427869230e+00
2.234859347356140802e+01 -1.834547753227248279e+00
2.233653365912007160e+01 -1.095859991978180403e+00
2.232786663370801250e+01 -3.848862780026358621e-01
2.231653908108756923e+01 3.513743744733588414e-01
2.234223411650369684e+01 1.085809541258715427e+00
2.230636388948641979e+01 1.811394094619828365e+00
2.231574041168633471e+01 2.547590984488330434e+00
2.233107940687457216e+01 3.246303711521562718e+00
2.232217048922146319e+01 3.978653463109942834e+00
2.310002832439499088e+01 -3.985227299326155048e+00
2.309058596305261801e+01 -3.282719673258348791e+00
2.309667331052788342e+01 -2.543867695551288222e+00
2.310161119674658892e+01 -1.828975567239492506e+00
2.307703226958978604e+01 -3.620610054196546912e-01
2.307351390959554038e+01 3.586650878830397460e-01
2.306573403021555180e+01 1.087653286282204590e+00
2.306036236676979456e+01 1.811592598938329246e+00
2.305944295493313234e+01 2.533475499419246546e+00
2.306618664331203661e+01 3.245069423813973231e+00
2.306432409773535852e+01 4.005793320784867717e+00
2.382979509665116069e+01 -4.021391631288040003e+00
2.383423015781320231e+01 -3.285902184644843516e+00
2.383112696173344602e+01 -2.559830556284769187e+00
2.384106401234743799e+01 -1.817417827630499971e+00
2.382554823422045587e+01 -1.092602145982322526e+00
2.382552180233933115e+01 -3.805624677653938193e-01
2.383049942749641303e+01 3.473693835678552944e-01
2.382242990460083831e+01 1.096764804043161234e+00
2.380681900050328181e+01 2.551802043755188265e+00
2.380096050071766456e+01 3.255460879711172595e+00
2.379528047877268904e+01 3.989392050889435382e+00
2.456654265408173643e+01 -4.009678516127269887e+00
2.455989510675075138e+01 -3.285439788256425686e+00
2.457202676771598959e+01 -2.554832822287202987e+00
2.456169407213327105e+01 -1.823215085654023682e+00
2.456668514345978593e+01 -1.095508654240344271e+00
2.455071171364597404e+01 -3.773768239495680632e-01
2.455456099019586702e+01 3.519124083155453775e-01
2.455096973531916404e+01 1.081180699404583834e+00
2.455051750181785764e+01 1.817239076036386791e+00
2.455002361508014985e+01 2.540934308697931243e+00
2.452231634201343979e+01 3.269493181818567962e+00
2.455481512677626199e+01 3.977158294839334474e+00
2.529642936544782827e+01 -4.010125408646924683e+00
2.529275169269464385e+01 -3.284000554753060186e+00
2.529237882895092326e+01 -2.553683920365756421e+00
2.529731341371787323e+01 -1.829968030518912769e+00
2.528293242214119374e+01 -1.092145249613757585e+00
2.527692791698746788e+01 -3.663944069794347058e-01
2.531182999249656973e+01 3.303387764001293192e-01
2.528316103269533244e+01 1.078135438749811215e+00
2.526774249202235012e+01 1.804899883980361608e+00
2.528391134495124248e+01 2.538700429671020942e+00
2.525291470045703335e+01 3.266541643225444602e+00
2.529437449203993538e+01 3.985560553465290923e+00
2.603240011466100157e+01 -4.002823589494827417e+00
2.602322106030357673e+01 -2.557888501080679333e+00
2.599681321598620087e+01 -1.836691082746160220e+00
2.602243759352886343e+01 -1.099070190191419272e+00
2.601234476066952794e+01 -3.806431513311459014e-01
2.602595848435613135e+01 3.398003763668846489e-01
2.602001679605123741e+01 1.072346797913738214e+00
2.601698376553002845e+01 1.811446567140247765e+00
2.601218169942673342e+01 2.529349464942587389e+00
2.600363585190095961e+01 3.262769381226249266e+00
2.600993391387822840e+01 3.984129990155729217e+00
2.676581544714500893e+01 -3.991635562475906340e+00
2.671855753316401660e+01 -3.266281041369254012e+00
2.678205905587272184e+01 -2.552468856969568378e+00
2.675367975243847951e+01 -1.827159430474623036e+00
2.675767828496071132e+01 -1.116921660989870446e+00
2.675645090194428377e+01 -3.777441147247131426e-01
2.674146148808751633e+01 3.466208570177222725e-01
2.674100492151264064e+01 1.069151269080535371e+00
2.673994782815245230e+01 1.797411796075977009e+00
2.675435027555816703e+01 2.518000568731839195e+00
2.675124112639678486e+01 3.261546432556315267e+00
2.675710470876510527e+01 3.991781784918451592e+00
2.748975032581025602e+01 -3.991586891061611908e+00
2.749125168516552975e+01 -3.299494439194731399e+00
2.748158003034946262e+01 -2.565780062433820063e+00
2.748553804311974602e+01 -1.830952751122119082e+00
2.747989581846697860e+01 -1.102202571113025442e+00
2.746924146967359803e+01 -3.667523907881928835e-01
2.747683842507039031e+01 3.497341057652079144e-01
2.745721957986996387e+01 1.076329533014618534e+00
2.748561638300260057e+01 1.816499056563479542e+00
2.749741061803157294e+01 2.545079141266302969e+00
2.748844939180553126e+01 3.255437610854428954e+00
2.747607402922884745e+01 3.987682545190168071e+00
2.822690418393830925e+01 -4.007793583197841514e+00
2.819511294532569678e+01 -3.318684341770630652e+00
2.823296504947944641e+01 -2.557428614225951691e+00
2.821744632663614283e+01 -1.832134069121874376e+00
2.821719156778718940e+01 -1.107732230421309083e+00
2.819948137037569325e+01 -3.993078296709349218e-01
2.821841908935189736e+01 3.516434007128452777e-01
2.821209856907633196e+01 1.059463832873653644e+00
2.820290016606826100e+01 1.825104904874308431e+00
2.821218200773645890e+01 2.534460783274209206e+00
2.822921305764181454e+01 3.258784791427196126e+00
2.821226624532085481e+01 3.992173112669377133e+00
2.895088928345166579e+01 -4.023227604743315311e+00
2.894868542783624576e+01 -3.281567461815534159e+00
2.895063825192399776e+01 -2.547478099337766366e+00
2.896317041649572133e+01 -1.839624993693341537e+00
2.895100578988296292e+01 -1.092222937721235354e+00
2.896289329251040812e+01 -3.736525879631820146e-01
2.895783092115639334e+01 3.500486995114862054e-01
2.895545573403001782e+01 1.072886216100542356e+00
2.896987605437178814e+01 1.792437471465195387e+00
2.894489085863856559e+01 2.531014768983283147e+00
2.893314504543800325e+01 3.265991488362018913e+00
2.894814262098875446e+01 3.990050126972008115e+00
2.970095402444079724e+01 -4.015036932154725235e+00
2.968762304936314678e+01 -3.293294625262539910e+00
2.968029319803779487e+01 -2.543701480992432096e+00
2.968295044984180464e+01 -1.841990606191632907e+00
2.966688348369191175e+01 -1.113047999012223954e+00
2.966459358914975297e+01 -3.840894225241981985e-01
2.966984591002590577e+01 3.445591074535450105e-01
2.967286700573551883e+01 1.070229428827012441e+00
2.967639825570908130e+01 1.780968105267291435e+00
2.968420273493556039e+01 2.527424166400802363e+00
2.968479206085404343e+01 3.244944382848629516e+00
2.969080439875440192e+01 3.992997824081058411e+00
3.042895939950390272e+01 -4.012500099571752799e+00
3.043983541606508680e+01 -3.294271635992540581e+00
3.042625784026954960e+01 -2.566109938237268295e+00
3.042267006670868312e+01 -1.835843792196271806e+00
3.043034712071503378e+01 -1.102825193523525371e+00
3.040813151411358461e+01 -3.854048165400527637e-01
3.042235893100087907e+01 3.422620627330239529e-01
3.041619720153286011e+01 1.084489037567792025e+00
3.041207503120499922e+01 1.818851785972217527e+00
3.041469946387771728e+01 2.526705948361748000e+00
3.041287210566954258e+01 3.247177133391154769e+00
3.041429225156119998e+01 3.973546198505495397e+00
3.114882002621315138e+01 -4.008040389388956015e+00
3.116177896286571780e+01 -1.825068249283528843e+00
3.115373781705213929e+01 -1.115219257037580292e+00
3.115068463880295013e+01 -3.800756735427697208e-01
3.116072773993113998e+01 3.495478298010041840e-01
3.114373430645698448e+01 1.060958812917281335e+00
3.114279220617256527e+01 1.800388420729984063e+00
3.115183786063762028e+01 2.529249764452377036e+00
3.115144293393102970e+01 3.251498453108283115e+00
3.113500071645629674e+01 3.978328134305513686e+00
3.190062127396594605e+01 -4.017342202562382170e+00
3.189657753268765106e+01 -3.279730791183926186e+00
3.189022983413327239e+01 -2.568084024339782445e+00
3.190157597027840808e+01 -1.838483533749261767e+00
3.188086565144609352e+01 -1.111651856625314849e+00
3.188515290995137974e+01 -3.878171292542766935e-01
3.188145163195022036e+01 3.436743059884648233e-01
3.188246577108636615e+01 1.074021266684361819e+00
3.188582174057551555e+01 1.814420569252423121e+00
3.189240839358088664e+01 2.535646414857147590e+00
3.188151179043774874e+01 3.271501764995946360e+00
3.187898503958600571e+01 3.991570444466653100e+00
3.263944390392128270e+01 -4.013620878144298132e+00
3.263356520410990669e+01 -3.287918607969597673e+00
3.260737654615481773e+01 -2.557166485723733729e+00
3.262523156138579594e+01 -1.844178225201851262e+00
3.261040078366156791e+01 -1.091108390903023917e+00
3.262227456402577985e+01 3.444905061550507241e-01
3.262133336441079479e+01 1.061529810237651361e+00
3.260379755638971488e+01 1.806598756933492922e+00
3.261197124944333581e+01 2.533548311837954259e+00
3.259075133691124648e+01 3.244759310940274588e+00
3.262712580099982773e+01 3.973770594991798077e+00
3.335263849963343574e+01 -4.019501464417125192e+00
3.335546965392669705e+01 -3.287901046962051765e+00
3.336032691110005288e+01 -2.546603760854221576e+00
3.335247549388366650e+01 -1.829148690124945631e+00
3.335313003792186493e+01 -1.100416396687336373e+00
3.334796612226744372e+01 3.345288525101359767e-01
3.332873469104405473e+01 1.081966492235817867e+00
3.337257666998682026e+01 1.796019461839961195e+00
3.335388317856493501e+01 2.531205340834326023e+00
3.335323585171774852e+01 3.260650766265648315e+00
3.335013665972096675e+01 3.979852501658548647e+00
3.408197461306270526e+01 -4.008638772534492745e+00
3.408286610967859787e+01 -3.286797034138785989e+00
3.409242667106760649e+01 -2.559532656929132344e+00
3.407418472716960167e+01 -1.843561333073424180e+00
3.407808670842808141e+01 -1.100086511293174141e+00
3.408986322128225055e+01 -3.777878809568946394e-01
3.407624140422149850e+01 3.474479540516952625e-01
3.408125210692077900e+01 1.078430613532113114e+00
3.407881314606587608e+01 1.797684103419044277e+00
3.405580236304016495e+01 2.541361619772928293e+00
3.409538360725793638e+01 3.263137858523364798e+00
3.406971463498772579e+01 4.002507043405167053e+00
3.482386864520483272e+01 -3.998164256361505409e+00
3.481878320108416602e+01 -3.278156206586373855e+00
3.481407237595660575e+01 -2.545890866834120914e+00
3.480407930949916562e+01 -1.835164923126249903e+00
3.481558610786213848e+01 -1.106244561124960057e+00
3.481059835572755645e+01 -3.827705515349180132e-01
3.481169813793538736e+01 3.445354200379320275e-01
3.481358500832835290e+01 1.090943922892709139e+00
3.481700825617054562e+01 1.816862360725885139e+00
3.482853989830675090e+01 2.529551673374232479e+00
3.483141306973721640e+01 3.262922673928308370e+00
3.480483884040082643e+01 3.987557681717539992e+00
3.554367785583257699e+01 -4.009684715799487265e+00
3.551375594037553896e+01 -3.290841213374527285e+00
3.554217877120006364e+01 -2.549537606625179365e+00
3.553886796036022844e+01 -1.829505443105290396e+00
3.554981125033868494e+01 -1.114065553479093751e+00
3.555283560963444955e+01 -3.888682199001713968e-01
3.552712350222891047e+01 3.531353816162692283e-01
3.553850220108429170e+01 1.063756116015557751e+00
3.552268328349578752e+01 1.815586267854783387e+00
3.552073962985799227e+01 2.524021505503412754e+00
3.554739790980220704e+01 3.263559537354893791e+00
3.553400808741758254e+01 3.981717286276541756e+00
3.628038824903199355e+01 -3.987065768749548766e+00
3.627471184054780196e+01 -3.263748276263619630e+00
3.627439137294731353e+01 -2.549191999171704026e+00
3.627644185394742493e+01 -1.829077543709860976e+00
3.627759572876518490e+01 -1.103029867189498248e+00
3.626305778592995210e+01 -3.737780008026874157e-01
3.628143166387581431e+01 3.656885767503013085e-01
3.628099864045713474e+01 1.113432882130243939e+00
3.628756541641084965e+01 2.532784933576738950e+00
3.626212543451296000e+01 3.268908463197050196e+00
3.627912522393398120e+01 4.014654081361229032e+00
3.698062807003343977e+01 -4.030424886734483181e+00
3.699316426814274195e+01 -3.271298868069649757e+00
3.701803355724283762e+01 -2.574279163964522610e+00
3.700159176579276021e+01 -1.831356685329392775e+00
3.700046649030291945e+01 -1.096339649143779127e+00
3.699346624110615522e+01 -3.744609235280371706e-01
3.702693981785365196e+01 3.612426389688039308e-01
3.700179112303415963e+01 1.076915691608608228e+00
3.700360156467666428e+01 1.842961559987845277e+00
3.700961872384690565e+01 2.546697136534820771e+00
3.702633696850674738e+01 3.301728298472866641e+00
3.703737277968077279e+01 3.984894532671830802e+00
3.775900189079860780e+01 -4.000229047250698500e+00
3.772923492663610290e+01 -3.277726247191793618e+00
3.773390761911127100e+01 -2.545850789102971135e+00
3.772224589157166719e+01 -1.092393384316505234e+00
3.772251530658672181e+01 -3.637776333950242247e-01
3.771319562609550502e+01 3.847245828901151299e-01
3.773244451224125129e+01 1.106497575513792242e+00
3.774231581159633464e+01 1.792744650182680033e+00
3.775448213611797854e+01 2.547656681093574349e+00
3.772397859252428276e+01 3.271823312405729212e+00
3.774031159129527424e+01 3.993350290083029108e+00
3.847098097159625496e+01 -3.992724397185480001e+00
3.848201053239947811e+01 -3.259624402479310845e+00
3.847042109284189593e+01 -2.552927231174571432e+00
3.845879047088607905e+01 -1.830683733267616020e+00
3.847201873753213164e+01 -1.095556386527409387e+00
3.845325471165077857e+01 -3.629428248892594411e-01
3.848051860651928990e+01 3.993604425252108570e-01
3.848965337838300371e+01 1.097263100663795399e+00
3.849330047236890806e+01 1.813736538114252284e+00
3.846569131798724328e+01 2.557549417137590098e+00
3.925923869430422286e+01 -3.967650200691199558e+00
3.923254661722220504e+01 -3.245086632393839210e+00
3.924073313080489100e+01 -2.565862774981987116e+00
3.921766175155949696e+01 -1.797193469733230131e+00
3.927116771629265912e+01 -9.916517328352902894e-01
3.922045228033510256e+01 -3.092914391512238126e-01
3.921690092977831199e+01 2.568453168714832202e+00
3.918739182729111548e+01 3.201260923740569808e+00
3.994334492530418146e+01 -3.297134630780174547e+00
3.994288181639226565e+01 -2.485621198845109348e+00
3.991189462140834365e+01 -1.771047915608232159e+00
3.999055936226344699e+01 1.099176618266731964e+00
3.999587767874792377e+01 1.840034466469095520e+00
3.999767989741527430e+01 2.599401353012819271e+00
4.000346634659337752e+01 3.310247094761500364e+00
3.999440529499222663e+01 4.009104438053100239e+00
4.073900010915490810e+01 -3.998416951457333113e+00
4.072029059332395917e+01 -3.252770769061154255e+00
4.071670191936367900e+01 -2.548084372560602162e+00
4.070934029647755636e+01 -1.797287644450641153e+00
4.071888024958129648e+01 -1.073669300736629140e+00
4.073138668923697736e+01 -3.475485738945991443e-01
4.074719290188478027e+01 1.108619989078437840e+00
4.072992063018227071e+01 1.833733157879713360e+00
4.071834971518968160e+01 2.556737677923067054e+00
4.070539802481895464e+01 3.314276182640632840e+00
4.071554631508751498e+01 3.998416951457336665e+00
