-4.458665551124191495e+00 -4.171042388874582230e+00
-4.440213326404560235e+00 -2.703710054801785390e+00
-4.457243336146873958e+00 -1.988071541588418256e+00
-4.455602590195802293e+00 -1.270552085287871336e+00
-4.494855207534961039e+00 -5.222417828812844220e-01
-4.459029579912908048e+00 2.468430116551445508e-01
-4.455318895033819615e+00 9.517337643109300416e-01
-4.462708795057814370e+00 1.686938625657809609e+00
-4.441111254790847340e+00 2.386150882329094003e+00
-4.462916762901890877e+00 3.057051739292830916e+00
-4.446190314165178847e+00 3.738248719199233960e+00
-3.522751811387216492e+00 -4.146658283283883861e+00
-3.575613455416622344e+00 -3.443908545773112451e+00
-3.583773849171947745e+00 -2.682684846226706554e+00
-3.637573844827805658e+00 -1.955550152956664789e+00
-3.606446499972605579e+00 -1.232909503440929200e+00
-3.612607531185233256e+00 -5.283504717940523676e-01
-3.594689228722103280e+00 9.835862332006115594e-01
-3.650817228496919142e+00 1.687052402088259129e+00
-3.662149522075850427e+00 2.395654586581628109e+00
-3.683398911322115055e+00 3.186544944928030532e+00
-2.843168572243691017e+00 -3.416419083307609128e+00
-2.882646096000506475e+00 -2.679136446789449622e+00
-2.856737625482779208e+00 -1.968165049132757360e+00
-2.871883836995017703e+00 -1.229238956688657680e+00
-2.874877442630811686e+00 -5.127833619051074265e-01
-2.849304216393100830e+00 9.706355615734345577e-01
-2.881795707445647281e+00 1.687005555021549696e+00
-2.923708651396012215e+00 2.438467648921179176e+00
-2.913943198515035249e+00 3.205016721065227614e+00
-2.925914004773240151e+00 3.924304373386007683e+00
-2.109402908403055221e+00 -4.121825822645693194e+00
-2.117770329840155341e+00 -3.410588252702069667e+00
-2.109669329218760936e+00 -2.678202800457984978e+00
-2.121343572528409993e+00 -1.938299395158388450e+00
-2.159153127436397313e+00 -1.242477903129746153e+00
-2.118674884632220312e+00 -5.253639167250412356e-01
-2.128165288039795655e+00 9.210171262081630061e-01
-2.150163287703968251e+00 1.719716302773278471e+00
-2.150903421952698125e+00 2.472366340827147013e+00
-2.147563525825610498e+00 3.180241364681990035e+00
-2.138908068445097399e+00 3.913406402755938984e+00
-1.361068252321040006e+00 -4.084612297050156826e+00
-1.335573728776957125e+00 -3.361086338410014918e+00
-1.371455782932102352e+00 -2.670496329362904930e+00
-1.378487640166113692e+00 -1.954711869559126569e+00
-1.369728325149615955e+00 -1.223419707337935591e+00
-1.370802662924560877e+00 -4.872447072135770441e-01
-1.377153389026645414e+00 2.444085578021493177e-01
-1.399972730289995582e+00 1.673322171243356138e+00
-1.388517305761254761e+00 2.476920300843527656e+00
-1.447520737315763029e+00 3.192864370623638592e+00
-1.423508847216211848e+00 3.946785290809678770e+00
-6.078523114471039435e-01 -4.073534044291371004e+00
-6.352877766116620251e-01 -3.407761470488008371e+00
-6.583666997982362545e-01 -2.685849023997896268e+00
-6.317617964614967718e-01 -1.937951138888728053e+00
-6.333811916399270103e-01 -1.240507221101495361e+00
-6.570349132696264860e-01 -5.034618182749674986e-01
-7.071104924040341189e-01 2.079090251914372800e-01
-6.396841722486925619e-01 9.547389546249895886e-01
-6.463213610180957858e-01 1.705141525538298453e+00
-6.300285013559232539e-01 2.482415382009754978e+00
-7.001294428553421767e-01 3.142268872193788809e+00
-6.482358706919626457e-01 3.902933065152062397e+00
1.256992592234951189e-01 -4.085123706881471861e+00
1.825096150724192512e-01 -3.308157997734237910e+00
9.837131977742785693e-02 -2.629892424151499597e+00
1.020339597456256797e-01 -1.954878102716019583e+00
1.027494990904145311e-01 -1.225351936739780712e+00
9.466821244254219891e-02 -5.472870965680414201e-01
9.113676411340065897e-02 1.850144113505116650e-01
1.210536585916202057e-01 9.349716941147576676e-01
1.440556303489586298e-01 1.675272628544249187e+00
1.041171078279958806e-01 2.488016104393576455e+00
1.021117913890137174e-01 3.158187025902350342e+00
8.587901534896502653e-02 3.869632915820972130e+00
8.374733299507965967e-01 -4.062906536169098359e+00
8.442453033385248773e-01 -3.345311892910615370e+00
8.469732826807785386e-01 -2.625474770948510894e+00
9.127154501641854267e-01 -1.927010822921026545e+00
8.212465410477705063e-01 -1.252216758767115579e+00
8.459805859096434233e-01 -5.183156884960311572e-01
6.828974546406101354e-01 2.593866158604711813e-01
8.687798562239450462e-01 9.069683360282105866e-01
8.708759307270099725e-01 1.663893093989127436e+00
8.934668257665663305e-01 2.405839430279730351e+00
9.261078629534651441e-01 3.134107286535879666e+00
1.590534384641330234e+00 -4.057916742496004758e+00
1.595383062567506727e+00 -3.347420036149834743e+00
1.597117698696223442e+00 -2.621107200995048458e+00
1.571145587852804226e+00 -1.217989449628166909e+00
1.578905592845828210e+00 -5.158037320149517768e-01
1.596748656367097396e+00 2.235166514394393289e-01
1.623015916745167431e+00 9.254912078380641560e-01
1.675966708530900462e+00 1.677570159618593237e+00
1.643324475485179903e+00 2.384831964987252917e+00
1.671976857058950827e+00 3.088357770878566555e+00
1.731958184206945361e+00 3.767377602797097325e+00
2.314518248855840454e+00 -4.068561149933337617e+00
2.343713111580576935e+00 -3.342026515219885141e+00
2.325008874874939124e+00 -2.617171230084373690e+00
2.349730017535790694e+00 -1.899302283965699445e+00
2.326754771191332338e+00 -1.219646527328261953e+00
2.325650142335156545e+00 -4.796781548234996251e-01
2.356250863260790140e+00 2.124126875926819480e-01
2.380204951304953909e+00 9.979855676935436293e-01
2.413532824240085972e+00 1.656701148376960475e+00
2.443506002269032251e+00 2.406562836575073305e+00
2.416026230632596139e+00 3.095768334351788553e+00
2.419500425710417346e+00 3.833020406289840309e+00
3.095842086134382498e+00 -4.071207654008336618e+00
3.080066043057215097e+00 -3.363759662097688619e+00
3.090501724911064230e+00 -2.627983894388538744e+00
3.084140092534774169e+00 -1.872889412870353709e+00
3.059995885798699078e+00 -1.168123784803846377e+00
3.142008933858967623e+00 -4.902002718286766481e-01
3.106674367317374674e+00 2.357589892548048738e-01
3.132612466163351428e+00 9.094370549794845715e-01
3.130541787199277337e+00 1.669240573854001042e+00
3.165251846578286177e+00 2.415522862938885851e+00
3.190679338544683219e+00 3.117433608347596419e+00
3.197420525027148130e+00 3.828297193631932771e+00
3.853159423444232345e+00 -4.082158283046148028e+00
3.839364817257809648e+00 -3.402324498667887553e+00
3.841624876229815300e+00 -2.627299303967188138e+00
3.833477541327837912e+00 -1.908769677851747559e+00
3.950124520266157901e+00 -4.711079118843777280e-01
3.905627273120082066e+00 2.416166268981143617e-01
3.859959656050392596e+00 9.228939781286307209e-01
3.915979380059617654e+00 1.656600025313316848e+00
3.930493494881517336e+00 3.110085659796880009e+00
3.970692052089624724e+00 3.818968987777338953e+00
4.582301412406323493e+00 -4.085930838758713435e+00
4.572132871638665108e+00 -3.374806683095652460e+00
4.593050411467835659e+00 -1.917868342771793522e+00
4.651462515382931429e+00 -1.222174836943899834e+00
4.695233381963262786e+00 -4.895485674256754294e-01
4.726306646522758115e+00 2.355185218793742763e-01
4.674002723175320284e+00 9.620290066305230425e-01
4.649738844404815552e+00 1.641396225110135276e+00
4.680042074670133445e+00 2.378317098362348503e+00
4.692991736327442709e+00 3.110176712739836091e+00
4.697571709965671971e+00 3.850327275044712394e+00
5.432050397942091990e+00 -4.060420854498630661e+00
5.409164971384512910e+00 -3.377962653850062225e+00
5.431177331686697585e+00 -2.573980011041179239e+00
5.369088308348736405e+00 -1.970182000561223390e+00
5.430441377384617851e+00 -1.266416677524670575e+00
5.462003156460482955e+00 1.780541792665566447e-01
5.472975115256147660e+00 9.261721610506299385e-01
5.434725598457539775e+00 1.629518683950205826e+00
5.420589676268527057e+00 2.368822912316556284e+00
5.413494210548904562e+00 3.085789502792252392e+00
5.415770500271975152e+00 3.832479273031587752e+00
6.211861643169264369e+00 -2.691913470483779491e+00
6.248598150019049058e+00 -1.283259967667941481e+00
6.231577232789085485e+00 -5.637633292034998078e-01
6.186424678069371907e+00 1.774272088945849646e-01
6.172045097239220013e+00 9.116076653710436517e-01
6.191237447053886456e+00 1.623971305284040767e+00
6.183141342141432517e+00 2.359988944365603913e+00
6.173959736904635065e+00 3.080669424126206479e+00
6.212720355995138277e+00 3.783167986968493324e+00
7.021388887834177694e+00 -2.006529659020252154e+00
6.979071763648974525e+00 -1.298250736372398961e+00
6.984351664055040487e+00 -6.007917832104467948e-01
6.939156344086285344e+00 1.319730111789105820e-01
6.924443156625315510e+00 9.255244842410768058e-01
6.934667513994831722e+00 1.631023159293981450e+00
6.957927791574064713e+00 2.291686802892311192e+00
6.944791125585290104e+00 3.030135042843944859e+00
7.024945784893397160e+00 3.729810426007219348e+00
7.924405984537486347e+00 -4.129104182881096818e+00
7.926264142224646037e+00 -3.412862864828831277e+00
7.901634472994309988e+00 -2.702211664486149800e+00
7.867252321216113842e+00 -2.018659748840917700e+00
7.832883389178974198e+00 -1.287645489208625094e+00
7.801615198342439328e+00 -5.799567234818390205e-01
7.709081289290892869e+00 8.821868021684480254e-01
7.680388606595982992e+00 1.551555537694184750e+00
7.717301856031902219e+00 2.310142463598491958e+00
7.744630091675510641e+00 3.056491100035849229e+00
7.781570518281561988e+00 3.714585357834380375e+00
8.695357558397873277e+00 -3.446325442250493865e+00
8.702670369584971866e+00 -2.713699376380073858e+00
8.698795540422146644e+00 -2.020546774415372226e+00
8.641324952367732237e+00 -1.319432208786487593e+00
8.527971171705374331e+00 1.061642557646820251e-01
8.469060005068904218e+00 8.431967445991688237e-01
8.473716938953465672e+00 1.559876416655129105e+00
8.483461162856769988e+00 2.286035680097015188e+00
8.527365510308314356e+00 2.960162718009918592e+00
8.562502576490771844e+00 3.741290222605435645e+00
9.513094250276822095e+00 -3.452715762915023134e+00
9.495988341745103867e+00 -2.720048908219762751e+00
9.519639117521307980e+00 -2.075776136553610485e+00
9.429013139395337362e+00 -1.285160382772900789e+00
9.422812014447053741e+00 -5.611311230811963924e-01
9.324700807065198660e+00 1.149904923274647217e-01
9.256254568335897659e+00 8.255607533917839191e-01
9.221861139749144343e+00 1.554631622666828861e+00
9.258687768824650277e+00 2.271257699950094633e+00
9.309155123584268665e+00 2.996224936773487002e+00
9.318320833645323376e+00 3.686569662945196058e+00
1.041735198082076863e+01 -4.239008205678256758e+00
1.037099339314869439e+01 -3.492943455517831808e+00
1.037247763074888951e+01 -2.793248185222811486e+00
1.026957640449631270e+01 -2.072195485307357643e+00
1.026193104709918913e+01 -1.312197797922308951e+00
1.021243302415657439e+01 -6.179980025222064910e-01
1.017465424484223036e+01 1.492134810477203644e-01
1.017569974090970675e+01 7.789256939989428474e-01
1.021886873221045988e+01 1.526021605106095080e+00
1.015237702141261877e+01 2.299570379766727513e+00
1.013540758175565060e+01 2.975710489386457880e+00
1.016380258041608187e+01 3.699711060631742043e+00
1.132517389489980530e+01 -4.186444004207881875e+00
1.132092687188958990e+01 -3.478310567098688466e+00
1.129763724429072624e+01 -2.726764539053423420e+00
1.122439620685167228e+01 -1.306423315478390634e+00
1.116300474854043046e+01 7.871777884546915516e-02
1.093331870939709205e+01 8.223095247709366618e-01
1.092768531137969745e+01 1.546782823122136108e+00
1.091091830286272568e+01 2.269623297443303045e+00
1.094806740641969611e+01 2.998119906046269989e+00
1.096060164848051244e+01 3.689297744620894548e+00
1.203685748500416253e+01 -3.477848724572513817e+00
1.246758210525825916e+01 -2.679478894585162863e+00
1.206414664016945437e+01 -2.083073065795939982e+00
1.205947564259879812e+01 -1.346329532436275400e+00
1.199357673099089538e+01 -6.149905805831856753e-01
1.194266377642588850e+01 1.147734186499143050e-01
1.184409844413477941e+01 8.064132397683856368e-01
1.171521002360813668e+01 1.535713864931683048e+00
1.166999014315084082e+01 2.307920020624063540e+00
1.169939936962663296e+01 2.989917629657554698e+00
1.177168359966481148e+01 3.685397269241761364e+00
1.298317548749265171e+01 -4.235409689074295159e+00
1.295734666296879567e+01 -3.504243266499305065e+00
1.294620066608733566e+01 -2.757280392091203680e+00
1.282042153655373795e+01 -2.125139349962331892e+00
1.266915244125468831e+01 1.508794312368060275e-01
1.262668715518938711e+01 8.320626019810468676e-01
1.253795345366889791e+01 1.529451512092265375e+00
1.255329891669860132e+01 2.227473985871952777e+00
1.264238829439912593e+01 2.949141868316225157e+00
1.268254395000610657e+01 3.674439388152656250e+00
1.392771033070962261e+01 -4.264372956286777594e+00
1.383638868700258939e+01 -3.497238361793616690e+00
1.379855200398667137e+01 -2.758057213683880349e+00
1.365370988582134260e+01 -1.338523874657308710e+00
1.360191045006825306e+01 1.261372673686906865e-01
1.356333432150033502e+01 8.042081906188300877e-01
1.337568317150299180e+01 1.553835845740682231e+00
1.341241899749624622e+01 2.981630643469557640e+00
1.341351633298390311e+01 3.685177489037819498e+00
1.467938134666169958e+01 -4.261752227019872663e+00
1.467411856194692632e+01 -3.548774761614598816e+00
1.470435452570001900e+01 -2.828572999343116123e+00
1.468992933826643110e+01 -2.136204439534974853e+00
1.455191702995259107e+01 -1.370753312244325173e+00
1.464258333316613658e+01 -6.484772960327518376e-01
1.436444248823666214e+01 1.373472694793775872e-01
1.425231711110243538e+01 1.561677028324695016e+00
1.425737981522390641e+01 2.274085963408552402e+00
1.417432599253985614e+01 2.999423011583033372e+00
1.424054885214690813e+01 3.658871377813511572e+00
1.544043951495513056e+01 -4.327337947879591695e+00
1.544292651127015148e+01 -3.580752600576730060e+00
1.542622981089417067e+01 -2.888601324201363951e+00
1.539799316767974346e+01 -2.159745426318483652e+00
1.535423313888404095e+01 -1.399626472209902772e+00
1.532055943506831852e+01 -6.950425166340323813e-01
1.528258395739664621e+01 6.962732112802427764e-02
1.512521521248061163e+01 1.575821944662095575e+00
1.508608027598705092e+01 2.254123754274520053e+00
1.516035513609962493e+01 2.816980412318883964e+00
1.505880178836896022e+01 3.671740347270549876e+00
1.618700706811003442e+01 -4.275088881729129042e+00
1.616878524589375132e+01 -3.587522622388043203e+00
1.613196732840297898e+01 -2.879226665111524142e+00
1.610771593241380373e+01 -2.124851784833300172e+00
1.608126805008406279e+01 -1.424115466634280125e+00
1.605142454067929947e+01 -7.062268307795065425e-01
1.603782961470970747e+01 1.205980061857481189e-01
1.594546408486109357e+01 8.186149185108924087e-01
1.591310182776396687e+01 1.499001491101317640e+00
1.588470630058989030e+01 2.301649829666740033e+00
1.587524664998242940e+01 3.010946882518425127e+00
1.590682473846494815e+01 3.739796814664110514e+00
1.691616037719786902e+01 -4.246822506383839624e+00
1.689785454832416178e+01 -3.608935563860683260e+00
1.686373261163350890e+01 -2.820951613956435011e+00
1.682325424926906265e+01 -2.103817147188586034e+00
1.677073399402600273e+01 -1.404569636927469389e+00
1.678975043695354685e+01 -6.461851466051520276e-01
1.673808418510689222e+01 7.920590435050200995e-02
1.670515353209159315e+01 8.678258252728809907e-01
1.666759512693862177e+01 1.571888834133478241e+00
1.665157603305082290e+01 2.320462071427236594e+00
1.660408959748829716e+01 3.078287991523595224e+00
1.661962320101106627e+01 3.779009926068717107e+00
1.764560242073387997e+01 -4.285878621593457893e+00
1.762263761085035441e+01 -3.549911634804928440e+00
1.757745981752770348e+01 -2.813709822350503487e+00
1.754793488319558747e+01 -2.095970956241750116e+00
1.752099606505074547e+01 -1.358714372680971394e+00
1.751682321043634261e+01 -6.395552915798710103e-01
1.747653026132390153e+01 1.416964151604460653e-01
1.746357612707176088e+01 8.345477103485059445e-01
1.740003410639961601e+01 1.572466416105580578e+00
1.738045346446865835e+01 2.332728303521346191e+00
1.734593648269487431e+01 3.082678391679003482e+00
1.739565022065717415e+01 3.820898607449578321e+00
1.846289432755121851e+01 -4.190974796626395715e+00
1.833999485222840775e+01 -3.480020958125439989e+00
1.831906733013616417e+01 -2.761165846633289789e+00
1.828808706143932739e+01 -2.056741995215329410e+00
1.824801041903455001e+01 -1.327525576658466377e+00
1.821981006253650293e+01 -6.114339850452310543e-01
1.820838616475435856e+01 1.139678797418888223e-01
1.817847903999366821e+01 8.458304029151619829e-01
1.816131388456400941e+01 1.583824386319992783e+00
1.814445524098373141e+01 2.309079860147434715e+00
1.813782119708002938e+01 3.047904876983281497e+00
1.820818903745928452e+01 3.774196251615677511e+00
1.922352451184295319e+01 -4.250680028124875776e+00
1.918993874336437244e+01 -3.496561724413048466e+00
1.921096827508208804e+01 -2.731128270629795907e+00
1.909190569986478891e+01 -1.999056904923556033e+00
1.910558827849020958e+01 -1.273038101775405551e+00
1.897681569786968936e+01 1.220883211465313423e-01
1.922512749050180503e+01 8.357274485744881076e-01
1.905489441228691305e+01 1.593658379424866212e+00
1.895568376442843572e+01 2.337304826677641501e+00
1.906634139471459832e+01 3.065731266919314635e+00
1.909148568505624866e+01 3.662288729355104522e+00
1.995250585456297188e+01 -4.244703471285241392e+00
1.991545698864648273e+01 -3.487358149127611995e+00
1.989263658108145449e+01 -2.766857649117913098e+00
1.993684836676386141e+01 -2.060173151114923940e+00
1.994618392863463185e+01 -1.323180683407425562e+00
1.993742365195131327e+01 -5.921140696230686729e-01
1.993567828174741408e+01 1.428649459141411171e-01
1.997930215880602134e+01 8.817227946000869565e-01
1.989470621698709607e+01 1.599847648000711331e+00
1.988817467338697043e+01 2.320578150181543009e+00
1.990465057711976726e+01 2.980560146604865679e+00
1.993696042211784913e+01 3.695261170620966595e+00
2.114090027088297319e+01 -4.167992388686950989e+00
2.107575853309354130e+01 -3.491988910838539795e+00
2.111852787940549803e+01 -2.723286774208585115e+00
2.116319332371105588e+01 -1.997463283882080276e+00
2.102319530005389225e+01 -4.100554946498071729e-01
2.089857073029722301e+01 1.500296210842968492e-01
2.084020944686805166e+01 7.840398480017931604e-01
2.078100322356748819e+01 1.607174767679289573e+00
2.076797108547712156e+01 2.322473795033328514e+00
2.077237561092160689e+01 2.959143494792016327e+00
2.073091516804785783e+01 3.695051993147117742e+00
2.185704140390761552e+01 -4.238826223190677922e+00
2.186550007644341775e+01 -3.504785198011475700e+00
2.184383590865932234e+01 -2.782149444688609918e+00
2.186630392947419921e+01 -2.041458990063471646e+00
2.184905607120604998e+01 -1.316961113752082468e+00
2.183223595456773580e+01 -5.937499577188134481e-01
2.181185233772109200e+01 1.396621135308819817e-01
2.167358999611573722e+01 9.317388702054500982e-01
2.174566192499128903e+01 2.367176450489310469e+00
2.166011937377727747e+01 3.017711056638937350e+00
2.161999415661640001e+01 3.653414077354845801e+00
2.259774907724825965e+01 -4.228533819847623221e+00
2.256564278450203176e+01 -3.491935478885974220e+00
2.261011509158609556e+01 -2.783411291552731370e+00
2.261025522097813223e+01 -2.035966882555683810e+00
2.260043351277939649e+01 -1.339017505815739639e+00
2.259067602291501942e+01 -6.104479033023579859e-01
2.255675199079677640e+01 1.086274851936508412e-01
2.255544122979999599e+01 8.607109040057352445e-01
2.255385965404101967e+01 1.574497858668600259e+00
2.254188285177478690e+01 2.281657497629566933e+00
2.248269355588973184e+01 3.028822851042846764e+00
2.250573353756504247e+01 3.669509283439204239e+00
2.334695936353389101e+01 -4.235464360104185033e+00
2.333557400395327619e+01 -3.522787530502764497e+00
2.332716394182486397e+01 -2.782977920424777096e+00
2.333658624545051907e+01 -2.079775979541050646e+00
2.333979281242643822e+01 -1.326114255244267071e+00
2.333535355556759328e+01 -5.975596985300200004e-01
2.339859595822923666e+01 9.148695420935837319e-02
2.335629273193474376e+01 8.528362689008694986e-01
2.328791227552676446e+01 1.561222263404790311e+00
2.333237445390028597e+01 2.308506047011707807e+00
2.330586054376674809e+01 3.020651145491896727e+00
2.330191928904886822e+01 3.634610190886043313e+00
2.444593500357938609e+01 -4.023102040511869149e+00
2.409694683562462814e+01 -2.821674730515599805e+00
2.402958456238348361e+01 -2.150578981405196544e+00
2.411110720790264139e+01 -1.358948286490655022e+00
2.409240150629463528e+01 -6.500185885735305646e-01
2.409685462039901438e+01 8.355969576260946496e-02
2.411595422396705857e+01 8.206632100235040639e-01
2.411848229265084598e+01 1.561630088762534285e+00
2.411273320543680398e+01 2.261724731282708234e+00
2.411893469995697359e+01 2.996223966210102674e+00
2.415662108803513775e+01 3.676832871991486229e+00
2.485262670689091635e+01 -4.230163392860237792e+00
2.479449228558207352e+01 -3.531586310801259287e+00
2.486489879673878534e+01 -2.819301570039936422e+00
2.481328016203649867e+01 -2.090577425206465279e+00
2.482238722320991542e+01 -1.391920891028689766e+00
2.481286233536929586e+01 -6.730209943683149731e-01
2.484620749889307234e+01 5.737018310748354111e-02
2.485063421360657543e+01 7.754251406767131982e-01
2.489523095215552928e+01 1.518954912154693915e+00
2.491903255116199034e+01 2.204891976358066330e+00
2.491036578421065428e+01 2.956978230672149266e+00
2.494434788799571123e+01 3.661019354130019110e+00
2.558577738817323421e+01 -4.224339358682630774e+00
2.560027157355224148e+01 -3.551712305763512489e+00
2.556821313245377780e+01 -2.837855073765158664e+00
2.556527615465670067e+01 -2.113934736510888257e+00
2.557277192680584221e+01 -1.399808816214669349e+00
2.556977800009534008e+01 -6.323459530529511596e-01
2.560542044807895934e+01 3.105556243262341809e-02
2.560358226705048423e+01 7.634668133280619884e-01
2.564939615212166757e+01 1.503376764122471343e+00
2.571402324854690846e+01 2.264552021920618330e+00
2.568302888878165646e+01 2.955457188644309952e+00
2.571489770941362707e+01 3.645329579099005457e+00
2.638268270315116126e+01 -4.285429552756209404e+00
2.635914877418876756e+01 -3.587320511905499387e+00
2.636391908413459362e+01 -2.852974581674452281e+00
2.634603883024897186e+01 -2.129853939495831128e+00
2.634523379648240393e+01 -1.415522230278487115e+00
2.633630399155831725e+01 -7.366405064617467247e-01
2.634650142306639964e+01 1.650421459908102406e-02
2.636493451099415353e+01 6.714839033556607717e-01
2.638484828866435805e+01 1.469836296097977169e+00
2.643476267452661688e+01 2.163803810870657429e+00
2.648073358939702615e+01 2.900649120913840306e+00
2.649390697992577515e+01 3.600451322817313837e+00
2.718371691008024982e+01 -4.292806678373128904e+00
2.710095596071015223e+01 -3.565701753751234548e+00
2.711238716486018774e+01 -2.857338612534448430e+00
2.713497625330537488e+01 -2.170374787407055805e+00
2.710864147516134892e+01 -1.434779721325437407e+00
2.712922284731789802e+01 -7.454535718944264033e-01
2.715532814072417978e+01 -4.604207769083146218e-02
2.718733200848100751e+01 6.458153802111148423e-01
2.718928032281955609e+01 1.407474661196459920e+00
2.716739869054589462e+01 2.153254143764122830e+00
2.723390858239336865e+01 2.874427696195134274e+00
2.728680666343854000e+01 3.586530188625602023e+00
2.828693559607966534e+01 -4.096394547416313259e+00
2.793555943338046887e+01 -3.579413460178599848e+00
2.823459307707137356e+01 -2.771688597183967318e+00
2.788919151520702400e+01 -2.201121040508255078e+00
2.788704700807395653e+01 -1.516673350499669226e+00
2.786512424466582871e+01 -7.809911202051544876e-01
2.787746006433425094e+01 -6.944007306965005455e-02
2.792141523330369779e+01 6.432329211313714268e-01
2.796255906258787860e+01 1.347963234010162381e+00
2.801113703379547104e+01 2.067370325772280637e+00
2.804561819916313681e+01 2.786876276802857433e+00
2.804250575274050306e+01 3.524375207028292323e+00
2.881040608279952409e+01 -4.287037826090692505e+00
2.876609323257248008e+01 -3.607561829241671347e+00
2.873427506458460101e+01 -2.915691988924564271e+00
2.874055744119103650e+01 -2.209460765870964849e+00
2.871052835831229544e+01 -1.530989657321807584e+00
2.870568485715512708e+01 -8.049236625705091797e-01
2.873173422678477351e+01 -7.170144705703407340e-02
2.868915156008059597e+01 6.222186764317143570e-01
2.871977329720262873e+01 1.315670519420912399e+00
2.876030582439296523e+01 2.030866099916057266e+00
2.878429339807993159e+01 2.743734834751670348e+00
2.880905799242548682e+01 3.495991486253700486e+00
2.961315039926673620e+01 -4.290453517293386199e+00
2.948711445141172049e+01 -2.225756348990465483e+00
2.947782726356927441e+01 -1.566034226079594305e+00
2.984692941974936531e+01 -8.065807497733246123e-01
2.953556675518739638e+01 -1.322091774522924368e-01
2.948557669550239524e+01 5.766623280916221006e-01
2.952721417726427688e+01 1.309811057206974994e+00
2.954730643436587201e+01 2.020364401994630299e+00
2.955119048187167863e+01 2.727303863644365833e+00
2.955863913608438764e+01 3.462080410489519977e+00
3.038102068127708577e+01 -4.302964493727095885e+00
3.032315162904830430e+01 -3.591137282361021477e+00
3.033737547093307541e+01 -2.932804612481632489e+00
3.031044326048141357e+01 -2.229084538557827955e+00
3.029119305113743366e+01 -1.553207557246665260e+00
3.028681016254515868e+01 -8.521390190043263146e-01
3.030187815508498517e+01 -1.526237376314156791e-01
3.032060900225042843e+01 5.678466072252916774e-01
3.033317430634284761e+01 1.296535787849659727e+00
3.034649880565041968e+01 2.035449659308937953e+00
3.031917674824357078e+01 2.771607514086795732e+00
3.033157031466554798e+01 3.510046123304867649e+00
3.121891963929166280e+01 -4.275013459858971743e+00
3.114724640367060005e+01 -3.657846404574971899e+00
3.104275437377054203e+01 -2.960335282221983277e+00
3.104893020404809789e+01 -2.274050694860349608e+00
3.104644130556705051e+01 -1.563763337566435041e+00
3.105698376380262715e+01 -1.629665356710034985e-01
3.106918344845868063e+01 5.569690993684801583e-01
3.104544194360052956e+01 1.296970765286442173e+00
3.107788708949569667e+01 2.048653884457703356e+00
3.114398918549321849e+01 2.792939075525083581e+00
3.123351148810282751e+01 3.495818118616071501e+00
3.193292615130922485e+01 -4.303040027329441131e+00
3.191981247916327646e+01 -3.654938873467379779e+00
3.187981032942858661e+01 -2.943410615253153395e+00
3.183129040672530863e+01 -2.234742047255540598e+00
3.183571996373591872e+01 -1.564036942507208039e+00
3.179793331338881757e+01 -1.489689215372642650e-01
3.180354655993593127e+01 5.692868534679469406e-01
3.190892490342826449e+01 1.288456323704586737e+00
3.190741287753238709e+01 2.040617357836907786e+00
3.197389414307786382e+01 2.739629058298696407e+00
3.194251723199301551e+01 3.496351615730254991e+00
3.275275677706208199e+01 -4.321020334787665007e+00
3.267034843517368614e+01 -3.611272626672004549e+00
3.270026634279164313e+01 -2.931023211523879013e+00
3.265264581075349071e+01 -2.223396012171718894e+00
3.259329955832891557e+01 -1.518958239081669603e+00
3.264459095224948015e+01 -8.453801795843460809e-01
3.260752173703176737e+01 -1.416603650941112846e-01
3.261404498618502856e+01 5.768514548058121250e-01
3.262946048194090309e+01 1.308037658462676944e+00
3.262252834317714445e+01 2.066105916235965623e+00
3.268702957434357614e+01 2.793993814703426892e+00
3.270290420561180866e+01 3.510054338603453061e+00
3.353396229229129943e+01 -4.266893090897891483e+00
3.348761983948109133e+01 -3.572917571745836796e+00
3.341450593144441683e+01 -2.895271435606506572e+00
3.339558261217970170e+01 -2.238857628878417216e+00
3.338042885462126463e+01 -1.550401989253767709e+00
3.336882206790318861e+01 -8.291811614530608665e-01
3.335196105576638814e+01 -1.114462003639076215e-01
3.337646253789480255e+01 6.221679805411923780e-01
3.338051580628268056e+01 1.366893212005891201e+00
3.342868079594892805e+01 2.083083522958748546e+00
3.348062236102619948e+01 2.810829128117418918e+00
3.348331045833111119e+01 3.541359275585463706e+00
3.428434716066933419e+01 -4.271073253066486330e+00
3.423396146824747888e+01 -3.612455349622159417e+00
3.421458640730944722e+01 -2.892020341482407275e+00
3.415706750567543537e+01 -2.216476922303808550e+00
3.413353076706406597e+01 -1.547354622374680133e+00
3.413482047338717251e+01 -8.164094777361619037e-01
3.414711826707878828e+01 -7.170626441929428552e-02
3.410322941793315721e+01 5.631900288163080859e-01
3.412550746191983109e+01 1.374494859870655006e+00
3.422476989157220117e+01 2.097812252903509034e+00
3.424294382312411500e+01 2.838347950085037041e+00
3.422651199902767161e+01 3.574840544598210101e+00
3.504810441608962179e+01 -4.257504416088700339e+00
3.502475679696572541e+01 -3.578629583331856878e+00
3.499001017625818832e+01 -2.878453412811936118e+00
3.492851092913239341e+01 -2.203112405065120072e+00
3.490447295697315866e+01 -1.480017072328365657e+00
3.488747653958458983e+01 -7.696381485215724183e-01
3.492605443013741962e+01 -6.402954113031711358e-03
3.493832992614186850e+01 6.841579181285730726e-01
3.502197392249542673e+01 2.076415013019119016e+00
3.502004550975542685e+01 2.862647126620991855e+00
3.510096019596081618e+01 3.655248153752367557e+00
3.583877856155177000e+01 -4.264461986399194160e+00
3.581876248686868536e+01 -3.522457925902266140e+00
3.578467809013333323e+01 -2.895695895559782684e+00
3.569547098388974149e+01 -2.154397720506572966e+00
3.567687504021200340e+01 -1.437662585333434606e+00
3.565623317910090151e+01 -7.113017305978779348e-01
3.570584530161560366e+01 1.424662998458003926e-02
3.570118605293041725e+01 6.820705770760575604e-01
3.574558761646755300e+01 1.449595266954140982e+00
3.574369569731228324e+01 2.143807777980569540e+00
3.588035018809579668e+01 2.913094029134654761e+00
3.598309370816594566e+01 3.629825964384039594e+00
3.664019500298618226e+01 -4.212817491379219348e+00
3.655539594561852113e+01 -3.493780137866849600e+00
3.653060204741557726e+01 -2.801876823965660179e+00
3.645043021596817567e+01 -1.381933952137760713e+00
3.644635597389949311e+01 -6.668404870731770018e-01
3.652053572690875427e+01 1.857781551686308319e-01
3.646232870642480606e+01 7.682700683471317404e-01
3.665019016218240466e+01 1.455414922054192317e+00
3.667195640021892444e+01 2.210300514259632365e+00
3.667365928813115517e+01 2.942831113777579333e+00
3.673524048768526740e+01 3.651323922430385949e+00
3.747200717681949556e+01 -4.143502405626630747e+00
3.737337649061570488e+01 -3.443708275333637658e+00
3.735462635787936136e+01 -2.722403795881653821e+00
3.732342686168224333e+01 -2.022506917275325833e+00
3.729566910560810555e+01 -1.315160770555138470e+00
3.726328237583908987e+01 -5.823158684237235150e-01
3.739294915935534647e+01 1.926394552630554813e-01
3.743250135652549915e+01 8.134381736015647846e-01
3.763715515105025844e+01 1.401994774950363620e+00
3.765467100902483111e+01 2.301145747762738836e+00
3.837490894223591198e+01 -4.072729587327749812e+00
3.832786640595121952e+01 -3.327004194183437846e+00
3.829471008293807444e+01 -2.652169058205323893e+00
3.834374634584668939e+01 -1.930406561927338061e+00
3.855630261800217085e+01 -1.123270672123108938e+00
3.825054764930981577e+01 -4.288002835891262521e-01
3.828119718654985348e+01 2.752378567553016353e+00
3.851523191544915647e+01 3.231396993228827341e+00
3.935813936815709013e+01 -3.248835920534034472e+00
3.938048167091495344e+01 -2.965682974968910202e+00
3.933206019373704265e+01 -1.753573702474657381e+00
4.000060800884235590e+01 1.145211760859794481e+00
4.000460092456155081e+01 1.902960822307527167e+00
4.000889663861929790e+01 2.624160184749143809e+00
4.000814268695884124e+01 3.324309287565796467e+00
3.999278450904819948e+01 4.004273531853094426e+00
4.074103901889646551e+01 -3.969992483120336146e+00
4.072740900519961116e+01 -3.216492082352505832e+00
4.071083119524012517e+01 -2.461316973471252112e+00
4.071072660445964431e+01 -1.773731308002684415e+00
4.072515971925408707e+01 -1.062051645563759195e+00
4.072836252798997947e+01 -3.519735883746157867e-01
4.074006253921431409e+01 1.129871768590760439e+00
4.072067610970038487e+01 1.852149178789506578e+00
4.070827075128774908e+01 2.537952045440484028e+00
4.069366216078417864e+01 3.314665764315307683e+00
4.071350740534597179e+01 3.969992483120336146e+00
