-2.773231194672362676e+00 -4.109776227030710771e+00
-2.763561332744039589e+00 -2.621545196272869305e+00
-2.772863607880609038e+00 -1.923325978562186123e+00
-2.770178125869747987e+00 -1.183631842337717899e+00
-2.790388113680585036e+00 -4.639574651277946771e-01
-2.771602957244844845e+00 3.443411124280970625e-01
-2.769742147719220782e+00 1.018417006979852601e+00
-2.769963564874544204e+00 1.741210048755334583e+00
-2.765663357453576054e+00 2.442241440776143691e+00
-2.774810606690365944e+00 3.169925225764178123e+00
-2.766629119492058919e+00 3.921714866036328573e+00
-1.929127790294884903e+00 -4.077166846329518535e+00
-1.956062042117125088e+00 -3.365138695278531600e+00
-1.960742472816299653e+00 -2.623975149621788461e+00
-1.999188344447482280e+00 -1.895121842363128195e+00
-1.977555587971984608e+00 -1.173311314390964810e+00
-1.965756641497726775e+00 -4.639268094255939445e-01
-1.994010766884890984e+00 1.013292867130427766e+00
-2.019921099402324671e+00 1.742484796177013351e+00
-2.018937733619033281e+00 2.449759155389227061e+00
-2.037978350299802344e+00 3.235208199441320431e+00
-1.229555969642028401e+00 -3.348030747959914066e+00
-1.296590880421703673e+00 -2.621889803301201027e+00
-1.234585872360653980e+00 -1.900211619713655153e+00
-1.247853414315564180e+00 -1.160907543947956810e+00
-1.246624017340543844e+00 -4.428646295026048563e-01
-1.237513224365279996e+00 1.035765164623459356e+00
-1.250284643306805776e+00 1.745643364672687881e+00
-1.274795637424787742e+00 2.497543351841525094e+00
-1.271540108427778648e+00 3.241805406787573673e+00
-1.271860970830736903e+00 3.966389241619960870e+00
-5.032155407229126354e-01 -4.060887624759363490e+00
-4.987309984789831674e-01 -3.344548692125734135e+00
-4.922049401592971662e-01 -2.612348084724033015e+00
-5.061414720765355924e-01 -1.879527947624669793e+00
-5.359738449333946164e-01 -1.178164381425009566e+00
-4.995291514331654525e-01 -4.454457778350899844e-01
-5.087013665185651234e-01 9.983783304988129714e-01
-5.287744074141187411e-01 1.775757619401172605e+00
-5.260031867475163381e-01 2.514694876454058203e+00
-5.045752072676563671e-01 3.234368435420552856e+00
-5.098566304452134545e-01 3.958173530663369633e+00
2.340082655748432217e-01 -4.036664390489995924e+00
1.994731562162215255e-01 -3.324599241753972478e+00
2.255285036693308598e-01 -2.620328558608317593e+00
2.418756653100615495e-01 -1.883764034091722550e+00
2.458389522345498790e-01 -1.158631969815377971e+00
2.404999294368792562e-01 -4.124784573736093307e-01
2.403227851557545591e-01 3.140429466281950965e-01
2.188825881135514351e-01 1.743242022042920780e+00
2.334781181970768671e-01 2.531992585872135493e+00
1.647741592215439255e-01 3.254118889804058057e+00
2.313362118366910636e-01 3.984253570664375133e+00
9.801314231222875151e-01 -4.027918948002003674e+00
9.572602945917054740e-01 -3.361126059412953282e+00
9.269677460323819673e-01 -2.621817120506186427e+00
9.586747703210605209e-01 -1.892366262640734931e+00
9.710917920371358036e-01 -1.168276792609180603e+00
9.552940529664724068e-01 -4.188922749429480064e-01
9.144435126525394253e-01 2.773593696708047673e-01
9.500379347076446379e-01 1.018390815740943367e+00
9.591247857230840168e-01 1.760219652588077111e+00
9.852070426186259056e-01 2.532196246164293285e+00
9.267488112317181503e-01 3.186686249609937960e+00
9.652152108988119039e-01 3.958402692368817810e+00
1.716534428863127459e+00 -4.034932951013370683e+00
1.761488298500765382e+00 -3.259805392421714743e+00
1.685297188917779465e+00 -2.583358013696049227e+00
1.692582261527391552e+00 -1.898103051247414186e+00
1.693709432641057333e+00 -1.160876789939269571e+00
1.697015998904092271e+00 -4.722366150338892510e-01
1.685349580824883731e+00 2.637567051001852292e-01
1.723352733973975148e+00 1.014835079147260899e+00
1.727971680288582945e+00 1.746509606405428627e+00
1.712327262038535025e+00 2.542460972152266407e+00
1.712266364457583734e+00 3.214402306918852759e+00
1.707193082477978407e+00 3.923056689102335071e+00
2.412807572784188892e+00 -4.016957744906388683e+00
2.423954681461530924e+00 -3.298496829943914577e+00
2.427732823556091546e+00 -2.577508176540579399e+00
2.494358595176173310e+00 -1.860562679458535484e+00
2.401881033201412663e+00 -1.179613355828742272e+00
2.432156175909454987e+00 -4.377344413888515362e-01
2.366250543410423290e+00 3.329053159912831461e-01
2.457446924809680411e+00 9.926770643477809131e-01
2.465754766117534302e+00 1.737862878158583868e+00
2.484113593604277526e+00 2.480341312602302395e+00
2.511265789864296494e+00 3.204127682394489085e+00
3.164962689437899712e+00 -4.021109922658006042e+00
3.169085142133454269e+00 -3.300523229200241104e+00
3.172114560249887916e+00 -2.574470469012268836e+00
3.150924128077313924e+00 -1.156952316371288703e+00
3.160554184245086162e+00 -4.485302694231627640e-01
3.178619698700046570e+00 3.018658937629581374e-01
3.204847674540872049e+00 1.006703792280195131e+00
3.250896108799530282e+00 1.750662540603297401e+00
3.235752542766967110e+00 2.453984158046878861e+00
3.257620027901054982e+00 3.172395695919714598e+00
3.296221326122875439e+00 3.866104918074466212e+00
3.892426311993276045e+00 -4.025293978086914137e+00
3.911123514735571405e+00 -3.297031000914380172e+00
3.905998003537483498e+00 -2.572779180711101787e+00
3.923222303706829450e+00 -1.842710483461843296e+00
3.902874156999253330e+00 -1.156092532247413374e+00
3.901609419331251161e+00 -4.098848525568676848e-01
3.930203613389394945e+00 2.935597820680513337e-01
3.935303698095374614e+00 1.042988514261057986e+00
3.980337776805789929e+00 1.735902206168592699e+00
4.012768637470543354e+00 2.483535275162019218e+00
3.992624439279303772e+00 3.174778830756341819e+00
3.978540623559560174e+00 3.923032407019643841e+00
4.653102059002300450e+00 -4.030272373718140955e+00
4.636572764408747105e+00 -3.314815356330484519e+00
4.646164116434881919e+00 -2.574337844399178010e+00
4.645630566153400309e+00 -1.824942067813555724e+00
4.636540032655013022e+00 -1.115871099731037930e+00
4.696718217308976762e+00 -4.177661543743624861e-01
4.676217040034288175e+00 3.055505098845578971e-01
4.693557469792665415e+00 9.993070051696157918e-01
4.698527823019261973e+00 1.745922089266741750e+00
4.732269905433255985e+00 2.496136078935670355e+00
4.753883040756171852e+00 3.197935949735377648e+00
4.763644825961819151e+00 3.905175170135660068e+00
5.406275600880839249e+00 -4.026903582019993877e+00
5.389864727181063131e+00 -3.342109564971522673e+00
5.393882371271502052e+00 -2.578024726962031110e+00
5.397083067538339662e+00 -1.858222584050061243e+00
5.479544195449719268e+00 -4.203444073920188373e-01
5.454573004195083286e+00 3.109658097749381511e-01
5.416580839530702463e+00 1.007633365945448389e+00
5.462027126132291244e+00 1.752199024459120125e+00
5.492178482228332825e+00 3.172396329677308557e+00
5.523968738972598658e+00 3.895431491619614661e+00
6.126049702064598534e+00 -4.031458984247642263e+00
6.086510675197018827e+00 -3.323012034755464583e+00
6.139532227395207542e+00 -1.863506882500896467e+00
6.194118809460114505e+00 -1.158375386434769894e+00
6.242483263843837449e+00 -4.140896244410434690e-01
6.264191714021016821e+00 3.107221935312516337e-01
6.219888588791690154e+00 1.023504855542526570e+00
6.220204356849542648e+00 1.712645116380677734e+00
6.237574441321633856e+00 2.461965413683444126e+00
6.248140120071525416e+00 3.195509362321995894e+00
6.239926683271349361e+00 3.937248751944647296e+00
6.945501186251100023e+00 -4.038747369366245010e+00
6.929612418182443889e+00 -3.321344007399790854e+00
6.942471535814398464e+00 -2.531889328348597701e+00
6.897570385106661206e+00 -1.903280154665676349e+00
6.949218083728759154e+00 -1.194988824182271259e+00
6.992951560707524550e+00 2.500981326760971513e-01
6.999309516476778015e+00 1.002071619569619543e+00
6.986437267056317069e+00 1.708688901646787883e+00
6.969463328213571174e+00 2.457333145859447399e+00
6.967142270769087986e+00 3.169313383953255681e+00
6.964661713088872830e+00 3.915035498094116662e+00
7.714251869407235063e+00 -2.629233296648404661e+00
7.738843212459940446e+00 -1.195227314270823626e+00
7.732443535589254680e+00 -4.779001689522317520e-01
7.712413019754336574e+00 2.596498737957375624e-01
7.699059702526852789e+00 9.945442346714763460e-01
7.722869881051835250e+00 1.703639475348992960e+00
7.711939725664933576e+00 2.441485881221378662e+00
7.723155402678081316e+00 3.175532282981233578e+00
7.751071062100493236e+00 3.879955316561957801e+00
8.493427462885499324e+00 -1.930337209284960664e+00
8.476624868765888721e+00 -1.218753181790944495e+00
8.488476772863087660e+00 -5.107929660034606911e-01
8.457162209001403141e+00 2.216585827313082291e-01
8.438316008168662563e+00 1.006127657140478249e+00
8.461795154446789979e+00 1.709139680917260762e+00
8.488173057465218108e+00 2.400150293081374286e+00
8.479052745640096589e+00 3.129253704858445673e+00
8.533219264402376325e+00 3.825222104176763338e+00
9.380898404964284509e+00 -4.076413206710565618e+00
9.378122215156949437e+00 -3.351691376620809848e+00
9.371313057334120344e+00 -2.622928995258561713e+00
9.320292888569134959e+00 -1.942391821125134754e+00
9.299042555673473487e+00 -1.200040553551261269e+00
9.285610414335721430e+00 -4.936673343147965909e-01
9.215847919355425688e+00 9.793758021663023783e-01
9.208994662115898677e+00 1.652998131014655314e+00
9.234985299192977948e+00 2.405957688354043000e+00
9.254644524232503500e+00 3.148470013774922194e+00
9.304466220039863344e+00 3.822544283961629930e+00
1.014933344659879566e+01 -3.382892690819939929e+00
1.014441245806819580e+01 -2.637598921710587518e+00
1.014857487914486711e+01 -1.944510932294036820e+00
1.007966466205557055e+01 -1.218769892372296937e+00
1.000775992053986130e+01 2.083776076389405318e-01
9.973897873291569738e+00 9.468180476304723925e-01
9.974113118549297496e+00 1.659629947942413253e+00
9.986012088213939819e+00 2.376369431246434516e+00
1.003498098091096580e+01 3.071739977554816647e+00
1.006564092311712955e+01 3.844131472831687546e+00
1.092381778383496993e+01 -3.369992566971806269e+00
1.090679164575014681e+01 -2.645676443563605318e+00
1.093810729350366273e+01 -1.976178616206155425e+00
1.086704753328307760e+01 -1.201205165895846250e+00
1.086214783774668291e+01 -4.887803760878561832e-01
1.079529865800582655e+01 2.149493222905753953e-01
1.073925984591388527e+01 9.351959344102027671e-01
1.071833563797281386e+01 1.671518699996521917e+00
1.074581106252812646e+01 2.390138970612039060e+00
1.079751111634745797e+01 3.092211425328731167e+00
1.080822810424937330e+01 3.804779411532908995e+00
1.182375589779955760e+01 -4.137206951563332069e+00
1.176143903749716202e+01 -3.397139462881312966e+00
1.173403934626465883e+01 -2.700670638384405464e+00
1.166563848488600286e+01 -1.965192303779705441e+00
1.165196616825274134e+01 -1.206167518351858092e+00
1.161674147978163063e+01 -4.764641772928328578e-01
1.164090566994584464e+01 2.409259328886115270e-01
1.158334870128131655e+01 9.141836799882092635e-01
1.168335373333620453e+01 1.644348059609203716e+00
1.161200766334786039e+01 2.420457035199049756e+00
1.158767147639848361e+01 3.110326090340134186e+00
1.163930936645579806e+01 3.820110420873515267e+00
1.265451051655034576e+01 -4.090302162792660567e+00
1.266248665959326303e+01 -3.380278384639773037e+00
1.262768111011250483e+01 -2.623785704060743740e+00
1.257690234939635587e+01 -1.181787360198626402e+00
1.248953743262398319e+01 2.273663455041408099e-01
1.238607671413219435e+01 9.505140454185792009e-01
1.238194732925578734e+01 1.677185496064272030e+00
1.236729671121268126e+01 2.403266121330009497e+00
1.240289307377595662e+01 3.135138952569416659e+00
1.240688205581012227e+01 3.834454268460287807e+00
1.336111190083283873e+01 -3.383553991438496666e+00
1.344439127529523859e+01 -2.641643065993111605e+00
1.338189302046072982e+01 -1.944106313114456697e+00
1.339201214419794894e+01 -1.225368230417103632e+00
1.334669464147334850e+01 -4.917423384690700061e-01
1.330632092979764991e+01 2.383612363042075799e-01
1.325096949352184339e+01 9.659531573144413130e-01
1.316172581928181984e+01 1.681497202252135281e+00
1.312531276634406652e+01 2.452811421290135740e+00
1.313839842653177925e+01 3.140358218642585797e+00
1.320162495883914744e+01 3.840009317429288416e+00
1.424775860828025742e+01 -4.119321911049933505e+00
1.422582906099123079e+01 -3.383615301973261325e+00
1.421421503023719168e+01 -2.648241638802048215e+00
1.418893398584834387e+01 -1.941626050035043960e+00
1.402766868580439308e+01 2.795416314765546417e-01
1.398468595503169354e+01 9.814341666642327766e-01
1.397270591971594200e+01 1.699665971103009099e+00
1.398455218390817834e+01 2.400290818353226996e+00
1.404461330945682107e+01 3.118008302727798053e+00
1.406962667153726443e+01 3.842537386617191686e+00
1.511127455796042796e+01 -4.105530879068268746e+00
1.511110149539725001e+01 -3.418692807112101661e+00
1.503184231006940053e+01 -2.629461890211196362e+00
1.493073624876155492e+01 -1.197051351036108713e+00
1.488047637933238576e+01 2.878732286636989102e-01
1.488013833374554906e+01 9.375867290827670786e-01
1.475174264330989615e+01 1.707319616126902417e+00
1.481239259588971890e+01 3.151608519961410337e+00
1.479866635346456150e+01 3.859188618554373562e+00
1.589466502602925146e+01 -4.133578992378470929e+00
1.588580513703863772e+01 -3.405420793305662386e+00
1.590812116878913685e+01 -2.682572366678257936e+00
1.588853387194508571e+01 -1.970784077962427716e+00
1.577294629895938272e+01 -1.240018025393826662e+00
1.584864482243462902e+01 -4.973765027619698742e-01
1.563908503933268435e+01 2.802072900349834583e-01
1.557400546091095350e+01 1.724926201438982787e+00
1.558607579296656098e+01 2.436916293669241895e+00
1.554207531564950528e+01 3.161055969501010310e+00
1.560277324308218283e+01 3.837002154592330072e+00
1.662929291685901489e+01 -4.153377280228443880e+00
1.663953178050043391e+01 -3.416985199046198574e+00
1.661832294597550685e+01 -2.724112766395258234e+00
1.661178968347440588e+01 -1.970965537856024241e+00
1.656468514447732332e+01 -1.250911085872864703e+00
1.653935876468973731e+01 -5.288102647629102648e-01
1.651731989530841105e+01 2.199880357125145736e-01
1.641441403000743549e+01 1.752351735915812725e+00
1.638438075739429678e+01 2.431551209445871109e+00
1.634801841890190843e+01 3.096555458548092332e+00
1.637220600523114911e+01 3.868512031630007897e+00
1.738753985811487723e+01 -4.128407609841364234e+00
1.735575373152710199e+01 -3.416598269050933112e+00
1.733078405791081877e+01 -2.709594926584049546e+00
1.731419300760370561e+01 -1.940431056105467178e+00
1.730099224831167248e+01 -1.238358385667652328e+00
1.726475957366583458e+01 -5.175381851303875180e-01
1.726480681045769217e+01 2.895254351716012309e-01
1.719082598481164581e+01 9.725948659577277056e-01
1.717723451380478394e+01 1.641953935784496110e+00
1.716413288791879665e+01 2.470872479174353487e+00
1.715970328128650380e+01 3.170142768109517561e+00
1.719652297994886680e+01 3.910567262120320464e+00
1.810144034641676569e+01 -4.097009000890849961e+00
1.808817542639924625e+01 -3.411915603650779616e+00
1.805505275724881642e+01 -2.653235885656130222e+00
1.802891063201339961e+01 -1.945746679213922192e+00
1.798610330364956411e+01 -1.228873916444030101e+00
1.800443402502990153e+01 -4.789592158900930485e-01
1.795961768283498827e+01 2.432714616540536667e-01
1.795252559443427742e+01 1.021216919478824536e+00
1.792798246204940682e+01 1.724415847194098461e+00
1.792427898543870413e+01 2.472444693072080923e+00
1.788485425556144293e+01 3.214043666568418445e+00
1.789733107198114226e+01 3.926776507832894225e+00
1.881982732661749225e+01 -4.128480415605100262e+00
1.880661859428884242e+01 -3.388767148237008087e+00
1.876956981847406780e+01 -2.649545804633575585e+00
1.876202665873010744e+01 -1.940413842653089915e+00
1.874055627883156916e+01 -1.190031151816508981e+00
1.873401723403603114e+01 -4.649253042470924413e-01
1.869601817110605424e+01 2.827462330118137857e-01
1.870832197503492722e+01 9.949864309056302147e-01
1.864729029819312700e+01 1.740515593296105834e+00
1.865167083154475591e+01 2.466241127109032760e+00
1.862189144468193547e+01 3.223950621251443494e+00
1.866755275080429044e+01 3.974558880636937630e+00
1.965444971092529158e+01 -4.035902076073973888e+00
1.953714532766913692e+01 -3.341071396091905399e+00
1.952144106987778116e+01 -2.613800940871577438e+00
1.949599157130535332e+01 -1.912376258003259721e+00
1.946015016512318141e+01 -1.176684894569813622e+00
1.944002896639395317e+01 -4.574178426440234091e-01
1.944603193696347887e+01 2.808068743252079003e-01
1.942309749541514208e+01 1.002243355573721573e+00
1.940687904873897907e+01 1.744850134515353091e+00
1.941570201373299653e+01 2.465598743842893015e+00
1.939656663489616761e+01 3.201947191492745759e+00
1.946181546143389340e+01 3.941154226043348530e+00
2.039813503326906385e+01 -4.096979252896950641e+00
2.038664720160370081e+01 -3.344939887074495743e+00
2.034521442693603888e+01 -2.595432799608460073e+00
2.029350229638830427e+01 -1.845271911932286457e+00
2.027790382353277465e+01 -1.124651713428303168e+00
2.021429389732312387e+01 2.884648764910267005e-01
2.039413729656937591e+01 9.972912636502400119e-01
2.027450044671822837e+01 1.749276812842548878e+00
2.021381216647687040e+01 2.505926871898640940e+00
2.025397457838936788e+01 3.236896891805063348e+00
2.027872062507067596e+01 3.858332112940974667e+00
2.113044510066456638e+01 -4.094423021594622014e+00
2.110461447844519256e+01 -3.337542633288975935e+00
2.107983633168429094e+01 -2.599338660831651993e+00
2.111519572280120371e+01 -1.893581834850138534e+00
2.114861977151227279e+01 -1.167375487514878074e+00
2.110798824381691929e+01 -4.329484587649616856e-01
2.109307072495109026e+01 2.949201752848722435e-01
2.114273333608792882e+01 1.034535767674018558e+00
2.106847456785502715e+01 1.751382787430809884e+00
2.108411280532030219e+01 2.506634055232471070e+00
2.110844226444111627e+01 3.179191122907948142e+00
2.113060590329344279e+01 3.915169013360166872e+00
2.226936798230720171e+01 -3.989479996063291622e+00
2.223342163979720709e+01 -3.346844406782974346e+00
2.221954879603056554e+01 -2.548456725034345283e+00
2.226833286488403729e+01 -1.833425744115647404e+00
2.215727411350997755e+01 -2.884891434374665664e-01
2.200327386099392157e+01 3.172650621941315308e-01
2.199670565025061819e+01 1.052247563548917242e+00
2.191876349788779521e+01 1.772721390504308658e+00
2.192017981079579414e+01 2.488013038623961393e+00
2.192433332432038640e+01 3.180868515601819269e+00
2.189968530683093206e+01 3.939007377744790261e+00
2.295907764910238313e+01 -4.076047500431037918e+00
2.296150104446800810e+01 -3.342060507416814374e+00
2.295040000877222752e+01 -2.613152946399495136e+00
2.296257604229134586e+01 -1.870970842382678967e+00
2.294325945829449154e+01 -1.145845018990605979e+00
2.291752142632496714e+01 -4.176201918523467782e-01
2.290224672566846209e+01 3.088968394492930258e-01
2.279858583726435484e+01 1.046881012087617080e+00
2.282168520849332793e+01 2.534609641634400390e+00
2.275570162942558028e+01 3.212444538485453194e+00
2.271589809185529418e+01 3.899750667930501180e+00
2.369753924088462327e+01 -4.061266758005405819e+00
2.368626835444731427e+01 -3.341092591885526986e+00
2.370564873157616148e+01 -2.613960637208553095e+00
2.369322445561001445e+01 -1.871306379924480012e+00
2.369771257533255238e+01 -1.153522298789507516e+00
2.366326523912449886e+01 -4.354993245552059022e-01
2.363536319731773716e+01 2.896882711179991077e-01
2.362240197331582436e+01 1.051042978166194075e+00
2.361331472744878823e+01 1.764055492438984629e+00
2.360228633648920038e+01 2.483387088378211871e+00
2.355025851625684652e+01 3.218753786725830679e+00
2.357247349633392020e+01 3.910007386296545207e+00
2.442811392537893767e+01 -4.061995188710355364e+00
2.442676423624595117e+01 -3.342023470441951360e+00
2.442590065130622179e+01 -2.607959785537275366e+00
2.443227966716216315e+01 -1.888873340765748310e+00
2.442323624630396495e+01 -1.141814764438613850e+00
2.440404910171204733e+01 -4.108690738291151945e-01
2.445466683399984475e+01 2.739390512518014020e-01
2.439569696338441673e+01 1.043805528730089804e+00
2.433605340910349923e+01 1.758036510677097652e+00
2.437290572019011137e+01 2.500584675960809022e+00
2.433030087304714328e+01 3.226307377395574605e+00
2.439069903287595054e+01 3.906346095592223122e+00
2.521504278968332358e+01 -4.052458285342662947e+00
2.517778468750702103e+01 -2.628562306966983897e+00
2.512110141344678027e+01 -1.929811526082325202e+00
2.518027386875870377e+01 -1.163792848702517091e+00
2.516002820698437148e+01 -4.459009475623076924e-01
2.515827190905361732e+01 2.741099736789074370e-01
2.515849528827818204e+01 1.011996855569336162e+00
2.516549023177920219e+01 1.750900004249633213e+00
2.513269699732084916e+01 2.470266492133326608e+00
2.512452044727929490e+01 3.208345157888356169e+00
2.514408573319224161e+01 3.925649545167896548e+00
2.592891617687121197e+01 -4.062895175199134457e+00
2.584696700347690523e+01 -3.345278698107371440e+00
2.594475413744494574e+01 -2.622681959344834723e+00
2.590068431026852380e+01 -1.888612987925224473e+00
2.590404685285481179e+01 -1.174829130223244533e+00
2.590068481200980699e+01 -4.466451521042813511e-01
2.589449090666519027e+01 2.804357887135076055e-01
2.588809595541136588e+01 1.003134206433305309e+00
2.588917832536148467e+01 1.733733705217794352e+00
2.590982054640140575e+01 2.450651783657008309e+00
2.590688333986265235e+01 3.198039556449391085e+00
2.592239922173993705e+01 3.918980657388676292e+00
2.665535532169140254e+01 -4.056562980459290202e+00
2.666544840172256414e+01 -3.353608699438808571e+00
2.664660160955921953e+01 -2.627342800343800633e+00
2.664891340681501219e+01 -1.894623500416450668e+00
2.664414012356251504e+01 -1.177629032444450274e+00
2.664003567283361917e+01 -4.198450856132538433e-01
2.664872477284667696e+01 2.803985295995161664e-01
2.661946874003557895e+01 1.010024486527438370e+00
2.666326296175584787e+01 1.756931317257794944e+00
2.669536812966548212e+01 2.501264496002100657e+00
2.666662234944784871e+01 3.197142129648529618e+00
2.668428860323393792e+01 3.919623267007718681e+00
2.744736726449747977e+01 -4.082763131846988358e+00
2.739927925924810381e+01 -3.387990257915216574e+00
2.743505669234806987e+01 -2.636793719118351476e+00
2.740468647685338510e+01 -1.909385610574272363e+00
2.741616717385991109e+01 -1.185931885389230445e+00
2.738518624248105482e+01 -4.927035055383797157e-01
2.740155531188229787e+01 2.826218936908944102e-01
2.739690518757414139e+01 9.619377254618228790e-01
2.739575362103966683e+01 1.752539491183497944e+00
2.741168497900540046e+01 2.446439484783816454e+00
2.743996296490340825e+01 3.175557507451824080e+00
2.743788710249933160e+01 3.896969656409968508e+00
2.820512861709197949e+01 -4.117167737573971920e+00
2.816887805789367150e+01 -3.363210277165162410e+00
2.817043767400124210e+01 -2.635998991784283874e+00
2.819166654770189240e+01 -1.926690014825748420e+00
2.817176916844596946e+01 -1.181732685328611865e+00
2.818213379536721419e+01 -4.674613638896509826e-01
2.818972190112901188e+01 2.463576009499028885e-01
2.819698782341045984e+01 9.584752132200939911e-01
2.818595679746557181e+01 1.702509269322121099e+00
2.814584816926647903e+01 2.445294669706331803e+00
2.817582529211338027e+01 3.172726443584299005e+00
2.821174476789534680e+01 3.893592829306381731e+00
2.902601897015529886e+01 -4.069685419234836843e+00
2.894799372803924342e+01 -3.379360861578604158e+00
2.896819680589874935e+01 -2.618284103408296204e+00
2.892996323672594627e+01 -1.936724212863335737e+00
2.892887242482778021e+01 -1.223514779128365149e+00
2.889742330563203865e+01 -4.851307352406877271e-01
2.890700914068244032e+01 2.365389080322870541e-01
2.892719382278418294e+01 9.571289076397668794e-01
2.894844838775491525e+01 1.670448763053446584e+00
2.897444411664162800e+01 2.397847506294731090e+00
2.898721474419684085e+01 3.111483392734310627e+00
2.896805137596766855e+01 3.854002007671173402e+00
2.975211872396933899e+01 -4.100101573449922654e+00
2.975034944248839253e+01 -3.409173967967515040e+00
2.974503650845588965e+01 -2.681709414090978072e+00
2.973756565529857454e+01 -1.947010725553816712e+00
2.972571571822056313e+01 -1.226637267556743183e+00
2.969319703539341759e+01 -4.955522856310530244e-01
2.971739865130164304e+01 2.259341578805695860e-01
2.967464739820272968e+01 9.576052112142008355e-01
2.969587865752198041e+01 1.666305070752184037e+00
2.971751856151106352e+01 2.378545574620989811e+00
2.972364038877731929e+01 3.093518553291662698e+00
2.973666206174909377e+01 3.835503066135512285e+00
3.053760598999118514e+01 -4.111599976750103025e+00
3.047825059350748944e+01 -1.945689897123003220e+00
3.047366090599455646e+01 -1.253115333408043597e+00
3.049223922775338025e+01 -4.847276993922164934e-01
3.049668406249839592e+01 2.005280766957397987e-01
3.045370586922923195e+01 9.258959050486552655e-01
3.046535932946748204e+01 1.656876021264501730e+00
3.047915445851261751e+01 2.376299981019528218e+00
3.047204109525622329e+01 3.084457220024770407e+00
3.046898736265814733e+01 3.809014961759384477e+00
3.131262790021052211e+01 -4.130484735124507978e+00
3.127523249330176469e+01 -3.381380874529146041e+00
3.127062044436504351e+01 -2.668756898272004463e+00
3.128199270347071348e+01 -1.959171306981101424e+00
3.125252045345910545e+01 -1.234955573150365638e+00
3.123599305533259241e+01 -5.374652545782083735e-01
3.124638256623584454e+01 1.984520034182359893e-01
3.126621579777080484e+01 9.084119162930299751e-01
3.126936147003811328e+01 1.652272460930685583e+00
3.126400145879335213e+01 2.384258186083986431e+00
3.122979803668734888e+01 3.123248408193074255e+00
3.124255983083046573e+01 3.839713491262873646e+00
3.211743871878748990e+01 -4.095508903449815108e+00
3.206052510217342189e+01 -3.410085757084161173e+00
3.198729479922295837e+01 -2.664744068519176778e+00
3.201522515768403565e+01 -1.979174769962860125e+00
3.199214824291025394e+01 -1.212127620363457225e+00
3.200035416850409575e+01 1.840611395310105536e-01
3.199665584171970778e+01 9.087253976442788428e-01
3.197461717492608813e+01 1.648381490038218544e+00
3.199365344994588867e+01 2.385904107075706548e+00
3.200151317094303494e+01 3.115215311502698370e+00
3.207087091155575109e+01 3.829534184023419385e+00
3.279497771914721937e+01 -4.105419605277742079e+00
3.280086673522014706e+01 -3.406640596583056180e+00
3.280346001821045121e+01 -2.663143765501722271e+00
3.277085930893570520e+01 -1.953600413173742112e+00
3.276869619346187079e+01 -1.244096406025651191e+00
3.275059711785466021e+01 1.911613636304636543e-01
3.273436088765388519e+01 9.154203992580818294e-01
3.279416169903786482e+01 1.632329162304444026e+00
3.278299200015329262e+01 2.363362644851616068e+00
3.278496166361114916e+01 3.112613260701035500e+00
3.278274716216807150e+01 3.831403317113487361e+00
3.359469170448900144e+01 -4.109616045044504062e+00
3.356496651941693443e+01 -3.392374444460983796e+00
3.358637098013509359e+01 -2.676147012939406267e+00
3.354176586279699990e+01 -1.951634470009651068e+00
3.351334802412240066e+01 -1.206487364722331534e+00
3.356327653241235254e+01 -5.255092734282698075e-01
3.351621257842699464e+01 1.856317684950745672e-01
3.351120600514999381e+01 9.206660079354946902e-01
3.351426632062347011e+01 1.647443641330490038e+00
3.349495144106169420e+01 2.402654229750805115e+00
3.353696150731477843e+01 3.119326060646454124e+00
3.351198116860225440e+01 3.862360093035132280e+00
3.433342612982610120e+01 -4.080927990610984324e+00
3.431940675782984584e+01 -3.359062589477584737e+00
3.429834785367997796e+01 -2.651682011251427440e+00
3.428326591542592183e+01 -1.955196081311576961e+00
3.428500288248185512e+01 -1.242587251815812976e+00
3.427325333601229573e+01 -5.280560486172447554e-01
3.424819081848563229e+01 2.018932432424449530e-01
3.425977445684021205e+01 9.403201704929422533e-01
3.427026034142125610e+01 1.681898227220020914e+00
3.428451422874234567e+01 2.398604345176465813e+00
3.429171162129029682e+01 3.128088603531924861e+00
3.427380376379844762e+01 3.850134352413551397e+00
3.506792868666467911e+01 -4.097706121047668404e+00
3.498292518723877009e+01 -3.403952136849827781e+00
3.505433520750435861e+01 -2.662487567431263358e+00
3.502914674808413764e+01 -1.947122840995277215e+00
3.503012777934851130e+01 -1.252534756113092840e+00
3.502270946148858144e+01 -5.170585341130120582e-01
3.502023928509695594e+01 2.311075251007785880e-01
3.499863649375651420e+01 9.262109137955327753e-01
3.498356627339320113e+01 1.689543420461262713e+00
3.500509474858885284e+01 2.391390363256427065e+00
3.501951507657971518e+01 3.150778344552247034e+00
3.500249588803290379e+01 3.877871807273624682e+00
3.581597960874237430e+01 -4.080378572937185311e+00
3.580399748221727663e+01 -3.367138897468571201e+00
3.580150741236570155e+01 -2.649616307220224343e+00
3.577381141402380393e+01 -1.942051763777385531e+00
3.576668594064691575e+01 -1.216983677255893070e+00
3.574996180798296308e+01 -4.890361544505203995e-01
3.576859374499424149e+01 2.636207269074759552e-01
3.578186098960581063e+01 1.006796096161114207e+00
3.578321212389584360e+01 2.406983135424130893e+00
3.576560199817071606e+01 3.164383251295522115e+00
3.579322499138589109e+01 3.926414289914664124e+00
3.655459500973335452e+01 -4.110682976170338065e+00
3.654669669757324613e+01 -3.360972146466643551e+00
3.654423592165289136e+01 -2.681864622067479331e+00
3.651339721494623092e+01 -1.922704881395802090e+00
3.650188025701086048e+01 -1.197790441279291684e+00
3.649256682579808597e+01 -4.725477745275696861e-01
3.652235725770621144e+01 2.598754548550807897e-01
3.651040501927590043e+01 9.665652634468777649e-01
3.650123709917667014e+01 1.752954034189951216e+00
3.650307299792296334e+01 2.445176133184844502e+00
3.656435698119192779e+01 3.205186936805535680e+00
3.659523489505598803e+01 3.896159181397475635e+00
3.733830161383260560e+01 -4.076509445380860797e+00
3.728783662473944815e+01 -3.346476108002921279e+00
3.727947843408265527e+01 -2.623756638604699987e+00
3.724054184042859816e+01 -1.171550661180830843e+00
3.722562448146199898e+01 -4.568348431361535233e-01
3.721426459745338633e+01 3.370509352449957419e-01
3.724608188592389268e+01 1.030578512342202657e+00
3.731436792354664789e+01 1.714054127107857539e+00
3.732600796003904264e+01 2.451101740459169065e+00
3.728550478721556516e+01 3.182394685170923054e+00
3.731063131671320576e+01 3.900045653401431167e+00
3.808842912683727633e+01 -4.033368032278580984e+00
3.805905250978272392e+01 -3.320110904284671705e+00
3.803815331586448423e+01 -2.604123462329745564e+00
3.802692770465308314e+01 -1.884916782188192030e+00
3.802913374786137268e+01 -1.147294781163367361e+00
3.799757770714483485e+01 -4.272005322849139475e-01
3.808565386895612193e+01 3.365152945888389979e-01
3.807751824581605860e+01 1.042841805179069326e+00
3.810220492601649056e+01 1.722010234105738391e+00
3.813785100493199565e+01 2.478968070391786682e+00
3.892502569037316817e+01 -3.979365034617469377e+00
3.890203158097612146e+01 -3.261243875118420732e+00
3.885811552353755616e+01 -2.575956237809894134e+00
3.894021838511778100e+01 -1.815703705508763477e+00
3.895875187360987724e+01 -1.118493548234344104e+00
3.886551525982174127e+01 -3.352971557845449979e-01
3.896733835234720544e+01 2.574900570616076578e+00
3.891302375956745863e+01 3.197073354221377173e+00
3.973633674060520349e+01 -3.288050929218623963e+00
3.960556485238999613e+01 -2.954391178225499459e+00
3.971851281992918103e+01 -1.775567213489559037e+00
3.998532336441770241e+01 1.126846424463863627e+00
3.999894023909275376e+01 1.875189829721971790e+00
4.000530613371117994e+01 2.622165635215058188e+00
4.000453550909990241e+01 3.338630911833906367e+00
3.999610884818275025e+01 4.017395050707978754e+00
4.073529163457275359e+01 -3.981042470982618653e+00
4.072554750475627117e+01 -3.242117510267004121e+00
4.071604104150396353e+01 -2.487787252089699308e+00
4.071368038238828291e+01 -1.775673021176476851e+00
4.072740533372718374e+01 -1.054460241781658425e+00
4.073123199722946453e+01 -3.305230122920690405e-01
4.074090263953517166e+01 1.130240129205514421e+00
4.073226702853570913e+01 1.852540795613627722e+00
4.072377918978646250e+01 2.509734912202656432e+00
4.070400543702699991e+01 3.331874706902876682e+00
4.071925478966966949e+01 3.981042470982618653e+00
