-1.474290274318633465e+00 -4.077990255890306059e+00
-1.454997874284323700e+00 -2.661388020682903033e+00
-1.468593231551466260e+00 -1.897834827780663147e+00
-1.462817502551224891e+00 -1.167356754491077453e+00
-1.482480279941036372e+00 -4.397991949396633515e-01
-1.469492814276726733e+00 3.682918016270164685e-01
-1.467739242859849469e+00 1.044898491206616598e+00
-1.466841489215646277e+00 1.761782240500458840e+00
-1.462439358606957285e+00 2.465203914575948119e+00
-1.467809764314701226e+00 3.208295130592169642e+00
-1.455436714989126301e+00 3.955732813807891546e+00
-6.681597598220179179e-01 -4.049216289625981346e+00
-6.602110698499288333e-01 -3.342666230791589754e+00
-6.815396146631442775e-01 -2.603182161000404449e+00
-7.137963571628631598e-01 -1.884206934759738772e+00
-7.057962998110411945e-01 -1.152065043434205904e+00
-6.888585315788091634e-01 -4.394132633969114465e-01
-7.214019617223002001e-01 1.011439405292097860e+00
-7.232629651134061533e-01 1.763936122918387639e+00
-7.215123176765700919e-01 2.468261361868510306e+00
-7.391394847934051882e-01 3.251296786281592688e+00
4.366356974815488456e-02 -3.321837351485857681e+00
-4.168813008647020979e-03 -2.609021164406570392e+00
4.357108625251981948e-02 -1.878200369022945182e+00
2.985136968864310347e-02 -1.137995721109692937e+00
3.378222576366596286e-02 -4.217231732454038706e-01
2.782128369469205609e-02 1.046877997742537758e+00
3.374210194340321323e-02 1.761076058752337303e+00
4.619993761274088229e-03 2.511959756519910769e+00
2.395048439100833093e-02 3.245722552200533073e+00
6.632210571936525412e-03 3.971078665420677112e+00
7.601092437268022195e-01 -4.044097395261655237e+00
7.720028857056178140e-01 -3.327806417301900410e+00
7.828182167849888629e-01 -2.588936275192068592e+00
7.678105353610860107e-01 -1.861154989942846782e+00
7.447783153893752228e-01 -1.151581583271820364e+00
7.647220687271101269e-01 -4.293912971449564964e-01
7.602420187832450438e-01 1.028473598507943620e+00
7.533425786842329330e-01 1.786865985928631773e+00
7.566880438720033908e-01 2.518952538254190188e+00
7.696844370977302674e-01 3.248809242706357736e+00
7.731938948603342965e-01 3.958721406051580516e+00
1.499713035531868854e+00 -4.030424061444897177e+00
1.476708214158527710e+00 -3.316021497310579491e+00
1.500794667344315769e+00 -2.606079576244507479e+00
1.509271812701413751e+00 -1.866476984667151839e+00
1.520332386357772236e+00 -1.137132836132249025e+00
1.508826095056605254e+00 -3.924990973950173156e-01
1.514484708258741819e+00 3.426969890396058815e-01
1.501181948489097806e+00 1.750868530230409448e+00
1.504794142851999084e+00 2.542314418950837762e+00
1.449741660636732377e+00 3.263137685465160587e+00
1.499457021796921197e+00 3.981626957363204156e+00
2.243581806085579444e+00 -4.022884821540941402e+00
2.222337597792012787e+00 -3.340400400886121446e+00
2.197402028918489236e+00 -2.608222067868602778e+00
2.224709104225823353e+00 -1.869248151038355843e+00
2.233440180101936789e+00 -1.146455673374383366e+00
2.219456309136283778e+00 -3.991761506017255101e-01
2.196292155233237509e+00 2.872247906130240835e-01
2.217411044209839588e+00 1.046055040419883397e+00
2.223470146518721435e+00 1.779887003744661911e+00
2.258173082610277049e+00 2.540883908570574334e+00
2.198852708417391000e+00 3.206415507971108525e+00
2.226692325695317720e+00 3.970370524492714992e+00
2.977547840278781166e+00 -4.035840642441193893e+00
3.008202200367222190e+00 -3.273636149771938619e+00
2.957462345015926530e+00 -2.575062970053803468e+00
2.957458283031911606e+00 -1.884861642780577995e+00
2.956375856423157700e+00 -1.142885641392627605e+00
2.964422809955998162e+00 -4.395530918214021199e-01
2.947822510529697126e+00 2.859364390291361246e-01
2.983705262913126433e+00 1.035277989890634132e+00
2.984504525727636803e+00 1.766342067408523064e+00
2.971491986515424344e+00 2.534010463533356017e+00
2.976896026744071833e+00 3.223570472433465284e+00
2.967297381858095662e+00 3.936661857708060097e+00
3.668969573544409002e+00 -4.010887496023517684e+00
3.683778638106140590e+00 -3.297843344252111564e+00
3.693897084829998789e+00 -2.574329723760666155e+00
3.796390509289373938e+00 -1.872452133631956173e+00
3.669828630147897286e+00 -1.161738496567881640e+00
3.695465315707416210e+00 -4.169656470407510085e-01
3.644694414370206914e+00 3.507252147761548144e-01
3.706604050150104968e+00 1.018343467519894574e+00
3.719045992767583186e+00 1.751370407659944561e+00
3.734468019414912021e+00 2.502391680150221731e+00
3.746619365757396736e+00 3.221960326584344614e+00
4.430391116662278250e+00 -4.019263661042085545e+00
4.424473453128385358e+00 -3.295294240941185393e+00
4.432601121004736910e+00 -2.569884585488832585e+00
4.413429765334129229e+00 -1.137205072254293015e+00
4.415498724345013670e+00 -4.238207548274779413e-01
4.435989850670601697e+00 3.196985006134305252e-01
4.460818522620890292e+00 1.025740619615692850e+00
4.492881579153966243e+00 1.772006101096152975e+00
4.465865113938363606e+00 2.478910053404934644e+00
4.497920452522052415e+00 3.201969299365629240e+00
4.515679624278178039e+00 3.893145495640204956e+00
5.149843695221605344e+00 -4.013399067309471491e+00
5.165082040739363833e+00 -3.294416860225641841e+00
5.175103118593334273e+00 -2.574447911324018179e+00
5.179782888671773833e+00 -1.836860805291159693e+00
5.154006564535855262e+00 -1.139073467921878802e+00
5.153605910858708228e+00 -3.889924437197578300e-01
5.176035630576897972e+00 3.137044315922317139e-01
5.179333453477667604e+00 1.061835062464624002e+00
5.217825107673569107e+00 1.753988101356636520e+00
5.231398093013055473e+00 2.495946556242984116e+00
5.218283925008748270e+00 3.205631433138009356e+00
5.204983221330024890e+00 3.947184308702269107e+00
5.902306753094450187e+00 -4.030969226052480536e+00
5.885144516723542552e+00 -3.302474854631437751e+00
5.898754184767476261e+00 -2.575453938478855065e+00
5.896433356183180763e+00 -1.819302423162135085e+00
5.882930470052698979e+00 -1.108424514337919220e+00
5.939840910761880366e+00 -4.058649153577462698e-01
5.916698120071600897e+00 3.306622823774603148e-01
5.932025282836988822e+00 1.027640811059555404e+00
5.937970139824898297e+00 1.761176025201148576e+00
5.957566941391462478e+00 2.521942778690963394e+00
5.970226602216911260e+00 3.220611169531494511e+00
5.979552688734713684e+00 3.933088504143881892e+00
6.647179771214034361e+00 -4.026382027825022192e+00
6.631626020084510742e+00 -3.332210846117757086e+00
6.639470612405034444e+00 -2.568590780508024807e+00
6.638554623830607682e+00 -1.851326884579233223e+00
6.679913904454167550e+00 -4.030589679889295951e-01
6.689616680370107815e+00 3.226689313662625125e-01
6.641703718609100804e+00 1.035049455859915923e+00
6.707782334520139500e+00 1.752601659267213563e+00
6.712558802348894460e+00 3.196054462672378804e+00
6.727573907172512691e+00 3.925791063742991582e+00
7.369727196826701743e+00 -4.027936479560640493e+00
7.314266474636184512e+00 -3.312553477320232531e+00
7.376980915523276394e+00 -1.860745252650076509e+00
7.424911669927013236e+00 -1.151494386807907944e+00
7.467772127739998211e+00 -4.095271622452152371e-01
7.472253568373531607e+00 3.126113058051203097e-01
7.444608295126371900e+00 1.031557473801086644e+00
7.446144525321670926e+00 1.754250496425672878e+00
7.454981868135014622e+00 2.488820228904163656e+00
7.460683165210269863e+00 3.218988318276153393e+00
7.443217308846406866e+00 3.958607545897265823e+00
8.173667959319239174e+00 -4.034715037749581512e+00
8.158877859689347645e+00 -3.311281842389760754e+00
8.173103479247174619e+00 -2.547742448734705789e+00
8.132773768228538813e+00 -1.893921388931730121e+00
8.172535231891764340e+00 -1.176381838163489846e+00
8.207406996095457430e+00 2.762691911738670569e-01
8.210681355989457586e+00 1.025493013206197901e+00
8.204271780219222876e+00 1.736422753525975082e+00
8.186003425227070807e+00 2.485021758661297042e+00
8.176040309916395188e+00 3.199311395051196882e+00
8.171162915464336152e+00 3.938703372476965114e+00
8.927853560937329291e+00 -2.613538584430287415e+00
8.942772576696114584e+00 -1.164279815456161771e+00
8.933021157306988869e+00 -4.600778744458544622e-01
8.931730319894377601e+00 2.838576958983161092e-01
8.912439672385808365e+00 1.021779628650872240e+00
8.927512933658036332e+00 1.732428688053538224e+00
8.912642333939253092e+00 2.476436201483814159e+00
8.929246512534234625e+00 3.200283384456604097e+00
8.945121331802013742e+00 3.918140724205720460e+00
9.697088204247819476e+00 -1.907616411089161801e+00
9.680985557465859870e+00 -1.183362182782961014e+00
9.689260182151016920e+00 -4.783144113833266431e-01
9.653616138084295528e+00 2.598354383492988973e-01
9.633283155232405193e+00 1.041059460608575904e+00
9.665070866477755374e+00 1.736102942349315725e+00
9.675907723533384797e+00 2.441546676479926958e+00
9.663322006026973554e+00 3.167409864478209158e+00
9.693582384729978685e+00 3.873845808128756119e+00
1.054951426905295619e+01 -4.062815958899001600e+00
1.054130851497565402e+01 -3.341295940828018729e+00
1.053970556610507003e+01 -2.612148981602658182e+00
1.050686593626170406e+01 -1.911589531628184346e+00
1.048677443605746618e+01 -1.169809349323426062e+00
1.046454493725696722e+01 -4.564620282719324962e-01
1.040819576776253541e+01 1.019776860128583706e+00
1.041389506871276893e+01 1.707719220047106745e+00
1.042504912452583454e+01 2.449147311103903490e+00
1.043012446959023976e+01 3.191874552222209616e+00
1.046531599456908879e+01 3.875898540007142401e+00
1.129508876440748111e+01 -3.349498842882354666e+00
1.129536516781454480e+01 -2.613273111013928229e+00
1.129836390784440425e+01 -1.910030169649481024e+00
1.124522422311114411e+01 -1.176973608782237335e+00
1.118864664007498533e+01 2.631104926880709627e-01
1.115693230619648801e+01 9.916577757598474818e-01
1.115485155942834439e+01 1.711431993572620769e+00
1.116246292215510749e+01 2.435192965997543979e+00
1.118435350225250602e+01 3.126720091627802844e+00
1.120516812071316082e+01 3.896689631372318274e+00
1.204988239984999154e+01 -3.333108954141014380e+00
1.204066435035903027e+01 -2.607334191359306885e+00
1.206448665627706873e+01 -1.925246627065874350e+00
1.200359722084320424e+01 -1.160584075508818813e+00
1.199518865653298860e+01 -4.399674664150765580e-01
1.195320225676215387e+01 2.595290506386831453e-01
1.191047391171126435e+01 9.948102090543748943e-01
1.189381761026098872e+01 1.728148686325610583e+00
1.190402049489079417e+01 2.453710980781806938e+00
1.194922510562570039e+01 3.146874422450053999e+00
1.193986151308742194e+01 3.869705929925657983e+00
1.286932865980092089e+01 -4.114569686072609755e+00
1.282465576210382352e+01 -3.351343170538473970e+00
1.281312225899235102e+01 -2.628531698292285057e+00
1.278251276438795259e+01 -1.905843120306940364e+00
1.276288959804490020e+01 -1.159402911821047155e+00
1.274553911157349262e+01 -4.288595614926826727e-01
1.277118514716776332e+01 2.983719657528780544e-01
1.272115479790343073e+01 9.844385522466119198e-01
1.278091367594753791e+01 1.710071248222245544e+00
1.273190959391978794e+01 2.484572244722784262e+00
1.272305146639599371e+01 3.165845894667299376e+00
1.273644848654564754e+01 3.903859905961212462e+00
1.363713362062490830e+01 -4.059151964451164218e+00
1.364761086165417225e+01 -3.337869937355979033e+00
1.362940976579384511e+01 -2.587986381910280187e+00
1.352975406501585098e+01 -1.132833004100756824e+00
1.354160623941204022e+01 3.037437478747690989e-01
1.349407565093046202e+01 1.007382796445437378e+00
1.349793848248584993e+01 1.736797140440373255e+00
1.347730263229858849e+01 2.466916075702002331e+00
1.350412003300220931e+01 3.208385618642410009e+00
1.350190183376390252e+01 3.909915502710909152e+00
1.434989931492295057e+01 -3.340811560602876540e+00
1.439693307189443061e+01 -2.605070494524174052e+00
1.435557383088495698e+01 -1.886600719865853648e+00
1.437202833758632892e+01 -1.165433849426634083e+00
1.435653084648422606e+01 -4.267997366149671734e-01
1.431402396973204105e+01 2.686574401757475528e-01
1.431247734581478426e+01 1.025302393248576749e+00
1.424783322072278224e+01 1.739978451892326916e+00
1.422657706066831196e+01 2.506285655099901533e+00
1.424022004158072718e+01 3.218473657792031872e+00
1.427052355462305400e+01 3.912201282531668767e+00
1.514977678479702661e+01 -4.070639495041277200e+00
1.513396189334760322e+01 -3.335118304111695409e+00
1.514421131753285721e+01 -2.606635739452840994e+00
1.512022252824269941e+01 -1.885589546040598918e+00
1.505330505230656257e+01 3.384069301157026644e-01
1.502540087850961470e+01 1.029354588045073626e+00
1.503489628460375371e+01 1.758513934308599147e+00
1.502532720148099088e+01 2.483130385872218682e+00
1.506884599868023855e+01 3.204140308225831291e+00
1.507182593873004350e+01 3.924307061895156323e+00
1.596155385227434209e+01 -4.063458306249689400e+00
1.594732698517420744e+01 -3.358436929575240981e+00
1.591747617435719064e+01 -2.591490946048427446e+00
1.586290939017194290e+01 -1.146956493631250851e+00
1.584020738641294912e+01 3.415003019660183270e-01
1.583108510383853940e+01 1.008992130841971147e+00
1.578411320235144899e+01 1.761061166157428914e+00
1.580201837273474297e+01 3.205739712913882045e+00
1.580020319361194936e+01 3.936589863633912501e+00
1.670584999435912010e+01 -4.076397849409257645e+00
1.669803911089680071e+01 -3.350849228204854313e+00
1.672093524112944607e+01 -2.616153779277627933e+00
1.670091844316091567e+01 -1.907299188493645659e+00
1.662571192150001309e+01 -1.165442056607666643e+00
1.668253907523428126e+01 -4.429903533537142835e-01
1.658850143227343921e+01 3.276320971944421956e-01
1.654738971924461310e+01 1.761262915761815151e+00
1.656126177031959656e+01 2.489068720877138929e+00
1.653614314932438134e+01 3.234138581324558004e+00
1.657427102828874865e+01 3.922954053646613204e+00
1.743530779630113869e+01 -4.083718348148824617e+00
1.744401300862354987e+01 -3.355298741648464755e+00
1.743682251684941775e+01 -2.662019211923023931e+00
1.743720337228501194e+01 -1.905579521591050707e+00
1.740274003008409665e+01 -1.195337827819408005e+00
1.739201021543347281e+01 -4.553483399648747820e-01
1.738372923708907081e+01 2.837768642096101246e-01
1.734228109661074768e+01 1.779464889295393704e+00
1.732820901443058403e+01 2.493514106889470838e+00
1.730435958010616559e+01 3.192790354523744156e+00
1.732232023013371247e+01 3.938169928556654042e+00
1.817793852419003287e+01 -4.067958377113789936e+00
1.815847189958667940e+01 -3.343582083783502412e+00
1.814668300609748286e+01 -2.633144224953248624e+00
1.814070151185835300e+01 -1.871692091484280951e+00
1.814408187232866254e+01 -1.173497892697263012e+00
1.812479543673470062e+01 -4.557266824291055229e-01
1.813028497401569439e+01 3.485248440771719913e-01
1.807113364154757562e+01 1.030698856446342404e+00
1.805396905740062863e+01 1.691040544694121905e+00
1.808205142320105807e+01 2.517676028117630693e+00
1.807923701892859469e+01 3.216167418284584301e+00
1.809555217514580505e+01 3.959122798482880512e+00
1.890160026314602248e+01 -4.053165010225491471e+00
1.889225408458894861e+01 -3.352064439917331384e+00
1.887911546034205656e+01 -2.608556805747713980e+00
1.885805699741478492e+01 -1.894030016471774047e+00
1.883267500983875209e+01 -1.177730476291351636e+00
1.886014918841635790e+01 -4.345012819106841562e-01
1.882913989252269005e+01 2.915579997216397601e-01
1.883782078434422402e+01 1.036182074658899666e+00
1.882205584972649604e+01 1.775692776032766318e+00
1.881340124552713178e+01 2.510557020889404356e+00
1.880890327456265254e+01 3.252468660421506286e+00
1.879316893978590741e+01 3.955317287534271031e+00
1.961464366326477204e+01 -4.085537218822423711e+00
1.961220388912720125e+01 -3.337738269644230371e+00
1.958700682823222650e+01 -2.610943027218926460e+00
1.959979557226984781e+01 -1.896718923335203755e+00
1.958858897011447198e+01 -1.148532769383031393e+00
1.959644433338174707e+01 -4.234348302860588831e-01
1.956337122181859911e+01 3.158551423868800612e-01
1.958941268307840033e+01 1.032247617053617006e+00
1.953531842641394434e+01 1.768975170585569856e+00
1.955076184227969094e+01 2.503285916129186717e+00
1.953369607700360433e+01 3.243356156761947773e+00
1.955662550665714861e+01 4.002428025703856918e+00
2.038424098335811863e+01 -4.041278134081657925e+00
2.033381719041062041e+01 -3.315605266961441089e+00
2.034129914548054785e+01 -2.587726491406829865e+00
2.032865706527243788e+01 -1.870719524950462898e+00
2.030963558187244189e+01 -1.149258797083835049e+00
2.030497787107871233e+01 -4.196287648702679007e-01
2.031206690977216311e+01 3.123730998875338116e-01
2.029899689797136375e+01 1.036864413103266713e+00
2.029583409928992666e+01 1.769029663133551367e+00
2.032131855198888104e+01 2.494959910501606259e+00
2.028921241774592943e+01 3.229583290430419140e+00
2.032936612245858754e+01 3.974320370644491618e+00
2.114724548812824878e+01 -4.054056123159700320e+00
2.113920305643398478e+01 -3.317663048877601994e+00
2.110192758290692439e+01 -2.611258774884074541e+00
2.109329361277864479e+01 -1.835803154993502773e+00
2.108148448271798969e+01 -1.119934231321995100e+00
2.106862848774481023e+01 3.187466626869017716e-01
2.111421538280722388e+01 1.061296800631239989e+00
2.108297665955679889e+01 1.775749108743923443e+00
2.106115130344382180e+01 2.524625601716714129e+00
2.104787660992599996e+01 3.243234780640904091e+00
2.110424202256233883e+01 3.933977254766737985e+00
2.187765827219790538e+01 -4.063128260862015395e+00
2.185984027343315717e+01 -3.331826439257294936e+00
2.184244894917942759e+01 -2.571842782926946569e+00
2.187527005322497331e+01 -1.864017577297918393e+00
2.187938493603576973e+01 -1.127582271107762324e+00
2.186122185344413538e+01 -4.146325463612647866e-01
2.185239000709844248e+01 3.243783656062255716e-01
2.188259056860893281e+01 1.055180176307750628e+00
2.183207211823218330e+01 1.774077889510227379e+00
2.184868569994493726e+01 2.526513985162356590e+00
2.186759447062800632e+01 3.215134196985424353e+00
2.187031143160291435e+01 3.957202118411835556e+00
2.278548215402238952e+01 -3.979512192665044523e+00
2.272763541564921752e+01 -3.323431719543354035e+00
2.275024845421653907e+01 -2.549822280885095438e+00
2.278161283629921741e+01 -1.843504254412607679e+00
2.265409289863222142e+01 -3.956961663800910856e-01
2.265852415107649165e+01 3.345991801782126629e-01
2.264631772628568740e+01 1.066079061148137441e+00
2.262456507476280620e+01 1.789291528723889968e+00
2.262459344931475158e+01 2.511843910809286484e+00
2.263499695781955978e+01 3.219795778731530334e+00
2.262684501516534397e+01 3.985072970374154977e+00
2.350318442189474410e+01 -4.055512194459097941e+00
2.351029723332899124e+01 -3.314171334827605619e+00
2.350043808427830072e+01 -2.593704785985231354e+00
2.351163067716301214e+01 -1.845734058627744645e+00
2.349778985394005559e+01 -1.120880670563202841e+00
2.348581866960071096e+01 -3.996842853388429262e-01
2.347334339529502500e+01 3.250066019254340688e-01
2.342886163707822078e+01 1.068294030562647379e+00
2.341813970202414197e+01 2.552212872872175353e+00
2.340127397346625315e+01 3.230373488722882769e+00
2.338141996312933912e+01 3.957214846330479929e+00
2.424389386913018996e+01 -4.040036724656292932e+00
2.423525525770806155e+01 -3.313988584128232162e+00
2.424734949579575272e+01 -2.585993221794705477e+00
2.423254434192611484e+01 -1.852033693424363747e+00
2.423579476961595702e+01 -1.126404723406107422e+00
2.421119067739894604e+01 -4.105526930039609113e-01
2.420590593102978261e+01 3.251510718867294258e-01
2.419408087362746329e+01 1.058746416813388436e+00
2.419181969527569009e+01 1.789996106720060709e+00
2.418577995186389984e+01 2.510867419715179238e+00
2.412475046080241725e+01 3.253642964598789433e+00
2.416876621535424619e+01 3.945991627545957670e+00
2.497131289027651491e+01 -4.038126459059661499e+00
2.496990376976419412e+01 -3.316086405318323216e+00
2.496192444396182708e+01 -2.580859190760765642e+00
2.497803347046217937e+01 -1.858317474805637914e+00
2.495954166803907270e+01 -1.121342578755410102e+00
2.494716717659539285e+01 -3.922065833284875680e-01
2.498564002169199938e+01 2.965103993850881636e-01
2.494536933133998247e+01 1.059405310496732255e+00
2.491424988297923448e+01 1.779592820987101476e+00
2.492623299639659251e+01 2.515418505236755919e+00
2.489516746504611433e+01 3.246757280081915553e+00
2.494473078047811754e+01 3.963786218988587962e+00
2.572373748327537868e+01 -4.030508657486041812e+00
2.570577932974287449e+01 -2.595530025988580292e+00
2.567052830462164081e+01 -1.871098667125377091e+00
2.569928723556332528e+01 -1.139441469942937601e+00
2.568734074644224563e+01 -4.123384577663031791e-01
2.568749035933298330e+01 3.151419383797140483e-01
2.569284778142357339e+01 1.036554810750935474e+00
2.569809127432507978e+01 1.777079849789775068e+00
2.567837482975159702e+01 2.499118178595519879e+00
2.566965736659462038e+01 3.234218115097213797e+00
2.567553663387899832e+01 3.954954689289131409e+00
2.644896894351990824e+01 -4.030005185050345773e+00
2.637695824855859428e+01 -3.302498222976989695e+00
2.646817714892394235e+01 -2.587384484482591063e+00
2.642910193491636051e+01 -1.856445399887650893e+00
2.643553061033951224e+01 -1.141637994713011750e+00
2.643258673254904778e+01 -4.125465394150751308e-01
2.642279075098701924e+01 3.145155413365152697e-01
2.641966585513929289e+01 1.033805850109015267e+00
2.641419185585773732e+01 1.764666068867914106e+00
2.643477349411531918e+01 2.480244757748533146e+00
2.642905615666411734e+01 3.229209663639231565e+00
2.644150139641200070e+01 3.960386101303392081e+00
2.717459732672375594e+01 -4.025546671815799726e+00
2.717859673199284742e+01 -3.330163910125182980e+00
2.716554470594756054e+01 -2.596023294610187548e+00
2.717148651925371183e+01 -1.862566154038503896e+00
2.716319326697494319e+01 -1.141259996217879547e+00
2.715681017471266046e+01 -3.933404476158202101e-01
2.716844421010617339e+01 3.165777368639801637e-01
2.713861962157043450e+01 1.044794897405761702e+00
2.718031240858973518e+01 1.787902751271012391e+00
2.719545328928975891e+01 2.530359559080370246e+00
2.717607874669932500e+01 3.228464105127635264e+00
2.717833650108835997e+01 3.957805301140574272e+00
2.794068603070378032e+01 -4.048161958693807350e+00
2.789544084068837293e+01 -3.352352913897949094e+00
2.794180833959578081e+01 -2.599467752910410212e+00
2.791333838244642607e+01 -1.868973072375791133e+00
2.792407143636414446e+01 -1.145234572380044114e+00
2.790262616422918285e+01 -4.387034020021722824e-01
2.791558199834429388e+01 3.204389902634865450e-01
2.790778536501765217e+01 1.001233110203358478e+00
2.789510007676486225e+01 1.787729099531112809e+00
2.791372442971690759e+01 2.496482493592218077e+00
2.792855859376723515e+01 3.227559164620309673e+00
2.791899258963068320e+01 3.956728063093791548e+00
2.866929212899510304e+01 -4.073441232597790673e+00
2.866323346777694070e+01 -3.318368806112388825e+00
2.866307698921338698e+01 -2.589989713681259076e+00
2.868292839885491929e+01 -1.883241205769152771e+00
2.866538056323665984e+01 -1.131654605064927210e+00
2.867631181339327640e+01 -4.188776814429608919e-01
2.868006899705439849e+01 3.017618391366596597e-01
2.867957171972846453e+01 1.022123847932370211e+00
2.867882322693566977e+01 1.758462472820742306e+00
2.864470684209259588e+01 2.495819339445116469e+00
2.864406587684496941e+01 3.229930031765590570e+00
2.867138164599770533e+01 3.952898341547566474e+00
2.945542171620073901e+01 -4.046082122165380213e+00
2.942101738592850069e+01 -3.336919529709142296e+00
2.941714283287308973e+01 -2.569149333778081967e+00
2.941119979010112928e+01 -1.886643405192934608e+00
2.939946350262174946e+01 -1.156176800345235733e+00
2.938591118693535265e+01 -4.343062165644049344e-01
2.938992472096783359e+01 2.968212231031692738e-01
2.940531369474215495e+01 1.024160706133653065e+00
2.940539710956688424e+01 1.733645013122274037e+00
2.941868335417955649e+01 2.477866370659985051e+00
2.942884135613632424e+01 3.191920370936131235e+00
2.942896357079892056e+01 3.943682151143988790e+00
3.017791860600333820e+01 -4.059138367473327236e+00
3.019872169692354902e+01 -3.344730054940473707e+00
3.018124402055749300e+01 -2.616542235348909173e+00
3.017443218858911536e+01 -1.888161732257295000e+00
3.017088051174996366e+01 -1.156621834850646735e+00
3.014848860760242388e+01 -4.344693056628052830e-01
3.016042699339373456e+01 2.929383208981271025e-01
3.014559807365639443e+01 1.036074149802406197e+00
3.014921898217519214e+01 1.760080801903225023e+00
3.015856086129215186e+01 2.466689918558866879e+00
3.016503086606659423e+01 3.192075337242556543e+00
3.016377598806814575e+01 3.921482978541241948e+00
3.092436742987164422e+01 -4.055013598896177740e+00
3.090901481085229108e+01 -1.876815807507135503e+00
3.090605996853398807e+01 -1.171694846867985973e+00
3.091069915761824660e+01 -4.213912676861966133e-01
3.091709402833549092e+01 2.927726980062601569e-01
3.089455453397747675e+01 1.005538513712377124e+00
3.089140273812369486e+01 1.741220228310037754e+00
3.089950664233399635e+01 2.474714585817039847e+00
3.090203268139591586e+01 3.200621904101630832e+00
3.088567649806699222e+01 3.915109780910562165e+00
3.168943814803501624e+01 -4.068680164093514406e+00
3.166402782913745995e+01 -3.321193173299466395e+00
3.166009533494760575e+01 -2.607872256692576940e+00
3.168056973976012358e+01 -1.889936103725442962e+00
3.165621365040029644e+01 -1.167436971972357185e+00
3.163977642136972435e+01 -4.534043731284782552e-01
3.165038608617653182e+01 2.912784050604777519e-01
3.165439995888390712e+01 1.013958129251555818e+00
3.166256611935522614e+01 1.745257779399931763e+00
3.165954059649377683e+01 2.480089893950108149e+00
3.163757283339825932e+01 3.219734940653687261e+00
3.164159366534982354e+01 3.932377917816850754e+00
3.244206469984967356e+01 -4.060972642560752632e+00
3.242564857365800179e+01 -3.340661103828669098e+00
3.238610027357660925e+01 -2.600870827941005103e+00
3.240489418806360078e+01 -1.897771765172223013e+00
3.238538508245085978e+01 -1.147748520188674348e+00
3.239944460189143882e+01 2.829252508501447494e-01
3.239854595774472301e+01 1.000891119646393435e+00
3.237165603217238896e+01 1.752854776794567471e+00
3.238751056979429421e+01 2.477762047563203396e+00
3.237265415758779596e+01 3.195182743532107850e+00
3.242445772508639124e+01 3.909406984524835593e+00
3.315007252529904491e+01 -4.062334079810678844e+00
3.315303134503667337e+01 -3.336925416055457561e+00
3.315584295863327924e+01 -2.598100954670179874e+00
3.313708415607711544e+01 -1.877925480808727343e+00
3.314033718227951653e+01 -1.156649120440025769e+00
3.312303468893707503e+01 2.819295126719651989e-01
3.311537055966082477e+01 1.015974174437427990e+00
3.315993506055352924e+01 1.733137997117420781e+00
3.314569202970385930e+01 2.460780923054898039e+00
3.314429096945892894e+01 3.202367852304128348e+00
3.314782787576059064e+01 3.925085085582701083e+00
3.389838102995415881e+01 -4.052706783158399162e+00
3.388880985260548329e+01 -3.326670281822753594e+00
3.390961106604856212e+01 -2.610133522184653998e+00
3.387102217193760367e+01 -1.885373915176113968e+00
3.387463610617111698e+01 -1.146151774652334865e+00
3.389253663687032514e+01 -4.369705046610761201e-01
3.386804898579406853e+01 2.859666559711087075e-01
3.387459294320520797e+01 1.017182943226977443e+00
3.387182111385157413e+01 1.740324346628817409e+00
3.385668421610390766e+01 2.486160249050062276e+00
3.389304694901537829e+01 3.206637213530264319e+00
3.385962283038784193e+01 3.949888752891823174e+00
3.464052300357842995e+01 -4.036832087662205026e+00
3.462528120362650697e+01 -3.315320026557326827e+00
3.462428870438792927e+01 -2.594710280753584897e+00
3.461360504837617924e+01 -1.883322481216954003e+00
3.462235422874015711e+01 -1.157682123347971270e+00
3.461292778052355601e+01 -4.394229575075954131e-01
3.460577208747462663e+01 2.895626820350365449e-01
3.460651102216075259e+01 1.033332048288777116e+00
3.461518604813037570e+01 1.767328910965662914e+00
3.463242851829273405e+01 2.479450265967631850e+00
3.463301857601140199e+01 3.214233783033762393e+00
3.460434244315825225e+01 3.949750434651804198e+00
3.536750486399798632e+01 -4.049455046912360245e+00
3.530898826972862281e+01 -3.347236485687734131e+00
3.535379663686770613e+01 -2.594642452227670759e+00
3.535400021680431593e+01 -1.874905619942772717e+00
3.534901399034364289e+01 -1.183800257283682100e+00
3.536778377735580392e+01 -4.497193990563701504e-01
3.534756951959246152e+01 3.076311532027560247e-01
3.534282670928347869e+01 1.011150757510041132e+00
3.533224395562165654e+01 1.766908232949568003e+00
3.532369424263470847e+01 2.464722396931890103e+00
3.535870931315822219e+01 3.216259182118236026e+00
3.533694732631145285e+01 3.940687100283334132e+00
3.610558677663855320e+01 -4.027031023384633812e+00
3.610053026426586342e+01 -3.304140558940883210e+00
3.610566935706967939e+01 -2.590404879258738191e+00
3.609180621849322534e+01 -1.874894212094066148e+00
3.608984841181433723e+01 -1.150470317072123549e+00
3.608063565033543085e+01 -4.225993707229704910e-01
3.609771952246212123e+01 3.209270903600653924e-01
3.610330648449923530e+01 1.073525358257619189e+00
3.610502080364529576e+01 2.484317058427183866e+00
3.609173997246063692e+01 3.231340444939135637e+00
3.611264977352939098e+01 3.978700629253303589e+00
3.681903422175711427e+01 -4.071846329225468963e+00
3.681867864890214292e+01 -3.311810475694052514e+00
3.681268219058301128e+01 -2.681475260230161695e+00
3.682812815551618968e+01 -1.866470478497440411e+00
3.682326726636437542e+01 -1.137605626649065726e+00
3.681175480355226881e+01 -4.142679111630940270e-01
3.685912591722729559e+01 3.191939707525044412e-01
3.683163001164627559e+01 1.029826973378874300e+00
3.682374969957404431e+01 1.808817842240955542e+00
3.682202683119005115e+01 2.505515641345652966e+00
3.686627436106190459e+01 3.263539514366648575e+00
3.687579290415509803e+01 3.957571267252951941e+00
3.760183417356011404e+01 -4.043915593115304574e+00
3.757263489664396872e+01 -3.303188782834055814e+00
3.756497297215970121e+01 -2.581535710031946707e+00
3.754400085824904210e+01 -1.133608479419489612e+00
3.754618103885044178e+01 -4.046256961845564604e-01
3.753144492370427798e+01 3.783835249831923875e-01
3.755810103712877179e+01 1.076549120303965879e+00
3.758212714348413641e+01 1.761261057045963696e+00
3.761047665506512061e+01 2.505629150195044730e+00
3.757568680278148321e+01 3.239999931406728706e+00
3.758952584047010959e+01 3.958280264631248713e+00
3.832605096190953731e+01 -4.018159308516150219e+00
3.833262672857730280e+01 -3.288588336558042613e+00
3.831336422956615451e+01 -2.577903572960778433e+00
3.830632824391353353e+01 -1.856236428699286733e+00
3.831474923978098701e+01 -1.122488167030628148e+00
3.829337827111499593e+01 -3.872094267441958948e-01
3.834720504925716256e+01 3.625634327349658292e-01
3.834948125581919243e+01 1.068116191476544685e+00
3.835897598091695926e+01 1.778008590112079901e+00
3.834850134529846599e+01 2.535191289622883204e+00
3.911620076982861605e+01 -3.979569087131920924e+00
3.912224202345846180e+01 -3.252866524567600948e+00
3.910098582352916452e+01 -2.571538439003536070e+00
3.912489527343893059e+01 -1.817648142125289468e+00
3.919914452518755610e+01 -1.054813835085219864e+00
3.909816184244174764e+01 -3.191282999195124148e-01
3.913307124849627172e+01 2.592266231231761253e+00
3.913054585064967483e+01 3.125866033554721923e+00
3.992035072701207099e+01 -3.321762029316211340e+00
3.982873399747801813e+01 -2.642915361035242938e+00
3.986623701570712086e+01 -1.829228157231906238e+00
3.998749680262917394e+01 1.095264433629683509e+00
3.999240008865410090e+01 1.847038680510344477e+00
4.000061810045932731e+01 2.609720056621362971e+00
4.000392096271577458e+01 3.307299290869053721e+00
3.999532316840524260e+01 4.015314234101424518e+00
4.073812634369310359e+01 -3.990098460632186317e+00
4.071938641249223423e+01 -3.250898912654630379e+00
4.071202578657585747e+01 -2.499415634262412311e+00
4.071118971195581793e+01 -1.794843086794472242e+00
4.071788260782295055e+01 -1.070838033228568520e+00
4.072717424603924741e+01 -3.387763499150402424e-01
4.074678390891995861e+01 1.109295788087933943e+00
4.072880771049224080e+01 1.839624001243272744e+00
4.071750072662765518e+01 2.560384808939062395e+00
4.069925296882710342e+01 3.320030341882443281e+00
4.071642008054931949e+01 3.990098460632189870e+00
