-4.076267450028389305e+00 -4.158146954040386589e+00
-4.024837564818298574e+00 -2.866930105768883408e+00
-4.074523327306366127e+00 -1.974392499985700766e+00
-4.074316840655342276e+00 -1.255186934587506187e+00
-4.107963396725068606e+00 -5.079526411842962830e-01
-4.077759398962477633e+00 2.588436538462026704e-01
-4.075452054158162696e+00 9.640346615162940225e-01
-4.081316726602345568e+00 1.697171395887753675e+00
-4.065010730400572925e+00 2.399609252518043689e+00
-4.084704124621651999e+00 3.085140907331350490e+00
-4.075887416872035374e+00 3.838109988971737607e+00
-3.168222159087420664e+00 -4.131667552803108379e+00
-3.218422214534847114e+00 -3.422061949012185522e+00
-3.225914631656237930e+00 -2.669606239700929251e+00
-3.264368507663661489e+00 -1.949105491359695463e+00
-3.243977485597795862e+00 -1.220371628912886308e+00
-3.246606311666830891e+00 -5.148574352461388060e-01
-3.241810171868280577e+00 9.758707472110828007e-01
-3.289236997880649938e+00 1.699980560213067093e+00
-3.301173092369623419e+00 2.409974843200398453e+00
-3.318015136074677685e+00 3.194806836481212997e+00
-2.479763338100013925e+00 -3.399715086733550606e+00
-2.532181504211308720e+00 -2.661523017581227890e+00
-2.493638698207533366e+00 -1.949836258979079417e+00
-2.513939685223199660e+00 -1.213121377146773483e+00
-2.513908132772023407e+00 -4.978092303076344649e-01
-2.489293554952929810e+00 9.797810122566872337e-01
-2.521369091170640786e+00 1.701776140416285443e+00
-2.563506909056208372e+00 2.450406282181077700e+00
-2.550154063487710232e+00 3.217737335696064349e+00
-2.560990529199230537e+00 3.929955704527493765e+00
-1.751810442682462110e+00 -4.105927952202637954e+00
-1.760436547894407511e+00 -3.393854940342439619e+00
-1.751640778090916228e+00 -2.661745691902478228e+00
-1.767417449990880129e+00 -1.922973006006138519e+00
-1.801777557842193289e+00 -1.227340924928071786e+00
-1.760663951741271660e+00 -5.067947374395167515e-01
-1.770785066896515048e+00 9.400694825606557004e-01
-1.792995995332546499e+00 1.732357398790426828e+00
-1.794846067786188826e+00 2.479053601280348573e+00
-1.787869040517904295e+00 3.189817787415329065e+00
-1.778461707913372436e+00 3.924294497051221242e+00
-1.009471555428753220e+00 -4.074277751589139740e+00
-1.013256696747369290e+00 -3.350960815544830496e+00
-1.019690737201862873e+00 -2.657484520307445308e+00
-1.018296224563329133e+00 -1.937369782977793164e+00
-1.015159802770689623e+00 -1.209646038507489862e+00
-1.013159770938763415e+00 -4.698192524028179662e-01
-1.016999736593504622e+00 2.683075935499346087e-01
-1.045198428201821628e+00 1.689208191609271381e+00
-1.031837156627673835e+00 2.491533409793966314e+00
-1.104067430467999600e+00 3.206767386775261741e+00
-1.056801319206314815e+00 3.955285220651411748e+00
-2.578242224704112573e-01 -4.061974159336013912e+00
-2.873650071596998146e-01 -3.394019767503355212e+00
-3.147111401141842180e-01 -2.671772281808948435e+00
-2.881292543476163814e-01 -1.928551820868417366e+00
-2.837431080636676484e-01 -1.222920990604773550e+00
-3.045089481219278582e-01 -4.834864967368304178e-01
-3.461563648522982817e-01 2.336482328909035289e-01
-2.921742246958487499e-01 9.722920428197561193e-01
-2.957052672712094932e-01 1.714027464672309264e+00
-2.771675822287207325e-01 2.502888717460699297e+00
-3.435650975059871826e-01 3.152778170553695247e+00
-2.904070770963329551e-01 3.916039580818605259e+00
4.759849452325113361e-01 -4.074687110274297197e+00
5.264884443567225958e-01 -3.294392534782016213e+00
4.464974796049006045e-01 -2.616998367555058991e+00
4.509471860762701567e-01 -1.939747121600760238e+00
4.495642342210786069e-01 -1.208611433474693797e+00
4.459470865258694516e-01 -5.270298419006458346e-01
4.411098751388067285e-01 2.066757929710050234e-01
4.704102457197265608e-01 9.603021545096019906e-01
4.920457191310276812e-01 1.693495109598050163e+00
4.565196166116933796e-01 2.505118286464785626e+00
4.557244386783452228e-01 3.172247125406961743e+00
4.454588967561861068e-01 3.883597148275228506e+00
1.187864668361171994e+00 -4.049240042825836383e+00
1.189697970032220553e+00 -3.333648222015771267e+00
1.190582709997102029e+00 -2.612805470414272691e+00
1.275428627662435588e+00 -1.915850111586411941e+00
1.168005094579214642e+00 -1.227877342057237087e+00
1.191294538977444972e+00 -4.999136310752341217e-01
1.118838386385341721e+00 2.627126197328699675e-01
1.212628070443791728e+00 9.280387900169628779e-01
1.222913977945651709e+00 1.682657371155460879e+00
1.243639010846457893e+00 2.429409629540426607e+00
1.273783330172513217e+00 3.154678994796213942e+00
1.933593386637163292e+00 -4.046187202955827900e+00
1.940441250746957280e+00 -3.333762217938289751e+00
1.940354079548022526e+00 -2.609423242191798664e+00
1.915603604883742150e+00 -1.203049522463022214e+00
1.926174794276171554e+00 -5.019791582167307809e-01
1.943165906152991340e+00 2.408404556874117475e-01
1.969518777758764827e+00 9.504025093816359515e-01
2.019531954809245633e+00 1.696590237121540667e+00
1.985347692387755103e+00 2.407015702064004614e+00
2.024663709964563907e+00 3.113287912006477143e+00
2.078415970615075992e+00 3.790276760300251624e+00
2.661346076888136736e+00 -4.056939838888698802e+00
2.681217162707852708e+00 -3.331370872987985621e+00
2.670104664893287350e+00 -2.602093830165006949e+00
2.691116977543018152e+00 -1.886629686567562914e+00
2.668744250598692247e+00 -1.201334798178290697e+00
2.668158168670871078e+00 -4.603431054345854534e-01
2.696344151651260290e+00 2.361616405720141643e-01
2.729081815031626945e+00 1.011549210437721058e+00
2.753681063385108985e+00 1.677211311295241813e+00
2.785710010992822561e+00 2.425546481231478424e+00
2.761852633751551878e+00 3.118510911654432505e+00
2.763595735763324512e+00 3.852001368070517628e+00
3.433013837278735991e+00 -4.061099660090999208e+00
3.417112324611728980e+00 -3.351047625928480045e+00
3.426612230712009932e+00 -2.611636357588391633e+00
3.422454549159063220e+00 -1.863822139376136278e+00
3.399930657845338544e+00 -1.153356874167787538e+00
3.475879199283156140e+00 -4.696028504194487141e-01
3.445028813690910852e+00 2.566183836902062865e-01
3.471164295355166018e+00 9.416120850602567316e-01
3.470437688918451613e+00 1.694240341223178348e+00
3.510598247634654001e+00 2.432586587365637598e+00
3.532292964501287713e+00 3.141302664488897278e+00
3.540627307101956944e+00 3.847457475621723688e+00
4.191365211769856103e+00 -4.066474898954663075e+00
4.170623798026717566e+00 -3.384490911634788546e+00
4.177353747697281960e+00 -2.607489780988476724e+00
4.168282471680782919e+00 -1.900709011826904771e+00
4.263526796288729770e+00 -4.571281205266650716e-01
4.241448019894598076e+00 2.633013147029750201e-01
4.175179176761062649e+00 9.522125664018368241e-01
4.247106975690272179e+00 1.689813270642510190e+00
4.272294798529223669e+00 3.128515230341740505e+00
4.309891231825353941e+00 3.839672360104323445e+00
4.918174563863928483e+00 -4.071526988748797038e+00
4.893625067155973341e+00 -3.362109367445732744e+00
4.926336466727434527e+00 -1.903210593739451895e+00
4.984761757804243132e+00 -1.203666439765637364e+00
5.023789393736002751e+00 -4.649746007117698809e-01
5.055876929933944552e+00 2.552323499096438297e-01
5.007405542940716714e+00 9.779305347108717683e-01
4.982265060919530697e+00 1.668055346113018089e+00
5.022925289410096639e+00 2.400001230906351424e+00
5.033344558695489468e+00 3.132438530499641161e+00
5.037429078941372040e+00 3.870327112608741515e+00
5.750673840665008640e+00 -4.061795437084590787e+00
5.735116953660856609e+00 -3.364668347028459294e+00
5.763851623062784313e+00 -2.536756793631653295e+00
5.695238000293834091e+00 -1.950821003069332704e+00
5.753624573774828832e+00 -1.246878879535408657e+00
5.793544993079322580e+00 2.057956635401794188e-01
5.799280321300457786e+00 9.477927755067057092e-01
5.769253211645782642e+00 1.653936622770590503e+00
5.758811103950336019e+00 2.394742804866751840e+00
5.751191453368249995e+00 3.110166767581532099e+00
5.753896259307595074e+00 3.854279949435010622e+00
6.528503158955658137e+00 -2.676140051246818530e+00
6.562102904182779639e+00 -1.261312024634250406e+00
6.547477170539949043e+00 -5.433786494641950071e-01
6.513334173273484851e+00 2.029052392770793745e-01
6.501321021845910764e+00 9.371415659961144229e-01
6.519713338590875651e+00 1.647212055876703829e+00
6.516151686873477900e+00 2.380011502971960624e+00
6.509804865538420415e+00 3.105039038949641395e+00
6.549805981095559559e+00 3.807773033101540250e+00
7.331239548242713511e+00 -1.981412993770277353e+00
7.292792920917840149e+00 -1.270346465782900225e+00
7.304541669699979423e+00 -5.739384672489329375e-01
7.263038067244110607e+00 1.564165208724084266e-01
7.246954854482474673e+00 9.502840183667586871e-01
7.262894480777447370e+00 1.653265472053760732e+00
7.293677985678520770e+00 2.323792714072027366e+00
7.286642430443933449e+00 3.057872959858720208e+00
7.356494096425208795e+00 3.750605816439261275e+00
8.232195019437554606e+00 -4.111414762040300985e+00
8.235619619824674942e+00 -3.394260028081426128e+00
8.212214267999762285e+00 -2.680120525404845466e+00
8.169014281658739662e+00 -1.994552684789862695e+00
8.141081528818169488e+00 -1.260646641433808668e+00
8.115094907470172814e+00 -5.527864021951209850e-01
8.031526909053710028e+00 9.082290158317256612e-01
8.010198252246865991e+00 1.580393353031283254e+00
8.044650065233760472e+00 2.337075577329532194e+00
8.084663641653058619e+00 3.081169906254189073e+00
8.116156790088432160e+00 3.738757741947438262e+00
8.998934589406175633e+00 -3.425848438505642690e+00
9.003139052596736747e+00 -2.690398478333605681e+00
9.001898502491030740e+00 -1.997515628729956916e+00
8.942961827389062535e+00 -1.291758172598214571e+00
8.840198051725167261e+00 1.470713740806885994e-01
8.792188017454087401e+00 8.732612318531600692e-01
8.793301618975220890e+00 1.592105245658917312e+00
8.808690512165895825e+00 2.311180971864306599e+00
8.856946056225439179e+00 2.985087748158576915e+00
8.890854022267248524e+00 3.767621086755184479e+00
9.805516392818482529e+00 -3.431623189304563226e+00
9.794581888699525507e+00 -2.695627099228435242e+00
9.815683168272343551e+00 -2.049339021033183883e+00
9.726870553623868432e+00 -1.256222217643699679e+00
9.727537375949999898e+00 -5.392253697170694693e-01
9.636411272410391859e+00 1.400244595203510301e-01
9.570386199786980796e+00 8.558495382504744953e-01
9.541507211349873785e+00 1.584940260663337597e+00
9.577920710554614914e+00 2.302746998576431281e+00
9.637060367238632352e+00 3.018687900847936589e+00
9.645947635346217908e+00 3.715152935700388070e+00
1.071877189746635395e+01 -4.224756970791816002e+00
1.066328625737430968e+01 -3.469735726523886399e+00
1.065733721218066421e+01 -2.772462461160770886e+00
1.056537334435945041e+01 -2.044170902722260763e+00
1.054989243635207430e+01 -1.284017608764287388e+00
1.050623769185543210e+01 -5.776983476726726963e-01
1.047952684877922991e+01 1.757760680124675901e-01
1.047311930553979664e+01 8.166357033310376323e-01
1.053358908554610451e+01 1.556098935762889823e+00
1.046623005279327856e+01 2.332884645318117123e+00
1.044971569759969299e+01 3.002154876129075944e+00
1.048904756611003108e+01 3.725468037486059814e+00
1.160466960857038998e+01 -4.159748700748007622e+00
1.160403344724479524e+01 -3.452648561155594820e+00
1.157886602379652885e+01 -2.701813453459415371e+00
1.151079627239228387e+01 -1.272309011208410112e+00
1.146536027345231190e+01 1.190427270195506537e-01
1.124133358484841949e+01 8.595118504007466242e-01
1.124275919931599788e+01 1.582279345394820069e+00
1.122880347216974428e+01 2.304499026693715535e+00
1.126525894326006494e+01 3.028981600631425408e+00
1.127611799387147329e+01 3.728562685050611947e+00
1.231777721899926803e+01 -3.450736263831903017e+00
1.254330402187977711e+01 -2.701850468466833632e+00
1.234430889978780499e+01 -2.046724653233631841e+00
1.234453831538345980e+01 -1.314751830584764747e+00
1.228225160753763845e+01 -5.854652888237303898e-01
1.223050016910287496e+01 1.418340931817887451e-01
1.214397583658682578e+01 8.487103506054545221e-01
1.202630067574345674e+01 1.573707226228542311e+00
1.198727992290801581e+01 2.345781080097658844e+00
1.201129352081666468e+01 3.029903411367193655e+00
1.208448331850934210e+01 3.726686828969668852e+00
1.325412480856235220e+01 -4.204338560952731285e+00
1.323333987068595263e+01 -3.477231385659326435e+00
1.321365705296032900e+01 -2.728500372446866606e+00
1.307787705788448562e+01 -2.100114897988671459e+00
1.295139745277160870e+01 1.845452269308545112e-01
1.291807952140375448e+01 8.711386431858123558e-01
1.284857656145958771e+01 1.571716291384614550e+00
1.287711862605739555e+01 2.278829740495329048e+00
1.295185996649598792e+01 2.993266973131731845e+00
1.298984192451033692e+01 3.718343044387587781e+00
1.419434287420639151e+01 -4.229747596121928410e+00
1.411695495246835463e+01 -3.475434954287170086e+00
1.406397153935454725e+01 -2.719221236515114271e+00
1.392868636198119248e+01 -1.304501493819408608e+00
1.387469671390503123e+01 1.657573184657081811e-01
1.385010664563878180e+01 8.373365875776634937e-01
1.367175916885045694e+01 1.592772598014917662e+00
1.372199769613359877e+01 3.026877879920611747e+00
1.372032576813624871e+01 3.725995506190237450e+00
1.495119963504396310e+01 -4.226531065148673605e+00
1.494865325967597158e+01 -3.512999517239130398e+00
1.497710971674541724e+01 -2.796006347113273449e+00
1.495774900459098689e+01 -2.098270592611992669e+00
1.481781453408729021e+01 -1.331185808209990995e+00
1.491467470066536549e+01 -6.091756369382217429e-01
1.464001238091952928e+01 1.717876517521226276e-01
1.453663751511771807e+01 1.600794161314084363e+00
1.455362962743362232e+01 2.313038004352957699e+00
1.447559180334056350e+01 3.037827988125975764e+00
1.454321890845522347e+01 3.699757753847997321e+00
1.570839827105017861e+01 -4.288213729178821154e+00
1.571022253119484446e+01 -3.543645459589590985e+00
1.569137244677175858e+01 -2.849796683850353674e+00
1.567053067051663362e+01 -2.115554906454082840e+00
1.562560500763988358e+01 -1.366061563298977433e+00
1.558937357843033311e+01 -6.493507139024075059e-01
1.555473150040633357e+01 1.084322441679113069e-01
1.540909756284196419e+01 1.621485113657481492e+00
1.537265867464738989e+01 2.298509906508229506e+00
1.534105862994382363e+01 2.934521008965461419e+00
1.535368618049194112e+01 3.718344385491114679e+00
1.645663090358177527e+01 -4.242948563510019255e+00
1.643575517136571307e+01 -3.545254358527813565e+00
1.640423615650621514e+01 -2.835183571686432202e+00
1.638004237242280681e+01 -2.079670533573708013e+00
1.635414708404017858e+01 -1.377783137287078574e+00
1.632174418444485298e+01 -6.623547112807806059e-01
1.630619656978002041e+01 1.644301236023224533e-01
1.621819433849106673e+01 8.522625949074402740e-01
1.618795263714351762e+01 1.531720245790957335e+00
1.616857457461495073e+01 2.343677556742552071e+00
1.615900249317303405e+01 3.052671944950596128e+00
1.619440559810333014e+01 3.780692891970929281e+00
1.718633685073891115e+01 -4.204932519854008177e+00
1.716997330867246774e+01 -3.553666434616566505e+00
1.713283088907717655e+01 -2.775035643478993563e+00
1.709260970301071580e+01 -2.063805517015516955e+00
1.704196092594639111e+01 -1.359921934607488225e+00
1.705849657668014174e+01 -6.023773375658478813e-01
1.700852580475351772e+01 1.200781571677076442e-01
1.697489688288126786e+01 9.182982915166562066e-01
1.694450161671505128e+01 1.609986559179933607e+00
1.692820172280401181e+01 2.359359879620885891e+00
1.688935515184577696e+01 3.113906599945494236e+00
1.690635902137548641e+01 3.822822682368212099e+00
1.791634622503984531e+01 -4.245045765166924667e+00
1.789058354917279559e+01 -3.508683951639152809e+00
1.784713468871039055e+01 -2.771256171275350511e+00
1.782033793832414403e+01 -2.050858229846387104e+00
1.779471076802867913e+01 -1.311624600099797533e+00
1.778832800843396456e+01 -5.910712897754599737e-01
1.776495636907439746e+01 1.883934361112764577e-01
1.773980923371537699e+01 8.763677620493908194e-01
1.767025374706686591e+01 1.608280692534393097e+00
1.766393676532911172e+01 2.366838052763316824e+00
1.762579657267868782e+01 3.120811332591543419e+00
1.768044867544040954e+01 3.863190141530715493e+00
1.873701039019291414e+01 -4.143169013387268507e+00
1.860775993677394524e+01 -3.434437346836361371e+00
1.859049831271439501e+01 -2.719157161872935546e+00
1.856229577566811884e+01 -2.014316425294421009e+00
1.852402851561602404e+01 -1.282835399183561265e+00
1.849360763808472541e+01 -5.666694866216559490e-01
1.848514467606408829e+01 1.571561763551976298e-01
1.845865078827500128e+01 8.882981994192107322e-01
1.843436299022815206e+01 1.626735334272105149e+00
1.842924435078544576e+01 2.361244910565748256e+00
1.841628560340001997e+01 3.090010899009612899e+00
1.849449284118443870e+01 3.820840294515150504e+00
1.949640834200982198e+01 -4.207360033016207979e+00
1.947275997479190579e+01 -3.448935040534500729e+00
1.942184238953341691e+01 -2.693574119939018630e+00
1.936754561577993172e+01 -1.956595533562062172e+00
1.937815222152997308e+01 -1.226498021497253177e+00
1.925273137579736726e+01 1.644113289792770161e-01
1.949308592394099549e+01 8.801721118609755479e-01
1.932788481509203393e+01 1.636564332645185971e+00
1.923537603750654057e+01 2.388112916506418770e+00
1.934466914854223774e+01 3.113774054321446272e+00
1.937589567972373317e+01 3.722419957299514692e+00
2.022755574110277621e+01 -4.198023917254324999e+00
2.018846140387888966e+01 -3.435421874317906799e+00
2.016840899238552964e+01 -2.720855551073690037e+00
2.020789089670974192e+01 -2.014216449033416012e+00
2.022547659918901530e+01 -1.277103456034783591e+00
2.021104354302945438e+01 -5.453561932776622712e-01
2.020476483772958431e+01 1.859692154358931759e-01
2.024887025349660519e+01 9.245541550050369040e-01
2.016006535141297462e+01 1.643996098459052035e+00
2.016150027856203764e+01 2.369949682877123820e+00
2.018096186486269517e+01 3.032177060214998221e+00
2.021526032237370885e+01 3.752869926044319016e+00
2.141937194949110790e+01 -4.115024448845204574e+00
2.135757581246950565e+01 -3.446135064111228274e+00
2.139363346262939558e+01 -2.671676388697626692e+00
2.144117731750672107e+01 -1.947223352341183045e+00
2.130107919668581218e+01 -3.641951270636596405e-01
2.116470881337216525e+01 2.000298793249086771e-01
2.112911708917046383e+01 9.182905314754030712e-01
2.105135817528785225e+01 1.652390958653722208e+00
2.103755047746352602e+01 2.368391356500865186e+00
2.104155107939756419e+01 3.011466525977695596e+00
2.100575453316802310e+01 3.761952119435001407e+00
2.213280110980643656e+01 -4.187755353731940744e+00
2.214130071894621921e+01 -3.454984514968476361e+00
2.212640827875117111e+01 -2.731899248430739391e+00
2.214255240417423209e+01 -1.992524796154558686e+00
2.212219240274240661e+01 -1.266555291902264457e+00
2.210621100476858203e+01 -5.461140318465460552e-01
2.207876898213014982e+01 1.932825090153365011e-01
2.194979951468494761e+01 9.707918490878313378e-01
2.200413253286718884e+01 2.416218746702618603e+00
2.191767985785602946e+01 3.072087405563870277e+00
2.189424993949628373e+01 3.712988807131914371e+00
2.287408188320096514e+01 -4.178798005194853005e+00
2.284526409044060102e+01 -3.456885407072103789e+00
2.288877510777778213e+01 -2.732182953299606254e+00
2.287851841381967688e+01 -1.986493193065410168e+00
2.287465341390665685e+01 -1.283258771703707168e+00
2.286363150313959380e+01 -5.584051661624656049e-01
2.282377269565203903e+01 1.616429906313072706e-01
2.281834388673648562e+01 9.206095537824765529e-01
2.281159601740737486e+01 1.633419131942446256e+00
2.279820692454264019e+01 2.338561174406589060e+00
2.273284882907125137e+01 3.089446485837584078e+00
2.276385774459377132e+01 3.737271009528328136e+00
2.361703392608135488e+01 -4.183440873765288615e+00
2.361204198406172594e+01 -3.469102942962312142e+00
2.360814968510918987e+01 -2.733093686509441511e+00
2.361263599315999073e+01 -2.023382149708343292e+00
2.361550101722069428e+01 -1.263892860361867321e+00
2.360574780042516352e+01 -5.421872036849642029e-01
2.366583387419226625e+01 1.451230693736533794e-01
2.361918779819523451e+01 9.111059921483892765e-01
2.354375952227005087e+01 1.619830354407092443e+00
2.358836261694328584e+01 2.367190140947943888e+00
2.356353796406324363e+01 3.083258696122875619e+00
2.360713877148701556e+01 3.728302564674059738e+00
2.453668699497564631e+01 -4.072047977878629155e+00
2.437529378321590912e+01 -2.765048778638295346e+00
2.430805433973151963e+01 -2.080285728662108369e+00
2.438483466373546804e+01 -1.299956973606605004e+00
2.435940467769255235e+01 -5.858064471176014365e-01
2.436225475002662222e+01 1.396429551554199122e-01
2.437932271319342448e+01 8.712354776472999163e-01
2.438101788541114701e+01 1.620828490762121987e+00
2.436251622380913062e+01 2.323759920076277297e+00
2.436239307820491717e+01 3.056434728666147294e+00
2.440346727556483586e+01 3.753745459720462918e+00
2.512930672632245432e+01 -4.188421656144228677e+00
2.504517744746358687e+01 -3.471342610089944714e+00
2.514446736338430810e+01 -2.763142187454590726e+00
2.509038165548176380e+01 -2.029933859405243624e+00
2.510142199705074262e+01 -1.331797790030332607e+00
2.508295709112216798e+01 -6.126915852554262187e-01
2.511125208485977112e+01 1.200523645869537859e-01
2.511345641392589556e+01 8.439659887024326679e-01
2.514602634526342229e+01 1.589019815724558526e+00
2.516322593646099648e+01 2.273023188686263296e+00
2.515599369846523103e+01 3.026122778852531781e+00
2.518406961920795339e+01 3.732947771482692190e+00
2.586346955895285049e+01 -4.182731383800799563e+00
2.587600675774692149e+01 -3.502358282479487883e+00
2.584358573994706632e+01 -2.779852867449758236e+00
2.584135125677708089e+01 -2.051236753256137746e+00
2.584660842555157956e+01 -1.332989638241251384e+00
2.584073260808974482e+01 -5.706532354806235219e-01
2.587085935949633608e+01 1.050601492821918725e-01
2.586104099427257097e+01 8.336914615372279513e-01
2.590456936809891175e+01 1.578563450216865505e+00
2.595664719125034736e+01 2.336985306989038946e+00
2.592441400704608867e+01 3.026761103895267979e+00
2.595897982721032804e+01 3.723129134853891742e+00
2.666076107811417728e+01 -4.240579003431854233e+00
2.663249225282228849e+01 -3.518830673284128352e+00
2.663829709586998717e+01 -2.791294702620433554e+00
2.661721066784139822e+01 -2.064933212795175166e+00
2.661983209677628537e+01 -1.348557346064247042e+00
2.660010382514921901e+01 -6.631630686520395557e-01
2.661284780930397176e+01 9.332290569203394170e-02
2.662665889101808858e+01 7.563909603502345647e-01
2.663925564912211286e+01 1.549807010363096538e+00
2.668016230614082218e+01 2.242286675506871774e+00
2.672455328278178399e+01 2.978747048496096284e+00
2.673143644751947789e+01 3.681543529160357764e+00
2.745038242246598514e+01 -4.250400579911627119e+00
2.737718459969768503e+01 -3.513746317990044332e+00
2.738464292022995039e+01 -2.794822055740265654e+00
2.740903475881790285e+01 -2.101115637490071464e+00
2.738301322314919872e+01 -1.368024792570288639e+00
2.739939099208564954e+01 -6.653837728861198286e-01
2.742261700617444120e+01 3.320852468702994997e-02
2.744521343760796839e+01 7.313137532263809248e-01
2.744216731328494774e+01 1.486123887891444895e+00
2.741316031941577336e+01 2.234768549688407546e+00
2.747210145961155092e+01 2.954669476935208650e+00
2.751444371796610255e+01 3.668107714264337460e+00
2.842455287877714198e+01 -4.115729542697632581e+00
2.820432065669343302e+01 -3.528791144816285197e+00
2.836690267679266952e+01 -2.756418478640753733e+00
2.815709664580356986e+01 -2.131304723490320185e+00
2.815738180969940885e+01 -1.440558600988552485e+00
2.813046207403781551e+01 -6.973120496533304902e-01
2.813575224870481151e+01 1.484626317590098665e-02
2.818123055631779295e+01 7.275219867773188298e-01
2.821842053412832030e+01 1.433986660505475186e+00
2.825979471705159796e+01 2.153820459191887693e+00
2.828314891677684528e+01 2.875138963683788518e+00
2.827533315549005266e+01 3.615667918112812629e+00
2.907638976853537116e+01 -4.245289967063797576e+00
2.903029973969623967e+01 -3.554363335289977499e+00
2.900381003679134295e+01 -2.853787123424467609e+00
2.900480018659869330e+01 -2.137973933900632062e+00
2.897204700454741300e+01 -1.448986162937362820e+00
2.896538213932650052e+01 -7.254164487030756447e-01
2.899239781808999084e+01 6.093121378480503836e-03
2.894262883321113833e+01 7.137059129856169193e-01
2.896772905741051574e+01 1.403282477288001928e+00
2.900619564915430004e+01 2.122627450039210828e+00
2.902168483299454493e+01 2.840326114089315013e+00
2.904194294583984259e+01 3.588281873580058345e+00
2.986300778738080197e+01 -4.248203745189915281e+00
2.975322075244231002e+01 -2.149977159998435638e+00
2.973824272528863588e+01 -1.482607640928982562e+00
2.991121274310497569e+01 -7.025489650483223159e-01
2.978941914824114434e+01 -4.598994230049058274e-02
2.973353665514465405e+01 6.711624759601981793e-01
2.976499663826444220e+01 1.402190763927229966e+00
2.978369084601924754e+01 2.114676148905378028e+00
2.978886949173793397e+01 2.824461244685657846e+00
2.978336896990801819e+01 3.557064327696394912e+00
3.063658366290575685e+01 -4.261475707528610712e+00
3.058757015444553673e+01 -3.533287332144425363e+00
3.059329638968610965e+01 -2.858925700015042537e+00
3.056956078128319376e+01 -2.155436841837644835e+00
3.054482580651555423e+01 -1.470775480555264636e+00
3.054729753735889375e+01 -7.654009770499428100e-01
3.055034199839371212e+01 -6.064513192939458008e-02
3.056712835674925799e+01 6.574954772054617536e-01
3.057415844185590714e+01 1.395320740166557272e+00
3.057897942713314166e+01 2.127851983957199877e+00
3.055035660429488331e+01 2.865974025164994998e+00
3.055874027305686269e+01 3.603120114726159784e+00
3.147761813444183332e+01 -4.222536872430257660e+00
3.140001326636882339e+01 -3.596262264890103921e+00
3.128692347351593384e+01 -2.854172023837222127e+00
3.130761211242423059e+01 -2.197838805860978795e+00
3.129841122880134918e+01 -1.482238738701774139e+00
3.130508610434558392e+01 -7.298106388489600249e-02
3.131012542294016754e+01 6.505844270568417187e-01
3.128411490855558696e+01 1.393907194446782682e+00
3.130862658304484825e+01 2.143239691575853811e+00
3.136353847316272692e+01 2.887903999114655562e+00
3.145123450037093704e+01 3.594529136735715724e+00
3.217391904084765741e+01 -4.246759049732808933e+00
3.216662164529264345e+01 -3.596915468045160935e+00
3.213304521654017520e+01 -2.873354691165765473e+00
3.209017860695450253e+01 -2.158985595004892843e+00
3.208764731510851931e+01 -1.482768633503933842e+00
3.205239667668970327e+01 -5.245117772291862934e-02
3.204946112914682743e+01 6.664070421429890700e-01
3.213523627624245904e+01 1.381705147629809005e+00
3.213207548112718115e+01 2.135473323401743784e+00
3.217162356708738713e+01 2.848208223977948705e+00
3.215535745222891961e+01 3.596549126531257912e+00
3.298653353726661663e+01 -4.263987101012642000e+00
3.291571627280676893e+01 -3.556991960737956759e+00
3.294472368013511954e+01 -2.864219756388759919e+00
3.289711754957914280e+01 -2.152975953102640005e+00
3.284040203766608812e+01 -1.436167517202012078e+00
3.288957583852037914e+01 -7.587114897978253225e-01
3.284588705105515061e+01 -5.494315017993400829e-02
3.284754037798607129e+01 6.749798202518242363e-01
3.285855336434135410e+01 1.402886273974495168e+00
3.285000443078923382e+01 2.161990601085879149e+00
3.290545419111976599e+01 2.882518987248225528e+00
3.290286271108754335e+01 3.614757496295297301e+00
3.375708023811585434e+01 -4.212758595777298609e+00
3.372427847092703956e+01 -3.511912291571519518e+00
3.365149009108353795e+01 -2.836383437626697201e+00
3.363678646973176711e+01 -2.165328244188327034e+00
3.362223583503048729e+01 -1.469418039245127261e+00
3.360910055768437843e+01 -7.461215086250305717e-01
3.358638224203355804e+01 -2.742820076531060636e-02
3.360452926827789355e+01 7.122334711747022595e-01
3.360809236735872929e+01 1.459220958711966887e+00
3.364570984591700409e+01 2.174644228510345556e+00
3.368549301715510325e+01 2.904683850802292966e+00
3.368212104544922880e+01 3.632305829346535120e+00
3.450321937799709104e+01 -4.220519134381930826e+00
3.446790260025252195e+01 -3.543369670627640744e+00
3.443779343158383455e+01 -2.834886343255529795e+00
3.439280068870514384e+01 -2.144261426830233574e+00
3.437076554779840620e+01 -1.466681023447971910e+00
3.436580275381573557e+01 -7.355195934731639795e-01
3.437623448672892579e+01 1.163994018786951301e-02
3.433628324967124712e+01 6.717654471143639228e-01
3.434162573273136587e+01 1.465321106198828716e+00
3.442430463502862636e+01 2.184225293043546401e+00
3.444132718979894747e+01 2.931348899163992883e+00
3.441652838168075590e+01 3.671324839535884621e+00
3.525815344705016940e+01 -4.211495344262360163e+00
3.524067931378139207e+01 -3.520498441352160057e+00
3.521205396016556932e+01 -2.816637162796016725e+00
3.515410957315318541e+01 -2.127630992999186788e+00
3.513356835725499394e+01 -1.407714396793736000e+00
3.511245561967907491e+01 -6.913807688419169040e-01
3.514422872626445127e+01 7.235394851677057204e-02
3.515140364415527330e+01 7.735044066484242364e-01
3.521142255076320993e+01 2.170910189109530819e+00
3.520683075096165027e+01 2.957063913714620185e+00
3.525984914301678685e+01 3.734484047226501957e+00
3.603704186178048730e+01 -4.216300854737166759e+00
3.601832133522712098e+01 -3.475433292498209426e+00
3.596907071887934393e+01 -2.835671935225061446e+00
3.591218576322234668e+01 -2.090813546762380071e+00
3.588790012892750525e+01 -1.373006174072497032e+00
3.587068024635444630e+01 -6.416267276841089995e-01
3.591322097586286333e+01 8.473693033966966937e-02
3.590486559447499104e+01 7.640995343239787019e-01
3.592822997198944535e+01 1.529219822942796014e+00
3.593256394178774116e+01 2.235605104598050730e+00
3.605988265523084380e+01 2.998974344510294543e+00
3.613331692393999361e+01 3.714063194803010504e+00
3.682588028501290722e+01 -4.175600463901229631e+00
3.675197004270881251e+01 -3.448446668737101817e+00
3.673080530405345456e+01 -2.747798420799306029e+00
3.665548882987049950e+01 -1.320041283541470989e+00
3.664422491055352538e+01 -6.039153855735683862e-01
3.662191999463887981e+01 1.965660734833498680e-01
3.666145119674606434e+01 8.477371751124778143e-01
3.682335105827701938e+01 1.535621380799423008e+00
3.682756387843391366e+01 2.284579411902033286e+00
3.681920195787200356e+01 3.018448394462389217e+00
3.687027172588179980e+01 3.734746001262315929e+00
3.763630952317729594e+01 -4.107076776882298219e+00
3.755982404406854158e+01 -3.405180690805842403e+00
3.752866322142796918e+01 -2.688537911777583389e+00
3.750055077201640330e+01 -1.978220478424486117e+00
3.748029232714414860e+01 -1.256954184133231678e+00
3.745058392144574810e+01 -5.298850437262316859e-01
3.758392696490822260e+01 2.458602328265726555e-01
3.759506076301968136e+01 8.836158127854716327e-01
3.766204992637864990e+01 1.530679910828954604e+00
3.777839373486835228e+01 2.387301663483786029e+00
3.852982855972035026e+01 -4.038202816994754585e+00
3.848017669727813228e+01 -3.305104859389320637e+00
3.843255006097390236e+01 -2.617668384818674809e+00
3.850903354682542812e+01 -1.885175542781279745e+00
3.864536885181671977e+01 -1.115136940134373589e+00
3.843160810995274090e+01 -3.698587146975924611e-01
3.846193773577210351e+01 2.709517291313481735e+00
3.859635963771531664e+01 3.206520946644346282e+00
3.947267815287252546e+01 -3.232559535597896883e+00
3.946745794499607740e+01 -2.956658334556241385e+00
3.942112635351671912e+01 -1.745440194904691822e+00
4.000164583552285791e+01 1.142275046320811782e+00
4.000852581003547215e+01 1.905542812812115017e+00
4.001045327823366193e+01 2.634466389378921747e+00
4.001584011120994688e+01 3.330435178552285436e+00
3.999877788463901851e+01 4.011921985647511235e+00
4.073876753924637484e+01 -3.974663414455125832e+00
4.073189994832862482e+01 -3.220851000723275348e+00
4.071731603433094193e+01 -2.457448780573599834e+00
4.071658396178025185e+01 -1.772780806661799602e+00
4.072755136152846234e+01 -1.059476546796755514e+00
4.073356181994004288e+01 -3.504086520769078561e-01
4.074857313200599407e+01 1.132673181859733091e+00
4.072738294727316344e+01 1.854392133522129171e+00
4.071520078562377165e+01 2.515246280410707413e+00
4.069927598172956351e+01 3.321356310664732803e+00
4.071577888499604825e+01 3.974663414455122279e+00
