-4.998787393939402079e+00 -4.191515151515154969e+00
-4.998787393939402079e+00 -2.673939393939395615e+00
-5.008484363636362957e+00 -2.000000000000000000e+00
-4.998787393939402079e+00 -1.243636363636362319e+00
-5.032726787878793573e+00 -5.115151515151517003e-01
-5.003635878787882518e+00 1.866666666666674246e-01
-5.003635878787882518e+00 9.284848484848460259e-01
-5.003635878787882518e+00 1.675151515151512172e+00
-4.969696484848491025e+00 2.363636363636363313e+00
-4.993938909090914535e+00 3.008484848484847873e+00
-4.993938909090914535e+00 3.614545454545449843e+00
-4.024241939393945700e+00 -4.167272727272731458e+00
-4.092120727272728686e+00 -3.478787878787880317e+00
-4.077575272727280264e+00 -2.693333333333331581e+00
-4.159999515151518779e+00 -1.946666666666665435e+00
-4.096969212121216231e+00 -1.258181818181821399e+00
-4.106666181818184214e+00 -5.599999999999987210e-01
-4.048484363636369210e+00 1.006060606060604101e+00
-4.145454060606063251e+00 1.684848484848483707e+00
-4.159999515151518779e+00 2.378181818181815288e+00
-4.179393454545461850e+00 3.178181818181812446e+00
-3.326060121212123022e+00 -3.430303030303029743e+00
-3.364848000000002060e+00 -2.727272727272730179e+00
-3.393938909090913114e+00 -1.985454545454548025e+00
-3.369696484848489604e+00 -1.258181818181821399e+00
-3.374544969696977148e+00 -5.260606060606072276e-01
-3.350302545454553638e+00 9.769696969696930466e-01
-3.389090424242425570e+00 1.660606060606060197e+00
-3.427878303030311713e+00 2.412121212121210334e+00
-3.418181333333336624e+00 3.149090909090908497e+00
-3.442423757575760135e+00 3.905454545454539073e+00
-2.608484363636364378e+00 -4.133333333333332860e+00
-2.613332848484851922e+00 -3.430303030303029743e+00
-2.569696484848485341e+00 -2.693333333333331581e+00
-2.593938909090915956e+00 -1.951515151515152979e+00
-2.642423757575762977e+00 -1.267878787878789382e+00
-2.613332848484851922e+00 -5.309090909090947719e-01
-2.608484363636364378e+00 8.848484848484829968e-01
-2.637575272727275433e+00 1.694545454545455243e+00
-2.593938909090915956e+00 2.460606060606060908e+00
-2.647272242424250521e+00 3.144242424242420952e+00
-2.647272242424250521e+00 3.886060606060603106e+00
-1.832726787878790731e+00 -4.104242424242425358e+00
-1.624241939393940015e+00 -3.357575757575759212e+00
-1.861817696969701785e+00 -2.688484848484851142e+00
-1.861817696969701785e+00 -1.966060606060604954e+00
-1.847272242424246258e+00 -1.229090909090910344e+00
-1.866666181818182224e+00 -5.212121212121232361e-01
-1.847272242424246258e+00 2.254545454545429095e-01
-1.886060121212125296e+00 1.641212121212120678e+00
-1.866666181818182224e+00 2.441212121212121389e+00
-1.818181333333335203e+00 3.187878787878787534e+00
-1.910302545454548806e+00 3.939393939393937671e+00
-1.081211636363640594e+00 -4.075151515151514303e+00
-1.105454060606064104e+00 -3.430303030303029743e+00
-1.158787393939398669e+00 -2.693333333333331581e+00
-1.090908606060608577e+00 -1.951515151515152979e+00
-1.105454060606064104e+00 -1.248484848484849863e+00
-1.153938909090911125e+00 -5.066666666666712615e-01
-1.202423757575758145e+00 1.672727272727279058e-01
-1.090908606060608577e+00 9.090909090909065071e-01
-1.115151030303032087e+00 1.694545454545455243e+00
-1.100605575757583665e+00 2.455757575757573363e+00
-1.197575272727277707e+00 3.129696969696965425e+00
-1.134544969696975159e+00 3.895757575757578195e+00
-3.345449696969708953e-01 -4.084848484848485839e+00
-2.812116363636363303e-01 -3.313939393939396183e+00
-3.781813333333374771e-01 -2.630303030303032585e+00
-3.830298181818179160e-01 -1.970909090909092498e+00
-3.636358787878819498e-01 -1.248484848484849863e+00
-3.830298181818179160e-01 -5.890909090909097756e-01
-3.781813333333374771e-01 1.284848484848453154e-01
-3.636358787878819498e-01 8.993939393939349713e-01
-3.490904242424335280e-01 1.650909090909088661e+00
-3.830298181818179160e-01 2.455757575757573363e+00
-3.830298181818179160e-01 3.124848484848484986e+00
-4.072722424242485317e-01 3.847272727272724069e+00
3.684853333333322212e-01 -4.070303030303033864e+00
3.878792727272681873e-01 -3.352727272727271668e+00
3.830307878787806430e-01 -2.630303030303032585e+00
4.606065454545387183e-01 -1.951515151515152979e+00
3.296974545454460781e-01 -1.277575757575760917e+00
3.733338181818197654e-01 -5.599999999999987210e-01
7.272775757575544731e-02 2.787878787878774745e-01
4.169701818181792419e-01 8.606060606060594864e-01
3.927277575757557315e-01 1.641212121212120678e+00
4.121216969696916976e-01 2.363636363636363313e+00
4.509095757575707353e-01 3.090909090909086387e+00
1.105455030303026831e+00 -4.060606060606062329e+00
1.134545939393937886e+00 -3.357575757575759212e+00
1.134545939393937886e+00 -2.635151515151516577e+00
1.110303515151507270e+00 -1.229090909090910344e+00
1.129697454545450341e+00 -5.357575757575752107e-01
1.129697454545450341e+00 2.157575757575784792e-01
1.153939878787873852e+00 8.799999999999990052e-01
1.216970181818176400e+00 1.631515151515149142e+00
1.168485333333329379e+00 2.334545454545452259e+00
1.192727757575752889e+00 3.056969696969694894e+00
1.246061090909087454e+00 3.755151515151517572e+00
1.852121696969696529e+00 -4.075151515151514303e+00
1.881212606060600478e+00 -3.357575757575759212e+00
1.856970181818176968e+00 -2.620606060606061050e+00
1.871515636363632495e+00 -1.922424242424241925e+00
1.871515636363632495e+00 -1.253333333333333854e+00
1.871515636363632495e+00 -5.212121212121232361e-01
1.895758060606056006e+00 1.721212121212083446e-01
1.963636848484846098e+00 1.054545454545454675e+00
1.939394424242422588e+00 1.602424242424238088e+00
1.968485333333333642e+00 2.373333333333334849e+00
1.944242909090903026e+00 3.061818181818182438e+00
1.934545939393935043e+00 3.803636363636364592e+00
2.637576242424238160e+00 -4.080000000000001847e+00
2.603636848484846666e+00 -3.367272727272730748e+00
2.627879272727270177e+00 -2.649696969696968551e+00
2.637576242424238160e+00 -1.883636363636366440e+00
2.589091393939391139e+00 -1.200000000000002842e+00
2.700606545454540708e+00 -5.260606060606072276e-01
2.652121696969693687e+00 1.915151515151514161e-01
2.681212606060597636e+00 8.557575757575719422e-01
2.671515636363636759e+00 1.626666666666661598e+00
2.724848969696971324e+00 2.363636363636363313e+00
2.739394424242419745e+00 3.066666666666662877e+00
2.729697454545451762e+00 3.789090909090909065e+00
3.393939878787875841e+00 -4.104242424242425358e+00
3.393939878787875841e+00 -3.430303030303029743e+00
3.389091393939388297e+00 -2.649696969696968551e+00
3.403636848484843824e+00 -1.927272727272729469e+00
3.437576242424235318e+00 -4.969696969696997257e-01
3.466667151515146372e+00 1.963636363636318549e-01
3.403636848484843824e+00 8.799999999999990052e-01
3.447273212121210406e+00 1.621818181818181159e+00
3.466667151515146372e+00 3.071515151515150421e+00
3.495758060606057427e+00 3.764848484848485555e+00
4.130909575757577556e+00 -4.089696969696973383e+00
4.116364121212114924e+00 -3.396363636363634697e+00
4.145455030303025978e+00 -1.941818181818181444e+00
4.203636848484848088e+00 -1.243636363636362319e+00
4.286061090909086602e+00 -5.115151515151517003e-01
4.295758060606054585e+00 2.157575757575784792e-01
4.227879272727271598e+00 9.187878787878780429e-01
4.252121696969695108e+00 1.549090909090910628e+00
4.218182303030296509e+00 2.339393939393939803e+00
4.218182303030296509e+00 3.090909090909086387e+00
4.213333818181816071e+00 3.779393939393941082e+00
5.066667151515147793e+00 -3.987878787878788245e+00
4.969697454545453752e+00 -3.357575757575759212e+00
5.115151999999994814e+00 -2.484848484848484418e+00
4.930909575757574714e+00 -2.004848484848487544e+00
5.018182303030300773e+00 -1.287272727272725348e+00
5.013333818181813228e+00 1.139393939393933408e-01
5.037576242424236739e+00 8.799999999999990052e-01
4.989091393939389718e+00 1.587878787878786113e+00
4.950303515151510680e+00 2.329696969696964715e+00
4.960000484848478663e+00 3.042424242424239367e+00
4.955151999999998225e+00 3.784242424242421521e+00
5.813333818181810386e+00 -2.703030303030303116e+00
5.832727757575753458e+00 -1.311515151515148858e+00
5.856970181818176968e+00 -5.890909090909097756e-01
5.755151999999995382e+00 1.284848484848453154e-01
5.735758060606052311e+00 8.703030303030310222e-01
5.764848969696963366e+00 1.587878787878786113e+00
5.755151999999995382e+00 2.344242424242423795e+00
5.706667151515148362e+00 3.037575757575751823e+00
5.745455030303027399e+00 3.740606060606054939e+00
6.618182303030302194e+00 -2.053333333333334565e+00
6.560000484848480085e+00 -1.340606060606059913e+00
6.560000484848480085e+00 -6.569696969696963151e-01
6.501818666666665081e+00 7.030303030303031164e-02
6.501818666666665081e+00 8.606060606060594864e-01
6.511515636363633064e+00 1.597575757575757649e+00
6.501818666666665081e+00 2.232727272727270673e+00
6.463030787878778938e+00 2.979393939393943924e+00
6.589091393939391139e+00 3.701818181818183007e+00
7.515151999999993393e+00 -4.152727272727272378e+00
7.544242909090904448e+00 -3.410909090909093777e+00
7.495758060606057427e+00 -2.732121212121214171e+00
7.456970181818178389e+00 -2.053333333333334565e+00
7.427879272727274440e+00 -1.326060606060607938e+00
7.374545939393939875e+00 -6.424242424242443406e-01
7.263030787878783201e+00 8.363636363636359761e-01
7.253333818181815218e+00 1.500606060606060055e+00
7.272727757575751184e+00 2.271515151515149711e+00
7.263030787878783201e+00 3.013333333333328312e+00
7.326061090909085749e+00 3.667878787878784408e+00
8.305455030303022568e+00 -3.478787878787880317e+00
8.295758060606054585e+00 -2.751515151515153690e+00
8.286061090909086602e+00 -2.058181818181822109e+00
8.247273212121207564e+00 -1.350303030303031449e+00
8.169697454545449489e+00 3.636363636363526552e-02
8.063030787878780359e+00 7.733333333333334281e-01
8.033939878787876410e+00 1.500606060606060055e+00
8.038788363636356848e+00 2.213333333333331154e+00
8.077576242424242992e+00 2.926060606060609359e+00
8.111515636363627380e+00 3.692121212121207918e+00
9.134545939393937886e+00 -3.469090909090908781e+00
9.090909575757571304e+00 -2.761212121212125226e+00
9.124848969696969903e+00 -2.116363636363637113e+00
9.037576242424236739e+00 -1.321212121212123947e+00
9.023030787878788317e+00 -6.181818181818208302e-01
8.896970181818176115e+00 7.999999999999829470e-02
8.829091393939393129e+00 7.781818181818138669e-01
8.775758060606058564e+00 1.500606060606060055e+00
8.829091393939393129e+00 2.223030303030302690e+00
8.993939878787877262e+00 2.829090909090908212e+00
8.882424727272727694e+00 3.638787878787873353e+00
1.001212169696969312e+01 -4.259393939393941508e+00
9.997576242424237591e+00 -3.507878787878791371e+00
9.992727757575757153e+00 -2.819393939393940229e+00
9.890909575757575567e+00 -2.111515151515149569e+00
9.847273212121208985e+00 -1.355151515151518993e+00
9.818182303030297930e+00 -6.230303030303048217e-01
9.774545939393938454e+00 1.042424242424218050e-01
9.721212606060603889e+00 7.151515151515148716e-01
9.818182303030297930e+00 1.490909090909088519e+00
9.706667151515148362e+00 2.232727272727270673e+00
9.716364121212116345e+00 2.901818181818178743e+00
9.730909575757571872e+00 3.658181818181816425e+00
1.097212169696969397e+01 -4.230303030303030454e+00
1.095272775757575090e+01 -3.527272727272727337e+00
1.093333381818181493e+01 -2.746666666666666146e+00
1.088484896969696791e+01 -1.321212121212123947e+00
1.083636412121212089e+01 8.484848484848228622e-02
1.052121260606060105e+01 7.684848484848494365e-01
1.051151563636363306e+01 1.461818181818181017e+00
1.048727321212120955e+01 2.203636363636363171e+00
1.050181866666666508e+01 2.935757575757570237e+00
1.052606109090908859e+01 3.629090909090912476e+00
1.166060654545454156e+01 -3.532121212121214882e+00
1.243636412121211521e+01 -2.581818181818182012e+00
1.168969745454545262e+01 -2.145454545454548168e+00
1.169939442424242060e+01 -1.398787878787882022e+00
1.160242472727271945e+01 -6.521212121212158763e-01
1.159272775757575147e+01 1.139393939393933408e-01
1.144727321212121041e+01 7.296969696969668462e-01
1.129697018181817469e+01 1.486060606060604528e+00
1.124363684848484013e+01 2.247272727272726200e+00
1.125818230303030276e+01 2.863030303030299706e+00
1.134545503030302882e+01 3.619393939393937387e+00
1.263030351515151040e+01 -4.273939393939393483e+00
1.261575806060606197e+01 -3.522424242424243346e+00
1.259151563636363136e+01 -2.790303030303029175e+00
1.248484896969696933e+01 -2.145454545454548168e+00
1.227636412121211862e+01 9.454545454545382199e-02
1.221818230303029651e+01 7.733333333333334281e-01
1.212606109090909001e+01 1.471515151515152553e+00
1.208727321212120387e+01 2.164848484848484134e+00
1.221333381818181607e+01 2.887272727272723216e+00
1.226181866666666309e+01 3.614545454545449843e+00
1.360000048484847923e+01 -4.317575757575756512e+00
1.345454593939393817e+01 -3.503030303030303827e+00
1.343515199999999510e+01 -2.819393939393940229e+00
1.328969745454544693e+01 -1.398787878787882022e+00
1.322666715151514438e+01 9.454545454545382199e-02
1.315393987878787385e+01 7.587878787878779008e-01
1.297454593939393419e+01 1.510303030303028038e+00
1.300363684848484525e+01 2.906666666666666288e+00
1.298909139393938972e+01 3.600000000000001421e+00
1.433697018181818095e+01 -4.303030303030304538e+00
1.433697018181818095e+01 -3.600000000000001421e+00
1.432242472727272542e+01 -2.872727272727274794e+00
1.432242472727272542e+01 -2.174545454545455669e+00
1.418181866666666480e+01 -1.418181818181817988e+00
1.426909139393939085e+01 -7.200000000000024158e-01
1.399272775757575005e+01 9.454545454545382199e-02
1.385212169696969653e+01 1.486060606060604528e+00
1.384727321212120188e+01 2.232727272727270673e+00
1.376000048484847582e+01 2.945454545454545325e+00
1.382303078787877837e+01 3.614545454545449843e+00
1.507878836363636310e+01 -4.424242424242425642e+00
1.508848533333333108e+01 -3.633939393939396467e+00
1.507878836363636310e+01 -2.945454545454545325e+00
1.503515199999998941e+01 -2.213333333333334707e+00
1.498181866666666195e+01 -1.461818181818181017e+00
1.496242472727271888e+01 -7.684848484848494365e-01
1.491878836363635941e+01 1.696969696969574670e-02
1.473454593939393931e+01 1.500606060606060055e+00
1.470060654545454071e+01 2.189090909090907644e+00
1.505454593939393249e+01 2.703030303030303116e+00
1.465697018181817413e+01 3.609696969696969404e+00
1.583515199999999368e+01 -4.322424242424244056e+00
1.582060654545453815e+01 -3.633939393939396467e+00
1.576727321212121069e+01 -2.945454545454545325e+00
1.574303078787878718e+01 -2.198787878787882732e+00
1.570424290909090814e+01 -1.452121212121216587e+00
1.568000048484848463e+01 -7.636363636363654450e-01
1.568000048484848463e+01 1.139393939393933408e-01
1.556848533333332796e+01 7.587878787878779008e-01
1.552484896969696848e+01 1.481212121212116983e+00
1.548606109090908944e+01 2.247272727272726200e+00
1.547151563636362681e+01 2.955151515151513308e+00
1.551030351515151295e+01 3.677575757575759496e+00
1.654787927272726478e+01 -4.288484848484852563e+00
1.658666715151514381e+01 -3.638787878787876906e+00
1.649454593939393732e+01 -2.892121212121210760e+00
1.646060654545453872e+01 -2.179393939393943214e+00
1.639757624242424328e+01 -1.456969696969697026e+00
1.641697018181817214e+01 -7.103030303030308801e-01
1.636363684848484468e+01 2.181818181818329094e-02
1.632969745454544608e+01 7.975757575757569384e-01
1.629090957575757415e+01 1.515151515151515582e+00
1.628121260606059906e+01 2.266666666666665719e+00
1.622303078787877695e+01 3.032727272727271384e+00
1.622787927272727160e+01 3.745454545454542483e+00
1.727030351515151096e+01 -4.341818181818180022e+00
1.723151563636363903e+01 -3.595151515151513877e+00
1.719757624242424043e+01 -2.858181818181822820e+00
1.716363684848484183e+01 -2.145454545454548168e+00
1.711030351515151438e+01 -1.423030303030305532e+00
1.714909139393939341e+01 -7.006060606060628970e-01
1.709575806060605174e+01 8.969696969696983047e-02
1.710060654545454639e+01 7.781818181818138669e-01
1.703272775757574919e+01 1.534545454545451548e+00
1.701333381818182033e+01 2.261818181818178175e+00
1.696000048484847866e+01 3.023030303030303401e+00
1.699393987878787726e+01 3.750303030303030027e+00
1.810424290909090672e+01 -4.254545454545453964e+00
1.794909139393939057e+01 -3.556363636363638392e+00
1.795393987878787101e+01 -2.824242424242424221e+00
1.789090957575757557e+01 -2.111515151515149569e+00
1.786181866666666451e+01 -1.393939393939394478e+00
1.783272775757575346e+01 -6.812121212121198255e-01
1.782303078787877837e+01 5.575757575757478435e-02
1.778424290909090644e+01 7.830303030303014111e-01
1.778424290909090644e+01 1.534545454545451548e+00
1.777454593939393135e+01 2.223030303030302690e+00
1.773575806060605231e+01 2.984242424242424363e+00
1.784242472727272144e+01 3.692121212121207918e+00
1.885090957575756931e+01 -4.303030303030304538e+00
1.880242472727272229e+01 -3.551515151515154400e+00
1.907878836363636310e+01 -2.630303030303032585e+00
1.872484896969697132e+01 -2.024242424242427063e+00
1.870545503030302115e+01 -1.350303030303031449e+00
1.857939442424242316e+01 6.060606060605877587e-02
1.883151563636364045e+01 7.636363636363618923e-01
1.867151563636362965e+01 1.510303030303028038e+00
1.856000048484848008e+01 2.256969696969694184e+00
1.869090957575757272e+01 2.964848484848481291e+00
1.869090957575757272e+01 3.575757575757577911e+00
1.957818230303029594e+01 -4.312727272727276073e+00
1.952484896969696848e+01 -3.527272727272727337e+00
1.949090957575756988e+01 -2.829090909090911765e+00
1.954909139393939199e+01 -2.121212121212121104e+00
1.953454593939394357e+01 -1.389090909090910486e+00
1.953939442424242401e+01 -6.618181818181803067e-01
1.952484896969696848e+01 7.515151515151075046e-02
1.960242472727271945e+01 8.363636363636359761e-01
1.952969745454544892e+01 1.539393939393939092e+00
1.950545503030302541e+01 2.227878787878790234e+00
1.952484896969696848e+01 2.906666666666666288e+00
1.953939442424242401e+01 3.600000000000001421e+00
2.074666715151515461e+01 -4.225454545454546462e+00
2.066909139393938943e+01 -3.556363636363638392e+00
2.070787927272726137e+01 -2.790303030303029175e+00
2.077090957575757812e+01 -2.067878787878786540e+00
2.061575806060606197e+01 -4.921212121212121815e-01
2.049454593939393732e+01 8.969696969696983047e-02
2.058181866666666338e+01 6.666666666666642982e-01
2.039757624242424328e+01 1.558787878787875059e+00
2.039272775757574863e+01 2.276363636363637255e+00
2.038787927272726819e+01 2.887272727272723216e+00
2.035393987878786959e+01 3.585454545454545894e+00
2.145939442424241861e+01 -4.298181818181816993e+00
2.148363684848484212e+01 -3.575757575757577911e+00
2.145454593939393817e+01 -2.833939393939395757e+00
2.146909139393938659e+01 -2.111515151515149569e+00
2.145939442424241861e+01 -1.379393939393942503e+00
2.145454593939393817e+01 -6.424242424242443406e-01
2.142060654545453957e+01 6.060606060605877587e-02
2.129939442424241491e+01 8.848484848484829968e-01
2.138181866666666053e+01 2.295757575757576774e+00
2.128969745454544693e+01 2.926060606060609359e+00
2.124606109090908745e+01 3.551515151515147295e+00
2.220606109090908831e+01 -4.307878787878788529e+00
2.217697018181818436e+01 -3.517575757575755802e+00
2.220121260606060787e+01 -2.853333333333335275e+00
2.222060654545453673e+01 -2.077575757575761628e+00
2.219151563636363278e+01 -1.418181818181817988e+00
2.220606109090908831e+01 -6.957575757575789055e-01
2.218666715151514524e+01 3.636363636363526552e-02
2.217212169696968971e+01 7.587878787878779008e-01
2.218666715151514524e+01 1.490909090909088519e+00
2.217697018181818436e+01 2.193939393939391636e+00
2.216242472727272173e+01 2.921212121212121815e+00
2.212363684848484269e+01 3.566060606060602822e+00
2.294787927272726336e+01 -4.303030303030304538e+00
2.294787927272726336e+01 -3.590303030303029885e+00
2.293333381818181493e+01 -2.853333333333335275e+00
2.294303078787878292e+01 -2.164848484848484134e+00
2.293333381818181493e+01 -1.418181818181817988e+00
2.294303078787878292e+01 -6.860606060606073697e-01
2.301575806060606055e+01 1.212121212121175517e-02
2.296242472727271888e+01 7.587878787878779008e-01
2.287030351515151239e+01 1.481212121212116983e+00
2.296242472727271888e+01 2.218181818181818699e+00
2.297212169696969397e+01 2.916363636363634271e+00
2.284606109090908888e+01 3.488484848484851852e+00
2.441212169696969170e+01 -4.036363636363638818e+00
2.368000048484848463e+01 -2.887272727272726769e+00
2.365090957575756647e+01 -2.179393939393943214e+00
2.370909139393938858e+01 -1.437575757575757507e+00
2.369939442424242060e+01 -7.442424242424259262e-01
2.375757624242423560e+01 1.696969696969574670e-02
2.376727321212121069e+01 7.393939393939383820e-01
2.376242472727271604e+01 1.461818181818181017e+00
2.375757624242423560e+01 2.155151515151516151e+00
2.377697018181818578e+01 2.896969696969698305e+00
2.381575806060605771e+01 3.541818181818179312e+00
2.443151563636363477e+01 -4.283636363636365019e+00
2.441212169696969170e+01 -3.503030303030303827e+00
2.444606109090909030e+01 -2.887272727272726769e+00
2.439757624242424328e+01 -2.169696969696971678e+00
2.441212169696969170e+01 -1.481212121212120536e+00
2.446060654545453872e+01 -7.490909090909134704e-01
2.447515199999999425e+01 -2.181818181818684366e-02
2.447515199999999425e+01 6.860606060606038170e-01
2.453333381818181635e+01 1.427878787878789524e+00
2.457212169696968829e+01 2.096969696969694041e+00
2.457212169696968829e+01 2.848484848484844179e+00
2.461575806060606197e+01 3.532121212121211329e+00
2.518787927272727245e+01 -4.273939393939393483e+00
2.518787927272727245e+01 -3.614545454545453396e+00
2.516848533333332227e+01 -2.906666666666669840e+00
2.517333381818181692e+01 -2.184242424242423652e+00
2.515878836363636140e+01 -1.495757575757579616e+00
2.516848533333332227e+01 -7.248484848484899601e-01
2.521212169696969596e+01 -7.030303030303386436e-02
2.522181866666666394e+01 6.521212121212123236e-01
2.528969745454544693e+01 1.403636363636366013e+00
2.535272775757575658e+01 2.145454545454544615e+00
2.532848533333333307e+01 2.829090909090908212e+00
2.536727321212121211e+01 3.522424242424243346e+00
2.597333381818181408e+01 -4.336969696969699584e+00
2.595878836363636566e+01 -3.672727272727275505e+00
2.596363684848484610e+01 -2.945454545454545325e+00
2.593939442424242259e+01 -2.218181818181818699e+00
2.593939442424242259e+01 -1.490909090909092072e+00
2.591515199999999908e+01 -8.460606060606110645e-01
2.595393987878787101e+01 -9.939393939393781352e-02
2.599272775757575005e+01 5.357575757575716580e-01
2.600242472727271803e+01 1.345454545454543904e+00
2.608969745454544409e+01 2.048484848484847021e+00
2.613818230303029821e+01 2.770909090909086103e+00
2.615757624242424129e+01 3.459393939393940798e+00
2.679757624242424185e+01 -4.346666666666667567e+00
2.668121260606059764e+01 -3.643636363636364450e+00
2.670545503030302115e+01 -2.935757575757573790e+00
2.673939442424241975e+01 -2.247272727272729753e+00
2.671515199999999624e+01 -1.553939393939394620e+00
2.673454593939393931e+01 -8.606060606060630391e-01
2.676363684848484326e+01 -1.575757575757599227e-01
2.681212169696969028e+01 5.115151515151481476e-01
2.681697018181817072e+01 1.292121212121209339e+00
2.681697018181817072e+01 2.019393939393935966e+00
2.688969745454544835e+01 2.741818181818175049e+00
2.695272775757575801e+01 3.444848484848478165e+00
2.819393987878788010e+01 -4.084848484848485839e+00
2.752484896969696848e+01 -3.648484848484848442e+00
2.809697018181817185e+01 -2.775757575757577200e+00
2.749090957575757699e+01 -2.310303030303028748e+00
2.751515199999999339e+01 -1.612121212121213176e+00
2.746181866666666593e+01 -9.187878787878815956e-01
2.749575806060605743e+01 -1.963636363636354076e-01
2.754909139393939910e+01 5.018181818181801646e-01
2.759757624242424612e+01 1.209696969696970825e+00
2.766545503030302910e+01 1.932121212121213460e+00
2.771878836363635656e+01 2.644848484848481007e+00
2.772363684848483700e+01 3.367272727272727195e+00
2.840242472727272371e+01 -4.317575757575756512e+00
2.837818230303029310e+01 -3.692121212121211471e+00
2.833939442424242117e+01 -2.989090909090908355e+00
2.834424290909090161e+01 -2.315151515151516293e+00
2.833454593939394073e+01 -1.641212121212124231e+00
2.832000048484847099e+01 -9.187878787878815956e-01
2.835393987878787669e+01 -1.672727272727314585e-01
2.832484896969696564e+01 4.727272727272726627e-01
2.836848533333333222e+01 1.146666666666664725e+00
2.840727321212121836e+01 1.907878787878786397e+00
2.844606109090909030e+01 2.581818181818178459e+00
2.847515199999998714e+01 3.347878787878784124e+00
2.926060654545454298e+01 -4.327272727272728048e+00
2.907636412121211578e+01 -2.329696969696968267e+00
2.910060654545454639e+01 -1.689696969696971252e+00
2.979393987878787442e+01 -8.848484848484865495e-01
2.916848533333332938e+01 -2.593939393939415083e-01
2.912484896969696280e+01 4.387878787878740638e-01
2.920727321212121552e+01 1.161212121212123805e+00
2.920242472727272087e+01 1.873939393939391351e+00
2.922181866666667105e+01 2.552727272727267405e+00
2.924606109090908745e+01 3.309090909090905086e+00
3.000727321212121268e+01 -4.346666666666667567e+00
2.993454593939393504e+01 -3.696969696969699015e+00
2.995878836363636566e+01 -3.037575757575758928e+00
2.992000048484847952e+01 -2.315151515151516293e+00
2.989575806060604890e+01 -1.684848484848487260e+00
2.989575806060604890e+01 -9.527272727272730890e-01
2.993939442424241548e+01 -2.884848484848525629e-01
2.996848533333332654e+01 4.339393939393936250e-01
2.997818230303030163e+01 1.185454545454547315e+00
3.001697018181817356e+01 1.893333333333330870e+00
2.999757624242423759e+01 2.630303030303032585e+00
3.001212169696969312e+01 3.357575757575759212e+00
3.084606109090909598e+01 -4.327272727272728048e+00
3.076848533333332369e+01 -3.740606060606062044e+00
3.069090957575756562e+01 -2.940606060606061334e+00
3.065697018181817413e+01 -2.358787878787879322e+00
3.066181866666666878e+01 -1.699393939393939235e+00
3.070545503030302115e+01 -2.933333333333330017e-01
3.071515199999999624e+01 4.193939393939380977e-01
3.069575806060604606e+01 1.156363636363636260e+00
3.074424290909090729e+01 1.903030303030302406e+00
3.085090957575757642e+01 2.615757575757577058e+00
3.091878836363635941e+01 3.347878787878784124e+00
3.157333381818181550e+01 -4.370909090909091077e+00
3.156848533333332085e+01 -3.711515151515150990e+00
3.151515199999999339e+01 -3.032727272727271384e+00
3.145212169696969084e+01 -2.324848484848487828e+00
3.148121260606060190e+01 -1.679999999999999716e+00
3.144242472727272997e+01 -2.884848484848525629e-01
3.147636412121212146e+01 4.193939393939380977e-01
3.158303078787879059e+01 1.132121212121212750e+00
3.159757624242424612e+01 1.888484848484850431e+00
3.170909139393939569e+01 2.547878787878786966e+00
3.162181866666666252e+01 3.343030303030303685e+00
3.240242472727272371e+01 -4.390303030303030596e+00
3.232000048484847099e+01 -3.692121212121211471e+00
3.234424290909090161e+01 -3.018181818181819409e+00
3.229575806060605458e+01 -2.324848484848487828e+00
3.224242472727272713e+01 -1.621818181818184712e+00
3.229575806060605458e+01 -9.721212121212126078e-01
3.227636412121211862e+01 -2.690909090909094914e-01
3.228121260606059906e+01 4.339393939393936250e-01
3.232000048484847099e+01 1.166060606060604243e+00
3.230060654545454923e+01 1.956363636363636971e+00
3.237333381818181266e+01 2.664242424242424079e+00
3.244121260606059565e+01 3.338181818181816141e+00
3.322181866666667105e+01 -4.322424242424244056e+00
3.312969745454544324e+01 -3.658181818181819978e+00
3.308121260606059622e+01 -2.974545454545456380e+00
3.304242472727272428e+01 -2.334545454545455812e+00
3.303272775757574919e+01 -1.670303030303035285e+00
3.303272775757574919e+01 -9.575757575757570805e-01
3.300848533333333279e+01 -2.254545454545464622e-01
3.306181866666666025e+01 4.824242424242441984e-01
3.308121260606059622e+01 1.214545454545451264e+00
3.313454593939393789e+01 1.922424242424238372e+00
3.318787927272726535e+01 2.659393939393936535e+00
3.322181866666667105e+01 3.386666666666663161e+00
3.397818230303030163e+01 -4.312727272727276073e+00
3.390545503030302399e+01 -3.701818181818183007e+00
3.388606109090908802e+01 -2.974545454545456380e+00
3.382787927272726591e+01 -2.305454545454544757e+00
3.378909139393939398e+01 -1.665454545454547741e+00
3.379878836363635486e+01 -9.333333333333335702e-01
3.382787927272726591e+01 -1.915151515151549688e-01
3.378424290909089933e+01 4.193939393939380977e-01
3.382303078787878547e+01 1.243636363636362319e+00
3.399272775757574294e+01 1.912727272727273942e+00
3.397333381818182119e+01 2.698181818181815572e+00
3.395393987878787101e+01 3.401212121212118689e+00
3.474424290909090729e+01 -4.322424242424244056e+00
3.470545503030302115e+01 -3.658181818181819978e+00
3.466181866666666878e+01 -2.955151515151516861e+00
3.460848533333332711e+01 -2.300606060606064318e+00
3.457939442424241605e+01 -1.573333333333337691e+00
3.457454593939393561e+01 -8.751515151515150137e-01
3.461333381818182175e+01 -1.284848484848488681e-01
3.459393987878787158e+01 5.454545454545431937e-01
3.473454593939394641e+01 1.961212121212120962e+00
3.475878836363636282e+01 2.727272727272726627e+00
3.493333381818181493e+01 3.575757575757577911e+00
3.553939442424242401e+01 -4.341818181818180022e+00
3.552000048484847383e+01 -3.566060606060606375e+00
3.551515199999999339e+01 -2.969696969696972388e+00
3.538909139393938830e+01 -2.237575757575758217e+00
3.538424290909090786e+01 -1.524848484848487118e+00
3.535030351515150215e+01 -8.218181818181840015e-01
3.543757624242424953e+01 -9.454545454545737471e-02
3.540848533333332426e+01 5.696969696969702568e-01
3.548606109090909655e+01 1.335757575757572369e+00
3.548121260606060190e+01 2.009696969696971536e+00
3.565090957575757358e+01 2.790303030303029175e+00
3.579636412121211464e+01 3.488484848484851852e+00
3.638787927272726819e+01 -4.278787878787881027e+00
3.628121260606059906e+01 -3.532121212121214882e+00
3.625212169696970221e+01 -2.872727272727274794e+00
3.617454593939392993e+01 -1.481212121212120536e+00
3.617454593939392993e+01 -7.539393939393939092e-01
3.638787927272726819e+01 1.818181818181798803e-01
3.624242472727272713e+01 6.666666666666642982e-01
3.641697018181817924e+01 1.350303030303031449e+00
3.647515199999998714e+01 2.082424242424242067e+00
3.647030351515150670e+01 2.824242424242420668e+00
3.656242472727272030e+01 3.517575757575755802e+00
3.722181866666667105e+01 -4.201212121212122952e+00
3.711030351515152148e+01 -3.493333333333332291e+00
3.710545503030302683e+01 -2.775757575757577200e+00
3.706666715151514069e+01 -2.077575757575761628e+00
3.704242472727272428e+01 -1.398787878787882022e+00
3.700363684848485235e+01 -6.569696969696963151e-01
3.706666715151514069e+01 3.272727272727244952e-01
3.721212169696969596e+01 7.054545454545433358e-01
3.760484896969696678e+01 1.229090909090910344e+00
3.747878836363636168e+01 2.189090909090907644e+00
3.809454593939393163e+01 -4.099393939393937814e+00
3.808484896969697076e+01 -3.352727272727271668e+00
3.813333381818181778e+01 -2.678787878787879606e+00
3.809939442424241207e+01 -1.980606060606064034e+00
3.842424290909089990e+01 -1.127272727272728758e+00
3.799272775757574294e+01 -5.309090909090947719e-01
3.813333381818181778e+01 2.799999999999997158e+00
3.842424290909089990e+01 3.284848484848481576e+00
3.920000048484848065e+01 -3.226666666666666572e+00
3.924848533333332767e+01 -2.969696969696972388e+00
3.920000048484848065e+01 -1.757575757575757791e+00
3.998545503030302228e+01 1.161212121212123805e+00
3.999030351515150272e+01 1.873939393939391351e+00
3.999515199999999737e+01 2.630303030303032585e+00
3.998545503030302228e+01 3.338181818181816141e+00
3.997575806060606141e+01 3.978181818181816709e+00
4.075151563636362795e+01 -3.968484848484852279e+00
4.070303078787878093e+01 -3.115151515151517003e+00
4.070303078787878093e+01 -2.436363636363637397e+00
4.069333381818180584e+01 -1.791515151515156390e+00
4.070303078787878093e+01 -1.073939393939394193e+00
4.071272775757575602e+01 -3.466666666666675667e-01
4.072727321212121154e+01 1.112727272727273231e+00
4.069818230303030049e+01 1.849696969696967841e+00
4.070303078787878093e+01 2.315151515151512740e+00
4.066424290909090900e+01 3.309090909090905086e+00
4.070303078787878093e+01 3.968484848484848726e+00
