-1.092294666308902151e+00 -4.069203962101653360e+00
-1.080346957758592907e+00 -2.614503275004651073e+00
-1.089054178546867035e+00 -1.891755113783478492e+00
-1.081111789751915353e+00 -1.158796929551051846e+00
-1.101136335146172485e+00 -4.447917640049965371e-01
-1.089018374877284145e+00 3.922576562956479052e-01
-1.087152346248430490e+00 1.048491325019735854e+00
-1.085825726232371835e+00 1.769835991808275111e+00
-1.080556641087675018e+00 2.473813078776547769e+00
-1.085731411894293785e+00 3.213455839982138684e+00
-1.073451860247800482e+00 3.955480288917208043e+00
-3.019456450600159769e-01 -4.044479272865011410e+00
-2.934686961870198729e-01 -3.336911602997680859e+00
-3.101044650380515577e-01 -2.595490476788597789e+00
-3.403667422674132581e-01 -1.881328652316504702e+00
-3.344337294323409537e-01 -1.142912605040564245e+00
-3.171554445873852046e-01 -4.301427186505577538e-01
-3.587574746230046685e-01 1.022332304781517820e+00
-3.455395849766844663e-01 1.770823777425469814e+00
-3.416437012764603764e-01 2.471482925887229953e+00
-3.572728193236898164e-01 3.248971616877092572e+00
4.159460630893150324e-01 -3.315805589708034518e+00
3.735404689072439055e-01 -2.601227731580500802e+00
4.101214774739077029e-01 -1.871601814927231544e+00
4.013773609479045490e-01 -1.133861792492940168e+00
4.078237361494956303e-01 -4.092455647909680749e-01
4.017389591793403270e-01 1.048857010043565907e+00
4.060073055525705854e-01 1.766088926418643013e+00
3.805325256253624389e-01 2.514867778105379870e+00
3.969598343412883423e-01 3.257029208668598130e+00
3.850005083584733256e-01 3.971295569224601252e+00
1.130552885123506712e+00 -4.036345699535246467e+00
1.142711154467988877e+00 -3.322037149159481118e+00
1.146452884683284879e+00 -2.590000632310580642e+00
1.136429703831218774e+00 -1.854805303554027063e+00
1.117417365853988542e+00 -1.141432932933724942e+00
1.137423866164020581e+00 -4.235409509412733087e-01
1.133505981349919978e+00 1.040120574905216699e+00
1.125833612970914999e+00 1.790785044505707191e+00
1.133971118898266184e+00 2.519816864745557439e+00
1.142171969997995973e+00 3.249231486384033474e+00
1.143137472294377233e+00 3.957703357892327745e+00
1.868650386946271169e+00 -4.029149129997989576e+00
1.847212114382116965e+00 -3.314115808835389032e+00
1.871975964070450971e+00 -2.602211966134998278e+00
1.882747738328376386e+00 -1.862587355976554448e+00
1.889072906515139039e+00 -1.133234481377993319e+00
1.878928408709413134e+00 -3.900426742464127017e-01
1.884139192796766338e+00 3.481213990195897168e-01
1.869507570757022563e+00 1.756482253662330351e+00
1.875518688319772309e+00 2.545127678635211055e+00
1.829862866104022601e+00 3.257581550501811307e+00
1.863981816441651063e+00 3.978647857538383903e+00
2.614192838261331531e+00 -4.023834736795027567e+00
2.594427612658869009e+00 -3.330934156948213598e+00
2.573851476552661666e+00 -2.604696243398350930e+00
2.595965744089873795e+00 -1.866894696535450038e+00
2.601330737685316308e+00 -1.142886160656619410e+00
2.589820931272271309e+00 -3.905083227480226071e-01
2.577496719906115175e+00 2.966053034635827146e-01
2.592374713602623615e+00 1.058352529868166414e+00
2.590607358644604119e+00 1.785968222012229489e+00
2.624877614205097132e+00 2.542842579317184715e+00
2.573443454286461929e+00 3.213013429985799974e+00
2.596318701236313586e+00 3.969175966468014849e+00
3.345268357181254260e+00 -4.034691309428243500e+00
3.370604958440111432e+00 -3.273431338042222194e+00
3.325964158386483405e+00 -2.575517230222516218e+00
3.327346464479091992e+00 -1.879189727221280748e+00
3.325460983498089718e+00 -1.138705025804437554e+00
3.335895328736235399e+00 -4.281311722041998280e-01
3.317153975519076425e+00 2.935760442245758384e-01
3.349646127868709300e+00 1.041600913934001227e+00
3.345123674461362384e+00 1.778671467633397896e+00
3.336914247526145516e+00 2.532651665630545779e+00
3.342234050240747933e+00 3.229232894633639717e+00
3.330903813526219892e+00 3.941582150587215949e+00
4.036250323542915908e+00 -4.011128003806192055e+00
4.052169703151619728e+00 -3.299303576513274550e+00
4.061235428477118603e+00 -2.573647297478007800e+00
4.148245839425918291e+00 -1.873001780107031777e+00
4.041114909654901055e+00 -1.154861707871827292e+00
4.062117368184772204e+00 -4.101618423085113818e-01
4.023485892998721170e+00 3.529557496836304153e-01
4.071180788767527758e+00 1.026329698352430597e+00
4.083219890184970780e+00 1.758639982105002275e+00
4.094582501362545202e+00 2.506567519968328384e+00
4.103141688528182840e+00 3.224953199845224106e+00
4.797939057141107355e+00 -4.015899076792479150e+00
4.793397362641947268e+00 -3.295532371102030567e+00
4.801499920347083616e+00 -2.570084723106269564e+00
4.778528481800336181e+00 -1.132562585026246182e+00
4.786372533930084217e+00 -4.169459677657272323e-01
4.800392019502226049e+00 3.257104483487331947e-01
4.825949066587604364e+00 1.028800885445466662e+00
4.851255367275371100e+00 1.776981091306076621e+00
4.827986736527030587e+00 2.482820156960766411e+00
4.856914815160273236e+00 3.213277090833699390e+00
4.863757146785104624e+00 3.912197949556023957e+00
5.510481285973568788e+00 -4.015879724544788587e+00
5.529860245151454023e+00 -3.293357489640118985e+00
5.530707761578973702e+00 -2.570222148060899769e+00
5.545950737153603427e+00 -1.838020978460995991e+00
5.521106426826825953e+00 -1.136791220379240741e+00
5.518335674600983509e+00 -3.841479988580758231e-01
5.537045149740421834e+00 3.179737938082780602e-01
5.543454075173137596e+00 1.072166123631173917e+00
5.574147218866066567e+00 1.756672059202980307e+00
5.585093804996844824e+00 2.507761020858549017e+00
5.572271551922746369e+00 3.216645674337115679e+00
5.560995596126254270e+00 3.949235774795411658e+00
6.266587786620483769e+00 -4.030928096413727957e+00
6.254151605917066092e+00 -3.302274254575177537e+00
6.264218818304911451e+00 -2.575732981995198401e+00
6.262123093238457727e+00 -1.817134661462564083e+00
6.246135563102477306e+00 -1.107214431132284460e+00
6.299256255035899699e+00 -4.026988209599089430e-01
6.277249022108421173e+00 3.344109768491740908e-01
6.290902002926351599e+00 1.036104648575783216e+00
6.296996355111630805e+00 1.767230854940180507e+00
6.311330313698164218e+00 2.524102081524663532e+00
6.317945357582708255e+00 3.227381978782403849e+00
6.326887100664009722e+00 3.944504805654979407e+00
7.007569251494054186e+00 -4.025996666733984597e+00
6.999484812141616885e+00 -3.330060349390869590e+00
7.001989839745370148e+00 -2.572098427670461263e+00
7.002754783231537772e+00 -1.852874334103958631e+00
7.033290454278137815e+00 -4.033655171481882462e-01
7.044405748681207058e+00 3.235823722381354628e-01
6.994593072808562795e+00 1.035420870298299434e+00
7.063273250794267710e+00 1.760458892022199962e+00
7.060654316742521530e+00 3.207553995399464952e+00
7.072396772240168161e+00 3.934380018361608222e+00
7.736778014440950813e+00 -4.028390749586911568e+00
7.680322357589943749e+00 -3.310923515040851584e+00
7.736130882559123734e+00 -1.858360426995457004e+00
7.778735239098892862e+00 -1.150109826345332209e+00
7.821765230521400269e+00 -4.072514047956836691e-01
7.817533683798380650e+00 3.173366191037523265e-01
7.797035605794185642e+00 1.035026831074329579e+00
7.799911527148587709e+00 1.763314995429940524e+00
7.804685219948794384e+00 2.497433046056919181e+00
7.807564982258988096e+00 3.224968964938689453e+00
7.788390845341119473e+00 3.959594356102279278e+00
8.524627059072990676e+00 -4.039188358848157634e+00
8.514092283148386286e+00 -3.309234454702266959e+00
8.523323311440542227e+00 -2.559059482595802848e+00
8.490884176022007068e+00 -1.885806493012395890e+00
8.524966279691895465e+00 -1.168243253760117284e+00
8.553390919989787733e+00 2.844643030702904696e-01
8.557197241851476122e+00 1.039354414166790974e+00
8.550609654524016889e+00 1.746078839926020976e+00
8.533158291193565503e+00 2.494046940427590897e+00
8.519078223950572237e+00 3.205909379387577474e+00
8.516275664689182179e+00 3.949860847359857985e+00
9.272529937961806468e+00 -2.604798819230399687e+00
9.285523013671863168e+00 -1.160610697938761149e+00
9.276375127290648948e+00 -4.480344539741736298e-01
9.279125552484401851e+00 2.935231947837912969e-01
9.257520757197376327e+00 1.035254923925748471e+00
9.275313887064633889e+00 1.744701532434024926e+00
9.256514750083852050e+00 2.487133577989862232e+00
9.274256195982623296e+00 3.211252982682523793e+00
9.283770487702966534e+00 3.933076057072291576e+00
1.003195357035851032e+01 -1.894660457305512580e+00
1.002338132808998949e+01 -1.172624676972233715e+00
1.002930154230266879e+01 -4.628561368913501894e-01
9.997382505495920668e+00 2.747205946934201393e-01
9.977483477860324967e+00 1.050408697397372748e+00
1.000856290063107679e+01 1.755083791496378609e+00
1.001017681218088029e+01 2.453361949381335450e+00
1.000128782341339928e+01 3.186731336984429674e+00
1.002840203149022358e+01 3.891909705090213834e+00
1.086061643607376226e+01 -4.056910441198347428e+00
1.085049392115864464e+01 -3.337497998529450172e+00
1.084952587584564299e+01 -2.612591609556012884e+00
1.083226157314477689e+01 -1.897724015625097849e+00
1.081637797017788927e+01 -1.157514372520616064e+00
1.079798765462157917e+01 -4.386523856714710234e-01
1.074951179424495962e+01 1.036575478084767354e+00
1.075120952713736955e+01 1.725692834904329231e+00
1.075930573909273136e+01 2.465521353819777772e+00
1.076190900859875654e+01 3.211972453954075490e+00
1.078978162638685490e+01 3.896477487341442725e+00
1.160107066549492316e+01 -3.337569479117203031e+00
1.160378394144424874e+01 -2.605580235082832985e+00
1.161025117533230144e+01 -1.899793555878197537e+00
1.156297743362523534e+01 -1.166275966216950621e+00
1.151926072765736819e+01 2.733116765752008348e-01
1.149187493495300316e+01 1.005729850876793563e+00
1.148778129016444183e+01 1.727846524239357251e+00
1.149086897740702540e+01 2.457259712925473849e+00
1.150774280860799337e+01 3.153979671999550760e+00
1.152490935587401566e+01 3.914331097118086689e+00
1.234612599689444323e+01 -3.321382044408178302e+00
1.233790910111366657e+01 -2.600999038305403133e+00
1.235723622610485961e+01 -1.907629231816912352e+00
1.230430918445981092e+01 -1.147896281666209717e+00
1.230546783890059714e+01 -4.210857302609660735e-01
1.227616281227025041e+01 2.789991259404658308e-01
1.223801393850350649e+01 1.014531022131905047e+00
1.222211100774426029e+01 1.746529335175470266e+00
1.223191499962319995e+01 2.467037363374888770e+00
1.225907387457889541e+01 3.179332974494826658e+00
1.225528930110000658e+01 3.894152685563661009e+00
1.314222536585894119e+01 -4.100113525296460892e+00
1.309738426933501643e+01 -3.336143949975436840e+00
1.309880081995039802e+01 -2.614004302916303146e+00
1.307800959072038438e+01 -1.888823211397657076e+00
1.306100336066447198e+01 -1.148291883863581830e+00
1.305143980208219290e+01 -4.200817167486015080e-01
1.306521017538855745e+01 3.094817280528374681e-01
1.303471463844516620e+01 1.008697600781360393e+00
1.306785192948660068e+01 1.736241304820602238e+00
1.303507502308371357e+01 2.501256320582495363e+00
1.303412892252732291e+01 3.190065494483363295e+00
1.304117854608594484e+01 3.931657578306122502e+00
1.389337666543043071e+01 -4.054215511764340363e+00
1.390016944447337721e+01 -3.327836736737388890e+00
1.388776489991384722e+01 -2.581025905869950066e+00
1.382943058430785754e+01 -1.127894318153554565e+00
1.382012969099235278e+01 3.115053684403186196e-01
1.378499536778326018e+01 1.022638656418454417e+00
1.378698926061386487e+01 1.751425241388396614e+00
1.377308336832632563e+01 2.481914414357657250e+00
1.380681581828385163e+01 3.226778491977071894e+00
1.379742236975812375e+01 3.929239554837543835e+00
1.460536945704326683e+01 -3.329880841986135209e+00
1.464149018114299849e+01 -2.598051619291869230e+00
1.460693882658377163e+01 -1.873653402075746044e+00
1.462775978695911050e+01 -1.156105239263780504e+00
1.462010562050344475e+01 -4.163178573112027436e-01
1.457458627316172795e+01 2.791926416278442957e-01
1.458612654185128577e+01 1.036623809686240349e+00
1.453442797384325758e+01 1.753210697169475196e+00
1.451969542714486749e+01 2.514018195220074858e+00
1.453547286414870143e+01 3.231596866971855775e+00
1.455137169029514865e+01 3.935542380955496355e+00
1.538406385919137875e+01 -4.064840542287186054e+00
1.537629999039031503e+01 -3.329226874768245636e+00
1.538657179055962843e+01 -2.602547434799195258e+00
1.536345620609510121e+01 -1.878539465358755933e+00
1.532051274401872831e+01 3.338198183254128537e-01
1.529861233975729107e+01 1.040777825425536207e+00
1.530962794933608251e+01 1.772718220387140775e+00
1.529222063026608680e+01 2.499426749228199185e+00
1.533123244246760208e+01 3.219315069714859590e+00
1.532997753614523617e+01 3.943600311994082119e+00
1.617421508646214789e+01 -4.051366449750201326e+00
1.616037869736542376e+01 -3.345634168691727695e+00
1.614620496465205690e+01 -2.586475262050988988e+00
1.610678177439542225e+01 -1.140074090491619785e+00
1.608897209559678032e+01 3.470186541676838488e-01
1.608198539881859546e+01 1.018585429239237783e+00
1.604771765401060435e+01 1.772483474290325489e+00
1.607189476279993556e+01 3.232851247117721982e+00
1.606162048229164441e+01 3.949035513649484130e+00
1.691452578165264953e+01 -4.062270887855142121e+00
1.690599743057911297e+01 -3.334085550608861581e+00
1.692879936246592365e+01 -2.605663512184190012e+00
1.691245173893158693e+01 -1.891509640068079534e+00
1.685060185025344737e+01 -1.155914957586897884e+00
1.689586824240328866e+01 -4.304205183990177375e-01
1.683568807678740598e+01 3.359950155505515568e-01
1.680536153157671464e+01 1.767647424036606907e+00
1.681525860869011524e+01 2.500840998877727372e+00
1.679097622359751796e+01 3.243327992658514347e+00
1.682087458816025816e+01 3.939918213366112809e+00
1.764497339746758087e+01 -4.067058154133722070e+00
1.765177074200199314e+01 -3.341646000904276548e+00
1.764728428820575346e+01 -2.650310489997401930e+00
1.764833513501854867e+01 -1.889697288182158985e+00
1.761586209731245845e+01 -1.175995493318186647e+00
1.761145615205705894e+01 -4.437677747970774078e-01
1.760815195284983758e+01 2.988512514726373581e-01
1.757947989927860277e+01 1.789779176634418434e+00
1.756687320276429887e+01 2.507831096970456031e+00
1.755242977840261887e+01 3.211825386779011637e+00
1.756147394716144561e+01 3.949829314415872261e+00
1.838380003347388936e+01 -4.051899981809526707e+00
1.836435702440485329e+01 -3.331069625717738347e+00
1.835725344802943226e+01 -2.618065131335058027e+00
1.835400688374424050e+01 -1.858317563211048906e+00
1.835844629839145625e+01 -1.160618052063846051e+00
1.834632983524650029e+01 -4.475576474436415708e-01
1.835346679917821433e+01 3.552796200165921903e-01
1.829987319915442612e+01 1.039318182164311821e+00
1.829646033191757937e+01 1.707295035697839580e+00
1.831335980648347572e+01 2.525499974907656764e+00
1.831095000392829064e+01 3.223763308251598403e+00
1.832520270791798112e+01 3.963329009320489149e+00
1.910799206695262598e+01 -4.042919032353001541e+00
1.909453416021854366e+01 -3.339075574430619753e+00
1.908976867564176416e+01 -2.595785806317692845e+00
1.907225329223133059e+01 -1.881691604768469972e+00
1.904914511883720962e+01 -1.163944373335215943e+00
1.907630774611889990e+01 -4.237364881246570292e-01
1.905089856024194006e+01 3.028779682740214696e-01
1.906396293843966561e+01 1.051835045185182338e+00
1.904769156418906562e+01 1.790374879087149651e+00
1.903806537422565981e+01 2.514529619076267153e+00
1.904404013143915364e+01 3.258863290305285432e+00
1.902776058790669822e+01 3.964609351708503482e+00
1.982094803010451045e+01 -4.075443289429038884e+00
1.982236729623647875e+01 -3.328012667849176154e+00
1.979999056194753848e+01 -2.600900199640591381e+00
1.981226589214106326e+01 -1.882719765464809569e+00
1.980673504066484014e+01 -1.137978248430467687e+00
1.981822724144844727e+01 -4.148365439942622857e-01
1.978693659099381819e+01 3.290183529849457500e-01
1.981234429232745953e+01 1.039644692392990066e+00
1.976306125351079857e+01 1.773969294573277011e+00
1.978660198952093197e+01 2.500312455075395235e+00
1.976906758115754315e+01 3.245098090837934990e+00
1.978605344531388255e+01 4.002788524927431979e+00
2.057293492300725291e+01 -4.034073160474257236e+00
2.054114134736726527e+01 -3.317044078655939643e+00
2.055030970821849934e+01 -2.585119428844034672e+00
2.054426396353600381e+01 -1.864067780699155463e+00
2.053259286883444901e+01 -1.142747858659401317e+00
2.052426966750195447e+01 -4.149443066794624713e-01
2.053164195306623441e+01 3.182354039131993773e-01
2.052363530526611868e+01 1.042043867366139409e+00
2.052539597385203507e+01 1.773443901158582747e+00
2.054630712437838014e+01 2.499885831808093428e+00
2.051939764176906777e+01 3.235341127173775533e+00
2.054451039991094774e+01 3.974856817454892166e+00
2.133751876532799230e+01 -4.043542471050940890e+00
2.133139523719312791e+01 -3.310790239986037164e+00
2.129115925432515155e+01 -2.611413837151026485e+00
2.129602604847079306e+01 -1.840870752268841670e+00
2.128817263944779370e+01 -1.119479847647493642e+00
2.128661841599689097e+01 3.200135832453661067e-01
2.130432893321950161e+01 1.073834469902141819e+00
2.128941489658618735e+01 1.778447947321598832e+00
2.127000807501326562e+01 2.529882363970177295e+00
2.125131924545960516e+01 3.246056818157640578e+00
2.130033273219522982e+01 3.960991648748340310e+00
2.206937872607398532e+01 -4.054389573244669975e+00
2.205083001176673463e+01 -3.326785928620331845e+00
2.203830606517785640e+01 -2.570215878118695230e+00
2.207397206439892301e+01 -1.859417970300818013e+00
2.206829220723306406e+01 -1.123271528824538734e+00
2.205451692463748969e+01 -4.089565235322680792e-01
2.204714538919917999e+01 3.277371903806276521e-01
2.207266220188404304e+01 1.059141537685441392e+00
2.202327677666771422e+01 1.782963534102364633e+00
2.203958241568741272e+01 2.527963151751539073e+00
2.205872108884017990e+01 3.222644193528147127e+00
2.205640026496151052e+01 3.961832715109956382e+00
2.290899299496991404e+01 -3.987621047076125080e+00
2.287704177086860824e+01 -3.312232309703862398e+00
2.289334056345904855e+01 -2.554472285359288719e+00
2.290803340297043178e+01 -1.848906762375811752e+00
2.282648192217875049e+01 -3.838735277410982860e-01
2.282903151261788111e+01 3.370969231259834942e-01
2.281986168982226815e+01 1.068169856772360760e+00
2.280406848232133399e+01 1.791653138212748075e+00
2.280386818572842600e+01 2.516050481367901881e+00
2.281447771823631143e+01 3.223760279794468886e+00
2.280757579009275560e+01 3.985101937677924866e+00
2.363368631623112037e+01 -4.050249107301034712e+00
2.364025536632146895e+01 -3.309298214886783995e+00
2.363427173121159797e+01 -2.588054825680483617e+00
2.364716325055914581e+01 -1.838658062360728707e+00
2.363065527776697650e+01 -1.116234990357405366e+00
2.362090131551536842e+01 -4.010709583392326749e-01
2.361889818723016532e+01 3.264302735889899054e-01
2.358577606459010667e+01 1.065566509026819375e+00
2.357605398327783064e+01 2.542953206950652856e+00
2.356533561899801299e+01 3.234762087558536336e+00
2.354814203902161296e+01 3.965931151248049957e+00
2.437722435817352107e+01 -4.035448891635823543e+00
2.436945009484954738e+01 -3.312593738000746413e+00
2.437948719093042627e+01 -2.580963004524861049e+00
2.436658400068197494e+01 -1.846725676150761331e+00
2.437017514297452436e+01 -1.123838926725646559e+00
2.434917212771914308e+01 -4.052062948026815548e-01
2.434734846373934403e+01 3.270492271786196170e-01
2.433752225780438749e+01 1.058960206360342937e+00
2.433715243685875151e+01 1.794559883915344045e+00
2.433368298617121184e+01 2.515694967604137133e+00
2.428810361861980027e+01 3.254549582807463537e+00
2.432467522661669790e+01 3.952596921713237066e+00
2.510553404516590348e+01 -4.034332295630182585e+00
2.510277179223409405e+01 -3.310422648032144366e+00
2.509407487799942515e+01 -2.577590330458583878e+00
2.510950519792861968e+01 -1.855645366029314403e+00
2.509224886887708550e+01 -1.119142327432758321e+00
2.508062429202757926e+01 -3.901310765374006451e-01
2.512044292822796621e+01 3.025297829213222656e-01
2.508152237500949866e+01 1.061799421693901735e+00
2.506008166057699782e+01 1.782819099716938638e+00
2.507169200119264474e+01 2.519050583259097920e+00
2.503842460871246800e+01 3.248251325449338367e+00
2.508683700609729073e+01 3.962316812911105046e+00
2.584710608260616027e+01 -4.024538051113591308e+00
2.583434814137560664e+01 -2.587554964646312072e+00
2.580259205483179841e+01 -1.864433261806624387e+00
2.583452226406270569e+01 -1.129083894326655013e+00
2.582110009490716607e+01 -4.094183549639112130e-01
2.582856266033849124e+01 3.183634917991895463e-01
2.582732336757194247e+01 1.046171886748592073e+00
2.582830308937514729e+01 1.784227241925627538e+00
2.581484724575585687e+01 2.504858128313085075e+00
2.580895083925637579e+01 3.239782774041060520e+00
2.581340457487766571e+01 3.960887863096473893e+00
2.657744737506114063e+01 -4.024788154061685219e+00
2.652465937269370500e+01 -3.299271488918570583e+00
2.659944491970267677e+01 -2.581268870486109535e+00
2.656173601940718498e+01 -1.852649377132642883e+00
2.656630228713593311e+01 -1.140193083928558337e+00
2.656494895957367675e+01 -4.059961462984666980e-01
2.655211241754354745e+01 3.205163101049848251e-01
2.655115533751519763e+01 1.041624050851226002e+00
2.654457839949967735e+01 1.772920855272943186e+00
2.656574190594042051e+01 2.491078282999612981e+00
2.656051926216099446e+01 3.235449595612806206e+00
2.657394771350905671e+01 3.968130596899506202e+00
2.730403130484445740e+01 -4.019018244052791289e+00
2.730753034733590567e+01 -3.324887694541629912e+00
2.729700561543040749e+01 -2.589353508178099617e+00
2.730054969992711733e+01 -1.858049187278130177e+00
2.729059796366693291e+01 -1.133271026551597060e+00
2.728505015836034886e+01 -3.914349398965661919e-01
2.729456981189105136e+01 3.237082433437734608e-01
2.726655756407401299e+01 1.051748803793472575e+00
2.730734255455837456e+01 1.792340783659884806e+00
2.731567812838417808e+01 2.527656581678922265e+00
2.730804869385293188e+01 3.232487922939220937e+00
2.729957919229638463e+01 3.966501783461708897e+00
2.805809901865968925e+01 -4.039685201284200389e+00
2.801908403719845353e+01 -3.345530537332123799e+00
2.806203376659194504e+01 -2.591501240673508732e+00
2.803869204566075268e+01 -1.862837254204848136e+00
2.804585469367028594e+01 -1.133008313818496759e+00
2.802760279938548393e+01 -4.279461123223633479e-01
2.803903153410966098e+01 3.266534684670148181e-01
2.803547373849844604e+01 1.020923458415044394e+00
2.801885585008430013e+01 1.799009133582508468e+00
2.803860441705177919e+01 2.506264308616088954e+00
2.805353841576965834e+01 3.235496930211120059e+00
2.803814732863871484e+01 3.966312941492006416e+00
2.878547590162515490e+01 -4.060152475774479797e+00
2.877874037672969365e+01 -3.311221784688310521e+00
2.878367131677378410e+01 -2.579483559903099632e+00
2.879770704834809436e+01 -1.874996156477031661e+00
2.878284526970239909e+01 -1.123837979148241573e+00
2.879530061099480776e+01 -4.064916732842966951e-01
2.879505476908068573e+01 3.144215130009975212e-01
2.879200713050186522e+01 1.035310724068846611e+00
2.879851682470739860e+01 1.767127029769365976e+00
2.876821552828923956e+01 2.505701100437995876e+00
2.876536631624451701e+01 3.241297886476196766e+00
2.879135365692361148e+01 3.965230158062304611e+00
2.955733687843889612e+01 -4.041768325605421097e+00
2.953057273135534189e+01 -3.326024477607266050e+00
2.952570938192686612e+01 -2.568533604582430740e+00
2.952429150890210252e+01 -1.876411555431769074e+00
2.950641866390900958e+01 -1.144572801784960348e+00
2.950253052808174203e+01 -4.195706888718540029e-01
2.950414797593283112e+01 3.115926062969869292e-01
2.951697716575139196e+01 1.037129069072989296e+00
2.951533050490076704e+01 1.746271251008145953e+00
2.953181622256322925e+01 2.492532643676941717e+00
2.953982756325481063e+01 3.207080877162240995e+00
2.953761733466864570e+01 3.960710383748043739e+00
3.028398230953315107e+01 -4.049244478982050310e+00
3.030114738165618604e+01 -3.331770499815974063e+00
3.028513909985402819e+01 -2.603554395085648565e+00
3.027950736472883619e+01 -1.873445199342107514e+00
3.027818562253914791e+01 -1.141930281793118951e+00
3.025792121828364856e+01 -4.231539578777230304e-01
3.027207374433741194e+01 2.989007163299817194e-01
3.025665191306992341e+01 1.051987067798044961e+00
3.025854151053412266e+01 1.769812832735091490e+00
3.026303657313282969e+01 2.483784957619405986e+00
3.026967052644314293e+01 3.208962978946857447e+00
3.026910818490792821e+01 3.938950315896946108e+00
3.101751688791134853e+01 -4.041284135279724410e+00
3.101445976636519930e+01 -1.863568988441453911e+00
3.101162702414357142e+01 -1.154510591627257554e+00
3.101106971799139700e+01 -4.115742793825880597e-01
3.101960885448476546e+01 3.122660297259862716e-01
3.099900882939338231e+01 1.022766719014320813e+00
3.099751590193893236e+01 1.760574341173271051e+00
3.100466518609062661e+01 2.493970692529586586e+00
3.100336216499656672e+01 3.217384340145272859e+00
3.099158583922770305e+01 3.935121028862610615e+00
3.177727102394258196e+01 -4.054308486585021853e+00
3.176273449596151721e+01 -3.310161260021768470e+00
3.175554617415495073e+01 -2.597304981795410583e+00
3.177309628748901815e+01 -1.874901042856809141e+00
3.175097602132685637e+01 -1.148579634650491954e+00
3.174034493735992868e+01 -4.344547683550175066e-01
3.174862930760715329e+01 3.071090693641451708e-01
3.174989551106597929e+01 1.034715204686794010e+00
3.175575315716242386e+01 1.767138632540106613e+00
3.175825944610841844e+01 2.497248479396951382e+00
3.173798648647396448e+01 3.238242377633518743e+00
3.173993194608146240e+01 3.951777825392056798e+00
3.252391147758039125e+01 -4.050962092172618156e+00
3.251203694666693167e+01 -3.326343209362772058e+00
3.248252439382985557e+01 -2.589695765005295414e+00
3.249777698644567892e+01 -1.882927591626849306e+00
3.247874118488292794e+01 -1.131235993163393516e+00
3.249487760314537610e+01 3.033170004811083231e-01
3.249310873696416735e+01 1.021199817961736755e+00
3.246939830893949619e+01 1.771280338616101346e+00
3.248069465420024216e+01 2.496547271310753047e+00
3.246362233421074706e+01 3.211818915718289702e+00
3.251058352087547831e+01 3.931894519342677086e+00
3.323442762345083423e+01 -4.051112409115830815e+00
3.323745953596759506e+01 -3.324843084511460489e+00
3.324309355845586111e+01 -2.580897155240517549e+00
3.322859849472828131e+01 -1.865214382041539665e+00
3.323234022921977981e+01 -1.139301872635972046e+00
3.321729416601966278e+01 3.007959067057512925e-01
3.320150448878164440e+01 1.038598412851154507e+00
3.324947704117773384e+01 1.754335888328114379e+00
3.323352830917574607e+01 2.486346632357150810e+00
3.322253543859672931e+01 3.227432191936088657e+00
3.323641810916331707e+01 3.944993159322486065e+00
3.397355872175199210e+01 -4.041014588859713541e+00
3.396823315217556427e+01 -3.316905600645263519e+00
3.398627886140771892e+01 -2.597951831763229080e+00
3.395631142860168694e+01 -1.873394876632783479e+00
3.395971494428277282e+01 -1.133525458905364047e+00
3.397252229617442509e+01 -4.167641101685219951e-01
3.395216506478833907e+01 3.073629492657872220e-01
3.396021427220846789e+01 1.038180348535668429e+00
3.395871349866600752e+01 1.757667668158880758e+00
3.394328022759942343e+01 2.505542862472971422e+00
3.397451795893244508e+01 3.224971725082902196e+00
3.394634771877969825e+01 3.969129346769442179e+00
3.471747596800246782e+01 -4.027576718098138997e+00
3.470794197127219860e+01 -3.307916836669200222e+00
3.470343660713110268e+01 -2.583336806089135962e+00
3.469203591495514871e+01 -1.869503679397670481e+00
3.470501388474382765e+01 -1.142142959297558491e+00
3.469520015658273593e+01 -4.208430973778085615e-01
3.469398359795206233e+01 3.077689863586492436e-01
3.469210036873098346e+01 1.052689585426634267e+00
3.469918471750838052e+01 1.783336143980459809e+00
3.471600478771988918e+01 2.495713169637699735e+00
3.471817871134434341e+01 3.230808379755679027e+00
3.468342211266719488e+01 3.968537340331359076e+00
3.544422366327274432e+01 -4.037460472149213331e+00
3.539504165514622258e+01 -3.333203531781794737e+00
3.543291953600309085e+01 -2.579196084180029658e+00
3.543062465500340608e+01 -1.861381090775459768e+00
3.543994719489835887e+01 -1.162169661327389747e+00
3.544734586027066570e+01 -4.324574005122627796e-01
3.542027234880622899e+01 3.233167494829025657e-01
3.542750460546790947e+01 1.031355900167795880e+00
3.541469592669511002e+01 1.784140629510002185e+00
3.540591769811629064e+01 2.487190683968190541e+00
3.544307518604546914e+01 3.229762047950096360e+00
3.541873210153277540e+01 3.957531900206433306e+00
3.617977052572766894e+01 -4.014508024445571976e+00
3.617357455035865854e+01 -3.289367906600418223e+00
3.617751232910877235e+01 -2.577378713681692801e+00
3.616796936777628702e+01 -1.861684731533443937e+00
3.617041680178054008e+01 -1.135099665718438899e+00
3.615854593179594900e+01 -4.058548416936389458e-01
3.617727145430215074e+01 3.356572372852717479e-01
3.617610817666524525e+01 1.076744943132222687e+00
3.618100112421978309e+01 2.501249503908610450e+00
3.616959507599639068e+01 3.243080584875556838e+00
3.618351928761661185e+01 3.991258411539341466e+00
3.688302008642107666e+01 -4.063706977282024013e+00
3.688903021473173993e+01 -3.300615291889805292e+00
3.688648387943468521e+01 -2.661879650130860142e+00
3.690348803140822298e+01 -1.854912339720936387e+00
3.689750951215797414e+01 -1.125902235867570766e+00
3.689157660283017748e+01 -4.013315705163051916e-01
3.693225347883642229e+01 3.331955558663288741e-01
3.690670424987587950e+01 1.043900808532278290e+00
3.690133395024154339e+01 1.824899032055395054e+00
3.690049301324635422e+01 2.521128743820010953e+00
3.693910574609615338e+01 3.279246722181703433e+00
3.694686272973130059e+01 3.968474147065379043e+00
3.766972082528705101e+01 -4.029230936481553726e+00
3.763790999682137084e+01 -3.298939713937059537e+00
3.763548715122262678e+01 -2.570493483559705084e+00
3.762321175020696984e+01 -1.121501996898114584e+00
3.762501905143205505e+01 -3.899568973369476055e-01
3.760923615148414711e+01 3.803022343621798029e-01
3.763536846673658687e+01 1.088159875036765811e+00
3.765206487154971882e+01 1.771260960035412779e+00
3.767511489524017776e+01 2.525061235116758951e+00
3.763992215242718231e+01 3.252467374082677054e+00
3.765442338353361862e+01 3.974038327267614079e+00
3.839017458262737392e+01 -4.009484673467333948e+00
3.839620005095395783e+01 -3.278037274544370661e+00
3.838166675869526756e+01 -2.570326890753179327e+00
3.837019229569470014e+01 -1.849729043773184145e+00
3.838580367952656758e+01 -1.115084535850588310e+00
3.836220808419798090e+01 -3.793147600881106030e-01
3.840558206374478090e+01 3.719328740533214273e-01
3.840871695869535785e+01 1.072353016273478232e+00
3.842069998550633869e+01 1.787949148142683242e+00
3.839979922475881580e+01 2.540440088126956653e+00
3.919952368105128215e+01 -3.983090950911403638e+00
3.917679734652976009e+01 -3.251271892146654352e+00
3.916101299088183652e+01 -2.571980329821677458e+00
3.917679201272242295e+01 -1.810179757269370526e+00
3.923206467592115843e+01 -1.019295151740799099e+00
3.915330219073658924e+01 -3.221939090308971743e-01
3.917334623658178572e+01 2.587075200363983640e+00
3.911200230361702523e+01 3.118749553625114856e+00
3.992020865112383632e+01 -3.314331041061134187e+00
3.987983177186440997e+01 -2.605887405956377023e+00
3.989673525726367842e+01 -1.808375504654961219e+00
3.999114327754410425e+01 1.087813884909209605e+00
3.999855916754939500e+01 1.842206283264911093e+00
4.000267851631017635e+01 2.606356706524078248e+00
4.000819555685053075e+01 3.307109698206978976e+00
4.000228116094677233e+01 4.012886168260898501e+00
4.073925865469035301e+01 -3.997581837161700236e+00
4.072313734231101279e+01 -3.252518412144929982e+00
4.071760139771036080e+01 -2.511831619800940274e+00
4.071408546071238987e+01 -1.797587642271693653e+00
4.072053646130550675e+01 -1.069351543492448542e+00
4.073228777604088435e+01 -3.408416074041547006e-01
4.075378307021122026e+01 1.109139903526241255e+00
4.073237593371927545e+01 1.835696670831008959e+00
4.072404270120507164e+01 2.561704531998621803e+00
4.070564870172872673e+01 3.321955730394392958e+00
4.071528776955205586e+01 3.997581837161696683e+00
