-4.173670711813727507e+00 -4.161479691168469941e+00
-4.130875980162592498e+00 -2.820520185898427457e+00
-4.171870281065146457e+00 -1.977931815741879262e+00
-4.171562163653980804e+00 -1.259284931678923414e+00
-4.206764828487884245e+00 -5.121903451383431616e-01
-4.174706336145092678e+00 2.525801820966862010e-01
-4.171978944487570118e+00 9.608158547457925636e-01
-4.178645121424935382e+00 1.694435867687865027e+00
-4.160446619793674472e+00 2.396719046698013500e+00
-4.181215706519559205e+00 3.078089201302830702e+00
-4.171267901014033441e+00 3.818990081865145214e+00
-3.258498007958550602e+00 -4.135754726193589192e+00
-3.310209926428115068e+00 -3.427691520335915953e+00
-3.317575948637454530e+00 -2.673669742356086232e+00
-3.359289917334876918e+00 -1.951529803174324229e+00
-3.336889648037825395e+00 -1.223758998747097593e+00
-3.340740538120279268e+00 -5.184984281689821728e-01
-3.332439628665810005e+00 9.768486677973484689e-01
-3.381595163886672140e+00 1.696494335982244195e+00
-3.394003055260824908e+00 2.406577279411955317e+00
-3.411775797897171003e+00 3.192635332932248104e+00
-2.572844008111275116e+00 -3.404250807501952636e+00
-2.622377188300340833e+00 -2.665462208992426696e+00
-2.586111221657972692e+00 -1.954100813515307067e+00
-2.605813097817751611e+00 -1.217367375519749828e+00
-2.606198918060854908e+00 -5.016079617004685076e-01
-2.581206010747074231e+00 9.767901755168892919e-01
-2.613261503758138815e+00 1.698148139972690984e+00
-2.656055623487567630e+00 2.447280094282643148e+00
-2.643021755517963811e+00 3.215419429397130102e+00
-2.654258597474893122e+00 3.928281332509108381e+00
-1.843434708618445939e+00 -4.110211962797997387e+00
-1.851699324027983096e+00 -3.398201328153557910e+00
-1.842767554922268403e+00 -2.666353968772181560e+00
-1.858794208026516515e+00 -1.927053448428644344e+00
-1.893701648490463185e+00 -1.231423970605021623e+00
-1.852213766964418085e+00 -5.118914924091768626e-01
-1.862804590633913904e+00 9.349568386322069102e-01
-1.884727485971239958e+00 1.728697857689926565e+00
-1.888539568391990997e+00 2.476065498121482022e+00
-1.880606915511712884e+00 3.186511510618274201e+00
-1.870411865168598808e+00 3.921735225936423319e+00
-1.099613869453612836e+00 -4.077066449345977617e+00
-1.098207025021309846e+00 -3.353823922685052139e+00
-1.109432223734231115e+00 -2.661100856855952657e+00
-1.110945244794038445e+00 -1.942577061327352084e+00
-1.106392319746326791e+00 -1.213605940642249692e+00
-1.104705184296932430e+00 -4.741095397354193608e-01
-1.109767826058686069e+00 2.611052880069912874e-01
-1.136587307360514387e+00 1.684738162021112373e+00
-1.123335767217980674e+00 2.487848729622847088e+00
-1.194172167919461458e+00 3.202724086370288603e+00
-1.151937519886857331e+00 3.952853939275144057e+00
-3.475548181869712039e-01 -4.065443246953336143e+00
-3.765040201391443020e-01 -3.397808166935078589e+00
-4.033493886419776686e-01 -2.675827146240774113e+00
-3.770241130274314401e-01 -1.931571511937448804e+00
-3.736192862490668176e-01 -1.228184392658622670e+00
-3.952719417633403509e-01 -4.884772547329738757e-01
-4.388722185566393819e-01 2.278899451945086696e-01
-3.815084474636876166e-01 9.678429604065890146e-01
-3.860586925704083683e-01 1.711294391215947286e+00
-3.679892105072610775e-01 2.498603430123747415e+00
-4.347516939247881851e-01 3.149987407321717114e+00
-3.821168488311528222e-01 3.912709763266612129e+00
3.858879432484059180e-01 -4.077592292693527298e+00
4.371233900685922436e-01 -3.298906399659376376e+00
3.568787877842609646e-01 -2.620122096033334458e+00
3.615680217813306285e-01 -1.943650811441415271e+00
3.601163779215497129e-01 -1.213118223425368569e+00
3.554685038917853035e-01 -5.324405407892705000e-01
3.510615431321966184e-01 2.017106831564952074e-01
3.804532651450998060e-01 9.541847408006915998e-01
4.022154117900385017e-01 1.689442263649336695e+00
3.661641944315263686e-01 2.501575423600353787e+00
3.647936908297637615e-01 3.168942689888353925e+00
3.532535417186508653e-01 3.879991464146122837e+00
1.097948681869439724e+00 -4.052951316145225746e+00
1.100468706424614140e+00 -3.336860054115369678e+00
1.102006536025946559e+00 -2.616200437413237267e+00
1.181199059036273979e+00 -1.919882311220732163e+00
1.078947502658131441e+00 -1.232874721708494548e+00
1.102496027480746932e+00 -5.047904492976229562e-01
1.014139488497093566e+00 2.603190841265394795e-01
1.124107511424362826e+00 9.230528109444016138e-01
1.132351330999753714e+00 1.677418514025610818e+00
1.153693245323296424e+00 2.423633599791088500e+00
1.184035249441478754e+00 3.149833557815469476e+00
1.845624957519277132e+00 -4.048768366301185750e+00
1.851770052732312877e+00 -3.337690831211812537e+00
1.852080485712562563e+00 -2.612656846836312496e+00
1.826878318764393327e+00 -1.207109538123191328e+00
1.837128517679957440e+00 -5.054776107316740763e-01
1.853441434605606730e+00 2.363464937930075394e-01
1.879593642180900304e+00 9.445943739336932765e-01
1.931186294671817905e+00 1.692253924167498980e+00
1.897137534985212426e+00 2.401912913740911648e+00
1.934155832215374460e+00 3.106681068759819198e+00
1.990114293987275573e+00 3.784184527095113992e+00
2.572363008817106333e+00 -4.060100158188912900e+00
2.594129453634998583e+00 -3.334458253044711995e+00
2.581201845202699019e+00 -2.606037130209184483e+00
2.603637987731687531e+00 -1.889635372133657398e+00
2.580330040369744893e+00 -1.205929210616449865e+00
2.579753087209255114e+00 -4.650292908176787421e-01
2.608160562753006673e+00 2.307982806216841709e-01
2.637571668413592363e+00 1.005898545667665900e+00
2.665458333404366442e+00 1.671947115728325883e+00
2.697986687749263979e+00 2.421482765378829782e+00
2.673357095483218870e+00 3.112664398430091239e+00
2.675784178940148195e+00 3.846494327241735789e+00
3.346190053626621363e+00 -4.063808038736976158e+00
3.330816341849164530e+00 -3.354176120746476641e+00
3.340031254189604226e+00 -2.616016263612152670e+00
3.335294366160724167e+00 -1.866527053920332690e+00
3.312061555439782978e+00 -1.156535286182993616e+00
3.389418441557026540e+00 -4.746538576827354916e-01
3.357341965294047270e+00 2.520025963788512513e-01
3.383995078047483673e+00 9.339594936115531709e-01
3.382489334294717764e+00 1.688590783676851004e+00
3.420609973469417753e+00 2.427909514037668970e+00
3.444457234921969757e+00 3.135753761062346712e+00
3.452961673671154585e+00 3.842661461389191402e+00
4.104323433481589234e+00 -4.070652183845439254e+00
4.084903444997870281e+00 -3.389459973531558035e+00
4.091278455712576090e+00 -2.612957279904264851e+00
4.081354430333696826e+00 -1.902392151882956739e+00
4.182704575824978122e+00 -4.614007821528929298e-01
4.154625089760145329e+00 2.582912528352920845e-01
4.092725955991838305e+00 9.453209017651538204e-01
4.161609029735686249e+00 1.681560085552622041e+00
4.184156635343114772e+00 3.124357208941255237e+00
4.222735367759646863e+00 3.834475012311081343e+00
4.831664888541070013e+00 -4.075821487004994026e+00
4.810828688759222871e+00 -3.365734871894222380e+00
4.840388288573684861e+00 -1.906941860500012353e+00
4.898478988910909493e+00 -1.208059436881463000e+00
4.937804781450516600e+00 -4.712179688199604755e-01
4.969879081146558519e+00 2.495148874862138655e-01
4.921369725876161283e+00 9.743332980632857243e-01
4.895146001243631417e+00 1.662439398320575634e+00
4.934862855853737074e+00 2.394610412535644883e+00
4.945509225213577054e+00 3.126835001008480219e+00
4.950117965477879522e+00 3.866175473858277201e+00
5.667279402263936561e+00 -4.063556006674318155e+00
5.650885726863272396e+00 -3.368608375794465815e+00
5.675951828676154776e+00 -2.548371654464705927e+00
5.611010129802615154e+00 -1.955589643564724867e+00
5.669654240628091202e+00 -1.251953391049159592e+00
5.708267679394730010e+00 1.994743528250353393e-01
5.714810079632592021e+00 9.427207913068791356e-01
5.682412854925097179e+00 1.647996090218295961e+00
5.671658339700599072e+00 2.388706059291681782e+00
5.664191559451701607e+00 3.104681343139205296e+00
5.666679780895158558e+00 3.849169408038029871e+00
6.445763539159933941e+00 -2.680371509492328386e+00
6.480927384783385037e+00 -1.267011556150997365e+00
6.464798069099622069e+00 -5.487266910699233335e-01
6.428563530839390694e+00 1.972946395504777684e-01
6.416362430653329341e+00 9.310091777221103371e-01
6.434776437868691801e+00 1.641865482022883072e+00
6.430633659868846053e+00 2.374952999008328902e+00
6.423332431521338037e+00 3.098690769157727232e+00
6.462510494369290370e+00 3.802115473423789638e+00
7.250894856710345948e+00 -1.987096436215399109e+00
7.210964696354956516e+00 -1.277117729585686590e+00
7.221572210300742256e+00 -5.799961369562680602e-01
7.179457714759870157e+00 1.509973433769538076e-01
7.163552582464632223e+00 9.447211789041531915e-01
7.178321429670901921e+00 1.647869679105195218e+00
7.207230626397304718e+00 2.316477776421773882e+00
7.199409846485295361e+00 3.051042100788436073e+00
7.271448226616293198e+00 3.745416672230966526e+00
8.152421154965658445e+00 -4.115625835053286607e+00
8.155186084887880327e+00 -3.399213450891604538e+00
8.131615330068790115e+00 -2.685937205131679661e+00
8.089870821777097376e+00 -2.000548023465476888e+00
8.061105064146964594e+00 -1.267440509195765230e+00
8.033948043899471259e+00 -5.591335937146126867e-01
7.948039870790765349e+00 9.020135246270619689e-01
7.924552310909113828e+00 1.572579884440983733e+00
7.960266098965050219e+00 2.330427450934845268e+00
7.997927956059221799e+00 3.075364358734191228e+00
8.030214205707700614e+00 3.732670496509314262e+00
8.919738499923852260e+00 -3.431092776471917460e+00
8.925306812777066057e+00 -2.696204013745141737e+00
8.923656040580247861e+00 -2.002909695048753491e+00
8.865146837605138330e+00 -1.297736400653608513e+00
8.758415824311562403e+00 1.373211089986057232e-01
8.708726545283148823e+00 8.662050868072235232e-01
8.710754590589495194e+00 1.584990905626455060e+00
8.725000003153752459e+00 2.305125800511106604e+00
8.772231838438756313e+00 2.979308976935854503e+00
8.806373280518940305e+00 3.761369175286127131e+00
9.729506887374206769e+00 -3.437077723742856250e+00
9.717883632256800297e+00 -2.701291292852488368e+00
9.739534810609868032e+00 -2.056182962040985274e+00
9.649203711836896957e+00 -1.263100229408543385e+00
9.648583140409037640e+00 -5.439050658195263566e-01
9.555550768141316098e+00 1.339831846005132832e-01
9.489409357363634001e+00 8.485010173340405970e-01
9.458941860358798692e+00 1.577704380516827598e+00
9.495607054968118632e+00 2.294992352534045210e+00
9.551196108682574959e+00 3.015487851959363752e+00
9.562009511430538566e+00 3.708014736624207330e+00
1.064130865025087047e+01 -4.229277912197769496e+00
1.058724951386209057e+01 -3.475932867257636616e+00
1.058346572330324165e+01 -2.777665795420720229e+00
1.048888698165604438e+01 -2.051132786271953279e+00
1.047579158086651319e+01 -1.291032110798266075e+00
1.043023885437196441e+01 -5.883593161931841564e-01
1.039963824049727492e+01 1.695062929062238766e-01
1.040153206602791869e+01 8.050493751504781414e-01
1.045220282891953190e+01 1.548671617436276904e+00
1.038485570551683423e+01 2.324378609729571110e+00
1.036929545673775266e+01 2.994756117713990307e+00
1.040566369182057826e+01 3.719590818663256471e+00
1.153176131133331239e+01 -4.166395029627306457e+00
1.153043801872043872e+01 -3.459034688752133491e+00
1.150575967092215990e+01 -2.708749972527979111e+00
1.143545690775297174e+01 -1.281390050885704568e+00
1.138639991868661383e+01 1.079345387203716200e-01
1.116161061640190155e+01 8.505143674907031937e-01
1.116153322559856065e+01 1.574337935518510534e+00
1.114667120206886608e+01 2.295789629134958432e+00
1.118413545048743885e+01 3.021691012317319291e+00
1.119448938122710047e+01 3.719390155665109887e+00
1.224594338426337004e+01 -3.457693444139838590e+00
1.251362053179977352e+01 -2.701444444329091255e+00
1.227165186441242639e+01 -2.055568760297845188e+00
1.227056663073248188e+01 -1.322233310215281676e+00
1.220741318758587113e+01 -5.930525454173931621e-01
1.215547640138240837e+01 1.341694042654744123e-01
1.206632034530826303e+01 8.380089782810493659e-01
1.194627287345721811e+01 1.564071174960936617e+00
1.190547511815804427e+01 2.336477750014161359e+00
1.193087184156234315e+01 3.020003479542879177e+00
1.200422190787925558e+01 3.717209540593522377e+00
1.318359341859287781e+01 -4.212729632589883977e+00
1.316178353342822760e+01 -3.484084349368245626e+00
1.314468646374199778e+01 -2.735231182966661123e+00
1.300749084822904678e+01 -2.109299933066406396e+00
1.287749773417421295e+01 1.771726183329889182e-01
1.284348769799092338e+01 8.614573031263361713e-01
1.276856129730594347e+01 1.561513397943603110e+00
1.279330428606353820e+01 2.265454270207200693e+00
1.287250043630481144e+01 2.982561149070207307e+00
1.291111325110915686e+01 3.707632301349214288e+00
1.412520717640167334e+01 -4.238629584852812826e+00
1.404418089995248664e+01 -3.480506938356505486e+00
1.399557460502919071e+01 -2.729020205340724203e+00
1.385782501079537354e+01 -1.312714509106662319e+00
1.380424375953641913e+01 1.561865602819558774e-01
1.377661414968572018e+01 8.289763140650414641e-01
1.359606169184068847e+01 1.582547170118566271e+00
1.364284193686367530e+01 3.016141627108979151e+00
1.364151529539594065e+01 3.715362331643099481e+00
1.488108593455206830e+01 -4.235909057323027582e+00
1.487791449452521420e+01 -3.521837721504823548e+00
1.490684591410716564e+01 -2.804203521252613740e+00
1.488925093707860015e+01 -2.108702727743569483e+00
1.474920948972839341e+01 -1.340662033312106871e+00
1.484508308187397319e+01 -6.194266162602346526e-01
1.456914579650756281e+01 1.627657387524870103e-01
1.446411867409361918e+01 1.590858053554210727e+00
1.447826009822685478e+01 2.302762787424512680e+00
1.439865091315569146e+01 3.027959820767478050e+00
1.446576824263919292e+01 3.689330167966247132e+00
1.563969638257284345e+01 -4.296668744063833145e+00
1.564145415476885859e+01 -3.553202280129966084e+00
1.562305410463761035e+01 -2.860113026306834172e+00
1.560052481415039694e+01 -2.126849602661309291e+00
1.555615410669157228e+01 -1.374262132389581836e+00
1.552002683825714513e+01 -6.604518339147951167e-01
1.548462653706548764e+01 9.868122870654971734e-02
1.533587429878987507e+01 1.610138394926678984e+00
1.529944489379398931e+01 2.286987051129077742e+00
1.528233247328279276e+01 2.909846528328785098e+00
1.527864734908428090e+01 3.706185132869727283e+00
1.638674910201078205e+01 -4.251587367662700956e+00
1.636692576806488830e+01 -3.556117139848822717e+00
1.633451554844805997e+01 -2.846648599124602441e+00
1.631016629085757330e+01 -2.091174746084700331e+00
1.628359475720576199e+01 -1.389486424202289072e+00
1.625249592657247177e+01 -6.727870344106143818e-01
1.623632036756011132e+01 1.511359818850692704e-01
1.614810720483417583e+01 8.435807520957503414e-01
1.611667142822300747e+01 1.522251792268001225e+00
1.609606713597533911e+01 2.332958568021638257e+00
1.608679383442781585e+01 3.041843998389424542e+00
1.612062312510487061e+01 3.770150813086338815e+00
1.711693332184666616e+01 -4.215390632038833019e+00
1.709916038446629472e+01 -3.568215070873552719e+00
1.706364439885863504e+01 -2.786238949915482266e+00
1.702360130593594079e+01 -2.073527670130740574e+00
1.697234055701714084e+01 -1.371410410171172600e+00
1.698966267448986400e+01 -6.131352854169804800e-01
1.693874411840860006e+01 1.095554786002743697e-01
1.690509983603365640e+01 9.056532760990627651e-01
1.687328793249847791e+01 1.600709972186187713e+00
1.685765893827628759e+01 2.349273369512275167e+00
1.681681849542704299e+01 3.104677050589089049e+00
1.683271671724924090e+01 3.811843661179658227e+00
1.784697237773395528e+01 -4.255152885357400550e+00
1.782229875468065927e+01 -3.519488659050139745e+00
1.777790170315668661e+01 -2.781987495373080321e+00
1.775065393309518669e+01 -2.062013700029933005e+00
1.772509273479935388e+01 -1.323836139580397031e+00
1.771875733746934856e+01 -6.033341094403716909e-01
1.769234993550640667e+01 1.766544883994214388e-01
1.766901780761700280e+01 8.655736098942519163e-01
1.760029593236518508e+01 1.599149064232086914e+00
1.759128083818290378e+01 2.358411885632747840e+00
1.755452488418194434e+01 3.111363411837871240e+00
1.760812406623236370e+01 3.853173745110851200e+00
1.866749417741817041e+01 -4.154982648987008531e+00
1.853652880088313992e+01 -3.445416396813183013e+00
1.852097839298592419e+01 -2.730174802751971441e+00
1.849232246130027590e+01 -2.024881797729317867e+00
1.845447895984614206e+01 -1.293580272824780053e+00
1.842403003414280249e+01 -5.779841338156153085e-01
1.841439002879032927e+01 1.459971065807366131e-01
1.838696154923869130e+01 8.774000493229330289e-01
1.836420012615727870e+01 1.615501124392196175e+00
1.835614705380197620e+01 2.349111874578465375e+00
1.834443450111213991e+01 3.078897247886480670e+00
1.842130169023070607e+01 3.809678155307786085e+00
1.942677148563572587e+01 -4.218280591769097754e+00
1.940044597576287799e+01 -3.460947783706028957e+00
1.935952511620939731e+01 -2.705177195966321335e+00
1.929670792503544874e+01 -1.967596531598601928e+00
1.930925363161226471e+01 -1.237897372458977685e+00
1.918314792271024061e+01 1.541194141862831657e-01
1.942448905640618761e+01 8.692379077212990524e-01
1.925829326514523387e+01 1.625628695112894206e+00
1.916343263533185848e+01 2.375887692345340696e+00
1.927538020998201773e+01 3.101626231606772421e+00
1.930337069353440427e+01 3.706120203107580835e+00
2.015740903021559660e+01 -4.209659413894751623e+00
2.011882924553298579e+01 -3.448793717693384053e+00
2.009839927056225406e+01 -2.732400982851793003e+00
2.013829255040626265e+01 -2.026281671851574373e+00
2.015560618530462023e+01 -1.288990449294995955e+00
2.014174984554124137e+01 -5.574113346195126439e-01
2.013652710015199432e+01 1.747754132088452650e-01
2.018000733054278584e+01 9.133558586477228403e-01
2.009234617122332622e+01 1.632793933169637057e+00
2.009208281596966117e+01 2.357941329563619348e+00
2.011041292012579618e+01 3.019086390081831439e+00
2.014483879672263100e+01 3.738604575021085452e+00
2.134824831473360973e+01 -4.128604517601935697e+00
2.128526601341039282e+01 -3.457983976308998564e+00
2.132334186244425922e+01 -2.685182790321647417e+00
2.137089424675893667e+01 -1.959522206849570125e+00
2.123138154284473700e+01 -3.755551761544992928e-01
2.109667996529750411e+01 1.881758726822404526e-01
2.105448796625923791e+01 8.900376238496363612e-01
2.098248839811238753e+01 1.640744629816769162e+00
2.096878849434065728e+01 2.356650367710397376e+00
2.097314258203865478e+01 2.998240844264046245e+00
2.093594859182909573e+01 3.745622994376766712e+00
2.206279239617536803e+01 -4.200211010826919278e+00
2.207157847458920941e+01 -3.467419883679134784e+00
2.205499213100900135e+01 -2.744759337110409092e+00
2.207291935077620337e+01 -2.004540793577525903e+00
2.205319303105371631e+01 -1.279411939701397216e+00
2.203645355073015821e+01 -5.585249056768688547e-01
2.201091806373189996e+01 1.805854563655238110e-01
2.188009618686820090e+01 9.615824887891015749e-01
2.193831735251619364e+01 2.403842255319815990e+00
2.185188204382087918e+01 3.058612472333649634e+00
2.182595083764513788e+01 3.697353291906033235e+00
2.280438950666096787e+01 -4.191285542374821205e+00
2.277454237791292257e+01 -3.466728223927514563e+00
2.281899759362678992e+01 -2.744490666259487455e+00
2.281138891432849647e+01 -1.999238627263718371e+00
2.280538384694079923e+01 -1.297314430431104171e+00
2.279472217983369831e+01 -5.712356639179674289e-01
2.275621571580752800e+01 1.482440928151440573e-01
2.275193755002524654e+01 9.055911472925259886e-01
2.274552600852810258e+01 1.618512279386454367e+00
2.273313297705179536e+01 2.324620476041438621e+00
2.266844303879239675e+01 3.074699758958558959e+00
2.269824606066480754e+01 3.721023935333718669e+00
2.354916393280901588e+01 -4.196626529668126437e+00
2.354224464932864436e+01 -3.482895444228205406e+00
2.353790570676595451e+01 -2.745703377306526249e+00
2.354320374417480366e+01 -2.037271162429117766e+00
2.354604936421087302e+01 -1.279078422073180121e+00
2.353744406530290689e+01 -5.560096163480352516e-01
2.359836141091804507e+01 1.316308229312674882e-01
2.355257306831524033e+01 8.962921475295964058e-01
2.347984576124193268e+01 1.605081521883629847e+00
2.352319414130000297e+01 2.352781763654878233e+00
2.349821792156770073e+01 3.067902765546783428e+00
2.353373978520750853e+01 3.706761109668171628e+00
2.450117622162564146e+01 -4.059498148458345668e+00
2.430571020505772850e+01 -2.779277088044917576e+00
2.423779490915311641e+01 -2.098511466824390936e+00
2.431597219344672567e+01 -1.314622641660282198e+00
2.429193857250815114e+01 -6.009953417014237687e-01
2.429447745263758662e+01 1.263025478911572463e-01
2.431239252602879475e+01 8.581768703915244600e-01
2.431388294014479357e+01 1.606950758979255767e+00
2.429924714503610517e+01 2.308763486856289404e+00
2.430011087878958165e+01 3.041351205269087643e+00
2.434132437141833094e+01 3.735546514792048356e+00
2.506015978286882984e+01 -4.198615274953002796e+00
2.498467944814142072e+01 -3.487686775358646685e+00
2.507433777764251204e+01 -2.777758971468049509e+00
2.502082598819239223e+01 -2.045117622904616184e+00
2.503158675411874157e+01 -1.347079588396866257e+00
2.501465481811389679e+01 -6.272630281302973287e-01
2.504440645455952819e+01 1.043828567014521980e-01
2.504718805186752917e+01 8.266746445912254160e-01
2.508257488707852900e+01 1.571305392109803023e+00
2.510127169344143994e+01 2.255582355889526269e+00
2.509343070327614811e+01 3.009254539068741963e+00
2.512306960053380323e+01 3.715422049774694813e+00
2.579424056872307602e+01 -4.193154950204899478e+00
2.580669579807285885e+01 -3.515796376545452517e+00
2.577418132189543343e+01 -2.794686123279806367e+00
2.577187291282169213e+01 -2.067334842294851427e+00
2.577800590067291608e+01 -1.349222213550415717e+00
2.577187118512406983e+01 -5.860110667771003534e-01
2.580417580313584835e+01 8.659909107503338532e-02
2.579669630638185396e+01 8.167676215000696516e-01
2.583983048953083994e+01 1.559801184475730906e+00
2.589442447562830552e+01 2.319329101278903238e+00
2.586255572245550383e+01 3.009679368545938871e+00
2.589629535147283690e+01 3.703772312223534868e+00
2.659073193111570532e+01 -4.252132859246803065e+00
2.656368218520558599e+01 -3.535700758598750326e+00
2.656934836527460675e+01 -2.806728962148046236e+00
2.654933564565143911e+01 -2.080875383803398648e+00
2.655069843303358823e+01 -1.364898278331452275e+00
2.653374016857658546e+01 -6.808031466245658692e-01
2.654581355234392959e+01 7.415543342589714371e-02
2.656028809946147362e+01 7.345020329086224820e-01
2.657445433880849350e+01 1.529932886111559753e+00
2.661778573882774168e+01 2.222604323666114823e+00
2.666235529713610930e+01 2.959857689158830851e+00
2.667131986156062595e+01 3.661630680157358597e+00
2.738333285666649175e+01 -4.260789823847328961e+00
2.730792713624440182e+01 -3.527280686836249401e+00
2.731623353837343871e+01 -2.810603840623013383e+00
2.734039446071546564e+01 -2.118480238163634510e+00
2.731407612892007108e+01 -1.384779690884439418e+00
2.733153755756588055e+01 -6.855168991633000530e-01
2.735537012057856998e+01 1.319152784525101652e-02
2.738014392055737289e+01 7.098366089197796214e-01
2.737815750231617784e+01 1.465845159000377151e+00
2.735090538295609264e+01 2.214877953654493581e+00
2.741215618270231857e+01 2.934799254534986801e+00
2.745670422530471910e+01 3.647999138742100911e+00
2.838768294729239727e+01 -4.112611569924865762e+00
2.813768064534065871e+01 -3.541908795635315244e+00
2.832671068022242622e+01 -2.761350569174876313e+00
2.808937827995570302e+01 -2.148945938402079037e+00
2.808883691150085582e+01 -1.459602042258627108e+00
2.806345866133110434e+01 -7.185296153846394418e-01
2.807032831606738199e+01 -6.332755735350303894e-03
2.811583774416040882e+01 7.067014058222547135e-01
2.815364465358316437e+01 1.412756301063126330e+00
2.819639258196514930e+01 2.132475066217356385e+00
2.822225562291577461e+01 2.853215196344017102e+00
2.821597594610663151e+01 3.593235516797058438e+00
2.901059173135633529e+01 -4.256853545584291965e+00
2.896381066971621721e+01 -3.567736013860898225e+00
2.893584415400290055e+01 -2.869514716185268099e+00
2.893898279193349055e+01 -2.155923420533241597e+00
2.890578598340660932e+01 -1.469684394082634071e+00
2.890008292440096938e+01 -7.455553769568687983e-01
2.892678848552309745e+01 -1.383602813713480373e-02
2.887874681590020742e+01 6.907832937620206337e-01
2.890535300971557575e+01 1.382994896164294829e+00
2.894367035270280297e+01 2.100003221790633035e+00
2.896120054794611320e+01 2.816468288505809880e+00
2.898260045212682456e+01 3.565390999126421434e+00
2.980002174769355605e+01 -4.259803611784924726e+00
2.968731396888835405e+01 -2.168928351298859525e+00
2.967239975590324974e+01 -1.503698905993829271e+00
2.988388810173011478e+01 -7.274739938806717987e-01
2.972526343767813017e+01 -6.733977380841693616e-02
2.967085500738685511e+01 6.471482883347974280e-01
2.970505190823420349e+01 1.379042237434020990e+00
2.972392865363790548e+01 2.091186399024344666e+00
2.972844862430986979e+01 2.801504230643374171e+00
2.972621012091945403e+01 3.534530356153602781e+00
3.057250184801443282e+01 -4.272084703496023650e+00
3.052122556496504302e+01 -3.547029328203453957e+00
3.052920678645610764e+01 -2.877755386447475416e+00
3.050392893578926845e+01 -2.174060315601810345e+00
3.048110400485007432e+01 -1.491639268545878139e+00
3.048188285210719783e+01 -7.867670695267925396e-01
3.048763324888322046e+01 -8.380849630182396481e-02
3.050472271344870734e+01 6.351581133047652372e-01
3.051302151692755871e+01 1.371656655146498593e+00
3.051975956723698147e+01 2.104796727254509392e+00
3.049161903651268091e+01 2.842728238457233658e+00
3.050032276753277216e+01 3.580676660150501789e+00
3.141266549237332839e+01 -4.236079439405177283e+00
3.133666137985729705e+01 -3.612349599406247336e+00
3.122353888531782928e+01 -2.877472938604810793e+00
3.124247114377094903e+01 -2.217452552404147070e+00
3.123496216228881650e+01 -1.502980623465987264e+00
3.124222389568105740e+01 -9.550802311176909143e-02
3.124902495488294818e+01 6.268096944384815572e-01
3.122330957122535011e+01 1.369743117956758738e+00
3.125005818460383722e+01 2.120189659517652814e+00
3.130807767413164555e+01 2.865088789890862131e+00
3.139597699296017907e+01 3.570288106371215520e+00
3.211397154332212978e+01 -4.261098091786159614e+00
3.210440139245380209e+01 -3.612268134248875384e+00
3.206922760278053630e+01 -2.891514966977418055e+00
3.202483473788461055e+01 -2.178306702726025890e+00
3.202421157446421063e+01 -1.503645707998732206e+00
3.198762668605926507e+01 -7.638546819116598385e-02
3.198713573298436330e+01 6.422444447588411265e-01
3.207675656546370391e+01 1.359494776824615059e+00
3.207472775487152461e+01 2.112675447038391496e+00
3.211985460392569536e+01 2.822630402987272191e+00
3.210176025772265263e+01 3.572407530372110784e+00
3.292770361239762877e+01 -4.278992459117880287e+00
3.285369492525143897e+01 -3.571295241642911122e+00
3.288295094294199572e+01 -2.880909246252151945e+00
3.283567446150723157e+01 -2.170388967512202782e+00
3.277769600403942007e+01 -1.457525005596007617e+00
3.282749464017121710e+01 -7.804615503427783096e-01
3.278535697640146651e+01 -7.672815901090501711e-02
3.278803984989654197e+01 6.509043939947538604e-01
3.280018568574730153e+01 1.379403064950462721e+00
3.279232764895539987e+01 2.138050561545835393e+00
3.284958466310627756e+01 2.860716956178620762e+00
3.285157125485184082e+01 3.589760739372650278e+00
3.370084716525929736e+01 -4.226534434339217938e+00
3.366496839011012554e+01 -3.527083418164590256e+00
3.359126678239230301e+01 -2.851406140995838001e+00
3.357575496823329075e+01 -2.183985699117663160e+00
3.356074999725696983e+01 -1.489798835621840567e+00
3.354751906960591867e+01 -7.668749814249871122e-01
3.352660435698367536e+01 -4.829439463808071764e-02
3.354570079390430948e+01 6.896637235857170367e-01
3.354926276246819583e+01 1.436661312381620093e+00
3.358930554883254871e+01 2.152698783304117569e+00
3.363364267738125335e+01 2.881558771948100173e+00
3.363232129900537615e+01 3.608934476184984419e+00
3.444808228461941013e+01 -4.233619292917548904e+00
3.440958361434346813e+01 -3.560204284693323729e+00
3.438064482449353676e+01 -2.849969794874702700e+00
3.433290362983705535e+01 -2.162758499547550173e+00
3.430977509801166292e+01 -1.486754479357063730e+00
3.430683667304345619e+01 -7.556809319992972007e-01
3.431778229112165235e+01 -9.422202043037231078e-03
3.427585554544210567e+01 6.443078508715771591e-01
3.428609363506283358e+01 1.442745007921079292e+00
3.437352409419401766e+01 2.163207466383962441e+00
3.439057910887608926e+01 2.908906489753512403e+00
3.436796817416149707e+01 3.648403344078779753e+00
3.520503939190633247e+01 -4.223243444849892114e+00
3.518608248842860320e+01 -3.535002807809764391e+00
3.515572536058939335e+01 -2.832439111395689935e+00
3.509682670716458830e+01 -2.146607633626036460e+00
3.507595674546976028e+01 -1.425598028912848036e+00
3.505442855017432890e+01 -7.112030994428373276e-01
3.508861297422313186e+01 5.254455785756917408e-02
3.509720798934851160e+01 7.515700235624329650e-01
3.516205380102170608e+01 2.147681405489699102e+00
3.515890985876514918e+01 2.934141635527296899e+00
3.521681838145732257e+01 3.714849154191021796e+00
3.598716817267563073e+01 -4.228061610579146645e+00
3.596830880385491724e+01 -3.487303922114165289e+00
3.591942105556950793e+01 -2.853076784308495206e+00
3.585694272752541423e+01 -2.106706965803219589e+00
3.583350392388010874e+01 -1.389324753623814246e+00
3.581507017115642810e+01 -6.588057839524914527e-01
3.585928599298548392e+01 6.748713154006225068e-02
3.585255512536426892e+01 7.433271075957108565e-01
3.588071365458466033e+01 1.508773505315694763e+00
3.588393887523347558e+01 2.213290411562617521e+00
3.601435619946911260e+01 2.977691150996541580e+00
3.609412430592835364e+01 3.694016130464284231e+00
3.677825594842450840e+01 -4.184229528551412614e+00
3.670223408537916754e+01 -3.459407000872960936e+00
3.667976946595563703e+01 -2.761256684575513987e+00
3.660280375574873091e+01 -1.335010857614165047e+00
3.659336362257796083e+01 -6.195972351823257895e-01
3.659268045050138340e+01 1.935686083279470893e-01
3.660881943613211575e+01 8.277399784503991498e-01
3.677913412935884452e+01 1.516222405145221330e+00
3.678766828240730291e+01 2.266415665106290334e+00
3.678205138650488237e+01 3.000068010407630936e+00
3.683459092971791193e+01 3.714941148961415252e+00
3.759437407975547529e+01 -4.115440929688048755e+00
3.751222129199945954e+01 -3.414239796359293422e+00
3.748372387960164787e+01 -2.696674403575915591e+00
3.745509408965249776e+01 -1.988579332449937453e+00
3.743252364624427031e+01 -1.271443365861934183e+00
3.740263122595015233e+01 -5.424532419704739539e-01
3.753652453321324600e+01 2.298061790570358198e-01
3.755286933140967420e+01 8.657947072850831205e-01
3.764402435360496924e+01 1.501943616756069133e+00
3.774712210133338175e+01 2.368664282872043003e+00
3.849199542461678192e+01 -4.044499509003660620e+00
3.844080300048087651e+01 -3.310734565107363636e+00
3.839607773375424671e+01 -2.625449543834619703e+00
3.846762183585455119e+01 -1.896153777821265152e+00
3.862219184041689601e+01 -1.116461496747756854e+00
3.838460020351002555e+01 -3.835118540558859479e-01
3.840635901171661004e+01 2.724957522472635674e+00
3.857356683270359810e+01 3.210231080764167189e+00
3.944218521561543156e+01 -3.232079869178054565e+00
3.944541129961674386e+01 -2.958508492615028018e+00
3.939794940268856038e+01 -1.746764564798681363e+00
4.000108009681780885e+01 1.142733456110118340e+00
4.000755862450657929e+01 1.908285373432434540e+00
4.000998764839689414e+01 2.633140971721992685e+00
4.001466352839907614e+01 3.328942455252118293e+00
3.999784917841383702e+01 4.011040252031023101e+00
4.073882334443907638e+01 -3.973571052949097293e+00
4.073093736308799606e+01 -3.219530193511946692e+00
4.071572769446070339e+01 -2.456764352056403311e+00
4.071523489444687272e+01 -1.772597114132267393e+00
4.072692081325481439e+01 -1.059526764425186229e+00
4.073219064552483104e+01 -3.500723353746408861e-01
4.074697925309335034e+01 1.132594005723476016e+00
4.072588212654073203e+01 1.854332589299946932e+00
4.071392207230250193e+01 2.519854377716040261e+00
4.069781978640262565e+01 3.320148078155050086e+00
4.071572307980333250e+01 3.973571052949097293e+00
