-4.593444559748533607e+00 -4.177401877852204848e+00
-4.582522663174636079e+00 -2.681911074122997007e+00
-4.592808596306930724e+00 -1.994298617127189033e+00
-4.589893330568735053e+00 -1.276993447180764463e+00
-4.629987889490742248e+00 -5.248609495861060736e-01
-4.593987642066586830e+00 2.443357083067212443e-01
-4.590203884664894929e+00 9.457197165528725691e-01
-4.596940688909050721e+00 1.682275470527315520e+00
-4.574417381622339462e+00 2.378566408325863080e+00
-4.596227687120240546e+00 3.045690192001679009e+00
-4.574567326699856551e+00 3.693609810661619974e+00
-3.647726940026707609e+00 -4.153144228552690720e+00
-3.699099011688218752e+00 -3.453187076322404181e+00
-3.709062604738548430e+00 -2.687143085150527355e+00
-3.768718198373434802e+00 -1.956960120376720624e+00
-3.731439019407993385e+00 -1.238667465359075237e+00
-3.738312573564179786e+00 -5.348503449296586609e-01
-3.714942405049214358e+00 9.873821253606891446e-01
-3.777090890916518617e+00 1.681758048129811556e+00
-3.787326473013173711e+00 2.389058054766017847e+00
-3.808813735170339498e+00 3.181024894284178117e+00
-2.968334616684948912e+00 -3.422873081627333391e+00
-3.004069887894246449e+00 -2.689935762858802093e+00
-2.985183455509620387e+00 -1.976263456403700047e+00
-2.995935271214570150e+00 -1.235956330566782668e+00
-3.000923732372896779e+00 -5.185405371788824880e-01
-2.976238066716618391e+00 9.672994935896248592e-01
-3.008093793824272666e+00 1.680825348620302861e+00
-3.050474288503195908e+00 2.432235619088597645e+00
-3.040212845769197259e+00 3.195217292058373459e+00
-3.053486239562715809e+00 3.921345506426611394e+00
-2.233498682446381167e+00 -4.127915816878093835e+00
-2.243105830965696157e+00 -3.418553461257467063e+00
-2.236002542922797431e+00 -2.684228578530358789e+00
-2.243457547263965068e+00 -1.944167853487979158e+00
-2.282004285106012276e+00 -1.249259715454947184e+00
-2.243874802901167698e+00 -5.327265512853500695e-01
-2.250689584667611598e+00 9.132214971135184101e-01
-2.272918867693697109e+00 1.714441231891626671e+00
-2.268682741693396565e+00 2.470948337833377195e+00
-2.270504410756338132e+00 3.177151878218751335e+00
-2.264860003312804793e+00 3.906740971600648038e+00
-1.482465205872045999e+00 -4.088881354030327486e+00
-1.429946129767792229e+00 -3.364115495441676984e+00
-1.495827011583159560e+00 -2.675167908480748480e+00
-1.502227637722228337e+00 -1.959665620757867543e+00
-1.491842796265316906e+00 -1.228648289002119753e+00
-1.495014668880124020e+00 -4.945206009176210671e-01
-1.500119818210301048e+00 2.377326780207766888e-01
-1.522674768019342650e+00 1.665566096237139249e+00
-1.511763848780582009e+00 2.470167974220888851e+00
-1.556196693202458903e+00 3.188418330177128723e+00
-1.548088352843564053e+00 3.942839380541443006e+00
-7.289122877596838634e-01 -4.077811630620374217e+00
-7.565611789384121266e-01 -3.412706765217627947e+00
-7.778192773659498016e-01 -2.691873838613151548e+00
-7.500521422931640814e-01 -1.941659202264066408e+00
-7.544251930531089556e-01 -1.245624288034434812e+00
-7.792409738897987381e-01 -5.122373109449753770e-01
-8.307601525532604114e-01 1.965285773619598331e-01
-7.583024183153455056e-01 9.460355792743371239e-01
-7.662496436879280282e-01 1.700494637032978318e+00
-7.506397443410293135e-01 2.473013067771102413e+00
-8.265856229008434752e-01 3.137100472570786280e+00
-7.726445612290930853e-01 3.896846821305871345e+00
5.012852559886482595e-03 -4.089008585664952733e+00
6.611526059789696319e-02 -3.311803205411443685e+00
-2.091892463140254677e-02 -2.636350384073367081e+00
-1.971132080215909355e-02 -1.961254797755337620e+00
-1.606077965275432007e-02 -1.232270890802940499e+00
-2.674374114366173671e-02 -5.559056243196032199e-01
-2.957043406826898035e-02 1.728510634595998852e-01
7.339527920606769840e-04 9.236936169548854991e-01
2.381303109221022396e-02 1.665513570706508517e+00
-1.833721593435910791e-02 2.477762705734299686e+00
-2.025220181386799823e-02 3.150206978400639457e+00
-3.882632525998985784e-02 3.863750156406680958e+00
7.168413254233882981e-01 -4.068034800652728933e+00
7.253987088168898367e-01 -3.350570672020463547e+00
7.288436459775340381e-01 -2.630319565744748900e+00
7.914800354511797309e-01 -1.931843050310575904e+00
7.015058517899177559e-01 -1.263714620682886647e+00
7.264062319269939394e-01 -5.261790326209236923e-01
5.207250266362919433e-01 2.591332122521379233e-01
7.515882199327350577e-01 8.952051699412635344e-01
7.485242685664914575e-01 1.658255792099829762e+00
7.730388972152510974e-01 2.395196437338643847e+00
8.069731287535262254e-01 3.123663829140866710e+00
1.471341833995687409e+00 -4.063407331255866950e+00
1.475872030692194414e+00 -3.351643576619835585e+00
1.478771440749213184e+00 -2.625988423967296370e+00
1.453216952310761201e+00 -1.223854365355286689e+00
1.459620239127573882e+00 -5.223442322235811730e-01
1.478689072845298824e+00 2.166181476587070165e-01
1.504579479628894489e+00 9.136402144334283548e-01
1.557746862620895456e+00 1.666647290653326507e+00
1.524868810400434427e+00 2.373858682194846637e+00
1.551040523983715502e+00 3.080091337214227565e+00
1.610216991306494094e+00 3.758275787239774957e+00
2.195022802887010016e+00 -4.073289770679295430e+00
2.227535638383564276e+00 -3.346138009362420007e+00
2.206373955368150064e+00 -2.622744572117859718e+00
2.231102826375895631e+00 -1.905452377576597911e+00
2.210549901631246428e+00 -1.228491658634517592e+00
2.208894973066975354e+00 -4.898477691582030502e-01
2.240606104157123468e+00 2.003724076366530937e-01
2.266761693272833611e+00 1.001904364867549191e+00
2.297389884449906106e+00 1.646293614096929758e+00
2.323598243374796368e+00 2.396572522880020983e+00
2.295269520503993022e+00 3.085632335419767003e+00
2.299256196948640252e+00 3.824393313218237722e+00
2.978945600632279422e+00 -4.075604823353867090e+00
2.961218227515871604e+00 -3.369342711908107191e+00
2.974395932395907494e+00 -2.633637758443800436e+00
2.968047354932352278e+00 -1.877526323933231822e+00
2.941526115151781084e+00 -1.175688137633745356e+00
3.028387788466879726e+00 -4.996909445589317045e-01
2.990744032563384280e+00 2.252131831197878853e-01
3.016529822155156637e+00 8.954724360436614461e-01
3.014689218684651451e+00 1.656339834897284646e+00
3.050800002103976283e+00 2.407430937229339207e+00
3.073090333228229554e+00 3.105228757392005434e+00
3.078804631932399616e+00 3.818371273080408912e+00
3.737256354298047256e+00 -4.088083507510667403e+00
3.727491135216865814e+00 -3.408649617687707689e+00
3.726261806125997111e+00 -2.635416647075011554e+00
3.720080822205744653e+00 -1.914303773940112308e+00
3.835622765921065991e+00 -4.753169585679266618e-01
3.791860161890873826e+00 2.301333675981389604e-01
3.750965095513151937e+00 9.095819226799655155e-01
3.801628425531610844e+00 1.644542248384798455e+00
3.813284402743839507e+00 3.100865877362871004e+00
3.852212096879554792e+00 3.809886903754417631e+00
4.466834100028918897e+00 -4.090234940504068106e+00
4.461405258525836359e+00 -3.378280561404654492e+00
4.478359093531786073e+00 -1.924621706693418588e+00
4.537221807376923266e+00 -1.231150859884287740e+00
4.586436650728501263e+00 -4.994763836358835363e-01
4.616227628263217753e+00 2.284505486020407261e-01
4.559945117805142445e+00 9.531590103000766590e-01
4.540683337683418586e+00 1.625871219391473943e+00
4.562179009914814287e+00 2.368831469538221768e+00
4.576142877508956985e+00 3.100089615552661826e+00
4.580012654727546817e+00 3.837400710941984983e+00
5.329298430306820933e+00 -4.052816510041292730e+00
5.297513626003699017e+00 -3.381224328154200265e+00
5.332104557003972900e+00 -2.570336993289032534e+00
5.256741812344209563e+00 -1.979254916541755449e+00
5.321479890611506391e+00 -1.274740253150490332e+00
5.348113699757163886e+00 1.651149480059466157e-01
5.362613790471563391e+00 9.152905490155553991e-01
5.320739516912503575e+00 1.618736724853352626e+00
5.303842762465926342e+00 2.356879642302185829e+00
5.297777510653624233e+00 3.073479118606776694e+00
5.298558053941256674e+00 3.821137212052384768e+00
6.106188837471307806e+00 -2.697674358845713272e+00
6.141692187261988067e+00 -1.292819903859118824e+00
6.127995326639947393e+00 -5.727841875541201944e-01
6.076085345521299530e+00 1.647001700550312364e-01
6.059503876387971388e+00 9.000130777384818259e-01
6.080280226443292690e+00 1.612624635289861885e+00
6.069439015545874838e+00 2.350825387686924728e+00
6.058207185290065411e+00 3.070362342901432839e+00
6.097630065596909787e+00 3.771139392856078132e+00
6.917389497883533522e+00 -2.018616843176157971e+00
6.873190471410879354e+00 -1.309820137252181382e+00
6.875968862158693184e+00 -6.139786125541313311e-01
6.827551055437567129e+00 1.195792987417476638e-01
6.815356287193047535e+00 9.124237700210251489e-01
6.821359052572901760e+00 1.621300136008610338e+00
6.843542176835093471e+00 2.276559216159594001e+00
6.825810694619406149e+00 3.017790833120770344e+00
6.909931739373348591e+00 3.720790297404683145e+00
7.819802001802273139e+00 -4.136998872717619236e+00
7.822721075049905437e+00 -3.419762000655200751e+00
7.796934703200051331e+00 -2.710661407568281334e+00
7.766501536696857499e+00 -2.029075537964107667e+00
7.728769667825396539e+00 -1.298405078288958236e+00
7.694338834179198727e+00 -5.924212483620756586e-01
7.599005781339251087e+00 8.686855916206077666e-01
7.571193455882990975e+00 1.542834934615516573e+00
7.604978243451228082e+00 2.298996559456096378e+00
7.627628975151338864e+00 3.044657838554392981e+00
7.666507368165689229e+00 3.703218820110869558e+00
8.593830486795518198e+00 -3.454233037322445909e+00
8.599538521545007086e+00 -2.722907142198717878e+00
8.594661310087452932e+00 -2.031119060571040080e+00
8.538219913755654034e+00 -1.333696203971285854e+00
8.427216625152070151e+00 8.861810028117744764e-02
8.359645233121483443e+00 8.286110035041467370e-01
8.363694561498689950e+00 1.544619111519562438e+00
8.371473057600709922e+00 2.273698266397964574e+00
8.413420062233541330e+00 2.947076481023856331e+00
8.449476644687727855e+00 3.727920709220285289e+00
9.414311265958559716e+00 -3.461415151028027992e+00
9.393472715650695193e+00 -2.731303398339829158e+00
9.417279694847451310e+00 -2.086265261591051967e+00
9.328511433278549703e+00 -1.296274567731725114e+00
9.319333847336736198e+00 -5.732164843720042313e-01
9.218329078122557974e+00 1.045537231797197819e-01
9.147420561847880549e+00 8.122139305475570836e-01
9.112055920677100573e+00 1.541744886566213779e+00
9.149628869513072971e+00 2.257203096553975996e+00
9.202591105830578044e+00 2.979038070318772213e+00
9.205578818569982502e+00 3.674473026132432096e+00
1.031370431314811498e+01 -4.243357261942112046e+00
1.027352660561945896e+01 -3.501436848520011580e+00
1.027512866727104068e+01 -2.802572299834871217e+00
1.016936111402133491e+01 -2.083490022849538548e+00
1.016066347252959190e+01 -1.323535622447071347e+00
1.011073108240842799e+01 -6.324589642477498330e-01
1.007252202889380044e+01 1.369250553146450500e-01
1.005811532402265129e+01 7.668927380617560630e-01
1.011212121959704291e+01 1.513877996891281441e+00
1.004645390739932509e+01 2.287064855290537935e+00
1.002647507482302558e+01 2.966345064352658767e+00
1.005186471847216723e+01 3.686582246620737635e+00
1.123251092971277387e+01 -4.197760572067284812e+00
1.122601679426741583e+01 -3.489097358733665999e+00
1.120357097402629165e+01 -2.735460635296085741e+00
1.113257268735693373e+01 -1.316252824945852495e+00
1.106780195432813230e+01 7.076269008759794588e-02
1.082787720345367433e+01 8.067366332963494813e-01
1.082053801587604625e+01 1.528857620451457677e+00
1.080220540916129579e+01 2.255124530364923885e+00
1.083696158927707387e+01 2.983536297473015964e+00
1.085336868926527387e+01 3.672054324051387653e+00
1.193933106290669599e+01 -3.488707427349048373e+00
1.246374757232447905e+01 -2.658095423443274541e+00
1.196825209598603124e+01 -2.098496740220166856e+00
1.196294016511964031e+01 -1.359894463685090926e+00
1.189574483037135622e+01 -6.262051661938627944e-01
1.184505219416315924e+01 1.042350460364183107e-01
1.174244572527940988e+01 7.892049683030286644e-01
1.160724639696386618e+01 1.521095215904281872e+00
1.156152356435908501e+01 2.291009847588025394e+00
1.159241923906408545e+01 2.973949762742840619e+00
1.166304886504554617e+01 3.665963293403976309e+00
1.289194913313880875e+01 -4.246745437739900098e+00
1.286447541938289874e+01 -3.515819656667208193e+00
1.285539527770426105e+01 -2.771296240805433797e+00
1.273450381536120801e+01 -2.133328912432361335e+00
1.257405800414335317e+01 1.363122742089828421e-01
1.252459958550907260e+01 8.155049843144546173e-01
1.243069866628366071e+01 1.511107971616176826e+00
1.244289571695593111e+01 2.209090926451160897e+00
1.253619505060063233e+01 2.931530909424289177e+00
1.257679489438912412e+01 3.656954964836799604e+00
1.383917377102817881e+01 -4.277919240450845706e+00
1.374064524828128242e+01 -3.505891641527579594e+00
1.370716949969117593e+01 -2.773048530314721205e+00
1.355965064701957346e+01 -1.353735040920071242e+00
1.350861174315925695e+01 1.103387893637375328e-01
1.346529174557718989e+01 7.909420143697403205e-01
1.327308682708439136e+01 1.539669441083912460e+00
1.330509978682356831e+01 2.962352842448474632e+00
1.330771155142767981e+01 3.668004455108572870e+00
1.458749914426371674e+01 -4.273523479672871161e+00
1.458248456032236362e+01 -3.564109978061868134e+00
1.461105506244390995e+01 -2.842170916614936260e+00
1.459758598464900103e+01 -2.147822494157544782e+00
1.446051906616570903e+01 -1.386466391769783257e+00
1.454843021233740075e+01 -6.644032656439051721e-01
1.426983835826148805e+01 1.251561370471421242e-01
1.415343259620790661e+01 1.546078059884319345e+00
1.415342278521588781e+01 2.260012525548251716e+00
1.406894100900282751e+01 2.985089350269284125e+00
1.413580111693971020e+01 3.643657705118037882e+00
1.534832888998362677e+01 -4.346681485565152769e+00
1.535237866987964139e+01 -3.595547454727654468e+00
1.533592699021851047e+01 -2.901377931689673062e+00
1.530465673539421090e+01 -2.175853034444333645e+00
1.526042582964585392e+01 -1.414632902872202891e+00
1.522999732695788566e+01 -7.119310129078364469e-01
1.518977709010922439e+01 5.486608551053606675e-02
1.502854709483716533e+01 1.557271389647898019e+00
1.498749220332801002e+01 2.237757417605493515e+00
1.513015295072031563e+01 2.770771733717317886e+00
1.495605501399521131e+01 3.654774508952108647e+00
1.609624169487569390e+01 -4.286934737596848066e+00
1.607707913106462172e+01 -3.603215532273338795e+00
1.603754926980817430e+01 -2.895692581715668013e+00
1.601287614054317743e+01 -2.140726947411465630e+00
1.598819248646353230e+01 -1.439975850654992229e+00
1.595779016207660561e+01 -7.248014162538147787e-01
1.594701364930666188e+01 1.078822996203072648e-01
1.585148045847356002e+01 8.052432729463596672e-01
1.581776749398773774e+01 1.487192608712870623e+00
1.578586571339957345e+01 2.286915387924160825e+00
1.577604323953977428e+01 2.995689912878191308e+00
1.580714083347692167e+01 3.723646877791978227e+00
1.682355272993409301e+01 -4.261805753127237750e+00
1.680473823919174237e+01 -3.629516220081619338e+00
1.677146552243095812e+01 -2.839651097823871595e+00
1.673018134455479355e+01 -2.120936925338114065e+00
1.667713421041815991e+01 -1.421972485459988889e+00
1.669668157257672192e+01 -6.635616161335029517e-01
1.664590471196469679e+01 6.250835868181781052e-02
1.661291286272534506e+01 8.464961532105199637e-01
1.657227114878066487e+01 1.556547321688917407e+00
1.655612912391632818e+01 2.306024645780183846e+00
1.650431889310896594e+01 3.064075445029303069e+00
1.652261228224264755e+01 3.761730715667241043e+00
1.755240236288725697e+01 -4.302356866711875227e+00
1.752904339521796828e+01 -3.564795412077938153e+00
1.748502293287624099e+01 -2.830740396561015615e+00
1.745314032996542863e+01 -2.113173578849121270e+00
1.742491694283776127e+01 -1.375950923894006195e+00
1.742266578532318988e+01 -6.577056122662554571e-01
1.737227642727810206e+01 1.237510841148754537e-01
1.736914188739167031e+01 8.193621624190718933e-01
1.730844970063799337e+01 1.557098068805473190e+00
1.728456035690523152e+01 2.316698547244030237e+00
1.724776976176514864e+01 3.066979995250285640e+00
1.729524978502080756e+01 3.802512032989866952e+00
1.836581493518078645e+01 -4.210247036792015507e+00
1.825427898344536004e+01 -3.499840663189026202e+00
1.822475178028862075e+01 -2.776560226622326155e+00
1.819367462919812084e+01 -2.074066739756560196e+00
1.814905149276134466e+01 -1.346506840740527622e+00
1.812256411501060427e+01 -6.285414611197488455e-01
1.811299956323787796e+01 9.739727498786976412e-02
1.808113657890197601e+01 8.296387215959946104e-01
1.806629911365646990e+01 1.568629637124839604e+00
1.804615564377078130e+01 2.285176273805468838e+00
1.804187336643090589e+01 3.031711844433587544e+00
1.811034096130783411e+01 3.753958133585413748e+00
1.912809324709889580e+01 -4.266632941501502074e+00
1.909265645958349467e+01 -3.514014867547317067e+00
1.916500172936100199e+01 -2.728952364786621843e+00
1.899676788687474271e+01 -2.016128378612076943e+00
1.900928058661827436e+01 -1.292117233800926357e+00
1.887882241286531126e+01 1.048882977686922402e-01
1.913148436665502317e+01 8.175127499295093969e-01
1.896054520245374420e+01 1.575857365875375393e+00
1.885811023384700746e+01 2.315283337697024990e+00
1.896898187033411887e+01 3.045960213812655581e+00
1.898980582131147798e+01 3.638697655702081590e+00
1.985624663876843954e+01 -4.262987420352612133e+00
1.981897443543836346e+01 -3.504287836276883894e+00
1.979524548474759627e+01 -2.785401039468101914e+00
1.984280334981816907e+01 -2.076849824100001740e+00
1.984287746613708947e+01 -1.339905498383018312e+00
1.984045708182653556e+01 -6.094811431575237748e-01
1.984037339582034321e+01 1.272226894550563259e-01
1.988478713211503646e+01 8.661858621864766405e-01
1.980117690569785083e+01 1.583007129926617296e+00
1.979287698260375805e+01 2.299660296594794318e+00
1.980946828037129137e+01 2.960495660237121740e+00
1.983968701217222730e+01 3.671634446450894984e+00
2.104456575225525938e+01 -4.186951341923329295e+00
2.097722085398336844e+01 -3.509043589761933646e+00
2.102369017900768000e+01 -2.741187524207852277e+00
2.106437267033581406e+01 -2.017537519137153623e+00
2.092263724849152595e+01 -4.293878446936929549e-01
2.080782124183348714e+01 1.291434321413653663e-01
2.075548754998336420e+01 7.339154193329555653e-01
2.068614592771908178e+01 1.590834273830299850e+00
2.067439470092450904e+01 2.304961782974441320e+00
2.067828761841290941e+01 2.938997141979214689e+00
2.063501602861734341e+01 3.667921347931070386e+00
2.175921653239009856e+01 -4.258684069975348763e+00
2.176809333639790367e+01 -3.523491169404490364e+00
2.174266657970306227e+01 -2.800678320620662021e+00
2.176833232759776848e+01 -2.061115994754814551e+00
2.175249483335860390e+01 -1.335496685437920661e+00
2.173585386683333098e+01 -6.106624056753560126e-01
2.171693107847458748e+01 1.174307573690427375e-01
2.157584661918855318e+01 9.163671924649747780e-01
2.165531189339277773e+01 2.346647481221975085e+00
2.157036063206724918e+01 2.995056621226297011e+00
2.152280541985290796e+01 3.631337668482117920e+00
2.249907769500255483e+01 -4.247793734334507576e+00
2.246687847356793810e+01 -3.504330067046648622e+00
2.250980347125702252e+01 -2.804282131779647358e+00
2.251292474620775153e+01 -2.053938767777250263e+00
2.250314258757364883e+01 -1.360599975930313121e+00
2.249424753070860561e+01 -6.310320810777767520e-01
2.246271664618140562e+01 8.889860932990245601e-02
2.246224182297006422e+01 8.366140805756820953e-01
2.246420191100668262e+01 1.551565964249778773e+00
2.245175200919729264e+01 2.258889914313325420e+00
2.239897094848482340e+01 3.003131447368808438e+00
2.241472797984886967e+01 3.641827262511142749e+00
2.324981775572462084e+01 -4.254859262386990082e+00
2.323725229142656445e+01 -3.541726552758728275e+00
2.322606748935101706e+01 -2.802662517984416013e+00
2.323771166070856964e+01 -2.102396451768260732e+00
2.324138172031103267e+01 -1.349168684826505427e+00
2.323915582430122839e+01 -6.193102332375026720e-01
2.330362992761610741e+01 7.128948405607360428e-02
2.326379260451281539e+01 8.312953267515332811e-01
2.319379754838771390e+01 1.538737387051241967e+00
2.324294920463092495e+01 2.284976544244049279e+00
2.321846079599476553e+01 2.995684863980926593e+00
2.318797719827800563e+01 3.593869294062685071e+00
2.444153873585685233e+01 -4.017279098572004159e+00
2.399599041514781561e+01 -2.842755502772355669e+00
2.393015883514954112e+01 -2.173977524341200507e+00
2.401348243662238957e+01 -1.381123837148727773e+00
2.399724121508587871e+01 -6.770380053905604711e-01
2.400561068836892531e+01 6.053822005776510196e-02
2.402355734712295288e+01 8.027724320245432921e-01
2.403005786881437444e+01 1.536966399257945426e+00
2.402535186633215858e+01 2.236515721316081340e+00
2.403437149633612790e+01 2.971788005430255453e+00
2.406998719412892029e+01 3.644536201473293602e+00
2.475169358272214026e+01 -4.246990230993702653e+00
2.469731106207705551e+01 -3.542402835307463249e+00
2.476368244209530900e+01 -2.838963496920364094e+00
2.471210074246619115e+01 -2.113027328910362712e+00
2.472144132174705788e+01 -1.414541738331525522e+00
2.471670106235982445e+01 -6.984042567418597969e-01
2.475142005515183286e+01 3.319164212119574131e-02
2.475733980875025253e+01 7.502561642450658042e-01
2.480634359045997428e+01 1.492434455811629590e+00
2.483339925586408725e+01 2.178570871522847341e+00
2.482553220711750441e+01 2.928858334540542785e+00
2.486108603823468144e+01 3.631597915582787550e+00
2.548480609687641874e+01 -4.240521242664975432e+00
2.550260028321526562e+01 -3.568403805936252837e+00
2.546969847009685850e+01 -2.858557008059474214e+00
2.546727987101730406e+01 -2.136385294544226099e+00
2.547356064198208259e+01 -1.425785793211794328e+00
2.547339584385836986e+01 -6.574028386016657066e-01
2.551008016074195695e+01 2.778537435720096482e-03
2.551097808594978744e+01 7.354612518464840321e-01
2.555995808127292435e+01 1.475138970137710004e+00
2.562905918503946623e+01 2.234724425593523023e+00
2.559961846963250309e+01 2.924519579717504314e+00
2.563184729336217060e+01 3.614292272722785526e+00
2.628375243607124645e+01 -4.302296315009826344e+00
2.626166850032397093e+01 -3.612076529048941609e+00
2.626555924165838718e+01 -2.876359647335338110e+00
2.624752592551656249e+01 -2.155194989195234001e+00
2.624657076552709611e+01 -1.441191364545648668e+00
2.624060525039154612e+01 -7.655142998359849571e-01
2.625132757835466890e+01 -1.283888350754480712e-02
2.627294359206553054e+01 6.401316807927983632e-01
2.629523164025393100e+01 1.438048750473203796e+00
2.634859749825592701e+01 2.133727637818015666e+00
2.639677051382697215e+01 2.868756811231186532e+00
2.641092672949152842e+01 3.567540929644117398e+00
2.708802515251191778e+01 -4.309618243777624258e+00
2.700142469564752901e+01 -3.584892198478129899e+00
2.701437621923187749e+01 -2.879938240424181117e+00
2.703602608556001741e+01 -2.195860560440817011e+00
2.701022219420169534e+01 -1.460475403468336708e+00
2.703212256236205491e+01 -7.762568595110437286e-01
2.705945607880953219e+01 -7.567771585834037751e-02
2.709651401158586737e+01 6.135734418054390460e-01
2.710036311200868653e+01 1.378131384858214403e+00
2.708084574824825097e+01 2.119802041616342336e+00
2.714916095385153483e+01 2.841980296574703857e+00
2.720591561244126666e+01 3.552369278471921632e+00
2.825021058556875886e+01 -4.089416798766400518e+00
2.783706289334730144e+01 -3.596276760293449115e+00
2.820167562040729337e+01 -2.776378111497020740e+00
2.779361063415903033e+01 -2.227619547301095793e+00
2.779220313250849728e+01 -1.545531684082998680e+00
2.777036583433982031e+01 -8.126144111345645626e-01
2.778528688789379686e+01 -1.000464472161652907e-01
2.782942018529737283e+01 6.099237189942812165e-01
2.787264140324526096e+01 1.313597951513770568e+00
2.792503822171432404e+01 2.032896932548446500e+00
2.796417012772545974e+01 2.751809866890923217e+00
2.796288818766482365e+01 3.487120332171315340e+00
2.871167861587276349e+01 -4.300221030977368741e+00
2.867174565532953778e+01 -3.627085303774595815e+00
2.863846572696480308e+01 -2.938861747141114478e+00
2.864419576362518427e+01 -2.236688705398787391e+00
2.861860788988733617e+01 -1.561143148873679110e+00
2.861321366850028625e+01 -8.354809649964636264e-01
2.863845039368275280e+01 -1.000964208825543267e-01
2.859936838486786570e+01 5.868734752262128040e-01
2.863143397810924995e+01 1.276487172769321887e+00
2.867423654102346831e+01 1.994709506776601415e+00
2.870161994696498908e+01 2.705898518998701263e+00
2.872818104626629321e+01 3.459540426970377780e+00
2.952417309060212602e+01 -4.304027565681124656e+00
2.938813338304310463e+01 -2.255665091197297301e+00
2.938637078533877656e+01 -1.596743057866778059e+00
2.984469735249854949e+01 -8.414161016705286045e-01
2.944510149569564561e+01 -1.651115791529527144e-01
2.939790932387355582e+01 5.421381848458892705e-01
2.944367961413365009e+01 1.273560769143074367e+00
2.946290812193168307e+01 1.984162982966815036e+00
2.946984279820924968e+01 2.685974188480173552e+00
2.948014964368069712e+01 3.422132082868508007e+00
3.028903752652193049e+01 -4.318436945060195598e+00
3.022870135578437356e+01 -3.615543457415135720e+00
3.024600196016037756e+01 -2.959154448541010396e+00
3.021754208589602086e+01 -2.256257679906120472e+00
3.019987353156226817e+01 -1.584659204073208372e+00
3.019409929987424590e+01 -8.851448743727878821e-01
3.021340791023701655e+01 -1.875368897963234360e-01
3.023407810024898623e+01 5.329397405608560234e-01
3.024880275440801114e+01 1.257063826456153777e+00
3.026588435689742340e+01 1.999379731490005696e+00
3.023851675119858129e+01 2.735936374336041865e+00
3.025361438384226886e+01 3.472032519712392684e+00
3.112753385334742262e+01 -4.291925750379355975e+00
3.105583686815709399e+01 -3.679734866811141814e+00
3.095800196275558136e+01 -3.001806395493563429e+00
3.095623005906924874e+01 -2.301307744484791584e+00
3.095694540934446337e+01 -1.594468424996147604e+00
3.096993702043587149e+01 -1.968340778061659080e-01
3.098406676425432948e+01 5.221188364143038996e-01
3.096225225500744926e+01 1.260072192728163287e+00
3.099676231686438399e+01 2.011142017090350009e+00
3.106718348238235450e+01 2.753296324102294079e+00
3.115772209585770014e+01 3.456742764338009977e+00
3.184521846893839125e+01 -4.323965985746912821e+00
3.183213773871316477e+01 -3.674811119823075956e+00
3.178961050017489498e+01 -2.968566927350330786e+00
3.174054160302821259e+01 -2.261899806421126868e+00
3.174605110152571541e+01 -1.593563326581570294e+00
3.170882780326021333e+01 -1.866794189912397428e-01
3.171860820113986534e+01 5.321731912343885540e-01
3.183220047420162047e+01 1.249231866496465670e+00
3.183085282362984714e+01 2.001906364283360773e+00
3.191072688355173881e+01 2.691983684428002732e+00
3.186743729573333184e+01 3.456497670797105570e+00
3.266895573008623188e+01 -4.339942085388287296e+00
3.258501505816662558e+01 -3.629326309799790096e+00
3.261413379457861339e+01 -2.956643669387005957e+00
3.256592741560941562e+01 -2.250773461421001542e+00
3.250654888443072110e+01 -1.548383820201404859e+00
3.255870499957001840e+01 -8.786314922472868716e-01
3.252459369051405957e+01 -1.743053843903048516e-01
3.253306417909865189e+01 5.383756325743647153e-01
3.255088685902600076e+01 1.271702260448037691e+00
3.254341507603763972e+01 2.030514439357375522e+00
3.261032143923362270e+01 2.760633814784782203e+00
3.263567965836518425e+01 3.466151112408923041e+00
3.345523954783758569e+01 -4.285244863296366447e+00
3.340371355623626215e+01 -3.596213948559384477e+00
3.333122411256076845e+01 -2.917626326452207763e+00
3.331052400135150293e+01 -2.265938920683769453e+00
3.329577393826954079e+01 -1.580444454386658037e+00
3.328599235022418412e+01 -8.604063384277438331e-01
3.327041910649564471e+01 -1.433620178993599836e-01
3.329890184998424019e+01 5.878741262734266115e-01
3.330473055137827743e+01 1.330433230746429274e+00
3.335772370749619853e+01 2.044264943922971867e+00
3.340959153437426465e+01 2.773925833917139983e+00
3.341529754238930394e+01 3.504965443919132895e+00
3.420773289910966497e+01 -4.288475412635804673e+00
3.415132541075242756e+01 -3.638660802270326400e+00
3.413702928133346148e+01 -2.912448970975301421e+00
3.407565428745144942e+01 -2.242175836790767818e+00
3.405188965939701262e+01 -1.578226395933246096e+00
3.405497504256603492e+01 -8.478103420749860675e-01
3.406832059009617097e+01 -1.024076291849844722e-01
3.402522583940656631e+01 5.244504336034410130e-01
3.405187609653615510e+01 1.340059839476396064e+00
3.415013681566224335e+01 2.065757812669524185e+00
3.417652387529009417e+01 2.800504278298319605e+00
3.416043260994232611e+01 3.534666762725805711e+00
3.497433908093751853e+01 -4.274369491648315034e+00
3.494832035688990146e+01 -3.601224810448066194e+00
3.491202071623100522e+01 -2.899734189530949635e+00
3.484985001640762192e+01 -2.230699331093788373e+00
3.482343604506814216e+01 -1.507936891511040045e+00
3.481146946237466722e+01 -7.982254329033580120e-01
3.484982063159258558e+01 -3.753162656873954006e-02
3.486302536635164273e+01 6.476606289026705099e-01
3.495794642182408296e+01 2.041404538838659022e+00
3.495703996041533657e+01 2.825995502743047894e+00
3.505512691270754289e+01 3.626539782507748555e+00
3.576737929429656759e+01 -4.284115060400353059e+00
3.574801724711915796e+01 -3.539679873302127078e+00
3.572277522357395441e+01 -2.913379713573558405e+00
3.562015389600021109e+01 -2.179742499600170191e+00
3.560527143496700120e+01 -1.461812815000879340e+00
3.558312012149281855e+01 -7.393210163923953360e-01
3.563643389192605326e+01 -1.351607990542191828e-02
3.563051309793241472e+01 6.528304012500036890e-01
3.568451653696121895e+01 1.419248001882227328e+00
3.568032024849770067e+01 2.106733644391130866e+00
3.582029394799318567e+01 2.880315160475802827e+00
3.593401512660074815e+01 3.595198054148255551e+00
3.657637181774833124e+01 -4.225561297633625202e+00
3.648620392173067017e+01 -3.511049506011374888e+00
3.646202823383296021e+01 -2.822073495034700841e+00
3.638153407359029501e+01 -1.406720544825432739e+00
3.637956924859266650e+01 -6.902743022266832895e-01
3.649097201688565661e+01 1.812426443656427466e-01
3.640137331856038116e+01 7.383940286727437297e-01
3.659203725709267729e+01 1.423505826548765896e+00
3.661999510610855424e+01 2.179728900286438176e+00
3.662384096817257984e+01 2.912528070775223910e+00
3.669190476469626816e+01 3.618179051014749348e+00
3.741521699350283114e+01 -4.159122553537905276e+00
3.731060524232531606e+01 -3.459033969685158638e+00
3.729490545573177229e+01 -2.737033729331741938e+00
3.726212376421791106e+01 -2.041716051534788079e+00
3.723298790460459173e+01 -1.336253116762453175e+00
3.719863344552845064e+01 -6.033842882940518848e-01
3.731909857579412204e+01 1.936722739081204736e-01
3.737840608408001941e+01 7.863521810714395599e-01
3.764967449734832172e+01 1.353978667245893774e+00
3.761065124586453834e+01 2.262530945599724674e+00
3.831738649907681094e+01 -4.091534943571517147e+00
3.827652870991013145e+01 -3.335908119617688072e+00
3.825295764236366125e+01 -2.665574378908182496e+00
3.828689774975817528e+01 -1.943667235711632912e+00
3.852721026238983626e+01 -1.127825437453839896e+00
3.819379311262594712e+01 -4.509946319389541713e-01
3.824151780572923798e+01 2.759468822148093636e+00
3.849494010062401372e+01 3.245028989728368174e+00
3.932468301942707711e+01 -3.265302670689134601e+00
3.935144180876395836e+01 -2.970248580600525656e+00
3.930296783814704753e+01 -1.758128467757519076e+00
4.000349212428934464e+01 1.146671171305385428e+00
4.000495544968590167e+01 1.895686440398488770e+00
4.000957998903110280e+01 2.617445438449614414e+00
4.000512674601134933e+01 3.322702210787213062e+00
3.999042902001209399e+01 3.998733379760054163e+00
4.074365123992792093e+01 -3.968167847242707325e+00
4.072629610563699742e+01 -3.215100742586148641e+00
4.070939624251345634e+01 -2.465008491520425338e+00
4.070958222066784771e+01 -1.776352696795903796e+00
4.072518733787574519e+01 -1.066061934853575366e+00
4.072761350981080142e+01 -3.526836831047148735e-01
4.073653884658487101e+01 1.125620817630125003e+00
4.071895839102558767e+01 1.849124708963117314e+00
4.070659393380190494e+01 2.533482191158022090e+00
4.069269221535794401e+01 3.310350888524354218e+00
4.071089518431450216e+01 3.968167847242703772e+00
