-2.821944068757687774e+00 -4.112123652964072562e+00
-2.811451564303013129e+00 -2.630993007961901498e+00
-2.821690635021255389e+00 -1.926031471913510984e+00
-2.819032933329850721e+00 -1.188104241691114282e+00
-2.839477253433251747e+00 -4.654113040951628477e-01
-2.820681111125800555e+00 3.448125337918703792e-01
-2.818806872517839679e+00 1.015842197065023100e+00
-2.819178542741283877e+00 1.739176616584259705e+00
-2.814671977508815814e+00 2.440515636263391741e+00
-2.824011263495052049e+00 3.166827332029146902e+00
-2.815949066154097125e+00 3.919464253782489749e+00
-1.975897869849241317e+00 -4.079634051045438525e+00
-2.004367002753490112e+00 -3.367444754287497233e+00
-2.008781754085610771e+00 -2.626355968604915603e+00
-2.047386921362090106e+00 -1.897667891525461670e+00
-2.025287804893892485e+00 -1.175457658040379272e+00
-2.014245050086856281e+00 -4.659933029732528098e-01
-2.041424529696605816e+00 1.011527015413971498e+00
-2.068181702069836092e+00 1.740452420574641224e+00
-2.067784881890524673e+00 2.447774266883499195e+00
-2.087088457579866940e+00 3.233333953150523854e+00
-1.276838808059750363e+00 -3.350511903795574398e+00
-1.344330361486086645e+00 -2.623487582019002673e+00
-1.282029145325942920e+00 -1.902812936290921186e+00
-1.295796216989316463e+00 -1.163233002482922274e+00
-1.295033810110801653e+00 -4.450591665820233800e-01
-1.284590611965256812e+00 1.033310425088078688e+00
-1.298807092987630085e+00 1.743916005740242525e+00
-1.322660087316684496e+00 2.495758060451674254e+00
-1.320339098908632991e+00 3.239758613066729964e+00
-1.320651416798348521e+00 3.964552783796232660e+00
-5.508986889814337928e-01 -4.063149972903797646e+00
-5.468118065360201285e-01 -3.346759769082535030e+00
-5.398169157999959111e-01 -2.614423200191819063e+00
-5.536369577407214138e-01 -1.882381763909389605e+00
-5.841651698869938514e-01 -1.180242860232784352e+00
-5.469697921357195014e-01 -4.474156443513912507e-01
-5.563357391254726281e-01 9.957007333802643245e-01
-5.771516684403081854e-01 1.774049096308171869e+00
-5.734282893575439743e-01 2.512867161452014386e+00
-5.527871952585741155e-01 3.233102890340713742e+00
-5.582554683901008730e-01 3.956298021376216667e+00
1.864325763941678815e-01 -4.038481302326424327e+00
1.515476989384580975e-01 -3.326509156301135306e+00
1.781867159910959231e-01 -2.622348853797610957e+00
1.940737210805778545e-01 -1.886174672043086531e+00
1.980118586308563522e-01 -1.160669696618136015e+00
1.924952536013719850e-01 -4.146168988729499461e-01
1.926931178584538884e-01 3.119501881516164588e-01
1.711043747869780418e-01 1.742028912299772969e+00
1.858025649063819174e-01 2.530371486450679441e+00
1.177048418850006328e-01 3.252393743126713588e+00
1.830412920603237126e-01 3.982582544582488282e+00
9.326000420792723844e-01 -4.029354384022727942e+00
9.100112675980440713e-01 -3.362955958507654941e+00
8.789434104790458946e-01 -2.624188998865736977e+00
9.110463972159834611e-01 -1.894330270765468782e+00
9.234751758871482252e-01 -1.170543007990360707e+00
9.079812720909004042e-01 -4.215427735686567701e-01
8.664405755831268152e-01 2.750101213401947575e-01
9.019675927491661582e-01 1.016396772231217938e+00
9.116602074402706535e-01 1.758298785899327754e+00
9.375404595134710917e-01 2.531286213060145229e+00
8.792347261111714829e-01 3.184915068143251204e+00
9.175707427850952058e-01 3.956643966647991562e+00
1.669431750668920245e+00 -4.036361282542081597e+00
1.713971151932526027e+00 -3.261195888000617771e+00
1.637798966118268140e+00 -2.584974504796718975e+00
1.644964832191135429e+00 -1.899575507868998869e+00
1.646044180713047922e+00 -1.162871399124206562e+00
1.649369191389752132e+00 -4.748484751328660991e-01
1.637868632101721289e+00 2.618601257731825172e-01
1.675821270815809783e+00 1.012717915335628049e+00
1.680709434259824775e+00 1.744211019328734125e+00
1.664685066342727282e+00 2.540772814959108672e+00
1.664293787524876223e+00 3.212541733793724319e+00
1.659621971005748264e+00 3.921098438285572030e+00
2.365422534680170941e+00 -4.018423966186745133e+00
2.377011817821404804e+00 -3.299966096515433378e+00
2.380517666856327708e+00 -2.579545777680152696e+00
2.446810813427340747e+00 -1.861802279881509037e+00
2.353638945580627251e+00 -1.181796427220248802e+00
2.384586816816685939e+00 -4.401513918273955994e-01
2.317955765359151599e+00 3.302977106060289714e-01
2.410119986959273319e+00 9.905025763895167756e-01
2.418804281039726334e+00 1.735740658106291079e+00
2.436703381782571398e+00 2.477947640815568064e+00
2.464421521951244642e+00 3.201967923888577872e+00
3.117604332000951217e+00 -4.022795532971883858e+00
3.121883111828765323e+00 -3.302114726838958347e+00
3.124639572876439786e+00 -2.576180374989910149e+00
3.103693106589219042e+00 -1.159205275567039450e+00
3.113494938901226305e+00 -4.508260766928486873e-01
3.132096922794445959e+00 2.990810711912423869e-01
3.157049724478930841e+00 1.004610062862127506e+00
3.203632407259284776e+00 1.748776476599807950e+00
3.188465846396006498e+00 2.451702408676958100e+00
3.210903003595184657e+00 3.170268404067702050e+00
3.249918764824705875e+00 3.863550629274438819e+00
3.845181581068182197e+00 -4.027266231161764409e+00
3.863933825274287415e+00 -3.298963202558848451e+00
3.859049134020210658e+00 -2.574810921087056670e+00
3.875713166837648771e+00 -1.844924431427923395e+00
3.855565099088188674e+00 -1.158442767500783788e+00
3.854530300273665944e+00 -4.118008546441238593e-01
3.883071262537463042e+00 2.914209391323723253e-01
3.889569585263174645e+00 1.042606347688113999e+00
3.933820002181853681e+00 1.733507361708248595e+00
3.966178439483250884e+00 2.480304217053962645e+00
3.945894881498880125e+00 3.172494376106957503e+00
3.932116483611785895e+00 3.920324191185368790e+00
4.606293848668592261e+00 -4.031949904036942200e+00
4.589647905341045941e+00 -3.316745685524530529e+00
4.599105803354724742e+00 -2.576109847705886580e+00
4.598414966639516877e+00 -1.826240629047312325e+00
4.589600051123220226e+00 -1.117701164430012994e+00
4.649885714248199520e+00 -4.195427812005405599e-01
4.629029998357630404e+00 3.039291968761261842e-01
4.646592958531648776e+00 9.974660647358035703e-01
4.651554488443188973e+00 1.743843888665399078e+00
4.686453533641930846e+00 2.493988137828434759e+00
4.707275012886263710e+00 3.195795100375551812e+00
4.717718884497671183e+00 3.902726849515030239e+00
5.359552785898806349e+00 -4.028930919787647724e+00
5.344017466565091468e+00 -3.343599617493620002e+00
5.346849371159585473e+00 -2.579397815534683502e+00
5.350241209519857932e+00 -1.860330329896410007e+00
5.432061259833744771e+00 -4.217276590462368802e-01
5.407987710278163718e+00 3.086431602348547187e-01
5.369586945726524618e+00 1.005278529054187686e+00
5.415612308481165371e+00 1.749842299843230364e+00
5.445425780451387254e+00 3.170387862974987314e+00
5.477828082872200355e+00 3.892893625274108871e+00
6.079857830124829832e+00 -4.032964917142908945e+00
6.040298932498501472e+00 -3.325058383175104382e+00
6.092849850574928894e+00 -1.865328817658358673e+00
6.147645809333965872e+00 -1.160138965419793777e+00
6.195184189248365669e+00 -4.160211039228585150e-01
6.218299556235201919e+00 3.090875679570750378e-01
6.173397679561489326e+00 1.021629490220639980e+00
6.173050850863752714e+00 1.711124330234337521e+00
6.191127202386518036e+00 2.459399513475890586e+00
6.201781730139813931e+00 3.193287428513624349e+00
6.194096325349910614e+00 3.934681089629986417e+00
6.899623574011869209e+00 -4.041490625795006508e+00
6.883139077169694531e+00 -3.323479576263309809e+00
6.896365540937338778e+00 -2.531404471287224567e+00
6.851092696415193473e+00 -1.905077298153692311e+00
6.902592447387036145e+00 -1.197145586018134367e+00
6.947038989767101214e+00 2.480029077997336628e-01
6.953354363480769962e+00 9.999558911628945168e-01
6.940616987012411698e+00 1.706178444298966923e+00
6.922909211352624936e+00 2.454599570702757916e+00
6.920813656609873021e+00 3.166824990987425537e+00
6.918376985225549447e+00 3.912825485731506348e+00
7.668322924652862582e+00 -2.631042711947657153e+00
7.692913621787916156e+00 -1.196579683262548599e+00
7.686743481345644113e+00 -4.799066419356279312e-01
7.666427614146293479e+00 2.571605800673673059e-01
7.653041095912627156e+00 9.925034408734738633e-01
7.676948199125270378e+00 1.701403706190191656e+00
7.666704195580464898e+00 2.439181314180771665e+00
7.676833380104660876e+00 3.172759980205537289e+00
7.705623336621854946e+00 3.876641815372021682e+00
8.447605189577402029e+00 -1.932364534792345268e+00
8.430333812633229229e+00 -1.220837492237212274e+00
8.442661557016847951e+00 -5.133725030798288458e-01
8.410964749849576094e+00 2.190388588084353216e-01
8.391872181624414395e+00 1.004318860781346245e+00
8.415933811031187872e+00 1.707131912106728322e+00
8.442450363518958056e+00 2.396839363030373704e+00
8.432655275648734516e+00 3.126534471259009962e+00
8.488535757949271954e+00 3.822008470508404088e+00
9.335859032219495646e+00 -4.078185985346838294e+00
9.333588783281506096e+00 -3.353166748084532856e+00
9.325933726020551262e+00 -2.625091187663112891e+00
9.274532525161951924e+00 -1.944543839401990937e+00
9.253087467092441898e+00 -1.202397076280877997e+00
9.240250838901012287e+00 -4.964978962199424473e-01
9.170306586622203326e+00 9.767681002558035175e-01
9.163096404202867973e+00 1.650479788832399208e+00
9.189670611864073635e+00 2.402967042516205964e+00
9.210235390249380316e+00 3.145783880656797038e+00
9.259230096272730748e+00 3.819117214682048456e+00
1.010464347303691568e+01 -3.385159712258879239e+00
1.009959106485305824e+01 -2.639588817413216049e+00
1.010330498872225746e+01 -1.946961879970494635e+00
1.003534922997612000e+01 -1.222128292182041776e+00
9.962944847324678221e+00 2.056189835756327966e-01
9.928282148187854261e+00 9.441167385424016345e-01
9.928260039585701691e+00 1.656452170950284852e+00
9.940962562378466316e+00 2.373408373139131555e+00
9.990236545946181934e+00 3.068479508549234680e+00
1.002094826494155200e+01 3.841121360432051546e+00
1.087944878384671199e+01 -3.372635291362222176e+00
1.086220513447455716e+01 -2.648335392683765832e+00
1.089412967853134262e+01 -1.979540123461681844e+00
1.082294296194906025e+01 -1.203707464541910355e+00
1.081788721211703574e+01 -4.917270305920844464e-01
1.075049036721780027e+01 2.116117592721629137e-01
1.069463660525083526e+01 9.320683965426397322e-01
1.067313199036357929e+01 1.668190192030518659e+00
1.070119518743840814e+01 2.386740319488733775e+00
1.075289150573946984e+01 3.089713337884912647e+00
1.076365987284204095e+01 3.801137515987310422e+00
1.178161161292364767e+01 -4.139965093649895067e+00
1.171867508159802185e+01 -3.400125119531409723e+00
1.169193601987515763e+01 -2.704208437479092453e+00
1.162192667814825597e+01 -1.968692847586094530e+00
1.160918116089665375e+01 -1.209889316339136656e+00
1.157307066745548241e+01 -4.792820358469889186e-01
1.159592214770566443e+01 2.379564798488011945e-01
1.153927646648817529e+01 9.108758570126624932e-01
1.163877171843589053e+01 1.640948315584275008e+00
1.156723772561152686e+01 2.416847052043181066e+00
1.154372562384497058e+01 3.106857725530485226e+00
1.159597113726242412e+01 3.815945721914378197e+00
1.261417758431553438e+01 -4.092445428938088270e+00
1.262172495955914542e+01 -3.383447566369628845e+00
1.258717369184710577e+01 -2.626052692451906978e+00
1.253622569807702547e+01 -1.187173980878373669e+00
1.244764748576012892e+01 2.229296691400151076e-01
1.234140524207646195e+01 9.468024414116840148e-01
1.233702366277894669e+01 1.673411762464546371e+00
1.232377855794536003e+01 2.399554916776708069e+00
1.235914985449718984e+01 3.130690456435655022e+00
1.236361301039485738e+01 3.830070691962870200e+00
1.332031524467483763e+01 -3.386149234886076442e+00
1.340514781481891049e+01 -2.644464219041267938e+00
1.334236721782555435e+01 -1.948016998549018552e+00
1.335180262765629777e+01 -1.228991490149493160e+00
1.330532109237529426e+01 -4.958572374089165180e-01
1.326452340702883248e+01 2.342347067550498707e-01
1.320808306476165939e+01 9.617695835102075819e-01
1.311813331184726650e+01 1.677741354234804305e+00
1.308177650484477539e+01 2.448940975809279053e+00
1.309568016329324536e+01 3.136425813761075432e+00
1.315883774074148249e+01 3.835293003856403260e+00
1.421061234708086118e+01 -4.122557847205406745e+00
1.418868655598267736e+01 -3.387186263694648147e+00
1.417586280918904862e+01 -2.651116168005120954e+00
1.415034593880087499e+01 -1.945563085935297920e+00
1.398555664219745864e+01 2.761916384927403101e-01
1.394329647974088715e+01 9.768252986789640602e-01
1.392990697020632496e+01 1.694795071577328116e+00
1.394306259845428997e+01 2.396170975988848539e+00
1.400345685836187926e+01 3.113738724087308896e+00
1.402837004445194680e+01 3.837847747705065871e+00
1.507723302611387339e+01 -4.110179293918299948e+00
1.507553581735557913e+01 -3.421881458843007096e+00
1.499564667708708754e+01 -2.632897575778244459e+00
1.489207642801431319e+01 -1.201426592782539160e+00
1.484144825496033349e+01 2.828582618332049492e-01
1.484143153875844234e+01 9.335491206247397145e-01
1.471034659845088299e+01 1.703831342946482863e+00
1.477156603081567710e+01 3.147221611794311258e+00
1.475744440669425472e+01 3.854323512742798385e+00
1.586130446142927752e+01 -4.137847075061245050e+00
1.585174364027461280e+01 -3.409972266201247493e+00
1.587405518226656653e+01 -2.687287536091133688e+00
1.585452543281496673e+01 -1.975632395539495434e+00
1.573830453760112391e+01 -1.244082675064902332e+00
1.581427918568738278e+01 -5.003432643883449771e-01
1.560055733262437627e+01 2.763802593681603526e-01
1.553389818579992010e+01 1.720983497044137778e+00
1.554705784810196434e+01 2.432625028552877211e+00
1.550143205887136588e+01 3.156653216902686410e+00
1.556301352389289860e+01 3.831538845679357763e+00
1.659500584444617743e+01 -4.159445405738285473e+00
1.660623446118776769e+01 -3.421672473701594441e+00
1.658455759730885859e+01 -2.728541343076898329e+00
1.657777770757619606e+01 -1.975736321719733013e+00
1.652983664431532418e+01 -1.255463961246590543e+00
1.650448510245495726e+01 -5.333406629732699855e-01
1.648111518817029975e+01 2.158863540644340162e-01
1.637654029694984104e+01 1.747860866445538619e+00
1.634565184005043648e+01 2.426812066051077466e+00
1.630871206096838222e+01 3.090222411573567030e+00
1.633315336438324294e+01 3.863877116009835078e+00
1.735396985757908794e+01 -4.133810916364083710e+00
1.732253350079794529e+01 -3.420956529935001100e+00
1.729675710423089896e+01 -2.714182464909526971e+00
1.727989813295408794e+01 -1.944786926013705397e+00
1.726610145406220909e+01 -1.242439926961420582e+00
1.722980844444380466e+01 -5.223834057884992887e-01
1.722956037262212448e+01 2.860138305423447491e-01
1.715419167635625541e+01 9.682506105031087884e-01
1.714007959291982530e+01 1.636787798665309879e+00
1.712627017910497074e+01 2.466634263000447191e+00
1.712185413502667330e+01 3.166486244146039297e+00
1.715932989726579194e+01 3.906779292637313716e+00
1.806847722574673298e+01 -4.101152910701628684e+00
1.805473233287421664e+01 -3.416775644797393596e+00
1.802094851796979924e+01 -2.656780327604238323e+00
1.799447567739333209e+01 -1.949711216918050383e+00
1.795150388889695847e+01 -1.232685620007611504e+00
1.796895319730072771e+01 -4.823288757994959042e-01
1.792418564985276674e+01 2.392967959580190040e-01
1.791604589148442983e+01 1.018259013250691680e+00
1.789118822975313350e+01 1.720075068824506559e+00
1.788712712712395358e+01 2.468723397000953668e+00
1.784686174855431062e+01 3.211101682284859038e+00
1.786026399427785094e+01 3.924017162582732254e+00
1.878724540873751181e+01 -4.132581026244984912e+00
1.877382632388179928e+01 -3.392915459745715623e+00
1.873613657017546075e+01 -2.653154411850447758e+00
1.872758386054061219e+01 -1.943882196828546682e+00
1.870600540563708591e+01 -1.193674611599170987e+00
1.869855083245494853e+01 -4.684364313158013715e-01
1.866005798630345680e+01 2.788025887999765473e-01
1.867178920390583130e+01 9.913962047702682412e-01
1.861053202232849912e+01 1.736957911732492477e+00
1.861359595040141812e+01 2.462981532138304175e+00
1.858432791266547213e+01 3.221115091827098098e+00
1.863056614956474988e+01 3.970987377443396582e+00
1.962305678035681211e+01 -4.037660963434628769e+00
1.950464718076146653e+01 -3.343780924006676258e+00
1.948740891962278710e+01 -2.616874105781075599e+00
1.946142413108253066e+01 -1.915219567637510778e+00
1.942546895067238211e+01 -1.179768646137130617e+00
1.940449087267850103e+01 -4.605282108116988127e-01
1.940985227805204261e+01 2.776615862841005367e-01
1.938634853439754124e+01 9.996174348038380231e-01
1.937035784240050162e+01 1.741686621276180347e+00
1.937897395421550328e+01 2.461076100658313948e+00
1.935963028398380459e+01 3.198973256223549555e+00
1.942558084600263157e+01 3.937489631639859766e+00
2.036643565172808934e+01 -4.100641195305048115e+00
2.035515024516580951e+01 -3.347515733958214668e+00
2.031246229671530301e+01 -2.597387885271828623e+00
2.026011835385936877e+01 -1.847441357894574310e+00
2.024459005779619503e+01 -1.126468308750013136e+00
2.017804408519078407e+01 2.848583600762211177e-01
2.036416773968285554e+01 9.936719920564591746e-01
2.023952481487626187e+01 1.746323480184177157e+00
2.017674158479238855e+01 2.503031931298238533e+00
2.021852446841838713e+01 3.233763690122525958e+00
2.024620456331919627e+01 3.857136546694437840e+00
2.109840681673959040e+01 -4.096975857738012650e+00
2.107212999376682205e+01 -3.339114389389823856e+00
2.104751756075841485e+01 -2.602247470272722296e+00
2.108357393998685581e+01 -1.896648956905625738e+00
2.111514245133034962e+01 -1.170016357318935718e+00
2.107636863907396219e+01 -4.359053842265403489e-01
2.106161252680870888e+01 2.921988244210815822e-01
2.111096786781831014e+01 1.032402873858007553e+00
2.103621180626574727e+01 1.748536612273376534e+00
2.105118190926747701e+01 2.503374305813775180e+00
2.107520087421978161e+01 3.175056951480126344e+00
2.109780531080936328e+01 3.910710772399799140e+00
2.224351173703901452e+01 -3.993612160642001641e+00
2.221451563383399730e+01 -3.348740427756450089e+00
2.219541821493896094e+01 -2.551963862436934960e+00
2.224314072266973596e+01 -1.835819487537097672e+00
2.212831991925263253e+01 -2.861604036610110313e-01
2.197600831872775728e+01 3.136712796127625325e-01
2.196541994424840283e+01 1.048743049636314595e+00
2.188850303289883925e+01 1.770256344915626556e+00
2.188918962447115746e+01 2.485390324109420845e+00
2.189347504581474624e+01 3.176412570274091962e+00
2.186820956171817443e+01 3.933480243432359913e+00
2.293335122173672858e+01 -4.078749501125379595e+00
2.293585428267368087e+01 -3.345560054857823928e+00
2.292495225724999841e+01 -2.615825299944347648e+00
2.293687618591330590e+01 -1.873476261640597329e+00
2.291783086068977582e+01 -1.148532544259239785e+00
2.289164559614941652e+01 -4.207485818770422270e-01
2.287599863338557071e+01 3.062529090864174464e-01
2.277120971791831749e+01 1.044133707159179636e+00
2.279464513089778421e+01 2.532449289067454146e+00
2.272734612989250280e+01 3.209316889483783797e+00
2.268755653219108126e+01 3.894374660598213467e+00
2.367170698358170000e+01 -4.064270471543633079e+00
2.365993170856602035e+01 -3.344228930348396744e+00
2.368018299310589470e+01 -2.616960958091027578e+00
2.366702805133994758e+01 -1.873870295685307497e+00
2.367214836181786097e+01 -1.156831803357057709e+00
2.363681561335364023e+01 -4.387005590948191980e-01
2.360912644284017148e+01 2.862274295965505644e-01
2.359625035148030037e+01 1.048839182937754799e+00
2.358734314113650754e+01 1.760763683092537946e+00
2.357573116388011414e+01 2.479540549420253370e+00
2.352369476806922677e+01 3.214891312338703955e+00
2.354570286102676846e+01 3.905546865285895564e+00
2.440272723167942104e+01 -4.065273049036662201e+00
2.440121858254322973e+01 -3.345371817804345227e+00
2.440087251087925324e+01 -2.610811393688305060e+00
2.440673164389672678e+01 -1.892105269759131403e+00
2.439809704186625083e+01 -1.145146353349176138e+00
2.437936024764765364e+01 -4.141245805858986273e-01
2.443032058957976460e+01 2.703249291984874958e-01
2.437048094671547460e+01 1.040777535303202939e+00
2.430939056400985976e+01 1.755352200261725670e+00
2.434778726338959132e+01 2.497802813314770276e+00
2.430538720464096514e+01 3.223191752356289186e+00
2.436436434803754736e+01 3.901935159001350684e+00
2.519147104381933389e+01 -4.054938014001283619e+00
2.515280017696171200e+01 -2.632172578176696476e+00
2.509538941191877370e+01 -1.933369490060275808e+00
2.515642174840692746e+01 -1.167013666741130606e+00
2.513537267185238022e+01 -4.495061485758675701e-01
2.513320878886229082e+01 2.698416502963638663e-01
2.513395219323098218e+01 1.009021622346342184e+00
2.514045432762423360e+01 1.747416735960417355e+00
2.510770978359290240e+01 2.467401341574479545e+00
2.509979093485014801e+01 3.204757425640291757e+00
2.512008913760683981e+01 3.921801657556439835e+00
2.590400464721558649e+01 -4.067051691073814368e+00
2.582656490668643556e+01 -3.348065374948408390e+00
2.592001872891758296e+01 -2.626060533543959963e+00
2.587595762918955700e+01 -1.892310316327833419e+00
2.587942674578207658e+01 -1.178637133577936424e+00
2.587571676661925579e+01 -4.507087466540014020e-01
2.586997878784454485e+01 2.769397592622091508e-01
2.586325874025801141e+01 9.994600863523892542e-01
2.586512036614956145e+01 1.730596631114234896e+00
2.588577882659676987e+01 2.446780527444438746e+00
2.588257864548749154e+01 3.194014379524343639e+00
2.589854891715437901e+01 3.914740973764306631e+00
2.663121775656699697e+01 -4.060277669483458141e+00
2.664104072513345756e+01 -3.357137409445765996e+00
2.662207581660988609e+01 -2.631127032508572938e+00
2.662411059245280853e+01 -1.898502702486482008e+00
2.661961184367922328e+01 -1.181581415664890500e+00
2.661514516814054332e+01 -4.239279600424943339e-01
2.662401013260309668e+01 2.764536285118488479e-01
2.659494338541315273e+01 1.005857145395356866e+00
2.663892611490035023e+01 1.752590888174431427e+00
2.667219654963676589e+01 2.497857812674638467e+00
2.664316456327611604e+01 3.193394510256890584e+00
2.666126273900206911e+01 3.915216200828393056e+00
2.742377228483852747e+01 -4.086847521986108234e+00
2.737505986498651822e+01 -3.391493496711770916e+00
2.741059842599927521e+01 -2.641020554221896077e+00
2.738039701565813999e+01 -1.913516643881163048e+00
2.739188950353474183e+01 -1.189897063672198385e+00
2.736147268765785867e+01 -4.963838609085726716e-01
2.737692758020017436e+01 2.779817143696163839e-01
2.737279617530754194e+01 9.581115848105667965e-01
2.737224498035401155e+01 1.748506656120298430e+00
2.738886879533399110e+01 2.441509718847004962e+00
2.741793125449336799e+01 3.170431074549757255e+00
2.741576216371814212e+01 3.891181743531571868e+00
2.818299468655768436e+01 -4.121360444487407904e+00
2.814508099474003444e+01 -3.367314403657488242e+00
2.814654287999692173e+01 -2.640146903688183500e+00
2.816882049698359225e+01 -1.930530785793372672e+00
2.814780858098028915e+01 -1.186592676600422891e+00
2.815851669289705939e+01 -4.721232756743773962e-01
2.816626570231090199e+01 2.414480129137785980e-01
2.817420894354516037e+01 9.530707396002817688e-01
2.816291568263472556e+01 1.697517735517944715e+00
2.812258665239848909e+01 2.439936937425073893e+00
2.815387144155724997e+01 3.166708856655017001e+00
2.818988451942330897e+01 3.887845021104734400e+00
2.900539264951755314e+01 -4.072945495493726753e+00
2.892528795981397849e+01 -3.383445428096621299e+00
2.894898046035958572e+01 -2.622255336647089763e+00
2.890675295241674547e+01 -1.941468243942338745e+00
2.890573873382388825e+01 -1.229393688045114175e+00
2.887405588613460594e+01 -4.901521609977912419e-01
2.888362444078861557e+01 2.309831190678153234e-01
2.890410759017256481e+01 9.510329795443404066e-01
2.892628617788144396e+01 1.664693199353642683e+00
2.895363742560275711e+01 2.390842698722821069e+00
2.896589139889599807e+01 3.104837733411354606e+00
2.894529005152860890e+01 3.847349166370950257e+00
2.973333694566634477e+01 -4.104643845071347386e+00
2.972959614358035907e+01 -3.413895127747451852e+00
2.972338996264524980e+01 -2.686768825888581347e+00
2.971660426795556731e+01 -1.951964651744635404e+00
2.970348665451361825e+01 -1.232191364689292357e+00
2.967121665768541305e+01 -5.014238385234683903e-01
2.969578004936939664e+01 2.211028265158567763e-01
2.965230005965310767e+01 9.516204127952185843e-01
2.967411762980022871e+01 1.659432627611657551e+00
2.969646101559636264e+01 2.371441232514616360e+00
2.970260441470413326e+01 3.086440598697233639e+00
2.971578156507911928e+01 3.828894587140357686e+00
3.051834819658819953e+01 -4.115237197629085131e+00
3.045711568975702477e+01 -1.951190099462461802e+00
3.045190879817227625e+01 -1.259698633854071659e+00
3.047230589068994533e+01 -4.899472594163079009e-01
3.047637325084743765e+01 1.939032392467865407e-01
3.043192326972957318e+01 9.200101752752480877e-01
3.044343685035324398e+01 1.650309783446218148e+00
3.045866869053501347e+01 2.369138273078974066e+00
3.045165209829634279e+01 3.076869983744085602e+00
3.044802745211442385e+01 3.801724024352264308e+00
3.129394175316952698e+01 -4.135132076016340363e+00
3.125595416135147531e+01 -3.386636573898694991e+00
3.125108194727804545e+01 -2.673814933619073742e+00
3.126192203112594115e+01 -1.964598971571273722e+00
3.123243767724222408e+01 -1.240695749899696665e+00
3.121708643970359986e+01 -5.433211192452382932e-01
3.122633963022285997e+01 1.915613623498018114e-01
3.124667257868015469e+01 9.012820836011492531e-01
3.124919796681907513e+01 1.645479565854564896e+00
3.124437239928996490e+01 2.377275228851178923e+00
3.121015860595831981e+01 3.116437475311681027e+00
3.122202237255077506e+01 3.833047386951339064e+00
3.210013526936405270e+01 -4.099160314125377624e+00
3.204281360975182480e+01 -3.415072965204551281e+00
3.196784459053382221e+01 -2.670045898222021208e+00
3.199528469646141815e+01 -1.985037787537994092e+00
3.197315685308883104e+01 -1.219829303109651875e+00
3.198074099145645022e+01 1.767695512632236898e-01
3.197707204705245232e+01 9.018639175630944749e-01
3.195473256484324764e+01 1.641412541528378455e+00
3.197368098982143891e+01 2.379424208403168706e+00
3.198308838699210099e+01 3.109154979015702480e+00
3.205252931458930021e+01 3.823507834273332406e+00
3.277701165515212978e+01 -4.109190742020143006e+00
3.278382694810012055e+01 -3.411837343236488351e+00
3.278573382003997239e+01 -2.669121923707784561e+00
3.275212720460431370e+01 -1.959549336367345518e+00
3.274982502922052419e+01 -1.250945385998683435e+00
3.273145597423793873e+01 1.846615420058519419e-01
3.271564429208634550e+01 9.088522679435513396e-01
3.277637994942535471e+01 1.625201299492839979e+00
3.276440494335778197e+01 2.357204719764759204e+00
3.276693564740690334e+01 3.105708266793126171e+00
3.276460248226968730e+01 3.825320536070574207e+00
3.357896834635979388e+01 -4.114262682509188807e+00
3.354796516936065842e+01 -3.397679841270768719e+00
3.356955433215710372e+01 -2.681213583061154537e+00
3.352552550571879664e+01 -1.957393896873707462e+00
3.349516823672190213e+01 -1.211961713387459838e+00
3.354575992039261934e+01 -5.318191221765040666e-01
3.349751134070557868e+01 1.788183168085346608e-01
3.349284497249126247e+01 9.139390400958902205e-01
3.349547886127850660e+01 1.641044969338693704e+00
3.347654422621366876e+01 2.396793234101224357e+00
3.351956971047864187e+01 3.112894884266101059e+00
3.349357001796244759e+01 3.856491501011515055e+00
3.431789694523077827e+01 -4.084712157480133499e+00
3.430465448063467448e+01 -3.363106669335991228e+00
3.428165185457732633e+01 -2.656661222759705510e+00
3.426606362468069022e+01 -1.960769285657388394e+00
3.426728622073681407e+01 -1.248843098527217421e+00
3.425552346008773696e+01 -5.342947189251532336e-01
3.422981590539057350e+01 1.953242297416046824e-01
3.424173651885161718e+01 9.340406727033325751e-01
3.425237694497725016e+01 1.675460030246469501e+00
3.426694421681253999e+01 2.392043905674935189e+00
3.427381808558130416e+01 3.122226983682171664e+00
3.425626390002768318e+01 3.844526743741273123e+00
3.505308004674925115e+01 -4.101776737605458578e+00
3.496912018307526893e+01 -3.407867161366514352e+00
3.503886462337653285e+01 -2.667213976267003517e+00
3.501172585231739021e+01 -1.952604280404809600e+00
3.501330062326136527e+01 -1.257676323862842338e+00
3.500507247563788127e+01 -5.229496531776156587e-01
3.500243394349194404e+01 2.256993683310710708e-01
3.498082429446613872e+01 9.203384777512404469e-01
3.496540121805059442e+01 1.683331113837841286e+00
3.498905512687736774e+01 2.386958005954291195e+00
3.500272193670992493e+01 3.145199601910324105e+00
3.498541545098181160e+01 3.872881304973997629e+00
3.580084944551015980e+01 -4.084570184466858933e+00
3.578882164844116431e+01 -3.371460752690726537e+00
3.578582758372596828e+01 -2.653978909224814942e+00
3.575681022897722272e+01 -1.947079557341101719e+00
3.574971648140404312e+01 -1.221930850827902759e+00
3.573263157348927876e+01 -4.945820238851936779e-01
3.575131742703658944e+01 2.593201762367023377e-01
3.576465784759174227e+01 1.001761958995171398e+00
3.576669206948663060e+01 2.401111598606153308e+00
3.574849292784845289e+01 3.159117315172910168e+00
3.577638296956984476e+01 3.921728647967778869e+00
3.654090537140944406e+01 -4.114324097933945268e+00
3.653213871338159180e+01 -3.364387027408010766e+00
3.652988077321325733e+01 -2.685388389294654843e+00
3.649684157712631105e+01 -1.927317677621555703e+00
3.648474308618182960e+01 -1.202229560196361291e+00
3.647556284655191661e+01 -4.767894450734715406e-01
3.650503886262298892e+01 2.553760366290340755e-01
3.649396353710428542e+01 9.609549579684397713e-01
3.648447273190998175e+01 1.748288300176191967e+00
3.648673529424656437e+01 2.439783671356902772e+00
3.654931664825719650e+01 3.200495667377015963e+00
3.658133213771308334e+01 3.891672982932458780e+00
3.732439556058074714e+01 -4.081025784288687674e+00
3.727303230012133639e+01 -3.349909484239390167e+00
3.726404134624066700e+01 -2.627320026393267227e+00
3.722441708867497567e+01 -1.175352137669747776e+00
3.720945192664881773e+01 -4.608833129985967503e-01
3.719607608463545745e+01 3.341658042557433816e-01
3.723010227675573702e+01 1.026185563071582152e+00
3.730033771420895761e+01 1.710072543913891963e+00
3.731136750538205860e+01 2.446469707337687538e+00
3.727055418169003786e+01 3.178523210051512393e+00
3.729684183973612477e+01 3.895483289777029512e+00
3.807649091660722007e+01 -4.035792770651124073e+00
3.804566913938938200e+01 -3.323037464800318475e+00
3.802386304640643999e+01 -2.606812002071279721e+00
3.801242401290674167e+01 -1.887580027664455429e+00
3.801385615406109508e+01 -1.149850515765479031e+00
3.798162825324271097e+01 -4.302267150922212124e-01
3.807271422707142250e+01 3.345613339260999908e-01
3.806416060184718475e+01 1.039153267261713864e+00
3.808863412419619721e+01 1.717707240811758851e+00
3.812748845224914618e+01 2.475871019222267932e+00
3.891241553039903778e+01 -3.979203816910363400e+00
3.888996497472468405e+01 -3.262366195183179940e+00
3.884644486559944454e+01 -2.577488251617502613e+00
3.892719495301002297e+01 -1.817246178862411909e+00
3.894925287491552268e+01 -1.119546401293654014e+00
3.885185090160684496e+01 -3.356559773259597534e-01
3.895841964898131238e+01 2.570529858039517279e+00
3.890268584682386432e+01 3.195912463144718885e+00
3.973031073409526215e+01 -3.285834861770290161e+00
3.959936925784894157e+01 -2.954320046202887795e+00
3.971166777798260483e+01 -1.772948465913042781e+00
3.998591116595905959e+01 1.126835439089624913e+00
3.999881043071344067e+01 1.874229383476478716e+00
4.000539724678257159e+01 2.620724285095914041e+00
4.000450094836593706e+01 3.339439029366157996e+00
3.999564127155181126e+01 4.016292082743387226e+00
4.073594308358342886e+01 -3.981496596714844571e+00
4.072559104286725784e+01 -3.242518298049528624e+00
4.071586014305083978e+01 -2.488367583109774017e+00
4.071326784197056980e+01 -1.776548765092059057e+00
4.072722540703600913e+01 -1.054693644430393817e+00
4.073099571190706314e+01 -3.304509482326736247e-01
4.074062405462061776e+01 1.130168405980867874e+00
4.073177249326922578e+01 1.851665298779838764e+00
4.072328438565337905e+01 2.508310016208948667e+00
4.070359769509337156e+01 3.330762348329631806e+00
4.071860334065899423e+01 3.981496596714844571e+00
