-2.177953743459163150e+00 -4.088698933356738507e+00
-2.166827321862442091e+00 -2.603191672839074045e+00
-2.175303517214409510e+00 -1.908830741569634171e+00
-2.170661587219996136e+00 -1.169724459220066848e+00
-2.191622836721144552e+00 -4.531117696780135873e-01
-2.177030720316999179e+00 3.355279219516305034e-01
-2.174281405236563103e+00 1.038790099510045195e+00
-2.174737470871235701e+00 1.754955991719690189e+00
-2.169420221282791772e+00 2.455558765502342311e+00
-2.180113993551671570e+00 3.188853825000904862e+00
-2.166841939638509018e+00 3.937474238376836411e+00
-1.355974235975132558e+00 -4.054537983347337615e+00
-1.366090805754133441e+00 -3.346938416312745801e+00
-1.377052953062488427e+00 -2.606947270874442779e+00
-1.414860480827563549e+00 -1.882300335949452119e+00
-1.396970855335069928e+00 -1.156962144486701760e+00
-1.379382940156432369e+00 -4.484764499201858712e-01
-1.405375120279096279e+00 1.020674177930168014e+00
-1.430785583902704161e+00 1.761027313700445518e+00
-1.428013495090461049e+00 2.464188756801071634e+00
-1.446925490181946827e+00 3.248799631056272119e+00
-6.502759672688540604e-01 -3.327408736264715117e+00
-7.078112052358136452e-01 -2.612245098333083604e+00
-6.565898006655075392e-01 -1.882004375392746454e+00
-6.649010342901249260e-01 -1.143361937513088122e+00
-6.602458324474014262e-01 -4.277132637122029735e-01
-6.663588638403865616e-01 1.052016364736392262e+00
-6.621444254738193536e-01 1.757369316974930484e+00
-6.971101581200827013e-01 2.508516461514059159e+00
-6.843301071646976652e-01 3.251645278962278951e+00
-6.881201146177673422e-01 3.975711516931006884e+00
7.541303193013959572e-02 -4.045473687488577497e+00
8.393311941721037783e-02 -3.328732995735691702e+00
9.073852311524888137e-02 -2.591651574672571456e+00
7.485813891049275526e-02 -1.854695769295542362e+00
4.939922212051328643e-02 -1.162436242272828935e+00
7.646149689844605746e-02 -4.299855470023743464e-01
6.677455357471728803e-02 1.019932751145756100e+00
5.797705493690585854e-02 1.787139822131237565e+00
5.711370832076312354e-02 2.520644091256396990e+00
7.153993920360335323e-02 3.246143109230722246e+00
7.739798181066248617e-02 3.966343030659317037e+00
8.128647159898463315e-01 -4.029238831537949039e+00
7.838788134131178253e-01 -3.311132646123738255e+00
8.076591418930547661e-01 -2.604170256098754521e+00
8.202477526950318065e-01 -1.865297042529448390e+00
8.276186710983566286e-01 -1.143688204678820597e+00
8.198927334264496380e-01 -3.986101727145801021e-01
8.213699873179933775e-01 3.343261169857747461e-01
8.031082201023309608e-01 1.750490275396312967e+00
8.116092451960952303e-01 2.541480295353025554e+00
7.435066979150235511e-01 3.262178863396812289e+00
8.044186911008353036e-01 3.988661714239867706e+00
1.559396169107934327e+00 -4.018036242372204470e+00
1.531304335696383134e+00 -3.346785930577464541e+00
1.510150130437637017e+00 -2.607420269672079627e+00
1.537051796247958180e+00 -1.876131093007430195e+00
1.549892400606360354e+00 -1.151480151325479540e+00
1.528928311369902815e+00 -4.007127399467371731e-01
1.496976941403076466e+00 2.953688364636235519e-01
1.531327782626107137e+00 1.034380405359840438e+00
1.536132062619621763e+00 1.775383234163975033e+00
1.564693156929017448e+00 2.543190919956380469e+00
1.503526386756995237e+00 3.201924293333888727e+00
1.541696259284812243e+00 3.967105597664883021e+00
2.291059395829833534e+00 -4.027159266662987847e+00
2.333832423597570482e+00 -3.255491574030799029e+00
2.266393334598809872e+00 -2.573201151803754527e+00
2.269630085141038478e+00 -1.888019295507664452e+00
2.269573911100501107e+00 -1.145395808639957380e+00
2.274260592214147891e+00 -4.487405104893831265e-01
2.261500269976728816e+00 2.844393401238995978e-01
2.297345743809479757e+00 1.031592033679082476e+00
2.299849205918164330e+00 1.761210638437443521e+00
2.287782453448727438e+00 2.543004869176044735e+00
2.290464836528748549e+00 3.224847965688141471e+00
2.280584936203084112e+00 3.937388999716141313e+00
2.985063797357028648e+00 -4.008694086588018735e+00
2.999461406293107757e+00 -3.290454483310302436e+00
3.004107967788634426e+00 -2.566288912888456508e+00
3.075878811314538552e+00 -1.854318624270121063e+00
2.982553461399049866e+00 -1.165840540046630736e+00
3.011761763298096639e+00 -4.215269572928690422e-01
2.951731800522082949e+00 3.493404030452218478e-01
3.030111324288178309e+00 1.008145621108081258e+00
3.037409381106094486e+00 1.750937598404906481e+00
3.058293805623179651e+00 2.496932695928062884e+00
3.075551883452995128e+00 3.220992888072750304e+00
3.740545299686026226e+00 -4.012183588319022221e+00
3.743510249342278939e+00 -3.289348832232192876e+00
3.747334217850557536e+00 -2.564723206679332179e+00
3.726213486557398369e+00 -1.140425076125339388e+00
3.732478473034497313e+00 -4.310779362599035380e-01
3.752345694131015819e+00 3.196521626890991286e-01
3.785542558734810825e+00 1.021691291390290246e+00
3.820569630142280459e+00 1.765671987500816442e+00
3.799482166579032594e+00 2.471419736643433396e+00
3.823147934911538925e+00 3.191956344171089199e+00
3.855243479180664679e+00 3.880607744062665176e+00
4.465519376738058099e+00 -4.011401899107919888e+00
4.484014083809526596e+00 -3.286356544815788538e+00
4.475265905032451030e+00 -2.557769111671913009e+00
4.499223451748576963e+00 -1.829393169556933429e+00
4.474658995114268123e+00 -1.141858600817322156e+00
4.473846372135994898e+00 -3.954194524900920271e-01
4.498737138307710381e+00 3.090287706971892590e-01
4.482650451412546033e+00 1.041668754551274390e+00
4.547762158983942982e+00 1.757357109632113890e+00
4.572494934915823706e+00 2.499799607543021551e+00
4.552954875037286797e+00 3.194492367638204655e+00
4.540391312932925416e+00 3.943512219473298330e+00
5.223522688220235466e+00 -4.021308685501651325e+00
5.198223826629842392e+00 -3.301391508681398079e+00
5.217505582697761213e+00 -2.564182541719262076e+00
5.216233549021566773e+00 -1.816350728588496111e+00
5.204347233394933880e+00 -1.102857661983737358e+00
5.265367100221027385e+00 -4.049311048645165556e-01
5.244619315799681658e+00 3.191234016031678777e-01
5.260073708046604679e+00 1.015490198294198620e+00
5.265513390881572775e+00 1.757810787494516802e+00
5.291891824898058871e+00 2.515774576821542041e+00
5.310217599306469083e+00 3.214682713886062970e+00
5.318443144836713543e+00 3.920675963051877488e+00
5.973434399589436339e+00 -4.016700825232771166e+00
5.950769933945615264e+00 -3.324936534431998325e+00
5.963231048543036650e+00 -2.565856089992113453e+00
5.963870835414617488e+00 -1.845499723298001271e+00
6.044866179694544428e+00 -4.089860042893249670e-01
6.018766334720282885e+00 3.258752042321759745e-01
5.978783435136854507e+00 1.024902769291532678e+00
6.026598459296039323e+00 1.760214070219127791e+00
6.051661517159097059e+00 3.188385419768160034e+00
6.076054651500953696e+00 3.915381762983933811e+00
6.691219316947361051e+00 -4.020596672150897888e+00
6.641373793461205821e+00 -3.313056219268307956e+00
6.705622914120752398e+00 -1.854119739260415400e+00
6.758634101519959358e+00 -1.148128435738975384e+00
6.807622061412374137e+00 -4.029731050067013598e-01
6.816788503722293058e+00 3.167866832332038030e-01
6.780042189634073679e+00 1.034368362278897280e+00
6.780080042896798886e+00 1.732731092101111869e+00
6.797297101342586245e+00 2.480834960633881536e+00
6.800996165556789208e+00 3.214097919938701864e+00
6.792002742510256041e+00 3.955711358527075561e+00
7.506361144445520495e+00 -4.013012344619607319e+00
7.493918583421312007e+00 -3.308263520965592619e+00
7.502371641648707623e+00 -2.544102026498475055e+00
7.462032375269480156e+00 -1.893113777014924892e+00
7.510522110163272202e+00 -1.177348795162902917e+00
7.548347293092952270e+00 2.691635584062375131e-01
7.554842006596672377e+00 1.020171321692185273e+00
7.542456209719269111e+00 1.726103746755896395e+00
7.530005679780735761e+00 2.475328077831157714e+00
7.527556998651128595e+00 3.188309670826185993e+00
7.517722538177665115e+00 3.934326320326292148e+00
8.271208884305565334e+00 -2.617996655866026146e+00
8.291924878017866263e+00 -1.181401470768502548e+00
8.284651096198402342e+00 -4.678977205100913750e-01
8.272306841750300066e+00 2.770783690230942398e-01
8.255926939846688128e+00 1.009946386564429588e+00
8.272923329022916050e+00 1.722547836767194696e+00
8.263501856168446125e+00 2.464005746641309003e+00
8.278076985828548118e+00 3.197088974764703551e+00
8.296690501155374875e+00 3.905170389670431064e+00
9.046553678322261760e+00 -1.917949259162078590e+00
9.029271391451800355e+00 -1.196691563030981342e+00
9.044882745428608928e+00 -4.904954995596604306e-01
9.007671023831328228e+00 2.424264404327054478e-01
8.995249555487717430e+00 1.024689067023761169e+00
9.012837977001559864e+00 1.723663061362881166e+00
9.033613888373402290e+00 2.426815442010067159e+00
9.031597581858875401e+00 3.151469044641487471e+00
9.063968845964076593e+00 3.853495856028146704e+00
9.925503220046245190e+00 -4.062575066901661813e+00
9.927123705710222623e+00 -3.334903370477967144e+00
9.916208222137925077e+00 -2.606866861326853524e+00
9.870964810901483588e+00 -1.922613838685489185e+00
9.843483033851612163e+00 -1.177385061775932940e+00
9.830837249380998344e+00 -4.730238843234033652e-01
9.765754012224576286e+00 9.958662393921784428e-01
9.761923091739781455e+00 1.685394090017130253e+00
9.780862030524446027e+00 2.433581151824352418e+00
9.787023118193928894e+00 3.170727865055923189e+00
9.840827129956252861e+00 3.856291886113815792e+00
1.068364573186374145e+01 -3.359660525003160814e+00
1.068418866762812769e+01 -2.619033990515092114e+00
1.068433603033464863e+01 -1.918937912079911712e+00
1.061666458619590969e+01 -1.191648005799748944e+00
1.055007512206209697e+01 2.426742905158079111e-01
1.051821128993555021e+01 9.711362467647468577e-01
1.052028138018158643e+01 1.691943972744056168e+00
1.052788748682785780e+01 2.411053952716322613e+00
1.056697595591748495e+01 3.101475545366369602e+00
1.059419218725438583e+01 3.873477823586213731e+00
1.145676464534565753e+01 -3.346267233342512526e+00
1.144020514468443395e+01 -2.621732439136199133e+00
1.146618756434313724e+01 -1.943861434508377783e+00
1.139739112195761095e+01 -1.176831393069349474e+00
1.138712944861490683e+01 -4.590595942529702711e-01
1.133110248002840592e+01 2.444189854718459287e-01
1.127790045678818132e+01 9.666992380396628448e-01
1.126201446881782431e+01 1.701499894539217905e+00
1.127877515064565728e+01 2.426763786716552573e+00
1.133538562501338731e+01 3.113293545500368964e+00
1.133328194738089678e+01 3.841036909410725286e+00
1.232073900128172284e+01 -4.116573450301064696e+00
1.226810183268205634e+01 -3.370745300735606520e+00
1.223905564271545643e+01 -2.658978444736426638e+00
1.219053447310241012e+01 -1.931406425741588606e+00
1.216575565925577962e+01 -1.172278471498618302e+00
1.214196461673492422e+01 -4.488166248310427875e-01
1.217256692798608952e+01 2.734888292063253346e-01
1.210786847174524183e+01 9.450629774397363292e-01
1.220254295573707992e+01 1.677002176268985068e+00
1.213742556942794693e+01 2.453770950508474158e+00
1.211594713919004818e+01 3.136247021427131187e+00
1.214896769339470239e+01 3.862567607050237939e+00
1.312692946453552167e+01 -4.069479956563053946e+00
1.313705312914098045e+01 -3.349758833618224685e+00
1.310697054530670869e+01 -2.605951598409191661e+00
1.301671041863923506e+01 -1.134164501483525100e+00
1.297920465929783518e+01 2.664302927767749907e-01
1.291036549574499048e+01 9.860113438485882398e-01
1.291469137027227987e+01 1.711414571157042985e+00
1.288529411501514943e+01 2.437593154141456608e+00
1.291563262294633319e+01 3.177707326910912400e+00
1.291835776997577767e+01 3.876664091781336197e+00
1.383475835655110586e+01 -3.354931107519764311e+00
1.390075174573298966e+01 -2.612431227945602785e+00
1.384835251697793268e+01 -1.907737572255761904e+00
1.386517581189418991e+01 -1.191911486977112133e+00
1.382950045191529398e+01 -4.516615299197006550e-01
1.379276056530112271e+01 2.717392953724768745e-01
1.375496258174796083e+01 1.003343401486706199e+00
1.367370025141813272e+01 1.719036110351161994e+00
1.363899342550374172e+01 2.488372259082130000e+00
1.365018680474187818e+01 3.184028561046062578e+00
1.370590128238829664e+01 3.881651712188691761e+00
1.468136281821349343e+01 -4.086009995969835273e+00
1.465921956560399764e+01 -3.349271798623224328e+00
1.466091568488005947e+01 -2.622160701130809457e+00
1.463439740692729174e+01 -1.908059261432683229e+00
1.451837267027426748e+01 3.089773832175204404e-01
1.448157181262302373e+01 1.015864180446072851e+00
1.447623370180350122e+01 1.736842784293965991e+00
1.447156571829421523e+01 2.442840555363318344e+00
1.453152556774088566e+01 3.162454310050108575e+00
1.454529680773146083e+01 3.889031949759328199e+00
1.552162777355345469e+01 -4.073893950311322953e+00
1.552081924204583885e+01 -3.385582390987995183e+00
1.545687714613342933e+01 -2.600876619158132286e+00
1.537738231292058799e+01 -1.162197239801628257e+00
1.533882346223848714e+01 3.315446121495213561e-01
1.532836607933915474e+01 9.817531024909449400e-01
1.523857887044387383e+01 1.738747412393443881e+00
1.528472851420510636e+01 3.187632837706892985e+00
1.527939014886943170e+01 3.906772965243732187e+00
1.628454491714237662e+01 -4.093619899325254607e+00
1.627851653133578935e+01 -3.366883499347149922e+00
1.629807698076703559e+01 -2.638674220725608421e+00
1.628502866289436923e+01 -1.929683054723007274e+00
1.617523788685863195e+01 -1.191177097131888019e+00
1.624977724149829328e+01 -4.651581923452567935e-01
1.609141362673626929e+01 3.168640143722285529e-01
1.603508578057897438e+01 1.750728821559242476e+00
1.604503782225522457e+01 2.473285217627747556e+00
1.601745350630981335e+01 3.202461420315145801e+00
1.606712104303967692e+01 3.887692976073459761e+00
1.701823395668883165e+01 -4.105842177626289669e+00
1.702560233287855596e+01 -3.377703610943740387e+00
1.701064127538220561e+01 -2.680391023239259596e+00
1.700935648990596860e+01 -1.931410346014050816e+00
1.696597645579957714e+01 -1.211363853848233418e+00
1.694845464536693669e+01 -4.904760124345237671e-01
1.693491985579337467e+01 2.599662769141666274e-01
1.685584908972440132e+01 1.783138440091835974e+00
1.683722166698512979e+01 2.472762891647811045e+00
1.680569593717233801e+01 3.159013243356632472e+00
1.682441271166715779e+01 3.912107467602481847e+00
1.776985838664178630e+01 -4.090017847948264063e+00
1.774726377164063251e+01 -3.376953542447949985e+00
1.772654640175721141e+01 -2.664398354596123397e+00
1.771382086597687078e+01 -1.900933357607520691e+00
1.770641744973945464e+01 -1.199123335063788431e+00
1.767480936018234416e+01 -4.770353598762255842e-01
1.767297288670044964e+01 3.239903413281339795e-01
1.761373078046968743e+01 1.010141246389423486e+00
1.759999889005707274e+01 1.679894752125420609e+00
1.760546235942766202e+01 2.504868973601848126e+00
1.760027968187574032e+01 3.201549712232932166e+00
1.762585688315414245e+01 3.942201467254861313e+00
1.848566940242838541e+01 -4.063593500646270229e+00
1.847916307490874033e+01 -3.372777972238445443e+00
1.845056358332956847e+01 -2.622009274244479826e+00
1.842865953844631832e+01 -1.913133835004359184e+00
1.839175350762990035e+01 -1.195257709866549334e+00
1.841768705666459027e+01 -4.495980631398559524e-01
1.837504327537969573e+01 2.761263663059914109e-01
1.837743214352913412e+01 1.036195874244455695e+00
1.835434930024664624e+01 1.763949530809107102e+00
1.835391806414143190e+01 2.502267283971050915e+00
1.832738004560311396e+01 3.238037126803114063e+00
1.832638452495401538e+01 3.950354119486569004e+00
1.919953925949138807e+01 -4.096238236074782435e+00
1.919131587633621905e+01 -3.356735705181502993e+00
1.915820878484439760e+01 -2.620125855528264935e+00
1.916187707775134896e+01 -1.908682539403692147e+00
1.914395963485433327e+01 -1.162328319083982819e+00
1.914894463735988239e+01 -4.368132516385294650e-01
1.910589496361875206e+01 3.066617260309847381e-01
1.913283470457637492e+01 1.021608001009326472e+00
1.907423864892776777e+01 1.761002485512769056e+00
1.908279970079762933e+01 2.493497396143563805e+00
1.905813557261200231e+01 3.243475380272833775e+00
1.909407696005020227e+01 3.999759224672295943e+00
2.000779108883846646e+01 -4.029594082833529711e+00
1.991370138244811727e+01 -3.318994511426488714e+00
1.991475139792919435e+01 -2.591419998116894163e+00
1.989532797174128831e+01 -1.881869051947148819e+00
1.986335021848970683e+01 -1.154148749886036995e+00
1.985610703520851672e+01 -4.284807478329248909e-01
1.986140140267526277e+01 3.033086547370267283e-01
1.984592292877137965e+01 1.024340175270282316e+00
1.983428331266149769e+01 1.766966684300676604e+00
1.984296852313892146e+01 2.503048852721644124e+00
1.982275008167997044e+01 3.225304831377087567e+00
1.988209402907539669e+01 3.970576737268928014e+00
2.076435062591560410e+01 -4.068203673223155903e+00
2.075171317798543669e+01 -3.324209781437382105e+00
2.071921828862958392e+01 -2.588564949412518246e+00
2.067735954101056706e+01 -1.839014821479235451e+00
2.066306673374139535e+01 -1.116582603785570171e+00
2.062860508594732778e+01 3.160281905608357533e-01
2.074374509229216557e+01 1.032111798490287669e+00
2.066997186307924039e+01 1.772416014174797994e+00
2.063665155365995219e+01 2.523826537501953737e+00
2.064419900983414635e+01 3.251364724145403784e+00
2.068405710795100561e+01 3.889996046503327420e+00
2.149543296175819762e+01 -4.073036306652241478e+00
2.147344264437095518e+01 -3.332269668368233795e+00
2.145134395899640367e+01 -2.575305728254740245e+00
2.148027969772989110e+01 -1.868489735196245505e+00
2.151514531345972614e+01 -1.142207805993173508e+00
2.147199180088792758e+01 -4.127666930279509927e-01
2.145692335475444423e+01 3.161938656395442138e-01
2.150288873875358320e+01 1.054163989186768902e+00
2.143514735646925828e+01 1.771315882935589059e+00
2.145598871213032766e+01 2.525217266720886755e+00
2.147915464297410182e+01 3.207819079434997889e+00
2.149612682791091345e+01 3.944333495867496708e+00
2.253992624286472335e+01 -3.964604732564438905e+00
2.245527815788359760e+01 -3.332221695635730896e+00
2.247985308708992847e+01 -2.532558221539954246e+00
2.253328754873188444e+01 -1.824898992947634468e+00
2.240626500297960888e+01 -3.676611902165696222e-01
2.231555073147637813e+01 3.364657191160098648e-01
2.232781292809252705e+01 1.069425529363389415e+00
2.225942559376541396e+01 1.792542491849662412e+00
2.226510663183096739e+01 2.504334644018285871e+00
2.226609017217625563e+01 3.210942661025164568e+00
2.225297978185188441e+01 3.976614676758693179e+00
2.323885253897864089e+01 -4.055701237307857809e+00
2.324100063844350217e+01 -3.317217123781965427e+00
2.322934605176222789e+01 -2.596008045013519450e+00
2.324101879794114467e+01 -1.854449686174845624e+00
2.322049077530749628e+01 -1.123698803610256647e+00
2.319892101613508117e+01 -3.974920280428406727e-01
2.318648249357322300e+01 3.279433064113277396e-01
2.310494617631436398e+01 1.071005100727767001e+00
2.311441759655669870e+01 2.551877276215954282e+00
2.307127441249608779e+01 3.230839998191711970e+00
2.303790537844309938e+01 3.939838869957547729e+00
2.397706282425077973e+01 -4.039088137630187703e+00
2.396583488533365625e+01 -3.319523882495559519e+00
2.397989844083965494e+01 -2.591201807360302922e+00
2.397023264685986987e+01 -1.854226829483874184e+00
2.397007138508209323e+01 -1.129915939797292879e+00
2.394234006644165902e+01 -4.152282292609683623e-01
2.392100991799900811e+01 3.123091345872808233e-01
2.390881748062965784e+01 1.061031865080426684e+00
2.390108690575141281e+01 1.784069634580472297e+00
2.389483189721830314e+01 2.505315107500724281e+00
2.383452804334439179e+01 3.253224100472174030e+00
2.386792987522788678e+01 3.938874673514462188e+00
2.470347671966646885e+01 -4.039162824794171769e+00
2.470293361233957086e+01 -3.317777773501539684e+00
2.469564862297026053e+01 -2.585615588954436106e+00
2.471182533487595379e+01 -1.865722798023600859e+00
2.469174008565242673e+01 -1.120324151584114247e+00
2.467338732446263094e+01 -3.902712362276155034e-01
2.471682903899804984e+01 2.999351436863655351e-01
2.467520380527563617e+01 1.060684743138548214e+00
2.462262685066833967e+01 1.776538201702944519e+00
2.464712515520316316e+01 2.517501467224519729e+00
2.460740354127199936e+01 3.246746899846712608e+00
2.467345462081394203e+01 3.947844742644427640e+00
2.547147680570125061e+01 -4.031503392070877823e+00
2.544552388489702821e+01 -2.599386065470977059e+00
2.540207896419158118e+01 -1.894508124985659236e+00
2.544194424322380854e+01 -1.142499244632769972e+00
2.542395187433878334e+01 -4.187023071074342795e-01
2.542620671229831686e+01 3.078062810868296140e-01
2.542842211967024468e+01 1.028685056939039555e+00
2.543084626653981672e+01 1.775992544949531293e+00
2.540429261525847693e+01 2.492324043215237594e+00
2.539434604129909445e+01 3.230968362954804718e+00
2.540720920655698478e+01 3.951617899483551355e+00
2.619549995887993532e+01 -4.033582638808578480e+00
2.602079216696256481e+01 -3.329863849901798289e+00
2.621092742545411625e+01 -2.596432509673149980e+00
2.616975243052819877e+01 -1.863351322217457806e+00
2.617256981775738467e+01 -1.148684787859682643e+00
2.616800371801735281e+01 -4.194088869259786634e-01
2.615929636991882035e+01 3.079142381441251075e-01
2.615618843414032568e+01 1.028244376652757808e+00
2.615476818649642610e+01 1.758945183055118378e+00
2.617176649612500938e+01 2.477384782442960898e+00
2.616700588738660116e+01 3.223812518799455518e+00
2.618083724942095358e+01 3.946603315082739982e+00
2.691596096115821268e+01 -4.034104968903957200e+00
2.692645538404006800e+01 -3.331415032284731126e+00
2.690894666515140443e+01 -2.603584513665513356e+00
2.690827908263715784e+01 -1.873104480577868713e+00
2.691000776131779304e+01 -1.147916164656894722e+00
2.690351841420788048e+01 -3.955592352655514787e-01
2.691375773127775517e+01 3.078988458150497820e-01
2.688353967553995005e+01 1.038529875385886925e+00
2.691949393214292741e+01 1.784191552353124877e+00
2.694997208558441315e+01 2.523973640908693028e+00
2.692315826618967378e+01 3.222644036188356154e+00
2.693352940512584581e+01 3.949687444602162145e+00
2.770325376826548336e+01 -4.056694189400538164e+00
2.765199753535823390e+01 -3.364644142580338837e+00
2.769581858408855624e+01 -2.606462007509794176e+00
2.766516800469941018e+01 -1.879258921635962309e+00
2.767591856095780400e+01 -1.155584620075092772e+00
2.764238189114237798e+01 -4.596019074526687120e-01
2.766153941806334160e+01 3.149928482513075778e-01
2.765677572540607798e+01 9.910346925766191362e-01
2.765029912379880273e+01 1.780225336125383251e+00
2.766161899976064831e+01 2.481447190657402047e+00
2.768353749046594459e+01 3.213431689922828127e+00
2.767704073181225510e+01 3.938660548160420660e+00
2.844199150131492360e+01 -4.086702633899459869e+00
2.842220742382375676e+01 -3.331827399512718557e+00
2.842068528126879556e+01 -2.606135329952028457e+00
2.844070774030675608e+01 -1.896156689929956229e+00
2.842561866901565537e+01 -1.147552596096147681e+00
2.843706362000353494e+01 -4.333926087163781915e-01
2.844122720189222520e+01 2.839524551290644183e-01
2.844057031946103820e+01 9.997154735235866951e-01
2.843701098615478173e+01 1.737080208878960974e+00
2.839441284178186464e+01 2.484645409904135960e+00
2.841130458200351683e+01 3.215127110173355618e+00
2.843976660812744939e+01 3.935482480285934059e+00
2.924819339200534074e+01 -4.050057079108647429e+00
2.919299609643930893e+01 -3.352452418720616834e+00
2.919818523611736083e+01 -2.581430097447416472e+00
2.917739523030220283e+01 -1.899805837625670790e+00
2.916878988247308513e+01 -1.176350977013406407e+00
2.914894078385494680e+01 -4.423246462554963898e-01
2.915415036802792059e+01 2.761268926580875416e-01
2.917317740175207774e+01 1.003683399902765672e+00
2.918390945397553793e+01 1.711034187667763717e+00
2.919738782597230653e+01 2.455969935722681186e+00
2.920983829003470333e+01 3.164858509998445868e+00
2.920904231417934938e+01 3.908678981626636073e+00
2.996389455585029538e+01 -4.067828109342901399e+00
2.997819120580536634e+01 -3.370089263915009070e+00
2.997315226277110156e+01 -2.638847597736383221e+00
2.996124600945180561e+01 -1.909057138267943543e+00
2.995668069562156433e+01 -1.181484374370739943e+00
2.992742771459641205e+01 -4.499535732229524854e-01
2.994582054140523297e+01 2.705493058784291804e-01
2.991403876314843302e+01 1.005725518912136351e+00
2.992822899780019696e+01 1.729302910105410263e+00
2.994287212165748002e+01 2.437519732601977296e+00
2.994787862627782005e+01 3.154970504525032027e+00
2.995367040565856342e+01 3.888052334764523721e+00
3.074046348465200396e+01 -4.074970534197571936e+00
3.070225663189349774e+01 -1.900563503561357948e+00
3.069786241722786002e+01 -1.199300375861717782e+00
3.070668466848028544e+01 -4.442055869087653264e-01
3.071267443663075625e+01 2.533499241571242067e-01
3.068377731857845703e+01 9.702234311439283942e-01
3.069765839115471096e+01 1.713299505415410096e+00
3.069493732405049258e+01 2.435227538666570268e+00
3.069011535715925021e+01 3.149926491537520690e+00
3.068215718862209229e+01 3.876649449703691630e+00
3.150824060739802945e+01 -4.092802961830503961e+00
3.147827389952832533e+01 -3.341498827107972858e+00
3.147471818411866451e+01 -2.625557908755098424e+00
3.149104347454366604e+01 -1.915314469820113885e+00
3.146128109226864211e+01 -1.191619511004947896e+00
3.143953650444429826e+01 -4.875347785686976465e-01
3.145587175240836331e+01 2.534912388026455687e-01
3.146675677224126133e+01 9.732565916050859300e-01
3.147293029152515231e+01 1.709149149892386532e+00
3.146649177915683282e+01 2.442042787807615412e+00
3.143347420056286268e+01 3.181018375204324400e+00
3.144996363117709137e+01 3.900226537700454799e+00
3.228991461206970115e+01 -4.073015610109784745e+00
3.224932463005004735e+01 -3.367481563310271042e+00
3.219007639874769922e+01 -2.619130051273469206e+00
3.222231200701012455e+01 -1.929271238679582723e+00
3.219237851069284062e+01 -1.167768153572165346e+00
3.220617684803259095e+01 2.441693579556805105e-01
3.220348473938516776e+01 9.643443086972673939e-01
3.218152802221515429e+01 1.710561936879148703e+00
3.219751875753427584e+01 2.441816843659541547e+00
3.219464623331069930e+01 3.165145835580716493e+00
3.226185820460202791e+01 3.882319858282876623e+00
3.298463772002887850e+01 -4.076889881874322441e+00
3.298022419979850639e+01 -3.366036262372649190e+00
3.298755667492257970e+01 -2.622330858117571495e+00
3.296661193815605628e+01 -1.905697551103848753e+00
3.296231769250557164e+01 -1.186964389448711188e+00
3.294875413206302284e+01 2.484962909457593128e-01
3.292754331377087595e+01 9.768061761231940920e-01
3.298030768179652483e+01 1.690964244173830622e+00
3.297437477423383001e+01 2.417395466023045003e+00
3.296926824296964043e+01 3.168210816004844332e+00
3.297457749355469758e+01 3.886483938545367778e+00
3.375406677918150677e+01 -4.067860770796976055e+00
3.373670701138167516e+01 -3.348442317818214775e+00
3.375662661058129999e+01 -2.631177417971528598e+00
3.370816846155592117e+01 -1.906690917976266775e+00
3.370229712941171130e+01 -1.163860504011655195e+00
3.374043945072981643e+01 -4.707649273911478360e-01
3.370334233068361840e+01 2.439520823891356827e-01
3.370304745825105641e+01 9.758922172896973279e-01
3.370479041088228911e+01 1.704652075343634721e+00
3.368489542394508618e+01 2.451261403121712590e+00
3.371980521948240295e+01 3.176048622825497603e+00
3.369373065159195590e+01 3.913807836679339403e+00
3.449400705766182540e+01 -4.051464831074014228e+00
3.447780569530012684e+01 -3.327470928244096626e+00
3.447406198977243008e+01 -2.611609355734277216e+00
3.445787089583495089e+01 -1.910959922855013815e+00
3.446707116532456183e+01 -1.191251099378625611e+00
3.445270736025553759e+01 -4.732148945908249971e-01
3.443717047835918521e+01 2.574764895412897658e-01
3.444029342176397535e+01 9.933927316203217117e-01
3.445305433047170851e+01 1.736104148941969072e+00
3.446542428789390300e+01 2.449296003640604624e+00
3.447140812219539185e+01 3.181405011555739293e+00
3.444812922919334852e+01 3.907038584999966702e+00
3.522260566348631272e+01 -4.066758707947773388e+00
3.516384214081231363e+01 -3.363025837780931226e+00
3.520747262541130596e+01 -2.624213200316006578e+00
3.520348265549875322e+01 -1.902902190289040618e+00
3.520166200824345282e+01 -1.208377822163544835e+00
3.520450168201754337e+01 -4.739611330720521210e-01
3.519855223889789642e+01 2.756956587349179699e-01
3.517815491858984700e+01 9.698529635534214322e-01
3.516542810489134041e+01 1.741131960615298624e+00
3.516461144231006841e+01 2.433256519122053874e+00
3.519468662065516895e+01 3.195417072475457587e+00
3.517800509145666155e+01 3.917033564171120474e+00
3.597032569500535004e+01 -4.046979963974678185e+00
3.596242232293985097e+01 -3.329814476509994847e+00
3.596069387898219105e+01 -2.613125437329060219e+00
3.594628414458174603e+01 -1.901628641856444091e+00
3.593540709101068131e+01 -1.177494812005768665e+00
3.592552891904043832e+01 -4.470803629885615749e-01
3.594124604490541941e+01 2.989557740490091930e-01
3.595337899361991418e+01 1.056901116302004340e+00
3.595454003234539897e+01 2.452338392919049426e+00
3.593966432030946834e+01 3.205378359623644258e+00
3.596211663991415008e+01 3.959836251120016470e+00
3.669488957156023190e+01 -4.084519307938190735e+00
3.669220744448399074e+01 -3.331551141086769974e+00
3.669617183466939281e+01 -2.648740480455298751e+00
3.667874959197529705e+01 -1.887572825678294208e+00
3.667249140708276656e+01 -1.162699989569578207e+00
3.666383680183472649e+01 -4.358565347311973426e-01
3.669616603097714602e+01 2.940719882700939536e-01
3.667892596654461812e+01 1.007385249591639109e+00
3.667188645754600174e+01 1.782736969451889308e+00
3.666848548059527246e+01 2.483647097518904445e+00
3.671941463049117971e+01 3.237847281076305705e+00
3.674088570878861759e+01 3.931816006334763358e+00
3.747608690542664789e+01 -4.050995197521750413e+00
3.743335162977995623e+01 -3.322621934987537884e+00
3.743063390645109934e+01 -2.596263907768090462e+00
3.739874853038747204e+01 -1.146343490779493379e+00
3.739290973534031792e+01 -4.226207253282368015e-01
3.738700359927999983e+01 3.589802716329195675e-01
3.741057060273966073e+01 1.057739623444764021e+00
3.745485803306005579e+01 1.745622890776729719e+00
3.747607127017906947e+01 2.485070796907990598e+00
3.744057955583085828e+01 3.213076364723711720e+00
3.745601056520543892e+01 3.935459440755096239e+00
3.821509133389405832e+01 -4.020759805493607786e+00
3.820073505799974356e+01 -3.298515012200173402e+00
3.818636336932966202e+01 -2.589641784940880598e+00
3.817887527743240383e+01 -1.864884209860679931e+00
3.818033165258244566e+01 -1.131577181476988159e+00
3.815808742282813881e+01 -4.014038157648478489e-01
3.821817303196915105e+01 3.629271072973274670e-01
3.822771874811547121e+01 1.065519172739062270e+00
3.823443277482808611e+01 1.758586854962601365e+00
3.824887817800483703e+01 2.516235836910823309e+00
3.901554268344909104e+01 -3.972689180767652317e+00
3.902338799630602040e+01 -3.256566475496562418e+00
3.897617484385586550e+01 -2.564843420694916887e+00
3.905754621733029097e+01 -1.801392162316144407e+00
3.905015464077418841e+01 -1.113358579140566462e+00
3.900791502856008464e+01 -3.267001034042031904e-01
3.904766303115368231e+01 2.614534988777215574e+00
3.902759630458408679e+01 3.187614517245741297e+00
3.982325904178451736e+01 -3.274918277412840695e+00
3.972921576644440478e+01 -2.909129113317206361e+00
3.979510287827456949e+01 -1.829419549848481097e+00
3.998113493042254873e+01 1.109214929356625134e+00
3.999296261274803754e+01 1.871837551302633074e+00
4.000229828200905757e+01 2.629492787779696528e+00
4.000319353652222532e+01 3.318124633187139239e+00
3.999861362556115552e+01 4.018965758242927677e+00
4.073458589246158823e+01 -3.978997067728322179e+00
4.072193379079832454e+01 -3.247164857402857763e+00
4.071158285944014921e+01 -2.484298633837184411e+00
4.071586079074821640e+01 -1.778339519587287754e+00
4.072612535043241877e+01 -1.063524598476298877e+00
4.072955721035547327e+01 -3.381059962664814122e-01
4.073864716673939057e+01 1.122154867366980113e+00
4.073200597262098910e+01 1.851473226455894405e+00
4.072665888818040258e+01 2.507417810826275684e+00
4.070537937610500734e+01 3.331180508348943192e+00
4.071996053178083486e+01 3.978997067728322179e+00
