-2.277140008625153200e+00 -4.092093200409308906e+00
-2.267571218877471040e+00 -2.597711974339848240e+00
-2.275034848698446410e+00 -1.910196114664529432e+00
-2.270825830008725177e+00 -1.169085791804150176e+00
-2.291539998770488751e+00 -4.561662724597539409e-01
-2.276131860534263751e+00 3.340339076634819548e-01
-2.273516545544701728e+00 1.035620596110298663e+00
-2.273690607409953657e+00 1.752973423720103341e+00
-2.268842738075960597e+00 2.453919398603908064e+00
-2.279265631365554157e+00 3.186338198431762692e+00
-2.266447983886905604e+00 3.934050039519981112e+00
-1.452225589071396428e+00 -4.057860479375321461e+00
-1.465124085266900522e+00 -3.349555844252208203e+00
-1.474219218524417840e+00 -2.608600443936076374e+00
-1.512080543938701283e+00 -1.883649539371667458e+00
-1.493802368364988808e+00 -1.159228842623853950e+00
-1.476744223721560445e+00 -4.505704582842540162e-01
-1.505225461486212168e+00 1.021166755104857771e+00
-1.529790308249410202e+00 1.758543239264696467e+00
-1.526044579024031123e+00 2.461628917654255844e+00
-1.544950049143714921e+00 3.246899700624695129e+00
-7.475666971736316668e-01 -3.330109288377371968e+00
-8.067623495271973866e-01 -2.613257838361615626e+00
-7.538154662236351555e-01 -1.884097538976266861e+00
-7.621544910452229260e-01 -1.145627290078152782e+00
-7.575809467168852507e-01 -4.294814577021490720e-01
-7.620202276225214177e-01 1.050571672647112820e+00
-7.601919277468383029e-01 1.755474615929863091e+00
-7.941271162054022170e-01 2.506879429865357167e+00
-7.825944640228570393e-01 3.251793874175575638e+00
-7.846581973925950138e-01 3.975077345543198248e+00
-2.067379038367533894e-02 -4.047265059856506753e+00
-1.287047554983900000e-02 -3.330638752187180529e+00
-7.230372535211415652e-03 -2.594859798694212571e+00
-2.248277477133342472e-02 -1.857197585669009499e+00
-4.799425542370272524e-02 -1.164929642569973112e+00
-1.951355876087745855e-02 -4.324841792423583797e-01
-2.938477257791305419e-02 1.016993683542480653e+00
-3.960039643955326483e-02 1.785745725878648216e+00
-4.091422597324623212e-02 2.520849847421303025e+00
-2.451314360207845766e-02 3.243525372226038428e+00
-2.032993489552836763e-02 3.966210954663118571e+00
7.167684417332793601e-01 -4.029468974950489724e+00
6.863887836299653600e-01 -3.312501025517541109e+00
7.101860984931107623e-01 -2.606310250132480633e+00
7.241226536214284693e-01 -1.867481337705839906e+00
7.305453613976951033e-01 -1.145782912578244606e+00
7.238672298710753239e-01 -4.006665210308213432e-01
7.249520958217345878e-01 3.322217979635802010e-01
7.050872607591642804e-01 1.748943830788487475e+00
7.149768968157133031e-01 2.540422811338260090e+00
6.451784891301954872e-01 3.261355992340618570e+00
7.092019132288172045e-01 3.988976138104568747e+00
1.463174594922115546e+00 -4.019260116603057043e+00
1.434910518814916713e+00 -3.348549601033482759e+00
1.414045242317918394e+00 -2.608368929628269939e+00
1.440890879943339087e+00 -1.878727586553964102e+00
1.453182051187091872e+00 -1.153743932885895163e+00
1.433074571606788083e+00 -4.024674054909311849e-01
1.400573963276613654e+00 2.931488062402429762e-01
1.435336189141430907e+00 1.031749352586015078e+00
1.439946521880116848e+00 1.773209865900817306e+00
1.467797835120975947e+00 2.541150184850202720e+00
1.407224424723111156e+00 3.199631350119062745e+00
1.445777507042507182e+00 3.966129940379744312e+00
2.195215919055158338e+00 -4.028093767562396010e+00
2.239362242388445168e+00 -3.254750428479461277e+00
2.169018251235847572e+00 -2.574547014593548511e+00
2.173886986583305259e+00 -1.889864419112836202e+00
2.173936538830787413e+00 -1.147531115389117673e+00
2.178166942459199618e+00 -4.519025968275443006e-01
2.165488874772584893e+00 2.809248778130815083e-01
2.201643812465853500e+00 1.029329530432331552e+00
2.204477109246163025e+00 1.759528738396312519e+00
2.192088081027449675e+00 2.544119740799075657e+00
2.194593870141453351e+00 3.223667485296324742e+00
2.185405547803938475e+00 3.935748455494326947e+00
2.890117082445279095e+00 -4.009701184941292240e+00
2.903362224451278450e+00 -3.291188737515685858e+00
2.907569471480485390e+00 -2.567051947339255236e+00
2.978903457557663614e+00 -1.854076512657790943e+00
2.886717374853624563e+00 -1.167316797665389316e+00
2.915509064852734866e+00 -4.233843946294442162e-01
2.854925383006523987e+00 3.477294812106315192e-01
2.935172816920072592e+00 1.005742621372359480e+00
2.941992838306660474e+00 1.749560737825330392e+00
2.962886601070685799e+00 2.494906668389059945e+00
2.982081626529748064e+00 3.218936290476968054e+00
3.644412461622152932e+00 -4.012483218925645190e+00
3.648048092597377945e+00 -3.290856267154246950e+00
3.651721756950685460e+00 -2.565460353530685467e+00
3.629927585490726472e+00 -1.142483134779158860e+00
3.637075421205452130e+00 -4.336084271951143876e-01
3.655897175961186463e+00 3.177731275727175841e-01
3.689828721596391858e+00 1.019627152065126552e+00
3.726251255998413114e+00 1.763503079224143733e+00
3.706369600591457925e+00 2.469263993755266284e+00
3.728643664630340027e+00 3.188991398704210667e+00
3.762312345859200491e+00 3.879334454542394894e+00
4.369631572827884725e+00 -4.012996241777390338e+00
4.388569290001747447e+00 -3.286983307995157588e+00
4.379490526782198856e+00 -2.559175074326340393e+00
4.403487730243504927e+00 -1.830806596207644077e+00
4.379702492472716813e+00 -1.143304557759307727e+00
4.378371671387228048e+00 -3.975017341501647650e-01
4.404400640341592066e+00 3.068382484544720512e-01
4.391690455328308929e+00 1.042750861015768749e+00
4.453218627463598978e+00 1.754466060038506470e+00
4.480013954507384710e+00 2.499457761385144750e+00
4.460325905872778662e+00 3.191644095982837825e+00
4.447118254967485029e+00 3.940432750090558045e+00
5.128511989192716669e+00 -4.021755861835099921e+00
5.104718642577481091e+00 -3.302882813559584463e+00
5.122517741299979832e+00 -2.564811014226215491e+00
5.121566695271567937e+00 -1.817582588063764604e+00
5.109225348389585974e+00 -1.104267131162988136e+00
5.170657731629056286e+00 -4.067603550214329289e-01
5.150460453742077505e+00 3.165119643624088042e-01
5.166192583433932839e+00 1.012740148200688139e+00
5.171470068983346380e+00 1.756513104944851023e+00
5.199174331300660867e+00 2.513062253012090963e+00
5.218519654104071037e+00 3.212439003199442311e+00
5.225301311314410668e+00 3.918705303783610816e+00
5.878686745214238840e+00 -4.017495543681405934e+00
5.856801010460586099e+00 -3.327006624616831942e+00
5.868738264372829860e+00 -2.567784091571812866e+00
5.869503254361269740e+00 -1.846892696716174953e+00
5.953334222919487217e+00 -4.112794401687729362e-01
5.924852878325893357e+00 3.245459762124269787e-01
5.885530688377251352e+00 1.022288214346151136e+00
5.931447967169823698e+00 1.761095063524440008e+00
5.959056500040631477e+00 3.186205925511160331e+00
5.984783700842363885e+00 3.912584912937930426e+00
6.596496289833162052e+00 -4.021918944708456678e+00
6.548626095401289149e+00 -3.313993433609340400e+00
6.611415144863372007e+00 -1.854684397502133208e+00
6.664515531654558345e+00 -1.149387352476676227e+00
6.715192252565827857e+00 -4.036270359664371199e-01
6.725223187635805289e+00 3.167431664694575488e-01
6.687236208524481640e+00 1.032979781028622313e+00
6.688118421016064019e+00 1.728267736510691321e+00
6.704514323625595296e+00 2.478130888153060596e+00
6.709572763382844585e+00 3.211483006892052572e+00
6.700504761446666180e+00 3.953515914446988688e+00
7.412409859188407779e+00 -4.015626393631883673e+00
7.400189032837950265e+00 -3.309535878785279550e+00
7.408562343841467168e+00 -2.544858552792650386e+00
7.368081038994461096e+00 -1.894009684650324488e+00
7.417912743514051499e+00 -1.179389093200612137e+00
7.456159022279031490e+00 2.660104895607418030e-01
7.462465664925758801e+00 1.017590535462552737e+00
7.449398813933413521e+00 1.723813487214954421e+00
7.437840216239081315e+00 2.473018880337555458e+00
7.434922218200377131e+00 3.185590128448225755e+00
7.426218938537338943e+00 3.931682521053367907e+00
8.178532006326342696e+00 -2.619733874798249929e+00
8.200274651870294917e+00 -1.184992429095274247e+00
8.193029054533454314e+00 -4.693028504127525480e-01
8.178922539613786569e+00 2.749023856929859733e-01
8.163586505341484667e+00 1.007262390315478484e+00
8.181594502851268658e+00 1.719653848677808128e+00
8.171187315026067211e+00 2.460261485821224170e+00
8.186315773424190922e+00 3.194641721157211123e+00
8.206197270698559976e+00 3.902076679985597707e+00
8.955031383138276624e+00 -1.919861013592949917e+00
8.938272894496193999e+00 -1.200611615829991763e+00
8.953075683535516305e+00 -4.935919772370311875e-01
8.917525199922991419e+00 2.395981284050385796e-01
8.903930401830045582e+00 1.021174582198259628e+00
8.921353931020064465e+00 1.721402648619978493e+00
8.943910663059384092e+00 2.423536121834359847e+00
8.941603558027978238e+00 3.148310935824518708e+00
8.976657527836209738e+00 3.849091907450834071e+00
9.835334998380588445e+00 -4.064387593919999375e+00
9.836017825727687125e+00 -3.337536496709699207e+00
9.826375486591850006e+00 -2.608894865745270408e+00
9.780610160576564738e+00 -1.925516207533618740e+00
9.754053614999698141e+00 -1.180985884849949485e+00
9.740718751163555567e+00 -4.757539410535827074e-01
9.674744291680646313e+00 9.934968445131460157e-01
9.670532938075680818e+00 1.679620938077380998e+00
9.689880655976793378e+00 2.429821742622653602e+00
9.697861093031349355e+00 3.167314259430582979e+00
9.752777928200210056e+00 3.851280767323167709e+00
1.059584635945613229e+01 -3.363237403681445414e+00
1.059526292488966703e+01 -2.622015420798401664e+00
1.059710666985040461e+01 -1.923010111928395105e+00
1.052723248838895387e+01 -1.195140246081461299e+00
1.045993836371025054e+01 2.367606129603601062e-01
1.042832282770585550e+01 9.673099753640386211e-01
1.043081735093730344e+01 1.687030875884357073e+00
1.043815728041780488e+01 2.405167289474857029e+00
1.047946816758203425e+01 3.096896903075560203e+00
1.050783393222918960e+01 3.869075053307490464e+00
1.136960990183905551e+01 -3.349814205972698744e+00
1.135332086421976783e+01 -2.625133858450002577e+00
1.137907985698616642e+01 -1.948584266360661843e+00
1.130982656448259149e+01 -1.180738014927985802e+00
1.130098677896651793e+01 -4.632882660510198036e-01
1.124302557366928568e+01 2.404271126396544389e-01
1.118848940463711017e+01 9.613356595239856972e-01
1.117219453329977341e+01 1.696714465860477361e+00
1.119067589872386037e+01 2.420621234306022274e+00
1.124789484211704149e+01 3.108413915433786201e+00
1.124747266624039099e+01 3.835547790037658444e+00
1.224054996644054683e+01 -4.119354757566867420e+00
1.218565567726216159e+01 -3.374799606623763992e+00
1.215580708094027784e+01 -2.665912804210343268e+00
1.210429633609152944e+01 -1.936816417630186749e+00
1.208032051031513987e+01 -1.177032086870184457e+00
1.205565816997095396e+01 -4.530892551534648760e-01
1.208597992627253603e+01 2.677885794511460915e-01
1.202137422335628969e+01 9.399103480271655542e-01
1.211894929426926382e+01 1.671482478065239974e+00
1.205258477981351461e+01 2.448440199635424364e+00
1.202927410967080846e+01 3.132548370379318214e+00
1.206603936815956502e+01 3.855832365037187515e+00
1.305096000460622463e+01 -4.073066765811883982e+00
1.306096317709694432e+01 -3.354149121109024634e+00
1.302928099828710629e+01 -2.609056996386090788e+00
1.295104760665171284e+01 -1.138984643576243627e+00
1.289948387413477349e+01 2.598539465557472283e-01
1.282568084825368970e+01 9.808029639331579119e-01
1.282833244001785289e+01 1.706479063247872574e+00
1.279995892877057884e+01 2.431829495820366560e+00
1.283219799550018791e+01 3.171711683877475707e+00
1.283469454846419922e+01 3.870491237369328985e+00
1.375840593675783197e+01 -3.359311499809457757e+00
1.382741658089505421e+01 -2.616537366191717950e+00
1.377309021865261229e+01 -1.913193450507382209e+00
1.378934672082025514e+01 -1.197269564477416282e+00
1.375210769276114320e+01 -4.577267575643979569e-01
1.371491115512127124e+01 2.683620098644858842e-01
1.367334561722039865e+01 9.979748059401529758e-01
1.359102667398431663e+01 1.713370959233323276e+00
1.355506382733730675e+01 2.483098852611167473e+00
1.356579465492033165e+01 3.176759233472225219e+00
1.362399788100612597e+01 3.876063604368532367e+00
1.461161175204094320e+01 -4.091115107089692060e+00
1.458943002092528474e+01 -3.354743172111231075e+00
1.458919314976149195e+01 -2.626445254671423868e+00
1.456352603625160924e+01 -1.912590161789619714e+00
1.443987849072162533e+01 3.033880002089262007e-01
1.440076983148831147e+01 1.011689429193971534e+00
1.439438625602941357e+01 1.732098520468564828e+00
1.439191415707446708e+01 2.435373291618130764e+00
1.445218907646201245e+01 3.154688065711447109e+00
1.446888312188554693e+01 3.882224432388504454e+00
1.545494142699965323e+01 -4.077354817055560687e+00
1.545580857548922893e+01 -3.391245854634728829e+00
1.538812060051215980e+01 -2.604956998406372293e+00
1.530601663578467964e+01 -1.166806663545763456e+00
1.526500876480413638e+01 3.260499513700381158e-01
1.525552221600584346e+01 9.745150837784493092e-01
1.515933368412755300e+01 1.733514940629714118e+00
1.520923994035431548e+01 3.183412691778300996e+00
1.520271295558098501e+01 3.899751026206700999e+00
1.622165082187096630e+01 -4.099050087517841945e+00
1.621585982590255526e+01 -3.371467894167512469e+00
1.623565852367463691e+01 -2.644911270258930358e+00
1.622171003454926819e+01 -1.934949873521613739e+00
1.610965329693922854e+01 -1.199285132588926217e+00
1.618503193142628049e+01 -4.710233172146587322e-01
1.601829394672198958e+01 3.118895274530046891e-01
1.596105095332987389e+01 1.747768667197668435e+00
1.596948798040777717e+01 2.468470484823729549e+00
1.594069732977778386e+01 3.195725552409186321e+00
1.599192527132827735e+01 3.880377386097158876e+00
1.695635322434608128e+01 -4.111946955975774642e+00
1.696328535432521534e+01 -3.383031477819550048e+00
1.694795700278756101e+01 -2.686893881063713962e+00
1.694490286986031435e+01 -1.937103729376534744e+00
1.690179230843028790e+01 -1.216406297052056829e+00
1.688231868285206616e+01 -4.966079367421016855e-01
1.686841373435295566e+01 2.537988412218048495e-01
1.678422843573602563e+01 1.780678387904497839e+00
1.676421420698657982e+01 2.467366659497013615e+00
1.673162887525111131e+01 3.149148991124505415e+00
1.675159565952372276e+01 3.905593650264798100e+00
1.770935392789301233e+01 -4.094005051545487106e+00
1.768414709071031865e+01 -3.382856557966579913e+00
1.766319442518025795e+01 -2.670675150982265933e+00
1.764981379285858054e+01 -1.907536228311521143e+00
1.764124457605472429e+01 -1.205485700002228100e+00
1.760877923701522008e+01 -4.821776059152789173e-01
1.760626986379570980e+01 3.184409867376558623e-01
1.754632617124870109e+01 1.004355078813873092e+00
1.753308958108575411e+01 1.675713795742371559e+00
1.753432068978505498e+01 2.500573901880621008e+00
1.752912345076047984e+01 3.197004367136813130e+00
1.755682069345244400e+01 3.937629184407917649e+00
1.842366749138962234e+01 -4.067612640510457567e+00
1.841621699286397984e+01 -3.377344598535092501e+00
1.838693976490075244e+01 -2.626755547537406699e+00
1.836475783667990669e+01 -1.918040534602575065e+00
1.832605538657642796e+01 -1.199833437294550720e+00
1.835123039298694181e+01 -4.541832179669711422e-01
1.830773457838537865e+01 2.718262199462984086e-01
1.830923015406175836e+01 1.034102979372711673e+00
1.828536683728155054e+01 1.758755685570726257e+00
1.828468013705894890e+01 2.498576039054327680e+00
1.825606265483588686e+01 3.234707243783560671e+00
1.825774400424594290e+01 3.946681327141284612e+00
1.913831725388431693e+01 -4.100260576138719415e+00
1.912877837893424271e+01 -3.361001034705083157e+00
1.909546741217549481e+01 -2.623970090648480635e+00
1.909731932317740899e+01 -1.913088107866734333e+00
1.907816792801010308e+01 -1.165833623808161690e+00
1.908245316044761353e+01 -4.408408916404376043e-01
1.904162160463953768e+01 3.054580933761172901e-01
1.906478356666323748e+01 1.018174270618956712e+00
1.900613350707445193e+01 1.759680247019989707e+00
1.901454745554667625e+01 2.489449976504655382e+00
1.898800320122278862e+01 3.241148860182143210e+00
1.902568960317712765e+01 3.997125173006494947e+00
1.995160839464185898e+01 -4.030038649136379547e+00
1.985240776899399862e+01 -3.322298088803147920e+00
1.985167149014579024e+01 -2.594384603206272288e+00
1.983109737191885813e+01 -1.886580536723467816e+00
1.979739932005389136e+01 -1.157168928519531903e+00
1.978881895220871456e+01 -4.329937318414316394e-01
1.979498805531164152e+01 3.001136499969234706e-01
1.977922955752767109e+01 1.020305866109723070e+00
1.976561498166581288e+01 1.764303638200036772e+00
1.977364821017917507e+01 2.498891508784861770e+00
1.975465462371745673e+01 3.222271138258342660e+00
1.981506880968649398e+01 3.966957948698215830e+00
2.070612973542293389e+01 -4.072144067113256938e+00
2.069273501996531195e+01 -3.327401547262955006e+00
2.066029558696835267e+01 -2.588754646288048633e+00
2.061592214989330074e+01 -1.840057912111380034e+00
2.060143143520040354e+01 -1.117915009546685212e+00
2.056355474693033614e+01 3.126524249276450007e-01
2.068714210773935491e+01 1.026284260356970179e+00
2.060787931205405243e+01 1.769203911206798097e+00
2.057062208684116911e+01 2.521953441016943742e+00
2.058604921496348084e+01 3.250170519780994027e+00
2.061514000520882917e+01 3.881473464195970280e+00
2.143772689476303128e+01 -4.076058745497402214e+00
2.141529849969643351e+01 -3.333283459591793729e+00
2.139208806520482398e+01 -2.578936602993803007e+00
2.142157426946725707e+01 -1.871749243538783247e+00
2.145922292506144657e+01 -1.146507665775658324e+00
2.141369420906656984e+01 -4.148097433587416560e-01
2.139862733198586398e+01 3.130257803629064028e-01
2.144598495855353804e+01 1.050845470928585712e+00
2.137674532553455720e+01 1.769124887965325854e+00
2.139680196819672631e+01 2.522842526917244754e+00
2.142113307336055072e+01 3.204615854840781708e+00
2.143943289308857203e+01 3.940954342859413373e+00
2.249973695171301813e+01 -3.966415198989494684e+00
2.241719347879390511e+01 -3.334455451262599013e+00
2.243988256596697539e+01 -2.533024739277728088e+00
2.249393991966044837e+01 -1.824700137400821376e+00
2.237568380110622712e+01 -3.524717165709461142e-01
2.226495660600966886e+01 3.350449961893744444e-01
2.227902371515344981e+01 1.068194347930667476e+00
2.220556298663441197e+01 1.789576540022061124e+00
2.221145405352715585e+01 2.501689079288315298e+00
2.221225629430541915e+01 3.207304235582967067e+00
2.219735297600429647e+01 3.973293121512845971e+00
2.319609199379242881e+01 -4.058324010234255041e+00
2.319820375063881812e+01 -3.319795535743949699e+00
2.318628010630385461e+01 -2.598280920990415410e+00
2.319851650755661154e+01 -1.857000444015621810e+00
2.317758455754393765e+01 -1.126893579493650321e+00
2.315559890208704275e+01 -3.995356678730814792e-01
2.314301187658899295e+01 3.252788287393251210e-01
2.305686484067804543e+01 1.067574548475683116e+00
2.306950103691070098e+01 2.549061200696357332e+00
2.302163733466989015e+01 3.228820340212408269e+00
2.298643281237774971e+01 3.935294734210131651e+00
2.393450259625625876e+01 -4.041769680520182817e+00
2.392365253794165625e+01 -3.322960115167628459e+00
2.393813967876685211e+01 -2.594412854683650238e+00
2.392877598956149399e+01 -1.855970649091158720e+00
2.392898913918845238e+01 -1.132732988711001809e+00
2.390069944233192700e+01 -4.174879777664770586e-01
2.387701864456325751e+01 3.091976012167521048e-01
2.386472596269571511e+01 1.060081631560116477e+00
2.385672155150831486e+01 1.782061640888702669e+00
2.384971725128695397e+01 2.503259434736989419e+00
2.379107120459710956e+01 3.249139875112618370e+00
2.382233040987667749e+01 3.935790215465246433e+00
2.466146860078449521e+01 -4.041467620054717713e+00
2.466101609414283047e+01 -3.320756077426839425e+00
2.465412910726115570e+01 -2.588854563488833804e+00
2.466899503795406190e+01 -1.868744753370734202e+00
2.465070665060091670e+01 -1.122751141429670696e+00
2.463170657401860808e+01 -3.923639109832954830e-01
2.467655043721578068e+01 2.971204846335240291e-01
2.463231437675401025e+01 1.059199259507725088e+00
2.457923653018287524e+01 1.773908154349030042e+00
2.460491579419727515e+01 2.515844866457712214e+00
2.456404867622637056e+01 3.244277755319231460e+00
2.463095235190913002e+01 3.941722085857747970e+00
2.543184455150080936e+01 -4.034503931930242260e+00
2.540485618785564981e+01 -2.602929410043561376e+00
2.535913197149936593e+01 -1.900416999148536235e+00
2.540092758459629607e+01 -1.145091543637235532e+00
2.538359805873280095e+01 -4.224641424241681875e-01
2.538627811587065253e+01 3.030508806488398932e-01
2.538701239233478191e+01 1.026392488428609084e+00
2.539078229732807301e+01 1.772999748588020452e+00
2.536287707000561653e+01 2.488819268120494144e+00
2.535290327945789812e+01 3.228695515976191643e+00
2.536643128572049477e+01 3.948717005293893578e+00
2.615556231050472036e+01 -4.036536908000712742e+00
2.598873711577590484e+01 -3.332883469885096872e+00
2.617035799275368646e+01 -2.600067970283884478e+00
2.612865786950507641e+01 -1.866215284419631359e+00
2.613187256942511283e+01 -1.152076933865426867e+00
2.612727849299273686e+01 -4.223386536640028055e-01
2.611841412121601991e+01 3.043290072080040432e-01
2.611538249963298597e+01 1.025312462707105965e+00
2.611413817983114427e+01 1.755778820117296135e+00
2.613118572644902571e+01 2.474642667725145628e+00
2.612743465699474399e+01 3.220982612796682076e+00
2.614131830312910409e+01 3.943522363740946446e+00
2.687574727420641807e+01 -4.036626030072323346e+00
2.688691574156550956e+01 -3.333795142826879498e+00
2.686912447771882739e+01 -2.606024457302595465e+00
2.686880785644542158e+01 -1.875265740469380660e+00
2.686965421348191541e+01 -1.151578080973582274e+00
2.686391932022743134e+01 -3.981320828823626812e-01
2.687366107079603239e+01 3.046523011428838856e-01
2.684331640413172693e+01 1.034998470330350528e+00
2.688102187527520925e+01 1.781730142775764136e+00
2.691073339696029620e+01 2.520610519326890397e+00
2.688407120871328004e+01 3.219703173054739409e+00
2.689554000827653368e+01 3.946723219277586736e+00
2.766427605968448233e+01 -4.059760081311491575e+00
2.761456331979916712e+01 -3.367317905497454689e+00
2.765666975569878616e+01 -2.610124600797462335e+00
2.762582440616454704e+01 -1.882649668074680704e+00
2.763645355321214936e+01 -1.159416764021042212e+00
2.760280257689478134e+01 -4.647696404638992362e-01
2.762248773610935615e+01 3.115597849613997994e-01
2.761744638216987369e+01 9.872738139523988821e-01
2.761166202478996468e+01 1.777214646759951222e+00
2.762282396190131806e+01 2.477554264908686577e+00
2.764580793593877672e+01 3.208842045283489597e+00
2.764051976587272463e+01 3.933784413204300279e+00
2.840603911877013132e+01 -4.090313064274514687e+00
2.838404132338703079e+01 -3.335722403632331634e+00
2.838342413049608837e+01 -2.609951131945535963e+00
2.840217317853770140e+01 -1.900484459643596580e+00
2.838716934824500271e+01 -1.151452826514148597e+00
2.839809738806517458e+01 -4.373034314888748497e-01
2.840286752474099075e+01 2.790118581881131377e-01
2.840326807209660132e+01 9.946391336997102428e-01
2.839879719508227396e+01 1.732530541905809685e+00
2.835657296229452839e+01 2.480082151841696003e+00
2.837537636533620145e+01 3.210844733385549432e+00
2.840579017376490611e+01 3.930855197693425396e+00
2.921457094765043649e+01 -4.052016787392400232e+00
2.915591798122866152e+01 -3.355968053973132470e+00
2.916128970753296556e+01 -2.586793524534748201e+00
2.914010022884212248e+01 -1.904351360636368895e+00
2.913336618040896298e+01 -1.182130728646090034e+00
2.911092471298525908e+01 -4.480060748170977547e-01
2.911721400113321323e+01 2.714014574693592863e-01
2.913621421104560483e+01 9.980122690137811503e-01
2.914865692465144065e+01 1.706067282736654533e+00
2.916315572023687963e+01 2.448736994815419621e+00
2.917678359355335971e+01 3.158044150968414954e+00
2.917327210037453966e+01 3.901392147060654736e+00
2.993076437425106207e+01 -4.071186710002852038e+00
2.994292699191536400e+01 -3.375583073485568519e+00
2.993909766749187185e+01 -2.644587155020467151e+00
2.992724557795479967e+01 -1.914108807190391559e+00
2.992260506484613103e+01 -1.187485525278265897e+00
2.989212789937155179e+01 -4.554270912819191608e-01
2.991191831709117110e+01 2.637209562586519951e-01
2.987764121729089339e+01 9.993677024902680728e-01
2.989312304939527820e+01 1.720745797547035494e+00
2.990857478234023148e+01 2.429999121169476695e+00
2.991373757176763348e+01 3.146917770782550861e+00
2.992133983977542044e+01 3.881313522662914295e+00
3.071075507031938656e+01 -4.080506763274009074e+00
3.066855253878252796e+01 -1.906689608686534143e+00
3.066485140679017007e+01 -1.206281770536275388e+00
3.067416771296114320e+01 -4.498406390070996963e-01
3.067988539864916930e+01 2.462341445954194796e-01
3.064960589082627251e+01 9.640659395880213367e-01
3.066333323426079716e+01 1.705989781587263110e+00
3.066270364883404653e+01 2.427445958902474388e+00
3.065644820314137320e+01 3.140757184226970367e+00
3.065078763572841325e+01 3.867673975308079548e+00
3.147878458906513544e+01 -4.097963538501122827e+00
3.144815637549964293e+01 -3.346176682974924432e+00
3.144452986625191926e+01 -2.631373182101125252e+00
3.146000360355031233e+01 -1.920804764623238015e+00
3.142996570066039652e+01 -1.196995582684191817e+00
3.140831049648603113e+01 -4.945637798320099421e-01
3.142499945202637690e+01 2.462918399909312939e-01
3.143679927380845385e+01 9.639732777324034885e-01
3.144338172645824869e+01 1.701363675344410353e+00
3.143636236679164853e+01 2.434304363134575766e+00
3.140269592646212260e+01 3.173358129680948991e+00
3.141985005357089022e+01 3.892170885477675313e+00
3.226595061700725608e+01 -4.075585434797723394e+00
3.222103585803730397e+01 -3.373351320896777139e+00
3.215974548828666713e+01 -2.625165565508215337e+00
3.219204905121853955e+01 -1.936254899863413925e+00
3.216168552085972721e+01 -1.170423330157969843e+00
3.217550038269158819e+01 2.364030580373075452e-01
3.217235479374479468e+01 9.571866132642909974e-01
3.215091626634997368e+01 1.702227686662737938e+00
3.216714872696585559e+01 2.434121052756349712e+00
3.216596300255147156e+01 3.158605651622352184e+00
3.223349763798780288e+01 3.875022620037441357e+00
3.295667524985992003e+01 -4.080784937322377459e+00
3.295325836808671482e+01 -3.371707434195521103e+00
3.296029511560036696e+01 -2.626562355433495810e+00
3.293762159849044480e+01 -1.911805155979720894e+00
3.293394819832810327e+01 -1.194176272735123945e+00
3.292006628366392107e+01 2.406734430533923330e-01
3.289836907855933390e+01 9.680255268156479076e-01
3.295170880704183247e+01 1.683324336898355256e+00
3.294591682056529436e+01 2.409609246999565357e+00
3.294078764249851332e+01 3.161783867928541270e+00
3.294598896765497642e+01 3.878473775462360607e+00
3.373079689470663567e+01 -4.073294872913859166e+00
3.371137527687674407e+01 -3.354032566171305518e+00
3.373184086418286398e+01 -2.637583650090203236e+00
3.368300229925903722e+01 -1.912228867379660358e+00
3.367427612194851605e+01 -1.169256477559770246e+00
3.371482074453549416e+01 -4.780521968199664684e-01
3.367654887799300667e+01 2.361141982578054410e-01
3.367438645735636982e+01 9.687266051869478645e-01
3.367731351040098531e+01 1.696498945151297733e+00
3.365731409007546659e+01 2.444180581933842689e+00
3.369242095862689013e+01 3.168078272724521582e+00
3.366785411866117528e+01 3.906573864082702130e+00
3.447053643418802693e+01 -4.055371174287987657e+00
3.445390962826621006e+01 -3.331831230240361208e+00
3.444782010150398577e+01 -2.616688756219463841e+00
3.443236430389936942e+01 -1.916687425171449632e+00
3.444061718411824558e+01 -1.197888490408541173e+00
3.442665281830635848e+01 -4.804247112462185498e-01
3.441001624654249014e+01 2.500928730125053789e-01
3.441396511074909625e+01 9.860493369844292033e-01
3.442660815678690511e+01 1.729159260583184476e+00
3.443839380006313178e+01 2.442850276452908531e+00
3.444559755121306210e+01 3.173926093193969677e+00
3.442276663588332752e+01 3.898637350546110270e+00
3.519936528572672074e+01 -4.070758834134529991e+00
3.513727465057117882e+01 -3.368431294763777117e+00
3.518453337667390457e+01 -2.629444919571479744e+00
3.517847652870528208e+01 -1.908738847303229846e+00
3.517683257207205116e+01 -1.214301284379750712e+00
3.517758529895608177e+01 -4.793536950050274470e-01
3.517322743770956350e+01 2.696512587019554985e-01
3.515209591207248963e+01 9.641862497434914303e-01
3.513923304331498088e+01 1.734630280368936184e+00
3.514120926132724065e+01 2.427174033444924106e+00
3.516875852933971913e+01 3.189645218109070868e+00
3.515235626043062922e+01 3.912037663833537238e+00
3.594799308917220770e+01 -4.051393273308480758e+00
3.593939209301185400e+01 -3.335074203622710343e+00
3.593746885540762293e+01 -2.618068187461602747e+00
3.592168044714285458e+01 -1.906953435705659672e+00
3.591092828016548566e+01 -1.182781654258835857e+00
3.590013864507570673e+01 -4.518017225466159914e-01
3.591640345515866528e+01 2.938960060877917613e-01
3.592974455236308273e+01 1.049351874626577086e+00
3.592955852900755787e+01 2.446356159701721822e+00
3.591460603558235931e+01 3.200433339657330123e+00
3.593817511103224405e+01 3.955846500853525072e+00
3.667438807622145447e+01 -4.087524965174861080e+00
3.667209042678029363e+01 -3.336000411965088119e+00
3.667229372106698548e+01 -2.653824742498166245e+00
3.665477011410610686e+01 -1.892099591325038688e+00
3.664782897780370519e+01 -1.167479896338761591e+00
3.663920391376843355e+01 -4.410508041094622911e-01
3.667078166367952718e+01 2.895048987135808716e-01
3.665416245726476774e+01 1.002803561273093891e+00
3.664687056668029896e+01 1.779493727773623135e+00
3.664442199324818006e+01 2.479368662392385403e+00
3.669619389766902628e+01 3.233740998423520807e+00
3.671874810087258112e+01 3.927369973019146698e+00
3.745666679257409015e+01 -4.052289266326535966e+00
3.741223610418028755e+01 -3.325866480162115835e+00
3.740954571167754494e+01 -2.599727921872474923e+00
3.737581748113726832e+01 -1.149088796060709683e+00
3.736809391421265758e+01 -4.273041840467755037e-01
3.736396455314147858e+01 3.547122428647284664e-01
3.738657843460698160e+01 1.055125724406263288e+00
3.743486610110709734e+01 1.741416679615216623e+00
3.745412673564815265e+01 2.481129184218676897e+00
3.741807335549052738e+01 3.208641260706059484e+00
3.743441909678863766e+01 3.930947425633100067e+00
3.819623218091845018e+01 -4.021681314153234155e+00
3.817896036445586816e+01 -3.300869182881708497e+00
3.816474439665039853e+01 -2.591342213634113989e+00
3.815615731638472852e+01 -1.867663108497861657e+00
3.815897432915996745e+01 -1.133427301528982412e+00
3.813518742861942457e+01 -4.048743273831902911e-01
3.819753507988897212e+01 3.582518525650151275e-01
3.820440603835030657e+01 1.063186553753098451e+00
3.821548405023023776e+01 1.752988699786879323e+00
3.823257738247720994e+01 2.510681467965408586e+00
3.900289137168800124e+01 -3.974009077188174643e+00
3.900627830221257142e+01 -3.257821924076296227e+00
3.895824553657660516e+01 -2.566049965377175113e+00
3.904430832407782503e+01 -1.802208561326221314e+00
3.903542546029030547e+01 -1.115509207591127705e+00
3.898958821304741917e+01 -3.294932239987353739e-01
3.903590900292311261e+01 2.611872417596380558e+00
3.901026913956628306e+01 3.193316685694931323e+00
3.980687666970298011e+01 -3.282768533853349879e+00
3.970508744938748436e+01 -2.928654219292852190e+00
3.978035276216331084e+01 -1.819646701604181516e+00
3.998041386814849574e+01 1.112825408031611119e+00
3.999452208601110925e+01 1.873608761266218892e+00
4.000257345504402196e+01 2.630218535079094977e+00
4.000317324032682365e+01 3.321165379455273126e+00
3.999846173404342409e+01 4.019000012481534156e+00
4.073425279033595103e+01 -3.978805987377135978e+00
4.072283954567281938e+01 -3.246499755730596348e+00
4.071275237193447794e+01 -2.484391466261392623e+00
4.071587321311036334e+01 -1.776971780986507099e+00
4.072670967926554653e+01 -1.061884914600131680e+00
4.073052418344736481e+01 -3.384541241551701773e-01
4.073960358553507177e+01 1.123257312870308056e+00
4.073250621977900465e+01 1.852297040238095605e+00
4.072667975313445510e+01 2.508493736336660618e+00
4.070576244885725004e+01 3.332588957181592093e+00
4.072029363390647205e+01 3.978805987377135978e+00
