-1.043463780272354313e+00 -4.067131766861379560e+00
-1.032766560594119198e+00 -2.603293677865934797e+00
-1.040591807268214097e+00 -1.890167939661267837e+00
-1.032226199808860656e+00 -1.156743727156669621e+00
-1.052454707375488852e+00 -4.432111626328278930e-01
-1.040316108219883517e+00 3.913595055013772139e-01
-1.038580717039565116e+00 1.049918825539940315e+00
-1.037232953447407624e+00 1.771879285740773469e+00
-1.031913138040465583e+00 2.475216106562683649e+00
-1.037065862377488656e+00 3.214784813306696520e+00
-1.024948554097569797e+00 3.956601570545455360e+00
-2.553567833194421155e-01 -4.043122851618907276e+00
-2.467143208166220347e-01 -3.335336028013575316e+00
-2.627987967851339590e-01 -2.593518447252339598e+00
-2.929150019302753094e-01 -1.879637373704120762e+00
-2.869244134424207004e-01 -1.140792345380152284e+00
-2.696449065994954708e-01 -4.279480847299090840e-01
-3.116414395914191005e-01 1.025055973972502699e+00
-2.974671309277141518e-01 1.772479448116108358e+00
-2.932475735631143721e-01 2.472956204288859539e+00
-3.083789490798736210e-01 3.249505740134072340e+00
4.634992444517038734e-01 -3.314109627572477734e+00
4.220799607623391125e-01 -2.599488118133272962e+00
4.565887326216042652e-01 -1.869741147052693009e+00
4.488901022973124100e-01 -1.132396548273920445e+00
4.552381316078424334e-01 -4.070033877853767024e-01
4.493136170609446367e-01 1.050152139406886675e+00
4.539357001342878561e-01 1.767716845184512664e+00
4.284859681483936811e-01 2.515973179997143205e+00
4.445252614754124920e-01 3.259017902727240568e+00
4.333446969389029846e-01 3.972115475748953628e+00
1.178018258252976125e+00 -4.034328309644241273e+00
1.190183415109252962e+00 -3.320349329566116836e+00
1.193225753444842496e+00 -2.588794164776746953e+00
1.183619295446895592e+00 -1.852472638505609837e+00
1.165031565901180954e+00 -1.139193074243667780e+00
1.184748458916942582e+00 -4.216770511256768827e-01
1.181057687982324467e+00 1.042485203452983455e+00
1.173570710272457518e+00 1.791878492454099359e+00
1.181855245675443200e+00 2.520070753201743230e+00
1.190135975713054961e+00 3.250045069105954809e+00
1.190457354727591621e+00 3.958145393213744256e+00
1.915487047847641122e+00 -4.028366926682952709e+00
1.894261961096816549e+00 -3.312779627313510389e+00
1.919191025279303631e+00 -2.600492047481225200e+00
1.930380203999142452e+00 -1.861007118822573858e+00
1.935987538492710769e+00 -1.131832397686416414e+00
1.925972720732247012e+00 -3.886038879404480895e-01
1.930069872642043549e+00 3.487871019013262242e-01
1.916133412245699219e+00 1.758210271395267199e+00
1.922519726880494773e+00 2.546124468483167647e+00
1.878641278482199084e+00 3.257802699854369877e+00
1.910299070173920200e+00 3.979201586174919925e+00
2.661312957452892647e+00 -4.023120046965185992e+00
2.641775163399955773e+00 -3.329017229163952152e+00
2.621616063997016965e+00 -2.603515067938054983e+00
2.643101176428416466e+00 -1.865552207069011814e+00
2.648443459926603794e+00 -1.141214414633836327e+00
2.637177096205519433e+00 -3.886110061508816216e-01
2.625449707568790814e+00 2.997008662373410459e-01
2.639923065098059851e+00 1.060920039623379552e+00
2.637185602157749997e+00 1.787696850417248129e+00
2.671465378517957845e+00 2.543825076186241319e+00
2.620774369594343511e+00 3.214599046777738778e+00
2.643358828578996622e+00 3.969693026393510848e+00
3.392049199348512900e+00 -4.033614375658633122e+00
3.416513565807015596e+00 -3.272691071225782622e+00
3.373065975419208939e+00 -2.574728371776842550e+00
3.374444644148589134e+00 -1.877756182627489778e+00
3.372448136001786168e+00 -1.137108211118626144e+00
3.383200748606093100e+00 -4.257899257133068716e-01
3.364286573005813352e+00 2.959361549135017810e-01
3.396285971835993678e+00 1.043452980001333685e+00
3.391020336365656362e+00 1.780954067982658984e+00
3.383358270978327198e+00 2.533322755168963880e+00
3.388538496000727207e+00 3.231035712838821183e+00
3.377184761929974854e+00 3.943261154578753036e+00
4.083443422702401904e+00 -4.010352656326169551e+00
4.099202702924365838e+00 -3.298641387323769436e+00
4.108012693574863761e+00 -2.572604333260901655e+00
4.190569209618338675e+00 -1.871276790865785244e+00
4.088238540536011101e+00 -1.153278532008950918e+00
4.108875653537459982e+00 -4.082948876510634761e-01
4.072032955316807090e+00 3.542102227413508331e-01
4.117438516904783796e+00 1.028149773343884021e+00
4.129321390722473950e+00 1.760660803546198139e+00
4.140300367319383668e+00 2.508073769247985751e+00
4.148076719917483501e+00 3.226302801069490300e+00
4.844641891138294909e+00 -4.015060241028212573e+00
4.840588048803525112e+00 -3.294675283791551834e+00
4.848400400992858295e+00 -2.569418132750751482e+00
4.825211720651708447e+00 -1.130926168741218873e+00
4.833892176037409172e+00 -4.150683850631722294e-01
4.846379803195837610e+00 3.276846251144291955e-01
4.872256891696657988e+00 1.030297272378756901e+00
4.896587062377406596e+00 1.778420168730384887e+00
4.873826183319550864e+00 2.484243039875824621e+00
4.902727311218399109e+00 3.215808104689482860e+00
4.907657212655479384e+00 3.915337004056201664e+00
5.556685697757416165e+00 -4.015338667073226731e+00
5.576416590941896345e+00 -3.292372218925969207e+00
5.576042627019504039e+00 -2.568443485100331714e+00
5.592724103537911162e+00 -1.837157833631852810e+00
5.567985312836789547e+00 -1.135260797087362050e+00
5.564641315316542602e+00 -3.825622761131164395e-01
5.582996714587928011e+00 3.197069079786842849e-01
5.588647712365165887e+00 1.072071795873480227e+00
5.619413913823038342e+00 1.758468053203792181e+00
5.629805478167391186e+00 2.510156569272691485e+00
5.616703899424869917e+00 3.218811437321026148e+00
5.606094103507842874e+00 3.950757366289980865e+00
6.312834205965565104e+00 -4.030012023817398870e+00
6.300713209501502376e+00 -3.301450414705133340e+00
6.310435971083805384e+00 -2.574472585009100811e+00
6.308467185798555477e+00 -1.816244297545459574e+00
6.292500145168915537e+00 -1.105732356306205588e+00
6.344882784930156561e+00 -4.011690979085322795e-01
6.323032215588710869e+00 3.355896259375867885e-01
6.336298342395430439e+00 1.038082714093654602e+00
6.342145926183064830e+00 1.768939535778713434e+00
6.355247239591243158e+00 2.525100475182213700e+00
6.361609831967555806e+00 3.229044400348971777e+00
6.370954963938011417e+00 3.946911994857341455e+00
7.053674229084592184e+00 -4.024885265928261902e+00
7.046325170532035997e+00 -3.329247423452414978e+00
7.047966205024437158e+00 -2.571594020834290006e+00
7.048995051971893133e+00 -1.851450961822017405e+00
7.078112216827761927e+00 -4.024474549510550503e-01
7.089145941860628852e+00 3.248552811802021267e-01
7.040506808638838265e+00 1.036047005685929889e+00
7.107790206093248742e+00 1.762417326314277943e+00
7.104292039365049050e+00 3.210015873539308728e+00
7.115639690826469632e+00 3.936228779644853404e+00
7.783126150998796788e+00 -4.027448870221395083e+00
7.727368067926569495e+00 -3.309918957610022971e+00
7.781497617009499379e+00 -1.857141614029497845e+00
7.823660381947050269e+00 -1.148814409189490959e+00
7.866164380974069559e+00 -4.058683955350375072e-01
7.860898616955026341e+00 3.192265151413451463e-01
7.841187583077577017e+00 1.036858965752156081e+00
7.844617669208084010e+00 1.765189309943647089e+00
7.848585348826603081e+00 2.499586726315577323e+00
7.850967505656740286e+00 3.227010167090067938e+00
7.831830266632131554e+00 3.960362126718766973e+00
8.568706392732629240e+00 -4.038067541748205258e+00
8.558730879580487283e+00 -3.307959241367569803e+00
8.567270203432343578e+00 -2.559221198489236571e+00
8.536224547640813398e+00 -1.883821363395568937e+00
8.569279980293828203e+00 -1.165800475727856167e+00
8.596640319798410701e+00 2.868082513773835274e-01
8.600915531774781186e+00 1.042173883530743694e+00
8.594198518346857441e+00 1.748337096616442210e+00
8.576744116767088144e+00 2.496254456463269378e+00
8.562487847221184722e+00 3.207707737670954629e+00
8.559935705949371254e+00 3.952181112923813799e+00
9.315785553565461896e+00 -2.602666678719327109e+00
9.328532515531755109e+00 -1.158703392355764805e+00
9.319867104621749831e+00 -4.450642584091681897e-01
9.322625564916712904e+00 2.959458944095807453e-01
9.300692762312394279e+00 1.038277595055522085e+00
9.318782472116929227e+00 1.747404397330964088e+00
9.300459737464109367e+00 2.489822349263924650e+00
9.317757720576921088e+00 3.213875945917610721e+00
9.326102064861586882e+00 3.936178562064700515e+00
1.007377048645956563e+01 -1.891665796383019682e+00
1.006607216379372716e+01 -1.169588829866452073e+00
1.007192749675192545e+01 -4.593436623027251642e-01
1.004048560714533522e+01 2.779102354797018393e-01
1.002081442134003453e+01 1.052570684509181120e+00
1.005162675402387151e+01 1.758206304311158874e+00
1.005222898313008528e+01 2.455982250648979459e+00
1.004399829325618043e+01 3.190302450128601919e+00
1.007008887525954322e+01 3.895598091069221169e+00
1.089865994963346196e+01 -4.054991009355074283e+00
1.088851384088906116e+01 -3.335898579822302423e+00
1.088772326634728671e+01 -2.611063864990711636e+00
1.087258347525281721e+01 -1.894623855282617342e+00
1.085671114190756015e+01 -1.154464717838582288e+00
1.083932822119419370e+01 -4.353210877481075158e-01
1.079248200377128342e+01 1.039662860604007477e+00
1.079329882628888981e+01 1.729754401487245019e+00
1.080116887779074375e+01 2.468568835325019251e+00
1.080383337451028325e+01 3.215293437959314105e+00
1.083040445517176664e+01 3.900571394557122318e+00
1.163851051368605027e+01 -3.334707611214628997e+00
1.164161925997203184e+01 -2.603297769297949316e+00
1.164845070512464531e+01 -1.897031045957714213e+00
1.160203004898462353e+01 -1.163683492633989403e+00
1.156014907990709162e+01 2.757381024120135748e-01
1.153341116267199595e+01 1.008887736073731389e+00
1.152910563954590373e+01 1.731006296704126868e+00
1.153176532674203969e+01 2.460974936443523831e+00
1.154826053983230594e+01 3.158739489375410159e+00
1.156448767893664353e+01 3.917904644681104998e+00
1.238243893301267917e+01 -3.318801322092170381e+00
1.237402543710407343e+01 -2.599165437301603987e+00
1.239300483775259210e+01 -1.904165941354552416e+00
1.234143633424687891e+01 -1.145435239577235365e+00
1.234382503804616960e+01 -4.176546092000847921e-01
1.231606228390789681e+01 2.828463190431875773e-01
1.227882184466202631e+01 1.018227533911669980e+00
1.226321614052849185e+01 1.749879173837392443e+00
1.227324834508450380e+01 2.469891473064897980e+00
1.229747964393013149e+01 3.184394277275504948e+00
1.229488136425875666e+01 3.898513351184160314e+00
1.317556746202940587e+01 -4.096790070513307569e+00
1.313094779409286161e+01 -3.333184343627959123e+00
1.313385590517703605e+01 -2.611356997465613006e+00
1.311439783689377236e+01 -1.885879408450879424e+00
1.309794149663053275e+01 -1.145761051558700672e+00
1.308904363384095149e+01 -4.179768511587376167e-01
1.310118299394230235e+01 3.117893071609714184e-01
1.307338957145945812e+01 1.012551660281193477e+00
1.310316638681148760e+01 1.740542340342081218e+00
1.307224714166762425e+01 2.504004926658115693e+00
1.307205353027216432e+01 3.193965655819315685e+00
1.307874490633297881e+01 3.936309136271201936e+00
1.392482073892563932e+01 -4.052498010195222378e+00
1.393118325777557232e+01 -3.325432081304793286e+00
1.391959905519427565e+01 -2.579217782625224942e+00
1.386406968928677941e+01 -1.126129055904030452e+00
1.385454150909316695e+01 3.137603373689756836e-01
1.382057134798127151e+01 1.025741256071462715e+00
1.382312703081357341e+01 1.753770036224654660e+00
1.380934429531529162e+01 2.484651606610132291e+00
1.384369750415861233e+01 3.229746935524371310e+00
1.383366609615599430e+01 3.932403356508768155e+00
1.463706689939598249e+01 -3.327591259158939607e+00
1.467134859656297863e+01 -2.596283615141988577e+00
1.463786751404205688e+01 -1.871090436378985089e+00
1.465906701144877644e+01 -1.153904478601720740e+00
1.465175039224157416e+01 -4.140905278392885691e-01
1.460671261520317898e+01 2.815449421143405573e-01
1.461941132352551875e+01 1.038768296370434996e+00
1.456945555830967010e+01 1.755865388044231423e+00
1.455550043821366302e+01 2.516084262683349948e+00
1.457172394191228904e+01 3.233602672275164736e+00
1.458572070079129190e+01 3.939222435224802865e+00
1.541311136397668946e+01 -4.063039910464745219e+00
1.540636544831134813e+01 -3.326983487742595003e+00
1.541670463916518230e+01 -2.600954814770695123e+00
1.539202179446331797e+01 -1.877789543594243327e+00
1.535264589868292262e+01 3.339417368015844545e-01
1.533188986297769674e+01 1.043631686803415448e+00
1.534317895785454766e+01 1.775254148481646865e+00
1.532501604519808325e+01 2.501681535524568289e+00
1.536314179855400397e+01 3.221992412405167983e+00
1.536152464780375482e+01 3.946790941807702069e+00
1.620029903462913978e+01 -4.048653734614433120e+00
1.618694844778101327e+01 -3.342791126032064852e+00
1.617452436258025017e+01 -2.584746078072367226e+00
1.613665235149195354e+01 -1.138230458092877484e+00
1.611971060941434786e+01 3.487103289577255794e-01
1.611304993709100586e+01 1.020534642148746229e+00
1.607960615028576967e+01 1.774845024974297303e+00
1.610475043579073429e+01 3.236692054084453929e+00
1.609349178971438477e+01 3.951646893254523007e+00
1.694018990951948922e+01 -4.059112507029070116e+00
1.693140650849056073e+01 -3.331361623146772644e+00
1.695411449169939289e+01 -2.603057232683301692e+00
1.693867227381419127e+01 -1.888385466926894907e+00
1.687863232436409078e+01 -1.153644317476171466e+00
1.692215662303668466e+01 -4.276741559477663657e-01
1.686595610359464104e+01 3.377138043628917785e-01
1.683655996570961833e+01 1.769290029665761210e+00
1.684628956461230587e+01 2.503148755555638871e+00
1.682207043425219695e+01 3.245002306615052845e+00
1.685103286549532697e+01 3.942655675826028272e+00
1.767091289476306315e+01 -4.063970555092907944e+00
1.767752060874251896e+01 -3.338635507176462625e+00
1.767297718821341590e+01 -2.647451001931077741e+00
1.767442746296023870e+01 -1.886582942715616440e+00
1.764191690229670684e+01 -1.172016913742393029e+00
1.763808473600462179e+01 -4.411022226438845451e-01
1.763554837523439289e+01 3.014294721336483462e-01
1.760854261921639363e+01 1.792371089372672088e+00
1.759596227416540870e+01 2.510496399645461452e+00
1.758298885725475458e+01 3.216085378350140189e+00
1.759078995676345158e+01 3.951989573553202462e+00
1.840920845743947609e+01 -4.048839576010657026e+00
1.839010068499548822e+01 -3.328791001755675438e+00
1.838329429134567761e+01 -2.615564655405833605e+00
1.838040884105765116e+01 -1.855447005148683104e+00
1.838487453468760435e+01 -1.157880854316108099e+00
1.837278895717154370e+01 -4.451417934757202488e-01
1.838009174943676527e+01 3.562796027201677873e-01
1.832788976349910826e+01 1.041616435402477947e+00
1.832579018580809560e+01 1.710564185066854037e+00
1.834154429835434996e+01 2.527701686575472451e+00
1.833917101283358164e+01 3.225480292048342079e+00
1.835324823887481216e+01 3.964671301208543497e+00
1.913350257906566299e+01 -4.040409451993575374e+00
1.911983513605350993e+01 -3.336491851733079272e+00
1.911586084169201172e+01 -2.592578344918138100e+00
1.909850487809434583e+01 -1.878966947320385827e+00
1.907584426556527291e+01 -1.160854501605331990e+00
1.910308791525043404e+01 -4.208527634846213061e-01
1.907837325155998798e+01 3.051347794531622526e-01
1.909175014441272822e+01 1.054786347336712282e+00
1.907561735071556086e+01 1.792860649682609164e+00
1.906604829421941361e+01 2.516185443262724419e+00
1.907280363672515477e+01 3.260355746543144306e+00
1.905643807218749686e+01 3.966651273866386163e+00
1.984634597364907904e+01 -4.073005397177702491e+00
1.984840282926707289e+01 -3.325896394656922439e+00
1.982624806934530426e+01 -2.598475589372846173e+00
1.983825934688193371e+01 -1.879896847379356473e+00
1.983341492774706438e+01 -1.135595073438366853e+00
1.984536184680298732e+01 -4.127030963122386709e-01
1.981427437360598276e+01 3.317246812838696712e-01
1.983959483723315742e+01 1.041468019600952033e+00
1.979068361436980439e+01 1.775131224003583696e+00
1.981548785808692514e+01 2.501206965937971205e+00
1.979769033206640216e+01 3.246041070333038903e+00
1.981420383700657339e+01 4.003328612496087402e+00
2.059646538945919048e+01 -4.031738977111313460e+00
2.056688826379468793e+01 -3.315916691025730501e+00
2.057590995394888012e+01 -2.583661269147739858e+00
2.057048988215542096e+01 -1.861940855027313546e+00
2.056005321169577371e+01 -1.140680491803404806e+00
2.055109047736531380e+01 -4.132305132173605955e-01
2.055831714047669578e+01 3.199848585445543847e-01
2.055086405489280565e+01 1.043623291811986320e+00
2.055327218712523774e+01 1.775284445378677134e+00
2.057354196847121841e+01 2.501589839411099803e+00
2.054711193905792044e+01 3.236961596084380943e+00
2.057099109561544736e+01 3.975810167133300155e+00
2.136081527769243138e+01 -4.041253184118250630e+00
2.135490927094610214e+01 -3.309049701930604215e+00
2.131481170460001806e+01 -2.609213200284791867e+00
2.132098221800930560e+01 -1.841358569924896216e+00
2.131384357301494248e+01 -1.118174000562390802e+00
2.131305707437675068e+01 3.211993428933119787e-01
2.132873106167264865e+01 1.075927151852326347e+00
2.131471821931810950e+01 1.779641496705643533e+00
2.129545339987368635e+01 2.531234310068260385e+00
2.127555949852840200e+01 3.246558452894998226e+00
2.132436244780510037e+01 3.963992688477699033e+00
2.209299917675784286e+01 -4.052636118242098462e+00
2.207423160613342361e+01 -3.324853059767370667e+00
2.206264594035362592e+01 -2.568675283838555146e+00
2.209821951533171358e+01 -1.857707174597539534e+00
2.209160061723021329e+01 -1.121634004229825621e+00
2.207810680479746424e+01 -4.072201840810336648e-01
2.207070855504174745e+01 3.291940173438590023e-01
2.209601476851966595e+01 1.060885811589209027e+00
2.204706980410959716e+01 1.785191542678777665e+00
2.206313478903678060e+01 2.529297018730233049e+00
2.208192761286785810e+01 3.224299192312319207e+00
2.207909506154827994e+01 3.963062470595684061e+00
2.292479378969066772e+01 -3.987316064220596701e+00
2.289546525750414929e+01 -3.309858567404791785e+00
2.291096623344665062e+01 -2.553988915493775380e+00
2.292410242951505239e+01 -1.848233980544669919e+00
2.284825331320145381e+01 -3.818779482084480037e-01
2.285001744838983484e+01 3.385824655395488492e-01
2.284120139906814728e+01 1.069567941114666354e+00
2.282603021883284100e+01 1.793106304676864937e+00
2.282566435433177077e+01 2.517274750343815981e+00
2.283615987611682385e+01 3.225154283441110437e+00
2.282960528463676297e+01 3.986032377759013201e+00
2.365025045819722038e+01 -4.048273205553236664e+00
2.365636558833200098e+01 -3.307628718877793972e+00
2.365089583414816587e+01 -2.586159731155973418e+00
2.366405938612923876e+01 -1.836953433644968214e+00
2.364705495937331392e+01 -1.114588902565976980e+00
2.363738202149760781e+01 -4.001673050974794421e-01
2.363668489969005293e+01 3.277810268181582387e-01
2.360538939645115164e+01 1.066976141931434086e+00
2.359567119140785962e+01 2.542752314899175303e+00
2.358547954759575305e+01 3.236275562765957403e+00
2.356888320200243214e+01 3.967677726848950925e+00
2.439374688630029198e+01 -4.033654620144623948e+00
2.438606487114844157e+01 -3.310772995497476501e+00
2.439596093682786204e+01 -2.579110849332103328e+00
2.438329305822633586e+01 -1.844861235965478130e+00
2.438688636421375122e+01 -1.122176640730838670e+00
2.436642671245704150e+01 -4.033582794625907297e-01
2.436505585917902295e+01 3.281743124479241658e-01
2.435553666085699120e+01 1.060044529809491820e+00
2.435507269474861403e+01 1.796303845698187018e+00
2.435197050018053488e+01 2.517357933344950283e+00
2.430850024376028529e+01 3.255620873687927741e+00
2.434420959616102209e+01 3.954399802518981488e+00
2.512223246824815703e+01 -4.032827587461063956e+00
2.511902976426264189e+01 -3.308543564555023409e+00
2.511086484888554082e+01 -2.576032761856417608e+00
2.512573440845684303e+01 -1.854073682819304736e+00
2.510853910559838909e+01 -1.117395680934151869e+00
2.509691637349028781e+01 -3.885985163793144181e-01
2.513672251350730136e+01 3.048840351617130295e-01
2.509851996838757060e+01 1.063022673550232611e+00
2.507785566385944520e+01 1.784198063698337222e+00
2.508974857711644546e+01 2.520596242701504508e+00
2.505638229250594406e+01 3.249460095741799392e+00
2.510471181381174688e+01 3.963372074975449522e+00
2.586273661901450538e+01 -4.022688117630142557e+00
2.585046133966151416e+01 -2.585348848018448109e+00
2.581863630267123710e+01 -1.862990179516561540e+00
2.585158504680229186e+01 -1.126609335876928242e+00
2.583770250823008041e+01 -4.077442933446846496e-01
2.584580949761843982e+01 3.198483652831995983e-01
2.584402363837588723e+01 1.048330136329052920e+00
2.584406268781341964e+01 1.786445614114541058e+00
2.583160898463317778e+01 2.506696781966219589e+00
2.582573702805157723e+01 3.241544505633374484e+00
2.583040751980208682e+01 3.962690852475684977e+00
2.659371267702537978e+01 -4.022744516186655517e+00
2.654203247609726191e+01 -3.297210901230616997e+00
2.661569867170127424e+01 -2.579276162649257742e+00
2.657834858386966204e+01 -1.851001460557402112e+00
2.658258648817649572e+01 -1.139158202451508117e+00
2.658127269327833631e+01 -4.039861355507383678e-01
2.656813597755854772e+01 3.223514899277226675e-01
2.656725228528570426e+01 1.043845424128427624e+00
2.656110744163292736e+01 1.774841213516001659e+00
2.658215294376876869e+01 2.493381196541349709e+00
2.657678661354028549e+01 3.237347591001768166e+00
2.659001975702116738e+01 3.969822717015045299e+00
2.732037085772258678e+01 -4.017155882435051950e+00
2.732345596792720244e+01 -3.323134152996509272e+00
2.731328589889481862e+01 -2.587679127488719644e+00
2.731645988104912703e+01 -1.856732962950925270e+00
2.730671147654837227e+01 -1.131052802649520572e+00
2.730089762323721914e+01 -3.897862378059393507e-01
2.731029432591195416e+01 3.254753880005019084e-01
2.728268314230695779e+01 1.053847585581415558e+00
2.732261949154876390e+01 1.794168469200950966e+00
2.733102876480787558e+01 2.528491437132124986e+00
2.732411029854657158e+01 3.233966850748100086e+00
2.731444137024910646e+01 3.968263537778160099e+00
2.807273766405035076e+01 -4.037473431465183893e+00
2.803430037777439310e+01 -3.344023734896449440e+00
2.807683891705428891e+01 -2.589180936587382575e+00
2.805422537391792304e+01 -1.860905290650290311e+00
2.806079603288389279e+01 -1.130628289294801192e+00
2.804250851632360053e+01 -4.258657417005942136e-01
2.805425508870087015e+01 3.285241506391862742e-01
2.805105543729835915e+01 1.024759670618831109e+00
2.803435936536079964e+01 1.801347656236959693e+00
2.805379960765932879e+01 2.508398385958617638e+00
2.806900868592104104e+01 3.237428675860424931e+00
2.805287627011749407e+01 3.968475194788705807e+00
2.880003207214482330e+01 -4.057471302804017910e+00
2.879303346259299445e+01 -3.309278000288692567e+00
2.879840524190245077e+01 -2.576985167201922167e+00
2.881196026942878774e+01 -1.872606301094272396e+00
2.879737714126103043e+01 -1.121691478729083258e+00
2.881002763809204481e+01 -4.037968714344692955e-01
2.880902643838526700e+01 3.170455553457713904e-01
2.880589445120970282e+01 1.037936122271077011e+00
2.881320288401993679e+01 1.768957219587669272e+00
2.878332281126763093e+01 2.507834462085735794e+00
2.878007768729043647e+01 3.243441247885552770e+00
2.880542636276894797e+01 3.967415772799053997e+00
2.956990526285826348e+01 -4.040179878948997327e+00
2.954415233546860264e+01 -3.323525523504795132e+00
2.953920319164985386e+01 -2.567346023675845856e+00
2.953801942820270909e+01 -1.873986303302807244e+00
2.951984129495169640e+01 -1.142376500048268184e+00
2.951667180880887287e+01 -4.165380259402908791e-01
2.951823334000599885e+01 3.141769106349876495e-01
2.953044330911333049e+01 1.039766035363253849e+00
2.952883710599444811e+01 1.748688529025688609e+00
2.954535027984996276e+01 2.495353282603090861e+00
2.955288362666001234e+01 3.210025188608181423e+00
2.955075296997978995e+01 3.963620765715969441e+00
3.029673131902313088e+01 -4.046662368902854467e+00
3.031343931546351911e+01 -3.329077157607674309e+00
3.029787230080237492e+01 -2.600808539912886630e+00
3.029222827984524002e+01 -1.870561568997040069e+00
3.029153599163199573e+01 -1.138969661969174041e+00
3.027114103341327933e+01 -4.203529692356653413e-01
3.028559034473423850e+01 3.014043732253028907e-01
3.027039337606571934e+01 1.054671170066860952e+00
3.027188502238904988e+01 1.772472604862073808e+00
3.027592736594883860e+01 2.487234224713635200e+00
3.028221604945721168e+01 3.211869564679606270e+00
3.028178808337384709e+01 3.941726875879705716e+00
3.102874396054794914e+01 -4.038690788131784615e+00
3.102761404439764448e+01 -1.860711471136141881e+00
3.102442144601273100e+01 -1.151336660117973310e+00
3.102324028599333161e+01 -4.093307354606317006e-01
3.103205975172054565e+01 3.155546917336948809e-01
3.101176224492525790e+01 1.025739676919187104e+00
3.101076359402080840e+01 1.763856813881371721e+00
3.101757941569703547e+01 2.497043520026043240e+00
3.101587233688628231e+01 3.220024984493729647e+00
3.100460142315976242e+01 3.938493732596004548e+00
3.178814861839287431e+01 -4.051443977257097373e+00
3.177509467588203762e+01 -3.307803898761079608e+00
3.176738945492599697e+01 -2.595139299972309743e+00
3.178447403125287707e+01 -1.872035587640564103e+00
3.176258624753959481e+01 -1.145399131213860500e+00
3.175299533939296026e+01 -4.308513250469054867e-01
3.176046381931190155e+01 3.099227364541370378e-01
3.176165685701476349e+01 1.038120186425487645e+00
3.176718956932467819e+01 1.770873210532940334e+00
3.177023809101559237e+01 2.500241416728002264e+00
3.175038421949177092e+01 3.240989361932879120e+00
3.175200185744267145e+01 3.955362657697552464e+00
3.253400041624566796e+01 -4.048373957522795052e+00
3.252269174865332246e+01 -3.323432588715419911e+00
3.249391047571871383e+01 -2.587200502264352053e+00
3.250919436341118995e+01 -1.880096802209276774e+00
3.249021055741207675e+01 -1.128245728776278156e+00
3.250627552358145778e+01 3.067671898256882912e-01
3.250448768161070490e+01 1.024577092587197313e+00
3.248137416075231698e+01 1.774164942960389624e+00
3.249222445008528126e+01 2.499750343121213803e+00
3.247456785141206836e+01 3.214660949187216232e+00
3.252109425132832854e+01 3.935995038322733564e+00
3.324494702469417717e+01 -4.048648274597979935e+00
3.324785211318549472e+01 -3.322194529521517836e+00
3.325374789572730805e+01 -2.577950810817558391e+00
3.324025923287113216e+01 -1.862551956575110523e+00
3.324336673480659243e+01 -1.136151088569761214e+00
3.322889369419289807e+01 3.038009459141512991e-01
3.321198205177721974e+01 1.042449386617569473e+00
3.326045450684372184e+01 1.757875367039279269e+00
3.324436469663833549e+01 2.490394192489421954e+00
3.323296093138784357e+01 3.230732010799403753e+00
3.324691839597813470e+01 3.948343080646640857e+00
3.398289169991303282e+01 -4.038599963491474654e+00
3.397817443165217099e+01 -3.314752778238062803e+00
3.399559945013366047e+01 -2.595049693827157000e+00
3.396674588576596676e+01 -1.870943967570863009e+00
3.397019195673201608e+01 -1.130829693329868491e+00
3.398263089727915798e+01 -4.133669190024669149e-01
3.396264108667593717e+01 3.106311575612679121e-01
3.397088197322155878e+01 1.041481695907098270e+00
3.396935499651637969e+01 1.760671643851136281e+00
3.395343728370703928e+01 2.508848175676064329e+00
3.398444872486550850e+01 3.228561809432587637e+00
3.395702211097916035e+01 3.972194476295431542e+00
3.472701639345572033e+01 -4.025343107713716506e+00
3.471809157130955015e+01 -3.305759378892780376e+00
3.471333865965954857e+01 -2.580871272806593453e+00
3.470178767374665796e+01 -1.866777428402123462e+00
3.471524408437061737e+01 -1.139435480095240649e+00
3.470541454950538451e+01 -4.176126991330377791e-01
3.470465969382585314e+01 3.109174847468345604e-01
3.470264983736954179e+01 1.055941891367762508e+00
3.470950091957313788e+01 1.786000036698705884e+00
3.472619622742558221e+01 2.498604898462403412e+00
3.472824644360337487e+01 3.233570871788440826e+00
3.469354876278469391e+01 3.970788780443545107e+00
3.545333388687000564e+01 -4.035019449512521561e+00
3.540548360560894281e+01 -3.330236820987902746e+00
3.544262373874338579e+01 -2.576628605474503786e+00
3.544026849479890728e+01 -1.858712449530688815e+00
3.545096860244938597e+01 -1.158222658297948016e+00
3.545682626667865378e+01 -4.289892058436066691e-01
3.542921287954595044e+01 3.259588662739503206e-01
3.543757949230163007e+01 1.034039366810226568e+00
3.542420684661529862e+01 1.787107993360550040e+00
3.541596964303396788e+01 2.490693653578841094e+00
3.545268356181271230e+01 3.232563113297171498e+00
3.542885264577578397e+01 3.959953932123465137e+00
3.618888354808732544e+01 -4.012234349724728588e+00
3.618249994126734492e+01 -3.286973453917411803e+00
3.618620679249864480e+01 -2.574955555289346165e+00
3.617751489926492781e+01 -1.859291449840043242e+00
3.618026824661529162e+01 -1.132240272347022625e+00
3.616784526741239603e+01 -4.031403796640979920e-01
3.618664571055354173e+01 3.384589314371808655e-01
3.618529798907196238e+01 1.079492398101617567e+00
3.619039406308818485e+01 2.504033623579889678e+00
3.617822115444011644e+01 3.245182791884825946e+00
3.619182947874929113e+01 3.993002025196876303e+00
3.689128901375548963e+01 -4.061348153574279252e+00
3.689784431547591481e+01 -3.298212790904344160e+00
3.689868029634185831e+01 -2.653028141449283339e+00
3.691235917409600376e+01 -1.852702184796736873e+00
3.690655144457750936e+01 -1.123617624475446775e+00
3.690113188822315493e+01 -3.988549934541545383e-01
3.694073163931113157e+01 3.355656666607629290e-01
3.691545869458243345e+01 1.046418087757725601e+00
3.691053762774530611e+01 1.827122568133571434e+00
3.690987215886251960e+01 2.523793796531908384e+00
3.694758101084182300e+01 3.281732974389758084e+00
3.695567476544319874e+01 3.969942320256254931e+00
3.767780686178739558e+01 -4.026730192004038145e+00
3.764555644120498101e+01 -3.297629890067202751e+00
3.764409209039752824e+01 -2.568360648119980993e+00
3.763250665974309328e+01 -1.119081099199441098e+00
3.763439696114364352e+01 -3.873066965474372125e-01
3.761820979984815239e+01 3.806173503655116974e-01
3.764434027646630199e+01 1.090009707757484847e+00
3.766041516519597820e+01 1.772967013486344001e+00
3.768237140300538357e+01 2.527789046368461356e+00
3.764745570547804476e+01 3.254320310540190775e+00
3.766217023558922250e+01 3.976274515533777532e+00
3.839769562141180614e+01 -4.007714171942446058e+00
3.840392891805129949e+01 -3.276247288478220554e+00
3.838995988598416176e+01 -2.568908043784965400e+00
3.837829948148256420e+01 -1.848023532009865022e+00
3.839408797628896508e+01 -1.113552105533756276e+00
3.837035051372350125e+01 -3.777205775641938601e-01
3.841237167178646672e+01 3.741678402822756766e-01
3.841593175653894576e+01 1.074226836111908057e+00
3.842768683813432773e+01 1.790250087559879688e+00
3.840555702782288705e+01 2.542160681830754498e+00
3.920922213721149063e+01 -3.981845710138667727e+00
3.918334489863318737e+01 -3.250639517639687170e+00
3.916801431795591526e+01 -2.571645189694852007e+00
3.918180335806071213e+01 -1.808757047298840348e+00
3.923445743873677571e+01 -1.014297014974893330e+00
3.915938910856733202e+01 -3.213679423507755928e-01
3.917771529396862462e+01 2.585839084876678129e+00
3.911066448517393468e+01 3.120173199183522428e+00
3.992032339282443587e+01 -3.312371530244874407e+00
3.988809599242286907e+01 -2.600021189957193002e+00
3.989894786591667497e+01 -1.805582954260099626e+00
3.999155777962939595e+01 1.088122087377833225e+00
3.999894819356457987e+01 1.842472468867175195e+00
4.000259247896057246e+01 2.605749668838349464e+00
4.000830315042411911e+01 3.307479069013464112e+00
4.000252147595481489e+01 4.012782195824154741e+00
4.073910265721790580e+01 -3.997952634022443164e+00
4.072327985198071332e+01 -3.252638796825323197e+00
4.071785364069817348e+01 -2.513706456773533660e+00
4.071410348092968690e+01 -1.797324425420054439e+00
4.072077224147928831e+01 -1.069097121729239319e+00
4.073255639074691459e+01 -3.407485190081125381e-01
4.075383260591647883e+01 1.109610471362110218e+00
4.073259008052979624e+01 1.835734726841671716e+00
4.072423495304870045e+01 2.562391267108200310e+00
4.070620653651139520e+01 3.322273733348037439e+00
4.071544376702453150e+01 3.997952634022443164e+00
