-1.749776855736143943e+00 -4.078488934630279061e+00
-1.730414332662192578e+00 -2.645585386605606715e+00
-1.744438102676987512e+00 -1.900538568165885067e+00
-1.739104803317964354e+00 -1.169206433910630949e+00
-1.759569499314018515e+00 -4.362644911951853999e-01
-1.746127610727285173e+00 3.486209252200360709e-01
-1.744079839970211765e+00 1.047380604137192250e+00
-1.744349631802606382e+00 1.761870433190573237e+00
-1.739590403422930365e+00 2.461865677659503149e+00
-1.747190343888703978e+00 3.203818906342284833e+00
-1.734949467921012456e+00 3.955600025144100584e+00
-9.363377073241139215e-01 -4.047600827649315391e+00
-9.320973271881740629e-01 -3.341253807471929349e+00
-9.536124950811739609e-01 -2.603189666904331290e+00
-9.887070680741203432e-01 -1.879200616296092363e+00
-9.757419186864026983e-01 -1.151332437628177274e+00
-9.585206480603289947e-01 -4.412667026466934317e-01
-9.835125882221547045e-01 1.013447450738379274e+00
-9.995287017223404291e-01 1.765087889103270413e+00
-9.992416956967105079e-01 2.471325090656719681e+00
-1.017364162960980423e+00 3.254426241878995540e+00
-2.268092768466729581e-01 -3.320770911342336262e+00
-2.781237069656654626e-01 -2.609396232776212798e+00
-2.293224107880220686e-01 -1.876834454687003273e+00
-2.419835346717249536e-01 -1.136969665763249537e+00
-2.385226261842063877e-01 -4.235916500984480138e-01
-2.455493655655374141e-01 1.051707218809912803e+00
-2.365776754323647424e-01 1.762603718691369892e+00
-2.705160611496140177e-01 2.513737256074701776e+00
-2.519176533996940748e-01 3.246509323886847653e+00
-2.675315880814181924e-01 3.974919968793052760e+00
4.918553024715492938e-01 -4.041932127969520394e+00
5.032302105162713701e-01 -3.325626155790384786e+00
5.160452203655765402e-01 -2.583974190311899122e+00
4.981543799575050002e-01 -1.854910827458883915e+00
4.730353186761746542e-01 -1.153510236950825885e+00
4.943912698653747384e-01 -4.254599969971621931e-01
4.882743931562174566e-01 1.027557089753827313e+00
4.818459556721208514e-01 1.789142183536533537e+00
4.819476116337071403e-01 2.519752368572824253e+00
4.964377832099202692e-01 3.252427183403341360e+00
5.017753920069054629e-01 3.963359450421421570e+00
1.230484122814893055e+00 -4.029148158299189930e+00
1.205914883203838883e+00 -3.311071568926688968e+00
1.230004852137064120e+00 -2.601457263932065445e+00
1.238768975695478503e+00 -1.862464221633892691e+00
1.249993541418092491e+00 -1.136829342271443721e+00
1.238341508596676022e+00 -3.904488808734782879e-01
1.240188932336373284e+00 3.399512415555143718e-01
1.229608992597498229e+00 1.754041380686871321e+00
1.233376902068542336e+00 2.544156965646507729e+00
1.173077364866493610e+00 3.267417041956647950e+00
1.227008143906381576e+00 3.986798303523663378e+00
1.975392473369431912e+00 -4.017514914989035901e+00
1.952042133549952041e+00 -3.342046924904874317e+00
1.925136754739448008e+00 -2.606959449811846241e+00
1.954276521570967873e+00 -1.867812193132589726e+00
1.967709285459363855e+00 -1.144531189148992212e+00
1.948933826564626770e+00 -3.984228251566648282e-01
1.917875093697496425e+00 2.941001564635534749e-01
1.945705873892293880e+00 1.043617173914086038e+00
1.954633105103788182e+00 1.780899410876322975e+00
1.987436920068070378e+00 2.545106361803071593e+00
1.924845641269392615e+00 3.206974912418310453e+00
1.958002781213785681e+00 3.971791536554590607e+00
2.708691849398597640e+00 -4.029372583926257079e+00
2.743629129134440348e+00 -3.265495432543183085e+00
2.688726206903204741e+00 -2.570536185841810095e+00
2.687356657980870978e+00 -1.883108519672802572e+00
2.686672581574121921e+00 -1.140727725587563413e+00
2.693755883179733246e+00 -4.407435789829960981e-01
2.679246352552461019e+00 2.902569923604652047e-01
2.715420484966315939e+00 1.036978715540023188e+00
2.717807862055906298e+00 1.764868928737516995e+00
2.704245735717336174e+00 2.538794918039986470e+00
2.708354804726809562e+00 3.226329272450549013e+00
2.698078672923401200e+00 3.939627018088941668e+00
3.401053266572240830e+00 -4.007302950387341411e+00
3.415943437506889779e+00 -3.291740963622046934e+00
3.424874888295065034e+00 -2.568232525005061717e+00
3.514234809941768845e+00 -1.862454255143905613e+00
3.399187260428014667e+00 -1.161883523319740874e+00
3.428100469974552311e+00 -4.163470881642226118e-01
3.371281968944202845e+00 3.538874956734368027e-01
3.440677767336111970e+00 1.017179829229384325e+00
3.451882827565128764e+00 1.753660632258132068e+00
3.470284635666871509e+00 2.503339982563016264e+00
3.482763330398178425e+00 3.224724272888337850e+00
4.160303933224199113e+00 -4.016001684259343563e+00
4.157923422464875784e+00 -3.288991392689300852e+00
4.163453397553766422e+00 -2.565505549510763927e+00
4.145948524139974722e+00 -1.135182300320138893e+00
4.147611080845202025e+00 -4.233012205670476646e-01
4.168630966486411182e+00 3.228020765764441080e-01
4.196275362353212302e+00 1.027661548208875786e+00
4.229820474598206204e+00 1.772320775618059230e+00
4.203831453714926170e+00 2.478985585707764727e+00
4.235735829816114517e+00 3.200363027701314422e+00
4.258078527911088429e+00 3.886941376539837734e+00
4.884417262853474995e+00 -4.008701578848274494e+00
4.899000484626128582e+00 -3.288819342863252615e+00
4.903195442031439200e+00 -2.563683379486253244e+00
4.913979346599568032e+00 -1.829763048726086083e+00
4.887270195137482176e+00 -1.136958393325389949e+00
4.887891948902527872e+00 -3.884773274381991826e-01
4.910441253810979845e+00 3.157723290665614968e-01
4.901539613974165377e+00 1.049325372142899226e+00
4.956560490967184762e+00 1.760302445050307085e+00
4.972887353819537282e+00 2.497085338840239643e+00
4.956250488244265284e+00 3.203301455064256231e+00
4.944070888280599263e+00 3.951750145715323015e+00
5.636442897557330411e+00 -4.024689713173653871e+00
5.613699138116459153e+00 -3.298792160747691327e+00
5.630908789438713313e+00 -2.567487881539705086e+00
5.629634700013880888e+00 -1.815354158566176324e+00
5.618464863044188462e+00 -1.102251291267457134e+00
5.676430753631144910e+00 -4.017808641360822719e-01
5.653257577994708072e+00 3.297843361626178194e-01
5.668480891427172708e+00 1.026087172174314333e+00
5.673985625437744318e+00 1.761773837785067798e+00
5.694231037908330961e+00 2.522711149461933644e+00
5.711048182535918727e+00 3.220743322592078073e+00
5.723009819324403225e+00 3.930009437747052914e+00
6.385075692720882046e+00 -4.018862282328786506e+00
6.363076887729818054e+00 -3.326713679278096691e+00
6.374177924899584013e+00 -2.562428745401366115e+00
6.374143822624290578e+00 -1.843739964717819646e+00
6.429982107044153850e+00 -4.015627681554860828e-01
6.427705100605152211e+00 3.274837724309911380e-01
6.386482237597356004e+00 1.034239550458920576e+00
6.442801500702294959e+00 1.754983925240839682e+00
6.454303323829371664e+00 3.195042070259631828e+00
6.472574367931628103e+00 3.924361246553004889e+00
7.102460489910050967e+00 -4.021290406582835431e+00
7.049903820607930527e+00 -3.310005347882562177e+00
7.114320554384697459e+00 -1.856276531223855386e+00
7.165603393942873822e+00 -1.146505941627765424e+00
7.208314108926849428e+00 -4.045633425101975433e-01
7.216250448895834779e+00 3.160927597684342061e-01
7.183907123276583206e+00 1.036405934545918228e+00
7.184603864205726609e+00 1.750310149938567150e+00
7.198140583742890897e+00 2.489106475468346957e+00
7.202257099331902168e+00 3.220699350818982509e+00
7.188221774497144168e+00 3.960525540476545814e+00
7.914046832347651161e+00 -4.018382439009311469e+00
7.898714057868055249e+00 -3.306678428515734680e+00
7.912493548556632561e+00 -2.537487911584911160e+00
7.870513549275116816e+00 -1.892200302754183383e+00
7.912733353973187889e+00 -1.173947187055439656e+00
7.949654637446535332e+00 2.780355660622646496e-01
7.955534238448699114e+00 1.025272506172552056e+00
7.947760406849937453e+00 1.734647613754066953e+00
7.928402548517709647e+00 2.483898251322294470e+00
7.924616567888747909e+00 3.198642307545078722e+00
7.916207615383569873e+00 3.939136805941409136e+00
8.672737657232381991e+00 -2.612550766480044473e+00
8.689378963599892813e+00 -1.164785765726449540e+00
8.681494373019553734e+00 -4.610262286822610633e-01
8.675188608189415618e+00 2.838626156434713721e-01
8.656187677210240849e+00 1.020069236826916637e+00
8.671102512010129715e+00 1.731289761825834717e+00
8.662431777175413572e+00 2.475582443795609322e+00
8.675193995908479394e+00 3.201110661186561401e+00
8.691737703255512315e+00 3.915430933666407043e+00
9.444712821477558862e+00 -1.909455762605997364e+00
9.425773499542295042e+00 -1.183755811363127464e+00
9.438128117749762680e+00 -4.800563497366994170e-01
9.399719108487282426e+00 2.548858177442880901e-01
9.383711261111514546e+00 1.038388019321569544e+00
9.411002067462476361e+00 1.731613193264415429e+00
9.425163768886207549e+00 2.437821623681688976e+00
9.416499043397919877e+00 3.162488097735035808e+00
9.445594758431177240e+00 3.868756774355333050e+00
1.031099582796289127e+01 -4.059675372023924922e+00
1.030847877323110140e+01 -3.334237181757455204e+00
1.030148321103053632e+01 -2.604571306818833420e+00
1.026051249817053446e+01 -1.913435312149516676e+00
1.023546538277413021e+01 -1.168442014727087752e+00
1.021795066848718392e+01 -4.618757595824583007e-01
1.015796459034704213e+01 1.011109424803244394e+00
1.015990845611521820e+01 1.703890852682913959e+00
1.017567804554998645e+01 2.445017661759017358e+00
1.018059218709035463e+01 3.184634959231658513e+00
1.022221970754024056e+01 3.871763517028071533e+00
1.106036099031077669e+01 -3.349918157721557321e+00
1.106164654030418859e+01 -2.611600203642534979e+00
1.106005033081497402e+01 -1.908936178449437193e+00
1.100303806458721567e+01 -1.180116162667335544e+00
1.094033498544926886e+01 2.597098716286438957e-01
1.090847192822083400e+01 9.869868692217487194e-01
1.090637000564291981e+01 1.707394300396270381e+00
1.091664661441625839e+01 2.429392212809187157e+00
1.094436999120799214e+01 3.118121177146967682e+00
1.096631892021837018e+01 3.890037572195296889e+00
1.182451254511381222e+01 -3.334745091439888398e+00
1.181005911632457384e+01 -2.609282431168605143e+00
1.183723366258566756e+01 -1.929185950256972149e+00
1.177235451061614668e+01 -1.163972582104264575e+00
1.175983541947439193e+01 -4.454778816314011181e-01
1.171108563881675479e+01 2.560685455042452929e-01
1.166532428893808060e+01 9.872846310661849145e-01
1.164910774776069502e+01 1.720585882911144893e+00
1.166079805612572784e+01 2.448394672036730668e+00
1.170971696918063998e+01 3.136463604893521051e+00
1.170433798966493555e+01 3.860611260209040552e+00
1.265916368723259922e+01 -4.112452607318136444e+00
1.261440983402099647e+01 -3.355673884054745315e+00
1.259446050610387857e+01 -2.635632599682146804e+00
1.255697123955081906e+01 -1.912441262475187642e+00
1.253480304451282024e+01 -1.159660864307380024e+00
1.251267526932880259e+01 -4.321987201143500101e-01
1.254304446959540087e+01 2.939606391632558768e-01
1.248366200170409712e+01 9.707405517106657555e-01
1.255972579562627089e+01 1.698839235559141514e+00
1.250099252009038509e+01 2.475746818934439375e+00
1.248686488277633799e+01 3.154304050627239064e+00
1.250691330014286962e+01 3.890387777946287429e+00
1.344325333668868439e+01 -4.058217130880755974e+00
1.345448598063717327e+01 -3.338107962274388996e+00
1.343196458879338451e+01 -2.590911921151025865e+00
1.330903096766893157e+01 -1.128810583305863702e+00
1.332657165340493322e+01 2.968808411716175044e-01
1.327002388878054262e+01 1.003186074596911226e+00
1.327699674906466498e+01 1.729124294361742642e+00
1.325094215207663950e+01 2.460050068162605186e+00
1.327481862936948431e+01 3.199170153740183764e+00
1.327747504962253089e+01 3.899950255551239309e+00
1.415552691960621701e+01 -3.342847089037832120e+00
1.420848807238728284e+01 -2.603607791510921032e+00
1.416310076354582748e+01 -1.890169671177616806e+00
1.417872399227577773e+01 -1.170417019270189485e+00
1.415333481577947339e+01 -4.313450522447688229e-01
1.411626603874606900e+01 2.731679992099778076e-01
1.410030624521656506e+01 1.020904865330095390e+00
1.402677403791159350e+01 1.736378688155472361e+00
1.400017496874029632e+01 2.505332354894164837e+00
1.401326313892862885e+01 3.209568348661086645e+00
1.405430190523873080e+01 3.901936907799765208e+00
1.497242793756061729e+01 -4.070567295063291624e+00
1.495231521781724382e+01 -3.333399110387308184e+00
1.496139937221251870e+01 -2.607473452890037180e+00
1.493074646747383127e+01 -1.892209700877611311e+00
1.484859789942811403e+01 3.366683945815083234e-01
1.481714449057340488e+01 1.028946604414269217e+00
1.482308491996964506e+01 1.753004588693404031e+00
1.481505340606472032e+01 2.472032700639065439e+00
1.486506750442989500e+01 3.194247805194187606e+00
1.487097217342383715e+01 3.913695420808032566e+00
1.579652214283605360e+01 -4.063804103596048378e+00
1.578710787802496185e+01 -3.363628261884159087e+00
1.574383467742087817e+01 -2.589493256283816436e+00
1.567716426335341851e+01 -1.147415025788383502e+00
1.564952253549275696e+01 3.432971196577909723e-01
1.563919168887856870e+01 1.004901800792904254e+00
1.557661284716974848e+01 1.757029830849308638e+00
1.560141950282163492e+01 3.197995828289045050e+00
1.560036798890848075e+01 3.931154849935367679e+00
1.654672655070415033e+01 -4.078275627045609752e+00
1.653921509799157974e+01 -3.355495927545952384e+00
1.656065889808947134e+01 -2.619163588638322437e+00
1.654383917399883330e+01 -1.912234554511641704e+00
1.645524705007199628e+01 -1.167527783628695914e+00
1.651933012553114111e+01 -4.459678567612108679e-01
1.639898469409201454e+01 3.279957737941536777e-01
1.634942365443269807e+01 1.760106788419982138e+00
1.636563256363935892e+01 2.486961074059845345e+00
1.633944124063774694e+01 3.227818450405059991e+00
1.638270581432186646e+01 3.913828596504231427e+00
1.727741140442537926e+01 -4.087275203313556204e+00
1.728645652458428827e+01 -3.359573509054470719e+00
1.727430276550731492e+01 -2.663165449204615953e+00
1.727690726529905163e+01 -1.911302303087950349e+00
1.723680526874468200e+01 -1.197708661222325333e+00
1.722368418318985306e+01 -4.631089019928786854e-01
1.721246798449597293e+01 2.787053394281286955e-01
1.715851360517479662e+01 1.783615271693719251e+00
1.714275713176034799e+01 2.489240876606306330e+00
1.711570932669002332e+01 3.188236161531214918e+00
1.713387203582662011e+01 3.933470274458017002e+00
1.802252162055107476e+01 -4.074422450619806568e+00
1.800512515508006572e+01 -3.352509014944125454e+00
1.798806188392942573e+01 -2.642098576700835366e+00
1.797929147210338385e+01 -1.876580042075502774e+00
1.797934442470642580e+01 -1.177808112270103180e+00
1.795198509009588150e+01 -4.587977984136557552e-01
1.795648211046445653e+01 3.440293385398192072e-01
1.789672424558948194e+01 1.028433987471235156e+00
1.787914989057500748e+01 1.692548485665771096e+00
1.790273718023549776e+01 2.517601693451862133e+00
1.789896385800469858e+01 3.215153051339356693e+00
1.791722453312539187e+01 3.958220346153495939e+00
1.874474208565552402e+01 -4.053026813967605335e+00
1.873824586184284868e+01 -3.356857757848572987e+00
1.871774404269888237e+01 -2.608749697238295084e+00
1.869449761704724011e+01 -1.896273443001028625e+00
1.866678060147271623e+01 -1.180737510972353022e+00
1.869458880258947886e+01 -4.345727479624876821e-01
1.865850253091571176e+01 2.889941839436254156e-01
1.866354112676422972e+01 1.039427118046202025e+00
1.864648196988662221e+01 1.775424375423341417e+00
1.864173294472066544e+01 2.512003382328511947e+00
1.862734218704490274e+01 3.250691558966927630e+00
1.861466527204209598e+01 3.957532801111653953e+00
1.945695803139395252e+01 -4.085587689085233620e+00
1.945352001871660974e+01 -3.341274631099732773e+00
1.942394082262031674e+01 -2.610592189964325627e+00
1.943466891604254698e+01 -1.898439652505746977e+00
1.942084354329870166e+01 -1.150821944327237389e+00
1.942654898374019723e+01 -4.237449090586977718e-01
1.938599502186796997e+01 3.117537908483747344e-01
1.941716802512876683e+01 1.032110365509367966e+00
1.935935827884604521e+01 1.767052329342707395e+00
1.937195634144890732e+01 2.506481175429907893e+00
1.935289599968764662e+01 3.247260145606610138e+00
1.938093404288994748e+01 4.005100777812202750e+00
2.024228556828266079e+01 -4.033891825107485118e+00
2.017613860943629334e+01 -3.310851862188435746e+00
2.017986343104447400e+01 -2.584147684080619456e+00
2.016447705385530043e+01 -1.869431314216210893e+00
2.014108361688320770e+01 -1.146925048083151211e+00
2.013589303331171720e+01 -4.170627953261281107e-01
2.014089605772301184e+01 3.131323550660773947e-01
2.012542958939437909e+01 1.037891042378255690e+00
2.012023154519418711e+01 1.772640670695537324e+00
2.014024104637881152e+01 2.503157484132987776e+00
2.011031201150170489e+01 3.231528141506693430e+00
2.016138844930608798e+01 3.978236703623231563e+00
2.100322913227699217e+01 -4.055623814461291943e+00
2.099439011949920797e+01 -3.316041297740010663e+00
2.095952186013482788e+01 -2.596028048251554310e+00
2.093602788963903549e+01 -1.832872442219947828e+00
2.092302312012868271e+01 -1.113432964464930564e+00
2.089968563711561700e+01 3.227706348929615388e-01
2.097605334964011092e+01 1.054502156724364426e+00
2.092646343582379842e+01 1.779495486996577114e+00
2.090173152358663344e+01 2.526783235077296297e+00
2.088809153876665192e+01 3.249123525372759502e+00
2.095581948318044851e+01 3.919827899158939033e+00
2.173325324241153567e+01 -4.064115814370627078e+00
2.171351359192101427e+01 -3.327552185540305629e+00
2.169587204442360218e+01 -2.567038580581296969e+00
2.172474859906794364e+01 -1.861297028200485926e+00
2.174096791745053281e+01 -1.127616686488650544e+00
2.171416212778646582e+01 -4.106786849257346717e-01
2.170266775462525999e+01 3.267130654938554812e-01
2.173872178553713042e+01 1.060532713059124887e+00
2.168285429457021962e+01 1.775627629781286743e+00
2.170188169077182039e+01 2.531250304090306713e+00
2.172002640110014937e+01 3.215249028211680127e+00
2.172828715745349371e+01 3.956004824356497807e+00
2.269580913178268844e+01 -3.967110258199440409e+00
2.261971149342920029e+01 -3.324944476405981675e+00
2.264566782220910568e+01 -2.538996625882823821e+00
2.268885328480167374e+01 -1.832245427210477118e+00
2.254245861160251252e+01 -3.983022990972742150e-01
2.252860319048812698e+01 3.390579605339070213e-01
2.252222530407748025e+01 1.071575356768796894e+00
2.248610833513410512e+01 1.796119540201353004e+00
2.248737672408011434e+01 2.513059614207936221e+00
2.249444994168437262e+01 3.221272104149946358e+00
2.248619973306684017e+01 3.986430143096704626e+00
2.340706596647607540e+01 -4.051100154900193928e+00
2.341124293881659213e+01 -3.311503722809661099e+00
2.340038497517660687e+01 -2.590752387949638802e+00
2.341124713141515912e+01 -1.845081388473811757e+00
2.339506633847680916e+01 -1.117712896848704673e+00
2.337870159962318439e+01 -3.943535948855121376e-01
2.336415741194431206e+01 3.316044682556480439e-01
2.330591115981525974e+01 1.076166428504254924e+00
2.330109055980185673e+01 2.559401179176319374e+00
2.327712933455972433e+01 3.234211425286247277e+00
2.325247546904891038e+01 3.954747131221083123e+00
2.414542273989133037e+01 -4.035164875047701827e+00
2.413500434956600316e+01 -3.308327180862185912e+00
2.414797357948162215e+01 -2.583042112086708642e+00
2.413442754187403949e+01 -1.849528568774214676e+00
2.413568654767542654e+01 -1.122805355194728349e+00
2.411008127782677235e+01 -4.085847165461977681e-01
2.409953563120907916e+01 3.250992769545355543e-01
2.408706496394353280e+01 1.062912294208032904e+00
2.408164864313755515e+01 1.791380272316430933e+00
2.407588072566016280e+01 2.512031517457721463e+00
2.401121090315700002e+01 3.258886673123875255e+00
2.405381013983864591e+01 3.947087323515297896e+00
2.487166429714833527e+01 -4.035055275417317233e+00
2.487018622483250141e+01 -3.312177321209912151e+00
2.486356937983312321e+01 -2.577404798876333558e+00
2.488065977930182271e+01 -1.856490934221589839e+00
2.485903014801930766e+01 -1.115276962199178712e+00
2.484419462413024604e+01 -3.871396626175069855e-01
2.488275520225307957e+01 3.032909174044746692e-01
2.484496438052094902e+01 1.063302230903456547e+00
2.480271751955897486e+01 1.782780207408428907e+00
2.481948931404047443e+01 2.519612083283263360e+00
2.478652168192819261e+01 3.251270283341256118e+00
2.484226699477890321e+01 3.965277137296610022e+00
2.563135991332714525e+01 -4.026383083023233667e+00
2.560918468519317059e+01 -2.592956739584899140e+00
2.557052215053607114e+01 -1.874388894098665048e+00
2.560400187725755927e+01 -1.137540594535987992e+00
2.558817739448356576e+01 -4.086198519495880532e-01
2.558608167856863247e+01 3.191490397738725449e-01
2.559371554112895097e+01 1.036604901519872612e+00
2.559686869983051594e+01 1.780966987251879630e+00
2.557441278577608301e+01 2.501709762176208329e+00
2.556393296993579867e+01 3.236409660805840360e+00
2.557391692503878033e+01 3.957873577714387636e+00
2.635437761215861485e+01 -4.027270311206706310e+00
2.623732954595570988e+01 -3.306775528994680968e+00
2.637224078666999105e+01 -2.585804962912543914e+00
2.633234398375505236e+01 -1.854895782275658433e+00
2.633686323386999817e+01 -1.139408288211665621e+00
2.633280567263452809e+01 -4.114900949336366409e-01
2.632501467020114205e+01 3.166792278892103241e-01
2.632063564799570798e+01 1.035676009639200146e+00
2.631765896741638500e+01 1.765450108729456957e+00
2.633699499795218912e+01 2.481483190260465932e+00
2.632960495781273380e+01 3.230953184828678104e+00
2.634217337999032793e+01 3.958016898600263289e+00
2.707847127275043420e+01 -4.025745507795829070e+00
2.708381381758302808e+01 -3.327000699944054674e+00
2.706903880758552106e+01 -2.596112986495207053e+00
2.707248797906979121e+01 -1.864078812326663837e+00
2.706986254631382849e+01 -1.139106693442663243e+00
2.706201107008617157e+01 -3.892530596993992731e-01
2.707411071467970487e+01 3.167143704301196294e-01
2.704403314519159096e+01 1.047546476113385694e+00
2.708068796261055411e+01 1.790581170354119678e+00
2.710598146925958929e+01 2.534842847745935046e+00
2.707938912058533276e+01 3.230492847993339467e+00
2.708650121121872445e+01 3.956628848977921109e+00
2.785432542130368461e+01 -4.047845275539245335e+00
2.780307473560210241e+01 -3.354552077662223297e+00
2.785081273750651576e+01 -2.597656932574412991e+00
2.782091786737281325e+01 -1.868986541120435163e+00
2.783252479520185574e+01 -1.145951079525378447e+00
2.780436257000143030e+01 -4.426165301023061716e-01
2.782030723046290888e+01 3.223940932524875791e-01
2.781330548240995881e+01 9.995062863390202779e-01
2.780436759696591764e+01 1.787063195906430479e+00
2.781905165180821626e+01 2.493982855018867184e+00
2.783618235638132177e+01 3.227002809386476656e+00
2.782750318623355668e+01 3.954180393840502461e+00
2.858480195134800539e+01 -4.075889791704383924e+00
2.857442119337942898e+01 -3.319568094351854626e+00
2.857163455150973874e+01 -2.592201391094988594e+00
2.859460564656982484e+01 -1.882995641462741787e+00
2.857772540324805988e+01 -1.133511412460112666e+00
2.858892336330466577e+01 -4.212721788209492502e-01
2.859254459204641563e+01 2.989002392701465283e-01
2.859204330638772973e+01 1.016556460527304750e+00
2.858802988706124637e+01 1.754937597038331631e+00
2.855023501254029128e+01 2.495769633780717811e+00
2.855560317954522276e+01 3.226772535777243434e+00
2.858053302340481849e+01 3.949094194398732327e+00
2.937942154117367721e+01 -4.044429018379485541e+00
2.933817500303710091e+01 -3.339054465778882985e+00
2.933788299126934618e+01 -2.567340281946538738e+00
2.932506512898140016e+01 -1.887451932911211827e+00
2.931436866547146991e+01 -1.160256093022454138e+00
2.929825497933962453e+01 -4.323351033426625634e-01
2.930231260684931982e+01 2.916810113941004090e-01
2.931942848403482316e+01 1.020813476886512916e+00
2.932265732176573891e+01 1.728555432935301894e+00
2.933476993968518087e+01 2.474655529095461048e+00
2.934417606808722923e+01 3.186414584883543455e+00
2.934789654933792491e+01 3.934964780243412008e+00
3.009746109101798339e+01 -4.058636865704208674e+00
3.011874061164373728e+01 -3.350025172554332187e+00
3.010503712910686858e+01 -2.620436886613898508e+00
3.009576850175650264e+01 -1.892418281709296934e+00
3.009126016582566621e+01 -1.161844577006384327e+00
3.006636423987658446e+01 -4.353594628186492344e-01
3.007926297729039078e+01 2.927401388901245127e-01
3.006020759799122999e+01 1.028383452481868687e+00
3.006730091243662883e+01 1.754811581121245467e+00
3.007919844931978304e+01 2.460718160802546350e+00
3.008446723918179799e+01 3.182361897549142782e+00
3.008399980193336631e+01 3.911925264223675924e+00
3.085512502371842203e+01 -4.058838983562914393e+00
3.083321801226524173e+01 -1.880699013984855839e+00
3.082809782850470270e+01 -1.177795214269586666e+00
3.083518790760455630e+01 -4.247825809306355893e-01
3.084152937173012532e+01 2.816161933509242488e-01
3.081675329050219858e+01 9.962164355619123057e-01
3.082146133015867662e+01 1.734250584718861177e+00
3.082217801902240950e+01 2.463446349186948936e+00
3.082465946395607403e+01 3.186445616475829468e+00
3.080870913838023029e+01 3.904800328907498397e+00
3.162388840938574930e+01 -4.074159565434825936e+00
3.159470783553047823e+01 -3.325807190073074793e+00
3.159145160505627103e+01 -2.609837617069565852e+00
3.161154348519101376e+01 -1.896372183174577231e+00
3.158536856822912142e+01 -1.174353455287842962e+00
3.156543535646515153e+01 -4.622872083158355849e-01
3.157735151394286532e+01 2.812587267349506703e-01
3.158486026645470446e+01 1.003999024154968112e+00
3.159176434587389082e+01 1.735526079193114413e+00
3.158653953143166149e+01 2.470221678622635864e+00
3.156018335692019861e+01 3.207911568102275623e+00
3.156930427494385327e+01 3.924924636266553080e+00
3.238342938190289289e+01 -4.062031617331996358e+00
3.236060557036247332e+01 -3.346877694068783882e+00
3.231193212284272676e+01 -2.602562322477879775e+00
3.233759490710969686e+01 -1.904867700160714605e+00
3.231545802362143860e+01 -1.155371229572864422e+00
3.232750782246751697e+01 2.721415076110282882e-01
3.232660427478669618e+01 9.906705179561896557e-01
3.230087322041651277e+01 1.740478392859248657e+00
3.231788722742216891e+01 2.468534342166154971e+00
3.230527621238352509e+01 3.187520684504178803e+00
3.236550802443722574e+01 3.904375914570266559e+00
3.308984179244611568e+01 -4.064093265104638419e+00
3.308883910808456363e+01 -3.343424452633456667e+00
3.309315136190092943e+01 -2.605926040089524776e+00
3.307544932047229480e+01 -1.883871905646198996e+00
3.307304549547175299e+01 -1.164073392497236625e+00
3.305698235887847858e+01 2.735088579543187848e-01
3.304653241030981548e+01 1.006040031041106175e+00
3.309347573302736834e+01 1.720559973535998211e+00
3.308293965645710699e+01 2.447240439150721869e+00
3.308362570551549453e+01 3.190391907006656425e+00
3.308346852467797561e+01 3.915183758351609811e+00
3.384465727692124659e+01 -4.054287607815265204e+00
3.383345703087611156e+01 -3.330616608205808404e+00
3.385283176862275667e+01 -2.612293058331992768e+00
3.380917592764409818e+01 -1.889233678021248863e+00
3.381163383513409570e+01 -1.148366122814813650e+00
3.383653960592138077e+01 -4.463334545746988624e-01
3.380680161840771092e+01 2.728609778953199339e-01
3.381318031713201577e+01 1.004375320701754504e+00
3.380963205192731635e+01 1.731669185057711502e+00
3.379164144717001506e+01 2.477238570493224046e+00
3.382833017625291205e+01 3.201989026028968510e+00
3.379666510466237384e+01 3.939814039271794854e+00
3.458547708147556676e+01 -4.038797938265620502e+00
3.456911437284124844e+01 -3.314751081169497127e+00
3.457051896656027878e+01 -2.596847669371737055e+00
3.455645814394909365e+01 -1.889910095069510021e+00
3.456542067824211273e+01 -1.166935033642459985e+00
3.455358744143719463e+01 -4.482845476072938595e-01
3.454140675493464840e+01 2.818731975408574897e-01
3.454401991061298105e+01 1.022035891710615374e+00
3.455454754400974338e+01 1.759186832791726829e+00
3.457114465555169858e+01 2.472513371919671243e+00
3.457078694003731556e+01 3.205881727229609623e+00
3.454755058072363028e+01 3.936060550572683781e+00
3.531279989515918061e+01 -4.052715872931827334e+00
3.525194436803516140e+01 -3.350445577073394077e+00
3.529893760688752735e+01 -2.603257418340589879e+00
3.529924708001615130e+01 -1.881630487708935817e+00
3.529251686453356029e+01 -1.189599828759277500e+00
3.530837789686217576e+01 -4.552002929269463039e-01
3.529342481172520962e+01 2.984039515730891878e-01
3.528043739914823362e+01 9.962639907060157896e-01
3.526899377535958280e+01 1.760952483754760323e+00
3.526304842932754724e+01 2.454068903920578748e+00
3.529559400762899912e+01 3.212653148365468780e+00
3.527717445617188474e+01 3.933408332756961556e+00
3.605440160899214419e+01 -4.031944742478433596e+00
3.604858041113369183e+01 -3.311147008248710222e+00
3.605220990615416810e+01 -2.595616828638302565e+00
3.603810643415304327e+01 -1.881730008311492952e+00
3.603194730782404775e+01 -1.157398798616007696e+00
3.602344209760752136e+01 -4.306216056537266468e-01
3.603892511730204973e+01 3.162874544378837527e-01
3.604724823300217196e+01 1.078829871422858133e+00
3.605028397567834730e+01 2.474952327378201034e+00
3.603350764500030579e+01 3.224149072425682050e+00
3.605645888530627730e+01 3.972607085174608699e+00
3.677434169100933303e+01 -4.071427320919259074e+00
3.676913901251597139e+01 -3.315703994189497905e+00
3.677956632162743489e+01 -2.651167593593694249e+00
3.677259864779295384e+01 -1.870945337946047005e+00
3.676835025709349480e+01 -1.143527157520651372e+00
3.675645083619267695e+01 -4.181613947470950166e-01
3.679978747646396897e+01 3.120057504938422710e-01
3.677511914195435594e+01 1.023163195489953381e+00
3.676729018301670493e+01 1.798697666501499981e+00
3.676300488618908702e+01 2.499462548733930589e+00
3.681189634271992617e+01 3.255653152491099434e+00
3.682755818604969278e+01 3.948943382017816361e+00
3.755250277385491842e+01 -4.047757813973483110e+00
3.752043101590376040e+01 -3.306566234740763832e+00
3.751339905924286455e+01 -2.584555031538336323e+00
3.748848475745730724e+01 -1.136897538076421910e+00
3.748915642320410058e+01 -4.082821042339155326e-01
3.747271271928249092e+01 3.769020778619385226e-01
3.750192237920892779e+01 1.070185674337135850e+00
3.753273250506934033e+01 1.758015579320165500e+00
3.756034296820653395e+01 2.497980195490949740e+00
3.752634862156420326e+01 3.231971888018669858e+00
3.754028108693685084e+01 3.951251908959314108e+00
3.828347856807383920e+01 -4.018431958333941623e+00
3.828511281328299987e+01 -3.291660037262847283e+00
3.826593232035524039e+01 -2.580861304166937487e+00
3.826246823347705828e+01 -1.856171176181700133e+00
3.826297192042151352e+01 -1.123992689042584203e+00
3.824350634750758360e+01 -3.900673412722426292e-01
3.830134022327568033e+01 3.673610596126941630e-01
3.830740253707572407e+01 1.071120985964427064e+00
3.831157991758760062e+01 1.776883590334524143e+00
3.831033669043490164e+01 2.533640632641930068e+00
3.907383354864794711e+01 -3.973391082867426150e+00
3.908631284477441881e+01 -3.251529804897177911e+00
3.905283833620226375e+01 -2.566653583837048558e+00
3.909326418013943538e+01 -1.812744514668992224e+00
3.914163699866468704e+01 -1.082072364157152577e+00
3.906272865899094171e+01 -3.157020648082635716e-01
3.910058834552911122e+01 2.604017532619131714e+00
3.910064766489939103e+01 3.144468799612262444e+00
3.989590950703105676e+01 -3.293163373753085210e+00
3.980831519012321706e+01 -2.737360303465166567e+00
3.984526110779896868e+01 -1.844723855979491844e+00
3.998623563715992901e+01 1.102285986410819874e+00
3.998931751368206022e+01 1.859144306835506910e+00
4.000077082217033109e+01 2.617002426189422692e+00
4.000269698214423642e+01 3.309408853923009985e+00
3.999503678069125812e+01 4.018614228974499269e+00
4.073572697393394293e+01 -3.983328907195453183e+00
4.071840149784059548e+01 -3.248379096297444590e+00
4.070849121742731569e+01 -2.487881995728585593e+00
4.071252589128734911e+01 -1.786951308618061063e+00
4.072065877423118962e+01 -1.068778730717379943e+00
4.072552525799004997e+01 -3.350324920516563054e-01
4.073939164149243908e+01 1.116208322404791176e+00
4.072900754144861679e+01 1.846288933959076672e+00
4.071899213188645916e+01 2.543904745879050466e+00
4.070031779002123784e+01 3.323216062101451485e+00
4.071881945030846595e+01 3.983328907195449631e+00
