-2.031551930650280724e+00 -4.083900886367796801e+00
-2.017360244782828715e+00 -2.615522065428990572e+00
-2.027973098538581098e+00 -1.906214815619467373e+00
-2.022870250392550417e+00 -1.170315322370335309e+00
-2.043979252099617838e+00 -4.468918515314364015e-01
-2.030152461464112434e+00 3.392735557148824910e-01
-2.027425470651969874e+00 1.043305014097928307e+00
-2.028182900517983001e+00 1.758008227412155122e+00
-2.022568023985527930e+00 2.457877880557965966e+00
-2.032975017464153211e+00 3.193581046786697186e+00
-2.019780521000733131e+00 3.944151185108083268e+00
-1.213032653449992893e+00 -4.050426284858783532e+00
-1.218274906917820033e+00 -3.343601825535916561e+00
-1.233020976598155016e+00 -2.605035119931155663e+00
-1.270420959675661265e+00 -1.880131329418482267e+00
-1.253446261161997199e+00 -1.153905467079081149e+00
-1.235530805648181740e+00 -4.454775445927623423e-01
-1.258764224506862206e+00 1.018723952284275924e+00
-1.283784977023366025e+00 1.763805003401127891e+00
-1.282583065632692865e+00 2.468069710938106454e+00
-1.301295662726872138e+00 3.251568981206055753e+00
-5.058271128776041792e-01 -3.323926108257747813e+00
-5.610700481125121541e-01 -2.610850682890664132e+00
-5.115798691315731617e-01 -1.879252610000186507e+00
-5.208492026261382080e-01 -1.140264325716014326e+00
-5.164179422167904931e-01 -4.255506216492328520e-01
-5.238961064965934611e-01 1.053253752030780532e+00
-5.167994266406026327e-01 1.760111208198136268e+00
-5.524367409668755613e-01 2.511077547138199861e+00
-5.376823820873610771e-01 3.250511221184027022e+00
-5.452393803321129440e-01 3.976225635977122863e+00
2.174562036726044312e-01 -4.043144727326758670e+00
2.270810386073662812e-01 -3.326486606710989946e+00
2.362085292671309844e-01 -2.587357613537594858e+00
2.192284054661257642e-01 -1.852610998372629325e+00
1.937078390489119784e-01 -1.158663437251188810e+00
2.186879494388946910e-01 -4.266693150958182912e-01
2.098433442627580803e-01 1.023789135624404878e+00
2.024279293331758822e-01 1.788844537892710918e+00
2.020755371722628979e-01 2.520301711193919658e+00
2.150879552719473509e-01 3.249868634222679020e+00
2.220796971779535056e-01 3.966086544206881115e+00
9.550282227426833970e-01 -4.029049992379910350e+00
9.280361981519291703e-01 -3.309769181291660090e+00
9.518262966578276973e-01 -2.601677302925608615e+00
9.626696541849568689e-01 -1.862813744306734520e+00
9.715150858447003657e-01 -1.140679901539765950e+00
9.620998062123007344e-01 -3.951330594299626853e-01
9.636849329410068776e-01 3.366922912579610738e-01
9.485668757211342950e-01 1.752838582455659378e+00
9.550769098838927107e-01 2.542982412356963096e+00
8.897312990298757995e-01 3.264113109311772121e+00
9.468670014141764568e-01 3.988349465621190859e+00
1.701435276397738505e+00 -4.016612748765137297e+00
1.674638045289277954e+00 -3.344531336494728890e+00
1.651461345461470387e+00 -2.606686549958144639e+00
1.679188407102245151e+00 -1.872303124400531260e+00
1.692975496506107902e+00 -1.148174957115994488e+00
1.671440541274392899e+00 -3.988771519434557433e-01
1.639390603568394056e+00 2.973278819619054048e-01
1.672549814198028173e+00 1.038332921278758647e+00
1.678661223689751125e+00 1.778286347687188851e+00
1.708497557313080506e+00 2.545467964604192446e+00
1.646494432585051015e+00 3.204827428196523442e+00
1.683636300817028086e+00 3.968904677531980951e+00
2.433105102332262959e+00 -4.026366329331356297e+00
2.473428892942280299e+00 -3.257659316644701875e+00
2.410701824750134392e+00 -2.571253219315156713e+00
2.411502139207861717e+00 -1.885281691672474835e+00
2.411317058916047529e+00 -1.142647440140592607e+00
2.416835774042539242e+00 -4.447366755528392446e-01
2.403780102460878254e+00 2.887322576033746202e-01
2.439479325980791202e+00 1.034575742418354594e+00
2.441754937681736237e+00 1.763267942135517075e+00
2.429606096804675985e+00 2.541639022254329916e+00
2.432566488279327643e+00 3.226319725179038755e+00
2.421967601072367415e+00 3.939283231101804006e+00
3.126111137695367859e+00 -4.007361830938389602e+00
3.141567697289950445e+00 -3.289747687403057341e+00
3.147427082167112644e+00 -2.565736009720009037e+00
3.221917565992562515e+00 -1.855671988006736939e+00
3.124238184350211611e+00 -1.163857974654845862e+00
3.153881200089564629e+00 -4.189923750807800218e-01
3.094584124697547622e+00 3.516076170062518713e-01
3.170136184171141736e+00 1.011916199189172971e+00
3.178633088936294371e+00 1.752761587024799894e+00
3.199100815839372558e+00 2.499858488482345820e+00
3.213879373291774755e+00 3.223467276167816919e+00
3.883259065055625570e+00 -4.012550716941959195e+00
3.884760053327916296e+00 -3.287624984404217798e+00
3.888883440603791541e+00 -2.564088246741167865e+00
3.869201958112391537e+00 -1.137651297009501405e+00
3.873812228893250165e+00 -4.273797023965855146e-01
3.894745004321755744e+00 3.219669963829296933e-01
3.926188450858681733e+00 1.024625308536418089e+00
3.960029436471998565e+00 1.768727950975389263e+00
3.937224474532143859e+00 2.474574479108209601e+00
3.963656873046723206e+00 3.195902372098004207e+00
3.992684239339070018e+00 3.882599108301867830e+00
4.608167402545845448e+00 -4.009362040576252895e+00
4.625428093096402904e+00 -3.286054529347712361e+00
4.619105361258696973e+00 -2.557102937211496396e+00
4.640827321336779221e+00 -1.827891914087263814e+00
4.615146037923054223e+00 -1.139659893836487470e+00
4.615187944020128441e+00 -3.923584213948281274e-01
4.638548185630689602e+00 3.122992007735518882e-01
4.620700626469080419e+00 1.041626059125555059e+00
4.687447318142609731e+00 1.760526278950070633e+00
4.709070377386346706e+00 2.499466822933928967e+00
4.689951270443138753e+00 3.198400363438885563e+00
4.678072488339566348e+00 3.947896270446307199e+00
5.364165732424361011e+00 -4.021295405581675197e+00
5.338039997580558804e+00 -3.299550566364054305e+00
5.358104060267862678e+00 -2.563935446098401627e+00
5.356671071445582299e+00 -1.814835739403395820e+00
5.345638706630609249e+00 -1.101306802640838356e+00
5.405554347911063928e+00 -4.025457776977034996e-01
5.383870351079593775e+00 3.233618139854392837e-01
5.399026488591530892e+00 1.019824031741478620e+00
5.404611485905263635e+00 1.759718994169951145e+00
5.428627589108273810e+00 2.519257389909732581e+00
5.446105265088121428e+00 3.217665815683915298e+00
5.456669911815190233e+00 3.923983363326307483e+00
6.113979513974420854e+00 -4.016003696813147172e+00
6.090388417184151137e+00 -3.323514459027972379e+00
6.103088522497202462e+00 -2.563298559221315998e+00
6.103694840778629782e+00 -1.843648622381852675e+00
6.177991326686523621e+00 -4.055967221369058961e-01
6.158002708917607038e+00 3.274623051614966585e-01
6.117624570549907048e+00 1.028838533485256335e+00
6.168334345651011574e+00 1.758444804559836427e+00
6.188794317270350120e+00 3.191425667358053886e+00
6.211115310731692318e+00 3.919333320466414250e+00
6.831417375205901976e+00 -4.019282823392504866e+00
6.779739750111325236e+00 -3.311468477893193096e+00
6.845032235654741726e+00 -1.853843940726576989e+00
6.897813424713170605e+00 -1.146407880621801212e+00
6.943948769720698522e+00 -4.025740477536743356e-01
6.952595775766496899e+00 3.169125673612001037e-01
6.917400368427351509e+00 1.036238416583621813e+00
6.916702831986007993e+00 1.739752814906815104e+00
6.934332132304660945e+00 2.484763488379716279e+00
6.936943157419641182e+00 3.217563860621716287e+00
6.927134413871549157e+00 3.958408465363966400e+00
7.645614966814321178e+00 -4.011239667546956156e+00
7.632256506040100419e+00 -3.306632678375532208e+00
7.641988581596066865e+00 -2.540746924446402488e+00
7.601178198966479727e+00 -1.892060134286261075e+00
7.647377259251861403e+00 -1.174993708116698343e+00
7.684856792923682178e+00 2.737203928040088385e-01
7.691643735833167739e+00 1.023333854792976894e+00
7.680735132743969018e+00 1.729553625672142658e+00
7.665740355712728160e+00 2.478890903105956056e+00
7.663887645974909901e+00 3.192523350203202881e+00
7.653380114017238611e+00 3.937433294675500406e+00
8.408383700080811707e+00 -2.615249493985970730e+00
8.427559188984609762e+00 -1.175038622769339014e+00
8.420257879122772238e+00 -4.652506789842298929e-01
8.410248998715466939e+00 2.802047322322422929e-01
8.392463096746887175e+00 1.014230139460309488e+00
8.408445909344465008e+00 1.726621751133112781e+00
8.400284030761433485e+00 2.469271336512559145e+00
8.413664088222006399e+00 3.199799661867515965e+00
8.430952668470517608e+00 3.909485013226721151e+00
9.182106044565365721e+00 -1.914657718182986912e+00
9.164002529612055525e+00 -1.190948785168533419e+00
9.179719231357694298e+00 -4.859068976631171211e-01
9.140817230649595615e+00 2.468600215771132866e-01
9.128919558985117533e+00 1.030155644351218314e+00
9.148551961773421226e+00 1.727056273658522656e+00
9.166510517421208704e+00 2.431239968204408797e+00
9.163559072924201132e+00 3.155995093906227567e+00
9.193361314227409764e+00 3.859802482125978429e+00
1.005830403143007601e+01 -4.060341352152683214e+00
1.006006042580485627e+01 -3.332239049647363061e+00
1.004859917329023489e+01 -2.604375479714029495e+00
1.000404933026318588e+01 -1.918591304042259083e+00
9.976297064255923885e+00 -1.172543684600373837e+00
9.963626508781274538e+00 -4.688707461750993843e-01
9.899958772349968683e+00 1.000386965730587718e+00
9.897211646785663675e+00 1.693385977791567854e+00
9.915755291375752734e+00 2.438580198226237172e+00
9.920226311813614473e+00 3.175944195663781500e+00
9.970902634623357130e+00 3.863102498981817234e+00
1.081295831124385387e+01 -3.354919288843099423e+00
1.081462476972698283e+01 -2.615051502564877950e+00
1.081270576051898047e+01 -1.913637434245881508e+00
1.074895195145737858e+01 -1.186918390529427825e+00
1.068336634045860478e+01 2.505063274434071730e-01
1.065137447777566848e+01 9.770914981037712721e-01
1.065203165092335524e+01 1.698719982797484818e+00
1.066069319510249613e+01 2.419200209769673648e+00
1.069609459497298332e+01 3.108025566799440753e+00
1.072134032919394997e+01 3.879794509889819665e+00
1.158425846894678557e+01 -3.341206120632989496e+00
1.156741075975868682e+01 -2.616795393772317624e+00
1.159425950733636768e+01 -1.937408416325624216e+00
1.152642928519560428e+01 -1.171319630918102206e+00
1.151443380706644604e+01 -4.533875361539578819e-01
1.146096304596269277e+01 2.497149424391054140e-01
1.141022714871598964e+01 9.747359276244829118e-01
1.139457037962672814e+01 1.708778227847503217e+00
1.140912038724691513e+01 2.435605065256083890e+00
1.146312802395243580e+01 3.122014576480658832e+00
1.145994803298484044e+01 3.848744360939235776e+00
1.243758500281728629e+01 -4.113275435431731353e+00
1.238845394829863977e+01 -3.364668916536139420e+00
1.236162866106305103e+01 -2.649307110900412709e+00
1.231710789933184458e+01 -1.923660968535575222e+00
1.229231609411385762e+01 -1.166038415546942986e+00
1.226903505333905287e+01 -4.423326950359438570e-01
1.229994702241678084e+01 2.819281141389140544e-01
1.223603665986510691e+01 9.535950054830273359e-01
1.232524273456820652e+01 1.685219701218791499e+00
1.226187782273347437e+01 2.461916693515899368e+00
1.224315184661414690e+01 3.142187460659968679e+00
1.227104025500385376e+01 3.872714873741742281e+00
1.323717318887552352e+01 -4.064264647718033530e+00
1.324763047770043300e+01 -3.344031960225773759e+00
1.322010459288340911e+01 -2.600549174566214816e+00
1.311211972889373101e+01 -1.129618955691867654e+00
1.309755367517438174e+01 2.773669226488344464e-01
1.303426632037555777e+01 9.932738109406180627e-01
1.304051029720792343e+01 1.718328897121001120e+00
1.301113294349220695e+01 2.446368038611943518e+00
1.303846604211172888e+01 3.186020321983292547e+00
1.304162314841006065e+01 3.885519672364445398e+00
1.394628260191176850e+01 -3.349236786107596231e+00
1.400759625745492087e+01 -2.607477730833679175e+00
1.395776642114661570e+01 -1.900143738998753662e+00
1.397467452255376230e+01 -1.183722464817297038e+00
1.394175167206615384e+01 -4.431931686335595089e-01
1.390558399905218323e+01 2.747791160493484597e-01
1.387437103179738784e+01 1.010759900300900682e+00
1.379487402698487131e+01 1.726662694762751471e+00
1.376268360934339796e+01 2.495826666124472126e+00
1.377464486268586086e+01 3.194272446339390115e+00
1.382595784971372410e+01 3.889435997042120619e+00
1.478275731522878544e+01 -4.078962530337754799e+00
1.476084665895853476e+01 -3.341656473555989493e+00
1.476544165033486422e+01 -2.615887362585382903e+00
1.473694673143432965e+01 -1.901798640421759501e+00
1.463272295444505744e+01 3.189863431495574275e-01
1.459851870923224482e+01 1.021699058445150854e+00
1.459619948903734610e+01 1.743437605622474962e+00
1.458929674945474630e+01 2.454039070439183234e+00
1.464731769259115879e+01 3.174429524954547333e+00
1.465736586491287596e+01 3.898490860140753966e+00
1.561799167505410679e+01 -4.069168183393234273e+00
1.561448097477217090e+01 -3.376985122876497769e+00
1.555695578280135294e+01 -2.595243539194406424e+00
1.548128236143573133e+01 -1.155687193454998152e+00
1.544643062504754738e+01 3.380449273382843955e-01
1.543545663127841294e+01 9.918015688963279786e-01
1.535496468837216355e+01 1.746387930972595370e+00
1.539439609084603688e+01 3.192598836713500532e+00
1.539062592088735215e+01 3.916715305808772030e+00
1.637599359478227257e+01 -4.086529168161771253e+00
1.636944598869917655e+01 -3.361440633330992966e+00
1.638913062070191984e+01 -2.630201027991507345e+00
1.637617110227424888e+01 -1.922457956805800450e+00
1.627188454478375235e+01 -1.180213861379378670e+00
1.634389509438074839e+01 -4.567502811487784697e-01
1.619805129831584622e+01 3.228909012695844183e-01
1.614333107323126626e+01 1.754788134375864672e+00
1.615616648223572582e+01 2.479613057864472836e+00
1.612936240581996827e+01 3.212479312849261248e+00
1.617685596630808931e+01 3.898047683846066036e+00
1.710838645558010995e+01 -4.097570136425105147e+00
1.711648153183095644e+01 -3.370245309548902668e+00
1.710186099449099828e+01 -2.672005955049364445e+00
1.710308997075357240e+01 -1.923275954712746483e+00
1.705965728643973023e+01 -1.204875069994265857e+00
1.704447601748157126e+01 -4.805888520293599697e-01
1.703139602470015745e+01 2.683043529334234734e-01
1.696076786946533588e+01 1.785185871171496075e+00
1.694353022232243688e+01 2.479893964549365393e+00
1.691367946391536492e+01 3.172280652363994591e+00
1.693117432812512391e+01 3.921179834896385330e+00
1.785766497466807579e+01 -4.084304220931578300e+00
1.783831760262275168e+01 -3.368072227685708242e+00
1.781818818397017878e+01 -2.655776086472378950e+00
1.780657438941577198e+01 -1.890997588943626795e+00
1.780139975413930387e+01 -1.190089236211704815e+00
1.777078224235250303e+01 -4.698242877643963311e-01
1.777110530712431569e+01 3.321132313198873476e-01
1.771180188651290877e+01 1.018256007397535967e+00
1.769723269665794163e+01 1.685886597183927194e+00
1.770909095709283321e+01 2.510672329967327698e+00
1.770417704849081986e+01 3.207826911862632357e+00
1.772672516277683741e+01 3.948899981610786369e+00
1.857596945354273998e+01 -4.058405955325060432e+00
1.857027920465851878e+01 -3.366511625734911917e+00
1.854342842662124724e+01 -2.615568169574711277e+00
1.852125235038580087e+01 -1.905887802458629210e+00
1.848757280925607915e+01 -1.189066809863064123e+00
1.851442486243950469e+01 -4.429680229140053882e-01
1.847346304718233512e+01 2.818621688615472465e-01
1.847672865258144270e+01 1.039197341826806564e+00
1.845555663676328351e+01 1.770305495978291788e+00
1.845465291124514096e+01 2.507033533985485008e+00
1.843154941081554199e+01 3.243026967253619830e+00
1.842625736006542780e+01 3.954993040127121162e+00
1.928884090213049518e+01 -4.091029814823265554e+00
1.928264782256287901e+01 -3.350499910066204734e+00
1.925001053466036893e+01 -2.615151100425372022e+00
1.925641204122194239e+01 -1.903336702134563296e+00
1.924023126170160225e+01 -1.157469279549697916e+00
1.924544459875886560e+01 -4.309890192732801495e-01
1.920041746821529216e+01 3.079919076811599155e-01
1.923181987154177364e+01 1.026393616509441387e+00
1.917311883270588169e+01 1.762882118185032709e+00
1.918257066120865773e+01 2.499383012463365361e+00
1.916039125798980081e+01 3.246311894421054944e+00
1.919369103015105793e+01 4.002905429862693154e+00
2.008953281353360865e+01 -4.029424318150056195e+00
2.000430674273385989e+01 -3.314539140465196709e+00
2.000673621581942996e+01 -2.587390688097507052e+00
1.998903259725583581e+01 -1.875692629568966652e+00
1.996007448311983978e+01 -1.150124962332537137e+00
1.995388408679448133e+01 -4.224726805928078477e-01
1.995823848958558244e+01 3.079191668060055065e-01
1.994262256426095803e+01 1.030524424121217919e+00
1.993394474058706578e+01 1.770369205432665183e+00
1.994500956053126117e+01 2.506672252431140890e+00
1.992202683408147834e+01 3.229040161401655951e+00
1.997936874010913044e+01 3.975019921135071854e+00
2.084830233481044104e+01 -4.062633407068616975e+00
2.083719285665803511e+01 -3.319834078918741938e+00
2.080393433779580192e+01 -2.588810353509529705e+00
2.076699762270429517e+01 -1.836561717433237817e+00
2.075305951821984962e+01 -1.114260013197640120e+00
2.072249020050426083e+01 3.201555635268498179e-01
2.082564028528555156e+01 1.040913794461953756e+00
2.075961503671319974e+01 1.776637242746872403e+00
2.073073191560496298e+01 2.526057769422802579e+00
2.072724810905509685e+01 3.252477388963072258e+00
2.078339358741231280e+01 3.902410715296454669e+00
2.157874029105989422e+01 -4.068909818397440148e+00
2.155736567374312074e+01 -3.329891983275590661e+00
2.153716514213233069e+01 -2.570504132292100508e+00
2.156549883346583840e+01 -1.864449779443507538e+00
2.159488109531260847e+01 -1.135865434998844847e+00
2.155662030780177929e+01 -4.105523142872016251e-01
2.154205164956680107e+01 3.209864854914243892e-01
2.158526112022764210e+01 1.058484608825729367e+00
2.152072411836987698e+01 1.773975606631292834e+00
2.154202719542941225e+01 2.528669484733928385e+00
2.156308434034625066e+01 3.211759016696859703e+00
2.157751153756756679e+01 3.949184490664983116e+00
2.259630884368372250e+01 -3.963168034998048483e+00
2.251156782349632834e+01 -3.328979099681532716e+00
2.253749566594624554e+01 -2.532976989412134117e+00
2.258873779672240545e+01 -1.825978263558816650e+00
2.244985928111473328e+01 -3.853684526376603969e-01
2.238954394758248867e+01 3.383063167473743249e-01
2.239643916900323717e+01 1.071199952847145198e+00
2.233793078487886419e+01 1.796071205608150478e+00
2.234247245348224453e+01 2.508466145647503254e+00
2.234482858109262082e+01 3.215950391430901334e+00
2.233398998013040426e+01 3.980875344951307682e+00
2.329942555668029058e+01 -4.052430912646705963e+00
2.330178165042994465e+01 -3.313985983332813134e+00
2.329060574457069777e+01 -2.592879441683280106e+00
2.330157176427321275e+01 -1.850333595124357799e+00
2.328210852897483818e+01 -1.119768628492764151e+00
2.326159700571084699e+01 -3.950240637248612074e-01
2.324881611370948775e+01 3.312503380045583867e-01
2.317459061492873929e+01 1.075077579650830728e+00
2.317919842600822022e+01 2.556021357637661140e+00
2.314328539226467285e+01 3.233402519099151107e+00
2.311276364033400910e+01 3.946046307117697438e+00
2.403739792963728661e+01 -4.035907287972129609e+00
2.402586630783043375e+01 -3.314038015253569114e+00
2.403947056162360951e+01 -2.586809337882101545e+00
2.402880132896979859e+01 -1.851862153027543201e+00
2.402856716933573011e+01 -1.126147641473639993e+00
2.400165932338030217e+01 -4.120055597337319853e-01
2.398405627313730548e+01 3.174008513817163646e-01
2.397181629666646785e+01 1.062450451602963142e+00
2.396450389562821215e+01 1.787130509945654921e+00
2.395903619426345443e+01 2.508300237248242581e+00
2.389656872770726181e+01 3.257609485382893411e+00
2.393318297730998268e+01 3.942942388451442071e+00
2.476324866386270429e+01 -4.036478158745687495e+00
2.476241415599045581e+01 -3.314065763549677968e+00
2.475515972583857405e+01 -2.581172721302543493e+00
2.477257341402034285e+01 -1.861447358325634127e+00
2.475061831298648229e+01 -1.117006396405393787e+00
2.473332315515786206e+01 -3.877554330111472325e-01
2.477476279657219038e+01 3.031579406357458595e-01
2.473590774870248765e+01 1.062554433651868635e+00
2.468509681732865602e+01 1.780130833138006352e+00
2.470762533420166562e+01 2.519432769517703008e+00
2.466998537745227793e+01 3.249835202654217881e+00
2.473358803964580233e+01 3.955959224658322171e+00
2.552833542293986824e+01 -4.027800976766574337e+00
2.550352437575840980e+01 -2.595267540099239767e+00
2.546265608629951060e+01 -1.885918078835231881e+00
2.550027758151517077e+01 -1.139267682542350002e+00
2.548182331288360558e+01 -4.134865522338309063e-01
2.548256239019189451e+01 3.141261711969320913e-01
2.548722548537743648e+01 1.032281275403427401e+00
2.548857521057941256e+01 1.779570372737452999e+00
2.546370402939368915e+01 2.497240184444478928e+00
2.545368242662597424e+01 3.233913947840854064e+00
2.546583295743486275e+01 3.955283987751869290e+00
2.625196179541327268e+01 -4.030012459477511300e+00
2.608251296193719782e+01 -3.322888370321948059e+00
2.626853894231653186e+01 -2.591344050107618813e+00
2.622790961516822250e+01 -1.859423501326798345e+00
2.623048402162743997e+01 -1.144014324974701680e+00
2.622612846119010044e+01 -4.155871710491965132e-01
2.621798805145115807e+01 3.125612867116629445e-01
2.621436555278920366e+01 1.032117431840795518e+00
2.621254240514415557e+01 1.762718832095035992e+00
2.623009610973250005e+01 2.480352646223149549e+00
2.622385788129759732e+01 3.227531592987226361e+00
2.623745254296223806e+01 3.951088508831837487e+00
2.697349921484286739e+01 -4.030487608565799462e+00
2.698248048173164193e+01 -3.328496610654472221e+00
2.696569494056126359e+01 -2.600228149078443352e+00
2.696548399463009815e+01 -1.869723347808154301e+00
2.696718445839960054e+01 -1.143170906966044953e+00
2.695978405253567445e+01 -3.920650661170945739e-01
2.697081021269276846e+01 3.121580671036454646e-01
2.694075645777092376e+01 1.043311483861479871e+00
2.697510880189683746e+01 1.787406532853204055e+00
2.700583719160415086e+01 2.529146933495873384e+00
2.697847775542108906e+01 3.226623413232253768e+00
2.698768715141975605e+01 3.953131409466841717e+00
2.775807106108018729e+01 -4.052474938178384889e+00
2.770521999170481564e+01 -3.360707618398574681e+00
2.775116148451289888e+01 -2.601764217361676401e+00
2.772081222534851719e+01 -1.874737389567712853e+00
2.773192823731857715e+01 -1.150667843374041155e+00
2.769920561884521248e+01 -4.523160076064911550e-01
2.771733026940471944e+01 3.191258636635048163e-01
2.771247832066463701e+01 9.956282853520335152e-01
2.770524038976108727e+01 1.783822165804693327e+00
2.771719530655633434e+01 2.486702742936081734e+00
2.773746355334961322e+01 3.219606590193379247e+00
2.772954296987622769e+01 3.945301789223506717e+00
2.849298133078793427e+01 -4.081875726635917800e+00
2.847640105207381822e+01 -3.326501607681201733e+00
2.847377345054844255e+01 -2.600496565877609356e+00
2.849567451731333989e+01 -1.890112932446072591e+00
2.848023584278887910e+01 -1.141958804642158043e+00
2.849207331134071097e+01 -4.281941275479219655e-01
2.849560338794955072e+01 2.906254993215071636e-01
2.849415158038448936e+01 1.006555780050405247e+00
2.849087236333379991e+01 1.744060093825506641e+00
2.844887677434552842e+01 2.490347145670050111e+00
2.846250280168603553e+01 3.220325607789781941e+00
2.848847307955319508e+01 3.941434453598368748e+00
2.929553600934146829e+01 -4.047326390500924020e+00
2.924532582634538613e+01 -3.347052370185032544e+00
2.924963555115706271e+01 -2.574519081174479140e+00
2.923021352186916744e+01 -1.893923623345887819e+00
2.921959854393568179e+01 -1.169077933349218057e+00
2.920258176797501193e+01 -4.357174738684825854e-01
2.920665494031396037e+01 2.825752083525152614e-01
2.922543659773341318e+01 1.011202819066529202e+00
2.923355482848494802e+01 1.718076750468636504e+00
2.924615588393705679e+01 2.464962067020870506e+00
2.925678440348797693e+01 3.174017484839531278e+00
2.925921492991819406e+01 3.919027636135069770e+00
3.001119288126573537e+01 -4.063487613925502728e+00
3.002851370123517682e+01 -3.362133000212487843e+00
3.002093558321490008e+01 -2.631014357458123953e+00
3.000945761137059975e+01 -1.901992446363937717e+00
3.000473072252211892e+01 -1.173275006055238379e+00
2.997725378948114638e+01 -4.430177944820350433e-01
2.999349166754371510e+01 2.802442847007142745e-01
2.996593548389214590e+01 1.014692009027577058e+00
2.997794026572427839e+01 1.740374969447188391e+00
2.999159962143806268e+01 2.447460093843904616e+00
2.999646946409723824e+01 3.165855123280792327e+00
2.999959535062554750e+01 3.897369316361782410e+00
3.078173213416290110e+01 -4.067703180934710616e+00
3.074969467243202104e+01 -1.892085620829863757e+00
3.074438342262366319e+01 -1.190038148281278296e+00
3.075273344980528378e+01 -4.360757661396519325e-01
3.075905056409040839e+01 2.638061876003554573e-01
3.073169406447561158e+01 9.797297169731358224e-01
3.074445637561122879e+01 1.722612567462416422e+00
3.074029817614185589e+01 2.446136668841397466e+00
3.073828459337652674e+01 3.163336001829570421e+00
3.072679650720896660e+01 3.888313652272607612e+00
3.154995686375490749e+01 -4.085391051040236476e+00
3.152035909321876517e+01 -3.335156614378039563e+00
3.151696183329760714e+01 -2.618073861291360771e+00
3.153462556413676765e+01 -1.907813764465959849e+00
3.150584989877847164e+01 -1.184459610994537115e+00
3.148418351439924123e+01 -4.776116203700340179e-01
3.149924849402668059e+01 2.638942348574815355e-01
3.150916557459270706e+01 9.859794348074544246e-01
3.151485167346164218e+01 1.719892984249234757e+00
3.150915936493988312e+01 2.452988637595939991e+00
3.147763520041504393e+01 3.191437611075755854e+00
3.149237619759193052e+01 3.910756618222734460e+00
3.232309926172847980e+01 -4.068792212888602933e+00
3.228912827408736774e+01 -3.359279118845321932e+00
3.223309776848159203e+01 -2.611330985770436541e+00
3.226426642054519078e+01 -1.919425633616089755e+00
3.223639019319912080e+01 -1.164140277018677949e+00
3.224949099369931815e+01 2.549794366591200401e-01
3.224755648383661111e+01 9.744486308638045102e-01
3.222446503869058887e+01 1.722023926538810201e+00
3.224063400982787897e+01 2.452494034308287496e+00
3.223457691730587982e+01 3.174142436974612735e+00
3.230077590017680933e+01 3.892158235678131462e+00
3.302331176820471370e+01 -4.071319277984805751e+00
3.301866197529718505e+01 -3.357504245783022867e+00
3.302568252278289407e+01 -2.616422936068929062e+00
3.300687753656725221e+01 -1.897090781963889583e+00
3.300202205497088670e+01 -1.177433105542135650e+00
3.298811882148820729e+01 2.590230805101896294e-01
3.296949788192832642e+01 9.888274472031071127e-01
3.302097560216562755e+01 1.701890602294604093e+00
3.301412267849257631e+01 2.428635272170176052e+00
3.301042666606851839e+01 3.176775261228129921e+00
3.301431541436860329e+01 3.897848940128042727e+00
3.378669480087265953e+01 -4.061138493994807419e+00
3.377215977276842551e+01 -3.340958740566854601e+00
3.379127348325824443e+01 -2.622614169703048503e+00
3.374402911648447656e+01 -1.899241075499315201e+00
3.374172426121389634e+01 -1.156767844484583918e+00
3.377570883024385040e+01 -4.609164529060798543e-01
3.374062644844189407e+01 2.549069814671192091e-01
3.374328703244577099e+01 9.862376726912032154e-01
3.374287386146306034e+01 1.715831121094829825e+00
3.372318416972961330e+01 2.461495309700627132e+00
3.375836551493890880e+01 3.187206043293514313e+00
3.373019680487407612e+01 3.923973917716708115e+00
3.452681641468185347e+01 -4.046030559265098248e+00
3.451101042970001487e+01 -3.321458645321033742e+00
3.451013994836578291e+01 -2.604943011697503863e+00
3.449356377958935838e+01 -1.902815874358012138e+00
3.450343339369286610e+01 -1.181959082549795426e+00
3.448909948990580432e+01 -4.633317615282130930e-01
3.447460682251298891e+01 2.675231687456509633e-01
3.447736094890996839e+01 1.004080746391757373e+00
3.448972111577747768e+01 1.745474194769162324e+00
3.450354045963344873e+01 2.458543333136582021e+00
3.450710822010898227e+01 3.191512276558469807e+00
3.448392736021740035e+01 3.918400066327208719e+00
3.525521641929159244e+01 -4.061004266229872428e+00
3.519758725233661067e+01 -3.356812249387434832e+00
3.524025089936100841e+01 -2.616485034969674217e+00
3.523831051046254714e+01 -1.894619032116608537e+00
3.523553543970212587e+01 -1.200301580775242627e+00
3.524223912529823366e+01 -4.663715753260433416e-01
3.523337888924476857e+01 2.842537560760121096e-01
3.521468635300620775e+01 9.786116165588083504e-01
3.520222013825530638e+01 1.749675842941645243e+00
3.519865519995428116e+01 2.441503640075662673e+00
3.523088822518790408e+01 3.203077396793183595e+00
3.521365757759871684e+01 3.923731946575074403e+00
3.600104190563900630e+01 -4.040857489891472198e+00
3.599395998796705243e+01 -3.322404298342782170e+00
3.599343963860095386e+01 -2.606111150509349272e+00
3.597999798546126016e+01 -1.893976709802725367e+00
3.596986080756028770e+01 -1.169856634300824538e+00
3.596096068254967548e+01 -4.407945069587775322e-01
3.597617087914796485e+01 3.061132075770878203e-01
3.598628182179938761e+01 1.067314129201438533e+00
3.598931512598927185e+01 2.460916711559971048e+00
3.597396161000842341e+01 3.212350036250235519e+00
3.599569094437533323e+01 3.965104083815269576e+00
3.672369122263324215e+01 -4.079487485170723460e+00
3.671960662794445085e+01 -3.325091931697127023e+00
3.672954965429938312e+01 -2.643078286760509599e+00
3.671248433251957266e+01 -1.881021553092804055e+00
3.670712239065229454e+01 -1.155513076453882348e+00
3.669781286649149621e+01 -4.285004782244072885e-01
3.673268790248888394e+01 3.007962163487292173e-01
3.671362034441080624e+01 1.013533149025754199e+00
3.670668588169083790e+01 1.787761400637677411e+00
3.670208452823332124e+01 2.489686643495641505e+00
3.675247712873503048e+01 3.244192692513315990e+00
3.677251403729849955e+01 3.937977727971571085e+00
3.750303263147728927e+01 -4.049858533502138869e+00
3.746370319592438847e+01 -3.317063503910922861e+00
3.745994861389480235e+01 -2.591425537486149011e+00
3.743100316537582017e+01 -1.142568696982557697e+00
3.742770379442061568e+01 -4.163007801697560240e-01
3.741764264825412312e+01 3.661903781782598344e-01
3.744369751662907930e+01 1.061792235738312939e+00
3.748261951014874427e+01 1.751182702101608868e+00
3.750656664666400530e+01 2.490267915515968156e+00
3.747179525781613307e+01 3.219879791108745337e+00
3.748630898034563330e+01 3.941705170846084627e+00
3.824070544711147335e+01 -4.019584793182808369e+00
3.823143736233571843e+01 -3.295604952423769163e+00
3.821584943562908876e+01 -2.586578367884879270e+00
3.821027196894188904e+01 -1.860962102911873473e+00
3.820989899339478058e+01 -1.128627245314795857e+00
3.818951838702060542e+01 -3.966947559059548212e-01
3.824805721414184490e+01 3.679738606556099967e-01
3.825896249636854662e+01 1.068588909925519914e+00
3.826146928236956768e+01 1.766695286978567481e+00
3.827117801056042623e+01 2.523715497438530520e+00
3.903559120959184980e+01 -3.972042729466025435e+00
3.904687048222957202e+01 -3.254290110036745176e+00
3.900230400292326038e+01 -2.563993032636069813e+00
3.907215778855020716e+01 -1.802956432136770815e+00
3.907610097222515577e+01 -1.106612547588429862e+00
3.902996388481115986e+01 -3.220317221445654354e-01
3.906547475111887735e+01 2.614858644169380852e+00
3.905225526665909541e+01 3.175125920005733349e+00
3.984894411102684586e+01 -3.269390971678877378e+00
3.976313387167231639e+01 -2.864524751416684722e+00
3.981629210317489509e+01 -1.840933399971607543e+00
3.998304969691303512e+01 1.105510536744819916e+00
3.999082611418007360e+01 1.868585718114939453e+00
4.000196058417693479e+01 2.626617336962262073e+00
4.000320867069455488e+01 3.314307790903107787e+00
3.999815973855891826e+01 4.019184373350768169e+00
4.073493599405818344e+01 -3.979693938813642973e+00
4.072051445886420851e+01 -3.247664227870359355e+00
4.070982495839600546e+01 -2.484073843626905642e+00
4.071531498989342168e+01 -1.780618721836184193e+00
4.072481785967423917e+01 -1.065543726268970204e+00
4.072786970211615909e+01 -3.364883377214411553e-01
4.073756768889148105e+01 1.120821124039665051e+00
4.073106613000231135e+01 1.850224587360582262e+00
4.072529945571933041e+01 2.513014759861199821e+00
4.070419983113101381e+01 3.328638420142240761e+00
4.071961043018423965e+01 3.979693938813646525e+00
