-1.285740931733045045e+00 -4.075483443345934376e+00
-1.269237051843660424e+00 -2.649462305839179521e+00
-1.280995440786689699e+00 -1.896008702530586731e+00
-1.274397170873250218e+00 -1.164745187592611586e+00
-1.293969419852551539e+00 -4.453075309915917046e-01
-1.281538033175301905e+00 3.853237597126479841e-01
-1.279596315921878613e+00 1.044886717714096136e+00
-1.278336538468316519e+00 1.763780961346643750e+00
-1.273515293235369938e+00 2.468741970989270840e+00
-1.278621062248703311e+00 3.209812735883801338e+00
-1.266110403015865415e+00 3.953807622473043182e+00
-4.868760485498171420e-01 -4.048312490501807304e+00
-4.787090062880636765e-01 -3.341445124100712150e+00
-4.976820632393099686e-01 -2.601183353020996236e+00
-5.287004041574974167e-01 -1.885214300330591897e+00
-5.224526746835636004e-01 -1.149522940871349874e+00
-5.052508359213447875e-01 -4.365324698755586041e-01
-5.431086527941246800e-01 1.014474626528162560e+00
-5.362332312522966049e-01 1.765738017525631420e+00
-5.334474334301759768e-01 2.467935563983576941e+00
-5.504702114412509673e-01 3.248793780335930137e+00
2.275047729651475947e-01 -3.320628357017270105e+00
1.820347092129281918e-01 -2.606616754243102463e+00
2.257722332345863947e-01 -1.876893812034857945e+00
2.136346255928458504e-01 -1.137567282343926678e+00
2.191331695902576371e-01 -4.170461621386003515e-01
2.130240689670230836e-01 1.045909856911443114e+00
2.171325768963043856e-01 1.761684669612119336e+00
1.906712243558317255e-01 2.511968661830568550e+00
2.087151890626941508e-01 3.249827027712804295e+00
1.936501609224805520e-01 3.969808024897403698e+00
9.429605783241967742e-01 -4.042391854666188777e+00
9.549736358698979188e-01 -3.326792037131415469e+00
9.621541584299606598e-01 -2.591695791551057226e+00
9.498854674457177794e-01 -1.860994317694473210e+00
9.289555311886346090e-01 -1.148302196908350226e+00
9.491677907633615519e-01 -4.287428280265750402e-01
9.448733397656994271e-01 1.032345949345618408e+00
9.372503922953825395e-01 1.787515777706047970e+00
9.436193383568962645e-01 2.519044181575630148e+00
9.534787932067629868e-01 3.247566848489661595e+00
9.561565112484160522e-01 3.957144080448998125e+00
1.682438910979023206e+00 -4.030755778669593781e+00
1.660311675431927370e+00 -3.317076336420544891e+00
1.684480513585093320e+00 -2.606521890126010987e+00
1.693815493958510388e+00 -1.866648742650543369e+00
1.702933633022212234e+00 -1.136729888107918640e+00
1.692127382458934903e+00 -3.932926598917205752e-01
1.699500398046424721e+00 3.451873768884503590e-01
1.683919343056437867e+00 1.751549350601187882e+00
1.688561130482703732e+00 2.542370147815219639e+00
1.637373127387000693e+00 3.258826741589800235e+00
1.680609571224167098e+00 3.978638856842984239e+00
2.426823276668251594e+00 -4.024923370462779815e+00
2.406404200511069291e+00 -3.337033475236747648e+00
2.383881413801191229e+00 -2.607717643791573892e+00
2.408721673301009503e+00 -1.869806914510718343e+00
2.414823333708326913e+00 -1.146724384369296246e+00
2.402492129106576613e+00 -3.965549129412870855e-01
2.385810809557320056e+00 2.882350231070631708e-01
2.403328592031172661e+00 1.050226943987073724e+00
2.405449932186456863e+00 1.781101683264505908e+00
2.440023273289320116e+00 2.540289309375644677e+00
2.384847892274386538e+00 3.208234875042599299e+00
2.409658687768242658e+00 3.968778835887341927e+00
3.159571033717554656e+00 -4.037165415698751758e+00
3.187878397079451531e+00 -3.275236765682723927e+00
3.139517228555796180e+00 -2.576877647073715139e+00
3.140525401524222104e+00 -1.883640028922151544e+00
3.139118560655433043e+00 -1.142677423915298363e+00
3.148195531103560540e+00 -4.357336508231490768e-01
3.130333022987414893e+00 2.869453868247546779e-01
3.164834958373219820e+00 1.036422872105905668e+00
3.163177621943553675e+00 1.770881874097980813e+00
3.152438376393057240e+00 2.531908492288209800e+00
3.158079492065944294e+00 3.224356392381160674e+00
3.147632848265544681e+00 3.937094981032444707e+00
3.850183522815029846e+00 -4.012355830493021358e+00
3.865884478772073862e+00 -3.300205822950591283e+00
3.875689708697940716e+00 -2.575928379711928784e+00
3.975693138577440777e+00 -1.875753916840285029e+00
3.853853638153807992e+00 -1.159669861757514298e+00
3.876841397878969531e+00 -4.154378050436129399e-01
3.831730815556774417e+00 3.498639386611195334e-01
3.887311819863342066e+00 1.020734530577406929e+00
3.899799629709946203e+00 1.752787035015760608e+00
3.913042081789555482e+00 2.502767410960068162e+00
3.924057646375338493e+00 3.221717837953505637e+00
4.612602269876731498e+00 -4.018593385497872816e+00
4.606484865795941630e+00 -3.297220718187062971e+00
4.615275505260150624e+00 -2.571325876787327047e+00
4.593895450514352774e+00 -1.136876369979574974e+00
4.598377501474374185e+00 -4.222312293353382984e-01
4.617021193622775854e+00 3.203615226284988182e-01
4.641573330558259158e+00 1.025425954240759552e+00
4.670709144835484494e+00 1.772967652090873258e+00
4.645173198165906570e+00 2.479326799594726793e+00
4.675199670189805090e+00 3.205573705964873454e+00
4.688737298511824747e+00 3.900990878530357975e+00
5.328033723959983092e+00 -4.016074361232437440e+00
5.345434145854945029e+00 -3.295637367813835539e+00
5.351953834153995615e+00 -2.575289987612734421e+00
5.360643423668918217e+00 -1.839405643546051294e+00
5.335473113223244468e+00 -1.139929013430943883e+00
5.334233329762490428e+00 -3.883246286027635108e-01
5.354956407775361527e+00 3.137234746670465313e-01
5.361882702447736904e+00 1.069000008607975616e+00
5.394369129565461662e+00 1.752653451159272180e+00
5.406900590410202767e+00 2.499730015821256757e+00
5.394726775647455952e+00 3.209540686881233285e+00
5.381682878637008116e+00 3.945679968579881347e+00
6.082721396714440232e+00 -4.032722597063010284e+00
6.068404487626395394e+00 -3.303924452912941234e+00
6.080199661580870441e+00 -2.578074375822559716e+00
6.077576900951385142e+00 -1.819624172822408070e+00
6.062488817237479566e+00 -1.110312252587537074e+00
6.117927501914216748e+00 -4.063992082759639857e-01
6.095392048926775885e+00 3.312337820069686245e-01
6.110162433235970525e+00 1.030154590191532549e+00
6.116543091396252407e+00 1.762509078621910419e+00
6.134771141651491178e+00 2.521858906312868243e+00
6.143579106696435588e+00 3.222385569763083879e+00
6.151832125835532850e+00 3.936869948724535107e+00
6.825067198032186866e+00 -4.028421299276942591e+00
6.813710373982921453e+00 -3.332521774174431073e+00
6.819204355345462432e+00 -2.572104298531861843e+00
6.818827052660303423e+00 -1.854959519296457415e+00
6.854520172326118654e+00 -4.045576534279042846e-01
6.865898262166751920e+00 3.210709364833732593e-01
6.814425000811887401e+00 1.034645777714036541e+00
6.884995287881338299e+00 1.754481104228425181e+00
6.885966509179318962e+00 3.199699136609623906e+00
6.899292746319517278e+00 3.928554964613823586e+00
7.552011289070364342e+00 -4.030095712920932272e+00
7.494663172376760940e+00 -3.313198096372392598e+00
7.555165571911160782e+00 -1.861271528720006785e+00
7.600192672698099727e+00 -1.152824219329033895e+00
7.643769394034869435e+00 -4.104251433970524943e-01
7.644091750759983483e+00 3.126581363885563292e-01
7.620148489432608585e+00 1.030728845317508302e+00
7.621641809726511951e+00 1.757396612570939709e+00
7.628903317841491116e+00 2.491020752423160900e+00
7.633625148847407615e+00 3.219704763063582220e+00
7.614982892523336488e+00 3.957946050687233708e+00
8.348328294604911548e+00 -4.040576208868472463e+00
8.335401276506011925e+00 -3.312205724554072361e+00
8.347461750267513025e+00 -2.555533472502425241e+00
8.310282975397868199e+00 -1.891861468921103295e+00
8.347827266392187084e+00 -1.174939235617038946e+00
8.379973437841861994e+00 2.778632459567056401e-01
8.382673015114107784e+00 1.030125287627448927e+00
8.376384675280952763e+00 1.739357383290695225e+00
8.359003572836066098e+00 2.487578131030588224e+00
8.346068090846074483e+00 3.200809910086576338e+00
8.342500150000311976e+00 3.942255729133599118e+00
9.099302094834314403e+00 -2.611281240567080886e+00
9.113271964047314100e+00 -1.164736667812661608e+00
9.103004821957640047e+00 -4.567084817487021553e-01
9.104687417477812517e+00 2.864268340774032140e-01
9.084471187478584397e+00 1.025958657960806875e+00
9.100784710896732577e+00 1.736282322213511975e+00
9.082240309620175367e+00 2.479315868008889368e+00
9.100611943047901775e+00 3.203357540576689644e+00
9.114195422674605140e+00 3.923109067409960460e+00
9.864287821870362905e+00 -1.903662572377228912e+00
9.851916292694703259e+00 -1.180920521273392865e+00
9.858550871091281920e+00 -4.735640132379010936e-01
9.824726962271270736e+00 2.649878270163625871e-01
9.804099883892476441e+00 1.043887753305433819e+00
9.836050113519121396e+00 1.743724183971220754e+00
9.842471471636770275e+00 2.445568175408872946e+00
9.830935424385899069e+00 3.174691798639450724e+00
9.860692728603915214e+00 3.880261559184617681e+00
1.070604999613513542e+01 -4.062101112501309785e+00
1.069617709027707519e+01 -3.341834869782463358e+00
1.069524974460787092e+01 -2.615167742544233676e+00
1.066971814161987453e+01 -1.907277928191959404e+00
1.065262021071257692e+01 -1.166645295217353606e+00
1.063102064806648883e+01 -4.497035324545599622e-01
1.057758750735597175e+01 1.026457068225646196e+00
1.058233649263649312e+01 1.713309069175437571e+00
1.059157012671064280e+01 2.455328686062077992e+00
1.059504711641282171e+01 3.200117782689261503e+00
1.062719554802145439e+01 3.883089947357277083e+00
1.144902906544485433e+01 -3.346155028277113530e+00
1.145011829743513943e+01 -2.611880771732259632e+00
1.145530620324193904e+01 -1.907654381261270515e+00
1.140479271888299451e+01 -1.173638859504688270e+00
1.135419022983541737e+01 2.664808012440893492e-01
1.132409284696674234e+01 9.962997065846543876e-01
1.132140693717867919e+01 1.717383369121648684e+00
1.132640029660558412e+01 2.443858241191019687e+00
1.134541075370242424e+01 3.137469156248606339e+00
1.136524917229992582e+01 3.903109174462009889e+00
1.219858393675254149e+01 -3.329482455043443423e+00
1.219083240488070885e+01 -2.605883105297781555e+00
1.221203564792223517e+01 -1.919011217037990491e+00
1.215459580932274264e+01 -1.156023711412800026e+00
1.215070878545941468e+01 -4.327421320805946436e-01
1.211488149578342899e+01 2.664415158833257635e-01
1.207395315637915445e+01 1.002303208936634604e+00
1.205744759371849284e+01 1.735371808236184421e+00
1.206701824849092475e+01 2.458284615527116301e+00
1.210505190057940439e+01 3.160329522422195225e+00
1.209695352998713247e+01 3.879393956329359128e+00
1.300680288469965973e+01 -4.110456976151876773e+00
1.296167805047978305e+01 -3.345892870668304653e+00
1.295662677683434083e+01 -2.622789487626423721e+00
1.293073599868740331e+01 -1.899074192518924065e+00
1.291216698171151478e+01 -1.156216585891300497e+00
1.289915379000097317e+01 -4.262212074572673259e-01
1.291930888366363206e+01 3.022138829813307837e-01
1.287835230717156776e+01 9.949541360223399522e-01
1.292511153303746596e+01 1.720987438831464544e+00
1.288445580869107232e+01 2.491536449587382407e+00
1.287979452063069630e+01 3.176169273543344218e+00
1.288928333061758025e+01 3.915463778683921703e+00
1.376567587426038131e+01 -4.058641890707608724e+00
1.377445873922999908e+01 -3.335134810504349900e+00
1.375897733938605683e+01 -2.586192634662946688e+00
1.368326034264059388e+01 -1.132592127615865252e+00
1.368132539874008557e+01 3.057001767522820046e-01
1.364068449009127448e+01 1.012654282374466419e+00
1.364238065214892259e+01 1.743113911657410142e+00
1.362599142546366693e+01 2.472668834710294306e+00
1.365657242404907379e+01 3.216151794660831342e+00
1.365027616535481059e+01 3.918069635299218589e+00
1.447768304865357436e+01 -3.337098367906222052e+00
1.452015437352800831e+01 -2.603482214319683408e+00
1.448181648047034997e+01 -1.882109843534184535e+00
1.450046451047141005e+01 -1.162565569689405720e+00
1.449020657398459377e+01 -4.232310685280040730e-01
1.444456769431020859e+01 2.713267801895682396e-01
1.445059834006092814e+01 1.029456699483631610e+00
1.439231738357438672e+01 1.744518955402174498e+00
1.437444195169065608e+01 2.508019581682759735e+00
1.438877086137981109e+01 3.224324936411619547e+00
1.441200977259843796e+01 3.922106921508621724e+00
1.526695487324169420e+01 -4.069726424562603029e+00
1.525500617268066605e+01 -3.334854897964586229e+00
1.526521385450004686e+01 -2.606303612507019807e+00
1.524497192838974513e+01 -1.881644017832957871e+00
1.518835372067761114e+01 3.350750401688351587e-01
1.516310192194953288e+01 1.032236952347897585e+00
1.517315278837119052e+01 1.764062451303502144e+00
1.515989457618417902e+01 2.490637304675942687e+00
1.520135638227080932e+01 3.210238720206305629e+00
1.520201705248082646e+01 3.932436443296793982e+00
1.606865791927819487e+01 -4.059949188659686570e+00
1.605359546994230158e+01 -3.354223257318562190e+00
1.603191607069322089e+01 -2.591178236828270087e+00
1.598556718173666269e+01 -1.145449082813531305e+00
1.596500462988675650e+01 3.422700414992654316e-01
1.595685365807739942e+01 1.012348783972914390e+00
1.591759662588326307e+01 1.765002211218781980e+00
1.593753300432166498e+01 3.217580273657539180e+00
1.593188285055990150e+01 3.940816513029410828e+00
1.681057639836171802e+01 -4.072107439738157808e+00
1.680265434406207703e+01 -3.343973689154221773e+00
1.682563339216287090e+01 -2.613167717081452679e+00
1.680648339241768241e+01 -1.901646574124100653e+00
1.673787733970299030e+01 -1.162726950759484623e+00
1.678962029503009745e+01 -4.390211956185936515e-01
1.671292878819407690e+01 3.301440905410153448e-01
1.667779364417324217e+01 1.762958697901076732e+00
1.668924271945809323e+01 2.493053180896424692e+00
1.666468621208413481e+01 3.237694053890088242e+00
1.669861738386595107e+01 3.930063302932857994e+00
1.754004957620526994e+01 -4.077898943735476678e+00
1.754785106307039655e+01 -3.350837010844060160e+00
1.754288952792117584e+01 -2.658755057472458105e+00
1.754287674906302641e+01 -1.899860929646333574e+00
1.751026729267815796e+01 -1.188974754702424974e+00
1.750272113387577377e+01 -4.513980241586672548e-01
1.749667620930358680e+01 2.897501216128581802e-01
1.746171474129070589e+01 1.781781194890935893e+00
1.744864661714687060e+01 2.498734997531901314e+00
1.742873318882892875e+01 3.198773985267933995e+00
1.744303891763975400e+01 3.942477620964780272e+00
1.828101903263874561e+01 -4.061886679991300042e+00
1.826082837807279446e+01 -3.338494215950017718e+00
1.825204860656828032e+01 -2.626675642333907490e+00
1.824744860553775538e+01 -1.867269258616651939e+00
1.825162887490740360e+01 -1.169172327289469848e+00
1.823747015759529688e+01 -4.539255774077872729e-01
1.824365162575713839e+01 3.513655237222472749e-01
1.818606370200208744e+01 1.033037083035278414e+00
1.817520805569348852e+01 1.695688672433945499e+00
1.819868132730692878e+01 2.519285493403998544e+00
1.819613990204366871e+01 3.218424348773631039e+00
1.821136416835524585e+01 3.959700748891727073e+00
1.900492638059931494e+01 -4.050433692940220709e+00
1.899321130201983010e+01 -3.347414641282014713e+00
1.898459183889021773e+01 -2.605177817685429886e+00
1.896582797491435457e+01 -1.890239735908728846e+00
1.894125704564873303e+01 -1.173389132574506277e+00
1.896839216354634061e+01 -4.321798479218692535e-01
1.894014380123466168e+01 2.954533336106983654e-01
1.895145942361349967e+01 1.041174528474002159e+00
1.893527870571362115e+01 1.780996717364416781e+00
1.892570464746792425e+01 2.510522701887108354e+00
1.892719598253702173e+01 3.254219450491618204e+00
1.891105177700433870e+01 3.957860552802323184e+00
1.971817432413454441e+01 -4.082833708187532551e+00
1.971721104682991665e+01 -3.334497361275204241e+00
1.969380954471085232e+01 -2.608143300086126715e+00
1.970685393074774794e+01 -1.891952394351925193e+00
1.969828712650697611e+01 -1.145246452833102779e+00
1.970791780644672997e+01 -4.212611718098564495e-01
1.967641652567625954e+01 3.205023096014016915e-01
1.970167949631623117e+01 1.034114605629994799e+00
1.965035588712757431e+01 1.770468914290241003e+00
1.966904580944778758e+01 2.499892924894588475e+00
1.965231337286005697e+01 3.242721852069742283e+00
1.967191346633435245e+01 4.001524722525765299e+00
2.047835481891547715e+01 -4.040708784381006780e+00
2.043709186652364451e+01 -3.318470353861187050e+00
2.044649084907264580e+01 -2.588538801532958900e+00
2.043718724830491595e+01 -1.869814255700724459e+00
2.042132296660356872e+01 -1.148338758969526197e+00
2.041541628492758775e+01 -4.194870039655427263e-01
2.042306031574923253e+01 3.134187544005015980e-01
2.041251943023414128e+01 1.037547841973200491e+00
2.041163161525569336e+01 1.768786574169212145e+00
2.043558237414105605e+01 2.494921993251683290e+00
2.040584812413595017e+01 3.230667957430810588e+00
2.043762299059949328e+01 3.972829786169469912e+00
2.124270413536834923e+01 -4.050796008947759930e+00
2.123550264472766713e+01 -3.316137374434557472e+00
2.119613936565473722e+01 -2.615793953030287611e+00
2.119522397690750637e+01 -1.838758139970973815e+00
2.118492123108041625e+01 -1.122157769869861710e+00
2.117883030833008462e+01 3.174691573132442102e-01
2.120759852428168557e+01 1.066448537543458031e+00
2.118663692907608009e+01 1.775243131296836196e+00
2.116647831081662900e+01 2.525754488079567039e+00
2.115162678427062559e+01 3.243670802807471887e+00
2.120252542118848993e+01 3.947066359343516240e+00
2.197360130881398987e+01 -4.060266028497217405e+00
2.195593179578780507e+01 -3.331983561104294722e+00
2.194004104693080848e+01 -2.573496206746980874e+00
2.197515671445741958e+01 -1.863927247573247570e+00
2.197367636929558898e+01 -1.127323850898527269e+00
2.195841720694115651e+01 -4.139807088228337761e-01
2.195051158212856279e+01 3.239723592097440985e-01
2.197792488007458900e+01 1.054610326979869228e+00
2.192793449782169546e+01 1.776258271011556644e+00
2.194445584846116049e+01 2.524959524733500160e+00
2.196416289233812336e+01 3.217359157594266605e+00
2.196406923479241158e+01 3.958270923222826809e+00
2.284627865788379353e+01 -3.986099531653607642e+00
2.280221973541188873e+01 -3.319779813183416195e+00
2.282169494256338282e+01 -2.554290094609289241e+00
2.284412954110228355e+01 -1.848694824449776064e+00
2.273877970140667770e+01 -3.909666501732864674e-01
2.274405280773241600e+01 3.335710385582686399e-01
2.273293748818246485e+01 1.064790970366452427e+00
2.271491069624438808e+01 1.788000144694478877e+00
2.271499155986536067e+01 2.512456515633111565e+00
2.272589260166245850e+01 3.220050562828689067e+00
2.271795656413993925e+01 3.983589587595723458e+00
2.356762608644821455e+01 -4.055467399301328157e+00
2.357532837973433004e+01 -3.313831043476145766e+00
2.356727457008830129e+01 -2.593150706858622812e+00
2.357900868471986655e+01 -1.844044978105863208e+00
2.356447365203285216e+01 -1.120582750609148803e+00
2.355418055942260480e+01 -4.022257020100390434e-01
2.354647864777968636e+01 3.233303883719536032e-01
2.350768684861900226e+01 1.064133544176208090e+00
2.349694257856403112e+01 2.546094145817619392e+00
2.348353379553196163e+01 3.230539394843646051e+00
2.346499940948051233e+01 3.960075159068892958e+00
2.431028196582919776e+01 -4.040204631914239286e+00
2.430218466791129828e+01 -3.316321706764906452e+00
2.431321210790917320e+01 -2.585829439707428179e+00
2.429914579936262697e+01 -1.851718095577489009e+00
2.430283638957100578e+01 -1.127513569923163317e+00
2.427971213301708531e+01 -4.100884723871160986e-01
2.427636800775140813e+01 3.247008851362984672e-01
2.426544523436782441e+01 1.057028819044219858e+00
2.426475051469465427e+01 1.790089635996437778e+00
2.425977918962214375e+01 2.511347189885164255e+00
2.420555866313452498e+01 3.252151942201706447e+00
2.424638508868664388e+01 3.947306282115555121e+00
2.503809228700102807e+01 -4.038178773234911034e+00
2.503651656630000844e+01 -3.315657689281028553e+00
2.502729317997454928e+01 -2.581421538661718529e+00
2.504358541679546590e+01 -1.859062472041898673e+00
2.502609002790892845e+01 -1.123039574504776539e+00
2.501444672185635909e+01 -3.935288745797116405e-01
2.505378687756313383e+01 2.961649087989570717e-01
2.501309300772918931e+01 1.058684163750839957e+00
2.498769951559803104e+01 1.779326978010598026e+00
2.499879363540007660e+01 2.515049265843632753e+00
2.496663893469806794e+01 3.245497961665527953e+00
2.501512485656395768e+01 3.961235769606915369e+00
2.578482723394610332e+01 -4.029894916009865824e+00
2.576971545501073990e+01 -2.593990592215607904e+00
2.573721179851618501e+01 -1.868790132932119263e+00
2.576576024519101793e+01 -1.136765375570472969e+00
2.575400283457464923e+01 -4.132970379152105522e-01
2.575799991258610078e+01 3.145277373480723782e-01
2.575982916296059244e+01 1.039296259211514695e+00
2.576393312671399372e+01 1.777950586935233446e+00
2.574689502624784865e+01 2.499690108310602454e+00
2.574008316456360035e+01 3.234904724743778104e+00
2.574433578620585905e+01 3.955684613881970790e+00
2.651252480928108213e+01 -4.029830647142301103e+00
2.645350303541325587e+01 -3.303214111315970314e+00
2.653349702518848829e+01 -2.586667902250194828e+00
2.649492355999380777e+01 -1.856607367290461497e+00
2.650080507876758418e+01 -1.142420118482739610e+00
2.649890091390706459e+01 -4.114844328151541220e-01
2.648744145892452906e+01 3.153298180980357301e-01
2.648567519149238336e+01 1.035217809029219893e+00
2.647870759256475992e+01 1.766939153938160700e+00
2.649981316477775550e+01 2.483491132796945777e+00
2.649489269903222066e+01 3.230167021223408597e+00
2.650815047590548801e+01 3.962830800303230205e+00
2.723866917148037459e+01 -4.024169412940860724e+00
2.724291544713362612e+01 -3.329689611561789775e+00
2.723100680681477570e+01 -2.594335851462645337e+00
2.723621933542354157e+01 -1.861475005997103693e+00
2.722614390883656199e+01 -1.139748864265065720e+00
2.722074682793316214e+01 -3.948440513308462130e-01
2.723125478685334855e+01 3.183849835099152870e-01
2.720208183777656785e+01 1.045689203046730853e+00
2.724474073551522224e+01 1.787735045943950496e+00
2.725483289144653298e+01 2.527011472481422771e+00
2.724217869616813914e+01 3.228628495932724718e+00
2.723924361392465698e+01 3.960720390363938748e+00
2.799898330590588813e+01 -4.046104616768776197e+00
2.795737050229502785e+01 -3.350165347223768464e+00
2.800201953647563613e+01 -2.598031851530237191e+00
2.797576659264191079e+01 -1.867974624153795560e+00
2.798501853747050205e+01 -1.141156793113328405e+00
2.796622425149748636e+01 -4.347667018042358222e-01
2.797759405982257164e+01 3.213968764605432682e-01
2.797173525378018866e+01 1.007963856590258445e+00
2.795651597933752441e+01 1.791357709661809849e+00
2.797651093500626018e+01 2.499584020046778932e+00
2.799088610323398996e+01 3.229561149441835255e+00
2.797878497807606379e+01 3.959653668807952442e+00
2.872680681344626663e+01 -4.068862460791692115e+00
2.872112792027741790e+01 -3.316630824260940358e+00
2.872363102020846526e+01 -2.586995611489285807e+00
2.874034279732139652e+01 -1.881627112976818950e+00
2.872395622763351497e+01 -1.129836453115821371e+00
2.873553238188163306e+01 -4.149673196894063665e-01
2.873791109870790450e+01 3.060343392041069421e-01
2.873595452889927770e+01 1.027012080027269292e+00
2.873897106705546634e+01 1.761300419815380991e+00
2.870678966064773618e+01 2.498768225423706468e+00
2.870490021447179885e+01 3.234036072966688380e+00
2.873248597620538902e+01 3.957588193287413958e+00
2.950632526792944788e+01 -4.045803325659004912e+00
2.947568980430033747e+01 -3.333692341618672117e+00
2.947109508253893040e+01 -2.570611203802975808e+00
2.946809649696128730e+01 -1.883738479179289271e+00
2.945301048081561390e+01 -1.151826545845548111e+00
2.944454738888116907e+01 -4.297718057685919746e-01
2.944726358194268556e+01 3.025762048763063206e-01
2.946171039887689602e+01 1.028542943857132741e+00
2.946058218328850131e+01 1.738340317651534406e+00
2.947574064636798852e+01 2.483045483972443179e+00
2.948529884487079045e+01 3.197404438686803019e+00
2.948362964314892309e+01 3.950533669607935394e+00
3.023146505065549405e+01 -4.056825150866387730e+00
3.025049691609675762e+01 -3.340231201465979183e+00
3.023305241863761950e+01 -2.612200027149395254e+00
3.022718638972362015e+01 -1.882898596974481364e+00
3.022430522169086231e+01 -1.151396903668736371e+00
3.020355167105348215e+01 -4.314611948762241411e-01
3.021636213780954705e+01 2.930692007328694615e-01
3.020122115057038314e+01 1.042526613675619274e+00
3.020401565814577083e+01 1.762948731626885035e+00
3.021089418665201976e+01 2.472723451066777045e+00
3.021795427136201084e+01 3.199008129878663453e+00
3.021693332026517709e+01 3.928940758725460114e+00
3.097133925670554078e+01 -4.049984616716081121e+00
3.096118667535261437e+01 -1.872474416975315137e+00
3.095897378813467782e+01 -1.165206396106405862e+00
3.096116801683205466e+01 -4.183250405276623951e-01
3.096844310292872393e+01 3.008078987136002524e-01
3.094685487080413822e+01 1.012462056198678795e+00
3.094336773685562747e+01 1.749003501007045713e+00
3.095205898830221969e+01 2.482993315528496225e+00
3.095280564920519595e+01 3.208130479826358794e+00
3.093835624183069655e+01 3.923411247983793260e+00
3.173315464960224830e+01 -4.063529075346501429e+00
3.171265691660924091e+01 -3.317376115371626355e+00
3.170747151013257081e+01 -2.604379637240821666e+00
3.172675551342775435e+01 -1.884302288224535715e+00
3.170353858896131527e+01 -1.159866650325962922e+00
3.168960678189574054e+01 -4.461622905788829030e-01
3.169978227578884145e+01 2.976896285794197183e-01
3.170194708512764947e+01 1.022518759076490369e+00
3.170921006930209529e+01 1.754219778583820499e+00
3.170908661310507881e+01 2.487094911736598135e+00
3.168793226935817842e+01 3.228086191232684143e+00
3.169070716978300339e+01 3.939711926306557643e+00
3.248281018413683086e+01 -4.058462682842474578e+00
3.246879026844512595e+01 -3.335519222567473463e+00
3.243505533107610717e+01 -2.597478874331283549e+00
3.245113702947849532e+01 -1.892161419213710616e+00
3.243195065713826608e+01 -1.141238656052831146e+00
3.244756908196392686e+01 2.913097792838712508e-01
3.244621347049864113e+01 1.009256146026284995e+00
3.242033583835438293e+01 1.760988575780640275e+00
3.243395225605912202e+01 2.485343173712188047e+00
3.241858165729086494e+01 3.201853413559078376e+00
3.246716426537688704e+01 3.917544427389209716e+00
3.319180915251174468e+01 -4.058874489270451136e+00
3.319530287766288978e+01 -3.332768690717333726e+00
3.319928626441718933e+01 -2.591168090865409113e+00
3.318161833723872434e+01 -1.873477680759432218e+00
3.318659669646773835e+01 -1.149909725951495432e+00
3.316983559485300503e+01 2.898089107160046751e-01
3.315894908799712226e+01 1.025073226380740721e+00
3.320474765792909722e+01 1.742043880569529080e+00
3.318933768204941970e+01 2.471757296512912205e+00
3.318256665260808091e+01 3.213842393222357430e+00
3.319247799549572875e+01 3.933161209957781068e+00
3.393566465371937824e+01 -4.048845213049435898e+00
3.392794544304664583e+01 -3.323455319810875608e+00
3.394802553254725552e+01 -2.606663868825553010e+00
3.391363161114316682e+01 -1.881247976271296807e+00
3.391702861735465291e+01 -1.142141700298289209e+00
3.393188661059713951e+01 -4.287010506213135841e-01
3.390985896251968512e+01 2.954904570118230822e-01
3.391684701888336662e+01 1.026299173090976069e+00
3.391511303827960688e+01 1.747386777047896800e+00
3.390062807417636037e+01 2.493901634883965102e+00
3.393436938438230044e+01 3.212886928117271168e+00
3.390285971324126280e+01 3.958015142402665276e+00
3.467865371396586482e+01 -4.034156883054532017e+00
3.466619964348148386e+01 -3.313920161002592124e+00
3.466301966048144578e+01 -2.591112399670944200e+00
3.465255158473224384e+01 -1.878265843994121553e+00
3.466312324089212638e+01 -1.151281878509575307e+00
3.465371425265585259e+01 -4.319861770676105550e-01
3.465000962231743387e+01 2.967338541085808856e-01
3.464920369149069046e+01 1.041364322221994598e+00
3.465703195440061535e+01 1.773961031892305584e+00
3.467408876845326660e+01 2.485711823034456813e+00
3.467612087252285136e+01 3.221071777139776771e+00
3.464312222180054590e+01 3.959038874793520790e+00
3.540605349967673732e+01 -4.045401565095488650e+00
3.535189778668436844e+01 -3.342406800684397439e+00
3.539298578285841046e+01 -2.588193505304179354e+00
3.539172339345257257e+01 -1.869906930852074822e+00
3.539361610596444763e+01 -1.175688711433288347e+00
3.540786071527403323e+01 -4.436465377106415531e-01
3.538398277481146437e+01 3.141550244978539297e-01
3.538552291253838433e+01 1.020859280708979355e+00
3.537443783988302215e+01 1.773632124189926884e+00
3.536480669384939546e+01 2.474446832027364707e+00
3.540200129924038919e+01 3.220847010761445972e+00
3.537768687268629009e+01 3.948062559713953590e+00
3.614235893279967371e+01 -4.022218985348651188e+00
3.613696869539575829e+01 -3.297985064263382782e+00
3.614165546596331779e+01 -2.585510448546589402e+00
3.612941672917896341e+01 -1.869694592360900742e+00
3.612990812693642084e+01 -1.144651751048552768e+00
3.611977405821210851e+01 -4.155416490117787021e-01
3.613791970819165300e+01 3.262324675295822374e-01
3.613947429502386655e+01 1.070873041379961421e+00
3.614262150564123743e+01 2.491450486281369336e+00
3.613199093195050438e+01 3.236072299265757124e+00
3.614894560021388514e+01 3.984456906998289583e+00
3.685012963011103437e+01 -4.070486767997667954e+00
3.685351882699686854e+01 -3.308054819399728785e+00
3.684297728609505640e+01 -2.685174855542893368e+00
3.686617294054867244e+01 -1.862319369449721762e+00
3.686036901681456612e+01 -1.133288116804013868e+00
3.685158140030043938e+01 -4.097370721641944158e-01
3.689662407693233348e+01 3.249429587984060674e-01
3.686971351429912858e+01 1.035487794393599614e+00
3.686286891190564319e+01 1.816226596040802832e+00
3.686176930398399776e+01 2.511635106162813713e+00
3.690312888308654493e+01 3.270137682747723318e+00
3.691058780351823287e+01 3.962793171190362784e+00
3.763604617623735038e+01 -4.038139133839656836e+00
3.760603995532652988e+01 -3.302265006347699483e+00
3.760023857417761661e+01 -2.577628491804112798e+00
3.758382085588770138e+01 -1.129336104468741553e+00
3.758571550055109611e+01 -3.992072309374421479e-01
3.757157837737728556e+01 3.788952202859050544e-01
3.759729416132096702e+01 1.081446356213877635e+00
3.761719357214376913e+01 1.765209539777305991e+00
3.764380247579403971e+01 2.514220870467404723e+00
3.760836871509547308e+01 3.245513462947897665e+00
3.762228622272854039e+01 3.965184652529757159e+00
3.835823159158106677e+01 -4.015385116733398263e+00
3.836441073654415135e+01 -3.284462761417547227e+00
3.834737596647942581e+01 -2.575065495637087309e+00
3.833732188423271481e+01 -1.854793921040002402e+00
3.835072287545472847e+01 -1.120061796319749448e+00
3.832806037172600355e+01 -3.844758122028792968e-01
3.837691426351613444e+01 3.649317230115833866e-01
3.837908921766474890e+01 1.067794182952493287e+00
3.839062292824896616e+01 1.780706679546806726e+00
3.837485476746076785e+01 2.536012666498354662e+00
3.915632170107050314e+01 -3.984117441660266934e+00
3.914912764165305958e+01 -3.253036520458575609e+00
3.913169747733534365e+01 -2.572715562777410980e+00
3.915222226626189439e+01 -1.815145055607732871e+00
3.922052796479878367e+01 -1.037883005823044158e+00
3.912628475326527422e+01 -3.225783507796968763e-01
3.915400169305616629e+01 2.589887037880888698e+00
3.912483055723867409e+01 3.119883586220304039e+00
3.992206550254616815e+01 -3.322011693380968467e+00
3.984904874871423175e+01 -2.620853336638756304e+00
3.988307055990124894e+01 -1.818254705830455009e+00
3.998909276011803371e+01 1.089635593258584834e+00
3.999581439183234721e+01 1.842461290974746646e+00
4.000190629323986258e+01 2.607964008033640368e+00
4.000641160810111074e+01 3.306575633599628361e+00
3.999915578590755416e+01 4.013557431638091089e+00
4.073934623207961891e+01 -3.994705356118007700e+00
4.072156921600166157e+01 -3.252126556514621569e+00
4.071543788029160993e+01 -2.506090919039181131e+00
4.071271419498543054e+01 -1.797643648807493832e+00
4.071884501850107796e+01 -1.070525531742301695e+00
4.073007359942280203e+01 -3.407524212345229842e-01
4.075160965704416327e+01 1.107776203925656233e+00
4.073056800196847149e+01 1.836477380976592855e+00
4.072109682981409406e+01 2.560563485492334479e+00
4.070219212166741585e+01 3.320406022160582893e+00
4.071520019216278996e+01 3.994705356118004147e+00
