-4.680303842195534969e+00 -4.182873040738929404e+00
-4.672776745628432593e+00 -2.681779296441970217e+00
-4.680696574456852943e+00 -1.999165709734409546e+00
-4.676605042968283499e+00 -1.281395179491383374e+00
-4.716603284513006145e+00 -5.256020795464984019e-01
-4.681320590370923185e+00 2.387888541649019203e-01
-4.677665947074579833e+00 9.404061524138569439e-01
-4.683667902823493989e+00 1.678250691856963073e+00
-4.660310805361007169e+00 2.372263725834287129e+00
-4.682300606655452668e+00 3.037371175478934759e+00
-4.657910304786561539e+00 3.666957714729708329e+00
-3.728048670417067001e+00 -4.158598786402738057e+00
-3.778100708591999535e+00 -3.460558063452747746e+00
-3.789671592028895475e+00 -2.690932920790135796e+00
-3.852971763598311838e+00 -1.958180277278398052e+00
-3.810682773291446779e+00 -1.243796741686086449e+00
-3.818265058594484174e+00 -5.408305661012988708e-01
-3.790608079499762084e+00 9.892911750156443418e-01
-3.858223453351726562e+00 1.677692600707246129e+00
-3.867641684219933040e+00 2.384089459751255191e+00
-3.888341243514283008e+00 3.175819775944109580e+00
-3.047609955138263160e+00 -3.427844424987387839e+00
-3.081829286043166860e+00 -2.699341494011964215e+00
-3.068776991276600086e+00 -1.982129784209192280e+00
-3.075367154132202074e+00 -1.241427235357758008e+00
-3.081732258127978241e+00 -5.226910761797576299e-01
-3.058313851292609797e+00 9.647754555176568658e-01
-3.089178205843133185e+00 1.676043563817110282e+00
-3.132641540822952209e+00 2.426719645001071513e+00
-3.120442234921078750e+00 3.185891913376654117e+00
-3.135564766176607066e+00 3.918213521941712685e+00
-2.313027405528977454e+00 -4.132553146471860117e+00
-2.323645769297314700e+00 -3.425221864506276859e+00
-2.316645330502353772e+00 -2.688713722107298310e+00
-2.321539388006570448e+00 -1.948477087521801820e+00
-2.360112642575550979e+00 -1.255024218612177833e+00
-2.324028075129383808e+00 -5.380961795273080384e-01
-2.328435296770109630e+00 9.067447929744574253e-01
-2.350890847134110118e+00 1.709742566042525169e+00
-2.342687305206368364e+00 2.469019517819489806e+00
-2.348595911348070331e+00 3.173542124579459056e+00
-2.345627962251157328e+00 3.900716158904376840e+00
-1.559398166623246595e+00 -4.092476576343489825e+00
-1.480698382579568317e+00 -3.366050035384162697e+00
-1.576188665288974278e+00 -2.678910405057798982e+00
-1.580873669006599869e+00 -1.963280888857433126e+00
-1.569517120691472201e+00 -1.232756863034737194e+00
-1.574543183563370974e+00 -5.001172745022124388e-01
-1.577720402058623961e+00 2.331454264132659659e-01
-1.601378381039801013e+00 1.658303038863003565e+00
-1.590110628030487305e+00 2.464489629757057543e+00
-1.619991941825716708e+00 3.185206441122726773e+00
-1.627197423562506629e+00 3.939215811320170957e+00
-8.059019712519486234e-01 -4.081250377573628185e+00
-8.339878260261954779e-01 -3.416687200355433163e+00
-8.552012802534392222e-01 -2.696972864971666439e+00
-8.258983483736201947e-01 -1.945467066503685061e+00
-8.318008736861628449e-01 -1.249251817389069430e+00
-8.578248891639432827e-01 -5.186057503375032240e-01
-9.091655008158170403e-01 1.880710536888052786e-01
-8.328607576008195679e-01 9.384683964234987741e-01
-8.421212455649254025e-01 1.695960515480607000e+00
-8.268459788946245226e-01 2.466398038426572015e+00
-9.084007493183676729e-01 3.132545672115643498e+00
-8.523759876602383656e-01 3.891982969046036800e+00
-7.162149705548159773e-02 -4.091883906687439065e+00
-7.618686739753854908e-03 -3.314561126839176808e+00
-9.676710929031173691e-02 -2.641471025457033051e+00
-9.785619197414519022e-02 -1.966204405422811163e+00
-9.160647670049115732e-02 -1.238015597699394732e+00
-1.045144606144390309e-01 -5.632116499767541029e-01
-1.065526793082298695e-01 1.625059476054602214e-01
-7.624571586210038276e-02 9.150621954897637522e-01
-5.357113939602697883e-02 1.658000963103429370e+00
-9.682381310052790013e-02 2.469125344216081430e+00
-9.852031204607669679e-02 3.143204017495211389e+00
-1.185382945693120860e-01 3.859112649756259117e+00
6.402242120009944415e-01 -4.071957592146784322e+00
6.496415017216534693e-01 -3.354939073108219816e+00
6.536528605591414021e-01 -2.633943631976830346e+00
7.156681456934066432e-01 -1.937192442616701982e+00
6.246021076217758150e-01 -1.271299612072258611e+00
6.499036361623069524e-01 -5.327264675146707873e-01
4.180262945103336847e-01 2.581004896852441277e-01
6.781324390980856265e-01 8.849697472973154788e-01
6.698672552208790876e-01 1.654395394638473960e+00
6.963477914030633542e-01 2.386854107566982464e+00
7.310053322205831705e-01 3.115006141885668711e+00
1.394813101285940604e+00 -4.067176059654524778e+00
1.399506596626252986e+00 -3.354718304592754663e+00
1.403379570219264849e+00 -2.630046029982608502e+00
1.378469002589298498e+00 -1.228388958990837665e+00
1.384464716869125311e+00 -5.275672256982666397e-01
1.403789762042450207e+00 2.117661033372115753e-01
1.428620730280528051e+00 9.043632149297025080e-01
1.482734906096311533e+00 1.657198829509951565e+00
1.448529870180436774e+00 2.365121060656090179e+00
1.474246961324631400e+00 3.074359697350697473e+00
1.531761329578415598e+00 3.751755116145663038e+00
2.119307987002613913e+00 -4.077067703310028435e+00
2.153308322316810575e+00 -3.349755770269709387e+00
2.130909914498808178e+00 -2.626854154547370257e+00
2.155138020432204371e+00 -1.910524265107547137e+00
2.137157413949708484e+00 -1.235967532589651086e+00
2.134934982326086583e+00 -4.985537645724100742e-01
2.167097677327326721e+00 1.909403467557346801e-01
2.196973123119413174e+00 1.007768598586693543e+00
2.222968586261714563e+00 1.636895677195948196e+00
2.246371579183360723e+00 2.388737613827398576e+00
2.217898063439612599e+00 3.077485893406578299e+00
2.222114777491803750e+00 3.816605236482093488e+00
2.904039385504027848e+00 -4.079266563525575151e+00
2.884120618367745692e+00 -3.373416815546253389e+00
2.899928545431279758e+00 -2.637746887566613907e+00
2.894591600453665592e+00 -1.882026598003424311e+00
2.864819255069960491e+00 -1.181777986046764539e+00
2.956496791593018258e+00 -5.072823370804364629e-01
2.916594498460661100e+00 2.169548413413586729e-01
2.942942464555791560e+00 8.851047816500603460e-01
2.941016800051940550e+00 1.646121992469641526e+00
2.979841859250775826e+00 2.400045251892734655e+00
2.998481565772202373e+00 3.095255027356468958e+00
3.003631823602411544e+00 3.809918004698563010e+00
3.663552794253433831e+00 -4.092833577489138008e+00
3.657353577768994057e+00 -3.413581054263762127e+00
3.653525954887115290e+00 -2.642243643314206025e+00
3.648404271339067861e+00 -1.919365890318054824e+00
3.757023317119774219e+00 -4.792653618311639718e-01
3.720259804300539486e+00 2.206346567247834400e-01
3.680005539584584540e+00 8.997621658347156881e-01
3.728060432214725495e+00 1.636724063115952532e+00
3.738675423751779192e+00 3.093546663880072600e+00
3.775714682939963041e+00 3.802326643593890054e+00
4.393386592366347543e+00 -4.093443399663492244e+00
4.390540244440067852e+00 -3.380831369233845862e+00
4.405221633132555326e+00 -1.930232714750889755e+00
4.464229964899232073e+00 -1.238086733103550330e+00
4.518732845222466210e+00 -5.066383538245169404e-01
4.547112574465799639e+00 2.229560774461099015e-01
4.487691561451264022e+00 9.454764147270182661e-01
4.473592252649623902e+00 1.612389846705159613e+00
4.487327605464329849e+00 2.361471991264398440e+00
4.501381736857268834e+00 3.092507235071192184e+00
4.504409752544098922e+00 3.825902119982881544e+00
5.267561878664338337e+00 -4.044684443695796716e+00
5.226364956344880852e+00 -3.382690954258926297e+00
5.277038809862034441e+00 -2.560382508912766752e+00
5.184924464226334351e+00 -1.986614450439656565e+00
5.253035798875203000e+00 -1.281090882339480430e+00
5.275712621880728648e+00 1.548524033209375261e-01
5.293135106254162281e+00 9.064405388205010183e-01
5.248265150332301232e+00 1.610477570079460463e+00
5.228954364736829064e+00 2.347919270831283711e+00
5.224385199626915721e+00 3.063904329484852695e+00
5.223090256741890869e+00 3.811695152767800465e+00
6.040066542525593718e+00 -2.701890282606964178e+00
6.073937777394519344e+00 -1.300453900853042910e+00
6.064312238122496979e+00 -5.798431845508922322e-01
6.006525584100792514e+00 1.547826820582045571e-01
5.988379901009665218e+00 8.910097051825047743e-01
6.010736328197744172e+00 1.603844492029047331e+00
5.998490452105592396e+00 2.343682694108682796e+00
5.984184550542167358e+00 3.062117807885119447e+00
6.023930250912826523e+00 3.761781463828878458e+00
6.852203264660815307e+00 -2.028072073159165711e+00
6.806025659823163210e+00 -1.318518551101494296e+00
6.807603635794961860e+00 -6.242258538111649102e-01
6.756250283387778666e+00 1.098203075122370365e-01
6.746738148252816814e+00 9.015745176334313271e-01
6.749324187195377078e+00 1.613892768250710930e+00
6.771370564582333884e+00 2.265183888127740630e+00
6.749490089944991666e+00 3.008149693094875232e+00
6.836705059313146648e+00 3.713855186349196202e+00
7.753434345081046786e+00 -4.143133988617748287e+00
7.758276675091813956e+00 -3.424441600018241161e+00
7.731156374918313645e+00 -2.716976653041371037e+00
7.702388269809290477e+00 -2.037059894404450233e+00
7.663005774710484275e+00 -1.306273343644878793e+00
7.625935788124515113e+00 -6.021780835541932220e-01
7.528762693801603234e+00 8.576971318667503397e-01
7.503433274916545770e+00 1.536783430477559165e+00
7.533410310245365338e+00 2.290916531106446996e+00
7.552642488848775315e+00 3.035325693779551415e+00
7.593326046601788448e+00 3.693969009224343125e+00
8.530273301462912627e+00 -3.460318026971410887e+00
8.533674720843073658e+00 -2.729694737903603396e+00
8.528437070736984538e+00 -2.039216109840364055e+00
8.473139193027961369e+00 -1.344491528403590763e+00
8.366674083239388438e+00 7.521016883021403032e-02
8.291158402647766934e+00 8.168833379028477282e-01
8.293211978324819711e+00 1.533222960173318938e+00
8.300000646196032505e+00 2.263242705218765138e+00
8.340754760130565160e+00 2.936757017566254291e+00
8.377343032116890242e+00 3.717150750861424768e+00
9.352071480166102901e+00 -3.467909607695219165e+00
9.328568285591202880e+00 -2.739755530483076740e+00
9.352220259858036400e+00 -2.094231699951865977e+00
9.264826816086305428e+00 -1.303900361088690119e+00
9.253910680839076974e+00 -5.832225124262251370e-01
9.150399850463536211e+00 9.703913611873105083e-02
9.077816069080292039e+00 8.020947722839331107e-01
9.041830679366505308e+00 1.532235109463091050e+00
9.080490112897415145e+00 2.246426424834002233e+00
9.139096077691363007e+00 2.963172046393726333e+00
9.134185881542755681e+00 3.665444760293656401e+00
1.024812220706387933e+01 -4.247162074087476924e+00
1.021281677590125980e+01 -3.507402675022092353e+00
1.021328853417426075e+01 -2.809732959245998529e+00
1.010641976871119141e+01 -2.091636263913528637e+00
1.009471241496102323e+01 -1.331790919103543303e+00
1.004558721770576568e+01 -6.418355496825789430e-01
1.000783505674876039e+01 1.275479269741026656e-01
9.980640027284366056e+00 7.567362396561065907e-01
1.004528617490923637e+01 1.505318140315111464e+00
9.979199457869377454e+00 2.277852710538816439e+00
9.957423112476824656e+00 2.958757598796200483e+00
9.981202774196987093e+00 3.676600833101314691e+00
1.117493485185342905e+01 -4.206352505086481841e+00
1.116651486750335920e+01 -3.497263816298001871e+00
1.114471642511167460e+01 -2.741675871411970888e+00
1.107671414694168988e+01 -1.321752375168586013e+00
1.101214181200835185e+01 6.834838763536765782e-02
1.076064007656110988e+01 7.953713858211699517e-01
1.075300876061790234e+01 1.514578173015095786e+00
1.073315286620491804e+01 2.244184736714988304e+00
1.076520572285618726e+01 2.972452385709306810e+00
1.078514170180405074e+01 3.659503960180561677e+00
1.187729395249181152e+01 -3.497260218732069603e+00
1.246444184725692139e+01 -2.642460965152597652e+00
1.190690141278823688e+01 -2.110084284677970601e+00
1.190206681476959005e+01 -1.369938477117472075e+00
1.183367336499567557e+01 -6.341132131097175773e-01
1.178365206942756771e+01 9.650514490567019266e-02
1.167836055416291430e+01 7.762154815428310428e-01
1.153842052597239842e+01 1.510759027112698050e+00
1.149262204281804856e+01 2.278162360926906160e+00
1.152425455615168204e+01 2.961405293904658009e+00
1.159363395010649356e+01 3.651498535583737493e+00
1.283439576827620243e+01 -4.255009341076657847e+00
1.280650295512641890e+01 -3.524251389472407681e+00
1.279852411864064266e+01 -2.781971008115441180e+00
1.267824223221286672e+01 -2.140708704790025507e+00
1.251336108162809779e+01 1.265578985656787836e-01
1.245858251219487300e+01 8.030586441609806059e-01
1.236233809742243750e+01 1.497811321737373191e+00
1.237101543585952612e+01 2.196422837103394698e+00
1.246875936035158361e+01 2.919305702904477329e+00
1.250970101397971490e+01 3.644729713259867054e+00
1.378466037437839731e+01 -4.287974354487058548e+00
1.367987171982031214e+01 -3.511540116732334127e+00
1.364893009747586916e+01 -2.784027634659569372e+00
1.350010550797004782e+01 -1.365422732180821441e+00
1.344926954459555191e+01 9.973903818407592325e-02
1.340340901476562152e+01 7.813351224098532555e-01
1.320814437992795121e+01 1.529603578095592553e+00
1.323701440517484684e+01 2.948343858160438202e+00
1.324020984495809472e+01 3.654379833218751372e+00
1.453022958506485196e+01 -4.281510067675323938e+00
1.452597497322356901e+01 -3.575687946179080257e+00
1.455140345940948521e+01 -2.852300913476547350e+00
1.453919487015931367e+01 -2.155391840115800761e+00
1.440216222295304505e+01 -1.397186659912829754e+00
1.448843150451678952e+01 -6.767675445580110249e-01
1.420967418672761795e+01 1.166135226083468979e-01
1.409027145466337316e+01 1.534481669066867227e+00
1.408690344257816918e+01 2.250172578307616078e+00
1.400156746466386437e+01 2.974960615855170687e+00
1.406900761454356541e+01 3.633386488933293634e+00
1.528984252342586814e+01 -4.361516097216831866e+00
1.529567946505741105e+01 -3.606566753387813407e+00
1.527911945521660897e+01 -2.909852332803520625e+00
1.524571568766245377e+01 -2.186704516094469142e+00
1.520065647870505643e+01 -1.426005979987241545e+00
1.517347154714364166e+01 -7.234689137381238311e-01
1.513116869991638680e+01 4.450815093488813545e-02
1.496693847279117762e+01 1.543744258056296559e+00
1.492534841369068488e+01 2.226039924520662794e+00
1.511695086234352914e+01 2.744575347787428399e+00
1.489056267638843423e+01 3.643100118241566321e+00
1.603902421057273386e+01 -4.296092773715702862e+00
1.601889343796533183e+01 -3.614032230286099434e+00
1.597725647591892084e+01 -2.907389210844062433e+00
1.595211850860454916e+01 -2.151478687750543628e+00
1.592880698713270249e+01 -1.449522931787022628e+00
1.589811651576879115e+01 -7.377447013123834552e-01
1.588929971328111179e+01 9.975013317451342232e-02
1.579149925855401193e+01 7.950854291888092007e-01
1.575566611326893707e+01 1.478119479499994782e+00
1.572256122634252762e+01 2.277285865460751069e+00
1.571262662985733982e+01 2.985129816649131129e+00
1.574327837888827020e+01 3.711838689043890582e+00
1.676482431351791291e+01 -4.271403472294185377e+00
1.674547062181295587e+01 -3.644113721386180060e+00
1.671275661012244029e+01 -2.853067711849366361e+00
1.667100302749057761e+01 -2.133624379252427872e+00
1.661736555090385536e+01 -1.434488101115160674e+00
1.663710950245429387e+01 -6.756649881180791795e-01
1.658729086908345352e+01 5.012088899338351666e-02
1.655390017829974170e+01 8.305989717590342991e-01
1.651161724774060247e+01 1.545597716976715219e+00
1.649608710760011832e+01 2.295884742800861744e+00
1.644082262117546378e+01 3.053647431487053865e+00
1.646201508942787228e+01 3.749751456796385440e+00
1.749309335630385931e+01 -4.314158605455720163e+00
1.746881500204695925e+01 -3.575026823620632399e+00
1.742625661051689434e+01 -2.842713070574671264e+00
1.739238199510214145e+01 -2.124786233044567041e+00
1.736281646209284446e+01 -1.388122686861184008e+00
1.736263031955560621e+01 -6.701696265311873901e-01
1.730370776782723397e+01 1.105456497366290591e-01
1.730969551024300301e+01 8.088196933300082492e-01
1.725047258500046610e+01 1.545639905345186804e+00
1.722486925940059876e+01 2.303663273091856922e+00
1.718499727495883889e+01 3.055330802665377377e+00
1.723079290412230336e+01 3.789122303441214257e+00
1.830398727122687319e+01 -4.224115790893556266e+00
1.820017365687442634e+01 -3.514716964850986614e+00
1.816462123417855423e+01 -2.787577597611409885e+00
1.813377125573366300e+01 -2.086583909906075007e+00
1.808508890083246712e+01 -1.360199995621389490e+00
1.805959908957917293e+01 -6.407315372398834086e-01
1.805236512232815471e+01 8.559469198357660957e-02
1.801852959184692082e+01 8.180886722020481727e-01
1.800531835547526072e+01 1.558259671357721032e+00
1.798388605504612059e+01 2.267399567280488526e+00
1.797994872991328208e+01 3.019565906857476278e+00
1.804886769271560354e+01 3.739125342763816917e+00
1.906692544624930719e+01 -4.277314835993827558e+00
1.903078517118242985e+01 -3.525875218068932782e+00
1.914414032228427942e+01 -2.718757273595780788e+00
1.893603914010076750e+01 -2.028781839780620544e+00
1.894727877016561735e+01 -1.306000962474922034e+00
1.881576870878746632e+01 9.282028420791732515e-02
1.907094945147603227e+01 8.041435231818603313e-01
1.890083586717663877e+01 1.562249158477285960e+00
1.879472956367363423e+01 2.298879044126380222e+00
1.890829946488114643e+01 3.030905782632682843e+00
1.892390190777055636e+01 3.621484948324397379e+00
1.979461528084407007e+01 -4.275953154926884991e+00
1.975645107561407343e+01 -3.514625671528094131e+00
1.973245926767769021e+01 -2.798742344215273903e+00
1.978221954957086837e+01 -2.088585355147014155e+00
1.977442414143685312e+01 -1.351556350907827664e+00
1.977787430724115580e+01 -6.217369687630451836e-01
1.977861435479626095e+01 1.162261446571086765e-01
1.982374349942278258e+01 8.557209332680812963e-01
1.974093511075881224e+01 1.571216100618379130e+00
1.973236815395162580e+01 2.284185719934257008e+00
1.974916252286965346e+01 2.946167179965531346e+00
1.977774596351902403e+01 3.654563752858660308e+00
2.098303169856344397e+01 -4.199713728526454304e+00
2.091343594884290980e+01 -3.521189286881920566e+00
2.096313384028750448e+01 -2.753516400440023659e+00
2.100048764360744258e+01 -2.031573411836923526e+00
2.085693098536321344e+01 -4.438657371603333957e-01
2.075021212273697557e+01 1.151166884360570464e-01
2.071059276865885579e+01 7.066783956840652081e-01
2.062491502929643161e+01 1.580122174422875503e+00
2.061465422477216691e+01 2.292811738202875205e+00
2.061800610750969298e+01 2.925066224149734495e+00
2.057388828404343428e+01 3.648927834660081970e+00
2.169565127978883368e+01 -4.272063895740554784e+00
2.170566943092816103e+01 -3.536269411500033044e+00
2.167699682002454153e+01 -2.813154688502645939e+00
2.170530460180708587e+01 -2.074985766289199063e+00
2.169038739358242651e+01 -1.347968665285385725e+00
2.167401918062633825e+01 -6.218050333796192319e-01
2.165504672042867895e+01 1.018811624394686532e-01
2.151390479989512983e+01 9.060519896885921298e-01
2.159731192007176759e+01 2.331469345288446959e+00
2.151268075333288010e+01 2.978386010089895564e+00
2.146169532116732626e+01 3.615210786400876231e+00
2.243525375404465905e+01 -4.261567884182028365e+00
2.240342756950438030e+01 -3.513098736332700867e+00
2.244484427955991634e+01 -2.818790636543106132e+00
2.244956705226616833e+01 -2.065592347073305746e+00
2.244021948402765076e+01 -1.375863657827601116e+00
2.243238901338546754e+01 -6.455881787856014853e-01
2.240267578487762279e+01 7.519567049935460545e-02
2.240218560971199935e+01 8.188867832404120861e-01
2.240636163049948237e+01 1.535188140181244165e+00
2.239369111258731238e+01 2.242696221740811069e+00
2.234714905956447240e+01 2.984215821423465087e+00
2.235576203115240901e+01 3.622533839577986470e+00
2.318671423126478004e+01 -4.268065423024168581e+00
2.317391885941795948e+01 -3.554394069954007307e+00
2.316101093774719288e+01 -2.816817359867190618e+00
2.317387356676178456e+01 -2.118360354471644058e+00
2.317754765041818388e+01 -1.364411735061242581e+00
2.317683257078617487e+01 -6.347711229007586553e-01
2.324231750064299717e+01 5.704869787431121608e-02
2.320406843507913663e+01 8.162638619869753143e-01
2.313109005464471579e+01 1.522899321308525344e+00
2.318543995850532724e+01 2.268264746788766217e+00
2.316450637171650584e+01 2.977990295540418941e+00
2.311500467695258010e+01 3.565250686784406042e+00
2.444205373203583065e+01 -4.019853032725109188e+00
2.393003610359814815e+01 -2.856811250873072083e+00
2.386596879978657881e+01 -2.188143178840494585e+00
2.395031389749027539e+01 -1.395982074821848329e+00
2.393542531635969084e+01 -6.960802121085620797e-01
2.394842953304748079e+01 4.465817555717777054e-02
2.396453533846916883e+01 7.906097763059207750e-01
2.397500282305574615e+01 1.519531574014706621e+00
2.396957965722467776e+01 2.218731526356542361e+00
2.398018085933473031e+01 2.953893558040466161e+00
2.401502683056870069e+01 3.621558945022403719e+00
2.468531443648632262e+01 -4.258676660094987909e+00
2.463376566831109926e+01 -3.543782344678938045e+00
2.469743602421247175e+01 -2.852151223515345890e+00
2.464533766792909830e+01 -2.128189017165372121e+00
2.465563961900969048e+01 -1.430266704239457454e+00
2.465518549717068453e+01 -7.163062062129412766e-01
2.468996355845337121e+01 1.678166384439094827e-02
2.469723996529397425e+01 7.333098280102632316e-01
2.474886106863063873e+01 1.474046168059391704e+00
2.477840586610925300e+01 2.159629546929814126e+00
2.477171036977035357e+01 2.908946290338196405e+00
2.480808288356046631e+01 3.610419576607259984e+00
2.541926516040373940e+01 -4.251849728907867387e+00
2.543939509957334622e+01 -3.580135570131076861e+00
2.540588719965417397e+01 -2.872195573543269376e+00
2.540444843322277535e+01 -2.151418802626430704e+00
2.540866189209129544e+01 -1.443437397686142987e+00
2.541016469919605214e+01 -6.756281097711003270e-01
2.544811117922387211e+01 -1.661464099326437349e-02
2.545115532284575011e+01 7.161548949159346478e-01
2.550261401773089176e+01 1.456192523220398272e+00
2.557384624934384476e+01 2.213276548395320731e+00
2.554595398311693089e+01 2.901875707653996272e+00
2.557907901208329093e+01 3.592155729469343584e+00
2.621959347788801864e+01 -4.313792204859961288e+00
2.619805225073531574e+01 -3.628372638445817699e+00
2.620176966107941041e+01 -2.892596738278090385e+00
2.618301868905289354e+01 -2.172708558033548343e+00
2.618216891065072360e+01 -1.458326487846214548e+00
2.617754303051540887e+01 -7.847133533745669354e-01
2.618976407735557643e+01 -3.313600508121794519e-02
2.621386714111037719e+01 6.179776402697854110e-01
2.623691646008084888e+01 1.415543876030678661e+00
2.629328235470262598e+01 2.112939328218214285e+00
2.634336359437791231e+01 2.846180404675610731e+00
2.635804149932156548e+01 3.543865632616043371e+00
2.702586235460868380e+01 -4.321304761061849575e+00
2.693668630692387467e+01 -3.598464817491269230e+00
2.695052468521940625e+01 -2.894821307744454231e+00
2.697190284008810579e+01 -2.212546414329768396e+00
2.694653207758693014e+01 -1.478900988469138866e+00
2.696921166153203586e+01 -7.977591877789933505e-01
2.699700077342543381e+01 -9.587476562500185651e-02
2.703827312303457830e+01 5.912193609543550110e-01
2.704304119427791875e+01 1.357632449068074010e+00
2.702520273719734689e+01 2.095820632395284377e+00
2.709456518210912890e+01 2.818694995042140050e+00
2.715340668479598918e+01 3.527320584470796661e+00
2.823416967876048744e+01 -4.087637145055825982e+00
2.777262918579115336e+01 -3.607091584509792170e+00
2.818253976634876068e+01 -2.779640622250532545e+00
2.773138216138342926e+01 -2.246153022701417257e+00
2.773171585203403566e+01 -1.564860995590461101e+00
2.770846144585909343e+01 -8.348761211400486104e-01
2.772532455631031922e+01 -1.205818352657708203e-01
2.777032767869246044e+01 5.864133334378429652e-01
2.781470872804914762e+01 1.289064210696704293e+00
2.787011316279500051e+01 2.008555449608930843e+00
2.791244220639654117e+01 2.726889271488541766e+00
2.791275978575367134e+01 3.460276660291068396e+00
2.864675052904822650e+01 -4.308850218980282420e+00
2.861061991062550902e+01 -3.640524412677837773e+00
2.857632510083157484e+01 -2.954771992599368957e+00
2.858124644692335181e+01 -2.255633865724661291e+00
2.855968141590626175e+01 -1.581340312957451033e+00
2.855342820063065545e+01 -8.568101471785283252e-01
2.857783198929245572e+01 -1.191288971475934488e-01
2.854167152321620193e+01 5.620340041132152464e-01
2.857457769715198737e+01 1.248332221795148911e+00
2.861881407065059335e+01 1.969935631290759659e+00
2.864861778227935218e+01 2.679365806143859885e+00
2.867621716095006690e+01 3.433682586529211989e+00
2.946690895715126857e+01 -4.312910368100052239e+00
2.932283801504190279e+01 -2.276687326448993076e+00
2.932756486228591797e+01 -1.617578476813317678e+00
2.984328478932899742e+01 -8.603349837225486851e-01
2.938635033604338531e+01 -1.873454718752078918e-01
2.934143626548515016e+01 5.185935971445445603e-01
2.939078207653350461e+01 1.247718269311491213e+00
2.940804181530605632e+01 1.959136843258125538e+00
2.941856536764941410e+01 2.656371810069959594e+00
2.943016612060036863e+01 3.393757960949120189e+00
3.022916561923894818e+01 -4.329185755662120272e+00
3.016751150414908267e+01 -3.633450881609000760e+00
3.018695638023493899e+01 -2.976804261473319002e+00
3.015631951623343099e+01 -2.274341754863534959e+00
3.013995585391317178e+01 -1.606629382349332502e+00
3.013405791492832719e+01 -9.069566728653128962e-01
3.015599217522728992e+01 -2.114801865823743299e-01
3.017858580117907508e+01 5.086187034542355434e-01
3.019450609938842689e+01 1.230625297784591510e+00
3.021438948488636100e+01 1.974172814287712185e+00
3.018693961316942165e+01 2.711884722084914046e+00
3.020365257280054294e+01 3.445381778114889215e+00
3.106867629547581799e+01 -4.302349202585975974e+00
3.099611525477403262e+01 -3.694550366477741932e+00
3.090189217260267895e+01 -3.023618778438791566e+00
3.089551458722252875e+01 -2.319428336878942787e+00
3.089875133074180980e+01 -1.615982922077307649e+00
3.091408843832171982e+01 -2.198647423814925617e-01
3.092898162470935830e+01 4.981467758452033934e-01
3.090858221179322385e+01 1.234858443306283249e+00
3.094457316992617990e+01 1.985153240094440719e+00
3.101861953676964134e+01 2.724560792946217447e+00
3.110905676391760011e+01 3.429530388594958623e+00
3.178771658179517345e+01 -4.338373344832216816e+00
3.177548109460908421e+01 -3.687773858109068215e+00
3.173119630570199234e+01 -2.985717209519958004e+00
3.168253305675165876e+01 -2.279942665096879040e+00
3.168824339055330341e+01 -1.613585702286915335e+00
3.165146872225474084e+01 -2.127017235452015598e-01
3.166527646488219006e+01 5.067531951184811589e-01
3.178312865976746338e+01 1.221468375811152640e+00
3.178258615678378618e+01 1.974627543395833129e+00
3.187150993664651111e+01 2.657690725236211193e+00
3.181951695984304962e+01 3.429296710552758753e+00
3.261407479237109186e+01 -4.352162618479905376e+00
3.253084627156467690e+01 -3.641351451784039739e+00
3.255863498805599221e+01 -2.974183620408094697e+00
3.251032034601953313e+01 -2.269668735749299060e+00
3.245080576952504003e+01 -1.567865149411257875e+00
3.250370523852811999e+01 -9.016962467779165991e-01
3.247172661001609839e+01 -1.966692021720461980e-01
3.248117597470805862e+01 5.118703853456842978e-01
3.250123023579052273e+01 1.246987919193532690e+00
3.249287806530919198e+01 2.007095149086200792e+00
3.256032800588337039e+01 2.738547918241625467e+00
3.259396410224359641e+01 3.435175223455235738e+00
3.340477832216949849e+01 -4.296773206548074597e+00
3.334952375230590604e+01 -3.612259032846836249e+00
3.327765044883893353e+01 -2.933137294406900963e+00
3.325559841404160721e+01 -2.284102622886365452e+00
3.324125401911982891e+01 -1.600765808221442654e+00
3.323276836601653628e+01 -8.816513782703090385e-01
3.321803004155928107e+01 -1.650216945452349648e-01
3.324953732657463235e+01 5.640643232985596001e-01
3.325753146808261107e+01 1.304951372974201718e+00
3.331364282320424053e+01 2.016009730868407956e+00
3.336446568870724860e+01 2.748327509772021671e+00
3.337404794061986735e+01 3.477450173241475539e+00
3.415886290092492317e+01 -4.299572422218730594e+00
3.409898913009467236e+01 -3.656383903821510017e+00
3.408654153537025167e+01 -2.926785815088404519e+00
3.402399481659947611e+01 -2.259181866254778015e+00
3.399965482701652064e+01 -1.599037216836329378e+00
3.400391088930376071e+01 -8.696960663371875455e-01
3.401838157231653526e+01 -1.231730700108002452e-01
3.397577280402614264e+01 4.989139357689857945e-01
3.400513325838260670e+01 1.316558836586363412e+00
3.410009112547489707e+01 2.044387865191453102e+00
3.413520053108057795e+01 2.774268064773547593e+00
3.411787621636879209e+01 3.505904990231638152e+00
3.492696135172607086e+01 -4.285984972787161951e+00
3.489866177351844811e+01 -3.617056776744462354e+00
3.486160414004103103e+01 -2.913392553682189856e+00
3.479953461857322594e+01 -2.249106730436409407e+00
3.477157533306597514e+01 -1.526992501184242457e+00
3.476333411625150660e+01 -8.174532330328077023e-01
3.480083306939508958e+01 -5.986455906416310313e-02
3.481341868553341357e+01 6.207137007490821645e-01
3.491612942987902812e+01 2.018732275106021490e+00
3.491721550755870140e+01 2.801298274230976659e+00
3.502930721725768848e+01 3.608807226219827413e+00
3.572048723762278399e+01 -4.298171012041841266e+00
3.570232701442100876e+01 -3.550972265995266497e+00
3.568164451481070643e+01 -2.926536059730715067e+00
3.557186110249869415e+01 -2.197660825611276181e+00
3.555979436375590552e+01 -1.478276273474335767e+00
3.553590452657694954e+01 -7.591446582230005902e-01
3.559285108476756676e+01 -3.293533473399534728e-02
3.558509776423856152e+01 6.333713675272356625e-01
3.564566263637082244e+01 1.397562304351087192e+00
3.564071207963269927e+01 2.080838595219795195e+00
3.578324724684943448e+01 2.857828220970230149e+00
3.590383455707539184e+01 3.570931053651595022e+00
3.653562439101440162e+01 -4.233460858571657326e+00
3.644191139773578669e+01 -3.522166217378426722e+00
3.641874275104353131e+01 -2.835759213873810580e+00
3.633833856435582987e+01 -1.424295975501479461e+00
3.633756209650234581e+01 -7.062226946778054071e-01
3.647277896000664299e+01 1.779775806537173821e-01
3.636598288501979681e+01 7.182126377869444411e-01
3.655581093027908679e+01 1.401778418340189347e+00
3.658798957676159347e+01 2.157675185637558002e+00
3.659225719708917524e+01 2.891293210735614849e+00
3.666485955897970683e+01 3.595500587912656698e+00
3.737862687061265632e+01 -4.170297985488453207e+00
3.727121612409668927e+01 -3.469523708343029256e+00
3.725646351801744771e+01 -2.747852862633326509e+00
3.722270154171959433e+01 -2.055423319571062279e+00
3.719308895736255494e+01 -1.350520361327440355e+00
3.715724395394624224e+01 -6.180744754383837858e-01
3.726770100397734353e+01 2.068364258508523790e-01
3.734475860682581327e+01 7.671554362866856991e-01
3.765706242981620022e+01 1.325571715529545003e+00
3.758236636009016962e+01 2.237069501879208389e+00
3.827930338391819731e+01 -4.105235549025103126e+00
3.824361220880087586e+01 -3.342568946028599441e+00
3.822871844836739541e+01 -2.673603000799140261e+00
3.825158265060021989e+01 -1.951553377941408485e+00
3.850910414909933621e+01 -1.131103325016205474e+00
3.815854150120154742e+01 -4.667088026733345885e-01
3.822029695782787684e+01 2.764178259413039740e+00
3.848408608816645682e+01 3.253235687053201985e+00
3.930582986382805899e+01 -3.277372766401935422e+00
3.933334372130858725e+01 -2.973527433970577505e+00
3.928486172485688854e+01 -1.761406355319270034e+00
4.000644672243137023e+01 1.147487323393935554e+00
4.000580543015274060e+01 1.890083189396086993e+00
4.001024678973087845e+01 2.612603062212425442e+00
4.000325921808923368e+01 3.322007300761978144e+00
3.998901755987399298e+01 3.994284167277836417e+00
4.074585715383930307e+01 -3.967282016641522802e+00
4.072560741505218829e+01 -3.212667001758024554e+00
4.070868214695638443e+01 -2.465631743390794384e+00
4.070909273556723207e+01 -1.779577702191790678e+00
4.072513370655587295e+01 -1.070086111197806389e+00
4.072735701965414279e+01 -3.524031542558923036e-01
4.073451553955094795e+01 1.120904474500296288e+00
4.071804049436723716e+01 1.846151785443961302e+00
4.070632500429835687e+01 2.519090001189628225e+00
4.069195357617700637e+01 3.306720889705292876e+00
4.070868927040312002e+01 3.967282016641522802e+00
