-1.954538573495696596e-01 -4.013818786517571624e+00
-1.850295964857266995e-01 -2.521606020628336609e+00
-1.960116299635004111e-01 -1.834381224130421373e+00
-1.857422198597333818e-01 -1.115152968720124704e+00
-1.964086010528163229e-01 -3.802982960704817117e-01
-1.841438299534061684e-01 3.599292601242787271e-01
-1.917549503420943324e-01 1.094739644882487539e+00
-1.895263971414422599e-01 1.815769342405058495e+00
-1.886474898028396296e-01 2.523223957127576966e+00
-1.877098519482913730e-01 3.263937943199263003e+00
-1.864629029433970686e-01 3.982691863284973266e+00
5.459004957003443792e-01 -3.999954186425860314e+00
5.539243247813061544e-01 -3.287263691755285322e+00
5.469938597491292853e-01 -2.551999609884838094e+00
5.301782984204024274e-01 -1.832839826956529805e+00
5.328447452072424539e-01 -1.094967153032278873e+00
5.467784088438207846e-01 -3.719918527338421654e-01
5.132717623829989861e-01 1.083961974482232193e+00
5.368230335579511348e-01 1.813610152199306214e+00
5.425045769294385423e-01 2.525704061724646010e+00
5.336048314245331881e-01 3.278219142184031654e+00
1.279094304954455197e+00 -3.273111088134829316e+00
1.268132107775386430e+00 -2.554675314606242864e+00
1.271589247104351728e+00 -1.824788531808593461e+00
1.273910453047989222e+00 -1.092311855488897976e+00
1.272052822261464655e+00 -3.654372825122003121e-01
1.272677910525551681e+00 1.085068392029537421e+00
1.275936011029195072e+00 1.800679779397377445e+00
1.261903370743631569e+00 2.546394231314085488e+00
1.270106028520338270e+00 3.275303549586109142e+00
1.266495575665160800e+00 4.002397722758896492e+00
2.001487481786078604e+00 -3.996205004097522107e+00
2.005797744599149723e+00 -3.278666939556774906e+00
2.019470873524198851e+00 -2.540292732988330471e+00
1.995177113480188780e+00 -1.807005455811616201e+00
1.992192682440595775e+00 -1.092007040037948684e+00
1.999656479745603122e+00 -3.722014356990044348e-01
1.999534180667637884e+00 1.085261650794368649e+00
2.001478018530697511e+00 1.820438212727555793e+00
2.002339253044397083e+00 2.543122877346785771e+00
2.011103450523862080e+00 3.272978224292966587e+00
2.009458205086488647e+00 3.992211406068282287e+00
2.726618938756551813e+00 -3.999750420424316388e+00
2.711041269269856002e+00 -3.282008612193827446e+00
2.728004342991020792e+00 -2.554624210627846281e+00
2.741460649809987160e+00 -1.822075564218469168e+00
2.744408435401318513e+00 -1.094612686397354651e+00
2.735556315259785265e+00 -3.600396802892156245e-01
2.731861371073797784e+00 3.662476329213433246e-01
2.726791953697862425e+00 1.808639213522443612e+00
2.726658035301859684e+00 2.559009927526652461e+00
2.711816989015581214e+00 3.267624711893862610e+00
2.729343953684804092e+00 4.002621736795315854e+00
3.463911182350472018e+00 -3.998530145141781844e+00
3.456378686343661855e+00 -3.280212840672689367e+00
3.451346209041652457e+00 -2.557924613681759496e+00
3.462064032152184723e+00 -1.818355228543811819e+00
3.460892561745680496e+00 -1.097508090120289381e+00
3.455628440208300844e+00 -3.540375755724092244e-01
3.436436845961438280e+00 3.607351856772886833e-01
3.458031251403674844e+00 1.104233028315832144e+00
3.445499398965374382e+00 1.826758948371011826e+00
3.464956898512816963e+00 2.557101660745995986e+00
3.439281255247600200e+00 3.259611346214850158e+00
3.454796947904611670e+00 3.993349013455254948e+00
4.193178101123997692e+00 -4.005278617717248579e+00
4.194663492056413645e+00 -3.270837296939159700e+00
4.182999860971541750e+00 -2.548244532232072146e+00
4.183879299157339915e+00 -1.834249133982165603e+00
4.179728465557275285e+00 -1.096272101948450484e+00
4.190667503240966596e+00 -3.718840615304266350e-01
4.177795070416884471e+00 3.579089591302277995e-01
4.194546971741587527e+00 1.089712675905257555e+00
4.183013852592225135e+00 1.821033946524504898e+00
4.181496543468192328e+00 2.551887238717799988e+00
4.184092459414522125e+00 3.273796537252781746e+00
4.177783037527952104e+00 3.990824198417360691e+00
4.897575100514728774e+00 -3.986871394361454435e+00
4.907896320967147119e+00 -3.275646337093817806e+00
4.912393845084771726e+00 -2.544816757186204370e+00
4.932076733553124370e+00 -1.817994987063510592e+00
4.906500810046999561e+00 -1.106254075889875566e+00
4.915119330527318198e+00 -3.646889584102233073e-01
4.908110558749307017e+00 3.802304134755587484e-01
4.913973640099086992e+00 1.076534518811623542e+00
4.919415107100547857e+00 1.813889802884631308e+00
4.918797520410358004e+00 2.552549871626684563e+00
4.917774554031119294e+00 3.266609392449492333e+00
5.645248649874602620e+00 -3.991840489934222802e+00
5.649494854410015421e+00 -3.269620649788127054e+00
5.651732729987408277e+00 -2.541425734536456815e+00
5.637870813312119367e+00 -1.090808464139986000e+00
5.641392658220134138e+00 -3.651440543493009727e-01
5.647636536441126509e+00 3.664483103313607160e-01
5.655240672795237344e+00 1.079974987491869598e+00
5.655608882717146457e+00 1.810252499443219421e+00
5.647041823648628167e+00 2.532717103020761584e+00
5.657854769558682051e+00 3.268010896325233006e+00
5.652945654382648399e+00 3.978755863899717582e+00
6.358685264009103832e+00 -3.991954170375635158e+00
6.371654679258000442e+00 -3.268126718349723348e+00
6.370644640746199627e+00 -2.537186777967260554e+00
6.381843912710273514e+00 -1.815648968804836727e+00
6.373737900310466387e+00 -1.094184055614583428e+00
6.365090290887010838e+00 -3.509821775695307622e-01
6.375693727998445581e+00 3.636293950616042991e-01
6.343890804633623759e+00 1.072499442389737823e+00
6.388420023315831031e+00 1.815413355633392456e+00
6.380370324746444055e+00 2.554810611724615654e+00
6.380863971281918623e+00 3.268803639775587300e+00
6.372708671923319912e+00 3.985723516575657044e+00
7.102848157476110202e+00 -4.002428016656022436e+00
7.089307894112380382e+00 -3.273238212108825707e+00
7.099742432332909914e+00 -2.547324474875512834e+00
7.094510924265705398e+00 -1.804052885835037756e+00
7.089323105142305792e+00 -1.077112499448585226e+00
7.110730277798076315e+00 -3.642495404225911670e-01
7.105264375229360496e+00 3.645297039228978520e-01
7.106351561022620444e+00 1.089016765528619146e+00
7.102982487790733046e+00 1.816785554252192014e+00
7.102837513256275770e+00 2.559409587096880045e+00
7.102998643254714750e+00 3.268626268401501278e+00
7.113441456154227183e+00 3.990316238852802400e+00
7.836872957497838854e+00 -3.998983679319309203e+00
7.826679552405629181e+00 -3.286133730063347969e+00
7.833850421485166748e+00 -2.544853836492105614e+00
7.834475110291023725e+00 -1.816530865756536883e+00
7.836205726232535085e+00 -3.607183575862222824e-01
7.837982984089677529e+00 3.645160330160770457e-01
7.822428731335421048e+00 1.085061871888115093e+00
7.838408564061609241e+00 1.810477644285814591e+00
7.835607910324000613e+00 3.266769737353907743e+00
7.844202248557785140e+00 3.987169089121533005e+00
8.567736235364783681e+00 -3.999637708145868942e+00
8.551318253565966643e+00 -3.277328310138535983e+00
8.550390281442510343e+00 -1.821756662646333069e+00
8.570921140048632481e+00 -1.098402811461699713e+00
8.583196537522027825e+00 -3.656558738834299049e-01
8.580890359145577406e+00 3.666860751507989846e-01
8.569495598667366210e+00 1.090842785467490472e+00
8.579138090586539533e+00 1.812620450607720812e+00
8.576237497440402535e+00 2.545675776279569646e+00
8.566295451765356006e+00 3.275054319842158890e+00
8.561991442770022331e+00 3.993826294612180305e+00
9.303387634497035208e+00 -4.003660200954406889e+00
9.299620012039831352e+00 -3.269106614003792544e+00
9.294337846654585178e+00 -2.540224775625549825e+00
9.291008051247715116e+00 -1.835036477791266663e+00
9.298256716671794209e+00 -1.101707897262247826e+00
9.304827350331819957e+00 3.457368675970471372e-01
9.305788302600547013e+00 1.093909864974794033e+00
9.308247805014957521e+00 1.804509934809075844e+00
9.300971396693142879e+00 2.546413247221302356e+00
9.288850332822661926e+00 3.251753821964971536e+00
9.294970322230518889e+00 3.996819760384671127e+00
1.002854565386308394e+01 -2.553041769761669855e+00
1.003430757024661091e+01 -1.095778274096705474e+00
1.002876919270825340e+01 -3.757679172048185023e-01
1.003170372097486052e+01 3.564099665947182416e-01
1.001672750189987937e+01 1.096000210037701095e+00
1.003272013361531378e+01 1.806808917805028614e+00
1.002409113705236621e+01 2.548359579762166760e+00
1.003633308435562554e+01 3.266268960011263545e+00
1.003074169978593488e+01 3.994008896063679259e+00
1.076296317361420307e+01 -1.820289397168554757e+00
1.076422709785811804e+01 -1.095140247749757378e+00
1.076069518526836077e+01 -3.800058710865101830e-01
1.074483399838157283e+01 3.573419966096835765e-01
1.073761002738083903e+01 1.094516274753907226e+00
1.076298952970652323e+01 1.816723147957659990e+00
1.075664058049405725e+01 2.530954369152617289e+00
1.075824554241576436e+01 3.262261720351911976e+00
1.075668714672141135e+01 3.981287807494407360e+00
1.150726059429082682e+01 -4.003190841389198340e+00
1.150764029400842503e+01 -3.285792118539283990e+00
1.150303767897698748e+01 -2.553948377878569431e+00
1.150785040952897731e+01 -1.828310734722130348e+00
1.150183353598649916e+01 -1.096174927893141415e+00
1.149426367496958790e+01 -3.684526317335823364e-01
1.148442323638187901e+01 1.104851556994358219e+00
1.149363247664411602e+01 1.819534485332123808e+00
1.149217600609051004e+01 2.535648983632025733e+00
1.149596385348041139e+01 3.269834441174257478e+00
1.149379733142794180e+01 3.987794586003172270e+00
1.223381973979177673e+01 -3.272495772464122155e+00
1.223859185360170443e+01 -2.546809237293143013e+00
1.225047114974104545e+01 -1.824916156268649559e+00
1.222877615287085007e+01 -1.092742728497395177e+00
1.221777363556695661e+01 3.504325281677367343e-01
1.220371185552716042e+01 1.081750892061513980e+00
1.221614071903417909e+01 1.807323226177892650e+00
1.221062542354120239e+01 2.532596046225403796e+00
1.221574298779808743e+01 3.252764209637209802e+00
1.221574972541322524e+01 3.994762589619650583e+00
1.296005442996109025e+01 -3.268519210931124519e+00
1.295876507251921339e+01 -2.549492151560162512e+00
1.296962445735275793e+01 -1.836288266513939504e+00
1.295423082100994350e+01 -1.096825552449512742e+00
1.296326307047201709e+01 -3.542918410870257162e-01
1.295075194303492339e+01 3.585770985629643803e-01
1.294109677553413462e+01 1.085230182165361157e+00
1.294364571264033259e+01 1.816954941204183882e+00
1.295741243704536316e+01 2.541514533360896166e+00
1.294504354784890410e+01 3.261663677554910379e+00
1.294603003117965301e+01 3.984257953849226652e+00
1.370440293211297700e+01 -4.021876089212362615e+00
1.368526298545854303e+01 -3.278048094735940055e+00
1.369619425820361158e+01 -2.555804465598004782e+00
1.369508495080791022e+01 -1.827298167663844453e+00
1.368485068578152664e+01 -1.098299114563804579e+00
1.369160355174540911e+01 -3.662730381122507595e-01
1.368987752834472360e+01 3.616866085779300022e-01
1.369486871970462971e+01 1.085170113176094020e+00
1.368350178193489342e+01 1.812233758936802275e+00
1.368371455270732184e+01 2.550879650654383823e+00
1.368663951624178310e+01 3.266681971839734189e+00
1.368438291565384901e+01 4.012847946468273364e+00
1.442913690698102158e+01 -4.002417872858607950e+00
1.443301081756169424e+01 -3.273050355165985081e+00
1.443371824352888666e+01 -2.545217506006352437e+00
1.442284921623176785e+01 -1.085812450090774206e+00
1.442242233304126131e+01 3.712831777385368071e-01
1.440682689634719083e+01 1.081514014891514108e+00
1.441226991041268235e+01 1.807111228672766856e+00
1.440205578890049765e+01 2.539573070241917918e+00
1.442509685976370548e+01 3.277440531726444561e+00
1.441719369780173565e+01 3.991717761773312390e+00
1.515516709011649965e+01 -3.277041611478104244e+00
1.515978511071164547e+01 -2.556524950148087783e+00
1.515130601078131889e+01 -1.825121228438437271e+00
1.516732213379178518e+01 -1.103437035205676153e+00
1.516609942844876002e+01 -3.624933404456740504e-01
1.514260885090197206e+01 3.452757503875645284e-01
1.515354556828559396e+01 1.074064975227305041e+00
1.514301194454770894e+01 1.807197278658421169e+00
1.514406529509842159e+01 2.552505364731160853e+00
1.515642786197952319e+01 3.274939280541378395e+00
1.514957852509838432e+01 3.998709949777168760e+00
1.589135642720450647e+01 -4.009891461796929235e+00
1.589253386532602974e+01 -3.275577065998120929e+00
1.590110723895203648e+01 -2.547075428723353241e+00
1.589562917716904167e+01 -1.821930470550945813e+00
1.587064599050131619e+01 3.633092772328581077e-01
1.587664188272138688e+01 1.094332310140732289e+00
1.588263987521246889e+01 1.821936006350355797e+00
1.585592130149360912e+01 2.536188150917762840e+00
1.588568285286721249e+01 3.270730075722017460e+00
1.588252986216046025e+01 3.998573838005743397e+00
1.663224656329915518e+01 -4.001653833222185597e+00
1.662437830204205369e+01 -3.278151037119336308e+00
1.663330510436686893e+01 -2.550239601891284735e+00
1.662676329468589387e+01 -1.096903333780563372e+00
1.662354447470175245e+01 3.826181426830466137e-01
1.661578353196063773e+01 1.079293904424890371e+00
1.659983450002811622e+01 1.817560240101190772e+00
1.661480947724490420e+01 3.281620442451615105e+00
1.661381708454892703e+01 4.004684168842306491e+00
1.736018482209687619e+01 -3.999464757337499066e+00
1.735150343914094861e+01 -3.276453365664902861e+00
1.736813797589149999e+01 -2.547948848017075107e+00
1.736378239304433890e+01 -1.831359369782816771e+00
1.734349113902505479e+01 -1.099938345104686022e+00
1.736151223682484357e+01 -3.758608040456579147e-01
1.735897257173031250e+01 3.609537801985034378e-01
1.734065728983006949e+01 1.812987495984820896e+00
1.735434449505905974e+01 2.543373245157258822e+00
1.733873439997380927e+01 3.282507289004957585e+00
1.734864981411428886e+01 3.993805704135187540e+00
1.808314972279775645e+01 -4.015584252009880117e+00
1.809042942814082267e+01 -3.278138846935604533e+00
1.809497264961699159e+01 -2.570570219055973382e+00
1.810098263389419770e+01 -1.822856659657858813e+00
1.807687278245255413e+01 -1.100030012798619339e+00
1.807666356315429823e+01 -3.731758372602769214e-01
1.808440064007118053e+01 3.650683193404873350e-01
1.808369745291480513e+01 1.832585095968482847e+00
1.807573147251659407e+01 2.551790895594137965e+00
1.807639238908872414e+01 3.280003880814629014e+00
1.807601737531037855e+01 3.993115317741793291e+00
1.881929503059167530e+01 -3.999698926572108348e+00
1.880973910158428453e+01 -3.273954295856878360e+00
1.881400060428979515e+01 -2.554715192123424572e+00
1.881058811062730030e+01 -1.804236294232921978e+00
1.881703164683973029e+01 -1.093080409915490492e+00
1.881028285643124320e+01 -3.869847703669044847e-01
1.881316117844643543e+01 4.028692714525625718e-01
1.878713796884994025e+01 1.097471003024015346e+00
1.877242271898440151e+01 1.752394523578370666e+00
1.880313022507944964e+01 2.561207195740522025e+00
1.880945235090723600e+01 3.268268980526730871e+00
1.881326688268126190e+01 4.001073096622857150e+00
1.954737249391855869e+01 -3.995546087251486966e+00
1.954056357069536887e+01 -3.284001054294890309e+00
1.954089971641284507e+01 -2.535253173210584521e+00
1.953681454933102657e+01 -1.826751431890791366e+00
1.952297093020592200e+01 -1.098680700675011224e+00
1.954636451998813840e+01 -3.633180670914875066e-01
1.952856573388211814e+01 3.574747329978507082e-01
1.953891499851183511e+01 1.105413294052119966e+00
1.953733940000091707e+01 1.829582529379869982e+00
1.953399580654482293e+01 2.550109519430879601e+00
1.954102886938058958e+01 3.290560688720699289e+00
1.951804601282896812e+01 3.989612994772382848e+00
2.026347405231858545e+01 -4.015382317448327854e+00
2.027211109747319995e+01 -3.280343666607556941e+00
2.025525336789832664e+01 -2.539291627664567841e+00
2.027368077334063656e+01 -1.828245731183539391e+00
2.026967891147562995e+01 -1.090495948894812273e+00
2.027799473322554036e+01 -3.700253954827630309e-01
2.027309305884240587e+01 3.735681156610297649e-01
2.027744463974415368e+01 1.082669054165723566e+00
2.025410518011208438e+01 1.818673590462463352e+00
2.026389990638160299e+01 2.546283775875188837e+00
2.025896014287062030e+01 3.272565450516079721e+00
2.026944004064473148e+01 4.016602966359766214e+00
2.099610056117766277e+01 -3.992058278550235428e+00
2.098182262851733526e+01 -3.280334281886297276e+00
2.099734155782020650e+01 -2.548457998881058728e+00
2.099260303648035375e+01 -1.815588064066695040e+00
2.099605296784488928e+01 -1.097167979161010720e+00
2.099236915710481810e+01 -3.690954229251133256e-01
2.099972550554790729e+01 3.589988032526925110e-01
2.099468364863931669e+01 1.089864471269336832e+00
2.100396295001751668e+01 1.811407498479294276e+00
2.101484431138290176e+01 2.545159085440534597e+00
2.098993887837269767e+01 3.270983047888119444e+00
2.100432087958436966e+01 4.003240243543974231e+00
2.173444362265192353e+01 -3.998865300600449757e+00
2.173244330049120521e+01 -3.275323644681556345e+00
2.171617317325662100e+01 -2.566449446030510728e+00
2.173050547294889867e+01 -1.833685959806039989e+00
2.172915906788624341e+01 -1.087293267444302103e+00
2.173346287690851852e+01 3.590814598561706816e-01
2.172852533379827378e+01 1.108727127265382251e+00
2.172817861006439699e+01 1.809665393972359482e+00
2.172509836126737071e+01 2.552975227269389080e+00
2.169845335241048900e+01 3.271470247333251535e+00
2.173035554497697319e+01 3.982079802248360778e+00
2.246739345358673745e+01 -4.012194513726619505e+00
2.246142446493708889e+01 -3.286553125064248349e+00
2.245578410594626462e+01 -2.537073682879210423e+00
2.247785466583194847e+01 -1.819268053952022512e+00
2.247143749976222438e+01 -1.084215036802120835e+00
2.246527676348905800e+01 -3.690290505686917299e-01
2.245718795299593751e+01 3.681666396053344670e-01
2.247121760866547646e+01 1.100115425450209017e+00
2.245149953731772285e+01 1.822058160772524360e+00
2.245556116264661028e+01 2.557420541278840886e+00
2.246535290182676192e+01 3.264634550631971166e+00
2.245701574671406320e+01 3.991439598726831406e+00
2.320429816239428078e+01 -3.992445651288367259e+00
2.320130096848062351e+01 -3.272170702469857417e+00
2.320309992251754494e+01 -2.537779102104806839e+00
2.320443137642546816e+01 -1.811967225455248354e+00
2.320092402149143140e+01 -3.560342955964159728e-01
2.319773505049236917e+01 3.680344503580137427e-01
2.318922554692246507e+01 1.097864848481563627e+00
2.319043437771606619e+01 1.821685148925531905e+00
2.318969992532924351e+01 2.546906273493252826e+00
2.319386631161024326e+01 3.260544878891071363e+00
2.319553181354528704e+01 4.012989135765874238e+00
2.393385947550751069e+01 -4.005986798846191022e+00
2.393772250513817568e+01 -3.273355546283870154e+00
2.393083049770200432e+01 -2.546083097822421593e+00
2.393781654299908013e+01 -1.808705409405433784e+00
2.393159743940145745e+01 -1.084738202563329423e+00
2.393470900695674430e+01 -3.684824625246747587e-01
2.394351454919006983e+01 3.632680949717901342e-01
2.393390627339920229e+01 1.104539216872684193e+00
2.392683385667279339e+01 2.558253690404239222e+00
2.392271300190178351e+01 3.269580809765297857e+00
2.392347369406675028e+01 4.000707942798545247e+00
2.466286513080501663e+01 -3.998253234279264490e+00
2.465840492538217177e+01 -3.272536764770336504e+00
2.466923620265474426e+01 -2.543911254003422329e+00
2.466434824998204789e+01 -1.816001682839878839e+00
2.466632323804923743e+01 -1.082176857117381985e+00
2.465459196827904975e+01 -3.637151550993564797e-01
2.465865041332352803e+01 3.651879155908979158e-01
2.465897748489041419e+01 1.094624882754494877e+00
2.466016426764933556e+01 1.824469814179405347e+00
2.465907887851739133e+01 2.550805100623225741e+00
2.464311857939468808e+01 3.277344407697636797e+00
2.466551972608517218e+01 3.993535471071172793e+00
2.539242982623927958e+01 -3.998446391465172667e+00
2.539343774420569133e+01 -3.270730245733854957e+00
2.539161927529676888e+01 -2.543069366415139143e+00
2.539328536719700224e+01 -1.818693406244410227e+00
2.538445007013169885e+01 -1.081870150382616913e+00
2.538555379860222416e+01 -3.569300880704489032e-01
2.540851482588149679e+01 3.463627845905854485e-01
2.538799300109300106e+01 1.088836801097041729e+00
2.537729464805189394e+01 1.817639121578970673e+00
2.539013355218157386e+01 2.548141108925548792e+00
2.536919836707363629e+01 3.276290845662952478e+00
2.539542097297986345e+01 3.997133986906657555e+00
2.612891487431294024e+01 -3.995906209945680132e+00
2.612175426565841008e+01 -2.543975283992164549e+00
2.610316018787105463e+01 -1.822029144813249957e+00
2.611375321116771886e+01 -1.086749631471306543e+00
2.611115827543426349e+01 -3.641592111785527663e-01
2.612699077245458312e+01 3.563945976618398959e-01
2.611826261779156511e+01 1.084741121077314574e+00
2.611874033421914731e+01 1.820115371578701513e+00
2.611642481414492067e+01 2.543239809425848819e+00
2.610660574015424373e+01 3.272415444382740901e+00
2.611466676580226931e+01 3.996048596523603891e+00
2.685535288669273513e+01 -3.982338366512109928e+00
2.682020704484575191e+01 -3.258380567250231508e+00
2.686474928986449839e+01 -2.540138993198933548e+00
2.684756332134556089e+01 -1.815461964290594921e+00
2.685573181433962020e+01 -1.097823345946448370e+00
2.685183880062015049e+01 -3.653236376439039645e-01
2.684270989450744338e+01 3.606738112066061319e-01
2.684283809205832227e+01 1.082015425792448582e+00
2.683967464161882077e+01 1.812459098441113525e+00
2.684772351598319062e+01 2.533665428393106822e+00
2.684848645463272021e+01 3.273320471378841745e+00
2.684914424328604099e+01 4.004303159773574095e+00
2.757904658861876612e+01 -3.984629976162256781e+00
2.758262299277831886e+01 -3.283867983364839205e+00
2.757414879483108905e+01 -2.552383245590650773e+00
2.757862231601533409e+01 -1.816763767363553939e+00
2.757764691722361050e+01 -1.088382528307636932e+00
2.756962934664899478e+01 -3.602725948970970649e-01
2.756988321603036241e+01 3.653656076191040825e-01
2.755804246701682558e+01 1.090860984359782293e+00
2.757773830773835044e+01 1.824217830119049921e+00
2.758277659579569274e+01 2.552148909994837567e+00
2.758026875953724755e+01 3.268312867163150059e+00
2.757170719163361383e+01 3.995677962404318606e+00
2.831258403207201724e+01 -3.996445391022060534e+00
2.828460349206154234e+01 -3.292691767877780507e+00
2.831578498638233299e+01 -2.542632838099471826e+00
2.830876363793505135e+01 -1.816807581069937783e+00
2.830670695368865353e+01 -1.094888823340262718e+00
2.829544251531629584e+01 -3.799924228949329574e-01
2.830855552284655374e+01 3.626798465241165559e-01
2.830443360556436261e+01 1.077908188677515255e+00
2.829947214983624804e+01 1.830761500725685664e+00
2.830313388289655308e+01 2.549331158664436714e+00
2.831285577918945506e+01 3.269635040272991233e+00
2.830276713941185562e+01 4.000819767390677129e+00
2.903430361614204713e+01 -4.002999819669504689e+00
2.903666792511241823e+01 -3.270064168546173988e+00
2.903500726928707110e+01 -2.536824686365374504e+00
2.904369713024511412e+01 -1.822355734439380370e+00
2.903718467560405969e+01 -1.079312437330067098e+00
2.904409639981339097e+01 -3.628247384945204601e-01
2.904349202440806010e+01 3.662349710144852111e-01
2.904199873182111702e+01 1.091401796935954849e+00
2.905406529410486627e+01 1.808713939351267896e+00
2.903637868263039223e+01 2.542209473592926372e+00
2.902217350609883084e+01 3.276357763609613727e+00
2.903103409200723917e+01 4.000887801469534821e+00
2.977290215134390650e+01 -4.000801886401859520e+00
2.976879048796067906e+01 -3.278172429171004154e+00
2.976149761600313326e+01 -2.533715128293863472e+00
2.976606751158525555e+01 -1.823793307293698263e+00
2.975066442644200748e+01 -1.095582771733557337e+00
2.975269078008492585e+01 -3.659398866848526666e-01
2.975670044133092773e+01 3.613426388466933759e-01
2.975846878333087631e+01 1.086476434156793403e+00
2.976499292977148770e+01 1.804845696946792089e+00
2.976544198010088138e+01 2.545482894478155345e+00
2.976208789126018672e+01 3.266017663841960683e+00
2.976900937507674172e+01 4.003064251361923453e+00
3.050212510454330328e+01 -3.995455804512957343e+00
3.051065235503217110e+01 -3.276685925844610381e+00
3.049763592189145101e+01 -2.549104171979671207e+00
3.049653961446556849e+01 -1.819397709931333651e+00
3.050310920052587704e+01 -1.088188455068888061e+00
3.048883439806883899e+01 -3.681447997085847135e-01
3.049853160102625083e+01 3.589602304800720844e-01
3.049688198302093411e+01 1.097738259488085788e+00
3.049353529779360628e+01 1.833584328603521385e+00
3.049290016154092342e+01 2.543698220889286432e+00
3.048978274534497501e+01 3.267564623929924750e+00
3.049182453479190968e+01 3.991298276304821258e+00
3.122230668707619117e+01 -3.994817030913395683e+00
3.123370562047177401e+01 -1.811798578792146230e+00
3.122714172041172986e+01 -1.097666282481824851e+00
3.122498509893694774e+01 -3.659156952235953497e-01
3.123324388801807316e+01 3.634471451199488001e-01
3.122066466663815021e+01 1.082687708407330973e+00
3.121776789437515021e+01 1.819519752327735773e+00
3.122717814282892590e+01 2.543986010955929800e+00
3.122957886260346783e+01 3.269209354014666502e+00
3.121265243336947748e+01 4.000084977578826084e+00
3.196273374845036841e+01 -4.001398418026727910e+00
3.196087527087122027e+01 -3.269768999277918198e+00
3.195778870628412704e+01 -2.550861334450207352e+00
3.196483417309053010e+01 -1.821327287063752465e+00
3.195105131485383509e+01 -1.095177625205856486e+00
3.195760134147888465e+01 -3.686272592415029692e-01
3.195219878534329183e+01 3.618462445381815940e-01
3.195231647893326254e+01 1.090744620904366968e+00
3.195594174369043827e+01 1.827814061756569686e+00
3.195961304789364732e+01 2.549191392862969252e+00
3.195726340817308397e+01 3.285325979826207998e+00
3.195477021197526568e+01 4.003475220096373022e+00
3.269923714254874625e+01 -3.997957908366011281e+00
3.269383778331366130e+01 -3.272997164187742669e+00
3.267718346969375176e+01 -2.544257785121367021e+00
3.268902519515851424e+01 -1.824438380767606560e+00
3.268146243668440576e+01 -1.079320846060955574e+00
3.268989391407887268e+01 3.607504129679632854e-01
3.268738582648415303e+01 1.081697418472781891e+00
3.267697211111856603e+01 1.821582016024787976e+00
3.268078083258544808e+01 2.547710931841031368e+00
3.266490229242386789e+01 3.261420310574745685e+00
3.268895802535761419e+01 3.992495632272106576e+00
3.341417674031647067e+01 -4.004015962916064097e+00
3.341575251162218052e+01 -3.273985928738088802e+00
3.342021260006074357e+01 -2.534949706814725090e+00
3.341065023115837818e+01 -1.815453080723791857e+00
3.341479655979448893e+01 -1.086280362154951717e+00
3.341653930231733938e+01 3.508235435219937415e-01
3.340256145665501464e+01 1.096875546778008470e+00
3.342977660449894728e+01 1.813211979379030225e+00
3.341305018935782556e+01 2.546634592883748383e+00
3.341953808248366187e+01 3.276569999662878985e+00
3.340864598385878281e+01 3.992139037268639612e+00
3.414137395721267154e+01 -3.994957337609811532e+00
3.414430899644944617e+01 -3.273027834028543026e+00
3.415007597253390514e+01 -2.544932967533252821e+00
3.413764172478871473e+01 -1.832539272732049085e+00
3.414090237490199087e+01 -1.087342841818664141e+00
3.415104154889684906e+01 -3.636089784188065721e-01
3.414224899667554070e+01 3.642412688613312355e-01
3.414682064798092398e+01 1.095531142158609583e+00
3.413975303353807789e+01 1.816799226577685999e+00
3.412246590182783024e+01 2.553988906321528418e+00
3.415687134182974916e+01 3.276446014958313668e+00
3.413924303541759997e+01 4.012047539741022462e+00
3.487924778388535429e+01 -3.990653826039164187e+00
3.487398733490990566e+01 -3.268755012375034852e+00
3.487707515507614886e+01 -2.527905879177009041e+00
3.486495599380345567e+01 -1.820805318059520062e+00
3.487191178684150117e+01 -1.091038540303014059e+00
3.487062956195102714e+01 -3.681936349438181821e-01
3.487293831977982705e+01 3.603661381090148552e-01
3.487501263116687511e+01 1.103265537456767476e+00
3.487661373014697830e+01 1.829916706943510718e+00
3.488362419745710241e+01 2.545416380889619745e+00
3.489000561891460706e+01 3.275518922638259056e+00
3.486598316491765814e+01 4.004075183595542597e+00
3.559903754080412597e+01 -4.001665321934304131e+00
3.558334293894871081e+01 -3.271722826257221328e+00
3.560169061220587849e+01 -2.540160934563090223e+00
3.559635893660185246e+01 -1.819696472359179751e+00
3.560706610478305123e+01 -1.092246122894056981e+00
3.560774383365536977e+01 -3.687756860977664530e-01
3.558744359462126994e+01 3.636570587411007693e-01
3.559592592193927629e+01 1.080599526503903007e+00
3.558790789069824001e+01 1.823314418337893983e+00
3.558519832867474264e+01 2.537747880957198277e+00
3.560165300952603928e+01 3.274600703142045433e+00
3.559555288119137373e+01 3.993497973243886889e+00
3.633319656849230483e+01 -3.980939007073750702e+00
3.633050742136547484e+01 -3.261088315075195254e+00
3.632703616371028232e+01 -2.541044473341241172e+00
3.633100067689544943e+01 -1.813354192796140296e+00
3.633046842189859404e+01 -1.094592013213361525e+00
3.632437867994081415e+01 -3.609657875912901659e-01
3.633845759747547532e+01 3.736281935409131449e-01
3.633258319639043776e+01 1.114787322699513084e+00
3.634391191457643089e+01 2.545361004256992743e+00
3.631868776049125103e+01 3.276933484815057085e+00
3.633315847734146331e+01 4.020351782873834878e+00
3.704182644139722669e+01 -4.008044890962832341e+00
3.705201563757831451e+01 -3.265737641193378948e+00
3.707477840819600345e+01 -2.554499811710684298e+00
3.705666016877314206e+01 -1.823204538783627982e+00
3.705571116617097260e+01 -1.085878183916182849e+00
3.704925282141388010e+01 -3.632758438642333942e-01
3.707321430558943831e+01 3.698427792773948397e-01
3.705614861726117937e+01 1.090629891524201867e+00
3.705970959471886061e+01 1.837671198020341734e+00
3.706625089293515174e+01 2.553281336026230974e+00
3.707219222282565596e+01 3.295125678160484739e+00
3.707693506603978761e+01 3.993743574075825364e+00
3.780215060220393042e+01 -3.988446235509549354e+00
3.778504583721200305e+01 -3.270095700515920356e+00
3.778747808643260697e+01 -2.539555143716505370e+00
3.778101034527140456e+01 -1.085218529508907181e+00
3.777717756295884755e+01 -3.599519544354663481e-01
3.776770123587773043e+01 3.871899547041621759e-01
3.778718809706563064e+01 1.107004028905109294e+00
3.778846180657159692e+01 1.806260868623294158e+00
3.780200151275740694e+01 2.549597476051804534e+00
3.777268884141854954e+01 3.279613865860920185e+00
3.778789801867441867e+01 3.998716253285156341e+00
3.851834455372195265e+01 -3.992409228611961680e+00
3.852576599078869179e+01 -3.256764505723911185e+00
3.851468209106632656e+01 -2.546007520174917715e+00
3.850948517179310926e+01 -1.821747980231904762e+00
3.851796884529836262e+01 -1.088361815188530812e+00
3.850692320121174106e+01 -3.595501877630979948e-01
3.852388431484737197e+01 3.942052428571969358e-01
3.853183750972700494e+01 1.101158967897504226e+00
3.853178540972215416e+01 1.820895781197577890e+00
3.851405616538489340e+01 2.551253666636554840e+00
3.927501859517285965e+01 -3.973638050603703675e+00
3.925492828932392086e+01 -3.252008411343002336e+00
3.928099901417491679e+01 -2.554299601192902003e+00
3.924862840985827717e+01 -1.801195355028287537e+00
3.927825071150429181e+01 -1.038063597975028785e+00
3.926142374347754327e+01 -3.315784235107237521e-01
3.924712815683991352e+01 2.559109331088965433e+00
3.924689026209988896e+01 3.254960453681260191e+00
3.997387712095622447e+01 -3.287905116793695015e+00
3.997134665651531549e+01 -2.492966359028905288e+00
3.995266393593471577e+01 -1.788873277135738959e+00
3.999696765319190916e+01 1.102936631464480399e+00
3.999964100915013177e+01 1.833601171204549019e+00
4.000101168605130653e+01 2.588603809327164385e+00
4.000378263924107358e+01 3.302629094617241634e+00
3.999571249592481337e+01 4.009143773344202799e+00
4.073650857643841761e+01 -4.001808485316377784e+00
4.072276340163080732e+01 -3.254037394809763839e+00
4.072013417155786641e+01 -2.551512050181610647e+00
4.071643586170478812e+01 -1.801345701115018016e+00
4.072638626369667492e+01 -1.081886272200559773e+00
4.073207059495494065e+01 -3.528359076449554266e-01
4.074010992782053364e+01 1.103964659876083942e+00
4.073300086815134335e+01 1.830090457389555780e+00
4.072473138240417967e+01 2.546159225532903747e+00
4.071560280235677709e+01 3.299373571851017317e+00
4.071803784780400548e+01 4.001808485316377784e+00
