-6.495638154685465793e-01 -4.046852625722440422e+00
-6.442570335460047204e-01 -2.527493625943900923e+00
-6.482447197531371330e-01 -1.870295239131738896e+00
-6.360281936483076493e-01 -1.137711931746448357e+00
-6.573501729574644514e-01 -4.155351305776235904e-01
-6.438610400050492899e-01 3.617843773914195538e-01
-6.452801458436852045e-01 1.067360307583250290e+00
-6.432127233063624772e-01 1.790610264501669491e+00
-6.393628932545567523e-01 2.488026911242471328e+00
-6.424016237299952081e-01 3.230074697242734771e+00
-6.340618005782161504e-01 3.968787456447550710e+00
1.191434704905489639e-01 -4.027389577182514557e+00
1.302190985210529561e-01 -3.318508941059082673e+00
1.178208625927723574e-01 -2.574555892071590080e+00
8.943136322254474635e-02 -1.860348991060174484e+00
9.576433714156706856e-02 -1.121470131468296216e+00
1.138090022715587679e-01 -4.044282966878540719e-01
7.685629568062779526e-02 1.053560379772701339e+00
9.063560250422142417e-02 1.788087507611184179e+00
9.795100878208273798e-02 2.490719642687064805e+00
8.699665281455537524e-02 3.258432045973201241e+00
8.459410876343511632e-01 -3.297048564918110714e+00
8.162755184995944546e-01 -2.582751617592645488e+00
8.355566131705174371e-01 -1.851229864627946142e+00
8.353989391298668465e-01 -1.115424727065327914e+00
8.360126004373071851e-01 -3.888750166741310466e-01
8.337853057678472624e-01 1.064362751177302613e+00
8.419632410901485287e-01 1.781508261158904816e+00
8.168292151751614938e-01 2.527518468629679660e+00
8.308103799889323682e-01 3.270500458692339407e+00
8.238912815111021359e-01 3.983713223591983876e+00
1.562724033857158190e+00 -4.016395854848813229e+00
1.573594472866190586e+00 -3.303427278058688188e+00
1.574914589909667484e+00 -2.571379564164899989e+00
1.563962010826045912e+00 -1.829555476880308618e+00
1.549993068290767440e+00 -1.117260218635159674e+00
1.564367267228149672e+00 -4.024673155415499082e-01
1.563780748792275688e+00 1.062584626705877611e+00
1.560651559627444840e+00 1.802169640259116079e+00
1.566839814024000077e+00 2.524660930862758335e+00
1.579999909558779336e+00 3.259068650397892952e+00
1.574034258323088409e+00 3.966302489886544436e+00
2.291837867608947477e+00 -4.017396248197901087e+00
2.273465594684864755e+00 -3.298288495736976245e+00
2.297609192228854624e+00 -2.582721860899159338e+00
2.312826530371914657e+00 -1.844654455769518364e+00
2.314653156036484916e+00 -1.116228287719085444e+00
2.304643598652774017e+00 -3.743419149325752926e-01
2.299887048819940105e+00 3.525258360651868372e-01
2.290490665144652382e+00 1.775532349266377707e+00
2.299447408805377790e+00 2.553506912926739147e+00
2.272017833904506290e+00 3.261359566048653846e+00
2.288554768858261923e+00 3.988352365726775872e+00
3.037561055668511756e+00 -4.013614546896690172e+00
3.022327794616217034e+00 -3.309507868953534881e+00
3.006528523091716920e+00 -2.588712631963545618e+00
3.025011862833196119e+00 -1.848353188243631706e+00
3.027663581792374714e+00 -1.121843355521221497e+00
3.020563238157137675e+00 -3.714121852535150481e-01
3.006126810956438078e+00 3.295876856222115237e-01
3.023928359615595696e+00 1.084169554718204864e+00
3.012590901581333469e+00 1.804654499222639430e+00
3.046509355712750278e+00 2.552174257668607282e+00
3.001464861580302568e+00 3.231040209289751886e+00
3.023135196341712572e+00 3.977952286164573081e+00
3.767805346203957129e+00 -4.022402791816375611e+00
3.784256836876906505e+00 -3.268672942944341742e+00
3.752931616057963993e+00 -2.565000933461497823e+00
3.753430361604316090e+00 -1.864222722122189424e+00
3.751171625460003156e+00 -1.119142666863080393e+00
3.763135240974953888e+00 -4.043674072991372270e-01
3.743299114123296079e+00 3.194837435047901408e-01
3.772573175066632700e+00 1.062734406646455909e+00
3.760564821471078290e+00 1.800584351256063087e+00
3.756088126978937680e+00 2.542916825850294771e+00
3.760398998214085964e+00 3.250116641929061245e+00
3.752028930352047098e+00 3.961028852911169906e+00
4.466075816035186108e+00 -3.999318046539436011e+00
4.477964142901818434e+00 -3.290616488307435361e+00
4.484479764290725257e+00 -2.562080689866373717e+00
4.530005026267929225e+00 -1.847667534205960749e+00
4.468460870954771735e+00 -1.136854744193236399e+00
4.486468064792198618e+00 -3.894034833668840179e-01
4.466374540152195038e+00 3.661871105630396528e-01
4.489650024256917504e+00 1.046033546841020012e+00
4.500230264312932604e+00 1.780862211965008157e+00
4.507968722092719815e+00 2.525755189029428749e+00
4.509511734097543467e+00 3.241936983778394676e+00
5.221258050680255280e+00 -4.007020606752810465e+00
5.219936147230519907e+00 -3.285544265309820133e+00
5.225915302295732090e+00 -2.560725671540421189e+00
5.203898324245187723e+00 -1.114710020084952902e+00
5.215032875942497981e+00 -3.941537411940672087e-01
5.217696453928297728e+00 3.466248819821799998e-01
5.241244285937860070e+00 1.050249338038003799e+00
5.258128446440679227e+00 1.792153889463666161e+00
5.237972500383392571e+00 2.501498204408520110e+00
5.265823761810366932e+00 3.239955257853353032e+00
5.259014930955203226e+00 3.941599920683557912e+00
5.930729502459783475e+00 -4.006292320394429396e+00
5.951214200776341556e+00 -3.282583442083140568e+00
5.947246286981567209e+00 -2.552594103182556751e+00
5.967482016811644030e+00 -1.827494561534717121e+00
5.946570764321776892e+00 -1.116561958729739956e+00
5.937011632634813907e+00 -3.667333968521191423e-01
5.954910534387899190e+00 3.389577123543965342e-01
5.942898212488522347e+00 1.062430705604153758e+00
5.982669892847980009e+00 1.780581563276438573e+00
5.985421612502143773e+00 2.529675663664381347e+00
5.974185610477597663e+00 3.239050412374460564e+00
5.969115927282565792e+00 3.964097773423759463e+00
6.683680065600093201e+00 -4.019295804162062780e+00
6.671485996864390700e+00 -3.292900453554828744e+00
6.681617786679112214e+00 -2.561272146157349994e+00
6.678038931971315151e+00 -1.808700006216689360e+00
6.667429333803454483e+00 -1.090724138400439358e+00
6.709420919792080440e+00 -3.846990558363536650e-01
6.691965412681653902e+00 3.468432028733552386e-01
6.699742953984092253e+00 1.058814907371960601e+00
6.701331769678546380e+00 1.788259210913263786e+00
6.706355432554367724e+00 2.538416327615436785e+00
6.711127904840239466e+00 3.244757921916253451e+00
6.723745718547569084e+00 3.967054208957549122e+00
7.423662366811470292e+00 -4.014448159457280951e+00
7.419884090584737635e+00 -3.319943080078285647e+00
7.417388909291666721e+00 -2.564093122124351254e+00
7.419098701605214785e+00 -1.834313947836406555e+00
7.435624810339767521e+00 -3.862016395455114548e-01
7.445043862004482094e+00 3.412021202010357968e-01
7.410237264107557564e+00 1.050855717199347339e+00
7.459128935018370044e+00 1.780471558210642513e+00
7.449909939676693682e+00 3.232713104386895964e+00
7.458959448148505089e+00 3.954691188480161657e+00
8.154999526996583370e+00 -4.016236415511801994e+00
8.109984631765286167e+00 -3.298092078020722795e+00
8.142957586590526375e+00 -1.842981126312029261e+00
8.181766159470150512e+00 -1.131242478744763247e+00
8.213711556874407904e+00 -3.893640234539184064e-01
8.203941125041360749e+00 3.407682474768307657e-01
8.189089000870581003e+00 1.057618031116547286e+00
8.196314790836900954e+00 1.783231083415955709e+00
8.195490975957092417e+00 2.520279051005978488e+00
8.192902018707819423e+00 3.249028780228712776e+00
8.178650145836201091e+00 3.970622666032859627e+00
8.918796403716022780e+00 -4.027068799531765109e+00
8.911140768740985152e+00 -3.292928774649098500e+00
8.914142130519927321e+00 -2.553468873507526382e+00
8.895869746135737444e+00 -1.865372653983428108e+00
8.919160678060734426e+00 -1.139604382801948645e+00
8.936781755274800787e+00 3.100394831102804005e-01
8.944040500788119630e+00 1.067314031049502177e+00
8.937990025751872736e+00 1.771378482552158573e+00
8.923006990899885693e+00 2.518656005865253178e+00
8.906320378339607657e+00 3.225865422208350708e+00
8.908144707080538183e+00 3.972065308818450546e+00
9.655405059797580236e+00 -2.582857463497703066e+00
9.666831181086962488e+00 -1.134475914905497262e+00
9.661455611481578387e+00 -4.152944145054107139e-01
9.664265884816579444e+00 3.210495931722014973e-01
9.641412858034968281e+00 1.066250547289250505e+00
9.660534521878290093e+00 1.772981439167384821e+00
9.648551346177079324e+00 2.516974385488303767e+00
9.661989468521746005e+00 3.238905044296728875e+00
9.662314186622161571e+00 3.962809709883096332e+00
1.040363665681770300e+01 -1.861078326000178862e+00
1.040164824544022082e+01 -1.136018767843708588e+00
1.040683328945314656e+01 -4.257630705453543385e-01
1.037832326198243038e+01 3.108245731242575971e-01
1.036164921345641687e+01 1.072548819180951796e+00
1.039186284107233860e+01 1.783234868880573032e+00
1.038751526769517142e+01 2.485308701353126537e+00
1.038199497943467975e+01 3.221774256769421640e+00
1.039702796582999866e+01 3.931058179765400951e+00
1.119173011144556540e+01 -4.034051023675043979e+00
1.118201944388974312e+01 -3.319061023187753534e+00
1.118441717765680465e+01 -2.590065182078035377e+00
1.118388547137032418e+01 -1.865524917147276085e+00
1.116821346953464911e+01 -1.125880925109296271e+00
1.115784729912721929e+01 -4.041988202570117039e-01
1.112769209542729243e+01 1.069317043500991105e+00
1.112423369132508100e+01 1.767560182805596014e+00
1.113086522821692625e+01 2.497093494325028473e+00
1.113636500707975330e+01 3.242848289966666187e+00
1.115080575500253701e+01 3.937335654332301260e+00
1.192646021427498226e+01 -3.306923513068078080e+00
1.193115042828134165e+01 -2.579402376901075655e+00
1.194305640963824544e+01 -1.867690058755758997e+00
1.190381071047175254e+01 -1.134032120705093405e+00
1.187782811504212788e+01 3.070600576274564730e-01
1.185393636357478897e+01 1.041699546308116453e+00
1.185537426609887035e+01 1.760669084612196400e+00
1.185239841849804066e+01 2.490718996914058181e+00
1.186653771234458787e+01 3.199132886495448247e+00
1.187463940062016832e+01 3.952405782656171596e+00
1.266105547094933570e+01 -3.295493008753311415e+00
1.265297562916787655e+01 -2.578552985770002692e+00
1.267028287820801324e+01 -1.874545727121947891e+00
1.263342407459845873e+01 -1.123702594148777933e+00
1.264242635610941079e+01 -3.872470874315077083e-01
1.262406307220148705e+01 3.191034668654779693e-01
1.259736907267141959e+01 1.050672664183267102e+00
1.258762773885611352e+01 1.781077518074216215e+00
1.260108926976835164e+01 2.499384514925580447e+00
1.260374290393349384e+01 3.221859864320791189e+00
1.260716528873921760e+01 3.938172378486790137e+00
1.343259513354092149e+01 -4.065893745216882849e+00
1.339231825643815910e+01 -3.307705880836003587e+00
1.340423823223046895e+01 -2.586926222552754950e+00
1.339475489469064229e+01 -1.860567064252411029e+00
1.338266043518255088e+01 -1.123720352249193866e+00
1.337997037797896382e+01 -3.960362848087655152e-01
1.338140191810975921e+01 3.338586463591894926e-01
1.337398429406839284e+01 1.045793724014249193e+00
1.337823551531695898e+01 1.775862131731859250e+00
1.336276422074821824e+01 2.526940050590578579e+00
1.336579816625135209e+01 3.227733325531218611e+00
1.337061046152550148e+01 3.975979740476795143e+00
1.416630451726324225e+01 -4.032561545628798427e+00
1.417131554563853513e+01 -3.303192711521173663e+00
1.416566413142017922e+01 -2.562864688413995395e+00
1.412567168454115318e+01 -1.107675315702810082e+00
1.412386302832902629e+01 3.390413735232264969e-01
1.409770610101421795e+01 1.052407892177452453e+00
1.410694833036633611e+01 1.775954009059240946e+00
1.409029368676740290e+01 2.507913550110391299e+00
1.412657772530322831e+01 3.254027408914929254e+00
1.411289257811855435e+01 3.959370515408622282e+00
1.488413513937602062e+01 -3.304686693817803445e+00
1.490274521405412145e+01 -2.581156808650220569e+00
1.487937608783077081e+01 -1.849496748988965322e+00
1.490038565102405244e+01 -1.132642102930372374e+00
1.489595636343928931e+01 -3.923796799673837654e-01
1.485434565639818771e+01 3.000851968066662323e-01
1.487580655897834703e+01 1.055526934581770604e+00
1.484274424962497108e+01 1.778128993552485326e+00
1.483564931054807801e+01 2.534899185977206315e+00
1.485430199595512590e+01 3.251249849987608798e+00
1.485341264589598609e+01 3.967808959782807676e+00
1.563952583913738437e+01 -4.043241379985644812e+00
1.563849320531006271e+01 -3.303106584883668262e+00
1.565083280001762489e+01 -2.581003683252244940e+00
1.562168794575783437e+01 -1.862626647907280386e+00
1.559704110492693019e+01 3.414251996785573340e-01
1.558884994747268848e+01 1.068463531744420436e+00
1.560092565035116507e+01 1.797466910834423004e+00
1.558127472349262632e+01 2.517964420290798699e+00
1.561113710025831836e+01 3.245172334807158165e+00
1.560770853543498049e+01 3.973132908359978899e+00
1.640498261799454127e+01 -4.025800499314517111e+00
1.639405976850959235e+01 -3.313814421848036318e+00
1.639458240831382341e+01 -2.569145330505708813e+00
1.636932623621581939e+01 -1.120374482695130069e+00
1.636038116014973554e+01 3.650412712917407987e-01
1.635523050484759011e+01 1.041362291800421502e+00
1.632609918134053117e+01 1.795815749565836228e+00
1.635246988675326207e+01 3.262413642608869679e+00
1.633895423603121344e+01 3.975687037691649550e+00
1.713932164837756744e+01 -4.030660968407353550e+00
1.712838073880872258e+01 -3.306732494499449615e+00
1.714875968323541144e+01 -2.577430581824710742e+00
1.714165759865888816e+01 -1.860978467937169256e+00
1.709614697455412369e+01 -1.130880030959076521e+00
1.712824189127166363e+01 -4.038265122460487078e-01
1.710168306615934597e+01 3.501076384199706126e-01
1.707609884059597505e+01 1.786839304128079675e+00
1.708847413245213431e+01 2.520860408711705247e+00
1.706639732998407766e+01 3.259896067006401665e+00
1.708717040641295171e+01 3.964620347912578779e+00
1.786879697151118762e+01 -4.043520623177158768e+00
1.787570168298363882e+01 -3.309759395132115145e+00
1.787239512253609774e+01 -2.617907286539036704e+00
1.787730662899556222e+01 -1.858512615168269377e+00
1.784623696375323476e+01 -1.139341367991018927e+00
1.784346272069321770e+01 -4.107175703968977132e-01
1.784705160121173861e+01 3.255428440543148838e-01
1.783534741043230554e+01 1.814034567167443157e+00
1.782218245667541368e+01 2.531330863597894165e+00
1.781913786022849422e+01 3.253920113021898430e+00
1.782141349893099402e+01 3.969991441194110848e+00
1.860563826026272238e+01 -4.021838314073452381e+00
1.858905441648963119e+01 -3.306082522953147418e+00
1.858640409059820797e+01 -2.591186970299304448e+00
1.858510469338474991e+01 -1.828404369154458919e+00
1.859017127015556525e+01 -1.130877558382575643e+00
1.857756638378656078e+01 -4.195657881670413758e-01
1.858428359807790997e+01 3.689317704375305595e-01
1.854405475342082354e+01 1.067802266242232179e+00
1.853856807361980685e+01 1.728594122174619940e+00
1.855960316026354207e+01 2.547655179248842217e+00
1.855916411951918832e+01 3.242359292162788620e+00
1.857127163350249077e+01 3.979233606326580741e+00
1.933118824779886324e+01 -4.016729050991305172e+00
1.931913277124056094e+01 -3.312406024518637082e+00
1.931883864451677368e+01 -2.561601784243897839e+00
1.930406193040378326e+01 -1.854965226688538138e+00
1.928422758680129334e+01 -1.131226427241877275e+00
1.931350603552247236e+01 -3.956940234547730029e-01
1.929022916523395281e+01 3.260161161461034851e-01
1.930650530183826419e+01 1.077887030605179319e+00
1.929462447096452138e+01 1.809592657667458582e+00
1.928763073725978217e+01 2.533604166201644858e+00
1.929498197843368246e+01 3.274097007484833455e+00
1.927498808727545310e+01 3.980821686653492009e+00
2.004294502568899361e+01 -4.049906115734973611e+00
2.004996075115980858e+01 -3.305074115774715438e+00
2.002918496607674825e+01 -2.572840053838415741e+00
2.004222481227484565e+01 -1.856181276481382980e+00
2.003879649288162312e+01 -1.113246537109695566e+00
2.005310692272438899e+01 -3.927161157149718917e-01
2.002976411413303026e+01 3.555717382755325673e-01
2.005077867468708774e+01 1.058316838236638802e+00
2.000488496622362078e+01 1.787212038392848257e+00
2.003438833906866989e+01 2.516766748695907552e+00
2.001712373267609735e+01 3.256112936804711921e+00
2.003197498915205443e+01 4.008835387292926100e+00
2.078210663164740879e+01 -4.010271152570318520e+00
2.076030510636397963e+01 -3.300354958489883472e+00
2.077535704172227327e+01 -2.567721690554222391e+00
2.077146445030149380e+01 -1.841183430490577422e+00
2.077061281817243810e+01 -1.119579879654992283e+00
2.075987263685890838e+01 -3.959185450124493855e-01
2.076661121415530431e+01 3.379535802213737838e-01
2.076144990621486386e+01 1.059791461325158224e+00
2.076865300844364981e+01 1.792749321689441899e+00
2.078690945138094293e+01 2.516911444469709380e+00
2.075920382260568431e+01 3.252570822449193599e+00
2.077844753655866583e+01 3.985847718083348923e+00
2.153884358365037599e+01 -4.021162008256631282e+00
2.153371283050863383e+01 -3.293944998442537297e+00
2.149988132209259817e+01 -2.588462595915700604e+00
2.151595010387625706e+01 -1.844504298625778915e+00
2.151315528727580073e+01 -1.104205805839512777e+00
2.151662830706738561e+01 3.349928206920935736e-01
2.151932243672909095e+01 1.093550861312063915e+00
2.151064348506997703e+01 1.789872629005600402e+00
2.149546655197273282e+01 2.543037723399599770e+00
2.146318391492715705e+01 3.249360185120750089e+00
2.151198642230305325e+01 3.974297409770564116e+00
2.227341066196411390e+01 -4.037734194996989601e+00
2.225655416292472921e+01 -3.307996858990879474e+00
2.224931816929228745e+01 -2.552141164138799212e+00
2.228251130281429937e+01 -1.841373115865135190e+00
2.227047360705699930e+01 -1.103529748061454541e+00
2.226017588198291008e+01 -3.915537951571650410e-01
2.224967475784734461e+01 3.438860721489191974e-01
2.227638484168713262e+01 1.078130991424814056e+00
2.223569141588794906e+01 1.804714280715543850e+00
2.224725330971487836e+01 2.542105308269334785e+00
2.226341078229314263e+01 3.239329816937022599e+00
2.225609411390715309e+01 3.974107897496324426e+00
2.305118223856425175e+01 -3.983988604848580195e+00
2.303756762331298802e+01 -3.289513663421871570e+00
2.304628785891581799e+01 -2.547155717987983792e+00
2.305253088791963734e+01 -1.836413858573926916e+00
2.301561225113092490e+01 -3.668363573717599024e-01
2.301292196453069039e+01 3.531394289209970339e-01
2.300526529883218529e+01 1.082463239911302111e+00
2.299681655008037495e+01 1.806346348035940963e+00
2.299551224364422808e+01 2.528224947695324687e+00
2.300383820625121700e+01 3.239142623218796757e+00
2.300039357701500364e+01 3.999366778603864248e+00
2.378054071570448258e+01 -4.028976313234675644e+00
2.378454244178676191e+01 -3.292012055795137115e+00
2.378216927214089793e+01 -2.567257317968675068e+00
2.379383029417521556e+01 -1.822873299752565401e+00
2.377615095869084882e+01 -1.098354606545420609e+00
2.377189693320869424e+01 -3.869035481044242886e-01
2.377618811709152169e+01 3.411205994001882402e-01
2.376387807700175614e+01 1.088244656086132522e+00
2.374904814041489232e+01 2.547696392096380436e+00
2.374207346104401495e+01 3.249823773162560769e+00
2.373330477567512986e+01 3.982872585857130332e+00
2.452021437661417025e+01 -4.016380922636066941e+00
2.451329411966221983e+01 -3.292027725426912355e+00
2.452436381585188485e+01 -2.561303477412497642e+00
2.451287412956012446e+01 -1.828303669703050360e+00
2.451773860506061453e+01 -1.103546139144356175e+00
2.450077411942149297e+01 -3.848228622075993144e-01
2.450364643263196029e+01 3.440056605932717559e-01
2.449785732896385326e+01 1.074207546499970078e+00
2.449677656937188885e+01 1.812110568689949019e+00
2.449599259735892076e+01 2.534323009755969025e+00
2.446477939042992489e+01 3.265568190177603469e+00
2.449812439434256817e+01 3.970520433296023555e+00
2.524994975160934985e+01 -4.016854723166307650e+00
2.524483992937269505e+01 -3.291049401750363756e+00
2.524337772546584802e+01 -2.560057136527959187e+00
2.525075419129696996e+01 -1.836615639019477442e+00
2.523510946422175749e+01 -1.099174737165053983e+00
2.522620995842998326e+01 -3.724994684062288286e-01
2.526347926914753828e+01 3.242912688840746682e-01
2.523235763774663099e+01 1.073776502381171838e+00
2.521592124061739781e+01 1.798649767095522378e+00
2.523116044984788431e+01 2.534094910507867837e+00
2.519898460458851730e+01 3.261532183703096166e+00
2.524361799546896634e+01 3.978966875927575586e+00
2.598589083490961116e+01 -4.007500200153451431e+00
2.597611034435851707e+01 -2.565425777769114291e+00
2.594686195776710491e+01 -1.845440680173066283e+00
2.597851098443130269e+01 -1.106079146805196700e+00
2.596545888061351803e+01 -3.889992495090446312e-01
2.597699074653189655e+01 3.336814711084592489e-01
2.597265647058062399e+01 1.066172703938114807e+00
2.596844044006217445e+01 1.805462065317172460e+00
2.596249584348204564e+01 2.523050241925684389e+00
2.595518695220290795e+01 3.257397119737930780e+00
2.596092877290430323e+01 3.978354227920810615e+00
2.672023265789078295e+01 -4.000288276603768622e+00
2.667279603545121347e+01 -3.273773131417168969e+00
2.673869818270842558e+01 -2.559969060161865428e+00
2.670702318032815015e+01 -1.833802284040729091e+00
2.670992842043174420e+01 -1.125002879392408062e+00
2.670885106951703847e+01 -3.847090712650995670e-01
2.669375572393098395e+01 3.396398419629953480e-01
2.669294190851233139e+01 1.062920708610981535e+00
2.669146646074139539e+01 1.791208505569265697e+00
2.670850570587104045e+01 2.511573753759421379e+00
2.670393820920763517e+01 3.255040945853068024e+00
2.671249862005621623e+01 3.985223679036636213e+00
2.744543495692703772e+01 -3.998581330375930776e+00
2.744602170233297755e+01 -3.306242605052940320e+00
2.743693687444554286e+01 -2.572022841311262908e+00
2.743997949979493001e+01 -1.839514764952337345e+00
2.743262081627856475e+01 -1.110333442688340000e+00
2.742293605370653609e+01 -3.722933988664536287e-01
2.743216980014168627e+01 3.422364634804857531e-01
2.740983866769591515e+01 1.070493685571555886e+00
2.744100385564506439e+01 1.811028020894259072e+00
2.745300787475256499e+01 2.540126946302574851e+00
2.744452336459604425e+01 3.249151499993203629e+00
2.743123314650527078e+01 3.982901007738817611e+00
2.818525813319065776e+01 -4.015888485787080242e+00
2.815222199613957343e+01 -3.327734022986938101e+00
2.819117386132032976e+01 -2.566491527760113911e+00
2.817331905926767632e+01 -1.840682055656174043e+00
2.817483714118956328e+01 -1.113301400476363057e+00
2.815648943375921220e+01 -4.070165768243612092e-01
2.817384263347936724e+01 3.455788603101304091e-01
2.816871562334158341e+01 1.051918383090107767e+00
2.815653736012720287e+01 1.819611361695834262e+00
2.816947916827903953e+01 2.527069917036072866e+00
2.818704061287341034e+01 3.253313264322208909e+00
2.816882110422887564e+01 3.986629171509974867e+00
2.891084518585915220e+01 -4.033192324857200362e+00
2.890589301097146091e+01 -3.289279388327518205e+00
2.891023139400000019e+01 -2.554966093320796716e+00
2.892280123934715874e+01 -1.848939939685379841e+00
2.890937343298299567e+01 -1.100652030176149765e+00
2.892215803171836086e+01 -3.809979445457756242e-01
2.891675226724471059e+01 3.408306458316054943e-01
2.891429521752235843e+01 1.062928318063704580e+00
2.892729789944628038e+01 1.785499685220521826e+00
2.890060713612869137e+01 2.525137479609586677e+00
2.889176095377631981e+01 3.260193841854245989e+00
2.890986671657847040e+01 3.984284191744031034e+00
2.966600124506181402e+01 -4.022624561955339573e+00
2.964878714532057558e+01 -3.301298863284802820e+00
2.964238257919199526e+01 -2.551071005579238715e+00
2.964333364735757215e+01 -1.851097761525316798e+00
2.962715932987803313e+01 -1.121796265522000624e+00
2.962437961209860049e+01 -3.927558093098362235e-01
2.962868685526692758e+01 3.359491579880469203e-01
2.963372102775554850e+01 1.062038208840039744e+00
2.963519151540008778e+01 1.771121501323186465e+00
2.964659061685521380e+01 2.518548453993339820e+00
2.964937054267827676e+01 3.235242458763188722e+00
2.965234788108893582e+01 3.986069744788586888e+00
3.039332213658790494e+01 -4.022309987384879548e+00
3.040569829128758528e+01 -3.303997913123208008e+00
3.039246258374512166e+01 -2.575644978540498897e+00
3.038769175126498823e+01 -1.845250344253326347e+00
3.039371912735246184e+01 -1.112351502718723850e+00
3.037103049462138671e+01 -3.947403698221343404e-01
3.038605682777126304e+01 3.307678378209075731e-01
3.037694712450342394e+01 1.076456132832017687e+00
3.037381027067869610e+01 1.805321030982703689e+00
3.037688399110869142e+01 2.516722251067896821e+00
3.037738959601276889e+01 3.237162490736537279e+00
3.037820611871921272e+01 3.964689544188217951e+00
3.111548000578802231e+01 -4.016346771168347374e+00
3.112640544394022157e+01 -1.834537327299280207e+00
3.111931531240951898e+01 -1.124623868057966547e+00
3.111596880368545470e+01 -3.880547731957584290e-01
3.112585001297363618e+01 3.413256373035409297e-01
3.110813411813989404e+01 1.050855916584250593e+00
3.110807629029344668e+01 1.790529213179066659e+00
3.111571815774504302e+01 2.521231288857826769e+00
3.111398003613717123e+01 3.242713873889094600e+00
3.110046725732757267e+01 3.967186661319033192e+00
3.187063001578604116e+01 -4.026354120771788558e+00
3.186548603888815734e+01 -3.286643233566781674e+00
3.185741611396297657e+01 -2.576044716462256190e+00
3.187040512581756246e+01 -1.847398475341833546e+00
3.184922127984122397e+01 -1.120342599029125807e+00
3.185006707268480142e+01 -3.989588856997272615e-01
3.184880528017593093e+01 3.343841096913493516e-01
3.185014401883000090e+01 1.064780985134976987e+00
3.185367032496829864e+01 1.803310164087761791e+00
3.185995940978508401e+01 2.526383949059880507e+00
3.184585395855599899e+01 3.263029711281610901e+00
3.184404324105762640e+01 3.983388990203273750e+00
3.261069705390305984e+01 -4.023316538330572456e+00
3.260389952230614341e+01 -3.297125460131844932e+00
3.257699210486114083e+01 -2.565099621049444778e+00
3.259447684067057338e+01 -1.854291239104359335e+00
3.257749442942506590e+01 -1.101188551971173268e+00
3.259070230893836850e+01 3.349102690978718044e-01
3.258989482355872980e+01 1.051735733604370893e+00
3.257071372826026590e+01 1.797949440272262223e+00
3.257985064240421735e+01 2.525016852169123638e+00
3.255868099531000581e+01 3.237036909064059387e+00
3.259856207453189114e+01 3.965015371619784901e+00
3.332403111175653265e+01 -4.027333682803966752e+00
3.332684680646971032e+01 -3.296832442840070598e+00
3.333200284517197787e+01 -2.554598180097848115e+00
3.332459786935638846e+01 -1.837958902245780735e+00
3.332414382950866383e+01 -1.109572199635749712e+00
3.331572280198349034e+01 3.267906578659207639e-01
3.329549230448785835e+01 1.072352158251515419e+00
3.334317626926799250e+01 1.786584688153077138e+00
3.332532577611674895e+01 2.521553109101475343e+00
3.332013579230272882e+01 3.252634196168493474e+00
3.332309122678461932e+01 3.972994078967005294e+00
3.405468670529766229e+01 -4.017045037620899706e+00
3.405419103130866887e+01 -3.294493067330634517e+00
3.406587058061271733e+01 -2.568755513118343714e+00
3.404530832931245499e+01 -1.849919116566539401e+00
3.404904482832106538e+01 -1.108088251365163757e+00
3.406053328218329312e+01 -3.864768815004602232e-01
3.404478242604856320e+01 3.376475441011912437e-01
3.405104613765413291e+01 1.068420461758226025e+00
3.404955240609456979e+01 1.787311903205168306e+00
3.402778245654719314e+01 2.533543326714685406e+00
3.406432652544427953e+01 3.255194113076861129e+00
3.403855349308256706e+01 3.995189946631960254e+00
3.479792814657306366e+01 -4.004823496755989254e+00
3.479239668647006312e+01 -3.285183056942635460e+00
3.478613059775847915e+01 -2.557003980119318953e+00
3.477637671937392128e+01 -1.843263934618395439e+00
3.478949124763985168e+01 -1.115296327295055789e+00
3.478237679365022217e+01 -3.913347687852457568e-01
3.478326479362474544e+01 3.358547791691712803e-01
3.478354301057932929e+01 1.082084029645944412e+00
3.478782216459128307e+01 1.808307567130341909e+00
3.480123724408176855e+01 2.521379679362730997e+00
3.480303998593306147e+01 3.255465691842118758e+00
3.477418991257967917e+01 3.983314795339914838e+00
3.551925744177810174e+01 -4.015427518868243340e+00
3.548377568337617305e+01 -3.301851736258928582e+00
3.551486268526543455e+01 -2.556110068688902004e+00
3.551262586659378684e+01 -1.836160612795850966e+00
3.552456106363776911e+01 -1.125808314290836165e+00
3.552675493633818604e+01 -3.993123572568215707e-01
3.549982032526988718e+01 3.466945574199620239e-01
3.551159332852505912e+01 1.055505089959932974e+00
3.549493404360227800e+01 1.809218232089222056e+00
3.549224087258840399e+01 2.516709353067906108e+00
3.552201700026802911e+01 3.256196752940013539e+00
3.550574011893771598e+01 3.976428660084309286e+00
3.625591455905084359e+01 -3.993467669621857397e+00
3.624949294087411289e+01 -3.268755485153878482e+00
3.625059867710643147e+01 -2.555311015449476031e+00
3.625009621343254906e+01 -1.837823180046935789e+00
3.625214630160770213e+01 -1.109404059616799998e+00
3.623645202983521330e+01 -3.813677519786295989e-01
3.625520003482693454e+01 3.596031085316973019e-01
3.625589044967764352e+01 1.105987419283316342e+00
3.626066485670759931e+01 2.525798710792809487e+00
3.623885639805265413e+01 3.263054545772831716e+00
3.625491566353543504e+01 4.008206138070278257e+00
3.695543792590475363e+01 -4.039772759584348449e+00
3.696661613274151392e+01 -3.277352839774721360e+00
3.698941774744066180e+01 -2.587719200258618457e+00
3.697700175360292718e+01 -1.836026118328028645e+00
3.697476464501107074e+01 -1.103488416318004539e+00
3.696902264785631331e+01 -3.803366693019079037e-01
3.700359053714570479e+01 3.548693341996411732e-01
3.697819107157376806e+01 1.068869841125106745e+00
3.697816958322660952e+01 1.840903783478601952e+00
3.698188528010022225e+01 2.542015908374935407e+00
3.700562948464276047e+01 3.298712971935024996e+00
3.701699114576332050e+01 3.980984267739920313e+00
3.773724445664409899e+01 -4.007395976097143375e+00
3.770487611185132693e+01 -3.283213558124060683e+00
3.770918225852583561e+01 -2.551209395405823699e+00
3.769771863860511729e+01 -1.098677964359342951e+00
3.769961564138235843e+01 -3.683316980190838308e-01
3.768759910092064302e+01 3.824717317844097408e-01
3.770836634480537697e+01 1.103144420589750041e+00
3.772070857245865483e+01 1.787203254403806341e+00
3.773387423539804075e+01 2.544429559984024536e+00
3.770329788638442636e+01 3.267441033161162522e+00
3.771920279759435601e+01 3.990047274015346090e+00
3.845087681281889758e+01 -3.995298458238991657e+00
3.846100347702012101e+01 -3.263435577756997219e+00
3.844969871837401598e+01 -2.556921672857267680e+00
3.843699229704403564e+01 -1.834608587018934145e+00
3.845167857445904502e+01 -1.100326843018642364e+00
3.843023972334312788e+01 -3.658180629047187438e-01
3.846155916649302497e+01 3.940621936217318932e-01
3.846966073634468586e+01 1.092036029746271453e+00
3.847575204589410447e+01 1.808404534444008505e+00
3.844742188855961018e+01 2.556470513452069326e+00
3.925336485077175297e+01 -3.969703974152096748e+00
3.922282228219102507e+01 -3.245813327897693057e+00
3.921995853888494565e+01 -2.568450753039474677e+00
3.920784726964041766e+01 -1.798746358004191137e+00
3.926047116663205117e+01 -9.861268909124305537e-01
3.920206710438088038e+01 -3.100447139903188543e-01
3.920621892898606831e+01 2.572722183006639796e+00
3.915440633983384799e+01 3.170533579523763024e+00
3.993431503786316483e+01 -3.301032763437667938e+00
3.993439637209883841e+01 -2.514310733860600777e+00
3.990509173416197797e+01 -1.776432642163634057e+00
3.999092660711063019e+01 1.095929142145752877e+00
3.999689562883229854e+01 1.841708212644274312e+00
3.999851040684512071e+01 2.600319703666947646e+00
4.000480535095845624e+01 3.310262964146396314e+00
3.999686773852337041e+01 4.010222051133574439e+00
4.073871631243770963e+01 -3.998068582924222625e+00
4.072122692825085011e+01 -3.253673456578766832e+00
4.071712855415520238e+01 -2.539360083468221063e+00
4.071001139094051524e+01 -1.796616789446289886e+00
4.071872791124719271e+01 -1.070827838539216259e+00
4.073163328439405717e+01 -3.443572289954026644e-01
4.074967362846293639e+01 1.109923692446045607e+00
4.073030340510693037e+01 1.834888948412547904e+00
4.071927706478560793e+01 2.562429443335751955e+00
4.070516108265859856e+01 3.318707849141233623e+00
4.071583011180469924e+01 3.998068582924219072e+00
