-4.125029058387340797e+00 -4.159824542258927949e+00
-4.077801755710240172e+00 -2.844060291805281082e+00
-4.123246653497275815e+00 -1.976177279519806262e+00
-4.123014911005867589e+00 -1.257241799994577747e+00
-4.157428651791924779e+00 -5.100793176195068668e-01
-4.126277203725237541e+00 2.554320670189014209e-01
-4.123765195772243430e+00 9.624112341370789636e-01
-4.130053813119630490e+00 1.695796113882629186e+00
-4.112758677532852403e+00 2.398202390585538524e+00
-4.133038943295709089e+00 3.081618725703329176e+00
-4.123709484909753087e+00 3.829109663341199621e+00
-3.213426592670494131e+00 -4.133736259392211565e+00
-3.264448826941062975e+00 -3.424882306908653362e+00
-3.271853111751838128e+00 -2.671691450997279560e+00
-3.311852767910984596e+00 -1.950375703531150862e+00
-3.290519039422662217e+00 -1.222085145513148063e+00
-3.293775394269346179e+00 -5.167038556496947876e-01
-3.287179108958703466e+00 9.762815725578946058e-01
-3.335459161761541225e+00 1.698223004445377882e+00
-3.347715934372942570e+00 2.408295862719569413e+00
-3.364969155268568102e+00 3.193684769798053935e+00
-2.526365154966448756e+00 -3.401999862100236527e+00
-2.577413879216294390e+00 -2.663495815721798721e+00
-2.539931691412846249e+00 -1.951926450979563299e+00
-2.559981727718145805e+00 -1.215256091143960049e+00
-2.560132255616821340e+00 -4.996951295343308175e-01
-2.535325500415865463e+00 9.782095403933830369e-01
-2.567374319053300269e+00 1.699981964012334146e+00
-2.609943285464517260e+00 2.448814376921077951e+00
-2.596644702941993899e+00 3.216634025251593698e+00
-2.607697313048056742e+00 3.929094664163422124e+00
-1.797705313709030861e+00 -4.108077134109510808e+00
-1.806145629406145758e+00 -3.396042423843539382e+00
-1.797267391442844087e+00 -2.664085615197009815e+00
-1.813264226115940403e+00 -1.925014732744234180e+00
-1.847852933619478222e+00 -1.229408245461637961e+00
-1.806537579894722967e+00 -5.093877422895616291e-01
-1.816908763951886385e+00 9.374962167888121201e-01
-1.838951264441362810e+00 1.730482576890125301e+00
-1.841964666074503043e+00 2.477440994269041852e+00
-1.834368007978881110e+00 3.188102599942183701e+00
-1.824495372641138147e+00 3.923007751595996240e+00
-1.054636890253348724e+00 -4.075677732477224424e+00
-1.055810161335813291e+00 -3.352397512419223347e+00
-1.064650128399790674e+00 -2.659300009457886915e+00
-1.064723985843301080e+00 -1.940013770930168135e+00
-1.060899162066370138e+00 -1.211663470327508207e+00
-1.059003924358101756e+00 -4.719474560665197771e-01
-1.063497426072082419e+00 2.646307737415050099e-01
-1.091027783258098793e+00 1.686922731428065703e+00
-1.077681334778560540e+00 2.489688008213242654e+00
-1.149301515666586226e+00 3.204716896522789682e+00
-1.104552451877125918e+00 3.954045245681321319e+00
-3.027795685803340575e-01 -4.063753577479637613e+00
-3.320430280740609419e-01 -3.395920565814385839e+00
-3.591928724403672391e-01 -2.673847675988945127e+00
-3.327386900400739478e-01 -1.930104823025530436e+00
-3.288005499651802666e-01 -1.225598854535530080e+00
-3.500321750336325977e-01 -4.859805868256827921e-01
-3.925938691469212927e-01 2.308637828896600297e-01
-3.369273993739199113e-01 9.700499475008186323e-01
-3.410103100788646202e-01 1.712599784364371658e+00
-3.226864631008226070e-01 2.500842902647729460e+00
-3.892991345303684625e-01 3.151369624665754543e+00
-3.363491878312458994e-01 3.914377127204083706e+00
4.308201208346318367e-01 -4.076151666000193075e+00
4.816195667460902996e-01 -3.296724959521604603e+00
4.015799920566109904e-01 -2.618548084764434236e+00
4.061550783703822276e-01 -1.941698271104989715e+00
4.047124589895645386e-01 -1.210877054236135564e+00
4.005767224245317948e-01 -5.297542008510838230e-01
3.959700153065597306e-01 2.041969103885250547e-01
4.253095946465421662e-01 9.572773259552178615e-01
4.469747136964201673e-01 1.691484334780788856e+00
4.112470804037329231e-01 2.503395334337152889e+00
4.101371006553620191e-01 3.170599419357955639e+00
3.992619534596002495e-01 3.881792423044402085e+00
1.142830689054527227e+00 -4.051098859973887301e+00
1.144925829398047767e+00 -3.335281196967368800e+00
1.146156355372987434e+00 -2.614503288117592916e+00
1.228197982078754080e+00 -1.917995340076004140e+00
1.123391399395011092e+00 -1.230276608649369052e+00
1.146767589033544255e+00 -5.023786555653835251e-01
1.067032630169009622e+00 2.613613317414618109e-01
1.168245173741858878e+00 9.255443872669779637e-01
1.177504927644832833e+00 1.680026055216998770e+00
1.198582233314880341e+00 2.426539097808756651e+00
1.228772312533408240e+00 3.152276404226739714e+00
1.889509225396579950e+00 -4.047433575709245446e+00
1.895994367879595188e+00 -3.335741019490232162e+00
1.896105801092133447e+00 -2.611060291651892129e+00
1.871123838254703742e+00 -1.205098048082032136e+00
1.881579892086314487e+00 -5.037430432477769671e-01
1.898127631709549235e+00 2.385839816157293569e-01
1.924383423830555273e+00 9.475354264218225353e-01
1.975248962221812121e+00 1.694434479921412162e+00
1.941094065578184313e+00 2.404494382275068176e+00
1.979346551729435078e+00 3.109996674100273140e+00
2.034215063824348135e+00 3.787195418895265675e+00
2.616766803466745728e+00 -4.058529565264915817e+00
2.637523229398937019e+00 -3.332937411399772287e+00
2.625521078120677032e+00 -2.604048789468915714e+00
2.647277985869777694e+00 -1.888108628927366084e+00
2.624392794016372932e+00 -1.203630784514636787e+00
2.623833839252327493e+00 -4.626904858136668963e-01
2.652083535756887045e+00 2.335177555416976247e-01
2.683150884226940036e+00 1.008633771984083438e+00
2.709391583201558262e+00 1.674552664709224814e+00
2.741725747012253578e+00 2.423570576863532722e+00
2.717516854525356962e+00 3.115575077032787021e+00
2.719634261159100674e+00 3.849168613560649987e+00
3.389459591177271136e+00 -4.062457581666294004e+00
3.373851403529378956e+00 -3.352600048703138214e+00
3.383193299227102102e+00 -2.613823563544119821e+00
3.378740939856768932e+00 -1.865221535355487958e+00
3.355807631523809675e+00 -1.154893078761894287e+00
3.432483629275871806e+00 -4.721182171041746756e-01
3.401012084419583914e+00 2.543511327236664954e-01
3.427463750117979657e+00 9.378308314945762447e-01
3.426314963305472361e+00 1.691455162504304610e+00
3.465415713499368167e+00 2.430186395601506177e+00
3.488268464234096200e+00 3.138551067977246589e+00
3.496749555146031696e+00 3.845034969839339567e+00
4.147745147663194132e+00 -4.068553183062398659e+00
4.127605815141116352e+00 -3.386999262505554498e+00
4.134223804234594013e+00 -2.610244610816057076e+00
4.124644801215488599e+00 -1.901531511522392748e+00
4.222873832151989859e+00 -4.592789179101934849e-01
4.197904763683432350e+00 2.608145636325325256e-01
4.133634062258991548e+00 9.488097201191152408e-01
4.204203929719987798e+00 1.685724802660871546e+00
4.228101470165462672e+00 3.126475667487056853e+00
4.266184746380076831e+00 3.837081793869842272e+00
4.874798875624179573e+00 -4.073705008724964216e+00
4.852096499648276051e+00 -3.363922316428329395e+00
4.883227269848838148e+00 -1.905075300378339165e+00
4.941458101641117651e+00 -1.205846093240218408e+00
4.980584215223117894e+00 -4.680877868842081568e-01
5.012677850172380545e+00 2.523149968195603776e-01
4.964248246694459965e+00 9.761535088477160116e-01
4.938491368818510807e+00 1.665315686987074884e+00
4.978811691762032865e+00 2.397310476731583151e+00
4.989293094062269063e+00 3.129617608902087511e+00
4.993680062437405809e+00 3.868280277958284330e+00
5.708800043347842745e+00 -4.062817481232215755e+00
5.692857504238077127e+00 -3.366658236685811545e+00
5.719813719710565181e+00 -2.542406430173176801e+00
5.652970837727302467e+00 -1.953200639838140518e+00
5.711464913588145009e+00 -1.249431838608071388e+00
5.750801746191569919e+00 2.027100265367423049e-01
5.756896321276265382e+00 9.452747342412202158e-01
5.725645021991724093e+00 1.650986202498149424e+00
5.715106967848925024e+00 2.391766000376950529e+00
5.707566334451705359e+00 3.107465395009846532e+00
5.710147208409800612e+00 3.851734724031736334e+00
6.486925713718385111e+00 -2.678258200861151295e+00
6.521353131319401086e+00 -1.264181443355511192e+00
6.505939292397840745e+00 -5.460865335186468883e-01
6.470798418539985164e+00 2.001679662207678234e-01
6.458704252183871120e+00 9.341047945023142063e-01
6.477111216230746038e+00 1.644574234975522131e+00
6.473289020067355182e+00 2.377471816324089104e+00
6.466445901192784618e+00 3.101849006455900337e+00
6.506008992261598678e+00 3.804979762711170110e+00
7.290931834278786994e+00 -1.984191336723906574e+00
7.251667392522541888e+00 -1.273681765180228354e+00
7.262901578246072631e+00 -5.769182916909407766e-01
7.221105178612155839e+00 1.537464932898124914e-01
7.205125425761700342e+00 9.475405818509905487e-01
7.220471635485623096e+00 1.650594679230987794e+00
7.250350798744655378e+00 2.320190211596138141e+00
7.242993810555979906e+00 3.054467534409830876e+00
7.313874052438912088e+00 3.748021262009423538e+00
8.192156766507380894e+00 -4.113478382456467131e+00
8.195242568802150629e+00 -3.396744982733594043e+00
8.171756053998308289e+00 -2.683038991996259170e+00
8.129217294179817088e+00 -1.997539916960647588e+00
8.100944577759022991e+00 -1.264028412785755506e+00
8.074355503952567403e+00 -5.559097055222252948e-01
7.989627537177973693e+00 9.051089462970693944e-01
7.967248450951920802e+00 1.576498218930030504e+00
8.002339415573167969e+00 2.333766406340686217e+00
8.041349088051063632e+00 3.078297677524602705e+00
8.073102984733658616e+00 3.735688182845748884e+00
8.959138550675987744e+00 -3.428447136271653761e+00
8.964049317460045074e+00 -2.693275727235654671e+00
8.962631017047996806e+00 -2.000172088344559285e+00
8.903925559217256591e+00 -1.294675101293869091e+00
8.799124265988794491e+00 1.422821366212296823e-01
8.750338880423043975e+00 8.697632509958559410e-01
8.751878312867077625e+00 1.588637674163837943e+00
8.766733004450451006e+00 2.308159583788867764e+00
8.814474130116678907e+00 2.982203777411633894e+00
8.848506693801255096e+00 3.764495346171059964e+00
9.767339208409204332e+00 -3.434357173425798493e+00
9.756142333751093076e+00 -2.698414466140615531e+00
9.777483193850528664e+00 -2.052767188596320125e+00
9.687836935312759579e+00 -1.259580828280146392e+00
9.687913512730816024e+00 -5.415092709120443715e-01
9.595807517212953996e+00 1.370384535185422692e-01
9.529744048669321899e+00 8.521972413620311215e-01
9.500072726478990148e+00 1.581362277672269556e+00
9.536649467943277614e+00 2.298879254646866599e+00
9.593936473018111144e+00 3.017241444894899871e+00
9.603923022214324590e+00 3.711579637468553017e+00
1.067993472172364733e+01 -4.227084698034392574e+00
1.062511435533009774e+01 -3.472848992886710562e+00
1.062023140576864932e+01 -2.775072535234691884e+00
1.052701145072946076e+01 -2.047632255285815717e+00
1.051268826954726876e+01 -1.287502018875926524e+00
1.046806122803645422e+01 -5.830626352580310368e-01
1.043934371198703559e+01 1.726687235543558074e-01
1.043743986011813263e+01 8.106944578190606876e-01
1.049275999285251970e+01 1.552408186255547662e+00
1.042540012056964116e+01 2.328648857278881934e+00
1.040943071412099385e+01 2.998390999341836505e+00
1.044727192261656512e+01 3.722535186135225160e+00
1.156805425823077371e+01 -4.163065981890493816e+00
1.156708787799788496e+01 -3.455835647724459392e+00
1.154217073470753263e+01 -2.705325199783558787e+00
1.147294892990289128e+01 -1.276826764885772292e+00
1.142582642566105733e+01 1.135425826437135299e-01
1.120132134787851186e+01 8.550602834467753155e-01
1.120204972005078758e+01 1.578372750439196892e+00
1.118760562100950295e+01 2.300153101414483814e+00
1.122462489850452982e+01 3.025341586535823524e+00
1.123518024558979533e+01 3.724038670128983597e+00
1.228179394316138939e+01 -3.454208549206366996e+00
1.252750985600378186e+01 -2.701993298833212265e+00
1.230782946697719638e+01 -2.051114069008484364e+00
1.230741281710087520e+01 -1.318446167110977285e+00
1.224469427198945226e+01 -5.892576676726974938e-01
1.219278465480489615e+01 1.379113759640553383e-01
1.210500655544215931e+01 8.433595157115476582e-01
1.198615303620339745e+01 1.568896172546040191e+00
1.194627373244895807e+01 2.341125869230772594e+00
1.197095180929546387e+01 3.024976577533642796e+00
1.204425290776183033e+01 3.722004104145817394e+00
1.321870538211170043e+01 -4.208571715957109660e+00
1.319743751106159380e+01 -3.480674854334491641e+00
1.317905812623089901e+01 -2.731842756974284470e+00
1.304207579578827847e+01 -2.105039409731688238e+00
1.291421975389945942e+01 1.809437227541188520e-01
1.288070832680967470e+01 8.663191447535822931e-01
1.280844164604771152e+01 1.566641305559354436e+00
1.283514018458265582e+01 2.272148635477027057e+00
1.291212202197026926e+01 2.987965501940443858e+00
1.295042181799012582e+01 3.713033854168898529e+00
1.415968049889352898e+01 -4.234196083944492983e+00
1.408039605364414371e+01 -3.477896541843033873e+00
1.402965962531131794e+01 -2.724092141202245188e+00
1.389316026978887919e+01 -1.308581874494507247e+00
1.383934746812597893e+01 1.610251576372618842e-01
1.381329872729107677e+01 8.331611845123418902e-01
1.363383652303100035e+01 1.587655885437452952e+00
1.368236393828762232e+01 3.021568722438246368e+00
1.368083282452414551e+01 3.720627805510900998e+00
1.491605329415894232e+01 -4.231223132518106667e+00
1.491324112093970911e+01 -3.517403782225471787e+00
1.494191254909350164e+01 -2.800107849055180509e+00
1.492344867563701882e+01 -2.103515537767933097e+00
1.478339223161561478e+01 -1.335858256038292780e+00
1.487984070520388968e+01 -6.143361586991211709e-01
1.460450370224744177e+01 1.672729475230241292e-01
1.450034066954863476e+01 1.595813818967343423e+00
1.451591304958612483e+01 2.307881305707635278e+00
1.443705010554519674e+01 3.032898200848336501e+00
1.450444102793593970e+01 3.694542813573910678e+00
1.567400776050640587e+01 -4.292333158547663174e+00
1.567577325138384481e+01 -3.548441679497379653e+00
1.565712172115700440e+01 -2.854975823864439377e+00
1.563545884022133237e+01 -2.121198444584809550e+00
1.559083515819629184e+01 -1.370169270661154570e+00
1.555461415415044257e+01 -6.548101467861648928e-01
1.551959635443785146e+01 1.035818757900095477e-01
1.537240324742140984e+01 1.615827026145900902e+00
1.533601846870110563e+01 2.292743059875963496e+00
1.531077847686051996e+01 2.922737966996947989e+00
1.531615959363547574e+01 3.712231430119864228e+00
1.642159017003724131e+01 -4.247281042854400113e+00
1.640123786509865056e+01 -3.550690635486617452e+00
1.636932720752088954e+01 -2.840944208119712044e+00
1.634501893479473722e+01 -2.085399845928463947e+00
1.631876316196505172e+01 -1.383600531136508494e+00
1.628705087987445665e+01 -6.675364926697184842e-01
1.627110294074503827e+01 1.575889975103947904e-01
1.618306830023165332e+01 8.479083398317790454e-01
1.615215668985658226e+01 1.526892624256156239e+00
1.613227486456661808e+01 2.338327696618343055e+00
1.612286585127661453e+01 3.047243035327213079e+00
1.615744210882978393e+01 3.775390808064194914e+00
1.715157236345299197e+01 -4.210117682447080512e+00
1.713442588826026025e+01 -3.560950107051592539e+00
1.709817422715191526e+01 -2.780598977358128110e+00
1.705804950709753598e+01 -2.068650623133621025e+00
1.700708105850758045e+01 -1.365683244082593006e+00
1.702402501082848829e+01 -6.077271852524681606e-01
1.697354562629008967e+01 1.147826322726430703e-01
1.693987035244844463e+01 9.119872084906361920e-01
1.690880457408091075e+01 1.605386824644210009e+00
1.689289378954339327e+01 2.354301537305737213e+00
1.685306960808252796e+01 3.109262419868223049e+00
1.686948115903762613e+01 3.817351718596519561e+00
1.788161416583417207e+01 -4.250078173452347841e+00
1.785641057422458289e+01 -3.514102856834803390e+00
1.781246378497545635e+01 -2.776639887660685702e+00
1.778543693737866960e+01 -2.056391784955287960e+00
1.775988038511147948e+01 -1.317732952627370224e+00
1.775347585909856463e+01 -5.971841293952593333e-01
1.772875811345591757e+01 1.825995070864685488e-01
1.770437142116112739e+01 8.709735655508303864e-01
1.763515348593011822e+01 1.603678125345272321e+00
1.762758896999849156e+01 2.362616790570207570e+00
1.759011352726646749e+01 3.116107478542602394e+00
1.764426216024267546e+01 3.858225800316624543e+00
1.870222146183723311e+01 -4.149041343077790600e+00
1.857190742233863290e+01 -3.439880680257822121e+00
1.855567070985733835e+01 -2.724686110154923568e+00
1.852728381643351696e+01 -2.019588084758424884e+00
1.848927681293695713e+01 -1.288164377563571605e+00
1.845878125222760957e+01 -5.723121407478295453e-01
1.844973590336593361e+01 1.515539917998793840e-01
1.842276249678566558e+01 8.828380266286224298e-01
1.839917727881098131e+01 1.621106723345299372e+00
1.839262497710542732e+01 2.355252399909975480e+00
1.838025632006362997e+01 3.084417110238192095e+00
1.845789730508740689e+01 3.815293308059928279e+00
1.946155076955059826e+01 -4.212799860436184929e+00
1.943659412372158357e+01 -3.454899036480242103e+00
1.939011745485963445e+01 -2.699358409759135213e+00
1.933205855884639845e+01 -1.962105470724367251e+00
1.934372431191222574e+01 -1.232160918749126921e+00
1.921796320452517648e+01 1.592941565313914509e-01
1.945871119121644455e+01 8.747356565716302157e-01
1.929306244032895279e+01 1.631070739428452043e+00
1.919930458371605653e+01 2.382043803550370598e+00
1.931019105577913564e+01 3.107684954790371989e+00
1.933954179529404627e+01 3.714093453168992198e+00
2.019245119050864190e+01 -4.203813985221689364e+00
2.015358616114833268e+01 -3.442065887004439162e+00
2.013338100478117099e+01 -2.726626765995394663e+00
2.017301547701030984e+01 -2.020270595454331186e+00
2.019058062479486892e+01 -1.283044733728473830e+00
2.017639314448608445e+01 -5.513912516825847376e-01
2.017062253256509763e+01 1.803614227405425652e-01
2.021439714859578629e+01 9.189229076002298768e-01
2.012614069760252988e+01 1.638399889816930965e+00
2.012678403885357881e+01 2.363972753026615692e+00
2.014567101297157592e+01 3.025632192367460505e+00
2.018008062054395424e+01 3.745743289884529759e+00
2.138379005800455701e+01 -4.121793398213441151e+00
2.132131536373984204e+01 -3.452064154472644475e+00
2.135845487782757601e+01 -2.678409827483957173e+00
2.140606146314265601e+01 -1.953333161517150529e+00
2.126629645002576297e+01 -3.698680163839398460e-01
2.113069528237200956e+01 1.941419406050037821e-01
2.109197146187005245e+01 9.048576073051464164e-01
2.101690885926597474e+01 1.646547624648011521e+00
2.100315550109587548e+01 2.362511964757352700e+00
2.100734528970021842e+01 3.004841772263972643e+00
2.097086350358041074e+01 3.753814232800309014e+00
2.209779108129254155e+01 -4.193930089129274563e+00
2.210647318871006206e+01 -3.461170250089349310e+00
2.209072236313163984e+01 -2.738327956607136571e+00
2.210778530869236391e+01 -1.998502708921360949e+00
2.208772942914667681e+01 -1.272981854569298577e+00
2.207131011170991997e+01 -5.523446015024013889e-01
2.204481543689424683e+01 1.870113640484838413e-01
2.191495749297330775e+01 9.662828394332052540e-01
2.197121366424983080e+01 2.410003875132659346e+00
2.188473985565444480e+01 3.065351477468247765e+00
2.186024035172867030e+01 3.705121496172374407e+00
2.283927019914882095e+01 -4.185020508419537322e+00
2.280993682566072778e+01 -3.461891359373602484e+00
2.285396317659040477e+01 -2.738277768963509828e+00
2.284501880482236658e+01 -1.992884986094587418e+00
2.284004613523417504e+01 -1.290275069853564105e+00
2.282922690654833531e+01 -5.647862588051992816e-01
2.279001402261041420e+01 1.549779725690427767e-01
2.278516668182397353e+01 9.131094480317969442e-01
2.277850577564413470e+01 1.625974538613590425e+00
2.276567633412432912e+01 2.331637922797028750e+00
2.270060565912275763e+01 3.082106019418503706e+00
2.273103934222576328e+01 3.729218241727146221e+00
2.358314052307412823e+01 -4.190024319609960912e+00
2.357717599518974083e+01 -3.475982867388658804e+00
2.357312261397058251e+01 -2.739398261701925463e+00
2.357796205799723310e+01 -2.030300868885298371e+00
2.358082738594996641e+01 -1.271400347266737896e+00
2.357162686974872656e+01 -5.490815708292515751e-01
2.363213121901972613e+01 1.384162269441091553e-01
2.358590475486040816e+01 9.037174451595788582e-01
2.351185682398832455e+01 1.612481040835540114e+00
2.355577134036978748e+01 2.360026656180256310e+00
2.353095779539722798e+01 3.075623413500260028e+00
2.357082901954230181e+01 3.717696582927295879e+00
2.451791559493248940e+01 -4.066016720609916035e+00
2.434059158428325276e+01 -2.772140163326884732e+00
2.427297586091963666e+01 -2.089365057243472990e+00
2.435046791214539752e+01 -1.307252438215474655e+00
2.432569123874073114e+01 -5.933155085334718137e-01
2.432835001155596188e+01 1.330542711904705300e-01
2.434585864094887597e+01 8.647008774238500450e-01
2.434747131778308216e+01 1.613989187736237341e+00
2.433090562243383914e+01 2.316313120594244879e+00
2.433121193633984802e+01 3.048893552729822432e+00
2.437246479937034849e+01 3.744739617689994304e+00
2.509481497802318017e+01 -4.193493372786758044e+00
2.501505460160777261e+01 -3.479400493340516931e+00
2.510947067373147235e+01 -2.770456926087579319e+00
2.505564367664364056e+01 -2.037482521965412019e+00
2.506658712675957901e+01 -1.339440082671302434e+00
2.504881220421747656e+01 -6.199418122017448241e-01
2.507786769157886653e+01 1.122258911054423436e-01
2.508037158393967303e+01 8.353511787374827691e-01
2.511432383877268393e+01 1.580186412432990295e+00
2.513226648944861807e+01 2.264277174996216502e+00
2.512472113310898436e+01 3.017730826612172734e+00
2.515357598091695479e+01 3.724225610606843873e+00
2.582896335988684200e+01 -4.187924932317219628e+00
2.584145282028983814e+01 -3.509136241136953771e+00
2.580891620100788231e+01 -2.787262545607351427e+00
2.580667297064034926e+01 -2.059275059428312460e+00
2.581237278736572449e+01 -1.341035437047427337e+00
2.580630357843067202e+01 -5.783080501956519015e-01
2.583757360023912497e+01 9.586216793733370878e-02
2.582895669319309206e+01 8.253028333263117133e-01
2.587221992353659772e+01 1.569214801117198022e+00
2.592546301752288684e+01 2.328201907298055318e+00
2.589344526824282866e+01 3.018258633598691176e+00
2.592761514668546141e+01 3.713465004832265492e+00
2.662581628308851833e+01 -4.246388230117570828e+00
2.659818002293761197e+01 -3.527156848175646786e+00
2.660388655030071448e+01 -2.798978789673288503e+00
2.658334083894040845e+01 -2.072848593890739721e+00
2.658531283363753772e+01 -1.356650760733987937e+00
2.656693689830670024e+01 -6.719070896616337052e-01
2.657936997480658903e+01 8.377239652105572532e-02
2.659348950307163761e+01 7.454260939950820841e-01
2.660683472005395345e+01 1.539884517855387713e+00
2.664897064866612197e+01 2.232458113209681017e+00
2.669346137074344227e+01 2.969366416791395125e+00
2.670141164688131852e+01 3.671623874924414110e+00
2.741691571684656026e+01 -4.255558579554900689e+00
2.734261485850816342e+01 -3.520546582582660733e+00
2.735048918165777820e+01 -2.802685009660638826e+00
2.737478291617699000e+01 -2.109768761409316795e+00
2.734860342153731239e+01 -1.376383077125929333e+00
2.736551210966430148e+01 -6.754356126235485647e-01
2.738905366175561085e+01 2.320486209489303064e-02
2.741273430603060035e+01 7.206011666468405963e-01
2.741019612526898896e+01 1.475946360430349102e+00
2.738205179934998057e+01 2.224869441885065413e+00
2.744217833009437868e+01 2.944750637124002424e+00
2.748556201062806537e+01 3.658057753811704060e+00
2.840596262151282048e+01 -4.114340231201364162e+00
2.817113610308992833e+01 -3.535343596437940050e+00
2.834620331064639487e+01 -2.759019438906889832e+00
2.812325842041332891e+01 -2.140121616269588856e+00
2.812313095216983783e+01 -1.450067189774138399e+00
2.809699076939636342e+01 -7.079192969381296052e-01
2.810303210835885324e+01 4.302417747044984253e-03
2.814860425749510142e+01 7.171450487112416283e-01
2.818607720542539852e+01 1.423409514081615868e+00
2.822809786935761878e+01 2.143176560682977794e+00
2.825267766697066207e+01 2.864199644453812255e+00
2.824567993591160331e+01 3.604486638058062908e+00
2.904361103169301117e+01 -4.251131852222250984e+00
2.899711405673516396e+01 -3.561013875196728407e+00
2.896988937710720080e+01 -2.861640967240848710e+00
2.897199613837441490e+01 -2.146925853301073772e+00
2.893893328377584595e+01 -1.459316565548210320e+00
2.893280035663027405e+01 -7.355010104618493472e-01
2.895965396544614379e+01 -3.896922120564028091e-03
2.891073767015068796e+01 7.022570161546823897e-01
2.893659080804891204e+01 1.393207398591695068e+00
2.897493832571337435e+01 2.111348761253054818e+00
2.899143691584261973e+01 2.828440021870051169e+00
2.901227845269068695e+01 3.576871567657939011e+00
2.983156067668473810e+01 -4.254057255959978079e+00
2.972037057742119970e+01 -2.159443754370091284e+00
2.970537790583043858e+01 -1.493137804964767668e+00
2.989659716441200743e+01 -7.147924189595791233e-01
2.975737029761042862e+01 -5.663086641863301907e-02
2.970222086233041381e+01 6.591724387747923686e-01
2.973507566650814482e+01 1.390626448513941682e+00
2.975382165307402005e+01 2.102959713329713765e+00
2.975870535210881229e+01 2.813087235640438166e+00
2.975478328832792130e+01 3.545908814749559212e+00
3.060462450704492454e+01 -4.266767840773677989e+00
3.055449615785902751e+01 -3.540078413458484619e+00
3.056135800153138149e+01 -2.868319144298855150e+00
3.053676266930758487e+01 -2.164734626971338116e+00
3.051302463509188811e+01 -1.481221305344142536e+00
3.051467612564089649e+01 -7.760265897781657429e-01
3.051902608984017462e+01 -7.222774297326850501e-02
3.053595845972335354e+01 6.463517980699720056e-01
3.054360640195418597e+01 1.383605662046406337e+00
3.054936928616971414e+01 2.116337823408564134e+00
3.052100059902240758e+01 2.854421514224647183e+00
3.052948988808503117e+01 3.591971998925700404e+00
3.144526829123281431e+01 -4.229266163627574571e+00
3.136840557048883937e+01 -3.604343503111991254e+00
3.125513079920727222e+01 -2.865477626945846623e+00
3.127510304492312088e+01 -2.207652371118136614e+00
3.126675639495446291e+01 -1.492633081193183386e+00
3.127368484079595845e+01 -8.421742171357138318e-02
3.127958246729979663e+01 6.386974788275310289e-01
3.125371291164841381e+01 1.381859952089275367e+00
3.127934378657557346e+01 2.131787741127148195e+00
3.133584917289966398e+01 2.876586216975702825e+00
3.142364643609733577e+01 3.582468885569902284e+00
3.214408056295825844e+01 -4.253919020285511721e+00
3.213557728143968717e+01 -3.604636782834898412e+00
3.210119385338692410e+01 -2.882452877827155646e+00
3.205756752314997726e+01 -2.168631406865145550e+00
3.205599036919787892e+01 -1.493230821167976785e+00
3.202001935756275230e+01 -6.438493360214536665e-02
3.201834436916768567e+01 6.543592632749586357e-01
3.210593522721320170e+01 1.370682734082127041e+00
3.210342046246309877e+01 2.124176509222884590e+00
3.214570024800851655e+01 2.835504056467186729e+00
3.212858936802256693e+01 3.584575908157468405e+00
3.295718484773744450e+01 -4.271505774354537266e+00
3.288477329664122095e+01 -3.564154628941974323e+00
3.291388868156533221e+01 -2.872541758427271219e+00
3.286646163152870059e+01 -2.161647921712734899e+00
3.280906595672285420e+01 -1.446868149537305470e+00
3.285855808254341781e+01 -7.695747544783344551e-01
3.281564542390672301e+01 -6.581633996918867524e-02
3.281779442901022747e+01 6.630072435911991136e-01
3.282939718126780093e+01 1.391189397722691012e+00
3.282120314501640479e+01 2.150072106868101685e+00
3.287748931780497941e+01 2.871670871096988265e+00
3.287720755508160408e+01 3.602348093842643095e+00
3.372903094522276746e+01 -4.219604513857291295e+00
3.369472947622337955e+01 -3.519459747779418279e+00
3.362138063829795698e+01 -2.843914141673042906e+00
3.360630721236881158e+01 -2.174658470888985562e+00
3.359150222845085665e+01 -1.479592540939158596e+00
3.357829624971815718e+01 -7.564727483831710231e-01
3.355648312649361031e+01 -3.781506919695942770e-02
3.357506539225432363e+01 7.009780539302177260e-01
3.357863092590927323e+01 1.448013508905553692e+00
3.361746231510402794e+01 2.163756865468382529e+00
3.365961322323025939e+01 2.893159573805959894e+00
3.365730912322008095e+01 3.620579593963007881e+00
3.447573327931250020e+01 -4.227058706140322641e+00
3.443888533461457513e+01 -3.551686022048222924e+00
3.440921204196798300e+01 -2.842470909486443986e+00
3.436288732059700379e+01 -2.153506070175744469e+00
3.434020440487331172e+01 -1.476710691438210432e+00
3.433630187569452374e+01 -7.455662468415305000e-01
3.434700923082856860e+01 1.128697248169885370e-03
3.430601273657178041e+01 6.580889822573503523e-01
3.431382332098025500e+01 1.454088441005705334e+00
3.439885530245923206e+01 2.173786728915260369e+00
3.441597927258887779e+01 2.920201973680022434e+00
3.439222201921311495e+01 3.659991578005445945e+00
3.523163954462498992e+01 -4.217360038028875380e+00
3.521342071675112351e+01 -3.527726867329313620e+00
3.518391290764406421e+01 -2.824521139409256421e+00
3.512548812039447199e+01 -2.137080767738812170e+00
3.510482721867501965e+01 -1.416612422636717383e+00
3.508339784856787702e+01 -7.012728133505703454e-01
3.511640253226166664e+01 6.245468773560602926e-02
3.512429455492313224e+01 7.626168533671062733e-01
3.518665402613437010e+01 2.159383900586330896e+00
3.518287704093558688e+01 2.945699630770185706e+00
3.523818442341862323e+01 3.724713554559471618e+00
3.601215245839674850e+01 -4.222147279434299350e+00
3.599340367811377206e+01 -3.481343971929742764e+00
3.594395645291061925e+01 -2.844468347084301740e+00
3.588456786354213790e+01 -2.098752421438266680e+00
3.586065977410691374e+01 -1.381154386402950962e+00
3.584279398775803571e+01 -6.501914898889218364e-01
3.588616836802228960e+01 7.617141120877946037e-02
3.587864238973411801e+01 7.537593684793613136e-01
3.590439249516106912e+01 1.518972358331048156e+00
3.590821715757177657e+01 2.224523614389486426e+00
3.603720866654906985e+01 2.988391383895461217e+00
3.611365862538031735e+01 3.704143679845955717e+00
3.680205796590890799e+01 -4.179769822638014887e+00
3.672713029077021218e+01 -3.453854794118186078e+00
3.670530439173887061e+01 -2.754481773162666514e+00
3.662914208052954024e+01 -1.327451991243755458e+00
3.661877183434049954e+01 -6.117029499139654547e-01
3.660688324848302244e+01 1.949957745916961471e-01
3.663504911853093660e+01 8.377572760301816857e-01
3.680127430492884599e+01 1.526001464428578203e+00
3.680761428054315587e+01 2.275538964399054009e+00
3.680062664830450814e+01 3.009327885925209500e+00
3.685234976834529874e+01 3.724984926936095064e+00
3.761533770800476617e+01 -4.111173424050910796e+00
3.753606177910364039e+01 -3.409619033404069910e+00
3.750613356377241558e+01 -2.692569777866861358e+00
3.747777606803517614e+01 -1.983322996104188718e+00
3.745633865921650596e+01 -1.264124911277537677e+00
3.742659031600133090e+01 -5.360871471414689893e-01
3.756024678938546657e+01 2.378285940126687592e-01
3.757388858274790522e+01 8.746960224617872370e-01
3.765201012885109577e+01 1.516755288482318775e+00
3.776275208898648117e+01 2.378225907279034601e+00
3.851106723063903559e+01 -4.041129953885899795e+00
3.846044106775853066e+01 -3.307916450198685965e+00
3.841425945668679987e+01 -2.621450787842583452e+00
3.848842231237838263e+01 -1.890460710831149527e+00
3.863374064862353663e+01 -1.115710425546890150e+00
3.840821661443704471e+01 -3.764127882395484903e-01
3.843347612602627095e+01 2.717635711076852090e+00
3.858485001972362483e+01 3.208202363363028553e+00
3.945735281965439611e+01 -3.231857205248090281e+00
3.945648391606024319e+01 -2.957542076075029058e+00
3.940949819206841909e+01 -1.746013550047432972e+00
4.000138957038623033e+01 1.142499555684430845e+00
4.000808880701908521e+01 1.907250354452518337e+00
4.001024224957765085e+01 2.633943505610751856e+00
4.001536177414207174e+01 3.329730673794848883e+00
3.999838994292652927e+01 4.011575158134505159e+00
4.073876465623641963e+01 -3.974111607938358048e+00
4.073145302176019555e+01 -3.220135507375836426e+00
4.071656535952113387e+01 -2.456984626700695173e+00
4.071595515551046418e+01 -1.772645076000618047e+00
4.072725425426396129e+01 -1.059460869955398010e+00
4.073290266387541436e+01 -3.501627530377433573e-01
4.074784174709643736e+01 1.132693472232524812e+00
4.072667530843271066e+01 1.854410983696638482e+00
4.071463725105002851e+01 2.517118783375277502e+00
4.069856929112042820e+01 3.320803627254107937e+00
4.071578176800600346e+01 3.974111607938354496e+00
