-2.079966654561019368e+00 -4.085416423619214754e+00
-2.066853017276116589e+00 -2.610964724811228876e+00
-2.076707774878123303e+00 -1.907164281674454287e+00
-2.071726824950232526e+00 -1.170209925515351301e+00
-2.092824023481838935e+00 -4.491139744009089441e-01
-2.078805176412053868e+00 3.379239374298208531e-01
-2.076037731189451563e+00 1.041888257324842471e+00
-2.076725543246183747e+00 1.757007465596156948e+00
-2.071140387383728410e+00 2.457120049996788680e+00
-2.081748906682364009e+00 3.191881981894926668e+00
-2.068445602206281819e+00 3.941793835508729416e+00
-1.260412705530093547e+00 -4.051637578653490834e+00
-1.267359110741224981e+00 -3.344595794806195954e+00
-1.280751262727129358e+00 -2.605602647696805718e+00
-1.318342033268962155e+00 -1.880833722190697443e+00
-1.300995326785105988e+00 -1.154845695579030718e+00
-1.283122685720861966e+00 -4.464434652878672694e-01
-1.307048326426787810e+00 1.019503552287751802e+00
-1.332496017159897406e+00 1.763029552845797099e+00
-1.330807377522852164e+00 2.466836304768300181e+00
-1.349607823747660973e+00 3.250680864479161158e+00
-5.536918860182566959e-01 -3.324988008991876853e+00
-6.096706316099727019e-01 -2.611289100144588815e+00
-5.597279378326476262e-01 -1.880100528400358684e+00
-5.685602233781636983e-01 -1.141236980648997701e+00
-5.640148187942699565e-01 -4.261919801328524215e-01
-5.711884192328824383e-01 1.052977193461924088e+00
-5.649418357492521636e-01 1.759250130832580084e+00
-6.004679261132395141e-01 2.510243226238237924e+00
-5.863926656026023920e-01 3.250996602369891519e+00
-5.925668435183482075e-01 3.976121681440194067e+00
1.704428176377135173e-01 -4.043846556776486523e+00
1.797009802329085915e-01 -3.327130589693016560e+00
1.880109789962745026e-01 -2.588679628321166604e+00
1.713996993998421203e-01 -1.853069967500427850e+00
1.459007520777220179e-01 -1.159891853058486078e+00
1.715690377650389564e-01 -4.276552952604077973e-01
1.623741561354847818e-01 1.022609229702144518e+00
1.545886119019215243e-01 1.788354799286519636e+00
1.541136507338904948e-01 2.520406864523650370e+00
1.673590332873473585e-01 3.248721031956197436e+00
1.741682017955099582e-01 3.966237256889581175e+00
9.079476571440778798e-01 -4.029100053370989087e+00
8.803336778115848915e-01 -3.310107453798945443e+00
9.041121260600064602e-01 -2.602378560624153181e+00
9.154860376938813715e-01 -1.863509011827201078e+00
9.238413108768028792e-01 -1.141647354292096850e+00
9.149815435974772981e-01 -3.963119449733234489e-01
9.165890032827590517e-01 3.359874026609510622e-01
9.003713762194607284e-01 1.752104697219756702e+00
9.075195340791282206e-01 2.542508409682117332e+00
8.412651633227667958e-01 3.263385686500658522e+00
8.994774800968912132e-01 3.988435145717286190e+00
1.654449917378251200e+00 -4.017000946758901847e+00
1.627119173594920198e+00 -3.345219931871540098e+00
1.604756278323129948e+00 -2.606851520951817491e+00
1.632144083982616678e+00 -1.873534385014067993e+00
1.645633223491557828e+00 -1.149238441395556976e+00
1.624160438158632758e+00 -3.993738437658507223e-01
1.592221038926922461e+00 2.969090590937568663e-01
1.625878488906323582e+00 1.037053484960949845e+00
1.631443913684883285e+00 1.777394017925612246e+00
1.660831377960001021e+00 2.544858171321248363e+00
1.599091369555864617e+00 3.203964497555592317e+00
1.636645579877956891e+00 3.968271242687297473e+00
2.386037458979537007e+00 -4.026506511651284370e+00
2.427217132970440616e+00 -3.256793527366703245e+00
2.362917862446920481e+00 -2.571859919817757856e+00
2.364481888788269259e+00 -1.886143582902604976e+00
2.364345414571175752e+00 -1.143473595561626865e+00
2.369572626233043877e+00 -4.459500035412844454e-01
2.356646737258998314e+00 2.874974406617454292e-01
2.392351397193401397e+00 1.033662489506653515e+00
2.394662509652846438e+00 1.762663509203097334e+00
2.382617716237653838e+00 2.542053915515051443e+00
2.385472038453222865e+00 3.225895901983616199e+00
2.375055790968289671e+00 3.938747206727146732e+00
3.079314013005415518e+00 -4.007755782173500592e+00
3.094534604075526829e+00 -3.289905358899705590e+00
3.099925707070028125e+00 -2.565823964719523786e+00
3.173140741702049183e+00 -1.855085540440853720e+00
3.077321564444993385e+00 -1.164475271738609763e+00
3.106861823564592839e+00 -4.197892724232765715e-01
3.047321049145573113e+00 3.508751418386744092e-01
3.123826712479591095e+00 1.010669949768466580e+00
3.131874161180590477e+00 1.752205329573246928e+00
3.152534706315137214e+00 2.498915685085126626e+00
3.168057712369204637e+00 3.222744442585852909e+00
3.835949616945512730e+00 -4.012315402210358428e+00
3.837987086377594892e+00 -3.288083440601457852e+00
3.841999118593847129e+00 -2.564226113180666289e+00
3.821804210558084947e+00 -1.138513122507536224e+00
3.826996807419803304e+00 -4.285632118421638381e-01
3.847666440963770640e+00 3.212884092518883961e-01
3.879737989582181967e+00 1.023693551096638288e+00
3.913858100708758059e+00 1.767756395507547040e+00
3.891618014117923963e+00 2.473541685103921139e+00
3.917057361954142891e+00 3.194682182597883724e+00
3.947190324328154531e+00 3.881915328767046702e+00
4.560852363164691781e+00 -4.009971000826400456e+00
4.578585287960478922e+00 -3.286057133856726153e+00
4.571177229844217038e+00 -2.557081394028848820e+00
4.593955948705733761e+00 -1.828271428327880699e+00
4.568628514875022972e+00 -1.140388552942955158e+00
4.568395946888280434e+00 -3.933500900333264383e-01
4.592209659597486393e+00 3.112436743085247315e-01
4.574428421564455505e+00 1.041354252197031371e+00
4.641233477458030166e+00 1.759667555368935155e+00
4.663880398862943366e+00 2.499666554778052330e+00
4.644579503798873077e+00 3.197170137497661102e+00
4.632528360150175217e+00 3.946514529723575748e+00
5.317588684251845166e+00 -4.021198625698801266e+00
5.291526065618626262e+00 -3.300096308554042679e+00
5.311536754616973610e+00 -2.563907912203859496e+00
5.310110472984177932e+00 -1.815261115690219640e+00
5.298816234080945264e+00 -1.101726194227381939e+00
5.359137300526299441e+00 -4.032554354712623024e-01
5.337768925960759248e+00 3.219437932931406010e-01
5.353002206723232348e+00 1.018386675731804303e+00
5.358557730605582492e+00 1.759104555925901536e+00
5.383386742148466908e+00 2.518195763526883013e+00
5.401053346815785972e+00 3.216742582546235241e+00
5.410886603791908556e+00 3.922843994824230407e+00
6.067421787383565857e+00 -4.016139297552165033e+00
6.044072602751150214e+00 -3.323745309178441687e+00
6.056767655323369581e+00 -2.564068577269086546e+00
6.057382363046585283e+00 -1.844208830504037167e+00
6.134215597329188085e+00 -4.066826195874142513e-01
6.111866337798140592e+00 3.269989361451948184e-01
6.071537202611523298e+00 1.027558800379907211e+00
6.121319694912997988e+00 1.759053825759515632e+00
6.143372026025133437e+00 3.190461367515997182e+00
6.166389502741097317e+00 3.918073405992803515e+00
6.785012276800173936e+00 -4.019597149741773734e+00
6.733781937792613803e+00 -3.312002176432169875e+00
6.798878689875586190e+00 -1.853845246552346282e+00
6.851761705648129919e+00 -1.146922852360283684e+00
6.898826083263955411e+00 -4.026277481572897443e-01
6.907574529832153587e+00 3.168634649083337251e-01
6.871903642535492907e+00 1.035679000643121128e+00
6.871341029872787942e+00 1.737433032972301561e+00
6.889001777026010132e+00 2.483509979106184318e+00
6.891822293140272393e+00 3.216497583126905369e+00
6.882422197987651202e+00 3.957604618876263913e+00
7.599501089441687895e+00 -4.011495231318193078e+00
7.586505096767261591e+00 -3.307116826137573184e+00
7.595675435574285927e+00 -2.542016823217750243e+00
7.555088953627517867e+00 -1.892358712738442250e+00
7.602065638686340776e+00 -1.175671675855451070e+00
7.639632806665730413e+00 2.722808374906975359e-01
7.646343051763842880e+00 1.022411303929395388e+00
7.634896556069790563e+00 1.728418604292130567e+00
7.620853180963671036e+00 2.477714381649747111e+00
7.618854896662703879e+00 3.191124664768725694e+00
7.608425661295967757e+00 3.936543040477626931e+00
8.362969975878613127e+00 -2.616142376095886846e+00
8.382648762021467803e+00 -1.177223414370498489e+00
8.375358072260617348e+00 -4.661768383429851781e-01
8.364629146185173170e+00 2.792009822385246309e-01
8.347266517802211183e+00 1.012813943220194801e+00
8.363530353017857522e+00 1.725334845466107936e+00
8.355004400743446524e+00 2.467604313458760856e+00
8.368796066710601167e+00 3.199039214781382867e+00
8.386443279453743571e+00 3.908101675529632502e+00
9.137188727713315473e+00 -1.915782518178115623e+00
9.119357088781498533e+00 -1.192796385273066306e+00
9.135201545206292906e+00 -4.873892861479838245e-01
9.096720687395546179e+00 2.453610806011425893e-01
9.084855997933395599e+00 1.028348429473417980e+00
9.103577964093013009e+00 1.725961017050074986e+00
9.122453182772424896e+00 2.429831685896488125e+00
9.120002979269941079e+00 3.154539219488516011e+00
9.150465023670463438e+00 3.857778164545596411e+00
1.001444117498746067e+01 -4.060992538416904551e+00
1.001634177586905849e+01 -3.332900609026538064e+00
1.000484216288288764e+01 -2.605094560284978655e+00
9.960036912952560328e+00 -1.919867922231723867e+00
9.932225444021362648e+00 -1.174030200940748614e+00
9.919749548033074404e+00 -4.702506523871790023e-01
9.855585182782036213e+00 9.987533181476564437e-01
9.852383429543962734e+00 1.690858657303060397e+00
9.871076117903903935e+00 2.437016387102925563e+00
9.875950550102700731e+00 3.174217560254891879e+00
9.927847659237755806e+00 3.860958826378418252e+00
1.077022103292944877e+01 -3.356383056332045811e+00
1.077161063505130301e+01 -2.616271778405501180e+00
1.077026322484626064e+01 -1.915247652419612479e+00
1.070517406017939521e+01 -1.188420700939655461e+00
1.063925076400440162e+01 2.480936004989899857e-01
1.060726413773338805e+01 9.751004436233330352e-01
1.060846869810006154e+01 1.696579292809019535e+00
1.061671941880139514e+01 2.416637285283350423e+00
1.065339190004809922e+01 3.105912853298750775e+00
1.067930770151709652e+01 3.877740068508931159e+00
1.154225454087627867e+01 -3.342825952108093190e+00
1.152544850000546006e+01 -2.618407891573259150e+00
1.155198537105437850e+01 -1.939441267387454815e+00
1.148379116797593014e+01 -1.173074804839750129e+00
1.147229416055468221e+01 -4.551751815513362942e-01
1.141801515656096910e+01 2.480660051177387970e-01
1.136641353092143447e+01 9.721043063753285196e-01
1.135073046757764814e+01 1.706374962713191223e+00
1.136596346674677704e+01 2.432754679724517644e+00
1.142098815410074764e+01 3.119024784814644846e+00
1.141802954461045516e+01 3.846270172154337530e+00
1.239910830371367467e+01 -4.114208608505482090e+00
1.234883958040959584e+01 -3.366658523069084197e+00
1.232114749380023255e+01 -2.652385001871149228e+00
1.227535163360660420e+01 -1.926149681449764728e+00
1.225041897478052988e+01 -1.167957337219242220e+00
1.222703668148025713e+01 -4.444790942704841541e-01
1.225785876350351344e+01 2.791893476433671140e-01
1.219357201870182195e+01 9.506608449656042126e-01
1.228471585725634441e+01 1.682529677029982906e+00
1.222077525655361541e+01 2.459213073777426928e+00
1.220116106750310081e+01 3.140159889779400970e+00
1.223067156480902185e+01 3.869354582992091451e+00
1.320095953619205176e+01 -4.065932324059353675e+00
1.321128359297703980e+01 -3.345789915476373722e+00
1.318289745119239598e+01 -2.602418027644944232e+00
1.308049165390253421e+01 -1.130784149103334357e+00
1.305829011004345119e+01 2.736274032064756057e-01
1.299340862061254853e+01 9.909575931681295913e-01
1.299911407874085967e+01 1.716107245658005098e+00
1.296954671444558471e+01 2.443480443115426226e+00
1.299786103047974706e+01 3.183349148931792882e+00
1.300087817469540852e+01 3.882638990962039571e+00
1.390956145837046165e+01 -3.350987354572730226e+00
1.397243908444377780e+01 -2.608938456917687887e+00
1.392179149045029618e+01 -1.902555054328200157e+00
1.393877039878171331e+01 -1.186438852615463446e+00
1.390486911483685617e+01 -4.458948311210768622e-01
1.386853980268140418e+01 2.740565613649330601e-01
1.383501220336863469e+01 1.008405684794031032e+00
1.375487074314286673e+01 1.724272628357880421e+00
1.372178412633713407e+01 2.493445765802452030e+00
1.373349374677508905e+01 3.190992728435890768e+00
1.378634972383126467e+01 3.886929538328370626e+00
1.474942850663691019e+01 -4.081188416851382783e+00
1.472740948281676054e+01 -3.344050603608039296e+00
1.473104691900180541e+01 -2.617911756596953410e+00
1.470327016030030620e+01 -1.903800965120382216e+00
1.459508099053819308e+01 3.154998393778143395e-01
1.456015036079185876e+01 1.019834337749564668e+00
1.455663564242008334e+01 1.741328088245541750e+00
1.455032794193522960e+01 2.450369678926140438e+00
1.460920568492619509e+01 3.170452277713497580e+00
1.462036948741582876e+01 3.895449742925105596e+00
1.558640074596916492e+01 -4.070660348624272729e+00
1.558380983931235875e+01 -3.379819506743100277e+00
1.552405292824356309e+01 -2.597007981278590449e+00
1.544709285028153545e+01 -1.157772253505289228e+00
1.541100186858895427e+01 3.361389062976130049e-01
1.540009705258199801e+01 9.886203401843758343e-01
1.531653817807306694e+01 1.743923560243977988e+00
1.535833765350970026e+01 3.191137400384324252e+00
1.535406096139090693e+01 3.913513183695922493e+00
1.634593839989817354e+01 -4.088725126528494513e+00
1.633957437265581802e+01 -3.363057040300070355e+00
1.635914926555235382e+01 -2.632874077057756779e+00
1.634634409990428594e+01 -1.924763089671021277e+00
1.623995194427971711e+01 -1.183629187970531405e+00
1.631297168413122733e+01 -4.594296690072319223e-01
1.616294984014284353e+01 3.211081901530334903e-01
1.610764799261208680e+01 1.753499167330872410e+00
1.611950729849554165e+01 2.477651598297651248e+00
1.609253872664677232e+01 3.209204298767790675e+00
1.614074220859283315e+01 3.894709992293666545e+00
1.707872279501508217e+01 -4.100171068204936375e+00
1.708658032169577723e+01 -3.372637926207289638e+00
1.707183503147049919e+01 -2.674564823275499492e+00
1.707230240812303634e+01 -1.925900309488586259e+00
1.702879426313709388e+01 -1.206869254703640593e+00
1.701294015583314945e+01 -4.839390328075268144e-01
1.699969428498956603e+01 2.656997395640914306e-01
1.692618305454062977e+01 1.784718627590667239e+00
1.690856437502863940e+01 2.477662051536508869e+00
1.687816142973142775e+01 3.168148772724553197e+00
1.689594364591965103e+01 3.918293212386185331e+00
1.782880051603059712e+01 -4.086190713622031012e+00
1.780850901758741855e+01 -3.371022119871675216e+00
1.778813257255757208e+01 -2.658543226172970009e+00
1.777612511349200020e+01 -1.894244269839468586e+00
1.777014599820198271e+01 -1.192977392963921801e+00
1.773922126149734879e+01 -4.721616569405178154e-01
1.773872380224712941e+01 3.294767356336869568e-01
1.767952949787005679e+01 1.015686139448710890e+00
1.766526721756952867e+01 1.683951161751984671e+00
1.767501026390743846e+01 2.508845104153980543e+00
1.766997469815839139e+01 3.205851407649010554e+00
1.769349310383013574e+01 3.946720915069025892e+00
1.854627347982398078e+01 -4.060003921168696905e+00
1.854040440465431061e+01 -3.368531804948815989e+00
1.851285287782838651e+01 -2.617571104101081403e+00
1.849084727577982079e+01 -1.908234494873642717e+00
1.845604668940415394e+01 -1.191025722345095517e+00
1.848261963366852001e+01 -4.451002174788882826e-01
1.844103799158759927e+01 2.800682300725654272e-01
1.844405353939859538e+01 1.038296849451871395e+00
1.842217110981938788e+01 1.768418878423570817e+00
1.842155223539134568e+01 2.505565391726442215e+00
1.839724195643317017e+01 3.241378323346555845e+00
1.839339647570572112e+01 3.953629363603813118e+00
1.925944361553930406e+01 -4.092631077537294715e+00
1.925258820283752215e+01 -3.352531594483036059e+00
1.921974289710355777e+01 -2.616666976407575618e+00
1.922524523568616672e+01 -1.904916719088777910e+00
1.920852639700591880e+01 -1.159021111009518989e+00
1.921372797084445949e+01 -4.328626301174551827e-01
1.916907760813865025e+01 3.075430003125880773e-01
1.919926946215631602e+01 1.024873252904779264e+00
1.914060654185605159e+01 1.762228783343488203e+00
1.914966860161506901e+01 2.497486750621142448e+00
1.912673168830054493e+01 3.245487711902637074e+00
1.916091619439244198e+01 4.001975862629205238e+00
2.006265254997632752e+01 -4.029367058672594482e+00
1.997433741821685516e+01 -3.315913222465805887e+00
1.997645326459304727e+01 -2.588636726661086129e+00
1.995819876710667273e+01 -1.877591868670226205e+00
1.992821085134827541e+01 -1.151356696328367235e+00
1.992176824001278845e+01 -4.243157188683959191e-01
1.992635539655034194e+01 3.064479165214066825e-01
1.991082154597590659e+01 1.028517475780596158e+00
1.990120798538025326e+01 1.769342579123247106e+00
1.991127662914134078e+01 2.505863938709140371e+00
1.988932855167956149e+01 3.227937347839816340e+00
1.994739778183397050e+01 3.973696175805013553e+00
2.082080065274782754e+01 -4.064410549341133105e+00
2.080916606002008962e+01 -3.321186324394762579e+00
2.077620533870231867e+01 -2.588601076614612140e+00
2.073747596108736246e+01 -1.837453411538866987e+00
2.072340842265622740e+01 -1.115020138931416938e+00
2.069166373991587449e+01 3.189353875841653974e-01
2.079880279410802757e+01 1.038024417876172834e+00
2.073021074966880661e+01 1.775358440913148428e+00
2.070006224395453387e+01 2.525415980225236723e+00
2.069997431383217190e+01 3.252250371217943581e+00
2.075106400072999691e+01 3.898465506830749661e+00
2.155142755816805789e+01 -4.070205674580588351e+00
2.152984502636932262e+01 -3.330742136174109191e+00
2.150900778569274507e+01 -2.571964064183472232e+00
2.153751020497529112e+01 -1.865658016673446440e+00
2.156885138958126191e+01 -1.137915042861621373e+00
2.152882592452672128e+01 -4.111573520535216630e-01
2.151400340638654995e+01 3.194221764599092239e-01
2.155822290941669905e+01 1.057196534511970043e+00
2.149248319839293941e+01 1.773189399965826141e+00
2.151375656338775855e+01 2.527579241786963138e+00
2.153552948150877455e+01 3.210580499015510014e+00
2.155087173314077376e+01 3.947612138829423856e+00
2.257803966313371546e+01 -3.963454289784284157e+00
2.249297306527842011e+01 -3.330016689997744805e+00
2.251858004374209798e+01 -2.532676145225781994e+00
2.257071282108621091e+01 -1.825503771783932194e+00
2.243540606958291050e+01 -3.803082509041963988e-01
2.236517457050985058e+01 3.377400657181794941e-01
2.237412736125566681e+01 1.070637457218108324e+00
2.231207529709364223e+01 1.795078754577449587e+00
2.231708975623252655e+01 2.507124730133821089e+00
2.231885773174279564e+01 3.214375221343733102e+00
2.230732104503966440e+01 3.979526096032262927e+00
2.327973473295445217e+01 -4.053394246458498884e+00
2.328198905868288904e+01 -3.314966163547182987e+00
2.327066341609871358e+01 -2.593843248150427883e+00
2.328182272658008856e+01 -1.851702499062167107e+00
2.326194799708946448e+01 -1.120915691986418494e+00
2.324100457622769511e+01 -3.957448766572220222e-01
2.322841694588008465e+01 3.302960946833586320e-01
2.315170040098836068e+01 1.073911641670793671e+00
2.315793309482680939e+01 2.554701622504030212e+00
2.311963251744330705e+01 3.232645251406967901e+00
2.308815804813541206e+01 3.944058122657668974e+00
2.401776995440331319e+01 -4.036818263770033610e+00
2.400628451982297662e+01 -3.315844611172483525e+00
2.402002434212052862e+01 -2.588171624815341687e+00
2.400975449103751203e+01 -1.852614952549757277e+00
2.400947484745137217e+01 -1.127319098878270864e+00
2.398229336873784945e+01 -4.130383447550265430e-01
2.396344432065369290e+01 3.156806443146571439e-01
2.395124225463924006e+01 1.062002141168839842e+00
2.394377308381190517e+01 1.786108932350543910e+00
2.393810873307273823e+01 2.507325540912283657e+00
2.387630959919168561e+01 3.256405359709805936e+00
2.391184981356362727e+01 3.941678074166194534e+00
2.474376082140216226e+01 -4.037260827443027722e+00
2.474303985591578225e+01 -3.315163993814525867e+00
2.473570761699788534e+01 -2.582551865053321904e+00
2.475281734739164108e+01 -1.862811579520371907e+00
2.473135161996157194e+01 -1.118032383498146487e+00
2.471369438213963576e+01 -3.884874290869930746e-01
2.475578004803220722e+01 3.022468227548742448e-01
2.471616707360001897e+01 1.061990262080296787e+00
2.466458819331986518e+01 1.779024565327549823e+00
2.468783456848880320e+01 2.518880181670926532e+00
2.464945727575572221e+01 3.248921922467079781e+00
2.471402469019390935e+01 3.953440515745835881e+00
2.550975368008401034e+01 -4.028878603343660103e+00
2.548459182378680055e+01 -2.596453437078746873e+00
2.544300122056519342e+01 -1.888681060265156475e+00
2.548131127042483968e+01 -1.140219319856527136e+00
2.546289309347795893e+01 -4.151205537850159999e-01
2.546421659953009708e+01 3.121970121432440237e-01
2.546807357013162232e+01 1.031101959484779229e+00
2.546962205395005441e+01 1.778537740419015023e+00
2.544423973374716041e+01 2.495705271770862765e+00
2.543427270659232420e+01 3.233005808206232956e+00
2.544664261528484417e+01 3.954178768476193540e+00
2.623358219555713333e+01 -4.031080789951563048e+00
2.606011513560294190e+01 -3.325508824921438844e+00
2.624978328613637757e+01 -2.592954360170818262e+00
2.620900059825807205e+01 -1.860669914412355297e+00
2.621157442740199883e+01 -1.145474421091808637e+00
2.620714641790104338e+01 -4.167759397437080793e-01
2.619879850652159803e+01 3.111410128340601489e-01
2.619537792705379076e+01 1.030919775256794679e+00
2.619370214071690128e+01 1.761615698091734572e+00
2.621100758130363317e+01 2.479530954231755402e+00
2.620523064353369591e+01 3.226384004882358880e+00
2.621893041477439112e+01 3.949615250594046501e+00
2.695470503142405505e+01 -4.031655453331495664e+00
2.696424655341085952e+01 -3.329358089078784388e+00
2.694718121121709231e+01 -2.601299213742890970e+00
2.694667980600786450e+01 -1.870865332409312742e+00
2.694857758986172769e+01 -1.144620173516557315e+00
2.694144159964109519e+01 -3.931522576772294997e-01
2.695220821829554581e+01 3.108394077010210310e-01
2.692211289922362027e+01 1.041827030711054647e+00
2.695681076706178914e+01 1.786398385611935424e+00
2.698763762058786853e+01 2.527461982958428166e+00
2.696047206112876182e+01 3.225379153467390125e+00
2.697001430100818453e+01 3.952111678910267045e+00
2.774031227445999548e+01 -4.053803522271429927e+00
2.768784647897270901e+01 -3.362005022639472429e+00
2.773315899440477494e+01 -2.603192384831082506e+00
2.770271588303155852e+01 -1.876166945137789810e+00
2.771369729824844796e+01 -1.152164109909005418e+00
2.768060614181086976e+01 -4.546344209478334619e-01
2.769908727907171908e+01 3.178977746686939554e-01
2.769434936902742805e+01 9.942712886451978704e-01
2.768733442970541603e+01 1.782756243822365860e+00
2.769903260345993345e+01 2.485030392777165531e+00
2.771985128014163280e+01 3.217665834944970271e+00
2.771233007818052840e+01 3.943192829385171905e+00
2.847638327308786899e+01 -4.083391130424786297e+00
2.845874295594058623e+01 -3.328192289042164020e+00
2.845642754089022475e+01 -2.602344859741002381e+00
2.847775422186533234e+01 -1.892027906387415470e+00
2.846245999024089457e+01 -1.143787634821997301e+00
2.847423123575500625e+01 -4.298345568897019575e-01
2.847792425760119528e+01 2.885324992746056694e-01
2.847661706248447189e+01 1.004385294308246301e+00
2.847337878661215171e+01 1.741741794677452049e+00
2.843101880217502497e+01 2.488624227277956180e+00
2.844580839185088195e+01 3.218743249782132665e+00
2.847250573563575671e+01 3.939584820904219242e+00
2.928017983111715949e+01 -4.048196576599412566e+00
2.922833365163334207e+01 -3.348839957936512235e+00
2.923306602508335317e+01 -2.576632745738155705e+00
2.921302783398541436e+01 -1.895736801092922974e+00
2.920293105419121815e+01 -1.171302128183004498e+00
2.918516281342855478e+01 -4.375987978382056554e-01
2.918952705779546619e+01 2.805252728914631177e-01
2.920844094002365665e+01 1.008846844851642999e+00
2.921743482738363440e+01 1.715801393457546453e+00
2.923026004155686763e+01 2.462243498148492193e+00
2.924145410022733671e+01 3.171130238774143351e+00
2.924295829248519141e+01 3.915679233137414172e+00
2.999575889076387369e+01 -4.064840343800860012e+00
3.001210845357481816e+01 -3.364721084684685337e+00
3.000545828558319528e+01 -2.633497870849293321e+00
2.999377311782362909e+01 -1.904245301929648804e+00
2.998910869650863020e+01 -1.175881391329291148e+00
2.996106960058238400e+01 -4.451413362463938483e-01
2.997801318374443014e+01 2.771405876289243508e-01
2.994900066464862931e+01 1.011798271504861901e+00
2.996176741656451981e+01 1.736943092294861657e+00
2.997573274596796722e+01 2.444346584987606263e+00
2.998062996721980511e+01 3.162391898619166142e+00
2.998461250234023368e+01 3.894379056917056658e+00
3.076839334848292395e+01 -4.069953358906634122e+00
3.073431696725490525e+01 -1.894782296435426616e+00
3.072926499981613091e+01 -1.192936910190173450e+00
3.073775892041708602e+01 -4.386993115505042340e-01
3.074398625845086741e+01 2.603622407612284917e-01
3.071616430673157794e+01 9.765481425973092655e-01
3.072952302816454306e+01 1.719751810830810967e+00
3.072556752767324184e+01 2.442617209517106147e+00
3.072257529318010683e+01 3.158925657149797672e+00
3.071222026902116653e+01 3.884672882433346075e+00
3.153639714196329891e+01 -4.087795074339865664e+00
3.150674242732124952e+01 -3.337178127654318871e+00
3.150328851106994676e+01 -2.620365097091070794e+00
3.152050009738912451e+01 -1.910214757043267042e+00
3.149133048232220489e+01 -1.186711614799911274e+00
3.146960274164104732e+01 -4.808109729601390825e-01
3.148516300173429983e+01 2.604869802292739678e-01
3.149537934623554492e+01 9.819434300878597810e-01
3.150116873625659508e+01 1.716469602388457361e+00
3.149527028577883669e+01 2.449446651757302362e+00
3.146316648992462461e+01 3.188112892330163817e+00
3.147858299821994166e+01 3.907471981445223008e+00
3.231235098410990503e+01 -4.070234268247666876e+00
3.227620011804381051e+01 -3.361916452367275099e+00
3.221907431569326974e+01 -2.613730591055070107e+00
3.225073155873237596e+01 -1.922591515578265131e+00
3.222201441542103595e+01 -1.165393616099525076e+00
3.223540594604087772e+01 2.514935486307656731e-01
3.223322086127200947e+01 9.711714281358467815e-01
3.221054546146891795e+01 1.718343594752681724e+00
3.222659658790751536e+01 2.449074798461325031e+00
3.222167895047582675e+01 3.171267289504395848e+00
3.228832538621789894e+01 3.889073041666488706e+00
3.301086346031892305e+01 -4.073106419121312882e+00
3.300611131075586258e+01 -3.360328344881054363e+00
3.301334168796653756e+01 -2.618359445347874015e+00
3.299391172092710889e+01 -1.899876804804868868e+00
3.298915593733905638e+01 -1.180428257186147079e+00
3.297546451129672818e+01 2.557088919521142145e-01
3.295575638710611344e+01 9.850108705582449886e-01
3.300774984255989608e+01 1.698317396354752873e+00
3.300128988210759218e+01 2.424971820015908719e+00
3.299696221466555102e+01 3.174048047924454607e+00
3.300149937970481773e+01 3.894182951409693061e+00
3.377611722324297006e+01 -4.063162309375876191e+00
3.376070252859135934e+01 -3.343322007651813976e+00
3.378005245022151115e+01 -2.625285994153081504e+00
3.373233899550472614e+01 -1.901594000843701338e+00
3.372893098188918515e+01 -1.158970344964540544e+00
3.376436983153333671e+01 -4.640409737649342503e-01
3.372856428618270996e+01 2.513705342901850770e-01
3.373026010215597381e+01 9.828370816770863883e-01
3.373058535605407116e+01 1.712285310268391925e+00
3.371080660780615545e+01 2.458175481192828471e+00
3.374583557798566602e+01 3.183643650291134719e+00
3.371832451506002570e+01 3.920698179134237904e+00
3.451618504453039549e+01 -4.047762540906848727e+00
3.450030361473280749e+01 -3.323349566208516848e+00
3.449857993993628469e+01 -2.607018303221643407e+00
3.448200726409260852e+01 -1.905462699301921248e+00
3.449176010298565842e+01 -1.184964777650233003e+00
3.447731624928214700e+01 -4.664951677013249309e-01
3.446253142895586308e+01 2.643337398774967539e-01
3.446532078801993038e+01 1.000576486921303854e+00
3.447787976435713375e+01 1.742502348963082426e+00
3.449116965981547622e+01 2.455541117090593417e+00
3.449558749793975920e+01 3.188320773279397002e+00
3.447229252528503451e+01 3.914798061384654915e+00
3.524466134805904716e+01 -4.062868159421146430e+00
3.518709583981257794e+01 -3.358626473857569295e+00
3.522956622794720971e+01 -2.619034508319078469e+00
3.522705031748790105e+01 -1.897304076358572900e+00
3.522470913081250643e+01 -1.202855082770533102e+00
3.523002069277229253e+01 -4.688160458820718191e-01
3.522217916978377872e+01 2.814757074641924817e-01
3.520283376081993509e+01 9.756460085236575708e-01
3.519026467303816474e+01 1.747006070933462496e+00
3.518742954177259463e+01 2.438892465780234886e+00
3.521917677164865523e+01 3.200687024109168277e+00
3.520213242245294083e+01 3.921618260402286893e+00
3.599116912466750051e+01 -4.042814759515856338e+00
3.598383951511114986e+01 -3.324788736552353186e+00
3.598279160816694144e+01 -2.608378405980722903e+00
3.596917158540967563e+01 -1.896470379771105996e+00
3.595866274780453153e+01 -1.172355450951442890e+00
3.594949410992889938e+01 -4.427999136490363696e-01
3.596482600181746392e+01 3.038153312684279683e-01
3.597557256071733178e+01 1.064022421495266713e+00
3.597807248133401714e+01 2.458124150878909120e+00
3.596296099604226271e+01 3.210075788831897370e+00
3.598478019788807813e+01 3.963454562794243685e+00
3.671434760089496052e+01 -4.081226845155647709e+00
3.671078690043265880e+01 -3.327182205400834647e+00
3.671887356615972209e+01 -2.644538759480230539e+00
3.670153237294295678e+01 -1.883159093788744798e+00
3.669588928948481765e+01 -1.157896392239823768e+00
3.668688361887989657e+01 -4.308658845225927791e-01
3.672070903795638941e+01 2.985858997184323016e-01
3.670237964921569329e+01 1.011572537091588231e+00
3.669545854335380142e+01 1.786039464088773343e+00
3.669119654665951913e+01 2.487716864693584995e+00
3.674170121457128602e+01 3.242059684321514368e+00
3.676221888313082076e+01 3.935977957047480658e+00
3.749430107517336097e+01 -4.050182419628246322e+00
3.745374068786959043e+01 -3.318998003138780462e+00
3.745044402162712771e+01 -2.592978995224996197e+00
3.742054129830538756e+01 -1.143782123946088802e+00
3.741643553162410996e+01 -4.182847673926026744e-01
3.740787409697221477e+01 3.637564056134330315e-01
3.743302894803527892e+01 1.060401444117427872e+00
3.747363490934353791e+01 1.749455729166879081e+00
3.749671836908895983e+01 2.488634908823804892e+00
3.746172062097615907e+01 3.217608497075620022e+00
3.747648303453312479e+01 3.939703674685137713e+00
3.823254538005806324e+01 -4.019949580624192720e+00
3.822149143636946889e+01 -3.296498663994103850e+00
3.820641704500845748e+01 -2.587652750011148584e+00
3.820019293662370075e+01 -1.862212815725865056e+00
3.820034395974266062e+01 -1.129622241865451571e+00
3.817942390555929677e+01 -3.981883423978267444e-01
3.823828081755086572e+01 3.666533100700455350e-01
3.824911507224798157e+01 1.067641940183271743e+00
3.825262234864781163e+01 1.764092857872039843e+00
3.826401754705026548e+01 2.521351001592790908e+00
3.902883908352709597e+01 -3.972105856577059058e+00
3.903933616342015256e+01 -3.255058418112099616e+00
3.899367774732096592e+01 -2.564122085120615679e+00
3.906789901631886863e+01 -1.802058581730335618e+00
3.906683348916407539e+01 -1.109362890042230987e+00
3.902327370907925541e+01 -3.236001651331754658e-01
3.905951144472022207e+01 2.615244581152150971e+00
3.904414337152115166e+01 3.179765144660581910e+00
3.984031395368131001e+01 -3.269986203469695596e+00
3.975236944802680483e+01 -2.881455106049667592e+00
3.980956141042154428e+01 -1.837673141597655047e+00
3.998235511864364611e+01 1.106494310169125583e+00
3.999147976652709957e+01 1.869753304410771477e+00
4.000208100993028637e+01 2.627797759720099435e+00
4.000322294526079503e+01 3.315482851125533870e+00
3.999842092963998397e+01 4.019095640206696629e+00
4.073484125616351292e+01 -3.979398092146421817e+00
4.072098636808998862e+01 -3.247550526813625993e+00
4.071038576230385075e+01 -2.484115936125757429e+00
4.071557496394904518e+01 -1.779820826708007786e+00
4.072531927842397437e+01 -1.064920560797858684e+00
4.072843984434789633e+01 -3.370913393682855030e-01
4.073783764733820334e+01 1.121264050845262261e+00
4.073140126208837586e+01 1.850652971075746223e+00
4.072595011337428872e+01 2.510058769464034611e+00
4.070467529739564583e+01 3.329527494265089871e+00
4.071970516807891016e+01 3.979398092146421817e+00
