-3.398130967939898994e+00 -4.141261170676720837e+00
-3.352703346484894098e+00 -2.869093848721039564e+00
-3.398101990131614514e+00 -1.956263501461368293e+00
-3.395224145185871123e+00 -1.240758456968400480e+00
-3.423023595850843037e+00 -4.888605832824950426e-01
-3.402803802467516903e+00 3.132147728651837326e-01
-3.400343670147172759e+00 9.821612444404941300e-01
-3.402323025906873966e+00 1.711105840745407392e+00
-3.397370109476526068e+00 2.415609266112262787e+00
-3.409606846162994032e+00 3.124331993760673498e+00
-3.401858809038401432e+00 3.890802669909451339e+00
-2.530298170961259530e+00 -4.109558755137474151e+00
-2.565816814334120011e+00 -3.395906326190750946e+00
-2.575304038288976471e+00 -2.651238865630858754e+00
-2.611879640579040540e+00 -1.932064277012848663e+00
-2.590872745182650760e+00 -1.202380268909237770e+00
-2.587425183759229697e+00 -4.933298040481268742e-01
-2.609703329168937103e+00 9.817376260233245944e-01
-2.643424818100776008e+00 1.717617825059718939e+00
-2.642505629879238427e+00 2.423299037009822854e+00
-2.663533420190333345e+00 3.209725978229887033e+00
-1.833194130482752371e+00 -3.378189863368248780e+00
-1.896934204651543610e+00 -2.641394249639308356e+00
-1.846149990908905636e+00 -1.932868270911974662e+00
-1.863921386077230125e+00 -1.191262661160717329e+00
-1.865183785129836735e+00 -4.767143370087580934e-01
-1.844766481864645868e+00 1.003097526061502265e+00
-1.872301473114028170e+00 1.718980368878888498e+00
-1.899948479619965269e+00 2.469454496893611406e+00
-1.898878778571770454e+00 3.219513912192088156e+00
-1.903146878171703804e+00 3.939663306822705380e+00
-1.109907938100626268e+00 -4.088465008483531449e+00
-1.115063631681600498e+00 -3.374489852735443662e+00
-1.105150569429703467e+00 -2.637886248478114481e+00
-1.115730424228388529e+00 -1.908280835960574962e+00
-1.150718750439054361e+00 -1.207477754472822795e+00
-1.109804752124844640e+00 -4.750628055289034535e-01
-1.122844393730950685e+00 9.642723323829081039e-01
-1.147459897416581498e+00 1.752424199751303036e+00
-1.134052030469234751e+00 2.494240233442607035e+00
-1.131894717540937734e+00 3.208984965816096491e+00
-1.129592862015712740e+00 3.936392171624934377e+00
-3.714018149272320102e-01 -4.063540248515291609e+00
-4.084572699032449350e-01 -3.341973122052127820e+00
-3.801891605717742095e-01 -2.644691124461868270e+00
-3.688705291225318206e-01 -1.913372785785302455e+00
-3.676603069895563181e-01 -1.188524345890101586e+00
-3.721126874580349408e-01 -4.455120519530098022e-01
-3.648153980512987005e-01 3.011133479107641620e-01
-3.957262231879283831e-01 1.716183758651908420e+00
-3.831190978194740637e-01 2.509323178800134002e+00
-4.546568500957874903e-01 3.229606100217051079e+00
-3.881998744239965049e-01 3.964739376067019094e+00
3.765343280328607989e-01 -4.045112271533096049e+00
3.489190236226420438e-01 -3.380885522462545367e+00
3.193554630781889614e-01 -2.651107330954268093e+00
3.491660587540295069e-01 -1.916173217975202903e+00
3.580108710317020382e-01 -1.196562663649551439e+00
3.431615511370722515e-01 -4.552106140599576634e-01
3.007163585715062482e-01 2.478289347889450767e-01
3.375546202636314774e-01 9.934584028299831004e-01
3.490695751026180460e-01 1.733098223635956003e+00
3.687889690130461418e-01 2.515896087389261737e+00
3.123353825961387997e-01 3.164497493770578984e+00
3.541761467506887584e-01 3.931560118563982797e+00
1.113995901986491788e+00 -4.059852562702982226e+00
1.160542871311541546e+00 -3.274939770598063404e+00
1.080085457000983240e+00 -2.604767059559545572e+00
1.086450355041712612e+00 -1.922931371596739325e+00
1.084705549957959647e+00 -1.187902992815814684e+00
1.087506240244223932e+00 -5.025520750385226165e-01
1.078229980297663815e+00 2.360292415442515335e-01
1.110729068761422411e+00 9.852598739639262249e-01
1.126287857187591612e+00 1.714981978129323181e+00
1.097791302353584797e+00 2.519539902731100511e+00
1.099237137949238274e+00 3.186951790695001563e+00
1.094440560435145926e+00 3.899307900374243019e+00
1.813059768163277852e+00 -4.036639185533623220e+00
1.826043872147408820e+00 -3.318422097196020104e+00
1.824201409083862302e+00 -2.601409592472908372e+00
1.908133255488081659e+00 -1.882307542523765420e+00
1.792876459221922403e+00 -1.210082179781164058e+00
1.827298860374575895e+00 -4.715304689444543840e-01
1.768610655295290712e+00 2.932589574766346630e-01
1.848707434518232162e+00 9.571797772125023585e-01
1.862636025774698112e+00 1.708324054513592927e+00
1.875113409181395241e+00 2.451254389669575318e+00
1.909359538309146842e+00 3.176060402463097176e+00
2.561991444823519259e+00 -4.041385693057634398e+00
2.569187950800980502e+00 -3.320231001298939333e+00
2.567161680235237498e+00 -2.595805442906687688e+00
2.547216486135560842e+00 -1.183701871873850564e+00
2.555602264293611370e+00 -4.800852244630142707e-01
2.582945399681484844e+00 2.649942599701837764e-01
2.603316659049909276e+00 9.762005721482331921e-01
2.646641015043080358e+00 1.720803769416747286e+00
2.622061632307506329e+00 2.427965748813623037e+00
2.656095699263488541e+00 3.143240319863526366e+00
2.699509121944934975e+00 3.828263860785131811e+00
3.289543575220136518e+00 -4.045535181034470185e+00
3.308452420778721148e+00 -3.319360495455619287e+00
3.303453589994347794e+00 -2.591680734449553825e+00
3.318041016789543107e+00 -1.874450600562045821e+00
3.299217251580586208e+00 -1.183996765597864709e+00
3.297627383177584193e+00 -4.366791793582578407e-01
3.326516368502510090e+00 2.629611030919569714e-01
3.360072818033557951e+00 1.043279294044964445e+00
3.384753744451778346e+00 1.705077496294570949e+00
3.414139573448139231e+00 2.443477524962432312e+00
3.389851945516859644e+00 3.145748866744565220e+00
3.382378766061485464e+00 3.883869517664972904e+00
4.057160604683510030e+00 -4.051252344539392425e+00
4.035411932146672598e+00 -3.337829401825100462e+00
4.047392155709623296e+00 -2.595712201849977419e+00
4.046293415419185635e+00 -1.846608711505592026e+00
4.031254359931544684e+00 -1.140803101310293499e+00
4.098383989666317007e+00 -4.449908834167501936e-01
4.072656279294506021e+00 2.798366351328063217e-01
4.093337446178821892e+00 9.750733547338121809e-01
4.097218869769676530e+00 1.717696866284555313e+00
4.149606096844919989e+00 2.467756079241155476e+00
4.155554666365233629e+00 3.167795596797891022e+00
4.161402941847221371e+00 3.872833910699053916e+00
4.810083184380630428e+00 -4.053756274668927517e+00
4.796145121690194912e+00 -3.361295812442008923e+00
4.794842059888445363e+00 -2.591550807424113145e+00
4.795779386507824427e+00 -1.891080392155391365e+00
4.876875466797727654e+00 -4.449727375937193585e-01
4.860409105522755624e+00 2.846534456920792877e-01
4.806410363765238003e+00 9.772844348482649934e-01
4.864243773189706133e+00 1.723907013763614771e+00
4.894115425169111688e+00 3.145374905323667036e+00
4.930743817377639004e+00 3.862445006621211263e+00
5.533543100924966041e+00 -4.052111598630609990e+00
5.494094116154727203e+00 -3.348821513925916094e+00
5.542830519922539168e+00 -1.887681506566487144e+00
5.601320193312368190e+00 -1.183741767364679731e+00
5.643416345473625029e+00 -4.395572283232525024e-01
5.675494879535669668e+00 2.859269628634883986e-01
5.624991687427552733e+00 9.950887658536267111e-01
5.614657769627768857e+00 1.690242764867498693e+00
5.641532343992579968e+00 2.427129082370871771e+00
5.654772618740359746e+00 3.164466304283951814e+00
5.650552341660343814e+00 3.897004587450421553e+00
6.357574317869421066e+00 -4.052856473648507318e+00
6.340469995393014813e+00 -3.347276796755906503e+00
6.361279149379960529e+00 -2.534183185943330585e+00
6.305180357213941988e+00 -1.927969082038394788e+00
6.359747146727521283e+00 -1.221522709887771896e+00
6.403724158746349815e+00 2.261118209379624489e-01
6.410006367165713925e+00 9.724395676372665775e-01
6.395165677453569231e+00 1.677431334338820079e+00
6.377408814428648043e+00 2.421106444294114368e+00
6.374111156442992865e+00 3.135727255446465023e+00
6.371446529848867613e+00 3.883291303250022253e+00
7.129594313338074585e+00 -2.656667914347718096e+00
7.154435621413483659e+00 -1.225471003847765417e+00
7.149630634841535937e+00 -5.112313143242026570e-01
7.122984462170194320e+00 2.258299147483491254e-01
7.112437000395900100e+00 9.639742113652687294e-01
7.131637931220403459e+00 1.672266052212272314e+00
7.129766892595924332e+00 2.408701761193622559e+00
7.127034671204228289e+00 3.138051946130463676e+00
7.167373055133396065e+00 3.836988573175791117e+00
7.913337471375861298e+00 -1.960863951267686645e+00
7.889700484837248950e+00 -1.244977168930724076e+00
7.905741094337862762e+00 -5.466016448128385719e-01
7.866892117082556979e+00 1.861360379512078111e-01
7.846994915930928016e+00 9.771963377264292205e-01
7.872883600484449573e+00 1.678563990474987833e+00
7.905247250888763233e+00 2.359154581640307669e+00
7.892854895808937954e+00 3.092574405935547333e+00
7.959121030790306861e+00 3.778755712650042398e+00
8.810349147530949665e+00 -4.098538700602265550e+00
8.815430288024288075e+00 -3.371924042111718478e+00
8.795635976584293303e+00 -2.651886922121544643e+00
8.747440115819657080e+00 -1.968108073145458548e+00
8.719101181482336926e+00 -1.230482108048928325e+00
8.707122464344280388e+00 -5.296499536397973884e-01
8.632740970174033635e+00 9.446371069633983097e-01
8.621290398404752864e+00 1.616398213657326721e+00
8.649035808878743126e+00 2.370059045830767985e+00
8.669353876362436040e+00 3.110170241121625878e+00
8.721737988341836001e+00 3.777424216050082606e+00
9.579801387276226876e+00 -3.407923045267342133e+00
9.575056476743121436e+00 -2.664758506200364252e+00
9.574408971814705183e+00 -1.975001384901133861e+00
9.512480750187854994e+00 -1.263400192766418684e+00
9.432966862247155859e+00 1.803967220896467438e-01
9.389689874115035195e+00 9.093109696736263459e-01
9.389873012930983975e+00 1.622016815665844547e+00
9.408758205292372168e+00 2.343193473399534099e+00
9.459233838821319296e+00 3.023245661905360038e+00
9.491242225244846509e+00 3.804857248958615656e+00
1.036535529261411170e+01 -3.403420713267351516e+00
1.034750893781470893e+01 -2.674954723853058880e+00
1.037592255216701176e+01 -2.014884461079024192e+00
1.030279674558088487e+01 -1.232340328193075152e+00
1.029807998558933946e+01 -5.202201464335409753e-01
1.022350512358588048e+01 1.713512826564098646e-01
1.016371489926929428e+01 8.938351461948528254e-01
1.013957889958943781e+01 1.624372441883203066e+00
1.016971820172621932e+01 2.344027658613562437e+00
1.023567100855280643e+01 3.042594639824027780e+00
1.023499469879655521e+01 3.758250279278836814e+00
1.128017782917862633e+01 -4.186449007586503512e+00
1.121597307041098901e+01 -3.436279817149930693e+00
1.119983670935424414e+01 -2.741673604814270249e+00
1.111529991286144536e+01 -2.010095058428191805e+00
1.110193882251219577e+01 -1.251295818092707179e+00
1.106577717892897539e+01 -5.152912474615582994e-01
1.106887753081912251e+01 2.069915857331388054e-01
1.101732343924133062e+01 8.737263555208194532e-01
1.111475733037046609e+01 1.595613317043909518e+00
1.104596116441737053e+01 2.373265054679876584e+00
1.102636825245745200e+01 3.055422692228251691e+00
1.107914610703657132e+01 3.768483729085890133e+00
1.213572408429240568e+01 -4.123272500809552099e+00
1.213832381292598228e+01 -3.418849146918642390e+00
1.210906139005776083e+01 -2.660239270095900110e+00
1.205164592771479448e+01 -1.232919016576623505e+00
1.197930757566790305e+01 1.690020424946965250e-01
1.181793808401042867e+01 9.030785478799110422e-01
1.181663099318443244e+01 1.625126987135629975e+00
1.181031154792579230e+01 2.351166292739598873e+00
1.184003174963573457e+01 3.077173335033545953e+00
1.185251423004802973e+01 3.778298015010239652e+00
1.283841409374170439e+01 -3.417065154571616858e+00
1.294253114415073469e+01 -2.677638699814618661e+00
1.287247760270479802e+01 -1.998365433124160262e+00
1.287625231097076295e+01 -1.274085714799401359e+00
1.281917663303614319e+01 -5.439492345055221278e-01
1.277495871190630083e+01 1.888707286624331516e-01
1.270397923792856432e+01 9.086411686271063104e-01
1.260335105455256155e+01 1.628470106057378075e+00
1.256618285258693390e+01 2.400446176541734644e+00
1.258868136047684061e+01 3.086339011862282433e+00
1.265442395099527317e+01 3.779299791463362368e+00
1.376332274486399143e+01 -4.158755870632695917e+00
1.374367226058944880e+01 -3.433495787323945336e+00
1.372143685860080353e+01 -2.690206998305306740e+00
1.366211818124048705e+01 -2.007590730601794604e+00
1.349664114702498807e+01 2.328515748660926477e-01
1.345444037124320857e+01 9.202246933700877207e-01
1.342230657340429900e+01 1.629616224799676161e+00
1.344652593645006533e+01 2.343030439247932861e+00
1.351004413390288050e+01 3.054340152237568162e+00
1.353894136337007126e+01 3.778846855457533849e+00
1.467269966879722887e+01 -4.171447713267934176e+00
1.464165634852344056e+01 -3.458159993724290615e+00
1.455963450476996712e+01 -2.673406056009568488e+00
1.443521615204058861e+01 -1.258075222613960875e+00
1.438391334154837153e+01 2.188864429829564529e-01
1.437281136938815962e+01 8.842933083240644976e-01
1.421722241978013557e+01 1.648886488401341666e+00
1.428074367544538603e+01 3.089090422094852073e+00
1.427420044931643162e+01 3.794766992095158997e+00
1.544922885264764290e+01 -4.182403443278435162e+00
1.543877079087415183e+01 -3.464163890424266867e+00
1.545955591049906275e+01 -2.745164819631586539e+00
1.544159352122408535e+01 -2.036550603274186244e+00
1.531297014977493376e+01 -1.285587552516645360e+00
1.539816514975935746e+01 -5.461074841994566498e-01
1.514403474396766569e+01 2.270764835661687187e-01
1.505394224737717224e+01 1.662398331175769073e+00
1.507978676648955485e+01 2.374402146339619435e+00
1.502018710713852556e+01 3.095527063728173545e+00
1.508586521965671778e+01 3.764684698582062339e+00
1.618108440361661593e+01 -4.239583960444818445e+00
1.619490682990909391e+01 -3.482972927726020629e+00
1.617652026276195443e+01 -2.785909618005788957e+00
1.616165007296792311e+01 -2.045548035938477227e+00
1.610996871193302837e+01 -1.310680565453957058e+00
1.608120491053818313e+01 -5.956959930272809345e-01
1.604808498885871160e+01 1.620050975204456734e-01
1.592372165613901558e+01 1.687101567003345792e+00
1.588640370837108406e+01 2.364738282664887947e+00
1.584036572335308080e+01 3.010435978597438833e+00
1.587095834291072549e+01 3.798834779742659151e+00
1.694437511107661720e+01 -4.196221538381646354e+00
1.692014023604850337e+01 -3.478489611802555004e+00
1.688712882369127755e+01 -2.767386498305050679e+00
1.686926670450419863e+01 -2.010656061576735709e+00
1.684773570429572942e+01 -1.306321117281932231e+00
1.681080903479330146e+01 -5.906729581748102476e-01
1.680109283696241107e+01 2.459131310834017370e-01
1.671651221386474617e+01 9.057909108591957192e-01
1.669361915857405165e+01 1.583277562412011008e+00
1.667664421390530549e+01 2.409104414050982967e+00
1.666936724786401669e+01 3.116085564832797417e+00
1.671047456939714237e+01 3.850335466088029790e+00
1.766773478108002138e+01 -4.151260867626220374e+00
1.765482543412080219e+01 -3.477231610589669231e+00
1.761171259265648104e+01 -2.711282999286190432e+00
1.757758489623191167e+01 -2.004840786388648155e+00
1.753311933689751356e+01 -1.288359404017519694e+00
1.754506200702186192e+01 -5.373506035563906380e-01
1.749866997146817482e+01 1.860859703878858795e-01
1.747756469966481774e+01 9.739842250969701354e-01
1.744921783060046749e+01 1.664889078055132643e+00
1.743378100714242862e+01 2.418351779766606313e+00
1.739640849339432549e+01 3.169806064378033028e+00
1.741791613787473381e+01 3.881011470555481679e+00
1.839304987322085339e+01 -4.187274800929905894e+00
1.836998683964173296e+01 -3.447161005175782833e+00
1.832819277376840716e+01 -2.703423134069133482e+00
1.830944611131197775e+01 -1.992314820070820502e+00
1.828214113034967170e+01 -1.245225261673951422e+00
1.827623748478109178e+01 -5.221797699069590237e-01
1.823514254022985170e+01 2.317804452673506432e-01
1.823620478690822466e+01 9.375127522824406867e-01
1.817180770657185462e+01 1.676945082500505890e+00
1.816405128704897010e+01 2.416685875470562905e+00
1.813385204376044157e+01 3.175846555799491711e+00
1.818644591715832348e+01 3.921189193101827897e+00
1.922257196404882507e+01 -4.078451148799320691e+00
1.910786047052810233e+01 -3.382664142658661888e+00
1.907633498975300057e+01 -2.659914863994373491e+00
1.904680738926622041e+01 -1.954128241903600127e+00
1.900313969974504147e+01 -1.226652957356765938e+00
1.898021681226232005e+01 -5.055796664838538845e-01
1.897681984706397174e+01 2.252628969340015885e-01
1.895481449351879633e+01 9.539013435024372711e-01
1.893551646856357706e+01 1.691623032989539865e+00
1.893673870275803495e+01 2.413311738160594189e+00
1.892014807503782237e+01 3.154201457024147004e+00
1.899401454550879720e+01 3.885351949055721121e+00
1.997727602646182277e+01 -4.149286866269850549e+00
1.996020856674783062e+01 -3.389741099879366004e+00
1.990598822401364032e+01 -2.634937088212279122e+00
1.985477228189022725e+01 -1.893488596420024095e+00
1.984753664029395992e+01 -1.166466814864548951e+00
1.974194340188144992e+01 2.288174894143928384e-01
1.997929507261397220e+01 9.425554488728451474e-01
1.981539468423473238e+01 1.701640526599771164e+00
1.973866828303277998e+01 2.456049830032231540e+00
1.980332402502902767e+01 3.181259992553602700e+00
1.986177835030997585e+01 3.831384317222674696e+00
2.070572607551648758e+01 -4.137121075984655505e+00
2.067210094545208676e+01 -3.369987410435903996e+00
2.065145280342522227e+01 -2.651896207576040609e+00
2.069057590069803609e+01 -1.944700025325197146e+00
2.070259109152547694e+01 -1.211310643383530561e+00
2.068662488563042956e+01 -4.794413244134076990e-01
2.067864084871936114e+01 2.500291401741954189e-01
2.072087784682177158e+01 9.927710395972582091e-01
2.063957938507702039e+01 1.705736524622878392e+00
2.064208518437577311e+01 2.441620568879365294e+00
2.066441620525765188e+01 3.110845841555512692e+00
2.069461112136355041e+01 3.840590229911615694e+00
2.189538932350212264e+01 -4.047038431646505785e+00
2.188263372206696289e+01 -3.381828477627674800e+00
2.186807994886101625e+01 -2.607780845146653093e+00
2.190554601620488739e+01 -1.880241841395058344e+00
2.175923987576679508e+01 -3.039802532104225463e-01
2.161943892460418937e+01 2.663982793926500392e-01
2.158845276084309717e+01 9.994490525798234160e-01
2.151409373520779411e+01 1.724492595773824632e+00
2.150422930916320041e+01 2.437815528052315273e+00
2.150827377561639508e+01 3.101852845053226559e+00
2.147876572761637703e+01 3.860540737470497419e+00
2.259638431568887285e+01 -4.121374719298824374e+00
2.259986960822386237e+01 -3.390521776348375482e+00
2.259186081350716790e+01 -2.661676441123521641e+00
2.260030820137243524e+01 -1.921635081304284398e+00
2.257992904729699291e+01 -1.194325036667766682e+00
2.256156025140395371e+01 -4.698360018350093981e-01
2.253579600713052855e+01 2.596762289722391870e-01
2.242000443683001976e+01 1.006441870008959683e+00
2.244796843652284224e+01 2.491716586368088571e+00
2.236861040909087706e+01 3.153606103141083139e+00
2.233515095327883415e+01 3.816274849856807094e+00
2.333383968983619638e+01 -4.110855420980058739e+00
2.331202012044706606e+01 -3.396775909752307143e+00
2.334562126112416536e+01 -2.665452763723841656e+00
2.332485214460984224e+01 -1.914024928688057514e+00
2.333370426716597024e+01 -1.206038139299280942e+00
2.330589525425659758e+01 -4.886024244617992451e-01
2.327220492942230834e+01 2.313597210508966384e-01
2.325961797547514465e+01 1.004422293830682378e+00
2.325574318071424074e+01 1.712720286802376535e+00
2.323453771928007683e+01 2.417553783938437562e+00
2.317354854609052950e+01 3.167734922999262182e+00
2.320513373517125189e+01 3.832056447674045074e+00
2.406942164480864932e+01 -4.112128992949280359e+00
2.406874180244972194e+01 -3.396315608090333171e+00
2.406515646053985336e+01 -2.658675357199079770e+00
2.407257661326569576e+01 -1.944295388332445640e+00
2.406613918691933662e+01 -1.192091484503375654e+00
2.405352608901236522e+01 -4.649820226985070803e-01
2.410829668035447781e+01 2.161220103079806165e-01
2.405104700316866939e+01 9.894017563677941496e-01
2.397266030610092002e+01 1.702608001474061439e+00
2.402242669158167843e+01 2.447510502244757191e+00
2.398452055922950876e+01 3.168488248538590568e+00
2.403769037298111044e+01 3.836343534264639032e+00
2.489211184495694340e+01 -4.088184648336397942e+00
2.482443780154326873e+01 -2.685821850940975253e+00
2.476205737737451784e+01 -1.988243307330371579e+00
2.483176341326328185e+01 -1.220550497375626264e+00
2.480686506312073192e+01 -5.051592290703545984e-01
2.480901900498160728e+01 2.094211642208065882e-01
2.481796961783302891e+01 9.506769178437224355e-01
2.481668827045835712e+01 1.694479442949379688e+00
2.478540146421055823e+01 2.411032478004440094e+00
2.478226728039428650e+01 3.145202474657434522e+00
2.481079982000117923e+01 3.855995369043792920e+00
2.557817991134695745e+01 -4.124694839320479645e+00
2.549042126582968137e+01 -3.398323068732889141e+00
2.559441303681169444e+01 -2.680891587984540081e+00
2.554787231459688712e+01 -1.948685501343160098e+00
2.555607059587061514e+01 -1.242056079109715938e+00
2.554016804635719495e+01 -5.205215584995563916e-01
2.554860067956145997e+01 2.161169918331289352e-01
2.554372327008280052e+01 9.386271260655831838e-01
2.556059053383511781e+01 1.680689725743654606e+00
2.557270997884331365e+01 2.380321399716279984e+00
2.556945229551347154e+01 3.125252193931959965e+00
2.559008476186206593e+01 3.840786410981532839e+00
2.630770427950167800e+01 -4.120461547294535620e+00
2.631703061317385561e+01 -3.418614313282787975e+00
2.629821329435281996e+01 -2.693334686942883138e+00
2.629300590010368666e+01 -1.962425941537269125e+00
2.629621795422117714e+01 -1.242595487634257978e+00
2.628833349189777380e+01 -4.878544526897599098e-01
2.630516783904674583e+01 2.101690661271469196e-01
2.627902941936076786e+01 9.330743516184583086e-01
2.632576058692764320e+01 1.685545392146995169e+00
2.637358419654827912e+01 2.436572087788963614e+00
2.633928520834820830e+01 3.129677868772883897e+00
2.636600347030969260e+01 3.840665419775046274e+00
2.710982302319933268e+01 -4.157866335543026537e+00
2.706236136046148033e+01 -3.443371803820010513e+00
2.708637236033146678e+01 -2.705574540915822723e+00
2.706026944636056442e+01 -1.975988613443853126e+00
2.706906885324622181e+01 -1.256047559754602361e+00
2.704447167440746114e+01 -5.595003621185981046e-01
2.705481764276584755e+01 2.038930156975204966e-01
2.705991645674838963e+01 8.861438038293592001e-01
2.706693334980652565e+01 1.673008121071259069e+00
2.708997243183276993e+01 2.362126488938777413e+00
2.712941894854273528e+01 3.089655734358562000e+00
2.712646493433977213e+01 3.801718805829029435e+00
2.788295879632081409e+01 -4.186029189104651493e+00
2.782907000142269993e+01 -3.428816515392387743e+00
2.783008625767093491e+01 -2.705042551685394869e+00
2.785691422613974311e+01 -1.997875679883911459e+00
2.782952173008998642e+01 -1.263860747805754414e+00
2.784390850494673231e+01 -5.475812214305655345e-01
2.785521832807764753e+01 1.579578033392863290e-01
2.786809032109366768e+01 8.622488635887393116e-01
2.785973853518964205e+01 1.613002635751794145e+00
2.782158154311678544e+01 2.354119278719977615e+00
2.786469633314236916e+01 3.076405018713028738e+00
2.790201941322123247e+01 3.796322888632122527e+00
2.873444634881627024e+01 -4.114255425115700859e+00
2.862597886000332181e+01 -3.449829353133932131e+00
2.870549764749669208e+01 -2.689626079173734752e+00
2.859779611827188006e+01 -2.019716468952395871e+00
2.859880738919775212e+01 -1.320688339746073581e+00
2.856653431366004980e+01 -5.702305968704344252e-01
2.857244502229054461e+01 1.400190412866280099e-01
2.860139054509782142e+01 8.560821609369426710e-01
2.863384011461683798e+01 1.567054007400855653e+00
2.866990574279186177e+01 2.288270213730761782e+00
2.868122183889675370e+01 3.007321494657222871e+00
2.865697314181786481e+01 3.750303408269534344e+00
2.948334195559124993e+01 -4.168863555595500259e+00
2.945161749968796272e+01 -3.480177859237787885e+00
2.943289390317517729e+01 -2.759893742352847568e+00
2.942663595076097494e+01 -2.030698172136464308e+00
2.940433046344424639e+01 -1.321832092152419591e+00
2.938147955959292545e+01 -5.952608722053405188e-01
2.940919565003219560e+01 1.388940104411524601e-01
2.935708677719862436e+01 8.556129732479433869e-01
2.938007099238223674e+01 1.549672188753874025e+00
2.941415964445599940e+01 2.265288009209147191e+00
2.941912746479781759e+01 2.984292935125463231e+00
2.943219202975483739e+01 3.727159573502493828e+00
3.025896000736653235e+01 -4.173329123703133803e+00
3.017270810950490301e+01 -2.035011373066136997e+00
3.015791390412126560e+01 -1.355652498830828279e+00
3.021381125363236464e+01 -5.748227737809834537e-01
3.019983749284346430e+01 9.011649707402469289e-02
3.014357464470392500e+01 8.181125950586682904e-01
3.015569701031790117e+01 1.547358259084273158e+00
3.017875519665506800e+01 2.261290356839662508e+00
3.017623015082589433e+01 2.965627872479398519e+00
3.016423173948194147e+01 3.693933229371243243e+00
3.103582980045496953e+01 -4.199660195078230629e+00
3.099486136757330002e+01 -3.456904130189336399e+00
3.098890441202163260e+01 -2.750297225081165919e+00
3.098659030772446243e+01 -2.044523223886013596e+00
3.095453514244344007e+01 -1.335718879662501024e+00
3.095674969488361938e+01 -6.359925958059626794e-01
3.095418886289093763e+01 8.601561938744239910e-02
3.097160237883490908e+01 7.951723838695450297e-01
3.097404243860287210e+01 1.537141759842590716e+00
3.097143441207848724e+01 2.271860386546496358e+00
3.093658275812249059e+01 3.008924671650486715e+00
3.094383996768205947e+01 3.736866025861370844e+00
3.186469920594577587e+01 -4.153540016295600878e+00
3.179680214425592766e+01 -3.491809340321864852e+00
3.169890921422243224e+01 -2.747074577736203338e+00
3.171989661647233305e+01 -2.075336644319747847e+00
3.170261582289537472e+01 -1.336793950600668524e+00
3.171081629790617029e+01 6.791089384049797673e-02
3.170867771474103591e+01 7.974841813352568920e-01
3.168158538505515054e+01 1.540636736563683939e+00
3.169606593518694382e+01 2.280368697600746231e+00
3.172720357491471788e+01 3.017092659233096441e+00
3.180228279586419404e+01 3.733278099902687330e+00
3.253767658795988638e+01 -4.166437330425878827e+00
3.254841516331075724e+01 -3.494645552746035833e+00
3.253390953847749500e+01 -2.760100074101536904e+00
3.249767310985966873e+01 -2.044419548305970835e+00
3.248747896007458991e+01 -1.349861340380677177e+00
3.246358172640047002e+01 8.938360414572343871e-02
3.244971836378409336e+01 8.124836528983969686e-01
3.252124190053201147e+01 1.518349551205197656e+00
3.250441532524391874e+01 2.264361646838434439e+00
3.250988403796183235e+01 3.006021731469832758e+00
3.251312984402961348e+01 3.734924911417547122e+00
3.335230576301362504e+01 -4.176645801534125013e+00
3.330207460412801623e+01 -3.471610699710844017e+00
3.332993788583971906e+01 -2.760597017942963305e+00
3.328507302077995433e+01 -2.043939876966760494e+00
3.324116896826694045e+01 -1.301867316366408289e+00
3.329057586882050401e+01 -6.251840278695368625e-01
3.323628214153226423e+01 7.936279393736000998e-02
3.323544644298137740e+01 8.159049699113154475e-01
3.323563276747156436e+01 1.543808479864619443e+00
3.322301157573273400e+01 2.300864527215633615e+00
3.327377029121672791e+01 3.017002004556967876e+00
3.324364146740999360e+01 3.762318043980254600e+00
3.410351577327597994e+01 -4.140293098054947052e+00
3.408842942559869726e+01 -3.426572761559587121e+00
3.403891491667908298e+01 -2.735924154809730169e+00
3.402213797142261598e+01 -2.046935332812285679e+00
3.401615841411004482e+01 -1.342166731791611056e+00
3.400286975171486148e+01 -6.207606357579855683e-01
3.397422438156176128e+01 9.845713093289276685e-02
3.398670787067585053e+01 8.427319574664693391e-01
3.399723976798022562e+01 1.586631880655783533e+00
3.401665607354957643e+01 2.298580875655321876e+00
3.402518518670816405e+01 3.038714191271946419e+00
3.401033583217236611e+01 3.767856281414371011e+00
3.484266226876524541e+01 -4.154321687891297188e+00
3.480570138766857013e+01 -3.460489493993385679e+00
3.480455883675060846e+01 -2.739024094673567333e+00
3.476993862258479595e+01 -2.033362521879208629e+00
3.476962689878720170e+01 -1.337598068173313948e+00
3.475415559718792480e+01 -6.165412308798892127e-01
3.475487939103944512e+01 1.379381967091504180e-01
3.472730116761449182e+01 8.250065075094923372e-01
3.471191798652326810e+01 1.592968938425538994e+00
3.476159585502906424e+01 2.314471573903986723e+00
3.477157444609037640e+01 3.059850629315103987e+00
3.474696491113029850e+01 3.792738071209125650e+00
3.558982202554749819e+01 -4.144116030546932450e+00
3.558016248747629362e+01 -3.435325351005218408e+00
3.556563571197951745e+01 -2.721460745555781102e+00
3.552066426188562076e+01 -2.020095125896634869e+00
3.550314190046479013e+01 -1.301383029169620897e+00
3.548996473913225458e+01 -5.755045420252642430e-01
3.551017146712882067e+01 1.865458729373443703e-01
3.551932377306612665e+01 9.092941485354053555e-01
3.554152902975635442e+01 2.305007843362538722e+00
3.551819430307539704e+01 3.081585119037587361e+00
3.555608971750725544e+01 3.847266144361466189e+00
3.634795567834293450e+01 -4.156993903449446748e+00
3.632984019694253419e+01 -3.412753041817456534e+00
3.631891460298650287e+01 -2.740493787216895072e+00
3.626526242856905213e+01 -1.996480952686493282e+00
3.624460508231147315e+01 -1.272234622122422110e+00
3.623644854347512734e+01 -5.414458118175495827e-01
3.626839020466541541e+01 1.840333962909568299e-01
3.625983828666695530e+01 8.786959535390153064e-01
3.625236668514343563e+01 1.660112167217313583e+00
3.625813493117821196e+01 2.358243596290169108e+00
3.634379143735977635e+01 3.120504807316589080e+00
3.639546026193904282e+01 3.822270651657849072e+00
3.712774948597489555e+01 -4.140445228221441454e+00
3.706570843233530610e+01 -3.397160955456861586e+00
3.705317416582344237e+01 -2.677574854946030314e+00
3.699500836397407255e+01 -1.237537967659186222e+00
3.698084396639459470e+01 -5.200104442953872308e-01
3.693161740608169197e+01 2.642024645825920004e-01
3.700586053332104797e+01 9.589901692034317193e-01
3.710630223384513471e+01 1.642899939695535494e+00
3.710296398794435646e+01 2.381867177211340447e+00
3.707417332075869609e+01 3.117008573403754923e+00
3.711452906133410323e+01 3.829920976609169969e+00
3.790715083262605134e+01 -4.070062421864005131e+00
3.785562005644001005e+01 -3.363723280166794893e+00
3.782488735976374272e+01 -2.646949406254691439e+00
3.780634851382527728e+01 -1.928625535282442627e+00
3.780104086642315764e+01 -1.190546443871795645e+00
3.776432979839454873e+01 -4.714927979996339502e-01
3.788713831691399747e+01 3.149715066715330636e-01
3.787917381947244877e+01 9.820927412216278185e-01
3.789971868377184450e+01 1.650990843718869172e+00
3.798703174525723369e+01 2.453379908549667476e+00
3.873756062984609372e+01 -4.008636695116930326e+00
3.873371980044674245e+01 -3.284834061145783579e+00
3.867398299997747557e+01 -2.593913092651742858e+00
3.875541617424379837e+01 -1.849625215400969580e+00
3.881451692114988106e+01 -1.128203420187041672e+00
3.868473194420491978e+01 -3.507294349499510133e-01
3.881464790218399941e+01 2.578619813908833436e+00
3.876603061221492652e+01 3.186954915651124765e+00
3.966206688729590013e+01 -3.291014065981986647e+00
3.957287161364703110e+01 -2.950416631418498525e+00
3.958997809978620097e+01 -1.759489639154107721e+00
3.999448727536992720e+01 1.129005352424748310e+00
4.000041724382337094e+01 1.857456947022551930e+00
4.000713996094072655e+01 2.615421193730387728e+00
4.000545057970868612e+01 3.329509902146174483e+00
3.999347447681193302e+01 4.002454865492804714e+00
4.074266607757093794e+01 -3.983959520148342648e+00
4.072987731370461262e+01 -3.250910046190874425e+00
4.071292638765256555e+01 -2.472427142830589730e+00
4.071413980339027461e+01 -1.785998916146933624e+00
4.072756707402765386e+01 -1.066937849173399400e+00
4.073245408368433829e+01 -3.506730610821158223e-01
4.074451971056375754e+01 1.120483746245458434e+00
4.072760595081521018e+01 1.842524265233798531e+00
4.071557003679149744e+01 2.544798577995639022e+00
4.070381809229520087e+01 3.317524950893147917e+00
4.071188034667147093e+01 3.983959520148342648e+00
