-2.964702976113855470e-01 -4.022136700273566845e+00
-2.859856912418266006e-01 -2.516116666683263503e+00
-2.965712853978814678e-01 -1.843319211374140565e+00
-2.840945562835770488e-01 -1.122237053734519208e+00
-2.988635630997293902e-01 -3.881375890342297907e-01
-2.847014222190651367e-01 3.557566537123122430e-01
-2.919880649346140444e-01 1.090307336296554297e+00
-2.894591910007946467e-01 1.810545346442580694e+00
-2.880469655266537643e-01 2.512636487448506983e+00
-2.875993265096781215e-01 3.255680253648957745e+00
-2.849044936509557147e-01 3.977813605677727793e+00
4.515216740269138995e-01 -4.005167877046716285e+00
4.619351229807620030e-01 -3.295294030358849824e+00
4.528014307826779827e-01 -2.556915896404902355e+00
4.311927205586840728e-01 -1.839584572530689854e+00
4.351039795673798949e-01 -1.100460410658012478e+00
4.521137637088159522e-01 -3.788806283344037240e-01
4.148825969905303168e-01 1.078305265542319091e+00
4.377860514660056879e-01 1.807974161217238418e+00
4.450341198593790182e-01 2.516154883451779511e+00
4.348949259185630467e-01 3.274601968488898507e+00
1.184685860056205797e+00 -3.277628170504279126e+00
1.168965283545070122e+00 -2.561527807936904821e+00
1.175832641459969352e+00 -1.830615442748896982e+00
1.178302581891976786e+00 -1.096579183957267389e+00
1.175931311478706220e+00 -3.703076320770151142e-01
1.176513854718429286e+00 1.080429148806555162e+00
1.181517026846513829e+00 1.794316641861431805e+00
1.163119626705757526e+00 2.542742406586096848e+00
1.173990223073836603e+00 3.274550455043712560e+00
1.169026159848350233e+00 3.999262109124632758e+00
1.905465634728642499e+00 -3.999414088683096224e+00
1.911792318458907403e+00 -3.284141287705907075e+00
1.923743011493776578e+00 -2.545902261072711781e+00
1.899605794574256379e+00 -1.809305645026647369e+00
1.894141794475061147e+00 -1.096359055427146956e+00
1.903663447084895211e+00 -3.790591360882302752e-01
1.903612220025898694e+00 1.080561947189394800e+00
1.905251573149058686e+00 1.816820575475954769e+00
1.907285783040819638e+00 2.538764124252800514e+00
1.918666195194340673e+00 3.270100421150733183e+00
1.915006411265999020e+00 3.985489522973562515e+00
2.630184813954322465e+00 -4.003010687541301849e+00
2.612488609332601186e+00 -3.285908288907904762e+00
2.632941097177209144e+00 -2.561410153028081282e+00
2.649128275878894101e+00 -1.826705233097484893e+00
2.651971114838751475e+00 -1.099054500071066087e+00
2.641538527341360520e+00 -3.622541106776147046e-01
2.636792068589990379e+00 3.630450351149718813e-01
2.629742691927859255e+00 1.800659041208916733e+00
2.632335336770118772e+00 2.559415779739417474e+00
2.613997693143787160e+00 3.265426182842180225e+00
2.632365202588992759e+00 4.000041469960383012e+00
3.370639781059004747e+00 -4.001199080597807267e+00
3.360888264748091103e+00 -3.286607761099691771e+00
3.353162232852270108e+00 -2.565703748064208867e+00
3.367194466076540493e+00 -1.824263564968088502e+00
3.366015176429080213e+00 -1.102598549227433722e+00
3.360624524871212770e+00 -3.556027215164228039e-01
3.339288887053477595e+00 3.549827744746956171e-01
3.363548216915006606e+00 1.102858216501623190e+00
3.348755268364627113e+00 1.823562581099835711e+00
3.374173786138356945e+00 2.557839781744469576e+00
3.341029276525425473e+00 3.252344620823148347e+00
3.359933869967150599e+00 3.989397558701828217e+00
4.100626702640980170e+00 -4.009371972212498747e+00
4.105387658292869446e+00 -3.270277561262311394e+00
4.088572363887422512e+00 -2.551975295829624457e+00
4.089242558252685455e+00 -1.842689638721783041e+00
4.085258510165729717e+00 -1.100882208377228721e+00
4.097635498408926935e+00 -3.792721096655462532e-01
4.081251964684810218e+00 3.494530857386095590e-01
4.103287918681701285e+00 1.084651689488413950e+00
4.089258502519058425e+00 1.817960768894611334e+00
4.087023047420800026e+00 2.551452858930478129e+00
4.090540033489439509e+00 3.269829657316133620e+00
4.083437698985072473e+00 3.983804037634779860e+00
4.801676359205849565e+00 -3.987248867180529288e+00
4.812793799860770605e+00 -3.279246801406529244e+00
4.818364326845191670e+00 -2.548395212198034443e+00
4.844119867668091217e+00 -1.823099053857600182e+00
4.809618226728225920e+00 -1.114429120887507452e+00
4.821472999679592419e+00 -3.694127484885854074e-01
4.812120894678152183e+00 3.797935955798905638e-01
4.820730558023626600e+00 1.068674242665959895e+00
4.828015539142199941e+00 1.806805809753438297e+00
4.828974181323850701e+00 2.548407398670512691e+00
4.828148421601547113e+00 3.261102192477235207e+00
5.553009105747108265e+00 -3.994145141449891412e+00
5.556308020662186209e+00 -3.272708875216672197e+00
5.559972103398010290e+00 -2.545057007431868357e+00
5.542660703803349520e+00 -1.095591581433332351e+00
5.548168636465412362e+00 -3.704416425554732939e-01
5.554030719612633504e+00 3.634162741616968617e-01
5.565366824620312514e+00 1.073712825207124411e+00
5.569623266272266449e+00 1.805730712635572388e+00
5.557117286601815920e+00 2.524912899231534169e+00
5.573202125919628713e+00 3.262355354443268851e+00
5.566733809695293189e+00 3.969005441710255155e+00
6.263380004566741377e+00 -3.993736359873231834e+00
6.279921057316975919e+00 -3.270581024418714122e+00
6.278233372965090098e+00 -2.538533700377755054e+00
6.292654171369790106e+00 -1.817602369869796064e+00
6.281104151275314962e+00 -1.098440004817824445e+00
6.270390077761156533e+00 -3.521922029972799351e-01
6.284291007571908949e+00 3.592427252754220035e-01
6.250047259877682393e+00 1.065804155315323243e+00
6.301185097600189522e+00 1.808662534953679568e+00
6.293797861460589615e+00 2.551063949980967749e+00
6.292324778512799810e+00 3.262618977591447589e+00
6.284608723642421069e+00 3.979195259951172403e+00
7.011494452974737612e+00 -4.006040895870501828e+00
6.996424970007332433e+00 -3.277901033356069860e+00
7.008426580076474011e+00 -2.549991520388235955e+00
7.002526060798551555e+00 -1.802958893600607126e+00
6.996540918036963319e+00 -1.077778813797010571e+00
7.024122876281964523e+00 -3.679878565366436760e-01
7.015756920854052225e+00 3.609702680409192510e-01
7.017803678619053187e+00 1.083387612741230299e+00
7.014687441025323267e+00 1.811502700167324065e+00
7.015409788567083638e+00 2.557116381073512912e+00
7.016502536052449557e+00 3.263368583369452125e+00
7.028835691178208833e+00 3.984735646408243070e+00
7.747496681180436440e+00 -4.002215920257583548e+00
7.737873393358420060e+00 -3.295524643528072062e+00
7.743537215433512699e+00 -2.549151948500465892e+00
7.744469199403972937e+00 -1.819241189046653773e+00
7.748995942838803330e+00 -3.647328450599438554e-01
7.752569311995976875e+00 3.604956630678763929e-01
7.731929697432683213e+00 1.077750553663396005e+00
7.755839997091207749e+00 1.803440381532809056e+00
7.750484562984361503e+00 3.259479501976162652e+00
7.760081968772375660e+00 3.979144757985192626e+00
8.479521990208723992e+00 -4.002766407927321524e+00
8.455054923211854145e+00 -3.282046505941089265e+00
8.460095529518561364e+00 -1.826141689663256074e+00
8.487338914428093517e+00 -1.105633018262818013e+00
8.504539721730175472e+00 -3.701818224026460769e-01
8.499787266801725139e+00 3.627480936935256750e-01
8.486619924899223122e+00 1.084270308145573125e+00
8.496901059515131749e+00 1.805967338500295227e+00
8.494136275212206044e+00 2.541244847143943275e+00
8.484336402675104694e+00 3.270875222264276516e+00
8.478109098003919541e+00 3.988297757368453489e+00
9.220882162489608902e+00 -4.009662550431965400e+00
9.215551731879948250e+00 -3.273210091299375790e+00
9.211150202477575988e+00 -2.542011671441674281e+00
9.204948287423420084e+00 -1.843231281226518803e+00
9.216073985300944571e+00 -1.109945071029258656e+00
9.225265053349225752e+00 3.363802146059065024e-01
9.228128385154363400e+00 1.089883022975122628e+00
9.229114508095427993e+00 1.796696895133290894e+00
9.219282359214474809e+00 2.541626091234430618e+00
9.204071661455927256e+00 3.244470236333480528e+00
9.210472769476169219e+00 3.991810501437345948e+00
9.946903299058753589e+00 -2.559935300478692000e+00
9.955022020609980871e+00 -1.103570655475198947e+00
9.949063727429134474e+00 -3.844957576720915426e-01
9.952509471125573270e+00 3.491148795273169014e-01
9.933699068615943872e+00 1.091526417109172087e+00
9.952473642415228028e+00 1.799235285148959917e+00
9.942604669808694950e+00 2.543431028165208829e+00
9.956208317873446845e+00 3.260944120226657361e+00
9.951068276733970208e+00 3.987545895604586832e+00
1.068528107167976060e+01 -1.827765165637831757e+00
1.068627858014025378e+01 -1.102334769727065122e+00
1.068467070817855102e+01 -3.906502603377290939e-01
1.066343753962448915e+01 3.480218074012171314e-01
1.065338326789535017e+01 1.091105543681536005e+00
1.068337353723627103e+01 1.810085217263317503e+00
1.067645730618447431e+01 2.520800374707157232e+00
1.067612743617824123e+01 3.253505044733120855e+00
1.067775821725143004e+01 3.969453061392027138e+00
1.143855918753466483e+01 -4.009241547171615849e+00
1.143661693245484656e+01 -3.294063450428748041e+00
1.143360708311193719e+01 -2.561784490831037431e+00
1.143874500287220286e+01 -1.836249705503085750e+00
1.142977013237499051e+01 -1.101710110707735168e+00
1.142098543121888099e+01 -3.749387941423449888e-01
1.140660710639468078e+01 1.100395620166896293e+00
1.141336935065598368e+01 1.809530726065521122e+00
1.141401741302900064e+01 2.527321264486502628e+00
1.141920914627802830e+01 3.265238107029102110e+00
1.141971839718649306e+01 3.976680147775258689e+00
1.216657084828093360e+01 -3.278583308000250440e+00
1.217194231718868025e+01 -2.552859782252486553e+00
1.218596653954446651e+01 -1.833625355590427830e+00
1.215783126880440790e+01 -1.100168586132891591e+00
1.214336827788554274e+01 3.421853509241437052e-01
1.212511461781582511e+01 1.073939828210075831e+00
1.213778539605203832e+01 1.796888291764155099e+00
1.213115032464126131e+01 2.522850904894529123e+00
1.213886300266639040e+01 3.240191206540213642e+00
1.214043094127104894e+01 3.986661661637111109e+00
1.289404149106629660e+01 -3.272712261932557709e+00
1.289083204273508443e+01 -2.555189844095533402e+00
1.290483402861936924e+01 -1.845906523023515433e+00
1.288387605767222510e+01 -1.102445274589502588e+00
1.289413575421718150e+01 -3.586438202705366507e-01
1.287935049647213503e+01 3.517269527834265830e-01
1.286547055692560804e+01 1.078643117983723698e+00
1.286592916987557089e+01 1.810734740530218545e+00
1.288184751199310085e+01 2.533331528517432929e+00
1.286989386138283464e+01 3.253250814537228308e+00
1.287194150245496616e+01 3.974651466068724659e+00
1.364547056310984630e+01 -4.032889806177841763e+00
1.361900157908164744e+01 -3.284124936663470606e+00
1.363229918197989576e+01 -2.562748239078121770e+00
1.362968571526077000e+01 -1.834570383070769140e+00
1.361788593647488455e+01 -1.103782992020185816e+00
1.362409834355266725e+01 -3.719947625763282417e-01
1.362236455017407621e+01 3.564128043172267724e-01
1.362666221401791944e+01 1.077584415937256068e+00
1.361517543076849535e+01 1.805372108488292326e+00
1.361317312894601628e+01 2.547444320837026766e+00
1.361661551710045615e+01 3.259434588570567115e+00
1.361570991249385543e+01 4.008533801828836118e+00
1.437052925553708604e+01 -4.008180524428343716e+00
1.437528346478776342e+01 -3.278940614864765735e+00
1.437478781881850409e+01 -2.548425351592072730e+00
1.435747676540579221e+01 -1.088804240755273156e+00
1.435702648589703045e+01 3.664673231133761533e-01
1.433731685030778635e+01 1.075117961002568734e+00
1.434503141992831132e+01 1.800255064433493146e+00
1.433163594929773410e+01 2.532629094765823652e+00
1.436079788962786807e+01 3.274250537182201271e+00
1.435015928682983599e+01 3.984873044196096004e+00
1.509502121244213413e+01 -3.282190665826849596e+00
1.510228460397519967e+01 -2.563169255161621862e+00
1.509012350441553707e+01 -1.830355241930419652e+00
1.510907475406187217e+01 -1.110500319876287278e+00
1.510757733138110837e+01 -3.679180301367033223e-01
1.507578623375935933e+01 3.324053045788488703e-01
1.509226905526383433e+01 1.068431069889467011e+00
1.507673530074203683e+01 1.800194528347347500e+00
1.507652183616671238e+01 2.550592800792760073e+00
1.509215536734991758e+01 3.270825359553061418e+00
1.508443895007638247e+01 3.992927810658866150e+00
1.583525364162883164e+01 -4.017499904044417036e+00
1.583622025579026626e+01 -3.280632915000552430e+00
1.584746020129248478e+01 -2.553825245295989532e+00
1.583704963769512375e+01 -1.829862681156111393e+00
1.580836382978372967e+01 3.594823037375469710e-01
1.581216136124651683e+01 1.090104532875642462e+00
1.582062465940227014e+01 1.818290141015868500e+00
1.579280965503980383e+01 2.531638145767228565e+00
1.582528968657002366e+01 3.266088624628824988e+00
1.582152397551547551e+01 3.994177802223259022e+00
1.658229057282282781e+01 -4.006079029565722038e+00
1.657251494811331582e+01 -3.284828690805944973e+00
1.658179297354170245e+01 -2.554354441026564615e+00
1.657097717664014880e+01 -1.101832193044202768e+00
1.656671818987559419e+01 3.818607603932342442e-01
1.655858782385971750e+01 1.070629106952200260e+00
1.653791433269736189e+01 1.813726837497821265e+00
1.655705024405362735e+01 3.279752909801853633e+00
1.655272360787422059e+01 4.000050949132710087e+00
1.731103969066720794e+01 -4.004711366653161519e+00
1.730062884578711646e+01 -3.281763708349856756e+00
1.731978008598057528e+01 -2.553493150129540368e+00
1.731521209279433293e+01 -1.838112143176864777e+00
1.728698039804632458e+01 -1.106538395596935231e+00
1.731024747618406678e+01 -3.826136614960979898e-01
1.730399052377656943e+01 3.587480952150237101e-01
1.728172533212344320e+01 1.807568840793617682e+00
1.729747968512753431e+01 2.538491734737942096e+00
1.727889392699466953e+01 3.279124445277869171e+00
1.729166665516733303e+01 3.987395789056737527e+00
1.803458077497521828e+01 -4.023629042808199330e+00
1.804283696612331767e+01 -3.283975489322621399e+00
1.804629782560137841e+01 -2.582587853000319456e+00
1.805321147478156263e+01 -1.829833901397115881e+00
1.802473731856690620e+01 -1.108668212642751172e+00
1.802370235421100375e+01 -3.803846432734054872e-01
1.803180561129511261e+01 3.577496852351131906e-01
1.802999968327491587e+01 1.831270177590511139e+00
1.801942070142403196e+01 2.548937359510723866e+00
1.802002420483294998e+01 3.277672928897441551e+00
1.802019017536311196e+01 3.987931762310271466e+00
1.877228009955004495e+01 -4.002752401218426570e+00
1.875985481314474868e+01 -3.279942571467337586e+00
1.876353516951697031e+01 -2.562740851437457223e+00
1.876016291514172707e+01 -1.805855488361366668e+00
1.876718789965272549e+01 -1.100307793059290162e+00
1.875848529330072267e+01 -3.955489952857504932e-01
1.876261007154948857e+01 4.008778066980021038e-01
1.873061788355636281e+01 1.093502911512967302e+00
1.871499686968623166e+01 1.739217558845247424e+00
1.874861546824984515e+01 2.561274700173715502e+00
1.875445306624035879e+01 3.262721510299879668e+00
1.876038426749209975e+01 3.997199986753006584e+00
1.949993328384147873e+01 -3.998096631344381535e+00
1.949133371106727708e+01 -3.290132339591032462e+00
1.949175091094112133e+01 -2.537682603164761019e+00
1.948487108852582850e+01 -1.832883195563994150e+00
1.946782419380733131e+01 -1.104902113741815128e+00
1.949617123855821177e+01 -3.696636439908722593e-01
1.947396521084461085e+01 3.507954345150352538e-01
1.948781818320299664e+01 1.102552596537876184e+00
1.948422446377461625e+01 1.826674113522674503e+00
1.948031944090996603e+01 2.548047794074751238e+00
1.948747734696376455e+01 3.289885563580593697e+00
1.946179357764977169e+01 3.986973034639181179e+00
2.021333355782230257e+01 -4.023908119872796618e+00
2.022326154297914513e+01 -3.285414377799636299e+00
2.020333010891020109e+01 -2.544327912294168215e+00
2.022313557932567107e+01 -1.834773590608211435e+00
2.021835889199603287e+01 -1.094093355802606027e+00
2.022949028452350717e+01 -3.745418034402980823e-01
2.022044255183353556e+01 3.722331695781058158e-01
2.022912864524573706e+01 1.076945718858553391e+00
2.019734172283988727e+01 1.811441741852213738e+00
2.021361106546877551e+01 2.540361053704920380e+00
2.020502138249393909e+01 3.269265839655790984e+00
2.021793935457473168e+01 4.017183145364807473e+00
2.094773845361094544e+01 -3.993688310981188039e+00
2.092904761452611950e+01 -3.284854166541382625e+00
2.094829354159836754e+01 -2.552025606669651836e+00
2.094304253413216799e+01 -1.820090123788354219e+00
2.094644504387343176e+01 -1.101516546082194736e+00
2.094081287563313509e+01 -3.750611549303251024e-01
2.094907437432121355e+01 3.548256111292751314e-01
2.094335522905782199e+01 1.083597897413863365e+00
2.095369236596086182e+01 1.807230537367196632e+00
2.096791462957593666e+01 2.538907854360346050e+00
2.093866908775112279e+01 3.267507216796897040e+00
2.095590949195637620e+01 4.000000886774419229e+00
2.169090538226139131e+01 -4.002667177382072339e+00
2.168792325838057167e+01 -3.279128697517236901e+00
2.166579803402351700e+01 -2.573190430918685934e+00
2.168359856033373489e+01 -1.838538935502544547e+00
2.168176992080809384e+01 -1.089846122861402478e+00
2.168696915925356450e+01 3.536505130063289926e-01
2.168196160089151903e+01 1.108687803922073556e+00
2.168022350398411646e+01 1.804186848868617687e+00
2.167449061364241913e+01 2.552356478067704160e+00
2.164094248927202813e+01 3.265381183906324480e+00
2.168195045246844188e+01 3.977402883161975211e+00
2.242503290080166778e+01 -4.018946462970184541e+00
2.241609149314520977e+01 -3.292444174668737844e+00
2.240938870169284058e+01 -2.538295909480858370e+00
2.243657949756638459e+01 -1.823778189582725417e+00
2.242747505692057786e+01 -1.086397606727395271e+00
2.242023333188329559e+01 -3.741399531199895989e-01
2.241005613801787177e+01 3.638198299814909831e-01
2.242951658125938508e+01 1.097131416672223025e+00
2.240288056477809420e+01 1.819681122923054062e+00
2.240888991359852866e+01 2.555909591794460312e+00
2.242154207941543120e+01 3.258400211944756819e+00
2.241188867903733239e+01 3.986712041705214205e+00
2.316892815819346652e+01 -3.989447665299277190e+00
2.316406501962713094e+01 -3.274752830556529659e+00
2.316707192255930892e+01 -2.538746835834349014e+00
2.316967765062313589e+01 -1.816241523352619680e+00
2.316039849089074210e+01 -3.566719070779846845e-01
2.315663285448322029e+01 3.659894346883945104e-01
2.314765419227352083e+01 1.095659762499774814e+00
2.314709188738184764e+01 1.819250593787110404e+00
2.314640507897925659e+01 2.543018785929287873e+00
2.315148860274108955e+01 3.254760018125860910e+00
2.315231405031663314e+01 4.012861751220501816e+00
2.389881213565773521e+01 -4.010807939266317845e+00
2.390342630152895254e+01 -3.276940098901132359e+00
2.389711080551552413e+01 -2.549847460431099222e+00
2.390542534479248360e+01 -1.810011256265177337e+00
2.389562206686724011e+01 -1.086029455629002882e+00
2.389894604295560754e+01 -3.721321237497541290e-01
2.390710725065197551e+01 3.584810339551687264e-01
2.389803102527615408e+01 1.104583217741016199e+00
2.388691175778725295e+01 2.557868810688088246e+00
2.388204692182038968e+01 3.265060652580043410e+00
2.388098328134372395e+01 3.997941802599985550e+00
2.463027008326498901e+01 -4.001032812088002544e+00
2.462460840080850488e+01 -3.276205854829491670e+00
2.463717441248176954e+01 -2.546621888767486297e+00
2.463004718304168961e+01 -1.817567891745973441e+00
2.463339220969769627e+01 -1.084767730265816965e+00
2.461919109659064020e+01 -3.673562355408996893e-01
2.462366898097757684e+01 3.620255412785162719e-01
2.462306006315947826e+01 1.091339672857390752e+00
2.462391815448143717e+01 1.823293294292874123e+00
2.462300433037606240e+01 2.548917160750804101e+00
2.460183541029827126e+01 3.275573249462386372e+00
2.462990628924818992e+01 3.988083021767945269e+00
2.536017266908330470e+01 -4.001320175589640371e+00
2.535991278845925478e+01 -3.274108330858744864e+00
2.535861538548064686e+01 -2.545547521537812941e+00
2.536121827491592029e+01 -1.821677118342378776e+00
2.534976121240255509e+01 -1.083513614708039086e+00
2.534893265757838066e+01 -3.586988353082105618e-01
2.537798361881952047e+01 3.398428767913301840e-01
2.535301871562379716e+01 1.085478178314190245e+00
2.533972714303298090e+01 1.814042472780233339e+00
2.535519406872705872e+01 2.545654070765067445e+00
2.532872891583991759e+01 3.273937113125459319e+00
2.536244252876697658e+01 3.993823346350662717e+00
2.609732008496703060e+01 -3.997264234298974372e+00
2.608890235517588252e+01 -2.547575990025837456e+00
2.606638774481632481e+01 -1.825926053226794465e+00
2.608209697975556907e+01 -1.089671279585751051e+00
2.607716312543720960e+01 -3.687164353794791793e-01
2.609408075382131642e+01 3.506880771343823255e-01
2.608523208298491625e+01 1.080727229293497516e+00
2.608483284511498113e+01 1.818199500112076095e+00
2.608151710472088070e+01 2.539022530254154475e+00
2.607101309476769302e+01 3.269768246699509717e+00
2.607922456030208735e+01 3.992348789958615640e+00
2.682610292411988695e+01 -3.982498078318332801e+00
2.678303363575090401e+01 -3.258737836941040911e+00
2.683847226812681441e+01 -2.542787554534235994e+00
2.681619190050862755e+01 -1.818328105326294519e+00
2.682376976451988071e+01 -1.103913568916766508e+00
2.682059389036613339e+01 -3.688003124883074690e-01
2.680840144064556796e+01 3.565314105735453154e-01
2.680843992093463868e+01 1.077550777689513239e+00
2.680583878721652979e+01 1.807448170602086179e+00
2.681642231090386730e+01 2.527941784339240883e+00
2.681608961437867578e+01 3.270209056904345601e+00
2.681816624455989029e+01 4.001323644161725923e+00
2.754923796883525000e+01 -3.984398522641090068e+00
2.755267183477977966e+01 -3.289419510753894826e+00
2.754278361083848381e+01 -2.556794489053498154e+00
2.754768692691179410e+01 -1.820124934764301372e+00
2.754527542198722045e+01 -1.091692599754590987e+00
2.753533552854252520e+01 -3.613733407406662934e-01
2.753798181167434933e+01 3.611750560120228215e-01
2.752270671725018047e+01 1.086437472094285539e+00
2.754699106339543846e+01 1.822897348275827056e+00
2.755492933985780724e+01 2.551091119802951113e+00
2.754961534776701626e+01 3.264331158226294605e+00
2.753911963369299798e+01 3.993226527957329353e+00
2.828427774186551602e+01 -3.998725519094723069e+00
2.825261910743729743e+01 -3.302392546902996884e+00
2.828885886021240736e+01 -2.546056257717481230e+00
2.827849610704419092e+01 -1.820690464696319566e+00
2.827654545418903353e+01 -1.099058663043582129e+00
2.826190451078082333e+01 -3.872130517863290322e-01
2.827880839314748584e+01 3.596151748051461539e-01
2.827319666849270163e+01 1.071107367588719939e+00
2.826688237808831161e+01 1.830837780831632955e+00
2.827214369964978147e+01 2.545536923032948096e+00
2.828537866565955028e+01 3.266343763355390450e+00
2.827210283013911152e+01 3.998663393643521857e+00
2.900595478462003740e+01 -4.008861398908951656e+00
2.900747372078193820e+01 -3.272586362781641611e+00
2.900639334144295134e+01 -2.538603379926037462e+00
2.901735322392257643e+01 -1.827344151560918561e+00
2.900844071372966226e+01 -1.081408093282039573e+00
2.901767794727701499e+01 -3.653817180901555162e-01
2.901545167597956976e+01 3.622317216037664878e-01
2.901344810986315537e+01 1.086460711916679145e+00
2.902778801355433558e+01 1.803137018449298523e+00
2.900615630585705418e+01 2.538843680951707427e+00
2.899096425213544848e+01 3.273923054856222592e+00
2.900223576268437142e+01 3.998003102040183165e+00
2.974884002003113181e+01 -4.004701677927805292e+00
2.974171479943674257e+01 -3.282776303402012985e+00
2.973351742916528195e+01 -2.534906807177417676e+00
2.973823743088511407e+01 -1.829316771369047245e+00
2.972110825238001297e+01 -1.100764940637748879e+00
2.972184191281807131e+01 -3.712650143541011971e-01
2.972684601757058687e+01 3.565811805794822931e-01
2.972888494511787627e+01 1.081592787286805191e+00
2.973530048442501794e+01 1.796638923319562764e+00
2.973778771352917971e+01 2.540458375891684994e+00
2.973518617930637475e+01 3.259392606223844524e+00
2.974311838241296613e+01 4.000901288489057350e+00
3.047798848497533442e+01 -3.999449217105091492e+00
3.048782769882168253e+01 -3.281675042515374230e+00
3.047330843469139694e+01 -2.553901189156480456e+00
3.047147603756469181e+01 -1.823794189422073941e+00
3.047935325626372816e+01 -1.091544662230766960e+00
3.046091967364240105e+01 -3.731982609852408928e-01
3.047298746375012257e+01 3.546343540554381946e-01
3.047012790727227838e+01 1.094992515914082531e+00
3.046604286998780964e+01 1.832261363667175402e+00
3.046649137915992611e+01 2.539100712001726379e+00
3.046307832242677449e+01 3.261448675624418314e+00
3.046521154876807458e+01 3.985666709188127044e+00
3.119691609681955669e+01 -3.997644419739497579e+00
3.121028731207388063e+01 -1.814297022650709579e+00
3.120238682794389007e+01 -1.103021547470461883e+00
3.119981571920342134e+01 -3.698615670874332295e-01
3.120954515538205243e+01 3.597847963158109508e-01
3.119426273066979860e+01 1.075837344690580011e+00
3.119162364372468943e+01 1.814370153526770224e+00
3.120209090981138189e+01 2.539844713974584778e+00
3.120397063257782833e+01 3.263983478846004260e+00
3.118499628863899176e+01 3.994134551305176473e+00
3.194209187042822151e+01 -4.005740073734706641e+00
3.193938838735208918e+01 -3.271924567651673499e+00
3.193525015123049826e+01 -2.556200966810916242e+00
3.194421199795157662e+01 -1.826326435869184195e+00
3.192661617135200203e+01 -1.100042467075901698e+00
3.193357910663107901e+01 -3.741028804498149896e-01
3.192793577240193059e+01 3.566840037155820653e-01
3.192827965897219400e+01 1.086261190481362604e+00
3.193211797094749471e+01 1.825875355199404027e+00
3.193727861788635636e+01 2.546292946880544861e+00
3.193216384123270046e+01 3.282986089505204319e+00
3.192932450555338875e+01 4.000830378192990366e+00
3.268006978086383896e+01 -4.001687314929693429e+00
3.267418513476319930e+01 -3.276833930845523213e+00
3.265250832139461323e+01 -2.547415642116991563e+00
3.266782460638601293e+01 -1.830389158932351990e+00
3.265733498525556655e+01 -1.080573247624425193e+00
3.266755462579799740e+01 3.562861216705535128e-01
3.266535450563529963e+01 1.075225732388922495e+00
3.265163875950037919e+01 1.817979681994376762e+00
3.265722032121086471e+01 2.544283649400654213e+00
3.263789905599492869e+01 3.255649671866326145e+00
3.266805499833757409e+01 3.986411129855977009e+00
3.339314883448893312e+01 -4.008657296727744068e+00
3.339535643433932677e+01 -3.277580521325280216e+00
3.340034879249862598e+01 -2.536785218217925575e+00
3.339032197166196880e+01 -1.818626713149129159e+00
3.339388861588769686e+01 -1.089375631786442256e+00
3.339389390008427227e+01 3.450607394952420748e-01
3.337696849209570615e+01 1.093672997715721351e+00
3.341196211634524360e+01 1.808095727379487982e+00
3.339281127064885624e+01 2.542775592323419431e+00
3.339815091537341374e+01 3.272560658460623273e+00
3.338798407750858388e+01 3.988074342247880821e+00
3.412097162052754840e+01 -3.997920813958774744e+00
3.412367393894646028e+01 -3.276712529460109380e+00
3.413093557835760095e+01 -2.548540164820334297e+00
3.411561407271539537e+01 -1.836765942629742909e+00
3.411948094214438498e+01 -1.090198548367375508e+00
3.413123677962682478e+01 -3.672541403931219861e-01
3.412030759483443632e+01 3.599452362723347676e-01
3.412514836633649651e+01 1.091549306987573686e+00
3.411901901758944433e+01 1.811577006095465237e+00
3.409778550380888618e+01 2.551500552130676169e+00
3.413789006714966234e+01 3.273261566250955212e+00
3.411557456663687304e+01 4.010991264380496801e+00
3.486099009830586937e+01 -3.991358619175986888e+00
3.485540307251499570e+01 -3.270553623294990331e+00
3.485622126590570957e+01 -2.530699933386927114e+00
3.484369131031341027e+01 -1.824863655960921704e+00
3.485260640140905508e+01 -1.094935380887232412e+00
3.485032483120642866e+01 -3.724327841741406075e-01
3.485238225644999233e+01 3.558572357586982093e-01
3.485497469729718745e+01 1.101502557140754845e+00
3.485727111553931223e+01 1.827820393335041871e+00
3.486621812297173761e+01 2.541072030382427016e+00
3.487204417930700373e+01 3.272500616888930125e+00
3.484552251642097787e+01 3.998798361466196383e+00
3.557980589687949902e+01 -4.003726041545430547e+00
3.555852055460587025e+01 -3.276622582382792359e+00
3.558177542322848552e+01 -2.541943497948150110e+00
3.557642096239296592e+01 -1.822301843647874620e+00
3.558794252797448365e+01 -1.098237359312243200e+00
3.558986626700185951e+01 -3.747777461812162869e-01
3.556596584669252792e+01 3.609367496799933406e-01
3.557618839893185481e+01 1.075036658996950223e+00
3.556470102068509931e+01 1.822102077539369702e+00
3.556212220584176720e+01 2.533188098680504652e+00
3.558330487550221477e+01 3.271998250279740006e+00
3.557441445035718885e+01 3.989493242961170694e+00
3.631555318385967013e+01 -3.980236145413851290e+00
3.631165019902541502e+01 -3.260058542731449904e+00
3.630878180439787428e+01 -2.542526330592359329e+00
3.631286440389218484e+01 -1.817051705332932698e+00
3.631276719050232060e+01 -1.096893513665115449e+00
3.630323959246579335e+01 -3.640450846730729495e-01
3.632011746518114848e+01 3.726677911963349743e-01
3.631540147716949463e+01 1.117924822664193130e+00
3.632646557447906588e+01 2.541942605638386254e+00
3.629815546981124186e+01 3.275427087261814307e+00
3.631498115207514132e+01 4.021444296181758915e+00
3.701949149375156622e+01 -4.015299213557035785e+00
3.703178756823511009e+01 -3.266055870969367447e+00
3.705742722114499799e+01 -2.560607857946486376e+00
3.703791565802712427e+01 -1.825854527786539450e+00
3.703704024031410569e+01 -1.087931922069071078e+00
3.702946482905679915e+01 -3.663469644985752893e-01
3.705902521283550044e+01 3.684217239134355282e-01
3.703738921940873041e+01 1.087001573746601224e+00
3.704096518870250776e+01 1.841778534985618165e+00
3.704845841091349001e+01 2.552322115763374200e+00
3.705744152518543189e+01 3.300225066358780879e+00
3.706489435817599798e+01 3.990618391143296861e+00
3.778893978242025042e+01 -3.990386892306208466e+00
3.776611379931062373e+01 -3.271632981854214250e+00
3.776962055066072566e+01 -2.540336317103786712e+00
3.776053083140438815e+01 -1.086182952742021257e+00
3.775745928385597239e+01 -3.602149311429840850e-01
3.774787060670129080e+01 3.889290395329325634e-01
3.776870655114375808e+01 1.108896444969545314e+00
3.777281377665001827e+01 1.801192774363581606e+00
3.778692213509274467e+01 2.549787702607520856e+00
3.775444794891782152e+01 3.278141467695714795e+00
3.777152300144910413e+01 3.997181288416410183e+00
3.850214867749273395e+01 -3.991392108901600011e+00
3.851181709374278483e+01 -3.255662206305004247e+00
3.849942375632759450e+01 -2.547918247606133946e+00
3.849165120583287347e+01 -1.824778097755960005e+00
3.850227641462027606e+01 -1.089874057001004815e+00
3.848796816943401922e+01 -3.599784017051774754e-01
3.850948758991996357e+01 3.999598678821207898e-01
3.851877148774963899e+01 1.101615560814174444e+00
3.851963412324906955e+01 1.819466729471560740e+00
3.849681318335610314e+01 2.554098315240281636e+00
3.926986458614268116e+01 -3.968643304368519864e+00
3.924657361326676863e+01 -3.247347685583736876e+00
3.927093730071781152e+01 -2.558946420969949287e+00
3.923686295129356694e+01 -1.797941971273129269e+00
3.927851891834807674e+01 -1.017641577482539361e+00
3.924897150714937055e+01 -3.199816434137652266e-01
3.923556338318591230e+01 2.562997256238848109e+00
3.922956461905878456e+01 3.239879043273727888e+00
3.996161419879701526e+01 -3.291854509886203317e+00
3.995914400130039468e+01 -2.479346849236236494e+00
3.993459926677815730e+01 -1.778646333176993721e+00
3.999407460697462824e+01 1.103197918561427571e+00
3.999788997941421798e+01 1.837063224689234886e+00
3.999966288945604020e+01 2.596479283589623321e+00
4.000370025622462578e+01 3.308162773333119588e+00
3.999430062992885127e+01 4.009601375488291097e+00
4.073837618733465860e+01 -4.000722699321119791e+00
4.072116059510849340e+01 -3.251586576465570033e+00
4.071802904042814220e+01 -2.552458510788557788e+00
4.071263801539941340e+01 -1.798510800000425292e+00
4.072348026947063460e+01 -1.078689309402559360e+00
4.073219503998985402e+01 -3.506971175145849884e-01
4.074339071580849492e+01 1.106558272305736779e+00
4.073226744451813630e+01 1.832219894501509572e+00
4.072189820716869946e+01 2.548491981940710360e+00
4.071071781275902168e+01 3.306339095964506924e+00
4.071617023690777870e+01 4.000722699321119791e+00
