-2.476920550276176414e+00 -4.098678207953224018e+00
-2.468820040477027078e+00 -2.595318726586683056e+00
-2.475681616871277413e+00 -1.913037166767320940e+00
-2.472347999469967306e+00 -1.169427784000014015e+00
-2.492501766175436728e+00 -4.594523940745887103e-01
-2.475166430269126749e+00 3.357028281969078876e-01
-2.472974783968567181e+00 1.029602160982822312e+00
-2.472781572459531674e+00 1.749252356420807786e+00
-2.468827349524758574e+00 2.450179257594310656e+00
-2.478278934510065312e+00 3.181846340031640352e+00
-2.467462820139104451e+00 3.929748277639916409e+00
-1.644844075650183868e+00 -4.064973946498980695e+00
-1.662754863790190996e+00 -3.354977216214361846e+00
-1.669652628248229576e+00 -2.613083294215542196e+00
-1.707500717594768957e+00 -1.886223452718752469e+00
-1.688344187278964625e+00 -1.163910572610976857e+00
-1.672902635775443514e+00 -4.549222229488023572e-01
-1.704743031003914666e+00 1.019960215376226387e+00
-1.727711554553629014e+00 1.752756993357227344e+00
-1.723485410954140207e+00 2.457419461086036705e+00
-1.742123022195748661e+00 3.243118408295067923e+00
-9.421756603354651816e-01 -3.336145328816755296e+00
-1.004846650104006756e+00 -2.615561219614555455e+00
-9.477232849070844622e-01 -1.888916290108358709e+00
-9.575575496376131923e-01 -1.150535891551580647e+00
-9.538011653218276820e-01 -4.336056972311865820e-01
-9.533601682788130915e-01 1.046380416523874146e+00
-9.570691508260154023e-01 1.752124201974979201e+00
-9.875836086660640945e-01 2.504021015547525764e+00
-9.788101050900550604e-01 3.250196086251989414e+00
-9.793156498325927828e-01 3.973110885291575300e+00
-2.143290475599783917e-01 -4.051282920566244172e+00
-2.078575325569644860e-01 -3.335050762326684293e+00
-2.031161804946108873e-01 -2.601479994588885347e+00
-2.175763227507019337e-01 -1.864448102328548629e+00
-2.439206013178392141e-01 -1.169510998007716296e+00
-2.124146167541596242e-01 -4.371543050925907892e-01
-2.219179580601533530e-01 1.010691248682128673e+00
-2.360157672697340558e-01 1.782701036205775580e+00
-2.373441053114078159e-01 2.520507748581486851e+00
-2.165847592218383966e-01 3.239331807805406527e+00
-2.169389922496165468e-01 3.964973222215810722e+00
5.229765609388934422e-01 -4.030600700623558907e+00
4.903876700729696836e-01 -3.316028190566260747e+00
5.143937081109228870e-01 -2.611094737893758122e+00
5.307146625028877907e-01 -1.872705813468083846e+00
5.355718377851417245e-01 -1.150043437942724012e+00
5.302936872835246618e-01 -4.042356459452101092e-01
5.302221432350577857e-01 3.263234443682598851e-01
5.088479650611148486e-01 1.746756604287845960e+00
5.212883867098838664e-01 2.538162851602635328e+00
4.498038656959408854e-01 3.260070262712105205e+00
5.187379322608620669e-01 3.989191766779676129e+00
1.269066116351730500e+00 -4.021940027711007559e+00
1.242403835866525696e+00 -3.352603496179916931e+00
1.218927977644810312e+00 -2.611727879665338037e+00
1.247175869033931406e+00 -1.883605132561225304e+00
1.259078212255886342e+00 -1.158362829151627693e+00
1.240945255853844742e+00 -4.072042445339008054e-01
1.205604663149898670e+00 2.877775389127243955e-01
1.240885051859265786e+00 1.026983874917025474e+00
1.246621633721311184e+00 1.768725414223226267e+00
1.273498532851490950e+00 2.537071106250110120e+00
1.213995481740077764e+00 3.194897025269931135e+00
1.252847391131325594e+00 3.964371577931288471e+00
2.002556673683677957e+00 -4.030114250868155779e+00
2.048403757097695177e+00 -3.254916747898331408e+00
1.973875614216709096e+00 -2.577128070904173285e+00
1.980947542322688548e+00 -1.892879939431370673e+00
1.981450603954613143e+00 -1.152051038620165002e+00
1.985046154435543997e+00 -4.590219113320586075e-01
1.972561423539971770e+00 2.738511489382773334e-01
2.009649127576068395e+00 1.024459142564747793e+00
2.013253809988974297e+00 1.755690754140136534e+00
1.999639913642219824e+00 2.546015568867304069e+00
2.001503988843815307e+00 3.221131296867397964e+00
1.993893107192114655e+00 3.931811120695023476e+00
2.699034883385870387e+00 -4.011712355575760114e+00
2.710080401703422126e+00 -3.293030901384909725e+00
2.714173636358474084e+00 -2.569485421030343275e+00
2.784782330635096059e+00 -1.855209635763863218e+00
2.693031596058489185e+00 -1.170735534870548378e+00
2.721315541824303352e+00 -4.275830246554939151e-01
2.659248256750949224e+00 3.437562111132450582e-01
2.743493810539284539e+00 1.001397752198307955e+00
2.750248814134153008e+00 1.746389180034711330e+00
2.770593095462707822e+00 2.490557979919490350e+00
2.793587091517636622e+00 3.214123683851205726e+00
3.451616984978350899e+00 -4.014339764419631251e+00
3.455695561426978202e+00 -3.294007621156154642e+00
3.459232805141908784e+00 -2.567675837366852676e+00
3.437034865957308227e+00 -1.147003913125708152e+00
3.445397183265704655e+00 -4.385526635124854522e-01
3.462479117438611809e+00 3.133289448949625466e-01
3.495589821009396303e+00 1.015439859036408876e+00
3.535958165301529732e+00 1.759071255049409643e+00
3.518570705188409420e+00 2.464522797331525794e+00
3.539351936652714414e+00 3.182839873156936505e+00
3.575266027261221780e+00 3.876186995652474820e+00
4.177759059871775094e+00 -4.016628850722597122e+00
4.196726964274382965e+00 -3.289269217120633471e+00
4.188955411224341674e+00 -2.563306673196013463e+00
4.210732170882870662e+00 -1.834132942427302737e+00
4.188460287447512087e+00 -1.146593908689190755e+00
4.186583938452208997e+00 -4.016382688071757912e-01
4.214415934374734718e+00 3.025890532974528924e-01
4.210221614161383741e+00 1.044706067810629690e+00
4.262890823029586329e+00 1.747796058461975832e+00
4.293235987778572849e+00 2.496526188201478647e+00
4.273358218371157591e+00 3.185697717869246048e+00
4.259031807588939955e+00 3.934469451350196323e+00
4.937331833092606814e+00 -4.023637058960630952e+00
4.917574826735808813e+00 -3.306431177226283324e+00
4.931244924547229402e+00 -2.567082760420724696e+00
4.930972985896339367e+00 -1.820012510802715866e+00
4.919004732108362532e+00 -1.107773219749869753e+00
4.980186599706350137e+00 -4.104432521882905860e-01
4.960604860890342138e+00 3.122447071825931175e-01
4.976928941126367079e+00 1.007820957079580637e+00
4.981938968130570800e+00 1.753758129531377108e+00
5.011618053810039441e+00 2.507070820694419666e+00
5.033326361016662531e+00 3.207589097267707245e+00
5.039222978135548203e+00 3.914883592933897205e+00
5.688739771073109353e+00 -4.019634809151352073e+00
5.668430872281142285e+00 -3.332831365469740348e+00
5.678339635843265398e+00 -2.571578482126202658e+00
5.679865832109996404e+00 -1.850027414536434378e+00
5.765551273089592144e+00 -4.151218305562238697e-01
5.736098543191424426e+00 3.209825591001447265e-01
5.698247284522622635e+00 1.017401542900632450e+00
5.741960456957720282e+00 1.760800649407105567e+00
5.772510665967679699e+00 3.181592727918051366e+00
5.800739504019404080e+00 3.906815745665333850e+00
6.406545960619297375e+00 -4.025014576379010833e+00
6.363315049000185297e+00 -3.315862394506535082e+00
6.421890263137100874e+00 -1.856638802902878638e+00
6.475336200374528062e+00 -1.151872301991630820e+00
6.527303771250984710e+00 -4.060945062801728511e-01
6.540795353167766280e+00 3.161597244556944020e-01
6.500140189116287104e+00 1.030255758879533801e+00
6.502250176238760559e+00 1.720961578557105298e+00
6.517454143478026651e+00 2.472848764890915874e+00
6.525622254427936753e+00 3.205921795904160376e+00
6.515946355205905149e+00 3.948384692552870945e+00
7.224103519075406155e+00 -4.023258295619235980e+00
7.211209811639648137e+00 -3.312602345980291574e+00
7.221049610362825888e+00 -2.541129622531713039e+00
7.179075058913497287e+00 -1.896304839590129632e+00
7.230658413124636752e+00 -1.184453757654033268e+00
7.270423051997731534e+00 2.601251283489283139e-01
7.276677249229152267e+00 1.012045699554047218e+00
7.263130770190315388e+00 1.719157365166513074e+00
7.250822926176098804e+00 2.468421809601963446e+00
7.247513445384782926e+00 3.180270125286888572e+00
7.241970739581709893e+00 3.925739896084337488e+00
7.992113376095772992e+00 -2.622657247973076977e+00
8.015601886579339919e+00 -1.189871116132970030e+00
8.008465291134804431e+00 -4.714196780057413605e-01
7.991125726649080718e+00 2.702606792003479086e-01
7.977403928337714945e+00 1.002744488327280692e+00
7.998129258866889302e+00 1.713921427427955280e+00
7.986123749739633126e+00 2.452955328789570899e+00
8.001184720049138832e+00 3.188510205972249878e+00
8.024159292287301071e+00 3.895132972458007714e+00
8.770354680678671855e+00 -1.923021212412248104e+00
8.754380050532333257e+00 -1.207922028505056034e+00
8.766845828996899570e+00 -4.995113511816420271e-01
8.734544845260892032e+00 2.337810165193729972e-01
8.718154666873580538e+00 1.014999907847510485e+00
8.737461766121150220e+00 1.717276827943855722e+00
8.762528345104264815e+00 2.415962450596495614e+00
8.758024790066301080e+00 3.141829354426953103e+00
8.800277791427731700e+00 3.840367034438422422e+00
9.653245910518265305e+00 -4.068379910139686473e+00
9.651236176518416698e+00 -3.343392524784260189e+00
9.644633064198380623e+00 -2.613392001269112086e+00
9.597076781178763838e+00 -1.931602330383224597e+00
9.573466420768895091e+00 -1.188205731629214057e+00
9.558694146687535920e+00 -4.813747594808042152e-01
9.490885958537063516e+00 9.894881175852496824e-01
9.485981058925517573e+00 1.668216679143572634e+00
9.507329090631976953e+00 2.421444375664933091e+00
9.519887570782771036e+00 3.160725200033525084e+00
9.574579624412713486e+00 3.840627852378283080e+00
1.041790178363260111e+01 -3.370730949295925427e+00
1.041495012494875283e+01 -2.627956866075326303e+00
1.041945274125328780e+01 -1.931414760822352861e+00
1.034739749400618791e+01 -1.202991397303133425e+00
1.027846141604133123e+01 2.248791288872382665e-01
1.024712805872682964e+01 9.599355688395476704e-01
1.024917379015234076e+01 1.676797709092024746e+00
1.025731253608513072e+01 2.393497536962971850e+00
1.030248840918491737e+01 3.087641117346599628e+00
1.033241536421745366e+01 3.859895622231647394e+00
1.119203186640771719e+01 -3.357017062467591018e+00
1.117584398190108885e+01 -2.632309527649582037e+00
1.120279723431294627e+01 -1.958594435769267506e+00
1.113282971875378990e+01 -1.188514407307746268e+00
1.112664587307615705e+01 -4.726116655840897351e-01
1.106458289331222034e+01 2.315978981625299582e-01
1.100842684555468765e+01 9.511924230105535116e-01
1.099072593981954071e+01 1.687530198198732734e+00
1.101304478860604519e+01 2.408545259961186957e+00
1.106841434332621077e+01 3.101771944685758342e+00
1.107342905422565593e+01 3.824103223031876553e+00
1.207580799862575560e+01 -4.125388457605300374e+00
1.201735770292984284e+01 -3.382738423760248025e+00
1.198742611474749253e+01 -2.679922411890487410e+00
1.192926996411149787e+01 -1.947533968025027207e+00
1.190873150694688576e+01 -1.187347068315343535e+00
1.188057101943746119e+01 -4.616045605926970552e-01
1.190976264942212737e+01 2.570636196784867877e-01
1.184694251826989131e+01 9.304584083501126202e-01
1.194779436333055145e+01 1.661011078971245780e+00
1.187893210690447177e+01 2.438159885029065777e+00
1.185306049145606977e+01 3.125315632347501094e+00
1.189719377925842281e+01 3.842463116923703126e+00
1.289464376889322494e+01 -4.079792090852500053e+00
1.290434671408335277e+01 -3.363669147183891539e+00
1.287018667973418218e+01 -2.614220089510393308e+00
1.281045689158040801e+01 -1.152782212270977880e+00
1.273796655772279962e+01 2.481465196329715184e-01
1.265229102631398916e+01 9.698181232409730512e-01
1.265145712592445193e+01 1.696021904310992312e+00
1.262756287680208800e+01 2.421092133603107044e+00
1.266251197741393497e+01 3.158610197074438020e+00
1.266497173535221776e+01 3.857477703053092455e+00
1.360215725244584206e+01 -3.368752445138547102e+00
1.367683894035572223e+01 -2.625923496906153787e+00
1.361841841227954575e+01 -1.924478819920757644e+00
1.363259502827597203e+01 -1.207595743179261660e+00
1.359257934590092276e+01 -4.703159905219109760e-01
1.355437010027286959e+01 2.588921380885693679e-01
1.350652342263165195e+01 9.866299714300907908e-01
1.342172238287013641e+01 1.701371733164897648e+00
1.338470223491182054e+01 2.472228798917381454e+00
1.339514072234349840e+01 3.162207960486398406e+00
1.345689813250479006e+01 3.863731518640278750e+00
1.446826364130377129e+01 -4.101729498301015298e+00
1.444616424540597421e+01 -3.365632362683420808e+00
1.444187248363848397e+01 -2.634610607769506174e+00
1.441675218808499892e+01 -1.922522761997136342e+00
1.427821940370243681e+01 2.945958157032038116e-01
1.423486820401092956e+01 1.002339480962898932e+00
1.422755627621206997e+01 1.721667905344308025e+00
1.423061815736746638e+01 2.421427194339383249e+00
1.429033234468105462e+01 3.140237681979158424e+00
1.431241713216681433e+01 3.867594228258205646e+00
1.531778783515468234e+01 -4.085419674102269028e+00
1.532097332308011062e+01 -3.401961642509739647e+00
1.524726601417535221e+01 -2.613367579837046151e+00
1.515905405645169424e+01 -1.176717824066262352e+00
1.511340842422296049e+01 3.129456582066296733e-01
1.510749095215954441e+01 9.599120055595236067e-01
1.499799480356545445e+01 1.723565905839123502e+00
1.505361960938517285e+01 3.173024168944202472e+00
1.504418904403248547e+01 3.884973798954021618e+00
1.609260692428441075e+01 -4.111239078658584845e+00
1.608663295947865635e+01 -3.382743998835607613e+00
1.610747059172869911e+01 -2.658384249958377410e+00
1.609063310720797801e+01 -1.946843311991784731e+00
1.597670691530424136e+01 -1.215774393300691258e+00
1.605228958314737042e+01 -4.819655336301273962e-01
1.586851995937142590e+01 3.004619063234912346e-01
1.580933175946051961e+01 1.741076058922875092e+00
1.581699888366193107e+01 2.457719266297999638e+00
1.578348590254639561e+01 3.182715833850963350e+00
1.583826787047653539e+01 3.864927347664014690e+00
1.682898557998942835e+01 -4.125423542334903715e+00
1.683574607252698030e+01 -3.394539337085753061e+00
1.681863863359075850e+01 -2.700869197784591336e+00
1.681313180108384131e+01 -1.948867877760772416e+00
1.676981898490401335e+01 -1.228028169042026718e+00
1.674667447382457652e+01 -5.080038676861633462e-01
1.673101624664435860e+01 2.410545421354015616e-01
1.663827166645205580e+01 1.772830292813825537e+00
1.661446033400233091e+01 2.455125492840181778e+00
1.658024626180755234e+01 3.128910668761363922e+00
1.660263555764596077e+01 3.892043035037218601e+00
1.758408634299231466e+01 -4.103779082056838945e+00
1.755417850641789812e+01 -3.394865768475582968e+00
1.753250264733141250e+01 -2.684651971589691044e+00
1.751784259132042365e+01 -1.919890076489043196e+00
1.750747427966984304e+01 -1.218075292032960277e+00
1.747299627100461095e+01 -4.938381368007256356e-01
1.747133893190126486e+01 3.075621041805653988e-01
1.740723718312916191e+01 9.928119190847013442e-01
1.739473398008216520e+01 1.665953250914736117e+00
1.738851242143467601e+01 2.490902818635014171e+00
1.738359592335341119e+01 3.187580658711091530e+00
1.741536861642278922e+01 3.928301878398499980e+00
1.829662390028477859e+01 -4.077061137382514744e+00
1.828681517565664194e+01 -3.388227967245832417e+00
1.825651357716252221e+01 -2.636440313126168888e+00
1.823285915122951906e+01 -1.927640325754527595e+00
1.819170487120497626e+01 -1.209963603405096677e+00
1.821481962123814924e+01 -4.632257817549501056e-01
1.817019875213846802e+01 2.622549724220348821e-01
1.816893635880478541e+01 1.030655411301221847e+00
1.814474192242933981e+01 1.746762102411960171e+00
1.814284783091514441e+01 2.490032345768732114e+00
1.810998497556061437e+01 3.227799672791164198e+00
1.811636776644943581e+01 3.939280024100234812e+00
1.901285136794975017e+01 -4.109438932655965715e+00
1.900122155487222386e+01 -3.369954393739966747e+00
1.896709504082330966e+01 -2.632507582897016363e+00
1.896537373352441591e+01 -1.922995860684387992e+00
1.894443098000400028e+01 -1.173587168447483009e+00
1.894530632680909576e+01 -4.490264633667706562e-01
1.890799818508101993e+01 3.002901459894857794e-01
1.892476660099251262e+01 1.010761652542385036e+00
1.886542379353912224e+01 1.755298945756628370e+00
1.887377778723314492e+01 2.481359075043659601e+00
1.884406521669954770e+01 3.235859915673529486e+00
1.888522421294624110e+01 3.990467048336050482e+00
1.983590703739019290e+01 -4.031071685788429448e+00
1.972830656400799398e+01 -3.328985442750642676e+00
1.972211039842543556e+01 -2.600596366268845827e+00
1.969954360068999932e+01 -1.896582168423709192e+00
1.966386707346133988e+01 -1.163523560991695405e+00
1.965098105398656969e+01 -4.421712167177886954e-01
1.965845857757027915e+01 2.937970863494392404e-01
1.964057892454169973e+01 1.013398853755404616e+00
1.962430494672400982e+01 1.758277294569364102e+00
1.963249916918901761e+01 2.487855597796617246e+00
1.961445051047928700e+01 3.215463617857672318e+00
1.967661142548856645e+01 3.958461886310182365e+00
2.058548621438789183e+01 -4.080376512777750264e+00
2.057193440068494539e+01 -3.333659785692187683e+00
2.053753026200444509e+01 -2.589554894900302884e+00
2.048966912933866524e+01 -1.840685496554822720e+00
2.047471224819535962e+01 -1.119636166391345000e+00
2.042776620445157221e+01 3.048065190354449783e-01
2.057110056168026091e+01 1.015274351659417817e+00
2.047863058861062768e+01 1.762478054701027474e+00
2.043208158439573197e+01 2.517466406139803325e+00
2.046057915228649904e+01 3.247266982825394166e+00
2.047726908254015399e+01 3.867845621332364203e+00
2.131801157136780489e+01 -4.082457376307306873e+00
2.129447443738337853e+01 -3.333875862558826952e+00
2.126984650447791836e+01 -2.586290474838175868e+00
2.130103086435725146e+01 -1.879185498094443574e+00
2.134085407534804801e+01 -1.154572170886023486e+00
2.129377334684183865e+01 -4.201105860381737500e-01
2.127884026878673751e+01 3.069067261200544294e-01
2.132808523746948026e+01 1.044411523461295843e+00
2.125675155126256755e+01 1.763794515631953885e+00
2.127500618171803382e+01 2.518230411923376266e+00
2.130044210348422951e+01 3.196938739475285729e+00
2.132056556292567251e+01 3.933478197243196917e+00
2.241343267956893470e+01 -3.972181051147821051e+00
2.234195900449180527e+01 -3.338750912389269132e+00
2.235602364903954964e+01 -2.535883698713540468e+00
2.240939330005019059e+01 -1.825680935092517387e+00
2.230429340270033833e+01 -3.204539703677404816e-01
2.216186620063656676e+01 3.311115647951368146e-01
2.217359259166817509e+01 1.064996923713461996e+00
2.209430952097096679e+01 1.783422437213317835e+00
2.209926895970890115e+01 2.497281462754596504e+00
2.210124751196913451e+01 3.199348836050035061e+00
2.208222386514337643e+01 3.964050918831738102e+00
2.310563666429185758e+01 -4.064123180817134084e+00
2.310776407771040653e+01 -3.326263827182042832e+00
2.309578659150840707e+01 -2.602840809254878707e+00
2.310869720914202929e+01 -1.861473988662936563e+00
2.308778951225204423e+01 -1.133680885707935460e+00
2.306488087181985236e+01 -4.045834806840638009e-01
2.305142863243186468e+01 3.197614445222995982e-01
2.295692573691485450e+01 1.060037551847393900e+00
2.297517732622251430e+01 2.543862441793791618e+00
2.291888225050775674e+01 3.224287240214927408e+00
2.288067541749889955e+01 3.924475366685314270e+00
2.384433776769579083e+01 -4.047979879545867021e+00
2.383408360731612419e+01 -3.328938427458229654e+00
2.384986007811638586e+01 -2.600976539947758681e+00
2.384017710733017026e+01 -1.860300973725852458e+00
2.384168446608988745e+01 -1.139101141034871034e+00
2.381188749897954438e+01 -4.225321344043244665e-01
2.378468916892336438e+01 3.033701099893697517e-01
2.377195199284579985e+01 1.058139988968655132e+00
2.376322062223182741e+01 1.777407931569655375e+00
2.375468710545800377e+01 2.498315622857379736e+00
2.369951391496076099e+01 3.238823490425232876e+00
2.372644371552223674e+01 3.928453775168179618e+00
2.457258751870269009e+01 -4.047456135536044997e+00
2.457202180562941152e+01 -3.327482594126248472e+00
2.456704921337384206e+01 -2.595415995319935831e+00
2.457849690523737252e+01 -1.875122377165862275e+00
2.456441713463555487e+01 -1.128135402653906993e+00
2.454448037514716674e+01 -3.975177932000946157e-01
2.459206180332201086e+01 2.900865874514089171e-01
2.454146537245777893e+01 1.055364480970155228e+00
2.448739958219026391e+01 1.768671648715276490e+00
2.451620900257655933e+01 2.511654712602393147e+00
2.447376871468796367e+01 3.238786130055444801e+00
2.454027092716653158e+01 3.928665346994641538e+00
2.534894155597918086e+01 -4.040882891364208973e+00
2.531880933469030026e+01 -2.611431090353043771e+00
2.526813396568648784e+01 -1.911768348545777485e+00
2.531548906436093205e+01 -1.150816898704775326e+00
2.529872750451846031e+01 -4.302168214677166702e-01
2.530045425606127196e+01 2.932058694300607726e-01
2.529947662581848533e+01 1.022262032447027735e+00
2.530605848059948926e+01 1.766078135754863609e+00
2.527533115329195113e+01 2.482162563587721138e+00
2.526564295704557850e+01 3.223088405195184691e+00
2.528115746319096502e+01 3.941874983121330445e+00
2.607006013176878412e+01 -4.044184788135765984e+00
2.593797761066281282e+01 -3.336292779026727828e+00
2.608457775896030739e+01 -2.607635882022727003e+00
2.604159071744992104e+01 -1.872815124185844837e+00
2.604523796698961036e+01 -1.159188209775148692e+00
2.604125489644532365e+01 -4.294275234785907003e-01
2.603292957052904200e+01 2.963530489903440923e-01
2.602906714528320720e+01 1.018618337729652268e+00
2.602804611012562219e+01 1.748377571010092169e+00
2.604636721148988698e+01 2.467494448680540131e+00
2.604398913804506321e+01 3.214401090278272477e+00
2.605799913130875467e+01 3.936507917030603210e+00
2.679145150334677083e+01 -4.042166496314198554e+00
2.680296488951750433e+01 -3.339474658456484946e+00
2.678486659109312029e+01 -2.611877162364024230e+00
2.678614163032746376e+01 -1.880096985625705486e+00
2.678390763308254208e+01 -1.159873264052500019e+00
2.677964318979967828e+01 -4.039772896983571115e-01
2.678859219675766212e+01 2.972124235296682571e-01
2.675829256244215770e+01 1.027332061101688510e+00
2.679951622071202877e+01 1.775229092750681303e+00
2.682816546810594360e+01 2.514463152847227434e+00
2.680102809902891892e+01 3.213017559425189518e+00
2.681523413837937397e+01 3.938851154176248315e+00
2.758150945506041296e+01 -4.066494187930334903e+00
2.753437070844915979e+01 -3.373296318199013655e+00
2.757304978726077138e+01 -2.618458489410663503e+00
2.754206865880782829e+01 -1.890771717779603733e+00
2.755289652138250744e+01 -1.168060706798360826e+00
2.751974380587183333e+01 -4.750880208898919932e-01
2.753950627420019970e+01 3.029641788761026078e-01
2.753380296399894434e+01 9.787933531831995992e-01
2.752971368524392659e+01 1.769759444402957627e+00
2.754166356680546102e+01 2.468259693387587106e+00
2.756658106220193361e+01 3.198411517557140371e+00
2.756351489903141783e+01 3.922552989554255021e+00
2.832980036200957130e+01 -4.098634392373568858e+00
2.830287119111621763e+01 -3.344489586682161786e+00
2.830382338083834526e+01 -2.618041330292719238e+00
2.832135760561497051e+01 -1.909455759721105039e+00
2.830581945450335724e+01 -1.160434345200087591e+00
2.831573578996445661e+01 -4.465813945226351223e-01
2.832182591993439047e+01 2.682497041237894564e-01
2.832493949174324399e+01 9.830143186191335758e-01
2.831749296743802091e+01 1.723287967062315573e+00
2.827687838816262200e+01 2.469236957258107878e+00
2.829958843257630718e+01 3.199668415456109472e+00
2.833340973772877902e+01 3.919544078904408480e+00
2.914296627322055855e+01 -4.056650297975131991e+00
2.907699347844305038e+01 -3.363003880130058576e+00
2.908412319559625558e+01 -2.598429693013848407e+00
2.906071956591012651e+01 -1.914845689602366008e+00
2.905750662498173398e+01 -1.195766073296653076e+00
2.902997094207290019e+01 -4.609797418318137829e-01
2.903835001210016031e+01 2.606631174274092189e-01
2.905735901873153892e+01 9.849630231911525868e-01
2.907321530938651932e+01 1.695117128508858428e+00
2.909119203866570302e+01 2.431759222645723639e+00
2.910593462607051407e+01 3.142709912381569382e+00
2.909634293001561645e+01 3.885605728434896378e+00
2.986140333277972303e+01 -4.079628694976403125e+00
2.986896525556148418e+01 -3.387044046297795319e+00
2.986614340965923731e+01 -2.657225829129583161e+00
2.985525594320538545e+01 -1.924885788269314446e+00
2.984927851546111555e+01 -1.200657565641513713e+00
2.981694715615905267e+01 -4.683630129378819618e-01
2.983897304072186074e+01 2.498267743834645671e-01
2.980068670663347774e+01 9.855144805662199303e-01
2.981847411782856483e+01 1.701389556060775021e+00
2.983605919356335079e+01 2.412828719508002706e+00
2.984160595566755347e+01 3.128697456031503066e+00
2.985228497193983088e+01 3.866274309215391725e+00
3.064603913344742381e+01 -4.092383584459152956e+00
3.059673102014065904e+01 -1.919889919287388835e+00
3.059381854345740948e+01 -1.221960461384579588e+00
3.060516361593752066e+01 -4.614500835115542543e-01
3.061043792620521486e+01 2.311061404749388259e-01
3.057609636450828106e+01 9.516291409380421840e-01
3.058876361921259246e+01 1.689144632768122989e+00
3.059364097672050065e+01 2.410358349169069214e+00
3.058612969625821876e+01 3.121373581170786338e+00
3.058357763954277431e+01 3.847003384950696159e+00
3.141626955398528054e+01 -4.108882482241632772e+00
3.138326861022498093e+01 -3.357111670974244788e+00
3.137952423658231993e+01 -2.644327239267795449e+00
3.139339587955405619e+01 -1.933359409586088873e+00
3.136354265300548860e+01 -1.209211022255662016e+00
3.134264322639267419e+01 -5.094848470165125320e-01
3.135834818473752961e+01 2.306131543782861115e-01
3.137309121169331405e+01 9.440898806253095188e-01
3.137954258307041044e+01 1.684526644510121685e+00
3.137203436428873005e+01 2.417485950656828919e+00
3.133770804349321537e+01 3.156227449487303716e+00
3.135465216461384586e+01 3.873821362901097132e+00
3.221240116891990368e+01 -4.080913002350303742e+00
3.216037644019612429e+01 -3.386046677821266115e+00
3.209505728302733729e+01 -2.638788296185371252e+00
3.212618736014406551e+01 -1.951088989212873770e+00
3.209739578075295441e+01 -1.179709047807925515e+00
3.210980634263371059e+01 2.190216290932092136e-01
3.210611881728330985e+01 9.412632621741927608e-01
3.208502796936152635e+01 1.683604190313680249e+00
3.210255318674804670e+01 2.417427768026239931e+00
3.210415855547325492e+01 3.144070052501284351e+00
3.217234693605389140e+01 3.859160675244481808e+00
3.289603938104649927e+01 -4.088854017636744942e+00
3.289595252554253335e+01 -3.383309584042425655e+00
3.290160318140461726e+01 -2.637021386999027328e+00
3.287520690715644633e+01 -1.925427337844691777e+00
3.287260298404394376e+01 -1.210804913301011254e+00
3.285703540697669922e+01 2.234588178782601631e-01
3.283693248776113904e+01 9.491032252743920594e-01
3.289184437116391990e+01 1.666428643476841387e+00
3.288499432565043179e+01 2.393333560454088627e+00
3.288192329850939899e+01 3.146252997016745212e+00
3.288444131503089096e+01 3.861676510017304054e+00
3.368050528307924907e+01 -4.085928248773566196e+00
3.365706620063662768e+01 -3.366784092980143583e+00
3.367812397611483988e+01 -2.651358094997867454e+00
3.362996570367035787e+01 -1.924891479821106088e+00
3.361415286147677506e+01 -1.181445698965781332e+00
3.365882436694109714e+01 -4.943523014105331015e-01
3.361790554645268259e+01 2.188915464368577091e-01
3.361311936794424327e+01 9.528932860077823364e-01
3.361727552677812270e+01 1.679057809404461921e+00
3.359708307416087081e+01 2.429696260365748373e+00
3.363381732899141952e+01 3.151098798100335330e+00
3.361137900641141840e+01 3.891071602342655922e+00
3.441961701861205114e+01 -4.063789590715938260e+00
3.440266746915940388e+01 -3.340974134743728285e+00
3.439127073235314214e+01 -2.628289504217562467e+00
3.437724278015962653e+01 -1.929292399041496964e+00
3.438284670578314461e+01 -1.212698977496398101e+00
3.437007647464393045e+01 -4.966579559991330939e-01
3.435018859485516174e+01 2.337094332761679993e-01
3.435723153713828282e+01 9.704685505818204660e-01
3.436879570592571298e+01 1.713388931317812336e+00
3.438079046718120679e+01 2.428768824357838696e+00
3.438905048008820842e+01 3.157639507792964650e+00
3.436816036419104847e+01 3.880474115150647663e+00
3.514987415298980267e+01 -4.079332279731612942e+00
3.507598876219548600e+01 -3.381594086124739107e+00
3.513629157547327253e+01 -2.640477200712119554e+00
3.512388937654616683e+01 -1.921453848220060934e+00
3.512248977032613340e+01 -1.227329965378153531e+00
3.511980098376870529e+01 -4.912236549502395633e-01
3.511738017108785215e+01 2.565485792539483612e-01
3.509559722587388109e+01 9.521884124243982228e-01
3.508226374390709879e+01 1.719648397180982613e+00
3.509151336333982130e+01 2.414092090602917295e+00
3.511289035665863167e+01 3.176754900919753766e+00
3.509661495410657750e+01 3.900784577407776510e+00
3.589914569955553958e+01 -4.061012241616278828e+00
3.588889225425717910e+01 -3.346247022270247840e+00
3.588731019468239225e+01 -2.628744660617730489e+00
3.586736963712473170e+01 -1.918495337021774105e+00
3.585798630046274837e+01 -1.194169643153518479e+00
3.584488479945463979e+01 -4.632856490239056768e-01
3.586243046282046265e+01 2.833666499446145792e-01
3.587655275037126756e+01 1.033419532940325070e+00
3.587519600111483697e+01 2.433467579385169444e+00
3.585959184318334536e+01 3.189044166643974165e+00
3.588559560345118626e+01 3.946694762760650121e+00
3.663005590524476673e+01 -4.094023143681649657e+00
3.662665817115973965e+01 -3.344898759428097890e+00
3.662300414921426039e+01 -2.664415543757343130e+00
3.660294928691094896e+01 -1.901895462691008731e+00
3.659442787670665354e+01 -1.177442790211216561e+00
3.658532316527857375e+01 -4.520167115851982942e-01
3.661651726772634419e+01 2.798905848166697297e-01
3.660075197716624729e+01 9.918228742774708451e-01
3.659285229774950921e+01 1.772033910148483216e+00
3.659218501215784869e+01 2.469246769572720268e+00
3.664694428937269066e+01 3.225091489326217697e+00
3.667229193665250619e+01 3.917183146604358512e+00
3.741367281453604932e+01 -4.057682991075413526e+00
3.736698268601602280e+01 -3.332076206015234021e+00
3.736275691435503887e+01 -2.607427585548361293e+00
3.732643612564090319e+01 -1.155595640669925928e+00
3.731483946378050831e+01 -4.374738803433970702e-01
3.731086481259992382e+01 3.481044664571228964e-01
3.733431772980228658e+01 1.048760864873539589e+00
3.739086910225338301e+01 1.732179296451494821e+00
3.740649870318451775e+01 2.471868730735870656e+00
3.736894573944558573e+01 3.199789925960466519e+00
3.738796458824680968e+01 3.920922066433057296e+00
3.815535745840794135e+01 -4.024283077731862335e+00
3.813318073275298303e+01 -3.306791447207718448e+00
3.811745078496172567e+01 -2.594465290302565563e+00
3.810737015280674456e+01 -1.873412836412445159e+00
3.811183855276996013e+01 -1.137251922130385395e+00
3.808477023261732342e+01 -4.125510045201750131e-01
3.815517322992189264e+01 3.485679463524640198e-01
3.815462984984957728e+01 1.057654502935946539e+00
3.817455088277373676e+01 1.741971180760611304e+00
3.819682785231302802e+01 2.498447064533543482e+00
3.897841112964378141e+01 -3.977867400516860386e+00
3.896843999355484556e+01 -3.259076819490136501e+00
3.892074692468617769e+01 -2.569258761298957694e+00
3.900924383310047716e+01 -1.806909737214699163e+00
3.900773170049300376e+01 -1.116382094444102080e+00
3.894460656513833641e+01 -3.333654883565664306e-01
3.901173934240589602e+01 2.600965605472737252e+00
3.897293187287034044e+01 3.198875677441670007e+00
3.977662415800966045e+01 -3.295176291335465635e+00
3.965879037774073623e+01 -2.948505586426556135e+00
3.975380356023209316e+01 -1.799264353780213099e+00
3.998116046018490266e+01 1.120834244634998811e+00
3.999727675927189097e+01 1.876052381668731783e+00
4.000358955384040627e+01 2.628926975257613208e+00
4.000355546037089738e+01 3.328430979423139036e+00
3.999775004458931704e+01 4.019449816003465514e+00
4.073373141203287418e+01 -3.979032168834994110e+00
4.072438343734814481e+01 -3.244305383459632708e+00
4.071474421604865057e+01 -2.484578984729267859e+00
4.071537598125306801e+01 -1.774808335990343267e+00
4.072742988872837344e+01 -1.058023353734757421e+00
4.073165025304007969e+01 -3.361650329775898172e-01
4.074111749020050155e+01 1.126419918347146165e+00
4.073314016806080673e+01 1.853737349199921169e+00
4.072570450799106112e+01 2.514074313821218709e+00
4.070571041251279354e+01 3.334250891776662229e+00
4.072081501220953470e+01 3.979032168834997663e+00
