-3.302575628782271622e+00 -4.138020819122697702e+00
-3.265605910590792860e+00 -2.822505906166760781e+00
-3.302719813723001607e+00 -1.953325215419518202e+00
-3.299782129326366942e+00 -1.236456631926763805e+00
-3.326377261491082038e+00 -4.859697188476701513e-01
-3.306757460182623731e+00 3.204899770068401210e-01
-3.304281017376190732e+00 9.860810469894722985e-01
-3.306091018396692505e+00 1.714332497158121527e+00
-3.301165669250337942e+00 2.419284935226414746e+00
-3.313193241421870994e+00 3.129977541895247128e+00
-3.305025738565433358e+00 3.894231199562906198e+00
-2.438691297469723906e+00 -4.106032406294882975e+00
-2.473682916395738118e+00 -3.392762205054282276e+00
-2.481982614216079241e+00 -2.649109287595482698e+00
-2.519630616540986523e+00 -1.928157106850463265e+00
-2.497463384262715635e+00 -1.199309614432976900e+00
-2.493293032717275537e+00 -4.898335853750452884e-01
-2.516642071985813800e+00 9.859757076217618987e-01
-2.548848317007340825e+00 1.720092831988058180e+00
-2.547996686299178748e+00 2.425485191879584335e+00
-2.569459340772027645e+00 3.212335478311391768e+00
-1.741594734299276581e+00 -3.375294173337124448e+00
-1.806964606862109690e+00 -2.639672640554042715e+00
-1.753199208560268119e+00 -1.929829498713850455e+00
-1.770374614770148014e+00 -1.188084690121879561e+00
-1.771855709498758813e+00 -4.724580963100741826e-01
-1.752409305986532218e+00 1.006667521151523914e+00
-1.778195487751716541e+00 1.721954472693699500e+00
-1.804337278503702180e+00 2.472692540190053023e+00
-1.804530974105233554e+00 3.220750082454291174e+00
-1.807342268844621458e+00 3.942327203274079039e+00
-1.018371958546950395e+00 -4.086147500282560685e+00
-1.021650194411535040e+00 -3.371618239497397695e+00
-1.011732686052546626e+00 -2.635194608424747287e+00
-1.022718657449345869e+00 -1.906285064492390546e+00
-1.057520938685129863e+00 -1.204524718124510230e+00
-1.016615368578904111e+00 -4.712301903171507433e-01
-1.029757076481899958e+00 9.676434887796006024e-01
-1.054091329333651572e+00 1.754823292851398264e+00
-1.042028175973364057e+00 2.494911183598762960e+00
-1.036795037041677858e+00 3.212294546583716937e+00
-1.035713502663575980e+00 3.937918328181734040e+00
-2.797861562655583612e-01 -4.061078268131868896e+00
-3.177281835565821666e-01 -3.341428411226797124e+00
-2.879497183477397471e-01 -2.642872595891724075e+00
-2.764321585363518352e-01 -1.910622885793156200e+00
-2.745465342565367450e-01 -1.185276972913211324e+00
-2.798896855107031456e-01 -4.412750477884586076e-01
-2.728835658018837762e-01 3.014796738663036990e-01
-3.022037489925750720e-01 1.720223003595265254e+00
-2.891366710098708381e-01 2.511718217109635276e+00
-3.593862520537243199e-01 3.232650959786912637e+00
-2.948059122204540472e-01 3.965802557001889994e+00
4.676594950144163931e-01 -4.043751443027051806e+00
4.411056013479282001e-01 -3.379629694521423033e+00
4.105764075338740327e-01 -2.648503136010848635e+00
4.415277077742985057e-01 -1.914400090092300388e+00
4.510841001526557648e-01 -1.193745473939024748e+00
4.365143882123589947e-01 -4.508069994656693780e-01
3.935912643639127850e-01 2.499327272928830723e-01
4.293595492084065768e-01 9.956851246238898057e-01
4.419643460693620796e-01 1.736139873489232599e+00
4.627330244641925105e-01 2.518120657975106980e+00
4.064260154242020917e-01 3.166322947694435896e+00
4.466451311504116006e-01 3.934488079837958452e+00
1.205402602872538864e+00 -4.056918028845405644e+00
1.250507875215980391e+00 -3.274227651027491248e+00
1.171382413743891959e+00 -2.602863352875576908e+00
1.177993200922095696e+00 -1.920241033458832902e+00
1.176527708980849241e+00 -1.185060100982163078e+00
1.179698292359880440e+00 -4.997001925550677015e-01
1.169951354886677564e+00 2.399274175342540616e-01
1.203599823050332418e+00 9.885892576420687305e-01
1.216619925171862349e+00 1.718114131675751111e+00
1.191129282785610144e+00 2.521501946633588176e+00
1.191678386525794053e+00 3.189622098019764707e+00
1.187580789506434087e+00 3.901413085995432795e+00
1.902567108660562667e+00 -4.035174454430006108e+00
1.916790997967645183e+00 -3.316599039854324360e+00
1.915597541765279743e+00 -2.599820888893315640e+00
1.995045885139781205e+00 -1.878442988829426952e+00
1.883478167781959201e+00 -1.206846673193513908e+00
1.918895928421015640e+00 -4.675440202559109082e-01
1.856819983641315730e+00 2.985708469061343351e-01
1.941156595271586127e+00 9.619143159229892603e-01
1.954165015038391573e+00 1.711705573265959401e+00
1.966939185663484579e+00 2.453704603833788411e+00
2.000559180576253482e+00 3.179015502932127646e+00
2.653013437076793934e+00 -4.040019282864768968e+00
2.659686424241378688e+00 -3.318903544939477257e+00
2.658076838988392865e+00 -2.594081964507168436e+00
2.638486213821380488e+00 -1.181403700827129200e+00
2.647384132085683461e+00 -4.764569914425713648e-01
2.673531078046735843e+00 2.688564410927689607e-01
2.693376934959090363e+00 9.796660437050697112e-01
2.737641737745306614e+00 1.724827163523659834e+00
2.715380172432745098e+00 2.430209526314648372e+00
2.747189172723643935e+00 3.146770820429932058e+00
2.789750628115967857e+00 3.833369115905210123e+00
3.380298938067170411e+00 -4.044406665409528756e+00
3.399472650870734469e+00 -3.317841740765061331e+00
3.394613900870702139e+00 -2.591123336495265050e+00
3.409287702781817586e+00 -1.871264253492565643e+00
3.389991884950212864e+00 -1.181832907783622488e+00
3.389099266308321035e+00 -4.336976768889222456e-01
3.417589160030154005e+00 2.667320890704090175e-01
3.446891531502615180e+00 1.044229514670959702e+00
3.475250256343279887e+00 1.708446071285077750e+00
3.504950091486364272e+00 2.447324321004554548e+00
3.481125252767796496e+00 3.148776565209427503e+00
3.472474167060376260e+00 3.888175547897478879e+00
4.147276628869320803e+00 -4.049546076687750684e+00
4.125702293954304878e+00 -3.335880385547543625e+00
4.137594303966380949e+00 -2.594002724326198717e+00
4.136359940909677846e+00 -1.843939393979816543e+00
4.122578957206968653e+00 -1.138065773706522066e+00
4.188646803235947402e+00 -4.416773634786714808e-01
4.163541972051753248e+00 2.830679168177319127e-01
4.183794904925150604e+00 9.780078617912373318e-01
4.187894682068545649e+00 1.720494270969055606e+00
4.238630476604789976e+00 2.471866631581463025e+00
4.245825344754834418e+00 3.171339796415022505e+00
4.253176168167101423e+00 3.876068548851375084e+00
4.900019634989909889e+00 -4.051746995912395732e+00
4.887473656253909837e+00 -3.358896149711998902e+00
4.885028097720116591e+00 -2.591309798119798558e+00
4.886960169504440898e+00 -1.887329335859980972e+00
4.967909955055041848e+00 -4.427206648009232026e-01
4.949953165235022823e+00 2.868322502018436637e-01
4.899824405464428878e+00 9.798903918025594351e-01
4.954641496726630123e+00 1.726578794122747951e+00
4.983698027121555185e+00 3.148244711030681486e+00
5.020360687529212385e+00 3.865657974119262263e+00
5.623035167323813255e+00 -4.050062942353402917e+00
5.582738783084678857e+00 -3.346780484530103905e+00
5.632786951373681461e+00 -1.885454378749596316e+00
5.690430437317644419e+00 -1.181017838897300720e+00
5.733081960348961559e+00 -4.369912236423303398e-01
5.764830417287583941e+00 2.890700840066138255e-01
5.714725757367617121e+00 9.981608525559266809e-01
5.706403387390274418e+00 1.692993406208284313e+00
5.731356908769271286e+00 2.430925418341303157e+00
5.744026986322076311e+00 3.168308176253223252e+00
5.739335305669392540e+00 3.902384995650660215e+00
6.446760509548511209e+00 -4.054164184692830020e+00
6.428678092419865209e+00 -3.344941756225168206e+00
6.447292702552431365e+00 -2.536044783782223533e+00
6.394401160685383445e+00 -1.925260243260524362e+00
6.447788253780430523e+00 -1.218653071059758730e+00
6.492946646998611016e+00 2.281256503354356369e-01
6.499177468165562743e+00 9.759387371965324576e-01
6.485352255907912422e+00 1.680015698310540984e+00
6.466564181322326021e+00 2.424809130423202674e+00
6.464103787260668810e+00 3.139471685368899756e+00
6.460578014860878682e+00 3.887428109033780999e+00
7.217398494152334365e+00 -2.653643056524096266e+00
7.241901652478581752e+00 -1.220337848038077766e+00
7.237350976713209150e+00 -5.069015263100702384e-01
7.212144576037651689e+00 2.294672256534582289e-01
7.201030762923892325e+00 9.674602930901272657e-01
7.221073282619833833e+00 1.675916584144740540e+00
7.218501963694357926e+00 2.412768572530641364e+00
7.216953468022275331e+00 3.142469458996206555e+00
7.255741439144365756e+00 3.841816327674795417e+00
7.999814745836900443e+00 -1.957705629912929624e+00
7.977058468280695536e+00 -1.242271486495631905e+00
7.993685775713693431e+00 -5.426316202251264542e-01
7.955681121476843032e+00 1.905710097365052036e-01
7.935466056965751136e+00 9.811161411118440867e-01
7.961974821693466708e+00 1.682314942394029345e+00
7.993013992638012155e+00 2.363695852328536517e+00
7.980243878822861348e+00 3.096988359646598354e+00
8.045841479307149768e+00 3.784361827955745383e+00
8.895549516788591404e+00 -4.096617964183487004e+00
8.899945931180312186e+00 -3.369593571219319017e+00
8.881425057928652222e+00 -2.648704767577040542e+00
8.832121898757414158e+00 -1.965560040234432648e+00
8.804695486354887635e+00 -1.227132231160059206e+00
8.793987526882737882e+00 -5.264019116925808817e-01
8.720630738069282017e+00 9.486548732973041353e-01
8.710238407726784260e+00 1.621517048411920570e+00
8.737772135751200153e+00 2.374064590700964317e+00
8.757614484349346640e+00 3.114840631642731950e+00
8.809731503522591822e+00 3.783068533648144438e+00
9.665193435281487666e+00 -3.405883123540405677e+00
9.659986127549274215e+00 -2.661641314149630233e+00
9.659790259461637163e+00 -1.971829446773107009e+00
9.597623520151707055e+00 -1.258466492448818030e+00
9.519818820079088084e+00 1.828048349079409718e-01
9.477361348551490039e+00 9.142182019587998809e-01
9.477311269743935895e+00 1.626218313356186940e+00
9.496088439422941008e+00 2.346883426725693056e+00
9.546151926034205815e+00 3.029828881908141369e+00
9.577991948154171098e+00 3.809905456416057490e+00
1.044854683908625503e+01 -3.399656013889913453e+00
1.042996355925439644e+01 -2.672583932266569207e+00
1.046009655139065586e+01 -2.010829431470348538e+00
1.038807901816314683e+01 -1.229248207819637173e+00
1.038220325174142999e+01 -5.174180477795644606e-01
1.030937318555601223e+01 1.766160356352735050e-01
1.025127980547744500e+01 8.988816012208751260e-01
1.022695078557566006e+01 1.630528771228689777e+00
1.025685012817338304e+01 2.349985488548977486e+00
1.031925729703073813e+01 3.050661593379178527e+00
1.032103114970517055e+01 3.764235643070637849e+00
1.136267816082971649e+01 -4.178833861979434516e+00
1.129753540233647868e+01 -3.431616493853717031e+00
1.127968272041115227e+01 -2.737024052656060746e+00
1.119666716395888528e+01 -2.005149713943058742e+00
1.118472334107677568e+01 -1.246512016526747146e+00
1.114806635660954726e+01 -5.090782941796661021e-01
1.115465580123159128e+01 2.106269465998380497e-01
1.110256739752541932e+01 8.779668868610066568e-01
1.119949920672942767e+01 1.601768398448815134e+00
1.112989663197722479e+01 2.378651473676320904e+00
1.111112614516264330e+01 3.063458978232443286e+00
1.116401616193636670e+01 3.775237823206236243e+00
1.221384477242504829e+01 -4.118565585397732320e+00
1.221712520200439656e+01 -3.414415971697547292e+00
1.218707802794916262e+01 -2.654918003645700963e+00
1.212998110312817346e+01 -1.228895490320496720e+00
1.205055841223775559e+01 1.758847269729635343e-01
1.190263568088285950e+01 9.089002682487219431e-01
1.190010623349512997e+01 1.631939325167881094e+00
1.189387357861681949e+01 2.357733982202280032e+00
1.192432890210928775e+01 3.084790467404705083e+00
1.193567563071874815e+01 3.785572559221389355e+00
1.291618184749977161e+01 -3.412868125259386431e+00
1.301675472865473893e+01 -2.673043565751285655e+00
1.294978122681474275e+01 -1.991242070635575345e+00
1.295396070702825853e+01 -1.267992627011977902e+00
1.289762707765402894e+01 -5.377248582587732528e-01
1.285378445254143998e+01 1.943895541095983504e-01
1.278579820727062355e+01 9.163393685189475946e-01
1.268743343569528292e+01 1.635924670115663559e+00
1.265019206124891582e+01 2.407463656040452094e+00
1.267211280039602173e+01 3.093885381477701202e+00
1.273663236956790712e+01 3.786949722028193577e+00
1.383733162178376830e+01 -4.153896892700618793e+00
1.381698246965531496e+01 -3.426866829700216499e+00
1.379620111043438158e+01 -2.684629336803428856e+00
1.374729912131581955e+01 -1.996058069261732015e+00
1.357578804314358223e+01 2.396616600342262871e-01
1.353424861679019386e+01 9.273818964223927708e-01
1.350536365530680882e+01 1.638589325300500832e+00
1.352770255581069847e+01 2.350372258504776823e+00
1.359121868618239404e+01 3.063737658979388101e+00
1.361816580720903858e+01 3.787692584727825107e+00
1.473957729227480939e+01 -4.162447638491471480e+00
1.471493706230774023e+01 -3.454247131311426244e+00
1.463191196847144937e+01 -2.668341710898204155e+00
1.450933085740342676e+01 -1.250321836636764772e+00
1.445821333619243632e+01 2.277799134654401314e-01
1.444956659465543680e+01 8.911337171714492911e-01
1.429778649035309712e+01 1.657372288750707412e+00
1.436170516676941844e+01 3.098112109271536241e+00
1.435301532455279272e+01 3.803835459953237574e+00
1.551957699258133516e+01 -4.177394344864982401e+00
1.550786279327970618e+01 -3.457057741622737268e+00
1.552786190509063857e+01 -2.737084507923992049e+00
1.551078831671220826e+01 -2.027620725478428199e+00
1.538422161645718944e+01 -1.280208187021177224e+00
1.546720997378498197e+01 -5.382817949336846652e-01
1.521830826882516163e+01 2.348503676086544090e-01
1.513155862059385015e+01 1.671170250395977774e+00
1.515579936172498066e+01 2.383215757813506031e+00
1.509865605336572258e+01 3.104659482136998605e+00
1.516420755330431547e+01 3.774328347180944121e+00
1.624869501240566905e+01 -4.228601151589401752e+00
1.626421013620140599e+01 -3.473994903820884161e+00
1.624499724747325757e+01 -2.777239218454877090e+00
1.623128235880331260e+01 -2.034746498112429691e+00
1.617923788029607834e+01 -1.302609865238125053e+00
1.615175728138745370e+01 -5.869453480896389408e-01
1.611910932161394783e+01 1.698796722415849558e-01
1.599772095862773824e+01 1.696270348004439654e+00
1.596116772139940565e+01 2.373998219287031475e+00
1.591595974920425505e+01 3.019934632351908732e+00
1.594565382156422118e+01 3.809702239545242008e+00
1.701281303725595961e+01 -4.188544359242282411e+00
1.698773597760052922e+01 -3.469470181062618508e+00
1.695513622650791774e+01 -2.759488003238999454e+00
1.693744766187541018e+01 -2.000118272681866927e+00
1.691690327798835369e+01 -1.295504175027559768e+00
1.688027187893808190e+01 -5.792708644294215503e-01
1.687153317213616077e+01 2.517545804273098042e-01
1.678851989796322641e+01 9.147954767282584498e-01
1.676650867021882618e+01 1.589195767542115334e+00
1.674995240201180025e+01 2.418091794968074026e+00
1.674355401833769008e+01 3.123939604468279896e+00
1.678435566736774831e+01 3.859795442484934114e+00
1.773488636726401069e+01 -4.144368364352050804e+00
1.772089225336437579e+01 -3.468215472852339332e+00
1.767921694080978767e+01 -2.702441420317658327e+00
1.764701948893308270e+01 -1.996504767753439324e+00
1.760300516824391082e+01 -1.278912211563600465e+00
1.761509929723855095e+01 -5.279187643784339912e-01
1.756888681092554094e+01 1.943574068279474432e-01
1.755016210958920908e+01 9.795427892902459632e-01
1.752184096826358939e+01 1.673230464938693984e+00
1.750875981592040631e+01 2.425956482225480215e+00
1.746980052902263481e+01 3.176444777665448527e+00
1.749034547949880647e+01 3.887802187198271753e+00
1.845898915487551761e+01 -4.179253036302128521e+00
1.843834750061891015e+01 -3.439320820303386483e+00
1.839634984843161192e+01 -2.695190784986944976e+00
1.837907847741512768e+01 -1.984757632425473872e+00
1.835265671683414723e+01 -1.237278572598562221e+00
1.834576737186031892e+01 -5.133173859887918411e-01
1.830357013012750400e+01 2.373838527107245966e-01
1.830773503704860161e+01 9.459537394535395549e-01
1.824414864800502301e+01 1.687853804852025519e+00
1.823625050570448280e+01 2.423734445463701093e+00
1.820794502578200991e+01 3.183391599505373648e+00
1.825928062766127624e+01 3.928978988601915745e+00
1.929098931161610864e+01 -4.070606392457218448e+00
1.917513332150175387e+01 -3.377155819461968633e+00
1.914463454276610577e+01 -2.653523931167953265e+00
1.911512233872276312e+01 -1.947394553355241698e+00
1.907241028998492993e+01 -1.219465268570228744e+00
1.904971648645065585e+01 -4.983965654964315206e-01
1.904749712664847294e+01 2.341210645037534732e-01
1.902510041280348929e+01 9.619585760158315679e-01
1.900729897290361237e+01 1.699863323157554618e+00
1.900924223450701334e+01 2.418276326380585317e+00
1.899190947314626499e+01 3.161536267681352541e+00
1.906495823071475115e+01 3.893716123030788623e+00
2.004348828333242238e+01 -4.142334928247084491e+00
2.002752749287157030e+01 -3.382745899849023630e+00
1.997508084177579235e+01 -2.628176898055599509e+00
1.992228955117494138e+01 -1.885591344618003262e+00
1.991304463353222332e+01 -1.159237350258187860e+00
1.981377241102601516e+01 2.382211816766179879e-01
2.004680469686717714e+01 9.507551674270793285e-01
1.988546143744100902e+01 1.709112464545828658e+00
1.980979243837168013e+01 2.464068079091109809e+00
1.986978420014128943e+01 3.189258859158240256e+00
1.992486075076837437e+01 3.838183136655441530e+00
2.077158702462401862e+01 -4.130224784509916702e+00
2.073934777646527294e+01 -3.364182720908527102e+00
2.071822932030990216e+01 -2.643106311027167976e+00
2.075728050447285966e+01 -1.936416104955039685e+00
2.077086850073146707e+01 -1.204047610130842827e+00
2.075247849017643631e+01 -4.723821947016766387e-01
2.074360034391428798e+01 2.572442485606245555e-01
2.078630269529898555e+01 1.000285882505156820e+00
2.070673654305350908e+01 1.712763816940441330e+00
2.071049081151233651e+01 2.452208625819299215e+00
2.073282509191886192e+01 3.121437452267546320e+00
2.076196550259023610e+01 3.852238538240658983e+00
2.195761111372728180e+01 -4.039635995639798693e+00
2.195303161094231825e+01 -3.375590565257905240e+00
2.192836692311166757e+01 -2.599496247542798955e+00
2.196598150035175223e+01 -1.872382778517106772e+00
2.182056241347370218e+01 -2.982329490191588661e-01
2.168175804646442373e+01 2.732067877919277521e-01
2.164954153183636976e+01 1.006443467765620881e+00
2.157703482854026333e+01 1.732945563442591208e+00
2.156893598642614052e+01 2.446014833944353484e+00
2.157314858472552288e+01 3.114996695121927672e+00
2.154443234043009170e+01 3.872373089547014757e+00
2.265609118672804811e+01 -4.114021047283877408e+00
2.265937572644580911e+01 -3.383784083874289195e+00
2.265100500047804388e+01 -2.653896699479393106e+00
2.265986926469163620e+01 -1.912632783674826698e+00
2.264012860728634280e+01 -1.186197345083105148e+00
2.261895249399513119e+01 -4.611228754349347980e-01
2.259561053588964086e+01 2.677066730462343003e-01
2.248174278090577616e+01 1.011295895291333125e+00
2.250772522879007909e+01 2.499744107065190235e+00
2.243006849612238085e+01 3.163521121414898829e+00
2.239439613666041851e+01 3.829674845963172203e+00
2.339355361760448915e+01 -4.102968798178320498e+00
2.337329607758412209e+01 -3.388657345564496381e+00
2.340491533495688259e+01 -2.657227043947241185e+00
2.338447347341248417e+01 -1.906932217855406009e+00
2.339377219455900558e+01 -1.197808893066767411e+00
2.336215353202140221e+01 -4.803684652608595229e-01
2.333076021760684426e+01 2.401436489521771023e-01
2.331813922311464182e+01 1.013039274584208727e+00
2.331356970506131177e+01 1.720635315568145529e+00
2.329349376265724203e+01 2.427947149528623783e+00
2.323431372353405067e+01 3.175195503131671870e+00
2.326399447861624026e+01 3.844781454028893819e+00
2.412864129167348182e+01 -4.104562313106193017e+00
2.412736189082755089e+01 -3.388074417100764180e+00
2.412491014846126092e+01 -2.649975748273046605e+00
2.413210256046719593e+01 -1.935234046953922871e+00
2.412444720745128279e+01 -1.184968185086276549e+00
2.411133715653525655e+01 -4.563812726232860939e-01
2.416538178056990205e+01 2.249850611967367797e-01
2.410636170053440708e+01 9.981484895346710573e-01
2.403037114558343035e+01 1.712567943035235629e+00
2.407936783683547333e+01 2.456831549347796795e+00
2.404027332506021253e+01 3.178233165742195609e+00
2.409236787018371473e+01 3.847766889565907178e+00
2.494326202259464509e+01 -4.083852787927945371e+00
2.488236094395910669e+01 -2.676716920858375204e+00
2.482068456052312655e+01 -1.978417545978064851e+00
2.488983794016829165e+01 -1.211475943052317206e+00
2.486527461432403641e+01 -4.958826324484917336e-01
2.486601797773897715e+01 2.185018005610430691e-01
2.487356598411594888e+01 9.611371638030234976e-01
2.487297403452671318e+01 1.703383815996851069e+00
2.484174916205030570e+01 2.421816746775085960e+00
2.483746834117120272e+01 3.155752332727328024e+00
2.486465832184416058e+01 3.868143068757408543e+00
2.563589521854814990e+01 -4.115572132086299462e+00
2.555405928601889798e+01 -3.389548351008556892e+00
2.565180980638292851e+01 -2.671317149047901296e+00
2.560663260661000606e+01 -1.939267643653085571e+00
2.561422622359970802e+01 -1.231128571929044568e+00
2.560025149695208313e+01 -5.077954204120267434e-01
2.560512343911029376e+01 2.277399811557003773e-01
2.559927708709263072e+01 9.493215539301260719e-01
2.561359302580373765e+01 1.689661212250097577e+00
2.562708759851170015e+01 2.392887315657937108e+00
2.562376019763037505e+01 3.137559459587965449e+00
2.564387147250923249e+01 3.854567501721707146e+00
2.636514167251653618e+01 -4.110940494002182533e+00
2.637421036066293567e+01 -3.407823432411870357e+00
2.635596803963599655e+01 -2.682558434925855551e+00
2.635140588902817882e+01 -1.951844874048966005e+00
2.635410955667020971e+01 -1.231915589652793130e+00
2.634569445274973276e+01 -4.777183161527922550e-01
2.636094563874141272e+01 2.221875001941384653e-01
2.633376926173235688e+01 9.462790786267163412e-01
2.637993212442523117e+01 1.697414144284319804e+00
2.642623804643788077e+01 2.447818744244109723e+00
2.639295765106461289e+01 3.141636357820413394e+00
2.641746714616990488e+01 3.854676551527557393e+00
2.716624878776716656e+01 -4.145415409366016490e+00
2.711651375876758863e+01 -3.435301009078514767e+00
2.714410711818788258e+01 -2.695019928034078305e+00
2.711715618229948177e+01 -1.965229378635797275e+00
2.712651676358439801e+01 -1.243994470322476786e+00
2.710184172637246292e+01 -5.472326629312647128e-01
2.711163985100521501e+01 2.170900443641770039e-01
2.711501114501758281e+01 9.004996556106412697e-01
2.712117527957600061e+01 1.687940718805450047e+00
2.714253572576918572e+01 2.376678285310802607e+00
2.718073705255472561e+01 3.103832378309842710e+00
2.717760399225692680e+01 3.817199922793474087e+00
2.793734955683098775e+01 -4.175515122261995060e+00
2.788595301099797297e+01 -3.418291179717829920e+00
2.788652338028442301e+01 -2.693923134733054781e+00
2.791388419030658241e+01 -1.985200433144004961e+00
2.788609987756915842e+01 -1.250013429569229118e+00
2.790033141284474283e+01 -5.338074663291756394e-01
2.791029955032430365e+01 1.734943916562521338e-01
2.792279932790820141e+01 8.791095947171285729e-01
2.791346002484339550e+01 1.628351896908341701e+00
2.787413713288911055e+01 2.369389426771210339e+00
2.791572266970985794e+01 3.091866594242187460e+00
2.795280538235575563e+01 3.812908485802385172e+00
2.878205825704765886e+01 -4.109774456985931579e+00
2.867935503216950366e+01 -3.438867206693856815e+00
2.874900576367348748e+01 -2.677044518938014761e+00
2.865322373055303018e+01 -2.005178618949180702e+00
2.865371734170160067e+01 -1.304688830578072611e+00
2.862151168574332161e+01 -5.554610161038802119e-01
2.862844301905743549e+01 1.562177391453616337e-01
2.865488847869033151e+01 8.728261150002083468e-01
2.868589461599255941e+01 1.584919625697676082e+00
2.872119741056318531e+01 2.306037623242009005e+00
2.873173740896498174e+01 3.023877346960585299e+00
2.870623394218629443e+01 3.767002778409807462e+00
2.952986885717738375e+01 -4.158432634110237558e+00
2.950243429895626690e+01 -3.469994209400940832e+00
2.948524980398426720e+01 -2.747629711504643524e+00
2.947994584931453943e+01 -2.016898432258845020e+00
2.945834006343560674e+01 -1.305500252119205840e+00
2.943305269053960416e+01 -5.782767634369889720e-01
2.946059374590985414e+01 1.551594784879668509e-01
2.940963806270043079e+01 8.733037034412234334e-01
2.943338840101134934e+01 1.570769755375081900e+00
2.946511720084451014e+01 2.284033923238382613e+00
2.946984016772288584e+01 3.002136293335023964e+00
2.948288162608326246e+01 3.745050100607382859e+00
3.030631116821252391e+01 -4.162918758022190246e+00
3.022419491223929100e+01 -2.020504127478204737e+00
3.021062201192392394e+01 -1.339608350822281579e+00
3.025901199797252872e+01 -5.595957142922749483e-01
3.025008833316876888e+01 1.085317096960700667e-01
3.019518056021617980e+01 8.370816505787033179e-01
3.020617690558673729e+01 1.566176397342626814e+00
3.022953530788846166e+01 2.280303125941291142e+00
3.022547242798423639e+01 2.984930187498651577e+00
3.021444500228522401e+01 3.713224307344137998e+00
3.108332979281224340e+01 -4.190057463405331362e+00
3.104265559077428094e+01 -3.446254864984044985e+00
3.103626376920829699e+01 -2.737012630712719385e+00
3.103697847042619884e+01 -2.030783262525265087e+00
3.100560561248808966e+01 -1.318280096051527295e+00
3.100525283605526994e+01 -6.192687295071905851e-01
3.100395964162820661e+01 1.047888606723077487e-01
3.102220329618499051e+01 8.136069100556646561e-01
3.102406168294316302e+01 1.556641103939185200e+00
3.102146451602393284e+01 2.290404713880835885e+00
3.098614064829830994e+01 3.028371084100758281e+00
3.099318082684640530e+01 3.753754556454179436e+00
3.190838080883994365e+01 -4.144984246897941205e+00
3.184305854637192823e+01 -3.478210404205544393e+00
3.174838911074034087e+01 -2.734243347555135983e+00
3.177051167304158952e+01 -2.059309341853470698e+00
3.175299142665131313e+01 -1.316072640293771912e+00
3.176067636056156829e+01 8.688082609547720381e-02
3.175796682638598867e+01 8.160587887309205257e-01
3.173145550760897748e+01 1.558610889025430879e+00
3.174611934141174885e+01 2.297998191488204611e+00
3.177409033588272536e+01 3.033135016938924622e+00
3.184677456189164246e+01 3.749357427130373566e+00
3.258089226981049791e+01 -4.156995970940897678e+00
3.259226127872462797e+01 -3.480281734480278999e+00
3.258137953572661871e+01 -2.744723728148240838e+00
3.254473013065955200e+01 -2.030171449380624438e+00
3.253575632531345008e+01 -1.332874566309353526e+00
3.251319553291110509e+01 1.063194463045356031e-01
3.249926302992597726e+01 8.299456688921260650e-01
3.256882181931285203e+01 1.536981808762238444e+00
3.255181272752439980e+01 2.280536794238660292e+00
3.255528378759171204e+01 3.024550645677624772e+00
3.255939512661850443e+01 3.751091553324140904e+00
3.339533313640776413e+01 -4.166444805497654613e+00
3.334821837914878273e+01 -3.459841703932720947e+00
3.337495946987140627e+01 -2.746486162877367576e+00
3.333111737798554230e+01 -2.028987998402470794e+00
3.328880041124660494e+01 -1.285259460157735845e+00
3.333914470345143144e+01 -6.086437122389618537e-01
3.328432091158648376e+01 9.660208828613647825e-02
3.328339223666221613e+01 8.330072924658971090e-01
3.328305426196623529e+01 1.561203067735196015e+00
3.326957089497127384e+01 2.318098357638191942e+00
3.331968252803249442e+01 3.034222875109424677e+00
3.328806701106109500e+01 3.779993720330676155e+00
3.414351288613840296e+01 -4.131411975378370016e+00
3.413061735506978067e+01 -3.415848571270686307e+00
3.408524439247982940e+01 -2.721816315266647024e+00
3.406783551804705468e+01 -2.031642981564758088e+00
3.406342365266805672e+01 -1.325770420354270840e+00
3.405020688595121925e+01 -6.057959000779256087e-01
3.402159682503258153e+01 1.151185168165049788e-01
3.403358704273670554e+01 8.583310673134363356e-01
3.404542204713614950e+01 1.601558437445131489e+00
3.406320270188560784e+01 2.314041070502707242e+00
3.406984932690276224e+01 3.053363337546205258e+00
3.405455349558643974e+01 3.781441793682741803e+00
3.488221136897390551e+01 -4.146903526164877007e+00
3.483853800132489908e+01 -3.451437152775270079e+00
3.484931934370597872e+01 -2.726571423271142436e+00
3.481457779626129678e+01 -2.019626270816075930e+00
3.481640575493590717e+01 -1.322301260944403367e+00
3.480146613223349306e+01 -6.005479890379881169e-01
3.480074776339591125e+01 1.538763164518321958e-01
3.477464636108879148e+01 8.423105682296778696e-01
3.475855589479207453e+01 1.608459587511244848e+00
3.480392934334840760e+01 2.329160465539157343e+00
3.481381488714340122e+01 3.074904541781226186e+00
3.479041892176142170e+01 3.806937809165543030e+00
3.562889658833594098e+01 -4.134896480750022363e+00
3.561913184682770606e+01 -3.424489063451247262e+00
3.560677499930481105e+01 -2.709385251606839518e+00
3.556458143087593982e+01 -2.007605554797681435e+00
3.554918663042419524e+01 -1.287326683215102463e+00
3.553528900743884122e+01 -5.616377397482139600e-01
3.555498295277524079e+01 1.998589347509422964e-01
3.556630606931337724e+01 9.284937010743981034e-01
3.558272925287166544e+01 2.322251415532598173e+00
3.555871905067213135e+01 3.095243542348345755e+00
3.559473965632941628e+01 3.860209192645175591e+00
3.638425530864308399e+01 -4.150973364373889751e+00
3.636734057107995710e+01 -3.405280204418570378e+00
3.635956856841607276e+01 -2.730547215334091504e+00
3.630783725987939903e+01 -1.984835241143041884e+00
3.628869443913172432e+01 -1.259543543114354236e+00
3.628088408147898036e+01 -5.298712097214881567e-01
3.631171085921740627e+01 1.965309552392788817e-01
3.630392739628879184e+01 8.924762713244014378e-01
3.629436048844861062e+01 1.677248045434897250e+00
3.629981873450892493e+01 2.372394712783169268e+00
3.638034696290737458e+01 3.135250434953160692e+00
3.642860190304732981e+01 3.834599291936815035e+00
3.716412940134670606e+01 -4.132736391774418649e+00
3.710348433184143602e+01 -3.390566534600964133e+00
3.709149065399521561e+01 -2.669570006834252496e+00
3.703700595536501083e+01 -1.226855277024530011e+00
3.702332337296764564e+01 -5.100918653656094648e-01
3.698104754455736298e+01 2.794825232199080745e-01
3.704762694679043733e+01 9.707006593087754709e-01
3.714164614331749448e+01 1.655257631934418328e+00
3.714116504446037226e+01 2.392146515917357164e+00
3.710881760501155924e+01 3.127899317219142716e+00
3.714670808096949628e+01 3.840372573281729984e+00
3.793923538006959717e+01 -4.065448040796489693e+00
3.789088560804241723e+01 -3.357798329493238754e+00
3.786135405724670733e+01 -2.641210332538985739e+00
3.784466216299286856e+01 -1.922352004721933127e+00
3.784038112652384456e+01 -1.183891464194754661e+00
3.780348505829544337e+01 -4.652396275338013254e-01
3.792160180279203274e+01 3.175178558006273022e-01
3.791352740308153813e+01 9.918081265331970542e-01
3.793385695529607204e+01 1.662770581324924279e+00
3.801282231206509010e+01 2.455362128967877311e+00
3.876361912690816069e+01 -4.000519632229284639e+00
3.876199211300855296e+01 -3.282460431833612802e+00
3.870556707704951549e+01 -2.592743020741998805e+00
3.878483934151795864e+01 -1.843338956195307077e+00
3.883868501112979033e+01 -1.129453928996330347e+00
3.871326401177989140e+01 -3.487879302617891142e-01
3.884466450398534931e+01 2.567220222275043540e+00
3.879020881805282528e+01 3.185700573418028370e+00
3.967687416877523532e+01 -3.291253065333172856e+00
3.957617543657855919e+01 -2.950500950961515656e+00
3.961376397915994829e+01 -1.761813457532682037e+00
3.999229496259582817e+01 1.126818919970137500e+00
3.999862526874600377e+01 1.857510182889136274e+00
4.000620053714622060e+01 2.613278790838062804e+00
4.000409888335966713e+01 3.330915616400030643e+00
3.999261850427819098e+01 4.002509401945804512e+00
4.074265881203562145e+01 -3.984296160931751984e+00
4.072848858102388903e+01 -3.252572240846824059e+00
4.071210107825580593e+01 -2.476619487393783459e+00
4.071286537694840746e+01 -1.786615154763786961e+00
4.072686024827131490e+01 -1.066102110960841287e+00
4.073139001557988337e+01 -3.473186605028395491e-01
4.074265655805128716e+01 1.120716998402620845e+00
4.072716818628791913e+01 1.841900616332562635e+00
4.071626052383646055e+01 2.537278557339110563e+00
4.070315452732139505e+01 3.317954716794762504e+00
4.071188761220680163e+01 3.984296160931751984e+00
