-4.637086276355994130e+00 -4.180042973920073734e+00
-4.627989499458642797e+00 -2.680703364659827059e+00
-4.636898409854083525e+00 -1.996705370773241839e+00
-4.633430450687292534e+00 -1.279321293210571753e+00
-4.673550594488283139e+00 -5.253571734622468625e-01
-4.637824255494543024e+00 2.420667429755845035e-01
-4.634083321054340843e+00 9.431776798960704866e-01
-4.640483742146777502e+00 1.680330686730442835e+00
-4.617594278623798232e+00 2.375501025788523179e+00
-4.639466468146260070e+00 3.041602288569727364e+00
-4.616280054317535075e+00 3.679809044993483269e+00
-3.688108041668897386e+00 -4.155781583291034309e+00
-3.738782261079343527e+00 -3.456769124571032137e+00
-3.749591500067161576e+00 -2.688973178250066098e+00
-3.811076473651930030e+00 -1.957570978338843304e+00
-3.771386049944723595e+00 -1.241108014108771584e+00
-3.778581372225048085e+00 -5.376759091997982409e-01
-3.753166464045172290e+00 9.883854728168017800e-01
-3.817891459415811539e+00 1.679729353013289739e+00
-3.827707845538910192e+00 2.386597535122099600e+00
-3.848884258461389152e+00 3.178514888477060651e+00
-3.008319691023451981e+00 -3.425321987822954384e+00
-3.043185517570854870e+00 -2.694448206009077751e+00
-3.027047869535508084e+00 -1.979193816106658232e+00
-3.035875848478767125e+00 -1.238593418368267862e+00
-3.041569603919022313e+00 -5.206060443045110731e-01
-3.017466464810830473e+00 9.660104048249351649e-01
-3.048852411759746417e+00 1.678501768768732916e+00
-3.091726478882883100e+00 2.429595807705723587e+00
-3.080625674034394024e+00 3.190828960827765570e+00
-3.094715942814616483e+00 3.919903442600059407e+00
-2.273476670315773163e+00 -4.130208391030272708e+00
-2.283607089137568380e+00 -3.421798663970147203e+00
-2.276710170762100915e+00 -2.686448687987962103e+00
-2.282773399272201686e+00 -1.946312713662209148e+00
-2.321348455520301002e+00 -1.252035106239215878e+00
-2.284211904832481821e+00 -5.354320909425673847e-01
-2.289870101664028823e+00 9.101171556315321709e-01
-2.312191429290933797e+00 1.712211814003868682e+00
-2.306062186870114772e+00 2.470097175465337358e+00
-2.309804865904787619e+00 3.175562029699563027e+00
-2.305458691530333226e+00 3.903862574861712176e+00
-1.521264423594210768e+00 -4.090602882142672314e+00
-1.456479104431295468e+00 -3.365120160150880224e+00
-1.536206706823577406e+00 -2.676975718815842953e+00
-1.541853170026257658e+00 -1.961448669431966607e+00
-1.530976676888407439e+00 -1.230679895388817613e+00
-1.535009464603717788e+00 -4.972373373817937647e-01
-1.539291841425260543e+00 2.354507041260660571e-01
-1.562250234632479362e+00 1.662125901275068429e+00
-1.551252394756637898e+00 2.467454588074019739e+00
-1.588926324411488622e+00 3.186812211863937705e+00
-1.587943911600284252e+00 3.941100175762606739e+00
-7.677055929053437922e-01 -4.079512242300513236e+00
-7.955668453257302986e-01 -3.414618980404188875e+00
-8.165975963476128641e-01 -2.694364906350987354e+00
-7.882123175474120558e-01 -1.943434049852399426e+00
-7.933762849188923383e-01 -1.247434335526850901e+00
-8.187098058409532086e-01 -5.154587389869682568e-01
-8.702493296260556122e-01 1.923711350966357259e-01
-7.959760510121327570e-01 9.424317377767756909e-01
-8.045103253876249028e-01 1.698334224697848782e+00
-7.890785219704810061e-01 2.469706677162253783e+00
-8.676998293997684186e-01 3.134902584784477142e+00
-8.127598492039851408e-01 3.894442838187195832e+00
-3.363766303087345477e-02 -4.090456864270549886e+00
2.897184110174322313e-02 -3.313162281677019649e+00
-5.910246776512906308e-02 -2.638903674374130759e+00
-5.900259286626408084e-02 -1.963689018319790591e+00
-5.411315594343335533e-02 -1.235045703178823118e+00
-6.586741672585816332e-02 -5.593953755038008069e-01
-6.834114679246994228e-02 1.678805462343504473e-01
-3.796726949120454719e-02 9.194516466100992602e-01
-1.503563916271133394e-02 1.661794338672624605e+00
-5.780719759875552199e-02 2.473573002339755078e+00
-5.963089454829173519e-02 3.146850495209996268e+00
-7.893972615146083172e-02 3.861492779111685536e+00
6.782268963508002457e-01 -4.069975719637433542e+00
6.872257407563111542e-01 -3.352712569216478755e+00
6.909720354669559583e-01 -2.632127328249364240e+00
7.531296768472159897e-01 -1.934308293865385053e+00
6.628958798877278014e-01 -1.267584609225828274e+00
6.879144698313552908e-01 -5.293080947825075100e-01
4.688110309454103231e-01 2.586506613766204055e-01
7.144618354274001604e-01 8.902889244334097896e-01
7.089701461893440637e-01 1.656349879532864833e+00
7.344397259055810423e-01 2.391130301522288448e+00
7.687471753040782119e-01 3.119483277573678492e+00
1.432896528283698956e+00 -4.065337937286230385e+00
1.437414161865014250e+00 -3.353162857607944858e+00
1.440798560791847649e+00 -2.627957071714753567e+00
1.415538638849525910e+00 -1.226091011859182345e+00
1.421645723771980840e+00 -5.249003989968166195e-01
1.440953331363871825e+00 2.141646025429118083e-01
1.466395204649408868e+00 9.091137313867641012e-01
1.519928503317558466e+00 1.662109178915983421e+00
1.486532502337119865e+00 2.369622284507855170e+00
1.512365716823701689e+00 3.077257455708050315e+00
1.570802196466409839e+00 3.754993436697048992e+00
2.156835522157429352e+00 -4.075148996164060122e+00
2.190190880890142466e+00 -3.347862373603994968e+00
2.168365068295621256e+00 -2.624797390846691059e+00
2.192909593758869846e+00 -1.907906106571648053e+00
2.173536823075508551e+00 -1.232094666203497724e+00
2.171610104094860105e+00 -4.940342741461520859e-01
2.203596963359984784e+00 1.957504646546972538e-01
2.231356125666160040e+00 1.004496993789285142e+00
2.260007362782594953e+00 1.641845761284734806e+00
2.284782020566858307e+00 2.392733152499133098e+00
2.256330808612204919e+00 3.081665427239173027e+00
2.260481289333888810e+00 3.820670476250974446e+00
2.941256334168507180e+00 -4.077389971413246883e+00
2.922530356856796629e+00 -3.371397228293730564e+00
2.936959918614597598e+00 -2.635655130572970961e+00
2.930983617876421476e+00 -1.879668754929987529e+00
2.903015233930503314e+00 -1.178638754920996234e+00
2.992131895781291462e+00 -5.033808210833576879e-01
2.953433593128501400e+00 2.211889177176651344e-01
2.979430058179872276e+00 8.903752373203879245e-01
2.977595690471240175e+00 1.651338891179715773e+00
3.014884681308501513e+00 2.403964743534864112e+00
3.035462870423884851e+00 3.100399897037959818e+00
3.040913121502725858e+00 3.814296909705745975e+00
3.700145696515065197e+00 -4.090379634091064531e+00
3.692086002790951227e+00 -3.411035117964665631e+00
3.689557402183105239e+00 -2.638718864452567203e+00
3.683907857472185299e+00 -1.916728514515892101e+00
3.796710962263595945e+00 -4.771423345429433027e-01
3.755713354441574836e+00 2.255353114882936438e-01
3.715431860845306744e+00 9.047177921652256316e-01
3.764693220784913308e+00 1.640586281119528422e+00
3.775718402579911981e+00 3.097306559499102718e+00
3.813798591517624459e+00 3.806289592784970921e+00
4.429831995854243587e+00 -4.091825212989721905e+00
4.425803177204336691e+00 -3.379499674825488853e+00
4.441528324695447338e+00 -1.927336073966035457e+00
4.500486716197940495e+00 -1.234578745057810067e+00
4.552168942003184782e+00 -5.030538635733883268e-01
4.581342002632823096e+00 2.257584410872048863e-01
4.523517826390921925e+00 9.494867416452379416e-01
4.506626611465968324e+00 1.619468474134912128e+00
4.524463596917286168e+00 2.365243980577201199e+00
4.538567843754449882e+00 3.096313636837422223e+00
4.542066161448971684e+00 3.831934625415250650e+00
5.297800397063703315e+00 -4.049106257577538059e+00
5.261693381149250115e+00 -3.382095699705779168e+00
5.303532865426568321e+00 -2.566097374815008436e+00
5.220591564769158310e+00 -1.982823937490060473e+00
5.286893961291148969e+00 -1.277878272522585235e+00
5.311647019194005281e+00 1.601602422341485976e-01
5.327563310195593260e+00 9.110046262185811372e-01
5.284227408326344744e+00 1.614696623804924513e+00
5.266207160571056534e+00 2.352459483403627871e+00
5.260789472037458836e+00 3.068785196843585084e+00
5.260626252233421951e+00 3.816582226454443116e+00
6.072753263752261432e+00 -2.699771177977009273e+00
6.107533349023164249e+00 -1.296546806940067853e+00
6.095664084429124330e+00 -5.762542961227090643e-01
6.040997363935787234e+00 1.598544856039296747e-01
6.023620320474940115e+00 8.956106421285632280e-01
6.045141014204304497e+00 1.608310953582375191e+00
6.033520819802497215e+00 2.347292239343346409e+00
6.020988333069098530e+00 3.066369091591013785e+00
6.060601229208693042e+00 3.766556312770475756e+00
6.884469668099669093e+00 -2.023228475264339465e+00
6.839359695766830782e+00 -1.314083474793175554e+00
6.841485216291204097e+00 -6.189760274276281393e-01
6.791659220350346970e+00 1.148490720954775668e-01
6.780718707580454918e+00 9.072056222099540435e-01
6.785010458312711989e+00 1.617664697772053017e+00
6.807155190333389783e+00 2.270969584691936660e+00
6.787462461552067339e+00 3.013096489964247837e+00
6.873006238437255888e+00 3.717384361210008592e+00
7.786361477562138589e+00 -4.140006174934747207e+00
7.790077814526398470e+00 -3.422165147716629718e+00
7.763721346000856727e+00 -2.713761300446886793e+00
7.734270584090829459e+00 -2.032991922539551410e+00
7.695604142017167248e+00 -1.302285539717519924e+00
7.659916836887973091e+00 -5.971440740290780980e-01
7.563684392561391689e+00 8.633341061854160614e-01
7.536929121631231965e+00 1.539895351949258639e+00
7.568951858258316179e+00 2.294996835052796058e+00
7.589984588464481874e+00 3.040103332098453848e+00
7.629654248800193272e+00 3.698740931979209279e+00
8.561710774373807453e+00 -3.457190324056600872e+00
8.566389915111599862e+00 -2.726235535462603110e+00
8.561305903437570919e+00 -2.035089268600962953e+00
8.505364700862230620e+00 -1.339058147119050801e+00
8.396324289469490054e+00 8.207489828308922597e-02
8.324994071174337762e+00 8.229444338978346707e-01
8.328257997816784552e+00 1.539015220534373896e+00
8.335508776515823115e+00 2.268723455077811479e+00
8.376834016960266638e+00 2.941994967485833001e+00
8.413184302496802047e+00 3.722675359623167424e+00
9.382889985551010170e+00 -3.464645045504564536e+00
9.360757218175294270e+00 -2.735463678129661957e+00
9.384477417688032119e+00 -2.090158457503374478e+00
9.296414559511916309e+00 -1.300079227155638506e+00
9.286332592549506160e+00 -5.780358441482604803e-01
9.184167807659541438e+00 1.008268027801122457e-01
9.112383296058318649e+00 8.072459028008545090e-01
9.076755516625496512e+00 1.537077705319003229e+00
9.114789522486539397e+00 2.251913113351161400e+00
9.169970100453610939e+00 2.971706125636039530e+00
9.169571118669111343e+00 3.670038301405355696e+00
1.028062831784547626e+01 -4.245154395749143106e+00
1.024281902896128571e+01 -3.504434453336894961e+00
1.024396261140966402e+01 -2.806100604530868736e+00
1.013755210335187940e+01 -2.087522171984833363e+00
1.012761690823685967e+01 -1.327606634366190974e+00
1.007793648159467637e+01 -6.372934936656378113e-01
1.003992717726641359e+01 1.323239580466228915e-01
1.001919408984288395e+01 7.620785275324770680e-01
1.007830826213947972e+01 1.509604095061806817e+00
1.001265505242072607e+01 2.282587604440855955e+00
9.991639045292139087e+00 2.962774941149987740e+00
1.001619905759508100e+01 3.681652745668444027e+00
1.120337398904007387e+01 -4.201965782771726055e+00
1.119596663268657011e+01 -3.493080849383879638e+00
1.117383692653025662e+01 -2.738559337870043464e+00
1.110419442443993887e+01 -1.319132502015097685e+00
1.103923394122498536e+01 6.926066678434850132e-02
1.079402368821366309e+01 8.011211932190320795e-01
1.078645937994477322e+01 1.521941669708514411e+00
1.076740762449549749e+01 2.249786651483340449e+00
1.080093746207153771e+01 2.978107241078625123e+00
1.081904829192477280e+01 3.665845323113011034e+00
1.190806245243780381e+01 -3.492829042143348772e+00
1.246399995055944032e+01 -2.650326007052889565e+00
1.193738214798818831e+01 -2.104169890132475018e+00
1.193218974747203021e+01 -1.364829212701195615e+00
1.186449324428530616e+01 -6.301380347740810350e-01
1.181397601708830081e+01 1.003289754489671282e-01
1.171011101090976325e+01 7.828690007752214797e-01
1.157256138413765711e+01 1.515963338969712026e+00
1.152681640638630967e+01 2.284699474899682059e+00
1.155814467836028570e+01 2.968014794220799502e+00
1.162810275865833631e+01 3.658818611472256066e+00
1.286291197651370766e+01 -4.250822367849259820e+00
1.283512415035125542e+01 -3.520048231120021853e+00
1.282666227934193159e+01 -2.776585300453419336e+00
1.270630750774649442e+01 -2.136876265703897104e+00
1.254356213870442360e+01 1.314240063770171218e-01
1.249146122974476469e+01 8.093880802535267094e-01
1.239625009713453352e+01 1.504504539400691954e+00
1.240696319367580003e+01 2.202779001160156014e+00
1.250225137513344009e+01 2.925438998240402100e+00
1.254299692817745182e+01 3.650869842904057805e+00
1.381151055128533756e+01 -4.282848391650425413e+00
1.371003216133688341e+01 -3.508795012926746892e+00
1.367785281058662861e+01 -2.778434928064385190e+00
1.352961957384932390e+01 -1.359446297657775915e+00
1.347874445063730064e+01 1.049655995834903877e-01
1.343413619622954513e+01 7.861880500928073445e-01
1.324032977458994509e+01 1.534672958590398650e+00
1.327074975865628659e+01 2.955443491096566788e+00
1.327375022376950398e+01 3.661426973722477385e+00
1.455850275126658744e+01 -4.277501190533506303e+00
1.455381681007487771e+01 -3.569802088615759317e+00
1.458108445930821517e+01 -2.847166609670455983e+00
1.456814793681917308e+01 -2.151618561843228861e+00
1.443117086799093585e+01 -1.391840491742037500e+00
1.451822627696606105e+01 -6.704041619632157278e-01
1.423953615253351046e+01 1.209232251689265070e-01
1.412166780552978906e+01 1.540422081416181754e+00
1.411994423618073569e+01 2.255108014852538645e+00
1.403502209409628421e+01 2.980075099039751763e+00
1.410218574068576203e+01 3.638496644689745096e+00
1.531886111349250967e+01 -4.353899330093504716e+00
1.532373946890365346e+01 -3.600962917585565748e+00
1.530723917471911477e+01 -2.905589025594924379e+00
1.527491997307156169e+01 -2.181287895911076191e+00
1.523033875484340882e+01 -1.420203076037665824e+00
1.520143767998998641e+01 -7.176440335291758288e-01
1.516021739910313926e+01 4.972561958674148741e-02
1.499757017140568394e+01 1.550614396401453376e+00
1.495613112600481287e+01 2.231983627249764623e+00
1.512314648272602824e+01 2.757063419974542740e+00
1.492307125475671370e+01 3.648962893918522354e+00
1.606737848289310477e+01 -4.291382219906850537e+00
1.604772540617010890e+01 -3.608623402131172497e+00
1.600718485780085132e+01 -2.901469696940186083e+00
1.598228613708664625e+01 -2.146045407216337964e+00
1.595833349436696835e+01 -1.444917927985645889e+00
1.592774753611472249e+01 -7.312739081251393714e-01
1.591794804931779339e+01 1.036954841459696297e-01
1.582130694981133701e+01 8.002977345801234321e-01
1.578665695649516465e+01 1.482703559753865363e+00
1.575403984757572573e+01 2.282083931346569727e+00
1.574415353275107776e+01 2.990439252350050481e+00
1.577502520651464835e+01 3.717831870109385761e+00
1.679396785108299639e+01 -4.266676509237505854e+00
1.677475784516126112e+01 -3.636846174753550542e+00
1.674191608200555237e+01 -2.846282136714361144e+00
1.670036105149596750e+01 -2.127155875287296993e+00
1.664706520188415340e+01 -1.428185367132403627e+00
1.666672926779490638e+01 -6.695816664166898136e-01
1.661641683408231529e+01 5.640091835079630300e-02
1.658325896885602901e+01 8.386526293398972598e-01
1.654172516321381181e+01 1.551130580047267671e+00
1.652580745431951215e+01 2.300997436431359233e+00
1.647230245805972970e+01 3.058919795473585168e+00
1.649201734262195629e+01 3.755698253539300424e+00
1.752255559726305023e+01 -4.308207402977121347e+00
1.749882535125014726e+01 -3.569910417611065867e+00
1.745546223508100780e+01 -2.836732020437459312e+00
1.742260253572221274e+01 -2.119010163285558690e+00
1.739380388753812667e+01 -1.381973210457434931e+00
1.739242776230689458e+01 -6.639262057305330700e-01
1.733787040131601742e+01 1.172348397083347038e-01
1.733912762614184544e+01 8.141290668533009978e-01
1.727924858868090752e+01 1.551413394276305979e+00
1.725435830436676099e+01 2.310400851996565308e+00
1.721616888195753603e+01 3.061257738707602982e+00
1.726283970196502793e+01 3.795902791918621233e+00
1.833459721499293238e+01 -4.217118016698591987e+00
1.822717054648995116e+01 -3.507140762971527437e+00
1.819445487361330294e+01 -2.781986955108461501e+00
1.816355249035612474e+01 -2.080274545840079981e+00
1.811689819592508854e+01 -1.353291220223589164e+00
1.809094651433709799e+01 -6.345545721539380679e-01
1.808248286495538082e+01 9.154627520820213249e-02
1.804969782965898872e+01 8.239321928024025965e-01
1.803563384440840167e+01 1.563450935862071844e+00
1.801471876946555284e+01 2.276409951882921945e+00
1.801083167547722752e+01 3.025767045533292787e+00
1.807926945135614716e+01 3.746653502851209794e+00
1.909731296445900028e+01 -4.271991244080190597e+00
1.906151156887686682e+01 -3.519948866386954478e+00
1.915376785729571196e+01 -2.724787739202760406e+00
1.896618230859860432e+01 -2.022435643641443903e+00
1.897816016824037177e+01 -1.298952448307936436e+00
1.884714414206577260e+01 9.888725019472843769e-02
1.910114107838717956e+01 8.109387865230637260e-01
1.893046630782916395e+01 1.569237935185693544e+00
1.882634081387806191e+01 2.307214870564749276e+00
1.893827959073028211e+01 3.038655326939895929e+00
1.895668631361629508e+01 3.630189157518877607e+00
1.982521958561820696e+01 -4.269409498509791234e+00
1.978760241972415912e+01 -3.509586727596335720e+00
1.976372917878713054e+01 -2.792013819102947991e+00
1.981240175138505322e+01 -2.082664998894738773e+00
1.980862894901837734e+01 -1.345675805241704381e+00
1.980904373359016546e+01 -6.155385249724112384e-01
1.980944398390946048e+01 1.217987770964832350e-01
1.985413354458732016e+01 8.609260515620817955e-01
1.977088226898680290e+01 1.577149478729484855e+00
1.976239804134044675e+01 2.292076237809244077e+00
1.977908611035053354e+01 2.953406056564332971e+00
1.980852379050733703e+01 3.663212915341340192e+00
2.101363515325058984e+01 -4.193350299443466156e+00
2.094523701937475835e+01 -3.515044143133557952e+00
2.099330415823732920e+01 -2.747308828471879849e+00
2.103228441381998692e+01 -2.024521964437465016e+00
2.088971050830393494e+01 -4.364758651577744786e-01
2.077891576370110016e+01 1.220636668521564161e-01
2.073195670923710310e+01 7.195442901885265030e-01
2.065540851857637961e+01 1.585423843192902638e+00
2.064434035148745039e+01 2.298877276899958133e+00
2.064799540248542087e+01 2.932054926402123840e+00
2.060423366663338385e+01 3.658497906370847375e+00
2.172734432744838529e+01 -4.265408930838098911e+00
2.173667811106371062e+01 -3.529855364472275880e+00
2.170967215544724382e+01 -2.806953681537631695e+00
2.173666670337750872e+01 -2.068003489452468813e+00
2.172128936889384221e+01 -1.341746410740526585e+00
2.170473569124335711e+01 -6.162847006555338680e-01
2.168593042379777103e+01 1.096920162228336437e-01
2.154457165635362514e+01 9.111811288242570583e-01
2.162616421288230129e+01 2.339159596532578433e+00
2.154140075243586239e+01 2.986860147505836949e+00
2.149191558800728785e+01 3.623453161772523856e+00
2.246701971228385730e+01 -4.254584041807699890e+00
2.243496745460191732e+01 -3.508724970733446469e+00
2.247720270492744987e+01 -2.811519674401967706e+00
2.248113620857465378e+01 -2.059868499428876731e+00
2.247159507399798883e+01 -1.368164884859012886e+00
2.246313965662856305e+01 -6.382273358655865536e-01
2.243248242512253654e+01 8.209213863356268348e-02
2.243208969473982251e+01 8.279178072868731419e-01
2.243517921130214887e+01 1.543460905305867215e+00
2.242259526233583244e+01 2.250879693500593248e+00
2.237272788957091052e+01 2.993837747306649533e+00
2.238517876001769480e+01 3.632231409360812791e+00
2.321817368261353209e+01 -4.261456435869799719e+00
2.320540993491965764e+01 -3.548060903240031649e+00
2.319333433834341918e+01 -2.809664401031206182e+00
2.320563400692190470e+01 -2.110314252461250817e+00
2.320937548541335360e+01 -1.356792153057632788e+00
2.320789015889409512e+01 -6.269482163963111532e-01
2.327284015463872890e+01 6.424884525088714327e-02
2.323385866678090395e+01 8.238705351888917505e-01
2.316257021528420523e+01 1.530879643506295906e+00
2.321408292093536119e+01 2.276704529108609876e+00
2.319111729027984836e+01 2.986943580226387951e+00
2.315122862393209857e+01 3.579623046255804297e+00
2.444171624120380670e+01 -4.017994212321383429e+00
2.396295587612003430e+01 -2.849824564170127417e+00
2.389786349392613829e+01 -2.181327054874998339e+00
2.398179285586536480e+01 -1.388567710753452644e+00
2.396625706578037551e+01 -6.865099902170790358e-01
2.397667645971230854e+01 5.258020060875523427e-02
2.399380763594745503e+01 7.967476745461183896e-01
2.400225208670166666e+01 1.528338869872470696e+00
2.399729967917872386e+01 2.227720535128696611e+00
2.400713424724548872e+01 2.962988373773782769e+00
2.404228325929437915e+01 3.633181426995875540e+00
2.471849534875079968e+01 -4.252827175529361625e+00
2.466537925756329486e+01 -3.543717531968407997e+00
2.473051396211745612e+01 -2.845559585297021243e+00
2.467871309231900057e+01 -2.120605850515566715e+00
2.468845614668484245e+01 -1.422341948832560377e+00
2.468565847174482997e+01 -7.073414837985509962e-01
2.472055431932382419e+01 2.496626728656181626e-02
2.472714588650889311e+01 7.417825188874829223e-01
2.477749748291324750e+01 1.483275962719996954e+00
2.480576885566561174e+01 2.169238757180018240e+00
2.479842305442620187e+01 2.918992419959302254e+00
2.483439485188022644e+01 3.621174477077872211e+00
2.545188598559844451e+01 -4.246169579315679954e+00
2.547093116075108554e+01 -3.574200421147686768e+00
2.543767249494055704e+01 -2.865414351115237679e+00
2.543567651933269502e+01 -2.143927287691759886e+00
2.544107275420206093e+01 -1.434598072992329776e+00
2.544177264909492209e+01 -6.663976836222431643e-01
2.547901570208788513e+01 -6.892644374421053044e-03
2.548095109483526244e+01 7.258602463817922512e-01
2.553113082133722855e+01 1.465649404748905482e+00
2.560141720696606882e+01 2.224135960548203172e+00
2.557271448872536013e+01 2.913368772679497454e+00
2.560532687928535012e+01 3.603350691609250589e+00
2.625159167390849291e+01 -4.308059888482681288e+00
2.622981418143857724e+01 -3.620255438705687112e+00
2.623355646081869708e+01 -2.884413554186014750e+00
2.621522896733048213e+01 -2.163922673902149540e+00
2.621431145024361342e+01 -1.449818087523802035e+00
2.620912693982276664e+01 -7.751440776492621865e-01
2.622043971573789634e+01 -2.291766588197319265e-02
2.624325658542890949e+01 6.292128135484738038e-01
2.626604847464157899e+01 1.426906737544960890e+00
2.632078841921923384e+01 2.123390914034306576e+00
2.636990633630561831e+01 2.857585925611552113e+00
2.638431984717433210e+01 3.555880262714957496e+00
2.705684092959044307e+01 -4.315449577613964749e+00
2.696899416338317224e+01 -3.591594977407403633e+00
2.698238512728946148e+01 -2.887416131467865910e+00
2.700382646152747412e+01 -2.204285706307839376e+00
2.697823780250137560e+01 -1.469519825980171390e+00
2.700054975436226101e+01 -7.869351883625341770e-01
2.702815582728404564e+01 -8.574485356445293860e-02
2.706725714200807431e+01 6.024990236949179234e-01
2.707161388452847461e+01 1.367971539671010817e+00
2.705289023727404185e+01 2.107956934238472968e+00
2.712173833051825511e+01 2.830489192051473424e+00
2.717959133240309910e+01 3.540050782909595739e+00
2.824135020475284108e+01 -4.088210576955177089e+00
2.780480062907337668e+01 -3.601700112307426593e+00
2.819196011110171440e+01 -2.778030747181379212e+00
2.776243914682358849e+01 -2.236792000916214107e+00
2.776173359079135849e+01 -1.555237815074445251e+00
2.773939959906441999e+01 -8.235992447939715078e-01
2.775523590920283112e+01 -1.102739996011763424e-01
2.779972492658975369e+01 5.983068268539213364e-01
2.784355737078137594e+01 1.301483967199484226e+00
2.789740725672366040e+01 2.020841387476107087e+00
2.793812835316139598e+01 2.739492751411383153e+00
2.793761051736503731e+01 3.473893556459977106e+00
2.867917878902463968e+01 -4.304581268785600656e+00
2.864108555730556560e+01 -3.633736714788710742e+00
2.860731243172828187e+01 -2.946812184610958951e+00
2.861265655117566808e+01 -2.246089460640405377e+00
2.858899364130075327e+01 -1.571247803709361790e+00
2.858323050225781259e+01 -8.460763726766380444e-01
2.860804915980919105e+01 -1.096353865613188816e-01
2.857037715574241332e+01 5.745944671458360631e-01
2.860285248740583341e+01 1.262583116737076239e+00
2.864641749677927152e+01 1.982323895660048407e+00
2.867499218412188355e+01 2.692779333024375887e+00
2.870210021482754570e+01 3.446761609063813125e+00
2.949537743078634122e+01 -4.308508385806845808e+00
2.935547075156905095e+01 -2.266117539962156258e+00
2.935684937468783318e+01 -1.607112648952671918e+00
2.984423681632357983e+01 -8.513903538863090148e-01
2.941563590786177684e+01 -1.762109965137028667e-01
2.936955856184236069e+01 5.304331435754541246e-01
2.941698068742000061e+01 1.260804822519833834e+00
2.943539925631042564e+01 1.971740958935875199e+00
2.944400579443587418e+01 2.671362248755386304e+00
2.945497589194143728e+01 3.408071906804622131e+00
3.025901998768976142e+01 -4.323806874143993895e+00
3.019801243410721980e+01 -3.624327415808920705e+00
3.021638091472045318e+01 -2.967955060846566795e+00
3.018695295364909015e+01 -2.265350656669625096e+00
3.016993770653862583e+01 -1.595535120947747743e+00
3.016401253714267483e+01 -8.961439257207644005e-01
3.018461949105290643e+01 -1.994542950585831420e-01
3.020619306273754745e+01 5.208611549304613675e-01
3.022156830432569308e+01 1.243733768395628658e+00
3.024000008082590085e+01 1.986875950277102731e+00
3.021257282316587833e+01 2.723940728654746124e+00
3.022852460186404500e+01 3.458814711984089740e+00
3.109798798844261825e+01 -4.297225645254634685e+00
3.102592841311103911e+01 -3.687121969096882168e+00
3.093000883017359826e+01 -3.013740179878819703e+00
3.092586811678798853e+01 -2.310414834532313222e+00
3.092782620123040971e+01 -1.605089374118993106e+00
3.094186933998457079e+01 -2.083132433723484667e-01
3.095644682480834575e+01 5.102080664057098147e-01
3.093534792041982229e+01 1.247510028400661497e+00
3.097055727016938675e+01 1.998222770771711509e+00
3.104266509490738457e+01 2.739173241608540366e+00
3.113329699892180003e+01 3.443219382102391535e+00
3.181643581030284196e+01 -4.331155376446353955e+00
3.180368792730637750e+01 -3.681359207354244489e+00
3.176029686173755096e+01 -2.977117917548500969e+00
3.171139779831570849e+01 -2.270953250688542369e+00
3.171699698694805392e+01 -1.603536285644679538e+00
3.168000948783681991e+01 -1.996423406859548777e-01
3.169166208929194539e+01 5.195310906176509036e-01
3.180758407067799709e+01 1.235474404944497451e+00
3.180653471437914703e+01 1.988388058551116444e+00
3.189097800688380602e+01 2.675026128214135213e+00
3.184336208004321378e+01 3.442931886381622064e+00
3.264150209531658930e+01 -4.346082060824443261e+00
3.255775232829409305e+01 -3.635296043846970804e+00
3.258628305809777004e+01 -2.965407472722802140e+00
3.253798320023991408e+01 -2.260180218735140301e+00
3.247854092380830338e+01 -1.558157469968655562e+00
3.253105742521217536e+01 -8.900924632038247353e-01
3.249798886418614785e+01 -1.854313571768422264e-01
3.250700400039193738e+01 5.251736298669804626e-01
3.252585570399379122e+01 1.259381955641959649e+00
3.251801148865946089e+01 2.018703584696883269e+00
3.258528114217100580e+01 2.749568378024044080e+00
3.261457422322575184e+01 3.450784715856393348e+00
3.342985770184994720e+01 -4.291097585330991393e+00
3.337656029161160376e+01 -3.604202047695643785e+00
3.330430214944613709e+01 -2.925347576983917008e+00
3.328297485430463354e+01 -2.275033099493114719e+00
3.326840854968309458e+01 -1.590569958996951527e+00
3.325927039207054037e+01 -8.709740679528259477e-01
3.324413417752884214e+01 -1.541834276903024659e-01
3.327407421521369457e+01 5.760694886438741946e-01
3.328088554107618080e+01 1.317815773363758325e+00
3.333549168045298217e+01 2.030353132310775521e+00
3.338689303950467746e+01 2.761221721173356514e+00
3.339431063496936503e+01 3.491537533723118258e+00
3.418314337644698497e+01 -4.294126489819703352e+00
3.412494267098652045e+01 -3.647522663901078488e+00
3.411177416807384333e+01 -2.919534995341717121e+00
3.404964826756623353e+01 -2.250707671636796192e+00
3.402566450022150235e+01 -1.588627735367268201e+00
3.402933867655485045e+01 -8.586857490857013886e-01
3.404317683985372156e+01 -1.127596269432729059e-01
3.400035665703877186e+01 5.116545060786812371e-01
3.402836594987861218e+01 1.328350404243824556e+00
3.412498125528406234e+01 2.055217687189752951e+00
3.415566363810074080e+01 2.787435658961250340e+00
3.413908105085092615e+01 3.520488816645745089e+00
3.495054776186827183e+01 -4.280140222906922531e+00
3.492344708751030424e+01 -3.609091450554959835e+00
3.488675226738785540e+01 -2.906613487430760756e+00
3.482455796921086488e+01 -2.239918354616630580e+00
3.479734931730863678e+01 -1.517466457081461328e+00
3.478725389104089771e+01 -8.078313124175444671e-01
3.482521861944338326e+01 -4.855953507572507988e-02
3.483831774394472092e+01 6.344220354617142732e-01
3.493709976121711946e+01 2.029954034312687838e+00
3.493700946110173078e+01 2.813642330998838759e+00
3.504183402516135715e+01 3.617456593948176646e+00
3.574393372682509806e+01 -4.291062211662055148e+00
3.572511726765576867e+01 -3.545399494999440293e+00
3.570229725183568092e+01 -2.919758327529279995e+00
3.559589092277568767e+01 -2.188655042602743350e+00
3.558239756827071432e+01 -1.470025523025238812e+00
3.555946332939988253e+01 -7.491390072630146335e-01
3.561442712211637485e+01 -2.314399643536191320e-02
3.560771336696137013e+01 6.431085287056319544e-01
3.566501386450813271e+01 1.408531680997061386e+00
3.566034801181876190e+01 2.093850061466355328e+00
3.580153689090001734e+01 2.869117940459631200e+00
3.591871898588185985e+01 3.583168408619215484e+00
3.655587008788645420e+01 -4.229508199604094187e+00
3.646391715215249718e+01 -3.516718924676350611e+00
3.644022128829642071e+01 -2.828910504153128613e+00
3.635974983935040683e+01 -1.415406055899730120e+00
3.635840241794297611e+01 -6.982232337068197126e-01
3.648181583825331842e+01 1.795928451113439905e-01
3.638322760440684789e+01 7.282873036348149753e-01
3.657374809820242234e+01 1.412623811074119828e+00
3.660377220527821152e+01 2.168858410477398024e+00
3.660795010844801567e+01 2.901994968013305254e+00
3.667826969890057143e+01 3.606895331861203147e+00
3.739690316082425880e+01 -4.164653981378627634e+00
3.729077358019133470e+01 -3.464277194315300790e+00
3.727562595494989495e+01 -2.742364550023800973e+00
3.724234661102727983e+01 -2.048549746071362421e+00
3.721292023018055062e+01 -1.343350192110296604e+00
3.717783047905664517e+01 -6.106928808404710196e-01
3.729368980591298310e+01 1.988880999588324983e-01
3.736141575207214061e+01 7.768593193879063108e-01
3.765380334421005415e+01 1.339411090663155335e+00
3.759642805410448574e+01 2.249617967574319977e+00
3.829845031221731944e+01 -4.098411278226915755e+00
3.826008709610146497e+01 -3.339197586175458810e+00
3.824056338454803239e+01 -2.669740813431008775e+00
3.826907898992761403e+01 -1.947644594018576925e+00
3.851810899780331710e+01 -1.129482510339304469e+00
3.817611061116483739e+01 -4.587018398047852941e-01
3.823058005484543997e+01 2.761722606867465402e+00
3.848937417097338454e+01 3.249258705068520214e+00
3.931506116455630462e+01 -3.271507231575377261e+00
3.934234575398198075e+01 -2.971906336055223363e+00
3.929386657356081258e+01 -1.759785540642468504e+00
4.000496759673091418e+01 1.147073598209836121e+00
4.000538161813575044e+01 1.892927704910260189e+00
4.000994904653106943e+01 2.614966970572439209e+00
4.000421591785067932e+01 3.322282789339759290e+00
3.998973518321205489e+01 3.996575149761099510e+00
4.074472376075450342e+01 -3.967674994957750556e+00
4.072600513590075622e+01 -3.214269734852965854e+00
4.070903688594842862e+01 -2.465625735503504501e+00
4.070935846101152578e+01 -1.777815469157658868e+00
4.072523693173113912e+01 -1.067976053063780739e+00
4.072750610551874928e+01 -3.526287984763811778e-01
4.073549259383286625e+01 1.123430713063417130e+00
4.071852861651766631e+01 1.847694742319607286e+00
4.070639042305511879e+01 2.527766199129082736e+00
4.069241302265734106e+01 3.308571151082709605e+00
4.070982266348791967e+01 3.967674994957747003e+00
