-5.497398614728226107e-01 -4.040840077252003226e+00
-5.436270679139383333e-01 -2.519254814155882372e+00
-5.486278392945678206e-01 -1.863584302272162319e+00
-5.357219247028481846e-01 -1.133408458504337801e+00
-5.562894434881471284e-01 -4.074006255892577144e-01
-5.424025137953520925e-01 3.557209484710988079e-01
-5.452395186806811012e-01 1.073394228073613732e+00
-5.429611683283610546e-01 1.795666283825365639e+00
-5.398568232386011800e-01 2.492941384290780604e+00
-5.418830622960015830e-01 3.235750388194787774e+00
-5.350445464369357751e-01 3.971243458288853390e+00
2.134716700803807043e-01 -4.021835191617466165e+00
2.251272258595875542e-01 -3.312965987301460302e+00
2.133735554831446279e-01 -2.569715761447746161e+00
1.860765164558770834e-01 -1.854747296266975098e+00
1.920751564991718396e-01 -1.116046463629402297e+00
2.104019195595228098e-01 -3.975415347063204763e-01
1.745748725062199469e-01 1.061048856319253275e+00
1.888897275560239564e-01 1.792892768805266712e+00
1.967620244722638745e-01 2.496710427926341680e+00
1.863220759249415437e-01 3.262016327452748499e+00
9.423201796868951874e-01 -3.292000141079252984e+00
9.163546948253866731e-01 -2.577691750038116680e+00
9.323368699964618145e-01 -1.845911155869508491e+00
9.333069039017658497e-01 -1.110279228306588095e+00
9.323145138540027688e-01 -3.842108932020806833e-01
9.312166763421103610e-01 1.068509052658004777e+00
9.392669715987764789e-01 1.784450177751079281e+00
9.151346977577290431e-01 2.531217517663748140e+00
9.287797214934698786e-01 3.271710305845836331e+00
9.222522917582267610e-01 3.987776125857408260e+00
1.660173898389437852e+00 -4.011785541682673539e+00
1.670167412276477137e+00 -3.298507009888897556e+00
1.673032416092283370e+00 -2.565200515425196670e+00
1.659468420394745181e+00 -1.823604297788119055e+00
1.647519222158045693e+00 -1.111280035754383277e+00
1.660410924523532117e+00 -3.965692027877913972e-01
1.660290733055013845e+00 1.067572260255413852e+00
1.658735503586854065e+00 1.805499564612183860e+00
1.663897959526934756e+00 2.527500913848783171e+00
1.677607001372180662e+00 3.261729170794076538e+00
1.671052188062994048e+00 3.970253050817881046e+00
2.387218927860303097e+00 -4.013650201467790168e+00
2.369356354971770884e+00 -3.294661171266973554e+00
2.392695508628712275e+00 -2.577518335161876450e+00
2.408883568375856044e+00 -1.839919256767657885e+00
2.410619799924084816e+00 -1.111667762033125229e+00
2.400295553726607523e+00 -3.709728295079059990e-01
2.394831561934864794e+00 3.542175286462274642e-01
2.385686440986631851e+00 1.781323027863475517e+00
2.394165531133950253e+00 2.554982111199173289e+00
2.370001934636626117e+00 3.262107931749760326e+00
2.385546572082766659e+00 3.991269355266076957e+00
3.132018388485541038e+00 -4.010432516626721622e+00
3.118332935760712132e+00 -3.303576741609465017e+00
3.104426039257546677e+00 -2.583335111816797536e+00
3.122292493654072132e+00 -1.842417645166591456e+00
3.123496884927170925e+00 -1.116451150866623721e+00
3.117589689845601697e+00 -3.667887790362129863e-01
3.100860973782694430e+00 3.368966627980292117e-01
3.120972143245133168e+00 1.089920100315612927e+00
3.107730108555742277e+00 1.809525706845686699e+00
3.140477421897145405e+00 2.553992438860994696e+00
3.097700647494725956e+00 3.236235019289033232e+00
3.119043228731925410e+00 3.980710204024546783e+00
3.862445330522433551e+00 -4.019191941532412216e+00
3.876238233008578504e+00 -3.268887748248733516e+00
3.848579309557415229e+00 -2.561849276842075085e+00
3.848882226680167662e+00 -1.859584411091873335e+00
3.846471423893952135e+00 -1.114019816488717396e+00
3.858518055392046620e+00 -3.981431689555776643e-01
3.838900982728134181e+00 3.267120447947853279e-01
3.867210207415347156e+00 1.068531274797116737e+00
3.853682320691959262e+00 1.805580753942969352e+00
3.849842038049573034e+00 2.545650556542049969e+00
3.854127742543717261e+00 3.255601444906652375e+00
3.846521588353240872e+00 3.966594209842369878e+00
4.562135462070351366e+00 -3.995799099483644312e+00
4.573113530260307869e+00 -3.288049075112425612e+00
4.579380861585178764e+00 -2.558911770272132458e+00
4.618072980286441975e+00 -1.840694944532099697e+00
4.564958582045711921e+00 -1.131602555972936131e+00
4.581841560995336238e+00 -3.840931828481899402e-01
4.565647953064157605e+00 3.698074062954823660e-01
4.583684746482397543e+00 1.051503465191522935e+00
4.593688198399746625e+00 1.787183828273882114e+00
4.599908050580943097e+00 2.531601293859875312e+00
4.600495395649602415e+00 3.246798199074426350e+00
5.316034502332904310e+00 -4.004141450189013796e+00
5.315493794283284501e+00 -3.282645586390156467e+00
5.321198972320061671e+00 -2.557244826031841001e+00
5.300130681774049890e+00 -1.110009948936404811e+00
5.310192515318703954e+00 -3.877001333856711085e-01
5.312779305808419394e+00 3.514296609945724015e-01
5.333422316447915534e+00 1.056826728929138426e+00
5.347789001649402962e+00 1.795663413633288741e+00
5.328797723682193066e+00 2.507181602015982946e+00
5.354649058221689018e+00 3.246156137955360066e+00
5.346979705699645535e+00 3.948565655650313033e+00
6.025120607058227051e+00 -4.003092367498773285e+00
6.045189570229155152e+00 -3.279710711463042827e+00
6.041667214243659600e+00 -2.548408539084043412e+00
6.060785046256377484e+00 -1.824870770128185882e+00
6.042062686463594900e+00 -1.111372568708578257e+00
6.031303557717158981e+00 -3.626052103245207547e-01
6.048878904447555271e+00 3.445185458625736885e-01
6.029407263226119085e+00 1.060603696674252916e+00
6.073703885453070939e+00 1.787887604291935162e+00
6.073573850971754950e+00 2.535044926931579568e+00
6.064725533546145186e+00 3.245028566127437841e+00
6.059951127920555791e+00 3.967416660797148609e+00
6.776981972165025070e+00 -4.015979235865160035e+00
6.764000747871030228e+00 -3.289909886528764815e+00
6.774914235788308758e+00 -2.558047801402093313e+00
6.770422745814371979e+00 -1.806897727038016654e+00
6.761794319465032288e+00 -1.087001589365126364e+00
6.799931277089974913e+00 -3.801071127827526652e-01
6.784720368969232140e+00 3.501713995497688359e-01
6.790646685644652791e+00 1.065335049433027592e+00
6.790781374396473780e+00 1.794441082730003245e+00
6.794533266300561536e+00 2.543170726545120885e+00
6.798453347818607995e+00 3.249330884452128032e+00
6.811344301702369819e+00 3.971766131213463780e+00
7.516150571233580990e+00 -4.011617410365758474e+00
7.511679223628888735e+00 -3.315269552685954579e+00
7.510363777805835639e+00 -2.561032329167947097e+00
7.511921702020465830e+00 -1.829831414088637587e+00
7.525138486739152199e+00 -3.803067548480321136e-01
7.533318191522099028e+00 3.464315627884850812e-01
7.502484488060325418e+00 1.057424242251812530e+00
7.545007534269096539e+00 1.785924798639381805e+00
7.535614723301542028e+00 3.239420836051188246e+00
7.544618214891848140e+00 3.960594587730994931e+00
8.248194597542756412e+00 -4.012774628085445272e+00
8.207644867870278915e+00 -3.294209433298224354e+00
8.233265163996307479e+00 -1.838580106843402007e+00
8.270077998751666826e+00 -1.124889129092334628e+00
8.298073123731406042e+00 -3.842172665620715577e-01
8.288687897799221105e+00 3.470599772811162609e-01
8.274545312778947448e+00 1.064212436521000171e+00
8.282505340465185384e+00 1.788702936331812765e+00
8.281185824344547086e+00 2.526031758763764401e+00
8.276748403602589121e+00 3.255193415077862085e+00
8.264865591708407067e+00 3.974654500770299137e+00
9.005653018264034415e+00 -4.023649690911593524e+00
8.998277235522309070e+00 -3.287927859107817596e+00
8.999413220511321754e+00 -2.550556683597687169e+00
8.984591350047544722e+00 -1.860059627028821438e+00
9.004812944452439183e+00 -1.131752005174867293e+00
9.019952897516382961e+00 3.165360907681176172e-01
9.026833211645509891e+00 1.073831182131399942e+00
9.022209003138208061e+00 1.778039747497491163e+00
9.008373360955687303e+00 2.524980934875099337e+00
8.991262516651325143e+00 3.230852119033656322e+00
8.994603244162895805e+00 3.977269781742421628e+00
9.738681862329052308e+00 -2.577224818756693736e+00
9.749772188499854053e+00 -1.126494746981187234e+00
9.744533051699853843e+00 -4.070392514229190795e-01
9.747651741325526586e+00 3.285227084883501902e-01
9.725252028855514652e+00 1.073443891576602027e+00
9.744519772546667014e+00 1.779998694594432607e+00
9.733623177333349474e+00 2.524498846172424038e+00
9.746702656674735010e+00 3.245330134036301217e+00
9.745518445521511808e+00 3.969469711672140022e+00
1.048473878727303799e+01 -1.852046833661106007e+00
1.048379098872684523e+01 -1.126291375366918146e+00
1.048797662548832932e+01 -4.165830976889104420e-01
1.046037079649629931e+01 3.206438091475263263e-01
1.044512692427858980e+01 1.077729280048313143e+00
1.047578667010405695e+01 1.790025987543899078e+00
1.047058068661296915e+01 2.494604344987827460e+00
1.046566909192570449e+01 3.230194276255026864e+00
1.047742076977631598e+01 3.940991049826237713e+00
1.126257711160897657e+01 -4.027537905761565895e+00
1.125417266534901728e+01 -3.313202896017262589e+00
1.125624210777090184e+01 -2.582864947385534293e+00
1.125811039733950025e+01 -1.857619941814988351e+00
1.124357561598682764e+01 -1.118751090019202366e+00
1.123403160465963424e+01 -3.957774786389620658e-01
1.120844338624641523e+01 1.077886414002271920e+00
1.120616206108795865e+01 1.778149781942602203e+00
1.121201956584400961e+01 2.505111471633803433e+00
1.121806897238970890e+01 3.249562245268045046e+00
1.122883187934213112e+01 3.947461589862584219e+00
1.199563336611750231e+01 -3.299180149684939778e+00
1.200051136563362775e+01 -2.572311337398939912e+00
1.201370710764433625e+01 -1.858757096286268506e+00
1.197677532718363835e+01 -1.124777209049323545e+00
1.195454780290024388e+01 3.173776228502624974e-01
1.193142810708506829e+01 1.050917874878262381e+00
1.193630207386843978e+01 1.769651364074487532e+00
1.193153905177943841e+01 2.498738192035066419e+00
1.194444152715604446e+01 3.209796281848340982e+00
1.195077596621744931e+01 3.961853827040258125e+00
1.272807934009723851e+01 -3.289220128577735380e+00
1.272078639942232314e+01 -2.572271900476394535e+00
1.273774581385792004e+01 -1.867146004192168363e+00
1.270530541960777526e+01 -1.117979623328604788e+00
1.271493163899539525e+01 -3.791036229369950661e-01
1.269794167238283933e+01 3.287842194465540047e-01
1.267466061384018872e+01 1.058688117764557290e+00
1.266741508244675884e+01 1.789492650012736163e+00
1.268197288550982904e+01 2.508348335647276883e+00
1.267987334004077127e+01 3.230548595434825643e+00
1.268353908668818519e+01 3.948629855855926962e+00
1.349430068126989823e+01 -4.057376413537305382e+00
1.345645923292444479e+01 -3.301312185816346556e+00
1.346966365798598986e+01 -2.580395525921161948e+00
1.346225382586688113e+01 -1.853725880254966540e+00
1.345045458957343243e+01 -1.118247316242729994e+00
1.345028989347996173e+01 -3.895940656270084901e-01
1.345027171258424659e+01 3.399723538681378443e-01
1.344706292424682914e+01 1.054579580228452329e+00
1.344555649162855104e+01 1.784357586136767537e+00
1.343423868562300072e+01 2.532745022239382138e+00
1.343754932578027450e+01 3.236715802155323729e+00
1.344129085760276610e+01 3.985683727622941319e+00
1.422463417688677367e+01 -4.026136053609114640e+00
1.422971530507710725e+01 -3.297013788102031384e+00
1.422536958904336757e+01 -2.558904735034023048e+00
1.419107350334580531e+01 -1.102322051784060619e+00
1.419029925008488391e+01 3.465171738100210064e-01
1.416571907727868052e+01 1.058726102674391711e+00
1.417565189471661569e+01 1.782512166944616894e+00
1.415890565796520661e+01 2.514124299722855227e+00
1.419435100946292749e+01 3.259975439895470117e+00
1.418064831589752117e+01 3.966316193273563329e+00
1.494436428239450976e+01 -3.298259880032428981e+00
1.495938484794106671e+01 -2.577056764395564414e+00
1.493900332327445568e+01 -1.844222553395844955e+00
1.495953503499173820e+01 -1.126870538448805803e+00
1.495622585509917002e+01 -3.859890353573973698e-01
1.491537270882680843e+01 3.062611856376236119e-01
1.493782571098709866e+01 1.058990830743852030e+00
1.490974156938831641e+01 1.783757514563159674e+00
1.490457261084225138e+01 2.539578744287357637e+00
1.492308775623756389e+01 3.256359969269702503e+00
1.491920944616180122e+01 3.974648414686015485e+00
1.569506391037062798e+01 -4.036810281801301414e+00
1.569471714191627854e+01 -3.296691849371175209e+00
1.570760912348594474e+01 -2.574217456606177734e+00
1.568254207068721229e+01 -1.854600838673253094e+00
1.565682112955421701e+01 3.458741916509175951e-01
1.565180019560605729e+01 1.074465722421432901e+00
1.566350138244972356e+01 1.803364702521417229e+00
1.564274346317766629e+01 2.521628043156091792e+00
1.567210973741961766e+01 3.251079362467230283e+00
1.566840741222665656e+01 3.979312030687403023e+00
1.645554341145997768e+01 -4.020271582493229801e+00
1.644464527981340041e+01 -3.305607671871030107e+00
1.644824331967674169e+01 -2.565224476711993162e+00
1.642671394634737680e+01 -1.115362503370818104e+00
1.641947916091429960e+01 3.696735557120405247e-01
1.641381024174735614e+01 1.048591434820341561e+00
1.638636623199851527e+01 1.800930392426426607e+00
1.641124210729064004e+01 3.267713935351025611e+00
1.639911194014686657e+01 3.982281600064069949e+00
1.718803580723462687e+01 -4.023314254177911664e+00
1.717690707976416320e+01 -3.299580066836487191e+00
1.719671591709222014e+01 -2.570753130668560260e+00
1.719117914002582381e+01 -1.854430414558919438e+00
1.714949739947821428e+01 -1.124292669007658674e+00
1.717954864385819036e+01 -3.981177343125175128e-01
1.715951474318517711e+01 3.526207441275239773e-01
1.713443401265523391e+01 1.792266029120099802e+00
1.714823674420078703e+01 2.525157945184069774e+00
1.712712479043026548e+01 3.264521271001456171e+00
1.714551027267179251e+01 3.970390191048529971e+00
1.791598361845495191e+01 -4.039135314646717489e+00
1.792336709038612241e+01 -3.302230648485043218e+00
1.792152188499029108e+01 -2.608923142509244286e+00
1.792727653079234784e+01 -1.850810444809876998e+00
1.789678002749049313e+01 -1.131353748766006362e+00
1.789408998438636900e+01 -4.018243606262359435e-01
1.789908786436743782e+01 3.335554040491643946e-01
1.789105406228681971e+01 1.819104786542524721e+00
1.787791802773344330e+01 2.536223215928384178e+00
1.787646645384545963e+01 3.262125592912880734e+00
1.787820925058936439e+01 3.974676532252551908e+00
1.865327208681613058e+01 -4.015638271978080098e+00
1.863737761012644967e+01 -3.299177015519219935e+00
1.863650305320130229e+01 -2.583857550524808033e+00
1.863484166297200773e+01 -1.821326377800676966e+00
1.864040883566935491e+01 -1.122846892006865716e+00
1.862856355566628963e+01 -4.128129949005092669e-01
1.863476209850397680e+01 3.761648176731462456e-01
1.859676327068702761e+01 1.075358064410764314e+00
1.858790906501619133e+01 1.730817550593961585e+00
1.861307545411995079e+01 2.552115878333214738e+00
1.861409776278926387e+01 3.247493181586655453e+00
1.862488240721727095e+01 3.983918517735595799e+00
1.937930747903556039e+01 -4.010879977434324672e+00
1.936814634997750062e+01 -3.306021735890720237e+00
1.936823646892826645e+01 -2.553939147602342530e+00
1.935510708149398340e+01 -1.848925997508668928e+00
1.933568348094041056e+01 -1.123486494313564066e+00
1.936562430820428915e+01 -3.891358008296599280e-01
1.934165349243480136e+01 3.323200133341579487e-01
1.935840818305603506e+01 1.084586711479438748e+00
1.934860548136640546e+01 1.813643451724569644e+00
1.934280866846258107e+01 2.537981051336608118e+00
1.934948750203867718e+01 3.278343770589067674e+00
1.932764258243772559e+01 3.982944932063247734e+00
2.009096182931554608e+01 -4.043324695815773140e+00
2.009921781238438143e+01 -3.299440606305989121e+00
2.007846727434146317e+01 -2.564998016557243687e+00
2.009322743111235354e+01 -1.850489589616454822e+00
2.008917650086702622e+01 -1.107562827712843756e+00
2.010337088509672299e+01 -3.874649208769156417e-01
2.008356588887689043e+01 3.609519367181945881e-01
2.010214918900772574e+01 1.063033357062707296e+00
2.005836763443502946e+01 1.792047759610245095e+00
2.008625703074869762e+01 2.522429765052546458e+00
2.007043865612437372e+01 3.259337604262384502e+00
2.008509384498141515e+01 4.010918205360425759e+00
2.082860476663623928e+01 -4.005042698119588351e+00
2.080660997404962842e+01 -3.295992339140092042e+00
2.082450120520036307e+01 -2.563232472684820351e+00
2.082024945088711121e+01 -1.835600670014713387e+00
2.082101448296158708e+01 -1.114156329874251838e+00
2.081122403782201502e+01 -3.907618288207679313e-01
2.081836628630308184e+01 3.427697157678046835e-01
2.081312480830811751e+01 1.065354820895439758e+00
2.082146874238082290e+01 1.796841930041754409e+00
2.083931832083090541e+01 2.521722219806079579e+00
2.081047780877386089e+01 3.256717914524827506e+00
2.082935207284403845e+01 3.989124269610350382e+00
2.158196210915613733e+01 -4.016034890830940896e+00
2.157717748845026051e+01 -3.290032080565651995e+00
2.154589013931101249e+01 -2.584200852450930341e+00
2.156378826405166649e+01 -1.844099624518683811e+00
2.156134452624802123e+01 -1.100271470902885795e+00
2.156575746159274587e+01 3.394748948307118042e-01
2.156555725293990378e+01 1.098124553189201436e+00
2.155875017637352897e+01 1.792871288666862739e+00
2.154583801662898424e+01 2.545870537338487338e+00
2.151077463632357478e+01 3.251640043447942219e+00
2.155940278984788705e+01 3.974331158465474800e+00
2.231670103382246140e+01 -4.033368514831117579e+00
2.230157862954087733e+01 -3.304011915502506724e+00
2.229449066993953465e+01 -2.547871257331649986e+00
2.232657669917512777e+01 -1.836937574616218427e+00
2.231433401196489541e+01 -1.098430408791134738e+00
2.230515622644042395e+01 -3.872328696363993572e-01
2.229397845506633047e+01 3.486561820320517313e-01
2.232029936629070477e+01 1.083115735391590562e+00
2.228269102731496787e+01 1.809199103873488923e+00
2.229281409792876900e+01 2.545641125501333590e+00
2.230847898494332071e+01 3.243800653026788439e+00
2.230005294664024973e+01 3.977040929882718956e+00
2.308351587663830173e+01 -3.984606712177374277e+00
2.307275712697312997e+01 -3.284919010945287710e+00
2.307970806949420250e+01 -2.545040052260468144e+00
2.308509370097460334e+01 -1.831714557055800441e+00
2.305646780454225109e+01 -3.636176509931807743e-01
2.305317802675387640e+01 3.568055575402198087e-01
2.304552042235572884e+01 1.085826758861102803e+00
2.303906925626808544e+01 1.809777377529702136e+00
2.303800379928307507e+01 2.531542277496484417e+00
2.304527590430806328e+01 3.243014097941866680e+00
2.304283117532647651e+01 4.003644351625247566e+00
2.381318612089015829e+01 -4.023949058500409848e+00
2.381744832755034480e+01 -3.287995530429110858e+00
2.381479138632571591e+01 -2.562322663931162481e+00
2.382527188092665682e+01 -1.819296841237704854e+00
2.380883956560942494e+01 -1.094468131427785096e+00
2.380743300219790370e+01 -3.827013128942056142e-01
2.381205713410557223e+01 3.450946614746719376e-01
2.380305102080080104e+01 1.094075824163333266e+00
2.378737324657809182e+01 2.550310372564865702e+00
2.378116751944441631e+01 3.253457048299857490e+00
2.377444346197541591e+01 3.987166714667964129e+00
2.455101768186593603e+01 -4.011922465232192536e+00
2.454426244522247913e+01 -3.287631648509076854e+00
2.455604530101973637e+01 -2.556970506408170252e+00
2.454522206178580745e+01 -1.824828742399468240e+00
2.455027417126934353e+01 -1.098250616142181002e+00
2.453398209932542784e+01 -3.798889300574792571e-01
2.453755765547749945e+01 3.492335784232771800e-01
2.453319766141503777e+01 1.078749750292164578e+00
2.453247696331855110e+01 1.815569889822214122e+00
2.453194707104371730e+01 2.538744066381614317e+00
2.450301738664549589e+01 3.268112920450292336e+00
2.453593475638604104e+01 3.974825030073908749e+00
2.528086688953267469e+01 -4.012393631480566825e+00
2.527655769118883455e+01 -3.286414267638519959e+00
2.527601132309813181e+01 -2.555816891689168813e+00
2.528168333870095097e+01 -1.832152104171484552e+00
2.526682062014420893e+01 -1.094486199806603111e+00
2.525972344877136067e+01 -3.684258275219640666e-01
2.529552936298338750e+01 3.283246411919407137e-01
2.526608196687782026e+01 1.076585255656624440e+00
2.525032621806335698e+01 1.802747531253636737e+00
2.526625975246633260e+01 2.537127520220884946e+00
2.523476816790950750e+01 3.264803032576125474e+00
2.527743903817518856e+01 3.983391887079264393e+00
2.601670908542926952e+01 -4.004338045403130764e+00
2.600734786433425683e+01 -2.560437149477746033e+00
2.597998424207477086e+01 -1.839637283221676967e+00
2.600784506934361673e+01 -1.101415441435818821e+00
2.599663347583900475e+01 -3.835117602027544592e-01
2.600943473743875245e+01 3.375993706990954024e-01
2.600413315698994410e+01 1.070296623152898974e+00
2.600056317610699352e+01 1.809528048665693944e+00
2.599542372059964634e+01 2.527174551689903126e+00
2.598735667071499478e+01 3.261001530177168206e+00
2.599337462558803225e+01 3.982176112898081044e+00
2.675067577486143477e+01 -3.994448269434922594e+00
2.670329717568017003e+01 -3.268620089461666822e+00
2.676770000158926877e+01 -2.554986988630357558e+00
2.673814985348268181e+01 -1.829384510559499688e+00
2.674160276622971111e+01 -1.119804822505852115e+00
2.674052314801961927e+01 -3.800386956837549235e-01
2.672536844052351057e+01 3.442407882284470588e-01
2.672477296130407609e+01 1.067110934283537205e+00
2.672373960563000139e+01 1.795257316614240040e+00
2.673904591736199166e+01 2.515811254623368853e+00
2.673538127321989322e+01 3.259373873518768505e+00
2.674218241426503795e+01 3.989500729965357095e+00
2.747501821544176437e+01 -3.993864544553556328e+00
2.747610075693610554e+01 -3.301790061800176090e+00
2.746664921651654367e+01 -2.567899332098871668e+00
2.747028523705913017e+01 -1.833850118250371253e+00
2.746398598094294385e+01 -1.104931901513928949e+00
2.745355416118879788e+01 -3.684634683738572392e-01
2.746190721941434276e+01 3.471008061702001157e-01
2.744135836272702988e+01 1.074262306276125400e+00
2.747061776158506774e+01 1.814725536863434741e+00
2.748272303587623355e+01 2.543428278768040229e+00
2.747367023052110113e+01 3.253304379798457546e+00
2.746093059660055502e+01 3.986151910157175848e+00
2.821290847876895924e+01 -4.010425827242336538e+00
2.818088205075750352e+01 -3.321970831020195192e+00
2.821902346340486645e+01 -2.560459137869166568e+00
2.820260328027757168e+01 -1.835030926341762125e+00
2.820291535455346832e+01 -1.109634801742590327e+00
2.818489891008059089e+01 -4.019579986991814735e-01
2.820350235994176558e+01 3.496327574402506855e-01
2.819746709566491205e+01 1.056951984370254394e+00
2.818731616717585098e+01 1.823341675845654208e+00
2.819780314339949712e+01 2.531895419170464123e+00
2.821519109946059700e+01 3.256952582743778635e+00
2.819769452113591512e+01 3.990402081339780693e+00
2.893748862260003563e+01 -4.026645659804191979e+00
2.893430342839213409e+01 -3.284089387776244706e+00
2.893711089347177534e+01 -2.549928389648862037e+00
2.894971009151013419e+01 -1.842737707900617750e+00
2.893701720362599161e+01 -1.095073557182395518e+00
2.894928148079578278e+01 -3.760063081041025157e-01
2.894392676796037023e+01 3.469480201895223104e-01
2.894153266413952252e+01 1.069522519518919523e+00
2.895556409269071452e+01 1.790036975306804834e+00
2.892997344217092603e+01 2.529067367371798269e+00
2.891923894915110083e+01 3.264030908012962584e+00
2.893524852907386702e+01 3.988109893113573889e+00
2.968925624629003579e+01 -4.017606170033666046e+00
2.967455044096326588e+01 -3.295944448372193136e+00
2.966754697189150392e+01 -2.546165899929825116e+00
2.966958943567841089e+01 -1.845068985132510164e+00
2.965364963630467088e+01 -1.116034977841835030e+00
2.965101952446423894e+01 -3.870635991250779284e-01
2.965604607460283404e+01 3.416258638866906949e-01
2.965961123773490016e+01 1.067469868642412223e+00
2.966241019218350772e+01 1.777529177638676572e+00
2.967147845711991039e+01 2.524369206994837356e+00
2.967283257604106694e+01 3.241620343211977229e+00
2.967789409749642715e+01 3.990769114423663666e+00
3.041698587591738345e+01 -4.015824178301397041e+00
3.042828869156245020e+01 -3.297513348715899184e+00
3.041492198699831562e+01 -2.569274081128813947e+00
3.041090330894405014e+01 -1.838971039443165978e+00
3.041815030820904298e+01 -1.105937245304151162e+00
3.039560245867034638e+01 -3.884993402905152493e-01
3.041015724093278294e+01 3.385828951341132154e-01
3.040303596670431574e+01 1.081779481266529785e+00
3.039914692606863156e+01 1.814511212999370571e+00
3.040202445310178092e+01 2.523440829913329964e+00
3.040090343981817256e+01 3.243763938681887282e+00
3.040211332369492681e+01 3.970560249227865768e+00
3.113750391551476326e+01 -4.010807582740103072e+00
3.114992481917294498e+01 -1.828153305374875970e+00
3.114212879029403069e+01 -1.118322012463877968e+00
3.113895368681485110e+01 -3.827160052594500428e-01
3.114894456707131809e+01 3.468632912569411531e-01
3.113171818322707196e+01 1.057485233433535399e+00
3.113113390058631325e+01 1.797034112879401846e+00
3.113968285581713502e+01 2.526596709004209629e+00
3.113877583766358015e+01 3.248510295433447936e+00
3.112333315933975797e+01 3.974524421511766548e+00
3.189055394908407237e+01 -4.020327123150039483e+00
3.188619208993194576e+01 -3.281944665166392383e+00
3.187923368083722409e+01 -2.570836599604142236e+00
3.189112494834852640e+01 -1.841467870116936467e+00
3.187015715732540144e+01 -1.114546926862672649e+00
3.187339772076705202e+01 -3.914513107283319471e-01
3.187041470127200427e+01 3.405275121324571330e-01
3.187157225618324929e+01 1.070936800668334854e+00
3.187491930417711927e+01 1.810877111920568439e+00
3.188151562745789391e+01 2.532634647604155020e+00
3.186944262961193175e+01 3.268595183716172414e+00
3.186710615845543515e+01 3.988969798572476577e+00
3.262970043145914900e+01 -4.016832342811234469e+00
3.262361524222860254e+01 -3.290915311930422860e+00
3.259703347714687283e+01 -2.559778520104647015e+00
3.261490362045650926e+01 -1.847580726526256711e+00
3.259925231130197432e+01 -1.094379151679039097e+00
3.261154094469329578e+01 3.413544432976500786e-01
3.261073403883610666e+01 1.058236750104626367e+00
3.259257783778028994e+01 1.803697007388038287e+00
3.260115580205624752e+01 2.530727666326658465e+00
3.257986505948645828e+01 3.242178189739142624e+00
3.261744505129089333e+01 3.970843035960953671e+00
3.334300415658237426e+01 -4.022135750317584524e+00
3.334586197101325666e+01 -3.290778817671181855e+00
3.335075834211348678e+01 -2.549261890524597618e+00
3.334325484016948593e+01 -1.832025061988005632e+00
3.334337246578096625e+01 -1.103416734048799697e+00
3.333703471935643137e+01 3.319709310722274154e-01
3.331740837168366198e+01 1.078818715857249089e+00
3.336276450221671297e+01 1.792935226999421872e+00
3.334436796778755507e+01 2.528085692638960325e+00
3.334215563405317795e+01 3.257857257365728287e+00
3.334107119459013546e+01 3.977682742599228050e+00
3.407272997670573744e+01 -4.011462024854814956e+00
3.407315202368430818e+01 -3.289363655352079974e+00
3.408338049042448148e+01 -2.562538874640281961e+00
3.406442858063609691e+01 -1.845514909927629787e+00
3.406827021877172257e+01 -1.102734236138491752e+00
3.407993082892583203e+01 -3.806128206086043519e-01
3.406561230345372593e+01 3.441918335621458880e-01
3.407095402800496942e+01 1.075060573891395421e+00
3.406900958048465355e+01 1.794193787277382768e+00
3.404624121078220611e+01 2.538759948930767507e+00
3.408489990673151482e+01 3.260534205255353868e+00
3.405907766224806466e+01 4.000107856796397243e+00
3.481507267225962465e+01 -4.000272942727931991e+00
3.480992997234918818e+01 -3.280401322494665095e+00
3.480443032860186037e+01 -2.549766128809068277e+00
3.479472522161962189e+01 -1.837825728327466379e+00
3.480680510810588402e+01 -1.109241751814160182e+00
3.480108342958892109e+01 -3.855369852270698061e-01
3.480207837014479111e+01 3.416505542172529886e-01
3.480348064521772500e+01 1.088021143774312804e+00
3.480717380606542832e+01 1.813966682943359388e+00
3.481933104635184151e+01 2.526773869297684882e+00
3.482172457832461276e+01 3.260446128924144205e+00
3.479460515965686085e+01 3.985847338652320104e+00
3.553534530960381943e+01 -4.011474529008751233e+00
3.550350450258601853e+01 -3.294512901838849928e+00
3.553286921602154536e+01 -2.551664607961530606e+00
3.553001157177052249e+01 -1.831581947203744676e+00
3.554115314848917961e+01 -1.118008382294100045e+00
3.554398139592833417e+01 -3.923425769690283005e-01
3.551790015891990748e+01 3.510495592975289014e-01
3.552944490705669267e+01 1.060982108700979865e+00
3.551314205879844366e+01 1.813583445534227678e+00
3.551109066637759071e+01 2.521694399465669534e+00
3.553881957341614140e+01 3.261208304185224449e+00
3.552446284928364406e+01 3.979933570969883760e+00
3.627208744888638847e+01 -3.989164392571552753e+00
3.626611302192061004e+01 -3.265257397917753934e+00
3.626632236688073618e+01 -2.551144277916396419e+00
3.626760290758192440e+01 -1.832067196297732181e+00
3.626905918723667099e+01 -1.104970427203038952e+00
3.625389591490873187e+01 -3.763008088516670568e-01
3.627241944241692551e+01 3.637276636844219979e-01
3.627261628652617986e+01 1.111227928489864070e+00
3.627835146497253760e+01 2.530481725421100947e+00
3.625408600406125714e+01 3.267028829810982415e+00
3.627084259795386600e+01 4.012497825932882733e+00
3.697195808375334281e+01 -4.033721435359758800e+00
3.698412891407377145e+01 -3.273139671255282934e+00
3.700852353974902798e+01 -2.578237708952975993e+00
3.699317039230435711e+01 -1.832830944399674422e+00
3.699175569939811936e+01 -1.098680507584088417e+00
3.698515854352999810e+01 -3.764243334086785353e-01
3.701905145278765730e+01 3.591790014502542761e-01
3.699367984667140519e+01 1.074273806603279979e+00
3.699491092874283282e+01 1.842497118560476821e+00
3.700020294684308197e+01 2.545191974811167768e+00
3.701921356231253668e+01 3.301023689018933283e+00
3.703056153746853596e+01 3.983573811614789406e+00
3.775165528396905046e+01 -4.002694330268280254e+00
3.772081035684555417e+01 -3.279498265731064066e+00
3.772548872252871632e+01 -2.547552645549583161e+00
3.771374687860105013e+01 -1.094362268464784904e+00
3.771469435368491219e+01 -3.651197620571196012e-01
3.770469430228720142e+01 3.837764739296609662e-01
3.772416169855744528e+01 1.105474894605539049e+00
3.773503076387991229e+01 1.790856772723078194e+00
3.774724644618633107e+01 2.546747329809342375e+00
3.771697889017402616e+01 3.270314800817573087e+00
3.773311425781611916e+01 3.992312052718922644e+00
3.846402051766090580e+01 -3.993444737848804493e+00
3.847488110731114119e+01 -3.260869771651744742e+00
3.846347735475348628e+01 -2.554227179629648958e+00
3.845131019767827496e+01 -1.831985797914502001e+00
3.846508141893452404e+01 -1.097125210831109143e+00
3.844535389380528301e+01 -3.638245999855662660e-01
3.847395873504988373e+01 3.979101935097340004e-01
3.848281823637359622e+01 1.095670386034576893e+00
3.848725060236584028e+01 1.812050447319222712e+00
3.845916560467895096e+01 2.557589651813522380e+00
3.925732453048133408e+01 -3.968144902369584059e+00
3.922938684376335772e+01 -3.245195797314412545e+00
3.923350723730347767e+01 -2.566929893842285537e+00
3.921402011459868930e+01 -1.797544536845908425e+00
3.926790424696134352e+01 -9.884535866304489105e-01
3.921395005736120964e+01 -3.089198367557663971e-01
3.921311765918954251e+01 2.569815922988265555e+00
3.917617504859712341e+01 3.190896821677462469e+00
3.994004544476722884e+01 -3.298436046007861222e+00
3.994005751728669651e+01 -2.493461988586986422e+00
3.990880237669789921e+01 -1.771914481299056376e+00
3.999047892352349010e+01 1.098086556855363938e+00
3.999603641801012799e+01 1.840610724803298126e+00
3.999775859429994540e+01 2.599635892809306625e+00
4.000378448629871997e+01 3.310307014656487468e+00
3.999505489971858907e+01 4.009361865681192683e+00
4.073892274283486614e+01 -3.998184243807124005e+00
4.072050738999345043e+01 -3.253177727123638618e+00
4.071677108432727010e+01 -2.545620473552535401e+00
4.070933003733788524e+01 -1.797065485096851489e+00
4.071855433484274300e+01 -1.072610405772323361e+00
4.073137997684535350e+01 -3.465132237567694062e-01
4.074803301542520018e+01 1.109068527060514953e+00
4.072984897419220118e+01 1.834112870703421549e+00
4.071835967226342490e+01 2.558895849093648422e+00
4.070504330533402282e+01 3.315877000504976024e+00
4.071562368140755694e+01 3.998184243807124005e+00
