-4.810893264684992232e+00 -4.190507830186870564e+00
-4.807064583083985099e+00 -2.688807285346722864e+00
-4.814100129834201880e+00 -2.004619142786800978e+00
-4.807767930210424367e+00 -1.280232211101864692e+00
-4.846324523430645570e+00 -5.236463875865844386e-01
-4.813246908330206963e+00 2.221493082799277374e-01
-4.810348251290385235e+00 9.323405571851033358e-01
-4.814590107741850034e+00 1.673035594512640500e+00
-4.788566685487552377e+00 2.363817879237185338e+00
-4.811279157874317036e+00 3.024358877518949384e+00
-4.788455714563092158e+00 3.636188913520101096e+00
-3.848796874089330800e+00 -4.166204578460732222e+00
-3.900058298978613891e+00 -3.471517556137857952e+00
-3.909694935252673531e+00 -2.695807834431221295e+00
-3.979225209184392043e+00 -1.958051275936675495e+00
-3.928268652395857430e+00 -1.252065285950290985e+00
-3.937177226380015327e+00 -5.509344248087195695e-01
-3.900360020428323082e+00 9.929891046951766498e-01
-3.978677412092338272e+00 1.674240862903801030e+00
-3.987954996201096947e+00 2.377913112879273427e+00
-4.007013773882697194e+00 3.169891263500751677e+00
-3.164091299843235561e+00 -3.433746335998673516e+00
-3.198131578130727348e+00 -2.714300510731941785e+00
-3.197947877757471247e+00 -1.988783807932989589e+00
-3.194986645099199052e+00 -1.250152241137133302e+00
-3.202459418014974801e+00 -5.276188619716251083e-01
-3.180684366579015432e+00 9.638973450270569288e-01
-3.211298994401452944e+00 1.668467250255435630e+00
-3.255662065612881406e+00 2.418110945391156008e+00
-3.240707880162979393e+00 3.169206524175294248e+00
-3.259829786940940721e+00 3.912268058119089176e+00
-2.432996183447563965e+00 -4.137800057316290747e+00
-2.443757708681012275e+00 -3.433638896779591221e+00
-2.430975894895581746e+00 -2.694231984836502392e+00
-2.436537651293463114e+00 -1.953486595364445577e+00
-2.476308778187444659e+00 -1.263614660392633482e+00
-2.443435407413275584e+00 -5.426890642559172306e-01
-2.443808692257839255e+00 8.960066688233503385e-01
-2.467510100306327558e+00 1.701861638211500605e+00
-2.450007667583911086e+00 2.464967645848506805e+00
-2.467126627323004584e+00 3.164209060893796277e+00
-2.467660570648838814e+00 3.891432459391474197e+00
-1.672827318284625164e+00 -4.098392314830537231e+00
-1.543718333885507832e+00 -3.366763641642396720e+00
-1.695846857488156445e+00 -2.684629979872642735e+00
-1.697365299220543022e+00 -1.967724851030340005e+00
-1.684601098361426352e+00 -1.236847851051646074e+00
-1.693950626668041082e+00 -5.093785065897584730e-01
-1.691122814751814474e+00 2.271601585650842026e-01
-1.719021377611419155e+00 1.646896511833173093e+00
-1.705602470847111363e+00 2.454524830688814774e+00
-1.706119368652174728e+00 3.182111419465165625e+00
-1.744502390482345788e+00 3.934786046290483341e+00
-9.199276114649208580e-01 -4.084290996187213807e+00
-9.479968258561939365e-01 -3.423292527939466368e+00
-9.749000233652012071e-01 -2.702401670051905569e+00
-9.379337571092847270e-01 -1.951367187373556078e+00
-9.463280091721131271e-01 -1.253082991458430939e+00
-9.771450172048687932e-01 -5.235268396645906819e-01
-1.027089178178641760e+00 1.758691417992963579e-01
-9.413760911710582491e-01 9.253118574840577537e-01
-9.544789395212731620e-01 1.690123804810120589e+00
-9.395737429781618744e-01 2.458041462297764213e+00
-1.029930205890813966e+00 3.126712393859357064e+00
-9.705931757012891126e-01 3.887087905567753410e+00
-1.834421003189845578e-01 -4.093963835151892994e+00
-1.181974618929544363e-01 -3.317604428171030406e+00
-2.107106366683808574e-01 -2.645539057411870232e+00
-2.149775517842655859e-01 -1.972376125324164065e+00
-2.038780004454920913e-01 -1.246245692584363240e+00
-2.202741848824913973e-01 -5.755594058972519633e-01
-2.202810736047524642e-01 1.456862594020549295e-01
-1.925263348353922765e-01 9.033528834495427873e-01
-1.717057955362832899e-01 1.648909858594684863e+00
-2.143958095094617988e-01 2.457269218042394954e+00
-2.154967609486675428e-01 3.132329477928273320e+00
-2.374806928310846388e-01 3.852213374905396392e+00
5.270731574223219695e-01 -4.076104436956754284e+00
5.385895684614538936e-01 -3.359624064533402787e+00
5.419351580366082999e-01 -2.637378229412455255e+00
6.065651729230978617e-01 -1.946382908382108923e+00
5.070056620604361797e-01 -1.279415588476613408e+00
5.357631631533195105e-01 -5.442844921878844389e-01
2.702171755090319039e-01 2.593267020850333893e-01
5.704542744993190695e-01 8.694552626514564508e-01
5.532429673460796948e-01 1.648394484186113118e+00
5.811218845967118796e-01 2.374266702828311537e+00
6.169659975759671511e-01 3.101616873514664974e+00
1.278548706906512678e+00 -4.069924201824001386e+00
1.287239714086858555e+00 -3.358524389498278140e+00
1.291678515181565956e+00 -2.635479192232725865e+00
1.267734566447003886e+00 -1.233553631954542595e+00
1.275764541404157626e+00 -5.345508560272733689e-01
1.292017620076592266e+00 2.073589005570397603e-01
1.314957634418469468e+00 8.905769821997253644e-01
1.372118227061484674e+00 1.642491290016444339e+00
1.333501498200405422e+00 2.350979912349984602e+00
1.359415621756774328e+00 3.065773733226286879e+00
1.413965196315274397e+00 3.745471799704866100e+00
2.007909873372362597e+00 -4.081087639253908605e+00
2.042061725277783069e+00 -3.355294617398119073e+00
2.018490047794479381e+00 -2.630503373360642883e+00
2.040440171503213662e+00 -1.918061639600963986e+00
2.028271783697235264e+00 -1.247164638640821721e+00
2.025617183065520521e+00 -5.119570981436716295e-01
2.056875230686017630e+00 1.778558642937966283e-01
2.097453627470933668e+00 1.022447468262527082e+00
2.109546149292405914e+00 1.620547798895387359e+00
2.131028120836624851e+00 2.377897064368365676e+00
2.103326026627584611e+00 3.066025754829972527e+00
2.105631975910654319e+00 3.805324700367457069e+00
2.792843906115763275e+00 -4.083615798047571133e+00
2.768073779219896835e+00 -3.376805116186172739e+00
2.788186573404715318e+00 -2.643941072726097019e+00
2.786922924873017848e+00 -1.887876343754431474e+00
2.749934889787226666e+00 -1.191284062272188748e+00
2.850398147232908741e+00 -5.185441982965315333e-01
2.806412002561380348e+00 2.041825876183125388e-01
2.834272941656571732e+00 8.697261785699055281e-01
2.830861777608284058e+00 1.632022091203129577e+00
2.875800336894371867e+00 2.385788267548093700e+00
2.889216689941420668e+00 3.079844881231238674e+00
2.891758274949381757e+00 3.797146385635173260e+00
3.553361390758894345e+00 -4.099991745919176367e+00
3.552383609930828356e+00 -3.421598236181385033e+00
3.545692579003215883e+00 -2.651360108625766543e+00
3.544095738333311374e+00 -1.926564525165172626e+00
3.630150941428667011e+00 -4.869837889607389059e-01
3.615025604704001694e+00 2.063275255281915577e-01
3.570308824301896777e+00 8.865593844204582297e-01
3.615789333225443158e+00 1.626921289718467278e+00
3.627269535590549765e+00 3.082238937972654469e+00
3.660559520041040571e+00 3.788090314468391284e+00
4.284556568237626095e+00 -4.096554699734127780e+00
4.282083606388738417e+00 -3.386010223738722402e+00
4.296931641751633890e+00 -1.938372815348252232e+00
4.355790147423178382e+00 -1.246418110174136729e+00
4.420810875637990023e+00 -5.148563902432492512e-01
4.444632237128359975e+00 2.157666805326421411e-01
4.380648417506051828e+00 9.326325793470822134e-01
4.378481550914308684e+00 1.587443177764640723e+00
4.376246853741264431e+00 2.350158895881442334e+00
4.387854088928278884e+00 3.084189902399714356e+00
4.388584700974057284e+00 3.805639632992260601e+00
5.181669235532403661e+00 -4.026075461854674131e+00
5.120430287207767606e+00 -3.379975975754295092e+00
5.206251047042577795e+00 -2.534789401715816126e+00
5.078593495802245172e+00 -1.997600298761923909e+00
5.153663266499947326e+00 -1.288878146378298339e+00
5.167887645536929142e+00 1.373846972279437750e-01
5.189624882063341715e+00 8.926442436065258335e-01
5.140862999983994541e+00 1.598161666725555818e+00
5.115856018129285587e+00 2.335672950182278385e+00
5.115465012142728085e+00 3.050351079499087348e+00
5.110786755082607158e+00 3.796914717808753892e+00
5.944260540462359188e+00 -2.706616881987425671e+00
5.973852419285172743e+00 -1.310678090574942445e+00
5.974381529075408537e+00 -5.889273940477544045e-01
5.903412702149225311e+00 1.400800321825883543e-01
5.883614053718766002e+00 8.780589470312101241e-01
5.908820952992016373e+00 1.591943949701203564e+00
5.896096105457928616e+00 2.335880078113486746e+00
5.872277048495561758e+00 3.049240917032967957e+00
5.911966935037000326e+00 3.748457877764231228e+00
6.756048893013449685e+00 -2.042199845850422690e+00
6.705667492530494656e+00 -1.331252207450333458e+00
6.706191838994307375e+00 -6.401853960341519212e-01
6.650432249807764151e+00 9.334481471155342547e-02
6.645602934133854944e+00 8.832938554406446485e-01
6.645554296831427621e+00 1.603440275960196004e+00
6.663173318648226484e+00 2.248301124461804079e+00
6.633836240689504393e+00 2.993301491138701920e+00
6.730279054907263969e+00 3.704495303150217467e+00
7.654959630229015488e+00 -4.151342157623076901e+00
7.666236110346687838e+00 -3.427184381800660873e+00
7.634222943636814307e+00 -2.726068823110953332e+00
7.604682807337077577e+00 -2.048186932475786648e+00
7.565775307821468232e+00 -1.317548319401069534e+00
7.523373805911610646e+00 -6.188286045680690961e-01
7.422269697395655896e+00 8.422588409992641800e-01
7.402939965947794576e+00 1.525018601343070657e+00
7.426495480895837886e+00 2.279601858540321047e+00
7.437636656980920691e+00 3.021788461288814176e+00
7.484042135370629012e+00 3.679705599885402023e+00
8.437165532998704975e+00 -3.469827885820706115e+00
8.435502563411567678e+00 -2.740184128054512058e+00
8.429555772138037639e+00 -2.050806133532052655e+00
8.378101645670071207e+00 -1.356906574105945396e+00
8.282497980363167756e+00 5.475552194907251646e-02
8.192938711936768925e+00 7.974099151381288664e-01
8.187255686044665026e+00 1.516313468111484042e+00
8.192999031536949417e+00 2.243834094051500472e+00
8.232490681728975801e+00 2.923916488505298616e+00
8.269043192690944011e+00 3.701517562062633715e+00
9.260966022462497449e+00 -3.475080604661613393e+00
9.231811585908971551e+00 -2.751903687534788645e+00
9.256708300120230604e+00 -2.106217745426771870e+00
9.170564088551465431e+00 -1.314271824848848524e+00
9.157654096309627789e+00 -5.996814052127668049e-01
9.047887296974344906e+00 8.670175455084461191e-02
8.974498742105375015e+00 7.876239266974067732e-01
8.935232533412211353e+00 1.517460519254616003e+00
8.977543521366776247e+00 2.231299078933442814e+00
9.060394086266867930e+00 2.924722624241518076e+00
9.029147491888522836e+00 3.651904787200841440e+00
1.015105383674897155e+01 -4.253652892235049165e+00
1.012401246058830395e+01 -3.513677743160027234e+00
1.012182594220346488e+01 -2.818939022596076427e+00
1.001512713385054099e+01 -2.103101901722531863e+00
9.994094790151805796e+00 -1.343934579829152653e+00
9.949589856639896368e+00 -6.482477713181289403e-01
9.911707470390965113e+00 1.139991836689908666e-01
9.867623069270798908e+00 7.384623407098764858e-01
9.948912082702108250e+00 1.494400375478711851e+00
9.874753693301528301e+00 2.261332742804160745e+00
9.856253787224183327e+00 2.941683019371154728e+00
9.877342478725708474e+00 3.663293051935355038e+00
1.109098295293780012e+01 -4.219215611815162248e+00
1.107874946044588427e+01 -3.510495152357854920e+00
1.105799578074179834e+01 -2.748985292753783227e+00
1.099664654670144159e+01 -1.326553123698996473e+00
1.093672012275480654e+01 7.002609649932267644e-02
1.066094355991729969e+01 7.793938210585693582e-01
1.065337553325325359e+01 1.491051911731602786e+00
1.063102261135838233e+01 2.226427067852586816e+00
1.065699101549179773e+01 2.955251610717894550e+00
1.068166166954770802e+01 3.641857686331917421e+00
1.178612053527641734e+01 -3.512018113532501928e+00
1.246182424661820676e+01 -2.618292972754669989e+00
1.181592437227799763e+01 -2.127814223347510136e+00
1.181438195380758316e+01 -1.384945797849404414e+00
1.174030303264996178e+01 -6.449270087851459721e-01
1.169744104612190227e+01 9.086201094062928973e-02
1.158352755524051503e+01 7.552901421926243586e-01
1.143717518353876983e+01 1.496382046289234324e+00
1.139011188289452292e+01 2.259779066166629491e+00
1.141989947226934987e+01 2.932929889303686366e+00
1.149060202610272086e+01 3.631485204306194703e+00
1.274962415237511237e+01 -4.266625110635253293e+00
1.272381175832579459e+01 -3.532817402808014151e+00
1.271444053238403882e+01 -2.794672756273474334e+00
1.259469290320370050e+01 -2.150257933878020111e+00
1.242019088550841843e+01 1.123139292784038901e-01
1.235922500619843589e+01 7.852687920702265956e-01
1.226214418103960924e+01 1.480101787082826803e+00
1.225866677641575819e+01 2.178812025312275580e+00
1.236674953055319293e+01 2.902160563492316214e+00
1.240922964691278452e+01 3.627746163135654456e+00
1.370674142127862183e+01 -4.303198115277254487e+00
1.358878531144368651e+01 -3.515823195801111467e+00
1.356173919316997711e+01 -2.801002925138373456e+00
1.341243335468388409e+01 -1.383073001897670906e+00
1.335976939505497540e+01 8.845449013113437786e-02
1.330798214943713020e+01 7.679193062058935482e-01
1.311208594253631077e+01 1.516161987973710268e+00
1.313780130042511729e+01 2.927483285075474839e+00
1.313857468413580420e+01 3.631195221767022474e+00
1.444795586971493861e+01 -4.292874857889838580e+00
1.444540740781857124e+01 -3.591815345918131896e+00
1.446032433290998398e+01 -2.866167426272379970e+00
1.445184672033668960e+01 -2.165821553886370765e+00
1.431379737743992564e+01 -1.411089435043361817e+00
1.439872377306854645e+01 -6.968068195981693691e-01
1.412019892420458689e+01 1.044044137238415715e-01
1.399467050636658172e+01 1.514933025361877128e+00
1.398786989297308736e+01 2.237382211925986297e+00
1.390150260533330595e+01 2.960084138484170069e+00
1.396883757724648945e+01 3.620327486652278992e+00
1.520293663615862556e+01 -4.386662521137758119e+00
1.521166559394828255e+01 -3.622479334551933050e+00
1.519582357517216309e+01 -2.923580999607100495e+00
1.515872686425398541e+01 -2.201506975756601037e+00
1.511122941537996667e+01 -1.443461895800751904e+00
1.508921910698516911e+01 -7.418909262012469696e-01
1.504421654298226940e+01 2.971818248809299234e-02
1.487353104783204572e+01 1.523111273299587509e+00
1.483336769166991331e+01 2.208225282380400500e+00
1.509747337130382761e+01 2.716607098097611583e+00
1.479348597685443423e+01 3.626292870988983452e+00
1.595455160899817315e+01 -4.310259551105570353e+00
1.593422750309597546e+01 -3.628042262485632108e+00
1.588851971098688409e+01 -2.925172252631764280e+00
1.586296893310594669e+01 -2.169363143517475834e+00
1.583874482330001854e+01 -1.458635505484679129e+00
1.580892768457616171e+01 -7.546832841021284821e-01
1.580329774362203210e+01 9.384660907364050786e-02
1.570115773987281216e+01 7.786399090981994675e-01
1.566110546794985936e+01 1.468468040669009156e+00
1.562694015037664741e+01 2.263390012295662501e+00
1.561638895596941268e+01 2.969902429422504042e+00
1.564758954530433499e+01 3.694283903762261900e+00
1.667688691412664070e+01 -4.283168213621856069e+00
1.666530493888053144e+01 -3.658740161250264578e+00
1.662446571695964082e+01 -2.872839268010910274e+00
1.658351319112524180e+01 -2.153818468679808973e+00
1.652766937034673589e+01 -1.450968482586080910e+00
1.654742358431893479e+01 -6.930987107920678625e-01
1.649828825042169456e+01 3.274858638502919916e-02
1.646413275373932805e+01 8.087827507113480863e-01
1.642116319152456327e+01 1.529659744506112418e+00
1.640767894844344710e+01 2.281093296795109637e+00
1.634813298918079738e+01 3.039487650701339305e+00
1.637053321706774511e+01 3.736844085925206116e+00
1.740356795733717377e+01 -4.330568220369556798e+00
1.737578366161974230e+01 -3.588431516522383902e+00
1.733646120768349874e+01 -2.857297687161462818e+00
1.730032702125181743e+01 -2.139464889392428404e+00
1.726556354676293381e+01 -1.405987220908347268e+00
1.727376127735646349e+01 -6.873273546173983561e-01
1.720565200420868024e+01 9.311189215897996974e-02
1.722252665656932891e+01 7.934378274490647698e-01
1.716313739565695329e+01 1.531763113556046108e+00
1.713765956151584646e+01 2.282818530119929079e+00
1.709175555117972323e+01 3.038064490098570047e+00
1.713401204016515322e+01 3.769379831607103881e+00
1.821570507082464729e+01 -4.243188799148089885e+00
1.811133811900993607e+01 -3.536838194100550226e+00
1.807611458599036069e+01 -2.804572394493249021e+00
1.804091397843669142e+01 -2.103401190246746211e+00
1.799048665470429853e+01 -1.379433888936901553e+00
1.796528576245530218e+01 -6.594455020106693155e-01
1.796066157901940130e+01 6.891996449637716182e-02
1.792357614629169404e+01 8.008593930994081234e-01
1.791414258175944241e+01 1.544185520509998355e+00
1.789384867093178855e+01 2.242061495773143065e+00
1.788403038484676699e+01 3.001167221875228108e+00
1.796022108305076870e+01 3.716624899336942178e+00
1.897634851877472784e+01 -4.291755784705255650e+00
1.893794829757022313e+01 -3.541689327617127958e+00
1.911960474718441105e+01 -2.689511141199165678e+00
1.884671316096877547e+01 -2.041836102451888735e+00
1.885195868001870423e+01 -1.327159313008007047e+00
1.872028278973690618e+01 7.571801852762405360e-02
1.897711006437077685e+01 7.839642587935706786e-01
1.881035902890499756e+01 1.539794873825538701e+00
1.869844306840617776e+01 2.275122238837631983e+00
1.881934424121676130e+01 3.004823671907146831e+00
1.882607979381131003e+01 3.596788358621715531e+00
1.970363631977267715e+01 -4.294830356577129749e+00
1.966180181893547285e+01 -3.526206321380957576e+00
1.963638624595431281e+01 -2.817169411730137796e+00
1.968938747461764649e+01 -2.105592894043962104e+00
1.967179087383568969e+01 -1.369122636235054813e+00
1.968239543209781317e+01 -6.403766439337275074e-01
1.968150755302660571e+01 9.876071866462154958e-02
1.973209783554710128e+01 8.424074750023926583e-01
1.965178835759888898e+01 1.554393657634552284e+00
1.964136194688236969e+01 2.259475738034151249e+00
1.965868580334751670e+01 2.925385925929560926e+00
1.968350083589136545e+01 3.628708116127306482e+00
2.088920214956215204e+01 -4.216400832943278942e+00
2.081565858815830694e+01 -3.539124554907100872e+00
2.086751834140353168e+01 -2.771623758735834997e+00
2.090492865694658065e+01 -2.051288284161323361e+00
2.075741968484602751e+01 -4.664997247168187755e-01
2.065761037559555291e+01 9.767024954464886832e-02
2.065500678729210904e+01 6.788250776033812883e-01
2.053222959569045969e+01 1.566517473339839484e+00
2.052472969785227264e+01 2.277909165855920293e+00
2.052621708455233573e+01 2.905362545866601920e+00
2.048302193236232682e+01 3.620260734624764609e+00
2.159912575413383706e+01 -4.289255983362561864e+00
2.161307516205854995e+01 -3.555010493914814163e+00
2.158056415914937531e+01 -2.828713310687351878e+00
2.160986997693170508e+01 -2.094670405895627141e+00
2.159657131301850086e+01 -1.365039814383699479e+00
2.158239296061435653e+01 -6.358172729213436014e-01
2.156029855506415771e+01 7.992645920813501448e-02
2.142365809345346861e+01 8.926790203063319495e-01
2.150975649444001903e+01 2.310090857193745961e+00
2.142430391626644592e+01 2.953017600581517854e+00
2.137240657194733018e+01 3.588563753179357718e+00
2.233982356470674091e+01 -4.282811674851050299e+00
2.230902862597339009e+01 -3.522858355132889585e+00
2.234620934563630357e+01 -2.838641814035085531e+00
2.235440122104110117e+01 -2.078606581847097345e+00
2.234279597432032460e+01 -1.397935667065439702e+00
2.233964978122528322e+01 -6.680033013023525257e-01
2.231346295925168022e+01 5.537479854479343544e-02
2.231046661269643749e+01 7.911515983072519020e-01
2.231807144865101833e+01 1.511552567492170596e+00
2.230574655752568702e+01 2.218670873189459769e+00
2.227145751249179284e+01 2.954936630596726843e+00
2.226444494750803926e+01 3.594586657068163049e+00
2.309042348555893653e+01 -4.286529112826595878e+00
2.307965131855789309e+01 -3.572394198331291904e+00
2.306496280802130627e+01 -2.837043092053704640e+00
2.307833971433470310e+01 -2.141646202099909857e+00
2.307975039124753636e+01 -1.387359240416785156e+00
2.308206121310910675e+01 -6.583736489970952732e-01
2.314977436927920706e+01 3.559643890364228014e-02
2.311079218598528939e+01 7.923210043811614867e-01
2.303066528414112923e+01 1.500328428150712767e+00
2.309716203458873451e+01 2.243559440770535929e+00
2.308587353097853878e+01 2.950613332014697221e+00
2.300593131675034897e+01 3.524838188637168912e+00
2.443881657448471856e+01 -4.028886866775181375e+00
2.382901972852182837e+01 -2.875220157323202130e+00
2.377239438521818471e+01 -2.199956018180650119e+00
2.385373115273431210e+01 -1.416851735765391140e+00
2.384068284714450670e+01 -7.226931575348807257e-01
2.386644706659326687e+01 2.449228146773663184e-02
2.387893924252973221e+01 7.707791928178373553e-01
2.389193087349620015e+01 1.493051957200279389e+00
2.388498928056426251e+01 2.191111658255760375e+00
2.389817172118893041e+01 2.926562876699627225e+00
2.393337000073048415e+01 3.586113975699291245e+00
2.458297969140214434e+01 -4.274252661466157122e+00
2.453994790684232186e+01 -3.535308954833382700e+00
2.459585252137597422e+01 -2.870592962878284027e+00
2.454334209422500379e+01 -2.149543917854170871e+00
2.455581293790353925e+01 -1.453878449645170434e+00
2.456773739123389788e+01 -7.394750911650618264e-01
2.459877189853553148e+01 -5.279721900063094608e-03
2.460662990909673198e+01 7.093592458949835589e-01
2.466152944724050400e+01 1.448424457230675699e+00
2.469509143454974520e+01 2.130515847152253173e+00
2.469098396803689610e+01 2.879516725374159591e+00
2.472908017308407835e+01 3.576772636559510943e+00
2.532182126978336356e+01 -4.266785887657487564e+00
2.534110012936143619e+01 -3.597561609075334843e+00
2.530924831815246989e+01 -2.890716601696230015e+00
2.531017264828985702e+01 -2.171345207570421820e+00
2.530863577342574189e+01 -1.468857920529522687e+00
2.531263600237654998e+01 -7.020979909287206056e-01
2.535326578737016945e+01 -4.415382805769851871e-02
2.535973535082005270e+01 6.872208135837354348e-01
2.541614580873839202e+01 1.429613178825945852e+00
2.548765801746007043e+01 2.180917601040817999e+00
2.546211152540890765e+01 2.867382723027638747e+00
2.549739507440396835e+01 3.558886311825126825e+00
2.612109172520192857e+01 -4.328764268079709154e+00
2.610069618314375361e+01 -3.651067527048514449e+00
2.610494888330616448e+01 -2.917020629562490086e+00
2.608422847747723239e+01 -2.197258679166509410e+00
2.608369882230304171e+01 -1.480134733527854962e+00
2.607718017452442894e+01 -8.124817379313178378e-01
2.609558184626390442e+01 -6.358481823161099555e-02
2.612448598464145277e+01 5.827813914156010355e-01
2.614565523930483693e+01 1.381974492640718921e+00
2.621013856330900893e+01 2.082318663202570974e+00
2.626205240802318031e+01 2.811846659019842321e+00
2.627793913511526114e+01 3.506705871705548816e+00
2.693195951858744053e+01 -4.336989843342870188e+00
2.683631559901548513e+01 -3.619255428137524433e+00
2.685243335698689293e+01 -2.915482193738260008e+00
2.687570802612892606e+01 -2.233954961331807709e+00
2.685092556493104610e+01 -1.509294559725432805e+00
2.687384924347281867e+01 -8.290716369390978002e-01
2.690188952350883511e+01 -1.253373922898006754e-01
2.694905559361667002e+01 5.566113457108095020e-01
2.695438466093111884e+01 1.326895156162098743e+00
2.694096912339158223e+01 2.059617911809716873e+00
2.701181764717268408e+01 2.783123423901685101e+00
2.707295833911903316e+01 3.488760414131647281e+00
2.821877528398729140e+01 -4.088047843672747206e+00
2.767343720552097608e+01 -3.623700481793701300e+00
2.815239749605265018e+01 -2.782436799363932067e+00
2.763550262797507884e+01 -2.274669002341283885e+00
2.764207150226572907e+01 -1.590947464780928300e+00
2.761178263296132940e+01 -8.702668342124830758e-01
2.763335066722104472e+01 -1.522760114859948999e-01
2.768091906820028925e+01 5.497180782723702919e-01
2.772675237234437162e+01 1.251796810763568857e+00
2.778733508053665702e+01 1.972196432400959765e+00
2.783451980346847421e+01 2.688985238385569687e+00
2.783739324877165444e+01 3.418552340532016842e+00
2.854743898309428829e+01 -4.318809737472491861e+00
2.851724973914689798e+01 -3.661875710767120040e+00
2.848116407141221629e+01 -2.976033932785732361e+00
2.848514323129780479e+01 -2.283820760075556677e+00
2.846999087088048697e+01 -1.610271450742526866e+00
2.846128954499524610e+01 -8.877907236178543826e-01
2.848602288948485040e+01 -1.452240865267846459e-01
2.845425937958504647e+01 5.232982701469417464e-01
2.848950505818451262e+01 1.204439540613392978e+00
2.853416167546074433e+01 1.935882737360614669e+00
2.856782565652225259e+01 2.637751317635512294e+00
2.859645379014040856e+01 3.394232892448727057e+00
2.938149649071404923e+01 -4.323874583626253099e+00
2.922270234860909710e+01 -2.306116612693372758e+00
2.923746792336087452e+01 -1.649181032748355591e+00
2.983309591063095212e+01 -8.793776501259813472e-01
2.929726572490432801e+01 -2.201238877644975389e-01
2.925512180605766588e+01 4.829690009029263820e-01
2.931353735133188110e+01 1.208069846088971389e+00
2.932452036562414577e+01 1.921117755172790709e+00
2.934085794489627830e+01 2.610473219135421630e+00
2.935540950698811713e+01 3.352037994948325661e+00
3.013832332876074105e+01 -4.342855692128363643e+00
3.007396819635763308e+01 -3.661835499577154707e+00
3.009632857405211581e+01 -3.003425001800117400e+00
3.006137265222209720e+01 -2.298253678476882556e+00
3.004540579663825639e+01 -1.640660863447553908e+00
3.004081110168805679e+01 -9.350805565297974908e-01
3.006839494471814334e+01 -2.469973257062498817e-01
3.009430464644444925e+01 4.727722343876408218e-01
3.011026620955070854e+01 1.197837623842943344e+00
3.013590755376363717e+01 1.936470676401299329e+00
3.010954523603616195e+01 2.675840579292390942e+00
3.012729330603698230e+01 3.405250978075962109e+00
3.097904254930013934e+01 -4.315917596745286744e+00
3.090445506646818075e+01 -3.716256882658111493e+00
3.081512321468263593e+01 -3.027735606924096601e+00
3.080102591617787056e+01 -2.343274298907200404e+00
3.080727196616305008e+01 -1.650435785738476824e+00
3.082964793925274449e+01 -2.538439506433327608e-01
3.084418657358012439e+01 4.621652647167628913e-01
3.082529697443920469e+01 1.197867868052018281e+00
3.086481907182689355e+01 1.946667493882543454e+00
3.094784177336956787e+01 2.678447915779152311e+00
3.103411800360073158e+01 3.389741039966779113e+00
3.169991659201605927e+01 -4.357906900147664686e+00
3.169024072227167466e+01 -3.704009551210763362e+00
3.164282662153429015e+01 -3.010076555167959356e+00
3.159303462119952854e+01 -2.304535697752523760e+00
3.160201031393653892e+01 -1.643521759145183836e+00
3.156532882872610202e+01 -2.501929463232706041e-01
3.158709492476788938e+01 4.682559314144398854e-01
3.170637904216984992e+01 1.179860973165737903e+00
3.170944612733926959e+01 1.933897339433030993e+00
3.181029306149223856e+01 2.606159302715937542e+00
3.174470240294912315e+01 3.389353685381351511e+00
3.252923780604916004e+01 -4.369750978120862328e+00
3.244820713476737950e+01 -3.660914160359450165e+00
3.247350192132520164e+01 -2.998366246684607717e+00
3.242541769284519404e+01 -2.296985827370342292e+00
3.236646672456763696e+01 -1.595088198911948751e+00
3.242029638917099277e+01 -9.356118608300363348e-01
3.239232905378514005e+01 -2.299799321965636523e-01
3.240177337273568270e+01 4.735513777955802084e-01
3.242724636945496997e+01 1.210311980673935750e+00
3.241602840944982944e+01 1.976694900021549017e+00
3.248401262818862989e+01 2.705977406608653268e+00
3.253237281464394215e+01 3.389238756939498387e+00
3.332937203495406919e+01 -4.311571717511334612e+00
3.326473133688195816e+01 -3.635359588538925379e+00
3.319711078235550161e+01 -2.955082910095157445e+00
3.317111015556763931e+01 -2.309634480720124117e+00
3.315792956883357334e+01 -1.631375459068049594e+00
3.315186586844071570e+01 -9.141994485184739005e-01
3.313671768172157073e+01 -1.956848904320445115e-01
3.317458927986040607e+01 5.277053316119904025e-01
3.318709202837137440e+01 1.265549668334344346e+00
3.324567976534373059e+01 1.972562971154800948e+00
3.329535846599548421e+01 2.709248785340612642e+00
3.331400898932147214e+01 3.434111634778950872e+00
3.408541887942410398e+01 -4.312187566738579392e+00
3.402076935251660217e+01 -3.680957276709271753e+00
3.400770028512256005e+01 -2.948718705750586366e+00
3.394581603364175493e+01 -2.282857642885140592e+00
3.391852168844324211e+01 -1.629466255079133674e+00
3.392464130307308068e+01 -9.014586704505695991e-01
3.394272298667350896e+01 -1.540705754564974939e-01
3.390016467893433827e+01 4.619653631045999020e-01
3.393361342732207930e+01 1.282103169870616455e+00
3.403462384553014175e+01 2.003976093587912288e+00
3.407243498332963583e+01 2.736537526206198834e+00
3.405258362279621309e+01 3.460607678106406127e+00
3.485445238594962092e+01 -4.303219204778446993e+00
3.482192762674744557e+01 -3.639449358701966730e+00
3.478336626166176160e+01 -2.932785917797001929e+00
3.472310056441438775e+01 -2.275033088503413126e+00
3.469356826765989155e+01 -1.553022980076288917e+00
3.468955533357745225e+01 -8.452160649440543239e-01
3.472607094493404389e+01 -9.330710223914095991e-02
3.473228379608017491e+01 5.806695784776358948e-01
3.484821057945548972e+01 1.988371990667289424e+00
3.485582428936343291e+01 2.765846272277094897e+00
3.499269348194344076e+01 3.587653583307783833e+00
3.564788013537592093e+01 -4.319217312804248365e+00
3.563125119649289019e+01 -3.564259869330697938e+00
3.561625211879427155e+01 -2.947818035886754728e+00
3.549847282371217005e+01 -2.222055114426318312e+00
3.549041893427055783e+01 -1.501781161918167129e+00
3.546270773657239062e+01 -7.887831247776304622e-01
3.552871071574950435e+01 -6.196608588390617456e-02
3.551536561660551428e+01 6.045860589340819047e-01
3.558481569301864766e+01 1.365709293443060801e+00
3.557986252882074751e+01 2.043948780086477512e+00
3.572897862162444227e+01 2.825078808434604127e+00
3.585983316296050560e+01 3.534022283620082305e+00
3.647474358992622712e+01 -4.247644924891883278e+00
3.637578036786816682e+01 -3.534294669258017052e+00
3.635307887598900578e+01 -2.855009488268443363e+00
3.627324206908294713e+01 -1.450964518780128998e+00
3.627366566343169296e+01 -7.293857532432177493e-01
3.644316157249749466e+01 1.751562803752335640e-01
3.631631510915054406e+01 6.904575974270770189e-01
3.650118113000599607e+01 1.372430627531098679e+00
3.654149246237330573e+01 2.123592025563638686e+00
3.654409627412933759e+01 2.859669283008123841e+00
3.662401364233264900e+01 3.561197599913548117e+00
3.732011883260882001e+01 -4.186504203649345612e+00
3.721012976725672416e+01 -3.483685125971192065e+00
3.719705166869591295e+01 -2.763457994934704232e+00
3.716169497017657619e+01 -2.072878472905138381e+00
3.713264047107984567e+01 -1.372099627300091385e+00
3.709476634375965176e+01 -6.388517565470479553e-01
3.718543695030729879e+01 2.468365941333310332e-01
3.729361561783361623e+01 7.381733702356676474e-01
3.765428638009245077e+01 1.286230288232609098e+00
3.753995450998548478e+01 2.205736842008395371e+00
3.821483765374072306e+01 -4.118823999983010964e+00
3.818845911341944799e+01 -3.351236079731535256e+00
3.819303216978074289e+01 -2.681514812408099857e+00
3.819621686552815021e+01 -1.963549712376298828e+00
3.847952006024294036e+01 -1.133932649772756207e+00
3.810039567677922179e+01 -4.928120199103354082e-01
3.818896083824741794e+01 2.774675701230435720e+00
3.846587086499769015e+01 3.264710612141392687e+00
3.927391629465737566e+01 -3.282225655907371475e+00
3.930376219543652638e+01 -2.976356900593689403e+00
3.925527763600052111e+01 -1.764235680075795898e+00
4.000684902823444844e+01 1.150108188960178524e+00
4.000466879338842574e+01 1.881824564221574292e+00
4.000870239416679652e+01 2.610184978609481732e+00
3.999879960212086161e+01 3.323833911089160154e+00
3.998571116102773004e+01 3.987036382593174721e+00
4.074911247260347835e+01 -3.966929107978177882e+00
4.072155883426469103e+01 -3.194598363974140653e+00
4.070716678140303912e+01 -2.459926904144381865e+00
4.070635638957319458e+01 -1.785725799636590949e+00
4.072160075856429984e+01 -1.075586774166815474e+00
4.072502986331067376e+01 -3.507163531138317580e-01
4.073174835632080004e+01 1.113490665189615925e+00
4.071427838119530662e+01 1.843001028973453970e+00
4.070613126330841425e+01 2.466283080075402978e+00
4.068685943713379771e+01 3.302892020999344425e+00
4.070543395163893052e+01 3.966929107978181435e+00
