-1.658170954867948410e+00 -4.078179523829881248e+00
-1.638220637397935775e+00 -2.653802568318280208e+00
-1.652487195749394289e+00 -1.899306099803226289e+00
-1.647093975174747982e+00 -1.168601315765005921e+00
-1.667234401518697950e+00 -4.357693009875163170e-01
-1.653877465933582869e+00 3.534776137985140565e-01
-1.652032268468524023e+00 1.046850430363146955e+00
-1.651892767807218831e+00 1.762011882577461108e+00
-1.647419005806838754e+00 2.462930153189908822e+00
-1.654020657100389258e+00 3.206080426743522338e+00
-1.641841049352073867e+00 3.956847400784614166e+00
-8.466949383922752759e-01 -4.048082919916033973e+00
-8.404870361080014618e-01 -3.341688919352147735e+00
-8.627334451520738412e-01 -2.603170949355302355e+00
-8.968140905183759060e-01 -1.880604564920108857e+00
-8.856320035441029859e-01 -1.151621196242778922e+00
-8.686573169135485273e-01 -4.405781184395074490e-01
-8.958975265691364598e-01 1.012161613147629424e+00
-9.073135718220086687e-01 1.764602011966577066e+00
-9.066390020000483219e-01 2.470585363094251363e+00
-9.245986001645860597e-01 3.253948663487836512e+00
-1.365085875307130436e-01 -3.320983480676972022e+00
-1.866337311010113353e-01 -2.609364096368796737e+00
-1.378227687908761823e-01 -1.877177365143687382e+00
-1.512546080800944992e-01 -1.137054976356040470e+00
-1.479258906963849540e-01 -4.233216092635672112e-01
-1.544528295987674937e-01 1.050137415539893482e+00
-1.461644715136145578e-01 1.762280163789696985e+00
-1.786794302423331260e-01 2.513396780187239443e+00
-1.593675817832647112e-01 3.245508072490100204e+00
-1.764480191900190675e-01 3.973732902891033092e+00
5.811723872209526576e-01 -4.042692269008391293e+00
5.928390728722163772e-01 -3.326364719559752103e+00
6.056981638290537262e-01 -2.585004513729561637e+00
5.883880155585785587e-01 -1.857130751591562046e+00
5.637504565115349919e-01 -1.152790503208262152e+00
5.843169603617539565e-01 -4.267572959859258219e-01
5.789717821950901566e-01 1.027734127053737012e+00
5.725414327341553644e-01 1.788335806110566750e+00
5.733099626029130036e-01 2.519477586827044036e+00
5.879834352266399833e-01 3.251522919134519185e+00
5.925298524937332445e-01 3.961803633091147248e+00
1.320226749648234943e+00 -4.029469521733489046e+00
1.296177534050897862e+00 -3.312665750885091853e+00
1.320335712437120890e+00 -2.602871004241173125e+00
1.328793404648251908e+00 -1.863717311930848552e+00
1.340337360732334560e+00 -1.136603790782711343e+00
1.328514173709478996e+00 -3.905655824571745427e-01
1.331269403487375769e+00 3.408410732172164614e-01
1.320507354522057142e+00 1.753061602858164036e+00
1.323925419363469302e+00 2.543698923660553390e+00
1.265341563900591382e+00 3.266912194679218118e+00
1.318423336421233216e+00 3.985396829284535869e+00
2.064592640370946697e+00 -4.019124934940549565e+00
2.042093130579935689e+00 -3.341666735709114988e+00
2.015296315038675345e+00 -2.607400603346373913e+00
2.044188203271865234e+00 -1.867822453890486400e+00
2.056357779963157384e+00 -1.144781298680292991e+00
2.039295581457359674e+00 -3.989057515747838067e-01
2.010141527472818268e+00 2.914872177274432374e-01
2.035655061290981394e+00 1.044414468621759795e+00
2.044339473336329149e+00 1.780676572668149049e+00
2.078035528420656419e+00 2.543724758670265373e+00
2.015992040241677330e+00 3.206741382123571071e+00
2.047401067687729892e+00 3.971800030009770666e+00
2.798420430428684824e+00 -4.031610531302558087e+00
2.831732884396316763e+00 -3.268600178985540339e+00
2.778550261213837302e+00 -2.571743574401519794e+00
2.777415968705980731e+00 -1.883637747313223088e+00
2.776570839701932414e+00 -1.141280016474699011e+00
2.783990714536855648e+00 -4.404534617477047220e-01
2.768813308468764944e+00 2.888213530870302748e-01
2.805084352797393876e+00 1.036520972625400105e+00
2.807258755502999747e+00 1.764990104520890668e+00
2.793460428667422946e+00 2.537328077497868151e+00
2.798069278643986024e+00 3.225383504226041254e+00
2.788196109452449889e+00 3.938680204435389243e+00
3.490598288642843272e+00 -4.008299408074528003e+00
3.505182319868971774e+00 -3.293621646875660502e+00
3.514802753173064787e+00 -2.570215541510371793e+00
3.609937471370514572e+00 -1.865825815508866725e+00
3.489185410798704368e+00 -1.161885355566393940e+00
3.517252562276389938e+00 -4.164443927914547317e-01
3.462017637528411740e+00 3.532567000892505860e-01
3.529121265100876315e+00 1.017757010853621580e+00
3.540926239741715165e+00 1.752901961773023487e+00
3.558406345494539380e+00 2.503327439504282381e+00
3.570763948660669485e+00 3.223959974647076621e+00
4.250493754559066417e+00 -4.017449356014115125e+00
4.246715652937631091e+00 -3.290978837950284230e+00
4.253104624378245546e+00 -2.566867801446019115e+00
4.235482641366402845e+00 -1.135619006748807891e+00
4.236814181061951956e+00 -4.233094082840374028e-01
4.257701716490274180e+00 3.218295616316417807e-01
4.284197223144680322e+00 1.027364982577715580e+00
4.317596591734073286e+00 1.772443443134793739e+00
4.290866236170096215e+00 2.479335547950110907e+00
4.323553362197863237e+00 3.200876333240980642e+00
4.344210543039793038e+00 3.888563324655063269e+00
4.973505734743149276e+00 -4.009883060077928718e+00
4.987822261969711235e+00 -3.290713813022435374e+00
4.995330529906226502e+00 -2.567702571234224962e+00
5.002601612351988081e+00 -1.831968331558897489e+00
4.976074904635318319e+00 -1.137233352118908414e+00
4.976431175384199435e+00 -3.883339782847379240e-01
4.999154481422991125e+00 3.154303114826575438e-01
4.994841201614391935e+00 1.053370911808428900e+00
5.043816950518191788e+00 1.758360946913690270e+00
5.058921320535333166e+00 2.496210606517813346e+00
5.043537411200823328e+00 3.204041286259506904e+00
5.030931772724777318e+00 3.950801546147101106e+00
5.725074893942831977e+00 -4.026801420227098305e+00
5.704237177425198979e+00 -3.299724987506202467e+00
5.720086258998094308e+00 -2.570020593232253958e+00
5.718583612232031044e+00 -1.816670298064167355e+00
5.706740377597483871e+00 -1.104067291170753862e+00
5.764380086627191702e+00 -4.029733199701901469e-01
5.741023260681849649e+00 3.305744165664776801e-01
5.756361679848446045e+00 1.026863258729552086e+00
5.761910105478499133e+00 1.761657007560859967e+00
5.781714720579692823e+00 2.522722914680166184e+00
5.797681536871749586e+00 3.220783345789808294e+00
5.808948404743041749e+00 3.931219131240585085e+00
6.472664341431610069e+00 -4.021293086590262078e+00
6.452509625369515334e+00 -3.328810555539192251e+00
6.462589813228085234e+00 -2.563959339007901406e+00
6.462144942215573451e+00 -1.845701964567425080e+00
6.512219895530641622e+00 -4.015371852199187686e-01
6.515267383561791803e+00 3.261504854742725001e-01
6.472442830473056574e+00 1.034921738494780641e+00
6.531569480207721767e+00 1.753899469365634900e+00
6.540614962642735009e+00 3.195338412434399089e+00
6.557686007029019493e+00 3.924947636153508057e+00
7.191131101520809921e+00 -4.023392996265073407e+00
7.137989235948943190e+00 -3.310599421010500976e+00
7.201861999118818858e+00 -1.857856601885771397e+00
7.252237929608824629e+00 -1.147974607100227473e+00
7.294704257874855102e+00 -4.061757093351801018e-01
7.301897946718007404e+00 3.150202361625069614e-01
7.270885865030123796e+00 1.035003234671702188e+00
7.272184199891071898e+00 1.752081413178029123e+00
7.283753531545734461e+00 2.489150898498717623e+00
7.288730115503383900e+00 3.220360253018871077e+00
7.273285140473696231e+00 3.960143606431483221e+00
8.000853461211882234e+00 -4.023693532777105730e+00
7.985360553714912157e+00 -3.308049936007890324e+00
7.999879314162534172e+00 -2.539699272661465557e+00
7.958048428180966027e+00 -1.892936476166799054e+00
7.999368211495507808e+00 -1.174735543919059211e+00
8.035853609828279787e+00 2.776304427421187881e-01
8.040873742342306230e+00 1.024981693874433830e+00
8.033778450480710376e+00 1.735394232246395774e+00
8.014317969075399617e+00 2.484451861861327160e+00
8.008659466046680109e+00 3.199260394805147456e+00
8.001502491573354803e+00 3.938728101554627159e+00
8.758139164860892834e+00 -2.612865427623258796e+00
8.774136354807275495e+00 -1.163639850669405007e+00
8.765704676201409029e+00 -4.606091659495987756e-01
8.760877360561210025e+00 2.839479631401147230e-01
8.741824931566100076e+00 1.020709838484535226e+00
8.756585041183875262e+00 1.731651153937541210e+00
8.746314566739933127e+00 2.476097299876329316e+00
8.760050492241759912e+00 3.200644345256964840e+00
8.776562566418405709e+00 3.916352745369469091e+00
9.529589689874242708e+00 -1.908746519150895438e+00
9.511089193615561044e+00 -1.183243779530098294e+00
9.521939985409105134e+00 -4.794498765675996310e-01
9.484409075213683593e+00 2.567236364201050947e-01
9.466515050162712441e+00 1.039666919731615735e+00
9.495964886840233987e+00 1.732621376830607574e+00
9.509308408469735241e+00 2.439198886283872270e+00
9.498696292141495690e+00 3.163882960442261805e+00
9.528231430820362391e+00 3.870487129138833637e+00
1.039149464393238986e+01 -4.060691044978590014e+00
1.038687736074688672e+01 -3.336709071771817747e+00
1.038209408053399585e+01 -2.606677533191991358e+00
1.034336713240440275e+01 -1.912786375917757908e+00
1.031982730352703470e+01 -1.168889976415730558e+00
1.030021060921595932e+01 -4.601899694505142691e-01
1.024151079116432328e+01 1.014259540936730986e+00
1.024520502068811112e+01 1.705467487396255422e+00
1.025937842639352482e+01 2.446215200784507715e+00
1.026474488079016822e+01 3.186841238857564207e+00
1.030370928093747551e+01 3.873082076262416962e+00
1.113955883761073551e+01 -3.349694663213114154e+00
1.114032997506171085e+01 -2.611986638438285269e+00
1.114012337904150485e+01 -1.909175166331525730e+00
1.108460205839183033e+01 -1.178837982607767287e+00
1.102350735962268402e+01 2.610873824806603238e-01
1.099157997063915104e+01 9.889105301711573759e-01
1.098929449175509632e+01 1.708746265539367926e+00
1.099914706658009322e+01 2.431101396154108585e+00
1.102466347390237900e+01 3.120653035637264594e+00
1.104603899418293622e+01 3.892436882207530147e+00
1.190057848347473168e+01 -3.334042375336288444e+00
1.188790331257496291e+01 -2.608119111028376125e+00
1.191426589048181484e+01 -1.927898048577713297e+00
1.185059820999151725e+01 -1.162770218464405758e+00
1.183897382120192532e+01 -4.437865452147100598e-01
1.179212951412407762e+01 2.570013363844694254e-01
1.174759579415765387e+01 9.899738133599775836e-01
1.173113982775216613e+01 1.723241387455846763e+00
1.174226647103709809e+01 2.450663628169863273e+00
1.179032020884957888e+01 3.139545666305931348e+00
1.178336053334541589e+01 3.863530166582268777e+00
1.273007288570401130e+01 -4.113530275024817939e+00
1.268567293352482750e+01 -3.354091474471225354e+00
1.266836313228697009e+01 -2.632919762374534400e+00
1.263316098923331054e+01 -1.910147464183836519e+00
1.261200885329247257e+01 -1.159436157061165318e+00
1.259102691324994794e+01 -4.305312349289991403e-01
1.262037955485781282e+01 2.959120167610969077e-01
1.256350843815519625e+01 9.755525486670215685e-01
1.263458360469259389e+01 1.702447454199329968e+00
1.257845247681543555e+01 2.479002594402984982e+00
1.256588411370798042e+01 3.158046306049254071e+00
1.258370854680292439e+01 3.895002451098182661e+00
1.350853059622926367e+01 -4.058088181525995708e+00
1.351975991657094767e+01 -3.337858333933713340e+00
1.349876713592409772e+01 -2.589267600600301478e+00
1.337995339532828609e+01 -1.130143976943067230e+00
1.339959984781810931e+01 3.005858463742683284e-01
1.334555893700360940e+01 1.004802130683579264e+00
1.335182526779315282e+01 1.731777276840386293e+00
1.332733947188389578e+01 2.462764007982922720e+00
1.335151331011077502e+01 3.202396407159493918e+00
1.335302204531365078e+01 3.903479219761724295e+00
1.422134166849794212e+01 -3.342120638684580314e+00
1.427216369271249619e+01 -2.603983251697911783e+00
1.422813695229470454e+01 -1.888707221821068316e+00
1.424363424395848199e+01 -1.167959001990269030e+00
1.422144558331780217e+01 -4.293157349372265230e-01
1.418296385741334831e+01 2.712181719894068976e-01
1.417207964321506353e+01 1.022674020566370245e+00
1.410131490771349405e+01 1.737832912016720854e+00
1.407651854711495787e+01 2.506226648220263087e+00
1.408982170208127371e+01 3.212956790273818086e+00
1.412726041819104950e+01 3.905234407225069759e+00
1.503230303953282743e+01 -4.070031990647514419e+00
1.501335918045395346e+01 -3.333347580604954175e+00
1.502315810158732035e+01 -2.606555054002388516e+00
1.499383151118919955e+01 -1.889858614475159015e+00
1.491746242706948067e+01 3.391065706191831453e-01
1.488702025073695978e+01 1.029431948185688839e+00
1.489484542469156025e+01 1.754959299662626648e+00
1.488671103524520589e+01 2.476183047198109222e+00
1.493402778553148380e+01 3.198403912381717618e+00
1.493903262752737504e+01 3.917512870109039369e+00
1.585251909752007293e+01 -4.063584969104709899e+00
1.584119114981710652e+01 -3.361269433842021925e+00
1.580256991952295920e+01 -2.589717545351707173e+00
1.573964327089746718e+01 -1.146753503261848550e+00
1.571401013310055816e+01 3.429761594729754393e-01
1.570404837254786656e+01 1.006814099949654207e+00
1.564708198809011463e+01 1.758741802320567871e+00
1.566821093870494508e+01 3.199587072586130176e+00
1.566755440309528069e+01 3.933634472772855162e+00
1.660049624999405893e+01 -4.077433472268580772e+00
1.659280703421099190e+01 -3.354311197382369159e+00
1.661491871697950273e+01 -2.617626058724344063e+00
1.659655718229771537e+01 -1.910385401119896187e+00
1.651304317327549143e+01 -1.166272358902670447e+00
1.657452527078341120e+01 -4.445872675308102373e-01
1.646288786657366643e+01 3.279275869208326810e-01
1.641585087566056700e+01 1.760759187975605045e+00
1.643176802667951364e+01 2.487783074521335180e+00
1.640590505710313352e+01 3.230677706804652161e+00
1.644763466574171673e+01 3.917256332666415375e+00
1.733071227615754850e+01 -4.085916686059956504e+00
1.733980286402204030e+01 -3.357752258108341437e+00
1.732923153148696827e+01 -2.662498259271600887e+00
1.733117668017627722e+01 -1.909053895541767076e+00
1.729303443602649537e+01 -1.196994986763318281e+00
1.728041111243550176e+01 -4.595168721071658524e-01
1.727011508310700094e+01 2.804390844306645647e-01
1.722085290869686247e+01 1.781915952608507325e+00
1.720560199082270003e+01 2.490824382107117430e+00
1.717941536752763909e+01 3.190277798528594388e+00
1.719803342633001364e+01 3.935460045792876116e+00
1.807485777360968626e+01 -4.072079494050338866e+00
1.805693662384851450e+01 -3.348845039168200088e+00
1.804150519965047295e+01 -2.638801429593961245e+00
1.803374639213598840e+01 -1.874318080664995279e+00
1.803523948439868008e+01 -1.175909688130069242e+00
1.801012109748782564e+01 -4.569848153126656598e-01
1.801517767613847809e+01 3.460779615043954038e-01
1.795553987907696580e+01 1.029666446610772113e+00
1.793710036895718929e+01 1.692206315518415494e+00
1.796355165580571622e+01 2.518050495309740455e+00
1.796017001447984285e+01 3.215762467919550005e+00
1.797762647886368370e+01 3.959219684115087290e+00
1.879780286668946587e+01 -4.052920935315849960e+00
1.879051455759200451e+01 -3.354947692451986541e+00
1.877251199588761210e+01 -2.608497894683733165e+00
1.874956006785400575e+01 -1.895174280788292975e+00
1.872301734571214382e+01 -1.179478958160284918e+00
1.875082436548988341e+01 -4.340200288520641436e-01
1.871655424078416985e+01 2.899801104434871490e-01
1.872260204657236216e+01 1.037802815715981097e+00
1.870635489232823545e+01 1.775239796980223161e+00
1.870004906680448897e+01 2.511962530211057754e+00
1.868894600609860390e+01 3.251773782512504596e+00
1.867476350277311781e+01 3.956637286459606884e+00
1.951023653718704765e+01 -4.085402618814512721e+00
1.950717309469911243e+01 -3.339716324071488884e+00
1.947913430358099873e+01 -2.610682367579201468e+00
1.949076558189044306e+01 -1.898036149999327904e+00
1.947766923077595891e+01 -1.149839624831436424e+00
1.948395782195546388e+01 -4.232785368892351130e-01
1.944630065068086822e+01 3.131113682815218624e-01
1.947554069837950408e+01 1.032434306576551108e+00
1.941871887850124523e+01 1.767985992673775542e+00
1.943224869622977025e+01 2.506407244009718482e+00
1.941393943823037915e+01 3.246086369284302720e+00
1.944027836849817703e+01 4.004481213022810238e+00
2.029026371726948952e+01 -4.036699055125950508e+00
2.022986122196987679e+01 -3.311778439978500188e+00
2.023456686093415158e+01 -2.584957189146248169e+00
2.021982106021188486e+01 -1.869444145984221706e+00
2.019795157945318209e+01 -1.147527943378069182e+00
2.019311653365136294e+01 -4.175227123312801325e-01
2.019885561730948353e+01 3.131929974422682506e-01
2.018393295552390043e+01 1.038052269838320996e+00
2.017932611587879421e+01 1.771722378057557279e+00
2.020215545214367836e+01 2.500015338551168753e+00
2.017062106490029549e+01 3.230938678793368268e+00
2.021857730251944218e+01 3.977364522937168800e+00
2.105180444045872434e+01 -4.054892085775023247e+00
2.104328800363676066e+01 -3.316462275970408768e+00
2.100781745041380333e+01 -2.600982316181294607e+00
2.098943275232473127e+01 -1.833187555499105059e+00
2.097676659656049480e+01 -1.115192155467958912e+00
2.095661214580220388e+01 3.217843346769306834e-01
2.102272014138343081e+01 1.057190569353601006e+00
2.097918106511668412e+01 1.778520224754576162e+00
2.095534110480650014e+01 2.525987888189824560e+00
2.094157948092469468e+01 3.246714577497680665e+00
2.100640134367127843e+01 3.924153846062562678e+00
2.178191742598760072e+01 -4.063717733671186494e+00
2.176288562574374907e+01 -3.328637736002569625e+00
2.174540281290025234e+01 -2.568143722742998847e+00
2.177532822076941699e+01 -1.861904102084189105e+00
2.178712744745114094e+01 -1.126955351622772383e+00
2.176375737082790351e+01 -4.120325711070762509e-01
2.175337866735214476e+01 3.265179808833238440e-01
2.178718820311328130e+01 1.058986392168733914e+00
2.173380978904918237e+01 1.775061149279171246e+00
2.175174527533410185e+01 2.530129119347311217e+00
2.176980504084291113e+01 3.215220760165326652e+00
2.177605824237400611e+01 3.956851221464564361e+00
2.272608741417964495e+01 -3.970744106403387264e+00
2.265526220177040528e+01 -3.324476670165115166e+00
2.268043761156845761e+01 -2.542516452345321198e+00
2.272006250739192978e+01 -1.835775696126155765e+00
2.257727961190882837e+01 -3.981992144625152719e-01
2.257250288042646247e+01 3.378765950194910772e-01
2.256297632290628741e+01 1.070034967709961649e+00
2.253300583397599866e+01 1.793995813789688754e+00
2.253355922431212832e+01 2.512947103535296378e+00
2.254206773327943836e+01 3.221173332293712832e+00
2.253401690324448481e+01 3.986675272081395605e+00
2.343968439179827357e+01 -4.052414695461543204e+00
2.344489166757711729e+01 -3.312169575739019933e+00
2.343413505084618720e+01 -2.591583915309460195e+00
2.344513180679486197e+01 -1.845014231638156588e+00
2.343004992286072508e+01 -1.118667104454189598e+00
2.341530074880832046e+01 -3.957503447382002548e-01
2.340072187206611432e+01 3.296341056758613774e-01
2.334770035124770970e+01 1.074131255349119130e+00
2.334022867132910051e+01 2.557983348572651749e+00
2.331905172417649652e+01 3.233010308794657561e+00
2.329630232317681759e+01 3.955977249830976206e+00
2.417860544148607005e+01 -4.036674357936256285e+00
2.416886194732916948e+01 -3.309403669925934821e+00
2.418161748803549926e+01 -2.583705850767639589e+00
2.416733460465028571e+01 -1.850062883461990992e+00
2.416933585161488196e+01 -1.123521907793456620e+00
2.414400889565441588e+01 -4.089257142309747906e-01
2.413550947646005795e+01 3.258116626683396078e-01
2.412313067594856619e+01 1.061840905303544247e+00
2.411872017734242490e+01 1.791398373613745321e+00
2.411264967776041601e+01 2.511985363845109731e+00
2.404834277090274952e+01 3.257374390236694950e+00
2.409221908962990000e+01 3.946951967806743511e+00
2.490528728595405994e+01 -4.035905268762622455e+00
2.490375383984144264e+01 -3.313349925765979975e+00
2.489695917744069931e+01 -2.578162167575751340e+00
2.491354409467009390e+01 -1.856547928412343396e+00
2.489296632938159348e+01 -1.116873908485302991e+00
2.487903388297626606e+01 -3.885554088542910733e-01
2.491724004067689435e+01 3.011920935764322849e-01
2.487873106235864640e+01 1.062242199743455018e+00
2.484028616150309432e+01 1.781968186351292616e+00
2.485507335302371956e+01 2.518354402044138851e+00
2.482326866517333741e+01 3.250065806801007540e+00
2.487639540241578118e+01 3.965785456927964248e+00
2.566281919687130397e+01 -4.027705709125076083e+00
2.564193030888677782e+01 -2.593782842073796502e+00
2.560402586967392580e+01 -1.872771231324446006e+00
2.563582779199921902e+01 -1.138299110776614498e+00
2.562150948601141920e+01 -4.093221188086531015e-01
2.561947901852161635e+01 3.182306984326217503e-01
2.562696696298610988e+01 1.036685441236169680e+00
2.563115271304487663e+01 1.779731145885076415e+00
2.560948786495078622e+01 2.501162396761404949e+00
2.559925729573119213e+01 3.235877090232417430e+00
2.560795132552801334e+01 3.957077610961473368e+00
2.638627821541265206e+01 -4.027912633070698689e+00
2.628779758632011010e+01 -3.303720305054444140e+00
2.640439327728249452e+01 -2.585915917301413458e+00
2.636476959208870596e+01 -1.854949189752947092e+00
2.637021139300873784e+01 -1.139719061727632266e+00
2.636638232688588346e+01 -4.115496760204457871e-01
2.635812477622427963e+01 3.162268024902630259e-01
2.635393601926359253e+01 1.035261288002104152e+00
2.635030254395007177e+01 1.765144679305304720e+00
2.637012313502514615e+01 2.480819561354717706e+00
2.636309971126652130e+01 3.230593538730271774e+00
2.637540348847179672e+01 3.959144223729442302e+00
2.711102691129717357e+01 -4.025376357177695041e+00
2.711552796269629084e+01 -3.327942022137207800e+00
2.710137458111605469e+01 -2.595891722798452150e+00
2.710607537815857881e+01 -1.863192041255626208e+00
2.710139453404502063e+01 -1.139630717736736187e+00
2.709387243893161923e+01 -3.901368847773589721e-01
2.710601744038952887e+01 3.168527202945128352e-01
2.707594351870169902e+01 1.046920170782978943e+00
2.711442243258012752e+01 1.790082752733241023e+00
2.713643502012266850e+01 2.534225798735679547e+00
2.711151379300249431e+01 3.230132600473151427e+00
2.711742618569468988e+01 3.956988626405244958e+00
2.788348579239077196e+01 -4.047766149373551059e+00
2.783402964062272389e+01 -3.353525529812014128e+00
2.788159975570868454e+01 -2.598048209088140936e+00
2.785197376105163869e+01 -1.868543356884032391e+00
2.786346971956891849e+01 -1.145807458550546443e+00
2.783757692918565851e+01 -4.410517840127887723e-01
2.785262816978102052e+01 3.219300309039674346e-01
2.784490820351011564e+01 9.996884226613467206e-01
2.783492061933542061e+01 1.787171061234893443e+00
2.785095518828765648e+01 2.495099141496279316e+00
2.786716795159532012e+01 3.227576287053675941e+00
2.785847237263170939e+01 3.955423512048515278e+00
2.861319756164532890e+01 -4.075086095293286803e+00
2.860463785426332350e+01 -3.318777039484356095e+00
2.860246111537941971e+01 -2.591048140462671512e+00
2.862477210067473976e+01 -1.882642399121035481e+00
2.860740467607758575e+01 -1.132316257932384218e+00
2.861834442615879226e+01 -4.202763009218735135e-01
2.862217970508860532e+01 3.000179202452279981e-01
2.862203171154397552e+01 1.018661005501517280e+00
2.861854259334902650e+01 1.756680766884876732e+00
2.858217525990779251e+01 2.495859267555147198e+00
2.858496066795971302e+01 3.227897042802556626e+00
2.861063591285425645e+01 3.950423007159567845e+00
2.940507036471947089e+01 -4.044698854892079254e+00
2.936635112381099333e+01 -3.337984879030646113e+00
2.936450563719183293e+01 -2.567234825534807641e+00
2.935422801945674820e+01 -1.886987829070715605e+00
2.934375084767804509e+01 -1.158756366757671685e+00
2.932774830874365790e+01 -4.333450046653837262e-01
2.933202253347605648e+01 2.934655301102750968e-01
2.934848789279188708e+01 1.022202603655465225e+00
2.935044118986750306e+01 1.730555154997343692e+00
2.936269973779183573e+01 2.475818976778601410e+00
2.937239874928429373e+01 3.188593936031342224e+00
2.937510601995889914e+01 3.938334849999353793e+00
3.012449753675740993e+01 -4.058561808101508461e+00
3.014608398251676391e+01 -3.347769609557712300e+00
3.013065882581783939e+01 -2.618775792670092528e+00
3.012228074425542701e+01 -1.890834034025459687e+00
3.011808685606067826e+01 -1.159782771817518210e+00
3.009395122881299045e+01 -4.347587470790088560e-01
3.010621567552379219e+01 2.938115467761406308e-01
3.008928281052296683e+01 1.031280850555869932e+00
3.009490877538235765e+01 1.757306390754660441e+00
3.010610444465473989e+01 2.463069722758145730e+00
3.011172363071123215e+01 3.186090580232370684e+00
3.011074791579793697e+01 3.915386125336308254e+00
3.087816995708862322e+01 -4.057470681943094348e+00
3.085864107799694267e+01 -1.878989266240722600e+00
3.085419032762730041e+01 -1.175565610371009484e+00
3.086061042676298172e+01 -4.231283609905709397e-01
3.086686636612014212e+01 2.858726403729505705e-01
3.084293292987924673e+01 9.998953229783644758e-01
3.084431648363389655e+01 1.736519609665855057e+00
3.084798035024729046e+01 2.467580864533456264e+00
3.085096174251976464e+01 3.192109854899353394e+00
3.083445943707580028e+01 3.908519680892073467e+00
3.164617292912536328e+01 -4.071983633135943137e+00
3.161773585416252530e+01 -3.323931319881115343e+00
3.161436848115497611e+01 -2.608991677153834843e+00
3.163490579475524811e+01 -1.893911184583345175e+00
3.160940646059965076e+01 -1.172101384787350042e+00
3.159056748796893288e+01 -4.589124991953532628e-01
3.160178518657175317e+01 2.852669549666444482e-01
3.160815897151719156e+01 1.007669155607260336e+00
3.161577113454850263e+01 1.738921139995106557e+00
3.161089276898014333e+01 2.474054485677047666e+00
3.158640733729151151e+01 3.212134360845649184e+00
3.159347788943210134e+01 3.927676723887035592e+00
3.240280115767870228e+01 -4.061275553263229199e+00
3.238264869237516308e+01 -3.344366041620641994e+00
3.233686587608236351e+01 -2.601720300886725568e+00
3.236009239167665186e+01 -1.902011296622113434e+00
3.233927999540903642e+01 -1.152654895125113654e+00
3.235171614110370086e+01 2.761481027045107339e-01
3.235092188720859241e+01 9.944270424811492148e-01
3.232452142118557248e+01 1.745087408611194491e+00
3.234147705295968223e+01 2.471998311189473441e+00
3.232758000626082406e+01 3.190363180782387786e+00
3.238485842630226585e+01 3.906108477952283664e+00
3.310997455261108513e+01 -4.063282034387498243e+00
3.311060775181638149e+01 -3.340560990115754691e+00
3.311403195870216365e+01 -2.603170498547545009e+00
3.309590423253330727e+01 -1.881309232073650861e+00
3.309537383209450212e+01 -1.161331256121048483e+00
3.307867966291868100e+01 2.764665610942884655e-01
3.307019608071519912e+01 1.009627625965730857e+00
3.311578745219809861e+01 1.725254704156895968e+00
3.310383639168627923e+01 2.451964840673220181e+00
3.310488986933074074e+01 3.194121956834347742e+00
3.310478364880014368e+01 3.918912260597092967e+00
3.386256254373349606e+01 -4.053703428232076078e+00
3.385188795894637082e+01 -3.328841186162605936e+00
3.387187412816167154e+01 -2.611140437046412188e+00
3.382970969954306639e+01 -1.887621822198628507e+00
3.383292560025585516e+01 -1.147405888250855099e+00
3.385514875560675563e+01 -4.430185428940838221e-01
3.382730504234752544e+01 2.775154861627342484e-01
3.383394397420382660e+01 1.009075700315417379e+00
3.383027795190674425e+01 1.734903415883177757e+00
3.381329140446690218e+01 2.480578166998242295e+00
3.385030908090838153e+01 3.204000541434691485e+00
3.381763193166296588e+01 3.943472755687036368e+00
3.460380804011149536e+01 -4.037831756291531349e+00
3.458738279117934411e+01 -3.314547554840107324e+00
3.458838922895798618e+01 -2.595885098895610810e+00
3.457566273240333743e+01 -1.887212090379545515e+00
3.458422772395028488e+01 -1.163389147439932714e+00
3.457345770531141937e+01 -4.449786401530388957e-01
3.456270301743442275e+01 2.847389090544041323e-01
3.456487257370498156e+01 1.026334446426034219e+00
3.457473438434184487e+01 1.762178658831345501e+00
3.459178522873455819e+01 2.475219399274237730e+00
3.459121317537751139e+01 3.208949930628687497e+00
3.456678099479420752e+01 3.940791277320105479e+00
3.533079276070670716e+01 -4.051374473477313387e+00
3.526984334874249072e+01 -3.349432603060659375e+00
3.531705308592943737e+01 -2.600048849235850668e+00
3.531767697882364843e+01 -1.878895366215857621e+00
3.531033049990031003e+01 -1.187726664708872448e+00
3.532839400045970280e+01 -4.531023482970333305e-01
3.531163959148570797e+01 3.018769994964678460e-01
3.530116506949132571e+01 1.001535802778015238e+00
3.529011685864364978e+01 1.763033667252045689e+00
3.528339208874680111e+01 2.457460782385968656e+00
3.531630847492854031e+01 3.214075692966741116e+00
3.529711731860211188e+01 3.935714233388441841e+00
3.607113504766366674e+01 -4.030143530762813953e+00
3.606568039461505037e+01 -3.308647740121816838e+00
3.607025286829567534e+01 -2.593592139230068483e+00
3.605593940366393468e+01 -1.879057654705828639e+00
3.605127861301267700e+01 -1.154689531481853493e+00
3.604259016991706943e+01 -4.279171265186789697e-01
3.605851051342136060e+01 3.180734249648438094e-01
3.606643958829194929e+01 1.078410145751981020e+00
3.606873630331683245e+01 2.478362939905291995e+00
3.605249188866715571e+01 3.226981943952235810e+00
3.607545432939226515e+01 3.974498822843752777e+00
3.678946547947092682e+01 -4.070891884757795509e+00
3.678536502340369196e+01 -3.314062989889780653e+00
3.679105112487680884e+01 -2.660857816113871621e+00
3.679113907350841117e+01 -1.869079053288832171e+00
3.678690413271176141e+01 -1.141041263141815421e+00
3.677455865303603133e+01 -4.165260857726913457e-01
3.682021378781914933e+01 3.146536569746096745e-01
3.679406929371558732e+01 1.025522478869369536e+00
3.678598409572422412e+01 1.802171345524346435e+00
3.678258723867160285e+01 2.501629655463805335e+00
3.683015064872787292e+01 3.258489859159649171e+00
3.684369141439825768e+01 3.952081398194604134e+00
3.756869829765776814e+01 -4.046824776649483368e+00
3.753821376315902825e+01 -3.304620924065829968e+00
3.753053630105005567e+01 -2.583400909644375076e+00
3.750660300284048532e+01 -1.135756194764088178e+00
3.750812387901567746e+01 -4.070403909272926057e-01
3.749164041191247776e+01 3.780981942723542488e-01
3.752035745369750686e+01 1.072506415407890046e+00
3.754887256008048979e+01 1.759124028611509516e+00
3.757709114787008531e+01 2.500142665850276558e+00
3.754298830844266632e+01 3.234981694217626824e+00
3.755689597219120657e+01 3.953542500578944185e+00
3.829696240482366676e+01 -4.018471558072860716e+00
3.830123531828535732e+01 -3.290747746662766815e+00
3.828143640322615937e+01 -2.579703378473254816e+00
3.827735833956766243e+01 -1.855905682924550604e+00
3.827999104081096249e+01 -1.123340707707320973e+00
3.826003375544495810e+01 -3.888785726858792202e-01
3.831710361074377857e+01 3.652295725907386270e-01
3.832130722225341657e+01 1.070461647801284499e+00
3.832744606432721213e+01 1.777759172216615724e+00
3.832284991378433148e+01 2.534870216017662159e+00
3.908625625236586387e+01 -3.974744928867792737e+00
3.909804905239266049e+01 -3.251703855735733839e+00
3.906918763523612625e+01 -2.568409055339653690e+00
3.910194200483596916e+01 -1.815597671887466902e+00
3.916354447277482365e+01 -1.072656263828008605e+00
3.907348770384709979e+01 -3.158400563845340514e-01
3.911165333314652770e+01 2.599117378743901696e+00
3.911480209893712612e+01 3.136377203036598615e+00
3.990725658515854235e+01 -3.305539830309868421e+00
3.981605144009120778e+01 -2.697418562107124274e+00
3.985189358954490757e+01 -1.840659459262418807e+00
3.998669143303211371e+01 1.100668041682030918e+00
3.998989584487262761e+01 1.855039700613055231e+00
4.000042304938848048e+01 2.613920352810314540e+00
4.000271137693470536e+01 3.308525012963396961e+00
3.999431851133895321e+01 4.017694773722379153e+00
4.073637546925001374e+01 -3.985323751049183016e+00
4.071829329180365420e+01 -3.249049932460046364e+00
4.070917729593981704e+01 -2.491279889347957521e+00
4.071162565894285734e+01 -1.789677442003917207e+00
4.071927388026096395e+01 -1.069703719554645716e+00
4.072555229538242116e+01 -3.359261688568828674e-01
4.074145091953446496e+01 1.113775796549258956e+00
4.072857745347764791e+01 1.844199520859646668e+00
4.071740845117711416e+01 2.552641324936232081e+00
4.069928255311213405e+01 3.321731543496166950e+00
4.071817095499239514e+01 3.985323751049183016e+00
