-1.795840391309866391e+00 -4.078882198684876670e+00
-1.777020955240374178e+00 -2.640837720983949310e+00
-1.790738812292246962e+00 -1.901324298267322632e+00
-1.785418754886720194e+00 -1.169510256240840818e+00
-1.806045977168778904e+00 -4.372347894279542402e-01
-1.792575439917541757e+00 3.467094291373271631e-01
-1.790400949839352052e+00 1.047332260345566368e+00
-1.790848658290499884e+00 1.761590037299978206e+00
-1.785904785257727667e+00 2.461290285611696049e+00
-1.794053951239561684e+00 3.202372141126094363e+00
-1.781716067887927579e+00 3.954403407779754076e+00
-9.815421745961785405e-01 -4.047555682351884343e+00
-9.785797339685657903e-01 -3.341209242408481828e+00
-9.993783192209448885e-01 -2.603298262182356382e+00
-1.034963125292591712e+00 -1.878804073471233238e+00
-1.021145631314510638e+00 -1.151354925251482086e+00
-1.003764907861146582e+00 -4.417338016752658802e-01
-1.027849385019479200e+00 1.014241470498312481e+00
-1.045983304503849354e+00 1.765224402808446058e+00
-1.045792724679778019e+00 2.471391482689039520e+00
-1.064003353993030032e+00 3.254371680881181561e+00
-2.723436246432697772e-01 -3.320869938296716839e+00
-3.242689495825885615e-01 -2.609475413788057807e+00
-2.754957444325327742e-01 -1.876856449106423241e+00
-2.876475879902926636e-01 -1.137141080438389906e+00
-2.840494155436488199e-01 -4.237349009202020511e-01
-2.913194240940200075e-01 1.052337096185706145e+00
-2.822341598128161877e-01 1.762569055463298895e+00
-3.167393250589327636e-01 2.513682589026494441e+00
-2.986551076590870935e-01 3.247164917975442933e+00
-3.132114134767363112e-01 3.975388909500328083e+00
4.469362876601081780e-01 -4.041725807636190382e+00
4.581044041968667102e-01 -3.325403589365421908e+00
4.706183592075063871e-01 -2.583861559587681711e+00
4.526240546920092811e-01 -1.853984056835805916e+00
4.273421440183540199e-01 -1.154034764589511042e+00
4.491959705162926753e-01 -4.250552002026104503e-01
4.426307463943643938e-01 1.027329514419324852e+00
4.361459180727891294e-01 1.789421581855030752e+00
4.360724977657639556e-01 2.519864756283539009e+00
4.502718911406304869e-01 3.252591888362449168e+00
4.560399552029252845e-01 3.964042918418211769e+00
1.185340876196129045e+00 -4.029053428612588306e+00
1.160490954519467266e+00 -3.310446503500770632e+00
1.184523398505753278e+00 -2.600984404378099413e+00
1.193512566694103327e+00 -1.862046105101434534e+00
1.204460732560249880e+00 -1.137151158308686405e+00
1.193004216614475865e+00 -3.907390563349046886e-01
1.194601316896964249e+00 3.394835597261334215e-01
1.183740739004072395e+00 1.754308593294890528e+00
1.187800211626722557e+00 2.544229269053111864e+00
1.126665796243877082e+00 3.267269659920462033e+00
1.180938876121196301e+00 3.987305979297470770e+00
1.930551632283773245e+00 -4.016924722949209325e+00
1.906703800333126253e+00 -3.342279530750367655e+00
1.880035202737097677e+00 -2.606787776057213790e+00
1.909138396185795727e+00 -1.868097302094529510e+00
1.922986775878293031e+00 -1.144686057330662976e+00
1.903432366556224054e+00 -3.982393493941245310e-01
1.871772421720976354e+00 2.952441905982752246e-01
1.900716118592868042e+00 1.043073771790425042e+00
1.909467498701367560e+00 1.780832996507534460e+00
1.941776640695955791e+00 2.545624579961444311e+00
1.879092269760548106e+00 3.206968046718305487e+00
1.913069436513133326e+00 3.971564185759799415e+00
2.663529595687194274e+00 -4.028414388036818394e+00
2.699339926313101046e+00 -3.263956080459422537e+00
2.643403617126075744e+00 -2.570193888111479197e+00
2.642072923763208792e+00 -1.883041198503530467e+00
2.641481115219690423e+00 -1.140646991453742487e+00
2.648359627756960322e+00 -4.410236344160125554e-01
2.634158942443669105e+00 2.907049002262418469e-01
2.670244310350156525e+00 1.037002922647548786e+00
2.672649659994711158e+00 1.764799307173291254e+00
2.659310606792089970e+00 2.539412993561903420e+00
2.663174906486212024e+00 3.226662049833475265e+00
2.652707993671761244e+00 3.939936736718284038e+00
3.355951133876089898e+00 -4.006980949877974041e+00
3.371048264567022557e+00 -3.291002126569189556e+00
3.379534061480150342e+00 -2.567420301625059409e+00
3.465888501843508607e+00 -1.860929859369750972e+00
3.354015688895273684e+00 -1.161977783692481836e+00
3.383235268909800197e+00 -4.164682014691543088e-01
3.325795501965103540e+00 3.539125069534705403e-01
3.396282613383775129e+00 1.016678545472466055e+00
3.407110949022033708e+00 1.753868786409945812e+00
3.425940274652816697e+00 2.503120917849443572e+00
3.438563029259867676e+00 3.224914193070727464e+00
4.114906764108013704e+00 -4.015262553196201623e+00
4.113230322246479886e+00 -3.288230922413170276e+00
4.118399512515210859e+00 -2.564970864818377549e+00
4.100761242080558588e+00 -1.135190622550194206e+00
4.102749297785372562e+00 -4.235270448806431887e-01
4.123842103677318960e+00 3.230925707748575348e-01
4.152097145309753046e+00 1.027561472398463849e+00
4.185644224008967740e+00 1.772062849277876495e+00
4.160123056003122599e+00 2.478579927229159097e+00
4.191363191449774206e+00 3.199968268468719401e+00
4.214682688991324255e+00 3.886192859122385102e+00
4.839374354586063021e+00 -4.008368782064927416e+00
4.854258939564886077e+00 -3.288012492149356092e+00
4.856539759051401006e+00 -2.561869613996975659e+00
4.869348998329414258e+00 -1.828908786397029473e+00
4.842642442130703273e+00 -1.137071850779975080e+00
4.843324587309737694e+00 -3.887744959989305471e-01
4.865809989180270634e+00 3.156632020472542877e-01
4.854677522083370889e+00 1.047472948093258083e+00
4.912599667347606669e+00 1.760989637099090288e+00
4.929659923065429439e+00 2.497564064595096056e+00
4.912444900433342809e+00 3.202803012078550893e+00
4.900446534952152433e+00 3.951804507330901828e+00
5.591849011021004401e+00 -4.023775926917714685e+00
5.568220698572865501e+00 -3.298546614590009085e+00
5.586118757681859393e+00 -2.566442940028572650e+00
5.584880254936891220e+00 -1.814863775058412898e+00
5.573955725517926396e+00 -1.101604535565861909e+00
5.632134518486701324e+00 -4.014229029078890676e-01
5.609125874221398078e+00 3.291102740929048309e-01
5.624290748987348820e+00 1.025455644930509891e+00
5.629806252456361904e+00 1.761691875867516188e+00
5.650439395480077565e+00 2.522511438407136097e+00
5.667485314200000346e+00 3.220563146937056587e+00
5.679613640450995149e+00 3.929232197593432119e+00
6.340877484539959141e+00 -4.017881496686413811e+00
6.318182206492949149e+00 -3.325755327098317338e+00
6.329727057709838789e+00 -2.562006046940695114e+00
6.329882881486966539e+00 -1.843142033438926575e+00
6.388844090066299941e+00 -4.018411261932790524e-01
6.383581767553778263e+00 3.279042299655188231e-01
6.342823165042887013e+00 1.033688856781854071e+00
6.398001853286004348e+00 1.755544139379800583e+00
6.410839104701224755e+00 3.194751147388100065e+00
6.429747913125673620e+00 3.923886786182141151e+00
7.057994743026888784e+00 -4.020459798132918650e+00
7.005581500458625044e+00 -3.309918489006836495e+00
7.070268782508776439e+00 -1.855585356174646705e+00
7.121923765243572291e+00 -1.146015806564694373e+00
7.164909393637593382e+00 -4.039142625082838833e-01
7.173084778825632668e+00 3.164705806137888544e-01
7.140176954514323882e+00 1.036852496290585179e+00
7.140506283794913145e+00 1.749101311607340392e+00
7.155046193302418089e+00 2.488851134820105671e+00
7.158709671859483592e+00 3.220631061052426247e+00
7.145446197807700628e+00 3.960526523165217583e+00
7.870264517149131223e+00 -4.016156684664800025e+00
7.855135410493844006e+00 -3.306225444468104513e+00
7.868354039508403730e+00 -2.537062016501263173e+00
7.826435984372494659e+00 -1.891922733954107372e+00
7.869185868471255674e+00 -1.173731524259679304e+00
7.906254846675011549e+00 2.779389450699376596e-01
7.912479972812413109e+00 1.025336354486025670e+00
7.904274597409724379e+00 1.734096222028682632e+00
7.885255607856137772e+00 2.483417289484371793e+00
7.882199290088962584e+00 3.198049280272034167e+00
7.873214252995857976e+00 3.939242244630289491e+00
8.629632152532735745e+00 -2.612587341476380942e+00
8.646630587932307321e+00 -1.165853879307366725e+00
8.638947486682418742e+00 -4.614253928929308302e-01
8.631993778693221486e+00 2.836245698679249472e-01
8.613055573647251606e+00 1.019529595594168114e+00
8.628095351377929489e+00 1.730928883846363675e+00
8.619941097227211912e+00 2.475054231438985397e+00
8.632448298149007826e+00 3.201241037779670506e+00
8.649006559572455899e+00 3.914792220064487793e+00
9.401814119474167342e+00 -1.910003231443990757e+00
9.382832812284092938e+00 -1.184353622043857968e+00
9.395933913426858908e+00 -4.805767271569010290e-01
9.357161320121051062e+00 2.537885255158904840e-01
9.342128144483247354e+00 1.037466725891121655e+00
9.368148858393780642e+00 1.731092224756665132e+00
9.382741087794556734e+00 2.436985872387658958e+00
9.375161350250571957e+00 3.161698561728503165e+00
9.404099240486942790e+00 3.867697045936619560e+00
1.027013869604586915e+01 -4.059357822889914758e+00
1.026862634627691762e+01 -3.333230456175851231e+00
1.026053637212790903e+01 -2.603882159489156578e+00
1.021864769512851012e+01 -1.913937169998156662e+00
1.019293671005659974e+01 -1.168488814138068932e+00
1.017650843359512436e+01 -4.628203686817329299e-01
1.011585911786485781e+01 1.009391583428449479e+00
1.011687590854050001e+01 1.702772651248480429e+00
1.013336037862893590e+01 2.444300743300654943e+00
1.013800104897774901e+01 3.183440984169241261e+00
1.018112636268760696e+01 3.870871035738321808e+00
1.102021359444061943e+01 -3.350257452628458310e+00
1.102174097925414031e+01 -2.611657014043849756e+00
1.101963805454232670e+01 -1.909092392010926176e+00
1.096173966836246905e+01 -1.180937940602390768e+00
1.089838338227306025e+01 2.587745636728797649e-01
1.086653263331490393e+01 9.857460527508692394e-01
1.086468069164686057e+01 1.706491608002192351e+00
1.087494806995493946e+01 2.428325555964722327e+00
1.090387324555283755e+01 3.116762079308205813e+00
1.092622007822594554e+01 3.888649396412215964e+00
1.178584101791685157e+01 -3.335342055720310839e+00
1.177063597038605991e+01 -2.610146525144049434e+00
1.179804020034252687e+01 -1.930042976417354339e+00
1.173259374217364837e+01 -1.164768552297239523e+00
1.171983080203877847e+01 -4.464509165897254661e-01
1.167022870417153513e+01 2.554485486134652206e-01
1.162374950275914642e+01 9.856853466219348547e-01
1.160766806488166480e+01 1.719038693938767182e+00
1.161969562335016803e+01 2.446898155789508422e+00
1.166915588366222778e+01 3.134683962578602490e+00
1.166443858225196095e+01 3.859007611308552299e+00
1.262323667324921672e+01 -4.112054402760158212e+00
1.257811223951897261e+01 -3.356707462789135121e+00
1.255689186250285871e+01 -2.637290532046467462e+00
1.251825995344907483e+01 -1.913812649683990230e+00
1.249555791310282871e+01 -1.160065352210697398e+00
1.247303883042401651e+01 -4.333786310106404471e-01
1.250371904961470193e+01 2.926178612560477177e-01
1.244328991881019419e+01 9.681290531242012776e-01
1.252171346956742326e+01 1.696908026999615515e+00
1.246193118069493266e+01 2.473861871692175640e+00
1.244706953685298600e+01 3.152372534090861933e+00
1.246825867182872827e+01 3.887856054475822276e+00
1.341011153024210500e+01 -4.058622774234446950e+00
1.342127168703446927e+01 -3.338504050628149145e+00
1.339795262358056505e+01 -2.592088383487055836e+00
1.327471121027919310e+01 -1.128345493198782634e+00
1.328940062156656410e+01 2.943845185010438570e-01
1.323177258251141808e+01 1.002094439136623549e+00
1.323892772127157968e+01 1.727649772141479190e+00
1.321216148129096268e+01 2.458355842557729432e+00
1.323619253461303913e+01 3.197362748178388614e+00
1.323920328689143844e+01 3.897962698122828584e+00
1.412197505895304772e+01 -3.343413388687537235e+00
1.417613247354857009e+01 -2.603668493985619392e+00
1.413004462401676875e+01 -1.891211989007651084e+00
1.414584963971333309e+01 -1.172065120901145008e+00
1.411898102349827866e+01 -4.327063457662525536e-01
1.408238808654653695e+01 2.740188024631180497e-01
1.406383814697537105e+01 1.019748289480283177e+00
1.398904659649491578e+01 1.735359359387082634e+00
1.396153225337769754e+01 2.504467792138157733e+00
1.397448517485229047e+01 3.207586534123446853e+00
1.401731257259811514e+01 3.900170622324456104e+00
1.494197008902048651e+01 -4.071243730567669417e+00
1.492138611476354271e+01 -3.333901350793553320e+00
1.492995226956180943e+01 -2.608295347421631050e+00
1.489910687390784005e+01 -1.893510897693079897e+00
1.481370488849390910e+01 3.346394276526147848e-01
1.478182180518787447e+01 1.028353324417274450e+00
1.478654806029267377e+01 1.751828755184206443e+00
1.477853348029398006e+01 2.469632271178873850e+00
1.483000760412849672e+01 3.191677040568716706e+00
1.483638991645703697e+01 3.911564814296969672e+00
1.576796788679348538e+01 -4.064173773959382174e+00
1.575955623278839113e+01 -3.365219200428064994e+00
1.571390131622976583e+01 -2.589756196893162610e+00
1.564551175898218105e+01 -1.148133531832918663e+00
1.561675223353682895e+01 3.431404108581297407e-01
1.560625153993136394e+01 1.003527567073565052e+00
1.554076797080944061e+01 1.755856687343367639e+00
1.556779210154505932e+01 3.197319855671043598e+00
1.556638522656982104e+01 3.929475372198698579e+00
1.651935308563930249e+01 -4.079008565973996525e+00
1.651196406013587392e+01 -3.356140140867143629e+00
1.653304631786908629e+01 -2.620313378426189388e+00
1.651705652377516742e+01 -1.913425229437066832e+00
1.642576521595605499e+01 -1.168637648372975235e+00
1.649122303256468314e+01 -4.470307926306951174e-01
1.636656284168533659e+01 3.277835962789090729e-01
1.631589541678324196e+01 1.759575102858331519e+00
1.633197888797602104e+01 2.486299114294020285e+00
1.630565389370552509e+01 3.225954457870290781e+00
1.634964417574953188e+01 3.911796059443890528e+00
1.725027991874392796e+01 -4.088284185095208301e+00
1.725924438227729496e+01 -3.360802982747205903e+00
1.724642130292754416e+01 -2.663849999098324872e+00
1.724919647872822992e+01 -1.912738780941811712e+00
1.720821545924781049e+01 -1.198306562671767495e+00
1.719488252504063297e+01 -4.654026839660367898e-01
1.718324885732644702e+01 2.775974059312460440e-01
1.712674115016554310e+01 1.784336941222331774e+00
1.711075829035898721e+01 2.488202486371740463e+00
1.708329382033170418e+01 3.186689913667915874e+00
1.710117426749576452e+01 3.932115310527738217e+00
1.799595679484244215e+01 -4.075785218761371453e+00
1.797865308117837913e+01 -3.354675736890470716e+00
1.796087678893806583e+01 -2.643975287677669428e+00
1.795159463077457929e+01 -1.878178705367638202e+00
1.795082591406067252e+01 -1.179140056233233480e+00
1.792259866953665437e+01 -4.601054212897182083e-01
1.792664806809914779e+01 3.426465873305062360e-01
1.786687243933359781e+01 1.027451418756808010e+00
1.784987658488342532e+01 1.692270280428793683e+00
1.787172337209830886e+01 2.517038819208586631e+00
1.786774062119496165e+01 3.214549374152309014e+00
1.788650900813298961e+01 3.957302589133131931e+00
1.871770150197312432e+01 -4.053353845742691419e+00
1.871152530235571021e+01 -3.358067247481177020e+00
1.868979520509638093e+01 -2.609195773811538999e+00
1.866657984595493502e+01 -1.897190149977202367e+00
1.863808930035541778e+01 -1.181637451633701374e+00
1.866583768265874710e+01 -4.352721752795574162e-01
1.862884231440165195e+01 2.882791161162820970e-01
1.863347405700300641e+01 1.040053460086117099e+00
1.861586720612577039e+01 1.775287119489171062e+00
1.861191236190304465e+01 2.511714138027659970e+00
1.859592279612744647e+01 3.249843084335527266e+00
1.858420690632253525e+01 3.957766329127398564e+00
1.942987814953982451e+01 -4.085944992288819577e+00
1.942616436058236928e+01 -3.342336469239509000e+00
1.939586990413557999e+01 -2.610780507908557979e+00
1.940604651290787075e+01 -1.898779766397606039e+00
1.939188013542902667e+01 -1.151534670657429871e+00
1.939737470795765262e+01 -4.243273706622616714e-01
1.935545770497854789e+01 3.110504074138660258e-01
1.938742487571700934e+01 1.031668406348028810e+00
1.932925979637096248e+01 1.766445131280608649e+00
1.934134511782106358e+01 2.506019197071672977e+00
1.932188193442411972e+01 3.247617811717500302e+00
1.935077903646646291e+01 4.005179904914559330e+00
2.021782620944197362e+01 -4.032640234062718321e+00
2.014862293215549727e+01 -3.310793575111532050e+00
2.015201109788262102e+01 -2.584074834899887207e+00
2.013633003793488285e+01 -1.869785138188685636e+00
2.011211892373877674e+01 -1.146891246285310473e+00
2.010674761757184115e+01 -4.172089010272053144e-01
2.011143623550580628e+01 3.128076109798918480e-01
2.009580167306464915e+01 1.037398456986586837e+00
2.009025627264727376e+01 1.772809035256347698e+00
2.010866021938781500e+01 2.504549993235997363e+00
2.007977875697098114e+01 3.231616610413002633e+00
2.013219430987115999e+01 3.978333949054903229e+00
2.097849190513952067e+01 -4.056260923535027985e+00
2.096942092598573737e+01 -3.316092223791294202e+00
2.093480660559701789e+01 -2.593963767519472441e+00
2.090881879626818574e+01 -1.833056220881434939e+00
2.089565001438168679e+01 -1.112928724965023264e+00
2.087090223556633362e+01 3.229514602492642439e-01
2.095218761901633542e+01 1.052828121184308685e+00
2.089967847044553650e+01 1.779669032959322550e+00
2.087449554815378150e+01 2.527043050808906344e+00
2.086134771980814406e+01 3.250216017525001888e+00
2.092954206538524176e+01 3.917554386971470848e+00
2.170850313160435974e+01 -4.064505693137910214e+00
2.168843162604061092e+01 -3.327367025955293656e+00
2.167058637394082155e+01 -2.566880867592885807e+00
2.169911086018954904e+01 -1.861278525721097310e+00
2.171759486993824595e+01 -1.128347426758256944e+00
2.168892776309387926e+01 -4.101912212465279595e-01
2.167683048747191776e+01 3.263990916525045805e-01
2.171409258365481065e+01 1.060950417066550244e+00
2.165679794404584868e+01 1.775746671525261888e+00
2.167639100785623185e+01 2.531445768589112078e+00
2.169475879938433138e+01 3.215094217990223768e+00
2.170406148833990301e+01 3.955301628890683929e+00
2.268026754557717339e+01 -3.965696294990554094e+00
2.260195424418939325e+01 -3.325310489118180612e+00
2.262814465011107501e+01 -2.537469417749242950e+00
2.267295468156537908e+01 -1.830731324526929882e+00
2.252591143860644252e+01 -3.978114799899898912e-01
2.250626276496886646e+01 3.393748290728630934e-01
2.250184259704963097e+01 1.072034745351285068e+00
2.246223757443780045e+01 1.796857102741327594e+00
2.246397714145103919e+01 2.512830310465449912e+00
2.247025313795872847e+01 3.220990995549424696e+00
2.246178561986198474e+01 3.985958276907428655e+00
2.339027135661391554e+01 -4.050724767265023729e+00
2.339398943508294337e+01 -3.311429948391552358e+00
2.338311957719152190e+01 -2.590588582580178212e+00
2.339391506143556398e+01 -1.845426226010332016e+00
2.337714218568977742e+01 -1.117473444107780267e+00
2.335996658736843301e+01 -3.939450294282167420e-01
2.334563481117235284e+01 3.322580676590582982e-01
2.328467349299486244e+01 1.076766141895724616e+00
2.328132879850774373e+01 2.559599240375941775e+00
2.325575220783969854e+01 3.234582624556136210e+00
2.323010705578582957e+01 3.953812976871166285e+00
2.412843979509408854e+01 -4.034681145258605994e+00
2.411770350060674417e+01 -3.308365360852860704e+00
2.413076979752609930e+01 -2.583039169675405589e+00
2.411767506715927567e+01 -1.849523993531818178e+00
2.411858057735736338e+01 -1.122793285617088799e+00
2.409281561163002294e+01 -4.086932315743396771e-01
2.408117057040477960e+01 3.243562455727868610e-01
2.406869942102154880e+01 1.063212313127330333e+00
2.406283841191917361e+01 1.791070313845406048e+00
2.405723780175476634e+01 2.511797487121313566e+00
2.399264199922459539e+01 3.259352051245162585e+00
2.403439493846474306e+01 3.946892475961401914e+00
2.485448917043996175e+01 -4.034852891839090461e+00
2.485307994294185363e+01 -3.311872809963197994e+00
2.484644121925274618e+01 -2.577378504519099778e+00
2.486377252853068143e+01 -1.856797331536469642e+00
2.484173354944235257e+01 -1.114872349100398452e+00
2.482645189883147907e+01 -3.867121167949818528e-01
2.486532244298573602e+01 3.039919695367068186e-01
2.482773441284970772e+01 1.063590924066250665e+00
2.478367964417240898e+01 1.782902625379769290e+00
2.480150337646381331e+01 2.520019377264144822e+00
2.476781863752823654e+01 3.251584663344356585e+00
2.482497230581596881e+01 3.964525542057653951e+00
2.561517003310802210e+01 -4.025985559392676549e+00
2.559243124420125071e+01 -2.592773627138935666e+00
2.555349176835023428e+01 -1.875581567449959408e+00
2.558774659939977880e+01 -1.137339962158868900e+00
2.557121446045649549e+01 -4.086898234642148964e-01
2.556933633457467181e+01 3.191861716918644731e-01
2.557680035707235788e+01 1.036332860054276495e+00
2.557942468825345372e+01 1.781331525017609607e+00
2.555659540781829975e+01 2.501639023105067139e+00
2.554611414470235076e+01 3.236435326146473557e+00
2.555663548083292369e+01 3.957997342770635640e+00
2.633810433123099415e+01 -4.027220253438251518e+00
2.621103326794474242e+01 -3.308946733268268048e+00
2.635585355295879850e+01 -2.586103419015497451e+00
2.631582960720067632e+01 -1.855174371608807604e+00
2.631986863299167112e+01 -1.139578344977365987e+00
2.631574509662548422e+01 -4.117216573072859376e-01
2.630807278368681779e+01 3.165976320289836110e-01
2.630369801815332664e+01 1.035607434950374994e+00
2.630097627437364594e+01 1.765439751600645479e+00
2.632003862274177663e+01 2.481701424870674799e+00
2.631260187388367910e+01 3.230875642528051372e+00
2.632534934167672702e+01 3.957214320624505177e+00
2.706181911337757384e+01 -4.026163133405198380e+00
2.706770423321599850e+01 -3.326760105347819518e+00
2.705259673565911527e+01 -2.596432380654718486e+00
2.705534519918700198e+01 -1.864739723263497240e+00
2.705370379801233582e+01 -1.139151935848715880e+00
2.704577649061879896e+01 -3.891513673988988842e-01
2.705778412757727835e+01 3.164138946663186402e-01
2.702772148569651023e+01 1.047512970213151817e+00
2.706356527230555287e+01 1.790527386647358554e+00
2.709030046456928886e+01 2.534651838193120454e+00
2.706318478335246169e+01 3.230381750736487589e+00
2.707076333058955697e+01 3.956337295968044288e+00
2.783934577037255309e+01 -4.048133244617606152e+00
2.778738412593012441e+01 -3.355273060003653995e+00
2.783506726569886069e+01 -2.597749131519972110e+00
2.780508262396462271e+01 -1.869498960701548640e+00
2.781668247579916908e+01 -1.146216565597466541e+00
2.778748893888318605e+01 -4.436692707523164358e-01
2.780382883335348509e+01 3.223742173075230255e-01
2.779726253253711832e+01 9.993098851381496672e-01
2.778873821065140959e+01 1.786882504192266907e+00
2.780281061954008237e+01 2.493182378233388619e+00
2.782043398044761773e+01 3.226379950730180468e+00
2.781174788320064550e+01 3.953248846930474514e+00
2.857030148897370481e+01 -4.076472238273243676e+00
2.855893271427790836e+01 -3.320245716462860486e+00
2.855595887651865183e+01 -2.593093848004698998e+00
2.857907628799336663e+01 -1.883535048744445106e+00
2.856247552832491721e+01 -1.134449770262424551e+00
2.857383481331314812e+01 -4.220045050558418609e-01
2.857734737501125011e+01 2.980815213226613025e-01
2.857659907273396271e+01 1.015290781363930250e+00
2.857254551251453023e+01 1.753690686241984764e+00
2.853397463211920382e+01 2.495470577898608155e+00
2.854075615013264411e+01 3.226051215306487308e+00
2.856546354547770505e+01 3.948243919354101905e+00
2.936628183573792938e+01 -4.044528903620157934e+00
2.932367373402136224e+01 -3.339896486968001454e+00
2.932423825195292721e+01 -2.567807786694682903e+00
2.931012703373834682e+01 -1.887956582138986761e+00
2.929924086449033638e+01 -1.161216344423255720e+00
2.928319492222272658e+01 -4.320594895884859454e-01
2.928712602485611427e+01 2.905907249299843897e-01
2.930457639064776032e+01 1.019815114671427381e+00
2.930852884592643903e+01 1.727287667078890365e+00
2.932063609318723962e+01 2.473785810018718223e+00
2.932998007960092224e+01 3.184996948616980461e+00
2.933399587885083548e+01 3.932926774984355944e+00
3.008371564520697206e+01 -4.058954259812331600e+00
3.010463601525999167e+01 -3.351493896159144725e+00
3.009190988874660633e+01 -2.621593989098229827e+00
3.008220040582965993e+01 -1.893471031791762016e+00
3.007756694322505808e+01 -1.163175832137696375e+00
3.005230068210232020e+01 -4.359842893734473535e-01
3.006561849765737549e+01 2.916094639942059530e-01
3.004529871280060860e+01 1.026638838286721978e+00
3.005319623013041763e+01 1.753156537703858930e+00
3.006540780576930416e+01 2.459199124827101457e+00
3.007053814769644617e+01 3.180176331920829824e+00
3.007044986116832064e+01 3.909954559119714901e+00
3.084346402105773421e+01 -4.059757986710337718e+00
3.082019401954472215e+01 -1.881918271748919125e+00
3.081482665626054285e+01 -1.179197963593956899e+00
3.082220119660599522e+01 -4.259916043243414663e-01
3.082858660663426775e+01 2.791488474002292719e-01
3.080337829391685744e+01 9.940020307001624644e-01
3.080978579192920819e+01 1.732911196750631433e+00
3.080911353959370302e+01 2.461090608354897569e+00
3.081113740373223919e+01 3.183179765470907086e+00
3.079562497660599973e+01 3.902664241313001270e+00
3.161239040874367134e+01 -4.075536902763033709e+00
3.158300354526937070e+01 -3.326974136358543888e+00
3.157976731681005589e+01 -2.610546578348600377e+00
3.159953936485890580e+01 -1.897853199330164387e+00
3.157297904885165707e+01 -1.175635317208573838e+00
3.155257517817586432e+01 -4.642882890194748313e-01
3.156494073342279449e+01 2.788892541619887311e-01
3.157296339065462831e+01 1.001789244161606973e+00
3.157950046405827749e+01 1.733549425499070651e+00
3.157420144095525671e+01 2.467947882407550253e+00
3.154685964763628903e+01 3.205588031063332011e+00
3.155703656112974187e+01 3.923235237796180996e+00
3.237369289352118784e+01 -4.062722678800820830e+00
3.234931717509800109e+01 -3.348438715010566114e+00
3.229928921314640178e+01 -2.603314732335910264e+00
3.232611655768833003e+01 -1.906654811568134988e+00
3.230314266330730533e+01 -1.156841058777544617e+00
3.231515903207780838e+01 2.698235158429937997e-01
3.231415681654927852e+01 9.884891778359019554e-01
3.228882784719497323e+01 1.737888715132086759e+00
3.230577204326615259e+01 2.466474136979705634e+00
3.229403609899888039e+01 3.185821354198385080e+00
3.235563490721735747e+01 3.903155815572251441e+00
3.307953551111911139e+01 -4.064774910762789517e+00
3.307770196753198633e+01 -3.345237387699722120e+00
3.308252820900305124e+01 -2.607459380227286516e+00
3.306494494457333388e+01 -1.885515158299796212e+00
3.306175349544297859e+01 -1.165723979161949586e+00
3.304605903988387894e+01 2.717516672687132484e-01
3.303434571177860590e+01 1.003901856665056158e+00
3.308208607832397519e+01 1.717904640419138929e+00
3.307226403593775643e+01 2.444625908051346386e+00
3.307243183570049183e+01 3.188435967223892220e+00
3.307264623704978845e+01 3.912959051526843979e+00
3.383553656424320621e+01 -4.054819884163642030e+00
3.382400231719645234e+01 -3.331810456008970078e+00
3.384312562598146457e+01 -2.613257252546368647e+00
3.379878885676358635e+01 -1.890337520640507307e+00
3.380070195084913820e+01 -1.149143406778097898e+00
3.382705737829230230e+01 -4.482401286259083406e-01
3.379635853037981263e+01 2.703033417518767578e-01
3.380243634546695120e+01 1.001749679153309813e+00
3.379914237014050826e+01 1.729722416265893514e+00
3.378070811097219206e+01 2.475231534556485258e+00
3.381714759849520391e+01 3.200482439880200758e+00
3.378604285095470772e+01 3.937704375997061135e+00
3.457617333179680230e+01 -4.039540950092124660e+00
3.455993402861734154e+01 -3.315206148356605098e+00
3.456132657339724545e+01 -2.597618748696266522e+00
3.454662499627877281e+01 -1.891577052482631416e+00
3.455583239434148624e+01 -1.168989736309708150e+00
3.454344672132337024e+01 -4.502422349048345041e-01
3.453069675585407339e+01 2.801185059907211894e-01
3.453343642162189298e+01 1.019552470520910248e+00
3.454430043860204336e+01 1.757429542605983386e+00
3.456056373147159633e+01 2.470809731685339017e+00
3.456056203530294368e+01 3.204073347112942116e+00
3.453763666952804812e+01 3.933534125478292509e+00
3.530371167997866877e+01 -4.053644164020180796e+00
3.524323882093911919e+01 -3.351081858973728345e+00
3.528972238111413873e+01 -2.605098783741961910e+00
3.528977485263623493e+01 -1.883307728609384668e+00
3.528364099547096799e+01 -1.190782346751539933e+00
3.529809728520800860e+01 -4.565397900249976715e-01
3.528409528264717920e+01 2.964247286038421692e-01
3.526995566604835375e+01 9.934701968808461459e-01
3.525830797676321282e+01 1.759658457402885290e+00
3.525269867320584893e+01 2.452291296291726042e+00
3.528522389723710972e+01 3.211661344135368523e+00
3.526707225837620996e+01 3.932140846416555036e+00
3.604598011345908759e+01 -4.033041781283511540e+00
3.603996027610168795e+01 -3.312603972712210521e+00
3.604296242302614672e+01 -2.596893864171427424e+00
3.602903214154081724e+01 -1.883336646361108535e+00
3.602210738008435698e+01 -1.159041045488290678e+00
3.601365651362527132e+01 -4.320853827593431618e-01
3.602897970923218196e+01 3.151162147718231665e-01
3.603743170669657303e+01 1.078211529416442716e+00
3.604079416980766126e+01 2.473017542932055335e+00
3.602403177418681679e+01 3.222499737194535641e+00
3.604678741617312454e+01 3.971602326522390314e+00
3.676651366485045713e+01 -4.072161057824278174e+00
3.676105901175426283e+01 -3.316794230599466431e+00
3.677301762940331997e+01 -2.647466861193024101e+00
3.676314460531603601e+01 -1.872165610301351535e+00
3.675880708034038236e+01 -1.145082255494930479e+00
3.674728857827384587e+01 -4.193035687826736080e-01
3.678922679737795676e+01 3.104764810582132384e-01
3.676545077221405933e+01 1.021836823929437088e+00
3.675780292573791286e+01 1.796892375394232744e+00
3.675317308360148871e+01 2.498175881992008129e+00
3.680255898502151268e+01 3.254036992081875468e+00
3.681918525276473275e+01 3.947262004343837560e+00
3.754442656812725687e+01 -4.048166916746243515e+00
3.751134150443170512e+01 -3.307914846866534475e+00
3.750476922040513017e+01 -2.585331849217038069e+00
3.747936918503882708e+01 -1.137599380059402421e+00
3.747950460937466488e+01 -4.091180708223056683e-01
3.746350289124929844e+01 3.758463778095233465e-01
3.749266352881219433e+01 1.068897491574112735e+00
3.752465716576832477e+01 1.757297678076923830e+00
3.755184827043915874e+01 2.496891872815819369e+00
3.751782880211977300e+01 3.230258115705684219e+00
3.753178482112088687e+01 3.949978294816080648e+00
3.827678912868169192e+01 -4.018472855899968721e+00
3.827679885146229566e+01 -3.292165827805071388e+00
3.825811266529958488e+01 -2.581595266883752515e+00
3.825466663848495585e+01 -1.856550513956435111e+00
3.825443973852475921e+01 -1.124491420556321231e+00
3.823509946871191545e+01 -3.908462697110373085e-01
3.829313271153950637e+01 3.682831785878875053e-01
3.830025823324559298e+01 1.071172943097931096e+00
3.830353505820773563e+01 1.776001109229596864e+00
3.830407329942458006e+01 2.532621472952900632e+00
3.906776419834485381e+01 -3.972954316022686783e+00
3.908030644434895606e+01 -3.251652852347508116e+00
3.904455806319818834e+01 -2.565865081780525969e+00
3.908952922221445903e+01 -1.811019103620967741e+00
3.913021970111859815e+01 -1.086750794901618633e+00
3.905756987060879482e+01 -3.161253112885660244e-01
3.909491875282480322e+01 2.606496859582701831e+00
3.909281054350777396e+01 3.149200056763316269e+00
3.988919492810547496e+01 -3.286949366857601973e+00
3.980330111072510846e+01 -2.759206101821245483e+00
3.984166230159720357e+01 -1.845939382644520066e+00
3.998590890386810059e+01 1.102840749805597653e+00
3.998923059210506636e+01 1.861046721394970405e+00
4.000099584335666947e+01 2.618683567330013062e+00
4.000277672252124006e+01 3.309970616595979465e+00
3.999557633283956903e+01 4.018931578004188765e+00
4.073549596327251976e+01 -3.982474746491302398e+00
4.071860137765832377e+01 -3.248154560400823954e+00
4.070837669706939010e+01 -2.486568957978700922e+00
4.071305090589321907e+01 -1.785677863763563522e+00
4.072141785200424380e+01 -1.068276374682817220e+00
4.072569807041620749e+01 -3.348463466624274076e-01
4.073861723456504791e+01 1.117293181437453597e+00
4.072930637958778988e+01 1.847186335698062010e+00
4.072005057369035086e+01 2.538574344937448046e+00
4.070097192836954747e+01 3.324059742682127450e+00
4.071905046096990333e+01 3.982474746491302398e+00
