-1.237751663906642818e+00 -4.074258850842380042e+00
-1.222255981115729639e+00 -2.642698211543063280e+00
-1.233358960463256437e+00 -1.895234796768725971e+00
-1.226477243492311686e+00 -1.163616921362443435e+00
-1.246105858143195633e+00 -4.459756764185591749e-01
-1.233797969501004843e+00 3.884786325498730264e-01
-1.231825073212299060e+00 1.045445939392507739e+00
-1.230536007536002785e+00 1.764918363923793976e+00
-1.225585168351123855e+00 2.469891784869556517e+00
-1.230706763256776526e+00 3.210465918106969241e+00
-1.218207859579159447e+00 3.953790399569406588e+00
-4.409296006696266090e-01 -4.047617658652562511e+00
-4.327306425097745546e-01 -3.340612519103348887e+00
-4.510967620536732170e-01 -2.600122799592053724e+00
-4.818913780836382443e-01 -1.884714522156858862e+00
-4.758325864103767344e-01 -1.148218531332176440e+00
-4.585890301951849324e-01 -4.352988550767413756e-01
-4.976227388980589694e-01 1.015969941417161237e+00
-4.888542181807764564e-01 1.766725884348851139e+00
-4.858104269982987944e-01 2.468446166744083570e+00
-5.025762976435359519e-01 3.248535331017201599e+00
2.742555465524105784e-01 -3.319759518368915252e+00
2.294496347899155353e-01 -2.605541527882508035e+00
2.716459507708606225e-01 -1.875941087698492993e+00
2.602037392673750560e-01 -1.136976482377530573e+00
2.660821476681078934e-01 -4.153372883591828213e-01
2.599157895626476034e-01 1.046272796628528567e+00
2.638603936643946213e-01 1.762415862045404680e+00
2.378039792688895204e-01 2.512425781614982867e+00
2.554468077369236312e-01 3.251417986930846382e+00
2.411281974720225207e-01 3.969902104875302484e+00
9.894594449973297401e-01 -4.041256048574940252e+00
1.001513677673067093e+00 -3.325946498397847506e+00
1.007761915095308325e+00 -2.591751849167778232e+00
9.961232658460588141e-01 -1.859993962886797192e+00
9.757092652228607221e-01 -1.146928832846459301e+00
9.959775196685711762e-01 -4.278403094355205383e-01
9.917199226152675351e-01 1.033966040852369872e+00
9.839841678378533629e-01 1.788119624437591426e+00
9.909600727009362231e-01 2.519190130511212544e+00
1.000155714134997709e+00 3.247711088601846541e+00
1.002523398706770763e+00 3.957089835663921917e+00
1.728741653419696434e+00 -4.030572355102595594e+00
1.706786541595228357e+00 -3.316726409111826257e+00
1.731064687892171605e+00 -2.605887847849739813e+00
1.740717515224595502e+00 -1.866024100535074837e+00
1.749182016100114367e+00 -1.136185865433034792e+00
1.738555895395649031e+00 -3.928965893026017397e-01
1.745786572181302176e+00 3.459178478631308451e-01
1.730106638097076655e+00 1.752415527847318799e+00
1.735070909397464334e+00 2.542817448856695250e+00
1.685047886343120638e+00 3.258162263558013194e+00
1.726192884095823388e+00 3.978308803135803373e+00
2.473385512526981245e+00 -4.024946237348245859e+00
2.453122883707258950e+00 -3.335760784696759629e+00
2.431139545817444514e+00 -2.607221392874343735e+00
2.455295610983014853e+00 -1.869454947274178380e+00
2.461054485017889704e+00 -1.146202028105147264e+00
2.448951639774165301e+00 -3.953298871395531933e-01
2.433627852204850228e+00 2.896470840785347889e-01
2.450374920455018923e+00 1.051890728656847074e+00
2.451505400710288995e+00 1.781969726553676026e+00
2.485971278132275586e+00 2.540661027025375773e+00
2.431832454765086027e+00 3.209164606625897420e+00
2.456043374102272026e+00 3.968635906120979939e+00
3.205706116359515079e+00 -4.036875404290409364e+00
3.233353342878032777e+00 -3.275040825412578016e+00
3.185763554828874078e+00 -2.576840187405455396e+00
3.186928156590781214e+00 -1.882785994334586377e+00
3.185408662658005596e+00 -1.142064927570412891e+00
3.194815203261711645e+00 -4.341561752032134791e-01
3.176696963777779104e+00 2.881041483149964222e-01
3.210723859317837992e+00 1.037340515051496936e+00
3.208367249599795912e+00 1.772572095925593061e+00
3.198288127673293957e+00 2.531796319322523914e+00
3.203894340164872290e+00 3.225189613187126270e+00
3.193159224663837392e+00 3.937837602665538839e+00
3.896248413044233416e+00 -4.012331514891627648e+00
3.912114033104771238e+00 -3.300282839510821020e+00
3.921772143859122650e+00 -2.575703342213468972e+00
4.019415118128549125e+00 -1.875691158922947466e+00
3.900430477027825305e+00 -1.158719399324549926e+00
3.922840017750282016e+00 -4.144807054629247034e-01
3.879267242985257269e+00 3.502735841390496319e-01
3.933045092931820363e+00 1.021840056175193467e+00
3.945460304682121944e+00 1.753854135514348656e+00
3.958186574903571397e+00 2.503366156098159934e+00
3.968706699229961998e+00 3.222181290645330876e+00
4.658674181281682536e+00 -4.018059441713774049e+00
4.652835406182020961e+00 -3.297115740607381440e+00
4.661558027139960814e+00 -2.571261790768918587e+00
4.639687087878812122e+00 -1.136182081309410563e+00
4.644963322865386601e+00 -4.212642303908928909e-01
4.662723210281804143e+00 3.212594946687872266e-01
4.687436053069482966e+00 1.025878628159745176e+00
4.715657865050346231e+00 1.773674877466294930e+00
4.690676185480540994e+00 2.479867328271403437e+00
4.720279133825314943e+00 3.207104368250320192e+00
4.732355544400469682e+00 3.903525985152114686e+00
5.373242994351024038e+00 -4.016330025118044489e+00
5.391204503732211606e+00 -3.295372464238983667e+00
5.396311155051492392e+00 -2.574456399067184265e+00
5.406615992962684913e+00 -1.839420048664397456e+00
5.381538713271446284e+00 -1.139590765908366166e+00
5.380014819334249410e+00 -3.876364413253305941e-01
5.400192915324517173e+00 3.143568259871294401e-01
5.407363380235565842e+00 1.070274028524774934e+00
5.439058126753245404e+00 1.753144133446433273e+00
5.451274436020291603e+00 2.501408582760284105e+00
5.439062822507210626e+00 3.211038529985493994e+00
5.426312737771830541e+00 3.946097068304837308e+00
6.128439376180104148e+00 -4.032595138440534299e+00
6.114682930071438705e+00 -3.303807595309898204e+00
6.126026342711220707e+00 -2.577956336191732589e+00
6.123488099329634338e+00 -1.819221703959595260e+00
6.108072188824387183e+00 -1.110021331850621351e+00
6.163010645043655700e+00 -4.058773424074502145e-01
6.140616325987537039e+00 3.317612459437810912e-01
6.155161831220816282e+00 1.031315900015588483e+00
6.161565309170228488e+00 1.763354984224687172e+00
6.179043275768904664e+00 2.522163342327541358e+00
6.187104145326671301e+00 3.223341121088317607e+00
6.195363852116912540e+00 3.938416170705409058e+00
6.870316135039978178e+00 -4.028198331188100667e+00
6.859846504960138702e+00 -3.332090683129322883e+00
6.864673456947343766e+00 -2.572449793511157878e+00
6.864563038731013478e+00 -1.855025160552159491e+00
6.899011462994948829e+00 -4.045939773324747080e-01
6.910383299450444383e+00 3.212884295139488700e-01
6.858801970549890825e+00 1.034649450375734858e+00
6.929530451933757718e+00 1.755625150366022069e+00
6.929589977999363271e+00 3.201295732090009949e+00
6.942519535247647866e+00 3.929737342138118095e+00
7.598059673072306452e+00 -4.030023777938133378e+00
7.540633105686595172e+00 -3.312915304825654772e+00
7.600241665441970440e+00 -1.860865075550911740e+00
7.644579198070267978e+00 -1.152537381086212065e+00
7.688208098999062656e+00 -4.100172957447973943e-01
7.687372766206756580e+00 3.133691680352299613e-01
7.664328706860018769e+00 1.031303434602808267e+00
7.666008798686021919e+00 1.758607654100003970e+00
7.672784002688210592e+00 2.492238632229653916e+00
7.677084706740359366e+00 3.220559214822984018e+00
7.658236646519192448e+00 3.958127516122345924e+00
8.392330197970444772e+00 -4.040835701898640053e+00
8.379988480099477499e+00 -3.311822275472398047e+00
8.391356820162357621e+00 -2.556870968129825172e+00
8.355222598123461353e+00 -1.890692789807541629e+00
8.392015527011643883e+00 -1.173769541109248138e+00
8.423317149616607935e+00 2.790444963622071839e-01
8.426147098629748200e+00 1.032053831249083231e+00
8.419824138348069198e+00 1.740664440247453371e+00
8.402474666419713856e+00 2.488811671472682008e+00
8.389125192118214613e+00 3.201733630942008801e+00
8.385754934471023603e+00 3.943830061300054979e+00
9.142534454147039469e+00 -2.610031169654575933e+00
9.156265692024902592e+00 -1.164231780059242993e+00
9.146125031311925113e+00 -4.550615782647753349e-01
9.148264488463425437e+00 2.877721047302443935e-01
9.127716568280519027e+00 1.027804648142911503e+00
9.144417570605789081e+00 1.737973464839342341e+00
9.125454114126426930e+00 2.480789182483622568e+00
9.143883703936261043e+00 3.204889906405227862e+00
9.156588378858778299e+00 3.925152105144100290e+00
9.906203306299609324e+00 -1.901898902350932730e+00
9.894814259742830131e+00 -1.179445068576509215e+00
9.901190447059725841e+00 -4.714498398520348132e-01
9.867832381075942294e+00 2.669495118895568453e-01
9.847340753557887183e+00 1.045154539851786524e+00
9.879130775974282130e+00 1.746302205527086926e+00
9.884293076819290036e+00 2.447118129124010721e+00
9.873353930110447152e+00 3.177292615950612742e+00
9.902673178526292475e+00 3.882666639296054711e+00
1.074496831788680851e+01 -4.061218950064805711e+00
1.073496003872946858e+01 -3.341144823156241728e+00
1.073397873799154922e+01 -2.615085825815921083e+00
1.071044762607454714e+01 -1.905380498495684805e+00
1.069384750029865927e+01 -1.164897434816406729e+00
1.067286936771850492e+01 -4.473282434038523547e-01
1.062044345389555389e+01 1.028629336795770399e+00
1.062455827091734761e+01 1.715744694645017887e+00
1.063346205165751002e+01 2.457531243627478545e+00
1.063657561108243499e+01 3.202797173943707776e+00
1.066780885944423574e+01 3.885894343130644302e+00
1.148730052770817167e+01 -3.344497406621709246e+00
1.148876313973469365e+01 -2.610776359408639280e+00
1.149430088390236193e+01 -1.906211582756057510e+00
1.144455222367088965e+01 -1.172238814465501378e+00
1.139560108871615540e+01 2.677999500888397222e-01
1.136613701111415509e+01 9.981611921495172624e-01
1.136310636123575080e+01 1.719608929999274949e+00
1.136755736888825652e+01 2.446869508074478006e+00
1.138594971909980558e+01 3.141114400453801636e+00
1.140530134298404619e+01 3.905423924215675413e+00
1.223570009831524885e+01 -3.327860013375786963e+00
1.222794992750127108e+01 -2.605038225077393577e+00
1.224860470824798853e+01 -1.916618508278933319e+00
1.219217320101891033e+01 -1.154304856604110086e+00
1.218953170000266084e+01 -4.302063823816801857e-01
1.215535073828630175e+01 2.690897349336189848e-01
1.211499943341605956e+01 1.004916369448348945e+00
1.209858307661590260e+01 1.737790393724999660e+00
1.210811054729223457e+01 2.460048952656102017e+00
1.214365851191880097e+01 3.164727132559470135e+00
1.213646610086526323e+01 3.882623537516032286e+00
1.304091096888575407e+01 -4.108403112142742231e+00
1.299576891437961734e+01 -3.343837603289326665e+00
1.299237904423878831e+01 -2.620890002089684145e+00
1.296772104374041845e+01 -1.896803168757092095e+00
1.294945597230841372e+01 -1.154646135398827766e+00
1.293743034361934718e+01 -4.250484900446167558e-01
1.295603846674877957e+01 3.037008469454178794e-01
1.291760981863762936e+01 9.980926883080343259e-01
1.296096871121480376e+01 1.724431070551027290e+00
1.292236104402122976e+01 2.493723958883396818e+00
1.291871282489508843e+01 3.179331293460762708e+00
1.292743247623191394e+01 3.919089688455706266e+00
1.379779137071849249e+01 -4.057926150087816097e+00
1.380606701761698218e+01 -3.333724218119169080e+00
1.379131399656153434e+01 -2.585252657171800195e+00
1.372085235207953957e+01 -1.131824354438887070e+00
1.371614262187507904e+01 3.066740986050753293e-01
1.367702842329369872e+01 1.014717413775205301e+00
1.367850542024533667e+01 1.745014085248456581e+00
1.366299765790443388e+01 2.474662319625590357e+00
1.369446160511223809e+01 3.218564446515799204e+00
1.368728912541499909e+01 3.920592238895999060e+00
1.450966970804713441e+01 -3.335612644315350650e+00
1.455072618796540240e+01 -2.602446213623654359e+00
1.451325727150229028e+01 -1.880338570710961221e+00
1.453250789773968421e+01 -1.161334844782846432e+00
1.452314004786821044e+01 -4.218365541179700529e-01
1.447720194632456270e+01 2.729220614348584206e-01
1.448478662930791927e+01 1.030978224866860415e+00
1.442811547439882247e+01 1.746325338048219322e+00
1.441104297200924833e+01 2.509115164802231845e+00
1.442566296998707287e+01 3.226009439794609079e+00
1.444710614847051033e+01 3.925188482318219485e+00
1.529630148750543839e+01 -4.068890988336264058e+00
1.528539015626455466e+01 -3.333989418401078098e+00
1.529559223950338520e+01 -2.605753646338577312e+00
1.527529384382214772e+01 -1.880789213112457503e+00
1.522182453905605826e+01 3.344875025676543601e-01
1.519727954663958513e+01 1.033850084442502038e+00
1.520752404857197604e+01 1.765953896217830277e+00
1.519315135261333438e+01 2.492748714122811293e+00
1.523412725893984287e+01 3.212215626253239975e+00
1.523424508592101745e+01 3.934939891543351109e+00
1.609521429531516645e+01 -4.058239305439265365e+00
1.608029838156864599e+01 -3.352521501649544433e+00
1.606056775080256216e+01 -2.590407364332065754e+00
1.601608192353902638e+01 -1.144461605959943284e+00
1.599610694415898138e+01 3.430967237388422575e-01
1.598822465388079195e+01 1.013643334825829356e+00
1.595047926918694969e+01 1.766534013507360612e+00
1.597142001429238434e+01 3.221246209317520481e+00
1.596458492928153561e+01 3.942483467083086168e+00
1.683670124985487604e+01 -4.070151394933514410e+00
1.682868969011219917e+01 -3.341710480881349810e+00
1.685164121857791741e+01 -2.611759914303021901e+00
1.683304602919237425e+01 -1.899525907177665118e+00
1.676606001956989900e+01 -1.161408891774780017e+00
1.681630669434827041e+01 -4.372986475098699088e-01
1.674383358456037740e+01 3.313621325167694920e-01
1.671004602838750941e+01 1.763828312914807128e+00
1.672099443472963998e+01 2.494692250168796477e+00
1.669652705947037674e+01 3.238903230714193171e+00
1.672940657141356979e+01 3.932296908909322042e+00
1.756635108342784690e+01 -4.075572968347351832e+00
1.757388686870616823e+01 -3.349008864365682570e+00
1.756919238220100965e+01 -2.657139279338878168e+00
1.756933351271921140e+01 -1.897730524601850988e+00
1.753686397414709575e+01 -1.186297678839348890e+00
1.753017968359871759e+01 -4.499250046575404838e-01
1.752476438099211720e+01 2.917845905746148105e-01
1.749135046821142225e+01 1.783316141322082160e+00
1.747845335421999380e+01 2.500685612757500564e+00
1.745979854562727951e+01 3.201357051731598347e+00
1.747283505004484994e+01 3.944057727529383328e+00
1.830681647780964738e+01 -4.059769714715816491e+00
1.828668805875152970e+01 -3.336901037484231836e+00
1.827844216479873296e+01 -2.624737383017475167e+00
1.827416672649824392e+01 -1.865464853632534670e+00
1.827844483121039332e+01 -1.167436984652194809e+00
1.826512050056206959e+01 -4.528437923322350400e-01
1.827155115238111449e+01 3.522897176532602259e-01
1.821470429287326454e+01 1.034180350028591988e+00
1.820584750316772471e+01 1.698118218305438631e+00
1.822759318253895344e+01 2.520392342177270706e+00
1.822509081188796642e+01 3.219488248704287514e+00
1.824004191151020393e+01 3.960309681926034386e+00
1.903077914429670159e+01 -4.048990495669862355e+00
1.901852220958635797e+01 -3.345675080823728109e+00
1.901095138373219839e+01 -2.603402472361285191e+00
1.899261662915185411e+01 -1.888531098633400518e+00
1.896834289162470810e+01 -1.171517767574503210e+00
1.899544349460571624e+01 -4.306393122798262141e-01
1.896788645337851165e+01 2.970079188018246441e-01
1.897973454557672568e+01 1.043495430168192684e+00
1.896345580215812987e+01 1.783113140189680479e+00
1.895381832620812901e+01 2.511105314791080900e+00
1.895660784387268905e+01 3.255122259195672996e+00
1.894043332488602971e+01 3.959231571306993658e+00
1.974398845372680000e+01 -4.081408048485098305e+00
1.974356563922945895e+01 -3.333198928664913296e+00
1.972046232075808092e+01 -2.606737199953801820e+00
1.973339715613259671e+01 -1.890028269007700601e+00
1.972558669746210569e+01 -1.143812739546792301e+00
1.973567936694126246e+01 -4.200353803202254710e-01
1.970423846250744759e+01 3.222449396621094309e-01
1.972955029462664100e+01 1.035172340617275921e+00
1.967881963116430910e+01 1.771144217745362681e+00
1.969861701400073173e+01 2.499539102488331110e+00
1.968176720309836725e+01 3.243060684519491588e+00
1.970061755892088939e+01 4.001658683446628118e+00
2.050201307860456978e+01 -4.039553187939095125e+00
2.046310988047369506e+01 -3.318582538941161175e+00
2.047261858396613121e+01 -2.588090646038605058e+00
2.046420364170307238e+01 -1.868847532023316660e+00
2.044926988569903159e+01 -1.147385464091946972e+00
2.044282884279557067e+01 -4.187582497994490893e-01
2.045046930851557221e+01 3.142616642527187309e-01
2.044059027471902112e+01 1.038334636222447926e+00
2.044035796660635640e+01 1.769482813373283392e+00
2.046355766992767400e+01 2.495784601214829479e+00
2.043459635664252971e+01 3.231517690207368787e+00
2.046447214762455502e+01 3.973011897561192995e+00
2.126656554013740674e+01 -4.049334739822885609e+00
2.125963875626464983e+01 -3.315116868468301448e+00
2.121988026605936994e+01 -2.615498442036518156e+00
2.122054364300282714e+01 -1.839347435660144470e+00
2.121076859176076113e+01 -1.121939405493318276e+00
2.120604987128932351e+01 3.177365279267121423e-01
2.123153149042968124e+01 1.068103670133080385e+00
2.121250155354498190e+01 1.775729840812406479e+00
2.119260179148816547e+01 2.526541978329053251e+00
2.117696262688577491e+01 3.244231465479785470e+00
2.122715364248247738e+01 3.950660808045618921e+00
2.199764946044031433e+01 -4.059035202798675357e+00
2.197981614962590413e+01 -3.331160149548850313e+00
2.196463614735928616e+01 -2.573160768008172283e+00
2.200005471479985175e+01 -1.863213986786796283e+00
2.199743640098110831e+01 -1.126709037953581571e+00
2.198263647816261823e+01 -4.130924065565899639e-01
2.197492261294294025e+01 3.245328859477218941e-01
2.200174313669285908e+01 1.055296199541903235e+00
2.195178981602063573e+01 1.777534862731588561e+00
2.196833409030299578e+01 2.525285670914815483e+00
2.198804491778562209e+01 3.218426121513218163e+00
2.198735156599707352e+01 3.958919317318184028e+00
2.286182700612940266e+01 -3.986965946144092499e+00
2.282101739227642412e+01 -3.318243494120146408e+00
2.283969679128368568e+01 -2.554714232026935150e+00
2.286000892742124790e+01 -1.849229341852186792e+00
2.276064681884962937e+01 -3.893863622492794718e-01
2.276540198377813340e+01 3.340254247341825078e-01
2.275480432077252857e+01 1.065222022117158218e+00
2.273735740827274299e+01 1.788496567829948702e+00
2.273742433368235538e+01 2.513100505764519710e+00
2.274829362604363325e+01 3.220655284579713395e+00
2.274054484855066249e+01 3.983632432898218667e+00
2.358404281837390215e+01 -4.054634981533926208e+00
2.359160578670403652e+01 -3.313081515062254567e+00
2.358406654880546682e+01 -2.592300020188179843e+00
2.359605255328475693e+01 -1.842996348119200434e+00
2.358108404312898898e+01 -1.119873285207983571e+00
2.357101026738990868e+01 -4.023185840382232925e-01
2.356473256050728082e+01 3.236823623637015146e-01
2.352720530011222166e+01 1.063873558338809033e+00
2.351675981606999244e+01 2.544961984785370390e+00
2.350410761122657988e+01 3.231248028320223398e+00
2.348580959744127483e+01 3.961298185710205644e+00
2.432706075136838564e+01 -4.039452528952491406e+00
2.431904587335442613e+01 -3.315987398741221170e+00
2.432978705870465319e+01 -2.585053934670892062e+00
2.431601651130097252e+01 -1.850909485797178178e+00
2.431969892110861053e+01 -1.127079715846143415e+00
2.429707052371119858e+01 -4.092937237763862868e-01
2.429409504063919911e+01 3.249743238395019773e-01
2.428343027651192898e+01 1.057133901151857458e+00
2.428294009846754875e+01 1.790771770268587915e+00
2.427833328439064786e+01 2.512051245526667032e+00
2.422620930125868455e+01 3.252402273497160934e+00
2.426594315167935889e+01 3.948273457381468177e+00
2.505496688939599181e+01 -4.037583664938917849e+00
2.505320088707683368e+01 -3.314769181685129240e+00
2.504388249010915501e+01 -2.580877677546233429e+00
2.506013481110101537e+01 -1.858657798384875548e+00
2.504272929990074203e+01 -1.122595320016348097e+00
2.503112936843817238e+01 -3.931375691164227248e-01
2.507065551273807102e+01 2.971720836871902804e-01
2.503020851200715668e+01 1.059122682454823661e+00
2.500595105341020741e+01 1.779853103510344425e+00
2.501706798732457315e+01 2.515651830960834445e+00
2.498456021408173910e+01 3.245814758962367819e+00
2.503301245745013404e+01 3.961053655906212612e+00
2.580031098884976615e+01 -4.028953970780492000e+00
2.578584450877244194e+01 -2.592815769300791828e+00
2.575373990777971045e+01 -1.867906891318948936e+00
2.578287707878389057e+01 -1.135268825031538142e+00
2.577081025166373252e+01 -4.127966060856635977e-01
2.577578109010113394e+01 3.150932743200094421e-01
2.577673513694036700e+01 1.040669427115492596e+00
2.578020774158265027e+01 1.779039422473708498e+00
2.576398173123497060e+01 2.500574096592252715e+00
2.575752413212230607e+01 3.235738184679973983e+00
2.576167838117594044e+01 3.956600242065981377e+00
2.652867162278980828e+01 -4.029062951102513779e+00
2.647159094846848149e+01 -3.302848718000504391e+00
2.655003193783385740e+01 -2.585763191021708707e+00
2.651161257585394537e+01 -1.856044402840709040e+00
2.651719302775898512e+01 -1.142163646884636563e+00
2.651548853772705172e+01 -4.105434540205941119e-01
2.650365457607507125e+01 3.162354287003203979e-01
2.650216588167346998e+01 1.036365762426004977e+00
2.649508386992407338e+01 1.768116592458856218e+00
2.651626453825871010e+01 2.485047813836434472e+00
2.651135292962691636e+01 3.231083626610256943e+00
2.652477084528687357e+01 3.963890115320111818e+00
2.725493207242933380e+01 -4.023259636715909693e+00
2.725913430348368394e+01 -3.328880618333506902e+00
2.724755094361771768e+01 -2.593392834537620928e+00
2.725237065078960086e+01 -1.860879225681763671e+00
2.724218077114031900e+01 -1.138566059771175532e+00
2.723687960655365004e+01 -3.945035520707378396e-01
2.724708943557632779e+01 3.194013436019993435e-01
2.721815056485461071e+01 1.046749966531486109e+00
2.726059737819357309e+01 1.788419330169269017e+00
2.726992411529028715e+01 2.526743947107409127e+00
2.725879299498519970e+01 3.229243845683917868e+00
2.725443241787137083e+01 3.961923105477389129e+00
2.801376783943041460e+01 -4.044909894171251352e+00
2.797288261365804374e+01 -3.349239722680383835e+00
2.801709624212201533e+01 -2.596874701734357416e+00
2.799153789270950199e+01 -1.867112297552008471e+00
2.800031737057194192e+01 -1.139429136768988826e+00
2.798181539851890420e+01 -4.333244092786010526e-01
2.799302003788191229e+01 3.223154957343581373e-01
2.798779666001797040e+01 1.010697224578517961e+00
2.797209074766567483e+01 1.792933576570359122e+00
2.799217264564236984e+01 2.500919799781389230e+00
2.800659631426950824e+01 3.230697849994605519e+00
2.799367852229224241e+01 3.960963868955495570e+00
2.874145075972446506e+01 -4.067046426552479943e+00
2.873557702211436293e+01 -3.315655242982806783e+00
2.873875085251460604e+01 -2.585552059979875139e+00
2.875470664705708401e+01 -1.880459918311490952e+00
2.873872597627133274e+01 -1.128766049544772443e+00
2.875051991853815281e+01 -4.132672169219944180e-01
2.875233540293536549e+01 3.077594297007308910e-01
2.875001315529132029e+01 1.028737168498555121e+00
2.875395134980139034e+01 1.762483047705988071e+00
2.872225579225736425e+01 2.500178491577106143e+00
2.872018125530235721e+01 3.235584728492291617e+00
2.874753074113241524e+01 3.959263990271978173e+00
2.951913417825848995e+01 -4.045168182132094614e+00
2.948944025264045621e+01 -3.332189564719232777e+00
2.948477124242942438e+01 -2.570488933087766270e+00
2.948228487018611332e+01 -1.882316285323071270e+00
2.946632895084669457e+01 -1.150276962627319932e+00
2.945919507263888448e+01 -4.276425068100628835e-01
2.946155016274148153e+01 3.045660386710338230e-01
2.947569641269937080e+01 1.030318862548128322e+00
2.947435603974860641e+01 1.740021887775498044e+00
2.948997474542112940e+01 2.485060604845529042e+00
2.949921396988600719e+01 3.199439914650632488e+00
2.949729237422702255e+01 3.952784732783506172e+00
3.024477179712949493e+01 -4.055416017546331631e+00
3.026332756892551146e+01 -3.338506067570765623e+00
3.024615449407081513e+01 -2.610443368247910456e+00
3.024040681702175704e+01 -1.880909899138853092e+00
3.023778960870610177e+01 -1.149435653177437899e+00
3.021730297486733008e+01 -4.298867986423253740e-01
3.023044430010971695e+01 2.938962898487709197e-01
3.021511710817639340e+01 1.044636685730711889e+00
3.021775557211970664e+01 1.764159836095092970e+00
3.022398775164453610e+01 2.475008496008136660e+00
3.023106700192536067e+01 3.201203152798619556e+00
3.023014534256397923e+01 3.931224796433305357e+00
3.098303965098694590e+01 -4.048121980098770223e+00
3.097450544852461718e+01 -1.870681296921837600e+00
3.097227108008879526e+01 -1.162902811951301629e+00
3.097377437168120906e+01 -4.170043351049663727e-01
3.098136067646088776e+01 3.033502728903343382e-01
3.095999364251689911e+01 1.014733877814794738e+00
3.095691522502310278e+01 1.751588533945014348e+00
3.096528695659775821e+01 2.485489602356256711e+00
3.096549633993705442e+01 3.210231487622529301e+00
3.095172642078953373e+01 3.926020954467013269e+00
3.174421022894953381e+01 -4.061613461915626999e+00
3.172515334745104809e+01 -3.315930771000314081e+00
3.171951954960987763e+01 -2.602914276152045403e+00
3.173839860217179165e+01 -1.882313745985509712e+00
3.171546917239717089e+01 -1.157343473068653594e+00
3.170225191779410778e+01 -4.436851917469653017e-01
3.171214654232631602e+01 2.997323322809002377e-01
3.171399092270410591e+01 1.025270402437428174e+00
3.172090496306814345e+01 1.757098420328066624e+00
3.172150366782991426e+01 2.489323758864856018e+00
3.170048334658255129e+01 3.230462789130392309e+00
3.170308687292511962e+01 3.942300259361246617e+00
3.249313464081692615e+01 -4.057071121033111183e+00
3.247964333231359291e+01 -3.333633356579500884e+00
3.244714549920656310e+01 -2.595928726173607259e+00
3.246285972281983589e+01 -1.890206575761109065e+00
3.244371080658114437e+01 -1.139073019725106661e+00
3.245957535991096421e+01 2.939780517776604540e-01
3.245808679279790709e+01 1.011931985054957295e+00
3.243267927740668455e+01 1.763342810484076040e+00
3.244566951467388805e+01 2.487825626498278098e+00
3.243000063505326835e+01 3.204062147471660182e+00
3.247811546032482255e+01 3.920653493501788489e+00
3.320246777033541008e+01 -4.057319073793113517e+00
3.320588891675914311e+01 -3.331203321891013758e+00
3.321031894026639719e+01 -2.588896083949233429e+00
3.319327176499772492e+01 -1.871803283412290853e+00
3.319819687750621284e+01 -1.147614703022121319e+00
3.318176401200594938e+01 2.923207223538604183e-01
3.316968451921190564e+01 1.028078072255208752e+00
3.321600262743647392e+01 1.744784025480392131e+00
3.320043558942156636e+01 2.475090203809891420e+00
3.319232347428596341e+01 3.217177944983973248e+00
3.320366786464582987e+01 3.935794250693454899e+00
3.394516206106455769e+01 -4.047225395681554261e+00
3.393801560823164465e+01 -3.322157280572284321e+00
3.395767774219135759e+01 -2.604987030044686236e+00
3.392438077556871434e+01 -1.879629971813855605e+00
3.392774662180480760e+01 -1.140395011277966830e+00
3.394200572634812119e+01 -4.260362725691528851e-01
3.392045180742290000e+01 2.982418874487500204e-01
3.392769227587184133e+01 1.029016328288680171e+00
3.392609279121356991e+01 1.749658476806896346e+00
3.391152173958172256e+01 2.496480706068574307e+00
3.394449660801598867e+01 3.215426447127065046e+00
3.391378953317764200e+01 3.960546002050755021e+00
3.468837742803851398e+01 -4.032901320369589371e+00
3.467670226537301659e+01 -3.312862787718735547e+00
3.467310986905487624e+01 -2.589542001834910678e+00
3.466243801575118511e+01 -1.876445020878524161e+00
3.467362611353866697e+01 -1.149277222519547337e+00
3.466410309881008089e+01 -4.295333663505651600e-01
3.466111978179866782e+01 2.991710509396625639e-01
3.465998020174752270e+01 1.043881966259775140e+00
3.466763374931293384e+01 1.776063279869962486e+00
3.468464592765689503e+01 2.487892882262986660e+00
3.468684462539200553e+01 3.223250550082440213e+00
3.465310953982152142e+01 3.961432916733514276e+00
3.541576639006442662e+01 -4.043762864430526349e+00
3.536280949817250274e+01 -3.340534905014273193e+00
3.540303610505494447e+01 -2.586180377806236663e+00
3.540141500945679098e+01 -1.868137013751901776e+00
3.540531518597416749e+01 -1.172754464912816985e+00
3.541789273505704472e+01 -4.413270552888661769e-01
3.539311347049373779e+01 3.161871567623428803e-01
3.539619628710860155e+01 1.023422125674660066e+00
3.538478619865006891e+01 1.775961629023957045e+00
3.537516246885571292e+01 2.477379573201371699e+00
3.541260979063832082e+01 3.222672354904261738e+00
3.538797909628282667e+01 3.950313752816335011e+00
3.615176685148886548e+01 -4.020548860778554001e+00
3.614619309253453849e+01 -3.296030670996003664e+00
3.615071313068248315e+01 -2.583768402318522561e+00
3.613904525617528662e+01 -1.867962765390519309e+00
3.614010317533227834e+01 -1.142611623338794402e+00
3.612961819412702624e+01 -4.133467265025281279e-01
3.614795704251979913e+01 3.282328513723911101e-01
3.614858280905678356e+01 1.071471908106754967e+00
3.615224312856253874e+01 2.493651091738779968e+00
3.614179084525982688e+01 3.237587381159762856e+00
3.615778267201219620e+01 3.986106848580831752e+00
3.685824772477007372e+01 -4.069286578191704251e+00
3.686239125052676258e+01 -3.306560768388774108e+00
3.685274406166396233e+01 -2.681723358568053328e+00
3.687569404613767432e+01 -1.860754881303879671e+00
3.686973466039017211e+01 -1.131744365209829795e+00
3.686172803818127619e+01 -4.079564151986545539e-01
3.690575835686612294e+01 3.267783343829577802e-01
3.687917651217208714e+01 1.037320178843323504e+00
3.687266263413419409e+01 1.818304491587760197e+00
3.687160466569819306e+01 2.513738288492323392e+00
3.691233100046920157e+01 3.272216253523367868e+00
3.691966990299851403e+01 3.964166547781104555e+00
3.764460504944087660e+01 -4.036153710152571961e+00
3.761418775261535785e+01 -3.301720363957414861e+00
3.760912003878112131e+01 -2.576119160433602673e+00
3.759388107949437341e+01 -1.127706365149116152e+00
3.759569667385880365e+01 -3.971937114190744467e-01
3.758127975536823584e+01 3.792151119242213042e-01
3.760705541492792037e+01 1.082971263994579658e+00
3.762605004565607913e+01 1.766562973055066266e+00
3.765191780235306140e+01 2.516820832670351393e+00
3.761643242962886546e+01 3.247134464884766203e+00
3.763044335247086991e+01 3.967295740272348326e+00
3.836640319308614977e+01 -4.014162973550678970e+00
3.837242528958433496e+01 -3.283030317592213976e+00
3.835603449392004194e+01 -2.574050481117016176e+00
3.834547676618495160e+01 -1.853859437528765142e+00
3.835969766163395178e+01 -1.119036205205667045e+00
3.833676308861073068e+01 -3.834133779462689517e-01
3.838425302404993289e+01 3.663255687210060785e-01
3.838656746025834110e+01 1.068443060885471141e+00
3.839839195859781995e+01 1.782127024393687975e+00
3.838132563182760038e+01 2.536725535120442743e+00
3.916734657017938304e+01 -3.984506483635279039e+00
3.915612625709406558e+01 -3.252755556374228973e+00
3.913919010293708567e+01 -2.572668495176731795e+00
3.915890185285382330e+01 -1.814057783814757130e+00
3.922400609201634580e+01 -1.033475348508865466e+00
3.913334413752608754e+01 -3.229247477770549324e-01
3.915906382055793955e+01 2.589438533906189832e+00
3.912130771956831410e+01 3.118906455629456786e+00
3.992153055836202924e+01 -3.320381763634955519e+00
3.985600185269338880e+01 -2.617652039421432875e+00
3.988706667222034952e+01 -1.815809512754835708e+00
3.998961133787351940e+01 1.088720276015919808e+00
3.999663158714346167e+01 1.842070544770649576e+00
4.000222502349101461e+01 2.607648925515366756e+00
4.000701424835894926e+01 3.306559546656338000e+00
4.000016923113555123e+01 4.013310496757995338e+00
4.073944026285290221e+01 -3.995629877305812983e+00
4.072208376726647572e+01 -3.252258323367257731e+00
4.071614518853845510e+01 -2.507449616303730977e+00
4.071318450263481026e+01 -1.797851979114362564e+00
4.071930299801233133e+01 -1.070260130995887238e+00
4.073076707945228492e+01 -3.409207558644844482e-01
4.075245094387403100e+01 1.107935953257911166e+00
4.073110164864831262e+01 1.836083643012010214e+00
4.072207206861276774e+01 2.560575498562748464e+00
4.070314578287574392e+01 3.320756588597276959e+00
4.071510616138950667e+01 3.995629877305816535e+00
