-3.445981635023741774e+00 -4.142534821020376512e+00
-3.396451260807957340e+00 -2.890289562718326266e+00
-3.445837432295661529e+00 -1.957417010959250803e+00
-3.443049664631111284e+00 -1.242067204517852019e+00
-3.471332419557086268e+00 -4.900458924973811747e-01
-3.450759229429152697e+00 3.096889356497278811e-01
-3.448349684871459431e+00 9.805996041863593859e-01
-3.450409307272124693e+00 1.709858480017004467e+00
-3.445310296446834286e+00 2.413997924620396418e+00
-3.457659219430233577e+00 3.121793268647628850e+00
-3.450142025290276138e+00 3.889171689630927631e+00
-2.576027832606555990e+00 -4.111036381104401727e+00
-2.611997419986096247e+00 -3.397227732444338955e+00
-2.621900463724053054e+00 -2.652010405420899275e+00
-2.657886013504203504e+00 -1.933601247194292938e+00
-2.637498727918703878e+00 -1.203631907767267251e+00
-2.634348465035984077e+00 -4.948478930581750035e-01
-2.655696937233692267e+00 9.800470438978905463e-01
-2.690344018731742892e+00 1.716586883916402684e+00
-2.689669433564532142e+00 2.422526161581885162e+00
-2.710343605691306834e+00 3.208661298934543993e+00
-1.878965087980716930e+00 -3.379365411644581485e+00
-1.941849345321315923e+00 -2.642157581769989605e+00
-1.892463679118399966e+00 -1.934031606541999793e+00
-1.910548786772217511e+00 -1.192597268812029654e+00
-1.911648610832401118e+00 -4.785267070532448486e-01
-1.890805599868571107e+00 1.001542908170296897e+00
-1.919145999803205882e+00 1.717755583827820232e+00
-1.947603362266136173e+00 2.468105124955659591e+00
-1.945728774048959053e+00 3.219309499828966636e+00
-1.950761669325160597e+00 3.938686325087211060e+00
-1.155575171336003848e+00 -4.089322389211893949e+00
-1.161584788081320596e+00 -3.375583316451336913e+00
-1.151748020501592862e+00 -2.639054688586114139e+00
-1.162245246364243201e+00 -1.908954995659460252e+00
-1.197263347872549843e+00 -1.208635536843988945e+00
-1.156397997897009589e+00 -4.768726719851734686e-01
-1.169191927772168071e+00 9.629055416081762075e-01
-1.193897075249928719e+00 1.751409379835738633e+00
-1.180023038791269130e+00 2.494169912248011656e+00
-1.179102897922099658e+00 3.207631312505277776e+00
-1.176358983182311135e+00 3.935841594339549943e+00
-4.171177299426886975e-01 -4.064363807110709104e+00
-4.533157859619123542e-01 -3.342061913993234157e+00
-4.262469501359689161e-01 -2.645275907893960721e+00
-4.150101722289534223e-01 -1.914484832311778462e+00
-4.140868267986448359e-01 -1.189838351915071257e+00
-4.180024420912147320e-01 -4.473923360420641870e-01
-4.108749809047438362e-01 3.007622395969775653e-01
-4.423562572611174915e-01 1.714376278300022705e+00
-4.299327515286606172e-01 2.508319863869139965e+00
-5.020258157597297100e-01 3.228206703822863233e+00
-4.349102544472103204e-01 3.964454451650304634e+00
3.310769431557645248e-01 -4.045665698502514118e+00
3.030096096641159420e-01 -3.381282506366527940e+00
2.739125706508431790e-01 -2.652123252987195201e+00
3.031406446680051658e-01 -1.916747208883489151e+00
3.116543910915510196e-01 -1.197784919886895949e+00
2.966196933863685103e-01 -4.571761230094644191e-01
2.544698457467475805e-01 2.472274535641503235e-01
2.920071912604527142e-01 9.925412875271675262e-01
3.027065763332075221e-01 1.731808290352205404e+00
3.220253731537070507e-01 2.514982165447136708e+00
2.652950727492893179e-01 3.163859927313694698e+00
3.080923213359625379e-01 3.930399192027572042e+00
1.068384733066842784e+00 -4.061022087979708317e+00
1.115675902568113997e+00 -3.275165556821267643e+00
1.034612411628586415e+00 -2.605471545970956981e+00
1.040796625163295630e+00 -1.923963881307972912e+00
1.039008772127580471e+00 -1.189072402045177057e+00
1.041556710212198311e+00 -5.037270716920261293e-01
1.032541330935814017e+00 2.341757293646224980e-01
1.064511485523794931e+00 9.838771517481816886e-01
1.081296071410704940e+00 1.713694828529213510e+00
1.051358610736926380e+00 2.518754768500464536e+00
1.053191265527360088e+00 3.185960764077591989e+00
1.048012153956214831e+00 3.898487132655020559e+00
1.768574595754166978e+00 -4.037095541615155270e+00
1.780679653825025355e+00 -3.319132827241027428e+00
1.778619499610933019e+00 -2.601885351763598919e+00
1.864729270635834268e+00 -1.884287465334942624e+00
1.747917528847004576e+00 -1.211355842566316454e+00
1.781549778392282235e+00 -4.733013081009431744e-01
1.724496103363620136e+00 2.908307431114387498e-01
1.802634383375099958e+00 9.550772293338098962e-01
1.817001712563900639e+00 1.706847493926872517e+00
1.829544822721182129e+00 2.450337644226785017e+00
1.863913236107414662e+00 3.174834735279212339e+00
2.516597144416834908e+00 -4.041726104094124139e+00
2.524078766698231391e+00 -3.320628869088512403e+00
2.521955876375301386e+00 -2.596420980076832308e+00
2.501736595955094344e+00 -1.184625010696041869e+00
2.509951160398316006e+00 -4.816668632290550534e-01
2.537622698518589459e+00 2.633841629515920602e-01
2.558414733864260882e+00 9.747291862370275339e-01
2.601395709529377598e+00 1.719017929377578469e+00
2.575648165522551380e+00 2.427057284983419549e+00
2.610790917900438046e+00 3.141651317931895449e+00
2.654666329596743424e+00 3.825861690898157974e+00
3.244377771555093659e+00 -4.045879638243700782e+00
3.263102739749662362e+00 -3.319844578693970760e+00
3.258015297432194757e+00 -2.591718820733060369e+00
3.272591416466170244e+00 -1.875620690071830410e+00
3.254012141010996118e+00 -1.184758251431912157e+00
3.252103586675495706e+00 -4.379720205329107330e-01
3.281195260181753781e+00 2.612658093157627093e-01
3.316484507100923906e+00 1.042365257419007207e+00
3.339584119437908782e+00 1.703598369502302035e+00
3.368863531475582818e+00 2.441963437929896230e+00
3.344463026876923095e+00 3.144451174689670836e+00
3.337606966351359006e+00 3.882060872794362183e+00
4.012192485543423004e+00 -4.051826924378598704e+00
3.990554634409605228e+00 -3.338578536626826576e+00
4.002465147001956325e+00 -2.596326826871500515e+00
4.001416312029704159e+00 -1.847749564756774987e+00
3.985857338591543453e+00 -1.141903553011182737e+00
4.053441327095605118e+00 -4.464391231321442888e-01
4.027453718127929960e+00 2.783849151504433905e-01
4.048336648718688480e+00 9.736591555163904843e-01
4.052106030738556797e+00 1.716548600521768719e+00
4.104851504441725751e+00 2.465647597702524507e+00
4.110645016449041123e+00 3.166250655998055663e+00
4.115918831938444100e+00 3.871477818694117445e+00
4.765307870966104531e+00 -4.054354984273693674e+00
4.750516510134850989e+00 -3.362370619171134223e+00
4.749961774382519764e+00 -2.591469714092021093e+00
4.750341987050546777e+00 -1.892510108014107573e+00
4.831462613274808859e+00 -4.456204464079576155e-01
4.815817871228738056e+00 2.837675743655942995e-01
4.759797504741953844e+00 9.763107522629468349e-01
4.819304937853004844e+00 1.722704763512865611e+00
4.849610361965069671e+00 3.144232884330470768e+00
4.886132277169750182e+00 3.861171996913370208e+00
5.489076726936808370e+00 -4.052947398736165496e+00
5.450129138116416527e+00 -3.349529854205595569e+00
5.498101721918324358e+00 -1.888531608378681170e+00
5.556993660019244885e+00 -1.184881455401111339e+00
5.598806454734784666e+00 -4.406146963288435359e-01
5.630934553047254099e+00 2.844697700351801473e-01
5.580331362578981214e+00 9.938460930538788318e-01
5.568912719898435171e+00 1.689053051532571459e+00
5.596935386022394709e+00 2.425500630641927557e+00
5.610344979209344274e+00 3.162690977127525116e+00
5.606484824023986846e+00 3.894632760987690290e+00
6.313178684756117320e+00 -4.052134276770281929e+00
6.296610350299218339e+00 -3.348198475889422099e+00
6.318701756202145248e+00 -2.532646135911249985e+00
6.260793222496531030e+00 -1.929156815861745145e+00
6.315946810767350428e+00 -1.222797506277149893e+00
6.359345802481868759e+00 2.253309640514871148e-01
6.365609895566656462e+00 9.709236804755008166e-01
6.350148867950466069e+00 1.676464293269823713e+00
6.333004272529500156e+00 2.419576239863978628e+00
6.329212952805562509e+00 3.134127894270214654e+00
6.327157537996335179e+00 3.881392031568481116e+00
7.085946479946670706e+00 -2.657899451723288564e+00
7.111015732948132495e+00 -1.227922504756605804e+00
7.105961574240225787e+00 -5.132005719087082696e-01
7.078646999979341103e+00 2.243336962926036904e-01
7.068274754992792452e+00 9.624986605790368799e-01
7.087134090291868915e+00 1.670696194780624921e+00
7.085469520442494229e+00 2.406879616076260220e+00
7.082357454387320672e+00 3.136100325439919345e+00
7.123319666251191506e+00 3.834903286514283138e+00
7.870489667240519793e+00 -1.962078612220796714e+00
7.846332895085232906e+00 -1.246113252271658922e+00
7.861960046936268043e+00 -5.482751222122672630e-01
7.822788886782049644e+00 1.841174720529465958e-01
7.803117847653460615e+00 9.754590033984555930e-01
7.828538501770083258e+00 1.676935289448849176e+00
7.861490555704115479e+00 2.357112377075708309e+00
7.849428452196953288e+00 3.090574772735969589e+00
7.915911690183179417e+00 3.776404436206227899e+00
8.768065667066565538e+00 -4.099213489274230682e+00
8.773391804063876975e+00 -3.372938263227307942e+00
8.753087029033906674e+00 -2.653286730738802390e+00
8.705409422275785403e+00 -1.969223611147928210e+00
8.676743724633126931e+00 -1.231942310669278839e+00
8.663928869200375971e+00 -5.308553975194847396e-01
8.589068549712948197e+00 9.427268824253474122e-01
8.577012151536223428e+00 1.614118431745762194e+00
8.604972395525102513e+00 2.368250637327264485e+00
8.626153569501028073e+00 3.108142076150805622e+00
8.678012335074228645e+00 3.774846565211433358e+00
9.537364741476338281e+00 -3.408672168231685617e+00
9.532959756353186265e+00 -2.666127241806435677e+00
9.532127835643919411e+00 -1.976309268077510950e+00
9.470291789984635500e+00 -1.265475512194957020e+00
9.389787158455227711e+00 1.793504606260292178e-01
9.346186973036729739e+00 9.070535705253774950e-01
9.346454316399793072e+00 1.620173366533379067e+00
9.365261120834027508e+00 2.341464906496451448e+00
9.415970429673016895e+00 3.020251412502688027e+00
9.448038859031299808e+00 3.802488163874045313e+00
1.032406048285864131e+01 -3.405090030164487302e+00
1.030674897752327013e+01 -2.675853572968069471e+00
1.033424683702255464e+01 -2.016699995532643896e+00
1.026034973102245118e+01 -1.233579036750342084e+00
1.025638340627705247e+01 -5.213508157188897485e-01
1.018081914439604674e+01 1.690293479562896550e-01
1.012013180893119824e+01 8.915411838847226988e-01
1.009609980283752861e+01 1.621572862360622480e+00
1.012644633646372228e+01 2.341331235731793470e+00
1.019404643130074106e+01 3.038967598924010360e+00
1.019233974384098218e+01 3.755428295462600374e+00
1.123911000553957251e+01 -4.189954273231329296e+00
1.117550574341968428e+01 -3.438370699175631984e+00
1.116015151103535175e+01 -2.743756023375606645e+00
1.107503243589590625e+01 -2.012215149185283991e+00
1.106086831189303155e+01 -1.253325287373719732e+00
1.102484893886939687e+01 -5.185435964715985335e-01
1.102612605598256579e+01 2.053169799600702561e-01
1.097510590700937172e+01 8.717803157633312594e-01
1.107273041200621577e+01 1.592879647735866655e+00
1.100428990834776499e+01 2.370914600390452875e+00
1.098422134736138389e+01 3.051601723167152613e+00
1.103685666701886703e+01 3.765251152973604576e+00
1.209691465075545125e+01 -4.125493235639879686e+00
1.209921584617323731e+01 -3.420860948451899475e+00
1.207030314126284054e+01 -2.662781011908339934e+00
1.201276753541111475e+01 -1.234652989658776789e+00
1.194433528600411165e+01 1.659373161543378217e-01
1.177590844707818007e+01 9.004342885869753843e-01
1.177524615162722199e+01 1.622018863541196509e+00
1.176874746873329514e+01 2.348200036347265041e+00
1.179827031712774499e+01 3.073622649212666147e+00
1.181119133130275856e+01 3.774901882822405241e+00
1.279992633078643394e+01 -3.418960338282083455e+00
1.290621833989412437e+01 -2.679744356240963299e+00
1.283398526518941907e+01 -2.001634974022671543e+00
1.283764368909377396e+01 -1.276872997452326075e+00
1.278028541331877932e+01 -5.467357299431583328e-01
1.273582523716036974e+01 1.863342308776907430e-01
1.266332751145435509e+01 9.049882914649174381e-01
1.256152474486235349e+01 1.624943514882009055e+00
1.252445113191845394e+01 2.397101389327040977e+00
1.254707674275767459e+01 3.082738419048787648e+00
1.261350724230021569e+01 3.775759935188375493e+00
1.372645493671814876e+01 -4.161080225360304752e+00
1.370711615322083077e+01 -3.436571677074859110e+00
1.368412333556226912e+01 -2.692782681043397019e+00
1.361907299287391027e+01 -2.013525703388296506e+00
1.345718474052110025e+01 2.293988929999741799e-01
1.341489359783538049e+01 9.170847902789489581e-01
1.338094643052919963e+01 1.625578114358372517e+00
1.340625584346383903e+01 2.339654154382763807e+00
1.346970494943580121e+01 3.049911814025470846e+00
1.349964503318492604e+01 3.774670069601867795e+00
1.463928313253618541e+01 -4.175711139981835629e+00
1.460473971416737982e+01 -3.459629334677551071e+00
1.452359717388112159e+01 -2.675734405672656635e+00
1.439843073919389838e+01 -1.261535462327433521e+00
1.434696306200869031e+01 2.148876854190113761e-01
1.433475053744555794e+01 8.811686005294241397e-01
1.417724208787435458e+01 1.645026291336346702e+00
1.424042970950891629e+01 3.084763263388857979e+00
1.423486875603334312e+01 3.790351033226784239e+00
1.541382442402663600e+01 -4.184611320246659716e+00
1.540414177147072650e+01 -3.467378281741595458e+00
1.542557348608345080e+01 -2.748876082112857944e+00
1.540696188344969642e+01 -2.040738684686179027e+00
1.527733325182627766e+01 -1.288137096346698485e+00
1.536373114841386922e+01 -5.499769740603248636e-01
1.510723221511725001e+01 2.233055558336225488e-01
1.501565656657552950e+01 1.658279359508583184e+00
1.504207600053572946e+01 2.370259007616507319e+00
1.498113147790723332e+01 3.091333541383093575e+00
1.504690489697047440e+01 3.760140807326735057e+00
1.614751908177619555e+01 -4.244349089073587322e+00
1.616024390190599291e+01 -3.487200316653968457e+00
1.614212616827813918e+01 -2.790076705222094944e+00
1.612681847730714679e+01 -2.050606109124426979e+00
1.607544191907550868e+01 -1.314556100907950054e+00
1.604596681982106787e+01 -5.995772959757488252e-01
1.601274896598729924e+01 1.583644771158994047e-01
1.588691458071402707e+01 1.682774091247793535e+00
1.584929417872076129e+01 2.360388781375004186e+00
1.580302250858216695e+01 3.006565770440872143e+00
1.583395179720626089e+01 3.793462392424103768e+00
1.691009784433397556e+01 -4.199562245880127165e+00
1.688617788177212731e+01 -3.482879820023462969e+00
1.685311102790831939e+01 -2.771281264812103018e+00
1.683505721553837020e+01 -2.015627329897547781e+00
1.681312398805533093e+01 -1.311513380586024624e+00
1.677605500942068062e+01 -5.962070633323328650e-01
1.676602747376792024e+01 2.427542262888344737e-01
1.668062629214944792e+01 9.017496363140047322e-01
1.665746317329267612e+01 1.580641910675669948e+00
1.664020141170048817e+01 2.404758979947207109e+00
1.663246074183643231e+01 3.112268131977998564e+00
1.667369396288596306e+01 3.845688035703943797e+00
1.763404056723513946e+01 -4.154489543406196361e+00
1.762170816157580333e+01 -3.481576460281974761e+00
1.757800422349259151e+01 -2.715499921981805898e+00
1.754290249975290550e+01 -2.008801284810939336e+00
1.749812206745234278e+01 -1.293017313081243458e+00
1.751008796670269163e+01 -5.418960735137439144e-01
1.746368888194253088e+01 1.820270666179801822e-01
1.744133164972468109e+01 9.715288163207205230e-01
1.741304359536432855e+01 1.660941159273708223e+00
1.739656920921538585e+01 2.414719791833359608e+00
1.735993564297896796e+01 3.166526680573952035e+00
1.738181014660496970e+01 3.877742796500641020e+00
1.835993543819135709e+01 -4.191052737341259160e+00
1.833572551086927405e+01 -3.450883857113936415e+00
1.829412490054714624e+01 -2.707544064798174333e+00
1.827464669010048937e+01 -1.995918353912752963e+00
1.824704038792120286e+01 -1.249049049768277797e+00
1.824154679182873195e+01 -5.264752411398738730e-01
1.820154145345941288e+01 2.294753547365218083e-01
1.820057292434461260e+01 9.335346695996484812e-01
1.813572083322475947e+01 1.671612622910824797e+00
1.812830570187514212e+01 2.413381316508480978e+00
1.809697618330976354e+01 3.172196095660638093e+00
1.815020015196541436e+01 3.917419850184401753e+00
1.918827667024251582e+01 -4.082355497831926527e+00
1.907382633676471073e+01 -3.385241126962785785e+00
1.904213867233157487e+01 -2.663008871018110568e+00
1.901266699986729236e+01 -1.957555002344758321e+00
1.896879303845568643e+01 -1.230032951142757014e+00
1.894559002028829298e+01 -5.090729806847882344e-01
1.894169121371280085e+01 2.209470779181934574e-01
1.891976176616907424e+01 9.498910038799870392e-01
1.889964731779338791e+01 1.687629217370837154e+00
1.890070833139234452e+01 2.411130516231789755e+00
1.888441245617539010e+01 3.150584806576510744e+00
1.895864898783737829e+01 3.881285572006575535e+00
1.994387959216928152e+01 -4.152584098405100121e+00
1.992642214742895135e+01 -3.393101493060019180e+00
1.987127256719578128e+01 -2.638289737948692704e+00
1.982093175203875290e+01 -1.897341423278504635e+00
1.981473853469162805e+01 -1.169983841764931753e+00
1.970624656214864956e+01 2.242680778843535450e-01
1.994511806411050259e+01 9.385774384755052324e-01
1.978047120592983532e+01 1.697912563521438045e+00
1.970324149149058002e+01 2.452056173470186451e+00
1.977050884296152589e+01 3.177479908323221025e+00
1.982999772023824647e+01 3.827093305070675910e+00
2.067267298115464058e+01 -4.140524037313891625e+00
2.063836246914662809e+01 -3.373057299113021656e+00
2.061786186109926433e+01 -2.656235220682543030e+00
2.065702751377843072e+01 -1.948799962551678533e+00
2.066866591526905239e+01 -1.214980541105887824e+00
2.065351835827117810e+01 -4.829504343036212788e-01
2.064579559798643515e+01 2.464042364672280883e-01
2.068807028765601785e+01 9.889188166190123752e-01
2.060574842109073046e+01 1.702269212033836965e+00
2.060795595368120559e+01 2.436602164661699987e+00
2.063030867269369395e+01 3.105714043034240035e+00
2.066092373975012464e+01 3.834903267482573597e+00
2.186365982202184455e+01 -4.050557221457918189e+00
2.184592662143519703e+01 -3.385084328816123644e+00
2.183692853260014743e+01 -2.611530777249910784e+00
2.187471263928435405e+01 -1.884138215879051614e+00
2.172839706516013081e+01 -3.069555801521595129e-01
2.158809138482791923e+01 2.629811565804160978e-01
2.155799196927064543e+01 9.961847642530088365e-01
2.148248514490182970e+01 1.720220641644054638e+00
2.147182160596099010e+01 2.433739821649332669e+00
2.147574050639660470e+01 3.095387270276525271e+00
2.144583110346707144e+01 3.854583787762571490e+00
2.256589437472621995e+01 -4.125073858726459264e+00
2.256952980972950229e+01 -3.393861248068461123e+00
2.256161503119036382e+01 -2.665521102953800181e+00
2.256995106925313621e+01 -1.926137048685653497e+00
2.254927188009006045e+01 -1.198388626287485437e+00
2.253226347583116507e+01 -4.742925784312284065e-01
2.250531222667357412e+01 2.557497471986174276e-01
2.238851958364779193e+01 1.004399961895309445e+00
2.241777763362924247e+01 2.487525247432106568e+00
2.233760893883236776e+01 3.148655462088385093e+00
2.230540209770676086e+01 3.809560295513151118e+00
2.330339519142419391e+01 -4.114758718305527196e+00
2.328088662053998803e+01 -3.400532941076157556e+00
2.331537699056909929e+01 -2.669487779767067082e+00
2.329465276733392187e+01 -1.917696079653591568e+00
2.330311261974947001e+01 -1.210191916442017401e+00
2.327731926430355713e+01 -4.926476554431253874e-01
2.324242621041477008e+01 2.271724606919676148e-01
2.322996413295062723e+01 9.999491146924128770e-01
2.322630524163913890e+01 1.708702203288215316e+00
2.320479478764137582e+01 2.412495400630163545e+00
2.314297931377191730e+01 3.163887474014330792e+00
2.317533051662434929e+01 3.825823684127058755e+00
2.403919629138011516e+01 -4.115904317418692671e+00
2.403882934727069909e+01 -3.400340754105190655e+00
2.403477857731135714e+01 -2.663086182167997862e+00
2.404213298227790574e+01 -1.948846407991432272e+00
2.403652031372563869e+01 -1.195592482758325303e+00
2.402404959438550947e+01 -4.692930098780223602e-01
2.407918349647687961e+01 2.118385550992911703e-01
2.402292331782125956e+01 9.851000041012127895e-01
2.394346991691029558e+01 1.697626312165162688e+00
2.399348993055195933e+01 2.442810255459868074e+00
2.395634945077730293e+01 3.163599136763380670e+00
2.401018190734121305e+01 3.830567810185200983e+00
2.486623318554796214e+01 -4.089969942450863982e+00
2.479494754145706281e+01 -2.690365132467640308e+00
2.473221824501449362e+01 -1.993178415742590914e+00
2.480223898808240079e+01 -1.225039117388366350e+00
2.477711239581879710e+01 -5.097677631052519587e-01
2.477990139918380663e+01 2.051171215711988793e-01
2.478953237167471713e+01 9.455457833284057756e-01
2.478810168915897805e+01 1.690057473726231052e+00
2.475681028840852349e+01 2.405609279434653303e+00
2.475421689555772531e+01 3.139920798294681958e+00
2.478348879284894224e+01 3.849844506139582734e+00
2.554871324148790990e+01 -4.129110372203360413e+00
2.545794950543197643e+01 -3.402592932519183933e+00
2.556519005038547476e+01 -2.685648015175768677e+00
2.551781511346141684e+01 -1.953345859616703706e+00
2.552624828186270634e+01 -1.247460097815167757e+00
2.550954742875095604e+01 -5.268372707583246495e-01
2.551981347276623779e+01 2.101866547330182300e-01
2.551548634973752172e+01 9.332759359954039269e-01
2.553354857459074623e+01 1.676096833221567550e+00
2.554522216105233667e+01 2.373891522140787913e+00
2.554190290609302139e+01 3.119105769036124798e+00
2.556281005889160696e+01 3.833833702361644669e+00
2.627849384013744327e+01 -4.124913979497652150e+00
2.628802311218608878e+01 -3.423912604981214969e+00
2.626862169433496064e+01 -2.698652194223438272e+00
2.626329998410776767e+01 -1.967589881951280262e+00
2.626659158121422166e+01 -1.247972398166449892e+00
2.625914917619979860e+01 -4.927178199295774164e-01
2.627672732497304509e+01 2.040793686405599772e-01
2.625127303887561681e+01 9.265316286595961515e-01
2.629824671766079547e+01 1.679486175592106889e+00
2.634658656627662765e+01 2.430863214460668331e+00
2.631185976540428584e+01 3.123538722396915546e+00
2.633975573819455462e+01 3.833507488748026049e+00
2.708088094109219668e+01 -4.163941928340193499e+00
2.703484776062720130e+01 -3.447235437338566300e+00
2.705691857674795386e+01 -2.710724611714237398e+00
2.703120228574491080e+01 -1.981353710617792530e+00
2.703973753860251605e+01 -1.262041520161975683e+00
2.701503142676984481e+01 -5.658316121222064510e-01
2.702577694516779161e+01 1.972580412441722331e-01
2.703176468105932884e+01 8.787006011634481695e-01
2.703913125009108853e+01 1.665341819028537174e+00
2.706319168508024831e+01 2.354734253941551003e+00
2.710316461579729008e+01 3.082601240696639877e+00
2.710038350545724484e+01 3.794030842109350488e+00
2.785504339345560965e+01 -4.190975122239763095e+00
2.779981711106724873e+01 -3.434076018119128548e+00
2.780116358340301730e+01 -2.710539080358227437e+00
2.782766307730545208e+01 -2.004285004930938641e+00
2.780057976958175203e+01 -1.270782506545625523e+00
2.781497207441393726e+01 -5.545683077265088912e-01
2.782712647093446634e+01 1.500849042775378450e-01
2.784020990442930810e+01 8.537801954006667415e-01
2.783234816372047504e+01 1.605246854563855408e+00
2.779480340381697090e+01 2.346496124995919530e+00
2.783871695005830560e+01 3.068701091846094187e+00
2.787615659677036462e+01 3.787982762079487031e+00
2.871044015770302593e+01 -4.115892738692664921e+00
2.859869387023098142e+01 -3.455109594100630233e+00
2.868293844019357408e+01 -2.695822283716736933e+00
2.856936337680996729e+01 -2.027043752277563726e+00
2.857062152226377094e+01 -1.328617723424205366e+00
2.853832736058932795e+01 -5.777840230902420160e-01
2.854371974014615176e+01 1.319648221258944432e-01
2.857408276700929406e+01 8.477217416149116502e-01
2.860716968859788523e+01 1.558127796285784683e+00
2.864360543815875104e+01 2.279399572981130717e+00
2.865543943034054308e+01 2.999075194585671511e+00
2.863203855512154661e+01 3.741940018906895205e+00
2.945894320877085448e+01 -4.173970479021456015e+00
2.942531266585312011e+01 -3.484995622202365695e+00
2.940594158347951037e+01 -2.765928533395662470e+00
2.939925492874431967e+01 -2.037551981955285640e+00
2.937654783682145165e+01 -1.330030323065560793e+00
2.935500626739899843e+01 -6.037922368471697609e-01
2.938277871190114610e+01 1.304400149772639850e-01
2.933018550550662695e+01 8.466490705346458867e-01
2.935274408016766046e+01 1.538922066280068890e+00
2.938794348272873691e+01 2.255891940707897447e+00
2.939321174001518244e+01 2.975305199970527781e+00
2.940638070758785005e+01 3.718233192438894719e+00
3.023447090673968063e+01 -4.178423040330148552e+00
3.014617096173650879e+01 -2.042231509960036107e+00
3.013094755610517694e+01 -1.363599093136190987e+00
3.019090139104317672e+01 -5.824552700149503437e-01
3.017395227132499969e+01 8.094068741126037025e-02
3.011706929967605362e+01 8.085978607993951073e-01
3.013000705919801447e+01 1.537892949989021929e+00
3.015275787196777202e+01 2.251758178683317624e+00
3.015109837049588037e+01 2.956035643656818479e+00
3.013875204704526567e+01 3.684374666515047636e+00
3.101122792336408196e+01 -4.204093607961318924e+00
3.097007907508271529e+01 -3.461979147711225835e+00
3.096446576661735861e+01 -2.756919814387448042e+00
3.096056209137619675e+01 -2.051381654449205172e+00
3.092823146271147294e+01 -1.344517869336698368e+00
3.093150719934011050e+01 -6.443776307431186012e-01
3.092849801162488887e+01 7.657592829168180515e-02
3.094556837839314056e+01 7.860561624084105858e-01
3.094827640277458869e+01 1.527469430780538318e+00
3.094572320475763405e+01 2.262576128388445795e+00
3.091124596661543222e+01 2.999238711344837327e+00
3.091870902497577589e+01 3.728392722442137597e+00
3.184187253140535034e+01 -4.157630472167774371e+00
3.177263963137054503e+01 -3.498614901179823988e+00
3.167328307609283655e+01 -2.753356333645740506e+00
3.169382204656384516e+01 -2.083338306506032467e+00
3.167669194422163770e+01 -1.347167778410010897e+00
3.168502232689726128e+01 5.849396883676050152e-02
3.168321881327174339e+01 7.881530933151701390e-01
3.165593400220500797e+01 1.531510416537841479e+00
3.167053274454109868e+01 2.271549983545938289e+00
3.170318891107870485e+01 3.009115702567001449e+00
3.177964660296236588e+01 3.725121093310498566e+00
3.251537041704647635e+01 -4.171093614740165378e+00
3.252554753464399795e+01 -3.501693342637601347e+00
3.250920748339196820e+01 -2.767629705088364034e+00
3.247307938799914240e+01 -2.051509672755290836e+00
3.246253565535024421e+01 -1.358360625012004164e+00
3.243795719275741618e+01 8.079980924077645454e-02
3.242414300243570580e+01 8.035611995540534735e-01
3.249664151465955086e+01 1.509124377765221681e+00
3.248015739059911056e+01 2.256316812435571251e+00
3.248712712271551339e+01 2.996365712065838238e+00
3.248937765645401754e+01 3.726690458503981063e+00
3.332989106209650032e+01 -4.181735359619970893e+00
3.327817265591485096e+01 -3.477264356673469337e+00
3.330649061866102301e+01 -2.767588421327744186e+00
3.326107861781589037e+01 -2.051341631608206484e+00
3.321634830476788380e+01 -1.310290011127893450e+00
3.326531876882759065e+01 -6.335325198240226996e-01
3.321148846308077651e+01 7.073973996974913803e-02
3.321063897014327182e+01 8.072797110956386746e-01
3.321127484642517658e+01 1.535031318565270197e+00
3.319901812519618289e+01 2.292255578037035946e+00
3.325005005919525303e+01 3.008303604134646037e+00
3.322101705989025078e+01 3.753289935788075127e+00
3.408263522676740109e+01 -4.144584688415001494e+00
3.406631540409758685e+01 -3.431826672302229042e+00
3.401479166811159160e+01 -2.742902250173791856e+00
3.399837989318491083e+01 -2.054608139152755086e+00
3.399159020444403012e+01 -1.350392085457507108e+00
3.397832457116455629e+01 -6.283648348679236051e-01
3.394971991632376529e+01 9.020380132097116643e-02
3.396255427556346973e+01 8.349264771157116627e-01
3.397225284377849874e+01 1.579123226844462380e+00
3.399266885254909454e+01 2.290943951798602995e+00
3.400248410694513979e+01 3.031183392757633044e+00
3.398793438334765682e+01 3.760746707502406139e+00
3.482203963677670089e+01 -4.157838523452355162e+00
3.478766823679288933e+01 -3.465023922249276467e+00
3.478138720205864587e+01 -2.745212017096573476e+00
3.474675182197521650e+01 -2.040211880712309522e+00
3.474510719058836372e+01 -1.345563732908306775e+00
3.472953979375241573e+01 -6.243398968196594012e-01
3.473107286180832176e+01 1.299583882651589306e-01
3.470278228375294560e+01 8.162261490530475783e-01
3.468786990979041462e+01 1.585256003686424719e+00
3.473977022663708425e+01 2.306664741876613078e+00
3.474990999882636089e+01 3.052243843485236141e+00
3.472475845501462999e+01 3.785656273772197267e+00
3.556953497313987356e+01 -4.148494221887194300e+00
3.555977321856627071e+01 -3.440680649303132554e+00
3.554418825190276010e+01 -2.727512908574883710e+00
3.549783705510923681e+01 -2.026388451439938621e+00
3.547942551465980188e+01 -1.308328626714128973e+00
3.546638617988033815e+01 -5.824627381000375692e-01
3.548691359082702235e+01 1.798488405087717013e-01
3.549492036093671032e+01 8.995694356900578725e-01
3.552027290024575024e+01 2.296435281948582485e+00
3.549765078017090758e+01 3.074616240115346955e+00
3.553640711332770508e+01 3.840738388337058495e+00
3.632903256841228057e+01 -4.159936890413735711e+00
3.631041477015710228e+01 -3.416346838176831824e+00
3.629747410341501990e+01 -2.745549531950064903e+00
3.624323986261341446e+01 -2.002252604230971400e+00
3.622186417936081426e+01 -1.278646989332283823e+00
3.621341870002519414e+01 -5.473239303352173124e-01
3.624597026998848293e+01 1.778126414466214555e-01
3.623694294502430324e+01 8.718723123576666012e-01
3.623087821719949631e+01 1.651474946999055504e+00
3.623676308494359688e+01 2.351145459142827576e+00
3.632524820718121106e+01 3.113085874012874399e+00
3.637848012662096409e+01 3.816045927680335126e+00
3.710896876561086088e+01 -4.143647800746130372e+00
3.704623653801913719e+01 -3.400160793481571631e+00
3.703332815218825402e+01 -2.681504850472929746e+00
3.697341737322837929e+01 -1.242759528035499272e+00
3.695895815123916606e+01 -5.249225359329727780e-01
3.690636220165396963e+01 2.565180775245252676e-01
3.698420247995529309e+01 9.530067266978612395e-01
3.708814349862378634e+01 1.636648341262780804e+00
3.708359869086316252e+01 2.376727249057871916e+00
3.705656867289707890e+01 3.111507354028432815e+00
3.709815815909637848e+01 3.824815439828036290e+00
3.789038577257391438e+01 -4.072146769232990238e+00
3.783737624744491512e+01 -3.366420076296783748e+00
3.780610507628629335e+01 -2.649568309253904630e+00
3.778656637199539858e+01 -1.931548130102637373e+00
3.778061687790053469e+01 -1.193804596483062141e+00
3.774421562732630520e+01 -4.745011276808881462e-01
3.786908939005380859e+01 3.134246184713092021e-01
3.786130974127807036e+01 9.771142720218790600e-01
3.788224055503597043e+01 1.644990434139483426e+00
3.797367858351443459e+01 2.452223674420974220e+00
3.872505900682852342e+01 -4.012396716543648267e+00
3.871880741937372505e+01 -3.285645847343644732e+00
3.865797456403023347e+01 -2.594340755073247351e+00
3.874046124208289399e+01 -1.852442615609227516e+00
3.880231038878402927e+01 -1.127100877849564142e+00
3.867019752810359279e+01 -3.511079289666909631e-01
3.879801324364652970e+01 2.585619292138211733e+00
3.875381967845411424e+01 3.188063764318052051e+00
3.965325286525565929e+01 -3.289458944083293090e+00
3.957020678123269164e+01 -2.950547941533248064e+00
3.957787736513143528e+01 -1.758059080469671187e+00
3.999559693933186821e+01 1.130324994173928843e+00
4.000148873913115466e+01 1.858499012727982347e+00
4.000765294037118025e+01 2.616970667484018520e+00
4.000633793843125119e+01 3.329228874424138951e+00
3.999403755950651629e+01 4.002911897610658798e+00
4.074247031833386501e+01 -3.983619451044827287e+00
4.073054366421200001e+01 -3.249247784238434633e+00
4.071358836896717293e+01 -2.470629045604091800e+00
4.071481445052970827e+01 -1.785244913444085313e+00
4.072790713406588026e+01 -1.066900739950295218e+00
4.073301515229182002e+01 -3.519292529947861681e-01
4.074547125152674454e+01 1.120884212542851088e+00
4.072794205388111521e+01 1.843255482292182279e+00
4.071537791044548982e+01 2.546724219888382379e+00
4.070405177699698385e+01 3.317679734081465881e+00
4.071207610590857229e+01 3.983619451044823734e+00
