-1.842193627619892027e+00 -4.079476699888033409e+00
-1.824076359052220653e+00 -2.635825496289463388e+00
-1.837362224651378995e+00 -1.902210843811253937e+00
-1.832054382065997800e+00 -1.169794706801553730e+00
-1.852832950742758555e+00 -4.386371514167315411e-01
-1.839333589074371389e+00 3.450324493472436416e-01
-1.837025958184725027e+00 1.047029576366171000e+00
-1.837620826341392899e+00 1.761149428277676066e+00
-1.832484190512595035e+00 2.460676364180709896e+00
-1.841184555084282692e+00 3.200753044190477681e+00
-1.828706696019963829e+00 3.952842553993676233e+00
-1.027082635085371010e+00 -4.047693811454358581e+00
-1.025569836826143444e+00 -3.341323380812010413e+00
-1.045433994330267069e+00 -2.603487121819227923e+00
-1.081480057366448477e+00 -1.878646572110657331e+00
-1.066866504819849126e+00 -1.151532321498393685e+00
-1.049321818092984415e+00 -4.422988325970784729e-01
-1.072699362636946319e+00 1.015106260924405035e+00
-1.092763141914076641e+00 1.765246281277775608e+00
-1.092580276906751635e+00 2.471210987333883224e+00
-1.110884974558047134e+00 3.254122490447485916e+00
-3.182285832184206242e-01 -3.321137715781254940e+00
-3.707784831034359740e-01 -2.609617640501642910e+00
-3.220090288866401806e-01 -1.877034939675702674e+00
-3.335930519819285678e-01 -1.137472926167905740e+00
-3.298297950260007383e-01 -4.239277152347540323e-01
-3.373070639868132048e-01 1.052830300667501717e+00
-3.282803241038294573e-01 1.762379501508917201e+00
-3.632411724124580132e-01 2.513458328328827207e+00
-3.457518037880902284e-01 3.247870960153420583e+00
-3.590728524880262285e-01 3.975757950314111611e+00
4.017466989451889958e-01 -4.041678105114275610e+00
4.126676868850722713e-01 -3.325316200752425289e+00
4.247154276690423558e-01 -2.584039109579045146e+00
4.067402397153330185e-01 -1.853243203281301987e+00
3.813415088770071293e-01 -1.154696365206842046e+00
4.037493244092189570e-01 -4.248766439280302620e-01
3.967115184801741634e-01 1.026958897946819604e+00
3.901328583142671391e-01 1.789580606757024128e+00
3.899636387555815986e-01 2.519960716986219040e+00
4.038042432313275754e-01 3.252523229975281538e+00
4.099896477441404841e-01 3.964639950998886775e+00
1.139933645615876401e+00 -4.028999340038726729e+00
1.114770686698236091e+00 -3.309973506832932344e+00
1.138739493132590042e+00 -2.600708349944561348e+00
1.148000284282012728e+00 -1.861808536233617417e+00
1.158608575823357967e+00 -1.137617570539514844e+00
1.147424806749391735e+00 -3.912654349670070530e-01
1.148893287172860767e+00 3.389932573751543998e-01
1.137513502250854458e+00 1.754387030810882209e+00
1.141938572871630697e+00 2.544184332832116979e+00
1.079980230559421273e+00 3.266890993717119329e+00
1.134606256181889705e+00 3.987687029331638655e+00
1.885446024622673633e+00 -4.016509656604160483e+00
1.861052810709914240e+00 -3.342571132734963868e+00
1.834817246438127825e+00 -2.606660170795187526e+00
1.863780987002357392e+00 -1.868586937390205094e+00
1.877887739983378879e+00 -1.145042282814973333e+00
1.857652587768562569e+00 -3.981371221906506719e-01
1.825615092672464357e+00 2.961931207267625155e-01
1.855606961181692327e+00 1.042398990870520237e+00
1.864009275776972174e+00 1.780620270316255471e+00
1.895810963040439390e+00 2.545981320576402140e+00
1.833132428363477118e+00 3.206838167544752594e+00
1.867877996721290401e+00 3.971201119791665235e+00
2.618094372311801976e+00 -4.027617984540466267e+00
2.654803662034012746e+00 -3.262477216491351584e+00
2.597714268587246522e+00 -2.570049967277427072e+00
2.596547756632325843e+00 -1.883144830535382397e+00
2.596051008162227447e+00 -1.140724265637253154e+00
2.602696649966155462e+00 -4.414405601554811653e-01
2.588783094200969970e+00 2.908995661763142948e-01
2.624768163576952418e+00 1.036857066664090610e+00
2.627153705428867170e+00 1.764676514581402955e+00
2.614075541372535838e+00 2.539952850273234475e+00
2.617709935019227885e+00 3.226866932035257207e+00
2.607089114171770916e+00 3.940105181210036278e+00
3.310573195332843000e+00 -4.006795612831812292e+00
3.325873883645293461e+00 -3.290426982236784426e+00
3.333862776322916943e+00 -2.566762401666135673e+00
3.417294502859483885e+00 -1.859552845770693352e+00
3.308639819089570722e+00 -1.162162385819513588e+00
3.338087293527927102e+00 -4.167238867641600564e-01
3.280130109341577338e+00 3.537418655427480019e-01
3.351678321920374515e+00 1.016012932352307274e+00
3.362084130366334023e+00 1.753930518389715587e+00
3.381314336251143970e+00 2.502740246301737415e+00
3.394162743155369810e+00 3.224947443950661352e+00
4.069233856600298793e+00 -4.014557895773585017e+00
4.068246544725894864e+00 -3.287673642020919829e+00
4.073110959099253137e+00 -2.564555301783943975e+00
4.055220817393966115e+00 -1.135370316741305174e+00
4.057625212575011631e+00 -4.239401749920652662e-01
4.078781838402512960e+00 3.232153402619886151e-01
4.107661392197528016e+00 1.027282643235739812e+00
4.141195370304245671e+00 1.771658420675947809e+00
4.116183807010763473e+00 2.478018283560977864e+00
4.146610607284586081e+00 3.199445270888524817e+00
4.170992767414404057e+00 3.885460697392090879e+00
4.793937705887131528e+00 -4.008224411918085650e+00
4.809213611016282641e+00 -3.287335279551225398e+00
4.809535342525279589e+00 -2.560293944553386325e+00
4.824409238104387043e+00 -1.828264539470534800e+00
4.797776750286651293e+00 -1.137350139144288619e+00
4.798457205198147335e+00 -3.892303552020628388e-01
4.820935177323420362e+00 3.153475425028275936e-01
4.807742951160705047e+00 1.045791947475560590e+00
4.868330509530942152e+00 1.761433701682960873e+00
4.886196959603566370e+00 2.498031499342850736e+00
4.868459792224719251e+00 3.202184643166781086e+00
4.856603224846658406e+00 3.951554555428195670e+00
5.546985023505882850e+00 -4.022992450424094812e+00
5.522559628263877585e+00 -3.298461203601135594e+00
5.541110136605404080e+00 -2.565579072369526870e+00
5.539861409020367944e+00 -1.814527071407397329e+00
5.529100911680359332e+00 -1.101160407030668864e+00
5.587540708669109790e+00 -4.012598745473106021e-01
5.564738907258714562e+00 3.282491431879641652e-01
5.579856453369295366e+00 1.024640874799878532e+00
5.585394830135044231e+00 1.761498497642090655e+00
5.606531702515567872e+00 2.522162826057879670e+00
5.623709986358221613e+00 3.220250411208311903e+00
5.635852768976974403e+00 3.928337291334969450e+00
6.296319424583820989e+00 -4.017100953200422708e+00
6.273102904020980475e+00 -3.324921737745132333e+00
6.285030292794459683e+00 -2.561828880194134683e+00
6.285347786243555390e+00 -1.842810192343971920e+00
6.347510126700711908e+00 -4.022964622323925710e-01
6.339158231117721698e+00 3.281410077497106670e-01
6.298667529296182011e+00 1.032989051778688605e+00
6.352849336118730150e+00 1.756106899029290958e+00
6.367096936649211614e+00 3.194334368433992211e+00
6.386664151517926769e+00 3.923263981889355989e+00
7.013325661775283493e+00 -4.019818812820208365e+00
6.960996841377649957e+00 -3.309984244275248955e+00
7.025935837807466555e+00 -1.854995360271573190e+00
7.077910794018066554e+00 -1.145721627319204572e+00
7.121287026428042566e+00 -4.033947811315350407e-01
7.129629131710053969e+00 3.167315227127041055e-01
7.096214423704729768e+00 1.037100224919662139e+00
7.096181689507936596e+00 1.747653447669094362e+00
7.111659772040098915e+00 2.488404128701180440e+00
7.114905812172942490e+00 3.220377061220126791e+00
7.102427964590759757e+00 3.960384645884239774e+00
7.826140129783752286e+00 -4.014313494597061549e+00
7.811286682532546877e+00 -3.305958995430803071e+00
7.823850068690958892e+00 -2.537100531256790248e+00
7.782071626182791135e+00 -1.891740325480999019e+00
7.825411788444085914e+00 -1.173668458930819725e+00
7.862593301211525443e+00 2.775919683056429221e-01
7.869088115651315718e+00 1.025278486691220792e+00
7.860397050377713413e+00 1.733411311063445481e+00
7.841913238538758435e+00 2.482780216734695955e+00
7.839420236748907200e+00 3.197256857331616686e+00
7.829923431908525799e+00 3.939221995553040756e+00
8.586177701021433961e+00 -2.612793032182125330e+00
8.603559173374499380e+00 -1.167240605597019254e+00
8.596027162041615099e+00 -4.619695212976147047e-01
8.588468228799079895e+00 2.832286039243037123e-01
8.569636840695388003e+00 1.018807295288720383e+00
8.584823510951302694e+00 1.730405664361018836e+00
8.576991231835322083e+00 2.474311555842035659e+00
8.589409645278394123e+00 3.201255108995191279e+00
8.606006509699106743e+00 3.914006138779207333e+00
9.358570353952657683e+00 -1.910699029780602132e+00
9.339644952562053959e+00 -1.185208908016420537e+00
9.353455228555461076e+00 -4.812826981489628508e-01
9.314401744002061889e+00 2.525688577066560470e-01
9.300292140590435963e+00 1.036342942790490440e+00
9.324968611255009421e+00 1.730499381819193161e+00
9.340052310289344462e+00 2.436039734772485588e+00
9.333566117339067603e+00 3.160802555693138061e+00
9.362422345710740501e+00 3.866468100626242688e+00
1.022880496362635938e+01 -4.059206682722997783e+00
1.022821935995619214e+01 -3.332456642389669099e+00
1.021911640527281406e+01 -2.603468670618017455e+00
1.017644938862231641e+01 -1.914585706769607043e+00
1.015014469926730101e+01 -1.168779792435810094e+00
1.013475243238456613e+01 -4.638591560729956598e-01
1.007344368105329835e+01 1.007600469661433351e+00
1.007355313548676889e+01 1.701397536002925648e+00
1.009066206218742678e+01 2.443456527093783137e+00
1.009505696292126942e+01 3.182147758406166815e+00
1.013974481811717965e+01 3.869766350883139694e+00
1.097964826061966193e+01 -3.350789623409166751e+00
1.098137265215211755e+01 -2.611918953113153918e+00
1.097892858901442992e+01 -1.909487047299826656e+00
1.092003909994738819e+01 -1.181892422450005142e+00
1.085611705464290822e+01 2.576261149428731301e-01
1.082425661422664120e+01 9.843105575076691593e-01
1.082276531259782359e+01 1.705382498806990554e+00
1.083288535218363791e+01 2.427034406066827188e+00
1.086306519761613743e+01 3.115287955420249943e+00
1.088588332994291363e+01 3.887122092590630018e+00
1.174665837658741196e+01 -3.336137427113545328e+00
1.173083384212939251e+01 -2.611195442876468320e+00
1.175834114747485160e+01 -1.931094895534346989e+00
1.169235380957309189e+01 -1.165732083957895071e+00
1.167948498270838087e+01 -4.475512618776740226e-01
1.162907875293477389e+01 2.546683408849119701e-01
1.158181856309058588e+01 9.838813355412270312e-01
1.156586922023716824e+01 1.717313394922097558e+00
1.157828349828938741e+01 2.445133216848745406e+00
1.162841759747617942e+01 3.132650520713887943e+00
1.162422736020215552e+01 3.857264641067295941e+00
1.258694418320988007e+01 -4.111832935629607277e+00
1.254130262697413656e+01 -3.357937656756966760e+00
1.251884630359522532e+01 -2.639190701077161805e+00
1.247906910366744881e+01 -1.915378036225586555e+00
1.245584129787592786e+01 -1.160722000326387615e+00
1.243303911966778230e+01 -4.347969138665064293e-01
1.246391690577482336e+01 2.909966406904835878e-01
1.240256819266117105e+01 9.653798989384547724e-01
1.248327715289305218e+01 1.694849532656604651e+00
1.242259250025303174e+01 2.471788081355526856e+00
1.240700538944955866e+01 3.150391066158341857e+00
1.242937832150290944e+01 3.885145311711262650e+00
1.337654474401880833e+01 -4.059284393383730816e+00
1.338759501326112655e+01 -3.339128287087813618e+00
1.336345947026773473e+01 -2.593489595466614617e+00
1.324111661119461303e+01 -1.128075839062340435e+00
1.325178616226427408e+01 2.914925793308000834e-01
1.319314053301889089e+01 1.000774574682814944e+00
1.320035762622663356e+01 1.726050007480456117e+00
1.317292631151962468e+01 2.456408684988538482e+00
1.319730758369101409e+01 3.195400312967649370e+00
1.320053713013886210e+01 3.895800674833587607e+00
1.408792053427522717e+01 -3.344163865182210316e+00
1.414336484945580708e+01 -2.603946260279286662e+00
1.409656208817962408e+01 -1.892504250076676442e+00
1.411259919083893521e+01 -1.173986785695841917e+00
1.408434365273195965e+01 -4.343230916826321675e-01
1.404807390877306261e+01 2.746932705514488759e-01
1.402692282764646592e+01 1.018377797757661796e+00
1.395097214915967498e+01 1.734103949958164748e+00
1.392253112652286973e+01 2.503295569695520584e+00
1.393532780269913474e+01 3.205381683899339862e+00
1.397992522047015740e+01 3.898286806077486233e+00
1.491109112095949740e+01 -4.072224672217480190e+00
1.489011123005192161e+01 -3.334765308200129397e+00
1.489805179956933756e+01 -2.609370988633273214e+00
1.486730466469870748e+01 -1.894921901123694852e+00
1.477842535104455379e+01 3.321202524652342447e-01
1.474614261730420850e+01 1.027494477084847091e+00
1.474951554134134568e+01 1.750486958930494552e+00
1.474154517611888338e+01 2.466983232818328986e+00
1.479449433954885507e+01 3.188767911070733874e+00
1.480140656333978200e+01 3.909268626172860195e+00
1.573897802925998946e+01 -4.064758971843463797e+00
1.573157561451732533e+01 -3.367099363637475307e+00
1.568351729031673614e+01 -2.590307046154016746e+00
1.561350948532157190e+01 -1.149138300880267138e+00
1.558357807418149577e+01 3.427177354119734787e-01
1.557292118569609585e+01 1.001828544493470474e+00
1.550448778655002258e+01 1.754436562588182369e+00
1.553390001447905178e+01 3.196624838377545075e+00
1.553207151958963550e+01 3.927480083512200792e+00
1.649158411905327881e+01 -4.079995703410823182e+00
1.648433758307785979e+01 -3.356882227873441593e+00
1.650506380031580278e+01 -2.621747673464099648e+00
1.648988392826540661e+01 -1.914827755024742117e+00
1.639584881388931592e+01 -1.170136892298749842e+00
1.646270431204506934e+01 -4.483892613451665454e-01
1.633375708962900319e+01 3.273435904977759492e-01
1.628209057471356402e+01 1.758892156768350645e+00
1.629785488680086303e+01 2.485421391623205523e+00
1.627141902799809259e+01 3.223784811173338483e+00
1.631611851206011465e+01 3.909517927861088538e+00
1.722276122402520571e+01 -4.089570701317040147e+00
1.723160931210878744e+01 -3.362267910740214916e+00
1.721822054138931435e+01 -2.664830246595691676e+00
1.722102056748345689e+01 -1.914411877810202611e+00
1.717926940716007778e+01 -1.199127860509094035e+00
1.716570911098837371e+01 -4.680120255374298210e-01
1.715369594179065871e+01 2.762637047720204464e-01
1.709451143370313986e+01 1.784906435420609228e+00
1.707831142826487536e+01 2.486960583470601449e+00
1.705041999530954655e+01 3.184715621055659085e+00
1.706804106953801892e+01 3.930479224889900536e+00
1.796906404135189206e+01 -4.077284601413634135e+00
1.795170544812314972e+01 -3.357053871894411401e+00
1.793329554824448024e+01 -2.646020839776586087e+00
1.792350863428868024e+01 -1.880124572572494657e+00
1.792187143375410585e+01 -1.180766131615342829e+00
1.789294002525799243e+01 -4.616683786320230354e-01
1.789641925138197109e+01 3.410031749850723770e-01
1.783666575459182724e+01 1.026183039828744370e+00
1.782026073777851849e+01 1.691628939271868859e+00
1.784023706660561714e+01 2.516224359416334266e+00
1.783604394641388780e+01 3.213700765536209758e+00
1.785540228682589969e+01 3.956095582579180814e+00
1.869025538077914916e+01 -4.053908415854756697e+00
1.868433769552014212e+01 -3.359457897149727756e+00
1.866141922474801618e+01 -2.609911517970147088e+00
1.863833241243272454e+01 -1.898395095283177625e+00
1.860895227092408533e+01 -1.182743032868145860e+00
1.863659854421747042e+01 -4.362793080291460512e-01
1.859871572576926724e+01 2.873786731331158251e-01
1.860300122358498243e+01 1.040446486674724724e+00
1.858476558190587724e+01 1.774901140650456455e+00
1.858157766223605023e+01 2.511198316374091632e+00
1.856403524458039556e+01 3.248788168784500385e+00
1.855341241473774261e+01 3.957773149034068183e+00
1.940245060961939316e+01 -4.086519902296785745e+00
1.939838629363451616e+01 -3.343606126991126359e+00
1.936744367089139729e+01 -2.611182457839262838e+00
1.937699637395615326e+01 -1.899274320448860465e+00
1.936248706665080732e+01 -1.152415478158122397e+00
1.936783121065969482e+01 -4.251775776026036624e-01
1.932471524319763745e+01 3.103511573084496433e-01
1.935725064194094358e+01 1.031010509310650747e+00
1.929882561043574185e+01 1.765765823990811612e+00
1.931036987912173686e+01 2.505226031752897597e+00
1.929047419970296318e+01 3.247777793719457406e+00
1.932023933937381344e+01 4.005080231028784965e+00
2.019299120009180371e+01 -4.031566572201626286e+00
2.012063680643393582e+01 -3.311023969459522931e+00
2.012377769307486375e+01 -2.584256774207844387e+00
2.010778514105381021e+01 -1.870417630783354213e+00
2.008271110531502046e+01 -1.147080988349848951e+00
2.007717167445482431e+01 -4.176550714588280755e-01
2.008160922977813101e+01 3.122546192421893352e-01
2.006587414529882807e+01 1.036592613135329799e+00
2.005991033959431746e+01 1.772751909541398163e+00
2.007667162519689441e+01 2.505702164109131047e+00
2.004894269867111234e+01 3.231519138310908090e+00
2.010256051636947205e+01 3.978173548232078360e+00
2.095337302212608677e+01 -4.057116375924660900e+00
2.094401041149977516e+01 -3.316369091035365813e+00
2.090964073396978051e+01 -2.592248755756926926e+00
2.088123661495960448e+01 -1.833460308451975607e+00
2.086790536782689287e+01 -1.112707703817591209e+00
2.084186431782781312e+01 3.228870487691963831e-01
2.092788207166418601e+01 1.050902647636682730e+00
2.087253282418996747e+01 1.779585569892930152e+00
2.084685425602727804e+01 2.527165422520525340e+00
2.083461438564251011e+01 3.251138277980061275e+00
2.090239485313777124e+01 3.915100662076376636e+00
2.168339995084259186e+01 -4.065058168983952669e+00
2.166302023307729030e+01 -3.327449352452518383e+00
2.164487334171063537e+01 -2.567024174648516066e+00
2.167316545105042280e+01 -1.861480123026638012e+00
2.169391445408727748e+01 -1.129361441335479554e+00
2.166332686857491296e+01 -4.098784828009804926e-01
2.165062943726779565e+01 3.257931277934638103e-01
2.168912836939401956e+01 1.061070584746033774e+00
2.163034038008745341e+01 1.775715125693803742e+00
2.165046524010358553e+01 2.531370403079538534e+00
2.166917815805342684e+01 3.214783452354616600e+00
2.167953446989108102e+01 3.954402817323583008e+00
2.266436992388350546e+01 -3.964589753213701329e+00
2.258414410267135253e+01 -3.325796477280807295e+00
2.261046506947889156e+01 -2.536142526583802237e+00
2.265679408976025400e+01 -1.829411051490822615e+00
2.250989288996103710e+01 -3.968054205307467441e-01
2.248361048980208921e+01 3.394926468617853743e-01
2.248133939067150067e+01 1.072260173828823326e+00
2.243804835168963052e+01 1.797312397388235894e+00
2.244031872623990154e+01 2.512376457913511274e+00
2.244576950570616702e+01 3.220456670819039857e+00
2.243699673125860983e+01 3.985265169156953391e+00
2.337306812711828741e+01 -4.050585136240623996e+00
2.337638446009184179e+01 -3.311559077506263549e+00
2.336550344930845569e+01 -2.590633476104976296e+00
2.337624869514606019e+01 -1.846008405768213123e+00
2.335888275935263181e+01 -1.117447199300112715e+00
2.334092022744832917e+01 -3.937537216738107304e-01
2.332688248513911589e+01 3.326335408320453269e-01
2.326319283362592216e+01 1.077050729988798139e+00
2.326138578882006414e+01 2.559451357205475119e+00
2.323403219628134764e+01 3.234755563601538597e+00
2.320739299976096248e+01 3.952648481288633775e+00
2.411110632809089083e+01 -4.034430933850813972e+00
2.410008832753160135e+01 -3.308818146360785306e+00
2.411325140790093258e+01 -2.583295233082850473e+00
2.410064262665478907e+01 -1.849704274918998692e+00
2.410122301927971478e+01 -1.123030195662284569e+00
2.407527525212068298e+01 -4.090072135559310595e-01
2.406249206478440072e+01 3.233531212866296300e-01
2.405004545168765162e+01 1.063343184843013489e+00
2.404378904124488514e+01 1.790562303474789729e+00
2.403833438244060972e+01 2.511382593273300046e+00
2.397395446698608623e+01 3.259569950668797844e+00
2.401476586553488346e+01 3.946491577829796427e+00
2.483700208203655535e+01 -4.034828186922165827e+00
2.483568538964383521e+01 -3.311809217482309720e+00
2.482896553241145199e+01 -2.577623974194761303e+00
2.484649152146375428e+01 -1.857336126906787399e+00
2.482416262560882814e+01 -1.114766178272059705e+00
2.480844719016194944e+01 -3.865027780790271095e-01
2.484770893285197957e+01 3.044036332884267892e-01
2.481018810472330927e+01 1.063699056667903875e+00
2.476443894094712306e+01 1.782796511106340631e+00
2.478331185230498335e+01 2.520248214386516139e+00
2.474885458736220301e+01 3.251674385794188993e+00
2.480742672611916078e+01 3.963434083128596797e+00
2.559861368803069581e+01 -4.025825424179721779e+00
2.557536952842015410e+01 -2.592798743216803814e+00
2.553617151174940858e+01 -1.877072523274538440e+00
2.557115178995316285e+01 -1.137316641226714609e+00
2.555398778598189580e+01 -4.090748006630988698e-01
2.555246981966101316e+01 3.188796719439856986e-01
2.555961225874887077e+01 1.035870438556848683e+00
2.556175241942873555e+01 1.781471621459761678e+00
2.553855206809531353e+01 2.501293794241949087e+00
2.552812959268845816e+01 3.236273822173423298e+00
2.553910659313785914e+01 3.957897308075381204e+00
2.632155653988809263e+01 -4.027379551734817653e+00
2.618441151357941266e+01 -3.311465658589753502e+00
2.633916939992511885e+01 -2.586668287993639126e+00
2.629902506686978114e+01 -1.855666627341580721e+00
2.630261324642729193e+01 -1.139995952510759025e+00
2.629844388025606605e+01 -4.121472702463755411e-01
2.629080913211414128e+01 3.162709345203005284e-01
2.628650068764827807e+01 1.035320853361778148e+00
2.628399627428846230e+01 1.765271774509386660e+00
2.630276565714787296e+01 2.481785274779955586e+00
2.629538302437782704e+01 3.230595095074185963e+00
2.630832132479502405e+01 3.956246000584833666e+00
2.704486340537571465e+01 -4.026747631480379397e+00
2.705134574481669318e+01 -3.326712783898639003e+00
2.703589524692728219e+01 -2.596911147117687335e+00
2.703793632470001285e+01 -1.865542361497080748e+00
2.703720907689459807e+01 -1.139450160782832455e+00
2.702926849744947901e+01 -3.892966351177307160e-01
2.704114270394966013e+01 3.159278361034161264e-01
2.701109840134000706e+01 1.047203195995173530e+00
2.704625877795909616e+01 1.790258279281609077e+00
2.707425106866789832e+01 2.534116486362414378e+00
2.704680665911192250e+01 3.230046314538498109e+00
2.705477973859318297e+01 3.955941289102298697e+00
2.782400615185940751e+01 -4.048620397835986040e+00
2.777149241623002496e+01 -3.356138091560552539e+00
2.781902293288693073e+01 -2.598076053884614822e+00
2.778896477349210414e+01 -1.870212560944491287e+00
2.780052002287990121e+01 -1.146671648175516367e+00
2.777039299213659262e+01 -4.449434300465711090e-01
2.778710330234575565e+01 3.221486033296336871e-01
2.778097834759091000e+01 9.989704034111710484e-01
2.777279651577408259e+01 1.786574513026476296e+00
2.778631791495622849e+01 2.492203193037159537e+00
2.780444965239401256e+01 3.225501866257744155e+00
2.779578338062430731e+01 3.952085741349691261e+00
2.855552722295907841e+01 -4.077216488378979875e+00
2.854314002815743123e+01 -3.321128865156580900e+00
2.854006275089344769e+01 -2.594210660796889556e+00
2.856319471292930956e+01 -1.884347709789079062e+00
2.854687262287780669e+01 -1.135613732856327829e+00
2.855839376737836943e+01 -4.229155773156527687e-01
2.856181953810276042e+01 2.970444860192564818e-01
2.856081793830545479e+01 1.013862027645398456e+00
2.855684352639199375e+01 1.752180520861621460e+00
2.851748323709967536e+01 2.494945101599270743e+00
2.852570729474121691e+01 3.225196476570118875e+00
2.855033353906430449e+01 3.947231416817885474e+00
2.935285867424028794e+01 -4.044799687198821658e+00
2.930882812736260945e+01 -3.340962227695975173e+00
2.931026183681232311e+01 -2.568574338954363157e+00
2.929488496379534723e+01 -1.888686390216523847e+00
2.928382854900909393e+01 -1.162360460972461595e+00
2.926784270005703803e+01 -4.320550418160920003e-01
2.927166956127860686e+01 2.893317376820796483e-01
2.928944688244229866e+01 1.018574668194723643e+00
2.929417223318058205e+01 1.725816312149603959e+00
2.930631036597456074e+01 2.472651540542031512e+00
2.931568364530199489e+01 3.183320595162179245e+00
2.931980869818354307e+01 3.930625829724014864e+00
3.006976102211431368e+01 -4.059483617675994083e+00
3.009018667785965562e+01 -3.353206205236492821e+00
3.007848621831833924e+01 -2.623001601285601225e+00
3.006835219946930948e+01 -1.894740224931894090e+00
3.006362646169534258e+01 -1.164740547273225957e+00
3.003798067245437409e+01 -4.368668097405965511e-01
3.005177897634791151e+01 2.900608420117158914e-01
3.003009699736890781e+01 1.024668189608014757e+00
3.003882329195726442e+01 1.751205091900068567e+00
3.005133283296094504e+01 2.457408453469088983e+00
3.005635291445396007e+01 3.177757183218041348e+00
3.005673445469765426e+01 3.907798664526268340e+00
3.083164006954722680e+01 -4.060884300609082231e+00
3.080687139229760163e+01 -1.883417831974764312e+00
3.080133542521978285e+01 -1.180843578117077186e+00
3.080896127241179983e+01 -4.274863019839756362e-01
3.081537875691096673e+01 2.764489340485312141e-01
3.078973947138118916e+01 9.915305894806820675e-01
3.079777536494055568e+01 1.731366854176410897e+00
3.079587506059849744e+01 2.458516430113135698e+00
3.079730373662365395e+01 3.179636579911253591e+00
3.078234721414452935e+01 3.900301370983001448e+00
3.160059511792054110e+01 -4.077128537935159613e+00
3.157108908219520771e+01 -3.328306590633516748e+00
3.156785136152858939e+01 -2.611502340223527341e+00
3.158725389956487817e+01 -1.899516819825269209e+00
3.156027565408779623e+01 -1.177064016744949981e+00
3.153946989011570423e+01 -4.665217753503867470e-01
3.155233771802574694e+01 2.762760668255737073e-01
3.156082785457153506e+01 9.992718145102266192e-01
3.156703319780267947e+01 1.731331874353294609e+00
3.156169146290381633e+01 2.465416314663016806e+00
3.153337919771517051e+01 3.203100392226446047e+00
3.154459176651973706e+01 3.921289173808638395e+00
3.236387505471446246e+01 -4.063629581186624762e+00
3.233780963395890495e+01 -3.350218537810221164e+00
3.228648718233720416e+01 -2.604340666687683381e+00
3.231440513673293680e+01 -1.908709848090740735e+00
3.229050026753385083e+01 -1.158356463108020762e+00
3.230258994340240264e+01 2.672742242484424935e-01
3.230145829366694699e+01 9.860820613160008463e-01
3.227656129728428169e+01 1.735095998836754916e+00
3.229338588512674590e+01 2.464162710240007215e+00
3.228265738950698704e+01 3.183905386346133071e+00
3.234549811815161746e+01 3.901622389452008122e+00
3.306898328051621405e+01 -4.065674980566978292e+00
3.306636148303615386e+01 -3.347303574830885253e+00
3.307171153599876590e+01 -2.609099668658441118e+00
3.305414465267863733e+01 -1.887410011944442800e+00
3.305030448645707253e+01 -1.167599055283169207e+00
3.303499825464273698e+01 2.697499870297086488e-01
3.302190240074141769e+01 1.001479514382658920e+00
3.307047006567352554e+01 1.715039717029540611e+00
3.306134155906587324e+01 2.441810761718738121e+00
3.306082895068943373e+01 3.186370684436603540e+00
3.306161942958814137e+01 3.910458764552849686e+00
3.382624256672776397e+01 -4.055571762560610694e+00
3.381429928148256892e+01 -3.333226515387622158e+00
3.383324154721895383e+01 -2.614524116309755897e+00
3.378826005636069141e+01 -1.891672108170737943e+00
3.378952021294630725e+01 -1.150164692056808491e+00
3.381737806788279244e+01 -4.503506188331805049e-01
3.378572852509538649e+01 2.675693194258599306e-01
3.379137239148338523e+01 9.989371493597332119e-01
3.378846200990769688e+01 1.727507458741872171e+00
3.376964426121129037e+01 2.472965655564266285e+00
3.380580974952977868e+01 3.198579787497131122e+00
3.377527544908938495e+01 3.935377038090528856e+00
3.456672365091699106e+01 -4.040479213738883857e+00
3.455062958980945353e+01 -3.315934728262593723e+00
3.455186061820615606e+01 -2.598621396984142962e+00
3.453657584432284722e+01 -1.893463537069944636e+00
3.454602293158912829e+01 -1.171241409531564415e+00
3.453310797379658226e+01 -4.524299599250589665e-01
3.451988434629064528e+01 2.781082547924604853e-01
3.452268913328042999e+01 1.016837799942035048e+00
3.453388610283908378e+01 1.755464157804777159e+00
3.454974838801052073e+01 2.468838946258372857e+00
3.455025696183434292e+01 3.202041340753922327e+00
3.452747159579255509e+01 3.930864736497348133e+00
3.529448308679462087e+01 -4.054768001929740961e+00
3.523456459720659240e+01 -3.351851751748210262e+00
3.528032468128642307e+01 -2.607107147523397117e+00
3.528006900403411095e+01 -1.885201405198952074e+00
3.527463542121156337e+01 -1.192193386549305956e+00
3.528756538233553641e+01 -4.581014215753320684e-01
3.527455069159120882e+01 2.942778652128161809e-01
3.525933454406881395e+01 9.905837390935197107e-01
3.524748928962858230e+01 1.758143033549437462e+00
3.524219855889300135e+01 2.450413882777940699e+00
3.527476604646290781e+01 3.210436649998825942e+00
3.525682932551450932e+01 3.930752578719477697e+00
3.603744204840511856e+01 -4.034296007921923888e+00
3.603121956889918209e+01 -3.314229547934683495e+00
3.603352056921493585e+01 -2.598372412783692909e+00
3.601977796903425855e+01 -1.885136253424768427e+00
3.601209879608018838e+01 -1.160883594110874384e+00
3.600366482516680122e+01 -4.336411458207862779e-01
3.601887188513334337e+01 3.137267182809857502e-01
3.602747439871982493e+01 1.077014773191354635e+00
3.603107165994359917e+01 2.470910908358494140e+00
3.601447386014964280e+01 3.220699426485012395e+00
3.603696438938701618e+01 3.970520597094321147e+00
3.675846009728622477e+01 -4.073207381102765368e+00
3.675296152666408744e+01 -3.318085928596026690e+00
3.676578352957172768e+01 -2.644715303399610917e+00
3.675350522713710433e+01 -1.873592433921075440e+00
3.674903105587342367e+01 -1.146848398855286888e+00
3.673795777126473894e+01 -4.206931211065452203e-01
3.677841224972797107e+01 3.087967278314316388e-01
3.675559439467918565e+01 1.020397086235114159e+00
3.674813837133631722e+01 1.795053950709494472e+00
3.674326754911282222e+01 2.496735414434329670e+00
3.679302593104905128e+01 3.252278595314926690e+00
3.681052286533103057e+01 3.945512554245532044e+00
3.753632715714167745e+01 -4.048547834045031379e+00
3.750210730129861503e+01 -3.309488464942635488e+00
3.749606449899697935e+01 -2.586264957739594195e+00
3.747013085255915854e+01 -1.138405443279662421e+00
3.746966941445413823e+01 -4.101456060372008494e-01
3.745440931361705594e+01 3.744592720617845316e-01
3.748330072648263211e+01 1.067534403151178424e+00
3.751652222462403330e+01 1.756427176651961020e+00
3.754321803586662298e+01 2.495750804636198694e+00
3.750912280691904499e+01 3.228401071995634197e+00
3.752312057613061569e+01 3.948583970271215549e+00
3.827002418247467830e+01 -4.018574610644030543e+00
3.826826622691474000e+01 -3.292724655056311178e+00
3.825016138902079632e+01 -2.582440112289749123e+00
3.824654946445375714e+01 -1.857111821743639979e+00
3.824583722982229261e+01 -1.125118792941830037e+00
3.822652003659330688e+01 -3.917617947151228464e-01
3.828466622480518566e+01 3.689722164916595659e-01
3.829286018586879692e+01 1.071020896781440968e+00
3.829538532227284264e+01 1.774776137934562570e+00
3.829775728788566624e+01 2.531323188554683412e+00
3.906162953367380197e+01 -3.972630417217427379e+00
3.907412498080986296e+01 -3.251928534905179191e+00
3.903621573116419796e+01 -2.565184049361736385e+00
3.908606951476061653e+01 -1.809204917293389059e+00
3.911876078607418350e+01 -1.091306884038985459e+00
3.905243951018236004e+01 -3.168609259366057529e-01
3.908915582555091106e+01 2.608834238901202696e+00
3.908474430172415026e+01 3.154269689482994465e+00
3.988189643352742308e+01 -3.281222581409238614e+00
3.979732066319927952e+01 -2.781545187520162443e+00
3.983768600551044159e+01 -1.846479114711677028e+00
3.998549507363701849e+01 1.103293144190438113e+00
3.998928430371494613e+01 1.862817427755583566e+00
4.000122739578971931e+01 2.620397427208729368e+00
4.000288274436766045e+01 3.310628814466035408e+00
3.999616775828049953e+01 4.019145436484130585e+00
4.073532231519462954e+01 -3.981722655938423117e+00
4.071888117277534747e+01 -3.247996630310613142e+00
4.070841414473525077e+01 -2.485550909849056467e+00
4.071358385029895288e+01 -1.784490434283426907e+00
4.072217949546998028e+01 -1.067759409402817994e+00
4.072597956063395230e+01 -3.348533680213030550e-01
4.073803354326863513e+01 1.118250300426069543e+00
4.072963953714748442e+01 1.847974169624997387e+00
4.072119645374825581e+01 2.532911800368935928e+00
4.070166447305894764e+01 3.324947985626344860e+00
4.071922410904777934e+01 3.981722655938426669e+00
