-5.997608755558445637e-01 -4.043924522430440760e+00
-5.941648645421793162e-01 -2.522794507640131911e+00
-5.985332016821871548e-01 -1.867030507967324837e+00
-5.859371665052108824e-01 -1.135523875886100598e+00
-6.069743505813036677e-01 -4.114320940401050564e-01
-5.932832036505075735e-01 3.583943728170488896e-01
-5.953722170138107117e-01 1.070287497781798436e+00
-5.931943996657622620e-01 1.793089243574758740e+00
-5.897139086260878571e-01 2.490313189843742947e+00
-5.922579405195804725e-01 3.232761824151552332e+00
-5.846524334424429981e-01 3.970058311749511404e+00
1.662413035036962583e-01 -4.024713561480080415e+00
1.776414746264904920e-01 -3.315832273447462342e+00
1.655677908531387743e-01 -2.572139685330359526e+00
1.376668626074248891e-01 -1.857573064773134774e+00
1.438661964583616282e-01 -1.118814190714353174e+00
1.620681477182870367e-01 -4.010270433264579992e-01
1.258236067566684824e-01 1.057337082937067407e+00
1.396701530610471309e-01 1.790406460344165396e+00
1.472991219714572253e-01 2.493615652645768677e+00
1.366455488107192195e-01 3.260119065420319373e+00
8.940622036518348636e-01 -3.294580745677709643e+00
8.662226375153352365e-01 -2.580301483771123117e+00
8.838604696412275530e-01 -1.848619941534973776e+00
8.843076124353430600e-01 -1.112887659108235283e+00
8.840643488601713784e-01 -3.865898792785529281e-01
8.824182817081265284e-01 1.066398680116918740e+00
8.906210340532396685e-01 1.782975043869928555e+00
8.659107453334655702e-01 2.529300814688941301e+00
8.797405624125502754e-01 3.271152263835972462e+00
8.730332018720616816e-01 3.985687798215600708e+00
1.611374248400942122e+00 -4.014116509298911950e+00
1.621842582189266579e+00 -3.301018407234256102e+00
1.623775167239656980e+00 -2.568408805976229559e+00
1.611678744148456133e+00 -1.826586305190900816e+00
1.598665974094188869e+00 -1.114284786349429623e+00
1.612279937106578132e+00 -3.995935301542274942e-01
1.611965983981662021e+00 1.065070164509045014e+00
1.609620689606785504e+00 1.803754431134116487e+00
1.615311551647366173e+00 2.525953549158863609e+00
1.628845861312008481e+00 3.260362858494637806e+00
1.622472847380961980e+00 3.968137799390085263e+00
2.339400458683705608e+00 -4.015569582518800473e+00
2.321328609264888598e+00 -3.296452365277581009e+00
2.345083028081212717e+00 -2.580184610884131757e+00
2.360811272301440056e+00 -1.842328006588086708e+00
2.362543821080151929e+00 -1.113981224519296376e+00
2.352385920823557797e+00 -3.726524495197871545e-01
2.347183319064079399e+00 3.532540831512207546e-01
2.337920301032035297e+00 1.778300074380705809e+00
2.346758244146016636e+00 2.554228759637634738e+00
2.321051774855725114e+00 3.261723028995476170e+00
2.336903022556910514e+00 3.989776270769098687e+00
3.084710158512699252e+00 -4.012069056163976910e+00
3.070248097276390808e+00 -3.306604807336896101e+00
3.055343888368838634e+00 -2.586134039400143081e+00
3.073550572837071115e+00 -1.845488470138427317e+00
3.075481154809345696e+00 -1.119152814575471666e+00
3.069018586674566507e+00 -3.691207756841805576e-01
3.053478070206814721e+00 3.332616959696821368e-01
3.072407064970136048e+00 1.087056573137623161e+00
3.060066768582736074e+00 1.807029856907792720e+00
3.093494642291418018e+00 2.553091263618039619e+00
3.049508058965507473e+00 3.233563562926278223e+00
3.071035530745021447e+00 3.979294696972637269e+00
3.815054290636666678e+00 -4.020832225022260786e+00
3.830243862788947240e+00 -3.268724962677222123e+00
3.800711763250774311e+00 -2.563474839078242695e+00
3.801094873164188925e+00 -1.862024684805106745e+00
3.798788547138741478e+00 -1.116595130298009053e+00
3.810785414199877152e+00 -4.013367418278868115e-01
3.791011800938946408e+00 3.229793531287619146e-01
3.819867663227505261e+00 1.065573529394360008e+00
3.807051696093559201e+00 1.803073680814868851e+00
3.802896490196324919e+00 2.544292563595327294e+00
3.807193859255498580e+00 3.252828743482787388e+00
3.799247942957855173e+00 3.963728197356040539e+00
4.514117895224877941e+00 -3.997583144391779086e+00
4.525495115049281480e+00 -3.289383426277431965e+00
4.531864912559456116e+00 -2.560558515712322958e+00
4.573802983106489251e+00 -1.844195576099217249e+00
4.516600596751757735e+00 -1.134316433405651026e+00
4.534092913872264319e+00 -3.867862091353195808e-01
4.516022054339501324e+00 3.679342126471674135e-01
4.536589847040886525e+00 1.048689624982852564e+00
4.546910556934989245e+00 1.783917865318915830e+00
4.553947182481465461e+00 2.528590848246668799e+00
4.554972315965969187e+00 3.244312420028819588e+00
5.268615316854578623e+00 -4.005665953415597613e+00
5.267637763270172968e+00 -3.284161399886997401e+00
5.273491177981426858e+00 -2.559090750243775858e+00
5.251924866087293253e+00 -1.112426257650575678e+00
5.262602266118953764e+00 -3.909799372240598814e-01
5.265080152664900481e+00 3.490230544557810788e-01
5.287284642486568487e+00 1.053494311862284150e+00
5.303001677019729243e+00 1.793897315387503966e+00
5.283347924075563640e+00 2.504256980769046237e+00
5.310335679553666921e+00 3.243050640390507056e+00
5.302981835349228845e+00 3.945029632936844166e+00
5.977867536624756895e+00 -4.004744958005598932e+00
5.998187180491925119e+00 -3.281197349218569315e+00
5.994401902073320798e+00 -2.550514358672696602e+00
6.014147371993303182e+00 -1.826198509105324774e+00
5.994269064535146185e+00 -1.113964987200500190e+00
5.984052245126697755e+00 -3.646833771578990024e-01
6.001845570881251035e+00 3.417061049460698996e-01
5.986174749591860689e+00 1.061325759227393917e+00
6.028158222647597597e+00 1.784141288369934131e+00
6.029510940863595181e+00 2.532276577246431515e+00
6.019380591789079915e+00 3.241964477695290725e+00
6.014566672282498416e+00 3.965711357413304938e+00
6.730269693182009405e+00 -4.017679240553007958e+00
6.717719595303243807e+00 -3.291509826139524364e+00
6.728232356714734408e+00 -2.559651325784138010e+00
6.724196729334252609e+00 -1.807802471663251254e+00
6.714612148802636682e+00 -1.088869917458548997e+00
6.754710258995508809e+00 -3.824229404692083278e-01
6.738327467625403244e+00 3.484448717858583677e-01
6.745179479172222159e+00 1.061999231115912323e+00
6.746048286793794091e+00 1.791281197984858409e+00
6.750420421417949512e+00 2.540704351460988164e+00
6.754794870050318423e+00 3.246981384453178521e+00
6.767580602285129032e+00 3.969406165635689376e+00
7.469886424606087871e+00 -4.013078815806846222e+00
7.465882916794292612e+00 -3.317814130605118095e+00
7.463824254367835920e+00 -2.562672359065704342e+00
7.465467770016928739e+00 -1.832059218811206591e+00
7.480354036140155927e+00 -3.833164911355559923e-01
7.489207693869460059e+00 3.437690087958564789e-01
7.456376083400492405e+00 1.054000025348130976e+00
7.502179944971842929e+00 1.783102316521897990e+00
7.492759530233058740e+00 3.235974148697174257e+00
7.501749564679911941e+00 3.957546317733601882e+00
8.201592327173962360e+00 -4.014545850798896254e+00
8.158684763935468709e+00 -3.296214842139779222e+00
8.188083231286171326e+00 -1.840824846089464728e+00
8.226000791730861295e+00 -1.128174157099323338e+00
8.256009618274504192e+00 -3.868352418074145760e-01
8.246330792265744947e+00 3.438896795767263370e-01
8.231867721490814915e+00 1.060814188215420728e+00
8.239443202632678265e+00 1.785880780798567713e+00
8.238362346170077899e+00 2.523118616046851059e+00
8.234893184329138194e+00 3.252088977003516845e+00
8.221800814508220867e+00 3.972536428407764220e+00
8.962248268664112061e+00 -4.025471149052510356e+00
8.954717021063956395e+00 -3.290506964424903202e+00
8.956829179363495541e+00 -2.552077694646584405e+00
8.940272979218391924e+00 -1.862785422543215219e+00
8.962073292760756260e+00 -1.135744732459663453e+00
8.978443897911056126e+00 3.132285798031659851e-01
8.985602847680155492e+00 1.070560408414070963e+00
8.980181933350081636e+00 1.774661952207956972e+00
8.965754036638152513e+00 2.521783099399971917e+00
8.948805414253300228e+00 3.228347239144575553e+00
8.951385607332298378e+00 3.974630520150590485e+00
9.697069962299870838e+00 -2.580111658189910173e+00
9.708357649177095539e+00 -1.130586886796557167e+00
9.703093060385953095e+00 -4.112090745825973670e-01
9.706053688016019976e+00 3.247224064207081540e-01
9.683382619386541990e+00 1.069833703443528350e+00
9.702573362012536506e+00 1.776450545142502335e+00
9.691192767014179310e+00 2.520709615083429611e+00
9.704396686483576673e+00 3.242127557670286819e+00
9.703964848087203166e+00 3.966113943871391712e+00
1.044424216183345067e+01 -1.856635933483577361e+00
1.044279357617904225e+01 -1.131180967743148358e+00
1.044756597653762498e+01 -4.212305927000663530e-01
1.041944921628142140e+01 3.156432874912589170e-01
1.040344497973480742e+01 1.075120706009823124e+00
1.043386682515166086e+01 1.786546096306594222e+00
1.042908810996026858e+01 2.489862063335998243e+00
1.042381321762050561e+01 3.225930920132064728e+00
1.043725123607916316e+01 3.935949004191392930e+00
1.122721226439460196e+01 -4.030865942937015944e+00
1.121805021950385139e+01 -3.316257284032605668e+00
1.122041267836544876e+01 -2.586564769722500046e+00
1.122115475777357574e+01 -1.861615174731610978e+00
1.120596985613305918e+01 -1.122294259554564633e+00
1.119607497016393438e+01 -4.000050311745120268e-01
1.116820452323703705e+01 1.073527517733353420e+00
1.116514749589634903e+01 1.772729207640061588e+00
1.117146735870286278e+01 2.501047044261660801e+00
1.117728501917443396e+01 3.246222196175018837e+00
1.118993768854218729e+01 3.942306676843806201e+00
1.196113844755976885e+01 -3.303100354942010597e+00
1.196591568007084305e+01 -2.575921289324291763e+00
1.197850151195562063e+01 -1.863314588832725605e+00
1.194036083716058982e+01 -1.129481625579174420e+00
1.191630079161908640e+01 3.121729491283780078e-01
1.189274450564994368e+01 1.046290036680513680e+00
1.189584524819442635e+01 1.765031760762628465e+00
1.189194874498091536e+01 2.494634572859336430e+00
1.190553167492716113e+01 3.204388505623732897e+00
1.191274604162336459e+01 3.957087895510618125e+00
1.269464639710599840e+01 -3.292397808424261996e+00
1.268691168248354728e+01 -2.575464829089970209e+00
1.270406463969800370e+01 -1.870877271682783061e+00
1.266940138640762825e+01 -1.120870207605772606e+00
1.267874836002740579e+01 -3.832136096071572240e-01
1.266112675538722243e+01 3.239467529758073283e-01
1.263611061511457478e+01 1.054686319987865772e+00
1.262756233618801360e+01 1.785260074769905003e+00
1.264157113639232222e+01 2.503775254823271013e+00
1.264182336896096359e+01 3.226193596708434086e+00
1.264543392496051410e+01 3.943392940383802170e+00
1.346355192144863366e+01 -4.061697652383717383e+00
1.342437912505483411e+01 -3.304529527879807915e+00
1.343700323560381094e+01 -2.583686168235828973e+00
1.342857376363618727e+01 -1.857198734796760675e+00
1.341668187845944260e+01 -1.120992895614001839e+00
1.341520638530381149e+01 -3.928659423179610144e-01
1.341584480810902136e+01 3.368796649029448531e-01
1.341059673298324384e+01 1.050147709327198697e+00
1.341190515652136384e+01 1.780117496588264459e+00
1.339851158565969058e+01 2.529823920091324396e+00
1.340169831710770154e+01 3.232192789781962006e+00
1.340603879732277193e+01 3.980842343530255789e+00
1.419550895795438095e+01 -4.029423398709099047e+00
1.420055106957069313e+01 -3.300169542896924213e+00
1.419554464482550316e+01 -2.560890455772980800e+00
1.415825949096712577e+01 -1.105031865000110969e+00
1.415707083180929970e+01 3.427207767809825611e-01
1.413171515108991372e+01 1.055575921200603062e+00
1.414140507269699043e+01 1.779182421434391870e+00
1.412461514030187004e+01 2.510954414210189611e+00
1.416056865614081062e+01 3.256999585941343867e+00
1.414680084445331687e+01 3.962817973827945650e+00
1.491428308959942939e+01 -3.301489715003164349e+00
1.493106451002739732e+01 -2.579169594246522479e+00
1.490916559387330409e+01 -1.846865533257670222e+00
1.492992991213600362e+01 -1.129790401798498323e+00
1.492606153528003432e+01 -3.892545791035715297e-01
1.488474180489079401e+01 3.029435216812252918e-01
1.490686669045278023e+01 1.057284370497903581e+00
1.487627460582591254e+01 1.780905399598378125e+00
1.487013155148388677e+01 2.537240284243264199e+00
1.488876591176837394e+01 3.253744032514987339e+00
1.488631124850330423e+01 3.971205621450927481e+00
1.566729006859230822e+01 -4.040120112082821180e+00
1.566662334863479344e+01 -3.299903124691915934e+00
1.567927926924885185e+01 -2.577719788402529133e+00
1.565192590343719559e+01 -1.858833521895672192e+00
1.562690053602909046e+01 3.435084123326532790e-01
1.562029422030039427e+01 1.071453044526460729e+00
1.563222524115338530e+01 1.800389017591239593e+00
1.561217024086313643e+01 2.519794915904316923e+00
1.564161893773664502e+01 3.248114191148232521e+00
1.563804370900162866e+01 3.976240239063635329e+00
1.643026289469736412e+01 -4.023043150828048198e+00
1.641935823865264155e+01 -3.309739795802052242e+00
1.642143613199426966e+01 -2.567202860620607652e+00
1.639800071400728854e+01 -1.117900367592277178e+00
1.638994654143338181e+01 3.673084388143657009e-01
1.638459755571469145e+01 1.044848117727593007e+00
1.635624527050409682e+01 1.798376904795574660e+00
1.638193080437621063e+01 3.265086360120193376e+00
1.636898617192719740e+01 3.978933528828605404e+00
1.716367729367558326e+01 -4.027006882933935827e+00
1.715261768466799452e+01 -3.303197074193555238e+00
1.717267389996110438e+01 -2.574101354716848533e+00
1.716642740234240705e+01 -1.857680652754336137e+00
1.712277530390986158e+01 -1.127630458195543639e+00
1.715384030901436319e+01 -4.009718524576690868e-01
1.713060322607853436e+01 3.513803877768850725e-01
1.710526414913101689e+01 1.789493106565302583e+00
1.711834791685679136e+01 2.522962319344124182e+00
1.709675467540376559e+01 3.262110840653221544e+00
1.711633375845876515e+01 3.967446232301796272e+00
1.789243661261409812e+01 -4.041390264181959679e+00
1.789957005372913557e+01 -3.305990576833394812e+00
1.789692479969834693e+01 -2.613510918726742460e+00
1.790226292984271339e+01 -1.854719019339789554e+00
1.787149589789392223e+01 -1.135391051998855261e+00
1.786873067304006213e+01 -4.062779312735713688e-01
1.787302434781810945e+01 3.293949377441727222e-01
1.786321195853258814e+01 1.816570536619494192e+00
1.785002185743346814e+01 2.533760813734939887e+00
1.784782536109884887e+01 3.258142801330095040e+00
1.784982678256491084e+01 3.972300501306001763e+00
1.862948320836473926e+01 -4.018677883891715652e+00
1.861321867462393698e+01 -3.302705348545078579e+00
1.861142869032148894e+01 -2.587599536860043514e+00
1.860999005080797275e+01 -1.824858276593410267e+00
1.861528336925498905e+01 -1.126946203415684522e+00
1.860300576633957093e+01 -4.161752626214578754e-01
1.860947837358909140e+01 3.722378254744960202e-01
1.857041369187111002e+01 1.071566488305201403e+00
1.856327215243436513e+01 1.729763382289476681e+00
1.858632268637428808e+01 2.549924106920723688e+00
1.858655135045172102e+01 3.244859592899395295e+00
1.859805500695895830e+01 3.981512791034155896e+00
1.935526262174492018e+01 -4.013773941852019078e+00
1.934364778843615085e+01 -3.309216340496842435e+00
1.934356527322416497e+01 -2.557724836063339779e+00
1.932954746317481920e+01 -1.851959276959995293e+00
1.930991875360111720e+01 -1.127347259582659689e+00
1.933955182525684080e+01 -3.924841993256933392e-01
1.931591784742566631e+01 3.290829117250275715e-01
1.933249984721746273e+01 1.081140653180341360e+00
1.932160714192992401e+01 1.811549102530467081e+00
1.931521470939301821e+01 2.535810367862570303e+00
1.932220360373237611e+01 3.276150448726156128e+00
1.930132105756754157e+01 3.981955953132498394e+00
2.006694044838082647e+01 -4.046680182886792210e+00
2.007458435533752095e+01 -3.302262248747549478e+00
2.005383935024701003e+01 -2.568989631154195763e+00
2.006766300865676556e+01 -1.853345490954925623e+00
2.006393583508066314e+01 -1.110396442921050664e+00
2.007824450134781813e+01 -3.900931802239568924e-01
2.005660459602982826e+01 3.583084016835300645e-01
2.007650274980071714e+01 1.060628213937974351e+00
2.003152192042884394e+01 1.789444916847067191e+00
2.006041484431866451e+01 2.519493417594290463e+00
2.004378234355100119e+01 3.257672292397728597e+00
2.005854353327534056e+01 4.009812370333378340e+00
2.080529809828176724e+01 -4.007633717598817924e+00
2.078339163492479713e+01 -3.298166139046756484e+00
2.079991794989507525e+01 -2.565488611832698496e+00
2.079586933878894683e+01 -1.838431120060910473e+00
2.079587233748812736e+01 -1.116845335706742048e+00
2.078553869578826152e+01 -3.934098111959229982e-01
2.079244960541821996e+01 3.403611222066267317e-01
2.078727659751083223e+01 1.062445218350436704e+00
2.079505361704227795e+01 1.794812931217638408e+00
2.081314805323302863e+01 2.519193201895095768e+00
2.078487217329773529e+01 3.254632649812542411e+00
2.080391845608708223e+01 3.987410033565957690e+00
2.156040235696718099e+01 -4.018616881161250376e+00
2.155541888605505108e+01 -3.292013564881962395e+00
2.152281543420367882e+01 -2.586276953990985561e+00
2.153987583273120521e+01 -1.844408438249971027e+00
2.153728539311784829e+01 -1.102265914684103620e+00
2.154124677111590813e+01 3.371581204691693756e-01
2.154245927694043417e+01 1.095819841012382057e+00
2.153468116925888864e+01 1.791295445941138098e+00
2.152057371678623099e+01 2.544459193455036683e+00
2.148678240965299580e+01 3.250305978925986494e+00
2.153558462681000663e+01 3.974325491381343056e+00
2.229508346525260976e+01 -4.035628396531230067e+00
2.227903519405909094e+01 -3.306013059354807382e+00
2.227189797134717963e+01 -2.549996247315995390e+00
2.230457077774607910e+01 -1.839199953637251639e+00
2.229234266404137799e+01 -1.100989492671548220e+00
2.228261109291110387e+01 -3.894446180871504737e-01
2.227171692575065975e+01 3.461710146314800340e-01
2.229835819174321898e+01 1.080564710341203494e+00
2.225915103871577116e+01 1.806978900790863207e+00
2.227000041117434392e+01 2.543823303197019214e+00
2.228592755199402120e+01 3.241489456723719798e+00
2.227803819735879642e+01 3.975538572397994130e+00
2.306725069712777554e+01 -3.984191443839971924e+00
2.305510300245443744e+01 -3.287181105810109472e+00
2.306293477962203298e+01 -2.546129026984651489e+00
2.306874575359583446e+01 -1.834184262291000067e+00
2.303601333985849209e+01 -3.652066386382273322e-01
2.303300044667660984e+01 3.549692073269596904e-01
2.302537496601854627e+01 1.084108711747774123e+00
2.301790338808724101e+01 1.808036268593220086e+00
2.301670127510300290e+01 2.529806944685820014e+00
2.302451072868732496e+01 3.241048537082292569e+00
2.302154129950935157e+01 4.001491866330461278e+00
2.379678886694159701e+01 -4.026471870482001947e+00
2.380089667540153897e+01 -3.290023083912299029e+00
2.379847718101493115e+01 -2.564793385901555922e+00
2.380954467607411829e+01 -1.821109907206992062e+00
2.379239666963781730e+01 -1.096383504327498315e+00
2.378955241750718841e+01 -3.848191535507545780e-01
2.379397354326234648e+01 3.430286809065066223e-01
2.378352800630032249e+01 1.091222588848776098e+00
2.376813648204002760e+01 2.548941270412413473e+00
2.376155328023791213e+01 3.251592827487762349e+00
2.375380825483416913e+01 3.984989179701479145e+00
2.453559249890204796e+01 -4.014154616166521805e+00
2.452875011965909380e+01 -3.289812786459247462e+00
2.454017293238898390e+01 -2.559122631811323600e+00
2.452896929811478799e+01 -1.826520421217974643e+00
2.453396980933804628e+01 -1.100926094295907376e+00
2.451734867989924993e+01 -3.823673267961495981e-01
2.452060141966745022e+01 3.465897126028671948e-01
2.451550497454385891e+01 1.076428790161312321e+00
2.451457253915170753e+01 1.813866727308052873e+00
2.451394333273402992e+01 2.536540089993525982e+00
2.448385934562764277e+01 3.266814154298145922e+00
2.451704517362223612e+01 3.972626297564765707e+00
2.526539306852497191e+01 -4.014636643743465072e+00
2.526060365458859280e+01 -3.288758036114565186e+00
2.525968948405033387e+01 -2.557940326245194740e+00
2.526617584208313616e+01 -1.834365465877947798e+00
2.525089485579628246e+01 -1.096826393670941258e+00
2.524283274098717555e+01 -3.704558872581529272e-01
2.527942239510178268e+01 3.263268678340196516e-01
2.524915740055967461e+01 1.075143448017602310e+00
2.523306812992129267e+01 1.800669977627780582e+00
2.524868509864723620e+01 2.535606666371055695e+00
2.521681354044833512e+01 3.263140611475428443e+00
2.526053308596682001e+01 3.981193280782186150e+00
2.600122800026172598e+01 -4.005890432418972580e+00
2.599166470051968503e+01 -2.562942089624169029e+00
2.596333828610417527e+01 -1.842570188222556027e+00
2.599322779282386620e+01 -1.103740513179992888e+00
2.598102336374311960e+01 -3.862926987107719867e-01
2.599313318655488558e+01 3.355756709147996730e-01
2.598836475788606748e+01 1.068244734406942342e+00
2.598439018033852932e+01 1.807536837790379991e+00
2.597887848236720032e+01 2.525087016045475252e+00
2.597122143726775789e+01 3.259218169022318534e+00
2.597706414792494911e+01 3.980257674837297088e+00
2.673549162993898420e+01 -3.997336686869523703e+00
2.668808037709206360e+01 -3.271109706514568671e+00
2.675325526664824594e+01 -2.557483292203723835e+00
2.672260914499540263e+01 -1.831592383777412181e+00
2.672570654292555048e+01 -1.122496246682207044e+00
2.672466294909987283e+01 -3.823551256914861085e-01
2.670948473174622251e+01 3.419188720812194049e-01
2.670876716131692064e+01 1.065042903545766251e+00
2.670758843047985920e+01 1.793205010095142882e+00
2.672377898390507056e+01 2.513681162240455791e+00
2.671962908615377330e+01 3.257211922267210014e+00
2.672733127050780411e+01 3.987320800416497946e+00
2.746026551119059889e+01 -3.996201137346083954e+00
2.746103618567443050e+01 -3.304032487743420177e+00
2.745178780105339911e+01 -2.569975552991543566e+00
2.745511396292450712e+01 -1.836714626574341480e+00
2.744824391882525561e+01 -1.107640621092709665e+00
2.743814232277951248e+01 -3.703100278394728662e-01
2.744703227902349596e+01 3.446096927621518091e-01
2.742557842844979632e+01 1.072341035976499768e+00
2.745575662019779628e+01 1.812908286199586883e+00
2.746792077829377376e+01 2.541777561235686989e+00
2.745905136352025977e+01 3.251212858153643026e+00
2.744599727043532766e+01 3.984558060484765463e+00
2.819904224697503992e+01 -4.013129193211344869e+00
2.816658643631236458e+01 -3.324976517543088761e+00
2.820510201702264652e+01 -2.563481559576032964e+00
2.818791201342522612e+01 -1.837878739192738919e+00
2.818881760173548656e+01 -1.111474631009805591e+00
2.817059834609268876e+01 -4.045183110691823458e-01
2.818865292805594436e+01 3.476173597503304791e-01
2.818303030798204389e+01 1.054465622230871702e+00
2.817187183550941398e+01 1.821515007938678821e+00
2.818359139696256932e+01 2.529444655084926552e+00
2.820114636238861294e+01 3.255136042539056973e+00
2.818322569838692715e+01 3.988560880737352932e+00
2.892415905182064506e+01 -4.029959369342169140e+00
2.892004884334979664e+01 -3.286663098830398866e+00
2.892366279461062817e+01 -2.552418526687262101e+00
2.893626579882869265e+01 -1.845840280803106026e+00
2.892315422668016112e+01 -1.097879339743482063e+00
2.893571400150425887e+01 -3.784525896664696631e-01
2.893024940579442017e+01 3.438799872424560533e-01
2.892783264887382444e+01 1.066210018585564967e+00
2.894138619151956249e+01 1.787731395892446784e+00
2.891522526949324146e+01 2.527114606852428835e+00
2.890545814321995266e+01 3.262107052663942852e+00
2.892251029067301005e+01 3.986196702276480153e+00
2.967762055847341429e+01 -4.020133606164840501e+00
2.966162360520446128e+01 -3.298607380935123956e+00
2.965493081654903307e+01 -2.548626145194901937e+00
2.965639798327271848e+01 -1.848099152691329294e+00
2.964041780368572887e+01 -1.118949286664648213e+00
2.963763550946509184e+01 -3.899381564273021183e-01
2.964234140194373168e+01 3.387604579143683736e-01
2.964658253587412418e+01 1.064747213389743763e+00
2.964869474132370186e+01 1.774258457783144394e+00
2.965896329246854890e+01 2.521423088605210694e+00
2.966104538978577665e+01 3.238399962367317642e+00
2.966507759984701664e+01 3.988464299931287371e+00
3.040511964886108132e+01 -4.019090579115609074e+00
3.041693086548114167e+01 -3.300754648445167305e+00
3.040367786869982325e+01 -2.572451179442360569e+00
3.039926041615718333e+01 -1.842103886097145704e+00
3.040595386240871534e+01 -1.109112005644870891e+00
3.038325633690261185e+01 -3.916052959365998731e-01
3.039807831452289832e+01 3.347370748319242750e-01
3.038996931699397663e+01 1.079107503879729535e+00
3.038640975199330541e+01 1.809978519603440361e+00
3.038942774068737407e+01 2.520119984658634849e+00
3.038909244865956083e+01 3.240433404645592930e+00
3.039010034082080125e+01 3.967609663452066115e+00
3.112640815884504519e+01 -4.013574069001844435e+00
3.113815423149619477e+01 -1.831311829100314981e+00
3.113067849499908135e+01 -1.121451577380842224e+00
3.112739973932183801e+01 -3.853727903466968030e-01
3.113733590438798871e+01 3.441314437830307327e-01
3.111987278553690572e+01 1.054125781529638317e+00
3.111958419138071719e+01 1.793761053765230429e+00
3.112766080101075516e+01 2.523934571521742498e+00
3.112630390662813085e+01 3.245590421618679500e+00
3.111185112243646955e+01 3.970821947985974987e+00
3.188057266058715555e+01 -4.023325450994434505e+00
3.187585379918966311e+01 -3.284244992054293988e+00
3.186830922208074668e+01 -2.573483491889355435e+00
3.188074881237596259e+01 -1.844430055807713131e+00
3.185963543875272563e+01 -1.117436211831098092e+00
3.186172399632793173e+01 -3.951611524561755573e-01
3.185955186534894068e+01 3.374404155900236901e-01
3.186081965602033250e+01 1.067865552371753068e+00
3.186422607572536236e+01 1.807166860792172258e+00
3.187071672912551179e+01 2.529545834756778078e+00
3.185758070061149994e+01 3.265779431814138434e+00
3.185548101767934526e+01 3.986252673641885735e+00
3.262013619998861458e+01 -4.020065410301622677e+00
3.261373966159418814e+01 -3.293981061138502753e+00
3.258693701460524750e+01 -2.562420655063455399e+00
3.260466934430051111e+01 -1.850947305893942740e+00
3.258830091856351174e+01 -1.097750362991355644e+00
3.260103738268634999e+01 3.381647451086173817e-01
3.260027105436967787e+01 1.054981297851760758e+00
3.258157383841571431e+01 1.800820845048924923e+00
3.259046821005266992e+01 2.527890316256694803e+00
3.256919553504896925e+01 3.239612947870220694e+00
3.260794335709747571e+01 3.967946128557173324e+00
3.333348988399779245e+01 -4.024738518794752196e+00
3.333633869786410031e+01 -3.293755747111287491e+00
3.334133698046858996e+01 -2.551920358230290731e+00
3.333398640820067982e+01 -1.834959687776805737e+00
3.333372981795194079e+01 -1.106464137160134698e+00
3.332630834707652667e+01 3.293979827820372464e-01
3.330633999055782368e+01 1.075623458624036743e+00
3.335297944240173962e+01 1.789800201064515761e+00
3.333486335496447595e+01 2.524878203478021277e+00
3.333113322511496079e+01 3.255196181272118849e+00
3.333207103264090421e+01 3.975406457640680458e+00
3.406364728735072589e+01 -4.014263025613193037e+00
3.406360932066731806e+01 -3.291924629773060218e+00
3.407454845806380916e+01 -2.565611164385423137e+00
3.405482438814026835e+01 -1.847636051440915139e+00
3.405860917559504486e+01 -1.105397930503777104e+00
3.407017117936549511e+01 -3.835025898595567639e-01
3.405513669801276677e+01 3.409288873327938063e-01
3.406090929635927722e+01 1.071729309772486260e+00
3.405926576484062451e+01 1.790740846698312794e+00
3.403692143526297542e+01 2.536167887778876917e+00
3.407455422394028943e+01 3.257901336520184543e+00
3.404871608276985029e+01 3.997675102218337884e+00
3.480644722188718987e+01 -4.002491493586898486e+00
3.480115069826518237e+01 -3.282744097760502910e+00
3.479514436724159765e+01 -2.553470250395964314e+00
3.478550854635391687e+01 -1.840519134851465566e+00
3.479812995120138197e+01 -1.112258456818178587e+00
3.479169270355570376e+01 -3.883871860362120287e-01
3.479262487609927490e+01 3.387624169322585033e-01
3.479347821052072476e+01 1.085073876037039753e+00
3.479745498734022391e+01 1.811118905947434854e+00
3.481024371971776787e+01 2.524060679477976521e+00
3.481228762257868681e+01 3.257967742577420722e+00
3.478438185883536704e+01 3.984480193548904481e+00
3.552722703952922956e+01 -4.013387628792735029e+00
3.549353392521573625e+01 -3.298179295726818339e+00
3.552378194933688604e+01 -2.553850648156270609e+00
3.552128500362632479e+01 -1.833794990364363997e+00
3.553277669443483688e+01 -1.121912514657857685e+00
3.553530284872135070e+01 -3.958122417080787159e-01
3.550880646346363534e+01 3.489096464861596303e-01
3.552048786317354967e+01 1.058232318246748349e+00
3.550391268888612473e+01 1.811463325150668879e+00
3.550161004481329741e+01 2.519271268629630356e+00
3.553037290951625238e+01 3.258760701747341670e+00
3.551506138952596103e+01 3.978180542142752074e+00
3.626394968247425510e+01 -3.991296531043435181e+00
3.625772805925314657e+01 -3.266930032908206272e+00
3.625840832736002284e+01 -2.553181154600256519e+00
3.625883558479014113e+01 -1.834977125931342101e+00
3.626059086225887285e+01 -1.107094827544926829e+00
3.624504992067020481e+01 -3.788246884825952066e-01
3.626369755677624340e+01 3.617100389331966426e-01
3.626426358452425092e+01 1.108738352125914872e+00
3.626940451530077070e+01 2.528164068761892480e+00
3.624635142207720406e+01 3.265079505530373183e+00
3.626279465444135752e+01 4.010339559101176121e+00
3.696358618772725180e+01 -4.036823090617815524e+00
3.697529605246725026e+01 -3.275158763978364362e+00
3.699903814301968197e+01 -2.582668772065289886e+00
3.698499162834507814e+01 -1.834381395506355261e+00
3.698320092603686504e+01 -1.101062290916296149e+00
3.697703363274819566e+01 -3.783709412930100768e-01
3.701127753515360297e+01 3.570565574012327659e-01
3.698583644708109119e+01 1.071596209385795362e+00
3.698645548623068890e+01 1.841808800447427785e+00
3.699096867365948782e+01 2.543645741241295610e+00
3.701234041219552040e+01 3.300007708841924625e+00
3.702378642491880356e+01 3.982275049103627396e+00
3.774441363455400023e+01 -4.005073996701021599e+00
3.771270651094437909e+01 -3.281330121947672041e+00
3.771726298846873959e+01 -2.549338788986087678e+00
3.770560362241723595e+01 -1.096457436686137044e+00
3.770709499513703378e+01 -3.666362537327465532e-01
3.769616257493351696e+01 3.830307142519124852e-01
3.771616051131288572e+01 1.104358889788038312e+00
3.772784276712980756e+01 1.789015313301455024e+00
3.774040331792324565e+01 2.545676259237311001e+00
3.771009977686707515e+01 3.268864821445738755e+00
3.772609906173979510e+01 3.991218084761733564e+00
3.845734535736318804e+01 -3.994300879576794472e+00
3.846789419360828077e+01 -3.262135329031401909e+00
3.845658658207347713e+01 -2.555554605205518470e+00
3.844406603264737754e+01 -1.833279525737019355e+00
3.845832755543714399e+01 -1.098715408825285067e+00
3.843770141278020702e+01 -3.647750611271121102e-01
3.846766022122391604e+01 3.961258168067374186e-01
3.847617596098792347e+01 1.093927668307433265e+00
3.848142381923403121e+01 1.810276683795901675e+00
3.845310168459008793e+01 2.557229891536810129e+00
3.925544456180092112e+01 -3.968827533387177198e+00
3.922618075709680596e+01 -3.245448042143330269e+00
3.922660019654482966e+01 -2.567777917077656014e+00
3.921077762759794183e+01 -1.798060815618747199e+00
3.926429179857370144e+01 -9.866226395146213690e-01
3.920783174523993608e+01 -3.092200932990962770e-01
3.920958165244514504e+01 2.571235659493797954e+00
3.916509725689170551e+01 3.180590371037361308e+00
3.993706652033657889e+01 -3.299741597291404815e+00
3.993731261630694718e+01 -2.503175830132608581e+00
3.990657976113084970e+01 -1.773758326701997845e+00
3.999062928446868881e+01 1.097010351181953780e+00
3.999639886732604310e+01 1.841174314919769017e+00
3.999805085182206454e+01 2.599933666902455087e+00
4.000424346628967243e+01 3.310314908559384151e+00
3.999589302366079124e+01 4.009752737027937997e+00
4.073882139636751987e+01 -3.998078712472082685e+00
4.072083283209152427e+01 -3.253483182203343205e+00
4.071692476678416739e+01 -2.542682136235825396e+00
4.070957131163111598e+01 -1.796832921931539317e+00
4.071852654865244148e+01 -1.071657081617154006e+00
4.073146898355243906e+01 -3.454279597300988769e-01
4.074886274264334673e+01 1.109512001048816643e+00
4.072999298787022582e+01 1.834507441123793825e+00
4.071869117800687121e+01 2.560827370633944611e+00
4.070498897973197217e+01 3.317364351257914734e+00
4.071572502787490322e+01 3.998078712472086238e+00
