-3.590067656566645837e+00 -4.145477602083460056e+00
-3.530205382087167720e+00 -2.938928102492567973e+00
-3.589506444797940787e+00 -1.960260470843156355e+00
-3.587255560598840987e+00 -1.243865784482952819e+00
-3.616554379767045191e+00 -4.929967439100195747e-01
-3.594640156334122594e+00 2.993159315340072624e-01
-3.592513830666241859e+00 9.770180864709985258e-01
-3.594889057462523851e+00 1.707159145734756578e+00
-3.588603738806959598e+00 2.410067171693260235e+00
-3.601609077815325577e+00 3.114702159851709951e+00
-3.594632729030671214e+00 3.883742615102839579e+00
-2.713073556112718165e+00 -4.114832718697726932e+00
-2.751354014759023414e+00 -3.400882777753221120e+00
-2.761628024461991515e+00 -2.653928787757635632e+00
-2.795965514402112717e+00 -1.937088257054707441e+00
-2.777259470057451551e+00 -1.206723441995887214e+00
-2.774928699933965959e+00 -4.988583191572786291e-01
-2.791810061270268761e+00 9.767240200845392906e-01
-2.829656966718758326e+00 1.713843384748965804e+00
-2.831006888559187473e+00 2.420828662435390299e+00
-2.850231935442522513e+00 3.205943082075918937e+00
-2.016455735412215233e+00 -3.382435674779664225e+00
-2.076883149975955689e+00 -2.644715513013824904e+00
-2.031030630477516752e+00 -1.936671941995072643e+00
-2.050086657556811076e+00 -1.196136264460154308e+00
-2.050603140065746288e+00 -4.829902955363465367e-01
-2.028637910002807132e+00 9.972214799250558315e-01
-2.059029619370285502e+00 1.714708608296454884e+00
-2.090279419938781302e+00 2.464657857202400493e+00
-2.085438560493393823e+00 3.219841285979974543e+00
-2.092589083803161998e+00 3.936745849383967766e+00
-1.292553664949821268e+00 -4.091369640833899979e+00
-1.300555842876093493e+00 -3.378177826573494968e+00
-1.291180261476775115e+00 -2.642432047212587065e+00
-1.302000867843496223e+00 -1.910370020547741632e+00
-1.336896230726793533e+00 -1.211484937926023520e+00
-1.296290146983118063e+00 -4.823691455794474336e-01
-1.307812096878542718e+00 9.593848591664375647e-01
-1.332490802200737789e+00 1.748533479926329903e+00
-1.318733409453365368e+00 2.493825377757460160e+00
-1.319802472697645612e+00 3.204352557640504529e+00
-1.316106486869720982e+00 3.934398074128317546e+00
-5.541101341992415996e-01 -4.065785424139090054e+00
-5.858069074478748917e-01 -3.342258039726491603e+00
-5.642149472985380498e-01 -2.646403185043183726e+00
-5.534669085956736012e-01 -1.917504080665050736e+00
-5.530905603986369101e-01 -1.193148187748857225e+00
-5.551690000633939803e-01 -4.523681573417945856e-01
-5.497165923914621999e-01 2.981536108946087893e-01
-5.819043774121226420e-01 1.709476234473232381e+00
-5.697560212147863012e-01 2.505631264851913897e+00
-6.430231497098404247e-01 3.224209538347110993e+00
-5.759526622285520148e-01 3.963886911396606649e+00
1.948891829775263318e-01 -4.047440236043932771e+00
1.657659216437679106e-01 -3.382190493522660546e+00
1.378092893470537206e-01 -2.654798155797521986e+00
1.655711522351381859e-01 -1.917885232390059258e+00
1.731298392150648624e-01 -1.201379472040255081e+00
1.573191770666753087e-01 -4.625324466488294206e-01
1.162500894872593449e-01 2.463917399580921597e-01
1.564459110535025843e-01 9.898764417902903290e-01
1.638246891495924729e-01 1.728389077343319258e+00
1.825119367551053529e-01 2.512925590402570464e+00
1.240354841024782218e-01 3.162482059773331855e+00
1.701185773014302072e-01 3.927719539841035612e+00
9.316511237910845011e-01 -4.063717502523509495e+00
9.808487104755130304e-01 -3.276214517057095321e+00
8.986108968545920561e-01 -2.607069054877712233e+00
9.040680265198091092e-01 -1.926351992877009423e+00
9.024722304447720944e-01 -1.192088405574679655e+00
9.039844959334359942e-01 -5.069244827412795473e-01
8.958596331405246360e-01 2.287285764909832153e-01
9.265086875100152497e-01 9.803423322318991495e-01
9.463677402130699079e-01 1.710221278844688442e+00
9.129069667691567247e-01 2.516648517105217309e+00
9.153496069080375719e-01 3.183773445644320077e+00
9.090386042421130242e-01 3.896411618470295934e+00
1.635581518529029665e+00 -4.038004309933935332e+00
1.644359797729329387e+00 -3.321011843561645804e+00
1.642120702854747094e+00 -2.602735068504607341e+00
1.733898343165947153e+00 -1.890567993216837550e+00
1.613932566404443492e+00 -1.214235954015006058e+00
1.644367606112595581e+00 -4.782567625016937995e-01
1.591189502288088420e+00 2.840495112674403799e-01
1.664900966522225190e+00 9.494501488663260602e-01
1.680263981506868731e+00 1.702790464171759055e+00
1.693910132820263925e+00 2.448043805175057486e+00
1.727838401977180638e+00 3.171657209776277853e+00
2.380756426604115461e+00 -4.041837419354418870e+00
2.389044613161793507e+00 -3.321464869596116642e+00
2.387015304594285681e+00 -2.597878735085217272e+00
2.365692361419903023e+00 -1.187174631269542147e+00
2.373941159842921422e+00 -4.859079586361829683e-01
2.401110516888245172e+00 2.592206811770978447e-01
2.423675281214372035e+00 9.707937604409089261e-01
2.466381469232764800e+00 1.714296231578057217e+00
2.437321625018014970e+00 2.424516684496829555e+00
2.475587136203309058e+00 3.137125951410880020e+00
2.520988813869699641e+00 3.818833612585045501e+00
3.109414414929318582e+00 -4.046676755493642474e+00
3.127476240495290938e+00 -3.320866132475920551e+00
3.121936894836089493e+00 -2.591659006103093077e+00
3.136785840792029489e+00 -1.877893033419574920e+00
3.118650811680716117e+00 -1.186498572734134171e+00
3.116242891227663847e+00 -4.416044618035606106e-01
3.145732216482635124e+00 2.565482405117336384e-01
3.184500104304973433e+00 1.037957502426063883e+00
3.204153795799101090e+00 1.699349838825249037e+00
3.233330276158000061e+00 2.438519437859536509e+00
3.209048293207445113e+00 3.140766114730745073e+00
3.204214207524422875e+00 3.877157612231414419e+00
3.877458617813807962e+00 -4.052912360723293972e+00
3.856802984474086315e+00 -3.340422838424121466e+00
3.868197747357157823e+00 -2.597815039773582413e+00
3.867058801700842707e+00 -1.850772263944303830e+00
3.850198816109312361e+00 -1.144367443954511288e+00
3.919068556479921028e+00 -4.504085839647160583e-01
3.892431378426586264e+00 2.742896995412529293e-01
3.913996416611396967e+00 9.690977920631347331e-01
3.917324194340991994e+00 1.713441141612424445e+00
3.969280974260378514e+00 2.458864309890049782e+00
3.976510053824299007e+00 3.162023537362941283e+00
3.981046371289721719e+00 3.867714918033961169e+00
4.631639217579909484e+00 -4.055274627112034125e+00
4.614032024541089072e+00 -3.365487847727482773e+00
4.616005025433608466e+00 -2.591304723803865784e+00
4.614515239668619984e+00 -1.895277098056201481e+00
4.695791707871720178e+00 -4.463450429301190070e-01
4.682501355128103171e+00 2.812097633198185065e-01
4.620443262111258775e+00 9.738134651989653889e-01
4.685379215335409242e+00 1.718767049574477568e+00
4.716646317224316931e+00 3.141565226533145960e+00
4.752712951113061024e+00 3.857982482862681195e+00
5.356513089983245379e+00 -4.055281228219815404e+00
5.319317667290505369e+00 -3.351018027453111614e+00
5.364708781250023151e+00 -1.890565696169016263e+00
5.424503825476087115e+00 -1.187898521063058155e+00
5.465435011497397966e+00 -4.435566540456754581e-01
5.497478234534241892e+00 2.800234227802107512e-01
5.446911269122963972e+00 9.908225944633066717e-01
5.432024315854988572e+00 1.685850479463887552e+00
5.464098943429391397e+00 2.421080760617343230e+00
5.477389018571713564e+00 3.157383479307974028e+00
5.475152577510876029e+00 3.888548377447406779e+00
6.180836121764976099e+00 -4.050887675817815392e+00
6.165694438895307883e+00 -3.350517826350298378e+00
6.192176495328581609e+00 -2.526523749637025418e+00
6.128346493539410744e+00 -1.932557854251250262e+00
6.185021711569440583e+00 -1.226515408689767384e+00
6.227064410329639088e+00 2.233088972227967872e-01
6.233048448805590169e+00 9.668605501524538681e-01
6.215252665447749791e+00 1.673942430728111219e+00
6.200183947602738499e+00 2.415591721471663789e+00
6.194772765214814569e+00 3.129896799732826196e+00
6.194911810704830657e+00 3.876006754871596627e+00
6.955737787013333673e+00 -2.660950678733733810e+00
6.981784338628692410e+00 -1.234988691993585519e+00
6.975415409961193802e+00 -5.188584643483977743e-01
6.946505662008547688e+00 2.206227175848098909e-01
6.936144577461021754e+00 9.585551498339199838e-01
6.954337645329260909e+00 1.666531587603309106e+00
6.952770460748034509e+00 2.401781857889677241e+00
6.949143286784114082e+00 3.130688670003436869e+00
6.991324933964186528e+00 3.829441170585205612e+00
7.743343248457776440e+00 -1.964865163025500294e+00
7.716980995310379399e+00 -1.249220997849388226e+00
7.731306218461206470e+00 -5.526561295147303099e-01
7.691496771565532242e+00 1.784754674679440711e-01
7.672691828765167088e+00 9.707893300597945085e-01
7.696186198151067970e+00 1.672633710013993635e+00
7.730367771182237391e+00 2.351258028955513169e+00
7.719789374980805974e+00 3.084857300358947896e+00
7.786542179087710736e+00 3.770708109367504335e+00
8.642249818263273653e+00 -4.100552987190908993e+00
8.647933529349572268e+00 -3.375869359581482598e+00
8.626447271094740188e+00 -2.657354937819871310e+00
8.580043249777723702e+00 -1.972596182269064968e+00
8.550999105171989356e+00 -1.236102382932681820e+00
8.535062344576409998e+00 -5.336154411243363427e-01
8.458906806976735027e+00 9.367086605557126688e-01
8.444881017413180757e+00 1.608108764119688061e+00
8.473876552920671656e+00 2.363011615386849229e+00
8.500194010612311502e+00 3.102851641640334890e+00
8.547696085541822697e+00 3.767534386883909292e+00
9.410828723556058151e+00 -3.410435226746450610e+00
9.407861677211542428e+00 -2.669951784590569588e+00
9.406698765879994539e+00 -1.979653590842243460e+00
9.345178073673764629e+00 -1.270739437888590118e+00
9.261093552186693501e+00 1.760946570765504759e-01
9.216731522061849091e+00 9.006941323199164628e-01
9.217064905767003324e+00 1.615240512941458206e+00
9.235319403917969794e+00 2.336227687905147121e+00
9.286582677348214077e+00 3.012114390624986981e+00
9.318828703285291226e+00 3.795568884128442733e+00
1.020127351188485676e+01 -3.409755753468513007e+00
1.018601349197513173e+01 -2.678126712972613177e+00
1.021079074176876134e+01 -2.022002498530465431e+00
1.013384690063431037e+01 -1.236643967008930645e+00
1.013242172458378576e+01 -5.242048217591737114e-01
1.005346901710680640e+01 1.629381273721506318e-01
9.990270923158945493e+00 8.850182922610265734e-01
9.966305597114050840e+00 1.613897353800407330e+00
9.997720900931533095e+00 2.333907011948717525e+00
1.006873948732209811e+01 3.030319445522721367e+00
1.006550820655970568e+01 3.747214976592317726e+00
1.111663947956206044e+01 -4.199263343808922855e+00
1.105510915099770131e+01 -3.444187931611555342e+00
1.104179660975025001e+01 -2.749519832066802394e+00
1.095552282020823753e+01 -2.017866746884664053e+00
1.093891029478328392e+01 -1.258625797933675017e+00
1.090271027186985009e+01 -5.292473616695936300e-01
1.089808229110363413e+01 2.003001808659519156e-01
1.085064707669075545e+01 8.652852415008851494e-01
1.094752319888743131e+01 1.585528505246799114e+00
1.087984077283319806e+01 2.364499259445249635e+00
1.085871377761829848e+01 3.040571544642922674e+00
1.091021789684904775e+01 3.755855977558610448e+00
1.198129806996347213e+01 -4.131976425443383505e+00
1.198287707561872395e+01 -3.426617850153714784e+00
1.195488826375437696e+01 -2.670296340753235853e+00
1.189660288413750777e+01 -1.239837581488171026e+00
1.183995845211339315e+01 1.575822871423753213e-01
1.165074359379097757e+01 8.930251391991532728e-01
1.165192042736783407e+01 1.613520771547605648e+00
1.164439045465804412e+01 2.339931733499046373e+00
1.167414619147517385e+01 3.063601806825587914e+00
1.168778306456366778e+01 3.765285009187756771e+00
1.268577525685767426e+01 -3.424302940767667280e+00
1.280172337986458331e+01 -2.685578151344987674e+00
1.271909781220207947e+01 -2.010764845227157593e+00
1.272258810423466713e+01 -1.284673336507548669e+00
1.266442675244402238e+01 -5.543600582766465834e-01
1.261880293979127998e+01 1.786950162564764355e-01
1.254206042100770446e+01 8.942321159638453310e-01
1.243663458563869995e+01 1.614738321456165693e+00
1.239997659775767858e+01 2.387151318054140603e+00
1.242250623288465761e+01 3.072173566884075058e+00
1.249109957050010422e+01 3.765724525976779091e+00
1.361631603969514970e+01 -4.168282790117569192e+00
1.359756402150843968e+01 -3.445277650556505478e+00
1.357258358130650322e+01 -2.700069918994991269e+00
1.348885014384753589e+01 -2.032378781537641288e+00
1.333891792993670578e+01 2.187645386072887277e-01
1.329766113471249156e+01 9.086107685170681236e-01
1.325722179604682793e+01 1.614515354422003668e+00
1.328622046887613806e+01 2.329811014468592845e+00
1.334951075197817971e+01 3.037517175855413143e+00
1.338240825041074800e+01 3.762780099304649184e+00
1.453866437300404613e+01 -4.187920040727714621e+00
1.449277072679681311e+01 -3.462560692068958446e+00
1.441588126087449240e+01 -2.682661841032530248e+00
1.428884453240155494e+01 -1.270758473596174554e+00
1.423660985627670073e+01 2.041744396716289600e-01
1.422156215087344577e+01 8.724415477792142326e-01
1.405833815975201162e+01 1.634514652604085683e+00
1.412002743034675234e+01 3.072256590919543839e+00
1.411675189021397614e+01 3.777118158602313258e+00
1.530695527569287151e+01 -4.190986587054602808e+00
1.529988993808636621e+01 -3.476347744158609032e+00
1.532383120531339671e+01 -2.759171884740254654e+00
1.530297971845768501e+01 -2.052625725905386389e+00
1.517035059027885779e+01 -1.295751893489416773e+00
1.526061221632263454e+01 -5.617544247990480244e-01
1.499796546744687475e+01 2.122548109048807419e-01
1.490262807889790508e+01 1.646365993202376643e+00
1.492956443044282366e+01 2.358435575004623530e+00
1.486425156003893022e+01 3.079841201152447638e+00
1.493056748141632539e+01 3.747125838166056155e+00
1.604729669727489494e+01 -4.256030247445195869e+00
1.605624998202166154e+01 -3.499333098660624586e+00
1.603830695388799654e+01 -2.802402521446428096e+00
1.602209281692829990e+01 -2.064854524184632112e+00
1.597203538199840267e+01 -1.325939521186654702e+00
1.594031894433604890e+01 -6.097550205972552817e-01
1.590713897651036035e+01 1.481940004055459781e-01
1.577683179805095648e+01 1.670309078194261332e+00
1.573873767187203043e+01 2.347937958367392497e+00
1.569226061167163522e+01 2.996919277053379460e+00
1.572372316515311752e+01 3.777304520865151005e+00
1.680679056261754312e+01 -4.208300025894782692e+00
1.678345824094146366e+01 -3.495924979731015014e+00
1.675075956368865349e+01 -2.783345255628653092e+00
1.673159304513225010e+01 -2.029660853402969423e+00
1.670875427222337350e+01 -1.326358736531286553e+00
1.667147931016952356e+01 -6.121299780522235778e-01
1.666087808296968120e+01 2.310460135521630320e-01
1.657327419150541914e+01 8.909000273009723969e-01
1.654959186167634044e+01 1.572903640486927657e+00
1.653134352637373183e+01 2.391925819876806969e+00
1.652229016556781005e+01 3.100740082048524471e+00
1.656362549950658547e+01 3.831780233627185339e+00
1.753228363031318793e+01 -4.163895512065636240e+00
1.752132485823995012e+01 -3.494578845956386459e+00
1.747669023951519307e+01 -2.727719625637050171e+00
1.743894004539104259e+01 -2.020320436512523798e+00
1.739288651776013950e+01 -1.306981504964383589e+00
1.740530063210808720e+01 -5.550318101362314849e-01
1.735900040316599302e+01 1.696474259701830078e-01
1.733277750673771322e+01 9.643045073505405185e-01
1.730475662077378729e+01 1.649735062942198738e+00
1.728608446577111835e+01 2.403957540605517806e+00
1.725107814395708061e+01 3.156415511174046173e+00
1.727337952999902626e+01 3.867855782302029866e+00
1.825974056172422166e+01 -4.201971463270275819e+00
1.823279553550656118e+01 -3.461901257537892462e+00
1.819182014288048777e+01 -2.720354975365491867e+00
1.817015734889909595e+01 -2.006442176564029012e+00
1.814225956651866767e+01 -1.260534090417799291e+00
1.813747423786123392e+01 -5.392109226376184949e-01
1.810282503448500080e+01 2.237568022885660923e-01
1.809401279532383455e+01 9.221166470791928305e-01
1.802763011941781457e+01 1.656233562182798380e+00
1.802184537357018002e+01 2.403940751249670882e+00
1.798690056319987463e+01 3.161502942086471535e+00
1.804180938742925377e+01 3.906252592955659964e+00
1.908496110872378893e+01 -4.094182051988290993e+00
1.896978854229940481e+01 -3.393047391579070649e+00
1.893906272284772285e+01 -2.672609752326629007e+00
1.890992716354524106e+01 -1.968358285159858667e+00
1.886649412484673860e+01 -1.239875503646448607e+00
1.884177782587417482e+01 -5.196679673783535236e-01
1.883673024452959766e+01 2.080587730954235326e-01
1.881452624370321303e+01 9.376120032557402340e-01
1.879195347895306156e+01 1.675721005808110675e+00
1.879300618793682531e+01 2.404450327778640428e+00
1.877728264140394998e+01 3.139413684271787019e+00
1.885272442360852096e+01 3.869142692597520750e+00
1.984251279444805505e+01 -4.162474734417603628e+00
1.982445933372686397e+01 -3.403046294650010850e+00
1.976647433945070276e+01 -2.648479251087216824e+00
1.971867727463494901e+01 -1.908937633584351090e+00
1.971582678922018061e+01 -1.180499497216878524e+00
1.960003701720887648e+01 2.110289702616121588e-01
1.984128551352097958e+01 9.267681826861213779e-01
1.967592229331769715e+01 1.686295858874888864e+00
1.959677988640223134e+01 2.439744222273841245e+00
1.967318618063343649e+01 3.166130197766889864e+00
1.973224777131806462e+01 3.809814568351598041e+00
2.057266021406914547e+01 -4.150926651424839520e+00
2.053636960321163940e+01 -3.383324688748366782e+00
2.051606955339939020e+01 -2.669307427400028132e+00
2.055540879034805357e+01 -1.961307855235940423e+00
2.056739047486971117e+01 -1.226489385702631552e+00
2.055330945536513809e+01 -4.939879856346927056e-01
2.054573910718752217e+01 2.350635732036145953e-01
2.058896264964785416e+01 9.766326855874076784e-01
2.050328510718163955e+01 1.691574424286866218e+00
2.050563227214625783e+01 2.422334583362431459e+00
2.052805057801384692e+01 3.090557724585359267e+00
2.055960223344129645e+01 3.817914792478518393e+00
2.176596096709765504e+01 -4.061310104358724971e+00
2.173237291118593362e+01 -3.395760811300480242e+00
2.173973163760710747e+01 -2.621900277483010910e+00
2.177976476055184918e+01 -1.896073805782084065e+00
2.163439289277334154e+01 -3.166194020475927573e-01
2.149339396476592157e+01 2.518072765497834098e-01
2.146589544812113104e+01 9.865568619727866917e-01
2.138662545090249267e+01 1.706846956268769588e+00
2.137406059065322950e+01 2.421120478942217602e+00
2.137752332786348575e+01 3.076300111094560918e+00
2.134646064207657190e+01 3.836023514751211394e+00
2.247166337426066463e+01 -4.136666049705866044e+00
2.247605710484412356e+01 -3.404424822364703118e+00
2.246790849776734689e+01 -2.677452788196781341e+00
2.247648196574564849e+01 -1.939791741616136989e+00
2.245512258798306249e+01 -1.211035649531304159e+00
2.244132234320840524e+01 -4.884012744295311848e-01
2.241141047091576155e+01 2.439174431220756389e-01
2.229152483893277292e+01 9.991875083499621724e-01
2.232573809465153403e+01 2.473945201150208106e+00
2.224332884012717670e+01 3.133409073849449555e+00
2.221508661741081170e+01 3.789044906938507040e+00
2.320956918121404300e+01 -4.126717434554421970e+00
2.318533386795492390e+01 -3.411288296243007778e+00
2.322216869932212546e+01 -2.681648061247557280e+00
2.320235377598651638e+01 -1.929785863660459455e+00
2.320904990393765388e+01 -1.223386270294081868e+00
2.318902653536119374e+01 -5.049851395245568142e-01
2.315074996023838594e+01 2.149188108889710236e-01
2.313922509782493364e+01 9.854803219857117824e-01
2.313556375718062696e+01 1.695736481607102775e+00
2.311433391432603202e+01 2.397507004870558234e+00
2.305047057336430072e+01 3.151173505222864435e+00
2.308421142394501402e+01 3.807325296314864715e+00
2.394608160402702879e+01 -4.127832209754348725e+00
2.394639953014406331e+01 -3.412649536526547678e+00
2.394154911922333895e+01 -2.676840753089635427e+00
2.394806025379370595e+01 -1.963054386808220642e+00
2.394543097062020820e+01 -1.206654305994550924e+00
2.393314557290010214e+01 -4.828093118463456790e-01
2.398935235145086864e+01 1.991712948560433460e-01
2.393617288668856702e+01 9.718857409344465736e-01
2.385435169667790944e+01 1.682433510603217997e+00
2.390459767917231204e+01 2.428252763201612652e+00
2.387049656087311433e+01 3.148390345663649725e+00
2.392606311148194465e+01 3.812343014356493143e+00
2.478710964800151118e+01 -4.093605938642749464e+00
2.470411298180812310e+01 -2.704433522412134749e+00
2.464042856394414116e+01 -2.008471298621909540e+00
2.471155083488243775e+01 -1.238880985396956902e+00
2.468555875330881122e+01 -5.240181119770639384e-01
2.468969460571022267e+01 1.925206846000477867e-01
2.470126510406107911e+01 9.302151519673031999e-01
2.470015671784586431e+01 1.676566827246322333e+00
2.466933700776356631e+01 2.389023803957602610e+00
2.466798421431676047e+01 3.123619546483269005e+00
2.469989270135241100e+01 3.830801790746953372e+00
2.545772661951118465e+01 -4.142064102413719695e+00
2.535906089732190338e+01 -3.415088053779395949e+00
2.547501608031714682e+01 -2.700248840982300891e+00
2.542484426800527331e+01 -1.967631684156252447e+00
2.543388606265227736e+01 -1.263954984300809770e+00
2.541542513797465119e+01 -5.456705883802221990e-01
2.543106895801171419e+01 1.917682479447826438e-01
2.542853223082605751e+01 9.166636161059500409e-01
2.544987928179457981e+01 1.661283151026850646e+00
2.546128160775949567e+01 2.353741590170674414e+00
2.545739054811743074e+01 3.100332981002793531e+00
2.547930781855701809e+01 3.812578057984062241e+00
2.618868411348891101e+01 -4.137426526939318450e+00
2.619911179228930109e+01 -3.439808388468613032e+00
2.617677285320255010e+01 -2.714745428176289721e+00
2.617183372986173850e+01 -1.983249697224451324e+00
2.617500303785931948e+01 -1.264609503109006994e+00
2.616915156329376657e+01 -5.072001155495478031e-01
2.618886766013925183e+01 1.850348017570020431e-01
2.616614403382861553e+01 9.069777537209411378e-01
2.621344496747953201e+01 1.660289432799181952e+00
2.626249070742512970e+01 2.412948854884369609e+00
2.622707929746096767e+01 3.104177304853180885e+00
2.625844921135475118e+01 3.811169399910873778e+00
2.699096234432327179e+01 -4.181722112605498864e+00
2.694992478458030405e+01 -3.458845662418820410e+00
2.696609054303903008e+01 -2.726245730910619613e+00
2.694133082347642016e+01 -1.997755746463312221e+00
2.694907221184213597e+01 -1.279980751073903633e+00
2.692384554511920669e+01 -5.856837350292849464e-01
2.693589343200593333e+01 1.767990843773397103e-01
2.694453247346142177e+01 8.550268674027705629e-01
2.695278784624466795e+01 1.641458027297122868e+00
2.698045423951764832e+01 2.331819919228575344e+00
2.702177062511981376e+01 3.061245922676597786e+00
2.701994540466755979e+01 3.770766242196209816e+00
2.776827464555923797e+01 -4.204726228131239196e+00
2.770868108432346588e+01 -3.450234965686121313e+00
2.771135214981136841e+01 -2.727173813051390283e+00
2.773690219988968408e+01 -2.023993950508440776e+00
2.771081318265007809e+01 -1.291643306587637596e+00
2.772508163931131264e+01 -5.763174659576684178e-01
2.774030116371795884e+01 1.258086546027605834e-01
2.775437809014708535e+01 8.280934581649859183e-01
2.774782966483184765e+01 1.581183804442666485e+00
2.771210327914633353e+01 2.323364227949411998e+00
2.775874425924030930e+01 3.045221201548187651e+00
2.779657062714444038e+01 3.762553611134777043e+00
2.863844640880926562e+01 -4.118722766443124073e+00
2.851427455630112462e+01 -3.470556492250814529e+00
2.861167787317371136e+01 -2.713591941085432779e+00
2.848094129154427634e+01 -2.049323499068936627e+00
2.848279192579919794e+01 -1.352447774067737640e+00
2.845063297301148708e+01 -6.014842281264023427e-01
2.845463685749387395e+01 1.076979026981810250e-01
2.848964656411765617e+01 8.223771584533032808e-01
2.852426866622123924e+01 1.531268164206547766e+00
2.856179000380324595e+01 2.252537841951522068e+00
2.857559695829188939e+01 2.973887519757006714e+00
2.855546203409151218e+01 3.716294688406506452e+00
2.938079551086229202e+01 -4.189200815603509653e+00
2.934252537238008784e+01 -3.498891251911125266e+00
2.932156130894862400e+01 -2.784002538925825831e+00
2.931430914577769187e+01 -2.058247546114952087e+00
2.928985384884540366e+01 -1.354952933378232416e+00
2.927242997743234554e+01 -6.297705922696366088e-01
2.930030699237227765e+01 1.038178309460278115e-01
2.924673620537155472e+01 8.190535071892490748e-01
2.926824932463274109e+01 1.506397073583780610e+00
2.930613980480570291e+01 2.227367945448936126e+00
2.931297063488467103e+01 2.947655901112199217e+00
2.932696110651706789e+01 3.691177780224137450e+00
3.015734988407245254e+01 -4.193375600876855458e+00
3.006305469344216164e+01 -2.064207343856029553e+00
3.004731730985921700e+01 -1.387766071232942267e+00
3.012124433317803351e+01 -6.057780288843410688e-01
3.009289294439550844e+01 5.333148195015269266e-02
3.003451149130892617e+01 7.797680389563694803e-01
3.005081514864875913e+01 1.509120027007192277e+00
3.007234723317753122e+01 2.222749707208919290e+00
3.007342763164755439e+01 2.927328568516280427e+00
3.006065405644589106e+01 3.656166540079304639e+00
3.093362417094073891e+01 -4.216373975110514039e+00
3.089170590640510028e+01 -3.476701007667418963e+00
3.088764698710544820e+01 -2.777127934193625691e+00
3.087878110879369586e+01 -2.072348537408085889e+00
3.084623025523989526e+01 -1.371446431988577075e+00
3.085161056034450411e+01 -6.698361187824843910e-01
3.084806636858785822e+01 4.770855740204638096e-02
3.086444684762896173e+01 7.588018978522548252e-01
3.086783737414534556e+01 1.498726052308075651e+00
3.086587314699050211e+01 2.234310406634470780e+00
3.083288252350309477e+01 2.970280866972380807e+00
3.084108741218276606e+01 3.702532327018545288e+00
3.176897019964280133e+01 -4.169648510236878991e+00
3.169574390988204726e+01 -3.519308447029892761e+00
3.159245870359944064e+01 -2.772178483897008050e+00
3.161236501864078008e+01 -2.107524239414896527e+00
3.159602481331210555e+01 -1.378288364087570272e+00
3.160414154198225134e+01 3.025721808339554286e-02
3.160348015528088439e+01 7.596367407247441861e-01
3.157602547353229028e+01 1.503257247504009797e+00
3.159174866533866322e+01 2.244820866554832151e+00
3.162902051223380084e+01 2.984908361003668631e+00
3.170978767281730626e+01 3.699670126484818411e+00
3.244522700770621526e+01 -4.185371076204944529e+00
3.245270038073274321e+01 -3.522561694977760283e+00
3.243105719590337088e+01 -2.789977228248815777e+00
3.239457448245719462e+01 -2.073152185914732826e+00
3.238416583923697800e+01 -1.384345270022450336e+00
3.235748779954929688e+01 5.416923570613363381e-02
3.234423525598760563e+01 7.757122322312000051e-01
3.241947415181643777e+01 1.481588868345671273e+00
3.240508531416407578e+01 2.231951936094507261e+00
3.241827808252784138e+01 2.965705987928785703e+00
3.241585247223569155e+01 3.700940301475974081e+00
3.325891589804891879e+01 -4.197502625616209571e+00
3.320292413882076943e+01 -3.493751425500008168e+00
3.323206352922689888e+01 -2.788432653834341579e+00
3.318511989189121181e+01 -2.073440424984788422e+00
3.313770861312404037e+01 -1.336314380636313359e+00
3.318569292709637608e+01 -6.592511834977869967e-01
3.313382054046316938e+01 4.448748658922241361e-02
3.313291913094167995e+01 7.806552574567149350e-01
3.313555886818708274e+01 1.508018955175234765e+00
3.312417432426659758e+01 2.266048361945340872e+00
3.317592095675083641e+01 2.981687240674744999e+00
3.315136030404350009e+01 3.725204557994906907e+00
3.401614093870741584e+01 -4.157379130600634909e+00
3.399596714253299723e+01 -3.447600522658479605e+00
3.393851450203876396e+01 -2.763660913545788134e+00
3.392321979606406757e+01 -2.078014630851711786e+00
3.391403984034543129e+01 -1.375471796001171754e+00
3.390100342266298838e+01 -6.521071306938992507e-01
3.387276625693569798e+01 6.543843886382205710e-02
3.388692077082354359e+01 8.108852705713900377e-01
3.389390462215700239e+01 1.555811504375089527e+00
3.391793551196223433e+01 2.267821231481665478e+00
3.393289209871297629e+01 3.007090933358611551e+00
3.391972477629200711e+01 3.737358960693747179e+00
3.475654297163300299e+01 -4.168445223802180521e+00
3.472692332874839138e+01 -3.479035898331677146e+00
3.470874324052281423e+01 -2.763920573074440057e+00
3.467335599339075003e+01 -2.061176284431848416e+00
3.466687831999191616e+01 -1.370832560200138772e+00
3.465186584620777666e+01 -6.473706621559074392e-01
3.465600276558676995e+01 1.056948391589287439e-01
3.462566341720165752e+01 7.887604741328821945e-01
3.461281837946729212e+01 1.561723198514862077e+00
3.467177225287496611e+01 2.281403191663216035e+00
3.468287238085257940e+01 3.028575579907446524e+00
3.465633940079968767e+01 3.763963775562736203e+00
3.550532141091458271e+01 -4.161187615734593948e+00
3.549462157470861001e+01 -3.456850116658092276e+00
3.547594596462027283e+01 -2.745933541199853778e+00
3.542570182547147084e+01 -2.045969326207927708e+00
3.540549081571814583e+01 -1.329088625903608545e+00
3.539183126735542118e+01 -6.039499211657961553e-01
3.541369209743978530e+01 1.591376116257734452e-01
3.541876725961082428e+01 8.707492636899765159e-01
3.545380668200684937e+01 2.270618866328405261e+00
3.543464354660491011e+01 3.052583128362051923e+00
3.547576207268209458e+01 3.820275450164707820e+00
3.626893489721749830e+01 -4.169225792403082664e+00
3.624931298633094201e+01 -3.427131021776371966e+00
3.622835980309748294e+01 -2.761486146851272139e+00
3.617390173970581912e+01 -2.019867362946285994e+00
3.615066751735114536e+01 -1.298326570366469923e+00
3.614089850605601129e+01 -5.657118948697039684e-01
3.617547520286223772e+01 1.589373480264484328e-01
3.616495208559798158e+01 8.511059886736482838e-01
3.616439031986369201e+01 1.625298977517260823e+00
3.617046792285676560e+01 2.329181384977609071e+00
3.626840513782207864e+01 3.090349603919229082e+00
3.632566177290006948e+01 3.796673975976361248e+00
3.705000951683684463e+01 -4.150975908981894946e+00
3.698505060499420694e+01 -3.408620467170131008e+00
3.697060095663538704e+01 -2.693551711384731817e+00
3.690600593471335600e+01 -1.258285873886656248e+00
3.689080992891714317e+01 -5.398965805169098076e-01
3.683008223629349942e+01 2.348247587727918528e-01
3.691600377947634826e+01 9.338457739188150697e-01
3.703162218473665490e+01 1.617208694056881058e+00
3.702491534142482266e+01 2.360429968065758999e+00
3.700280007663604209e+01 3.094279038061806375e+00
3.704784117636315699e+01 3.809191486227597068e+00
3.783710112531935721e+01 -4.078071656636371500e+00
3.777993801588520029e+01 -3.373798410552236504e+00
3.774727591666057691e+01 -2.656913690219116830e+00
3.772466540375200594e+01 -1.939952738486610428e+00
3.771620177851193745e+01 -1.203905482543891736e+00
3.768146313798835223e+01 -4.836616928944188487e-01
3.781091290477113631e+01 3.063264314091469487e-01
3.780470993139670810e+01 9.608604562654115000e-01
3.782816031404887980e+01 1.625929997902389346e+00
3.793168467324836257e+01 2.446602368350241363e+00
3.868762057433324486e+01 -4.021358036720219076e+00
3.867038056285445435e+01 -3.287411180801104393e+00
3.860898574235519476e+01 -2.595856710289805136e+00
3.869380400514190654e+01 -1.859115226807794841e+00
3.876544338897590336e+01 -1.122642653878724417e+00
3.862488347272817890e+01 -3.501328407293655687e-01
3.873976478623534803e+01 2.610693064870474700e+00
3.871692285615166185e+01 3.192593180391348540e+00
3.962064797985413378e+01 -3.278797282407435176e+00
3.955704565718112775e+01 -2.951425910929071250e+00
3.954115572421100211e+01 -1.753111333275477079e+00
3.999858719182872591e+01 1.134591397461473861e+00
4.000483287166590429e+01 1.866043229940384407e+00
4.000909555808525653e+01 2.622834074303270313e+00
4.000953038793856109e+01 3.329759353336918082e+00
3.999591993545018198e+01 4.005608816797661120e+00
4.074139734529621393e+01 -3.981943314186633387e+00
4.073212892007017416e+01 -3.241766333561372448e+00
4.071603727149264529e+01 -2.466548062495544258e+00
4.071661212538965202e+01 -1.781770375565407960e+00
4.072858731948533517e+01 -1.065331757163189508e+00
4.073451318604231375e+01 -3.539727080695094230e-01
4.074800063368730463e+01 1.123743037299544056e+00
4.072897850374180706e+01 1.846544819161426432e+00
4.071528982555128806e+01 2.543923063612012925e+00
4.070406673022095134e+01 3.319157459042038738e+00
4.071314907894622337e+01 3.981943314186636940e+00
