-3.881009277065182062e+00 -4.151829209921505281e+00
-3.817586501914206565e+00 -2.938169892085699786e+00
-3.879603956009667343e+00 -1.967477885147260963e+00
-3.878952303539087154e+00 -1.248011312084020830e+00
-3.910096235812225984e+00 -5.002320642779913840e-01
-3.883751598181667930e+00 2.756509217282108182e-01
-3.881966982520424381e+00 9.702391900052553808e-01
-3.886018881559984095e+00 1.702224061320080750e+00
-3.874164219948063703e+00 2.404326099384139326e+00
-3.890856763115458250e+00 3.098580564359121325e+00
-3.883410642085188158e+00 3.864216055060627042e+00
-2.986642290580476811e+00 -4.123627563976040022e+00
-3.032410984442698521e+00 -3.411484626451425584e+00
-3.040846535026922481e+00 -2.661321202703092581e+00
-3.075180538813405917e+00 -1.943637948457862308e+00
-3.057165023055816278e+00 -1.213757120005677592e+00
-3.057312453707993427e+00 -5.075477622869257743e-01
-3.060831174333124238e+00 9.752545907372294209e-01
-3.104824437504809964e+00 1.706719455333690405e+00
-3.113565536606834883e+00 2.415865727003822627e+00
-3.130117515743705781e+00 3.199703168020004540e+00
-2.293422461103787668e+00 -3.391042412985417087e+00
-2.349795675538537409e+00 -2.653665107939858103e+00
-2.308234085664700785e+00 -1.942784894701205189e+00
-2.328704407121946929e+00 -1.204961222840438495e+00
-2.328431746213873055e+00 -4.909726316154880976e-01
-2.304684434105809032e+00 9.870690727106854467e-01
-2.336867933865065083e+00 1.708139510558083884e+00
-2.375368572881974671e+00 2.456906182334765987e+00
-2.363982082369652460e+00 3.220614126942418665e+00
-2.373741357391928375e+00 3.933372553264188554e+00
-1.567706797501635663e+00 -4.098062107749889549e+00
-1.576877740595882926e+00 -3.385646622721584009e+00
-1.568322364873857566e+00 -2.652441784603087882e+00
-1.582045645709264647e+00 -1.915705555678027139e+00
-1.616265262377318379e+00 -1.219339442489346226e+00
-1.575816466104178915e+00 -4.960989235583355139e-01
-1.585357772039451163e+00 9.497899879379794186e-01
-1.608630042338511146e+00 1.740054051274807279e+00
-1.603383159493176890e+00 2.486725928546380970e+00
-1.600605201464773586e+00 3.196867749583109486e+00
-1.593889919366141328e+00 3.929320679794674476e+00
-8.277807078428764953e-01 -4.069285872614642585e+00
-8.431653406749006763e-01 -3.345789464664701285e+00
-8.386004179088928367e-01 -2.650990362070224649e+00
-8.318802492482220146e-01 -1.927197843623673634e+00
-8.308076902382524054e-01 -1.201625253509817526e+00
-8.295009517894484929e-01 -4.619886791659375547e-01
-8.299574383315331261e-01 2.831355432512623338e-01
-8.603846988029104637e-01 1.698482049395860116e+00
-8.475359251807077499e-01 2.498476600867043373e+00
-9.210646385903089595e-01 3.214810419949603926e+00
-8.638193859656126961e-01 3.960104710948410656e+00
-7.710517694606267014e-02 -4.054726391019595866e+00
-1.071642392099434460e-01 -3.387175300023287150e+00
-1.345815333901327904e-01 -2.663362829520838915e+00
-1.077181060895071596e-01 -1.922519405746960786e+00
-1.020200918395559597e-01 -1.212379949898284792e+00
-1.206085664419731529e-01 -4.740000659772150016e-01
-1.603037013218227003e-01 2.421358349649480601e-01
-1.126675985366603072e-01 9.810018182571909051e-01
-1.128806336661725140e-01 1.720364639601161372e+00
-9.400312312327230302e-02 2.508858271047799349e+00
-1.581988427649321238e-01 3.158052954255271771e+00
-1.060226637923591397e-01 3.922032804321151644e+00
6.579109364346820144e-01 -4.069215237796292683e+00
7.081885956712525854e-01 -3.284781546943083441e+00
6.271525624864651149e-01 -2.611563286404944506e+00
6.314081528307795566e-01 -1.932656408254363356e+00
6.303111243183252554e-01 -1.200178183321678915e+00
6.288425565670365813e-01 -5.167498829489964862e-01
6.228046920109022722e-01 2.163561770281816621e-01
6.521668584723485651e-01 9.708936230512605903e-01
6.740434318687320570e-01 1.701209608381102356e+00
6.385139978319855913e-01 2.510959604581728399e+00
6.393781225009291802e-01 3.178282331844219044e+00
6.310053605714642799e-01 3.890252946396440592e+00
1.368107827864299963e+00 -4.042617780565173291e+00
1.370811020674345571e+00 -3.327229828918383703e+00
1.370112102787686581e+00 -2.606800971353887775e+00
1.463474681274725242e+00 -1.905588048035465221e+00
1.346824900487462173e+00 -1.220369030634071095e+00
1.371189362954396529e+00 -4.900965981802087867e-01
1.315753948232533332e+00 2.704630587282288445e-01
1.391943102211179450e+00 9.376603663008573619e-01
1.405868337892705711e+00 1.692509525771232148e+00
1.424183300852021716e+00 2.439650099587009180e+00
1.455257599532750135e+00 3.163333004641497581e+00
2.111228299803777020e+00 -4.042587954554669238e+00
2.119437081835847891e+00 -3.326567875121735796e+00
2.118521683205031536e+00 -2.603205946036482032e+00
2.094861665956237573e+00 -1.195159404952374160e+00
2.104947303736402375e+00 -4.949333557341759615e-01
2.125668217996199871e+00 2.495117362830683305e-01
2.151697862670076233e+00 9.606268875859846901e-01
2.197817139986213419e+00 1.704671946005227312e+00
2.164416610947618835e+00 2.416072997230514829e+00
2.205808807194053145e+00 3.125199079614649378e+00
2.255415568394809611e+00 3.802724592315801289e+00
2.840399128199869949e+00 -4.051108248478467289e+00
2.858152293037790059e+00 -3.325465933940673580e+00
2.850090684870323798e+00 -2.595458383147668968e+00
2.867908250611556298e+00 -1.881724184349479856e+00
2.847945578754099927e+00 -1.193041998553603378e+00
2.846698326705364934e+00 -4.513613028246972192e-01
2.875407186204277821e+00 2.457405841241104838e-01
2.913557000295170951e+00 1.023513857429563245e+00
2.933077119304179803e+00 1.687684123714380036e+00
2.963479112474821875e+00 2.432120673234237529e+00
2.940142683713936833e+00 3.129637677054230238e+00
2.939709382228564039e+00 3.863822109419100315e+00
3.609306250999864574e+00 -4.056291014270346551e+00
3.591760149881366715e+00 -3.345509293219659952e+00
3.601952583809676867e+00 -2.603841297874527783e+00
3.599159516438263040e+00 -1.857890272697911627e+00
3.579044576569081926e+00 -1.148541677701796715e+00
3.651759677733679155e+00 -4.602981790533391404e-01
3.623216776032585074e+00 2.648054081379456193e-01
3.647354300692150275e+00 9.552302480233372250e-01
3.648608705226841664e+00 1.704141540980316449e+00
3.693692546377604913e+00 2.443120054314242395e+00
3.709496404699997640e+00 3.151393837052143709e+00
3.716234556025057145e+00 3.857086532450605176e+00
4.366770449240114260e+00 -4.059419373850946755e+00
4.345283021465874640e+00 -3.374928380452590915e+00
4.351250357973803773e+00 -2.597493511732821503e+00
4.345167493376138168e+00 -1.898023194007603109e+00
4.431132357312669967e+00 -4.498034879725629764e-01
4.417110973760657089e+00 2.724388678911999762e-01
4.347596688349597116e+00 9.641406684375901648e-01
4.420835285646134594e+00 1.704584102980433613e+00
4.450219573700067599e+00 3.135456366455354527e+00
4.486349397483316181e+00 3.849120715946067861e+00
5.093002182825209445e+00 -4.063177677600393167e+00
5.061813100083099926e+00 -3.355755157418052192e+00
5.100501224021478208e+00 -1.896455048147370093e+00
5.159966095384916684e+00 -1.195759689698903117e+00
5.199325199870891367e+00 -4.536516738523452830e-01
5.231281198952764555e+00 2.670077205034218082e-01
5.181932451415967478e+00 9.842860474520875869e-01
5.160272722066473250e+00 1.677351422730009034e+00
5.199750127970844460e+00 2.410099233528754326e+00
5.210917076592025410e+00 3.143678514811920621e+00
5.212986517974123046e+00 3.878019119061985265e+00
5.920563461736577437e+00 -4.056065818320799821e+00
5.906052618011706556e+00 -3.357249277623559180e+00
5.938456091865567998e+00 -2.521961016679089340e+00
5.866587777549064242e+00 -1.941925674407613656e+00
5.924681945605037470e+00 -1.237043426290483694e+00
5.965775626590207992e+00 2.158921499704469227e-01
5.970958411208300731e+00 9.570513963688256354e-01
5.946269362317735840e+00 1.664608505016357043e+00
5.934995928478087990e+00 2.405298598889231698e+00
5.927379185867920341e+00 3.119822835939526584e+00
5.930327739086884264e+00 3.863999059548635984e+00
6.697680293123418949e+00 -2.668394708969600515e+00
6.727642550246265785e+00 -1.249957993585368854e+00
6.716529641674462425e+00 -5.324423101890118915e-01
6.685322666807003600e+00 2.121039116448812933e-01
6.673752554190876651e+00 9.480197914006183169e-01
6.691936254783072968e+00 1.656665201939429011e+00
6.689223309350730062e+00 2.389896896196344045e+00
6.684709571218164115e+00 3.117246402551710815e+00
6.726457659039681403e+00 3.817911861673369600e+00
7.494252942506484771e+00 -1.972194089826167840e+00
7.460456618585197930e+00 -1.258917161262793627e+00
7.473343699038174748e+00 -5.633678133223760653e-01
7.432752380727876584e+00 1.662904321156055687e-01
7.415863469097217830e+00 9.601595124289907801e-01
7.434543866809448787e+00 1.662803563517375238e+00
7.468035484738194896e+00 2.336811729874270327e+00
7.460776334169644031e+00 3.070639368938859803e+00
7.528065822836580878e+00 3.760096955535718877e+00
8.394451944379390795e+00 -4.104755009195645954e+00
8.399217057107414064e+00 -3.384960000013371939e+00
8.376273864852635143e+00 -2.669032801319350057e+00
8.331438819696565190e+00 -1.983513995469813551e+00
8.303539170959602700e+00 -1.248270557491384380e+00
8.280731750694933169e+00 -5.420934624003415081e-01
8.201175000554549399e+00 9.207598086547186256e-01
8.183231300997604762e+00 1.594363784000030648e+00
8.215258784029714434e+00 2.349424340784604937e+00
8.254448900180747728e+00 3.091542904579565487e+00
8.288829274863218188e+00 3.751179361856468830e+00
9.161213452427055870e+00 -3.416945732672754588e+00
9.162389077320867159e+00 -2.680112144053822476e+00
9.161362882898238524e+00 -1.988258419626916407e+00
9.101239276592757221e+00 -1.281667472013328535e+00
9.006882296975305735e+00 1.632383504925059015e-01
8.960955632259114623e+00 8.861378760807134825e-01
8.961162495189554988e+00 1.603806874017219997e+00
8.978007112237598619e+00 2.322718938813704170e+00
9.028235849839070681e+00 2.996422240886960964e+00
9.061424882095423072e+00 3.779855557728371451e+00
9.961025802357127645e+00 -3.421251876938672609e+00
9.949600254735642579e+00 -2.686004944753261015e+00
9.970784136022977862e+00 -2.036307818191247065e+00
9.886339031848777381e+00 -1.245252839979002601e+00
9.888000574492153305e+00 -5.314419487738462067e-01
9.801389465423028469e+00 1.507516234191790261e-01
9.735592911569163732e+00 8.694601721315784459e-01
9.709551060243413190e+00 1.598054978324672248e+00
9.744426030586552656e+00 2.317269174891457340e+00
9.811330600292102133e+00 3.022460326540841180e+00
9.814047280672518525e+00 3.729107713331064389e+00
1.087584669198098908e+01 -4.214819648670886210e+00
1.081814576325546540e+01 -3.457822214556031781e+00
1.080860432897454615e+01 -2.762257597568009260e+00
1.072025716007222229e+01 -2.031440132467540849e+00
1.070179072717749591e+01 -1.271395128301055166e+00
1.066205068197396599e+01 -5.564151358750422105e-01
1.064409995897209171e+01 1.872863953541248350e-01
1.061725410138429737e+01 8.407363006739601019e-01
1.069851741325850725e+01 1.569755583708321467e+00
1.063119111509841730e+01 2.348413913052954882e+00
1.061187732642589054e+01 3.017877201519940655e+00
1.065709117091832780e+01 3.737395590414084978e+00
1.175343261870126099e+01 -4.147121084791823620e+00
1.175386873157084011e+01 -3.440571738188634043e+00
1.172759475710636679e+01 -2.687802717507008055e+00
1.166431076965587721e+01 -1.255933607872776747e+00
1.162133374014305787e+01 1.382601889984158561e-01
1.140349119923391186e+01 8.755922914114435684e-01
1.140635539808607035e+01 1.596401950578410833e+00
1.139498206910742795e+01 2.320909333796606688e+00
1.142843142115886934e+01 3.043396452631764504e+00
1.144093349840638751e+01 3.745073548548280229e+00
1.246290167329726017e+01 -3.437873495607760788e+00
1.262572498592500381e+01 -2.696828865211422510e+00
1.249240877255616056e+01 -2.030409565889115697e+00
1.249474581793973726e+01 -1.301215975030249439e+00
1.243422803396815368e+01 -5.711340587979627514e-01
1.238443931516004426e+01 1.582973828125844307e-01
1.230180555606179382e+01 8.692282237853845572e-01
1.218893270740538526e+01 1.592058350791425880e+00
1.215219396254342854e+01 2.363985509276250951e+00
1.217452376432883909e+01 3.048617514742016255e+00
1.224661413684471256e+01 3.744094444314182368e+00
1.339781263983989135e+01 -4.187688920994204977e+00
1.337843405682498599e+01 -3.463562324703808315e+00
1.335425393529210680e+01 -2.715859208583662365e+00
1.323294294212603006e+01 -2.074835355707513429e+00
1.310382124102618207e+01 1.979666422007717586e-01
1.306850158193527278e+01 8.889945002525792006e-01
1.301089363027686829e+01 1.590919791622901869e+00
1.304387057468500899e+01 2.303669003395835801e+00
1.311098154524796655e+01 3.012850637890952754e+00
1.314757968056746051e+01 3.738065067599489311e+00
1.433343407734301422e+01 -4.212290165051793878e+00
1.426594369395716200e+01 -3.467823588397379808e+00
1.420302415198998602e+01 -2.701399555780280792e+00
1.407190747624028404e+01 -1.289276662731218437e+00
1.401794631938711433e+01 1.830600472297589931e-01
1.399798358573901425e+01 8.532263562186486183e-01
1.382469300605231410e+01 1.612054357499452806e+00
1.388090243221886055e+01 3.046616398268366055e+00
1.387906634225085156e+01 3.747719614273510302e+00
1.509282148406377644e+01 -4.209019493456743533e+00
1.508997356286069191e+01 -3.496348413585991466e+00
1.511763380887958164e+01 -2.780089175825146697e+00
1.509544146916750407e+01 -2.077981649746366344e+00
1.495736008138705841e+01 -1.314408648404192803e+00
1.505380676756878700e+01 -5.886566037142983987e-01
1.478266487025872067e+01 1.892021145134492599e-01
1.468209951820941228e+01 1.620407575224685814e+00
1.470446999110681219e+01 2.333051522726364624e+00
1.463063863253422170e+01 3.056542998971433889e+00
1.469845562557772212e+01 3.720045198704259093e+00
1.584546953754863807e+01 -4.274001897579061904e+00
1.584849444572661525e+01 -3.524745236579594376e+00
1.582953764893650828e+01 -2.829424988055578183e+00
1.581134270406079168e+01 -2.093759412580308066e+00
1.576469051129525667e+01 -1.349585445038265163e+00
1.572932191404215274e+01 -6.303204666592812089e-01
1.569589096441520581e+01 1.265075395554724480e-01
1.555640608339572140e+01 1.643101897889930996e+00
1.551916827802575227e+01 2.320615336536700823e+00
1.547511178004528887e+01 2.970220113503966530e+00
1.550298531327803886e+01 3.742865596783193638e+00
1.659742154904931510e+01 -4.226679883946456329e+00
1.657494760277612755e+01 -3.524081477491105119e+00
1.654380609304428873e+01 -2.812427928830913970e+00
1.652101823999849728e+01 -2.057948655763915724e+00
1.649661497643521813e+01 -1.355784509804657034e+00
1.646132180248491750e+01 -6.421662551591396095e-01
1.644828854638931404e+01 1.938684286144969349e-01
1.635962843067340344e+01 8.691848069249203945e-01
1.633283502692902545e+01 1.551169520454347861e+00
1.631392277297580051e+01 2.364367242171841355e+00
1.630381027453420728e+01 3.073861398959582658e+00
1.634264301471699810e+01 3.802007766916251086e+00
1.732559498793589370e+01 -4.185884193806934661e+00
1.731290372844541992e+01 -3.526157659936909994e+00
1.727150950846726118e+01 -2.754102052799492384e+00
1.723117469914657818e+01 -2.045069938731153059e+00
1.718210162933115015e+01 -1.337281298070372770e+00
1.719680373581336141e+01 -5.820021942185285013e-01
1.714907773034234850e+01 1.412887717115047792e-01
1.711679971781702392e+01 9.416545622172307617e-01
1.708827897284996311e+01 1.627221209004137137e+00
1.706996375282363942e+01 2.379094664216946597e+00
1.703426014636116292e+01 3.132405601450958699e+00
1.705402183820281437e+01 3.843483812876907990e+00
1.805508915200710618e+01 -4.225939563856048409e+00
1.802734322874282213e+01 -3.487699181294772188e+00
1.798581413156141906e+01 -2.749742708014558445e+00
1.796039012835856141e+01 -2.030432739516651708e+00
1.793387028684380624e+01 -1.288309179006777327e+00
1.792824858805958144e+01 -5.678915135849536000e-01
1.790536882900332927e+01 2.080297318667696516e-01
1.788159251724823662e+01 8.969190634913637439e-01
1.781224595120391996e+01 1.627191470934082673e+00
1.780851159109527515e+01 2.383259040738447965e+00
1.776921051400134388e+01 3.138653055514556200e+00
1.782517779243549683e+01 3.881944177240672644e+00
1.887642976297172481e+01 -4.121152231268499833e+00
1.875360621087092738e+01 -3.414457388883821665e+00
1.873035228682756070e+01 -2.697756795191526891e+00
1.870213724157794388e+01 -1.994052144440981778e+00
1.866206340528943741e+01 -1.263029126531296953e+00
1.863313912838554387e+01 -5.452791120509452583e-01
1.862650348837893688e+01 1.792251164903930771e-01
1.860202877019289502e+01 9.096629870520089867e-01
1.857656730122835853e+01 1.648491399895416265e+00
1.857590315982002949e+01 2.382913212100145728e+00
1.856122874667337186e+01 3.112044064271632493e+00
1.863957171244636868e+01 3.841995843827223922e+00
1.963578608370887224e+01 -4.186808002016114472e+00
1.961608190660905393e+01 -3.427139894207204662e+00
1.955630719678030260e+01 -2.672490796844755323e+00
1.950954389308309089e+01 -1.935418427673859298e+00
1.951477803914313824e+01 -1.205373125040118509e+00
1.939120377357420466e+01 1.840756514197749993e-01
1.963166717182645726e+01 9.007155448797981023e-01
1.946715943238114477e+01 1.658324042290576728e+00
1.938058863670891441e+01 2.411022898332724651e+00
1.947884144574443610e+01 3.137518486152412578e+00
1.952191475038058144e+01 3.758645197380705127e+00
2.036749548710919555e+01 -4.176328179274296559e+00
2.032840657878414703e+01 -3.410948331882178053e+00
2.030840321522387626e+01 -2.698454999224921380e+00
2.034785362874435322e+01 -1.990680584054270952e+00
2.036380561993728122e+01 -1.254371405755350111e+00
2.034912290069858187e+01 -5.220740473753657795e-01
2.034148083986185185e+01 2.077366352138021455e-01
2.038649198673205376e+01 9.470193448244152989e-01
2.029671122267887284e+01 1.665447922356676713e+00
2.029992118834657333e+01 2.392768245074087474e+00
2.032137629774359056e+01 3.057528336050236106e+00
2.035462582272688792e+01 3.780712900105445584e+00
2.156081759370123763e+01 -4.089692202317014136e+00
2.150467836155630152e+01 -3.423343463653186092e+00
2.153408060184845851e+01 -2.647117250976119607e+00
2.157998881059791074e+01 -1.924230453428357634e+00
2.143795034422072376e+01 -3.424118487316896164e-01
2.129919416265237686e+01 2.227666216511678954e-01
2.127147161079767557e+01 9.577391534416435093e-01
2.118817248726060853e+01 1.675639781014357510e+00
2.117424325768637772e+01 2.391383590472390352e+00
2.117753581405013108e+01 3.037889497375093839e+00
2.114406486172003952e+01 3.793624132217683353e+00
2.227172372558839442e+01 -4.164708999161341296e+00
2.227879424320925494e+01 -3.431730627604629547e+00
2.226735194974975229e+01 -2.707224085813724201e+00
2.227962861655645099e+01 -1.969694777022304777e+00
2.225834124253916713e+01 -1.241769287057607585e+00
2.224470331372300080e+01 -5.214001726134611658e-01
2.221416066949623769e+01 2.163310805979499207e-01
2.208850052993492596e+01 9.859453333131824593e-01
2.213499304631245934e+01 2.441023443558222539e+00
2.204934756125848594e+01 3.098478204236553069e+00
2.202677975082784201e+01 3.744621988792925293e+00
2.301164507576733342e+01 -4.155246263809832641e+00
2.298474744311880613e+01 -3.436525205807502203e+00
2.302571379644239613e+01 -2.709498637219169836e+00
2.301066768938073892e+01 -1.961348576473266547e+00
2.301154434594501197e+01 -1.256364242902666462e+00
2.299882305368849700e+01 -5.343160073118831122e-01
2.295751347867788184e+01 1.863703856593872388e-01
2.294960678529045595e+01 9.494925948850472253e-01
2.294377228237220123e+01 1.661865160927554541e+00
2.292715281428325369e+01 2.364616012508054865e+00
2.286143963584625993e+01 3.117422317612426497e+00
2.289437271404365504e+01 3.767662740799071486e+00
2.375116817158432525e+01 -4.158227321873429361e+00
2.374970450599572303e+01 -3.443131677738406893e+00
2.374550534650404643e+01 -2.708618937786340553e+00
2.374976707054128866e+01 -1.996818529836030365e+00
2.375189102456758405e+01 -1.236586109130005440e+00
2.374045353266003389e+01 -5.157340384506277076e-01
2.379888507672521314e+01 1.699952651206650955e-01
2.375041904110401703e+01 9.390453702077863340e-01
2.366996973372213375e+01 1.647706265394273117e+00
2.371771808676233206e+01 2.394311902273532411e+00
2.369076560662176689e+01 3.112233548097922409e+00
2.374387586336525402e+01 3.766977678227011239e+00
2.462798063364562040e+01 -4.089042649473331181e+00
2.451129572635017695e+01 -2.737998566003035705e+00
2.444576575632655846e+01 -2.046585134421846419e+00
2.451980578125711929e+01 -1.272383637283240887e+00
2.449290652327581341e+01 -5.579598574392861110e-01
2.449683669512347706e+01 1.637850642302112192e-01
2.451188859334178716e+01 8.966685990207849954e-01
2.451308527908276602e+01 1.645844983805197614e+00
2.448762112233998778e+01 2.352098746644834648e+00
2.448683671023162844e+01 3.085768114970729670e+00
2.452522472709031831e+01 3.787544389517083943e+00
2.526474205049317590e+01 -4.168866036545775700e+00
2.516611579639391749e+01 -3.443636387694084533e+00
2.528177294092017746e+01 -2.734987279765732637e+00
2.522765939880580532e+01 -2.001654152515516927e+00
2.523824408789865714e+01 -1.302100695705558309e+00
2.521851997686738400e+01 -5.846244089544363476e-01
2.524291121895416268e+01 1.506201248093859135e-01
2.524362321547114618e+01 8.766589888184483925e-01
2.527123352039546944e+01 1.622413365522167084e+00
2.528556436390960016e+01 2.307575438689919878e+00
2.527967462166137125e+01 3.058289795724366655e+00
2.530482888878970016e+01 3.766656176029552938e+00
2.599829576451676161e+01 -4.162970847091198578e+00
2.601063340381438138e+01 -3.475345824643817139e+00
2.598060505638282791e+01 -2.751289101272266890e+00
2.597773726684529549e+01 -2.020578184369437480e+00
2.598144375335571254e+01 -1.302794647327512934e+00
2.597669109809422849e+01 -5.416873811085949342e-01
2.600192327882579946e+01 1.402724978863041372e-01
2.598683211191520570e+01 8.653480082118356620e-01
2.603222624911669669e+01 1.614459862113111654e+00
2.608164661242884108e+01 2.370510447730886483e+00
2.604789433337847981e+01 3.059797365595347429e+00
2.608309667869875170e+01 3.760779666802758214e+00
2.679776859759366658e+01 -4.216970933280776990e+00
2.676596065268689273e+01 -3.489281306921117931e+00
2.677355110839150854e+01 -2.762190833049725569e+00
2.675055077216300248e+01 -2.035150574689343017e+00
2.675576831983222803e+01 -1.318430828063636540e+00
2.673189101398543954e+01 -6.299301192645749836e-01
2.674521830691029578e+01 1.299072969354035934e-01
2.675774690071377648e+01 7.992646652523021089e-01
2.676805405764613255e+01 1.588592921260037372e+00
2.680377960159070483e+01 2.280561826559456051e+00
2.684733618928083132e+01 3.014448757879694796e+00
2.684991904032562360e+01 3.719825081152503543e+00
2.758193874376027566e+01 -4.230931956507127722e+00
2.751352472954354056e+01 -3.486690477412111022e+00
2.751926898258348331e+01 -2.764895170307990924e+00
2.754388809872890675e+01 -2.067836207338636711e+00
2.751843058543470733e+01 -1.335679465515216435e+00
2.753318424484194082e+01 -6.265355593732238049e-01
2.755437101612877626e+01 7.238912547104092710e-02
2.757282660218348980e+01 7.726927129317076037e-01
2.756819157570454593e+01 1.526558747211549161e+00
2.753613606542458569e+01 2.272819113104453947e+00
2.758995080466888794e+01 2.993326292986534298e+00
2.762942173516989186e+01 3.707709181519380337e+00
2.850334363026984619e+01 -4.118725948321689145e+00
2.833344095350195602e+01 -3.503559132842532620e+00
2.845997884346581230e+01 -2.742942008964778466e+00
2.829078729464063002e+01 -2.096810734374429330e+00
2.829242127402610407e+01 -1.403385898684362587e+00
2.826254972282007571e+01 -6.559778399103919355e-01
2.826591299909821231e+01 5.506524959383085616e-02
2.830911388380400950e+01 7.677512064975609007e-01
2.834544164997222282e+01 1.474932297521522884e+00
2.838494696575487097e+01 2.195294790229866067e+00
2.840395904691330742e+01 2.917592090504310676e+00
2.839181865556759732e+01 3.658938704244743434e+00
2.920427236337912547e+01 -4.221741651223855030e+00
2.916051991067333660e+01 -3.529421272418673539e+00
2.913665074888347561e+01 -2.823516673197993043e+00
2.913303156872259336e+01 -2.103525561387211695e+00
2.910301693734394490e+01 -1.408916977768065237e+00
2.909312161890704118e+01 -6.854824795969207685e-01
2.912075497525362522e+01 4.609751682905027792e-02
2.906816584229596145e+01 7.584154037963131145e-01
2.909060492078236138e+01 1.443356174555059823e+00
2.912986005402351708e+01 2.166580638469856268e+00
2.914155370826960478e+01 2.886269509693786262e+00
2.915917919778797085e+01 3.632339488503195213e+00
2.998637696700998134e+01 -4.224843297189512015e+00
2.988193464087041917e+01 -2.113119236213698571e+00
2.986699524981342080e+01 -1.441758764602706577e+00
2.998539099045591882e+01 -6.586391468018533146e-01
2.991564931235202351e+01 -4.526091880205029838e-03
2.985734644243205338e+01 7.175841264911646533e-01
2.988275224604984004e+01 1.447365829146782801e+00
2.990201543130427098e+01 2.160285684563543640e+00
2.990711319440200811e+01 2.867797260486508293e+00
2.989682445243999354e+01 3.599127230086143214e+00
3.076135879906816939e+01 -4.241461874899968620e+00
3.071617169523370450e+01 -3.508190092286376682e+00
3.071740661262204952e+01 -2.822969469490686834e+00
3.069867786560477185e+01 -2.119463494565223982e+00
3.066970533672834875e+01 -1.429381729549604074e+00
3.067471448858392336e+01 -7.246469705876563694e-01
3.067365869794901556e+01 -1.506061073817832607e-02
3.068996910768881747e+01 7.006861275575317904e-01
3.069498797781492527e+01 1.439438066034028907e+00
3.069640225057052163e+01 2.172886085698859659e+00
3.066644233638195516e+01 2.910143617023219775e+00
3.067503643040273431e+01 3.645788722008436622e+00
3.160236054657254812e+01 -4.197809875322462858e+00
3.152385720335198727e+01 -3.564027276805774136e+00
3.141376989365787864e+01 -2.815546706795167609e+00
3.143489954536492093e+01 -2.159492085894449076e+00
3.142227080905123415e+01 -1.440542408964564203e+00
3.142883475975650498e+01 -2.936305499509472838e-02
3.143103588498623679e+01 6.970351757552961658e-01
3.140441315564488178e+01 1.440570640569042382e+00
3.142474566732347085e+01 2.186920238087736834e+00
3.147260604945082463e+01 2.930597978240715662e+00
3.155923828206602622e+01 3.640603878984979502e+00
3.228908586759570909e+01 -4.219332397043437766e+00
3.228770630432239130e+01 -3.566001555832933434e+00
3.225782001253070774e+01 -2.837738931602547865e+00
3.221792370422863172e+01 -2.121760188238621225e+00
3.221165370980076403e+01 -1.441335555962972137e+00
3.217993758408093896e+01 -6.333351444734347524e-03
3.217169690900501422e+01 7.131304602471253418e-01
3.225211610003392337e+01 1.423944835989942703e+00
3.224493476997009367e+01 2.177876270481309717e+00
3.227394375315702035e+01 2.897481791944922946e+00
3.226142066805643793e+01 3.641969624815754258e+00
3.310108086179914011e+01 -4.234737180216850305e+00
3.303646928798250570e+01 -3.529318293483250102e+00
3.306546165870133080e+01 -2.832063946607789262e+00
3.301728845699152970e+01 -2.119476324365816566e+00
3.296400695862134711e+01 -1.393934907511560795e+00
3.301203119733590796e+01 -7.163297586288663865e-01
3.296512253960388961e+01 -1.266774931013969763e-02
3.296518846845328454e+01 7.207584862681777338e-01
3.297322212554995957e+01 1.448000444999500758e+00
3.296332219130419361e+01 2.207464883034283787e+00
3.301661612631929898e+01 2.924409259805177186e+00
3.300460335117453070e+01 3.662247332903621810e+00
3.386642877848779420e+01 -4.187337021190291608e+00
3.383893264734079054e+01 -3.483340183998535622e+00
3.377056233110076988e+01 -2.806394328389096415e+00
3.375651878473234291e+01 -2.128641195550098786e+00
3.374351632495908149e+01 -1.429735027773208600e+00
3.373073317533594917e+01 -7.059125006934650060e-01
3.370484676604915109e+01 1.239322173597301457e-02
3.372158975556612148e+01 7.554871968594198961e-01
3.372537158540649926e+01 1.501739434955588592e+00
3.375783236913435559e+01 2.215725152789016050e+00
3.378719831369271986e+01 2.949263292660265989e+00
3.377928361828549697e+01 3.678418601733053350e+00
3.461007489941909654e+01 -4.195949713092556266e+00
3.457958900744674935e+01 -3.513249446793750508e+00
3.455050490133810825e+01 -2.804746137049299648e+00
3.451020736053657600e+01 -2.108370233138181504e+00
3.449292858724459876e+01 -1.426941759134951582e+00
3.448315852879571963e+01 -6.970886499129917979e-01
3.449187705517989144e+01 5.222984467261682084e-02
3.445643863767036663e+01 7.237725661126681587e-01
3.445244972390658944e+01 1.507961251086502585e+00
3.452596765162041237e+01 2.224700404498278772e+00
3.454095884473405675e+01 2.973846584204149934e+00
3.451362734908891383e+01 3.713231138869875991e+00
3.536197879695013313e+01 -4.189119738235671520e+00
3.534748737215598879e+01 -3.492781494828047784e+00
3.532269431034472262e+01 -2.786244146782607345e+00
3.526694130540081318e+01 -2.091624989691730718e+00
3.524627063299235630e+01 -1.373739560384102276e+00
3.522797201919021148e+01 -6.532503552354569365e-01
3.525488680247227791e+01 1.106266363665930896e-01
3.525945503739912823e+01 8.145144161807067462e-01
3.531068933623918582e+01 2.214385469513477034e+00
3.530113704330262436e+01 2.999715275734207154e+00
3.534763888107791985e+01 3.771973311784169169e+00
3.613445841857974727e+01 -4.194329436811177203e+00
3.611517772546378779e+01 -3.453231717585925509e+00
3.607362393260330435e+01 -2.801526667320082709e+00
3.602115238260484631e+01 -2.059992219036580252e+00
3.599624454391156547e+01 -1.341294429546614708e+00
3.598213931465122783e+01 -6.085497068190477421e-01
3.602140444929003849e+01 1.171403274999853750e-01
3.601036482845399433e+01 8.031014721250535615e-01
3.602405998570566936e+01 1.569631924804848921e+00
3.602967515456450798e+01 2.277408610050517979e+00
3.614745637526160493e+01 3.039108732359270704e+00
3.621209877304006142e+01 3.751037321605554808e+00
3.691975809535511388e+01 -4.162641263367799382e+00
3.684955151929370487e+01 -3.429122492656777155e+00
3.683109873386333533e+01 -2.722907402457718007e+00
3.675947841581903930e+01 -1.292532293473705352e+00
3.674534652231466936e+01 -5.748914757236320838e-01
3.669230877808644919e+01 2.056321119006518927e-01
3.676672850676364845e+01 8.861281094520627732e-01
3.690988027029722929e+01 1.571821470798148823e+00
3.690688229379400553e+01 2.318950804167599244e+00
3.689310526514457678e+01 3.052650716480403759e+00
3.694239612362147085e+01 3.769934580250851042e+00
3.771938793703996140e+01 -4.092827204032829513e+00
3.765254373724454950e+01 -3.389892492316199935e+00
3.761877620411119238e+01 -2.673729428649185280e+00
3.759182491428874329e+01 -1.959959671571755990e+00
3.757649387789771112e+01 -1.231115996688739500e+00
3.754578913724537159e+01 -5.075958902857387045e-01
3.767802708123462452e+01 2.759112803046726015e-01
3.768051285643053205e+01 9.182942968231202485e-01
3.771912439192094979e+01 1.577258351772691469e+00
3.784087541870417937e+01 2.418535356633661593e+00
3.860035072573150927e+01 -4.030461939799678817e+00
3.855911043526601389e+01 -3.294995066638648495e+00
3.850533363678244569e+01 -2.605195636514270774e+00
3.858834853778493112e+01 -1.869872034914955350e+00
3.869253928619001925e+01 -1.115216608487951788e+00
3.851894603975367914e+01 -3.521296094146499911e-01
3.858188993913545772e+01 2.671147365976164423e+00
3.864371278542464694e+01 3.201501314243362373e+00
3.953469713011664766e+01 -3.245006916577008127e+00
3.950912472022647393e+01 -2.953983412424246779e+00
3.946829547571000063e+01 -1.745524426809065943e+00
4.000174885573306227e+01 1.140799631024194127e+00
4.000890540149142538e+01 1.892444918260501652e+00
4.001066013674056165e+01 2.633254183553606964e+00
4.001533477625087443e+01 3.331827248253876661e+00
3.999881665408388898e+01 4.011322131958916515e+00
4.073928538792274168e+01 -3.977237325505324606e+00
4.073292067819659934e+01 -3.225944330403034854e+00
4.071886907584657678e+01 -2.460772527924294906e+00
4.071792594480339034e+01 -1.774663645535010659e+00
4.072835502657698470e+01 -1.060612720247352314e+00
4.073527096812436099e+01 -3.524173577326514817e-01
4.075004312412463747e+01 1.130922875851833709e+00
4.072920126566125276e+01 1.852962848148056452e+00
4.071599416083932255e+01 2.519017676694701890e+00
4.070165574057499924e+01 3.322142016432589884e+00
4.071526103631969562e+01 3.977237325505324606e+00
