-4.489668027555779872e-01 -4.034045474993636304e+00
-4.412339366611348623e-01 -2.515276875844175919e+00
-4.482146290852639936e-01 -1.856083412897774565e+00
-4.349749432548009054e-01 -1.129280912368983536e+00
-4.539581679554984817e-01 -3.995823407487151258e-01
-4.397072638302148562e-01 3.530154523509345665e-01
-4.442923689433513346e-01 1.080107746145593239e+00
-4.418471128250658353e-01 1.801260863826616543e+00
-4.394745028391611186e-01 2.499446731853783632e+00
-4.404414202323749805e-01 3.242795656705055762e+00
-4.352202712347690294e-01 3.973517380943647481e+00
3.084026940967206087e-01 -4.015456165737429473e+00
3.201966240820297571e-01 -3.306567712317132646e+00
3.091802372109100361e-01 -2.564751572788246392e+00
2.835100324160393370e-01 -1.848920639247570108e+00
2.888889343513341146e-01 -1.110091654357969304e+00
3.072475361615687461e-01 -3.902765873926554718e-01
2.711974305359561299e-01 1.068245260603738700e+00
2.879729841352229869e-01 1.798467713327166706e+00
2.960343310465987088e-01 2.503630011941169187e+00
2.857640268261221195e-01 3.266567147531723947e+00
1.039263931609887948e+00 -3.286441545805001141e+00
1.017194016381886001e+00 -2.571846536730259203e+00
1.029705667753276543e+00 -1.840111342100563263e+00
1.031501978727106916e+00 -1.104840205881227888e+00
1.029451691270899971e+00 -3.790147293664851702e-01
1.029278244024879996e+00 1.073021830018838330e+00
1.036502416793830150e+00 1.787683176589158762e+00
1.014035034446578720e+00 2.535531651612291881e+00
1.027062468284519525e+00 3.272759226473020533e+00
1.020930441181526760e+00 3.992290577110850336e+00
1.758221018756650267e+00 -4.006881312516899385e+00
1.767017076434171940e+00 -3.293089441618995750e+00
1.772843003172503984e+00 -2.557948187032557996e+00
1.755332243869858644e+00 -1.817571996194324413e+00
1.745805680168331264e+00 -1.105187583226488357e+00
1.757368684469554410e+00 -3.899926450580863957e-01
1.757411692301957373e+00 1.072689921076474207e+00
1.757368929554971260e+00 1.809596758171288400e+00
1.761369567128404867e+00 2.531409265734509972e+00
1.774789499538648840e+00 3.264789325079981097e+00
1.768659899748719511e+00 3.975457115931121166e+00
2.483756771475825076e+00 -4.009517916178133135e+00
2.465986380575039050e+00 -3.291180987780496281e+00
2.488453024601476216e+00 -2.571644049023813494e+00
2.505276681802094174e+00 -1.834807768947960938e+00
2.507301901981037417e+00 -1.106788335170996618e+00
2.496663484247115150e+00 -3.675208269661141003e-01
2.491144798348166489e+00 3.570285522821023960e-01
2.482408074775740658e+00 1.788275562587550382e+00
2.489301591762853150e+00 2.556724167122329305e+00
2.467686629313114111e+00 3.263078755715262957e+00
2.483767816618495772e+00 3.994562389267144908e+00
3.227227552698550994e+00 -4.006860648864979169e+00
3.215073536111539454e+00 -3.297096772348567129e+00
3.203442128438418024e+00 -2.576985571759980331e+00
3.220308045915317052e+00 -1.835576118257719713e+00
3.220210360363303437e+00 -1.110973029396802758e+00
3.214983777628233952e+00 -3.620243133344089870e-01
3.195824948803121401e+00 3.441715322637257657e-01
3.218265426608468260e+00 1.095577634428007485e+00
3.203655731290140807e+00 1.814989473229616124e+00
3.234374805796790042e+00 2.555778650974389166e+00
3.194563781153554771e+00 3.242113380680244461e+00
3.215366641178391660e+00 3.983837667090703860e+00
3.957692948044595482e+00 -4.015600784604739459e+00
3.968216357064441979e+00 -3.269418847506020853e+00
3.944578701792153197e+00 -2.558220243574115926e+00
3.944874795731237782e+00 -1.853804277650937138e+00
3.942012488593334751e+00 -1.108778563764055036e+00
3.954259872917944563e+00 -3.911334206995107365e-01
3.935332007608124627e+00 3.350781249880547819e-01
3.961989539077158895e+00 1.074835058717706460e+00
3.947490012525200598e+00 1.810671749818883569e+00
3.944272712378840140e+00 2.548274627031332784e+00
3.948458076852716658e+00 3.261338245329682195e+00
3.941225073427965242e+00 3.972934416641436428e+00
4.658053539456226133e+00 -3.992108010395167383e+00
4.668718630110952006e+00 -3.284954084346452419e+00
4.674839035664071218e+00 -2.555108840985752749e+00
4.707942914176193483e+00 -1.833580097675191922e+00
4.662388253653872994e+00 -1.125501411651875117e+00
4.677704542019704093e+00 -3.783951172003838792e-01
4.664727273386994000e+00 3.739467330896708575e-01
4.678353395450550067e+00 1.057725097232342648e+00
4.687518372463600258e+00 1.794474283000258907e+00
4.691775822826720344e+00 2.538184153112222674e+00
4.691678208632822589e+00 3.252176397909025241e+00
5.411031996715287562e+00 -4.000477114399973999e+00
5.411746962616248879e+00 -3.279074829376416034e+00
5.416962377913073112e+00 -2.552823642820861494e+00
5.397041702622658477e+00 -1.104636030196463281e+00
5.405491783261382466e+00 -3.808345344300363422e-01
5.409064309584515229e+00 3.563228194298915241e-01
5.426127633982396503e+00 1.063631442317621634e+00
5.437077186640159709e+00 1.799381614939882468e+00
5.420012199867237257e+00 2.513640892597699406e+00
5.442736626576213155e+00 3.252508765388469669e+00
5.435051409087243712e+00 3.956102335016062455e+00
6.120051457627020852e+00 -3.999427765382460365e+00
6.139279135181119784e+00 -3.276319577418352225e+00
6.136442763177676341e+00 -2.544154437401825675e+00
6.153992478183802461e+00 -1.822046364845085975e+00
6.137896135043767742e+00 -1.106167496252584925e+00
6.126507063138973308e+00 -3.582888025719839220e-01
6.143207412756773067e+00 3.503730191767822078e-01
6.116266825188773737e+00 1.060722790343277211e+00
6.164987544184022283e+00 1.795952271291721303e+00
6.161730365494967998e+00 2.541217236768126497e+00
6.155817853825432451e+00 3.251698182869183995e+00
6.150380257613193180e+00 3.971344638727657639e+00
6.870796640373185937e+00 -4.012259066479074932e+00
6.856780771317993128e+00 -3.285866911049367900e+00
6.868458977334064741e+00 -2.554829456357907702e+00
6.863141658349739771e+00 -1.805051649178690099e+00
6.856026671371189707e+00 -1.083134258163369168e+00
6.890150075969039278e+00 -3.753072461022988193e-01
6.877524125950628786e+00 3.541242674296327664e-01
6.881691549115046769e+00 1.072445330483077441e+00
6.880362977209316000e+00 1.801162988725558023e+00
6.882892655898494638e+00 2.548678801815974282e+00
6.885754440884113592e+00 3.254528654160793621e+00
6.898698007875189830e+00 3.976658001979266999e+00
7.608867818623764379e+00 -4.008254149336899275e+00
7.602707969101480501e+00 -3.308733381695393660e+00
7.603760089455079196e+00 -2.556936254622719673e+00
7.605101227529011965e+00 -1.825426773815738812e+00
7.614862456106052946e+00 -3.739909056808343735e-01
7.621390043529700620e+00 3.520363887431230410e-01
7.594568017456900577e+00 1.065080018114024085e+00
7.630003303140306059e+00 1.792293614281422975e+00
7.621465360607849959e+00 3.246977384049891668e+00
7.630706975147234061e+00 3.967371634130763880e+00
8.341343570134917229e+00 -4.008936034219846789e+00
8.306358493854105518e+00 -3.289732819763642624e+00
8.323855600033780888e+00 -1.833790602597652253e+00
8.357737846638478629e+00 -1.117644446976317596e+00
8.381546124895322691e+00 -3.787024190666237189e-01
8.373416235804342023e+00 3.535220359996351647e-01
8.359688593455366856e+00 1.071750713993953497e+00
8.368593274285011319e+00 1.795018959080390886e+00
8.366748000418951392e+00 2.532107615487710461e+00
8.360114186064365072e+00 3.261560305519452641e+00
8.350652701346874096e+00 3.979568223667122595e+00
9.092302701157080946e+00 -4.019037081535170586e+00
9.085435605156696681e+00 -3.282250775260116882e+00
9.084365672903025768e+00 -2.547167042660717584e+00
9.073049396585801674e+00 -1.854037811931078750e+00
9.089844765587450581e+00 -1.123328602576826540e+00
9.102589817880037515e+00 3.237124243739657459e-01
9.108335985615717334e+00 1.080457118522172522e+00
9.105765834434208728e+00 1.785143737602513880e+00
9.093262858721011810e+00 2.531628553051408659e+00
9.076250288201990202e+00 3.235966902802054790e+00
9.081065219171769343e+00 3.982869178483042560e+00
9.821957661184150368e+00 -2.570866179029927423e+00
9.832338920897207402e+00 -1.117664116883318570e+00
9.826904634358463397e+00 -3.983453622780359638e-01
9.830299731473942870e+00 3.365373893961738361e-01
9.808769794941966325e+00 1.080817288879256211e+00
9.828182842440455147e+00 1.787409514098001750e+00
9.817879087854230136e+00 2.532244086283938600e+00
9.831068542112809894e+00 3.251688795191086001e+00
9.828299853352831406e+00 3.976470857848191542e+00
1.056543990059518023e+01 -1.842415024885919905e+00
1.056538925506207249e+01 -1.116438495397666486e+00
1.056776370769300399e+01 -4.067728627875162317e-01
1.054176305127716518e+01 3.312646471093216860e-01
1.052831462830599918e+01 1.083121479846081314e+00
1.055938713500702875e+01 1.797637195239513375e+00
1.055333805205690823e+01 2.504671790279271448e+00
1.054970253102660394e+01 3.239162291496199941e+00
1.055769062028291927e+01 3.951705383365023749e+00
1.133314427872628016e+01 -4.020426433521141263e+00
1.132690187101130164e+01 -3.306263794415482238e+00
1.132753283859315019e+01 -2.574841328864341250e+00
1.133121267050158565e+01 -1.849299476943198073e+00
1.131847055139523661e+01 -1.111764038261863874e+00
1.130930697225771553e+01 -3.872559948880009983e-01
1.128824398745833690e+01 1.087068619688345450e+00
1.128875446403016269e+01 1.790025439166669230e+00
1.129308190493865283e+01 2.513661811431738613e+00
1.129924243557962882e+01 3.256122814981985414e+00
1.130592689901084213e+01 3.958515787796194729e+00
1.206425790898578043e+01 -3.290993252497887767e+00
1.206939205840230045e+01 -2.564667333253105141e+00
1.208349825454745030e+01 -1.849038307266930303e+00
1.204938625938317642e+01 -1.114942823607794509e+00
1.203049316459791385e+01 3.277564462703885795e-01
1.200867188988817702e+01 1.060246729393615084e+00
1.201718416989813676e+01 1.779812853536721917e+00
1.201104459914205336e+01 2.507694225927238563e+00
1.202220090871364988e+01 3.221268323900680741e+00
1.202671061349741422e+01 3.971699679294765417e+00
1.279462613160841045e+01 -3.282572725063506169e+00
1.278858728060320260e+01 -2.565559782054183557e+00
1.280490392984802384e+01 -1.859273608647651344e+00
1.277694423850528693e+01 -1.111946270422119909e+00
1.278701479913777206e+01 -3.706472765991719598e-01
1.277096754215305907e+01 3.383569646762332184e-01
1.275130232426812427e+01 1.066730581017068857e+00
1.274699855412345784e+01 1.798118791554379925e+00
1.276256685218086773e+01 2.518084026805915698e+00
1.275594452286880198e+01 3.239460012547645817e+00
1.275931516707493074e+01 3.959126933017408589e+00
1.355526449387110688e+01 -4.048217587525222427e+00
1.352092272920073412e+01 -3.294631007412455403e+00
1.353483809852968989e+01 -2.573578804356770888e+00
1.352940565148563934e+01 -1.846377990954355397e+00
1.351753326069592731e+01 -1.112611372573269364e+00
1.352015181333885607e+01 -3.827009079055905261e-01
1.351917334821796857e+01 3.464343927069926110e-01
1.351959697320925358e+01 1.063726194237126776e+00
1.351303707278999866e+01 1.792863504076972703e+00
1.350576989343672096e+01 2.538748760662659976e+00
1.350925342299819221e+01 3.245927911506690577e+00
1.351138424498965662e+01 3.995348188225307240e+00
1.428284502519307608e+01 -4.019113746381623997e+00
1.428796381077422240e+01 -3.290153177944539209e+00
1.428505647846598237e+01 -2.554792701125116139e+00
1.425736426230823639e+01 -1.096731700144768951e+00
1.425693691556002562e+01 3.545149058572611978e-01
1.423393233501300870e+01 1.065111237610160799e+00
1.424366900005281877e+01 1.789452364048013777e+00
1.422760344404884592e+01 2.521027924906341866e+00
1.426143414980221991e+01 3.265952340992825498e+00
1.424836986855033416e+01 3.973552848559492645e+00
1.500450687609159672e+01 -3.291728937275017586e+00
1.501621975068859882e+01 -2.572239008349814782e+00
1.499900236701068934e+01 -1.838811199082076797e+00
1.501912797766688357e+01 -1.120714034440126738e+00
1.501680172889513898e+01 -3.789659937716542970e-01
1.497789332150911434e+01 3.147463656745976834e-01
1.499961781465962929e+01 1.062405874435381037e+00
1.497658658628137118e+01 1.789857250211731809e+00
1.497343206159394668e+01 2.544260948213068474e+00
1.499135139637086667e+01 3.262006814579841318e+00
1.498516836065554259e+01 3.981817514027781613e+00
1.575083235827642625e+01 -4.029567226971561666e+00
1.575105194988213242e+01 -3.290207204665101415e+00
1.576398511914937473e+01 -2.566484901373740968e+00
1.574453444696199256e+01 -1.845047948648705471e+00
1.571697518306424257e+01 3.512566379058519317e-01
1.571530689061511055e+01 1.080695659102079986e+00
1.572619729843915337e+01 1.809484172627136900e+00
1.570298588113928417e+01 2.525402501657911358e+00
1.573325906598176971e+01 3.257121002149681033e+00
1.572938199050295083e+01 3.985411143823959890e+00
1.650619393121694856e+01 -4.014603477825566813e+00
1.649540403237234898e+01 -3.297200304670059978e+00
1.650183051347310936e+01 -2.561066818637751652e+00
1.648438294608620680e+01 -1.110071195267817501e+00
1.647854489692996793e+01 3.747450661765334701e-01
1.647191427228524674e+01 1.056861928494083003e+00
1.644667992785583266e+01 1.806089547668026540e+00
1.646964234699112239e+01 3.272892912927225950e+00
1.645995118924895451e+01 3.989352406753546632e+00
1.723695047266055980e+01 -4.015768740417648530e+00
1.722583400437343926e+01 -3.292223493077852225e+00
1.724542502643139841e+01 -2.563902993168074573e+00
1.724076274405801001e+01 -1.847984652984123954e+00
1.720357873551256489e+01 -1.117342195166493468e+00
1.723146402266210941e+01 -3.922493726909976886e-01
1.721744806878211165e+01 3.550691027522852039e-01
1.719301267652583931e+01 1.798187126572528882e+00
1.720813375827113134e+01 2.530033382471994940e+00
1.718790812580140681e+01 3.270050625923985876e+00
1.720399196315447199e+01 3.976773384970250902e+00
1.796307653955661721e+01 -4.033910156151261361e+00
1.797098084029304488e+01 -3.294742560920404628e+00
1.797112278341104741e+01 -2.599094921458849683e+00
1.797762372901711814e+01 -1.842587066143078545e+00
1.794757045564010411e+01 -1.122779568274513196e+00
1.794529770040288952e+01 -3.929870671428048468e-01
1.795171331562951167e+01 3.428297471596444268e-01
1.794676430359912445e+01 1.824251796124126912e+00
1.793409945051215004e+01 2.541348564281019407e+00
1.793381240959956102e+01 3.269337315392739640e+00
1.793499862712609882e+01 3.979716548868019288e+00
1.870083617352796068e+01 -4.009950146010414329e+00
1.868592073056681357e+01 -3.291644966821248630e+00
1.868698016652410843e+01 -2.575832190596628379e+00
1.868466771315539887e+01 -1.814410383824199613e+00
1.869089810260720697e+01 -1.114083410323384982e+00
1.868014650874569327e+01 -4.061319345296965366e-01
1.868568174578046381e+01 3.858092068538390151e-01
1.864965292154200682e+01 1.082977672426430615e+00
1.863745680888654022e+01 1.732868973980345118e+00
1.866688464451387830e+01 2.556305205387332080e+00
1.866982300306547415e+01 3.253236100306914125e+00
1.867886110292884183e+01 3.989115899484247052e+00
1.942747303939735559e+01 -4.005305837607583186e+00
1.941723982484528932e+01 -3.299635057195562382e+00
1.941756439946993140e+01 -2.546699437128054910e+00
1.940660770102123678e+01 -1.842683514416815882e+00
1.938770138639058160e+01 -1.115846564710661681e+00
1.941792147048509776e+01 -3.818053630350455308e-01
1.939366986393701353e+01 3.393566989552461166e-01
1.941015223585544192e+01 1.091997055950802320e+00
1.940277533775256558e+01 1.818472745476682917e+00
1.939800244746388103e+01 2.542246033533825056e+00
1.940444813421949277e+01 3.283144127428343495e+00
1.938056754659090331e+01 3.984586596613169718e+00
2.013933605438493402e+01 -4.036108778565964172e+00
2.014867597573980618e+01 -3.293780546970857870e+00
2.012788134780699068e+01 -2.556620115194647269e+00
2.014487620513171606e+01 -1.844548714163590120e+00
2.014024984598818691e+01 -1.101943385686954713e+00
2.015379026188772116e+01 -3.822086291228075083e-01
2.013803081151377228e+01 3.659832364476365285e-01
2.015328585335920053e+01 1.068222512495740517e+00
2.011296520658407161e+01 1.798642788864633246e+00
2.013751356284071647e+01 2.529065080530294551e+00
2.012395758134669421e+01 3.263051025251783699e+00
2.013827578185811973e+01 4.013519229329787663e+00
2.087571040393254407e+01 -4.000026944555859387e+00
2.085401892393539924e+01 -3.291636386541362924e+00
2.087385338647343502e+01 -2.558669590038594066e+00
2.086911021565582303e+01 -1.829576009615248466e+00
2.087116828289128989e+01 -1.108925745199218937e+00
2.086281157359728411e+01 -3.849298650277610534e-01
2.087053437484412655e+01 3.476114329511581502e-01
2.086503747758667515e+01 1.072055245537036683e+00
2.087446143747702365e+01 1.800897088541091762e+00
2.089144479077043570e+01 2.527765822420430908e+00
2.086166044900252814e+01 3.261001869997677716e+00
2.088019097671829627e+01 3.993117077325642583e+00
2.162527445826373196e+01 -4.010693397110767222e+00
2.162105705199672911e+01 -3.285839364945697838e+00
2.159277809256771263e+01 -2.580175503612359478e+00
2.161169020175771749e+01 -1.842755832628899526e+00
2.160945282416619762e+01 -1.096084878298626109e+00
2.161455678298505489e+01 3.446718116568625589e-01
2.161186244406363954e+01 1.102813063275025485e+00
2.160713178404956381e+01 1.796672861288232781e+00
2.159693397609108700e+01 2.548682317788674823e+00
2.156050100852369411e+01 3.255773656573509811e+00
2.160783724557602881e+01 3.974655971418464162e+00
2.235997214002019007e+01 -4.028249001075241864e+00
2.234703332975942658e+01 -3.299806139276689976e+00
2.233998173494974537e+01 -2.543690034183637039e+00
2.237066235377590573e+01 -1.832003644437318002e+00
2.235900124075487838e+01 -1.093297235389265154e+00
2.235077620679199129e+01 -3.823825648463134996e-01
2.233945200948699750e+01 3.543343488079209180e-01
2.236417192175127155e+01 1.088649711141620458e+00
2.233021509621608658e+01 1.813576180057289378e+00
2.233881537436734988e+01 2.549681424056959855e+00
2.235373085987895081e+01 3.249029740481617523e+00
2.234441509204707188e+01 3.980412598477961694e+00
2.311682809285102991e+01 -3.986038657639905836e+00
2.310863292812599923e+01 -3.280579048552301202e+00
2.311388427088013486e+01 -2.542601976886864179e+00
2.311832737965173834e+01 -1.825962394944738776e+00
2.309774431518572158e+01 -3.605387894097873414e-01
2.309405109704794512e+01 3.605555387007370882e-01
2.308604194850243374e+01 1.089607614156879123e+00
2.308181998340278795e+01 1.813492407019221986e+00
2.308102851988349613e+01 2.535634810576095077e+00
2.308728163256406418e+01 3.247247648676086840e+00
2.308605988977326007e+01 4.007893450960445136e+00
2.384666576859185483e+01 -4.018786471992630283e+00
2.385125897849546561e+01 -3.283723624640160210e+00
2.384750293724182768e+01 -2.557307047297463498e+00
2.385696570697241725e+01 -1.815474859100270066e+00
2.384257940076278715e+01 -1.090783879709885440e+00
2.384378755556981133e+01 -3.784150262617238525e-01
2.384932643491357851e+01 3.498871563927892225e-01
2.384164844720640275e+01 1.099247521511781400e+00
2.382651815247515970e+01 2.553397963202254317e+00
2.382096215617799118e+01 3.257639665002919571e+00
2.381637496674017740e+01 3.991639821929886978e+00
2.458221288869156496e+01 -4.007424981185121027e+00
2.457570782335418613e+01 -3.283193914629453758e+00
2.458815067900141571e+01 -2.552699963754047729e+00
2.457843048652427598e+01 -1.821667478173132793e+00
2.458322445732271433e+01 -1.092705211621694872e+00
2.456757173133225791e+01 -3.748279986243439055e-01
2.457165474584893872e+01 3.545951867680301461e-01
2.456884868227108143e+01 1.083719438594343387e+00
2.456871050648560129e+01 1.818884808367904782e+00
2.456818571581687394e+01 2.543101741106440272e+00
2.454181257571602970e+01 3.270970701773990186e+00
2.457369735688153867e+01 3.979660099401627349e+00
2.531212967081995657e+01 -4.007838687540544953e+00
2.530921617382842470e+01 -3.281512189130069146e+00
2.530882257988393036e+01 -2.551546231134175002e+00
2.531309162352183506e+01 -1.827806981194438407e+00
2.529926776469673655e+01 -1.089807187710604808e+00
2.529447608505783052e+01 -3.643553575943627720e-01
2.532832553588032454e+01 3.324309568532015646e-01
2.530041295845295224e+01 1.079817776953447606e+00
2.528536043252383791e+01 1.807137762329467989e+00
2.530165632344990456e+01 2.540360274848929123e+00
2.527132231696646869e+01 3.268367497998468707e+00
2.531136653220339383e+01 3.987700819954788756e+00
2.604834761717197722e+01 -4.001333495800345474e+00
2.603932956990548320e+01 -2.555284627726727820e+00
2.601384022967217646e+01 -1.833786133964288467e+00
2.603708207884788095e+01 -1.096682153213006217e+00
2.602821058706769719e+01 -3.776820639976321559e-01
2.604274119028806211e+01 3.422174852029513659e-01
2.603606141766960036e+01 1.074412548356391994e+00
2.603366018193683118e+01 1.813297842378389646e+00
2.602918759893543665e+01 2.531640663775977629e+00
2.602010078287432293e+01 3.264541361877732584e+00
2.602679971898533040e+01 3.986134932103929884e+00
2.678093564613816824e+01 -3.988924714332419796e+00
2.673399186796207516e+01 -3.264071358555767688e+00
2.679634812221581086e+01 -2.549929460161479255e+00
2.676923213430694659e+01 -1.824904351802327795e+00
2.677397556485622232e+01 -1.113849160820716833e+00
2.677245356583342328e+01 -3.754573609684292990e-01
2.675780837886676977e+01 3.490672917205301928e-01
2.675749617026453819e+01 1.071192950371074204e+00
2.675623948935353269e+01 1.799709305014658867e+00
2.676972862025510835e+01 2.520285062730248882e+00
2.676724668020874986e+01 3.263743556025097803e+00
2.677214653286451806e+01 3.994166879848940255e+00
2.750451520900892177e+01 -3.989399719577864545e+00
2.750651165818150190e+01 -3.297123456581566359e+00
2.749663304703471312e+01 -2.563605686923501992e+00
2.750090890887015860e+01 -1.828060842233078631e+00
2.749600588408446100e+01 -1.099458362131255029e+00
2.748525870484800038e+01 -3.651724997263876560e-01
2.749187044164586524e+01 3.525180955284028528e-01
2.747321190076178965e+01 1.078600371885659825e+00
2.750076978535617656e+01 1.818240398164906679e+00
2.751198088192315794e+01 2.546722907860633711e+00
2.750344156557199682e+01 3.257621436820230088e+00
2.749146016447656393e+01 3.989152082604697114e+00
2.824106117525102633e+01 -4.005253456868061335e+00
2.820930071221646784e+01 -3.315089293762117251e+00
2.824694396623028325e+01 -2.554406461195739553e+00
2.823247804121584892e+01 -1.829194150118144790e+00
2.823169400306746724e+01 -1.105724122642744334e+00
2.821442886008404827e+01 -3.965368504529109828e-01
2.823342360280761199e+01 3.536639510618364568e-01
2.822698269197179144e+01 1.062084934948600790e+00
2.821864761398419574e+01 1.826803734395330281e+00
2.822678656752611914e+01 2.537163335509248441e+00
2.824324426806103361e+01 3.260649533135186573e+00
2.822697693424925802e+01 3.993893361596740021e+00
2.896441060589682337e+01 -4.019693496592093851e+00
2.896321347302973237e+01 -3.279110374612365320e+00
2.896430311752579456e+01 -2.545061037653219671e+00
2.897667634124730540e+01 -1.836499528609710552e+00
2.896515213877602690e+01 -1.089334965740313521e+00
2.897656777981662657e+01 -3.713884885074136832e-01
2.897198627121448311e+01 3.531849413467362808e-01
2.896964338687660501e+01 1.076312309749582141e+00
2.898434092274262497e+01 1.794950417457251035e+00
2.896000021674141323e+01 2.532973056468204476e+00
2.894721797394127094e+01 3.268002544796729580e+00
2.896124898547619608e+01 3.992035581488572404e+00
2.971275403494011158e+01 -4.012424887069446555e+00
2.970088452320596417e+01 -3.290644060521877634e+00
2.969322811032208875e+01 -2.541254499519844501e+00
2.969651007171999169e+01 -1.838852451451892023e+00
2.968016397251712846e+01 -1.109990526527596444e+00
2.967841608479059090e+01 -3.809872503457754078e-01
2.968378792908753638e+01 3.475634997886167810e-01
2.968640109701377838e+01 1.073042252294115428e+00
2.969070367513925390e+01 1.784604345502959433e+00
2.969718978960198541e+01 2.530609707916788409e+00
2.969697527716640906e+01 3.248403932942274253e+00
2.970380628031299608e+01 3.995157256083217590e+00
3.044106611483990577e+01 -4.009123567515466391e+00
3.045161164174802337e+01 -3.291032457341888318e+00
3.043774059894035844e+01 -2.562959399111147007e+00
3.043460107584673580e+01 -1.832721675123533345e+00
3.044257515336884268e+01 -1.099780289445259740e+00
3.042089913614318419e+01 -3.823078691214796265e-01
3.043473798300048117e+01 3.457382468495389105e-01
3.042949379776086261e+01 1.087236696771476829e+00
3.042523407034207850e+01 1.822927368039128027e+00
3.042747515698467708e+01 2.529930969149390307e+00
3.042504316253316432e+01 3.250686678466976787e+00
3.042667620615556956e+01 3.976567247572319275e+00
3.116040304906049840e+01 -4.005277375341805168e+00
3.117376292661347037e+01 -1.822072257392534311e+00
3.116556379027894508e+01 -1.112129020003884250e+00
3.116263545452120098e+01 -3.774459395257068195e-01
3.117271734919679460e+01 3.522051388593681054e-01
3.115597645167699881e+01 1.064560302992632046e+00
3.115462196236831716e+01 1.803850000061562042e+00
3.116416621621282701e+01 2.531919714035687718e+00
3.116433515131161158e+01 3.254571082661144032e+00
3.114693544304841311e+01 3.982251304994477437e+00
3.191081259291107841e+01 -4.014359906838915748e+00
3.190707509829665156e+01 -3.277594761116567668e+00
3.190133002088949610e+01 -2.565215093845377936e+00
3.191213149209091426e+01 -1.835454702907238556e+00
3.189183171709424158e+01 -1.108734525347347954e+00
3.189704615465057458e+01 -3.842472593446544238e-01
3.189270952302286588e+01 3.469001394743465028e-01
3.189355734065797066e+01 1.077134864633396916e+00
3.189699076206081685e+01 1.817770629209647382e+00
3.190343598825617022e+01 2.538570973658810459e+00
3.189384139880410629e+01 3.274498816841784787e+00
3.189116548460446410e+01 3.994079726104040162e+00
3.264940064626080840e+01 -4.010442782441149490e+00
3.264361734298338291e+01 -3.284983598435388785e+00
3.261805167145744377e+01 -2.554584704575692200e+00
3.263569312091174623e+01 -1.840731543644078982e+00
3.262178585685152399e+01 -1.087986381249923085e+00
3.263327733925203944e+01 3.475784581213403612e-01
3.263210557222395636e+01 1.064882978488640219e+00
3.261529286210929257e+01 1.809533788378082875e+00
3.262296516958401327e+01 2.536359999681071287e+00
3.260192013736932637e+01 3.247382060140168392e+00
3.263703059678831409e+01 3.976783980915634231e+00
3.336245008356747377e+01 -4.016817797225627373e+00
3.336520875730912650e+01 -3.285120648296864232e+00
3.337008564249369869e+01 -2.543945880024924833e+00
3.336172291323619987e+01 -1.826328638689670214e+00
3.336305037275193541e+01 -1.097458976221169280e+00
3.335914644138346574e+01 3.370933987008299937e-01
3.334034793024500942e+01 1.085081890712249475e+00
3.338244592492662122e+01 1.799081460900723073e+00
3.336345194505386047e+01 2.534260769703365668e+00
3.336440113617495484e+01 3.263587729555311512e+00
3.335931182498658387e+01 3.981948513695506620e+00
3.409141347294208657e+01 -4.005803431129400849e+00
3.409278620492175804e+01 -3.284216740598772333e+00
3.410172955390617489e+01 -2.556592002848546485e+00
3.408415137049897936e+01 -1.841764576989284308e+00
3.408810695079289843e+01 -1.097456025703671401e+00
3.410000094404690429e+01 -3.750135482895267103e-01
3.408704556091171156e+01 3.506995784236011104e-01
3.409185334774931420e+01 1.081838728596373755e+00
3.408870153228040323e+01 1.801215945177588651e+00
3.406566310176136625e+01 2.543997351321539924e+00
3.410600599618715734e+01 3.265745281100961961e+00
3.408068772710267780e+01 4.004873389644025394e+00
3.483288066322517551e+01 -3.996167264954141984e+00
3.482774991697433364e+01 -3.276012738111916178e+00
3.482412244503907317e+01 -2.541879468136809095e+00
3.481362022589784289e+01 -1.832521439106834293e+00
3.482453345798311517e+01 -1.103271814292124731e+00
3.482027662437825910e+01 -3.800732393303896117e-01
3.482154164241790539e+01 3.474254479836780263e-01
3.482381347080373502e+01 1.093841603258820072e+00
3.482697207450846832e+01 1.819795807991500425e+00
3.483788785166569113e+01 2.532412350471460627e+00
3.484138308038406961e+01 3.265408487863737719e+00
3.481505799714023652e+01 3.989728922100695740e+00
3.555227779012454192e+01 -4.008013242568978285e+00
3.552434707857702989e+01 -3.287161087878075705e+00
3.555174680532561382e+01 -2.547462458057154322e+00
3.554790974364907896e+01 -1.827544977994556064e+00
3.555883883317857652e+01 -1.110066932543229967e+00
3.556189047614353882e+01 -3.853589128850529733e-01
3.553650102284429835e+01 3.551833346373598488e-01
3.554768996922359037e+01 1.066554347110113099e+00
3.553258685712136611e+01 1.817473335515472854e+00
3.553061324136623256e+01 2.526300462857030027e+00
3.555613794571782904e+01 3.265832503386754126e+00
3.554375449344269811e+01 3.983557815898137733e+00
3.628889674067179527e+01 -3.985015900026304791e+00
3.628357367125789068e+01 -3.262419704620526772e+00
3.628265685226819670e+01 -2.547321170377752964e+00
3.628538863632940803e+01 -1.826008224434865213e+00
3.628623392576107420e+01 -1.101265620888288055e+00
3.627258340619912502e+01 -3.712479373768253765e-01
3.629077103430950757e+01 3.676127796712052032e-01
3.628945685732325188e+01 1.115314724266948332e+00
3.629707319087813033e+01 2.535100531548753366e+00
3.627052174524406070e+01 3.270720429828941178e+00
3.628769400969986947e+01 4.016760157965244105e+00
3.698966543028284804e+01 -4.026904512990778784e+00
3.700244287624379780e+01 -3.269639677653746190e+00
3.702770008977672234e+01 -2.570643638876795478e+00
3.701029160677607166e+01 -1.829938711267850238e+00
3.700935888919273253e+01 -1.094044210240983972e+00
3.700201585324449383e+01 -3.724530254091753534e-01
3.703494868514973604e+01 3.632456597197233350e-01
3.701022149897406877e+01 1.079533478782341405e+00
3.701257427091793062e+01 1.843184815036913449e+00
3.701922364120250819e+01 2.548193067149867375e+00
3.703376789391435153e+01 3.302079889288002335e+00
3.704425444369372400e+01 3.986250880118461737e+00
3.776646497945404946e+01 -3.997674019945588242e+00
3.773800868163110778e+01 -3.276022955941499504e+00
3.774255207562466552e+01 -2.544238857790414698e+00
3.773117453563013868e+01 -1.090555136033060535e+00
3.773064947950954462e+01 -3.626059709617130977e-01
3.772168531568897976e+01 3.858559536856951411e-01
3.774106144107982885e+01 1.107419390152532657e+00
3.774973187664038932e+01 1.794699204334587961e+00
3.776215126298104252e+01 2.548417348371632585e+00
3.773114889047287335e+01 3.273408011623324398e+00
3.774774336094247218e+01 3.994351335425854188e+00
3.847828572923176438e+01 -3.992137666589030687e+00
3.848930969840117911e+01 -3.258402133238814002e+00
3.847746250746192942e+01 -2.551641904326533705e+00
3.846655493839769946e+01 -1.829329702893403464e+00
3.847920230894438731e+01 -1.094014281501745955e+00
3.846145055608530328e+01 -3.621087953911690249e-01
3.848738297251606610e+01 4.004136662371600153e-01
3.849672344258228662e+01 1.098699802347031351e+00
3.849961508096816232e+01 1.815341777342446505e+00
3.847273346154012330e+01 2.557131138610849064e+00
3.926139160895710489e+01 -3.967357360935221067e+00
3.923576610658788155e+01 -3.245162492038517144e+00
3.924827773390200747e+01 -2.564539467301848674e+00
3.922176187546698856e+01 -1.797009530377870590e+00
3.927395112602493299e+01 -9.962087661730976151e-01
3.922732646354503316e+01 -3.104769456647744619e-01
3.922099736079365329e+01 2.567132249577845471e+00
3.919852368875536541e+01 3.211507830225954763e+00
3.994707369438190625e+01 -3.295852946443972087e+00
3.994602838602292394e+01 -2.480039069388244144e+00
3.991595965934940438e+01 -1.771258461442371868e+00
3.999094259313776689e+01 1.100289508968430141e+00
3.999597899017282288e+01 1.839445041161692274e+00
3.999784676198174083e+01 2.599168349932096334e+00
4.000331491234188519e+01 3.310118943818025627e+00
3.999398571701079419e+01 4.009023498275908537e+00
4.073902879504941410e+01 -3.998800631998090438e+00
4.072022092835964457e+01 -3.252298530518451969e+00
4.071675478942871251e+01 -2.550014785142565188e+00
4.070964706955853529e+01 -1.797487347178915229e+00
4.071955353917555698e+01 -1.074813962803414569e+00
4.073149868627169923e+01 -3.484802642392175187e-01
4.074634280078198145e+01 1.108180803042948526e+00
4.073023706156106272e+01 1.833386125060854965e+00
4.071870909933738147e+01 2.554481342527250121e+00
4.070611466092142194e+01 3.312577415251148238e+00
4.071551762919299478e+01 3.998800631998086885e+00
