-2.967162430774038739e+00 -4.120106070203977566e+00
-2.952527095784766686e+00 -2.670866328969392356e+00
-2.967200208758086433e+00 -1.935148880314343955e+00
-2.964532017449442947e+00 -1.203948027132650367e+00
-2.986214317230029280e+00 -4.711645379783426790e-01
-2.967487783725729855e+00 3.424621983368183464e-01
-2.965471582878151935e+00 1.006873427675962773e+00
-2.966336046747379385e+00 1.731848295114406966e+00
-2.961290056191167253e+00 2.434599584687767049e+00
-2.971507669196761015e+00 3.155914006001410144e+00
-2.963346851503565915e+00 3.911458759489761405e+00
-2.115578715998040593e+00 -4.087832632929544019e+00
-2.147798475103016358e+00 -3.375395525837408428e+00
-2.152104785879402016e+00 -2.634119987318094047e+00
-2.191083856334145707e+00 -1.906842759095201956e+00
-2.167870838528600075e+00 -1.182823141835644520e+00
-2.159223718906424949e+00 -4.731218345841909922e-01
-2.183892761421873274e+00 1.004903955673174920e+00
-2.212822134262601992e+00 1.733839839253363380e+00
-2.213442880763778930e+00 2.440639059223421725e+00
-2.233732357641919464e+00 3.226820861816172226e+00
-1.417785189010558611e+00 -3.358614569566466201e+00
-1.485949956108669312e+00 -2.628944782059974727e+00
-1.424098456519281797e+00 -1.911554653829430350e+00
-1.439139485711883992e+00 -1.171070498912147428e+00
-1.439620282933937290e+00 -4.528426775310805397e-01
-1.425626010908594310e+00 1.024979517129256834e+00
-1.443876434188780422e+00 1.737500773990191760e+00
-1.466856867516661111e+00 2.489117757228772376e+00
-1.466831148100808946e+00 3.233085636632324622e+00
-1.467179872409310804e+00 3.957893471707649269e+00
-6.930318662149090869e-01 -4.070770119426988742e+00
-6.904472963486156800e-01 -3.354464352496083990e+00
-6.821211917622420629e-01 -2.621096971540385567e+00
-6.953714653023297387e-01 -1.891063634108085978e+00
-7.278026425794337229e-01 -1.187625849677072409e+00
-6.887310373234925009e-01 -4.544014461356447043e-01
-6.991755261431578106e-01 9.867364240274696385e-01
-7.216561367514842118e-01 1.768060985512157401e+00
-7.151926543418412052e-01 2.506371567038595316e+00
-6.980826644692328387e-01 3.227877401904059695e+00
-7.027954981422226410e-01 3.949893098151370907e+00
4.481141126631627003e-02 -4.045232554575438400e+00
8.682787965895499838e-03 -3.332514696758476447e+00
3.717945019286617026e-02 -2.629165251826048433e+00
5.135305173548232460e-02 -1.894178753064711174e+00
5.513018708309402882e-02 -1.167941139516674554e+00
4.909244133298784618e-02 -4.222802384862127667e-01
5.111133575605464330e-02 3.064918409435080093e-01
2.829393998855067593e-02 1.736785095717149119e+00
4.290600285155221627e-02 2.524629667774277664e+00
-2.420667240142648780e-02 3.246379423483830351e+00
3.796264678862115716e-02 3.976673023203446178e+00
7.911596348293130632e-01 -4.034248404353945716e+00
7.684244286238879340e-01 -3.368883641982488797e+00
7.361318432331458439e-01 -2.632152788651691111e+00
7.688649035691739186e-01 -1.901003866114223229e+00
7.809284331750561137e-01 -1.178122008012628896e+00
7.661590877164456970e-01 -4.304528589382314863e-01
7.232288963544419857e-01 2.668521481117380745e-01
7.584080907035968266e-01 1.009570354914558266e+00
7.698346984792721059e-01 1.751622756712098550e+00
7.947339867523055545e-01 2.527919419734949713e+00
7.369866935054290025e-01 3.178880527884146545e+00
7.750421662756892260e-01 3.950145532363585232e+00
1.528922542159236286e+00 -4.041971145023040890e+00
1.572392867994203414e+00 -3.265954309375434406e+00
1.496174699774492467e+00 -2.590675260031954252e+00
1.503055383028815584e+00 -1.905343625165301091e+00
1.503626330126060395e+00 -1.169729849103511299e+00
1.507047387528515969e+00 -4.831668811417237919e-01
1.496034234446099731e+00 2.555385736381623474e-01
1.533343054205147382e+00 1.005471354519837490e+00
1.539543563582491004e+00 1.736085074215278468e+00
1.521957559214861533e+00 2.534458208521535028e+00
1.520906806744889650e+00 3.205674214655118703e+00
1.517195158650629594e+00 3.914581713737518953e+00
2.224145840081256154e+00 -4.023774525765720256e+00
2.237331107204639125e+00 -3.305212848625156852e+00
2.239615967542945896e+00 -2.586483730856482310e+00
2.306844333504145084e+00 -1.866063373475807197e+00
2.209878550803544783e+00 -1.189399534688519111e+00
2.243039295123963939e+00 -4.484631327291026537e-01
2.174975349037048034e+00 3.212281630843705216e-01
2.268517408694968651e+00 9.825875228235965153e-01
2.278429856611353443e+00 1.728394033007809583e+00
2.294746435257231099e+00 2.469903512688389924e+00
2.324207361115895765e+00 3.194758962125568758e+00
2.976359438991970308e+00 -4.028538603815778885e+00
2.981342560187108859e+00 -3.307690360004460928e+00
2.982888528970867981e+00 -2.582066930503984281e+00
2.962665492243836241e+00 -1.166689939950366295e+00
2.972769850694461979e+00 -4.586744062907897046e-01
2.993309258686267071e+00 2.895683290658155329e-01
3.015167241531493403e+00 9.971982821725298152e-01
3.062326102653116777e+00 1.742120338974093130e+00
3.046241013552346999e+00 2.444343005967887450e+00
3.070938047992584075e+00 3.163150164665708530e+00
3.111077674789406444e+00 3.854718073603784489e+00
3.704017054720807778e+00 -4.033620637862878056e+00
3.723041902034260886e+00 -3.305466761606975723e+00
3.718488530799206160e+00 -2.581229154479007804e+00
3.733988087531933786e+00 -1.852852170694852418e+00
3.714149509838648555e+00 -1.166353440917216489e+00
3.713798680430237198e+00 -4.184698425963730983e-01
3.742068637298061162e+00 2.840365913913309726e-01
3.753829516340523753e+00 1.042383221268721627e+00
3.795062716627640498e+00 1.725609226255254924e+00
3.826745596877124456e+00 2.469533517882997131e+00
3.805699803048078422e+00 3.164932446402680455e+00
3.793187306018872107e+00 3.910714688225688462e+00
4.466848745343078519e+00 -4.037699056014904642e+00
4.448944691960711850e+00 -3.323181024447503518e+00
4.458788103436731376e+00 -2.582088152823462934e+00
4.457664518716626390e+00 -1.831145511249019364e+00
4.448635914999762520e+00 -1.123914395055166437e+00
4.510006361483391402e+00 -4.259340878126707253e-01
4.487889627708909757e+00 2.979785277829805068e-01
4.506229726997958096e+00 9.913402450257819964e-01
4.511068306638506442e+00 1.736512038709623340e+00
4.550403397941025219e+00 2.487169320660722605e+00
4.567590290221140492e+00 3.188458765908670500e+00
4.579033940781393142e+00 3.894255445852138564e+00
5.220041686380298529e+00 -4.036229791826297486e+00
5.206962440623620125e+00 -3.348196345726261569e+00
5.206511693553274256e+00 -2.583931799740867064e+00
5.210144200450145036e+00 -1.867994056391406588e+00
5.290701270518418653e+00 -4.274101111194568148e-01
5.268887802675024545e+00 3.010768241195762585e-01
5.228498077185456339e+00 9.970893261912436856e-01
5.276416528194012301e+00 1.741975980089875975e+00
5.305256160800198018e+00 3.163594634943272865e+00
5.339472410603171681e+00 3.884275799161372333e+00
5.941769181053132343e+00 -4.038249505851904786e+00
5.901523654495640869e+00 -3.332244229946432768e+00
5.953381659079376220e+00 -1.871723135077640876e+00
6.008807566861051441e+00 -1.166483030333505866e+00
6.054192937050231649e+00 -4.226116396357397775e-01
6.081105657284808785e+00 3.032172518507856296e-01
6.034366235299771120e+00 1.014695455800744384e+00
6.031806899388357124e+00 1.705898795127716028e+00
6.052045385257848409e+00 2.450566095492067831e+00
6.062871614841512269e+00 3.185772809962656993e+00
6.056685531194645478e+00 3.925637684903563240e+00
6.762682121851490535e+00 -4.048888739571317785e+00
6.744605656130303828e+00 -3.330624411966695675e+00
6.758860532613361727e+00 -2.532351297752406083e+00
6.712410830215311819e+00 -1.911337818596368976e+00
6.763634822850399075e+00 -1.204097123513950152e+00
6.809774850737760232e+00 2.412046482566410077e-01
6.815917230413816696e+00 9.927607909065692127e-01
6.803420085482287050e+00 1.697569097595593490e+00
6.784121469669223359e+00 2.445194896932125772e+00
6.782529986872319228e+00 3.158385070183101107e+00
6.779606076031264195e+00 3.905365853473767856e+00
7.531242784835583848e+00 -2.637693098566884942e+00
7.555670079286805674e+00 -1.202103520656006452e+00
7.550256455956677826e+00 -4.874895877435498903e-01
7.529016091420231760e+00 2.486285149418208107e-01
7.515770495325604372e+00 9.851329965830650792e-01
7.539179586237807484e+00 1.693749580616398021e+00
7.531477837184077373e+00 2.431372415861638103e+00
7.537855236623634880e+00 3.163506618041537877e+00
7.569506790706995503e+00 3.865701720723905055e+00
8.311003246321071458e+00 -1.939854500038038054e+00
8.291960544384231468e+00 -1.227664821002694140e+00
8.306265945840635823e+00 -5.222769547154157976e-01
8.272819579091923003e+00 2.103711088185207245e-01
8.253071106447727345e+00 9.979576178931388597e-01
8.278598660437381795e+00 1.699943508364906819e+00
8.305782787723337890e+00 2.386125569503171562e+00
8.294339873667837537e+00 3.117457631094843862e+00
8.354511906364926688e+00 3.810998218770372148e+00
9.201565063360725105e+00 -4.084149449331519577e+00
9.201442973599306185e+00 -3.358074113627925072e+00
9.190393389775714184e+00 -2.632442759056552006e+00
9.138535949026632466e+00 -1.951490029986850061e+00
9.115679107253654934e+00 -1.210153929198753531e+00
9.104624180026831937e+00 -5.060974213192359628e-01
9.034123331623959530e+00 9.678237313509221451e-01
9.025976188057484251e+00 1.642377719344061404e+00
9.053569276165788438e+00 2.393555824912041885e+00
9.075656905107990724e+00 3.136615356403112287e+00
9.123409100141948613e+00 3.808105949606385821e+00
9.971014594936043807e+00 -3.392279475956215151e+00
9.965713215268785063e+00 -2.646325775621612308e+00
9.967964366002298959e+00 -1.954870621855494761e+00
9.902734152802523226e+00 -1.233352567253216847e+00
9.828896040791995858e+00 1.973777031209209554e-01
9.791553716568394350e+00 9.351907139930695223e-01
9.791086407590675833e+00 1.646597447372489142e+00
9.806237807711646326e+00 2.364448097506457458e+00
9.855926033462324654e+00 3.057432033388948867e+00
9.886861882763383846e+00 3.831508910446153493e+00
1.074751973675583372e+01 -3.381222424353612865e+00
1.072951805525944735e+01 -2.656742292057028720e+00
1.076246703741601607e+01 -1.990026683051112855e+00
1.069113182034703158e+01 -1.211890902376485002e+00
1.068528689480986316e+01 -5.006930290760074342e-01
1.061648327636388700e+01 2.008101681338665401e-01
1.056102276499249371e+01 9.218590024727433274e-01
1.053795222875992010e+01 1.657064191455933866e+00
1.056718821821583276e+01 2.375761368590652012e+00
1.062019152706366754e+01 3.080151316317987664e+00
1.062969668024116743e+01 3.789637286205476130e+00
1.165521370146035451e+01 -4.149998109326176632e+00
1.159060567692556276e+01 -3.409905396921487863e+00
1.156621002526860309e+01 -2.714953549397709054e+00
1.149163691056741499e+01 -1.980150194729159097e+00
1.148079670279140174e+01 -1.221764974719505403e+00
1.144309409728480631e+01 -4.880957302851385293e-01
1.146141210648187325e+01 2.287420586126067690e-01
1.140711906907346673e+01 9.001462214610533863e-01
1.150504097032588646e+01 1.629434381160820067e+00
1.143338195175488892e+01 2.404967561529758768e+00
1.141256073429440221e+01 3.094766744471840525e+00
1.146564389674148998e+01 3.803048806992272546e+00
1.249304479015464864e+01 -4.099777458863851365e+00
1.249924245185098215e+01 -3.393438075561356015e+00
1.246585475551421496e+01 -2.634065721437711005e+00
1.241304251825737026e+01 -1.202999893468881254e+00
1.232270728982926755e+01 2.082714101612666013e-01
1.220765011926526711e+01 9.349950522799730379e-01
1.220297160224161104e+01 1.661038229850174019e+00
1.219326435543263187e+01 2.387083179949215150e+00
1.222752975868402814e+01 3.116632004310915249e+00
1.223377956007674072e+01 3.816262318002657139e+00
1.319750796617636013e+01 -3.394298036292774157e+00
1.328716593381387412e+01 -2.653276518381030513e+00
1.322387159571806592e+01 -1.960872005064103973e+00
1.323134328161354034e+01 -1.240909968984666989e+00
1.318115596347927010e+01 -5.089927291746931814e-01
1.313912904367611389e+01 2.211878818191799212e-01
1.307957549117359974e+01 9.481050722449957391e-01
1.298752438111994678e+01 1.665549791649841183e+00
1.295102823764827349e+01 2.436398908480008174e+00
1.296771379136845326e+01 3.123851950920624176e+00
1.303060603299552866e+01 3.820246993623570120e+00
1.409868238515962702e+01 -4.132611293554408149e+00
1.407681445911786966e+01 -3.398962364648152601e+00
1.406086786610610062e+01 -2.660897699603751221e+00
1.403316875261553065e+01 -1.958838996778112573e+00
1.385988970574382506e+01 2.651012610925924662e-01
1.381953543545711938e+01 9.615430132124593854e-01
1.380139540936530551e+01 1.678253581758678337e+00
1.381797913606147432e+01 2.382521376923882883e+00
1.387957590163266985e+01 3.099647757920266145e+00
1.390396725975173098e+01 3.822914480523557756e+00
1.497550143394600042e+01 -4.125753899107465372e+00
1.496814124231460852e+01 -3.432172418702130301e+00
1.488662852307246709e+01 -2.644184087963541430e+00
1.477583592262019607e+01 -1.216009254553377161e+00
1.472468406073527802e+01 2.664341700026540138e-01
1.472399681813201511e+01 9.206938512820990184e-01
1.458580418001876211e+01 1.691426494054585561e+00
1.464844945771964291e+01 3.132887559816616374e+00
1.463419468179753125e+01 3.839013133675805989e+00
1.576044020155221403e+01 -4.151132028501763216e+00
1.574894169104259589e+01 -3.424633772648135732e+00
1.577060210160139775e+01 -2.702444454979538335e+00
1.575201511740502980e+01 -1.991252605453109226e+00
1.563315932775456929e+01 -1.256177648288549165e+00
1.571049474111331534e+01 -5.105021854332534303e-01
1.548483653154056583e+01 2.641715047709496389e-01
1.541250295453566821e+01 1.707003335765381991e+00
1.542908170604643203e+01 2.418372147169858266e+00
1.537932310322059237e+01 3.141844827456083067e+00
1.544305960133036848e+01 3.814086846758186766e+00
1.649093343910551113e+01 -4.179812984896265959e+00
1.650513783432370474e+01 -3.437171700458353740e+00
1.648296681540113440e+01 -2.742914953859241223e+00
1.647476526261417717e+01 -1.992159763376424308e+00
1.642457814111848080e+01 -1.269953124266784528e+00
1.639921747625642467e+01 -5.488183070550505249e-01
1.637200489349538657e+01 2.024053133208170152e-01
1.626224785403997686e+01 1.732902000577883683e+00
1.622923140078076898e+01 2.411321999522257897e+00
1.618996992519412004e+01 3.069020830268193833e+00
1.621553754640791567e+01 3.848641127511939430e+00
1.725225783303039151e+01 -4.151277945884036313e+00
1.722256360150014132e+01 -3.435156191764445310e+00
1.719424474582484663e+01 -2.728338520272604484e+00
1.717679816931180881e+01 -1.959874257914840712e+00
1.716099992335931290e+01 -1.256491772814918306e+00
1.712472051407747387e+01 -5.383003731039366357e-01
1.712242599638297236e+01 2.749004096124174623e-01
1.704392688824490421e+01 9.531851546315266432e-01
1.702769329625844108e+01 1.620539695397546609e+00
1.701235616968732955e+01 2.452589914561666973e+00
1.700778449750944787e+01 3.154243474228778155e+00
1.704681949338127112e+01 3.893890738606835100e+00
1.796893597903454065e+01 -4.114548791986571530e+00
1.795410095528107064e+01 -3.432349429415953779e+00
1.791811922305941351e+01 -2.669102444473821834e+00
1.789060621729413469e+01 -1.963185322036711256e+00
1.784725052720498439e+01 -1.245393201686351148e+00
1.786229072974559529e+01 -4.941909096849848027e-01
1.781746833769766170e+01 2.261502187656105889e-01
1.780618864352206288e+01 1.007030572669041391e+00
1.778004878292616553e+01 1.706164297257274143e+00
1.777439813085338471e+01 2.456305406825439519e+00
1.773263080377619616e+01 3.201233843269122303e+00
1.774856663391737754e+01 3.914179090072188671e+00
1.868901135487460863e+01 -4.146302017139301910e+00
1.867460732635261422e+01 -3.406773253038217319e+00
1.863496677693564862e+01 -2.665173819339511141e+00
1.862348573625489934e+01 -1.955464133797207182e+00
1.860107127164401675e+01 -1.206094133299920657e+00
1.859208753232594091e+01 -4.806170903132134242e-01
1.855205793413925619e+01 2.658969304134011225e-01
1.856189894606389146e+01 9.788847781700944495e-01
1.850008081394020820e+01 1.724474636412313799e+00
1.849867794821269484e+01 2.451873055001556168e+00
1.847108171414117095e+01 3.211035467042158587e+00
1.851880733981483473e+01 3.958932810345224595e+00
1.952651416054743549e+01 -4.045062473858681784e+00
1.940645171259053825e+01 -3.353330736141064250e+00
1.938465353041067374e+01 -2.627501911094064724e+00
1.935710352682897195e+01 -1.924303281579454961e+00
1.932000753763860956e+01 -1.190704502101009865e+00
1.929742696443193495e+01 -4.711077981865088304e-01
1.930052119145199896e+01 2.662582885031099522e-01
1.927629122619693192e+01 9.899719929914780892e-01
1.926076309307894974e+01 1.730455449642995802e+00
1.926792658341364728e+01 2.446581039163845617e+00
1.924837746162511110e+01 3.188676377814765317e+00
1.931668949531773904e+01 3.925157003812465462e+00
2.027067953605953932e+01 -4.113014150594313634e+00
2.025914562703839294e+01 -3.356778199502112869e+00
2.021301851811492867e+01 -2.604993565237212039e+00
2.015909919101950720e+01 -1.856733188284021452e+00
2.014441798017339380e+01 -1.134077600789971996e+00
2.006867183947727540e+01 2.723446857090543460e-01
2.027259257591483532e+01 9.815710076901993375e-01
2.013350917212373048e+01 1.736099585327188777e+00
2.006523175679144799e+01 2.492640108389949205e+00
2.011202292601416275e+01 3.221828231871768367e+00
2.014876816458318842e+01 3.852874089991360051e+00
2.100121086956733762e+01 -4.105811431997281602e+00
2.097344185222733159e+01 -3.345423188189496244e+00
2.094963827658357758e+01 -2.612694938262517752e+00
2.098737950024428756e+01 -1.907242486924456415e+00
2.101290249005243993e+01 -1.179114285789488292e+00
2.098041598512584471e+01 -4.461044399739435562e-01
2.096676810334442820e+01 2.827193533206191489e-01
2.101449282394645479e+01 1.024562146905854121e+00
2.093837633176553226e+01 1.738678315755066706e+00
2.095052042398866377e+01 2.490768526826119711e+00
2.097370591952226704e+01 3.160549740819405429e+00
2.099797940294848075e+01 3.894921747041315996e+00
2.216266373955406976e+01 -4.007573113364735207e+00
2.215203370523454396e+01 -3.355576278404555524e+00
2.212044203873985282e+01 -2.564875066155330785e+00
2.216464867820474183e+01 -1.844984692889056532e+00
2.203718200257574722e+01 -2.841873736414406437e-01
2.189186729341233217e+01 3.013327783708987795e-01
2.186992974664762812e+01 1.036371172425390341e+00
2.179625785920934078e+01 1.761083374991095241e+00
2.179456787985614596e+01 2.475326549639014218e+00
2.179894031523171805e+01 3.160485497196475535e+00
2.177239908564639137e+01 3.915465440205039727e+00
2.285386020804013185e+01 -4.088214164539028417e+00
2.285662285543066474e+01 -3.357092626379316158e+00
2.284639924747278172e+01 -2.625729014233176173e+00
2.285746039600316237e+01 -1.882975874236308300e+00
2.283890323735171535e+01 -1.158179646666130935e+00
2.281213942889458934e+01 -4.316427611397770647e-01
2.279507784512998825e+01 2.964457203742369984e-01
2.268735105197834656e+01 1.034634693968797592e+00
2.271125251892787844e+01 2.524513950223820302e+00
2.264040184572597525e+01 3.197693214291518871e+00
2.260095438711404370e+01 3.876396057538009643e+00
2.359187536231939220e+01 -4.074723326440143012e+00
2.357799852217389969e+01 -3.355943864884938677e+00
2.360135743293545119e+01 -2.627630081781600069e+00
2.358568486804847453e+01 -1.882783485660212364e+00
2.359277088059040040e+01 -1.168227899259846936e+00
2.355559680631174757e+01 -4.500348245743630571e-01
2.352827341811231321e+01 2.737786516595370756e-01
2.351571459970449496e+01 1.040246106814738170e+00
2.350777763026518841e+01 1.749408988597600967e+00
2.349396398411266063e+01 2.465768588225415670e+00
2.344085909052979133e+01 3.202741298800091840e+00
2.346361532666134053e+01 3.889655482958623622e+00
2.432427650989706081e+01 -4.076409656239793122e+00
2.432238371268412180e+01 -3.357092561341300296e+00
2.432278607136449722e+01 -2.620938744146183552e+00
2.432802516217289934e+01 -1.903558447535711906e+00
2.431983053099973091e+01 -1.156679536302011257e+00
2.430284742236227657e+01 -4.256012584749768735e-01
2.435468567635287229e+01 2.578962261051778171e-01
2.429336270448883539e+01 1.029684775159950050e+00
2.422757228962406373e+01 1.745145351605536632e+00
2.427032669516343333e+01 2.487600510664552900e+00
2.422874870422561600e+01 3.211724665130944345e+00
2.428368472280689616e+01 3.887173143861225810e+00
2.511881445166085314e+01 -4.063420980059898824e+00
2.507532885347171003e+01 -2.644394467184014275e+00
2.501620112552831188e+01 -1.945341822938601695e+00
2.508162435143402291e+01 -1.178728047025202841e+00
2.505860597972177573e+01 -4.621522792474799246e-01
2.505599269041701405e+01 2.551510511071235499e-01
2.505858014765404818e+01 9.973875991807652497e-01
2.506300167935671652e+01 1.735339245660682650e+00
2.503082857422545970e+01 2.456576279499472548e+00
2.502364617026241689e+01 3.191980091810407316e+00
2.504615444532286261e+01 3.908100167950642856e+00
2.582705342539615856e+01 -4.080964382876512531e+00
2.575606283477370795e+01 -3.358637743198567449e+00
2.584325316870018696e+01 -2.637942394454281470e+00
2.579937778335327891e+01 -1.905160123273756057e+00
2.580371318729745411e+01 -1.192377844916883589e+00
2.579786623106957677e+01 -4.651953912453947737e-01
2.579393145995997116e+01 2.646265450256635177e-01
2.578667828234819837e+01 9.863644964960620598e-01
2.579162820128553335e+01 1.719772379385897665e+00
2.581128543723676927e+01 2.433119431040687175e+00
2.580749496358549777e+01 3.179502788587655004e+00
2.582496504934065484e+01 3.899556515569813087e+00
2.655583162710343714e+01 -4.073821199597674081e+00
2.656506343688661076e+01 -3.370050261895489285e+00
2.654602772328229321e+01 -2.644615144994908462e+00
2.654644077874629460e+01 -1.912671738495188123e+00
2.654386305102788413e+01 -1.195165766295051668e+00
2.653781772318364318e+01 -4.386054911931154265e-01
2.654779940745155642e+01 2.624236977868434906e-01
2.651918487300409311e+01 9.908013722507398313e-01
2.656366668255511598e+01 1.737647318084885484e+00
2.660098517666048679e+01 2.485239624596360386e+00
2.657100485970642012e+01 3.180148844695487753e+00
2.659040353500008536e+01 3.899756949204792988e+00
2.735061474497509693e+01 -4.101793081815785058e+00
2.730003683678577886e+01 -3.403718298177047075e+00
2.733469740132701986e+01 -2.655791825958402796e+00
2.730513785127317306e+01 -1.927596825510995870e+00
2.731636016960369773e+01 -1.203776805317232856e+00
2.728795709089447996e+01 -5.091752473710506877e-01
2.730058125061056984e+01 2.618741912898521207e-01
2.729842044782193966e+01 9.442519079064055632e-01
2.729992800195390856e+01 1.733906909202879376e+00
2.731817944134278520e+01 2.424504067768747717e+00
2.735000489842334304e+01 3.152705083827470389e+00
2.734740106726240327e+01 3.871250605332662076e+00
2.811392116865305724e+01 -4.135953113836155381e+00
2.807128915578066852e+01 -3.381279408221505633e+00
2.807228095818182823e+01 -2.654592692862149050e+00
2.809753370067799239e+01 -1.944200254666419880e+00
2.807316496149946516e+01 -1.203362398560507529e+00
2.808513296210302457e+01 -4.882528165328103853e-01
2.809325835315723197e+01 2.241357321921100265e-01
2.810312025660117996e+01 9.342183989228978191e-01
2.809161951933516121e+01 1.679689289826161058e+00
2.805066509382297824e+01 2.421353678507934148e+00
2.808570332754563736e+01 3.146221233249008264e+00
2.812193666809012171e+01 3.868128767083760522e+00
2.894149176189754513e+01 -4.084260940670628059e+00
2.885507439138149977e+01 -3.398186990453812228e+00
2.889083769894707387e+01 -2.635981180502110277e+00
2.883466780380323513e+01 -1.957850164773173418e+00
2.883384270689563067e+01 -1.249451631931517426e+00
2.880182256898309134e+01 -5.072974176351330300e-01
2.881108381938717145e+01 2.114657897646345930e-01
2.883259825693468059e+01 9.301394940522413890e-01
2.885754026321701105e+01 1.644296335627753791e+00
2.888841326546205579e+01 2.367516601575978541e+00
2.889930383662683511e+01 3.082463554074529100e+00
2.887520977474543571e+01 3.825135910537369455e+00
2.967572040496684593e+01 -4.119882588114830213e+00
2.966537476970260201e+01 -3.429848764861436194e+00
2.965590026962380676e+01 -2.703655957763913875e+00
2.965088903375737317e+01 -1.969188743495173810e+00
2.963411060293197608e+01 -1.251292559305838381e+00
2.960302413178487058e+01 -5.215854205618306594e-01
2.962873313023037980e+01 2.045630576712476056e-01
2.958296479542988067e+01 9.311528024786817070e-01
2.960633715383911380e+01 1.636555339534581321e+00
2.963091396339753913e+01 2.347710167782103952e+00
2.963682406220389254e+01 3.063142872423703977e+00
2.965020573097221046e+01 3.806395318299941266e+00
3.045852504267630678e+01 -4.127531985704504081e+00
3.039123730357957953e+01 -1.969922260689468629e+00
3.038374316667047736e+01 -1.281882492045308908e+00
3.041074244223704426e+01 -5.081760662166523446e-01
3.041280394449105273e+01 1.712186852752353161e-01
3.036434334758153142e+01 8.991199613628886311e-01
3.037532971178546148e+01 1.628192500345100768e+00
3.039450049554040589e+01 2.345064009038562602e+00
3.038779474440344330e+01 3.051638442018038688e+00
3.038199979763792413e+01 3.777917330761866310e+00
3.123520246341863782e+01 -4.150854539603017201e+00
3.119587219078957929e+01 -3.404081015864552029e+00
3.119016614616099758e+01 -2.690915483538354636e+00
3.119896178718467894e+01 -1.982787399881996038e+00
3.116930047373521262e+01 -1.260746548345711204e+00
3.115807517286281580e+01 -5.633107837168367382e-01
3.116383252278252058e+01 1.682371392362895790e-01
3.118467139093203144e+01 8.775085982252583960e-01
3.118587566751464379e+01 1.622233768253309449e+00
3.118244278746653464e+01 2.353767209741260302e+00
3.114789833043969480e+01 3.093332989632138208e+00
3.115731870515318036e+01 3.811249651421597662e+00
3.204619830849116369e+01 -4.111936244047790012e+00
3.198747739382653066e+01 -3.431961695774397469e+00
3.190666221369465205e+01 -2.687780535111429003e+00
3.193273521586963426e+01 -2.004888122071108114e+00
3.191296244029452822e+01 -1.245946683357775697e+00
3.191936432576958538e+01 1.523479649964833982e-01
3.191579027078625330e+01 8.787799082213183510e-01
3.189232821255432526e+01 1.618636088755717850e+00
3.191031620523080647e+01 2.357621940162278662e+00
3.192512434863316884e+01 3.088662361364825415e+00
3.199466126634980156e+01 3.803405258326719718e+00
3.272124663670685862e+01 -4.122311386707902869e+00
3.273048259947345429e+01 -3.429932197760980017e+00
3.272974917955416885e+01 -2.689666268600355181e+00
3.269370640757649227e+01 -1.979351083611366136e+00
3.269033671153433573e+01 -1.273658598292204402e+00
3.267119137128602091e+01 1.632083460547235632e-01
3.265627851559330708e+01 8.873455219503156854e-01
3.271967450776781305e+01 1.601306277866495265e+00
3.270550972365179376e+01 2.336476973332409557e+00
3.270870160290454720e+01 3.083307475986309498e+00
3.270768106104062412e+01 3.805117996456836238e+00
3.352902164986978306e+01 -4.129323343480777453e+00
3.349362589103169086e+01 -3.415302870168616778e+00
3.351619776867961065e+01 -2.698448777836720325e+00
3.347338040806257453e+01 -1.976871954257674702e+00
3.343806676054217775e+01 -1.230932919508674672e+00
3.348990769614541563e+01 -5.527584942737462370e-01
3.343834110711610919e+01 1.561834215438473450e-01
3.343502994388011729e+01 8.915948809331446512e-01
3.343626087330677166e+01 1.619594380879693318e+00
3.341881662169186740e+01 2.376347025652773226e+00
3.346469601909259239e+01 3.091583369799309366e+00
3.343548910782048011e+01 3.836623889526556752e+00
3.426929038751978140e+01 -4.097709392394097705e+00
3.425807304528748176e+01 -3.377236144514494498e+00
3.422862469697459886e+01 -2.673750161899096867e+00
3.421157544402652917e+01 -1.979740269554074672e+00
3.421137029547956132e+01 -1.269788656493606283e+00
3.419928546355905752e+01 -5.545143246147681282e-01
3.417211308591652852e+01 1.733582226248771008e-01
3.418429454928867273e+01 9.130695400917758775e-01
3.419586126681209493e+01 1.654392376127013620e+00
3.421111210779304912e+01 2.370077354526490154e+00
3.421702658645296680e+01 3.102990304052987369e+00
3.420034190548914665e+01 3.826613156613781541e+00
3.500609896989765701e+01 -4.115374900069966202e+00
3.493067374543226578e+01 -3.420155791166742176e+00
3.498854548973283585e+01 -2.683275929278877925e+00
3.495676884487576075e+01 -1.971095900627723552e+00
3.495992710007514148e+01 -1.274753427375685533e+00
3.494928523465939207e+01 -5.435535870559178306e-01
3.494633291159471611e+01 2.070532441775583266e-01
3.492427588910413050e+01 8.999091544856554492e-01
3.490796522545307567e+01 1.662678051490576792e+00
3.493816792745149513e+01 2.372193581219018910e+00
3.495002851662331267e+01 3.126219386347386830e+00
3.493139286997101323e+01 3.855572671624585723e+00
3.575312053699985171e+01 -4.098808016800663978e+00
3.574143936444929892e+01 -3.386003399634564204e+00
3.573631974595422633e+01 -2.668726559796184006e+00
3.570338536183684397e+01 -1.963923344325387177e+00
3.569529938567787752e+01 -1.239059877182363323e+00
3.567801035262376530e+01 -5.131595034068077155e-01
3.569681307568516360e+01 2.441578292050579080e-01
3.571067086764198706e+01 9.846302632656858123e-01
3.571507844514778895e+01 2.380632155367429448e+00
3.569467521573319146e+01 3.141531709233404968e+00
3.572403973933182186e+01 3.905276531340518886e+00
3.649778315044753896e+01 -4.125908049911945596e+00
3.648638270009234219e+01 -3.376000254409884604e+00
3.648391016993144120e+01 -2.697369297604279126e+00
3.644434514039023298e+01 -1.943099792147389593e+00
3.643035642374736227e+01 -1.217407185363324373e+00
3.642177745960807300e+01 -4.910667195493978454e-01
3.645068190316818146e+01 2.397385669594491731e-01
3.644193466878046905e+01 9.419463303285766642e-01
3.643142308040150823e+01 1.731236441048032759e+00
3.643490763571248436e+01 2.421443494306707578e+00
3.650185065480514623e+01 3.183864171235434526e+00
3.653788400367728428e+01 3.876400691078977445e+00
3.728025238139884578e+01 -4.096371109076329731e+00
3.722588662462779752e+01 -3.361768353477465610e+00
3.721540582666390407e+01 -2.639342935316427941e+00
3.717276233293080878e+01 -1.188864166792917842e+00
3.715830419266801954e+01 -4.745155658062678583e-01
3.713772724560657679e+01 3.227319532755359432e-01
3.717970212175598732e+01 1.011014966726250464e+00
3.725605976249280360e+01 1.696059530023799056e+00
3.726484262138485093e+01 2.430820469249862725e+00
3.722417128967274635e+01 3.165072721530336253e+00
3.725394775116028967e+01 3.879967044665598053e+00
3.803887809100445594e+01 -4.044439225780614322e+00
3.800314681333006916e+01 -3.332995138445635774e+00
3.797878658916466321e+01 -2.616548075421228248e+00
3.796643243402403556e+01 -1.897074250135283080e+00
3.796556901151013363e+01 -1.159027916353061016e+00
3.793144247666116797e+01 -4.403412620529572052e-01
3.803111682178288078e+01 3.285698144272899412e-01
3.802236451961578467e+01 1.026153747240147851e+00
3.804545707099659779e+01 1.702911347080714677e+00
3.809529249393455785e+01 2.467380546555578036e+00
3.886908739947690350e+01 -3.980301515345519903e+00
3.885273338059754877e+01 -3.267583012267902376e+00
3.880854911682740038e+01 -2.582741776961412938e+00
3.888608628961498681e+01 -1.822794038041816833e+00
3.891867338787350405e+01 -1.123622847147132120e+00
3.881060419240983350e+01 -3.378982196089843626e-01
3.892895019479572483e+01 2.560150805994489076e+00
3.887073213461486176e+01 3.191624179811185513e+00
3.971378506839520384e+01 -3.282480754005096202e+00
3.958602429208190898e+01 -2.953398404787915155e+00
3.968764989263423359e+01 -1.767516070606582446e+00
3.998733600418155021e+01 1.125886708273437620e+00
3.999794663447682552e+01 1.869727242050181815e+00
4.000531699008401887e+01 2.616461347854759367e+00
4.000395558068724000e+01 3.339347405361756671e+00
3.999398023931178869e+01 4.011748193444276467e+00
4.073836131335774979e+01 -3.982809713949674091e+00
4.072571246265403744e+01 -3.245492032485927325e+00
4.071454907070336304e+01 -2.488522221996475992e+00
4.071206142708246745e+01 -1.780176495702626482e+00
4.072653820467558461e+01 -1.057162043864330769e+00
4.073031620060928759e+01 -3.328638991657690838e-01
4.073990602063319244e+01 1.128258806795525260e+00
4.072982959789639068e+01 1.848091168813862595e+00
4.072128232440588391e+01 2.508008293006387390e+00
4.070251043842142025e+01 3.326495600535700703e+00
4.071618511088468750e+01 3.982809713949677644e+00
