-3.686657892898004718e+00 -4.147242993819293844e+00
-3.622636275501704972e+00 -2.954559112919124431e+00
-3.685796503191987483e+00 -1.962202642755123350e+00
-3.684077850502930573e+00 -1.244532205523942281e+00
-3.713865011646156233e+00 -4.949351294724593231e-01
-3.690749022020071379e+00 2.920929020389095854e-01
-3.688838328883520035e+00 9.750024425443406528e-01
-3.691578515086348489e+00 1.705735770451472177e+00
-3.683832066518277770e+00 2.408038415348638495e+00
-3.697720366230861089e+00 3.109861234723361179e+00
-3.690834617382705574e+00 3.878967637163526661e+00
-2.804364511031245399e+00 -4.117336437065375776e+00
-2.844906386373494911e+00 -3.403668205216106912e+00
-2.854777742188836953e+00 -2.655576435763784104e+00
-2.888437613725628239e+00 -1.939050206376670360e+00
-2.870464927994824222e+00 -1.208704182671748839e+00
-2.868771723884933067e+00 -5.014609309276814031e-01
-2.881533142298167149e+00 9.757195433377106042e-01
-2.921583846544940855e+00 1.711890531007188798e+00
-2.925205705805701939e+00 2.419651420515439355e+00
-2.943342365112528114e+00 3.204121218082178757e+00
-2.108424595774849308e+00 -3.384681244948893664e+00
-2.167434618982795769e+00 -2.647068619737581230e+00
-2.123322820197977023e+00 -1.938283902993322982e+00
-2.142985164655073049e+00 -1.198602838965307171e+00
-2.143130776027440731e+00 -4.855382131293843884e-01
-2.120506555605622623e+00 9.941781715546191833e-01
-2.151866659862562869e+00 1.712799717097190921e+00
-2.185366485144932369e+00 2.462399261020930652e+00
-2.178250782425948273e+00 3.220532813087643831e+00
-2.186502779208197467e+00 3.935800316120804609e+00
-1.384054626702720725e+00 -4.092922997804471663e+00
-1.392833318147019384e+00 -3.380009418764565510e+00
-1.383843914007059084e+00 -2.645091675127439146e+00
-1.395356580286097881e+00 -1.911452498209897044e+00
-1.430039558307399261e+00 -1.213497372076226100e+00
-1.389604704052807449e+00 -4.864485286874966619e-01
-1.400167956997869112e+00 9.568681182246194794e-01
-1.424544168820062851e+00 1.746278470358621604e+00
-1.412507152222737261e+00 2.492600360347232424e+00
-1.413293159702057267e+00 3.202285825818179887e+00
-1.408903100991530266e+00 3.933156171337913065e+00
-6.453919465777744335e-01 -4.066506807424925540e+00
-6.724835652000322739e-01 -3.342803738992525808e+00
-6.559718785265786778e-01 -2.647273565916073323e+00
-6.460026341312001819e-01 -1.919908522552830732e+00
-6.456838528889292661e-01 -1.195430196601321882e+00
-6.464844768063073843e-01 -4.554374666033034202e-01
-6.428524030144515677e-01 2.946301776450006571e-01
-6.747851624473213406e-01 1.706224733699837515e+00
-6.625592451716428855e-01 2.503694864139376364e+00
-7.361942100116181109e-01 3.221433547171137945e+00
-6.711239451167259062e-01 3.963204763235715689e+00
1.041637256816869694e-01 -4.049182471584320098e+00
7.455015916659846198e-02 -3.383126419860122525e+00
4.702501312709017611e-02 -2.656934119968521912e+00
7.421836341092102884e-02 -1.918788275425448830e+00
8.113932340742735505e-02 -1.204268278854044638e+00
6.458220318799590132e-02 -4.660431306614611913e-01
2.427008836696842309e-02 2.458147163935606727e-01
6.664111007999196090e-02 9.876274670662894550e-01
7.138773122710517782e-02 1.726053561764704369e+00
9.004990222744879702e-02 2.511843087073959424e+00
2.976073548841640104e-02 3.161487559578425532e+00
7.816518895842250458e-02 3.926142869903408439e+00
8.404427224623560733e-01 -4.065279572763106586e+00
8.904012131096550320e-01 -3.277916335418762372e+00
8.081070605493039238e-01 -2.608148631303620846e+00
8.130325357697714139e-01 -1.927929360127823344e+00
8.116917138502586226e-01 -1.194208917056556629e+00
8.123080808423281951e-01 -5.094050307029576175e-01
8.048569447313411729e-01 2.249349893128176348e-01
8.348783702150157637e-01 9.779016240035787177e-01
8.560272278107277089e-01 1.707678080314600777e+00
8.211761338402325805e-01 2.515097946519269101e+00
8.234508342007487158e-01 3.182387008770831471e+00
8.164504504790457418e-01 3.894872053165762793e+00
1.546835080421985253e+00 -4.038837748358755420e+00
1.553226750693859515e+00 -3.322531237699447360e+00
1.551260320061686571e+00 -2.603448863996771223e+00
1.645438500405461468e+00 -1.895191685345643862e+00
1.524967057719308627e+00 -1.215890840029430819e+00
1.553023516321829334e+00 -4.817318407118804657e-01
1.501023475116419093e+00 2.795948907800536176e-01
1.573482062212796961e+00 9.458313895921790504e-01
1.588990736762603717e+00 1.699927423545087635e+00
1.604012142391901818e+00 2.446162169043610390e+00
1.637098626385999012e+00 3.169441985996144240e+00
2.290529451542418826e+00 -4.041680629631983379e+00
2.299125986654956932e+00 -3.322368206201112173e+00
2.297391178979850679e+00 -2.599064319618765495e+00
2.275229337032456556e+00 -1.189221759757426611e+00
2.283961690356548502e+00 -4.886847754652841047e-01
2.309524332103897848e+00 2.564377709218774726e-01
2.333468888116279061e+00 9.680184821138517748e-01
2.376739431814861803e+00 1.711328811593723742e+00
2.345815157398106976e+00 2.422422214726957179e+00
2.385762996169759731e+00 3.133843381953745677e+00
2.432336300175080623e+00 3.813917033782104227e+00
3.019683115022573361e+00 -4.047526042177516103e+00
3.037356308881427935e+00 -3.321773210909658047e+00
3.031259786646408827e+00 -2.592093098505106497e+00
3.046702921042452772e+00 -1.878927813848150663e+00
3.028393850648761543e+00 -1.187895545637530859e+00
3.026143145817357549e+00 -4.442955514389090865e-01
3.055590277478174244e+00 2.533390963039678923e-01
3.095261891994162795e+00 1.033843425438028873e+00
3.113806682857799046e+00 1.696134239038830316e+00
3.143144397456069328e+00 2.436613924878496817e+00
3.119207184297543733e+00 3.137878886144086721e+00
3.115852596178577016e+00 3.873537925830888184e+00
3.787781561083455983e+00 -4.053594555379877562e+00
3.768124721747000194e+00 -3.341727502017956652e+00
3.779081197441719553e+00 -2.599087208209688526e+00
3.777587247266602333e+00 -1.852825744230706562e+00
3.759834069087688135e+00 -1.145626938639004777e+00
3.829724150098108737e+00 -4.531933994899404183e-01
3.802635422091299233e+00 2.714531854475445982e-01
3.824845112609544628e+00 9.653619750056243731e-01
3.827691979949413792e+00 1.711061575776771093e+00
3.877842824282254242e+00 2.453879926278727197e+00
3.887382000874993082e+00 3.159048226215269040e+00
3.892256009008036699e+00 3.864847283278727730e+00
4.543029360662757199e+00 -4.055913874509460726e+00
4.523657970154339125e+00 -3.367927502921553184e+00
4.527246352052358702e+00 -2.592054780674438064e+00
4.524347622675648495e+00 -1.896289333512168440e+00
4.606214056992854466e+00 -4.466786611408899432e-01
4.593871881846617100e+00 2.790294151338450490e-01
4.528247199621233676e+00 9.716698677282415986e-01
4.596738563463823368e+00 1.715205530996776417e+00
4.628039344165919999e+00 3.139936276030127260e+00
4.663882766339014552e+00 3.855712046583519736e+00
5.268557151087392754e+00 -4.057214739320244234e+00
5.232859616511618128e+00 -3.352045395895437707e+00
5.276301405855733151e+00 -1.892003134656775387e+00
5.336308317569724124e+00 -1.190027191808766815e+00
5.376652920903929100e+00 -4.459823754692280318e-01
5.408605185552467276e+00 2.764978399735618098e-01
5.358301202806842412e+00 9.889454923211964399e-01
5.341052782824156964e+00 1.683589485589145340e+00
5.375996635096171872e+00 2.417978344353226561e+00
5.388720138821391004e+00 3.153408649683825615e+00
5.387901507624626163e+00 3.885013066174401786e+00
6.093386032394143115e+00 -4.051472817084547984e+00
6.078825913933101788e+00 -3.352196100706450466e+00
6.108221188692475323e+00 -2.522614201654281629e+00
6.040590778131033289e+00 -1.935119738333241912e+00
6.097975858958704976e+00 -1.229373213974323420e+00
6.139524442660878378e+00 2.216650205462435963e-01
6.145183940046337057e+00 9.640855943582700149e-01
6.125407917030933902e+00 1.671786339941796484e+00
6.111774504053883561e+00 2.412811968045929234e+00
6.105355727745205741e+00 3.127037253748127910e+00
6.106872912411184018e+00 3.872340228930475803e+00
6.869376373683401482e+00 -2.662955756487029646e+00
6.896403176512109212e+00 -1.239710395001726084e+00
6.888691122818627832e+00 -5.228819719242281394e-01
6.859040532811853552e+00 2.182618638087809870e-01
6.848335029101782823e+00 9.557395949887421693e-01
6.866372598796118609e+00 1.663724657209129987e+00
6.864528855977440003e+00 2.398253959240943090e+00
6.860780588251820689e+00 3.126875079041091965e+00
6.903227559045049588e+00 3.825955852886586683e+00
7.659617803225614807e+00 -1.966664189900175330e+00
7.631123943210965876e+00 -1.251612678182926430e+00
7.644782055196614579e+00 -5.556390264206783058e-01
7.604717445062398440e+00 1.747088154729716791e-01
7.586572497305468232e+00 9.676928769425465759e-01
7.608493081807829128e+00 1.669807469391422217e+00
7.642929073813768071e+00 2.347067225386556544e+00
7.633583954956918660e+00 3.080771681839053144e+00
7.700347027158265689e+00 3.767439995471654868e+00
8.559109407787666157e+00 -4.101395171451748922e+00
8.564714119841340789e+00 -3.378205322931815857e+00
8.542633487814029536e+00 -2.660503668366459351e+00
8.496830153400694030e+00 -1.975407239246404600e+00
8.468009590928346597e+00 -1.239300237000492189e+00
8.449697811042312878e+00 -5.355699397314808152e-01
8.372664974499990365e+00 9.320320588070671874e-01
8.357326575165458848e+00 1.604225214935471655e+00
8.387242558057131703e+00 2.359162987846691095e+00
8.418345598218266446e+00 3.099488464277101230e+00
8.461305700907246319e+00 3.762515040185547832e+00
9.327038077254130144e+00 -3.411817724152061970e+00
9.325316858591257585e+00 -2.672723296795521009e+00
9.324129825791850124e+00 -1.981943666010586469e+00
9.262941558811895959e+00 -1.274024529210478818e+00
9.175904782730285092e+00 1.731404777312093302e-01
9.131096749881336905e+00 8.963727359774935621e-01
9.131347836818676456e+00 1.611974825900457375e+00
9.149137416980352100e+00 2.332308647912746835e+00
9.200432261267422973e+00 3.007001787504428592e+00
9.232888662386116607e+00 3.790747583302504609e+00
1.012034624852374520e+01 -3.413046560237567917e+00
1.010657289545731885e+01 -2.679944254427333306e+00
1.012976380472776583e+01 -2.025994401733790085e+00
1.005038560909746082e+01 -1.238760732024335454e+00
1.005049896527754782e+01 -5.261458162889702805e-01
9.969027923091545063e+00 1.591694355193311594e-01
9.904549231536996956e+00 8.804499429354031292e-01
9.880253578282115257e+00 1.608950176793850773e+00
9.912734065225713209e+00 2.328954263476088471e+00
9.984070086700981506e+00 3.026562491547394984e+00
9.981576313307940040e+00 3.741583652932192194e+00
1.103568941994615926e+01 -4.204685835954929729e+00
1.097556276048875645e+01 -3.448184557559603292e+00
1.096344467428075120e+01 -2.753397732981621715e+00
1.087666102745436092e+01 -2.021721485065118173e+00
1.085873827120276047e+01 -1.262185262500356231e+00
1.082182659419274984e+01 -5.374125400287077525e-01
1.081290533580449420e+01 1.965524253410606548e-01
1.077017995969715258e+01 8.592303534076783933e-01
1.086442141907745196e+01 1.580757184438631668e+00
1.079698291748974270e+01 2.360010223493382853e+00
1.077583605497526520e+01 3.033235401624217786e+00
1.082581350762301042e+01 3.749678939871820660e+00
1.190482233683280811e+01 -4.136518348692622027e+00
1.190602450498155918e+01 -3.430698079733801364e+00
1.187860260957796044e+01 -2.675587182106475836e+00
1.181917912821428729e+01 -1.244057129307424958e+00
1.176921007962138788e+01 1.520048223011336574e-01
1.156789045125857029e+01 8.879415132490855456e-01
1.157003194418705050e+01 1.608115248640991979e+00
1.156142728954244348e+01 2.334291885799661515e+00
1.159202757607629763e+01 3.057061085749140261e+00
1.160563145937637586e+01 3.758945355822731926e+00
1.261067677700641099e+01 -3.428108782989262693e+00
1.273716200827240641e+01 -2.689336534307344095e+00
1.264302720009368386e+01 -2.016811422254416897e+00
1.264636423000282406e+01 -1.289830144459997996e+00
1.258753752966238437e+01 -5.594104429893462793e-01
1.254070196659627356e+01 1.728565174256502246e-01
1.246163377061933630e+01 8.866805779346833560e-01
1.235373776666709489e+01 1.607773306894813459e+00
1.231732336050929888e+01 2.380096937996995621e+00
1.233961154266398808e+01 3.064890398263038662e+00
1.240956896089985406e+01 3.759003301467338076e+00
1.354321929756227405e+01 -4.173815010641561685e+00
1.352450053577021549e+01 -3.451058277072728941e+00
1.349887747093199408e+01 -2.704958401610383589e+00
1.340201733365633174e+01 -2.046030133112925142e+00
1.326014819796650102e+01 2.116193062413991299e-01
1.322059602789661881e+01 9.029126131620692775e-01
1.317490934190596619e+01 1.607251691512942671e+00
1.320622031135679464e+01 2.322550579744092403e+00
1.326987004344459820e+01 3.029607603495882984e+00
1.330435203277512812e+01 3.754966200637696261e+00
1.447093151547322520e+01 -4.195887436626783540e+00
1.441728558827376361e+01 -3.463930767479840966e+00
1.434446444051884839e+01 -2.687878796405986037e+00
1.421625101346634779e+01 -1.276551238864747972e+00
1.416336480362335948e+01 1.974837616501297077e-01
1.414671621838629534e+01 8.665942583779866482e-01
1.397984743069554980e+01 1.627699852730174257e+00
1.404012436594722146e+01 3.064015716571795167e+00
1.403772999490958284e+01 3.767907050210851594e+00
1.523546490465126624e+01 -4.195851093826785672e+00
1.523012547486394652e+01 -3.482404286212400280e+00
1.525572374628190175e+01 -2.765832643248845812e+00
1.523367865347395167e+01 -2.060511051324404264e+00
1.509906843010038102e+01 -1.301235642599440467e+00
1.519186035515160427e+01 -5.700842042824554312e-01
1.492586657062378208e+01 2.048737006018086504e-01
1.482850765039826513e+01 1.638242789712140990e+00
1.485467604018172949e+01 2.350532363677945824e+00
1.478636080964419364e+01 3.072508639255865148e+00
1.485322693920917914e+01 3.738490837745956696e+00
1.598044751194042590e+01 -4.262261089831934413e+00
1.598695050915510052e+01 -3.507421230784409261e+00
1.596871790060045271e+01 -2.810891169945630708e+00
1.595201285697290672e+01 -2.074118250116853801e+00
1.590306864530586495e+01 -1.333609491699633054e+00
1.586991785148624245e+01 -6.160425980872936691e-01
1.583682373954336953e+01 1.415049836326147670e-01
1.570346453619616511e+01 1.661874219966033905e+00
1.566543950680116382e+01 2.339532049510989253e+00
1.561911036277638942e+01 2.990309083484163466e+00
1.565042029154297154e+01 3.766237360186273975e+00
1.673740650376663552e+01 -4.213827460834909999e+00
1.671429015122925676e+01 -3.504842499055062177e+00
1.668214390762746291e+01 -2.792162083606001488e+00
1.666183331266204704e+01 -2.038740834248660150e+00
1.663852484949106270e+01 -1.335950945266528578e+00
1.660148189180053180e+01 -6.222888756549451728e-01
1.659041998992547207e+01 2.206501538234881821e-01
1.650189832222028485e+01 8.840429214136094060e-01
1.647766574783586435e+01 1.566945727520280940e+00
1.645891720131998426e+01 2.383182893052303797e+00
1.644921184175385065e+01 3.092533450765223790e+00
1.649019435705847769e+01 3.822253505811303853e+00
1.746382459184368940e+01 -4.170471035180625563e+00
1.745307649414601059e+01 -3.503884829296339376e+00
1.740875186133661146e+01 -2.735964261768817352e+00
1.736967702884682296e+01 -2.028127060766383494e+00
1.732260295084196144e+01 -1.316573627450129180e+00
1.733561111943695465e+01 -5.636925261471290582e-01
1.728920083865767054e+01 1.608394327362780984e-01
1.726053724531855948e+01 9.584973411937021126e-01
1.723259608073179550e+01 1.642472620704943154e+00
1.721337504754028913e+01 2.396382496383363758e+00
1.717876276863749041e+01 3.149087582143700104e+00
1.720067918637383997e+01 3.860652080185673185e+00
1.819213335016969779e+01 -4.209398149080715967e+00
1.816420509502343350e+01 -3.469689054247403703e+00
1.812341837079417672e+01 -2.729553648899994300e+00
1.810034778186089710e+01 -2.013703479855891487e+00
1.807271277547409483e+01 -1.268796411829377746e+00
1.806791889725111844e+01 -5.480315598269527300e-01
1.803786464813310886e+01 2.198860850839885472e-01
1.802315077168648116e+01 9.143852622887180814e-01
1.795566914381393531e+01 1.646411784804545420e+00
1.795103447590287260e+01 2.397568242901769509e+00
1.791395210226475143e+01 3.154296419073951085e+00
1.796963380162342361e+01 3.898598975240211928e+00
1.901568025433542886e+01 -4.102465819384494949e+00
1.889876054475151079e+01 -3.399017922210287423e+00
1.886982789104281721e+01 -2.679884888480383864e+00
1.884100197719839542e+01 -1.976227482541045077e+00
1.879852667620961171e+01 -1.246778018664539189e+00
1.877240267735946588e+01 -5.273179903188172091e-01
1.876682201089554525e+01 1.990955406793517568e-01
1.874406321900431038e+01 9.289212560299908716e-01
1.872007477141185205e+01 1.667383330129219132e+00
1.872108254410744621e+01 2.398852780345805513e+00
1.870560684522320827e+01 3.131222225205256393e+00
1.878203786455752322e+01 3.860700845244828372e+00
1.977407461898535956e+01 -4.169669164420394480e+00
1.975580709332081852e+01 -3.410099773903681353e+00
1.969622322315824192e+01 -2.655698601548131421e+00
1.964967500891513907e+01 -1.917083213320577073e+00
1.964931177506020532e+01 -1.187947237240891241e+00
1.952996290463875084e+01 2.022772751623307386e-01
1.977141718338486243e+01 9.186376146753012506e-01
1.960630615097753804e+01 1.677799534465641784e+00
1.952523610799035936e+01 2.430923346874120483e+00
1.960872505473660254e+01 3.157758316502309981e+00
1.966427351426596459e+01 3.794626601875094707e+00
2.050506281412634735e+01 -4.158464041333420624e+00
2.046758299267219883e+01 -3.391337027725349174e+00
2.044735052946065679e+01 -2.678403680363299344e+00
2.048679731996162445e+01 -1.970238864420551295e+00
2.049990038353460164e+01 -1.234904500246834402e+00
2.048574403254337284e+01 -5.022741576103513239e-01
2.047800902239124810e+01 2.267754721533883355e-01
2.052213557580462577e+01 9.675578487268481354e-01
2.043443113823149559e+01 1.683757266093898863e+00
2.043728698453756465e+01 2.412961900225827350e+00
2.045963071374684006e+01 3.080192922575541559e+00
2.049169799789056867e+01 3.806188076277656762e+00
2.169885320150969932e+01 -4.069423251355882343e+00
2.165575906895343650e+01 -3.403927602845723044e+00
2.167238419124581839e+01 -2.629017396124432082e+00
2.171452536431804248e+01 -1.904628040242940301e+00
2.157018412802358398e+01 -3.240973124464900934e-01
2.142956463597209193e+01 2.431237378694319773e-01
2.140308517406425182e+01 9.792993920062791346e-01
2.132154306062249560e+01 1.697162681382955896e+00
2.130818860443167750e+01 2.411992839504510044e+00
2.131141259184133219e+01 3.063642211897864343e+00
2.127961393873415119e+01 3.822740212052686104e+00
2.240655663799213215e+01 -4.145147620918997688e+00
2.241173320607997255e+01 -3.412426988020254015e+00
2.240289861810163075e+01 -2.686279756791524420e+00
2.241222698601966812e+01 -1.949235188738331459e+00
2.239067210916065420e+01 -1.220292907738418364e+00
2.237787000493270284e+01 -4.986526018743582256e-01
2.234685894776789894e+01 2.355436334635605533e-01
2.222492619815055548e+01 9.956950769912822352e-01
2.226309055672936665e+01 2.463838784378843627e+00
2.217938417024109299e+01 3.122542451612176251e+00
2.215359934467998215e+01 3.774810115769355434e+00
2.314498568961232650e+01 -4.135321898944290808e+00
2.311981104137695553e+01 -3.418797202274614477e+00
2.315804825749425078e+01 -2.690193582598858768e+00
2.313942320039240030e+01 -1.939148308208899607e+00
2.314449431448603889e+01 -1.233246287189260215e+00
2.312764737683570360e+01 -5.138482121421432680e-01
2.308765133042648898e+01 2.063865847207928539e-01
2.307718015443294490e+01 9.746369572837600970e-01
2.307299451086490194e+01 1.685807435674291810e+00
2.305288358586871311e+01 2.387237539632938166e+00
2.298806659081417081e+01 3.141260154750973754e+00
2.302198413925768250e+01 3.794748171223083943e+00
2.388218573549874435e+01 -4.136809208850142028e+00
2.388247930156585142e+01 -3.421651669943194918e+00
2.387760612525946158e+01 -2.686696191680013612e+00
2.388324830305577962e+01 -1.973382008018674583e+00
2.388261780234471843e+01 -1.215174487814049797e+00
2.387044329237428286e+01 -4.927523175920995868e-01
2.392736292532371323e+01 1.903588717160857868e-01
2.387607231296355792e+01 9.621954355220800892e-01
2.379368004569681716e+01 1.671737540993532889e+00
2.384355820510023705e+01 2.417832033497159472e+00
2.381193806730152573e+01 3.137368133044006413e+00
2.386786324572839391e+01 3.798836148484028286e+00
2.473341144134815295e+01 -4.094255401482325141e+00
2.464147717161279161e+01 -2.714622670185924846e+00
2.457723318908946197e+01 -2.019649898931241694e+00
2.464919611192597415e+01 -1.248953225131355538e+00
2.462263812274646568e+01 -5.343279395088096351e-01
2.462709820865054411e+01 1.837817606290386152e-01
2.463988066218139750e+01 9.196571020838639754e-01
2.463948029797256112e+01 1.667066748151977862e+00
2.460967956532368817e+01 2.377428464604534497e+00
2.460873706973273300e+01 3.111952079488673917e+00
2.464275524764086356e+01 3.817311576665929351e+00
2.539493634208955797e+01 -4.150728295459462203e+00
2.529322400766840673e+01 -3.423576296497888194e+00
2.541254890417965839e+01 -2.710758451423227910e+00
2.536061530823073440e+01 -1.977903139944618971e+00
2.537011889428564615e+01 -1.275695530605641892e+00
2.535092650497671229e+01 -5.583239873067995518e-01
2.536985116603302970e+01 1.787753364437243420e-01
2.536850697321263226e+01 9.045853338993978809e-01
2.539189400102653593e+01 1.649961515213636432e+00
2.540390053292053807e+01 2.339316986718017688e+00
2.539939797894224682e+01 3.087162336934042628e+00
2.542220681364313606e+01 3.797880422007580137e+00
2.612685626224278224e+01 -4.145560038347156251e+00
2.613802137184539731e+01 -3.450871690282379944e+00
2.611303704766193334e+01 -2.726053635755626203e+00
2.610875543441988356e+01 -1.994492013053733359e+00
2.611185502071492692e+01 -1.276447674751057804e+00
2.610686167024955751e+01 -5.175037745594934790e-01
2.612811397146084147e+01 1.712761178719404143e-01
2.610770908455133821e+01 8.937005165786189309e-01
2.615474428677493535e+01 1.646240277424976028e+00
2.620381782274673554e+01 2.399945147850907290e+00
2.616857320831459788e+01 3.090255475508882910e+00
2.620186036908835803e+01 3.795310980326512151e+00
2.692844909360094618e+01 -4.193418909682012696e+00
2.689086940042292184e+01 -3.467412555938658159e+00
2.690346891031124699e+01 -2.737221477935605662e+00
2.687923084606080693e+01 -2.009326827187276621e+00
2.688633568165636234e+01 -1.292166101906939701e+00
2.686099490259670830e+01 -5.997117899375083994e-01
2.687374266729335659e+01 1.622679230500203573e-01
2.688397761733175173e+01 8.378118176352771229e-01
2.689281435023130484e+01 1.624653845272167274e+00
2.692313792020438257e+01 2.315655033425066733e+00
2.696525887390481557e+01 3.046468910918491702e+00
2.696451666763016419e+01 3.754653728686179193e+00
2.770793485104879750e+01 -4.213352914723024867e+00
2.764527921396336296e+01 -3.461662735699395199e+00
2.764899234503381109e+01 -2.738834691257071796e+00
2.767407529486299467e+01 -2.037800368504406379e+00
2.764846135771337998e+01 -1.305823469199427933e+00
2.766268630551728336e+01 -5.918756722307350060e-01
2.768012621049744837e+01 1.088232115584091275e-01
2.769530341597985057e+01 8.104414188097486260e-01
2.768945565680888166e+01 1.564059707984359449e+00
2.765490793977009787e+01 2.307354298177795471e+00
2.770371703358888027e+01 3.028828651863420873e+00
2.774189415271512615e+01 3.744985804637380511e+00
2.859144849947059441e+01 -4.119313465668849261e+00
2.845577871109875190e+01 -3.480989463520707261e+00
2.856157527711699373e+01 -2.724453660884517348e+00
2.841937704984331248e+01 -2.064595419380292896e+00
2.842140988466957907e+01 -1.368754932981204320e+00
2.838965474958606450e+01 -6.184778011022871169e-01
2.839303702267320517e+01 9.103295449196480149e-02
2.843116262542476846e+01 8.049234542404235526e-01
2.846651174559099928e+01 1.513056287218756069e+00
2.850470945453653115e+01 2.234121366045616952e+00
2.852009618216722941e+01 2.956206775667034492e+00
2.850256902371523182e+01 3.698270137519159562e+00
2.932463698988369316e+01 -4.199598097455666590e+00
2.928411028499807145e+01 -3.508304056611930122e+00
2.926223071736281867e+01 -2.796438062688050508e+00
2.925547830198336641e+01 -2.072539130901628113e+00
2.922933964309530808e+01 -1.372143232442436300e+00
2.921464802886242040e+01 -6.476732446714095204e-01
2.924253706104409645e+01 8.511567608007553076e-02
2.918881123444888459e+01 7.997861853076742022e-01
2.921010692453355517e+01 1.484907730589892338e+00
2.924904997872035750e+01 2.207797685946228938e+00
2.925733697996243876e+01 2.928261647194240425e+00
2.927231708876383465e+01 3.672497652525947842e+00
3.010274004229238898e+01 -4.203397097320308973e+00
3.000470288592216406e+01 -2.079575165006072979e+00
2.998914326523225071e+01 -1.404704417869002242e+00
3.007466098105634700e+01 -6.221296531043272182e-01
3.003591750574997121e+01 3.458510466218811530e-02
2.997701786728485018e+01 7.599604108043536144e-01
2.999615492714867315e+01 1.489341148162210970e+00
3.001683195209000843e+01 2.202743176136397807e+00
3.001962243282812182e+01 2.907993860934922736e+00
3.000713149743722141e+01 3.637545489911119034e+00
3.087861504901206189e+01 -4.224288487949603876e+00
3.083591386441658955e+01 -3.486599843065256721e+00
3.083332379225199560e+01 -2.791348316255017892e+00
3.082107690499640995e+01 -2.087085328209727919e+00
3.078910339994029499e+01 -1.390070691490979726e+00
3.079496600796831984e+01 -6.873499613944602515e-01
3.079174255065681365e+01 2.766642667944907430e-02
3.080793554767708287e+01 7.402513377362645031e-01
3.081175236940499218e+01 1.479516663439827795e+00
3.081060383171151074e+01 2.214734977891151146e+00
3.077871297747558543e+01 2.950805103681872765e+00
3.078728438961356773e+01 3.684556234877781833e+00
3.171649442863475343e+01 -4.178042883908908323e+00
3.164087500337222281e+01 -3.533606780984111850e+00
3.153521555750356953e+01 -2.785333217811267303e+00
3.155531044912061844e+01 -2.124118291125387969e+00
3.153989146511728592e+01 -1.399021367976160946e+00
3.154748542576411552e+01 1.107906201219677200e-02
3.154767080480750252e+01 7.397919867842119857e-01
3.152038904160674093e+01 1.483402623993224978e+00
3.153737320721008786e+01 2.226414589370335761e+00
3.157797315700180008e+01 2.967995175168141486e+00
3.166129547800566257e+01 3.681403047777848769e+00
3.239555977414509158e+01 -4.195664837479402109e+00
3.240044625575554704e+01 -3.536601911359095851e+00
3.237563874355758031e+01 -2.805163772670393740e+00
3.233832266738405536e+01 -2.088355400004271445e+00
3.232888346592270779e+01 -1.402470480509201423e+00
3.230068311785401391e+01 3.526553028320478234e-02
3.228845477484723148e+01 7.559719236246529306e-01
3.236535221848409805e+01 1.462990632196454754e+00
3.235312595651165424e+01 2.215025094111716442e+00
3.237141425528961491e+01 2.943891957128442982e+00
3.236523909445757141e+01 3.682534362670011774e+00
3.320853094009449791e+01 -4.208891141171079653e+00
3.314973466450752682e+01 -3.504896932750359184e+00
3.317899115470842020e+01 -2.802484754729487548e+00
3.313130140596440043e+01 -2.088340512739964794e+00
3.308195696987737477e+01 -1.354586775114459130e+00
3.312964660126721839e+01 -6.773012638724722478e-01
3.307936885691363926e+01 2.629920772357507985e-02
3.307858541404312547e+01 7.618680336982421863e-01
3.308295544798739485e+01 1.489074102645044917e+00
3.307204246918164614e+01 2.247740001533813370e+00
3.312423838751561078e+01 2.963307602034973343e+00
3.310344731945567531e+01 3.705362407416977533e+00
3.396857041318131820e+01 -4.166398145718392954e+00
3.394589560276069307e+01 -3.458622672370875506e+00
3.388454783105127177e+01 -2.777589512493278789e+00
3.386989014460655056e+01 -2.094217011452212063e+00
3.385925393483255874e+01 -1.392819671885909827e+00
3.384639926254876485e+01 -6.690243786584986196e-01
3.381865313954322261e+01 4.852708799399607642e-02
3.383375732689660964e+01 7.937639423159907892e-01
3.383918810222682083e+01 1.539109186695014841e+00
3.386598156031062246e+01 2.251638138637897413e+00
3.388527060289958825e+01 2.989324991726725500e+00
3.387350288761424366e+01 3.719565592313536229e+00
3.470987662143588892e+01 -4.176324658179058957e+00
3.468121509031987415e+01 -3.489194256800587368e+00
3.465779781090595435e+01 -2.776853824571595908e+00
3.462120649779637205e+01 -2.075942048023364350e+00
3.461105999185227944e+01 -1.388811468006139194e+00
3.459722058584097937e+01 -6.630215620817629940e-01
3.460307793069265614e+01 8.884656157749759586e-02
3.457130153806314610e+01 7.688921736796281436e-01
3.456060219862293792e+01 1.545119042851265334e+00
3.462448535181227527e+01 2.263217603024962443e+00
3.463664407121699895e+01 3.011617563519749297e+00
3.460943762807190893e+01 3.748509879700307579e+00
3.545962917902458145e+01 -4.169821640431859322e+00
3.544786219657037663e+01 -3.468096199809650670e+00
3.542714790211454812e+01 -2.758699078469174282e+00
3.537468316782217670e+01 -2.060037846374562776e+00
3.535396921236482370e+01 -1.343252720826274782e+00
3.533910328272674661e+01 -6.192481503616882321e-01
3.536226274580942430e+01 1.442796805932928805e-01
3.536629053330975836e+01 8.520633436890747703e-01
3.540738440664181752e+01 2.252869866122669151e+00
3.539130717097589951e+01 3.036472050002672063e+00
3.543397039731933518e+01 3.805404925846154640e+00
3.622608213823901480e+01 -4.176405022880764761e+00
3.620626795505136641e+01 -3.434883645311696654e+00
3.617857016245869062e+01 -2.773280763285750794e+00
3.612490658909492680e+01 -2.032326561978742063e+00
3.610077723507797742e+01 -1.312011819866892637e+00
3.608976806497410195e+01 -5.789562399871535092e-01
3.612584248876267878e+01 1.458145908085342057e-01
3.611457716614955160e+01 8.364121986374257745e-01
3.611849845419065019e+01 1.607412651818375338e+00
3.612456223516914378e+01 2.313385840878453337e+00
3.622931273184807566e+01 3.074382497386338287e+00
3.628884642342567446e+01 3.782718979003426796e+00
3.700838475123212135e+01 -4.154656673932606736e+00
3.694175771829397803e+01 -3.414517573495487568e+00
3.692603077938458256e+01 -2.702306380258278296e+00
3.685879454483561091e+01 -1.268953024396019202e+00
3.684349093850958212e+01 -5.505374583024007507e-01
3.678071310385033854e+01 2.226376718560381107e-01
3.686794571046689128e+01 9.195080860161404246e-01
3.699226067986709410e+01 1.603255729057391221e+00
3.698559901407478634e+01 2.348150463762628704e+00
3.696641143244593053e+01 3.081702401854556683e+00
3.701331777930474942e+01 3.797724628631208077e+00
3.779925236825661017e+01 -4.082280159312436041e+00
3.773928845311910862e+01 -3.378605210611784315e+00
3.770589974882390294e+01 -2.661911149186309444e+00
3.768144344699751258e+01 -1.945816628528827863e+00
3.767087921500327496e+01 -1.211562066437682716e+00
3.763759656352252847e+01 -4.904860914111459635e-01
3.776865896077907081e+01 2.987048729562573612e-01
3.776458562442946487e+01 9.483121235404894378e-01
3.779112738496795743e+01 1.611730990322509882e+00
3.790219619947873042e+01 2.440020690670952064e+00
3.866102842481274848e+01 -4.025235764573913855e+00
3.863505036206033338e+01 -3.288910250076206410e+00
3.857534445574173532e+01 -2.597755551617169090e+00
3.866062456053082741e+01 -1.862362774570410551e+00
3.874089268352604876e+01 -1.119493939641756697e+00
3.859247752863334568e+01 -3.489280997077166546e-01
3.869297335172436902e+01 2.629922746530105826e+00
3.869231887837478467e+01 3.195907846422507248e+00
3.959425396594007651e+01 -3.267859959685047500e+00
3.954387598697318396e+01 -2.952205296751444052e+00
3.951663461651136089e+01 -1.749854553360940201e+00
4.000009567931451926e+01 1.137209512905588582e+00
4.000674591219311793e+01 1.874096693886166065e+00
4.000984177771596961e+01 2.626995665671671532e+00
4.001178423773513515e+01 3.330694248733841789e+00
3.999711317683412659e+01 4.007850159212416941e+00
4.074056230089691866e+01 -3.980424453066728319e+00
4.073273178406048345e+01 -3.235858936375763051e+00
4.071754632388117301e+01 -2.464550858795355737e+00
4.071743739393993877e+01 -1.779062957092481412e+00
4.072869060448646650e+01 -1.063622395702360279e+00
4.073517122194549955e+01 -3.540822410823203370e-01
4.074919811808042169e+01 1.126376774642466216e+00
4.072941117027442459e+01 1.849046786637124740e+00
4.071550866663056212e+01 2.536278586753560660e+00
4.070350772354243674e+01 3.320467810268930009e+00
4.071398412334550443e+01 3.980424453066731871e+00
