-3.254818622352495083e+00 -4.136015730259675394e+00
-3.221968041258733706e+00 -2.798276709692782305e+00
-3.255015569160505606e+00 -1.951465502701278609e+00
-3.252094414241383902e+00 -1.233352231083266304e+00
-3.277989165075844369e+00 -4.842321458228582287e-01
-3.258618510845742833e+00 3.241972022634236339e-01
-3.256173346276675318e+00 9.884693751323077038e-01
-3.257884568628590216e+00 1.716333978103445901e+00
-3.252892823783085419e+00 2.421322123643118829e+00
-3.264781294092315989e+00 3.133146861195932331e+00
-3.256461409251997452e+00 3.896151204890401232e+00
-2.392785094815202740e+00 -4.103938953743888618e+00
-2.427622394279502771e+00 -3.390861465779490658e+00
-2.435213767880760827e+00 -2.647666769305256906e+00
-2.473302692932222158e+00 -1.925748892093249509e+00
-2.450649674582408011e+00 -1.197449403382172761e+00
-2.446029876396941916e+00 -4.878239188756019473e-01
-2.469602002442755406e+00 9.884616907917198603e-01
-2.501223863149412807e+00 1.721590571311359952e+00
-2.500610222196733901e+00 2.426972787307089874e+00
-2.522143547363924654e+00 3.213931887448865155e+00
-1.695708185999407647e+00 -3.373507477782059283e+00
-1.761803710109234089e+00 -2.638618100363572694e+00
-1.706531589565621232e+00 -1.927898550743854855e+00
-1.723422108401791775e+00 -1.186182827662740635e+00
-1.724942164827211855e+00 -4.700089250437606836e-01
-1.706057796879257182e+00 1.008751991555691063e+00
-1.730907026886143285e+00 1.723742895334954284e+00
-1.756349542946928466e+00 2.474620940403386982e+00
-1.756979627452473380e+00 3.221813692986799538e+00
-1.759153531881736399e+00 3.944039986068567316e+00
-9.724327143829754050e-01 -4.084614755675630704e+00
-9.747391272620546943e-01 -3.369779399486937166e+00
-9.648961106969551338e-01 -2.633609124177986871e+00
-9.761777217591003364e-01 -1.904887599120531405e+00
-1.010816868717988370e+00 -1.202671609974089506e+00
-9.699827125853275334e-01 -4.691431476147513990e-01
-9.829745793100741480e-01 9.697179491999676770e-01
-1.007130556409940425e+00 1.756272527290462904e+00
-9.958419205509656535e-01 2.495664985595784202e+00
-9.888781930376211449e-01 3.214261013651501742e+00
-9.885767277938342090e-01 3.938983454569196851e+00
-2.338422476444037557e-01 -4.059403827456463887e+00
-2.718825452778190765e-01 -3.340872150821549980e+00
-2.417493382623092657e-01 -2.641572363486126562e+00
-2.300686342941133944e-01 -1.908903478728497305e+00
-2.278230286656892645e-01 -1.183294487462912770e+00
-2.335021713111302688e-01 -4.388976318982109603e-01
-2.269319720973399512e-01 3.016581906575872551e-01
-2.552883246634394254e-01 1.722461715150817696e+00
-2.419644283505277826e-01 2.513158339621782034e+00
-3.115288646414313689e-01 3.234329194047447231e+00
-2.479602703689423038e-01 3.966671106671164182e+00
5.133788612257177419e-01 -4.042860735302305386e+00
4.874219688737113643e-01 -3.378696225085882077e+00
4.564290218192184057e-01 -2.646830057639149913e+00
4.878860431645222206e-01 -1.913133911257670405e+00
4.978258133741135794e-01 -1.192066266533654328e+00
4.833495179361975147e-01 -4.483300648007997324e-01
4.402451949797665520e-01 2.515123101152525464e-01
4.756510471104533622e-01 9.970847245629563815e-01
4.885238844548993598e-01 1.737936507154234533e+00
5.099064638962289564e-01 2.519412848645352199e+00
4.535103754619456140e-01 3.167567772671262105e+00
4.930825565927534626e-01 3.936282245535274171e+00
1.251244462227035115e+00 -4.055135183172374980e+00
1.295724694836657420e+00 -3.273625760168908272e+00
1.217252132217176097e+00 -2.601615390343336998e+00
1.223933383949173503e+00 -1.918545757468258728e+00
1.222696611980040871e+00 -1.183339286624807585e+00
1.225989794985338222e+00 -4.979492235835536462e-01
1.216030772699504325e+00 2.419970498565611194e-01
1.250278516760054970e+00 9.905704941020943011e-01
1.262056920421890993e+00 1.720046051650616192e+00
1.238035504997114344e+00 2.522760256972077286e+00
1.238137021783856540e+00 3.191351050300710313e+00
1.234324650058113093e+00 3.902758543417220949e+00
1.947674826421724958e+00 -4.034102335465213685e+00
1.962232965971203669e+00 -3.315425981308493419e+00
1.961456300306927858e+00 -2.598631354469070232e+00
2.038684704207149423e+00 -1.876548499655786628e+00
1.929188231330307701e+00 -1.204859538171902500e+00
1.964790986467470191e+00 -4.652722856873907631e-01
1.901115869201426278e+00 3.014873604367167559e-01
1.987558391411070602e+00 9.645648770792369930e-01
2.000106975603003434e+00 1.713659228177284888e+00
2.013212997206579757e+00 2.455319721919838827e+00
2.046360785178251263e+00 3.180791050045876034e+00
2.698687426654956312e+00 -4.038959803236444657e+00
2.705124344633610178e+00 -3.317898872405741884e+00
2.703834569799688836e+00 -2.592910225882366859e+00
2.684318595528822016e+00 -1.179940254462813698e+00
2.693506129815141037e+00 -4.743652686373991401e-01
2.718879579869614815e+00 2.711720350182531547e-01
2.738627807354234278e+00 9.817118023935620386e-01
2.783435864928634373e+00 1.727070851278394770e+00
2.762288317568923901e+00 2.431626735265254524e+00
2.792999344657879135e+00 3.148757571324999560e+00
2.835172263464500020e+00 3.836116187278342693e+00
3.425939531920846548e+00 -4.043537082824609996e+00
3.445188838973116674e+00 -3.316730765196229669e+00
3.440393995621342071e+00 -2.590497239738560609e+00
3.455125410646161299e+00 -1.869225475645681200e+00
3.435643164228608271e+00 -1.180351379315325744e+00
3.435063198495477366e+00 -4.319496682647923080e-01
3.463390673246955487e+00 2.688468908933003831e-01
3.490242836270653015e+00 1.044298998373015763e+00
3.520616061884240366e+00 1.710406300780398681e+00
3.550524869355797364e+00 2.449710667751116233e+00
3.527034925101190765e+00 3.150576349785268349e+00
3.517810551988901580e+00 3.890754419101561723e+00
4.192474574859296865e+00 -4.048372086665050773e+00
4.171186561487118638e+00 -3.334618424414951932e+00
4.182913991180001290e+00 -2.592844664182141656e+00
4.181619480720350168e+00 -1.842382063186541075e+00
4.168570474609424537e+00 -1.136419449943598892e+00
4.234016796600741372e+00 -4.397717098021836080e-01
4.209275796417486504e+00 2.848914577997270214e-01
4.229291166558596160e+00 9.795994123026368072e-01
4.233504447461712061e+00 1.722216757169345414e+00
4.282997492856935651e+00 2.473920211172455197e+00
4.291232385169571728e+00 3.173383665626197114e+00
4.299429257582822572e+00 3.878033103542335880e+00
4.945209622633704782e+00 -4.050269815156127606e+00
4.933146023409690883e+00 -3.357546448018368324e+00
4.930371935054829180e+00 -2.590885614514846225e+00
4.932730743851017507e+00 -1.885021212215384878e+00
5.013553025662560003e+00 -4.410882505931397191e-01
4.994954896029973668e+00 2.882191275944769870e-01
4.946626576449759227e+00 9.816157926656394750e-01
5.000119659724504118e+00 1.728165700251466319e+00
5.028857816915653700e+00 3.149997877906393740e+00
5.065420446444868219e+00 3.867666304699888258e+00
5.668082280323297084e+00 -4.048789217653386174e+00
5.627475394725088620e+00 -3.345380625830092214e+00
5.678042427023868299e+00 -1.884022879752823343e+00
5.735275959266694201e+00 -1.179383156329905091e+00
5.778209648782912211e+00 -4.354177482712771052e-01
5.809643029384076840e+00 2.908105473759050597e-01
5.759843677212820978e+00 1.000033279019554300e+00
5.752445254786195505e+00 1.694579143522233267e+00
5.776607239891113466e+00 2.433160040364317211e+00
5.788927140068402366e+00 3.170439782227404635e+00
5.784086880469487824e+00 3.905391749212604680e+00
6.491546126446557707e+00 -4.054538429414900946e+00
6.473085455157672641e+00 -3.343468391329828648e+00
6.490785751864478925e+00 -2.536333448239080468e+00
6.439269149297373929e+00 -1.923680218702081390e+00
6.492108915400763181e+00 -1.216997221114905159e+00
6.537797061033984392e+00 2.294245205172273927e-01
6.543978678363231438e+00 9.779582948641127871e-01
6.530549929091129968e+00 1.681737621911850056e+00
6.511364961313041988e+00 2.427052837250599282e+00
6.509232196341216081e+00 3.141665967979193397e+00
6.505480668214374873e+00 3.889700205188347581e+00
7.261597847263338679e+00 -2.651811647685626383e+00
7.285988590491577099e+00 -1.217663324187810758e+00
7.281460551797813707e+00 -5.044859103148837676e-01
7.256975034054050866e+00 2.316517438577179178e-01
7.245506052617663784e+00 9.695227199298734888e-01
7.266033269734663236e+00 1.678037347464879758e+00
7.262966469575601991e+00 2.415058090575215033e+00
7.262231572155627646e+00 3.144989790924910267e+00
7.300111584411439480e+00 3.844609085312555408e+00
8.043466632220450663e+00 -1.955717659389272001e+00
8.021132526303411225e+00 -1.240646074840533686e+00
8.037868293481821524e+00 -5.402800545858497117e-01
8.000387323243700166e+00 1.930252030203583047e-01
7.980090526174741683e+00 9.833099796822928340e-01
8.006745157900297727e+00 1.684466604535277412e+00
8.037097266313097066e+00 2.366277150779250604e+00
8.024277084106259395e+00 3.099460583888600240e+00
8.089414460484263714e+00 3.787626793711005746e+00
8.938506074099088039e+00 -4.095336259559754666e+00
8.942456632527523652e+00 -3.368232086284962179e+00
8.924722105414026885e+00 -2.646850917235440193e+00
8.874867027983434298e+00 -1.964045971043322680e+00
8.848004483815003596e+00 -1.225178364192238689e+00
8.837709022960098082e+00 -5.242860848831405463e-01
8.764874226724899131e+00 9.508676652234555604e-01
8.754921602887698384e+00 1.624336114719039159e+00
8.782447249173358728e+00 2.376331080260918327e+00
8.802538566865393932e+00 3.117510050784566999e+00
8.854021839603646526e+00 3.786188547049327724e+00
9.708199154212429960e+00 -3.404533077065018176e+00
9.702861004716346827e+00 -2.659843691798389642e+00
9.702925810834642562e+00 -1.969918421215940185e+00
9.640581838940228465e+00 -1.255553689210511692e+00
9.563506570107037419e+00 1.842624386719293739e-01
9.521564509730126247e+00 9.168959144111212822e-01
9.521384838930885053e+00 1.628615299561754881e+00
9.539950454919818412e+00 2.348918609347702358e+00
9.589864258123114382e+00 3.033432124559972465e+00
9.621591032290162104e+00 3.812633383454105740e+00
1.049047572965299935e+01 -3.397504757950969179e+00
1.047170454676282958e+01 -2.671030333865434869e+00
1.050259987179828158e+01 -2.008500914515135349e+00
1.043092418962066859e+01 -1.227343614980092923e+00
1.042467802410173761e+01 -5.156834136748180697e-01
1.035260355069898708e+01 1.795827862804380004e-01
1.029524904614289937e+01 9.016911315513773673e-01
1.027087672250778638e+01 1.633912450274191741e+00
1.030071537826281514e+01 2.353273121289230829e+00
1.036137276735832558e+01 3.054965020113776575e+00
1.036444361449211016e+01 3.767449968023704798e+00
1.140411912642976233e+01 -4.174770521941375989e+00
1.133867326542546294e+01 -3.428994705305871804e+00
1.131990050225032718e+01 -2.734405336254326357e+00
1.123782157216318467e+01 -2.002257490595564349e+00
1.122644852949358807e+01 -1.243696408783186769e+00
1.118948398823321355e+01 -5.060593300944198347e-01
1.119777003510515812e+01 2.126701396570247482e-01
1.114553805585399004e+01 8.804179086474839266e-01
1.124228434478214211e+01 1.605225489041959719e+00
1.117226446227512326e+01 2.381755015217162708e+00
1.115373887823901100e+01 3.067700612369414159e+00
1.120665551309044616e+01 3.778802537883436230e+00
1.225318843428824067e+01 -4.116053313010759496e+00
1.225684428982457064e+01 -3.411932028272048001e+00
1.222636115091970765e+01 -2.652107733234799980e+00
1.216954674699349681e+01 -1.226435311330746458e+00
1.208712866832174626e+01 1.797680362433347057e-01
1.194536561332867564e+01 9.121248025510162449e-01
1.194229467674252732e+01 1.635666142087920605e+00
1.193595334093251381e+01 2.361389672017335073e+00
1.196690536668036486e+01 3.088891523405600026e+00
1.197757981825825624e+01 3.789488807317269448e+00
1.295551156234726875e+01 -3.410534107225434042e+00
1.305452299763739887e+01 -2.670532445600748872e+00
1.298860630553405571e+01 -1.987351702617331739e+00
1.299308605418451634e+01 -1.264635320200842017e+00
1.293726410696982754e+01 -5.342352486194172911e-01
1.289359539647857389e+01 1.974884187447436545e-01
1.282702858382900502e+01 9.204458249194935604e-01
1.272973521484201598e+01 1.639881839176034362e+00
1.269252132571580205e+01 2.411199947690221279e+00
1.271397959155869017e+01 3.097872011037843265e+00
1.277799485196525353e+01 3.791117632671841875e+00
1.387447868347142332e+01 -4.151281330167769568e+00
1.385378378835063273e+01 -3.423275220400636698e+00
1.383367283680927073e+01 -2.681589777558532006e+00
1.378935161521231123e+01 -1.990419753665076286e+00
1.361557648030678536e+01 2.430754664072161120e-01
1.357449737139903334e+01 9.314690980272217757e-01
1.354711943263315277e+01 1.643580219250505792e+00
1.356864248326970568e+01 2.354415527560604460e+00
1.363206184137028032e+01 3.068690527339072105e+00
1.365817895683530736e+01 3.792381147095802874e+00
1.477309481939757774e+01 -4.157667679761164692e+00
1.475135293206336939e+01 -3.451787281104383709e+00
1.466815705187946151e+01 -2.665510445101684667e+00
1.454671371999125995e+01 -1.246001961009689296e+00
1.449562513220583782e+01 2.326988313968563205e-01
1.448828706801646860e+01 8.948890801625601910e-01
1.433839174779910053e+01 1.661992024678529134e+00
1.440236983739511345e+01 3.102825148693582946e+00
1.439258668761191728e+01 3.808540363717618504e+00
1.555449821515213671e+01 -4.174481625007977925e+00
1.554234660035086080e+01 -3.453098082295756655e+00
1.556223250276644166e+01 -2.732677394093581569e+00
1.554535044637531627e+01 -2.022851776637576648e+00
1.541984894978073584e+01 -1.277304945138016734e+00
1.550183745933120605e+01 -5.342986601030048632e-01
1.525579558311591910e+01 2.388689779374786326e-01
1.517090212794860804e+01 1.675882174163113802e+00
1.519417456807894951e+01 2.387911331012308125e+00
1.513814387713609477e+01 3.109601842315569797e+00
1.520362587388725473e+01 3.779476894345783933e+00
1.628279591885524979e+01 -4.222414751287484336e+00
1.629883775502511867e+01 -3.469195432741152274e+00
1.627910805684321360e+01 -2.772680786293332034e+00
1.626610786018611066e+01 -2.028987347672543962e+00
1.621401698492048382e+01 -1.298361188319198334e+00
1.618708312074716815e+01 -5.820656934891630385e-01
1.615483627234247876e+01 1.741365903054159503e-01
1.603497957960189524e+01 1.701147040619535034e+00
1.599886483370440970e+01 2.378941725120686357e+00
1.595426898751114209e+01 3.025660705633306691e+00
1.598341369962773229e+01 3.815222395056835580e+00
1.704701579159327451e+01 -4.184147419524034461e+00
1.702141169395007836e+01 -3.464803434597463649e+00
1.698916855982280794e+01 -2.755402880333313931e+00
1.697149749929414497e+01 -1.994555471328112617e+00
1.695153434861686748e+01 -1.289904868613234612e+00
1.691503158461777900e+01 -5.734303249400944935e-01
1.690698176251093798e+01 2.546472250239872892e-01
1.682467398946490533e+01 9.197789814346890580e-01
1.680329343566736355e+01 1.592621699728283602e+00
1.678687460645421226e+01 2.422771661151877254e+00
1.678086928309031123e+01 3.128030520987081786e+00
1.682150154536844866e+01 3.864629828908661580e+00
1.776838609231909061e+01 -4.140636805251883601e+00
1.775394909723929970e+01 -3.463483977829902472e+00
1.771307045309472272e+01 -2.697802377118449613e+00
1.768177966021442415e+01 -1.992084662679111773e+00
1.763791323116637955e+01 -1.274109724817719780e+00
1.765018723617338736e+01 -5.230484169030766850e-01
1.760414973444261477e+01 1.986353442064832109e-01
1.758655232785521605e+01 9.827632104107237865e-01
1.755834064573883069e+01 1.677635849016407832e+00
1.754650249352550873e+01 2.429981489814839080e+00
1.750677152420438176e+01 3.179853135045348722e+00
1.752675492327193041e+01 3.891379569376574921e+00
1.849187075531332880e+01 -4.174959542096488008e+00
1.847242122643638140e+01 -3.435132279100301389e+00
1.843045512014542453e+01 -2.691019917415726326e+00
1.841393618633731677e+01 -1.980777880208155040e+00
1.838806913496649997e+01 -1.233097794076947196e+00
1.838065382595848973e+01 -5.087284751216571976e-01
1.833836055660030695e+01 2.407207280770151669e-01
1.834366983758627612e+01 9.504368038229173976e-01
1.828043533390025743e+01 1.693369520038935150e+00
1.827279614848695388e+01 2.427500500585470178e+00
1.824518684494749721e+01 3.187294007200961232e+00
1.829592116894246345e+01 3.933036692426185255e+00
1.932510499717408692e+01 -4.066674686578629405e+00
1.920845757340833160e+01 -3.374142324137594073e+00
1.917879563514216557e+01 -2.650141876525857754e+00
1.914937061925130024e+01 -1.944052330147037821e+00
1.910736864476716335e+01 -1.215617199390564451e+00
1.908465902334000219e+01 -4.946594494325253777e-01
1.908310598296377947e+01 2.386873375801208397e-01
1.906041588292618627e+01 9.660329653664980754e-01
1.904325542464578547e+01 1.704139860429236819e+00
1.904576602048891942e+01 2.421238899197902583e+00
1.902801351817498698e+01 3.165307457213316411e+00
1.910057553118276275e+01 3.898049618862579280e+00
2.007632993141634614e+01 -4.138597815332545338e+00
2.006105388705116610e+01 -3.379093692509886893e+00
2.000946097225540399e+01 -2.624758702927191933e+00
1.995603536580194515e+01 -1.881506909873611022e+00
1.994582686243344938e+01 -1.155518827905410717e+00
1.984989884153577577e+01 2.430741164140783894e-01
2.008009561584300684e+01 9.550069371516620720e-01
1.992064092020199695e+01 1.712908294658323172e+00
1.984560536214631554e+01 2.468135230824238135e+00
1.990348896399754608e+01 3.193561591588121473e+00
1.995639630519347207e+01 3.840901151852399664e+00
2.080445305452064275e+01 -4.126709212042303676e+00
2.077290600426140088e+01 -3.361385620554347753e+00
2.075146552153162816e+01 -2.638646546370576829e+00
2.079047069084596444e+01 -1.932207670284711298e+00
2.080523921693804112e+01 -1.200418668813956202e+00
2.078526391159738296e+01 -4.687643674925539017e-01
2.077577305580395262e+01 2.608794697280742980e-01
2.081896695220518723e+01 1.003983693091527130e+00
2.074009515524647895e+01 1.716371497344944430e+00
2.074478641260439815e+01 2.457757871536198735e+00
2.076715445308055763e+01 3.126921679262537168e+00
2.079566573984880762e+01 3.858237170685455908e+00
2.198812256632714224e+01 -4.035639659107545185e+00
2.198631946323215658e+01 -3.372562372363699268e+00
2.195751813636859140e+01 -2.594937487243363705e+00
2.199559103159035800e+01 -1.868392513343831496e+00
2.185120029676134124e+01 -2.954697059161723871e-01
2.171267055913593680e+01 2.767436409772123795e-01
2.168032637485641345e+01 1.010241921142299049e+00
2.160843808011287592e+01 1.737160413380493651e+00
2.160127297892400833e+01 2.450192062802880599e+00
2.160553002944084966e+01 3.121660608598176623e+00
2.157718582261622942e+01 3.878331295384754185e+00
2.268536192321753475e+01 -4.110320282837090389e+00
2.268857406333253124e+01 -3.380294645240866203e+00
2.267996336601994756e+01 -2.649907939148107516e+00
2.268910381345330052e+01 -1.908137366491946096e+00
2.266967289416454179e+01 -1.182096490524891408e+00
2.264717038839348362e+01 -4.568181693046255987e-01
2.262499057077828724e+01 2.718356732303846002e-01
2.251204224520292740e+01 1.014139311856023795e+00
2.253733181394176910e+01 2.503614716747900815e+00
2.246056270792988840e+01 3.168521438739567486e+00
2.242397236389609105e+01 3.836395828965187604e+00
2.342286431526194690e+01 -4.098951182853337372e+00
2.340347216550367904e+01 -3.384257856966502942e+00
2.343399932909738936e+01 -2.653011006279697881e+00
2.341393031878924802e+01 -1.903433306004288283e+00
2.342326749406333164e+01 -1.193659584974870569e+00
2.338998370352855716e+01 -4.761337432667041014e-01
2.335961615805814517e+01 2.447683536980775898e-01
2.334704403056310440e+01 1.017227724351467799e+00
2.334202958534825711e+01 1.724621539709591644e+00
2.332272487087707447e+01 2.433300697943121094e+00
2.326449923711149381e+01 3.178919505935112966e+00
2.329309561194276057e+01 3.851277823910386644e+00
2.415766033603307505e+01 -4.100695218660295183e+00
2.415613179847138525e+01 -3.383801456130445473e+00
2.415429300576375482e+01 -2.645659713249290945e+00
2.416121794540526224e+01 -1.930672213109694724e+00
2.415318963292958898e+01 -1.181248100353318620e+00
2.413970987573319604e+01 -4.520287366102735405e-01
2.419339913476235182e+01 2.295846944426607195e-01
2.413363930585977357e+01 1.002639055094189047e+00
2.405894869412343695e+01 1.717541940979490533e+00
2.410741658522564990e+01 2.461468451256077827e+00
2.406786362250602451e+01 3.183133275715668731e+00
2.411965727537697290e+01 3.853478915875115263e+00
2.496861772233577881e+01 -4.081335312137159832e+00
2.491083834343498182e+01 -2.672108995425976019e+00
2.484950563699937476e+01 -1.973511268249893646e+00
2.491839647513639022e+01 -1.206835757534534537e+00
2.489395467689694641e+01 -4.911524455058824401e-01
2.489398263910658926e+01 2.233380871073080698e-01
2.490081444651592335e+01 9.664739824298216320e-01
2.490074371270323184e+01 1.707903728889959893e+00
2.486952315404587210e+01 2.427170636631817757e+00
2.486468377834783183e+01 3.161054676172405209e+00
2.489123735360662693e+01 3.874157232517852378e+00
2.566418740962684097e+01 -4.110838377217142181e+00
2.558509866585425385e+01 -3.385058808467011460e+00
2.568004248675447343e+01 -2.666469002549636258e+00
2.563536729422845184e+01 -1.934462596278976321e+00
2.564257617695496094e+01 -1.225563516659384788e+00
2.562971247899929494e+01 -5.014086915496029917e-01
2.563291786777593728e+01 2.334328953977546917e-01
2.562666791802721633e+01 9.547109784259681931e-01
2.563964050344975476e+01 1.694101539444368143e+00
2.565401122570771975e+01 2.399041833269304647e+00
2.565057572266876207e+01 3.143742377216092621e+00
2.567041420960150333e+01 3.861391806530697579e+00
2.639339508038160886e+01 -4.105864010580976498e+00
2.640239793062352902e+01 -3.402318143191116917e+00
2.638419556692633705e+01 -2.677074915987535775e+00
2.638015476433432127e+01 -1.946370041922655503e+00
2.638239819674411990e+01 -1.226574951650526657e+00
2.637393849783553890e+01 -4.723886288180025872e-01
2.638835958090876943e+01 2.281590153457813130e-01
2.636081256446614418e+01 9.529242702835389878e-01
2.640668301535438189e+01 1.703289362290028919e+00
2.645199569145174934e+01 2.453399389318025925e+00
2.641925780901467391e+01 3.147488163153894902e+00
2.644277501664748087e+01 3.861547762141448459e+00
2.719378097299225061e+01 -4.139053529623943462e+00
2.714324909651035256e+01 -3.431039837404092907e+00
2.717241458673000665e+01 -2.689564639359716125e+00
2.714502428170266057e+01 -1.959805104224471961e+00
2.715468113066705058e+01 -1.237958935588462595e+00
2.712978138587247656e+01 -5.412945967533318026e-01
2.713949535775120836e+01 2.236823695907155241e-01
2.714203273678293016e+01 9.074272988849223509e-01
2.714767772324204032e+01 1.695193760373847169e+00
2.716838812802698300e+01 2.383857549837316014e+00
2.720585422058808689e+01 3.110969900609894978e+00
2.720270079285570830e+01 3.825019351499740594e+00
2.796386090187031215e+01 -4.169975992691824729e+00
2.791364495140637558e+01 -3.412985141759950380e+00
2.791410473000103565e+01 -2.688274628883338124e+00
2.794161082322958833e+01 -1.978936765753534388e+00
2.791380917750088742e+01 -1.243096922206643029e+00
2.792787625421991748e+01 -5.269919012890014187e-01
2.793734795010670524e+01 1.811671389680178379e-01
2.794964065072293380e+01 8.874773044776134157e-01
2.793983319350893879e+01 1.635985676095973673e+00
2.789999362310525299e+01 2.377047377301401809e+00
2.794080743778017251e+01 3.099668767308777717e+00
2.797776221309950273e+01 3.821155002002342371e+00
2.880558259415720812e+01 -4.106929222439152483e+00
2.870548122298801985e+01 -3.433165359196983957e+00
2.877008486362583284e+01 -2.670746912246617200e+00
2.868027829443233401e+01 -1.997987413099842513e+00
2.868051668194181758e+01 -1.296612364705946874e+00
2.864834285878387021e+01 -5.482087401980813013e-01
2.865574753614902903e+01 1.643632282647224940e-01
2.868113571511667459e+01 8.812250978358342479e-01
2.871134956250558190e+01 1.593835981493839427e+00
2.874624014252696469e+01 2.314955957561089406e+00
2.875653434362050831e+01 3.032243550051511249e+00
2.873064865245860489e+01 3.775386194404838136e+00
2.955212048087245336e+01 -4.153076016813333382e+00
2.952702315751337636e+01 -3.464594496758170550e+00
2.951074227911363579e+01 -2.741378990502759905e+00
2.950586631512127411e+01 -2.009938980944635745e+00
2.948463587778741868e+01 -1.297373531274338632e+00
2.945824427281466029e+01 -5.698209352339809186e-01
2.948565067883783541e+01 1.629689347458764814e-01
2.943534898325943772e+01 8.820348920934293346e-01
2.945937951022975909e+01 1.581035233892194469e+00
2.948992239196081044e+01 2.293393317606621906e+00
2.949468453899279297e+01 3.011032068908122028e+00
2.950777543382812240e+01 3.754029921492488597e+00
3.032925299122442908e+01 -4.157636139719549817e+00
3.024922450516353223e+01 -2.013184254105254922e+00
3.023641256802104493e+01 -1.331448085476083065e+00
3.028129643599114473e+01 -5.519853093659570220e-01
3.027452732421779302e+01 1.177677777995462804e-01
3.022035224649749097e+01 8.465088515264653779e-01
3.023102937702783066e+01 1.575512303458712182e+00
3.025432471111695776e+01 2.289802080893966973e+00
3.024961841192983769e+01 2.994635675918594586e+00
3.023919947715054235e+01 3.722886895347407687e+00
3.110631144759251043e+01 -4.184872090420043378e+00
3.106576818149307684e+01 -3.440636869314477764e+00
3.105927969593837901e+01 -2.730322166377387560e+00
3.106141411213832981e+01 -2.023864567912280421e+00
3.103039394104659010e+01 -1.309635201450735309e+00
3.102858497855921627e+01 -6.109318184064846946e-01
3.102809001335254635e+01 1.141437243162677362e-01
3.104679852602246370e+01 8.229202770947772194e-01
3.104836878469560446e+01 1.566422986782566085e+00
3.104579555295919846e+01 2.299685970490433107e+00
3.101038684983796401e+01 3.038092242616535543e+00
3.101744817003982035e+01 3.762186996208484402e+00
3.192934486524270454e+01 -4.140486582488463796e+00
3.186523369370640779e+01 -3.471404954135309140e+00
3.177233181274286977e+01 -2.727665068926093284e+00
3.179508374104995738e+01 -2.051283733636406481e+00
3.177743320304154651e+01 -1.305744238824676273e+00
3.178478248855046928e+01 9.643180839339393629e-02
3.178184507748658660e+01 8.253190100580063415e-01
3.175570794936678709e+01 1.567489966220865227e+00
3.177066115780863953e+01 2.306810042398204530e+00
3.179694192707727751e+01 3.041221890251868842e+00
3.186867579550355600e+01 3.757328527280016317e+00
3.260188683885079541e+01 -4.152153895371430536e+00
3.261333912796124679e+01 -3.472970520141767992e+00
3.260419955713910412e+01 -2.736864073553242349e+00
3.256732401345406203e+01 -2.022961812086492728e+00
3.255915585457415062e+01 -1.324341503577745272e+00
3.253723418784181121e+01 1.147085823451732267e-01
3.252324340159851346e+01 8.385193223143616592e-01
3.259184286272337516e+01 1.546377541933523503e+00
3.257496057327919203e+01 2.288684898899365550e+00
3.257791473482658517e+01 3.033466260640985013e+00
3.258189168630843113e+01 3.759074314168366016e+00
3.341598586355230083e+01 -4.161269959321025169e+00
3.337050228169851351e+01 -3.453704927995929097e+00
3.339661113715795437e+01 -2.739385142644511717e+00
3.335320375618930910e+01 -2.021436755026606136e+00
3.331167750800680238e+01 -1.277060195314874136e+00
3.336247882069628901e+01 -6.004211652292497092e-01
3.330762021170256304e+01 1.052474679946726610e-01
3.330655263820610656e+01 8.415313947449085674e-01
3.330614134663832004e+01 1.569846399378821644e+00
3.329216103466712440e+01 2.326735405583288951e+00
3.334187929987761123e+01 3.042751154524026447e+00
3.330989874702300568e+01 3.788649075525391652e+00
3.416271444751665598e+01 -4.126782206871997261e+00
3.415069996638916194e+01 -3.410351182135691772e+00
3.410748168822852477e+01 -2.714706026489416502e+00
3.408983919568641596e+01 -2.024005132896135706e+00
3.408616262795930396e+01 -1.317578106042059716e+00
3.407304274360325991e+01 -5.983743665394669620e-01
3.404450905602858057e+01 1.235373007844522419e-01
3.405636950787360462e+01 8.661826600441315804e-01
3.406861634433465014e+01 1.609051079625931635e+00
3.408576434992109938e+01 2.321917583192995238e+00
3.409180779252478288e+01 3.060578633271063609e+00
3.407633086226994834e+01 3.788043022296236018e+00
3.490120611315858667e+01 -4.142911426149357368e+00
3.485347354777528750e+01 -3.446896084729438314e+00
3.487090435048636294e+01 -2.720290964053706517e+00
3.483612217152923307e+01 -2.012690328907826398e+00
3.483873064507036332e+01 -1.314947145171256437e+00
3.482420202801336728e+01 -5.923519262909167082e-01
3.482287581029235213e+01 1.618319548192772572e-01
3.479751581162103236e+01 8.508858657110565105e-01
3.478117618944656186e+01 1.616273520186958024e+00
3.482442951040470547e+01 2.336067233192171244e+00
3.483438320100984953e+01 3.082405624381514997e+00
3.481165607031966402e+01 3.814083028964560640e+00
3.564776026483594507e+01 -4.130023022581614356e+00
3.563780963208419195e+01 -3.418983755330575747e+00
3.562655650615759129e+01 -2.703357714234314813e+00
3.558573600289475536e+01 -2.001349088724278857e+00
3.557152079614571250e+01 -1.280223580757247959e+00
3.555709817977545839e+01 -5.546753133440134320e-01
3.557658660890039215e+01 2.064972157341884440e-01
3.558882013854897508e+01 9.377831304827424219e-01
3.560271094636912181e+01 2.330914538516829282e+00
3.557873003768718689e+01 3.102001333519481818e+00
3.561374468246025771e+01 3.866702668629486084e+00
3.640168915736297350e+01 -4.147803880811988364e+00
3.638545584955276269e+01 -3.401347811395076803e+00
3.637889824722990539e+01 -2.725621252692626229e+00
3.632846410117843305e+01 -1.978913894996289002e+00
3.631009458284292890e+01 -1.253256266852297074e+00
3.630234385796079977e+01 -5.241366764648525134e-01
3.633267492886177052e+01 2.028272075678536623e-01
3.632514496811118221e+01 8.994807973943395041e-01
3.631488872842195548e+01 1.685692699976382158e+00
3.632015236139132952e+01 2.379497714861212643e+00
3.639836567141531276e+01 3.142579310478410548e+00
3.644481415717829265e+01 3.840743230244413553e+00
3.718176831570036001e+01 -4.128256648357613301e+00
3.712186395104351533e+01 -3.386921765875911206e+00
3.711006036728293367e+01 -2.665437395179544922e+00
3.705746226511889319e+01 -1.221384221541480741e+00
3.704391510471645432e+01 -5.050490684073913883e-01
3.700506691509021806e+01 2.868493462063455013e-01
3.706778037839824691e+01 9.765157241749200523e-01
3.715885852082386265e+01 1.661389003883062543e+00
3.715991287099318896e+01 2.397399943657152477e+00
3.712585191523306349e+01 3.133336656379604790e+00
3.716253629358465815e+01 3.845792586603899110e+00
3.795460301599755581e+01 -4.062862303880983461e+00
3.790795713403569067e+01 -3.354558333650441426e+00
3.787908622646745727e+01 -2.638052673137465831e+00
3.786322119880875192e+01 -1.918971098508468032e+00
3.785936415827614354e+01 -1.180443333908598902e+00
3.782258560765995270e+01 -4.619362753797631171e-01
3.793817678966242823e+01 3.187345179870071377e-01
3.793008913807033622e+01 9.966578020331482435e-01
3.795054530154056494e+01 1.668620099676473956e+00
3.802529822634388523e+01 2.456414746220040968e+00
3.877741377204760198e+01 -3.996448616695651879e+00
3.877551354546144324e+01 -3.280840450698224942e+00
3.872112041151964235e+01 -2.591891103283714415e+00
3.879942544406146254e+01 -1.840028790371498246e+00
3.885061155903922980e+01 -1.129532881715356041e+00
3.872733773337589724e+01 -3.473357005532129449e-01
3.885836032008531760e+01 2.562991884938668363e+00
3.880214517285191533e+01 3.185622414611820830e+00
3.968310036151165576e+01 -3.290219234776088797e+00
3.957714202543161974e+01 -2.950723711184689790e+00
3.962537009854974457e+01 -1.762706691744206466e+00
3.999128339642400221e+01 1.126031854400761034e+00
3.999798353828165176e+01 1.858458352068701913e+00
4.000582260957335023e+01 2.612749541303010403e+00
4.000366735702332477e+01 3.332008017125005495e+00
3.999238098833028943e+01 4.003064306221517654e+00
4.074242540002509116e+01 -3.984305772067383344e+00
4.072783066764461779e+01 -3.252559286542663131e+00
4.071198850604171326e+01 -2.478884006511801630e+00
4.071233945781721530e+01 -1.786434746996469869e+00
4.072655686270989150e+01 -1.065237987209293635e+00
4.073094053119324798e+01 -3.452858871154198539e-01
4.074182467915779426e+01 1.121336681445733063e+00
4.072713312413990394e+01 1.842056373759465515e+00
4.071676774290596512e+01 2.532273384250657955e+00
4.070280527647337721e+01 3.318572684676126983e+00
4.071212102421734613e+01 3.984305772067386897e+00
