-3.207040672395116587e+00 -4.133758186581012239e+00
-3.178098355784719331e+00 -2.774173426216989924e+00
-3.207266044565109553e+00 -1.949321262108167474e+00
-3.204381115551868220e+00 -1.229601592866252702e+00
-3.229534706785898379e+00 -4.823044355579355624e-01
-3.210376796143421529e+00 3.278780255818354306e-01
-3.207983854005512114e+00 9.911317090426230436e-01
-3.209583411434806521e+00 1.718579880178641162e+00
-3.204508358159650072e+00 2.423462577813698005e+00
-3.216215722744536265e+00 3.136558232400240342e+00
-3.207798744226025178e+00 3.898264664733090967e+00
-2.346795709380145922e+00 -4.101622115059207374e+00
-2.381484082094395660e+00 -3.388719458906379600e+00
-2.388344830849739253e+00 -2.645948304863097178e+00
-2.426792887014030953e+00 -1.923045846424908945e+00
-2.403748612421651387e+00 -1.195370288159676164e+00
-2.398610780819034005e+00 -4.856399446208925497e-01
-2.422277870247235398e+00 9.911276830059634335e-01
-2.453412097435496264e+00 1.723276817008304818e+00
-2.453109284014168168e+00 2.428742549271635909e+00
-2.474616411575468078e+00 3.215732887585225797e+00
-1.649726285866456976e+00 -3.371478474814054493e+00
-1.716459656028881398e+00 -2.637391519139878682e+00
-1.659728489138800001e+00 -1.925684526084591397e+00
-1.676337693306983567e+00 -1.184059091862330604e+00
-1.677840475024353850e+00 -4.673671805930901257e-01
-1.659580294045746029e+00 1.011056420643384968e+00
-1.683451016615642004e+00 1.725734152132087473e+00
-1.708240194343282781e+00 2.476753927245468390e+00
-1.709161782734966550e+00 3.223167801798837218e+00
-1.710787460176263153e+00 3.945995516674699388e+00
-9.263375439254275534e-01 -4.082813839495369024e+00
-9.276855818468305870e-01 -3.367666926820081841e+00
-9.179684220584718446e-01 -2.631847332285836671e+00
-9.295842807695393617e-01 -1.903199779488630838e+00
-9.640082455443490517e-01 -1.200563128061727269e+00
-9.232993311600949937e-01 -4.669195063472670881e-01
-9.360203893036569411e-01 9.720660982770716885e-01
-9.599774773816491802e-01 1.757906895509258050e+00
-9.494823522443311958e-01 2.496755240678584897e+00
-9.407307205464974231e-01 3.216408090596061697e+00
-9.412972097987406528e-01 3.940287199028162490e+00
-1.877792588454241240e-01 -4.057446293032576534e+00
-2.257384136182167822e-01 -3.340076860039431494e+00
-1.954810826776309796e-01 -2.639998466284186662e+00
-1.835708164612697146e-01 -1.906930700313520077e+00
-1.809724974502628925e-01 -1.181074471451665886e+00
-1.869065200473656319e-01 -4.363532103963159159e-01
-1.809307929665351367e-01 3.019360031824476209e-01
-2.082630093504675983e-01 1.724823582511149311e+00
-1.946781156866634888e-01 2.514771484144347369e+00
-2.635732667531769380e-01 3.236121791030619477e+00
-2.009212491739233997e-01 3.967798601520875934e+00
5.592366216447004490e-01 -4.041795892522529243e+00
5.339025196130080531e-01 -3.377533728640546684e+00
5.024827954039992051e-01 -2.644886795928453438e+00
5.343755207499754079e-01 -1.911600385285805004e+00
5.447116914726350956e-01 -1.190175126844241760e+00
5.302940980802617332e-01 -4.456646546195166536e-01
4.870517449998601478e-01 2.534531044313439452e-01
5.222084550923824509e-01 9.987092769140240023e-01
5.351734223360651299e-01 1.739922069009420369e+00
5.571994224331504597e-01 2.520796848216093622e+00
5.006385516004314695e-01 3.169044751091611545e+00
5.396808158658146226e-01 3.938289001106383580e+00
1.297203095599890332e+00 -4.053157981156218170e+00
1.341164442754617880e+00 -3.272812903237621640e+00
1.263292982208376714e+00 -2.600159919990897350e+00
1.270018276029972526e+00 -1.916625890870747639e+00
1.269056746919538625e+00 -1.181412740432627118e+00
1.272435931114330288e+00 -4.959594069417647688e-01
1.262278467784554437e+00 2.441496353874832437e-01
1.297124534192938938e+00 9.927569177700590330e-01
1.307720810692423186e+00 1.722246366998746225e+00
1.285090610542873435e+00 2.524239867632282142e+00
1.284785402339849725e+00 3.193342180422199306e+00
1.281195240329203955e+00 3.904317262414124912e+00
1.993058146935588582e+00 -4.032791472298818292e+00
2.007759140405255494e+00 -3.314062399444761553e+00
2.007448074538174865e+00 -2.597156997200496420e+00
2.082529560333249208e+00 -1.874681084640549500e+00
1.975203248139095535e+00 -1.202636589127553890e+00
2.010786788829349803e+00 -4.628027174275679556e-01
1.945678761711128857e+00 3.045730094913743358e-01
2.034090218206905831e+00 9.673894136876732830e-01
2.046185513755546026e+00 1.715798224343465961e+00
2.059718453005849881e+00 2.457216428880535375e+00
2.092316495158328848e+00 3.182771063686878676e+00
2.744505790287291802e+00 -4.037652244297611048e+00
2.750716419746659369e+00 -3.316647706736727486e+00
2.749813798253178732e+00 -2.591515478097289105e+00
2.730305999511635662e+00 -1.178233851715084768e+00
2.739771148485708352e+00 -4.720797676067824966e-01
2.764315100437023887e+00 2.737570881008295487e-01
2.784080214721413427e+00 9.839709573851820323e-01
2.829440151038184581e+00 1.729451562578940838e+00
2.809354478899699359e+00 2.433270577386565492e+00
2.838985374105128301e+00 3.150900725340463282e+00
2.880793258245191168e+00 3.839002232694298300e+00
3.471781307934591609e+00 -4.042427732268546237e+00
3.491068283331820510e+00 -3.315362059328823108e+00
3.486337049234343510e+00 -2.589593341889322886e+00
3.501132714802103862e+00 -1.866905861422544888e+00
3.481511809328630136e+00 -1.178581234447062087e+00
3.481182457300747046e+00 -4.300157172754168755e-01
3.509388877024186115e+00 2.711211446131969183e-01
3.533649153102039975e+00 1.044148766992854860e+00
3.566080541441202456e+00 1.712570432247940033e+00
3.596232822258173201e+00 2.452415103222108428e+00
3.573129355309589528e+00 3.152585409595090482e+00
3.563336097176197370e+00 3.893628208894561737e+00
4.237799701929901630e+00 -4.046979520138496156e+00
4.216918852410337593e+00 -3.333143103077823355e+00
4.228408107367378932e+00 -2.591467728595098663e+00
4.227071677157141494e+00 -1.840680214924507396e+00
4.214798788319129130e+00 -1.134598756806703079e+00
4.279569515047448647e+00 -4.376981882632087206e-01
4.255223481925789031e+00 2.868622264533193800e-01
4.274983567800333617e+00 9.813048475706480644e-01
4.279313559484570817e+00 1.724175038741684318e+00
4.327340958031761886e+00 2.476004453312494746e+00
4.336839897389872078e+00 3.175612561063843486e+00
4.345879484917624325e+00 3.880255404245687600e+00
4.990567049375798092e+00 -4.048471116794402747e+00
4.978811714079753870e+00 -3.356101539339025663e+00
4.975905263763181097e+00 -2.590223005569306736e+00
4.978636029578787259e+00 -1.882463246724228156e+00
5.059309531593150666e+00 -4.391484259438165338e-01
5.040136913326357160e+00 2.898425628088396877e-01
4.993492412442854800e+00 9.836457842815491404e-01
5.045787690521272850e+00 1.729970725167703449e+00
5.074296945341913556e+00 3.151955187859009300e+00
5.110670347129456559e+00 3.869953948718539039e+00
5.713326869598013502e+00 -4.047335135890740787e+00
5.672510884443227042e+00 -3.343709355461502497e+00
5.723492472716650070e+00 -1.882368176663725023e+00
5.780342045446822397e+00 -1.177556146308592844e+00
5.823572440899049241e+00 -4.336375763720887733e-01
5.854572723811450885e+00 2.926773155084099187e-01
5.805149506936672310e+00 1.002132115637927257e+00
5.798625946720022739e+00 1.696299619477521503e+00
5.822080777384513794e+00 2.435635487641466312e+00
5.834045263225199562e+00 3.172730220827119751e+00
5.829079093963734692e+00 3.908583560336026608e+00
6.536456303539658563e+00 -4.054603110230765139e+00
6.517727642018385836e+00 -3.341772422217943017e+00
6.534627028711092578e+00 -2.536220522560757473e+00
6.484326355800838826e+00 -1.921931545874116409e+00
6.536676669781073201e+00 -1.215174437019314269e+00
6.582804143630731630e+00 2.309402721363440492e-01
6.588936327558229777e+00 9.801574576770981650e-01
6.575830674721352409e+00 1.683777035105787689e+00
6.556342060416945117e+00 2.429574780152460534e+00
6.554469917607356422e+00 3.144081474074958749e+00
6.550629398522303859e+00 3.892111420570131486e+00
7.306014709444774269e+00 -2.649769223880081626e+00
7.330330963339342532e+00 -1.214942598238376803e+00
7.325766462071335638e+00 -5.018938288013856663e-01
7.301970383252481156e+00 2.340814546465566082e-01
7.290128267579483179e+00 9.718020820040962349e-01
7.311168052394222627e+00 1.680355811332990612e+00
7.307511154401787223e+00 2.417522613699038203e+00
7.307730395913267785e+00 3.147725340081770184e+00
7.344632763509935103e+00 3.847661999706886604e+00
8.087401368471027752e+00 -1.953462378192252658e+00
8.065512087707006117e+00 -1.238826818006867114e+00
8.082202361067047036e+00 -5.376789604672254086e-01
8.045307917529584074e+00 1.956430176293082468e-01
8.024984308108685127e+00 9.856412450699423289e-01
8.051677177448588907e+00 1.686798251291083517e+00
8.081358528980196354e+00 2.369096378961401683e+00
8.068575308007694957e+00 3.102124036622861070e+00
8.133161774910782071e+00 3.791171075787715949e+00
8.981719867837249183e+00 -4.093839927610723350e+00
8.985151190720792158e+00 -3.366734217958409658e+00
8.968312272913657068e+00 -2.644801191655847816e+00
8.917934607692664883e+00 -1.962341960684934605e+00
8.891691678728314230e+00 -1.223024114640203663e+00
8.881650234895651863e+00 -5.218339392715343195e-01
8.809321739458617628e+00 9.532665206419217441e-01
8.799750266292825529e+00 1.627287053739390643e+00
8.827314758652541116e+00 2.378796760024094681e+00
8.847847159791875526e+00 3.120393246953284461e+00
8.898511758374773706e+00 3.789513720949656772e+00
9.751437048752698900e+00 -3.402948673469776253e+00
9.746024403980804607e+00 -2.657875992135469545e+00
9.746373112727518162e+00 -1.967786332022271267e+00
9.683789986590838339e+00 -1.252341210413757011e+00
9.607370387475398843e+00 1.859318133533527373e-01
9.566022136114533225e+00 9.197220323232748740e-01
9.565719429276633434e+00 1.631216513802552726e+00
9.583960332307832175e+00 2.351114911933599672e+00
9.633770556558971521e+00 3.037225372437589499e+00
9.665367512710716369e+00 3.815510675092816939e+00
1.053264966378279865e+01 -3.395158667832674837e+00
1.051380763466571011e+01 -2.669205205575718054e+00
1.054537352673677475e+01 -2.005936887789331990e+00
1.047391583018348626e+01 -1.225194103969869275e+00
1.046744743765736274e+01 -5.137051620188657353e-01
1.039605453356676890e+01 1.827665376464580049e-01
1.033933241879532261e+01 9.047035995403263087e-01
1.031497789924967634e+01 1.637493340527608865e+00
1.034477373745437490e+01 2.356755866174054859e+00
1.040377214055858701e+01 3.059352111569744181e+00
1.040812275691261846e+01 3.770828544037122754e+00
1.144569082132827731e+01 -4.170589707022458015e+00
1.138006850753421872e+01 -3.426170248447721889e+00
1.136034866591804615e+01 -2.731577575456132223e+00
1.127931424895783152e+01 -1.999075208855209951e+00
1.126839590190072471e+01 -1.240587889430436519e+00
1.123112137792870158e+01 -5.030659112953372869e-01
1.124109134847354596e+01 2.149020145104287849e-01
1.118871643388391846e+01 8.831448965633690307e-01
1.128537494207079561e+01 1.608926842162617277e+00
1.121495340975364030e+01 2.385141766523197759e+00
1.119650777749736648e+01 3.072084575839070908e+00
1.124945796967801215e+01 3.782512559344496594e+00
1.229273352120989671e+01 -4.113438379597642580e+00
1.229678295463921955e+01 -3.409249441896548660e+00
1.226583801540654406e+01 -2.649197115862939711e+00
1.220942703734932167e+01 -1.223586023894448260e+00
1.212446637337545496e+01 1.839594227614007593e-01
1.198838149058664015e+01 9.155638459383332872e-01
1.198483579822337219e+01 1.639598173167236439e+00
1.197827074563935668e+01 2.365295422281114668e+00
1.200977350839597335e+01 3.093188577260647776e+00
1.201972726660560653e+01 3.793597741101500276e+00
1.299515920519700529e+01 -3.408047156928049048e+00
1.309265577244069334e+01 -2.667881350863442691e+00
1.302755286912803712e+01 -1.983246455753956639e+00
1.303239871126530858e+01 -1.261059611206309938e+00
1.297720945439942852e+01 -5.304872369556399292e-01
1.293372916003499995e+01 2.008583731247561843e-01
1.286850649218902021e+01 9.247391567974752036e-01
1.277223259077767636e+01 1.643986457970175508e+00
1.273508742077495270e+01 2.415105707561643555e+00
1.275596813985522715e+01 3.102004085322136007e+00
1.281956658580828190e+01 3.795527267951982253e+00
1.391171656599399142e+01 -4.148509834133619734e+00
1.389070391520886716e+01 -3.419497471955832424e+00
1.387123093329528700e+01 -2.678380846257002901e+00
1.383100674562896160e+01 -1.984859295258392109e+00
1.365557779555737739e+01 2.465402740003597160e-01
1.361495709352941219e+01 9.359011247903303854e-01
1.358905723771791685e+01 1.648900034768075784e+00
1.360981293239453294e+01 2.358716159262129963e+00
1.367306628506869970e+01 3.073779451061611212e+00
1.369849355517330736e+01 3.797238241551767146e+00
1.480668453623455605e+01 -4.152689658025444430e+00
1.478765796113087561e+01 -3.449013146372660543e+00
1.470447163356848108e+01 -2.662442982864366314e+00
1.458433933071866306e+01 -1.241402274016923712e+00
1.453324732755648796e+01 2.379130235003934501e-01
1.452723288842992844e+01 8.988638178056405081e-01
1.437921434829600997e+01 1.666816825191368423e+00
1.444316032086254609e+01 3.107668911235307974e+00
1.443232331542730407e+01 3.813375915045334352e+00
1.558924512433001297e+01 -4.171256502592228799e+00
1.557680613636437528e+01 -3.448854760709924250e+00
1.559675521588871305e+01 -2.728027562069922141e+00
1.557988819948368331e+01 -2.017885968337186142e+00
1.545548039621212411e+01 -1.274224624237316306e+00
1.553653553019898226e+01 -5.302716419767143918e-01
1.529351475155593221e+01 2.429742117518927103e-01
1.521058776170549010e+01 1.680814481186864384e+00
1.523281909884092755e+01 2.392787223740516112e+00
1.517783840688155550e+01 3.114764045995059405e+00
1.524321790612926009e+01 3.784851557916752540e+00
1.631710886877012712e+01 -4.215824414400156428e+00
1.633343375188159285e+01 -3.464182869680257681e+00
1.631315795423380166e+01 -2.767960946672125999e+00
1.630094571388849545e+01 -2.023014931616938128e+00
1.624890607871941484e+01 -1.293950065760583357e+00
1.622244202581528327e+01 -5.768826238937521111e-01
1.619071917429415208e+01 1.785939236694957799e-01
1.607243894624964042e+01 1.706211854223166569e+00
1.603678670799438066e+01 2.384085176918656401e+00
1.599292678126752776e+01 3.032011554177657331e+00
1.602147260080258206e+01 3.820799467543679384e+00
1.708122807105759478e+01 -4.179372158291627670e+00
1.705503196476968242e+01 -3.460023654223597589e+00
1.702324261030403818e+01 -2.751191017645634673e+00
1.700556889495307900e+01 -1.988830275464028574e+00
1.698623752104793283e+01 -1.284220345389144313e+00
1.694983954631616285e+01 -5.675272798183321754e-01
1.694260611293185548e+01 2.576343675486363338e-01
1.686094508488755395e+01 9.250522281319994988e-01
1.684030957657551397e+01 1.596418748079628358e+00
1.682400057117590819e+01 2.427580122187926293e+00
1.681834759110525113e+01 3.132243047111359147e+00
1.685879745962527920e+01 3.869528393465756722e+00
1.780185965465383902e+01 -4.136693529698817429e+00
1.778707676424030382e+01 -3.458587985184415459e+00
1.774701974387240000e+01 -2.693038604050052243e+00
1.771656906529450026e+01 -1.987492432870453740e+00
1.767281250248379365e+01 -1.269263879950539575e+00
1.768534087206581518e+01 -5.181105566421280173e-01
1.763952086118763418e+01 2.030312391205839617e-01
1.762301552092100110e+01 9.863050621703308707e-01
1.759498796410957766e+01 1.682188378638869608e+00
1.758438400818758396e+01 2.434162223972567318e+00
1.754394905144785355e+01 3.183334631996899589e+00
1.756333428480410674e+01 3.895083863998678453e+00
1.852472850570803331e+01 -4.170471140698367662e+00
1.850640780930044826e+01 -3.430744568836011865e+00
1.846457974615189812e+01 -2.686789275312484904e+00
1.844883032213160590e+01 -1.976671485860403976e+00
1.842356689749143328e+01 -1.228770053639266280e+00
1.841564378448144623e+01 -5.040458106709806430e-01
1.837347887813502467e+01 2.443957885647307648e-01
1.837973639498870426e+01 9.550764856413813675e-01
1.831681650681382933e+01 1.698870642825063726e+00
1.830967975722499830e+01 2.431416106798909738e+00
1.828256780791373615e+01 3.191269552682996391e+00
1.833273120098827746e+01 3.937209231419871003e+00
1.935913528573689746e+01 -4.062764147958048966e+00
1.924163467340778055e+01 -3.370937686526080057e+00
1.921299601095847009e+01 -2.646607990314620906e+00
1.918372045436812812e+01 -1.940713714626156161e+00
1.914253760138258542e+01 -1.211606166360599701e+00
1.911976250329149707e+01 -4.908194413004345336e-01
1.911891939671183849e+01 2.433337290597492597e-01
1.909589599115219016e+01 9.701358228168750486e-01
1.907928306762976689e+01 1.708513608610051193e+00
1.908248024473532922e+01 2.424595928858924054e+00
1.906430369096092647e+01 3.169158159322172708e+00
1.913630980029559225e+01 3.902485276995946606e+00
2.010901851599175671e+01 -4.134662323082405777e+00
2.009447540690050715e+01 -3.375354106224211392e+00
2.004372881113252447e+01 -2.621325401540740785e+00
1.998980836012425044e+01 -1.877332143033473955e+00
1.997867405664933926e+01 -1.151756870658083187e+00
1.988615639710295824e+01 2.480052901174936153e-01
2.011305706499553025e+01 9.593585864007856401e-01
1.995593161538022287e+01 1.716757902524491897e+00
1.988164276143946552e+01 2.472249591815547376e+00
1.993752762572910342e+01 3.198075432683452846e+00
1.998804766167507552e+01 3.843305933605208224e+00
2.083730389063866539e+01 -4.123155871948764428e+00
2.080644128495224976e+01 -3.358625901876468589e+00
2.078463158999473137e+01 -2.634160437862359316e+00
2.082356758563043542e+01 -1.927961360972840765e+00
2.083975046771576700e+01 -1.196783459126880445e+00
2.081797640939755212e+01 -4.650671192574122870e-01
2.080779305497052434e+01 2.645456596778537062e-01
2.085162005718260048e+01 1.007645311339224747e+00
2.077333832750890252e+01 1.720050891163449336e+00
2.077913782746750826e+01 2.463424500529551864e+00
2.080156510848662066e+01 3.132518696793333390e+00
2.082939388085795684e+01 3.864346592851219953e+00
2.201824371510119960e+01 -4.031406406631653283e+00
2.201810791786744659e+01 -3.369576976471268637e+00
2.198604134513109898e+01 -2.590131086403779648e+00
2.202479941534277685e+01 -1.864367472961887984e+00
2.188192036195293610e+01 -2.928257063458410414e-01
2.174336275560982301e+01 2.804426922658258547e-01
2.171134889389401224e+01 1.014255694135240304e+00
2.163982711248188906e+01 1.741365971015461867e+00
2.163360843041786552e+01 2.454430735092465454e+00
2.163789155326386293e+01 3.128354694520943724e+00
2.160989321147806663e+01 3.884358770052919851e+00
2.271427786660910897e+01 -4.106591397022103962e+00
2.271742372497100604e+01 -3.376684844018775777e+00
2.270855032337819779e+01 -2.645847702109623611e+00
2.271799476109369920e+01 -1.903666595162903263e+00
2.269884740002090950e+01 -1.177972971083391940e+00
2.267514202362442433e+01 -4.525281077464242685e-01
2.265405398779406454e+01 2.760290782746253058e-01
2.254199879708029641e+01 1.017241067743231753e+00
2.256677601437343128e+01 2.507398654634613422e+00
2.249091871443942381e+01 3.173547486137316298e+00
2.245354977779589234e+01 3.843138371841611445e+00
2.345183765302950718e+01 -4.094882799390553885e+00
2.343335504586082862e+01 -3.379653014349369045e+00
2.346273202577837935e+01 -2.648732680302625653e+00
2.344316806307358547e+01 -1.899935086615041513e+00
2.345241392727179175e+01 -1.189459441682448215e+00
2.341770365489097827e+01 -4.718148740383156792e-01
2.338824012895803861e+01 2.495345155423436267e-01
2.337572966315475753e+01 1.021348055301853464e+00
2.337022990426704894e+01 1.728664731280353806e+00
2.335179108092093969e+01 2.438744929290031394e+00
2.329452963830034662e+01 3.182697362116932993e+00
2.332200091824744703e+01 3.857836655566174500e+00
2.418630728278618847e+01 -4.096746698595108427e+00
2.418457985652388231e+01 -3.379419660031839356e+00
2.418334035148818373e+01 -2.641363492915253630e+00
2.418993003636423111e+01 -1.926078540790530980e+00
2.418167774668069114e+01 -1.177387003476901839e+00
2.416774702580747203e+01 -4.476231667919954305e-01
2.422109155374199929e+01 2.342835509148102346e-01
2.416071055992586736e+01 1.007204686992178466e+00
2.408737796943684373e+01 1.722484911835199028e+00
2.413520809617349983e+01 2.466079350316423557e+00
2.409525846084490297e+01 3.188054540113803625e+00
2.414696714256626109e+01 3.859205470133147742e+00
2.499387686599753522e+01 -4.078612966142834750e+00
2.493901543071332583e+01 -2.667456436921398222e+00
2.487801924468902115e+01 -1.968620741606159186e+00
2.494662372333419853e+01 -1.202120790871354927e+00
2.492229472067192830e+01 -4.863450396407102971e-01
2.492164249198257409e+01 2.283785497781707363e-01
2.492775318687745312e+01 9.718556511506406537e-01
2.492830190661619838e+01 1.712476903380466098e+00
2.489704230437872212e+01 2.432471131922959273e+00
2.489168131131324913e+01 3.166372527592351105e+00
2.491760093558516331e+01 3.880123252488985486e+00
2.569213266402249474e+01 -4.105989264704664521e+00
2.561554436491319109e+01 -3.380527676067025311e+00
2.570799012347205093e+01 -2.661587343003876782e+00
2.566369238198618064e+01 -1.929586293826172749e+00
2.567046296888046442e+01 -1.219934684198431540e+00
2.565878275733017233e+01 -4.950421580806967370e-01
2.566043451680343424e+01 2.390316945959654049e-01
2.565384228012331391e+01 9.601295969171879108e-01
2.566544241309635765e+01 1.698527507432260109e+00
2.568076510692057468e+01 2.405105127979872748e+00
2.567719808470152998e+01 3.149933283985781429e+00
2.569673875168998478e+01 3.868150270817167780e+00
2.642134320372026934e+01 -4.100606018022293853e+00
2.643031340637639914e+01 -3.396762318513754764e+00
2.641203459828125943e+01 -2.671540014226959414e+00
2.640862723274225488e+01 -1.940771619652633007e+00
2.641027054565410737e+01 -1.221226658054817449e+00
2.640192335771507715e+01 -4.668860247147925691e-01
2.641550611220136346e+01 2.341091696855706061e-01
2.638767066910576631e+01 9.595625945117589595e-01
2.643325932228311359e+01 1.709148616990166403e+00
2.647744071720538273e+01 2.458955942981347675e+00
2.644523963523429444e+01 3.153259677706586217e+00
2.646785427290062387e+01 3.868323432810264251e+00
2.722089260536087352e+01 -4.132635859598433825e+00
2.716980604712473735e+01 -3.426627481028990729e+00
2.720036314072016381e+01 -2.683988946778477214e+00
2.717254026675534107e+01 -1.954351194291245264e+00
2.718249790695396229e+01 -1.231950870982018387e+00
2.715724258064831531e+01 -5.354939256967554684e-01
2.716703200985977418e+01 2.302665612197252187e-01
2.716875310297675128e+01 9.141784189172135200e-01
2.717381411193779428e+01 1.702279188525043452e+00
2.719398912823699277e+01 2.390967689147217357e+00
2.723064227879185495e+01 3.118125802140106373e+00
2.722750725291301421e+01 3.832880841961177509e+00
2.798993750153014304e+01 -4.164295855700650861e+00
2.794088635137428156e+01 -3.407643665342209971e+00
2.794130781566064314e+01 -2.682574549090290361e+00
2.796883895959222599e+01 -1.972744261099929730e+00
2.794117579732807854e+01 -1.236206085123114917e+00
2.795501657419442409e+01 -5.202274029635525210e-01
2.796409728120287497e+01 1.887605509542744642e-01
2.797614164745471754e+01 8.957642388247997189e-01
2.796590195841130111e+01 1.643589873000639301e+00
2.792561750169796397e+01 2.384702424347914018e+00
2.796562740462552910e+01 3.107521340391429021e+00
2.800244955275530145e+01 3.829349817291621605e+00
2.882888452144278091e+01 -4.103711853109555108e+00
2.873125406971070817e+01 -3.427334690688955021e+00
2.879080744045084117e+01 -2.664509693057176776e+00
2.870693175883265980e+01 -1.990876807698086282e+00
2.870692737535987504e+01 -1.288510108898638151e+00
2.867477976893926694e+01 -5.410399464907236222e-01
2.868261788659794576e+01 1.725129803619367408e-01
2.870708265781085089e+01 8.896276093054602541e-01
2.873646797551393917e+01 1.602702450592136785e+00
2.877090481322171200e+01 2.323890329824855883e+00
2.878105325087184241e+01 3.040675891299095213e+00
2.875496527780368439e+01 3.783797632559227964e+00
2.957379224219467773e+01 -4.147622744850753662e+00
2.955112080071798886e+01 -3.459000636578547727e+00
2.953583263577109363e+01 -2.735058149206469835e+00
2.953129304999686866e+01 -2.002955352152458346e+00
2.951050609681949055e+01 -1.289299952138794225e+00
2.948309779516208806e+01 -5.614102874646995645e-01
2.951032822140049205e+01 1.705560072898855140e-01
2.946072273101135153e+01 8.906723934935527609e-01
2.948493353951355544e+01 1.591062102708249881e+00
2.951432328582823317e+01 2.302729260091012975e+00
2.951920959623510754e+01 3.019914944919975142e+00
2.953236917088839419e+01 3.763016159317722042e+00
3.035175578242760963e+01 -4.152347877620638172e+00
3.027383052515695994e+01 -2.005826768842748464e+00
3.026185234894479237e+01 -1.323187456763569969e+00
3.030337632274028437e+01 -5.443915776671985896e-01
3.029855105083266409e+01 1.269958829284014712e-01
3.024515303029991031e+01 8.558515021726407213e-01
3.025565616835462635e+01 1.584766070139242089e+00
3.027871632498311527e+01 2.299285254597226213e+00
3.027346149951238630e+01 3.004354731601473816e+00
3.026372051037190403e+01 3.732497271074095124e+00
3.112883296691979496e+01 -4.179453828526959569e+00
3.108842253483538087e+01 -3.434821026683149370e+00
3.108191303928649774e+01 -2.723606132360295362e+00
3.108539086477836833e+01 -2.016913051383419031e+00
3.105470196249242321e+01 -1.301058603568865379e+00
3.105135943531688980e+01 -6.026353680012839220e-01
3.105175512828130735e+01 1.234676196731712139e-01
3.107093930270244897e+01 8.322643621634284727e-01
3.107224885492930611e+01 1.576172158630633646e+00
3.106968184909818120e+01 2.308961347992163127e+00
3.103428495983960289e+01 3.047762738564145479e+00
3.104146850766938570e+01 3.770600952344395296e+00
3.194980274658923491e+01 -4.135848976112555420e+00
3.188683333399207953e+01 -3.464607622250902352e+00
3.179579851807331892e+01 -2.720991270932419326e+00
3.181918306154660314e+01 -2.043272051686489732e+00
3.180136717208100805e+01 -1.295459292466812684e+00
3.180837382052165907e+01 1.059996981218986889e-01
3.180524902369780449e+01 8.345470569187867227e-01
3.177952786457198187e+01 1.576301499315476917e+00
3.179488098378045180e+01 2.315597039081964681e+00
3.181938630605647944e+01 3.049335782326693334e+00
3.189035789672133347e+01 3.765261363351044110e+00
3.262252666260754808e+01 -4.147220718518166649e+00
3.263391848960389297e+01 -3.465604963989548537e+00
3.262644638890599680e+01 -2.728912399688447010e+00
3.258939065147581715e+01 -2.015685679365656569e+00
3.258210067674463772e+01 -1.315777190320275736e+00
3.256078273086892949e+01 1.230494140445301809e-01
3.254670527765345156e+01 8.469958482148314260e-01
3.261437562875179452e+01 1.555792455446734834e+00
3.259773918866836340e+01 2.296856590038061086e+00
3.260044871092561181e+01 3.042182302022858664e+00
3.260395760644832563e+01 3.767003557638723521e+00
3.343609393917886763e+01 -4.156024915546584708e+00
3.339228269330660481e+01 -3.447415862217251714e+00
3.341773924091777559e+01 -2.732286771230285183e+00
3.337469088186701782e+01 -2.013853927501177310e+00
3.333398167575763438e+01 -1.268943637146296766e+00
3.338519891858424415e+01 -5.922307365572798687e-01
3.333047408116835442e+01 1.139063861859952453e-01
3.332919265848421020e+01 8.500470531821626707e-01
3.332882800528799550e+01 1.578447618288450371e+00
3.331431187896532009e+01 2.335360973331791712e+00
3.336357698893068147e+01 3.051213944043766446e+00
3.333149057109998381e+01 3.797168690681736791e+00
3.418144602317024550e+01 -4.122028019093921358e+00
3.417012306786372022e+01 -3.404774654523492927e+00
3.412912113227151423e+01 -2.707594008461423840e+00
3.411132240164271678e+01 -2.016381780791309808e+00
3.410833738124453163e+01 -1.309395695555803485e+00
3.409535084083473322e+01 -5.909684368082324113e-01
3.406693321805081354e+01 1.319969757069614502e-01
3.407874140241789718e+01 8.740783281717163788e-01
3.409122268182765225e+01 1.616590493951772345e+00
3.410785519579811620e+01 2.329897907021514669e+00
3.411350371157994488e+01 3.067763909579014125e+00
3.409785341087611954e+01 3.794580352222617137e+00
3.491972973968827176e+01 -4.138703228529614364e+00
3.486755760559690742e+01 -3.442348600752726639e+00
3.489195193937633377e+01 -2.713984990253003104e+00
3.485721176925276410e+01 -2.005701948552271574e+00
3.486039650549387403e+01 -1.307777071686434311e+00
3.484636180598312905e+01 -5.840597397032176730e-01
3.484451702107320870e+01 1.697498132057049247e-01
3.481987610800614874e+01 8.594118331295774738e-01
3.480335616400558507e+01 1.624127814190128305e+00
3.484448513101718703e+01 2.342703642633981787e+00
3.485458309253426279e+01 3.089899494608971509e+00
3.483255673740283243e+01 3.821242941080626565e+00
3.566622243775963597e+01 -4.124982396568555032e+00
3.565601957057830163e+01 -3.413426523486759123e+00
3.564587078537827125e+01 -2.697351876996314957e+00
3.560640351057673314e+01 -1.995065560534143856e+00
3.559339407885347129e+01 -1.273102799145902964e+00
3.557838792186561960e+01 -5.476816647947622130e-01
3.559769925926092782e+01 2.131071424192292341e-01
3.561066855301681500e+01 9.467440664026547381e-01
3.562230942494472430e+01 2.339569054378824120e+00
3.559857908449176733e+01 3.108735497780827473e+00
3.563256057059927429e+01 3.873232242104066358e+00
3.641868428118630874e+01 -4.144489927599590118e+00
3.640317709726659956e+01 -3.397277776412757078e+00
3.639764492501890203e+01 -2.720723167080684846e+00
3.634869620242766786e+01 -1.972922329258544494e+00
3.633109745471644914e+01 -1.247015981568164733e+00
3.632333515406057955e+01 -5.184311907981147272e-01
3.635322331671833496e+01 2.091452249816576625e-01
3.634583606560853042e+01 9.065652547555806962e-01
3.633511584687999374e+01 1.693995549239204479e+00
3.634015692412305754e+01 2.386623377345486574e+00
3.641620314972892203e+01 3.149854838539440038e+00
3.646081678115853464e+01 3.846876532473025634e+00
3.719905851331069613e+01 -4.123413704692087123e+00
3.713994356725458346e+01 -3.383046846646369232e+00
3.712830164671343169e+01 -2.661203587213481825e+00
3.707757979812382843e+01 -1.215847854411169493e+00
3.706407531110878750e+01 -4.999480749139735281e-01
3.702856554342361761e+01 2.939091062213705641e-01
3.708748006797764418e+01 9.823374530913220326e-01
3.717578089316537415e+01 1.667480052940547353e+00
3.717836567401675296e+01 2.402774167492871982e+00
3.714269837260008700e+01 3.138776257641474388e+00
3.717820080441202180e+01 3.851354539898167673e+00
3.796955819388028175e+01 -4.060081878103467545e+00
3.792468129000828725e+01 -3.351150202572807046e+00
3.789650542893790686e+01 -2.634706173537647800e+00
3.788139711748630845e+01 -1.915438763333757066e+00
3.787794073214021040e+01 -1.176909542858439295e+00
3.784140318639378364e+01 -4.585039157344503735e-01
3.795440676254360568e+01 3.200279220628132748e-01
3.794628677517878401e+01 1.001548931026874811e+00
3.796699534598626968e+01 1.674465371043080353e+00
3.803752152009096932e+01 2.457628195073304767e+00
3.879178740875580189e+01 -3.992576985235082532e+00
3.878874211683443463e+01 -3.278942556051358537e+00
3.873647659996897374e+01 -2.590819233979555491e+00
3.881398141411356306e+01 -1.836726706674124188e+00
3.886240945643753975e+01 -1.129238299958466030e+00
3.874132425022674653e+01 -3.456833082866808127e-01
3.887136591534291341e+01 2.559832454828161019e+00
3.881396037418807765e+01 3.185919622384993488e+00
3.968874316931063362e+01 -3.288695377070894210e+00
3.957791687463282670e+01 -2.951054006685662756e+00
3.963672336718736489e+01 -1.763459275522436087e+00
3.999036722044724712e+01 1.125482482035344844e+00
3.999754365355239116e+01 1.859880133874302288e+00
4.000553121573181414e+01 2.612593891260573287e+00
4.000340531074935058e+01 3.333293065226911267e+00
3.999229672765991239e+01 4.003962678625782701e+00
4.074203434988097428e+01 -3.984223258583604377e+00
4.072723775931648760e+01 -3.252039641437733053e+00
4.071208249468092077e+01 -2.481131438433234138e+00
4.071193222536665957e+01 -1.785933057108980648e+00
4.072632523771617485e+01 -1.064119253333355886e+00
4.073057710438569501e+01 -3.430924249424762706e-01
4.074110964356984965e+01 1.122239835182867296e+00
4.072725016187575164e+01 1.842524180798836397e+00
4.071737848089900780e+01 2.526944230789410994e+00
4.070250073063397878e+01 3.319454620653118582e+00
4.071251207436144881e+01 3.984223258583604377e+00
