-3.473581812526447266e-01 -4.026292670198959200e+00
-3.376493195046066376e-01 -2.514939038312121511e+00
-3.471552117729004294e-01 -1.847739258827591158e+00
-3.341774935946588698e-01 -1.124863788790129604e+00
-3.506089397276070940e-01 -3.919608133909768810e-01
-3.362179613033049463e-01 3.540750442198152825e-01
-3.427150622070413988e-01 1.087096306301901905e+00
-3.401734345678093518e-01 1.807441191247487922e+00
-3.384628101233033703e-01 2.507804309564420464e+00
-3.384329270302970372e-01 3.251214100896817172e+00
-3.349050057611151487e-01 3.976122065990821852e+00
4.038374747931072761e-01 -4.008520509443460611e+00
4.149777269038992245e-01 -3.299236666870118739e+00
4.050615170569500378e-01 -2.559548678185215920e+00
3.817945435562890566e-01 -1.842791577259220048e+00
3.862600928604038586e-01 -1.103658534801304825e+00
4.040224022083336308e-01 -3.826703826955686338e-01
3.668863225423066865e-01 1.075089100919580432e+00
3.878134507107660056e-01 1.804764171175328613e+00
3.955124767866564639e-01 2.511694021639630847e+00
3.852444205490215268e-01 3.271956035027720588e+00
1.136422721399661384e+00 -3.280498966470087652e+00
1.118498778001630001e+00 -2.565105077420284374e+00
1.127264380582914782e+00 -1.833813744709416937e+00
1.129600759466093507e+00 -1.099244378960236190e+00
1.127171419115008177e+00 -3.732240663410948400e-01
1.127596615082786968e+00 1.077925703812837810e+00
1.133428902006443195e+00 1.791773094237271380e+00
1.113415260219767333e+00 2.540366618376854291e+00
1.125221716843959996e+00 3.273946294375733146e+00
1.119758031988460800e+00 3.997044063503054190e+00
1.856547667148220171e+00 -4.001777770022297176e+00
1.863784589695789862e+00 -3.287159621632032014e+00
1.873739463633356195e+00 -2.549828078730044467e+00
1.851522558874364677e+00 -1.811743922360260939e+00
1.844693819088924158e+00 -1.099153767421732653e+00
1.854961529468496906e+00 -3.827616265814945962e-01
1.854960852455384668e+00 1.077959461200361346e+00
1.856162848631370821e+00 1.814411846291974939e+00
1.858863378803981448e+00 2.536236848210435824e+00
1.871145853210109067e+00 3.268310664183516678e+00
1.866482384281354712e+00 3.981950506637168985e+00
2.581334837782883085e+00 -4.005121595535737100e+00
2.563452951942004177e+00 -3.287710212935419207e+00
2.584805581983331990e+00 -2.564951073537496740e+00
2.601534719695912656e+00 -1.829382659871097161e+00
2.604112163654868084e+00 -1.101615330280647953e+00
2.593429350358348984e+00 -3.639288552072770244e-01
2.588327677729935772e+00 3.609493509603183270e-01
2.580538305077929806e+00 1.796387599428957316e+00
2.584716186778528879e+00 2.558675538693481855e+00
2.565214483979517013e+00 3.264506906140177023e+00
2.582899034679556394e+00 3.998243674236469758e+00
3.322973070728849621e+00 -4.003023962597694663e+00
3.312363175574255081e+00 -3.290123291451575227e+00
3.303294687327273493e+00 -2.569634524151911847e+00
3.318504892181408650e+00 -1.827994610524605434e+00
3.317540834007481010e+00 -1.105373513258530949e+00
3.312301338666252093e+00 -3.574606861399800550e-01
3.291259721562866503e+00 3.514849080887287869e-01
3.315378310683371410e+00 1.100807576134922527e+00
3.300292495795041248e+00 1.820867608975461849e+00
3.327862332940789258e+00 2.557368969387393776e+00
3.292064264986827027e+00 3.248773880775956968e+00
3.311864685963037402e+00 3.987443576439495985e+00
4.053202627871456798e+00 -4.011523913063584246e+00
4.059909038382571111e+00 -3.270007155420923795e+00
4.040705717901012406e+00 -2.554095917874708022e+00
4.041219495034098941e+00 -1.846688933987341130e+00
4.037604791792340109e+00 -1.103468669614393605e+00
4.050070596466021300e+00 -3.833045968256882929e-01
4.032561774335526650e+00 3.445878862403404241e-01
4.056504185158125608e+00 1.081468611711652983e+00
4.041970473113089213e+00 1.815700120812973495e+00
4.039396023568571081e+00 2.550591570310253076e+00
4.043228003765328538e+00 3.267143014192178896e+00
4.036058769413635616e+00 3.980079779349821933e+00
4.753813181328155224e+00 -3.988582487467859039e+00
4.764780499976197348e+00 -3.281232631794665622e+00
4.770631553947346504e+00 -2.550654518772230261e+00
4.798872852716037585e+00 -1.826437648541812564e+00
4.760556763083471310e+00 -1.118355115553985257e+00
4.773735613045523962e+00 -3.723509060112597524e-01
4.763277903664047130e+00 3.781600570480811996e-01
4.773383062524580112e+00 1.064836677822590616e+00
4.781392565762921265e+00 1.802664523178592049e+00
4.783421097714516179e+00 2.545184937944167558e+00
4.782801604846113719e+00 3.258083700439456720e+00
5.505925165468411819e+00 -3.996177867518483140e+00
5.508361737586547235e+00 -3.274833092219125774e+00
5.512657034366320374e+00 -2.547618691336950292e+00
5.494262721806528305e+00 -1.098598560378057698e+00
5.500782164132637320e+00 -3.737823255013168477e-01
5.505930096716234345e+00 3.612024741498061076e-01
5.519167468991561520e+00 1.070412411132750208e+00
5.525748823019512201e+00 1.803511435772282567e+00
5.511509548499830657e+00 2.520990043341438280e+00
5.530028250773845855e+00 3.259102307922795205e+00
5.523007308181860253e+00 3.964467788303771556e+00
6.215541473321437138e+00 -3.995492322266962049e+00
6.233246129195158858e+00 -3.272447662796398760e+00
6.231181747307431351e+00 -2.540147259481635444e+00
6.246790003875311470e+00 -1.819029045656545662e+00
6.233650751800070111e+00 -1.100948066744365406e+00
6.222441460190331952e+00 -3.539742931171936391e-01
6.237516763746995707e+00 3.563961784227593910e-01
6.204731504810574449e+00 1.063417191299102171e+00
6.256133862440144355e+00 1.804515746747050287e+00
6.249896707656397155e+00 2.547955323733166466e+00
6.247042535576476041e+00 3.258985329681301835e+00
6.240106823850844364e+00 3.976290729820284753e+00
6.964799904138089914e+00 -4.008130656062970587e+00
6.949852987257976622e+00 -3.280676067722961164e+00
6.961966009856567439e+00 -2.551568721668701301e+00
6.956115102736561084e+00 -1.803402495490050939e+00
6.949857120561617307e+00 -1.079303798983776375e+00
6.979797293090925336e+00 -3.703533322740071299e-01
6.969981201646490376e+00 3.586856452363171854e-01
6.972647487727066107e+00 1.079857932762234185e+00
6.970013322370128606e+00 1.808168268317945859e+00
6.971312455801417229e+00 2.554556076850708735e+00
6.972987834143836494e+00 3.260377722551801583e+00
6.985694442729538878e+00 3.981950762115957332e+00
7.701563391763194488e+00 -4.004262767950137913e+00
7.693024770481493135e+00 -3.300261750390390603e+00
7.697207418666820899e+00 -2.551818981634848882e+00
7.698284742733179087e+00 -1.821163083641646807e+00
7.704504978904566315e+00 -3.676219962883209291e-01
7.709082584713279118e+00 3.578018907363720302e-01
7.686301776661885299e+00 1.073526703096366219e+00
7.714129112897154528e+00 1.799616824165106266e+00
7.707519543241964755e+00 3.255296442136099699e+00
7.717100921616328435e+00 3.975068129479254253e+00
8.433914038354366483e+00 -4.004783389837943020e+00
8.405677375162284193e+00 -3.284661915572254287e+00
8.414695500588237564e+00 -1.828675946501444827e+00
8.444518186458296327e+00 -1.109667757695522283e+00
8.463981950962903511e+00 -3.729525285416812608e-01
8.457964236062508689e+00 3.598884897636267510e-01
8.444504860303929661e+00 1.080128983526993380e+00
8.454453784741112088e+00 1.802234639214493228e+00
8.451974741596224305e+00 2.538329865798811369e+00
8.443058655181125971e+00 3.267948071817428968e+00
8.435820781790930312e+00 3.985298866351001834e+00
9.178398822656340883e+00 -4.012992620317849202e+00
9.172440534616612240e+00 -3.276114734231651227e+00
9.169038276144327426e+00 -2.543596667240361597e+00
9.161189558026990198e+00 -1.847071895264363661e+00
9.174252002704868403e+00 -1.114415610727462536e+00
9.184646868635027772e+00 3.319044177466246026e-01
9.188564613291234195e+00 1.086963402967498382e+00
9.188410406534330832e+00 1.792755551842152073e+00
9.177562701995171324e+00 2.538436759862953807e+00
9.161456667576302948e+00 3.241431298260415872e+00
9.167492340076407231e+00 3.988853984231951699e+00
9.905364174637739438e+00 -2.563676372501458189e+00
9.914417487183143862e+00 -1.108208997920247185e+00
9.908589829579959485e+00 -3.891508099833416168e-01
9.912096553717496761e+00 3.449622240903309489e-01
9.892096167058163303e+00 1.088190775595627713e+00
9.911348815636962684e+00 1.795252181716552542e+00
9.901293817394147823e+00 2.539939112140768174e+00
9.914869866387391539e+00 3.257944692936341369e+00
9.910437502558878009e+00 3.983868913908928278e+00
1.064560720213861345e+01 -1.832479669308671788e+00
1.064631115042609366e+01 -1.106798380211962751e+00
1.064608359924491054e+01 -3.961511476415147115e-01
1.062286864934780084e+01 3.425107031404976965e-01
1.061158321587305409e+01 1.088599772641412500e+00
1.064240381009992120e+01 1.805976994199575358e+00
1.063565109157302402e+01 2.515386771613297157e+00
1.063411205301102314e+01 3.248704563194024786e+00
1.063784736826953292e+01 3.963380296770239397e+00
1.140356523177842973e+01 -4.012900025201620480e+00
1.140015553751187127e+01 -3.298287115264383118e+00
1.139840878441128069e+01 -2.566150749465876402e+00
1.140326469100906337e+01 -1.840590726478687600e+00
1.139291523899156289e+01 -1.104942165968481049e+00
1.138393216695907029e+01 -3.788656308101572279e-01
1.136732931435265215e+01 1.096347331787448809e+00
1.137197920885183322e+01 1.803108975237737610e+00
1.137394926529741923e+01 2.522750348378643537e+00
1.137962609274543979e+01 3.262378083507663007e+00
1.138207468824541735e+01 3.970558431785427445e+00
1.213257375712486663e+01 -3.282559921088285648e+00
1.213794193792670484e+01 -2.556678496239769061e+00
1.215228610184242086e+01 -1.838709295659903376e+00
1.212181167135868520e+01 -1.104896268788426283e+00
1.210587814217829106e+01 3.376098367778546105e-01
1.208615056236440921e+01 1.069505945465465402e+00
1.209781070439004935e+01 1.791112682411235113e+00
1.209107812022325135e+01 2.517674355153882715e+00
1.210002493442603111e+01 3.233728902227021251e+00
1.210256779074202882e+01 3.981802108800160056e+00
1.286094178752210837e+01 -3.275798568105503961e+00
1.285669961212666124e+01 -2.558574193800549068e+00
1.287172947925725452e+01 -1.850571807499584054e+00
1.284834488712510137e+01 -1.105599441552026718e+00
1.285868086700354240e+01 -3.622938949972258627e-01
1.284336876299389019e+01 3.475216198723920513e-01
1.282750331553587131e+01 1.074783026010173614e+00
1.282643300695426092e+01 1.806729782088964953e+00
1.284253500495640310e+01 2.528353105594618455e+00
1.283198111034455025e+01 3.248670726863707614e+00
1.283455578095417593e+01 3.969555422296835445e+00
1.361558856915603144e+01 -4.038206583424965856e+00
1.358610263968481036e+01 -3.287605507887409573e+00
1.359990831232514097e+01 -2.566397336440488175e+00
1.359639259912255227e+01 -1.838528718635849657e+00
1.358441797993911848e+01 -1.106734492705363948e+00
1.358964649410674497e+01 -3.754846455686688955e-01
1.358807904913660280e+01 3.531656028859870844e-01
1.359136812724597831e+01 1.073083486174290613e+00
1.358101291825303036e+01 1.801333957444132494e+00
1.357743541870613058e+01 2.544756134389828617e+00
1.358095598386132252e+01 3.255105467764714433e+00
1.358105614754840929e+01 4.004598390506181715e+00
1.434124049573555482e+01 -4.011732347086397255e+00
1.434620877484442047e+01 -3.282639957324487767e+00
1.434491433398455484e+01 -2.550492443488771244e+00
1.432417843125929124e+01 -1.091219834692502388e+00
1.432375328266784464e+01 3.627342578618169000e-01
1.430269917546975478e+01 1.071751372462408369e+00
1.431130298449999572e+01 1.796653712991616914e+00
1.429677352642664800e+01 2.528708001835280328e+00
1.432791988545310602e+01 3.271727099965744401e+00
1.431626033733542869e+01 3.981108130440411230e+00
1.506482108633268524e+01 -3.285251936891217639e+00
1.507350277964375351e+01 -2.566412927441941605e+00
1.505960922661269308e+01 -1.833180025806502300e+00
1.507917373208381662e+01 -1.114018235166096105e+00
1.507748871626234433e+01 -3.714916744853411501e-01
1.504264688418029294e+01 3.259940362576649875e-01
1.506141025356745899e+01 1.066197924945786468e+00
1.504339116003763621e+01 1.796626303904957922e+00
1.504225945042817614e+01 2.548723654675100647e+00
1.505891520967095687e+01 3.267998104829786143e+00
1.505139021319707382e+01 3.989312626153541430e+00
1.580704797979014131e+01 -4.021587393236078611e+00
1.580779064620370633e+01 -3.283713622747026051e+00
1.581988089119366236e+01 -2.557999819099791239e+00
1.580655743085477383e+01 -1.834780663837996428e+00
1.577769905862635369e+01 3.569009441935122595e-01
1.577972523406752714e+01 1.087113659199378191e+00
1.578917702224481445e+01 1.815566264555684484e+00
1.576263415441989224e+01 2.529469147251720784e+00
1.579465327595374902e+01 3.263209418149934038e+00
1.579077460527067700e+01 3.991394441787683434e+00
1.655696894899514149e+01 -4.008828431099505707e+00
1.654667395810901809e+01 -3.288805952847525305e+00
1.655530948957547110e+01 -2.556609699594201146e+00
1.654225360471496487e+01 -1.104559549261097118e+00
1.653751115339416344e+01 3.798477504638455571e-01
1.652976465733192413e+01 1.065976513973726725e+00
1.650734046741385441e+01 1.811280763641388347e+00
1.652795370417700838e+01 3.277754546742912112e+00
1.652171336872201124e+01 3.996673921169673349e+00
1.728628598402337957e+01 -4.008208137426386486e+00
1.727548357298525161e+01 -3.285053932641982755e+00
1.729497176340443332e+01 -2.556876167106146625e+00
1.729046485968007119e+01 -1.841448606963563606e+00
1.725888901292015021e+01 -1.110122071223528906e+00
1.728400152134514656e+01 -3.859417710700299153e-01
1.727537831008732638e+01 3.575333750059499494e-01
1.725208394214455154e+01 1.804469382478306017e+00
1.726795255495311920e+01 2.535621613837893307e+00
1.724864836304975313e+01 3.276244917796326206e+00
1.726255784653827874e+01 3.983812915188707393e+00
1.801057537093484484e+01 -4.027376805978008178e+00
1.801885116870650450e+01 -3.287420568809487520e+00
1.802127413524406307e+01 -2.588320006986929656e+00
1.802821223915294269e+01 -1.833997625599455006e+00
1.799886413238716898e+01 -1.113433831361184900e+00
1.799736591435326005e+01 -3.844335581071725016e-01
1.800506258259430581e+01 3.529160666808408564e-01
1.800241777107862617e+01 1.829248675101450061e+00
1.799092031245892542e+01 2.546585693900606628e+00
1.799134136813715656e+01 3.275349283893874031e+00
1.799185737717487399e+01 3.985156383847083816e+00
1.874849212010189348e+01 -4.004904851369598617e+00
1.873504956009554689e+01 -3.283729691225236280e+00
1.873797828654487319e+01 -2.567143240051777298e+00
1.873490572850223401e+01 -1.808217932863225741e+00
1.874177678757402532e+01 -1.104797449390801489e+00
1.873232377996455966e+01 -3.992554920921840278e-01
1.873698253131017566e+01 3.964898873091904363e-01
1.870327100864366798e+01 1.090311853270357290e+00
1.868839045291466761e+01 1.736088209532269389e+00
1.872126926889274046e+01 2.559988651085451039e+00
1.872626694027136551e+01 3.259544043340049768e+00
1.873326730247718785e+01 3.994605620918804334e+00
1.947581733817513339e+01 -4.000225517988091894e+00
1.946659739769638975e+01 -3.293278000354575852e+00
1.946701586780950777e+01 -2.540250064170834321e+00
1.945870517087345064e+01 -1.836163277534183180e+00
1.944077935717987771e+01 -1.108422703734710524e+00
1.947025862010692521e+01 -3.736812874797053041e-01
1.944689020190792661e+01 3.469869801444360746e-01
1.946196007227090519e+01 1.099436287902577192e+00
1.945714611273478312e+01 1.824046073690123393e+00
1.945302313597619559e+01 2.546299675498296722e+00
1.945988372708050917e+01 3.287990962844595799e+00
1.943437257227343906e+01 3.986083832802236770e+00
2.018846213286450819e+01 -4.028129412227901440e+00
2.019842608296739428e+01 -3.288153303465765731e+00
2.017791801597334000e+01 -2.548144023861613761e+00
2.019710615830499734e+01 -1.838123697948386592e+00
2.019223793299402558e+01 -1.096533561509890120e+00
2.020439533300955048e+01 -3.770304639090831245e-01
2.019308377063463666e+01 3.704763229875958075e-01
2.020409130073615955e+01 1.073959216348274737e+00
2.016895341218411630e+01 1.807022175534370945e+00
2.018833660742381397e+01 2.536600353820471554e+00
2.017792717185434270e+01 3.267203024246121856e+00
2.019151440339999226e+01 4.016231222033439963e+00
2.092357865090352220e+01 -3.995494837028573443e+00
2.090345085924552393e+01 -3.287150621303997156e+00
2.092348391360275883e+01 -2.554153220576804273e+00
2.091830783833629681e+01 -1.823155879350633057e+00
2.092137125504346074e+01 -1.103907980291761959e+00
2.091478286553494570e+01 -3.784028376428523188e-01
2.092300378473868250e+01 3.524690245828701052e-01
2.091727112460513638e+01 1.079739110283323811e+00
2.092749935041484832e+01 1.805087668255794142e+00
2.094289148850786830e+01 2.535100091471822026e+00
2.091297181820772977e+01 3.265394704084826571e+00
2.093087299587775618e+01 3.997735623542453709e+00
2.166897794420660261e+01 -4.005225728390573892e+00
2.166554168951587656e+01 -3.281354127491127315e+00
2.164107086215018683e+01 -2.575794425038452573e+00
2.165969806300626743e+01 -1.840289354653371845e+00
2.165769731727296943e+01 -1.091795670469899449e+00
2.166302831265380036e+01 3.505958640958581896e-01
2.165853425860794346e+01 1.107142520829196286e+00
2.165586836834666684e+01 1.801482120003388587e+00
2.164865063574022486e+01 2.551320508609283166e+00
2.161328869048211487e+01 3.261903418318944148e+00
2.165720477449814041e+01 3.976041663514060076e+00
2.240339701290976393e+01 -4.022233271883756345e+00
2.239304168550297192e+01 -3.295079393346348695e+00
2.238612522834868201e+01 -2.539832430897771332e+00
2.241481724656730989e+01 -1.826523389061303959e+00
2.240463864986910636e+01 -1.088434789443734729e+00
2.239708451296745295e+01 -3.769450398453138007e-01
2.238630580560653982e+01 3.607332423373676988e-01
2.240791775048216294e+01 1.094498357931563248e+00
2.237851209970329336e+01 1.817808648941134919e+00
2.238543360254419667e+01 2.554025766578373435e+00
2.239905356218665133e+01 3.255139344680401337e+00
2.238930140198478824e+01 3.984452065706719281e+00
2.315132174645268037e+01 -3.988162721722673609e+00
2.314541722363606624e+01 -3.276540410621340271e+00
2.314911971525572909e+01 -2.539928230547999988e+00
2.315238664775184674e+01 -1.819397962386556600e+00
2.313953700321071238e+01 -3.577466937563045235e-01
2.313570018737163991e+01 3.643126575921797894e-01
2.312700103250509187e+01 1.093746815795199723e+00
2.312523929815809254e+01 1.817422124707551490e+00
2.312456693075425562e+01 2.540525425015911054e+00
2.313000696009654433e+01 3.252082222761870867e+00
2.313017466535920619e+01 4.011590567645441752e+00
2.388123056567344094e+01 -4.013454649038397548e+00
2.388595200493729465e+01 -3.279168090109429556e+00
2.388046907066808444e+01 -2.552241348640375662e+00
2.388917158669407570e+01 -1.811624481125928554e+00
2.387767053560916253e+01 -1.087408155736639515e+00
2.388060510980161411e+01 -3.741681526291849025e-01
2.388785401676633313e+01 3.555615246136909491e-01
2.387949888039254631e+01 1.103297406829234717e+00
2.386665296996078922e+01 2.556603163105865661e+00
2.386156661284591252e+01 3.262510300949408304e+00
2.385932842195146009e+01 3.996001252483999622e+00
2.461408584945204581e+01 -4.003017868564757720e+00
2.460804752695977982e+01 -3.278510166773635603e+00
2.462079798779583939e+01 -2.548522762725156099e+00
2.461268608045590867e+01 -1.818798633693837985e+00
2.461664214419121066e+01 -1.087169038349042438e+00
2.460179280797089518e+01 -3.697339407988131654e-01
2.460621596280982715e+01 3.597513413996793474e-01
2.460493528807682395e+01 1.088927276703287816e+00
2.460548375099592278e+01 1.822002370558426065e+00
2.460472540443085165e+01 2.547196359699334778e+00
2.458155640631487415e+01 3.274109239520292647e+00
2.461134574927213947e+01 3.985177025896490477e+00
2.534402660024587561e+01 -4.003350159269082553e+00
2.534288712344898897e+01 -3.276459398050757699e+00
2.534197191212867750e+01 -2.547392921019209666e+00
2.534508632026772545e+01 -1.823608000516031780e+00
2.533268745163259439e+01 -1.085351630127313172e+00
2.533055582890693813e+01 -3.603958981797710237e-01
2.536159943735977862e+01 3.371155467946529427e-01
2.533539520643192589e+01 1.083548443455811139e+00
2.532133488230282126e+01 1.811787231599215175e+00
2.533736507096257640e+01 2.543917334335773717e+00
2.530917821175368232e+01 3.272163939583705883e+00
2.534547544325901924e+01 3.991865331926135241e+00
2.608093613269332423e+01 -3.998486455956676622e+00
2.607224626858580763e+01 -2.550028506551146990e+00
2.604858572057245425e+01 -1.828339477665139157e+00
2.606683465771470765e+01 -1.091874995411195925e+00
2.606058692140236133e+01 -3.716158750324396465e-01
2.607694737640439087e+01 3.477168050302950064e-01
2.606869959044951202e+01 1.078617180567949418e+00
2.606766741561127532e+01 1.816730491801955338e+00
2.606392288885134434e+01 2.536546968877161135e+00
2.605374921159901902e+01 3.268087052077710553e+00
2.606150247274300114e+01 3.990282454844269466e+00
2.681112122939274656e+01 -3.984157282461929128e+00
2.676602754163759101e+01 -3.260161997852488724e+00
2.682463531090267139e+01 -2.544966609290487014e+00
2.680049000556448391e+01 -1.820397751145794274e+00
2.680715011888088384e+01 -1.107263716949514532e+00
2.680459336415828631e+01 -3.709357666226189565e-01
2.679131606528778775e+01 3.540865510355608592e-01
2.679126134248875957e+01 1.075379654164937193e+00
2.678916555344947881e+01 1.804773877914445990e+00
2.680077608744313267e+01 2.525246835345619445e+00
2.679971959937017800e+01 3.268146876569019810e+00
2.680269259648034819e+01 3.999065430566552948e+00
2.753426778548385556e+01 -3.985632969630461986e+00
2.753729755854870831e+01 -3.292089147159309448e+00
2.752723530532603746e+01 -2.559091026700372140e+00
2.753202923036243277e+01 -1.822542101385838720e+00
2.752877771746184266e+01 -1.094096418169836937e+00
2.751834700354424967e+01 -3.624416095224027856e-01
2.752240522063507200e+01 3.583672571090588121e-01
2.750586112144423367e+01 1.083753719912238012e+00
2.753150437004565276e+01 1.821528698127931278e+00
2.754075104779519734e+01 2.549828738855193677e+00
2.753409073197092027e+01 3.262108543936889760e+00
2.752300484484291587e+01 3.991921397454504472e+00
2.826982107155772184e+01 -4.000630496191103447e+00
2.823787066273191471e+01 -3.306927463149296642e+00
2.827495731428149384e+01 -2.548603744787005354e+00
2.826307838176733611e+01 -1.823362020137775374e+00
2.826141910128139045e+01 -1.101344049725842211e+00
2.824563560492241976e+01 -3.905129092819166203e-01
2.826367032718822259e+01 3.577015455907925912e-01
2.825757797230490098e+01 1.067892295495962429e+00
2.825065957727289145e+01 1.829805368135406951e+00
2.825678764050888958e+01 2.542837362457216699e+00
2.827136309369156919e+01 3.264465624223738871e+00
2.825690067472563527e+01 3.997179742308340167e+00
2.899194056005499220e+01 -4.012403802965550881e+00
2.899266526256348442e+01 -3.274537553717827620e+00
2.899218683488256687e+01 -2.540494203139044060e+00
2.900382236788521340e+01 -1.830294568441267700e+00
2.899391959925852547e+01 -1.083741197858756777e+00
2.900403301113691867e+01 -3.671981930301733144e-01
2.900091856216713637e+01 3.593974756906419543e-01
2.899874868818664453e+01 1.083216234192125427e+00
2.901348787533375884e+01 1.800324059129867038e+00
2.899071695344745336e+01 2.536919993173111010e+00
2.897606086576453066e+01 3.272065672174811368e+00
2.898827216839007548e+01 3.996084258929997191e+00
2.973672417507281551e+01 -4.007177839845720513e+00
2.972799028147058920e+01 -3.285350232898508693e+00
2.971982938454988954e+01 -2.536695405760621469e+00
2.972420819892989385e+01 -1.832453824044716129e+00
2.970716208764937249e+01 -1.103776362093714880e+00
2.970700356233506767e+01 -3.744760599723413463e-01
2.971226227315580815e+01 3.536629542360998357e-01
2.971441701851221495e+01 1.078783230664207338e+00
2.972024394295521432e+01 1.792482824478348391e+00
2.972402204647756463e+01 2.537247616763174562e+00
2.972215578790449086e+01 3.255703082143980964e+00
2.973000671507508486e+01 3.999181548208518677e+00
3.046564410475941287e+01 -4.002448168909229054e+00
3.047574425229911554e+01 -3.284666253434178174e+00
3.046127228946438237e+01 -2.556790794064315975e+00
3.045902300481287028e+01 -1.826612808400184917e+00
3.046712866814886667e+01 -1.094041437615828727e+00
3.044729043446084660e+01 -3.761484369447174458e-01
3.046009788989960754e+01 3.519561953676131338e-01
3.045651446281913621e+01 1.092632846345097164e+00
3.045226612764992780e+01 1.829828325862841609e+00
3.045337658019499116e+01 2.536200255739586851e+00
3.045012758238809880e+01 3.257906850100141583e+00
3.045214164986574445e+01 3.982661339839758341e+00
3.118446579356862713e+01 -3.999956029656690504e+00
3.119810424601498511e+01 -1.816563382380152802e+00
3.118993654338789412e+01 -1.105995018145417674e+00
3.118724049559902056e+01 -3.722813394304615997e-01
3.119723074776280924e+01 3.573922361520587287e-01
3.118125416521629489e+01 1.072071729122239248e+00
3.117900287832301132e+01 1.810972168138221150e+00
3.118935154590058545e+01 2.537283895555731306e+00
3.119070619292678970e+01 3.260894187199951944e+00
3.117188095436959117e+01 3.990295630449480768e+00
3.193159347807378623e+01 -4.008482742551350952e+00
3.192851464576852294e+01 -3.273624388782128136e+00
3.192387288790556710e+01 -2.559204676563233249e+00
3.193352070692525757e+01 -1.829305047775701354e+00
3.191470872373562173e+01 -1.102872911636264774e+00
3.192131429555363553e+01 -3.773379997396340002e-01
3.191596990207474249e+01 3.535009557914570166e-01
3.191646929325836624e+01 1.083350662263708131e+00
3.192019003766494478e+01 1.823634740122422215e+00
3.192592086049220512e+01 2.543993622546917521e+00
3.191926437177155407e+01 3.280449612983460383e+00
3.191641835803520877e+01 3.998785712148816174e+00
3.266984294745837047e+01 -4.004369336625742903e+00
3.266399539683533959e+01 -3.279371492046362135e+00
3.264061427406752358e+01 -2.549628427371132489e+00
3.265703889707531715e+01 -1.833773497714592082e+00
3.264529484187105624e+01 -1.082555184723641872e+00
3.265602085715386949e+01 3.535368317735780863e-01
3.265417154178553716e+01 1.071770329040155900e+00
3.263922879856452397e+01 1.815345213518352097e+00
3.264559880797957447e+01 2.541827660542555378e+00
3.262540428363740119e+01 3.252823972820763743e+00
3.265754486648500432e+01 3.983145808479555683e+00
3.338272253916057508e+01 -4.011338569088838568e+00
3.338517143403203846e+01 -3.279909518030933668e+00
3.339016689834198104e+01 -2.538874048391008387e+00
3.338058296025479166e+01 -1.820976250452101652e+00
3.338345540830220415e+01 -1.091824540596327608e+00
3.338220825720318174e+01 3.423356178298284647e-01
3.336447906737057423e+01 1.091065138438541027e+00
3.340225690926123292e+01 1.805161168521873805e+00
3.338289342875787469e+01 2.540127392291779529e+00
3.338694224254175680e+01 3.269691478667759554e+00
3.337818033824597563e+01 3.986039231468708977e+00
3.411092712291307549e+01 -4.000314547739598936e+00
3.411324466876219930e+01 -3.279098959774234601e+00
3.412107316790427802e+01 -2.551017067490899848e+00
3.410486514674092717e+01 -1.838460998319746409e+00
3.410883240356998414e+01 -1.092407042065428158e+00
3.412080080876966548e+01 -3.696770929578789833e-01
3.410913967846310157e+01 3.570495434828657721e-01
3.411391423328394268e+01 1.088546284867877745e+00
3.410879919167418706e+01 1.808266156499342969e+00
3.408655789081094412e+01 2.549214709475720042e+00
3.412742315955633643e+01 3.270908349641516111e+00
3.410368727870885408e+01 4.009273613068046416e+00
3.485152826231924195e+01 -3.992658317347501651e+00
3.484608314074208835e+01 -3.272138730492166303e+00
3.484534113066808203e+01 -2.533987759862327493e+00
3.483341001830495287e+01 -1.827318592887575477e+00
3.484305662524096903e+01 -1.097532729364733228e+00
3.484017013673183527e+01 -3.748776174950414486e-01
3.484194574225416119e+01 3.531491172779723797e-01
3.484458329243324926e+01 1.099298533063624461e+00
3.484718743727376733e+01 1.825465260242935983e+00
3.485684870727001083e+01 2.538274403501198151e+00
3.486191369665095152e+01 3.270294186767138456e+00
3.483538965945167121e+01 3.995515671226996801e+00
3.557036712254356559e+01 -4.005023023286753414e+00
3.554671098849640742e+01 -3.279933251177997278e+00
3.557162274714990957e+01 -2.543575727340108728e+00
3.556668587225177447e+01 -1.823927769461842985e+00
3.557802343333585071e+01 -1.102033374218873263e+00
3.558050488819043977e+01 -3.782473979916503026e-01
3.555586348878264147e+01 3.591348083666687785e-01
3.556652900489563507e+01 1.072206236993693551e+00
3.555359649653433252e+01 1.820802469509470001e+00
3.555125174677667843e+01 2.530870198048507547e+00
3.557412331500851366e+01 3.270112168571699840e+00
3.556397359024011706e+01 3.987458231847035961e+00
3.630654401167853251e+01 -3.981399519586350522e+00
3.630210766681056356e+01 -3.260481024926271232e+00
3.629986046178584758e+01 -2.543916611855195242e+00
3.630363916575243621e+01 -1.819848070332891865e+00
3.630384783953787320e+01 -1.098213170071730360e+00
3.629273687619845390e+01 -3.662848560703224621e-01
3.631027274312570086e+01 3.712247940066895069e-01
3.630668445348873519e+01 1.117742306590471912e+00
3.631672410053891298e+01 2.539745069538714262e+00
3.628852014630151501e+01 3.274050250216589575e+00
3.630570100999683092e+01 4.020374489932109441e+00
3.700906260598703312e+01 -4.019253506689786093e+00
3.702178457659672262e+01 -3.266955063559951356e+00
3.704757511207782983e+01 -2.563866070085992988e+00
3.702851322664910327e+01 -1.827199603828709940e+00
3.702768467946925313e+01 -1.089741790256610443e+00
3.702000020080283349e+01 -3.683293296384277937e-01
3.705112854947058310e+01 3.669300246552253952e-01
3.702807376122483873e+01 1.084642495506923154e+00
3.703134421454775094e+01 1.842702480672130605e+00
3.703879041697427255e+01 2.551101196896592427e+00
3.704946361638398145e+01 3.301445303236086204e+00
3.705813094513997186e+01 3.989110367779566957e+00
3.778156490141014245e+01 -3.992566529772286543e+00
3.775653438246816762e+01 -3.272919520614291145e+00
3.776048162036861555e+01 -2.541406273788233250e+00
3.775038617082488912e+01 -1.087378902586742413e+00
3.774810550443694268e+01 -3.607983648876924576e-01
3.773888722518233152e+01 3.882192691298236298e-01
3.775928241994244416e+01 1.108749792032838855e+00
3.776500294084620890e+01 1.798899801943822041e+00
3.777857184211696762e+01 2.549502252707195993e+00
3.774628034592659986e+01 3.276680884861022491e+00
3.776338468623020361e+01 3.996275819341896351e+00
3.849394884635298553e+01 -3.991424939281792206e+00
3.850431887417420995e+01 -3.256265524824996760e+00
3.849195683584783723e+01 -2.549111267129180902e+00
3.848300494803768146e+01 -1.826364049717707161e+00
3.849438213408311782e+01 -1.091111873490088868e+00
3.847881841329898833e+01 -3.605856543562033778e-01
3.850197057219157415e+01 4.009040302405075806e-01
3.851143769856212629e+01 1.100965199326399357e+00
3.851292184655645912e+01 1.818257058460378772e+00
3.848837183507470883e+01 2.555343132295046615e+00
3.926679544281174827e+01 -3.967679149165356023e+00
3.924273101011220177e+01 -3.246166148820407216e+00
3.926374903444546050e+01 -2.561061866595544245e+00
3.923139816087842036e+01 -1.797285164439252014e+00
3.927767826448896216e+01 -1.009245487720669132e+00
3.924180195040302266e+01 -3.157527922782712437e-01
3.923031238587294212e+01 2.564476952256811160e+00
3.921977018291840267e+01 3.230992297288246107e+00
3.995617871031803503e+01 -3.293288032366699980e+00
3.995405552399650873e+01 -2.476751404891341934e+00
3.992727277499376015e+01 -1.775068909102611059e+00
3.999273872901999738e+01 1.102426990805433604e+00
3.999703044464246915e+01 1.838061082309604188e+00
3.999889880914302154e+01 2.598044540190770135e+00
4.000348777386972898e+01 3.309292551502608148e+00
3.999393125305012830e+01 4.009365813459645267e+00
4.073878246414478355e+01 -4.000005228137908375e+00
4.072064190527235183e+01 -3.251526045070772142e+00
4.071738144292923067e+01 -2.552192131029713096e+00
4.071127850096257106e+01 -1.797973998696512865e+00
4.072193405842907765e+01 -1.077314949324030380e+00
4.073196484076618873e+01 -3.499902558676240005e-01
4.074451123328122293e+01 1.107236207875985201e+00
4.073151308830205863e+01 1.832712830190722286e+00
4.072054689579774589e+01 2.550232884929393151e+00
4.070877468126887067e+01 3.308736799074409873e+00
4.071576396009763954e+01 4.000005228137908375e+00
