-9.945234201258088547e-01 -4.064911116859562412e+00
-9.850405576502936356e-01 -2.591734008489918750e+00
-9.919901160583961541e-01 -1.888361422858704231e+00
-9.831704832024925622e-01 -1.154515446635887344e+00
-1.003629177294449448e+00 -4.410481151000169575e-01
-9.914228581436503873e-01 3.894257649273598076e-01
-9.898751948446928850e-01 1.051528442466803881e+00
-9.884913339615337691e-01 1.774059629424733942e+00
-9.831647349967909122e-01 2.476640593821606728e+00
-9.882553228431305570e-01 3.216256708545067511e+00
-9.763612220115263085e-01 3.957943492908690075e+00
-2.086918695018553649e-01 -4.041629553395221564e+00
-1.998475094212039949e-01 -3.333622336971433953e+00
-2.153907406383268608e-01 -2.591379917075780526e+00
-2.453681930411661938e-01 -1.877713716602379179e+00
-2.392944078897798477e-01 -1.138557852760818889e+00
-2.220042063785143682e-01 -4.255362510433258194e-01
-2.641111469631454156e-01 1.028052375213672320e+00
-2.492821377895211299e-01 1.774231067163565712e+00
-2.447155491080792444e-01 2.474630323927772935e+00
-2.593037845227499361e-01 3.250206322669733083e+00
5.111424237357553579e-01 -3.312270418363805646e+00
4.708216415126358356e-01 -2.597636007202506647e+00
5.032315185799376422e-01 -1.867724399939213242e+00
4.966115542072273570e-01 -1.130740907280294749e+00
5.026883562884236767e-01 -4.047121217835289997e-01
4.970042187120711219e-01 1.051616507243778642e+00
5.020742537552749241e-01 1.769472968245029421e+00
4.765960836711116144e-01 2.517184676448493974e+00
4.922654132863399923e-01 3.260976461386349001e+00
4.818372148190945836e-01 3.973098284959107218e+00
1.225655099219459032e+00 -4.032190757987351049e+00
1.237801835832932795e+00 -3.318515703620921187e+00
1.240225227336310354e+00 -2.587310584702745331e+00
1.230953864168633061e+00 -1.849919367271354531e+00
1.212784881980113028e+00 -1.136786588856658398e+00
1.232098351671261582e+00 -4.196510587260675607e-01
1.228699151087482733e+00 1.044942453753815670e+00
1.221486395020598081e+00 1.793034896852290672e+00
1.229800887720131186e+00 2.520350009313958140e+00
1.238371094431450103e+00 3.250975086146198123e+00
1.237963663227183986e+00 3.958699870087023953e+00
1.962370749114619173e+00 -4.027432690221704803e+00
1.941397128138738992e+00 -3.311256046183224555e+00
1.966461663792784975e+00 -2.598589056376365392e+00
1.978088731243417442e+00 -1.859264649721161788e+00
1.983003292675704188e+00 -1.130251573614113880e+00
1.973097120935932480e+00 -3.869847966845298970e-01
1.975943493722873257e+00 3.493882949701578866e-01
1.962787615508716499e+00 1.760063395547156517e+00
1.969563544743486716e+00 2.547171628179764724e+00
1.927609354995325930e+00 3.258167350857910094e+00
1.956823549990197364e+00 3.979951164681956755e+00
2.708442624650800212e+00 -4.022264905410231961e+00
2.689190138545946240e+00 -3.326963533583061405e+00
2.669439124519996653e+00 -2.602175097036099061e+00
2.690345332394599609e+00 -1.863990308962232945e+00
2.695655026377451691e+00 -1.139293023995286092e+00
2.684685910106345830e+00 -3.866168614527438763e-01
2.673341595491841360e+00 3.030889379426930930e-01
2.687563612014756131e+00 1.063640574964683339e+00
2.683834149447861250e+00 1.789572857297699215e+00
2.718158599769466832e+00 2.544878323718659630e+00
2.668144410804003996e+00 3.216309102283588572e+00
2.690507120342026326e+00 3.970366525401125557e+00
3.438900806040180669e+00 -4.032413083685906230e+00
3.462456350243719783e+00 -3.271922186398640520e+00
3.420294255022689356e+00 -2.573802768199172419e+00
3.421635979642751124e+00 -1.876255922849935587e+00
3.419544349895978996e+00 -1.135305034267567237e+00
3.430586070886420202e+00 -4.233351029143577193e-01
3.411508739978273752e+00 2.984893933978298719e-01
3.443050130658683372e+00 1.045475936835561726e+00
3.437023139439659758e+00 1.783315798470155755e+00
3.429864157709154426e+00 2.534165692779719592e+00
3.434893629106134938e+00 3.233024769363183282e+00
3.423629698696153412e+00 3.945106991706310851e+00
4.130850425873695997e+00 -4.009403504562790488e+00
4.146355756450610386e+00 -3.297855249047959347e+00
4.154880448093308587e+00 -2.571444544736525728e+00
4.232699103255782802e+00 -1.869170206205524210e+00
4.135446249636714811e+00 -1.151569659035953208e+00
4.155757522194178932e+00 -4.062565262456168114e-01
4.120790887798207791e+00 3.555703177681124316e-01
4.163762706744002173e+00 1.030092344436130958e+00
4.175486578760583711e+00 1.762836044627267285e+00
4.186112396024668669e+00 2.509771515654897200e+00
4.193062726686854091e+00 3.227834352430157594e+00
4.891454088842706938e+00 -4.014186556007725670e+00
4.887870717375569996e+00 -3.293707452259582169e+00
4.895379820265098658e+00 -2.568644960608310157e+00
4.872056373290860165e+00 -1.129135013668161491e+00
4.881515987768501930e+00 -4.129943239502260610e-01
4.892400569447538317e+00 3.298367294859545495e-01
4.918559798915822512e+00 1.032043976451817002e+00
4.941932334569720808e+00 1.779983910744466158e+00
4.919619382307459432e+00 2.485866721006974700e+00
4.948563094561805542e+00 3.218530711883474282e+00
4.951573802418174353e+00 3.918545964729844400e+00
5.603068781828234535e+00 -4.014624503568558822e+00
5.623087240236991136e+00 -3.291284171191726671e+00
5.621656331126978046e+00 -2.566570743453539194e+00
5.639587174225489719e+00 -1.836150608469132806e+00
5.614995649690939672e+00 -1.133461126915943140e+00
5.610998903570681762e+00 -3.808123383730048772e-01
5.629091571870276312e+00 3.216609990838605881e-01
5.633710993994640148e+00 1.071611903723333370e+00
5.664749481903420758e+00 1.760529592936375565e+00
5.674510238113917637e+00 2.512609151248003769e+00
5.661153278186326077e+00 3.221085789861106718e+00
5.651274203180321365e+00 3.952414655354104411e+00
6.359122604468801399e+00 -4.028956550510351065e+00
6.347250311864790717e+00 -3.300526103567303693e+00
6.356700252461614298e+00 -2.573026196741043492e+00
6.354805595628114645e+00 -1.815304442887594405e+00
6.339000560447331623e+00 -1.104053956369863698e+00
6.390554401248635941e+00 -3.994525143772520437e-01
6.368905950169519770e+00 3.368679121849638136e-01
6.381727969161175906e+00 1.040219965188917683e+00
6.387254796210037000e+00 1.770833333455815506e+00
6.399103922161877733e+00 2.526268012839512522e+00
6.405287747963988920e+00 3.230817381836779134e+00
6.415090683561473384e+00 3.949433529101590068e+00
7.099879322233235257e+00 -4.023661016715831096e+00
7.093240958695801623e+00 -3.328400431730081266e+00
7.094003953282914665e+00 -2.570949370540319023e+00
7.095262547481532067e+00 -1.849746515228723354e+00
7.122901805555379440e+00 -4.012600222202706846e-01
7.133864925653639943e+00 3.263495224099308700e-01
7.086608763582177062e+00 1.036910594911297778e+00
7.152225645189993486e+00 1.764483614679910772e+00
7.147855723653080418e+00 3.212602633275686514e+00
7.158814567411866392e+00 3.938194944566120625e+00
7.829507878776347241e+00 -4.026354191693243934e+00
7.774606472302608040e+00 -3.308774152464536655e+00
7.826839707279184211e+00 -1.855760536807387950e+00
7.868624101830974382e+00 -1.147299065231944581e+00
7.910416047612926604e+00 -4.042893253131403242e-01
7.904194487504497602e+00 3.213618289006028306e-01
7.885235036011309262e+00 1.038929249906839658e+00
7.889249690566934703e+00 1.767180545036730166e+00
7.892392086964392206e+00 2.501895134458596459e+00
7.894266623616637446e+00 3.229291543257026831e+00
7.875268696168483018e+00 3.961249931489390974e+00
8.612732076336705234e+00 -4.036790386537859376e+00
8.603266224654696259e+00 -3.306516111384169676e+00
8.611133230260506366e+00 -2.559137752834828916e+00
8.581545872424449328e+00 -1.881716388930740891e+00
8.613528919013411667e+00 -1.163108645007447706e+00
8.639777112474696708e+00 2.893593741146780474e-01
8.644558592699340238e+00 1.045125051742058275e+00
8.637708570959809151e+00 1.750786139912129613e+00
8.620309198453391275e+00 2.498653787418671612e+00
8.605861990092940061e+00 3.209666060054090053e+00
8.603619775192669294e+00 3.954591248177479201e+00
9.358919392635854706e+00 -2.600401889232834662e+00
9.371428489237423776e+00 -1.156479939808924939e+00
9.363282445462772330e+00 -4.418373354630134031e-01
9.365995875836567564e+00 2.985778442627342599e-01
9.343766828587391160e+00 1.041500987848561266e+00
9.362106807674123843e+00 1.750281211877169341e+00
9.344420805493520277e+00 2.492745840460337092e+00
9.361212816059868658e+00 3.216692799073904041e+00
9.368379740933953315e+00 3.939424684562858658e+00
1.011548970571882933e+01 -1.888428341719077252e+00
1.010862990665259531e+01 -1.166212422971714346e+00
1.011445009102970971e+01 -4.555806690852293173e-01
1.008347007889158675e+01 2.813643850804652402e-01
1.006403953742089641e+01 1.054881190954098713e+00
1.009459494349231079e+01 1.761357687205212130e+00
1.009429444387144770e+01 2.458863271761956071e+00
1.008666319689571367e+01 3.194018174470237170e+00
1.011160574910876875e+01 3.899534483765606296e+00
1.093639720788954861e+01 -4.052872970544243003e+00
1.092620978223036587e+01 -3.334170778712479688e+00
1.092570887662209600e+01 -2.609233170658193046e+00
1.091267769543689070e+01 -1.891321832948797521e+00
1.089674091497428776e+01 -1.151196685414181076e+00
1.088039064140586021e+01 -4.318143329924239993e-01
1.083531626472985465e+01 1.042933572795728736e+00
1.083525890583112528e+01 1.734085182244420764e+00
1.084292482071492003e+01 2.471769964531635111e+00
1.084576066129110217e+01 3.218689733792324148e+00
1.087096514780819234e+01 3.904858173979285141e+00
1.167565152368391068e+01 -3.331634410230240206e+00
1.167911793602922899e+01 -2.600794576697840199e+00
1.168637793781358170e+01 -1.894007293203721076e+00
1.164081159867888005e+01 -1.160799551021572285e+00
1.160081371159520103e+01 2.784904991584618017e-01
1.157465709167452417e+01 1.012328867677599220e+00
1.157028937396713530e+01 1.734318228846841947e+00
1.157249303522812056e+01 2.464726313403449609e+00
1.158867068908845965e+01 3.163640886741745817e+00
1.160388602688247062e+01 3.921728875141994308e+00
1.241843133866463944e+01 -3.316080004362760292e+00
1.240985062509757597e+01 -2.597115859863457388e+00
1.242852137899078713e+01 -1.900553710185040046e+00
1.237841992658552925e+01 -1.142865077815006458e+00
1.238198659594296913e+01 -4.140884757042933018e-01
1.235570002891589780e+01 2.869090517369095039e-01
1.231946016151304946e+01 1.022099686805795216e+00
1.230423653165315301e+01 1.753408143334240776e+00
1.231455688997646547e+01 2.472973447508866940e+00
1.233587026701354006e+01 3.189432298768210217e+00
1.233440779836680434e+01 3.903075293795389200e+00
1.320865700057716197e+01 -4.093268427370638562e+00
1.316431736643849604e+01 -3.330097195489045703e+00
1.316864385156515027e+01 -2.608567510535170442e+00
1.315052682787261773e+01 -1.882848256847626800e+00
1.313467370587053296e+01 -1.143101477253921416e+00
1.312639497810062039e+01 -4.156797429147829348e-01
1.313692128705916673e+01 3.142469988803675562e-01
1.311183093387310805e+01 1.016517948125908788e+00
1.313828509434641489e+01 1.744950109000249938e+00
1.310920555973956425e+01 2.506823856619643465e+00
1.310968019382002581e+01 3.197975745043095230e+00
1.311609198170042845e+01 3.941123656725331159e+00
1.395599253278123797e+01 -4.050571433329029247e+00
1.396197747260796262e+01 -3.322874793442714747e+00
1.395121620837630871e+01 -2.577271157042144267e+00
1.389798700289532007e+01 -1.124188624124787594e+00
1.388878558827024534e+01 3.163018911997497185e-01
1.385592405613390810e+01 1.028997330722120296e+00
1.385920288129471345e+01 1.756208244829281284e+00
1.384534294698745782e+01 2.487484128835991015e+00
1.388024955943252081e+01 3.232777751425700785e+00
1.386961300687180909e+01 3.935661151696088211e+00
1.466861064068083920e+01 -3.325137180363594069e+00
1.470098345214932323e+01 -2.594432805644714790e+00
1.466861701264931384e+01 -1.868429622302500093e+00
1.469009942615719666e+01 -1.151527658566283918e+00
1.468306040960577263e+01 -4.117116385782360055e-01
1.463859304973077968e+01 2.839187061983707849e-01
1.465241744714564476e+01 1.040980575534533159e+00
1.460426864298172234e+01 1.758622056321858196e+00
1.459110113704438305e+01 2.518294914409437979e+00
1.460777517330275543e+01 3.235660619594639797e+00
1.461984990399256645e+01 3.942941117395633910e+00
1.544200643805357487e+01 -4.061055564052864497e+00
1.543623730370929792e+01 -3.324472181297959850e+00
1.544667679389556980e+01 -2.599120439683389350e+00
1.542032497111758005e+01 -1.876947469849021388e+00
1.538434706610770064e+01 3.342158299805113586e-01
1.536488700492006387e+01 1.046657271768793862e+00
1.537642937114667774e+01 1.777884331627067382e+00
1.535768855938710686e+01 2.503910249719087489e+00
1.539481207735211399e+01 3.224773116147723329e+00
1.539287650094408377e+01 3.950077420663184569e+00
1.622625423964997537e+01 -4.045821601613276641e+00
1.621340084653030544e+01 -3.339714111481825398e+00
1.620267908644351706e+01 -2.582885865955542926e+00
1.616632066527293432e+01 -1.136251096463730903e+00
1.615031091779476924e+01 3.505361722958504345e-01
1.614398129845467622e+01 1.022614430149733522e+00
1.611121923192111183e+01 1.777341872566623238e+00
1.613719715319025738e+01 3.240428423871762220e+00
1.612508212392342699e+01 3.954410309104190446e+00
1.696568092893415525e+01 -4.055774449643287483e+00
1.695661036831172908e+01 -3.328573891125341078e+00
1.697918475399863070e+01 -2.600218019160436711e+00
1.696471052823901005e+01 -1.885101540211561399e+00
1.690651172925538503e+01 -1.151199136481714902e+00
1.694830767244869207e+01 -4.247782971034865795e-01
1.689603187927350803e+01 3.394466634794213178e-01
1.686744718180029423e+01 1.771088761743715878e+00
1.687711612831274977e+01 2.505501551373544800e+00
1.685298181870499690e+01 3.246736608008781388e+00
1.688102170619924891e+01 3.945431948331140859e+00
1.769663449751692497e+01 -4.060902761851256315e+00
1.770309722062020086e+01 -3.335403871774396123e+00
1.769848031769941343e+01 -2.644352274658032798e+00
1.770035314687781636e+01 -1.883319044983107204e+00
1.766783466125185242e+01 -1.167892746218001321e+00
1.766445724065747669e+01 -4.381336576722851817e-01
1.766270834557938230e+01 3.040825819042218825e-01
1.763743265448950837e+01 1.795083524033390887e+00
1.762484644193028771e+01 2.513219706701093514e+00
1.761333376300235898e+01 3.220625847482587290e+00
1.761999653106541075e+01 3.954210840863879639e+00
1.843444253319528769e+01 -4.045615291061825047e+00
1.841568914241264565e+01 -3.326365744667675983e+00
1.840918321658327983e+01 -2.612933158334804773e+00
1.840665637044364900e+01 -1.852391611206723354e+00
1.841114298408089667e+01 -1.154958096905183140e+00
1.839896211694596673e+01 -4.424480037952989164e-01
1.840637582133488337e+01 3.572793101902647095e-01
1.835567551231610395e+01 1.044195965500822609e+00
1.835451656797967956e+01 1.713732682267224305e+00
1.836950088186742391e+01 2.530079374006898973e+00
1.836717816235050549e+01 3.227308276689058175e+00
1.838110485858101839e+01 3.966144593720954958e+00
1.915885130521348856e+01 -4.037715998079402624e+00
1.914508209093842339e+01 -3.333762275284168908e+00
1.914181789920917254e+01 -2.589106807029750712e+00
1.912460149796276454e+01 -1.876097454037100931e+00
1.910239413961929245e+01 -1.157543362576994639e+00
1.912975305209294419e+01 -4.177951970429170103e-01
1.910567748252759657e+01 3.074908379926561963e-01
1.911935077839774522e+01 1.057717017824199246e+00
1.910343456676820750e+01 1.795284108608374396e+00
1.909395701006658186e+01 2.518050383587755903e+00
1.910133321660712369e+01 3.261918852433979055e+00
1.908482907379262628e+01 3.968727227435763893e+00
1.987157313111796242e+01 -4.070408839184580074e+00
1.987426172048585471e+01 -3.323620213985527982e+00
1.985232835712163535e+01 -2.595844120103148356e+00
1.986409983512177035e+01 -1.876956147055608426e+00
1.985986179459713696e+01 -1.133045806690926582e+00
1.987224630446025486e+01 -4.104295199174536890e-01
1.984150469933906180e+01 3.345956231641480372e-01
1.986664810982975382e+01 1.043401072012422048e+00
1.981806052164434817e+01 1.776372467313937165e+00
1.984406528189508379e+01 2.502399773064961863e+00
1.982603123729219874e+01 3.247078859500170722e+00
1.984214810913372418e+01 4.003911450353967894e+00
2.061990887052852628e+01 -4.029237142915064851e+00
2.059236074506918612e+01 -3.314515451478648345e+00
2.060134155418953839e+01 -2.582020358651032410e+00
2.059644643252571683e+01 -1.859617235929178491e+00
2.058729494871425203e+01 -1.138403598432674357e+00
2.057773176827611650e+01 -4.113577063117048738e-01
2.058480273205103828e+01 3.219067792377607873e-01
2.057785458811757451e+01 1.045319530129528829e+00
2.058089593246966587e+01 1.777308715922590210e+00
2.060062549575089719e+01 2.503383651410743482e+00
2.057453198798871341e+01 3.238709102665438877e+00
2.059735663333328404e+01 3.976875120876421477e+00
2.138387878429800537e+01 -4.038849591856102705e+00
2.137815056694974913e+01 -3.307224473391560338e+00
2.133835654009116212e+01 -2.606738085909558578e+00
2.134581392047874715e+01 -1.841857510372374662e+00
2.133939715806045712e+01 -1.116696301433101723e+00
2.133926961600235472e+01 3.225532233709351715e-01
2.135309372766054281e+01 1.078072827216189467e+00
2.133982107075110690e+01 1.780905018100796156e+00
2.132073118877121232e+01 2.532660174464577807e+00
2.129954464388848123e+01 3.246968317871463228e+00
2.134818910324342767e+01 3.966647167154206954e+00
2.211640822832780628e+01 -4.050834889456236709e+00
2.209748151947536599e+01 -3.322780244217565127e+00
2.208679515238954849e+01 -2.566922117619764521e+00
2.212221600103676877e+01 -1.855844836299798573e+00
2.211469367267892494e+01 -1.119790692874502724e+00
2.210147893816227338e+01 -4.053768564006823283e-01
2.209395556458232335e+01 3.307773655909080901e-01
2.211918465996052419e+01 1.062786885431879824e+00
2.207083035206484567e+01 1.787557786073698196e+00
2.208656171806345014e+01 2.530770050303750907e+00
2.210496704772977949e+01 3.226032738223167939e+00
2.210162267184615104e+01 3.964376174190086033e+00
2.294059474573984403e+01 -3.986842882143022848e+00
2.291372189151255867e+01 -3.307363211915575363e+00
2.292841810031207217e+01 -2.553362496787990210e+00
2.294017240882672581e+01 -1.847331856404565542e+00
2.286984781171124581e+01 -3.798591631060759255e-01
2.287085828081932704e+01 3.402273406388154342e-01
2.286232342260918671e+01 1.071092666025318607e+00
2.284783415154260666e+01 1.794676144173848797e+00
2.284727663264716568e+01 2.518566106798406423e+00
2.285764586763096418e+01 3.226682252320948407e+00
2.285145497405888193e+01 3.987164914647912894e+00
2.366676991767974414e+01 -4.046113399815716605e+00
2.367241552215438816e+01 -3.305821010857087572e+00
2.366745587407296370e+01 -2.584081353216742372e+00
2.368082731119228157e+01 -1.835189078724752676e+00
2.366337889870162314e+01 -1.112775708785068929e+00
2.365383744372844887e+01 -3.990448239210628856e-01
2.365432938868488577e+01 3.292721271253498116e-01
2.362507410683632969e+01 1.068782905710701669e+00
2.361517976862557333e+01 2.542770435660731465e+00
2.360546217480027309e+01 3.237891782817200692e+00
2.358959634146602014e+01 3.969472148783637522e+00
2.441011534011758499e+01 -4.031702394708705839e+00
2.440253297001397925e+01 -3.308694443772150606e+00
2.441235100356892929e+01 -2.577082563168492158e+00
2.439987940628213892e+01 -1.842842272752644561e+00
2.440351308802448926e+01 -1.120280054243391277e+00
2.438357906135164654e+01 -4.013269523087252821e-01
2.438270679730453594e+01 3.295136634160691358e-01
2.437351498576200726e+01 1.061335052620297148e+00
2.437291647981610510e+01 1.798209647002050104e+00
2.437016841120595956e+01 2.519196042571358873e+00
2.432870335648278370e+01 3.256801165849601887e+00
2.436369761256209188e+01 3.956315436934197294e+00
2.513879019346668997e+01 -4.031156600997459094e+00
2.513512611833442634e+01 -3.306524126395945729e+00
2.512764076853011375e+01 -2.574303858104684650e+00
2.514180714459536858e+01 -1.852265696428137431e+00
2.512469592720031386e+01 -1.115427855056829287e+00
2.511311377208156870e+01 -3.868632263931068849e-01
2.515284602291860949e+01 3.073947983696143638e-01
2.511543524913111725e+01 1.064337840259298673e+00
2.509548122451391805e+01 1.785727013907283833e+00
2.510770633971824140e+01 2.522269980276913515e+00
2.507432284482344187e+01 3.250803710824094139e+00
2.512250156353435671e+01 3.964721105792079925e+00
2.587833918332386673e+01 -4.020735722822408320e+00
2.586650008129374356e+01 -2.582993571192648830e+00
2.583459483183565197e+01 -1.861393655449095519e+00
2.586845443034608394e+01 -1.124017117729103177e+00
2.585417560385961622e+01 -4.058505711821958073e-01
2.586283415967357513e+01 3.214544296046106808e-01
2.586059442817305865e+01 1.050575540469015579e+00
2.585969667480915035e+01 1.788813214878242519e+00
2.584825493664745011e+01 2.508661074034328919e+00
2.584234066024327348e+01 3.243445298847902336e+00
2.584724073504509079e+01 3.964601746024641216e+00
2.660992696090099940e+01 -4.020434040065818948e+00
2.655923505439875498e+01 -3.294767916172364863e+00
2.663178270265126457e+01 -2.577104100961935984e+00
2.659486745096143068e+01 -1.849148475762461885e+00
2.659879713823504233e+01 -1.137949460223918408e+00
2.659749657103020581e+01 -4.017914501095702917e-01
2.658407192645861272e+01 3.243246439058111719e-01
2.658321869910975010e+01 1.046212260445923192e+00
2.657760766356005178e+01 1.776858531317799361e+00
2.659846204620387766e+01 2.495747021730807091e+00
2.659297322895088200e+01 3.239401396117060017e+00
2.660590670790553958e+01 3.971607547821314199e+00
2.733662282953369527e+01 -4.015116109141100509e+00
2.733923758698929163e+01 -3.321230719188307035e+00
2.732940258243205989e+01 -2.585888206054875127e+00
2.733227053662218964e+01 -1.855222528127310255e+00
2.732275521891401127e+01 -1.128680300313092744e+00
2.731659165041971704e+01 -3.878880955610846115e-01
2.732592652875019468e+01 3.273578440023960923e-01
2.729877133504171383e+01 1.056054176816132895e+00
2.733774429061142541e+01 1.796175997186182371e+00
2.734639688466454288e+01 2.529545577542538837e+00
2.733993508988908872e+01 3.235598599911710949e+00
2.732920420481215018e+01 3.970093776909635608e+00
2.808725400568027197e+01 -4.035078141537052687e+00
2.804940328122135185e+01 -3.342402395915062385e+00
2.809152987857453354e+01 -2.586664670220624629e+00
2.806961424542982542e+01 -1.858768739126038128e+00
2.807557401305060552e+01 -1.128219107711956326e+00
2.805723246720418729e+01 -4.236802206295919859e-01
2.806941294426768252e+01 3.305393385674157969e-01
2.806642997170715859e+01 1.028659437872509130e+00
2.804979147393670758e+01 1.803762833014527445e+00
2.806881901113005284e+01 2.510646117034735170e+00
2.808434296197815172e+01 3.239448462843476761e+00
2.806754939119367975e+01 3.970759375497884491e+00
2.881446118773231291e+01 -4.054654815148534652e+00
2.880726946886779416e+01 -3.307138075652737541e+00
2.881298074706074175e+01 -2.574324686083048874e+00
2.882614754051169115e+01 -1.869997200977579155e+00
2.881178190233658398e+01 -1.119352543091320484e+00
2.882460115969548298e+01 -4.009644319520049294e-01
2.882284307229340214e+01 3.198148686150368292e-01
2.881970217853046989e+01 1.040742925106112438e+00
2.882778842215954995e+01 1.770880528084173733e+00
2.879830351934213439e+01 2.510041458871800302e+00
2.879458118463224281e+01 3.245636261631759112e+00
2.881921526574945602e+01 3.969638118146491479e+00
2.958235632621738631e+01 -4.038399008140547863e+00
2.955762651818698572e+01 -3.320876115062301182e+00
2.955257256058950333e+01 -2.565908488859527381e+00
2.955158647433683683e+01 -1.871390701892934771e+00
2.953328877927807383e+01 -1.140065286157742719e+00
2.953063225796118019e+01 -4.134407470846248600e-01
2.953225414992979125e+01 3.168280527990496864e-01
2.954374638188735247e+01 1.042511042365095619e+00
2.954226375275957395e+01 1.751231222317887415e+00
2.955864499232347242e+01 2.498259186654024688e+00
2.956567174978658130e+01 3.213094792741671313e+00
2.956372848900581829e+01 3.966590578839678471e+00
3.030929870579458196e+01 -4.043895013806359628e+00
3.032554195562871513e+01 -3.326213117466132019e+00
3.031041309627389779e+01 -2.597897491886410393e+00
3.030475216934697613e+01 -1.867543071132573118e+00
3.030478539322316323e+01 -1.135838609428457602e+00
3.028416906482458870e+01 -4.173540333694525373e-01
3.029887752186778727e+01 3.042860872672150663e-01
3.028405601559064309e+01 1.057414130921568329e+00
3.028506824847237766e+01 1.775537626453910889e+00
3.028874310000471581e+01 2.490858710939395593e+00
3.029458128008314333e+01 3.214886715081341606e+00
3.029429235042945123e+01 3.944556371899821556e+00
3.103983575317079868e+01 -4.035996054147197754e+00
3.104061644870736103e+01 -1.857673081643984148e+00
3.103700028776551534e+01 -1.148044605671938001e+00
3.103525564485160970e+01 -4.069169538418400123e-01
3.104432097480211183e+01 3.189241317503181961e-01
3.102434709680104419e+01 1.028797029837456023e+00
3.102377208624296401e+01 1.767216106894757388e+00
3.103034619158749052e+01 2.500181243062570502e+00
3.102831256436814300e+01 3.222759800258280904e+00
3.101740113475208460e+01 3.941979122175844452e+00
3.179891023193683708e+01 -4.048429715429101350e+00
3.178727659260471938e+01 -3.305280361780909004e+00
3.177910370870680623e+01 -2.592882711060148893e+00
3.179571394995594602e+01 -1.869036895929223618e+00
3.177402902372043769e+01 -1.142163218764480348e+00
3.176557092392064163e+01 -4.270499083246761529e-01
3.177209545440717164e+01 3.128618802228864126e-01
3.177326448676762283e+01 1.041577630791127973e+00
3.177848975572434398e+01 1.774755077115727886e+00
3.178204178104213184e+01 2.503364875593501182e+00
3.176269587449539955e+01 3.243773840585042478e+00
3.176392544263290318e+01 3.959062053171450657e+00
3.254396747316112481e+01 -4.045576233453179071e+00
3.253323903717423349e+01 -3.320338430506442506e+00
3.250505304951283136e+01 -2.584564174050058227e+00
3.252044773666610666e+01 -1.877112624862839141e+00
3.250153347152431849e+01 -1.125111514848335048e+00
3.251744708817806639e+01 3.103159945409181830e-01
3.251568859500347486e+01 1.028025829107523492e+00
3.249315819759666368e+01 1.777126524685805009e+00
3.250363670137377170e+01 2.503023222170021711e+00
3.248537840709926883e+01 3.217560736589128112e+00
3.253139280979208792e+01 3.940118926184908332e+00
3.325534506552671843e+01 -4.046059282833141424e+00
3.325814625563902638e+01 -3.319326204097041710e+00
3.326420441741461076e+01 -2.574935654081329517e+00
3.325175056037979715e+01 -1.859707424929080588e+00
3.325417082939345192e+01 -1.132874856849539924e+00
3.324031451528522751e+01 3.068296929088774050e-01
3.322240361771431338e+01 1.046378662535648374e+00
3.327130749615124472e+01 1.761524795839747526e+00
3.325505607971603439e+01 2.494510581647936931e+00
3.324355738238738667e+01 3.233899216371156626e+00
3.325717069236207379e+01 3.951741609260821519e+00
3.399212635320146347e+01 -4.036069568037721211e+00
3.398800550180622082e+01 -3.312443194392120205e+00
3.400478131778130120e+01 -2.591949196274594414e+00
3.397703916683938274e+01 -1.868365025100789723e+00
3.398053186260963088e+01 -1.128013953769240629e+00
3.399266165959948438e+01 -4.098897498756848279e-01
3.397304957265713909e+01 3.139737482546678393e-01
3.398139812039762120e+01 1.044850639489062871e+00
3.397984198414831525e+01 1.763801814292527581e+00
3.396334660570338571e+01 2.512201501074169840e+00
3.399436484279120663e+01 3.232223092168069911e+00
3.396757243162421247e+01 3.975288750277542249e+00
3.473641820542766112e+01 -4.022934241577178938e+00
3.472804810323700764e+01 -3.303409338813491303e+00
3.472304757383673035e+01 -2.578260765326408688e+00
3.471144621100452099e+01 -1.863909431272933404e+00
3.472528087475155445e+01 -1.136600749027653734e+00
3.471550135369351864e+01 -4.142841067002436262e-01
3.471514727678550827e+01 3.141274585267090913e-01
3.471309178708612109e+01 1.059281989339112329e+00
3.471967937808063454e+01 1.788735980023183458e+00
3.473619658302468594e+01 2.501557852014965277e+00
3.473810499136212826e+01 3.236394564761745585e+00
3.470365370998320742e+01 3.972928061435347047e+00
3.546221259028025230e+01 -4.032484346330377889e+00
3.541573809162481012e+01 -3.327054048636448158e+00
3.545214605965677634e+01 -2.573992403586583322e+00
3.544980346852887720e+01 -1.855896629071153825e+00
3.546158722573644440e+01 -1.154161553306156662e+00
3.546610288746682471e+01 -4.253522399889142491e-01
3.543809615095090493e+01 3.286734397880088920e-01
3.544743794620155342e+01 1.036724324557891208e+00
3.543348299202340712e+01 1.790112497711735529e+00
3.542589074884124756e+01 2.494243593942528037e+00
3.546201090011127377e+01 3.235510766566974894e+00
3.543886986781728154e+01 3.962323480614962534e+00
3.619783022855576604e+01 -4.009882330602007272e+00
3.619128839110286577e+01 -3.284543203548775381e+00
3.619474143220401885e+01 -2.572446155474985119e+00
3.618696936966500033e+01 -1.856788603508537250e+00
3.618992968854450254e+01 -1.129277022719623602e+00
3.617693113963412799e+01 -4.003682754557225110e-01
3.619578608125144825e+01 3.413326977497739279e-01
3.619445574968374757e+01 1.082590193244794108e+00
3.619963114112020008e+01 2.506884678042130332e+00
3.618651535027401422e+01 3.247380809327317763e+00
3.620001086403750179e+01 3.994756760808307661e+00
3.689950700711413134e+01 -4.058835758773454927e+00
3.690659978047165879e+01 -3.295657668764388148e+00
3.691102806504947154e+01 -2.643649107317415314e+00
3.692099764463497280e+01 -1.850435474022106064e+00
3.691545139264157882e+01 -1.121213278142068503e+00
3.691042402800147926e+01 -3.963336304700533219e-01
3.694902646070016061e+01 3.380048629253806780e-01
3.692396192856258352e+01 1.049064667557246366e+00
3.691953389266330277e+01 1.829302626947214350e+00
3.691912221094862190e+01 2.526467406967714879e+00
3.695576596130654679e+01 3.284221463418674603e+00
3.696426274655650701e+01 3.971406635725180934e+00
3.768572079890849835e+01 -4.024200029312865468e+00
3.765308140328186681e+01 -3.296149405207884797e+00
3.765257287115276341e+01 -2.566159997941355186e+00
3.764149758000659318e+01 -1.116543036276404166e+00
3.764350132208611655e+01 -3.846249415373996783e-01
3.762705613673960414e+01 3.808815166577730338e-01
3.765304102374675921e+01 1.091869296262807154e+00
3.766856222303226076e+01 1.774710973694002547e+00
3.768937098662824070e+01 2.530431882454987402e+00
3.765483042914257084e+01 3.256163808683496086e+00
3.766976496658759999e+01 3.978437588418167081e+00
3.840497467468369308e+01 -4.005911009165291858e+00
3.841151825198073055e+01 -3.274450659251638029e+00
3.839807642029263235e+01 -2.567429791451917964e+00
3.838624608424212425e+01 -1.846230063571308477e+00
3.840211255227307419e+01 -1.111953165607875604e+00
3.837829473469823682e+01 -3.760683507128952385e-01
3.841897612043735677e+01 3.765377684122483970e-01
3.842303553386164339e+01 1.076310356153406644e+00
3.843441469433906121e+01 1.792639245257038993e+00
3.841110482742745802e+01 2.544061226100751583e+00
3.921810442671931440e+01 -3.980332618946071932e+00
3.918961226335995462e+01 -3.249977260431361259e+00
3.917486008988236534e+01 -2.571290857416794751e+00
3.918629079633911516e+01 -1.807306232580838667e+00
3.923692621844458728e+01 -1.009269691508066558e+00
3.916517542501866700e+01 -3.202866140339644119e-01
3.918186300791862919e+01 2.584398617903133299e+00
3.911073436179125196e+01 3.122604352868300737e+00
3.992085829443670519e+01 -3.310564297066722617e+00
3.989614373184328855e+01 -2.592815153285627616e+00
3.990062345483509176e+01 -1.802512016691220964e+00
3.999188038458310501e+01 1.088690233504923555e+00
3.999918122794037600e+01 1.842736368028976557e+00
4.000237308497404598e+01 2.605060728582245133e+00
4.000825231965173856e+01 3.307910162451790370e+00
4.000249317612077249e+01 4.012659121668129103e+00
4.073893647686653452e+01 -3.998197880953156869e+00
4.072331139765177710e+01 -3.252798195508393775e+00
4.071799938682958242e+01 -2.515919626961579780e+00
4.071395342923066352e+01 -1.797039810058400633e+00
4.072087549856265554e+01 -1.068907893140693233e+00
4.073270169685017805e+01 -3.407008297762175175e-01
4.075370631693244405e+01 1.110035017238434563e+00
4.073266614459877388e+01 1.835798295405464131e+00
4.072416781434016997e+01 2.563130643674725206e+00
4.070657597946556194e+01 3.322483582574982108e+00
4.071560994737588857e+01 3.998197880953156869e+00
