-4.902696977453295801e+00 -4.192424906289680564e+00
-4.900862153586921011e+00 -2.685753664210672298e+00
-4.908838407414251037e+00 -2.004032047335172706e+00
-4.900836728902071115e+00 -1.266788878781596850e+00
-4.937393940954244442e+00 -5.188178652458574902e-01
-4.906248741674758662e+00 2.057057186988693331e-01
-4.904547374416139860e+00 9.292938864333137872e-01
-4.906912908495357328e+00 1.672714916316955680e+00
-4.877484657764433962e+00 2.362048813644339162e+00
-4.900920424520030849e+00 3.016137051743729813e+00
-4.886751682069856884e+00 3.623201148960003337e+00
-3.934255138357464432e+00 -4.168140178796633677e+00
-3.991740239568841275e+00 -3.476326402429183560e+00
-3.992327503888702722e+00 -2.695938400108794042e+00
-4.067647454565872067e+00 -1.953973732241944816e+00
-4.010624814094263968e+00 -1.255972379762091862e+00
-4.020120652804060057e+00 -5.562913215924751853e-01
-3.973827747365646701e+00 9.982916892141702192e-01
-4.061001112249421396e+00 1.677359163204183545e+00
-4.072142013920476700e+00 2.376812544963879503e+00
-4.090923985072400626e+00 3.171628147621245120e+00
-3.243819526244429596e+00 -3.433694608258853975e+00
-3.279627385308430121e+00 -2.721977614911612164e+00
-3.292545468422773070e+00 -1.988867867454008120e+00
-3.279991868061046034e+00 -1.254801789976578874e+00
-3.286712702179187318e+00 -5.280236045809303391e-01
-3.264425367641031528e+00 9.684423209932582211e-01
-3.297884862714681731e+00 1.664132360790986809e+00
-3.340466573895930935e+00 2.414208414395581315e+00
-3.326728072448176476e+00 3.158550628019131779e+00
-3.348569611700476401e+00 3.908555981801054457e+00
-2.518364256014791636e+00 -4.137244617639197486e+00
-2.527001890645124149e+00 -3.434151570546934096e+00
-2.501923133314143399e+00 -2.694989583738962580e+00
-2.514417514545222332e+00 -1.953741905919443411e+00
-2.557527061046364736e+00 -1.266895516404989763e+00
-2.526623495744424019e+00 -5.393284493122365575e-01
-2.524331897003136760e+00 8.898123023779795915e-01
-2.550218432356956555e+00 1.697605311735767231e+00
-2.521545773238102583e+00 2.462500271029981036e+00
-2.553839711032871662e+00 3.155032519318698547e+00
-2.554886688122842031e+00 3.887602870596939653e+00
-1.751235301707438907e+00 -4.101697498980271916e+00
-1.583367676368226284e+00 -3.363590056131329220e+00
-1.777749508284635738e+00 -2.687180549661938755e+00
-1.778031720853924469e+00 -1.968028187675134433e+00
-1.764361651020713850e+00 -1.234890692576684046e+00
-1.778201332407753910e+00 -5.154663144441862244e-01
-1.768163296110479621e+00 2.253757179371476127e-01
-1.800912957730353980e+00 1.642472251366886127e+00
-1.784845008668867195e+00 2.447730545244244382e+00
-1.761720471593093862e+00 3.183569960212540906e+00
-1.825820279703812332e+00 3.935494317852548107e+00
-9.989855979283248644e-01 -4.081634371317012011e+00
-1.025676613978042440e+00 -3.427157443462014896e+00
-1.063340543304263974e+00 -2.700270718988630136e+00
-1.013722019270261399e+00 -1.952712073635439083e+00
-1.024757114234020605e+00 -1.252195203850646976e+00
-1.062886075848048506e+00 -5.183986557884310287e-01
-1.111933373773496214e+00 1.703745190859464742e-01
-1.015085170242478796e+00 9.168147681861036347e-01
-1.032975990284029422e+00 1.690471505853789580e+00
-1.018261562296920886e+00 2.455629780909752924e+00
-1.112759836959746451e+00 3.126573146323554653e+00
-1.051468485850428181e+00 3.889220271022335140e+00
-2.584110786043254393e-01 -4.091096535178255778e+00
-1.972530312520461848e-01 -3.316911746586473697e+00
-2.920198844564438900e-01 -2.640882895427083099e+00
-2.971267768884757743e-01 -1.973078160696992711e+00
-2.820901225119882838e-01 -1.248737765363287622e+00
-3.002613755702370213e-01 -5.829381975839673657e-01
-2.981033652476696716e-01 1.361302634385488375e-01
-2.756335264163425336e-01 8.996242790654349619e-01
-2.574524103057740376e-01 1.647867655218934857e+00
-2.968373919918576576e-01 2.454328356937395483e+00
-2.974092650387518688e-01 3.127431364054526597e+00
-3.205631264126509450e-01 3.849065544418923679e+00
4.491422250847705300e-01 -4.074859804179705947e+00
4.638671799396050233e-01 -3.358101211445784884e+00
4.641393745760353795e-01 -2.635519509823492257e+00
5.340651057169907290e-01 -1.950211665075041623e+00
4.213680471511480619e-01 -1.280191235891312118e+00
4.562081870569869579e-01 -5.522675954380389385e-01
1.721206302689495260e-01 2.664667817644961190e-01
4.955093253334723613e-01 8.631185359197210971e-01
4.738769344012467855e-01 1.644640420944060821e+00
4.990199690641432539e-01 2.367961645014467820e+00
5.361259259004285127e-01 3.095079008800485809e+00
1.194713581817119064e+00 -4.067054801479319082e+00
1.211550470885953246e+00 -3.358946554440848331e+00
1.214518442990936364e+00 -2.636467674207633394e+00
1.190675756352653991e+00 -1.232989274753855113e+00
1.203265204694218937e+00 -5.363657976524578430e-01
1.213002032353152515e+00 2.095494835105569109e-01
1.235941487419466966e+00 8.840505925106683094e-01
1.295916352862604981e+00 1.635572404358256904e+00
1.252760765610943849e+00 2.342279942335625975e+00
1.278228724946735895e+00 3.060934766955245578e+00
1.331695618784699775e+00 3.747759819253179359e+00
1.931350362429476775e+00 -4.079775598740098985e+00
1.963611278710487795e+00 -3.357273777251680968e+00
1.939627323801452974e+00 -2.627693515117936585e+00
1.958426932703282830e+00 -1.921149544582188895e+00
1.951818998475303601e+00 -1.251654235349615618e+00
1.950010680922694917e+00 -5.179985658915562396e-01
1.978543225470531297e+00 1.732196228951039529e-01
2.031164829592533749e+00 1.037030268824672419e+00
2.027277638396746795e+00 1.610669858035926438e+00
2.051172034615724726e+00 2.374122229402175321e+00
2.024903907280418025e+00 3.062219089086934076e+00
2.022503626763160867e+00 3.802373332919881221e+00
2.716407893975450349e+00 -4.083208752017082332e+00
2.687336830032243995e+00 -3.374024816709649599e+00
2.709797392898202872e+00 -2.647231095218405272e+00
2.713383317780468929e+00 -1.887602974214825480e+00
2.670724826407791852e+00 -1.196314187651253746e+00
2.776962934863696830e+00 -5.234945035935361091e-01
2.730505860005521868e+00 1.971157285273577031e-01
2.759173737267907711e+00 8.617087442337449943e-01
2.753173557143988148e+00 1.627315261981170380e+00
2.802463775399537838e+00 2.374901234564383401e+00
2.815184709083737857e+00 3.072034886641983320e+00
2.812841401581927414e+00 3.791676576950603561e+00
3.475639774991968522e+00 -4.102981132304797995e+00
3.476108268185228667e+00 -3.426337843567388575e+00
3.469533106961847579e+00 -2.652646871937943018e+00
3.474348267560706915e+00 -1.928303901964959266e+00
3.536686352776435172e+00 -4.922228829466916977e-01
3.542298307544292868e+00 1.998832795062455148e-01
3.489899131400463261e+00 8.816689560637449574e-01
3.534324066357946492e+00 1.623274487197800653e+00
3.548907079223539540e+00 3.076152372047015859e+00
3.579885474103072340e+00 3.776862639590365944e+00
4.209189592810652414e+00 -4.094741244041046002e+00
4.202352703452483240e+00 -3.390779217076687502e+00
4.222424923557433374e+00 -1.941257638216935533e+00
4.280982567094511637e+00 -1.247045815141117231e+00
4.354412116390932397e+00 -5.152308739922233372e-01
4.372222659114513021e+00 2.143252378723055074e-01
4.305963626161002367e+00 9.250583038318609397e-01
4.315714118591010617e+00 1.568627366206190032e+00
4.298881056969520387e+00 2.344058162363808151e+00
4.305771117181862451e+00 3.084998083404006053e+00
4.304010510525557720e+00 3.792109617256461007e+00
5.124845861420055826e+00 -4.008501104349793565e+00
5.046616466775319054e+00 -3.371309614960747325e+00
5.161239413354827832e+00 -2.511398894349913036e+00
5.005791663288803761e+00 -2.002407128247678969e+00
5.086677113602618761e+00 -1.289824846354004961e+00
5.092368688049148773e+00 1.254791561277102119e-01
5.115873487309663403e+00 8.853542630853894480e-01
5.066438691491121915e+00 1.592041797867555175e+00
5.035327331535327744e+00 2.331144896750771522e+00
5.039440675799774283e+00 3.044848369585611891e+00
5.033959167755327258e+00 3.789392016430898735e+00
5.879592716595070101e+00 -2.706259978223211959e+00
5.904630554661103758e+00 -1.313034345801124658e+00
5.915757163167477017e+00 -5.907710193551807265e-01
5.831078910565494766e+00 1.330190410239886489e-01
5.811142690653774423e+00 8.727066889625696433e-01
5.838316600329278572e+00 1.588146314227106615e+00
5.826691082486910034e+00 2.337333487274481314e+00
5.791973160844882784e+00 3.042472830868018008e+00
5.831282596291750053e+00 3.743016304156615348e+00
6.688769418192997307e+00 -2.048997326971875310e+00
6.634727948242819195e+00 -1.337132474193037268e+00
6.634919290031561445e+00 -6.493494056136981385e-01
6.577403726946627671e+00 8.182507243336090141e-02
6.575267338940705031e+00 8.714903465554222350e-01
6.578221379520265089e+00 1.599276800609132465e+00
6.585197841042869982e+00 2.239427716695644222e+00
6.550930152848785326e+00 2.985365304454685287e+00
6.659863966241800881e+00 3.701685268768255099e+00
7.586478081749483238e+00 -4.153475051873474655e+00
7.605531232325212443e+00 -3.421827392049877403e+00
7.566593817697295776e+00 -2.730038329506388806e+00
7.533415573074584870e+00 -2.052234380085906196e+00
7.498240481908794663e+00 -1.322802735718134670e+00
7.450856164658944181e+00 -6.305979644620549607e-01
7.345260602347487122e+00 8.370627689408394190e-01
7.330689122994719753e+00 1.513928987782378499e+00
7.351406617185780590e+00 2.274516791010729122e+00
7.353433105336058873e+00 3.016069405443555951e+00
7.407022658118663117e+00 3.672600528374598383e+00
8.372697887983555631e+00 -3.474953124901084323e+00
8.367072437341263935e+00 -2.746310680199119503e+00
8.359688781049271711e+00 -2.055734876296963165e+00
8.313559833485101080e+00 -1.356945271376915230e+00
8.226788593626118029e+00 4.408595244115787182e-02
8.128208885530568750e+00 7.848894717622982853e-01
8.112462168553300046e+00 1.507385650922831388e+00
8.117716811695430579e+00 2.228959128178964022e+00
8.156760892331291757e+00 2.922168343713604344e+00
8.192328315146404805e+00 3.695044130421390349e+00
9.198726493069429466e+00 -3.474330826077167700e+00
9.163286439615035306e+00 -2.757603421309827496e+00
9.191672307755133886e+00 -2.112238176483788976e+00
9.105317230478604529e+00 -1.318753565616027856e+00
9.091490098583250301e+00 -6.096224080514360821e-01
8.974606081855597495e+00 8.230911710092669864e-02
8.903097241404928752e+00 7.813896450595976262e-01
8.858110967410297576e+00 1.508523969137826271e+00
8.905141174014062244e+00 2.225362210883734093e+00
9.022566565212578382e+00 2.882612858213118301e+00
8.957012206526840714e+00 3.644559203100012468e+00
1.008320494890470798e+01 -4.257081884366687774e+00
1.006225651116647413e+01 -3.512792742528922929e+00
1.005851807427393396e+01 -2.820910393025126695e+00
9.953680881198401664e+00 -2.108338505832318077e+00
9.922515568492180194e+00 -1.350317613671517591e+00
9.884571002455921018e+00 -6.403170516925094091e-01
9.844606229506680961e+00 1.078428855187958391e-01
9.794089660723159341e+00 7.263101414457899807e-01
9.884252129082263139e+00 1.491069768946399421e+00
9.794933458136988236e+00 2.247814066697078061e+00
9.787311915811379492e+00 2.923925734638753937e+00
9.805571906455057274e+00 3.658888492057418063e+00
1.103285168043147735e+01 -4.225733484064672751e+00
1.101728240690471239e+01 -3.519117795541340854e+00
1.099722016051422457e+01 -2.749569828776674996e+00
1.094184581219553110e+01 -1.325448857588501284e+00
1.088724423997642532e+01 7.588830968825277523e-02
1.059223865129595765e+01 7.723729300139972054e-01
1.058400984640662301e+01 1.475896215562915614e+00
1.056046274998476520e+01 2.214758545275902435e+00
1.058104938380321158e+01 2.944911508310550374e+00
1.060652789988028388e+01 3.633863900079891351e+00
1.172414129640336000e+01 -3.522202883993493572e+00
1.245214423779108159e+01 -2.600754135321153626e+00
1.175366151971491036e+01 -2.137638431912453285e+00
1.175689049878044301e+01 -1.392859115259085456e+00
1.167343688369113863e+01 -6.495797389449506909e-01
1.164398502174812933e+01 9.807514394831784443e-02
1.151706038265873389e+01 7.419765495736037053e-01
1.136807907159190023e+01 1.489905858744926093e+00
1.131847991531594033e+01 2.251691882068584505e+00
1.134241947827027985e+01 2.902143772238179764e+00
1.141934671443634386e+01 3.623273485529200144e+00
1.269108449178420273e+01 -4.271524590574387048e+00
1.266980663123188577e+01 -3.530715736623999845e+00
1.265479823809235427e+01 -2.795575145052065835e+00
1.253958037989145424e+01 -2.150516439904670563e+00
1.235117143307118681e+01 1.032766450216442422e-01
1.229000363673597462e+01 7.774943760844905682e-01
1.219469249209450368e+01 1.473625746293375727e+00
1.217590578583272531e+01 2.170432431929754102e+00
1.229270287423869945e+01 2.893555078804308067e+00
1.233765610975027727e+01 3.619760055263302689e+00
1.365416490580705755e+01 -4.311362337988175142e+00
1.352369373741173320e+01 -3.511989168944332107e+00
1.350008619328108495e+01 -2.810941791396238898e+00
1.335212575607720709e+01 -1.392197367503040795e+00
1.329534153717459333e+01 8.855970284336223131e-02
1.323497074411968555e+01 7.620456078968373959e-01
1.304493507980830458e+01 1.511447248835597890e+00
1.307126825489910260e+01 2.915964670829541916e+00
1.306599515097716591e+01 3.615372551997769079e+00
1.439298601603644556e+01 -4.298708673903384181e+00
1.439171303153460713e+01 -3.597929373022225263e+00
1.439381387838705706e+01 -2.871233253285780052e+00
1.438920741993693753e+01 -2.170943351008759237e+00
1.424996493635978823e+01 -1.416263562244083118e+00
1.433550712133351368e+01 -7.091227696782134160e-01
1.405780891301557034e+01 9.848844292937641853e-02
1.392569217922323332e+01 1.500732606605030384e+00
1.391898322042737135e+01 2.233247952590495800e+00
1.383211501363973639e+01 2.951959664039453202e+00
1.389785923869825979e+01 3.615797213133500776e+00
1.514223295411132852e+01 -4.405069226984782205e+00
1.515192763652673591e+01 -3.629722428909133214e+00
1.513841407511462478e+01 -2.934055699718513210e+00
1.509825854725664129e+01 -2.208551203822462838e+00
1.504813995748470745e+01 -1.453459659177230634e+00
1.502815595060367571e+01 -7.549884588911588423e-01
1.498308222167219128e+01 2.228933408722610920e-02
1.480620149772700955e+01 1.511018950874927214e+00
1.476869411581686364e+01 2.197879851102932491e+00
1.507858182221988841e+01 2.707134811746552572e+00
1.472643495811578163e+01 3.617125105880365510e+00
1.589602076422430343e+01 -4.317482016412519386e+00
1.587775644637882522e+01 -3.632835037905348230e+00
1.582849465013383394e+01 -2.935891919161939256e+00
1.580333199406656064e+01 -2.183367845560049147e+00
1.577366716339824393e+01 -1.457871336225725400e+00
1.574606643039467713e+01 -7.611015552350366420e-01
1.574305125740058031e+01 1.000111855260712446e-01
1.563670541075775589e+01 7.682541898824055693e-01
1.559443302642726792e+01 1.471107308493333932e+00
1.555854587848558168e+01 2.254987087014384883e+00
1.554646687123614157e+01 2.961689963527913250e+00
1.558047466504987710e+01 3.684867320447903438e+00
1.661424700076662475e+01 -4.287238947231479358e+00
1.662226932424794512e+01 -3.654404274795098218e+00
1.656140154656972641e+01 -2.883586652987808918e+00
1.652315288297968721e+01 -2.166933624933438551e+00
1.646426274723901884e+01 -1.456314970083845139e+00
1.648386753790451564e+01 -7.025988789434727266e-01
1.643337901644090948e+01 2.544068732512272391e-02
1.639911573943280843e+01 8.005142415689405766e-01
1.635760001188452861e+01 1.521362013271350122e+00
1.634594939916902234e+01 2.273065748546120091e+00
1.628603946376714617e+01 3.034305348055763574e+00
1.630242774187730959e+01 3.737494335010733693e+00
1.733907083102978675e+01 -4.337777640722396910e+00
1.730659355280119627e+01 -3.593396499110919962e+00
1.726989684069661735e+01 -2.860389190617070199e+00
1.723409625291893832e+01 -2.144375834227037814e+00
1.719160213058562192e+01 -1.415570995898765005e+00
1.721250053227961274e+01 -6.953629525570654835e-01
1.714778056886342483e+01 8.842650101846416533e-02
1.716263086196440213e+01 7.849988204939712944e-01
1.710009319982273013e+01 1.530064452289966681e+00
1.707697101753961277e+01 2.271102642600482113e+00
1.702712997918334281e+01 3.029277795115806526e+00
1.706570748883278554e+01 3.758715286159382885e+00
1.815938878739144258e+01 -4.250966177947944402e+00
1.803642272312782779e+01 -3.548184074032800339e+00
1.801583046342414463e+01 -2.814942419129977225e+00
1.796978210417770327e+01 -2.109565624724698552e+00
1.792666432293302847e+01 -1.388342731816212705e+00
1.790008359593008436e+01 -6.708912198125140947e-01
1.789419537099764312e+01 6.098202297355115320e-02
1.785580330442474661e+01 7.911231238608813499e-01
1.785052800687203955e+01 1.538034797916427721e+00
1.783437623855187582e+01 2.230320876525208718e+00
1.781282570725353054e+01 2.991455648284290447e+00
1.790155854887169085e+01 3.703472548434884715e+00
1.891445901338381219e+01 -4.298525087087085694e+00
1.887202031564365967e+01 -3.548227213432259219e+00
1.910101971847205959e+01 -2.661829576952079890e+00
1.878635908535592591e+01 -2.038092380413182525e+00
1.878156311630333164e+01 -1.339580019737812933e+00
1.865189657726485706e+01 6.702564180077530409e-02
1.890726547750733033e+01 7.727270730179718328e-01
1.874373804586206660e+01 1.524775748199225234e+00
1.863066900591332598e+01 2.263951441751842708e+00
1.875685838352413271e+01 2.985322754845203264e+00
1.875935420005951926e+01 3.584493118816101997e+00
1.964168938555169319e+01 -4.304894794032698258e+00
1.959493663116308682e+01 -3.528680464552834906e+00
1.956622269195449348e+01 -2.825006876470435913e+00
1.962166187595523326e+01 -2.114485422584333918e+00
1.960321625238645993e+01 -1.379680751880620448e+00
1.961322810478244349e+01 -6.516783879552114911e-01
1.960707691643681727e+01 8.690401998129360095e-02
1.966841698569698593e+01 8.377377161708956521e-01
1.959135180413814226e+01 1.545781722721422113e+00
1.957569201474527887e+01 2.243315445718796042e+00
1.959384317221179117e+01 2.914647384545023812e+00
1.961424191536060846e+01 3.613407489006132067e+00
2.082054070275076896e+01 -4.222820420671514086e+00
2.074473255298423169e+01 -3.548799724191130878e+00
2.079235174195875402e+01 -2.781815144039580190e+00
2.083897355526660533e+01 -2.061010283115070507e+00
2.068790822084090308e+01 -4.801329267889258290e-01
2.058178937348991866e+01 9.159709863927290030e-02
2.061929618275207332e+01 6.699949085688849948e-01
2.046656035711333743e+01 1.561220733347845169e+00
2.046060310893127365e+01 2.274511231728382654e+00
2.045943791383038501e+01 2.895121163745908888e+00
2.041979607904401917e+01 3.602299529839417147e+00
2.153088094924108731e+01 -4.295687134844150989e+00
2.154938592679994969e+01 -3.566029807262438567e+00
2.151731583795648817e+01 -2.833513876064955639e+00
2.154153387192235414e+01 -2.104495007453348165e+00
2.152982462947299780e+01 -1.373408451266392660e+00
2.151946977367196467e+01 -6.407994731242645514e-01
2.149237890789814287e+01 6.880273051609364643e-02
2.136240344677845826e+01 8.873629098932376280e-01
2.144749446423556094e+01 2.300787549244294183e+00
2.135947661894901728e+01 2.938400562678179284e+00
2.131061534641302302e+01 3.570021174208189763e+00
2.227398941258103093e+01 -4.295933926953889426e+00
2.224403421158022098e+01 -3.522818245343046328e+00
2.227573168674423698e+01 -2.847691295917446297e+00
2.228857698792218400e+01 -2.080602656514177085e+00
2.227026032115246323e+01 -1.409459800348749070e+00
2.227442246707243356e+01 -6.822817989581686504e-01
2.225137872349105095e+01 4.473967822834978847e-02
2.224368329917212606e+01 7.741081069079562837e-01
2.225437820585428028e+01 1.499569686211547292e+00
2.224308760789511297e+01 2.205151104403963558e+00
2.221839802693808252e+01 2.937135651829155591e+00
2.219678506227243275e+01 3.579019922982634938e+00
2.302123913835314539e+01 -4.295955962114348381e+00
2.301478533841379459e+01 -3.582241813172327483e+00
2.299984514700760485e+01 -2.846808822199374589e+00
2.301195384156532953e+01 -2.154443476739992036e+00
2.300888266431076801e+01 -1.402752428034968801e+00
2.301442166175733917e+01 -6.728690602415881017e-01
2.308438509329077704e+01 2.301270426523061019e-02
2.304006608570495018e+01 7.756665070976644927e-01
2.295407786492593516e+01 1.489113317132428449e+00
2.303229345841358366e+01 2.229687479208909195e+00
2.303060865835990967e+01 2.933040924654090276e+00
2.292834414373331242e+01 3.504107974232251621e+00
2.442853966275290389e+01 -4.033780321098301869e+00
2.375657830192642450e+01 -2.882993329513141134e+00
2.371136747784288445e+01 -2.194592404166428423e+00
2.378374843146444562e+01 -1.428217398105701363e+00
2.377221015823536732e+01 -7.355108189242471894e-01
2.381228106932075406e+01 1.797806468542617608e-02
2.382296408131173848e+01 7.557175311226949077e-01
2.383009153150906201e+01 1.476743672525984152e+00
2.382350682693033406e+01 2.172901118167462897e+00
2.383936983055798464e+01 2.910615415487658453e+00
2.387601095070677815e+01 3.563396354504423158e+00
2.450935893500365381e+01 -4.280582262938562366e+00
2.447664396445689761e+01 -3.521553353891192728e+00
2.452301745014057843e+01 -2.880085285425771247e+00
2.447181919653343130e+01 -2.160830567369281141e+00
2.448552664854011596e+01 -1.468221518457632158e+00
2.451310796368014877e+01 -7.473316492287693791e-01
2.453735240262449935e+01 -1.536198174069269839e-02
2.454252764833780986e+01 6.964560659306791024e-01
2.459917888580137912e+01 1.436148871871015587e+00
2.463539911990491049e+01 2.112819069881116008e+00
2.463331807097006276e+01 2.862726285438693452e+00
2.467371459843641190e+01 3.554224578769822784e+00
2.525556122487977007e+01 -4.272215708663072320e+00
2.526766143116280006e+01 -3.607062578353875892e+00
2.524066315281913120e+01 -2.899913997662526555e+00
2.524351091718327211e+01 -2.179747154356931560e+00
2.523606817426507831e+01 -1.483333250943864812e+00
2.524252672994887803e+01 -7.154052128792791621e-01
2.528483754967911068e+01 -5.878015273033909693e-02
2.529316192564746757e+01 6.691146006863561979e-01
2.535463357531617845e+01 1.415280845328034331e+00
2.542304626012118973e+01 2.161932165252146376e+00
2.539843679524066999e+01 2.846956339760378540e+00
2.543544663404313866e+01 3.539377071948099029e+00
2.604958787094643924e+01 -4.334532282224667910e+00
2.603145003163029969e+01 -3.663127834287180917e+00
2.603611438815792667e+01 -2.931917450547654624e+00
2.601368916466958581e+01 -2.209456536570858276e+00
2.601342019522015647e+01 -1.488086356900552687e+00
2.600011044045196940e+01 -8.297124706658749460e-01
2.602713239691314584e+01 -8.226778947613055948e-02
2.606051915055750356e+01 5.590712850719690152e-01
2.607709353557817877e+01 1.362406951871196981e+00
2.615141151549741494e+01 2.064329841881129113e+00
2.620243945659066043e+01 2.790555471316455538e+00
2.621982363029599128e+01 3.482525905076752082e+00
2.686614748802490027e+01 -4.343455239620045205e+00
2.676183441070089941e+01 -3.632035096389522266e+00
2.678129091399750905e+01 -2.926631251338786655e+00
2.680882040738060823e+01 -2.242708969357920523e+00
2.678433622332762809e+01 -1.531240026507241225e+00
2.680602528668813989e+01 -8.463938832280639701e-01
2.683442660806696978e+01 -1.425159922001455470e-01
2.688326251671561806e+01 5.337757696132072738e-01
2.688846039430463719e+01 1.308501889222430492e+00
2.688073841670608743e+01 2.038190668240368097e+00
2.695254036427756006e+01 2.761423877891221679e+00
2.701473422654810719e+01 3.465507155984386856e+00
2.820787481222155435e+01 -4.087369949692135407e+00
2.760149301372404551e+01 -3.635720866089421577e+00
2.812693396451656014e+01 -2.780562309316653824e+00
2.756561726741620788e+01 -2.292948874136982340e+00
2.757988024280270878e+01 -1.603432917516730782e+00
2.753977327368705375e+01 -8.945226163851174306e-01
2.756673430086669185e+01 -1.741291503801605245e-01
2.761692184751284884e+01 5.254579863880692869e-01
2.766392925446931628e+01 1.229470427116574172e+00
2.772816592118568479e+01 1.950819579431495754e+00
2.777848531495011031e+01 2.665833290640517106e+00
2.778259240748464975e+01 3.392069514061585522e+00
2.847675298347893857e+01 -4.320248429943486457e+00
2.844986232408567872e+01 -3.676844697838877352e+00
2.841244222427973654e+01 -2.984773046111087069e+00
2.841655615444637561e+01 -2.300476590065880345e+00
2.840465799551146375e+01 -1.626843521361795553e+00
2.839333336263558039e+01 -9.048504824860401641e-01
2.842141643735744339e+01 -1.580663315227965882e-01
2.839150322340726262e+01 4.976860287896727186e-01
2.843020612719990226e+01 1.175296674052496826e+00
2.847278210871666460e+01 1.919394397752686388e+00
2.850903730243789624e+01 2.609669862859451683e+00
2.853798315242899974e+01 3.369978320693544305e+00
2.932220424421468152e+01 -4.327156495051141860e+00
2.915136447967726241e+01 -2.320217547628971033e+00
2.917150039606925560e+01 -1.669746742124281980e+00
2.981673873891947579e+01 -8.844135388286105126e-01
2.923435703131581676e+01 -2.404177259047735049e-01
2.919223641194039232e+01 4.602960973925220856e-01
2.926111054274448264e+01 1.183579561790025991e+00
2.926505038513933954e+01 1.896906831661244297e+00
2.928369229435937626e+01 2.580905837244859669e+00
2.930229106333147371e+01 3.328614300189148167e+00
3.007426086509945407e+01 -4.346845004610784713e+00
3.000641315662937103e+01 -3.679999034967082139e+00
3.003000807281178908e+01 -3.020746108773828098e+00
2.999272095743504707e+01 -2.308799212827327807e+00
2.997387921497158203e+01 -1.663056567327842572e+00
2.997126292385613766e+01 -9.466430576922029161e-01
3.000567690265108212e+01 -2.686484936141440016e-01
3.003341669151853210e+01 4.519750376821747295e-01
3.004708537830176596e+01 1.187289242574962600e+00
3.007857470393881982e+01 1.913763686458416657e+00
3.005493117738350151e+01 2.652658971418890843e+00
3.007167281795555169e+01 3.380466151263508578e+00
3.091453986445620927e+01 -4.322495026371317550e+00
3.083844950707109689e+01 -3.729127353919139409e+00
3.075407357724682100e+01 -2.996190254028892497e+00
3.073152842736329404e+01 -2.353333678392051098e+00
3.073786666573831639e+01 -1.674656308001335248e+00
3.076931416538685227e+01 -2.744754730080991578e-01
3.078199186290962786e+01 4.399281999309074820e-01
3.076318320346330637e+01 1.175934080354341660e+00
3.080664405965078601e+01 1.923662477838504969e+00
3.089996317457950425e+01 2.647001161275138514e+00
3.097870071556059912e+01 3.367110588129332172e+00
3.163796845799760860e+01 -4.366311565687549745e+00
3.163060956618128472e+01 -3.709729159701549150e+00
3.158046579817931132e+01 -3.022862436683613652e+00
3.152576528525580812e+01 -2.316471597710467734e+00
3.154256250934009387e+01 -1.662314373946369273e+00
3.150512206992626574e+01 -2.710644466365224048e-01
3.153291526995301552e+01 4.433881747336627654e-01
3.164772536136326408e+01 1.154763463901421261e+00
3.165569915772439202e+01 1.909778237999827155e+00
3.176252575143066537e+01 2.575366727777730347e+00
3.168666880870429026e+01 3.365164652464496697e+00
3.246775030879322088e+01 -4.380436078910854292e+00
3.238683134372904959e+01 -3.675861517063118811e+00
3.241118115659617871e+01 -3.010063356156909009e+00
3.236305932041620537e+01 -2.312196403165678760e+00
3.230620376909437397e+01 -1.609805409183561409e+00
3.236004496195607061e+01 -9.552071475948338275e-01
3.233592101742028291e+01 -2.503747500388300296e-01
3.234365628869979759e+01 4.520379764284072621e-01
3.237501142192551384e+01 1.187476883780441028e+00
3.236025319336174988e+01 1.963744849418375793e+00
3.242994234442470969e+01 2.684892953287533857e+00
3.248830567426994520e+01 3.362139647847140367e+00
3.327672066571189902e+01 -4.318194045516083435e+00
3.320036021542447457e+01 -3.647966733311495346e+00
3.314048034286805233e+01 -2.966263139778437363e+00
3.310910218532709592e+01 -2.323396516067639084e+00
3.309740701863382384e+01 -1.651163591581763512e+00
3.309395497104012662e+01 -9.359666366342480615e-01
3.307548242933827254e+01 -2.121846141598595636e-01
3.312013784530382310e+01 5.044780294488582228e-01
3.313606208318541491e+01 1.239679403331216179e+00
3.319317222882003904e+01 1.946139480609332395e+00
3.324390738339973694e+01 2.683893624488167262e+00
3.327002124297330710e+01 3.408505652390896756e+00
3.403324499264311243e+01 -4.314682000955667007e+00
3.396487860853897445e+01 -3.693120331436553272e+00
3.394918529194783474e+01 -2.962236022934753521e+00
3.388894069625727212e+01 -2.295430920826756704e+00
3.385691435596046261e+01 -1.648116827738558499e+00
3.386464909959406810e+01 -9.189778009127884673e-01
3.388743288307536972e+01 -1.733802903650598637e-01
3.384443673051173818e+01 4.397149050473849741e-01
3.388058761624441928e+01 1.261737405461840211e+00
3.400732816064809327e+01 1.963526431314672749e+00
3.402523804376409799e+01 2.715608010656598736e+00
3.400494446108333335e+01 3.430534515917425864e+00
3.480134896562618252e+01 -4.313417933339856347e+00
3.476571116267408712e+01 -3.650479304683862836e+00
3.472506893859550559e+01 -2.944437262550604117e+00
3.466770388631508837e+01 -2.289113138323418895e+00
3.463806340658101846e+01 -1.565245049861047733e+00
3.463452387917219966e+01 -8.612289970829287711e-01
3.467164522303053076e+01 -1.124072726169842440e-01
3.466725871272554826e+01 5.601512930903354004e-01
3.479452454813790752e+01 1.973005571995805951e+00
3.480953704275272997e+01 2.745317779895021459e+00
3.496485869324104812e+01 3.579630355789849006e+00
3.559526193074731992e+01 -4.331393375168730131e+00
3.557798846640265111e+01 -3.567361517679067617e+00
3.556754460379050187e+01 -2.960014998265947384e+00
3.544550738828356629e+01 -2.232305186820770615e+00
3.543937405237411298e+01 -1.514536786449909300e+00
3.540860814438465098e+01 -8.063300523555909649e-01
3.548413408294752713e+01 -7.924005140803913605e-02
3.546397368619918922e+01 5.866009527281406122e-01
3.553797440004858998e+01 1.348772959348380596e+00
3.553317481859310334e+01 2.024619170323230577e+00
3.569093461348527541e+01 2.806348010975565188e+00
3.582896054576212208e+01 3.510616457397748746e+00
3.643221845773482670e+01 -4.261499748551116795e+00
3.632952949356238292e+01 -3.535706797638386689e+00
3.630464801189466328e+01 -2.865030600702066721e+00
3.622572852341151162e+01 -1.466985003014723787e+00
3.622621498538072871e+01 -7.426164692790244715e-01
3.641780070064489649e+01 1.770199982518292359e-01
3.628088422540765379e+01 6.766839689234345201e-01
3.646083191763514009e+01 1.358954060106007944e+00
3.650913313078728351e+01 2.102226725150686093e+00
3.650862925972069917e+01 2.840894635809664948e+00
3.659429334352650898e+01 3.539013936799744187e+00
3.727383840129191839e+01 -4.194917414496114105e+00
3.716292754354498840e+01 -3.489846645684561821e+00
3.715303884136040580e+01 -2.770911819634854112e+00
3.711616722144700731e+01 -2.077902861666604650e+00
3.708898339263735267e+01 -1.385816070529088506e+00
3.705038441891414180e+01 -6.493321173746622321e-01
3.712696319556689417e+01 2.846640097813164516e-01
3.725490857446572335e+01 7.208391147118966558e-01
3.763545393248723059e+01 1.258720266955780431e+00
3.751010096041606090e+01 2.194093123163042947e+00
3.815948557780459538e+01 -4.114465734074542524e+00
3.814088305914535937e+01 -3.353467759862148512e+00
3.816514970275961360e+01 -2.681875286331354857e+00
3.815124470336127871e+01 -1.971980509297086570e+00
3.845416323750907139e+01 -1.132070396516354549e+00
3.805080619421470800e+01 -5.116143360805658347e-01
3.816331338356180680e+01 2.785889926616622603e+00
3.844758702960451302e+01 3.273884984848127289e+00
3.924159783877404806e+01 -3.263070815574849348e+00
3.927840561178296497e+01 -2.974494642724508253e+00
3.922992081326665215e+01 -1.762373426819390687e+00
3.999925746660743897e+01 1.154572237238362220e+00
3.999929655150503294e+01 1.877402554095873199e+00
4.000350949507703291e+01 2.616974039820330944e+00
3.999314009556088223e+01 3.329363842047573741e+00
3.998149731590630296e+01 3.982428008083832793e+00
4.075061188535114098e+01 -3.967483944375207017e+00
4.071409735090585258e+01 -3.162328014805943610e+00
4.070538039016134491e+01 -2.450010523209741109e+00
4.070113996859740979e+01 -1.789140577913460817e+00
4.071418573574299415e+01 -1.076145013770670289e+00
4.072015635260056143e+01 -3.488630501521789995e-01
4.072966475869247205e+01 1.111602701627184331e+00
4.070776354425562005e+01 1.844728729070471474e+00
4.070504578877665125e+01 2.400629579302236749e+00
4.067768020149929242e+01 3.304334944196018142e+00
4.070393453889128210e+01 3.967483944375207017e+00
