-4.723395901759012361e+00 -4.185730383228563056e+00
-4.717238973485464726e+00 -2.684263148257265641e+00
-4.724529862098044930e+00 -2.001491591406562520e+00
-4.719746496969712268e+00 -1.282716522367881140e+00
-4.759457659455485157e+00 -5.254960604000942226e-01
-4.724778478186138386e+00 2.343989764642309126e-01
-4.721272721327991917e+00 9.375335414485519436e-01
-4.726799181984482345e+00 1.676183143927350017e+00
-4.702811591489016507e+00 2.369042544660043603e+00
-4.724981639839562320e+00 3.033039392441903459e+00
-4.699997216289197866e+00 3.655279142626401523e+00
-3.767849975369273352e+00 -4.161441466640933839e+00
-3.817581699293988606e+00 -3.464424170079432486e+00
-3.829517697880376659e+00 -2.692881187462077719e+00
-3.894692662480878198e+00 -1.958629669774289539e+00
-3.849634890700478707e+00 -1.246635247294690885e+00
-3.857656891505747865e+00 -5.442144776259212335e-01
-3.827453425901502726e+00 9.902225620096203329e-01
-3.898288200157594474e+00 1.675871402749653072e+00
-3.907406503557140809e+00 2.381670705703776036e+00
-3.927527277879676149e+00 3.173210218271666605e+00
-3.086444663655889542e+00 -3.430270042477850723e+00
-3.120276589626257646e+00 -2.704452327513891419e+00
-3.110789425797349850e+00 -1.984889246057484513e+00
-3.114741322444018579e+00 -1.244385902374457231e+00
-3.121682076164972841e+00 -5.246787877192815586e-01
-3.098967111860368107e+00 9.638079814438178516e-01
-3.129393193181186916e+00 1.673495284481354872e+00
-3.173419626980049202e+00 2.423723240814954494e+00
-3.160033364524366561e+00 3.180514449372100927e+00
-3.176378872149271615e+00 3.916318105276229034e+00
-2.352488299826610785e+00 -4.134779382784508073e+00
-2.363460167922291078e+00 -3.428584184739776219e+00
-2.355734768642932409e+00 -2.690896858020913385e+00
-2.359929733714594136e+00 -1.950527082200530060e+00
-2.398589493455567379e+00 -1.258094932569150615e+00
-2.363585021642613526e+00 -5.404535393608256300e-01
-2.366674824392411836e+00 9.031756452140271563e-01
-2.389356984277412721e+00 1.707105311489819144e+00
-2.378737991003852414e+00 2.467750487415411698e+00
-2.387325140696937353e+00 3.171014648107817635e+00
-2.385721467967861997e+00 3.897444236680161822e+00
-1.597122042292767219e+00 -4.094456263886623759e+00
-1.502951664372027096e+00 -3.366771246505841475e+00
-1.615955100982453985e+00 -2.680908853196047659e+00
-1.619554302992398220e+00 -1.965058423913422558e+00
-1.607724040201397031e+00 -1.234681545970044425e+00
-1.613926317030873747e+00 -5.031367108881283912e-01
-1.615628002093203008e+00 2.308983997346558681e-01
-1.640316899878598633e+00 1.654282074641603373e+00
-1.628570018646605888e+00 2.461302787798651082e+00
-1.649626316230012435e+00 3.183740763385490169e+00
-1.666126118965038927e+00 3.937354047238105892e+00
-8.437595992842545911e-01 -4.082829056572105486e+00
-8.720145161578400916e-01 -3.418875573336851659e+00
-8.940584558526154524e-01 -2.699444559652402376e+00
-8.632745831593950925e-01 -1.947625893931913765e+00
-8.699101976709329165e-01 -1.250944216822396982e+00
-8.969410695945825296e-01 -5.213353364352002473e-01
-9.479045952623437188e-01 1.837495425160078355e-01
-8.691761410522218512e-01 9.342112972648877189e-01
-8.793748480211078800e-01 1.693581797671214417e+00
-8.642375584304318181e-01 2.463219015992837768e+00
-9.488490463101939554e-01 3.130207187873420338e+00
-8.917019916219359743e-01 3.889701057705483578e+00
-1.091006782334247305e-01 -4.093117392629206819e+00
-4.401216208938762975e-02 -3.315889360028169364e+00
-1.342644706553031142e-01 -2.643742608535955441e+00
-1.365470300640083678e-01 -1.968649090364230858e+00
-1.288142434561976302e-01 -1.241035672053378391e+00
-1.429197685713177179e-01 -5.672780183679861921e-01
-1.444190526900754890e-01 1.568662988316020801e-01
-1.144484844838444815e-01 9.107167100163024998e-01
-9.217495302273448488e-02 1.654365271831672146e+00
-1.356685072627215050e-01 2.464667807144540035e+00
-1.372006641857765885e-01 3.139412882346700684e+00
-1.579015866895971953e-01 3.856687735114395110e+00
6.025895015642461772e-01 -4.073814906160240668e+00
6.124857119961859553e-01 -3.357043726955293295e+00
6.166211254331130931e-01 -2.635598905885231602e+00
6.789187410062496042e-01 -1.940345254322611623e+00
5.862203042760611993e-01 -1.274672418755077530e+00
6.121142062675772877e-01 -5.364076945893678783e-01
3.682060522374186462e-01 2.577523265100580829e-01
6.423105433061806480e-01 8.794777544632417232e-01
6.310351027392897549e-01 1.652397959620330425e+00
6.584180640043015842e-01 2.382489350453731447e+00
6.934242152590996966e-01 3.110377802469091790e+00
1.356729264734909179e+00 -4.068731080266843492e+00
1.361985864809504676e+00 -3.356225841511889740e+00
1.366274994840843249e+00 -2.632129800364598537e+00
1.341733725424901991e+00 -1.230577894697134411e+00
1.347915721418246449e+00 -5.302050720110251802e-01
1.366879830709052612e+00 2.096293448314021646e-01
1.391005568384002800e+00 8.995348810776739867e-01
1.445927956259097868e+00 1.652098411914352027e+00
1.410592276916929677e+00 2.360430783347393202e+00
1.436352274635083859e+00 3.071430239082314273e+00
1.492838332891132325e+00 3.748827248719575067e+00
2.082203945305977300e+00 -4.078875279568414669e+00
2.116595938035132463e+00 -3.351730504451417403e+00
2.093718410403830887e+00 -2.628709797993611375e+00
2.117450718252669617e+00 -1.913202893347435207e+00
2.101106355810813398e+00 -1.239947612476694161e+00
2.098612110329469260e+00 -5.032339086574175724e-01
2.130780425844385206e+00 1.861469989241903988e-01
2.163394244824026202e+00 1.011784747054544908e+00
2.185890740833194457e+00 1.631554191104786611e+00
2.208146193957276182e+00 2.384758354751369325e+00
2.179771559405558889e+00 3.073284128523891212e+00
2.183826722911526019e+00 3.812434174849141044e+00
2.867087787471675142e+00 -4.081085793442777998e+00
2.845770249287816966e+00 -3.375194592999950061e+00
2.863031563030780546e+00 -2.639874917192102544e+00
2.858656993189228501e+00 -1.884397153316257345e+00
2.826745082310203827e+00 -1.185023691524801137e+00
2.921231436911604362e+00 -5.112585775609908012e-01
2.880006410468553213e+00 2.126073129738017542e-01
2.906818766527081266e+00 8.797790771471056814e-01
2.904647092935533692e+00 1.640925203318111869e+00
2.945318386534296451e+00 2.395677307364582731e+00
2.961957409478173986e+00 3.089949007001965953e+00
2.966646959584195997e+00 3.805412641889642344e+00
3.627171171105686653e+00 -4.095359125940053246e+00
3.622887620608800319e+00 -3.416247317023046293e+00
3.617849197795528937e+00 -2.645769219995404598e+00
3.613408739615508125e+00 -1.922053928861831906e+00
3.716251698259341651e+00 -4.816684080271613766e-01
3.685238248558931673e+00 2.156109879858441047e-01
3.644333676333985750e+00 8.949024683751041209e-01
3.691367559688096378e+00 1.633057303665669480e+00
3.701860172114244563e+00 3.089681778326440309e+00
3.737708099262320616e+00 3.797972539848213813e+00
4.357252940921007678e+00 -4.094938582970190311e+00
4.355209459955389661e+00 -3.382327839280151238e+00
4.369219995596942852e+00 -1.933179883576485736e+00
4.428227610078380394e+00 -1.241450672590829640e+00
4.485905106004963727e+00 -5.100146578342048542e-01
4.513217777823406607e+00 2.201948330306642276e-01
4.452195175453823595e+00 9.412224962806909900e-01
4.441398444928722711e+00 1.604650245676939591e+00
4.450498829836710968e+00 2.357603769186965792e+00
4.464210912911859452e+00 3.088946836886041325e+00
4.466641580657459087e+00 3.819397706376765456e+00
5.238357758836642120e+00 -4.039447411137128796e+00
5.191275176377985190e+00 -3.382767647590736004e+00
5.252313460217600039e+00 -2.553231637541358623e+00
5.149544434862164621e+00 -1.990489455074076375e+00
5.219719127362878908e+00 -1.284187018909921818e+00
5.240031525310662630e+00 1.492283020557998441e-01
5.258990067261656520e+00 9.017244905300074720e-01
5.212609685281599070e+00 1.606192865921652668e+00
5.191767667376915085e+00 2.343432770833096868e+00
5.188287459703623483e+00 3.059020728295191560e+00
5.185764828878077992e+00 3.806625418245136672e+00
6.007936466816239829e+00 -2.703888340640862253e+00
6.040674550018607647e+00 -1.304333056579693562e+00
6.033786365004296215e+00 -5.833511216948963352e-01
5.972375751793009613e+00 1.496373880364565423e-01
5.953535350102463042e+00 8.863747907673946713e-01
5.976800119168508729e+00 1.599425225224358371e+00
5.964132714400804502e+00 2.340285016727154499e+00
5.947451001319471686e+00 3.057719089026004866e+00
5.987256752674781524e+00 3.756992078242294752e+00
6.820306065092012204e+00 -2.033003577495744452e+00
6.772898438584668668e+00 -1.323000947087230372e+00
6.774032694391777909e+00 -6.296221254066125539e-01
6.721108306176944325e+00 1.045233386904627082e-01
6.713143424897616285e+00 8.956144633838469815e-01
6.714240016838061820e+00 1.610120707412608709e+00
6.735808042783716587e+00 2.259339118658200363e+00
6.711544813047439106e+00 3.003069767818256963e+00
6.800918046795892735e+00 3.710363173745175658e+00
7.720777865930166683e+00 -4.146228980734967706e+00
7.727174986773064802e+00 -3.426311604912097408e+00
7.698971769956308719e+00 -2.720209777141661789e+00
7.670487229333176060e+00 -2.041118883096920911e+00
7.630726738659348030e+00 -1.310262002568446604e+00
7.592111536170676800e+00 -6.075039075761132779e-01
7.493882604699329875e+00 8.520368087656748912e-01
7.470307616636056025e+00 1.533367815152598013e+00
7.498075176269892950e+00 2.286872056211937121e+00
7.515177647205646849e+00 3.030498695369669093e+00
7.557225251992846893e+00 3.689047506376599728e+00
8.499271154321732524e+00 -3.463551188513356749e+00
8.501165019229482311e+00 -2.733234635242816069e+00
8.495782984876754540e+00 -2.043358838111576148e+00
8.441360722471053180e+00 -1.349634701464804465e+00
8.338047890312367372e+00 6.818168576920413670e-02
8.258000659821760792e+00 8.105098795939369438e-01
8.258280049746311136e+00 1.527373638139213341e+00
8.264667902838233715e+00 2.257248236218995174e+00
8.304919445762557473e+00 2.931682998200404455e+00
8.341649895659685399e+00 3.711562936724572381e+00
9.321659760501773917e+00 -3.470974561373029843e+00
9.296619571667733339e+00 -2.744052373196858241e+00
9.320337591807501099e+00 -2.098383752000298585e+00
9.233523363190037969e+00 -1.307644050440440964e+00
9.221854492263318548e+00 -5.886744954755975812e-01
9.116714039835741801e+00 9.330602344326521802e-02
9.043510863890446672e+00 7.969289842098561394e-01
9.006928585783860797e+00 1.527278707952035575e+00
9.046446589479813838e+00 2.240949828132979604e+00
9.110276984730752758e+00 2.952945935243167952e+00
9.099197945610804084e+00 3.660789633010477218e+00
1.021593454129003220e+01 -4.249326965753819962e+00
1.018326074943020387e+01 -3.510138297379988614e+00
1.018290200582002569e+01 -2.813277787973781585e+00
1.007579627016747992e+01 -2.095720900800753128e+00
1.006170639220537311e+01 -1.336000985272637109e+00
1.001354350256763581e+01 -6.456261011375943326e-01
9.975992706813990196e+00 1.227472301280023714e-01
9.942524700518056591e+00 7.509134790849003593e-01
1.001288587067204361e+01 1.501188402560174495e+00
9.945556619408868926e+00 2.272785235322636765e+00
9.923638587369289610e+00 2.954080245669988614e+00
9.946632473792114126e+00 3.671646475795665054e+00
1.114695136699693023e+01 -4.210811334468523626e+00
1.113740293414860361e+01 -3.501608362391493756e+00
1.111594746007991574e+01 -2.744634932384656167e+00
1.104986660268793486e+01 -1.323990481130767449e+00
1.098628315320687676e+01 6.809118234662747682e-02
1.072751843234991043e+01 7.896556574504067783e-01
1.071992469338492526e+01 1.506864773251109568e+00
1.069921410140147344e+01 2.238364667112406892e+00
1.072952050578532379e+01 2.966666329948434822e+00
1.075127969439652986e+01 3.653209006828152638e+00
1.184686325837313348e+01 -3.501982176798300372e+00
1.246459438898027372e+01 -2.634540924263049533e+00
1.187664225766972237e+01 -2.116127207932748888e+00
1.187247497760988324e+01 -1.375115722904428850e+00
1.180297968843953527e+01 -6.380183299014845488e-01
1.175410266893005939e+01 9.321124292724292104e-02
1.164693046664049803e+01 7.693117594903000622e-01
1.150464981880463711e+01 1.505616803817233063e+00
1.145867845912071203e+01 2.271611264240199546e+00
1.149032254646007800e+01 2.953713374076524900e+00
1.155942894162748047e+01 3.644254441010527756e+00
1.280619631250415580e+01 -4.259179272734886723e+00
1.277850807491685714e+01 -3.528101461709635345e+00
1.277070824009575745e+01 -2.787115268701239046e+00
1.265028532040700782e+01 -2.144528213569671493e+00
1.248307811690886382e+01 1.217363240953055481e-01
1.242575947603685904e+01 7.967165465484953302e-01
1.232881659214600489e+01 1.491273006353559083e+00
1.233464189025133351e+01 2.190160380961454933e+00
1.243535292747149867e+01 2.913255497204101374e+00
1.247659862298107214e+01 3.638679091399243504e+00
1.375843569959103263e+01 -4.293196205344187888e+00
1.364988178224030690e+01 -3.513874046837102583e+00
1.362016178360290297e+01 -2.789751401723854940e+00
1.347091613401344290e+01 -1.371515214199469312e+00
1.341989143728366685e+01 9.495602728893004496e-02
1.337261720847197921e+01 7.765249805223355395e-01
1.317628480071802954e+01 1.524637088663752138e+00
1.320374914656916587e+01 2.941180239755656345e+00
1.320678478439251080e+01 3.646914317731212662e+00
1.450252876755229892e+01 -4.285487523066134230e+00
1.449878879747887339e+01 -3.581550272685916525e+00
1.452168173962738251e+01 -2.857380787169464753e+00
1.451043991913909537e+01 -2.159088737215373754e+00
1.437320265416794740e+01 -1.402341903129673994e+00
1.445880599676279132e+01 -6.834044115405681907e-01
1.418003194997746164e+01 1.123160065231942895e-01
1.405893150566821248e+01 1.528245728517717339e+00
1.405408363417284789e+01 2.245383817458129982e+00
1.396836618722191048e+01 2.969829206183138837e+00
1.403598512575427293e+01 3.628490820226947022e+00
1.526105301671857717e+01 -4.369526162001079683e+00
1.526791714351677598e+01 -3.612198296171929002e+00
1.525136766929166043e+01 -2.914227480545623195e+00
1.521682395935411591e+01 -2.191994088986881195e+00
1.517113569531569794e+01 -1.431931280070593004e+00
1.514576773248973751e+01 -7.294395879372466140e-01
1.510238526922302782e+01 3.931791223644509614e-02
1.493633412457981535e+01 1.536758879444452219e+00
1.489488118487246737e+01 2.220001548999995578e+00
1.511101225309655405e+01 2.733530035990330731e+00
1.485832051390834607e+01 3.637272379832868552e+00
1.601096133706357705e+01 -4.300953837369767996e+00
1.599047070980483909e+01 -3.619261328588674331e+00
1.594762531453324783e+01 -2.913388438261264923e+00
1.592226856463629758e+01 -2.157111901202995341e+00
1.589930903253792138e+01 -1.453562626736953689e+00
1.586865952179541495e+01 -7.440058187773814780e-01
1.586084546282651786e+01 9.641985804055863696e-02
1.576178705560418791e+01 7.896615104303137400e-01
1.572458551041794550e+01 1.473821526188771713e+00
1.569114756775581299e+01 2.272541682644451555e+00
1.568113573673981875e+01 2.979844634751184884e+00
1.571166826255582549e+01 3.705785673355340037e+00
1.673585092624720261e+01 -4.275856610308096606e+00
1.671716902519937520e+01 -3.650760067418328703e+00
1.668371401904004614e+01 -2.859887664766638693e+00
1.664191860026784298e+01 -2.140288176005402221e+00
1.658778995567772085e+01 -1.440639104714794172e+00
1.660757487202251781e+01 -6.817133289076444669e-01
1.655819799549238525e+01 4.387299511331832491e-02
1.652453352105746376e+01 8.226326867861253334e-01
1.648171013449952937e+01 1.540055217996989967e+00
1.646672779817237142e+01 2.290769719846839081e+00
1.640975335097131449e+01 3.048450660623945652e+00
1.643218081592943491e+01 3.744258118049149431e+00
1.746371810393542745e+01 -4.320044436547281208e+00
1.743864475410588710e+01 -3.579985190031877096e+00
1.739703719887764066e+01 -2.848408622464813078e+00
1.736219465875223023e+01 -2.130311945592097800e+00
1.733151933974777137e+01 -1.394296992784326505e+00
1.733309122076236974e+01 -6.762973961599776374e-01
1.727001985764237446e+01 1.039723748734253661e-01
1.728064102821843306e+01 8.035105493250895847e-01
1.722181375580704099e+01 1.540107974057331575e+00
1.719583709633440094e+01 2.296642443130572531e+00
1.715405897448706440e+01 3.049335702144180260e+00
1.719886906687993644e+01 3.782303762010119641e+00
1.827398312405259162e+01 -4.231024232298661758e+00
1.817254508682589886e+01 -3.522388256473625745e+00
1.813509824670660464e+01 -2.793277930476431692e+00
1.810385662527092876e+01 -2.092771932246428435e+00
1.805351696825596264e+01 -1.367047806298753443e+00
1.802835707690444167e+01 -6.470143446776788210e-01
1.802232358263136547e+01 7.968721070199791257e-02
1.798736004481818185e+01 8.121952487334738180e-01
1.797515177298834743e+01 1.553181075125376509e+00
1.795355976688375677e+01 2.258408261848884990e+00
1.794885474512536661e+01 3.013241657609068369e+00
1.801900688947396389e+01 3.731489937021766679e+00
1.903677605403905915e+01 -4.282495715056803931e+00
1.900020036733088347e+01 -3.531639530834777219e+00
1.913564727708644142e+01 -2.710839974436922262e+00
1.890620082434641347e+01 -2.034656981648353735e+00
1.891628435263281460e+01 -1.313164022189550195e+00
1.878442401983268439e+01 8.681051072202095042e-02
1.904054751435124615e+01 7.972465331368887576e-01
1.887129261511518763e+01 1.554941306724511918e+00
1.876305718407076739e+01 2.290504586801759501e+00
1.887876011656403108e+01 3.022684159499458900e+00
1.889133475917098792e+01 3.612803499056067125e+00
1.976428746570319106e+01 -4.282500336823162002e+00
1.972530124969756571e+01 -3.519242535184410769e+00
1.970111590117880240e+01 -2.805386073523614243e+00
1.975194311791764790e+01 -2.094503078328347812e+00
1.974023162457932301e+01 -1.357494282408108432e+00
1.974665471880469170e+01 -6.280176650010744765e-01
1.974743887317212199e+01 1.105082581493057603e-01
1.979343413523923090e+01 8.507348091971174142e-01
1.971121447124068737e+01 1.565322108151995906e+00
1.970248282621071212e+01 2.276048479996923390e+00
1.971940074004066901e+01 2.938924738786393931e+00
1.974699395234922150e+01 3.645804067787377534e+00
2.095241112645295800e+01 -4.205865672705428437e+00
2.088151465133614693e+01 -3.527374793901405070e+00
2.093263159078409785e+01 -2.759733887505014138e+00
2.096881436858965486e+01 -2.038540779864963071e+00
2.082411758562015791e+01 -4.514533805329712379e-01
2.072105354094917828e+01 1.085300071096106933e-01
2.069102007677984290e+01 6.954966728085096861e-01
2.059443077732297667e+01 1.575068084296173510e+00
2.058507074206765708e+01 2.287026636922067979e+00
2.058800626331741768e+01 2.918157988496982824e+00
2.054376823061343771e+01 3.639287940875011174e+00
2.166391509801259474e+01 -4.278452499596511416e+00
2.167489501776861260e+01 -3.542671272500776070e+00
2.164460708008651579e+01 -2.819065888373302187e+00
2.167397448293804985e+01 -2.081913843229862948e+00
2.165953585410127857e+01 -1.354045276278025511e+00
2.164354575794159530e+01 -6.270622237528122866e-01
2.162403490257639760e+01 9.415611758429420775e-02
2.148369604115887910e+01 9.011197779647872608e-01
2.156851399469966424e+01 2.323814807206503019e+00
2.148388511143912893e+01 2.969770335265675243e+00
2.143193081559163460e+01 3.606610261243130111e+00
2.240361602702716226e+01 -4.268682058090284670e+00
2.237208405493785079e+01 -3.517181471435598894e+00
2.241247094308355514e+01 -2.825915559722254500e+00
2.241806440319431459e+01 -2.070861213114305599e+00
2.240864480369756251e+01 -1.383551154243928494e+00
2.240176981146539958e+01 -6.530649628267823914e-01
2.237309714276792505e+01 6.831859853692279216e-02
2.237223124304659194e+01 8.096222888927897543e-01
2.237747988402517052e+01 1.526921967190421725e+00
2.236479975076920113e+01 2.234462066927530799e+00
2.232198421466586780e+01 2.974388411723392522e+00
2.232614318060592495e+01 3.612879462212038817e+00
2.315518077896474836e+01 -4.274569721345134354e+00
2.314261593410214601e+01 -3.560650185827913816e+00
2.312896788072715992e+01 -2.823949687744566006e+00
2.314224645241703371e+01 -2.126403352041986494e+00
2.314560598041943251e+01 -1.372041243234239261e+00
2.314573575828874397e+01 -6.427045861235463065e-01
2.321183932771209157e+01 4.977013639332028561e-02
2.317401184302252659e+01 8.084628142530299044e-01
2.309896481668722146e+01 1.514963404626943344e+00
2.315670060602207059e+01 2.259785900424528649e+00
2.313835910095428261e+01 2.968880659098370955e+00
2.307902132904654025e+01 3.551045574806817484e+00
2.444205143868416741e+01 -4.022562692072064294e+00
2.389697567172515136e+01 -2.863544063516730631e+00
2.383444833336540114e+01 -2.193966607770821753e+00
2.391875229803871150e+01 -1.403267944889471153e+00
2.390447085803734240e+01 -7.055253355890940270e-01
2.392075787677870125e+01 3.705469191103105686e-02
2.393568247846732788e+01 7.842898601258561087e-01
2.394791219174187802e+01 1.510623419843149406e+00
2.394189922477109889e+01 2.209586988370880078e+00
2.395326428813343256e+01 2.944637909644303164e+00
2.398799971367429151e+01 3.609749474316888751e+00
2.465189700152266283e+01 -4.264368737710931612e+00
2.460241763570757456e+01 -3.542493466018708403e+00
2.466419767480508796e+01 -2.858636628134217261e+00
2.461180044363274533e+01 -2.135663606690126670e+00
2.462278301478885112e+01 -1.438247268989847782e+00
2.462533400012549833e+01 -7.249717327310953863e-01
2.465955036549918589e+01 8.827577617775972385e-03
2.466739652196866217e+01 7.249542331202007972e-01
2.472020137001172913e+01 1.464946533853090926e+00
2.475106466952401973e+01 2.149846442972659588e+00
2.474513859735312593e+01 2.898864798268771636e+00
2.478194738878482895e+01 3.599373811657034850e+00
2.538682753850822138e+01 -4.257374135306871921e+00
2.540760094392760493e+01 -3.586123083488192975e+00
2.537410918365967660e+01 -2.878789325052391490e+00
2.537335500087359463e+01 -2.158679053341462151e+00
2.537604621469017729e+01 -1.452201992886564597e+00
2.537832118225411904e+01 -6.848824753191600223e-01
2.541709991800950519e+01 -2.623111652133403027e-02
2.542130125278784902e+01 7.064100285854912897e-01
2.547416701379211901e+01 1.446899486734750440e+00
2.554600819869013861e+01 2.202292431179571963e+00
2.551895270634901891e+01 2.890205739399267060e+00
2.555270736306540158e+01 3.580851971908227682e+00
2.618745318489285268e+01 -4.319323232549649560e+00
2.616614494343765074e+01 -3.636329208127598633e+00
2.616996110052485136e+01 -2.900842266245184931e+00
2.615066113682810567e+01 -2.181378277186173165e+00
2.614990242327778702e+01 -1.466466402910434397e+00
2.614542662183904298e+01 -7.941676686070593405e-01
2.615900742868049633e+01 -4.341485497632291413e-02
2.618451709386149417e+01 6.064417857847104187e-01
2.620747228967578479e+01 1.404106707230901918e+00
2.626586945697950171e+01 2.102486249301247057e+00
2.631682942716137319e+01 2.834642431497730541e+00
2.633181370689241163e+01 3.531570406847503563e+00
2.699489733207225584e+01 -4.327017551483773872e+00
2.690414388992842021e+01 -3.605442930228566212e+00
2.691851152537317660e+01 -2.902062484373779228e+00
2.694007834933506729e+01 -2.220442352463408042e+00
2.691491905782076799e+01 -1.488653493808964612e+00
2.693787272235623220e+01 -8.085668317803573757e-01
2.696576942806743205e+01 -1.059651483225216850e-01
2.700922876097533276e+01 5.797611765037231635e-01
2.701429823586832413e+01 1.347217083808157412e+00
2.699754313194647892e+01 2.083548338158426105e+00
2.706740829971561624e+01 2.806725385480131507e+00
2.712712548175306893e+01 3.514345101653095327e+00
2.822837259296529311e+01 -4.087583965757819016e+00
2.774027229548924112e+01 -3.612509711848904459e+00
2.817308706254348039e+01 -2.781059151898077175e+00
2.770014519668173847e+01 -2.255653938435997929e+00
2.770195671893893774e+01 -1.574208498573387516e+00
2.767719999434145706e+01 -8.464431459439580863e-01
2.769528842317095751e+01 -1.310037915635184902e-01
2.774096989016339165e+01 5.742876150308617866e-01
2.778584638435206244e+01 1.276477958388230860e+00
2.784290257623229792e+01 1.996187932992153691e+00
2.788685270765699187e+01 2.714125344112819249e+00
2.788804767456867495e+01 3.446381482318468414e+00
2.861418571308329462e+01 -4.312843449279100128e+00
2.858007829705049829e+01 -3.647473011106420415e+00
2.854522444963685501e+01 -2.962523927259066880e+00
2.854973831005049334e+01 -2.265221289948350147e+00
2.853036753414280469e+01 -1.591319187503465571e+00
2.852347879917939366e+01 -8.675176509182804807e-01
2.854760025717660454e+01 -1.284055885060304547e-01
2.851299355562994009e+01 5.492334113994772338e-01
2.854643016823850843e+01 1.233817895741310622e+00
2.859115256999503885e+01 1.957806524951578808e+00
2.862222081384367556e+01 2.665679393844154532e+00
2.865024182902005379e+01 3.420423683873682563e+00
2.943860196907193227e+01 -4.317091216179044011e+00
2.929002963167538809e+01 -2.287130304045820850e+00
2.929819954462742970e+01 -1.628118390648133129e+00
2.984141008370976778e+01 -8.680960578309857567e-01
2.935704258986987014e+01 -1.984476077682018058e-01
2.931325741858199052e+01 5.066649751920877520e-01
2.936494654285768746e+01 1.234420696944454221e+00
2.938063088384405575e+01 1.946415147347554608e+00
2.939319611258641629e+01 2.641109238420863647e+00
2.940551030487646500e+01 3.379414764212651079e+00
3.019927656602005328e+01 -4.334368869136525859e+00
3.013692428764868936e+01 -3.642841752567576918e+00
3.015742455522786969e+01 -2.985693028938165128e+00
3.012539278733574832e+01 -2.283027429775163597e+00
3.010955173339971935e+01 -1.617903826212213403e+00
3.010387372369478243e+01 -9.173129888065645332e-01
3.012729118240134341e+01 -2.235186283852534928e-01
3.015098640401655672e+01 4.963614340668307534e-01
3.016726202218615782e+01 1.218179199949950942e+00
3.018876709180222662e+01 1.961396970888831248e+00
3.016141145132034040e+01 2.699802291923173669e+00
3.017872965166819910e+01 3.431852358225722099e+00
3.103932599939273729e+01 -4.307240336282749382e+00
3.096615528803699391e+01 -3.701957339866840613e+00
3.087348159258191771e+01 -3.030266667773240385e+00
3.086486282103846435e+01 -2.328134184085129732e+00
3.086932733437267729e+01 -1.627173486981536854e+00
3.088634989503696460e+01 -2.314022063191067957e-01
3.090138333133734960e+01 4.860165166333061393e-01
3.088162082304166489e+01 1.222236282941207008e+00
3.091854124860316944e+01 1.972064059764839783e+00
3.099492307898997723e+01 2.709501821252988663e+00
3.108471104925575190e+01 3.415859318943926581e+00
3.175887901200697883e+01 -4.345435909889580728e+00
3.174733596497214450e+01 -3.693873612319400479e+00
3.170210381616495710e+01 -2.994230216803490663e+00
3.165355660072831512e+01 -2.288709251296310754e+00
3.165963577748920699e+01 -1.623663465491837599e+00
3.162301265706779674e+01 -2.256709226207362917e-01
3.163925022884419747e+01 4.938879488316523236e-01
3.175845331576066854e+01 1.207371681648442774e+00
3.175870305502970581e+01 1.960784793708597817e+00
3.185191909746412620e+01 2.640211074539553948e+00
3.179551086251934322e+01 3.415706730533980107e+00
3.258643258724419667e+01 -4.358165971400097760e+00
3.250395240153806498e+01 -3.647577293662468634e+00
3.253089439780044501e+01 -2.982789076913999082e+00
3.248263420345441688e+01 -2.279106986755447650e+00
3.242310400028721773e+01 -1.577386220645234260e+00
3.247637991603827601e+01 -9.133045518113114269e-01
3.244557548603626884e+01 -2.079374858605582688e-01
3.245529039196851073e+01 4.986443378120100078e-01
3.247678869078944075e+01 1.234596276937939052e+00
3.246774624449069080e+01 1.995959204345030713e+00
3.253528261475246808e+01 2.727591919600921955e+00
3.257361713636473866e+01 3.419519457645353810e+00
3.337983008715516320e+01 -4.302177560916366161e+00
3.332222386329906527e+01 -3.620267509705843878e+00
3.325107733945403510e+01 -2.940847107572928110e+00
3.322810004035100206e+01 -2.293023620218150427e+00
3.321403844008465711e+01 -1.611004998662792786e+00
3.320624302231291125e+01 -8.924334215294962291e-01
3.319175460368041541e+01 -1.757188739220509888e-01
3.322502195620315746e+01 5.519201043754833336e-01
3.323438132844919579e+01 1.291886987650396890e+00
3.329176708112793648e+01 2.001405833200387008e+00
3.334201224488568727e+01 2.735300667615764070e+00
3.335421879822072100e+01 3.462916041826655800e+00
3.413467730496019925e+01 -4.304604151270613244e+00
3.407321708065044419e+01 -3.665085432605145854e+00
3.406103767366276003e+01 -2.934145471934762384e+00
3.399840645957360863e+01 -2.267487313183099928e+00
3.397348373064081528e+01 -1.609383251725375885e+00
3.397832481903923707e+01 -8.806741212893172133e-01
3.399364543895081425e+01 -1.335953029622061194e-01
3.395115786914613665e+01 4.862973535829446803e-01
3.398187481401460985e+01 1.304795729250596281e+00
3.407610554195274943e+01 2.032743519366334795e+00
3.411480995414984108e+01 2.761200255713401219e+00
3.409659236831846130e+01 3.490978378466831344e+00
3.490332259336059195e+01 -4.291848191588378825e+00
3.487370866753564513e+01 -3.624953326620850902e+00
3.483627029354509119e+01 -2.920047668495357129e+00
3.477452238678819896e+01 -2.258149341118038222e+00
3.474589517382411685e+01 -1.536307030928082185e+00
3.473937996647530468e+01 -8.269984285946740954e-01
3.477641384975849093e+01 -7.127881077545339394e-02
3.478786475718782611e+01 6.068357177014362946e-01
3.489465071141236052e+01 2.007903509415143617e+00
3.489735710719320849e+01 2.789090012721874956e+00
3.501723565047114306e+01 3.600789067662812926e+00
3.569683855379422965e+01 -4.305342264380236372e+00
3.567935307735135808e+01 -3.556184224704622920e+00
3.566059723261803782e+01 -2.933633720026968206e+00
3.554782938566818729e+01 -2.206498430861074667e+00
3.553718356939980794e+01 -1.486448011421934723e+00
3.551216600978037974e+01 -7.692165719997845486e-01
3.557153361681719872e+01 -4.278823475799597986e-02
3.556240877221627983e+01 6.236520470235689118e-01
3.562613754730258364e+01 1.386539628522374556e+00
3.562107424787114240e+01 2.067939890775832623e+00
3.576522851456847008e+01 2.846577666969754006e+00
3.588920438040715766e+01 3.558569989691815039e+00
3.651548611954476797e+01 -4.237618786002069982e+00
3.642003259212864208e+01 -3.527145531982945670e+00
3.639731856259356135e+01 -2.842511349308736612e+00
3.631702910255456374e+01 -1.433299007518019863e+00
3.631675955833910763e+01 -7.141850591553975391e-01
3.646358173101720723e+01 1.765504823578183391e-01
3.634935714904602122e+01 7.083585559971261603e-01
3.653797107280485790e+01 1.391218091992037387e+00
3.657249286161512458e+01 2.146284561507791011e+00
3.657656340546231633e+01 2.880542183573364667e+00
3.665149519922344012e+01 3.584035785350554448e+00
3.736004830323623338e+01 -4.175942605892085879e+00
3.725158083803120945e+01 -3.474644294131202571e+00
3.723718716970900999e+01 -2.753351942270345631e+00
3.720293989013061520e+01 -2.062052678348660351e+00
3.717328537124794963e+01 -1.357744147595756345e+00
3.713669460226655161e+01 -6.253829430757420482e-01
3.724103413318655242e+01 2.175516501705878625e-01
3.732816446940136501e+01 7.573485460200863884e-01
3.765876322048949731e+01 1.312293720954890830e+00
3.756836487477188058e+01 2.225260141596724139e+00
3.825945936387783064e+01 -4.111460045798779106e+00
3.822662656112314750e+01 -3.345863317844759877e+00
3.821712750220651600e+01 -2.676997176485791385e+00
3.823400668504257993e+01 -1.955474861357576088e+00
3.849992503478963357e+01 -1.132534314574080270e+00
3.814053959146989570e+01 -4.750635922473769313e-01
3.821025863082335405e+01 2.767020713879166038e+00
3.847871753705116049e+01 3.257022873007795027e+00
3.929643297608141239e+01 -3.281980319971474103e+00
3.932416607572755396e+01 -2.974958528157337412e+00
3.927568261054721432e+01 -1.762837344877127066e+00
4.000758179788532942e+01 1.148019845967045427e+00
4.000601998822234151e+01 1.887223143599133124e+00
4.001029783047960819e+01 2.610690844301988278e+00
4.000214084421769911e+01 3.322022989827029704e+00
3.998818711921763480e+01 3.991895329731558917e+00
4.074700636290921096e+01 -3.967013464272550749e+00
4.072491136617048113e+01 -3.209545002216081855e+00
4.070828570077103592e+01 -2.464818329554191223e+00
4.070863711210122204e+01 -1.781571058083905257e+00
4.072467424114949353e+01 -1.072226233350306757e+00
4.072702481935561281e+01 -3.520053244658569724e-01
4.073358951463423949e+01 1.118212329058664523e+00
4.071732511693331702e+01 1.844673378419823706e+00
4.070632754957846799e+01 2.506634881598376552e+00
4.069108059338636707e+01 3.304977216018581743e+00
4.070754006133319791e+01 3.967013464272550749e+00
