-2.675240075921827554e+00 -4.105601061979157862e+00
-2.666632550675849700e+00 -2.607629542306000303e+00
-2.674621621652292447e+00 -1.918731085049593332e+00
-2.671821169736148249e+00 -1.176452792636432321e+00
-2.691794189562664030e+00 -4.618075045308671633e-01
-2.673196416679616050e+00 3.419813092239429864e-01
-2.671302226795305046e+00 1.022856277333925590e+00
-2.671273356762107198e+00 1.744591625767242249e+00
-2.667314414272752288e+00 2.445312906275898257e+00
-2.676287948998925970e+00 3.175109854129864573e+00
-2.667558605034088259e+00 3.925346281715100361e+00
-1.835131454546370833e+00 -4.072681494815235226e+00
-1.858864512412196746e+00 -3.361143714909267999e+00
-1.864243435238954305e+00 -2.619689664776213789e+00
-1.902394037537611382e+00 -1.890996213254329206e+00
-1.881707734986932223e+00 -1.169577020841927606e+00
-1.868517996971085893e+00 -4.603366952455552052e-01
-1.898835783666854127e+00 1.016199771534033403e+00
-1.923147717550300229e+00 1.746230068229170485e+00
-1.920843969350258362e+00 2.453007860164362341e+00
-1.939527301180525853e+00 3.238421055908780488e+00
-1.134495577257020216e+00 -3.343521121559852816e+00
-1.200330544221692719e+00 -2.619178534817319104e+00
-1.139469416283446890e+00 -1.895649962804139221e+00
-1.151636072579854897e+00 -1.156808206517215609e+00
-1.149467055904132451e+00 -4.391128184828616554e-01
-1.143186516027938637e+00 1.040056138452044365e+00
-1.152963770361367324e+00 1.748422467947136738e+00
-1.179226746996270947e+00 2.500405815539828325e+00
-1.174022535330614403e+00 3.245413928314505370e+00
-1.174345650278304731e+00 3.969390536739787478e+00
-4.074191204035173541e-01 -4.056951882293493128e+00
-4.022281132655294300e-01 -3.340740954017849873e+00
-3.965709023287189439e-01 -2.608466303701767686e+00
-4.106766722228485378e-01 -1.874054812968694250e+00
-4.391389472283435680e-01 -1.174653704524821762e+00
-4.043124664343622499e-01 -4.421149435552180762e-01
-4.133595412039099415e-01 1.003140999759519758e+00
-4.316702733494750532e-01 1.778646342829571125e+00
-4.307023703400219006e-01 2.517606340434294765e+00
-4.084297314005951307e-01 3.236311275596662540e+00
-4.127015537828881975e-01 3.961302767953192472e+00
3.297166127674131531e-01 -4.033782036038733310e+00
2.957987782214246408e-01 -3.321162448864043881e+00
3.208652468928718804e-01 -2.616760428394044879e+00
3.377877729959948283e-01 -1.879461582609348369e+00
3.418620263036586948e-01 -1.155172963883913440e+00
3.367838575601638240e-01 -4.089300489088500967e-01
3.362294091697037857e-01 3.183511188318774998e-01
3.148355039845256442e-01 1.744941420751267458e+00
3.290028478035367243e-01 2.534683654228857108e+00
2.589729407170793252e-01 3.256952590788976920e+00
3.275869775175266341e-01 3.986886989865304542e+00
1.075771529852218578e+00 -4.025458343216811841e+00
1.051899586890300498e+00 -3.357824237226996189e+00
1.023638902392356442e+00 -2.617662865361058522e+00
1.054316807738437944e+00 -1.888938052487119990e+00
1.066575593974434355e+00 -1.164298222566802821e+00
1.050098443507287982e+00 -4.142095945955723835e-01
1.010914787861011632e+00 2.814250837198883914e-01
1.046527101783105707e+00 1.021822614535718543e+00
1.054416620664945015e+00 1.763552659033610581e+00
1.080784758628077213e+00 2.533811442762825550e+00
1.022030689608115495e+00 3.189807523357558239e+00
1.060724701054937213e+00 3.961200493278198564e+00
1.811214216999410098e+00 -4.032739785820357525e+00
1.856868382740216816e+00 -3.257496926175551977e+00
1.780775470029503538e+00 -2.580669596639058483e+00
1.788251246037390274e+00 -1.895826877305655245e+00
1.789302267183643380e+00 -1.157403789522781778e+00
1.792620447007152507e+00 -4.673773799987799293e-01
1.780629516160715298e+00 2.672637874445946693e-01
1.818518057194644655e+00 1.018569948494064903e+00
1.822748935480284160e+00 1.750366700789768970e+00
1.807781295545161981e+00 2.544905696137512052e+00
1.808431906869024886e+00 3.217395610017348417e+00
1.802509662240041166e+00 3.926523763326727590e+00
2.507914835792838915e+00 -4.014602377356641938e+00
2.518485063990695494e+00 -3.296081527136333733e+00
2.522582625034075932e+00 -2.574040190180298282e+00
2.590489450077896549e+00 -1.858362972087682863e+00
2.498698261238239127e+00 -1.175890769711124051e+00
2.527875817253416812e+00 -4.335627676775466455e-01
2.463455641040141586e+00 3.374039419681018614e-01
2.552362723925725163e+00 9.962960265525317993e-01
2.559997114334585433e+00 1.741475822431528542e+00
2.579163959793532968e+00 2.484514867528403670e+00
2.605125906856635254e+00 3.207991317852986413e+00
3.260043104627619925e+00 -4.018217363979925238e+00
3.264019476615281690e+00 -3.297839325914473818e+00
3.267390641045913924e+00 -2.571564392202930094e+00
3.245746701107805166e+00 -1.152978898070678326e+00
3.254984005662478808e+00 -4.445366061842790373e-01
3.272227934833104257e+00 3.066549876521555973e-01
3.301121859615449239e+00 1.010259671539774473e+00
3.345645269708001024e+00 1.753937733595659410e+00
3.330149893207583034e+00 2.458112604560270142e+00
3.351202594877513263e+00 3.176246674063456510e+00
3.388934380698017890e+00 3.870457157975017992e+00
3.987165228679366180e+00 -4.021786352965531108e+00
4.005848668217538489e+00 -3.293706986668823333e+00
4.000028672301560562e+00 -2.569088021079934947e+00
4.018611010224887536e+00 -1.839032437109867857e+00
3.997727065690874326e+00 -1.152047373588771961e+00
3.996086315907298570e+00 -4.065865201930378703e-01
4.024663028149170430e+00 2.972428023800901542e-01
4.027107055869166174e+00 1.043934117964376185e+00
4.073852298250123738e+00 1.740275467944876198e+00
4.106095754837021161e+00 2.489148517409898176e+00
4.086102908828564750e+00 3.178901252128532917e+00
4.071625969174554882e+00 3.927631884988372235e+00
4.747219431097228437e+00 -4.027412163717105642e+00
4.730341985226914403e+00 -3.311427415665640694e+00
4.740689464089051341e+00 -2.571274948611435462e+00
4.740417362163377391e+00 -1.822851222757947198e+00
4.730419638454193887e+00 -1.112649266722289809e+00
4.790718539310276469e+00 -4.147815601776763117e-01
4.770775530114548246e+00 3.082328682100090589e-01
4.787727796679128289e+00 1.002582833989340116e+00
4.792691902820010341e+00 1.749368814351484502e+00
4.824613916382389789e+00 2.500146155985927265e+00
4.847093654250102190e+00 3.201699460822624133e+00
4.855274071117989365e+00 3.909319025507741685e+00
5.500015549675843829e+00 -4.023608698469960387e+00
5.481992096070655407e+00 -3.339110743288600247e+00
5.488297665024212790e+00 -2.575580942001856499e+00
5.490994897878358927e+00 -1.854723273162989017e+00
5.574855656698034068e+00 -4.182326272223839680e-01
5.548038110030780956e+00 3.150834805921007842e-01
5.510520034552577329e+00 1.011635847487795559e+00
5.554940633621548329e+00 1.756213299067198363e+00
5.585642723557505462e+00 3.175962577681978871e+00
5.616231918974861514e+00 3.899892241483236432e+00
6.218823798168173766e+00 -4.028879443517212167e+00
6.178794861442213460e+00 -3.319672937741394492e+00
6.233207410058227538e+00 -1.860471586942015421e+00
6.287372233691982615e+00 -1.155494018105159171e+00
6.337369130959437769e+00 -4.107431444005840149e-01
6.356186341439510556e+00 3.133650778903849243e-01
6.313064327038162560e+00 1.026511060728640956e+00
6.314467407178845804e+00 1.715426911983538361e+00
6.330617796783201356e+00 2.466382666150895631e+00
6.340794962777842159e+00 3.199473696903481823e+00
6.331683418835602595e+00 3.941686027929549141e+00
7.037694032854425075e+00 -4.033242244088935280e+00
7.022967435130809122e+00 -3.317647239488660915e+00
7.034961867984669937e+00 -2.534120506074579282e+00
6.990908126561883762e+00 -1.900254904832941349e+00
7.042791476045614729e+00 -1.191019308289206435e+00
7.085058975552414040e+00 2.538892823992249248e-01
7.091442878765633395e+00 1.005840382625759588e+00
7.078275528890678459e+00 1.712996942269157330e+00
7.062942880909261589e+00 2.461996133983063828e+00
7.060167455487331267e+00 3.173676602311438444e+00
7.057177985391355435e+00 3.919018627243779918e+00
7.806443372978066009e+00 -2.626318682845887764e+00
7.830894373956773791e+00 -1.193125423522637618e+00
7.824123173711392099e+00 -4.747825273511736555e-01
7.804738840415431866e+00 2.639659512180223544e-01
7.791452929075504130e+00 9.979324080727671742e-01
7.814651130996729478e+00 1.707583103029556071e+00
7.802753094136193113e+00 2.445650924826317407e+00
7.815782477751092472e+00 3.180515751621832976e+00
7.842025102962097094e+00 3.885897722740772053e+00
8.585422256351641579e+00 -1.927081535088994713e+00
8.569276294409377215e+00 -1.214904809009055953e+00
8.580657861640325734e+00 -5.063195614480520135e-01
8.549674606344382255e+00 2.263710596891357341e-01
8.531407326508066546e+00 1.009341672121646383e+00
8.553591176623413617e+00 1.712503143027863217e+00
8.579705143770169684e+00 2.406191241178053275e+00
8.572076237929501019e+00 3.134111019988637281e+00
8.622472307554424731e+00 3.830934815382953218e+00
9.471317205128627847e+00 -4.073278066995328572e+00
9.468047926139817605e+00 -3.348911981277222338e+00
9.462266690615372511e+00 -2.619141803331537233e+00
9.412270381527498841e+00 -1.938422855796215316e+00
9.390876391685402780e+00 -1.195725627561628812e+00
9.376476873070494378e+00 -4.887229877969474501e-01
9.307179311385937126e+00 9.837716673730945161e-01
9.301059926954927448e+00 1.657926387808103641e+00
9.325596422309544664e+00 2.411592998987906356e+00
9.343073680818037019e+00 3.153213553031591232e+00
9.394777153882955645e+00 3.828994176454685316e+00
1.023882669817190560e+01 -3.378597432457272731e+00
1.023430558446133887e+01 -2.634035507910947871e+00
1.023913014034973656e+01 -1.939911085182874473e+00
1.016851165320640149e+01 -1.212736415196374651e+00
1.009762505562765966e+01 2.138329354286447881e-01
1.006508545685909439e+01 9.517318302907824545e-01
1.006587693436510733e+01 1.665711565956986107e+00
1.007627780523988292e+01 2.382168588875149595e+00
1.012433883469477536e+01 3.077625993600115351e+00
1.015487951809525669e+01 3.849792583747500885e+00
1.101298137247189146e+01 -3.365151678201485197e+00
1.099632474104841862e+01 -2.640728984540739788e+00
1.102617616227535535e+01 -1.969824215940331413e+00
1.095545474929390650e+01 -1.196601602853753832e+00
1.095057881320404647e+01 -4.830833675430028507e-01
1.088502763209146451e+01 2.211190979907193821e-01
1.082869041116905606e+01 9.409703671443594430e-01
1.080893051505334057e+01 1.677527869539392924e+00
1.083494639331775744e+01 2.396556425640078203e+00
1.088730772468870356e+01 3.096214499385638419e+00
1.089708614375049933e+01 3.811673983560616819e+00
1.190800069018169438e+01 -4.132515442248088533e+00
1.184693341082986962e+01 -3.391708575654632796e+00
1.181840805866955435e+01 -2.693701729382368626e+00
1.175333621110279836e+01 -1.958759465225632823e+00
1.173749725710269587e+01 -1.199244170118596742e+00
1.170445313279933686e+01 -4.711045153340513991e-01
1.173084791086398582e+01 2.465833471188894066e-01
1.167140586675451885e+01 9.202438422981948918e-01
1.177223361979246619e+01 1.650469392001252089e+00
1.170146924993895254e+01 2.427035748093722134e+00
1.167587224520306677e+01 3.116333289843403520e+00
1.172571577351907024e+01 3.828071779057147239e+00
1.273497947667813435e+01 -4.086451093793037614e+00
1.274372313690184910e+01 -3.374300208479890983e+00
1.270868987674385409e+01 -2.619917549668336676e+00
1.265710699805497086e+01 -1.171296452287425183e+00
1.257308781103662909e+01 2.353332490074393490e-01
1.247529363739171515e+01 9.574930096920226674e-01
1.247191452599813744e+01 1.684128528606724018e+00
1.245422329388626537e+01 2.409933949489637683e+00
1.249001611299671310e+01 3.143571556413490953e+00
1.249324987332543202e+01 3.842752291783334329e+00
1.344224175641102903e+01 -3.378516393819641195e+00
1.352253545754427932e+01 -2.636193775756993318e+00
1.346092671141325781e+01 -1.936912121282546195e+00
1.347242860142182508e+01 -1.218763422000520791e+00
1.342919906347113823e+01 -4.840257221257857623e-01
1.338964037816996466e+01 2.460530100782314378e-01
1.333659429241262018e+01 9.736328556950546442e-01
1.324881523017822360e+01 1.688549321825487226e+00
1.321216565381973851e+01 2.459968302114670990e+00
1.322390400125715360e+01 3.147866561257274043e+00
1.328707906665777472e+01 3.848797787930344327e+00
1.432174884245619495e+01 -4.113121436050512614e+00
1.429979137184963633e+01 -3.377060237791802422e+00
1.429070606997095183e+01 -2.643120565012150536e+00
1.426557772704347826e+01 -1.934466240151113681e+00
1.411182245118324374e+01 2.854686782954836133e-01
1.406774162910824799e+01 9.896754255599446992e-01
1.405808557733846698e+01 1.708288534532897529e+00
1.406712459343742694e+01 2.407861694386991047e+00
1.412672846046282871e+01 3.125931113077157875e+00
1.415154391092625019e+01 3.851433829521894836e+00
1.517969027451982811e+01 -4.097345326432147772e+00
1.518179275836168785e+01 -3.412734268361052870e+00
1.510399573037997811e+01 -2.623279267979924612e+00
1.500765459337545593e+01 -1.189190870774563535e+00
1.495848327690740831e+01 2.971249346518902712e-01
1.495679254457401441e+01 9.452971915564489791e-01
1.483425526840810704e+01 1.713423005497915597e+00
1.489358394248974804e+01 3.159668489393425261e+00
1.488103863572437291e+01 3.868429998217045807e+00
1.596105735664966829e+01 -4.125491757249502456e+00
1.595348877952589817e+01 -3.396986348844478698e+00
1.597552030634940934e+01 -2.673766236493321458e+00
1.595630562748148407e+01 -1.961807343779895518e+00
1.584158955235596977e+01 -1.231927915023501185e+00
1.591700434098584793e+01 -4.919660725533283596e-01
1.571595063758493893e+01 2.874462321506605633e-01
1.565347913910844113e+01 1.731619887782855471e+00
1.566356375949731472e+01 2.444731566087721575e+00
1.562308183830182173e+01 3.169041733229263968e+00
1.568185626818855383e+01 3.847216362761358255e+00
1.669703886222023215e+01 -4.142527436163661037e+00
1.670556669914888204e+01 -3.408477797185295088e+00
1.668561721537114551e+01 -2.715829099167734739e+00
1.667936139685600949e+01 -1.962508894979507090e+00
1.663387579588960818e+01 -1.242416866032645117e+00
1.660880741829938501e+01 -5.207880295546694072e-01
1.658931010327435729e+01 2.275773816836057506e-01
1.648968068731758763e+01 1.760426667343832463e+00
1.646157102279659057e+01 2.440297267308963569e+00
1.642609381584704664e+01 3.108158779865973997e+00
1.644983620409436753e+01 3.877085422281552951e+00
1.745404346590383682e+01 -4.118623506531232437e+00
1.742207126749653412e+01 -3.408557614937571145e+00
1.739853522492027338e+01 -2.700754386893763126e+00
1.738255250194150392e+01 -1.932707195964795233e+00
1.737042137967437583e+01 -1.230983326001044986e+00
1.733449139139004558e+01 -5.086271078915522992e-01
1.733450143857398018e+01 2.960753595877925193e-01
1.726371980877062384e+01 9.802646472747049700e-01
1.725087149511262652e+01 1.651427619795480695e+00
1.723951709491382189e+01 2.478549083087138172e+00
1.723498310841030445e+01 3.176736362696679805e+00
1.727030977060983474e+01 3.917341627100022095e+00
1.816699992249637319e+01 -4.089410089237162538e+00
1.815480489471267589e+01 -3.402920795774889484e+00
1.812285832836293054e+01 -2.646939936525651405e+00
1.809744431025608691e+01 -1.938726052737631989e+00
1.805503162302689901e+01 -1.221885293064630673e+00
1.807512168419010834e+01 -4.730166760115110947e-01
1.803021719813668966e+01 2.504823173019801175e-01
1.802519005402065488e+01 1.025762290541251787e+00
1.800102313817505717e+01 1.732555181262053878e+00
1.799791688062011730e+01 2.479165439164820128e+00
1.796051558834513173e+01 3.219329971362405729e+00
1.797104995340548328e+01 3.931550477813118505e+00
1.888466882570535432e+01 -4.121127829350427874e+00
1.887185374453482467e+01 -3.381377982015536077e+00
1.883598631448134597e+01 -2.643032697504413164e+00
1.883045647525904087e+01 -1.934060242882981839e+00
1.880906424228956553e+01 -1.183585219165969704e+00
1.880481873363498835e+01 -4.587482253039851798e-01
1.876764540985466567e+01 2.898589115695671126e-01
1.878107739773674467e+01 1.001246495280426529e+00
1.872057287233519673e+01 1.746690712016903291e+00
1.872706278395847335e+01 2.472040162565317445e+00
1.869660955343800879e+01 3.228797433026564079e+00
1.874095411235731490e+01 3.980889465438160357e+00
1.971613930248133784e+01 -4.033373051614319138e+00
1.960163324327675127e+01 -3.336383462410442036e+00
1.958904633650812599e+01 -2.608481906918761695e+00
1.956462384744778404e+01 -1.906928057186760839e+00
1.952877347286355558e+01 -1.171398657417356048e+00
1.951078196064905512e+01 -4.518090468184858821e-01
1.951777972761993141e+01 2.861087039698233525e-01
1.949637556291120433e+01 1.006652236781341969e+00
1.947976818758414197e+01 1.750276653422691453e+00
1.948863727140258817e+01 2.473924025896824475e+00
1.946999710237290060e+01 3.207182430830371800e+00
1.953402144449530908e+01 3.947754399998643748e+00
2.046117266681542901e+01 -4.090491514190837563e+00
2.044900534446161799e+01 -3.340523934465004174e+00
2.041013999692319913e+01 -2.592444866468511577e+00
2.035971084739762915e+01 -1.842372313128922912e+00
2.034419945840795663e+01 -1.122044328413508651e+00
2.028633368375579238e+01 2.948227333032136244e-01
2.045351423637301735e+01 1.003888535333810950e+00
2.034371271912510792e+01 1.754448138276764269e+00
2.028751554162864323e+01 2.510792916399211094e+00
2.032436900226568355e+01 3.241796047958125371e+00
2.034399557851912732e+01 3.860685453015648250e+00
2.119388535677160945e+01 -4.089881371456929315e+00
2.116889021465276954e+01 -3.335323722041419359e+00
2.114393778968949533e+01 -2.594311040923262368e+00
2.117781414608833046e+01 -1.888117226742661359e+00
2.121444572749156521e+01 -1.162651398899548383e+00
2.117064984207981837e+01 -4.277845361128704837e-01
2.115563190660183324e+01 2.996586516227530694e-01
2.120555326253137451e+01 1.038210967333611734e+00
2.113230690101514142e+01 1.756352365619086697e+00
2.114896896340678012e+01 2.511798236292868580e+00
2.117388571781278728e+01 3.186343086729749530e+00
2.119530568104156032e+01 3.922765407655667502e+00
2.231944036411645982e+01 -3.982277981030758696e+00
2.226978312963324669e+01 -3.343616736590128369e+00
2.226657570340604053e+01 -2.542750593172311113e+00
2.231725526360393275e+01 -1.829673771343028221e+00
2.221183154936015569e+01 -2.958403034186538605e-01
2.205689831999976036e+01 3.233508666082194338e-01
2.205793262128051424e+01 1.058048804018028477e+00
2.197843792503624627e+01 1.776880308749415605e+00
2.198121448506102382e+01 2.492140514549209485e+00
2.198487766146072175e+01 3.188460742086675737e+00
2.196179457293445836e+01 3.949003346756327915e+00
2.300938238562400073e+01 -4.071345171057142664e+00
2.301166781405982675e+01 -3.335785732464078279e+00
2.300020497387095020e+01 -2.608767498344597868e+00
2.301280559230278300e+01 -1.866907873571573617e+00
2.299287912554015634e+01 -1.141185670295524091e+00
2.296818158852504155e+01 -4.122300238189211541e-01
2.295356908655453765e+01 3.133033222790899686e-01
2.285247423559120961e+01 1.051773376473921218e+00
2.287451726011731523e+01 2.538268657140953621e+00
2.281139998573338090e+01 3.217566227719942162e+00
2.277176031648994581e+01 3.909414424939875232e+00
2.374801439909436596e+01 -4.056016868793495433e+00
2.373744203285780685e+01 -3.335962530891741551e+00
2.375533505593269012e+01 -2.608800746675118631e+00
2.374414118844845945e+01 -1.866842553923195425e+00
2.374747761847469718e+01 -1.147740486177703190e+00
2.371485371223477756e+01 -4.300613742530288164e-01
2.368666506109315861e+01 2.954836330269756672e-01
2.367363442032709031e+01 1.054447022699317671e+00
2.366442104404909941e+01 1.769708685026852635e+00
2.365436537744981393e+01 2.489838932950451778e+00
2.360182853519744128e+01 3.226056327678023194e+00
2.362507309342827000e+01 3.917624581367434189e+00
2.447774525386920885e+01 -4.056201594135245614e+00
2.447671103690331762e+01 -3.336218705782627580e+00
2.447455380696671057e+01 -2.603030538993618137e+00
2.448235744952430792e+01 -1.883323968710719498e+00
2.447206603362155874e+01 -1.136101249814966963e+00
2.445225356370770697e+01 -4.053123514858718579e-01
2.450205594820101140e+01 2.803164107265949667e-01
2.444536080540974865e+01 1.048817902118116763e+00
2.438824058285668883e+01 1.762436437254741861e+00
2.442206401099014812e+01 2.505240032749121326e+00
2.437922146750512553e+01 3.231494314548520208e+00
2.444226021214598177e+01 3.914446409744208211e+00
2.526108673440847951e+01 -4.048058235041018804e+00
2.522645874005468158e+01 -2.622061273890210487e+00
2.517147691600125370e+01 -1.923290507643571345e+00
2.522660885213545612e+01 -1.158404049939740332e+00
2.520795368124854008e+01 -4.396636376285627534e-01
2.520728454446759770e+01 2.815877001558781956e-01
2.520668521623468195e+01 1.016645935094043551e+00
2.521422053395356500e+01 1.756964150839813499e+00
2.518165959115997765e+01 2.475024223377683796e+00
2.517293359054438895e+01 3.214467194955155094e+00
2.519106661284108384e+01 3.932254825157443179e+00
2.597757581862721565e+01 -4.055473832161812453e+00
2.588279217529854037e+01 -3.340935106285776612e+00
2.599294351197233510e+01 -2.616788011752756660e+00
2.594901541968417291e+01 -1.882197944701545111e+00
2.595239217038781021e+01 -1.168398295103980189e+00
2.594921640959114484e+01 -4.396517879013153163e-01
2.594221603660930242e+01 2.865841486965337026e-01
2.593663093069265102e+01 1.009428527579302681e+00
2.593656209368786136e+01 1.739318392025563043e+00
2.595672913463503306e+01 2.457382185642131844e+00
2.595426287184246661e+01 3.204845864096341757e+00
2.596902736121397481e+01 3.926216792589059423e+00
2.670224283733507065e+01 -4.050401148715181421e+00
2.671292032384597803e+01 -3.347700623804630737e+00
2.669436319964715665e+01 -2.620896747826876094e+00
2.669679338387538081e+01 -1.888236093139418870e+00
2.669213540436762599e+01 -1.170654309379546731e+00
2.668841006567463126e+01 -4.130299931698182547e-01
2.669698420222411528e+01 2.871817117272037478e-01
2.666731996061461274e+01 1.017102961821901630e+00
2.671060391318502525e+01 1.764489899791708893e+00
2.674081406942170247e+01 2.506864989976833158e+00
2.671262952054539852e+01 3.203604427689683121e+00
2.672933287052658358e+01 3.927316161047926357e+00
2.749343196487525631e+01 -4.075940465034282312e+00
2.744631766257616334e+01 -3.381952716526832603e+00
2.748270805950806306e+01 -2.629459791817453151e+00
2.745205073213268321e+01 -1.902051846562731185e+00
2.746338299597676524e+01 -1.178963324837795312e+00
2.743146439098919132e+01 -4.861338347449652986e-01
2.744942642001672795e+01 2.907477656892538675e-01
2.744402513630621598e+01 9.685316481047401282e-01
2.744179953150729290e+01 1.759457707310005503e+00
2.745623877696481685e+01 2.455123622466523159e+00
2.748318167578748472e+01 3.184578047325885564e+00
2.748111693709056169e+01 3.907148688391153257e+00
2.824815234721447865e+01 -4.109823038239820647e+00
2.821521516538879126e+01 -3.355908378628264188e+00
2.821682170083537500e+01 -2.628783700141724466e+00
2.823617019471513601e+01 -1.919998160724627922e+00
2.821825047544461285e+01 -1.173196890773652967e+00
2.822813266938874932e+01 -4.592364644080326741e-01
2.823532174377466930e+01 2.549288826110043260e-01
2.824121960038237233e+01 9.680178743555849508e-01
2.823102363155140182e+01 1.711024250448627271e+00
2.819116269904132110e+01 2.454722252365467483e+00
2.821855098678552309e+01 3.183399372196383581e+00
2.825413866407222230e+01 3.903796082670424994e+00
2.906626876654916458e+01 -4.064139456974775300e+00
2.899236323720487718e+01 -3.372506311004308088e+00
2.900660973180203683e+01 -2.611074482445687295e+00
2.897514459939068132e+01 -1.928281790058267831e+00
2.897374740220752898e+01 -1.212954025808905101e+00
2.894306114882365222e+01 -4.760892643183787243e-01
2.895252329045484174e+01 2.461913974233844726e-01
2.897217365885627061e+01 9.679597173526275355e-01
2.899159099760236558e+01 1.680387437467274481e+00
2.901476625365763340e+01 2.410614527969013210e+00
2.902851653383600450e+01 3.123442101946693583e+00
2.901246335210324645e+01 3.866049366562968714e+00
2.978915760425335435e+01 -4.091991057933590525e+00
2.979095642409581757e+01 -3.400714644924434538e+00
2.978703600480451286e+01 -2.672503440174288869e+00
2.977822613164838828e+01 -1.938322410542806296e+00
2.976876787800467383e+01 -1.216716397098949187e+00
2.973597242270709984e+01 -4.850772789409454333e-01
2.975948909119066599e+01 2.347072366987248415e-01
2.971816235824505981e+01 9.683138245464668614e-01
2.973821107877267167e+01 1.679043250037221213e+00
2.975845853413573394e+01 2.391478077945880187e+00
2.976443555889741077e+01 3.106570068658761841e+00
2.977697265912716063e+01 3.847331238658945551e+00
3.057511628026899331e+01 -4.104838855257803232e+00
3.051928096695659320e+01 -1.935839576406134910e+00
3.051565629851852890e+01 -1.241258435981229979e+00
3.053115331315179759e+01 -4.755927186305939358e-01
3.053605113760520595e+01 2.123331864907349598e-01
3.049609205870051909e+01 9.361066553339725260e-01
3.050800241458694728e+01 1.668864413051444728e+00
3.051884717626325738e+01 2.389249212797384558e+00
3.051152209238477298e+01 3.098305260509683023e+00
3.050926098481964033e+01 3.822705812014760340e+00
3.134870150278377565e+01 -4.122177565683916356e+00
3.131267340982677894e+01 -3.371922189064694209e+00
3.130849315709512126e+01 -2.659604631006359909e+00
3.132078316688939168e+01 -1.949342804943412943e+00
3.129126796205711258e+01 -1.224877494538109346e+00
3.127275692848723310e+01 -5.269272333278713916e-01
3.128527975849464582e+01 2.108235903066351113e-01
3.130368596545162774e+01 9.215105965282717193e-01
3.130815498900000904e+01 1.664474874004142180e+00
3.130177936548707152e+01 2.396878675858751251e+00
3.126750076613054574e+01 3.135599204481408719e+00
3.128200747991194675e+01 3.852139513488808120e+00
3.215088722777306174e+01 -4.089293189510271986e+00
3.209497040226815301e+01 -3.401063630660299708e+00
3.202482789776146177e+01 -2.655071661494073254e+00
3.205381969046363366e+01 -1.968586438998848109e+00
3.202872239079625416e+01 -1.198584795678925730e+00
3.203835928660802068e+01 1.973026839280684896e-01
3.203460946056477354e+01 9.211342006414859895e-01
3.201305435379870090e+01 1.661328615866008107e+00
3.203190932168036653e+01 2.397688550465112201e+00
3.203713781378434788e+01 3.126157875016552623e+00
3.210619677854504772e+01 3.840553161529882686e+00
3.282994846135475342e+01 -4.098851693455404899e+00
3.283387740698145052e+01 -3.397514058545130666e+00
3.283764036812844012e+01 -2.652636064513664849e+00
3.280715457808127411e+01 -1.942822121717757256e+00
3.280504041573058061e+01 -1.231577486721075587e+00
3.278760422906653815e+01 2.031263501332745136e-01
3.277028037955761164e+01 9.276498745161241288e-01
3.282822057572433749e+01 1.645266495615636870e+00
3.281867915456032136e+01 2.374550250950115071e+00
3.281912410449499617e+01 3.125367555942681008e+00
3.281792791727196601e+01 3.842570878004742951e+00
3.362484079077263033e+01 -4.100957278304687037e+00
3.359741115584754567e+01 -3.382710533743107817e+00
3.361861435836973300e+01 -2.666963713157336713e+00
3.357272957056429874e+01 -1.941306084182638614e+00
3.354847332348942501e+01 -1.196793526602306201e+00
3.359682049440244356e+01 -5.139293633030455055e-01
3.355206842849209892e+01 1.980859886754586796e-01
3.354666077222378107e+01 9.329096230513087562e-01
3.355041271158126648e+01 1.659132627680456551e+00
3.353054806234614915e+01 2.413006410095594134e+00
3.357055799152380615e+01 3.131136675432941274e+00
3.354723284228331437e+01 3.873035873292678843e+00
3.436347446179293996e+01 -4.074246682704579570e+00
3.434803316568524423e+01 -3.351990168562718253e+00
3.433053371024841027e+01 -2.642763013510808889e+00
3.431627651382358835e+01 -1.945221869802526982e+00
3.431915810801499589e+01 -1.231240533360029588e+00
3.430726892330660149e+01 -5.164531450695584169e-01
3.428373289038319882e+01 2.138476726856630705e-01
3.429420801375851369e+01 9.517162503099640958e-01
3.430471184724513733e+01 1.693729234524308680e+00
3.431820877943648185e+01 2.410366864825370214e+00
3.432597766371623749e+01 3.138925372201242681e+00
3.430723343778252143e+01 3.860802443743530432e+00
3.509649176786471259e+01 -4.090465053131488560e+00
3.501231410053569704e+01 -3.396311826805138878e+00
3.508350143512391384e+01 -2.654028376309078396e+00
3.506257376531176106e+01 -1.937277005163739574e+00
3.506246320226343727e+01 -1.243108634663546042e+00
3.505664114069858073e+01 -5.067871849202276735e-01
3.505445751867618043e+01 2.407751180003074865e-01
3.503276564246299785e+01 9.365038471191127201e-01
3.501839092502957129e+01 1.700883958165796628e+00
3.503575225439562502e+01 2.399597774100445946e+00
3.505199171907910483e+01 3.160754170385395412e+00
3.503536551244607011e+01 3.886711950494820655e+00
3.584509610804111190e+01 -4.072907477180873315e+00
3.583344847856164250e+01 -3.359305214269912909e+00
3.583164314048034527e+01 -2.641723469424718473e+00
3.580659594651455535e+01 -1.932997276055619551e+00
3.579898833907871136e+01 -1.208202028661034433e+00
3.578330107995615350e+01 -4.790486098911799218e-01
3.580173779384113431e+01 2.711825842577972878e-01
3.581513372722313449e+01 1.016200066043207784e+00
3.581522839099614686e+01 2.417315241323851893e+00
3.579853576403980497e+01 3.173897311714746650e+00
3.582577487335043287e+01 3.934530627174140704e+00
3.658099325643541277e+01 -4.104031545744941667e+00
3.657477616813888943e+01 -3.354874643603178441e+00
3.657166296328409061e+01 -2.675477503726650497e+00
3.654505542290453235e+01 -1.914541901434375859e+00
3.653462917999966209e+01 -1.189889386695366369e+00
3.652519974924026513e+01 -4.648508597515181862e-01
3.655563724064781894e+01 2.677623411827809718e-01
3.654202390460347516e+01 9.765346772785790108e-01
3.653339772358211945e+01 1.760857339797063048e+00
3.653438387123394904e+01 2.454742760352282005e+00
3.659327205473550038e+01 3.213273269892830797e+00
3.662210588110125542e+01 3.904207499624455124e+00
3.736492558144518483e+01 -4.068625353374578424e+00
3.731601211146955421e+01 -3.340548339211640183e+00
3.730904546217841045e+01 -2.617398411363641486e+00
3.727113311517890537e+01 -1.165028260680603722e+00
3.725676033078773486e+01 -4.495265207842678024e-01
3.724878204141750615e+01 3.416646101266032076e-01
3.727687821388732203e+01 1.038177647932677417e+00
3.734131334043942019e+01 1.721047263226719082e+00
3.735414053810790591e+01 2.459307783833033056e+00
3.731454992388821523e+01 3.189191517451817504e+00
3.733742609222529296e+01 3.908157833951044324e+00
3.811153689878086226e+01 -4.029343824834516141e+00
3.808477271933013952e+01 -3.314908883440118359e+00
3.806573078669479315e+01 -2.599740613621772667e+00
3.805485865183518257e+01 -1.880345955458999185e+00
3.805839466308962216e+01 -1.143009178118521874e+00
3.802824469020743692e+01 -4.217080771899048841e-01
3.811018275933013655e+01 3.403565772989480820e-01
3.810361294626711270e+01 1.049098123803226201e+00
3.812802397277268796e+01 1.729641776314078783e+00
3.815809539964028119e+01 2.485388417288671548e+00
3.894683473122422157e+01 -3.979652179747461105e+00
3.892540829405925962e+01 -3.259875154863966173e+00
3.888021019260235533e+01 -2.573307558631686476e+00
3.896504602734359679e+01 -1.812781399042187047e+00
3.897659524801238007e+01 -1.117050587292300889e+00
3.889260833153095831e+01 -3.348416466058807828e-01
3.898377648019397412e+01 2.584108260807191471e+00
3.893335107947600449e+01 3.198742316853731893e+00
3.974907337067424606e+01 -3.292738233556683269e+00
3.962044652349766949e+01 -2.953959313676001841e+00
3.973086397301374717e+01 -1.782046598156352246e+00
3.998394421151936484e+01 1.126057952422090835e+00
3.999883894641593685e+01 1.876315921321445757e+00
4.000490205538934418e+01 2.624866653651665160e+00
4.000435989567684913e+01 3.335962988843824917e+00
3.999684045177182412e+01 4.018861193021706413e+00
4.073432441855400299e+01 -3.980189618151271702e+00
4.072534840212669138e+01 -3.242173257803550257e+00
4.071599335201242553e+01 -2.486395212299978397e+00
4.071440194543621516e+01 -1.774579045890853024e+00
4.072761019730452148e+01 -1.054862600821934393e+00
4.073160426219157415e+01 -3.317675273649314249e-01
4.074131676913975042e+01 1.129595842729305133e+00
4.073293194395552774e+01 1.853671061382623719e+00
4.072454308188387273e+01 2.512868115057369067e+00
4.070475553178453509e+01 3.333479642258325271e+00
4.072022200568840589e+01 3.980189618151271702e+00
