-7.979865551041953609e-01 -4.055028671271934115e+00
-7.921225239941875884e-01 -2.549020565910716130e+00
-7.963670470902073362e-01 -1.879094776053740645e+00
-7.855522500088270021e-01 -1.144764086609271203e+00
-8.068946917624728599e-01 -4.278103722792394592e-01
-7.940400490437653502e-01 3.745000249379089041e-01
-7.938378731277495604e-01 1.059609968629516175e+00
-7.921247031468183764e-01 1.783417508587039180e+00
-7.873320009669342312e-01 2.482571817523357538e+00
-7.916057242174403541e-01 3.223330926443033206e+00
-7.813372149265660482e-01 3.964351116306538358e+00
-2.161879984697634427e-02 -4.034356535164821622e+00
-1.162725833257383101e-02 -3.325651422176019167e+00
-2.517896916248929529e-02 -2.581875668357852760e+00
-5.451067956920496727e-02 -1.868357364355610173e+00
-4.810779898182460101e-02 -1.129022584424927089e+00
-3.053453886581536381e-02 -4.141574136264125627e-01
-7.039484685450503321e-02 1.042094840497622243e+00
-5.562938074163525926e-02 1.781804108307554202e+00
-4.948364142074268557e-02 2.482977844633705189e+00
-6.178075685551220886e-02 3.254263627761623923e+00
7.021656723977187653e-01 -3.303966691382576926e+00
6.673831424083687125e-01 -2.589493239575023864e+00
6.918354597840661313e-01 -1.858658945858159939e+00
6.893310015481617370e-01 -1.122603777804449976e+00
6.927453556506293353e-01 -3.955574678406037492e-01
6.887699487111689223e-01 1.058558992493253470e+00
6.959825323349662085e-01 1.776740966287960077e+00
6.703293805570780250e-01 2.522729897461850612e+00
6.848226101167895763e-01 3.267556250072075841e+00
6.768638680017957654e-01 3.978447582680900041e+00
1.417556775007923875e+00 -4.023163588569744320e+00
1.429264664143978791e+00 -3.310242482526849273e+00
1.430179912391871255e+00 -2.579203886635177412e+00
1.421057224875113434e+00 -1.838474625348453628e+00
1.404844604191751500e+00 -1.125998735403296536e+00
1.421589836584793431e+00 -4.103947970561883096e-01
1.419824900079142083e+00 1.055083440067310363e+00
1.414551494081550231e+00 1.798006792744679672e+00
1.422021568233823530e+00 2.522042260883821996e+00
1.433201951103576732e+00 3.255404580748162857e+00
1.429384488830834243e+00 3.962115996448609678e+00
2.150197508819907455e+00 -4.022341118771635138e+00
2.130641599188429325e+00 -3.304004285489401838e+00
2.155629849422155075e+00 -2.589877990694695598e+00
2.169224571404186008e+00 -1.851272339254517618e+00
2.171899080252551073e+00 -1.122662614451080287e+00
2.162144210198420069e+00 -3.796722585115084314e-01
2.159885736746431917e+00 3.511516273495267626e-01
2.149553165871481042e+00 1.768310541360460064e+00
2.157910256442256980e+00 2.551160547314282212e+00
2.124465187165100133e+00 3.260134458765698184e+00
2.145048040724070404e+00 3.984339437560521446e+00
2.896593047409972144e+00 -4.017790569032939629e+00
2.879237497850816396e+00 -3.317587125320589081e+00
2.861343697549969534e+00 -2.595364774465256374e+00
2.880586889663916850e+00 -1.855951855054019717e+00
2.885009782237936804e+00 -1.129815016125363059e+00
2.875930209253361625e+00 -3.781005365417939856e-01
2.863972295432667181e+00 3.181949933864132163e-01
2.879115735918517771e+00 1.075334316759164466e+00
2.871092020666388578e+00 1.797929247354293381e+00
2.905602488543834738e+00 2.549222961239244967e+00
2.858102295154530736e+00 3.224163327533410950e+00
2.880032213636980032e+00 3.974260617930745809e+00
3.626621727795907191e+00 -4.026889816210399431e+00
3.646328272301190054e+00 -3.269346468410706308e+00
3.610015840940100418e+00 -2.569155694585631977e+00
3.610944422562937461e+00 -1.869830105924130237e+00
3.608690745380719989e+00 -1.126569301157772429e+00
3.620483253222765541e+00 -4.128375180209147288e-01
3.600827489726931674e+00 3.099178438008145520e-01
3.630987427144169999e+00 1.054795046288404592e+00
3.621632851405827580e+00 1.793140028936019092e+00
3.616129617808979901e+00 2.538807535693628381e+00
3.620611157190182894e+00 3.242313438481737364e+00
3.610739112921578453e+00 3.953653991108723176e+00
4.321980840048340156e+00 -4.004191863125971196e+00
4.335649425710357718e+00 -3.293967132592708680e+00
4.342894693486449853e+00 -2.566255137682098564e+00
4.401153261377544368e+00 -1.857805585416290484e+00
4.325073525918483597e+00 -1.143718856207001977e+00
4.344221169792547244e+00 -3.969710162666544306e-01
4.317599112099692604e+00 3.614416262735566931e-01
4.349559000846269896e+00 1.038735891128450106e+00
4.360685410858557987e+00 1.772575333790232577e+00
4.369943782011738165e+00 2.518116473369545361e+00
4.373528004517304169e+00 3.235330743289324573e+00
5.079534876388130726e+00 -4.010408334076327463e+00
5.077400748759018256e+00 -3.289253555980447885e+00
5.083846212188760205e+00 -2.564702742946465719e+00
5.060821624597693358e+00 -1.121134596302614028e+00
5.072247014429969170e+00 -4.030228016006915936e-01
5.077224966587969845e+00 3.393600454952050427e-01
5.103248402444322096e+00 1.041314264148166302e+00
5.123011023434131062e+00 1.786891478507978803e+00
5.101923685333687786e+00 2.494016271083502545e+00
5.130985013354994351e+00 3.230598889949284569e+00
5.127237282733545953e+00 3.931635663705442596e+00
5.789822804213969221e+00 -4.010424703898600285e+00
5.810419220575361976e+00 -3.286441021014283592e+00
5.806584545744620129e+00 -2.558694949312918965e+00
5.827199265942972772e+00 -1.831331345151124168e+00
5.803993862915262980e+00 -1.124315265057994395e+00
5.796823090599879436e+00 -3.728852457148157384e-01
5.814672857263744277e+00 3.310344811351022543e-01
5.811929160302362618e+00 1.066885415291949357e+00
5.846369106837720153e+00 1.770930674458117693e+00
5.852725674443647108e+00 2.522373253166751539e+00
5.839435417965212594e+00 3.230938162052893858e+00
5.832668955004074007e+00 3.959303947299382287e+00
6.544409607837799570e+00 -4.023790125120946470e+00
6.532813581674822956e+00 -3.296385495942814714e+00
6.542118476069745725e+00 -2.566323147755632306e+00
6.539708528845736168e+00 -1.811447946913812501e+00
6.526144510495342388e+00 -1.096419384376495998e+00
6.573115351790434602e+00 -3.913595615948075590e-01
6.553147321556622273e+00 3.424317317541287764e-01
6.563489271289164151e+00 1.050095954364188344e+00
6.567064859062845983e+00 1.779981239310266972e+00
6.574455308668490261e+00 2.532424524320514791e+00
6.580067715182813970e+00 3.238535660106940384e+00
6.591759907509860739e+00 3.959765063520123363e+00
7.284988685813452491e+00 -4.018380590825913146e+00
7.280691734392625847e+00 -3.324486955370680619e+00
7.278538694447163948e+00 -2.567498688662869455e+00
7.280286958893618987e+00 -1.841215234156063474e+00
7.301649297210360601e+00 -3.939291914082723167e-01
7.312143491223665137e+00 3.340835368357346624e-01
7.271637279144286481e+00 1.043131186660346543e+00
7.328679473206442196e+00 1.773300789067622674e+00
7.321062410227952455e+00 3.223684366381803557e+00
7.330671850091640351e+00 3.947008577382163708e+00
8.015337450504404160e+00 -4.020949857735988786e+00
7.965208908686506106e+00 -3.303153337474565632e+00
8.007686685519374237e+00 -1.848988301876932638e+00
8.048176051370518280e+00 -1.139253725953409457e+00
8.085272398188728005e+00 -3.964266278984034386e-01
8.076242953129074920e+00 3.317711146991584314e-01
8.059895518458205288e+00 1.048888821829134343e+00
8.066015439786077934e+00 1.775944804606766070e+00
8.066349800386944935e+00 2.512081094577375495e+00
8.065960841102437939e+00 3.240079643966403466e+00
8.048839815703978218e+00 3.965876217577076090e+00
8.788081397152836871e+00 -4.031265795664307205e+00
8.779984865697365137e+00 -3.299426469166899523e+00
8.785240017646152921e+00 -2.556830869518172733e+00
8.761944473287343271e+00 -1.872641043512818015e+00
8.789258673587298176e+00 -1.150473301017647998e+00
8.810678334245167775e+00 3.008335644400901288e-01
8.817361606036193677e+00 1.057653443161207463e+00
8.810353838965113482e+00 1.761996140612797745e+00
8.793947860863532640e+00 2.509613444871149568e+00
8.778331255954569201e+00 3.218581565316391391e+00
8.778054317983105648e+00 3.964551543874193840e+00
9.529571631622935968e+00 -2.590625569961030550e+00
9.541336640632266608e+00 -1.145058885170371354e+00
9.535134845856333641e+00 -4.271966383035064041e-01
9.537678607917627005e+00 3.107036605039041888e-01
9.514731472018780778e+00 1.055499027391892497e+00
9.533649384221554612e+00 1.762896557906923789e+00
9.519319347445026835e+00 2.506068510555785167e+00
9.533959356944691876e+00 3.229159125662000918e+00
9.536818510066353838e+00 3.952888477347713092e+00
1.028103055852054126e+01 -1.873625913726986170e+00
1.027717795759505748e+01 -1.149999464305810903e+00
1.028290384408962410e+01 -4.389730744336688417e-01
1.025346207009503274e+01 2.972675971297142894e-01
1.023527005819461522e+01 1.064884718168830346e+00
1.026522115764068843e+01 1.773834498785696212e+00
1.026227290375232570e+01 2.472755114682900768e+00
1.025620015699433907e+01 3.209654998836029449e+00
1.027572677172749849e+01 3.916966923387782629e+00
1.108406867163582632e+01 -4.042857361782289161e+00
1.107370942967629190e+01 -3.326284706603946262e+00
1.107511503700219890e+01 -2.599456568558654368e+00
1.106990248100662200e+01 -1.876922577078978804e+00
1.105363463188361806e+01 -1.136871119514104578e+00
1.104117075419353711e+01 -4.165082576416310189e-01
1.100426493117542037e+01 1.057384066774069709e+00
1.100131946392799165e+01 1.752825675850932186e+00
1.100841408893825957e+01 2.485734662067272893e+00
1.101268121843857983e+01 3.232552418250435267e+00
1.103200882465972654e+01 3.923054572724637978e+00
1.182089671720947166e+01 -3.317973718401908911e+00
1.182528928666578594e+01 -2.589214421780379638e+00
1.183498848430641459e+01 -1.879894551644344602e+00
1.179286197877679854e+01 -1.146710958988293783e+00
1.176081825023343441e+01 2.929441855457959321e-01
1.173618462511301885e+01 1.028305514664726417e+00
1.173372482296407782e+01 1.748681272487552008e+00
1.173341389643577770e+01 2.479564463713202827e+00
1.174862968244064376e+01 3.183803047185143953e+00
1.175960167719961191e+01 3.938728836422171753e+00
1.255893244347175397e+01 -3.304494197420634549e+00
1.255025426644389341e+01 -2.587226100788484473e+00
1.256800966418448695e+01 -1.885578023845805973e+00
1.252490463962416101e+01 -1.132032350887204331e+00
1.253227343282612338e+01 -3.990266972638742971e-01
1.251107102982881258e+01 3.047499862455573805e-01
1.247976679504895259e+01 1.038439182339569555e+00
1.246706298804728874e+01 1.768794044111292152e+00
1.247899103906851082e+01 2.487151661067269259e+00
1.248920691573224673e+01 3.208599324191673929e+00
1.249128418830687792e+01 3.922694097595254448e+00
1.333826525228412407e+01 -4.078011699815526470e+00
1.329567026259714879e+01 -3.317251148360782054e+00
1.330485973294447177e+01 -2.596467859068940953e+00
1.329193325980281770e+01 -1.870294966980555529e+00
1.327858541143815785e+01 -1.131971989848274518e+00
1.327295695581349833e+01 -4.050413050571819440e-01
1.327761875118269330e+01 3.250992560135799181e-01
1.326304339779879626e+01 1.033028257904621938e+00
1.327657344803782280e+01 1.762837137755862926e+00
1.325502882114385272e+01 2.518339302090765841e+00
1.325735562594841355e+01 3.214689785514202924e+00
1.326302149451144885e+01 3.961125506598463630e+00
1.407771809303873312e+01 -4.041140534723130173e+00
1.408281798225993953e+01 -3.311849672007408429e+00
1.407515717048279669e+01 -2.568935417719142578e+00
1.402882121292164896e+01 -1.115220088282178779e+00
1.402394851810633014e+01 3.285598324080005739e-01
1.399514488842927307e+01 1.042578504134620943e+00
1.400210668136876535e+01 1.766892057707309505e+00
1.398663133438271444e+01 2.499125044685847286e+00
1.402298556018421749e+01 3.245028373454694304e+00
1.401023429066621162e+01 3.949142686052539375e+00
1.479289412925790259e+01 -3.313986317342198618e+00
1.481731099924284933e+01 -2.586827838685202607e+00
1.478982045229285092e+01 -1.857496234050067585e+00
1.481144977648825289e+01 -1.140984796596423934e+00
1.480558384709992481e+01 -4.011447894357722532e-01
1.476320435925078556e+01 2.930031792092222531e-01
1.478158235146389643e+01 1.049743077836584604e+00
1.474151210541353407e+01 1.769882954318799051e+00
1.473168533296785654e+01 2.527782132405079096e+00
1.474987037493784925e+01 3.244281553711907407e+00
1.475427258804201358e+01 3.957511759842709864e+00
1.555580339535760004e+01 -4.051665743956949228e+00
1.555324912939394721e+01 -3.312672778551096542e+00
1.556454742260444846e+01 -2.589773200158717259e+00
1.553357322469350521e+01 -1.871178074344925335e+00
1.550725789067860205e+01 3.369449810737563666e-01
1.549411310306862077e+01 1.059314066256991538e+00
1.550625751680696141e+01 1.788914127993663783e+00
1.548680755746041626e+01 2.512286968314242586e+00
1.551933337136265578e+01 3.236379302749746500e+00
1.551643583465341436e+01 3.963479889338586304e+00
1.632890346293534378e+01 -4.034203629012630188e+00
1.631760393827751443e+01 -3.325611675709918558e+00
1.631337983414701398e+01 -2.574977550379632163e+00
1.628310001631170678e+01 -1.127489755440535646e+00
1.627117802885504716e+01 3.585884220895785290e-01
1.626594779644106836e+01 1.032279878981338328e+00
1.623512150315040259e+01 1.787951976212010408e+00
1.626254685930486232e+01 3.253855565103947356e+00
1.624856756162149196e+01 3.966310818495955459e+00
1.706581462180597697e+01 -4.041543502611357752e+00
1.705551738450467525e+01 -3.316698890479091943e+00
1.707703056356324112e+01 -2.587437385424067315e+00
1.706683328274023381e+01 -1.871223687862393348e+00
1.701597148650859026e+01 -1.140138193515422671e+00
1.705159285822551851e+01 -4.126404828014322845e-01
1.701445567930753811e+01 3.459519420965833092e-01
1.698801878305911117e+01 1.779498946276259375e+00
1.699861335483424085e+01 2.514607111393189598e+00
1.697529508278736898e+01 3.253980792641812059e+00
1.699945419607543329e+01 3.956454094621527418e+00
1.779671016397319505e+01 -4.050038087505480888e+00
1.780313024787739806e+01 -3.321066964505519081e+00
1.779864712696536344e+01 -2.630130195560496986e+00
1.780226430709453211e+01 -1.869440558387211127e+00
1.777029175894192292e+01 -1.151237437289598375e+00
1.776760928049909438e+01 -4.235746774788822222e-01
1.776900726961930133e+01 3.154756110277574521e-01
1.775132055006184117e+01 1.806175336500253081e+00
1.773844489704708849e+01 2.523910508197456437e+00
1.773226908395511714e+01 3.240041582241971696e+00
1.773572503323809713e+01 3.963235815457345268e+00
1.853337843687137365e+01 -4.031902063203453679e+00
1.851594396808452103e+01 -3.315444619613632682e+00
1.851115556609692447e+01 -2.601191741122605094e+00
1.850974549304385164e+01 -1.838995507879999991e+00
1.851439581933584577e+01 -1.141878117209802923e+00
1.850152916676874781e+01 -4.298004996933286748e-01
1.850880701980552345e+01 3.621577266005679974e-01
1.846444198166491901e+01 1.056841483873757426e+00
1.846286480838093524e+01 1.723910021004304127e+00
1.847910838420543911e+01 2.540329401353442762e+00
1.847737551511663412e+01 3.235455407566426800e+00
1.849064156454794272e+01 3.973057546278667473e+00
1.925835995824974134e+01 -4.025850147921282485e+00
1.924516850444643268e+01 -3.321866007532605636e+00
1.924396986419925781e+01 -2.573598145455829211e+00
1.922763148213890361e+01 -1.864010291697304922e+00
1.920701565737490313e+01 -1.142860609795278037e+00
1.923524674965428716e+01 -4.050724584637137582e-01
1.921253168039840631e+01 3.175978656055704619e-01
1.922758213521220227e+01 1.069020643349851696e+00
1.921338385529189452e+01 1.803915059377942498e+00
1.920486758733571264e+01 2.526780709463267272e+00
1.921304645798274180e+01 3.268562045396343763e+00
1.919515836781027218e+01 3.976451469347402679e+00
1.997051998529568095e+01 -4.059068173557665915e+00
1.997566407892989560e+01 -3.313380905301784196e+00
1.995455006409188314e+01 -2.583574357032610180e+00
1.996620551851335534e+01 -1.864873833714433715e+00
1.996319272776840847e+01 -1.121881054695453628e+00
1.997700368440764862e+01 -4.005160916163177376e-01
1.994943494208747836e+01 3.467949817528293011e-01
1.997288615724463057e+01 1.051719096657624419e+00
1.992542476110796201e+01 1.781940863522510909e+00
1.995481678650403978e+01 2.509571323243367402e+00
1.993655016115953060e+01 3.251896864071632365e+00
1.995171545551752956e+01 4.006470194111386718e+00
2.071281942178866586e+01 -4.018417056584631553e+00
2.069040528582014105e+01 -3.306930887537543384e+00
2.070145750826421960e+01 -2.574234169059021582e+00
2.069765062865943150e+01 -1.849263774925447024e+00
2.069363711906343184e+01 -1.127924979043211096e+00
2.068257891916967850e+01 -4.029080280031998029e-01
2.068918177355569554e+01 3.307697790511880953e-01
2.068365868365108895e+01 1.052948730688012091e+00
2.068911496747904266e+01 1.786231925734728776e+00
2.070769327063618448e+01 2.510885935304806083e+00
2.068140083027066822e+01 3.246457697614474114e+00
2.070155269098039952e+01 3.981726681007913271e+00
2.147363126248288978e+01 -4.028755959175345680e+00
2.146826630510560108e+01 -3.299636791117389834e+00
2.143121607370792248e+01 -2.595860616557224887e+00
2.144376691806009916e+01 -1.843811056733564158e+00
2.143987646104373113e+01 -1.109812384265048024e+00
2.144184463085009895e+01 3.291418758406265965e-01
2.144916512330532044e+01 1.086868625679134226e+00
2.143827110399754332e+01 1.786033325925341586e+00
2.142069047993980035e+01 2.538649355705000943e+00
2.139344502011693550e+01 3.247985673014234465e+00
2.144195322645829549e+01 3.973149597249765463e+00
2.220752675455032232e+01 -4.043501330476310329e+00
2.218900664880781903e+01 -3.314121761026889601e+00
2.218097189595513186e+01 -2.558671579056326806e+00
2.221537410134472879e+01 -1.847680445639067415e+00
2.220474168517933578e+01 -1.110960773170614146e+00
2.219291432935225572e+01 -3.975743214702518458e-01
2.218391857521010024e+01 3.378414798007476350e-01
2.220994990654968149e+01 1.071261448793052296e+00
2.216534468234578981e+01 1.797546693581118404e+00
2.217895295955678847e+01 2.537200124519909394e+00
2.219586778870390020e+01 3.233391822362257528e+00
2.219033333257356588e+01 3.969944858405007437e+00
2.300365632065865640e+01 -3.984567800101995516e+00
2.298508959902676452e+01 -3.296951448199752832e+00
2.299644792251612557e+01 -2.550031194737300666e+00
2.300432366990233390e+01 -1.841986990224583565e+00
2.295412651465380094e+01 -3.720640017329799321e-01
2.295268576802111227e+01 3.475717062662013745e-01
2.294477352617150245e+01 1.077629564845359766e+00
2.293354742098190968e+01 1.801359208249596833e+00
2.293228332408481407e+01 2.523964806683704154e+00
2.294183289881485877e+01 3.233599381785488447e+00
2.293715116185443037e+01 3.993399492434114961e+00
2.373208755747744192e+01 -4.036475725541549764e+00
2.373627028545202222e+01 -3.297957868814897608e+00
2.373318405175287182e+01 -2.574667183679377302e+00
2.374627843887373047e+01 -1.828074269903936511e+00
2.372795186559741865e+01 -1.104573161115741442e+00
2.372028995855326627e+01 -3.927973610679060812e-01
2.372389208630655588e+01 3.358714336139563272e-01
2.370441386632393233e+01 1.079079786643397654e+00
2.369206525303614086e+01 2.544706359862431100e+00
2.368393427051838529e+01 3.244712515292818011e+00
2.367197741968581681e+01 3.976896270358210472e+00
2.447384535267934780e+01 -4.023068162166907769e+00
2.446667582326720947e+01 -3.299094044906635048e+00
2.447686753946680938e+01 -2.568075879014134699e+00
2.446489394894757652e+01 -1.834239650502365038e+00
2.446912497885487880e+01 -1.111155798825091523e+00
2.445102942007867597e+01 -3.921207601687903832e-01
2.445241869303863780e+01 3.368517809515374495e-01
2.444487323167462733e+01 1.068062526909354659e+00
2.444373809492504535e+01 1.806401006806780174e+00
2.444224977875641258e+01 2.527628230954054089e+00
2.440738153301441571e+01 3.261876008809963423e+00
2.444098359478520877e+01 3.964407746295471213e+00
2.520324563561160858e+01 -4.023339123202632095e+00
2.519810346604853635e+01 -3.297785447550612759e+00
2.519420321267327978e+01 -2.566375959572166465e+00
2.520458066734653357e+01 -1.843550837159561695e+00
2.518810423303824564e+01 -1.106311319993398712e+00
2.517742455638087762e+01 -3.787760918059817072e-01
2.521619878197785880e+01 3.176007458421139518e-01
2.518235609745235593e+01 1.069806178006988517e+00
2.516468834311830705e+01 1.792815441108896124e+00
2.517859792734569879e+01 2.529295235453936641e+00
2.514572817085638690e+01 3.256834727924285744e+00
2.519244783748412431e+01 3.972283798452330927e+00
2.594011308170808405e+01 -4.012804469975556287e+00
2.592960407757570351e+01 -2.572934705281060275e+00
2.589828961552217379e+01 -1.853301531658843260e+00
2.593311961129585796e+01 -1.113438944297236333e+00
2.591852884948188773e+01 -3.967478560935511211e-01
2.592879229031357369e+01 3.283543033335973860e-01
2.592535907127872719e+01 1.059706915112105463e+00
2.592156460156354569e+01 1.798675098176605758e+00
2.591378162422141429e+01 2.516951743122508134e+00
2.590725711603393933e+01 3.251587932828414296e+00
2.591281537108066857e+01 3.972564059507313061e+00
2.667375957885254678e+01 -4.009328084583088980e+00
2.662574528018222964e+01 -3.282738544766662159e+00
2.669408166932424820e+01 -2.567445878113229440e+00
2.665971474414541831e+01 -1.840534101151749979e+00
2.666271689988142413e+01 -1.131501966276402982e+00
2.666145395404564056e+01 -3.920428975108656289e-01
2.664696077852580913e+01 3.329316524125829346e-01
2.664604470985671725e+01 1.056078391948265249e+00
2.664301328948328518e+01 1.785196454812393085e+00
2.666221892813043581e+01 2.505094590656177900e+00
2.665681443028789488e+01 3.248356577663649603e+00
2.666764909498978398e+01 3.979225834621644253e+00
2.740000624167246457e+01 -4.005858898045961070e+00
2.740087512829335736e+01 -3.312806391510388693e+00
2.739189533608136884e+01 -2.578088259598182219e+00
2.739438760924827676e+01 -1.847246977006605562e+00
2.738593906195082894e+01 -1.118358943129791783e+00
2.737780630713624674e+01 -3.789230132339156398e-01
2.738728150778244697e+01 3.355718175243538326e-01
2.736255298889214771e+01 1.064780793769411815e+00
2.739703186363271215e+01 1.804900100351922276e+00
2.740768659651888584e+01 2.535224739812608874e+00
2.740075839994737805e+01 3.243090452751552277e+00
2.738752160922991408e+01 3.977589242347896459e+00
2.814388274572746695e+01 -4.024331797956971712e+00
2.810869968981216260e+01 -3.334833522246295701e+00
2.814907654800876458e+01 -2.575424400500232025e+00
2.812955107575980662e+01 -1.848852178490844267e+00
2.813296941341902624e+01 -1.119121457057651980e+00
2.811449134663757832e+01 -4.143228721191611896e-01
2.812937995377777867e+01 3.392203032258933604e-01
2.812576267634297977e+01 1.043232614899867627e+00
2.811087902776601055e+01 1.813314124780898595e+00
2.812709494199420135e+01 2.520058523471305989e+00
2.814401727867487324e+01 3.247623227503787291e+00
2.812566234579423252e+01 3.980206135415294000e+00
2.887047635481375352e+01 -4.042614847595270788e+00
2.886371185917652582e+01 -3.297235549744943484e+00
2.886949389755999817e+01 -2.563052955031711377e+00
2.888198544175134685e+01 -1.858232782170723851e+00
2.886806796784825480e+01 -1.108883518354243591e+00
2.888116860296673138e+01 -3.892318987755380988e-01
2.887677887185770231e+01 3.316969003161176488e-01
2.887404306302263279e+01 1.053155636501383441e+00
2.888508829166766390e+01 1.779068193410317633e+00
2.885707106030198332e+01 2.518924825024988934e+00
2.885072915677181271e+01 3.254267129844720330e+00
2.887189366522350298e+01 3.978325069307466322e+00
2.963083688671397198e+01 -4.029861867740414993e+00
2.961027836677443048e+01 -3.309619492694871212e+00
2.960459051898498473e+01 -2.558145073144434178e+00
2.960441853269355050e+01 -1.860006398917690262e+00
2.958711136871090019e+01 -1.129988476005316045e+00
2.958477953038431707e+01 -4.012755462030597187e-01
2.958767665135832914e+01 3.276896857022393306e-01
2.959553361195853682e+01 1.053800870281659030e+00
2.959535794939659326e+01 1.762231110658166955e+00
2.960963677003206129e+01 2.509996954120687462e+00
2.961437396000834354e+01 3.225814406860337158e+00
2.961450260151260494e+01 3.978251338934640557e+00
3.035791318535789429e+01 -4.031798138439910417e+00
3.037207233343242052e+01 -3.313728866285625685e+00
3.035838445817073961e+01 -2.585316927201631643e+00
3.035290841736168233e+01 -1.854819175500033168e+00
3.035644117007652909e+01 -1.122412928323537784e+00
3.033445802192857599e+01 -4.044072982364319557e-01
3.034970706961917841e+01 3.186530391842268273e-01
3.033769704842833193e+01 1.068441119370344694e+00
3.033626586488980337e+01 1.791346461949871127e+00
3.033932843100898680e+01 2.505954455304770789e+00
3.034242649997946017e+01 3.227509538054491145e+00
3.034273091703102665e+01 3.956035119289900592e+00
3.108319699258063196e+01 -4.024761134970034959e+00
3.109068933510888399e+01 -1.844515549028944434e+00
3.108503703164375764e+01 -1.134477859402679201e+00
3.108186328981427238e+01 -3.962570651519499165e-01
3.109154051405553076e+01 3.322750043156403876e-01
3.107293278490127619e+01 1.041327361390564477e+00
3.107315164307409106e+01 1.780746922816629052e+00
3.107981999100531567e+01 2.512647499479026436e+00
3.107740720228687081e+01 3.234140185620958619e+00
3.106606046773534757e+01 3.956383098910251306e+00
3.184057908531182335e+01 -4.035718324098120036e+00
3.183348978217531311e+01 -3.294426098083114596e+00
3.182452347028029038e+01 -2.583418985828959791e+00
3.183912979943631427e+01 -1.856532516499402874e+00
3.181787769432208535e+01 -1.129354546827517680e+00
3.181465930261895636e+01 -4.108761524553656841e-01
3.181664867012403164e+01 3.251794606907445484e-01
3.181797754872224715e+01 1.055217376680623431e+00
3.182211348128996775e+01 1.791127277191979061e+00
3.182741650324003757e+01 2.516547908302396053e+00
3.181077788362983227e+01 3.254885036232913365e+00
3.181014821801256431e+01 3.973752277688063828e+00
3.258256174213776291e+01 -4.033113947354742379e+00
3.257420354031300036e+01 -3.307010277711039947e+00
3.254716305564878809e+01 -2.573385415656129993e+00
3.256362181234509734e+01 -1.864262855831164245e+00
3.254537918353133108e+01 -1.111647171270092826e+00
3.255999279188336715e+01 3.246877486614785369e-01
3.255875982112777223e+01 1.041827780773335377e+00
3.253825683549535341e+01 1.789181279423512905e+00
3.254787103370021129e+01 2.515999332244241771e+00
3.252752055175977119e+01 3.229032233505144234e+00
3.257051371430888054e+01 3.955451666001543742e+00
3.329539995075122505e+01 -4.035254678020638863e+00
3.329808953075364997e+01 -3.306536147114201185e+00
3.330387318109095673e+01 -2.562952190329106372e+00
3.329511632368981822e+01 -1.847306846488862675e+00
3.329513208471735908e+01 -1.119331978100870373e+00
3.328411363905598108e+01 3.186220822695666754e-01
3.326385853489667710e+01 1.061853751255416256e+00
3.331323898945183970e+01 1.776295638836195678e+00
3.329613836286971917e+01 2.510689367401802485e+00
3.328711702758648272e+01 3.245102985874908086e+00
3.329581832137336761e+01 3.964762291942975025e+00
3.402811661007834942e+01 -4.025326254154897754e+00
3.402618730254503276e+01 -3.302296543958725294e+00
3.404013447665331427e+01 -2.578611139149931120e+00
3.401670682681243107e+01 -1.857542909619017024e+00
3.402034567877046101e+01 -1.116426957693768429e+00
3.403181854841903231e+01 -3.960266398569487478e-01
3.401410282402819263e+01 3.276108507880231002e-01
3.402178250333022191e+01 1.058445461766631013e+00
3.402027656813739753e+01 1.777079912460152400e+00
3.400077807055082957e+01 2.525098269000718432e+00
3.403411747597520076e+01 3.246250452037727996e+00
3.400851072298514310e+01 3.987220908044498913e+00
3.477233720226765712e+01 -4.012430579114543150e+00
3.476578372803094652e+01 -3.292971700633014365e+00
3.475973869758554002e+01 -2.566750239719674198e+00
3.474901130001050120e+01 -1.851905501345850524e+00
3.476312817041519310e+01 -1.124520293500541612e+00
3.475436840113948023e+01 -4.007940331772132936e-01
3.475502015209253415e+01 3.268601235087587042e-01
3.475376864015914435e+01 1.072688221372832373e+00
3.475905613362426294e+01 1.799932925014971374e+00
3.477416986158942080e+01 2.513208756737469685e+00
3.477571644054759048e+01 3.247630445802194288e+00
3.474387034637360472e+01 3.979810459117345545e+00
3.549554415469074087e+01 -4.022276558557312143e+00
3.545504625322745795e+01 -3.312924823372753735e+00
3.548848535993260356e+01 -2.563408453021583711e+00
3.548646580742853729e+01 -1.844163396971357116e+00
3.549955840858905987e+01 -1.137706593996533400e+00
3.550134109345285793e+01 -4.102179040704960755e-01
3.547328531412582464e+01 3.394557709110408439e-01
3.548484333997395623e+01 1.047426850026013767e+00
3.546882143607273719e+01 1.801687910087775180e+00
3.546427351426924446e+01 2.507961166356473370e+00
3.549701438750945925e+01 3.247745386777225463e+00
3.547769177046370004e+01 3.970908405249033990e+00
3.623178943289250498e+01 -4.000290151544309225e+00
3.622503842336106317e+01 -3.275024545873844062e+00
3.622725958772083032e+01 -2.562284602656564658e+00
3.622364585842161233e+01 -1.846138407972926387e+00
3.622646302090651460e+01 -1.117338104239848917e+00
3.621136158258948257e+01 -3.892603246795864891e-01
3.623026941512708987e+01 3.524959969722800679e-01
3.623025772519989829e+01 1.096427568264175534e+00
3.623496005411647758e+01 2.518177559520502484e+00
3.621702722590422496e+01 3.256534809813281584e+00
3.623166567295258034e+01 4.002105194386551545e+00
3.693162324616607606e+01 -4.048129848659183239e+00
3.694100800624641323e+01 -3.284836411184400617e+00
3.695841802241645979e+01 -2.607584319054179645e+00
3.695351395019870466e+01 -1.841632937707334605e+00
3.694972279867241838e+01 -1.111030717952463220e+00
3.694494019491002490e+01 -3.866517362853763018e-01
3.698066728049617069e+01 3.478948902541496579e-01
3.695565213450762343e+01 1.060389058639909621e+00
3.695362602904838667e+01 1.836950257455487900e+00
3.695512379359696098e+01 2.536281055285311226e+00
3.698548564365903957e+01 3.293441905713365259e+00
3.699585582520480642e+01 3.977041750949908305e+00
3.771575114845135346e+01 -4.014344450669213415e+00
3.768245668071056542e+01 -3.289017482992512953e+00
3.768527471465910850e+01 -2.557307422958125187e+00
3.767454800904264545e+01 -1.106015488726644236e+00
3.767691882632828282e+01 -3.744824326514013535e-01
3.766178380269143844e+01 3.815799702443030128e-01
3.768539110485406951e+01 1.098860345657392656e+00
3.769915717627811347e+01 1.781831659762502795e+00
3.771521391122409028e+01 2.539544851322073526e+00
3.768296710527121007e+01 3.263007835832780756e+00
3.769860964200895381e+01 3.985880804993414017e+00
3.843187562525843504e+01 -3.999157162999811277e+00
3.844038494377048920e+01 -3.267710961876911568e+00
3.842856900656961017e+01 -2.561296612776825299e+00
3.841601975414243242e+01 -1.839101912006970707e+00
3.843155922402177538e+01 -1.105281536793654595e+00
3.840836847340963089e+01 -3.696466775550675266e-01
3.844373925899163424e+01 3.867725868528317790e-01
3.845021697503238300e+01 1.085567565442580928e+00
3.845889302463323389e+01 1.802139506426584603e+00
3.843178582598302029e+01 2.552130145180999676e+00
3.924375646815430940e+01 -3.973539580230838197e+00
3.921097049810018831e+01 -3.247370267932392807e+00
3.920085632197866943e+01 -2.569842682061274530e+00
3.919979135014140326e+01 -1.801777395685373762e+00
3.924907056553364981e+01 -9.916680876916892373e-01
3.918622393181237129e+01 -3.143012549983517090e-01
3.919642731043762041e+01 2.577613527758337852e+00
3.912729050987334034e+01 3.143906804148279832e+00
3.992702597280150911e+01 -3.304795422655605108e+00
3.992250230190591509e+01 -2.551294995612678917e+00
3.990332865003285434e+01 -1.787507758645407563e+00
3.999193046906683691e+01 1.092577327352344696e+00
3.999850727893774405e+01 1.842866134754437724e+00
4.000037678429881538e+01 2.602041744519336675e+00
4.000668359219211112e+01 3.309634750928452718e+00
4.000000637439428175e+01 4.011623094063871520e+00
4.073854673652171954e+01 -3.998293277696770787e+00
4.072246362186948687e+01 -3.253599959355803151e+00
4.071776681030468836e+01 -2.528346579556377094e+00
4.071194302524143183e+01 -1.796323812318419755e+00
4.071995768481685474e+01 -1.069189924256047419e+00
4.073231745655872515e+01 -3.417912771880224909e-01
4.075187621456159803e+01 1.110686299633723451e+00
4.073165821912790108e+01 1.835707566903998611e+00
4.072178350201367181e+01 2.564765456893361772e+00
4.070624515493214091e+01 3.321594574133996502e+00
4.071599968772068934e+01 3.998293277696767234e+00
