-3.541936632519053774e+00 -4.144590277465724171e+00
-3.485071629514131075e+00 -2.925696107560391113e+00
-3.541522445633219718e+00 -1.959356833754789307e+00
-3.539050264560579251e+00 -1.243496974017620715e+00
-3.568069616937165733e+00 -4.920680217204136397e-01
-3.546656848564381903e+00 3.027822759441924916e-01
-3.544420891962872133e+00 9.780811454736841881e-01
-3.546669250414268504e+00 1.707932159503123160e+00
-3.540914273561156733e+00 2.411237299267867229e+00
-3.553625331403807763e+00 3.117035557561713688e+00
-3.546511568830069905e+00 3.885714917006502844e+00
-2.667407324673668256e+00 -4.113622931469503641e+00
-2.704756905288505209e+00 -3.399652610845816270e+00
-2.715052968456795668e+00 -2.653282804292924624e+00
-2.749887869991120226e+00 -1.936056321259474799e+00
-2.730677113045686610e+00 -1.205756280934981106e+00
-2.728069240964060782e+00 -4.975741243133278147e-01
-2.746704666949092655e+00 9.775564394897884313e-01
-2.783442939573980368e+00 1.714743096589568694e+00
-2.783906814776372585e+00 2.421350382134125567e+00
-2.803661693326390036e+00 3.206813666328230283e+00
-1.970576778933661899e+00 -3.381428640962081289e+00
-2.031786358474249710e+00 -2.643767530502429963e+00
-1.984879822025803264e+00 -1.935877424782116663e+00
-2.003612714117295468e+00 -1.194982635582061192e+00
-2.004329522799324081e+00 -4.816292708181144633e-01
-1.982717830628580202e+00 9.986547399799796665e-01
-2.012496161595869637e+00 1.715660303804778408e+00
-2.042742583971154602e+00 2.465754116508275473e+00
-2.038968826652244104e+00 3.219530808388256560e+00
-2.045464764185702222e+00 3.937274143530316906e+00
-1.246872851587575326e+00 -4.090710578727374980e+00
-1.254317996911908040e+00 -3.377359349054369630e+00
-1.244759184971570676e+00 -2.641273481083192820e+00
-1.255374122718116325e+00 -1.909934462040578040e+00
-1.290341812185779702e+00 -1.210574767570275156e+00
-1.249639520655790648e+00 -4.804852102311016893e-01
-1.261644091601120010e+00 9.605284415576598178e-01
-1.286387005164698394e+00 1.749515248284946978e+00
-1.272287555904576095e+00 2.494062687767076625e+00
-1.273009960674471586e+00 3.205365651219516110e+00
-1.269605510221339273e+00 3.934896101555644066e+00
-5.084597081097186333e-01 -4.065423356552635425e+00
-5.419885799629327039e-01 -3.342151717257664245e+00
-5.182619002255250962e-01 -2.646067025195986133e+00
-5.072840784043322060e-01 -1.916482487906318255e+00
-5.067833728153061656e-01 -1.192089128148158039e+00
-5.094991440401273053e-01 -4.507905717841182991e-01
-5.033155341579771402e-01 2.993430872157389899e-01
-5.354302444683796125e-01 1.711061995787961365e+00
-5.232412391571656940e-01 2.506516452786797799e+00
-5.962025513259305853e-01 3.225536096232026750e+00
-5.287329136476444091e-01 3.964087652106307758e+00
2.402672847776443632e-01 -4.046777947448816803e+00
2.114499825722049309e-01 -3.381876367679730322e+00
1.831703701238751592e-01 -2.653898138874634327e+00
2.113506278465280275e-01 -1.917539033147406258e+00
2.192262716196893280e-01 -1.200134403440024755e+00
2.037157650742571491e-01 -4.607977479765068551e-01
1.622615019423747640e-01 2.465911322770715230e-01
2.014856376211326960e-01 9.908097954136749763e-01
2.100899930425157436e-01 1.729498854336984692e+00
2.288956511965523077e-01 2.513518749877917458e+00
1.711507663687541481e-01 3.162905956456761203e+00
2.160872657237931094e-01 3.928523024840153255e+00
9.772303383404548072e-01 -4.062912134914938633e+00
1.025876679449751805e+00 -3.275726607683477454e+00
9.438963020891861788e-01 -2.606577495533919375e+00
9.496181156780991728e-01 -1.925617270152450544e+00
9.479164108770987696e-01 -1.191113533825536308e+00
9.498187364499557361e-01 -5.058496641334464528e-01
9.413793430445451804e-01 2.305516201270094712e-01
9.724200801679074857e-01 9.814748813950764372e-01
9.913863972270249292e-01 1.711376400484247995e+00
9.589285878208428926e-01 2.517349653689215927e+00
9.612774525721832219e-01 3.184430569283890122e+00
9.553328396633347097e-01 3.897088590380967332e+00
1.679886349945164170e+00 -4.037715972129149122e+00
1.689850617888275508e+00 -3.320377378122088885e+00
1.687590786914427099e+00 -2.602483307729002604e+00
1.777683955725130716e+00 -1.888401727103630634e+00
1.658485822382480990e+00 -1.213383931616906608e+00
1.690084250513095299e+00 -4.766151375982765614e-01
1.635842383718582482e+00 2.862648946384673820e-01
1.710735537248723404e+00 9.512545592207253264e-01
1.725844660460161606e+00 1.704127638655027255e+00
1.738977631308564753e+00 2.448806659266349328e+00
1.773180675249371063e+00 3.172684068557977355e+00
2.425979403529829881e+00 -4.041902013043078057e+00
2.434024892200334023e+00 -3.321179458528330741e+00
2.431908496603334413e+00 -2.597401912124649215e+00
2.410988079950477925e+00 -1.186303388129779535e+00
2.419126481947536433e+00 -4.845392340107466111e-01
2.446728220717851343e+00 2.605555745389800393e-01
2.468634755829320682e+00 9.720814341762498145e-01
2.511291197788537488e+00 1.715796692011284819e+00
2.483284110045985926e+00 2.425391818016347401e+00
2.520563206541552859e+00 3.138639962754091073e+00
2.565431065669827149e+00 3.821186241515789561e+00
3.154336273970898219e+00 -4.046395378889648953e+00
3.172625608442899647e+00 -3.320536198563345920e+00
3.167278325253846560e+00 -2.591641326173242277e+00
3.181968287178385424e+00 -1.877290121682570145e+00
3.163760075580668740e+00 -1.185939067132849800e+00
3.161423467006791554e+00 -4.403846920612011218e-01
3.190832004681332990e+00 2.580969632913259204e-01
3.228727228930360127e+00 1.039685144043811960e+00
3.249300657676911896e+00 1.700791915644384034e+00
3.278471808898991924e+00 2.439536600905412911e+00
3.254082075032791010e+00 3.142021872978524755e+00
3.248543776052763121e+00 3.878786893652218737e+00
3.922347354152201149e+00 -4.052608686957110962e+00
3.901274063580437712e+00 -3.339831767705973675e+00
3.912875493124808202e+00 -2.597320108935907257e+00
3.911819081682942567e+00 -1.849793464482566208e+00
3.895373134188780284e+00 -1.143657557133458624e+00
3.963803445048895924e+00 -4.491024986417571085e-01
3.937371847352409304e+00 2.756462839112145957e-01
3.958683795691051444e+00 9.707169265145374482e-01
3.962186288936692335e+00 1.714481970537235611e+00
4.014697920809553011e+00 2.461215114724048192e+00
4.021146002016877219e+00 3.163414527649592856e+00
4.025754769191792093e+00 3.868984235605367417e+00
4.676091375635891723e+00 -4.055039118614892857e+00
4.659433218382098119e+00 -3.364423119625683967e+00
4.660550187523234911e+00 -2.591264743642984314e+00
4.659715520554300383e+00 -1.894570232813990174e+00
4.740890112202436057e+00 -4.462253090650918352e-01
4.726881178954641882e+00 2.821064463313227577e-01
4.666793052379290430e+00 9.746602856563164607e-01
4.729884166521401312e+00 1.720207234672930241e+00
4.760923671452232497e+00 3.142373833458186994e+00
4.797144872811685445e+00 3.859008858198855307e+00
5.400590127978283306e+00 -4.054477877698417387e+00
5.362762880696031687e+00 -3.350570749785941160e+00
5.409056920802207458e+00 -1.889922029895817701e+00
5.468618236206168604e+00 -1.186913724079460053e+00
5.509846795405195508e+00 -4.425483390988773635e-01
5.541939142528583773e+00 2.815692055868552757e-01
5.491308867286235795e+00 9.917584668456989050e-01
5.477601509495151788e+00 1.686897981234857014e+00
5.508251258989098176e+00 2.422533050089423767e+00
5.521688744418483452e+00 3.159199154369311202e+00
5.518827389620838630e+00 3.890435823686715366e+00
6.224802843450781609e+00 -4.051067402579100474e+00
6.209242146969593534e+00 -3.349768272665972546e+00
6.234204077521553700e+00 -2.528696873689259661e+00
6.172385910040148360e+00 -1.931405919787160030e+00
6.228607844135297000e+00 -1.225244986425980898e+00
6.271022770996751206e+00 2.239850715037441375e-01
6.277136316488338252e+00 9.681805503000227020e-01
6.260200729348362358e+00 1.674803387100759267e+00
6.244413900981186316e+00 2.416883020413532535e+00
6.239548483559374858e+00 3.131264114670017307e+00
6.238932477959444611e+00 3.877784506603148884e+00
6.999039014756590404e+00 -2.659991156222588415e+00
7.024703209501723222e+00 -1.232658000966090128e+00
7.018869965978225878e+00 -5.169652103272674992e-01
6.990417288475399005e+00 2.217823015732527381e-01
6.980135766402618458e+00 9.598478769778395758e-01
6.998490487903922030e+00 1.667877173854193984e+00
6.996970502094278288e+00 2.403465115801417085e+00
6.993438009776106412e+00 3.132476508309729013e+00
7.035323051017684293e+00 3.831180261967141121e+00
7.785505971260917590e+00 -1.964015763312080054e+00
7.760006472139380662e+00 -1.248179116853222581e+00
7.774744880999044483e+00 -5.512424401518032369e-01
7.735102564884407172e+00 1.803233736677078980e-01
7.715985010866454274e+00 9.722966175510272535e-01
7.740195516192720504e+00 1.674012911442403606e+00
7.774071719761238342e+00 2.353219211868136540e+00
7.762929172828087587e+00 3.086768093992532158e+00
7.829644410189580128e+00 3.772436028982326661e+00
8.684031715506037585e+00 -4.100171584812692060e+00
8.689659453415679025e+00 -3.374862568408186547e+00
8.668520325447417463e+00 -2.655963137200611612e+00
8.621744044166618437e+00 -1.971409799661316242e+00
8.592723700269011999e+00 -1.234690735295647102e+00
8.577910382628004982e+00 -5.327558947676926948e-01
8.502171623126372424e+00 9.388137877733342407e-01
8.488813033361857663e+00 1.610021066106831711e+00
8.517406927068250866e+00 2.364780432708336377e+00
8.541636287929740945e+00 3.104530306842050891e+00
8.591013354442225136e+00 3.769954239816243557e+00
9.452892799590713935e+00 -3.409868526226549790e+00
9.449381627101921310e+00 -2.668678078744811444e+00
9.448288543736765632e+00 -1.978581618831753985e+00
9.386646031367341436e+00 -1.269086417706731140e+00
9.303861966445616360e+00 1.772678135590624038e-01
9.259730854609507844e+00 9.027854247454598635e-01
9.260073477391593144e+00 1.616830149684556517e+00
9.278546335978020920e+00 2.338024352914743531e+00
9.329672810535086569e+00 3.014724195248369654e+00
9.361850004855881480e+00 3.797882884941813586e+00
1.024202163746127781e+01 -3.408209895147439994e+00
1.022602727932115840e+01 -2.677372446630464253e+00
1.025168606633130963e+01 -2.020197496018717231e+00
1.017586109834900299e+01 -1.235671562991754513e+00
1.017357984955421557e+01 -5.232932767316036404e-01
1.009581955242766327e+01 1.648634511146092052e-01
1.003339996854058569e+01 8.871858415715969670e-01
1.000947356979701652e+01 1.616377013217114467e+00
1.004045565535904672e+01 2.336323540198812054e+00
1.011067018808282114e+01 3.032799050194483925e+00
1.010762776492446591e+01 3.749949164176513250e+00
1.115733505074388887e+01 -4.196345870213338713e+00
1.109508988925959017e+01 -3.442274927471320467e+00
1.108114203245344953e+01 -2.747633634693357862e+00
1.099517326753806401e+01 -2.016032508041380567e+00
1.097935024736960941e+01 -1.256923389856449802e+00
1.094332257921735163e+01 -5.254937308601128620e-01
1.094073921393184179e+01 2.020166506244649440e-01
1.089170477730911557e+01 8.676838642128714696e-01
1.098915380098737415e+01 1.587893377438156506e+00
1.092127398946973216e+01 2.366605275861950020e+00
1.090039240006039734e+01 3.044211700911546359e+00
1.095241579836273615e+01 3.758957467024735877e+00
1.201971317018056595e+01 -4.129808582870598599e+00
1.202150631588954610e+01 -3.424695964260703107e+00
1.199322500584747075e+01 -2.667772447910486733e+00
1.193529416525790054e+01 -1.238026252573522612e+00
1.187483416385722990e+01 1.602946523564163783e-01
1.169233449069520248e+01 8.954637059074066485e-01
1.169293294290041274e+01 1.616256063498024531e+00
1.168582695915473124e+01 2.342647665154220959e+00
1.171536283764504560e+01 3.066876430855259628e+00
1.172886403982287362e+01 3.768434602643935705e+00
1.272362182858309865e+01 -3.422528095023263717e+00
1.283568564967584535e+01 -2.683685392624070687e+00
1.275729504719033969e+01 -2.007783388269320568e+00
1.276082944626064375e+01 -1.282123082660472591e+00
1.270294974177789982e+01 -5.518840158687616793e-01
1.265779956571351761e+01 1.813257051350909421e-01
1.258238950916850740e+01 8.978393923447143266e-01
1.247818426306668727e+01 1.618123596757879312e+00
1.244137783404361386e+01 2.390506062118774366e+00
1.246399949274665886e+01 3.075700172623541562e+00
1.253187241034297017e+01 3.769025053575475681e+00
1.365295861404216282e+01 -4.165786202980314101e+00
1.363407995739119372e+01 -3.442420422985595252e+00
1.360967059216405062e+01 -2.697673879815326359e+00
1.353236199572901910e+01 -2.025889477416537687e+00
1.337833555076095848e+01 2.223451179681710244e-01
1.333651013362981530e+01 9.113603042575526558e-01
1.329842304448307289e+01 1.618104032595059749e+00
1.332615960083381879e+01 2.333136152977417055e+00
1.338945681943252453e+01 3.041532193248890792e+00
1.342142771893083619e+01 3.766675663189111845e+00
1.457230443545932275e+01 -4.183914963233878126e+00
1.453028998693401519e+01 -3.461771740737646041e+00
1.445171726156510772e+01 -2.680295107866463411e+00
1.432526674510224751e+01 -1.267819562905220465e+00
1.427332724362888428e+01 2.075897583240333688e-01
1.425914966428073427e+01 8.752987239320475510e-01
1.409781176227645716e+01 1.637902980180307111e+00
1.416008108726119730e+01 3.076374239512126962e+00
1.415616926095360384e+01 3.781568643046774980e+00
1.534265881161856271e+01 -4.188817578801668162e+00
1.533469850162356352e+01 -3.473405016932783695e+00
1.535775681884795318e+01 -2.755830655432145448e+00
1.533764718106187530e+01 -2.048727536191936593e+00
1.520601866410059699e+01 -1.293174148827098691e+00
1.529497058614604299e+01 -5.577660396820824928e-01
1.503421723648799002e+01 2.159163041629419411e-01
1.494002747053806246e+01 1.650321574180964035e+00
1.496701011188402930e+01 2.362325872933052295e+00
1.490319182414603461e+01 3.083542670054157497e+00
1.496928138247375983e+01 3.751409145442821114e+00
1.608066931907534780e+01 -4.252521840472880399e+00
1.609091234373169499e+01 -3.495333313209663118e+00
1.607300971493637576e+01 -2.798278634332238113e+00
1.605705064327480613e+01 -2.060208126738579892e+00
1.600649507222823331e+01 -1.322153440140773739e+00
1.597552876508319741e+01 -6.065422912980764636e-01
1.594230199515073565e+01 1.515087634831076002e-01
1.581350106418372548e+01 1.674432174331879963e+00
1.577548698726111809e+01 2.352046351311521732e+00
1.572901586726957390e+01 2.999978971676100059e+00
1.576038432647133192e+01 3.782724697240666956e+00
1.684132123536547709e+01 -4.205527576828377079e+00
1.681784274105175570e+01 -3.491564415286440237e+00
1.678494270653321507e+01 -2.779210424315508021e+00
1.676623816662495159e+01 -2.025088552508819362e+00
1.674366090735991008e+01 -1.321507008113258053e+00
1.670639896970657645e+01 -6.069282487972351703e-01
1.669596651189544900e+01 2.354130064152855084e-01
1.660901666086542150e+01 8.943700160608365479e-01
1.658550317897157811e+01 1.575554352626436838e+00
1.656757939698567128e+01 2.396206605595768480e+00
1.655893431696173934e+01 3.104643245990914124e+00
1.660030023709128955e+01 3.836439910369364270e+00
1.756632530407480886e+01 -4.160752267004269811e+00
1.755501182740301402e+01 -3.490186500716173867e+00
1.751052040872898630e+01 -2.723674305188989564e+00
1.747358342131173004e+01 -2.016496635277409410e+00
1.742800100936101160e+01 -1.302300313160479561e+00
1.744020397464456806e+01 -5.507085550543493468e-01
1.739387723018223397e+01 1.738506793881988699e-01
1.736894183806750647e+01 9.668007814434531610e-01
1.734083443761484489e+01 1.653393729857665306e+00
1.732272101861121882e+01 2.407575439534465289e+00
1.728729489091024618e+01 3.159870221777460131e+00
1.730958133867925142e+01 3.871221280877463755e+00
1.829329601474604772e+01 -4.198351110767610805e+00
1.826711393662669281e+01 -3.458195138615455022e+00
1.822595079032952725e+01 -2.715976211799635109e+00
1.820501265012153880e+01 -2.002936289152341232e+00
1.817711202714832552e+01 -1.256643466857283897e+00
1.817218656027331036e+01 -5.349472779563448910e-01
1.813545120726184479e+01 2.255585914932680680e-01
1.812948945760669517e+01 9.258887341228358991e-01
1.806364049829068819e+01 1.661259492115895853e+00
1.805725474594429159e+01 2.407054196733554363e+00
1.802350645256694861e+01 3.165051392847054501e+00
1.807790655635190546e+01 3.909985238098748539e+00
1.911947909849431682e+01 -4.090194157763264116e+00
1.900480539596148333e+01 -3.390359573842768981e+00
1.897351997799350443e+01 -2.669291492454888726e+00
1.894425034088420290e+01 -1.964645326980026141e+00
1.890051000653086533e+01 -1.236585944155201844e+00
1.887639950231974240e+01 -5.160673888092617290e-01
1.887167874800584855e+01 2.123869040413843834e-01
1.884964697177870363e+01 9.417773065943748634e-01
1.882787230330455941e+01 1.679723605059969316e+00
1.882888854978428128e+01 2.406812511121536602e+00
1.881301741483659384e+01 3.143240504813121561e+00
1.888802481688048118e+01 3.873220987897340706e+00
1.987649008419545282e+01 -4.159114125164705911e+00
1.985856209390489369e+01 -3.399704917229389167e+00
1.980150657868241382e+01 -2.645032392228568341e+00
1.975291216461128130e+01 -1.905026597399629651e+00
1.974890315886178627e+01 -1.176956531476456291e+00
1.963529261824142935e+01 2.153989088180061628e-01
1.987607253747355429e+01 9.307200245812943251e-01
1.971074878592405355e+01 1.690282235131814303e+00
1.963234942638163716e+01 2.443938934646642025e+00
1.970549041233396537e+01 3.169999205457521896e+00
1.976533601125610318e+01 3.816338071684874933e+00
2.060616606360142100e+01 -4.147384873563030538e+00
2.057051784913091552e+01 -3.379695558937779509e+00
2.055017775260811419e+01 -2.664908500082553644e+00
2.058945440068635691e+01 -1.957063135729011805e+00
2.060110392017006120e+01 -1.222536904628469756e+00
2.058686752348825166e+01 -4.901703320778878492e-01
2.057932998244866241e+01 2.389572860665900578e-01
2.062213502728174319e+01 9.808808489077627257e-01
2.053758221562902975e+01 1.695233837561566759e+00
2.053974997395786772e+01 2.427005587574960543e+00
2.056215686726285696e+01 3.095614978988429300e+00
2.059343528750996910e+01 3.823612986280835457e+00
2.179893988076646139e+01 -4.057610717173549375e+00
2.177058541992057883e+01 -3.392019208257583074e+00
2.177270724553209647e+01 -2.618505716302390596e+00
2.181181531805971474e+01 -1.892015124825245920e+00
2.166601647187367519e+01 -3.132333662503903327e-01
2.152507647405844438e+01 2.557459092658085353e-01
2.149679881140091453e+01 9.898232813926739482e-01
2.141878795007539082e+01 1.711432064656911223e+00
2.140676456394034233e+01 2.425435064872846880e+00
2.141038051927244368e+01 3.082628538802509865e+00
2.137969191010150638e+01 3.842364735655827701e+00
2.250354057749240866e+01 -4.132683340458619625e+00
2.250762471845899881e+01 -3.400757575518539966e+00
2.249965247807446644e+01 -2.673353305490010712e+00
2.250803730674564918e+01 -1.935195702134297591e+00
2.248685860770197564e+01 -1.206698148349421018e+00
2.247218513863659695e+01 -4.835484876281661570e-01
2.244311856245687409e+01 2.479137690496919788e-01
2.232427088915292757e+01 1.000845200438931215e+00
2.235667429942165541e+01 2.478664621829992143e+00
2.227497670089169191e+01 3.138597061029621216e+00
2.224541404726104332e+01 3.795972644130742424e+00
2.324126190305778294e+01 -4.122647885627593212e+00
2.321755126355742505e+01 -3.407713212620134158e+00
2.325364808490682123e+01 -2.677546888890603327e+00
2.323340729746519173e+01 -1.925529512224581907e+00
2.324078385073969599e+01 -1.218816702884645053e+00
2.321893492521157754e+01 -5.007913651494000362e-01
2.318171203843559880e+01 2.190100301581239250e-01
2.316977949146723148e+01 9.905128841257955230e-01
2.316623069398290369e+01 1.700267212613777446e+00
2.314470693837333215e+01 2.402513112328669820e+00
2.308144751122653560e+01 3.155660362569669530e+00
2.311488070193688316e+01 3.813496868075176849e+00
2.397751154720207722e+01 -4.123699741199263968e+00
2.397767157237156965e+01 -3.408447054887073335e+00
2.397298158417832781e+01 -2.672142797640265854e+00
2.397986318875005907e+01 -1.958183414281187140e+00
2.397619420274070734e+01 -1.202802524881136037e+00
2.396386864919502102e+01 -4.781586687672678693e-01
2.401972035593071553e+01 2.034110100543635724e-01
2.396552236515805845e+01 9.764038160771200126e-01
2.388432032273866668e+01 1.687571553935082846e+00
2.393458599334902459e+01 2.433214020937565891e+00
2.389935600511090286e+01 3.153595281899058023e+00
2.395444906123621820e+01 3.818629435296003294e+00
2.481372749266166267e+01 -4.092705541713566930e+00
2.473480069032589768e+01 -2.699625265853409672e+00
2.467141567559916382e+01 -2.003241786081240150e+00
2.474214815901722631e+01 -1.234149609648120816e+00
2.471646168604399918e+01 -5.191488397236447838e-01
2.472025764871666809e+01 1.967279108979589353e-01
2.473119880928116032e+01 9.353531321139634258e-01
2.472986420982633149e+01 1.681133273908088199e+00
2.469877414619635658e+01 2.394630655549939036e+00
2.469708678500423815e+01 3.129172365953564849e+00
2.472804072841561407e+01 3.837277625467287123e+00
2.548848977867895371e+01 -4.137767154772646450e+00
2.539214784986157269e+01 -3.410945225825290805e+00
2.550552295970130245e+01 -2.695277739971821518e+00
2.545629917237003070e+01 -1.962769829864345894e+00
2.546513823459400072e+01 -1.258357381100374539e+00
2.544716623583048687e+01 -5.393955045249896330e-01
2.546106150906015841e+01 1.980308697649100225e-01
2.545791647547273584e+01 9.223484820998137934e-01
2.547821102002625082e+01 1.666452501322659430e+00
2.548953058145863793e+01 2.360629789930552391e+00
2.548588766322895793e+01 3.106684133374692180e+00
2.550742909281124327e+01 3.819748370749508126e+00
2.621900019598589893e+01 -4.133349930535885619e+00
2.622908678358597712e+01 -3.434464536690747138e+00
2.620790495749039906e+01 -2.709311934717799630e+00
2.620273461364133993e+01 -1.977934685940212489e+00
2.620597240235385073e+01 -1.258946055334710934e+00
2.619958952996039869e+01 -5.023175061174427469e-01
2.621859230083861547e+01 1.915554812333652990e-01
2.619484916841947353e+01 9.135095408191382660e-01
2.624212616921187902e+01 1.666902477295668206e+00
2.629105619976964192e+01 2.419093793027698780e+00
2.625575516390395592e+01 3.110814743114829639e+00
2.628601152127634322e+01 3.818785028358860245e+00
2.702145543006354700e+01 -4.175848788815859081e+00
2.697867959195897214e+01 -3.454895923968457794e+00
2.699678273498454928e+01 -2.721002779862160992e+00
2.697173639367726139e+01 -1.992199957925819831e+00
2.697975202194797362e+01 -1.273987987536163047e+00
2.695469184845038768e+01 -5.789157264476010312e-01
2.696631804032399060e+01 1.837536203763967535e-01
2.697409041147186315e+01 8.631731704871334898e-01
2.698206322506813848e+01 1.649580369511880917e+00
2.700845742887388212e+01 2.339608769963053447e+00
2.704935275068241651e+01 3.068432911227446880e+00
2.704712711915346546e+01 3.778597892265466385e+00
2.779770489292831570e+01 -4.200293589504404679e+00
2.773961576742057389e+01 -3.444749048898422927e+00
2.774180061299318112e+01 -2.721561432293089666e+00
2.776764356035772607e+01 -2.017319219097259975e+00
2.774124040351404830e+01 -1.284657499642307243e+00
2.775555858788653296e+01 -5.688962969919835189e-01
2.776969056057119900e+01 1.340361898388096051e-01
2.778335883386360905e+01 8.367269667495946806e-01
2.777640663438116775e+01 1.589382418369506667e+00
2.774008234591928357e+01 2.331154149974135947e+00
2.778574779414410756e+01 3.053154367157354443e+00
2.782343367125429978e+01 3.771124821463878618e+00
2.866235062799004396e+01 -4.118085247474940758e+00
2.854285245468398813e+01 -3.465428113466597182e+00
2.863601978834308426e+01 -2.707837428509023425e+00
2.851094548168745035e+01 -2.041833127258431801e+00
2.851263217349629286e+01 -1.344459662117383658e+00
2.848038016736700939e+01 -5.933765161202622096e-01
2.848480219194672003e+01 1.158405293961202176e-01
2.851822623190152939e+01 8.309026626465652043e-01
2.855239951997329939e+01 1.540255061737980213e+00
2.858956552881100066e+01 2.261563875596259265e+00
2.860265394383841198e+01 2.982412204965370961e+00
2.858132505148008562e+01 3.724983739290365747e+00
2.940767905261183301e+01 -4.184106291672939903e+00
2.937077592670674875e+01 -3.494293472983908799e+00
2.935029857917060525e+01 -2.777943541797569083e+00
2.934307941629790406e+01 -2.051290354506289049e+00
2.931931310418389813e+01 -1.346563351522476637e+00
2.930050142755647613e+01 -6.210208259218426008e-01
2.932835271597955540e+01 1.128958372518908959e-01
2.927501861018991036e+01 8.283966970815086484e-01
2.929680941419616858e+01 1.517239953186898305e+00
2.933393557184881928e+01 2.236958915161306294e+00
2.934014689569449530e+01 2.957027020036690601e+00
2.935377277264732498e+01 3.700281910624291015e+00
3.018368946333634284e+01 -4.188419572550905912e+00
3.009135698152896765e+01 -2.056783481198408481e+00
3.007566811940518647e+01 -1.379597382703646957e+00
3.014457068179439858e+01 -5.978921918146227199e-01
3.012049943169721899e+01 6.257427540223758911e-02
3.006254036911391125e+01 7.894553094385052816e-01
3.007758356920462717e+01 1.518798595136388485e+00
3.009954735090867217e+01 2.232520316585247855e+00
3.009971354573433899e+01 2.936908519065212886e+00
3.008697462281867985e+01 3.665501034465854957e+00
3.096014534315981592e+01 -4.212396911089420826e+00
3.091852943483309701e+01 -3.471828005205349399e+00
3.091386460550703674e+01 -2.770290198625350087e+00
3.090667655676966064e+01 -2.065250584911161980e+00
3.087407195544417249e+01 -1.362358166351498312e+00
3.087893793798944131e+01 -6.612725477923078188e-01
3.087543509241245232e+01 5.745719588643538600e-02
3.089198846361662021e+01 7.679126289672772998e-01
3.089516732547625821e+01 1.508281382413521499e+00
3.089292583721400121e+01 2.243839956930823831e+00
3.085939864490318740e+01 2.979935898390934312e+00
3.086735993548416701e+01 3.711261747201895389e+00
3.179403475343436725e+01 -4.165629339016756916e+00
3.172211532463446559e+01 -3.512337142102683885e+00
3.162007660397460285e+01 -2.765850305896250916e+00
3.164006572344018053e+01 -2.099402787155888461e+00
3.162339155850514061e+01 -1.367917369088601731e+00
3.163167448723999797e+01 3.970064807238316007e-02
3.163061397960317578e+01 7.692681717693474752e-01
3.160315107258451661e+01 1.512850740773181712e+00
3.161838302412323998e+01 2.253808853586317440e+00
3.165408136427772234e+01 2.993075279810057054e+00
3.173343199635409206e+01 3.708366593320270965e+00
3.246917326270190784e+01 -4.180506906488705710e+00
3.247771566296781742e+01 -3.515617621506272883e+00
3.245778409476374549e+01 -2.782522060684328835e+00
3.242154345912390312e+01 -2.065828085397807712e+00
3.241089600238358770e+01 -1.375559879945750907e+00
3.238493317655053971e+01 6.323443769257863778e-02
3.237139133077774744e+01 7.852043879045211838e-01
3.244575461342326861e+01 1.490776164801200565e+00
3.243049483421483359e+01 2.240158156436649506e+00
3.244136991946032111e+01 2.976209107389379938e+00
3.244071355855253813e+01 3.709737446383734039e+00
3.328319760521750226e+01 -4.192114956879073873e+00
3.322860994576715399e+01 -3.488283019421071884e+00
3.325756849892453459e+01 -2.781484040326144935e+00
3.321109700909223506e+01 -2.066068349764375256e+00
3.316461327017089644e+01 -1.327483616833276869e+00
3.321286062270163342e+01 -6.505307231535084611e-01
3.316026016056904524e+01 5.333921783937256578e-02
3.315935934939158614e+01 7.896973530537216845e-01
3.316123464587285952e+01 1.517173692993619483e+00
3.314958992872583821e+01 2.274896416185224979e+00
3.320110929895560758e+01 2.990665536270768143e+00
3.317488075130791714e+01 3.734760883178225299e+00
3.403896008502156434e+01 -4.153073763127796525e+00
3.402007080543466344e+01 -3.442292326674191827e+00
3.396458609364423609e+01 -2.756749342890930876e+00
3.394892856507399159e+01 -2.070119306158801464e+00
3.394052718092125787e+01 -1.367014882352492577e+00
3.392739714670280904e+01 -6.440023314760487949e-01
3.389899396224475225e+01 7.373148464564849291e-02
3.391267894554001572e+01 8.190614861670120206e-01
3.392055700333586543e+01 1.563766394908132185e+00
3.394329430083961796e+01 2.275622663233473730e+00
3.395633764596875181e+01 3.015424892071578711e+00
3.394261811537567297e+01 3.745556832518715851e+00
3.477898580224997005e+01 -4.164822614936561251e+00
3.474826161275742464e+01 -3.474253682835183099e+00
3.473347301195736492e+01 -2.757627215070105109e+00
3.469847418548952334e+01 -2.054072617511284449e+00
3.469372469503796452e+01 -1.362177516374913466e+00
3.467837383826469733e+01 -6.396996921932682767e-01
3.468162938876442780e+01 1.138736434142835208e-01
3.465196890183896272e+01 7.981650650117586565e-01
3.463830447645434418e+01 1.569689755963619149e+00
3.469484533330479081e+01 2.290118025299975102e+00
3.470554313995837248e+01 3.036655805674350006e+00
3.467942920095688208e+01 3.771327874319013063e+00
3.552730256392008101e+01 -4.156977786971133071e+00
3.551701504005603027e+01 -3.451405612345425311e+00
3.549936040767905610e+01 -2.739724408089404761e+00
3.545035431965168726e+01 -2.039280330263924412e+00
3.543059538715541379e+01 -1.322146478322569152e+00
3.541731454560920866e+01 -5.966373908440303353e-01
3.543865846554559340e+01 1.661964362047747557e-01
3.544456946227271743e+01 8.802525352003094383e-01
3.547640569143543843e+01 2.279281523173651181e+00
3.545589626502420089e+01 3.060166058470272787e+00
3.549625114346213905e+01 3.827298680296451039e+00
3.628953130540003968e+01 -4.165988433495702026e+00
3.627015210002695511e+01 -3.423479378366316439e+00
3.625219233403773700e+01 -2.755997214333923750e+00
3.619757388733261649e+01 -2.013897393458886853e+00
3.617489889206341758e+01 -1.291673766115355448e+00
3.616564568748635367e+01 -5.594196986554891282e-01
3.619951540915550225e+01 1.652996457738922231e-01
3.618947343231281621e+01 8.581355574582190116e-01
3.618688520167925304e+01 1.634083789054248115e+00
3.619292562916101730e+01 2.336673321886589605e+00
3.628757213890256850e+01 3.098045839725642736e+00
3.634359224371225849e+01 3.803293350399911787e+00
3.707011695223376790e+01 -4.148857533770531347e+00
3.700593565189543455e+01 -3.405822085125119969e+00
3.699206230254122119e+01 -2.689441494785409503e+00
3.692893070075634654e+01 -1.253093107255423888e+00
3.691392644947777768e+01 -5.348213852834327042e-01
3.685541716038623150e+01 2.417031119896790869e-01
3.693927241936531658e+01 9.404949244795695051e-01
3.705080510493230150e+01 1.623844550267008913e+00
3.704454016263452587e+01 2.366083250601608512e+00
3.702085910898872356e+01 3.100191690283317314e+00
3.706481556812978084e+01 3.814529339354642445e+00
3.785535382983793085e+01 -4.076097461494558871e+00
3.779955071449176529e+01 -3.371414607035134736e+00
3.776731651764333009e+01 -2.654499089001266299e+00
3.774571678171859190e+01 -1.937157659176989455e+00
3.773818637110229446e+01 -1.200421264406891453e+00
3.770279319962323683e+01 -4.805254486437426920e-01
3.783101210844409223e+01 3.092035861060189461e-01
3.782408074467354453e+01 9.665672150871067458e-01
3.784644237226114427e+01 1.632518588277818594e+00
3.794600166017048792e+01 2.448953143129227072e+00
3.870027007624302229e+01 -4.018804396220499342e+00
3.868715519574762851e+01 -3.286847004911347625e+00
3.862549304298422470e+01 -2.595237972728490661e+00
3.870972073245372513e+01 -1.857187637599583496e+00
3.877775084551721108e+01 -1.124243916631023410e+00
3.864034056385177252e+01 -3.507246392192691076e-01
3.876070291219051711e+01 2.601747058983441718e+00
3.872924475860875049e+01 3.190954336988319540e+00
3.963252805777724319e+01 -3.283281743630997340e+00
3.956233177944408652e+01 -2.951075183443833794e+00
3.955343390779976431e+01 -1.754816099961242770e+00
3.999767275648489573e+01 1.133169307084845201e+00
4.000374336619344007e+01 1.862829344893665251e+00
4.000864817320275080e+01 2.620749412630580366e+00
4.000840827958767676e+01 3.329403186925517844e+00
3.999528585518266510e+01 4.004553353766446833e+00
4.074180631788659213e+01 -3.982601049550385852e+00
4.073168601690567669e+01 -3.244570540274821724e+00
4.071519551538917625e+01 -2.467714991413821224e+00
4.071607414717210105e+01 -1.783070558385535520e+00
4.072843086286825809e+01 -1.066048111539050325e+00
4.073406613063165338e+01 -3.535663187302517940e-01
4.074723812632759490e+01 1.122571903970829510e+00
4.072866147192613795e+01 1.845325187319790672e+00
4.071525013528545145e+01 2.546234626059906248e+00
4.070418486042779449e+01 3.318545719581997844e+00
4.071274010635583096e+01 3.982601049550389405e+00
