-4.222122918631448840e+00 -4.163094439433649541e+00
-4.183850698013195313e+00 -2.797046451660172295e+00
-4.220324833832165723e+00 -1.979644648743661861e+00
-4.219893725351603564e+00 -1.261276807731160687e+00
-4.255885930443213283e+00 -5.142357745474051001e-01
-4.222976247091906998e+00 2.503553586963782607e-01
-4.220033546806128300e+00 9.592652986226326561e-01
-4.227016306611638186e+00 1.693113369855037575e+00
-4.208011219874961739e+00 2.395168294844538082e+00
-4.229166231640647311e+00 3.074571386399888695e+00
-4.218472244008971472e+00 3.807747290830477027e+00
-3.303388283977760409e+00 -4.137699151922614504e+00
-3.355653613716960137e+00 -3.430462109332943044e+00
-3.363024263782065759e+00 -2.675504577707659593e+00
-3.406592904730622706e+00 -1.952541380848437313e+00
-3.383010877856861498e+00 -1.225373117243755416e+00
-3.387406768389567446e+00 -5.202235324479786982e-01
-3.377474923545875640e+00 9.775911221411455188e-01
-3.427544488111180954e+00 1.694815204521113117e+00
-3.439962334439847780e+00 2.404833713439369802e+00
-3.458334977018409973e+00 3.191654957156558226e+00
-2.619104253111935066e+00 -3.406438737146920914e+00
-2.667003129348685775e+00 -2.667440943599306280e+00
-2.632110968731481648e+00 -1.956336743157301328e+00
-2.651360763948353849e+00 -1.219434132632002843e+00
-2.652037291417080667e+00 -5.035239330246277234e-01
-2.626866045112322468e+00 9.755262641860795725e-01
-2.658967373923090349e+00 1.696295770264356406e+00
-2.701802369818857130e+00 2.445807563390093975e+00
-2.689212055704253146e+00 3.214101545857836584e+00
-2.700598000706698087e+00 3.927529886088123590e+00
-1.888918181534471330e+00 -4.112298319868031626e+00
-1.897034374412321256e+00 -3.400308035495175574e+00
-1.888093977163187276e+00 -2.668528374935778658e+00
-1.903935528803415878e+00 -1.929053629519511759e+00
-1.939246271746561945e+00 -1.233366739328104700e+00
-1.897642795297649343e+00 -5.142940047331556741e-01
-1.908384687768865717e+00 9.324836814305790256e-01
-1.930235600296356324e+00 1.727020572865928472e+00
-1.934454847319130977e+00 2.474948266982348599e+00
-1.926503128674255549e+00 3.185082232009015968e+00
-1.916144656809336766e+00 3.920474692195007549e+00
-1.144336380014024712e+00 -4.078418097807919196e+00
-1.140261275025174825e+00 -3.355210442220599276e+00
-1.153992951513785670e+00 -2.662849786476503056e+00
-1.156868343221781004e+00 -1.945010098696545953e+00
-1.151567248109707009e+00 -1.215449008947722120e+00
-1.150180272583014585e+00 -4.762872433808880146e-01
-1.155723811038733118e+00 2.577788388090027638e-01
-1.181800912423867089e+00 1.682677679177221108e+00
-1.168725805142898366e+00 2.486030031374522054e+00
-1.238558148626331956e+00 3.200820228026522329e+00
-1.198864962854138128e+00 3.951729641265394832e+00
-3.920798338472621936e-01 -4.067020926464849140e+00
-4.206966913897076665e-01 -3.399646184105208135e+00
-4.471235111203029078e-01 -2.677689324432392937e+00
-4.209073477718092704e-01 -1.932915195330085822e+00
-4.181329007274712239e-01 -1.230634720038700891e+00
-4.401644577337719966e-01 -4.909609121129356879e-01
-4.848898690142036116e-01 2.247696304071205020e-01
-4.258266143062385822e-01 9.656816961857863646e-01
-4.307786883542519263e-01 1.710119269897191430e+00
-4.129936775337696986e-01 2.496195666584302586e+00
-4.799028232705282448e-01 3.148650307796806658e+00
-4.276296683070839322e-01 3.911060464442996931e+00
3.412614978062862292e-01 -4.078983955885945534e+00
3.930808235584422050e-01 -3.300900293275788044e+00
3.124776987286068675e-01 -2.621701476804538800e+00
3.172430005971236255e-01 -1.945579355532196075e+00
3.158572842403870595e-01 -1.215301274700905765e+00
3.106986695697742107e-01 -5.350551037354946970e-01
3.064633130105178793e-01 1.992065416896267038e-01
3.359175476252573844e-01 9.510574821696380354e-01
3.578405415464729344e-01 1.687354971351140875e+00
3.213441630708970820e-01 2.499659273190772524e+00
3.197662173089739213e-01 3.167284708179309405e+00
3.075111690547629451e-01 3.878215153938107562e+00
1.053312957616185486e+00 -4.054762023574649987e+00
1.056394713925804751e+00 -3.338367756661828167e+00
1.058198463887158880e+00 -2.617865368297429995e+00
1.134604039092863559e+00 -1.921497612772508745e+00
1.034765755383233454e+00 -1.235664536764463861e+00
1.058538440543912884e+00 -5.071346439681221341e-01
9.602365637474505888e-01 2.595940379011771881e-01
1.080274465485317137e+00 9.205658283492113014e-01
1.087526897654598201e+00 1.674877452424823332e+00
1.109066122493423734e+00 2.420721555281915016e+00
1.139653988475551216e+00 3.147365502020235795e+00
1.802001743031482306e+00 -4.050169300995271726e+00
1.807839162082245821e+00 -3.339570081367710941e+00
1.808352085853812241e+00 -2.614189612816531394e+00
1.782942906256167248e+00 -1.209060848081410455e+00
1.792906075809774791e+00 -5.071793472124674906e-01
1.809175144269900670e+00 2.341442977674184078e-01
1.835247435484234302e+00 9.415961797858543036e-01
1.887416806639130584e+00 1.690049033137533741e+00
1.853542013891839702e+00 2.399279682296072025e+00
1.889195146785652923e+00 3.103392709475144784e+00
1.946181168025617580e+00 3.781257463866332102e+00
2.528211321471864892e+00 -4.061625314970161327e+00
2.551094587096407906e+00 -3.335904192668426305e+00
2.537213802697962706e+00 -2.608018439550171763e+00
2.560250248512218718e+00 -1.891187260250909219e+00
2.536631279888631241e+00 -1.208203842988055499e+00
2.536002811983891547e+00 -4.673525371910116633e-01
2.564655860526116271e+00 2.280073918247147446e-01
2.592507011816813645e+00 1.003433343199631622e+00
2.621957688536838305e+00 1.669408153772518943e+00
2.654536024905816305e+00 2.419291723137469319e+00
2.629435190794431776e+00 3.109803652539717689e+00
2.632114673133578719e+00 3.844000417675836445e+00
3.303258801909407794e+00 -4.065124525738205818e+00
3.288052388882618970e+00 -3.355758585715435061e+00
3.297193365699094159e+00 -2.618176401244006968e+00
3.292173955533343133e+00 -1.867725216295937685e+00
3.268745483114273043e+00 -1.158266510619100131e+00
3.346749395026378693e+00 -4.771915562443709291e-01
3.314095047572372721e+00 2.495719582723978647e-01
3.340829387794457261e+00 9.300220446717020195e-01
3.339043212609475120e+00 1.685655661522773130e+00
3.376269106507535867e+00 2.425751825389166783e+00
3.400933532462580899e+00 3.132919225998925583e+00
3.409341504259977285e+00 3.840339595290338082e+00
4.061183968933697486e+00 -4.072725367566253141e+00
4.042571162646524385e+00 -3.391837694047289631e+00
4.048570661932828330e+00 -2.615576840908680367e+00
4.038489051987937728e+00 -1.903285247277633374e+00
4.143002452679155567e+00 -4.634218182522111817e-01
4.111691539307869903e+00 2.557364521220861775e-01
4.052445960106062728e+00 9.417706525996933919e-01
4.119383759372205134e+00 1.677356439050644354e+00
4.140542973272268057e+00 3.122174632671828931e+00
4.179600087350351600e+00 3.831878580921575406e+00
4.788844859757993788e+00 -4.077835328433749851e+00
4.769870437708910060e+00 -3.367502346294944715e+00
4.797886611663834344e+00 -1.908786313834269777e+00
4.855897891617622975e+00 -1.210293220270838077e+00
4.895542043535478172e+00 -4.743308324794348607e-01
4.927564402356303219e+00 2.468637987676416401e-01
4.878833169110833978e+00 9.724769522870602145e-01
4.852321933098700413e+00 1.659429565666776796e+00
4.891168453001341732e+00 2.391918436509950396e+00
4.902073081206971494e+00 3.124093516555845440e+00
4.906827667095939205e+00 3.863993770806196437e+00
5.626206468501827374e+00 -4.063973480085710577e+00
5.609269550556724937e+00 -3.370477432206627100e+00
5.632505337707478077e+00 -2.554345453804756971e+00
5.569411751133920063e+00 -1.957972432729224721e+00
5.628263564827541643e+00 -1.254424518604682959e+00
5.666012632517521297e+00 1.961250121658721923e-01
5.673088060857466530e+00 9.401400260033732081e-01
5.639625230910752407e+00 1.644988267339950738e+00
5.628540124193605720e+00 2.385580531353603817e+00
5.621131781537833660e+00 3.101820286873319787e+00
5.623570832320559987e+00 3.846584734284270723e+00
6.405093146510189683e+00 -2.682446372548060509e+00
6.440878489433174536e+00 -1.269785745219486728e+00
6.424133769984280207e+00 -5.512897748655731789e-01
6.386711220890163077e+00 1.943019556872052078e-01
6.374355191313924252e+00 9.278794187627852352e-01
6.392781155954601502e+00 1.639096794123869216e+00
6.388235694094213102e+00 2.372466902618974416e+00
6.380532525372103692e+00 3.095592249318627864e+00
6.419401398346956000e+00 3.799188743405586877e+00
7.211206055158392303e+00 -1.990101079644180260e+00
7.170745642567602829e+00 -1.280609619448398462e+00
7.180619148490492876e+00 -5.831637535925757732e-01
7.138156251118672913e+00 1.481614113719302850e-01
7.122313084249576320e+00 9.418307547823445702e-01
7.136500619100736742e+00 1.645116590365137910e+00
7.164394898345044282e+00 2.312662755240012302e+00
7.155979071314320095e+00 3.047616812490510085e+00
7.229279152148201604e+00 3.742816786889306968e+00
8.113054879751430803e+00 -4.117820742617034568e+00
8.115526404017465723e+00 -3.401634608296749462e+00
8.091858341127085907e+00 -2.688786437231346582e+00
8.051048997756844017e+00 -2.003553209384939748e+00
8.021639228737662108e+00 -1.270850360228799047e+00
7.993920571416445853e+00 -5.624290810677763375e-01
7.906832716641282843e+00 8.989295962020804609e-01
7.882213934542782852e+00 1.568709156181387954e+00
7.918504285441066770e+00 2.327078687042135385e+00
7.954572756200818162e+00 3.072387068091352091e+00
7.987576979291617363e+00 3.729703972355721930e+00
8.880792894448156005e+00 -3.433738172719365878e+00
8.886951461317742940e+00 -2.699149954742843249e+00
8.885015480771457419e+00 -2.005705908213037958e+00
8.826673221459884644e+00 -1.300937566096077802e+00
8.718165095332558678e+00 1.322514575937603354e-01
8.667429175556243592e+00 8.625992560175710366e-01
8.669987018445716842e+00 1.581184117121051003e+00
8.683555232715512773e+00 2.302086761702458517e+00
8.730279040781020683e+00 2.976391875000594212e+00
8.764525074003188365e+00 3.758237903282818593e+00
9.692070608144028654e+00 -3.439759902373570100e+00
9.679859722717843340e+00 -2.704235917653857513e+00
9.701869217174078130e+00 -2.059556956268533412e+00
9.611022456153449411e+00 -1.266728119865398128e+00
9.609613257654757490e+00 -5.464087190991833154e-01
9.515698857810662048e+00 1.308841973523300339e-01
9.449417543464370794e+00 8.447794977118547877e-01
9.418166868870294195e+00 1.573985756470428043e+00
9.454864532951624767e+00 2.291108827199437314e+00
9.508947874463544281e+00 3.013385435547668578e+00
9.520294281821946925e+00 3.704468203168332252e+00
1.060293800113438323e+01 -4.231305835874866972e+00
1.054976071697269191e+01 -3.478954272293687922e+00
1.054707857646434377e+01 -2.780234315140212686e+00
1.045107088653223570e+01 -2.054644482323258359e+00
1.043921401745838295e+01 -1.294573559131546148e+00
1.039279724821461315e+01 -5.935582935714762698e-01
1.036046676559856650e+01 1.662988229377440064e-01
1.036523496534181277e+01 7.997846183613717130e-01
1.041198796634665058e+01 1.544915930799902526e+00
1.034467592990541362e+01 2.320119662091599366e+00
1.032936183882505077e+01 2.991268326459710636e+00
1.036428356277330920e+01 3.716606420714384740e+00
1.149585951258551830e+01 -4.169718465880905001e+00
1.149415022432471289e+01 -3.462228538165739167e+00
1.146970153231473688e+01 -2.712054705272326061e+00
1.139842183338864601e+01 -1.285930633243413723e+00
1.134727124035744339e+01 1.023380213388840332e-01
1.112226327281525329e+01 8.459091469918647022e-01
1.112129439609471859e+01 1.570179092579348179e+00
1.110607572311105429e+01 2.291435107547375338e+00
1.114385293464710713e+01 3.018015559225752042e+00
1.115413454524848902e+01 3.714634356703491846e+00
1.221026443972549913e+01 -3.461153679689086715e+00
1.250160566721444155e+01 -2.700091359424828141e+00
1.223583324417516138e+01 -2.060063324354160841e+00
1.223407137069356310e+01 -1.326095438024736950e+00
1.217047553085465239e+01 -5.968175752153541680e-01
1.211862121296317696e+01 1.306256221021264707e-01
1.202797969828062463e+01 8.326899199757136216e-01
1.190670084130619699e+01 1.559263230409943191e+00
1.186496724512132772e+01 2.331841796008667700e+00
1.189110707471670736e+01 3.015007232254802716e+00
1.196444494596385510e+01 3.712303505132808823e+00
1.314885555494328173e+01 -4.216777748046492746e+00
1.312644669344656734e+01 -3.487450521768383993e+00
1.311057411372621573e+01 -2.738663641836282636e+00
1.297406448025530779e+01 -2.112919959043264129e+00
1.284127522884655548e+01 1.732149014551538357e-01
1.280647133958965611e+01 8.565891992516121434e-01
1.272898878706932635e+01 1.556346665301461485e+00
1.275177104492463798e+01 2.258819985588324641e+00
1.283307590410042565e+01 2.977085748455976955e+00
1.287199412000795462e+01 3.702170041165899761e+00
1.409101200605966397e+01 -4.243024853639269622e+00
1.400834497340866136e+01 -3.483220227174911088e+00
1.396175601597970228e+01 -2.733955227508438668e+00
1.382274213447855260e+01 -1.316879834028867435e+00
1.376943260332998165e+01 1.512725919268440578e-01
1.374011008425064517e+01 8.248083296352000104e-01
1.355847183728829464e+01 1.577502055472130849e+00
1.360349744938201155e+01 3.010615350648798483e+00
1.360244150246158767e+01 3.710213868609024246e+00
1.484636167933555839e+01 -4.240531313965814064e+00
1.484277207827327061e+01 -3.526277553502254136e+00
1.487200477931802567e+01 -2.808275008202578249e+00
1.485520713642664248e+01 -2.113770656320863139e+00
1.471530804521794522e+01 -1.345562999574024587e+00
1.481047408943622656e+01 -6.244218877490546049e-01
1.453400845375971784e+01 1.583049555707347622e-01
1.442802673514829337e+01 1.585942604505998332e+00
1.444072492440175637e+01 2.297724363045151819e+00
1.436043783950058383e+01 3.023053365418910232e+00
1.442727318425607308e+01 3.684144983205833057e+00
1.560554955740877148e+01 -4.301212458083195855e+00
1.560733458424052600e+01 -3.557904157506122544e+00
1.558922429088636363e+01 -2.865172157334786363e+00
1.556579300903062091e+01 -2.132475752764381838e+00
1.552163010578448166e+01 -1.378347794369993551e+00
1.548567671942399215e+01 -6.662121348085641159e-01
1.544989254862124284e+01 9.376958051004891104e-02
1.529959412862528723e+01 1.604444665243480728e+00
1.526300509826715768e+01 2.281287951595601271e+00
1.525597028909630382e+01 2.895931854476557987e+00
1.524122586254614475e+01 3.700226624742320780e+00
1.635219690344174381e+01 -4.255808151163041231e+00
1.633287670089017496e+01 -3.561503653001679481e+00
1.629987362518348704e+01 -2.852269985130092778e+00
1.627553600770264808e+01 -2.096952949518762210e+00
1.624871539745650040e+01 -1.395400115869353641e+00
1.621812799228472102e+01 -6.781131439491687729e-01
1.620192035132698294e+01 1.451101645095356218e-01
1.611336793203037843e+01 8.393068556299638772e-01
1.608156152651396553e+01 1.517851610837205101e+00
1.606001268225302425e+01 2.327598006519593810e+00
1.605083284586162051e+01 3.036505926056548788e+00
1.608401865181475898e+01 3.764985679817179687e+00
1.708249227971243300e+01 -4.220706825268504048e+00
1.706427626772802597e+01 -3.575379836251773469e+00
1.702932073282249092e+01 -2.791930320510342511e+00
1.698932805005286895e+01 -2.078430783569416462e+00
1.693780135036310952e+01 -1.377075107158422185e+00
1.695547086870140419e+01 -6.185811385031456666e-01
1.690419651257537481e+01 1.044110315435133884e-01
1.687063954280807110e+01 8.993468914933799851e-01
1.683800936045010133e+01 1.595979196705012981e+00
1.682254145124036171e+01 2.344304287619443983e+00
1.678065982547077084e+01 3.100167569365957831e+00
1.679614029644766759e+01 3.806333551442740770e+00
1.781249589996137672e+01 -4.260245335290637314e+00
1.778830236014598398e+01 -3.524800591984220688e+00
1.774352551046069948e+01 -2.787293098634410882e+00
1.771604359275412577e+01 -2.067682633985210572e+00
1.769040303243616563e+01 -1.329884123620619363e+00
1.768422982575593494e+01 -6.094798186950107777e-01
1.765587784511532732e+01 1.706611964776243440e-01
1.763382167737454154e+01 8.602110472221653481e-01
1.756574100906344427e+01 1.594692374441070370e+00
1.755510845326080016e+01 2.354234894401251665e+00
1.751906819724992914e+01 3.106605194660815528e+00
1.757208139107294187e+01 3.848040887352503603e+00
1.863285967220630113e+01 -4.160956332540887814e+00
1.850174023230455589e+01 -3.451013495239241280e+00
1.848647598392792446e+01 -2.735582303997116327e+00
1.845747429229541581e+01 -2.030174980103151228e+00
1.841968300810827230e+01 -1.299060887725932645e+00
1.838939527710966360e+01 -5.836479565375114476e-01
1.837918040031826905e+01 1.405112104170278542e-01
1.835132327220961912e+01 8.720106178286393117e-01
1.832947327003378746e+01 1.609961766672007855e+00
1.831988420854924726e+01 2.342844154581982252e+00
1.830889384878422987e+01 3.073487851590336106e+00
1.838481096282928462e+01 3.804001436561918581e+00
1.939213177020565837e+01 -4.223767323393197159e+00
1.936441908009779667e+01 -3.467019926821105713e+00
1.933027608175387257e+01 -2.710889725876345580e+00
1.926157394014788338e+01 -1.973021462017996441e+00
1.927479922239142951e+01 -1.243675629018085260e+00
1.914832864492119313e+01 1.488977145311380923e-01
1.939045963907960157e+01 8.637070744126162936e-01
1.922363297927889647e+01 1.620253879999324909e+00
1.912782114204753725e+01 2.369663769897567107e+00
1.924031882147969696e+01 3.095618429820028439e+00
1.926741424280152160e+01 3.698470999832217387e+00
2.012249879739598413e+01 -4.215521841836437744e+00
2.008423526629551503e+01 -3.455531603168825683e+00
2.006350927679591933e+01 -2.738156196227578221e+00
2.010378703749027807e+01 -2.032205155677541342e+00
2.012058878027016817e+01 -1.294895742153777007e+00
2.010716310564576759e+01 -5.633781436049112301e-01
2.010251368894078894e+01 1.692475724633411005e-01
2.014577019630704058e+01 9.078748360282418162e-01
2.005871591554466704e+01 1.627210211282893226e+00
2.005745133636026623e+01 2.351871376259357049e+00
2.007526795331099834e+01 3.012572143336562647e+00
2.010960455647121847e+01 3.731466244359381790e+00
2.131283101757136933e+01 -4.135397040679535507e+00
2.124945827780762642e+01 -3.463851642273692022e+00
2.128836167720399430e+01 -2.691904156300967799e+00
2.133575033954782185e+01 -1.965762729238193174e+00
2.119640248526045667e+01 -3.812374427541769251e-01
2.106276419688534673e+01 1.821209244741623934e-01
2.101692504993739163e+01 8.739716144781262130e-01
2.094817543743700128e+01 1.634997871215105647e+00
2.093452942082140567e+01 2.350832714935595646e+00
2.093901093191225726e+01 2.991673886487447476e+00
2.090108844245546749e+01 3.737383225718438950e+00
2.202787697789571553e+01 -4.206567223737948780e+00
2.203669347861181649e+01 -3.473695330432370554e+00
2.201929417833613911e+01 -2.751153874234336882e+00
2.203802763886560712e+01 -2.010617700763582150e+00
2.201865613190984305e+01 -1.285811329207440679e+00
2.200171675141415051e+01 -5.646283234033440124e-01
2.197713307590886700e+01 1.740287649659002511e-01
2.184525283085366709e+01 9.567439379260846977e-01
2.190551410883472272e+01 2.397741089686459048e+00
2.181916629380533834e+01 3.051880960684549393e+00
2.179145590949243427e+01 3.689715164427248340e+00
2.276950692858910941e+01 -4.197553794533295246e+00
2.273916108721167006e+01 -3.471358781394794590e+00
2.278393994152614965e+01 -2.750797431450202168e+00
2.277767830362226675e+01 -2.005529910123637904e+00
2.277073346787998531e+01 -1.304340109265972103e+00
2.276020340113132789e+01 -5.777229199852520480e-01
2.272244105065708197e+01 1.415010283154884974e-01
2.271871929407657120e+01 8.980882257746891639e-01
2.271272795231717367e+01 1.611076107313234473e+00
2.270064824334138365e+01 2.317542524169365237e+00
2.263644732376067026e+01 3.067246914832388427e+00
2.266554092433265311e+01 3.712707436225585411e+00
2.351515420673781165e+01 -4.203211580956075721e+00
2.350731957635129987e+01 -3.489783867983888399e+00
2.350256703750703480e+01 -2.751980648215450742e+00
2.350841605344698593e+01 -2.044272706456332855e+00
2.351124546835457352e+01 -1.286873554401619657e+00
2.350327260158771026e+01 -5.629423401963613571e-01
2.356459502820682417e+01 1.248254022406989350e-01
2.351927475255521927e+01 8.888831747355574464e-01
2.344776032913073749e+01 1.597679425522606778e+00
2.349070406721419602e+01 2.345486378070003042e+00
2.346543364921286212e+01 3.060125839740045706e+00
2.349596008207205244e+01 3.695512257271332146e+00
2.448659605717979559e+01 -4.052688465931151285e+00
2.427071979202914065e+01 -2.786422287195605918e+00
2.420260575131182890e+01 -2.107626584896806321e+00
2.428142779978659860e+01 -1.322030044931590709e+00
2.425820922006213465e+01 -6.088241918590213686e-01
2.426071818133377178e+01 1.194183357985458827e-01
2.427899966238635443e+01 8.517006136719444953e-01
2.428036703103717286e+01 1.599737262690030803e+00
2.426760832418158031e+01 2.301127585875580195e+00
2.426915420541900659e+01 3.033832670536156684e+00
2.431012050385393763e+01 3.726181412107777646e+00
2.502540436658594558e+01 -4.203776868054948324e+00
2.495394572498917540e+01 -3.496024082139083333e+00
2.503914451464653013e+01 -2.784994175135484085e+00
2.498598211619403031e+01 -2.052786562039099039e+00
2.499648845409694786e+01 -1.354682988919098108e+00
2.498054124613960170e+01 -6.346497532452843870e-01
2.501094019037506655e+01 9.654266339986250500e-02
2.501398266926210567e+01 8.179895525096156916e-01
2.505085006268586056e+01 1.562436653696508415e+00
2.507031667655866158e+01 2.246969459821098525e+00
2.506220547098426010e+01 3.000714004722766504e+00
2.509262553605083212e+01 3.706550957115872791e+00
2.575937360956763200e+01 -4.198390952752447447e+00
2.577184403546981173e+01 -3.522286468068834608e+00
2.573944362486916049e+01 -2.802081315556321783e+00
2.573702641571208716e+01 -2.075358138042481926e+00
2.574356665435634284e+01 -1.357517185446482699e+00
2.573752783764623331e+01 -5.937195096981717768e-01
2.577073029273912397e+01 7.731135874358585625e-02
2.576432146834571313e+01 8.081098421532821874e-01
2.580748209438378638e+01 1.550359388480206491e+00
2.586358546081790166e+01 2.310390743141883974e+00
2.583181736450007548e+01 3.001017526534631941e+00
2.586512118912600755e+01 3.694075694559408873e+00
2.655559965506715514e+01 -4.257806608261546444e+00
2.652911691268704431e+01 -3.544373424351928037e+00
2.653475706211631291e+01 -2.814500490156532919e+00
2.651525141306514399e+01 -2.088974299694800862e+00
2.651606246875808637e+01 -1.373254470780427283e+00
2.650055082809983986e+01 -6.898379443182989235e-01
2.651223321823609780e+01 6.451361295422231024e-02
2.652713142477761465e+01 7.236748778077419786e-01
2.654218479527146002e+01 1.519972925191620305e+00
2.658667632684007742e+01 2.212756282045415190e+00
2.663132551619293764e+01 2.950243209951104006e+00
2.664123085080149878e+01 3.651587392212135796e+00
2.734970725480675213e+01 -4.266069260817921815e+00
2.727317516341564385e+01 -3.533920430310047323e+00
2.728193871562758943e+01 -2.818531903213425949e+00
2.730592706851713558e+01 -2.127212503416672007e+00
2.727949940842787413e+01 -1.393178787445194189e+00
2.729752033706810010e+01 -6.955855185182890921e-01
2.732164693825694712e+01 3.199945672136550456e-03
2.734752479176710693e+01 6.990658306115236087e-01
2.734613020243200765e+01 1.455854158192018133e+00
2.731978989157607174e+01 2.204816507272667536e+00
2.738209698033283956e+01 2.924835735533612535e+00
2.742791646735882694e+01 3.637938057902459832e+00
2.836969046622515833e+01 -4.110526856925662997e+00
2.810402140303911978e+01 -3.548441010082655112e+00
2.830845056785189939e+01 -2.763442057339275948e+00
2.805552674059388352e+01 -2.157746497857736756e+00
2.805458545439940821e+01 -1.469140072924961515e+00
2.802993798749700005e+01 -7.290999956855834796e-01
2.803769229806881214e+01 -1.700128651586396700e-02
2.808301444268453650e+01 6.962158994886458174e-01
2.812121623870606157e+01 1.402055902072397942e+00
2.816476964623156931e+01 2.121736302429766852e+00
2.819197027462418959e+01 2.842215501996562921e+00
2.818632152028251170e+01 3.581937989868713146e+00
2.897737768904112698e+01 -4.262408206009297373e+00
2.893046842052546452e+01 -3.574481792398209734e+00
2.890176930386557075e+01 -2.877364510596660097e+00
2.890582515124223306e+01 -2.164924879941263924e+00
2.887267578447531235e+01 -1.480047189098019800e+00
2.886730843846050476e+01 -7.555556133917242789e-01
2.889388500838203555e+01 -2.370284877979145222e-02
2.884672665059712671e+01 6.793171040027843333e-01
2.887407417679759902e+01 1.372583470930159422e+00
2.891246882120392314e+01 2.088609263242645397e+00
2.893104931037611749e+01 2.804441436086094086e+00
2.895299216554271737e+01 3.553877292924319420e+00
2.976846900910607729e+01 -4.265394858211163154e+00
2.965408768054776800e+01 -2.178402558201007366e+00
2.963940695270414238e+01 -1.514247554625551828e+00
2.987316567852145255e+01 -7.405131782731331214e-01
2.969317440845733103e+01 -7.809613453660446680e-02
2.963950204002961897e+01 6.351503030972978081e-01
2.967499248341548679e+01 1.367472796029073123e+00
2.969406739890751368e+01 2.079386904838614214e+00
2.969820141591329588e+01 2.789715125812485041e+00
2.969771016689221454e+01 3.522949694821697619e+00
3.054029884602598344e+01 -4.277381994448155922e+00
3.048785977187070984e+01 -3.554112637282266007e+00
3.049693749494681327e+01 -2.887175532563524882e+00
3.047114720646921882e+01 -2.183372532735472049e+00
3.044913536407680255e+01 -1.502006864775278672e+00
3.044900557294459276e+01 -7.975890790643980210e-01
3.045623605856781779e+01 -9.536053786561993206e-02
3.047349825582258376e+01 6.239495735129416687e-01
3.048247389040199806e+01 1.359505043972848881e+00
3.049022115756034879e+01 2.093254777111972942e+00
3.046228435673021551e+01 2.830935480939409388e+00
3.047132318362449865e+01 3.569249564449528123e+00
3.137993913434106474e+01 -4.242899841040827624e+00
3.130484897073788630e+01 -3.620247636701581229e+00
3.119225665091560273e+01 -2.890134203099965049e+00
3.120980532998014922e+01 -2.227188889822997453e+00
3.120311753757756179e+01 -1.513264585597212886e+00
3.121078375091860124e+01 -1.068149186181557297e-01
3.121851854196145126e+01 6.149673490350018312e-01
3.119298479473560093e+01 1.357595129780122534e+00
3.122082940015832975e+01 2.108477640362039551e+00
3.128028936514809999e+01 2.853442177213906916e+00
3.136832029708623537e+01 3.558025586651254457e+00
3.208368631585721431e+01 -4.268251630675830910e+00
3.207319124764723739e+01 -3.619772718550684942e+00
3.203723216121591832e+01 -2.900490402964283732e+00
3.199206909279532596e+01 -2.187958102501472268e+00
3.199239348029600905e+01 -1.513978328689411512e+00
3.195531329081325822e+01 -8.841878020235327540e-02
3.195592448078517833e+01 6.300961607052961710e-01
3.204778639194905310e+01 1.348143831730109099e+00
3.204609079918187575e+01 2.101006653000283109e+00
3.209422220641956613e+01 2.809561634828561694e+00
3.207490766338019483e+01 3.560068899697405698e+00
3.289817824200402896e+01 -4.286394084103324786e+00
3.282258306207139498e+01 -3.578355354570348368e+00
3.285200042931938214e+01 -2.889289953911092113e+00
3.280482694357345252e+01 -2.179173266516567509e+00
3.274637192449740297e+01 -1.468094721400053260e+00
3.279645814422124062e+01 -7.913389205621719213e-01
3.275510258938724206e+01 -8.764060781294347180e-02
3.275835661566011225e+01 6.387083436076999021e-01
3.277101478971800219e+01 1.367561284268692390e+00
3.276345914736878484e+01 2.125982873932045436e+00
3.282181163743208430e+01 2.849681506616455806e+00
3.282602898005705327e+01 3.577001060415000211e+00
3.367261789754765999e+01 -4.233486030283284407e+00
3.363508960641014056e+01 -3.534743169529789952e+00
3.356122027320812862e+01 -2.858840969006251953e+00
3.354521240094199896e+01 -2.193280954789454285e+00
3.353006168589205771e+01 -1.500003762509322769e+00
3.351687159248603365e+01 -7.772979220335045625e-01
3.349681971567884631e+01 -5.882458329545414699e-02
3.351652863716817166e+01 6.783397566737860984e-01
3.352008153781844868e+01 1.425203293106804381e+00
3.356135181503238840e+01 2.141497336935817231e+00
3.360765427460999177e+01 2.869904224799590509e+00
3.360720871121339570e+01 3.597424748686179896e+00
3.442036141674288530e+01 -4.240140321439550775e+00
3.438009533052503031e+01 -3.568858086608543090e+00
3.435219134702258970e+01 -2.857340943625342078e+00
3.430294368309777298e+01 -2.171970691809185894e+00
3.427954257943139993e+01 -1.496808254025136620e+00
3.427747077580844604e+01 -7.658177593462198729e-01
3.428863136223363739e+01 -1.996399772505341730e-02
3.424592481960507229e+01 6.305059869416247409e-01
3.425850772500921693e+01 1.431345910644505892e+00
3.434835685088457780e+01 2.152491711762650084e+00
3.436522065606393284e+01 2.897481377558086990e+00
3.434381400427420061e+01 3.636600175430430681e+00
3.517843150549305875e+01 -4.229105407409321060e+00
3.515874460150448755e+01 -3.542293886883943088e+00
3.512757057680436645e+01 -2.840345724354278900e+00
3.506820122478215040e+01 -2.156159128419560034e+00
3.504702643838347598e+01 -1.434634852516740722e+00
3.502563760955755612e+01 -7.211225551540927370e-01
3.506091845685552499e+01 4.266480566075969705e-02
3.507019583866638612e+01 7.404291013693722334e-01
3.513770248351573144e+01 2.135854627011777751e+00
3.513501959376524297e+01 2.922433077144489744e+00
3.519585747875913029e+01 3.704920083182329904e+00
3.596215464427175590e+01 -4.234020396367771610e+00
3.594311321414611626e+01 -3.493270400310315438e+00
3.589550431425627863e+01 -2.861355815744435205e+00
3.582939070372221835e+01 -2.114651344037028480e+00
3.580651504367231297e+01 -1.397485728439431085e+00
3.578759330062423061e+01 -6.674488574503314453e-01
3.583265863800752271e+01 5.871949815590582489e-02
3.582664238575669202e+01 7.328772547989537145e-01
3.585725810498683330e+01 1.498667048338550245e+00
3.585979174523907176e+01 2.201945038957099143e+00
3.599143403730069934e+01 2.966925525028607069e+00
3.607477560732166211e+01 3.683707903265428740e+00
3.675455896258693400e+01 -4.188907331464513106e+00
3.667734707954327433e+01 -3.465059061488631187e+00
3.665428146909251694e+01 -2.768076653616461158e+00
3.657656715154674743e+01 -1.342680308366414721e+00
3.656807454627323040e+01 -6.275422858885342237e-01
3.657921436836135598e+01 1.922345890150083392e-01
3.658288614539389272e+01 8.177291371949593213e-01
3.675701459143102312e+01 1.506315855066176823e+00
3.676778127268307372e+01 2.257238438371025779e+00
3.676352031817305743e+01 2.990706659573874049e+00
3.681706643128328693e+01 3.704669817408415611e+00
3.757347271495275010e+01 -4.119853574616229253e+00
3.748840197802025642e+01 -3.418999760717113645e+00
3.746149027837926582e+01 -2.700829502527948733e+00
3.743254671548547918e+01 -1.993961433242468217e+00
3.740890265925759905e+01 -1.278836532146954141e+00
3.737877185871126784e+01 -5.489393090537042497e-01
3.751275664837796597e+01 2.219400119628964774e-01
3.753204104831450394e+01 8.569481408157315627e-01
3.763815879629861882e+01 1.486329305006464097e+00
3.773151586890335096e+01 2.358611401078949399e+00
3.847268428017297737e+01 -4.048296103187453809e+00
3.842131098005175005e+01 -3.313523638073089472e+00
3.837809637584926037e+01 -2.629635703908959954e+00
3.844670857248816986e+01 -1.902101811654208774e+00
3.861074424180620923e+01 -1.117357651948676533e+00
3.836100158458153686e+01 -3.909679319038872336e-01
3.838085235180229660e+01 2.731437513413517593e+00
3.856258493612134686e+01 3.212676193219060394e+00
3.942722246679945641e+01 -3.233153198049308230e+00
3.943430329789546107e+01 -2.959549279357428730e+00
3.938650181219748703e+01 -1.747660696653785095e+00
4.000075277139028884e+01 1.143004469071954077e+00
4.000696902934576116e+01 1.908675004185024449e+00
4.000970985907176924e+01 2.632094546102713650e+00
4.001377862578592470e+01 3.328107750453625613e+00
3.999717139714127967e+01 4.010325328040082127e+00
4.073895331479187831e+01 -3.973026959206990227e+00
4.073036554797344166e+01 -3.218986741700888388e+00
4.071483956269999993e+01 -2.456824716097614214e+00
4.071444953970115677e+01 -1.772616442437062290e+00
4.072656313983272724e+01 -1.059669096333358596e+00
4.073145345576096332e+01 -3.501409299465585434e-01
4.074599968520885085e+01 1.132396974431120640e+00
4.072502162278953364e+01 1.854173276824557348e+00
4.071307467343947195e+01 2.523198485111720402e+00
4.069704253639707048e+01 3.319409883658771321e+00
4.071559310945055898e+01 3.973026959206990227e+00
