-2.870491323716088061e+00 -4.114644251139374376e+00
-2.858926746621598625e+00 -2.642299124916267061e+00
-2.870344327837351273e+00 -1.928948387925956354e+00
-2.867697726630076716e+00 -1.193062986149470817e+00
-2.888463753852285265e+00 -4.671175119973156598e-01
-2.869687126001544186e+00 3.446802008196563349e-01
-2.867781060178280939e+00 1.013037720542364184e+00
-2.868313001925827166e+00 1.736919258343178285e+00
-2.863601560964454507e+00 2.438661221959595338e+00
-2.873192404476995421e+00 3.163424200204659087e+00
-2.865159513144121206e+00 3.916963395708023654e+00
-2.022549749827852850e+00 -4.082249589533411438e+00
-2.052440116240532575e+00 -3.369946993706069094e+00
-2.056686565591427041e+00 -2.628866948018618643e+00
-2.095443012051013909e+00 -1.900504493883367729e+00
-2.072910164177109493e+00 -1.177778770511689999e+00
-2.062653512771504438e+00 -4.682320914793933753e-01
-2.088839412759384118e+00 1.009537526393820883e+00
-2.116404204903957975e+00 1.738319288425074660e+00
-2.116488269950622225e+00 2.445563269897132130e+00
-2.136098000319535117e+00 3.231291732916005799e+00
-1.323968764235303297e+00 -3.353125081541957542e+00
-1.391806340980295431e+00 -2.625221458346146619e+00
-1.329422622223489725e+00 -1.905599958951452066e+00
-1.343651340800789740e+00 -1.165724783933949738e+00
-1.343337423106461870e+00 -4.474672583724377262e-01
-1.331631703796936961e+00 1.030669596806259136e+00
-1.347246656265099318e+00 1.741963680851345231e+00
-1.370618948653195446e+00 2.493739618819489579e+00
-1.369166535506934679e+00 3.237594267278346649e+00
-1.369471684868564409e+00 3.962503785297741388e+00
-5.984336132926060259e-01 -4.065580110678645553e+00
-5.947884591334684501e-01 -3.349169745426582523e+00
-5.873270965874155536e-01 -2.616584700538982844e+00
-6.009977018151104744e-01 -1.885280366347359404e+00
-6.322019131651686052e-01 -1.182532915100722448e+00
-5.943122536822329494e-01 -4.495842495237241110e-01
-6.039609569278141521e-01 9.928426365042390955e-01
-6.254227140765564741e-01 1.772176600014077508e+00
-6.207544827129964915e-01 2.510831783577820886e+00
-6.011117062207702588e-01 3.231599507288663631e+00
-6.065432691777203900e-01 3.954257722634054062e+00
1.390433659673249167e-01 -4.040537221434750137e+00
1.037735625003364248e-01 -3.328500375492971841e+00
1.310306026725243100e-01 -2.624516227196767915e+00
1.463800901344356475e-01 -1.888738582719465597e+00
1.502902273047226345e-01 -1.162915953215520659e+00
1.445863440346499829e-01 -4.169849729818686512e-01
1.452823625528765206e-01 3.099629930556808688e-01
1.234252795532810865e-01 1.740543754464074055e+00
1.381565672467672812e-01 2.528582912733881471e+00
7.055183166560397012e-02 3.250501217337792070e+00
1.346767115486713351e-01 3.980723683619316944e+00
8.852614408817132130e-01 -4.030909077384567496e+00
8.627887337423771896e-01 -3.364881829649991829e+00
8.311294889320990364e-01 -2.626729504214559086e+00
8.635372960650684604e-01 -1.896447583147271132e+00
8.759150743525907501e-01 -1.172967009331266297e+00
8.606971608265112650e-01 -4.243765913721304628e-01
8.185775625034139580e-01 2.724522120664225611e-01
8.540047322361274951e-01 1.014235176399051142e+00
8.642975053151218390e-01 1.756210215406120767e+00
8.899188925989562904e-01 2.530276004234480069e+00
8.317790051670712614e-01 3.183006836824162633e+00
8.699911373759121602e-01 3.954659222309594213e+00
1.622469393159619244e+00 -4.038022426484069172e+00
1.666598849366494051e+00 -3.262711620969895421e+00
1.590448002648173542e+00 -2.586755453247260306e+00
1.597500615761475729e+00 -1.901285838876660250e+00
1.598469648922957731e+00 -1.165030334588191607e+00
1.601823520923886690e+00 -4.775622920598472376e-01
1.590487445209959105e+00 2.598538253945044119e-01
1.628308831449601257e+00 1.010437399529294566e+00
1.633540145154832146e+00 1.741680019851624905e+00
1.617080665986151189e+00 2.538830972951522824e+00
1.616401634456615000e+00 3.210444783515342237e+00
1.612099861785857513e+00 3.919010693423885527e+00
2.318170488053297618e+00 -4.020070920366993761e+00
2.330268543038336304e+00 -3.301595652781866619e+00
2.333428971226219062e+00 -2.581752399190364144e+00
2.399687261334236155e+00 -1.863133227625507260e+00
2.305539408613327623e+00 -1.184177132318925629e+00
2.337211914046790184e+00 -4.427693878453915488e-01
2.269937454265395615e+00 3.274642125371869383e-01
2.362860515213583312e+00 9.880813454912669158e-01
2.371940942540739172e+00 1.733430639614681468e+00
2.389344129078686763e+00 2.475379696945672947e+00
2.417628507449563813e+00 3.199668623756323882e+00
3.070375587336876322e+00 -4.024617779746165525e+00
3.074858939436765581e+00 -3.303861308088659854e+00
3.077272248628787565e+00 -2.578039845210991388e+00
3.056572712003998049e+00 -1.161607967680684084e+00
3.066517847810892761e+00 -4.533047021639298180e-01
3.085717581932613029e+00 2.960695294774531305e-01
3.109497146601782447e+00 1.002309527594334781e+00
3.156443977958645064e+00 1.746716622059942381e+00
3.141112873433662855e+00 2.449308211898458154e+00
3.164218484399917486e+00 3.168005848886515707e+00
3.203629580392629350e+00 3.860774785211965821e+00
3.798023436862486335e+00 -4.029343646860457540e+00
3.816854866279506098e+00 -3.301042422316179170e+00
3.812141203111202969e+00 -2.576928739811496172e+00
3.828332173620907497e+00 -1.847376455518748628e+00
3.808333583720283855e+00 -1.160971124920109787e+00
3.807539680633112766e+00 -4.138883290825674521e-01
3.836000375089810177e+00 2.890997866011169037e-01
3.844042612706012108e+00 1.042360721651732547e+00
3.887443207354166930e+00 1.730977404677478404e+00
3.919639820524231766e+00 2.476850249154633588e+00
3.899161659019419801e+00 3.170072662248792028e+00
3.885752678779844871e+00 3.917344862587206933e+00
4.559649293502147316e+00 -4.033769236875308195e+00
4.542715565522691179e+00 -3.318808664897911598e+00
4.552185941584525608e+00 -2.578016215384522525e+00
4.551337387207532004e+00 -1.827716749944762853e+00
4.542634302847361027e+00 -1.119666732703564094e+00
4.603155647669076700e+00 -4.215106073354952798e-01
4.581906347557691106e+00 3.021132959347561098e-01
4.599711391247240044e+00 9.955054370246507744e-01
4.604649785454675737e+00 1.741553792483415464e+00
4.640875364210742759e+00 2.491762233227980516e+00
4.660677766163139779e+00 3.193486247326561056e+00
4.671655091262870485e+00 3.900058048909471609e+00
5.312932166182065430e+00 -4.031190646310811587e+00
5.298272357363480012e+00 -3.345103786493545783e+00
5.299937770559019157e+00 -2.580859697151769439e+00
5.303469185374339645e+00 -1.862676598421511898e+00
5.384742608977482803e+00 -4.233700968790046204e-01
5.361504942161289478e+00 3.061877848784284595e-01
5.322573881943000629e+00 1.002706506218256521e+00
5.369203405829502174e+00 1.747313189474027695e+00
5.398670555759515821e+00 3.168236626539339795e+00
5.431687528408275512e+00 3.890164316922380294e+00
6.033758799817150020e+00 -4.034612742675577124e+00
5.994045156214561132e+00 -3.327315831513569577e+00
6.046263204258480073e+00 -1.867330869482945133e+00
6.101266449457291685e+00 -1.162101682958109450e+00
6.148018911017885557e+00 -4.181053851853953063e-01
6.172483565869242739e+00 3.072697503638934791e-01
6.126973940317192557e+00 1.019513153732891197e+00
6.125915161029205080e+00 1.709491819375649868e+00
6.144721260342734581e+00 2.456615926804094130e+00
6.155429880731063008e+00 3.190909154228343425e+00
6.148279549788355780e+00 3.931877007090335496e+00
6.853869838319113228e+00 -4.044144567398458179e+00
6.836806028650997291e+00 -3.325769007653271103e+00
6.850374113946628540e+00 -2.531355148363605423e+00
6.804738694823697642e+00 -1.907042437935569268e+00
6.856102596404099359e+00 -1.199399823255337338e+00
6.901208917508888874e+00 2.457977463171410193e-01
6.907468602576443573e+00 9.976857021212950372e-01
6.894844563756414857e+00 1.703455771482460079e+00
6.876493949529447036e+00 2.451630660671014539e+00
6.874603564069722950e+00 3.164150631372599776e+00
6.872089840443265985e+00 3.910466484928775799e+00
7.622506597509726589e+00 -2.633077636717899850e+00
7.647061781925877710e+00 -1.198173172230319494e+00
7.641139923137018286e+00 -4.821990648193974494e-01
7.620538966211178433e+00 2.544693866670684201e-01
7.607148354281072500e+00 9.902343628939185294e-01
7.631013401042736177e+00 1.698994304157103841e+00
7.621557420133925120e+00 2.436717785177762607e+00
7.630501958117910988e+00 3.169812287916350613e+00
7.660203351192684806e+00 3.873131541615379092e+00
8.401916622053413164e+00 -1.934650326709419943e+00
8.384101139104252809e+00 -1.223030179645846260e+00
8.397025682186566087e+00 -5.161697348942055896e-01
8.364829617637184356e+00 2.162641514256975483e-01
8.345506114386886054e+00 1.002353179202781774e+00
8.370104762917428332e+00 1.704911598086461311e+00
8.396790863366348390e+00 2.393367697749557266e+00
8.386380507334614265e+00 3.123639212822709510e+00
8.443838058260730861e+00 3.818550558776429682e+00
9.290946315591675386e+00 -4.080083874228474627e+00
9.289313627282822949e+00 -3.354721756631835916e+00
9.280638479533870111e+00 -2.627418405621945396e+00
9.228965173443789638e+00 -1.946795332386358268e+00
9.207169232712111295e+00 -1.204883187924743027e+00
9.194953281277371104e+00 -4.995431478754639443e-01
9.124838734605951629e+00 9.739329246954042674e-01
9.117291612542388179e+00 1.647883149059136798e+00
9.144329555964759493e+00 2.399882907317621772e+00
9.165622783701437015e+00 3.142894542762213916e+00
9.213959126969513136e+00 3.815556287672563940e+00
1.006001174825283329e+01 -3.387496194751658862e+00
1.005485831793703966e+01 -2.641719953470108351e+00
1.005808665290690129e+01 -1.949516805784714535e+00
9.991089283343804084e+00 -1.225702090328130822e+00
9.918196632835766025e+00 2.028486151978725616e-01
9.882670062389252053e+00 9.412624427108617908e-01
9.882452675058203795e+00 1.653202681138708385e+00
9.895976569875550410e+00 2.370418540875242286e+00
9.945463260046793152e+00 3.064997053203363464e+00
9.976234170592277906e+00 3.838000108255315013e+00
1.083525967199093998e+01 -3.375408705090730876e+00
1.081777735530452844e+01 -2.651091280976693554e+00
1.085018986687995124e+01 -1.982995048722298037e+00
1.077891453202596495e+01 -1.206339160417329026e+00
1.077363188410040351e+01 -4.947152074534209021e-01
1.070573803221478926e+01 2.081227542396355545e-01
1.065006036274735379e+01 9.287853634956633186e-01
1.062799467341714887e+01 1.664652723225550801e+00
1.065654517417289782e+01 2.383203678251732072e+00
1.070846225802213070e+01 3.086862812854811011e+00
1.071902623936382781e+01 3.797381233914528309e+00
1.173946523709414436e+01 -4.143021080164292158e+00
1.167592776194072002e+01 -3.403270862101010152e+00
1.164991211601713417e+01 -2.707779020385128632e+00
1.157833614814304468e+01 -1.972375227991530977e+00
1.156638162390338920e+01 -1.213757292191608883e+00
1.152955626323801397e+01 -4.821721862782339940e-01
1.155098235394060424e+01 2.349132091656009891e-01
1.149519771038533378e+01 9.074057692238248762e-01
1.159415704435935623e+01 1.637313317936342827e+00
1.152250675493717580e+01 2.413037229373028225e+00
1.149988962668815162e+01 3.103087060092285299e+00
1.155256320228591704e+01 3.811689760937746030e+00
1.257380419895494583e+01 -4.094745327337154350e+00
1.258090655924156920e+01 -3.386717732916061152e+00
1.254668603007287686e+01 -2.628537396318897379e+00
1.249529168242278132e+01 -1.192560735905324520e+00
1.240579947808583228e+01 2.182280311999988953e-01
1.229674558688033414e+01 9.429595173503351191e-01
1.229218896791251581e+01 1.669444466223261259e+00
1.228024594897858890e+01 2.395597616566007559e+00
1.231531647983356237e+01 3.126104793205790600e+00
1.232031692902368292e+01 3.825555271819702341e+00
1.327941297761982753e+01 -3.388806341875586270e+00
1.336583363018802117e+01 -2.647349924181025216e+00
1.330284788046058253e+01 -1.952132547843291377e+00
1.331161084468023859e+01 -1.232814018618981322e+00
1.326390981631569588e+01 -5.001269151005907077e-01
1.322268889082135246e+01 2.299633710698572031e-01
1.316519338183179855e+01 9.573753899769279485e-01
1.307454837615343735e+01 1.673823651966820591e+00
1.303819483604274154e+01 2.444893621327210553e+00
1.305298745053232068e+01 3.132358491249753740e+00
1.311604818448660836e+01 3.830397168248204309e+00
1.417337546748763089e+01 -4.125868234209608687e+00
1.415145448679902529e+01 -3.390951233691207989e+00
1.413749364128634056e+01 -2.654200656156845639e+00
1.411154698424215326e+01 -1.949747270273935129e+00
1.394351173595395466e+01 2.726294102036810330e-01
1.390198112303668410e+01 9.719339544672962461e-01
1.388706659907121121e+01 1.689570187138439650e+00
1.390145332618526197e+01 2.391818772975053520e+00
1.396222731694448527e+01 3.109248500615251487e+00
1.398696903533198821e+01 3.833001095654822166e+00
1.504327246453258482e+01 -4.115143544486389970e+00
1.503984288702888250e+01 -3.425206991750616936e+00
1.495937378655269612e+01 -2.636530510756006862e+00
1.485333884613783795e+01 -1.206073694041229771e+00
1.480244871007365504e+01 2.775919421825463473e-01
1.480248251440547591e+01 9.293792938696903150e-01
1.466887472597711195e+01 1.700016186851730282e+00
1.473061417267310702e+01 3.142617692410482277e+00
1.471626126768006770e+01 3.849318678690956119e+00
1.582782045801778992e+01 -4.142227562274442221e+00
1.581756333016240035e+01 -3.414719825851069146e+00
1.583976001122496768e+01 -2.692193908478074604e+00
1.582043534960814668e+01 -1.980686952269721246e+00
1.570344916480485153e+01 -1.248146601192203775e+00
1.577979137036670210e+01 -5.035190491483696462e-01
1.556198955303707976e+01 2.724207012510682091e-01
1.549357916348139241e+01 1.716653276922006199e+00
1.550786297800770797e+01 2.428085819635615650e+00
1.546073261803549315e+01 3.151968802607001408e+00
1.552312348028412003e+01 3.825868918052833578e+00
1.656048343647474752e+01 -4.165912565355494479e+00
1.657273648265300636e+01 -3.426627527647319482e+00
1.655073459368826150e+01 -2.733165629306391509e+00
1.654360061807732052e+01 -1.980877405423285609e+00
1.649484885506773679e+01 -1.260183900257604961e+00
1.646950234009050007e+01 -5.382108702586663185e-01
1.644480567704179208e+01 2.115746850163269244e-01
1.633853012270363081e+01 1.743096587200025027e+00
1.630686253395190732e+01 2.421841428865366908e+00
1.626924346349835560e+01 3.083501448323637817e+00
1.629399061944258165e+01 3.859008335031951731e+00
1.732021471164886606e+01 -4.139476767417960446e+00
1.728926389442473521e+01 -3.425523287959585161e+00
1.726264601701213763e+01 -2.718855314594787131e+00
1.724555198032565073e+01 -1.949491654103304938e+00
1.723112034128516967e+01 -1.246821631282134746e+00
1.719480990394293229e+01 -5.274736837496405428e-01
1.719405718279232076e+01 2.823744836690202931e-01
1.711747396977759905e+01 9.635505124779690789e-01
1.710274379172607695e+01 1.631434952200528699e+00
1.708832805067672922e+01 2.462151081012219578e+00
1.708389496768667470e+01 3.162598396630556863e+00
1.712195996273864296e+01 3.902723835874681413e+00
1.803539755272359457e+01 -4.105488917375812008e+00
1.802122277386771998e+01 -3.421832055542445516e+00
1.798673809600288820e+01 -2.660612371082393679e+00
1.795993909539271272e+01 -1.953964804712814640e+00
1.791682134962828599e+01 -1.236716115152233897e+00
1.793341598405470450e+01 -4.859921793075301366e-01
1.788867427693426038e+01 2.350948019318188642e-01
1.787948491927762973e+01 1.014864744098929350e+00
1.785424241979594484e+01 1.715569131225588961e+00
1.784975199843165683e+01 2.464773614276438707e+00
1.780880092677223558e+01 3.207970701213696429e+00
1.782309041475561884e+01 3.920988333441925988e+00
1.875457091365582585e+01 -4.136944807942288804e+00
1.874089955212055969e+01 -3.397332959570277922e+00
1.870255258754075101e+01 -2.656982015384016904e+00
1.869300140768774554e+01 -1.947555622737194625e+00
1.867123709957127886e+01 -1.197587384884261752e+00
1.866306190800964515e+01 -4.722346302541922114e-01
1.862405791041399539e+01 2.746486981149587336e-01
1.863518687289792553e+01 9.874994101018295112e-01
1.857372808017473176e+01 1.733092331374198380e+00
1.857535254428777449e+01 2.459484623616852161e+00
1.854665295886137244e+01 3.218003580537995845e+00
1.859342033053902554e+01 3.967168393572215734e+00
1.959127102877556581e+01 -4.039776833957631652e+00
1.947201278402391722e+01 -3.346743296221372788e+00
1.945324878675794622e+01 -2.620207502657496690e+00
1.942672664077611699e+01 -1.918155097358294370e+00
1.939053517447553077e+01 -1.183149655027087022e+00
1.936885981296953929e+01 -4.638558817516269528e-01
1.937350946617085867e+01 2.741752517476179207e-01
1.934959734315231827e+01 9.966885875720983279e-01
1.933381542089312433e+01 1.738218722194211807e+00
1.934208453605620548e+01 2.456354511821256636e+00
1.932259083065304139e+01 3.195757585983237448e+00
1.938929509462504797e+01 3.933586634410289662e+00
2.033462353543391288e+01 -4.104562338237368380e+00
2.032340857235376319e+01 -3.350354378124659860e+00
2.027951284532986165e+01 -2.599647382815703622e+00
2.022657116913481445e+01 -1.850100172727820791e+00
2.021121204262526305e+01 -1.128651274212607802e+00
2.014167286608830665e+01 2.809591579505088532e-01
2.033394687361172259e+01 9.898338614625039611e-01
2.020434123698658624e+01 1.743127484386409520e+00
2.013958564916137561e+01 2.499834176513047623e+00
2.018300580695294144e+01 3.230178571665518916e+00
2.021371216701132312e+01 3.855844647069048392e+00
2.106617359278025958e+01 -4.099728821663063627e+00
2.103942746852014523e+01 -3.340976536786584461e+00
2.101503347762530183e+01 -2.605446044076611400e+00
2.105172882449462435e+01 -1.899953279828345387e+00
2.108133440184435869e+01 -1.172858494117100747e+00
2.104455886437974499e+01 -4.391017676580695195e-01
2.103006267995143475e+01 2.892445712148443704e-01
2.107898852528171574e+01 1.030034415532476544e+00
2.100375373050184180e+01 1.745455485512881211e+00
2.101792246957740673e+01 2.499633929212627947e+00
2.104164029172909522e+01 3.170552437299669180e+00
2.106474204092835123e+01 3.905823496061934463e+00
2.221710261108800211e+01 -3.998048080322561759e+00
2.219480597801709365e+01 -3.350833798536942965e+00
2.217086290608169463e+01 -2.555896530595934024e+00
2.221745906264109749e+01 -1.838558820923090309e+00
2.209850924504175396e+01 -2.847026075954630642e-01
2.194837507869730331e+01 3.097690152572631916e-01
2.193379453529559697e+01 1.044884983614156937e+00
2.185798008922383673e+01 1.767496394080094291e+00
2.185790573640471024e+01 2.482383402946119588e+00
2.186226067630676084e+01 3.171512885088382916e+00
2.183648417920120011e+01 3.927670854987049154e+00
2.290723657581970940e+01 -4.081689147955046337e+00
2.290982409053538760e+01 -3.349262335917753575e+00
2.289913400378760855e+01 -2.618826383801483360e+00
2.291078610651878478e+01 -1.876317817317197267e+00
2.289196637927703648e+01 -1.151485831281512162e+00
2.286543584869037460e+01 -4.241488674441988849e-01
2.284937532264373061e+01 3.032903109192659485e-01
2.274354325505238705e+01 1.041167747319622805e+00
2.276720800516928023e+01 2.530046085212617868e+00
2.269866388160375692e+01 3.205801693676761488e+00
2.265893923180469471e+01 3.888664342399103191e+00
2.364547959253616938e+01 -4.067527131082520953e+00
2.363309701469910351e+01 -3.347764539378292881e+00
2.365430548332668081e+01 -2.620250681750182054e+00
2.364035442150243682e+01 -1.876650059841491469e+00
2.364613085447670926e+01 -1.160406877553231908e+00
2.361000727837470237e+01 -4.422114256342091210e-01
2.358251500274586476e+01 2.823991687013815977e-01
2.356974402051040585e+01 1.046293339313098869e+00
2.356109300600540024e+01 1.757195507855659145e+00
2.354882267742130608e+01 2.475296769466059033e+00
2.349659797186506438e+01 3.210914027160619355e+00
2.351862701528386879e+01 3.900650637096148898e+00
2.437695641270309466e+01 -4.068788394056138458e+00
2.437529835877146667e+01 -3.349016676812190951e+00
2.437534816447509911e+01 -2.613933038220515925e+00
2.438084041712360772e+01 -1.895644730069754758e+00
2.437247246950380486e+01 -1.148765726552909427e+00
2.435426420448285967e+01 -4.176862994343686353e-01
2.440553507405611811e+01 2.664315740122944476e-01
2.434501398446224130e+01 1.037399642712518499e+00
2.428239526127006798e+01 1.752309697708991365e+00
2.432231103786796211e+01 2.494705314600437873e+00
2.428015822022894099e+01 3.219711573266934579e+00
2.433771502049511781e+01 3.897264150491288603e+00
2.516755272456598647e+01 -4.057605662268169766e+00
2.512738736007916174e+01 -2.636025508495027481e+00
2.506932989164590708e+01 -1.937144937103902009e+00
2.513204566433190479e+01 -1.170593124009677410e+00
2.511024657090528933e+01 -4.534356774748395935e-01
2.510779517386492898e+01 2.652306848599153000e-01
2.510911320799486646e+01 1.005585057145157890e+00
2.511500419359921921e+01 1.743641805466179306e+00
2.508239559051025935e+01 2.464168423547928199e+00
2.507472272637756561e+01 3.200819513699947549e+00
2.509575939765251462e+01 3.917583331734995511e+00
2.587871588725558070e+01 -4.071475309636337414e+00
2.580454276304281080e+01 -3.351246224434916599e+00
2.589485065718044154e+01 -2.629738563747011426e+00
2.585083662139410876e+01 -1.896321787145026860e+00
2.585450442085073064e+01 -1.182848203518002350e+00
2.585026017749709126e+01 -4.551624475994415775e-01
2.584503585315526664e+01 2.731398339354065286e-01
2.583806036565350439e+01 9.954274614511149366e-01
2.584083365317704306e+01 1.727218100414319224e+00
2.586133603233398048e+01 2.442561240330665129e+00
2.585789098374041117e+01 3.189568215297811093e+00
2.587434998282959953e+01 3.910079697863309889e+00
2.660658649355173822e+01 -4.064414842748057310e+00
2.661617187261830964e+01 -3.361064499676412964e+00
2.659712805205024466e+01 -2.635283253441258466e+00
2.659874416514969653e+01 -1.902830252385427912e+00
2.659472470116744347e+01 -1.185838255318667933e+00
2.658979726344389150e+01 -4.284462243697362283e-01
2.659893226767672303e+01 2.721305301893899298e-01
2.657003585354883057e+01 1.001254617163290561e+00
2.661418698415246809e+01 1.747904487188893796e+00
2.664873332581183973e+01 2.494035945450164604e+00
2.661940491740998738e+01 3.189301522983164716e+00
2.663792325007300121e+01 3.910427583329706636e+00
2.739978474989067792e+01 -4.091394917352381810e+00
2.735041708864170573e+01 -3.395305494720275874e+00
2.738571624730619192e+01 -2.645617557687902632e+00
2.735570319312351728e+01 -1.917946070520390123e+00
2.736715759716052077e+01 -1.194197923809550588e+00
2.733736601656924847e+01 -5.003548976897143064e-01
2.735186729751801238e+01 2.729605153782763693e-01
2.734833408991832471e+01 9.538931834060768722e-01
2.734842944797863140e+01 1.744059829039116494e+00
2.736567639320594481e+01 2.436195055513298513e+00
2.739559952707485024e+01 3.164895963050810224e+00
2.739330084723031433e+01 3.884941380370356967e+00
2.816042155174671535e+01 -4.125902830013714606e+00
2.812087516026937095e+01 -3.371711565235447239e+00
2.812220207426074836e+01 -2.644647705066901722e+00
2.814553286181067193e+01 -1.934729822133977706e+00
2.812337411554772615e+01 -1.191835713220370963e+00
2.813447522205699869e+01 -4.771540798632187830e-01
2.814236314349978585e+01 2.361007603371163555e-01
2.815097177407660212e+01 9.472226263232030874e-01
2.813951613837813426e+01 1.692032081462301107e+00
2.809894819092060203e+01 2.434145846559715665e+00
2.813152447592067773e+01 3.160257968874375933e+00
2.816761064289465111e+01 3.881670413473017334e+00
2.898442688665728184e+01 -4.076497333708800852e+00
2.890223214867391022e+01 -3.387967694516270001e+00
2.892970390260831692e+01 -2.626516876859927407e+00
2.888312907366262294e+01 -1.946574914330511774e+00
2.888217200270207030e+01 -1.235685719295386065e+00
2.885032763706208669e+01 -4.955268731545281469e-01
2.885983474181602304e+01 2.249351929195064770e-01
2.888063506024720795e+01 9.444842370466020043e-01
2.890373763541636976e+01 1.658401855891003862e+00
2.893236817087545631e+01 2.383431942187812069e+00
2.894412230614353376e+01 3.097759960789169043e+00
2.892220133881659905e+01 3.840295302261253596e+00
2.971435695723500459e+01 -4.109481368522704514e+00
2.970852364045220639e+01 -3.418936913721442039e+00
2.970131136864895183e+01 -2.692128680997598167e+00
2.969518502140973482e+01 -1.957328892962166833e+00
2.968079914534158803e+01 -1.238158654218384669e+00
2.964884922244790033e+01 -5.077298053163765701e-01
2.967378871508146432e+01 2.159379001916512664e-01
2.962956238931013075e+01 9.452067787261526632e-01
2.965194464096536109e+01 1.652191591485102862e+00
2.967500430172520254e+01 2.363916458619279126e+00
2.968112259390843377e+01 3.079001598318448885e+00
2.969440749330238560e+01 3.821822282763726264e+00
3.049875107921528894e+01 -4.119091403296692988e+00
3.043556371491498425e+01 -1.957077813522637655e+00
3.042966046559984505e+01 -1.266712567213023277e+00
3.045206734118564640e+01 -4.956101753476467309e-01
3.045562417912007191e+01 1.867931894193368692e-01
3.040975871304976152e+01 9.135790824297025381e-01
3.042111377216500756e+01 1.643338959502671059e+00
3.043773555616382254e+01 2.361524781171006282e+00
3.043081222796035235e+01 3.068849762876595832e+00
3.042652679299302321e+01 3.794115081851415994e+00
3.127480795776941846e+01 -4.140099390402525614e+00
3.123629973015118111e+01 -3.392206156805841033e+00
3.123115013260196093e+01 -2.679204690422785973e+00
3.124139124327238193e+01 -1.970361434913890264e+00
3.121187295080392943e+01 -1.246919134878382351e+00
3.119780648241326304e+01 -5.495876897928262395e-01
3.120589943405813216e+01 1.842083202794846386e-01
3.122656719654728619e+01 8.937468178869707458e-01
3.122854584960507651e+01 1.638202411779847267e+00
3.122423528867091846e+01 2.369847034521729512e+00
3.118996233595481016e+01 3.109178259806022027e+00
3.120095279757779139e+01 3.826073725990447372e+00
3.208248086428239532e+01 -4.103144762499308484e+00
3.202474804798507790e+01 -3.420389553737816613e+00
3.194792178425615958e+01 -2.675664457018360309e+00
3.197489625657538426e+01 -1.991288888302278792e+00
3.195364581610727583e+01 -1.228077551950796931e+00
3.196070827091558186e+01 1.690355776364427243e-01
3.195706878045719890e+01 8.945692951725163766e-01
3.193439022661413418e+01 1.634118998752519758e+00
3.195312819141539507e+01 2.372540828300692795e+00
3.196422472062516107e+01 3.102696450037690568e+00
3.203371067554802920e+01 3.817132446173808091e+00
3.275872924837930356e+01 -4.113282960079764905e+00
3.276641918789147923e+01 -3.417465695210410104e+00
3.276755141405762828e+01 -2.675562362959844620e+00
3.273301477087755273e+01 -1.965849760370808497e+00
3.273047445533170929e+01 -1.258176331786728497e+00
3.271185496207403531e+01 1.778212865298272050e-01
3.269639681358227534e+01 9.019756124069182590e-01
3.275804705316991061e+01 1.617638443045713359e+00
3.274529687826065327e+01 2.350659752122389534e+00
3.274821967571148917e+01 3.098496238761931920e+00
3.274605584107207079e+01 3.818900005437917855e+00
3.356278977037880651e+01 -4.119111699265385340e+00
3.353041312059833245e+01 -3.403289717920173985e+00
3.355225577981908458e+01 -2.686622014228451150e+00
3.350872865471351503e+01 -1.963539977481737253e+00
3.347656474225308187e+01 -1.217869496862782341e+00
3.352770671396677216e+01 -5.384766353300953767e-01
3.347829253522136383e+01 1.716203319716314013e-01
3.347403644436602832e+01 9.068279720692657975e-01
3.347621115572676587e+01 1.634261576774658664e+00
3.345772109071450728e+01 2.390447015235718453e+00
3.350174255052493066e+01 3.106115088218835751e+00
3.347466231675119985e+01 3.850245472928662593e+00
3.430203009297280659e+01 -4.088788557641365173e+00
3.428954720579314852e+01 -3.367497553407797994e+00
3.426449098181786468e+01 -2.662003834973919680e+00
3.424838228626843062e+01 -1.966732913492613477e+00
3.424911831638110726e+01 -1.255479721998156606e+00
3.423729085432724872e+01 -5.408040979336945497e-01
3.421101947286428668e+01 1.883617561254880002e-01
3.422313841149165370e+01 9.273837717881825427e-01
3.423402820804431457e+01 1.668701580334008838e+00
3.424886006672630145e+01 2.385066970196056957e+00
3.425540188020918464e+01 3.116073410341982708e+00
3.423816559537564075e+01 3.838729374735130762e+00
3.503782918674819058e+01 -4.106113018546015070e+00
3.495587549088012480e+01 -3.411865603674080205e+00
3.502275299900124850e+01 -2.672269180352735418e+00
3.499384430904306242e+01 -1.958448554057696356e+00
3.499600359736366073e+01 -1.263101019014111870e+00
3.498696313675093705e+01 -5.293490749148723751e-01
3.498417278202911262e+01 2.198841071090313903e-01
3.496249601855787859e+01 9.139799564146571242e-01
3.494673784436819375e+01 1.676765484037339604e+00
3.497254882384336128e+01 2.382285028558840168e+00
3.498554555732878413e+01 3.139228539081898361e+00
3.496787677238236114e+01 3.867493110236402742e+00
3.578532805820237428e+01 -4.089059291095903603e+00
3.577333823633190235e+01 -3.376056696075309560e+00
3.576973442209102672e+01 -2.658624885002115690e+00
3.573940301870189984e+01 -1.952423647741071022e+00
3.573216835110635969e+01 -1.227266235137637551e+00
3.571486000147655915e+01 -5.004748033594381695e-01
3.573358501131217935e+01 2.546416079658868625e-01
3.574707335532128383e+01 9.964303255527511283e-01
3.574982900531298213e+01 2.394752297327769952e+00
3.573095700447021983e+01 3.153532248176162511e+00
3.575921256778234891e+01 3.916623002945392784e+00
3.652687813428409669e+01 -4.118110971442810353e+00
3.651723410874871689e+01 -3.368046203466029453e+00
3.651504974590185526e+01 -2.689150827947734967e+00
3.647980399909200599e+01 -1.932275231813115113e+00
3.646709971652166615e+01 -1.206991588277798400e+00
3.645809411040307424e+01 -4.812983663835979087e-01
3.648730131457919157e+01 2.505043462375873276e-01
3.647707838089338139e+01 9.549525489104162546e-01
3.646724268550503467e+01 1.743115695800987908e+00
3.646992631787481542e+01 2.434006997743747291e+00
3.653388010711254452e+01 3.195366500819275757e+00
3.656712819535834313e+01 3.886874094657763123e+00
3.731008494849297819e+01 -4.085879158867694372e+00
3.725775835105883260e+01 -3.353631443028294967e+00
3.724819664929962215e+01 -2.631125571949155528e+00
3.720773423042253825e+01 -1.179518240009560515e+00
3.719284936282932819e+01 -4.651938979190859413e-01
3.717725475499387500e+01 3.308354936293440574e-01
3.721371626599026428e+01 1.021430542524797147e+00
3.728593726626973393e+01 1.705743216588118116e+00
3.729630708529798966e+01 2.441512698025082528e+00
3.725533701165289102e+01 3.174332479837353560e+00
3.728279255605362863e+01 3.890593142034362018e+00
3.806426421932462034e+01 -4.038472116005408452e+00
3.803189759272837733e+01 -3.326175229166356218e+00
3.800921169698364821e+01 -2.609808262715741733e+00
3.799751910792243592e+01 -1.890505397234480967e+00
3.799815788762889923e+01 -1.152674601543981936e+00
3.796527717088167009e+01 -4.334383299569992687e-01
3.805930228355236267e+01 3.325745100567765178e-01
3.805053505076657672e+01 1.035113022783523462e+00
3.807463708655291867e+01 1.713074326312593598e+00
3.811694855189158915e+01 2.472886410085912701e+00
3.889877328807231294e+01 -3.979213476610379274e+00
3.887769860997695304e+01 -3.263809406621099640e+00
3.883430593696014199e+01 -2.579150054981802498e+00
3.891380262403723833e+01 -1.818908503329087267e+00
3.893939093167795562e+01 -1.120787475405318645e+00
3.883813638840324955e+01 -3.361812051440686844e-01
3.894903798789153626e+01 2.566512720394733549e+00
3.889220300456684498e+01 3.194581153222031844e+00
3.972454287729947708e+01 -3.284058229036936893e+00
3.959404615521815884e+01 -2.954112838639471050e+00
3.970426494073036139e+01 -1.770748317341961808e+00
3.998642920331875672e+01 1.126624671110704412e+00
3.999857995583383996e+01 1.872989998113673948e+00
4.000541777676239263e+01 2.619264713536175293e+00
4.000438195597998714e+01 3.339833152404075634e+00
3.999511511888226067e+01 4.014956272993408959e+00
4.073668818543713854e+01 -3.981950726703384902e+00
4.072561766072532663e+01 -3.243230047540791361e+00
4.071553921854913227e+01 -2.488742021095152523e+00
4.071284208270926541e+01 -1.777619211104653374e+00
4.072700733287528152e+01 -1.055234013570608198e+00
4.073074933977932943e+01 -3.308134396946869060e-01
4.074033939804434823e+01 1.129807027782764095e+00
4.073118367527504091e+01 1.850604754157821219e+00
4.072270023489951285e+01 2.507375908757005334e+00
4.070319505285838346e+01 3.329469414264650595e+00
4.071785823880529875e+01 3.981950726703388455e+00
