-4.504278317670205922e+00 -4.172917147936768600e+00
-4.488720510146649190e+00 -2.693214922686877344e+00
-4.503045582374078037e+00 -1.989974201494288053e+00
-4.501037069073937857e+00 -1.272544588991802783e+00
-4.540687830551526361e+00 -5.232940703231498958e-01
-4.504646139042613129e+00 2.465078250639400892e-01
-4.500877988129296625e+00 9.499705626291685689e-01
-4.508113863775157881e+00 1.685561966173509063e+00
-4.486201853494343084e+00 2.383887417688892896e+00
-4.507998314222128045e+00 3.053398836521093784e+00
-4.489662604891151432e+00 3.723091076897748763e+00
-3.565075996913591894e+00 -4.148606210175863396e+00
-3.617589365753296704e+00 -3.446785379706540198e+00
-3.626193836205402476e+00 -2.684029616956479458e+00
-3.682011408892257975e+00 -1.955961706124746513e+00
-3.649000016747166342e+00 -1.234604467806210693e+00
-3.655381190787750256e+00 -5.302351847729269707e-01
-3.635733995914613104e+00 9.849527257226391441e-01
-3.693605625717502505e+00 1.685422850153376118e+00
-3.704606112130981899e+00 2.393593746468749117e+00
-3.726123089589854942e+00 3.185041029160554871e+00
-2.885788906954125821e+00 -3.418435799049294843e+00
-2.923847161722555654e+00 -2.682293867579744528e+00
-2.900121771073393973e+00 -1.970738051992455553e+00
-2.913999592999758192e+00 -1.231311265846947833e+00
-2.917619738465333512e+00 -5.146360723265068771e-01
-2.892202649397560776e+00 9.696324183741324987e-01
-2.924613870977431418e+00 1.685054283438557121e+00
-2.966511521725912814e+00 2.436653055077570684e+00
-2.956902272445461222e+00 3.202268067905993831e+00
-2.969148535830314017e+00 3.923507676049052151e+00
-2.151527805618670186e+00 -4.123735671856024965e+00
-2.160223154409301571e+00 -3.412959943090061898e+00
-2.152446410113142861e+00 -2.680113777713515333e+00
-2.162782280563966708e+00 -1.940161466698402393e+00
-2.200955721983127944e+00 -1.244507052393572621e+00
-2.161132379423790439e+00 -5.276734067847428378e-01
-2.169881830809885059e+00 9.186241730526880644e-01
-2.191955911776872767e+00 1.718154466504930866e+00
-2.191173147310330194e+00 2.472030817543586778e+00
-2.189454846769336882e+00 3.179396146108015131e+00
-2.181640037770883112e+00 3.911496532969930939e+00
-1.402386318174805524e+00 -4.085911553644788086e+00
-1.369433880658029068e+00 -3.362097281051067199e+00
-1.413483128521718868e+00 -2.671959465428287217e+00
-1.420591895442576913e+00 -1.956331161243952010e+00
-1.411257193808459931e+00 -1.225025311845126197e+00
-1.412969856527290347e+00 -4.895507743781131182e-01
-1.419080829748210704e+00 2.421769597253202733e-01
-1.441596744300419175e+00 1.671114015971518540e+00
-1.430425359159364973e+00 2.474867672902671956e+00
-1.485446185648534367e+00 3.191432903711959312e+00
-1.465936369744547108e+00 3.945661639172360680e+00
-6.490168401528393360e-01 -4.074828913455615265e+00
-6.764357223346664227e-01 -3.409315819172270778e+00
-6.988007656128871758e-01 -2.687627181018136469e+00
-6.718842204629424941e-01 -1.938969978017443196e+00
-6.744708803386672002e-01 -1.242183844896324274e+00
-6.984757164037915800e-01 -5.062061655144027839e-01
-7.492506333766755233e-01 2.042785356096850080e-01
-6.801710109654592884e-01 9.521484890119715772e-01
-6.871922006765203150e-01 1.703878589648326169e+00
-6.711524356290539117e-01 2.479380779527712519e+00
-7.428143926473254055e-01 3.140767996912170901e+00
-6.904312410792172727e-01 3.901096080394228949e+00
8.465843497300795661e-02 -4.086338195125030381e+00
1.428176013797610722e-01 -3.309326197945971160e+00
5.775455141490226652e-02 -2.631827557036924503e+00
6.076119964120607619e-02 -1.956857300152787360e+00
6.231764313030652147e-02 -1.227457880375656174e+00
5.346905299271753620e-02 -5.499045650184122280e-01
5.012524945355067985e-02 1.813963463460197545e-01
8.017067911973185801e-02 9.314449438534140313e-01
1.032772426664010368e-01 1.672281121972805096e+00
6.257143120436126082e-02 2.484979846797926939e+00
6.056882372239158485e-02 3.155855534999620460e+00
4.353587158114891054e-02 3.867804475748950921e+00
7.964248104751163737e-01 -4.064512024803512702e+00
8.038741722129429945e-01 -3.346872919747948316e+00
8.068005975273564445e-01 -2.626996090076413992e+00
8.712374411898764492e-01 -1.928261478575521437e+00
7.805864847717529642e-01 -1.255968066009977235e+00
8.053912477535263292e-01 -5.207273804706034070e-01
6.279184062167999514e-01 2.594855335755141823e-01
8.287398715598612853e-01 9.035174399922887289e-01
8.294258704229520163e-01 1.661994451631755965e+00
8.524910390462849819e-01 2.402534308199690827e+00
8.855865135173672797e-01 3.130952445008002627e+00
1.550092409319276499e+00 -4.059663195631507904e+00
1.554819750049340144e+00 -3.348794477153720806e+00
1.556889826229770790e+00 -2.622579817903428534e+00
1.530976629862820459e+00 -1.219813915350528077e+00
1.538246518961344123e+00 -5.177961424572643523e-01
1.556535308978070020e+00 2.213118848507349412e-01
1.582806084368570509e+00 9.218153856959396819e-01
1.635736834381731342e+00 1.674356252446731474e+00
1.603187685382515326e+00 2.381447108653460987e+00
1.630782669481746439e+00 3.085606197934641415e+00
1.690741481256821999e+00 3.764487946457574452e+00
2.273840603142502914e+00 -4.070004458626286237e+00
2.304240566656204692e+00 -3.343254495243272117e+00
2.284651588184445359e+00 -2.618942833544199544e+00
2.309457964596887791e+00 -1.901167245357097357e+00
2.287111438955768961e+00 -1.222295352685836889e+00
2.285863723168247930e+00 -4.826955613512353693e-01
2.316866090436192849e+00 2.087074797148673611e-01
2.341138551192436523e+00 9.986536411431004012e-01
2.374057514550671044e+00 1.653656670862932998e+00
2.402920567714218691e+00 2.403491885320153898e+00
2.375086221666521169e+00 3.092663800523627771e+00
2.378713963911330609e+00 3.830525215083486756e+00
3.056196620703644840e+00 -4.072524786405562480e+00
3.039931724039227845e+00 -3.365506619552380840e+00
3.051101286612990293e+00 -2.629826913978810410e+00
3.044606183217034356e+00 -1.874160952759066134e+00
3.019957345062245224e+00 -1.170446431405018473e+00
3.103286393629154816e+00 -4.931208404993903116e-01
3.067303112358274575e+00 2.324913012141287538e-01
3.093083881273962277e+00 9.049897858543225482e-01
3.091096773047070201e+00 1.665295370060121627e+00
3.125944219387989165e+00 2.413145505015862113e+00
3.150673876288621500e+00 3.113726891055026869e+00
3.157027381699037960e+00 3.825352880191918103e+00
3.813702474655926267e+00 -4.084010244102707077e+00
3.801091437100133419e+00 -3.404332884761011258e+00
3.802276384582853552e+00 -2.629745285638229291e+00
3.794824049496554608e+00 -1.910333842694264206e+00
3.912127053926170106e+00 -4.723827488122793739e-01
3.866778214825664861e+00 2.381597809925963816e-01
3.823138815878152741e+00 9.186854092047731513e-01
3.877193629966903643e+00 1.652556926134895576e+00
3.890617320644196298e+00 3.107245789850498596e+00
3.930598975670186235e+00 3.816167544819276003e+00
4.543027729939431936e+00 -4.087313392191092021e+00
4.534493851053653657e+00 -3.375980302226395224e+00
4.554076110802341759e+00 -1.919908032831319389e+00
4.612651506522205125e+00 -1.224935811990885526e+00
4.657934020573847533e+00 -4.927152721224317133e-01
4.688651276162381976e+00 2.333077264513789828e-01
4.635151114918770077e+00 9.594011467332101972e-01
4.612223601701920472e+00 1.636771446923919626e+00
4.639923632982593915e+00 2.375349676814042965e+00
4.653275928142186046e+00 3.107043347046587911e+00
4.657673800464742442e+00 3.846559847092986928e+00
5.396437170249249959e+00 -4.058415676662178839e+00
5.371194558675156827e+00 -3.379125351171342828e+00
5.395959924731940305e+00 -2.574274536302546323e+00
5.330943663689239997e+00 -1.972954878753565566e+00
5.393226054771950828e+00 -1.269007868458235322e+00
5.423242508138493179e+00 1.740166324095255845e-01
5.435271473478096027e+00 9.228574396320290418e-01
5.395939670386724174e+00 1.626132391972184621e+00
5.380963959408752828e+00 2.365065731975235508e+00
5.374086445469792750e+00 3.081987373936126318e+00
5.376071028912321026e+00 3.829062160168685836e+00
6.175711797121820723e+00 -2.693755060149609193e+00
6.212186397479683819e+00 -1.286196091716700352e+00
6.195932108087433221e+00 -5.665375561932286530e-01
6.148744455816370191e+00 1.734800345652480758e-01
6.133688814212412410e+00 9.079955339960932292e-01
6.153297232403815542e+00 1.620458602783159563e+00
6.144267451214282971e+00 2.357180489771693033e+00
6.134627476329434614e+00 3.077476839914456974e+00
6.173595442718735171e+00 3.779443746874807886e+00
6.985799819733593097e+00 -2.010283472168129748e+00
6.942982824033769873e+00 -1.301932870741953963e+00
6.947354383395492050e+00 -6.048955537699214347e-01
6.901255971809277412e+00 1.281259534825593960e-01
6.887175474703163047e+00 9.215522022226920740e-01
6.896180283564277147e+00 1.627967676239407524e+00
6.918880142352612950e+00 2.286919451593881547e+00
6.904403732933133142e+00 3.026285155640909608e+00
6.985889154477952445e+00 3.726993802426857627e+00
7.888770317671344401e+00 -4.131560834717223685e+00
7.890806429560264235e+00 -3.415086801418567575e+00
7.865853686668252465e+00 -2.704909674523541696e+00
7.832885417797825767e+00 -2.021923537173687890e+00
7.797356238680038132e+00 -1.291100765294252994e+00
7.765129411909803991e+00 -5.838619955847583753e-01
7.671628860383542303e+00 8.781092395661467265e-01
7.642860725818351852e+00 1.548592017122079056e+00
7.679096720430898415e+00 2.306567273488997927e+00
7.704834084298205710e+00 3.052840336852444381e+00
7.742415247489113028e+00 3.711115775706257836e+00
8.660619326523324446e+00 -3.448838779148456268e+00
8.667632689241521859e+00 -2.716663678466581189e+00
8.663371027082661158e+00 -2.023856424819332034e+00
8.606181952066805252e+00 -1.323849641106317421e+00
8.493059825997207213e+00 1.006135037316973069e-01
8.431668922190297621e+00 8.387029349472641115e-01
8.436360694033751884e+00 1.555049433200991871e+00
8.445391536060007809e+00 2.282291078795733341e+00
8.488648346050922555e+00 2.956184739239791526e+00
8.524075653730811553e+00 3.737224007414102545e+00
9.479380497506440406e+00 -3.455447337639760974e+00
9.461054050534066562e+00 -2.723594015921712241e+00
9.484847082730432533e+00 -2.079105588002367000e+00
9.394754498181612234e+00 -1.288827369055308480e+00
9.387534914037935607e+00 -5.647883693035176123e-01
9.288525012708710449e+00 1.116355109136861756e-01
9.219326646471316167e+00 8.213587961340884647e-01
9.184540026155538328e+00 1.550502353396101540e+00
9.221529281511777754e+00 2.266868095652743165e+00
9.272307414033129191e+00 2.991172291841589725e+00
9.279924450076599385e+00 3.682727863516166877e+00
1.038204488657394364e+01 -4.240341661296593401e+00
1.033758100948843150e+01 -3.495689033564044479e+00
1.033935508523644131e+01 -2.796144666193296047e+00
1.023535316887658553e+01 -2.075834473517602419e+00
1.022775387171431305e+01 -1.315845100637890397e+00
1.017795446222754663e+01 -6.227630813675162358e-01
1.013981658801857577e+01 1.453656205710061045e-01
1.013653570410041027e+01 7.751819540696303079e-01
1.018240329568119051e+01 1.522094888442776295e+00
1.011621191399849096e+01 2.295500392507879184e+00
1.009835216869787189e+01 2.972716276909768141e+00
1.012565354805486351e+01 3.695640207811852207e+00
1.129337686071077229e+01 -4.190020639586521156e+00
1.128845504561523683e+01 -3.481736373131212758e+00
1.126542923124091544e+01 -2.729574900938072091e+00
1.119262209325481194e+01 -1.309898002714479759e+00
1.112971711668415509e+01 7.548454426686035390e-02
1.089747399407444561e+01 8.173200002806062514e-01
1.089111454916312027e+01 1.541249618672715371e+00
1.087391875795437102e+01 2.265009086060295829e+00
1.091046361771246609e+01 2.993545116463824485e+00
1.092406511238242928e+01 3.683782760822534641e+00
1.200370850677934698e+01 -3.481276510093714194e+00
1.246526689231247076e+01 -2.672840796627653503e+00
1.203158036628365579e+01 -2.087978792552863894e+00
1.202655937798699881e+01 -1.350664549680470117e+00
1.196022081663033987e+01 -6.186378219796502265e-01
1.190940889167361405e+01 1.114880837386316159e-01
1.180940280138646870e+01 8.009290806391931028e-01
1.167856160243759689e+01 1.530957494101091498e+00
1.163305645883414030e+01 2.302614200630777930e+00
1.166298220031116983e+01 2.984771193083712859e+00
1.173480939830937331e+01 3.679270976266924009e+00
1.295203811077135470e+01 -4.239065412398961286e+00
1.292557916858622491e+01 -3.507889145753861015e+00
1.291514772930573685e+01 -2.761618670302162570e+00
1.279148576836953310e+01 -2.127501722218514857e+00
1.263676620917942017e+01 1.460646712215911691e-01
1.259215313217546139e+01 8.268227603176363516e-01
1.250152489801838129e+01 1.523599335117452824e+00
1.251587627562993532e+01 2.221414205720058987e+00
1.260620313199600417e+01 2.943384167054095002e+00
1.264652535446337822e+01 3.668736584635983178e+00
1.389727122031835194e+01 -4.268719027346389083e+00
1.380378642418270374e+01 -3.500083826446701352e+00
1.376748113921948402e+01 -2.762903973906198019e+00
1.362166645735612747e+01 -1.343296369812954083e+00
1.357014372870303021e+01 1.209611319304890742e-01
1.352983652064761344e+01 7.999429013910486219e-01
1.334075505518451621e+01 1.549224957596941010e+00
1.337592516217036120e+01 2.975432796385153011e+00
1.337754168274291544e+01 3.679814634337315482e+00
1.464793603432379143e+01 -4.265680899140431137e+00
1.464262710771890852e+01 -3.553613584186646079e+00
1.467261133569139275e+01 -2.832884255928103556e+00
1.465845414701817617e+01 -2.140152654523429732e+00
1.452084148991287549e+01 -1.375913584277341783e+00
1.461056974724971980e+01 -6.534972835353762832e-01
1.433224809542587508e+01 1.333351775891387092e-01
1.421871064591790201e+01 1.556660498286692729e+00
1.422211891511601323e+01 2.269484664118056827e+00
1.413857500830331304e+01 2.994739276506226844e+00
1.420493631030424098e+01 3.653852014403074833e+00
1.540908037035940481e+01 -4.333419089246177691e+00
1.541194355170063091e+01 -3.585470911620912915e+00
1.539540219017222711e+01 -2.892922179157569218e+00
1.536616787298739695e+01 -2.165087818048206714e+00
1.532233163064513803e+01 -1.404354377596302328e+00
1.528952774990013808e+01 -7.006720143304860926e-01
1.525092708290830501e+01 6.479798398756742017e-02
1.509228603838462135e+01 1.569849223237714142e+00
1.505244726991338666e+01 2.248783659438423399e+00
1.514840245456151990e+01 2.800964433230614503e+00
1.502388989149996235e+01 3.666145995444413330e+00
1.615600265981522909e+01 -4.278851759925178300e+00
1.613759234282985489e+01 -3.592672193499137023e+00
1.609990947887785495e+01 -2.884599883464900927e+00
1.607556810598211428e+01 -2.130176622642597550e+00
1.604958971227322451e+01 -1.429535198704204646e+00
1.601959559019556423e+01 -7.122506179013505800e-01
1.600690066958767943e+01 1.163442504331015925e-01
1.591350802747178506e+01 8.143559429390521132e-01
1.588090464168769245e+01 1.495319165102287684e+00
1.585115182279668034e+01 2.296685050103764780e+00
1.584155213410019769e+01 3.005925208263189319e+00
1.587299197250391813e+01 3.734605629410008731e+00
1.688460710232692463e+01 -4.251866717800869111e+00
1.686629757714427313e+01 -3.615560997502544893e+00
1.683232187220204423e+01 -2.827002701447312916e+00
1.679160080781793596e+01 -2.109288719604688112e+00
1.673891933149789679e+01 -1.410176418534760501e+00
1.675813865977916350e+01 -6.518656759965644198e-01
1.670667399726540481e+01 7.389814585980047923e-02
1.667378884807767747e+01 8.610763073408769230e-01
1.663516927568203840e+01 1.566909432407538105e+00
1.661900744201058444e+01 2.315736629805943636e+00
1.657020665568710882e+01 3.073748940620550485e+00
1.658637848625284761e+01 3.773409586890448253e+00
1.761387538665073293e+01 -4.291201343642207178e+00
1.759088242910618760e+01 -3.554805543167976367e+00
1.754596328543859585e+01 -2.819211522222996535e+00
1.751575955057624867e+01 -2.101644402371842801e+00
1.748843433730829133e+01 -1.364358903262203881e+00
1.748483828011899988e+01 -6.455301637029187134e-01
1.744156963228807911e+01 1.359331507889827151e-01
1.743134061489628550e+01 8.295444050341735931e-01
1.736878540428831741e+01 1.567636121148382244e+00
1.734759035158423757e+01 2.327819012463255177e+00
1.731263706783001055e+01 3.077662104727341585e+00
1.736162953085700877e+01 3.815007216308426763e+00
1.843000170647634661e+01 -4.197190736440550296e+00
1.831050405994909624e+01 -3.486304292108734160e+00
1.828704099227445568e+01 -2.766189734658833999e+00
1.825588063431539609e+01 -2.062304733819299685e+00
1.821460069817997862e+01 -1.333620903870244234e+00
1.818696621841025518e+01 -6.170152299454727540e-01
1.817590045729573234e+01 1.085939387216647845e-01
1.814545872651207503e+01 8.405620048215283191e-01
1.812910382022075595e+01 1.578797161903032986e+00
1.811102179969664405e+01 2.301520618457718825e+00
1.810527439666862648e+01 3.042732768474873950e+00
1.817478200549577139e+01 3.767721996049214539e+00
1.919117118136558275e+01 -4.255978950208838540e+00
1.915681402339438222e+01 -3.502334662691797718e+00
1.919345800588502016e+01 -2.731991805344218704e+00
1.905959440983203024e+01 -2.004440446017341060e+00
1.907294623258768240e+01 -1.279185332723152158e+00
1.894362726760817850e+01 1.164906204159414926e-01
1.919340496401111551e+01 8.298773009164897019e-01
1.902272798646799146e+01 1.588018617534643795e+00
1.892270059438684626e+01 2.330307000665545303e+00
1.903302658102540335e+01 3.059433132248226883e+00
1.905721384548087372e+01 3.654746927534265666e+00
1.991987013261447714e+01 -4.250652978664607673e+00
1.988285761092457449e+01 -3.493169138996051970e+00
1.985965608164949003e+01 -2.772830137599289202e+00
1.990495709950642578e+01 -2.065634981849409968e+00
1.991163131711116563e+01 -1.328693154967915291e+00
1.990460679027959401e+01 -5.978026103950426773e-01
1.990342471360781218e+01 1.377156846773424093e-01
1.994732166950262098e+01 8.765895469992912581e-01
1.986306922809912834e+01 1.594342432060503967e+00
1.985574481631084609e+01 2.313881160383665758e+00
1.987221075868742304e+01 2.974049038559787306e+00
1.990386766162506404e+01 3.687641353132118383e+00
2.110813705866977585e+01 -4.174286889505907538e+00
2.104241213025449042e+01 -3.497552554417289628e+00
2.108621791989471461e+01 -2.729220756687453786e+00
2.112979509166765268e+01 -2.004009328820238522e+00
2.098934081699828624e+01 -4.162101286307127168e-01
2.086755098473700798e+01 1.431856255214576379e-01
2.080965764966607878e+01 7.663954510210295723e-01
2.074888784331122338e+01 1.601723856582147221e+00
2.073616612177126228e+01 2.316763556876662022e+00
2.074042900362287156e+01 2.952539571616529912e+00
2.069832863426417191e+01 3.686198344599223020e+00
2.182401031611076547e+01 -4.245376155831209530e+00
2.183248712144649062e+01 -3.510971556569675300e+00
2.180973131359917971e+01 -2.788268528081612629e+00
2.183311733189728443e+01 -2.047849543531352623e+00
2.181634069630303685e+01 -1.323104850296196844e+00
2.179959153517673087e+01 -5.993880303309637725e-01
2.177983439055289239e+01 1.324231891128810901e-01
2.164039169454426315e+01 9.266582351482632873e-01
2.171501528382761848e+01 2.360647320871116506e+00
2.162966384528868247e+01 3.010456400079792871e+00
2.158688026756201594e+01 3.646236846227569828e+00
2.256441726955171134e+01 -4.234805112446725417e+00
2.253218867955551019e+01 -3.495932493887966785e+00
2.257623339263443540e+01 -2.790217889611465552e+00
2.257746758394188902e+01 -2.041952241617821073e+00
2.256750605055112402e+01 -1.346048892671003472e+00
2.255798876450182888e+01 -6.171648837600649529e-01
2.252483990256046553e+01 1.021378127792331725e-01
2.252388037505890850e+01 8.529606359799721815e-01
2.252347619984910665e+01 1.567057544001539071e+00
2.251134849355440792e+01 2.274255236601305796e+00
2.245393331942943149e+01 3.020596770830596967e+00
2.247494021010690091e+01 3.660470861890704697e+00
2.331417699377419694e+01 -4.241870195363784291e+00
2.330231694807868337e+01 -3.529113478963544992e+00
2.329298679042307896e+01 -2.789339617110023539e+00
2.330317300203178377e+01 -2.087136110317945992e+00
2.330654108421397552e+01 -1.333844073233525052e+00
2.330284205346343640e+01 -6.046432207722602925e-01
2.336647391779146687e+01 8.486736054011956298e-02
2.332494025395619275e+01 8.457319012512272138e-01
2.325637504397533206e+01 1.553882958811264814e+00
2.330203501783973508e+01 2.300858225161022119e+00
2.327582759910584542e+01 3.012510695405698158e+00
2.326338582944750755e+01 3.621406190600669817e+00
2.444330552849928040e+01 -4.019833186693642091e+00
2.406294278553410493e+01 -2.828670107557144320e+00
2.399601667235945257e+01 -2.158546800016313938e+00
2.407809525712120546e+01 -1.366311727736889026e+00
2.406026066182253231e+01 -6.587789058530049147e-01
2.406571277386545660e+01 7.605312716630407976e-02
2.408462417285187485e+01 8.146899046544362477e-01
2.408812594298959198e+01 1.553597926280378516e+00
2.408303332751367520e+01 2.253501558196290944e+00
2.409022590645782458e+01 2.988369779238890800e+00
2.412714480227442948e+01 3.666348017564974526e+00
2.481870501298550380e+01 -4.235648506449543049e+00
2.476197151783036077e+01 -3.536282181667335323e+00
2.483082763755439970e+01 -2.825858583767111298e+00
2.477933419130611981e+01 -2.098026954586153181e+00
2.478836966152714183e+01 -1.399358421792882723e+00
2.478033901963876673e+01 -6.812136061407514376e-01
2.481422099770846756e+01 4.941154751662679701e-02
2.481905289510125812e+01 7.670622722151172468e-01
2.486516675287172973e+01 1.510256701616967234e+00
2.488998737725044208e+01 2.196350327431002114e+00
2.488146672795422631e+01 2.947840873350518365e+00
2.491603191611360302e+01 3.651481365719586591e+00
2.555175128623832137e+01 -4.229609874321624829e+00
2.556719149562020732e+01 -3.557217839724167163e+00
2.553493901196179650e+01 -2.844780978301105989e+00
2.553206293697549967e+01 -2.121401739018743626e+00
2.553936118548701728e+01 -1.408393421520564459e+00
2.553731437422769801e+01 -6.404021533504433705e-01
2.557324085014730031e+01 2.174317139374792873e-02
2.557226981527787757e+01 7.542597704410631820e-01
2.561905127291606021e+01 1.494004353075322200e+00
2.568528917270153045e+01 2.254909380242768435e+00
2.565469417247035722e+01 2.945551937212169236e+00
2.568655557468230199e+01 3.635252507102247677e+00
2.634923459033635140e+01 -4.290972432629850175e+00
2.632625785866300561e+01 -3.595628540162898901e+00
2.633070457075834270e+01 -2.860670254599511964e+00
2.631288688190103642e+01 -2.138168472691564403e+00
2.631197884181523960e+01 -1.424023766518384804e+00
2.630412027707876632e+01 -7.462340578940889202e-01
2.631432200216111283e+01 6.844257950223919806e-03
2.633374327241681812e+01 6.611894045368273964e-01
2.635455061270726418e+01 1.459490230727922722e+00
2.640555416309486958e+01 2.153916429073024830e+00
2.645212857840663645e+01 2.890271278456733484e+00
2.646568533464466810e+01 3.589784254398697527e+00
2.715142789873742402e+01 -4.298295191412321969e+00
2.706735989459357938e+01 -3.571985245143007859e+00
2.707933283606472941e+01 -2.864901996836053399e+00
2.710158866006715783e+01 -2.178884486072451665e+00
2.707540220257282471e+01 -1.443172692496631271e+00
2.709643403284630381e+01 -7.555397339620064656e-01
2.712299270906623860e+01 -5.584540332674947649e-02
2.715650845698667126e+01 6.351841791187311514e-01
2.715913198196136591e+01 1.397843380477244324e+00
2.713806205224000223e+01 2.142426474068631848e+00
2.720521828592315217e+01 2.863918733831692265e+00
2.725948113320033883e+01 3.575575833215150823e+00
2.827314187166746962e+01 -4.093627997251118700e+00
2.790240875759719330e+01 -3.585162711792676760e+00
2.822285263100901176e+01 -2.773202138257346405e+00
2.785692927270553554e+01 -2.209822741908048727e+00
2.785484968453749133e+01 -1.526229747112896717e+00
2.783315256762315215e+01 -7.913719351398356139e-01
2.784635432816131839e+01 -7.967035354647578060e-02
2.789023088982691689e+01 6.323489337409924360e-01
2.793208508067706219e+01 1.336794966007314400e+00
2.798185648337095444e+01 2.056137518111647466e+00
2.801786929102049584e+01 2.775466527041483999e+00
2.801529955897026269e+01 3.512320056107778754e+00
2.877727836294518937e+01 -4.291469232768946540e+00
2.873420737096737554e+01 -3.614040542279035151e+00
2.870188796151365551e+01 -2.923310985574911314e+00
2.870811708719592303e+01 -2.218404337315082131e+00
2.867933882563358594e+01 -1.541026250384962992e+00
2.867439189845622849e+01 -8.149240392189227578e-01
2.870025043747853744e+01 -8.113570069096454063e-02
2.865872385284503565e+01 6.106378904373386263e-01
2.868987555091774055e+01 1.303053321187224611e+00
2.873112384007780662e+01 2.019001089168494190e+00
2.875622101821991095e+01 2.731331637749494945e+00
2.878159279277152649e+01 3.484112175119253862e+00
2.958304989072562563e+01 -4.295016819662702545e+00
2.945393746805722657e+01 -2.235490700019354904e+00
2.944680193882856400e+01 -1.576238370460977478e+00
2.984568540379813584e+01 -8.188882089331777081e-01
2.950502354684505946e+01 -1.431144793763010625e-01
2.945587692527787027e+01 5.652024311197081374e-01
2.949880406865600690e+01 1.298013165987988771e+00
2.951882234905848890e+01 2.008442036861620039e+00
2.952338508018866747e+01 2.713929099217505581e+00
2.953196851582418248e+01 3.449135006846571372e+00
3.034999873166167816e+01 -4.308025504835963915e+00
3.029122329757760923e+01 -3.598992658824467838e+00
3.030645458329541242e+01 -2.941616430941262905e+00
3.027920480618619337e+01 -2.238114767803800476e+00
3.026042277108788170e+01 -1.563533418135619968e+00
3.025543420261345062e+01 -8.631057340773793385e-01
3.027198816482960098e+01 -1.641394766663957228e-01
3.029124365075467296e+01 5.564127919974488634e-01
3.030454107633948269e+01 1.283530460037130894e+00
3.031908263878251120e+01 2.023642682888407762e+00
3.029178209031612568e+01 2.759749884705758660e+00
3.030506844529912058e+01 3.497643037282966105e+00
3.118794114190034605e+01 -4.280835408352523075e+00
3.111645293340396989e+01 -3.665122928195881258e+00
3.101424054550387410e+01 -2.974679290342994165e+00
3.101768383136300855e+01 -2.283132518082890527e+00
3.101617210828970173e+01 -1.573862730477170402e+00
3.102745238605775313e+01 -1.741802486724566279e-01
3.104038174523098093e+01 5.454591934067849479e-01
3.101722354280926908e+01 1.284784684510302810e+00
3.105038613204806808e+01 2.036347319785747345e+00
3.111785000717011229e+01 2.780128003025556183e+00
3.120776751954684158e+01 3.483029679775359710e+00
3.190341426282413551e+01 -4.309923984345672920e+00
3.189016444145087092e+01 -3.661601782979278852e+00
3.184932702591003562e+01 -2.951744579684788761e+00
3.180043895705355084e+01 -2.243808914298742963e+00
3.180538946689748769e+01 -1.573845207077464892e+00
3.176774331580174504e+01 -1.613437873691729862e-01
3.177454532597160863e+01 5.570282635365764179e-01
3.188277791624067703e+01 1.275728487858192040e+00
3.188124084883651932e+01 2.028004245899666103e+00
3.195206167272419151e+01 2.724309741319050460e+00
3.191698757833186306e+01 3.483217042449549439e+00
3.272451576265348905e+01 -4.327438904192121072e+00
3.264127584028805273e+01 -3.617369715282016784e+00
3.267107201783145598e+01 -2.939450376705188717e+00
3.262323272512809780e+01 -2.232390858916936338e+00
3.256388762480511190e+01 -1.528797175352675453e+00
3.261543379461760850e+01 -8.562992511985427768e-01
3.257932243707355013e+01 -1.524476523604718636e-01
3.258652333600627315e+01 5.642084759212693257e-01
3.260264944985737401e+01 1.296021085995047173e+00
3.259562173069090107e+01 2.054243967181399455e+00
3.266112969363269514e+01 2.782853402399386056e+00
3.267982398804654309e+01 3.495799014806802774e+00
3.350726730222601901e+01 -4.273144471312878778e+00
3.345917585745954881e+01 -3.580587853272941601e+00
3.338629125532656161e+01 -2.902599765351080663e+00
3.336677217149341601e+01 -2.247857164629429860e+00
3.335172917123382064e+01 -1.560384802500522028e+00
3.334069419682925428e+01 -8.395369548977207330e-01
3.332426953568330674e+01 -1.220002415157424025e-01
3.335003359448939619e+01 6.108831489112418467e-01
3.335449814511564881e+01 1.354938110996556588e+00
3.340423339684821968e+01 2.070597146809021183e+00
3.345641248579145355e+01 2.798712029938702273e+00
3.345983866538484364e+01 3.529766841650538112e+00
3.425829926335055831e+01 -4.276932631805610896e+00
3.420582691922870566e+01 -3.621140918612450577e+00
3.418833785573428230e+01 -2.898741096331182376e+00
3.412932009481333040e+01 -2.225075082449109232e+00
3.410575992405888002e+01 -1.557582567960665187e+00
3.410765010019380128e+01 -8.266901847868943776e-01
3.412024830942677767e+01 -8.190692949811406720e-02
3.407657327811637771e+01 5.501872680354864542e-01
3.410038693624820638e+01 1.363111121150694771e+00
3.420008352620707370e+01 2.086985863336877856e+00
3.422011306286542975e+01 2.825978255616750090e+00
3.420409373123164443e+01 3.561803276135446339e+00
3.502307465933107977e+01 -4.263076577808700307e+00
3.499891366197375220e+01 -3.586010372716941674e+00
3.496358620230206071e+01 -2.885668496504607106e+00
3.490178329507055111e+01 -2.212310497907679974e+00
3.487697636100302390e+01 -1.489207794246215855e+00
3.486151149914663705e+01 -7.791506487467394493e-01
3.490019592319726627e+01 -1.649029711531468934e-02
3.491291470571594147e+01 6.724515181863743862e-01
3.500024651053919200e+01 2.064664553739859798e+00
3.499848956177246606e+01 2.850507342229125385e+00
3.508464596298849614e+01 3.645509170415099476e+00
3.581474583690110336e+01 -4.270829364937224426e+00
3.579478339420146682e+01 -3.528189552261530082e+00
3.576384481701115448e+01 -2.901516742494020917e+00
3.566989534994790034e+01 -2.162614990292340167e+00
3.565244879439632797e+01 -1.445646694026603285e+00
3.563141397011134615e+01 -7.204155147636583933e-01
3.568210986547146746e+01 5.154139710121796725e-03
3.567720364343716000e+01 6.722747258913521762e-01
3.572472110512848786e+01 1.439728617757356943e+00
3.572194879137249046e+01 2.131717133961512189e+00
3.585966298446582101e+01 2.902281256741371607e+00
3.596617716939407927e+01 3.618519024869581102e+00
3.661849469699519233e+01 -4.217254100128677408e+00
3.653192645582233666e+01 -3.499538253438714719e+00
3.650718106340914204e+01 -2.808569571113018526e+00
3.642682014003896285e+01 -1.390017540456479850e+00
3.642349533473227297e+01 -6.746060091879115816e-01
3.651026226116052698e+01 1.843533624574327234e-01
3.644090271193056907e+01 7.583896587291789615e-01
3.663021548751182621e+01 1.444925836413531783e+00
3.665407264791920028e+01 2.200422407882729914e+00
3.665665582968320990e+01 2.932931840953589386e+00
3.672032315645657974e+01 3.640382373119539494e+00
3.745269757512250663e+01 -4.148553249788616171e+00
3.735184263984917408e+01 -3.448751064847133563e+00
3.733434629335004473e+01 -2.727061841715840984e+00
3.730261298505704559e+01 -2.028673944069648627e+00
3.727431118118891362e+01 -1.322198625325480492e+00
3.724131276650229694e+01 -5.892014519305988074e-01
3.736862299115531272e+01 1.908014814733505204e-01
3.741391685886099339e+01 8.046085302513468207e-01
3.764092381454018010e+01 1.385370689158484936e+00
3.763976804780899243e+01 2.288454047905265298e+00
3.835555507151257615e+01 -4.078630731425345601e+00
3.831032435370951106e+01 -3.329818416237774414e+00
3.827999170386146233e+01 -2.656728889145004047e+00
3.832421240692217879e+01 -1.935130573504661555e+00
3.854626138618827014e+01 -1.124698534634390512e+00
3.823083872780969017e+01 -4.361419137136195445e-01
3.826659103933496198e+01 2.754938862060111404e+00
3.850776723433174453e+01 3.235985997905505229e+00
3.934616259008154060e+01 -3.253786847912145674e+00
3.937046749331266682e+01 -2.967117018455017075e+00
3.932201896193965496e+01 -1.755001564949978388e+00
4.000125782571785038e+01 1.145736142656819112e+00
4.000452912360876923e+01 1.900746103010707344e+00
4.000901448939324467e+01 2.622091477039486307e+00
4.000706731393358240e+01 3.323725014391104793e+00
3.999193865962876515e+01 4.002586724850377919e+00
4.074179594435282326e+01 -3.969351162694042756e+00
4.072696183286766569e+01 -3.216050452609422905e+00
4.071027048522571334e+01 -2.462690243860777173e+00
4.071023329804966551e+01 -1.774346428312824742e+00
4.072509630410466031e+01 -1.063098020655196763e+00
4.072801081315804339e+01 -3.523303626531557597e-01
4.073883765165646054e+01 1.128807509489561767e+00
4.072000088382059602e+01 1.851354466564924195e+00
4.070753701495528531e+01 2.538203475463458147e+00
4.069325360951932424e+01 3.313403230479853079e+00
4.071275047988959983e+01 3.969351162694042756e+00
