-2.457633754877548427e-01 -4.017930425276130535e+00
-2.349515442407152932e-01 -2.518299563390023366e+00
-2.461349480103578458e-01 -1.838832245068214633e+00
-2.345276578394077660e-01 -1.119072303021496850e+00
-2.473730359772332577e-01 -3.842586010377182504e-01
-2.338547137596478365e-01 3.578351160219988003e-01
-2.415846476252880848e-01 1.092963382745111289e+00
-2.391478438722600686e-01 1.813404028789857847e+00
-2.380124170943815898e-01 2.517811198461544109e+00
-2.372485322980324440e-01 3.260017579327012527e+00
-2.353297847986937086e-01 3.979955127158845585e+00
4.989483772957186147e-01 -4.002214795602057507e+00
5.083274756917148807e-01 -3.291268302687534231e+00
5.001801687267644070e-01 -2.554363658566302320e+00
4.806805977169474886e-01 -1.836269122849639501e+00
4.839872259713118297e-01 -1.097494408869515325e+00
4.997674930569786511e-01 -3.752670308827106282e-01
4.635141191433618246e-01 1.081293041405409383e+00
4.875366976757931070e-01 1.810994886303653573e+00
4.941190968858890642e-01 2.520848409085420627e+00
4.843801174231003870e-01 3.276815134378431082e+00
1.232355925351221515e+00 -3.275085015304423308e+00
1.218950451250805145e+00 -2.557991208563663577e+00
1.224012242238309511e+00 -1.827552352802438662e+00
1.226488295950630913e+00 -1.094205399341657170e+00
1.224316418923130811e+00 -3.676298619734694739e-01
1.224962744227177325e+00 1.082848553015018922e+00
1.229096805352142496e+00 1.797272906309927976e+00
1.212666323653394329e+00 2.544832130375258572e+00
1.222341486438182301e+00 3.275045802477485779e+00
1.217998120299249365e+00 4.001123192820777774e+00
1.953880036470827974e+00 -3.997466057180659504e+00
1.959224872369041748e+00 -3.281255836447883212e+00
1.972583291877668898e+00 -2.542567321547256398e+00
1.947535393883732979e+00 -1.807599507746854073e+00
1.943373602186376559e+00 -1.093915331813139602e+00
1.951987421790803978e+00 -3.754808832631226778e-01
1.951891347072781002e+00 1.083031918780303471e+00
1.953790618315977667e+00 1.818925614356508902e+00
1.955195487314639990e+00 2.541131639381674745e+00
1.965416196945952265e+00 3.271719439653267614e+00
1.962805262016345864e+00 3.988987438188424051e+00
2.678722154777062769e+00 -4.001157858974529802e+00
2.661696173080024153e+00 -3.284017777409044214e+00
2.680762681487060206e+00 -2.557909395774103700e+00
2.695904954484745986e+00 -1.824217670268534874e+00
2.698902246055098431e+00 -1.096669513349763037e+00
2.689041613430816824e+00 -3.608844185742974275e-01
2.684757492060391826e+00 3.649117990461157035e-01
2.678622787986043363e+00 1.804822790993288351e+00
2.679705846847475925e+00 2.559640191079505911e+00
2.662850359092722385e+00 3.266473009533569893e+00
2.681316715278093454e+00 4.001576957753556485e+00
3.417747282821672172e+00 -3.999638799958027846e+00
3.408996242402182020e+00 -3.283248583436058965e+00
3.402623057974430765e+00 -2.561751454423980334e+00
3.415174576788260197e+00 -1.820936804042371904e+00
3.413930131730005257e+00 -1.099941901919557097e+00
3.408469992202320498e+00 -3.543625986788967452e-01
3.387646107273639018e+00 3.581428666005592731e-01
3.411179384563361339e+00 1.104123466885681637e+00
3.397193888462723521e+00 1.825661006971696310e+00
3.419944424932481297e+00 2.557831143342333746e+00
3.390110522829033357e+00 3.255988329229261069e+00
3.407647754464292689e+00 3.991389477376010575e+00
4.147410049269382171e+00 -4.007252578051446079e+00
4.150376955894813591e+00 -3.270544092639951828e+00
4.136072980201888072e+00 -2.549973332255440539e+00
4.136881584272217083e+00 -1.838503931099602084e+00
4.132673803307312710e+00 -1.098448985254790955e+00
4.144609790403372074e+00 -3.753908176887357229e-01
4.129741628286964783e+00 3.540145354613706274e-01
4.149404790388004471e+00 1.087480620219874794e+00
4.136346073025116254e+00 1.819812181446504695e+00
4.134463482160157355e+00 2.551937936156470244e+00
4.137566076785581970e+00 3.272123568012823114e+00
4.130705133742466728e+00 3.987445381942393396e+00
4.849580269667889354e+00 -3.986567968743660373e+00
4.860570868851972648e+00 -3.277332360119398658e+00
4.865703381728195609e+00 -2.546367953809987483e+00
4.888677388707463933e+00 -1.820195478767299591e+00
4.858359079907593525e+00 -1.110360411580415985e+00
4.868697621208205817e+00 -3.667794136874817923e-01
4.860461098927125079e+00 3.806271452004423850e-01
4.867678698010365679e+00 1.072606941372448830e+00
4.874115272508959151e+00 1.810650762072523179e+00
4.874157219138268715e+00 2.550998506552822676e+00
4.873185998287915766e+00 3.263998319748708354e+00
5.599541628002654647e+00 -3.992578216897456400e+00
5.603506093786926101e+00 -3.270876963080773692e+00
5.606465757864675936e+00 -2.542881350140721253e+00
5.590617018141280425e+00 -1.092897631667113956e+00
5.595118584351766344e+00 -3.674832920826638372e-01
5.601410710837747331e+00 3.652391521809796870e-01
5.610872492032704884e+00 1.076909675499113206e+00
5.612972926764989268e+00 1.808000257290089507e+00
5.602373011090861610e+00 2.528868502783662819e+00
5.615869430501575721e+00 3.265389134172608010e+00
5.610101600925240461e+00 3.973775533851636510e+00
6.311140080976400668e+00 -3.992454194367251574e+00
6.326133485059585837e+00 -3.269049080309951449e+00
6.324799746560486824e+00 -2.537463319274891660e+00
6.337784376568883715e+00 -1.816415955295106244e+00
6.327907071615513246e+00 -1.096139067821336965e+00
6.318029559199693779e+00 -3.510681245594327038e-01
6.330455202874460952e+00 3.617311262452993503e-01
6.296370794413817862e+00 1.068853650116295739e+00
6.345420459598258844e+00 1.812394047052485746e+00
6.337358341526027061e+00 2.553501390446211161e+00
6.337034801222863223e+00 3.265976571986925592e+00
6.328818765996977902e+00 3.982357881863805460e+00
7.057618656483462871e+00 -4.004089527862749520e+00
7.042936218432949147e+00 -3.275319730849322042e+00
7.054429017914685573e+00 -2.548545122394312301e+00
7.048710880145286239e+00 -1.803081363296087147e+00
7.043034887110557918e+00 -1.076922165804425902e+00
7.067846011111335258e+00 -3.658913676396551296e-01
7.060936352783265590e+00 3.629997831963862609e-01
7.062457722662188075e+00 1.086522672067310680e+00
7.059069369143124106e+00 1.814455944630271489e+00
7.059293852449386009e+00 2.558895352720568894e+00
7.059865488811297496e+00 3.266187817139140748e+00
7.071493946649404450e+00 3.987549243856051362e+00
7.792729241483819180e+00 -4.000376532915709049e+00
7.782447417273004930e+00 -3.290726153125930864e+00
7.789203670819532022e+00 -2.546729525109821424e+00
7.789983981752335751e+00 -1.817639891751564818e+00
7.792980481969173923e+00 -3.623417291133286255e-01
7.795600286437206705e+00 3.628107167804373034e-01
7.777323100570676218e+00 1.081683998840794914e+00
7.797278299680030500e+00 1.807136497498916583e+00
7.793235935314619667e+00 3.263392775260768985e+00
7.802560110588785847e+00 3.983226893442001426e+00
8.524252801789600653e+00 -4.000988225192283920e+00
8.503749436365382053e+00 -3.279547386016865573e+00
8.505363215107017538e+00 -1.823784256923396185e+00
8.529543201279849995e+00 -1.101804535597597834e+00
8.544366417144480863e+00 -3.676857027380933118e-01
8.540891740096896001e+00 3.651019343655086402e-01
8.528344179218869670e+00 1.087970755639503295e+00
8.538594623622245194e+00 1.809516625259050215e+00
8.535659142588883697e+00 2.543771690066826352e+00
8.525431909891203475e+00 3.273333631442774561e+00
8.520170316934184029e+00 3.991198788308111034e+00
9.262645874675875746e+00 -4.006445315835136967e+00
9.258051499408011864e+00 -3.270765820476107422e+00
9.252963952985268747e+00 -2.540812910368657640e+00
9.248286610500123572e+00 -1.839198972328389914e+00
9.257464593065876102e+00 -1.105650785955550219e+00
9.265392288125191556e+00 3.410263772966217743e-01
9.267231715533391423e+00 1.092287151424130798e+00
9.269138524007431101e+00 1.800644393304413171e+00
9.260488209212006439e+00 2.544376655684743582e+00
9.246576638432379980e+00 3.247867803080843885e+00
9.253044885870842506e+00 3.994532645118482606e+00
9.988054396586626638e+00 -2.556317177310585720e+00
9.995067353233480389e+00 -1.099325048334435451e+00
9.989162677416743463e+00 -3.799765581671969983e-01
9.992428748163270313e+00 3.530010924897091229e-01
9.975248820151740858e+00 1.094247430326920068e+00
9.993014335683817251e+00 1.803130209935325468e+00
9.983562968332542198e+00 2.546342224418818745e+00
9.996806599223468481e+00 3.263752531673297597e+00
9.991222877669819979e+00 3.990994876045576234e+00
1.072446487713381202e+01 -1.823589585422595860e+00
1.072566153598931038e+01 -1.098370964946553840e+00
1.072287193264402561e+01 -3.852049658116101227e-01
1.070407987592423638e+01 3.530827430446024096e-01
1.069537384042205019e+01 1.093167160077360478e+00
1.072366424711439237e+01 1.813782632662974237e+00
1.071684300551620339e+01 2.526052115129424180e+00
1.071762810475654248e+01 3.258097712104365939e+00
1.071741523450047140e+01 3.975489263677197016e+00
1.147319389680897928e+01 -4.005922398262132589e+00
1.147256866933744845e+01 -3.289847148864652127e+00
1.146852331302877559e+01 -2.557643122322573959e+00
1.147366790210457310e+01 -1.832099028140223851e+00
1.146614828342314496e+01 -1.098741076168842312e+00
1.145779061108250829e+01 -3.714040587132174664e-01
1.144565825288746908e+01 1.103420259175059925e+00
1.145408552972166660e+01 1.815214167193872186e+00
1.145352392814358211e+01 2.531692243400812004e+00
1.145807880949460866e+01 3.267768690604349047e+00
1.145698640203824681e+01 3.982534316644006367e+00
1.220035651674532318e+01 -3.275119704521440411e+00
1.220555743306326235e+01 -2.549473605706300106e+00
1.221880614114795094e+01 -1.828925194438628665e+00
1.219354450108370713e+01 -1.096006539316885409e+00
1.218068331804742854e+01 3.464673534267461719e-01
1.216429064060426413e+01 1.078073222615977045e+00
1.217729834248977028e+01 1.802401923934482397e+00
1.217106384141767705e+01 2.527905090799833943e+00
1.217749065607399217e+01 3.246605321613841966e+00
1.217818196042517798e+01 3.991079571493550304e+00
1.292708747576786266e+01 -3.270179394788129912e+00
1.292489768379024184e+01 -2.552095672273544835e+00
1.293752851123686298e+01 -1.841111267707702837e+00
1.291920062312720319e+01 -1.099467936613297780e+00
1.292907808106122047e+01 -3.558306540922160366e-01
1.291515721448267584e+01 3.554731460440230251e-01
1.290334100795083572e+01 1.082190126380144335e+00
1.290506791567657530e+01 1.814235690590059846e+00
1.292027180111587370e+01 2.537833433108417580e+00
1.290761915938141158e+01 3.257638669236762041e+00
1.290911706586832253e+01 3.979579152840450718e+00
1.367509776135387511e+01 -4.027422785854525955e+00
1.365207323027813402e+01 -3.280871842327037768e+00
1.366444374530979644e+01 -2.559177101897443407e+00
1.366264791436544357e+01 -1.830769496835880972e+00
1.365137267362577234e+01 -1.100933778638292893e+00
1.365814943807453119e+01 -3.688432842813256229e-01
1.365635389141680633e+01 3.593320853180941299e-01
1.366125398374514077e+01 1.081696378992415219e+00
1.364937123806407726e+01 1.809070594041870095e+00
1.364866026073181615e+01 2.549588047785871225e+00
1.365191651758898672e+01 3.263360570244230985e+00
1.365017603647223865e+01 4.011453193857533961e+00
1.439984413431048438e+01 -4.004993441521865094e+00
1.440424505369296782e+01 -3.275631825961070831e+00
1.440444786327653048e+01 -2.546605136075623221e+00
1.439044095838986692e+01 -1.086913589586828266e+00
1.438998545401229023e+01 3.694656552844044484e-01
1.437204707650096225e+01 1.078410387446194107e+00
1.437869490196142408e+01 1.803767452411769057e+00
1.436672407631841253e+01 2.536337812345269782e+00
1.439324890537064050e+01 3.276241919484071730e+00
1.438385992083337328e+01 3.988463676095811650e+00
1.512516787420827313e+01 -3.279405708105041839e+00
1.513107652382807800e+01 -2.559827233354461384e+00
1.512071372198310115e+01 -1.827632303246076617e+00
1.513856157277246695e+01 -1.106944895624536684e+00
1.513720173665187474e+01 -3.648086130805694438e-01
1.510919694046247486e+01 3.389626672298220456e-01
1.512301299056603199e+01 1.071021188065252261e+00
1.510996728223879160e+01 1.803761991476857673e+00
1.511051196621725268e+01 2.551938222228198327e+00
1.512474605552608864e+01 3.273232910687795538e+00
1.511723667945755523e+01 3.996155365105146018e+00
1.586339983655754082e+01 -4.013540708309314198e+00
1.586452518889341690e+01 -3.277858543870728170e+00
1.587459524561811008e+01 -2.550068404501946162e+00
1.586683120613423625e+01 -1.825473348947401320e+00
1.583931862328048368e+01 3.616742414508671288e-01
1.584454023680267909e+01 1.092616175775553700e+00
1.585184401651974895e+01 1.820502952056767043e+00
1.582375009200444538e+01 2.533885940901370759e+00
1.585569446644286273e+01 3.268657872646713258e+00
1.585215911173771985e+01 3.996631276811065447e+00
1.660742822744659719e+01 -4.003624079417146930e+00
1.659843985493090912e+01 -3.281212195103478280e+00
1.660786562529387567e+01 -2.552194142477240746e+00
1.659924447084896570e+01 -1.099243026681001822e+00
1.659547744430157223e+01 3.829540939887117190e-01
1.658728379536588449e+01 1.075132227508575511e+00
1.656872662263686635e+01 1.815881198896917681e+00
1.658602966623886488e+01 3.281139344875668939e+00
1.658352283016184003e+01 4.002842469312383855e+00
1.733571896585183936e+01 -4.001704994142702532e+00
1.732597852723267806e+01 -3.278848200152598480e+00
1.734427590987574064e+01 -2.550439047287056837e+00
1.733970890485677785e+01 -1.834740448299875482e+00
1.731523229556190557e+01 -1.103103540326902277e+00
1.733617914036619112e+01 -3.792275497321995203e-01
1.733197671457657663e+01 3.599047754239954600e-01
1.731129794960560275e+01 1.810462251740879935e+00
1.732638734828786653e+01 2.541159105980057120e+00
1.730895300373998680e+01 3.281364150034832505e+00
1.732043368430525021e+01 3.990798362264705190e+00
1.805877553468259578e+01 -4.019658890709678190e+00
1.806673913759857442e+01 -3.280833179915781272e+00
1.807096715807939091e+01 -2.576658234348609966e+00
1.807759675536242128e+01 -1.826035543586414178e+00
1.805074959265943590e+01 -1.104110690793572047e+00
1.805016412684435068e+01 -3.765986830282592734e-01
1.805833543965490406e+01 3.619477893261979773e-01
1.805716997647414246e+01 1.832521760091683660e+00
1.804776405027247677e+01 2.550775906876154409e+00
1.804844346993100856e+01 3.279298229015452648e+00
1.804829645961928719e+01 3.990623991889485467e+00
1.879592164860336112e+01 -4.000977823120557275e+00
1.878477299429062697e+01 -3.276587393888167554e+00
1.878893951364991466e+01 -2.558525297865632098e+00
1.878542451081769116e+01 -1.804405863354883621e+00
1.879234861670466472e+01 -1.096288553715933034e+00
1.878452516581157283e+01 -3.915026076831296109e-01
1.878805356598430620e+01 4.033734133422122170e-01
1.875852146296430334e+01 1.096002881662421657e+00
1.874286742463401367e+01 1.744360762629767692e+00
1.877594473250647411e+01 2.561800571132934579e+00
1.878228387245411568e+01 3.265698690218954425e+00
1.878714582823059942e+01 3.999434371430162116e+00
1.952384116319162644e+01 -3.996468667224974070e+00
1.951602050954172540e+01 -3.287032295707987828e+00
1.951640871857055259e+01 -2.535910241635523477e+00
1.951095996563120849e+01 -1.829706854351119460e+00
1.949522602111358083e+01 -1.101620790188427179e+00
1.952162724909931768e+01 -3.660802771493010255e-01
1.950123813447614651e+01 3.543635117498808995e-01
1.951351537090746291e+01 1.104706700910359274e+00
1.951102126243821999e+01 1.828683291485440066e+00
1.950734561684529922e+01 2.549387461543073385e+00
1.951463653425431488e+01 3.290899019035357753e+00
1.948966286603454989e+01 3.988108172887855574e+00
2.023836091983422847e+01 -4.019625871474858059e+00
2.024788327262708520e+01 -3.282790793569027699e+00
2.022909084532031443e+01 -2.541242510046114234e+00
2.024876732958301773e+01 -1.831440456606042488e+00
2.024426985711834703e+01 -1.092022175493102765e+00
2.025412442482758024e+01 -3.721870720988817993e-01
2.024725028881998412e+01 3.733575076430035722e-01
2.025366026353334803e+01 1.079889869416913228e+00
2.022579391278515715e+01 1.815493148476083007e+00
2.023879824557985074e+01 2.543716902834859184e+00
2.023207292321075101e+01 3.271117620611484256e+00
2.024399041718987746e+01 4.017434822255147253e+00
2.097194774720139065e+01 -3.992461425922684271e+00
2.095519841436079389e+01 -3.282563316469055081e+00
2.097295844506385265e+01 -2.550094549534019706e+00
2.096782583396846178e+01 -1.817459851633334011e+00
2.097138201582976791e+01 -1.099253185735555860e+00
2.096672477079108887e+01 -3.718875744137264405e-01
2.097473929825238770e+01 3.570349231655498556e-01
2.096922256799406625e+01 1.087090305962288284e+00
2.097929534685569308e+01 1.809356955349333163e+00
2.099203024457992228e+01 2.542394513012130375e+00
2.096434405452624361e+01 3.269417034883673523e+00
2.098047474751788144e+01 4.001931080321277534e+00
2.171276675666101141e+01 -4.000470650863167776e+00
2.171026721109605973e+01 -3.277068811012551208e+00
2.169086068249948340e+01 -2.570121577662582979e+00
2.170725625126468827e+01 -1.836360650936747163e+00
2.170564601533450144e+01 -1.088270631427260327e+00
2.171051092165199492e+01 3.565494679084686425e-01
2.170533418850166640e+01 1.109353714277311553e+00
2.170438608355038212e+01 1.806960502187305195e+00
2.170005408913247180e+01 2.552977059874070420e+00
2.166937199951492232e+01 3.268709677712436701e+00
2.170642911843947331e+01 3.979376485981376277e+00
2.244642772429707378e+01 -4.015567402791109686e+00
2.243895650802572561e+01 -3.289603336284901758e+00
2.243265394450428829e+01 -2.537294049730832057e+00
2.245772204362799584e+01 -1.821278746537863924e+00
2.244988403477614725e+01 -1.084906670972944909e+00
2.244306429811911130e+01 -3.714462181754853987e-01
2.243376696455421637e+01 3.664235141584946120e-01
2.245069037126381772e+01 1.099137095264939745e+00
2.242725880342885603e+01 1.821168384239452820e+00
2.243231129800467727e+01 2.557172865587169497e+00
2.244370594985607426e+01 3.261624186095730238e+00
2.243448872419342877e+01 3.989067445846444571e+00
2.318663564358399753e+01 -3.990874443176203101e+00
2.318274192501296938e+01 -3.273254246882839169e+00
2.318511369617676365e+01 -2.537943820404212403e+00
2.318705653901722030e+01 -1.813624090862838045e+00
2.318095242984194471e+01 -3.560335247927248759e-01
2.317739211493846341e+01 3.673021089469976630e-01
2.316840435796508757e+01 1.097136835701050472e+00
2.316887837962060814e+01 1.820746981523754471e+00
2.316815681800815696e+01 2.545242714299345010e+00
2.317284338632804008e+01 3.257593300671850045e+00
2.317419933076829608e+01 4.013421268766585115e+00
2.391641641571547439e+01 -4.008282763452136521e+00
2.392075589554213622e+01 -3.274939539530059562e+00
2.391389177482161443e+01 -2.547734265187287406e+00
2.392167770694727835e+01 -1.808937633939049050e+00
2.391366239290454843e+01 -1.085072115633877843e+00
2.391703831573027372e+01 -3.702182774145228450e-01
2.392582525943510063e+01 3.611491218622830957e-01
2.391619681603845038e+01 1.105082689190378886e+00
2.390705337241119111e+01 2.558532606513651331e+00
2.390248254649180382e+01 3.267485587736075558e+00
2.390246369420469819e+01 3.999556675293021613e+00
2.464655550553230512e+01 -3.999385822937593815e+00
2.464140920012017233e+01 -3.274140246123348419e+00
2.465338614628122116e+01 -2.545026989462790823e+00
2.464734197934068050e+01 -1.816595577662329930e+00
2.465000534364317986e+01 -1.082988351847451014e+00
2.463679214013675534e+01 -3.652887467813030753e-01
2.464117332406231498e+01 3.638959339131488946e-01
2.464111596319757069e+01 1.093329623292582653e+00
2.464220290286986881e+01 1.824184909127268384e+00
2.464116294947254460e+01 2.550189735362977217e+00
2.462236896160521837e+01 3.276727088990050163e+00
2.464804211107727383e+01 3.990924781533770727e+00
2.537634569464181311e+01 -3.999626620459235227e+00
2.537683645727703663e+01 -3.272122170516297501e+00
2.537520092283680384e+01 -2.544048113929950006e+00
2.537732324624084868e+01 -1.819995153753811934e+00
2.536703370937012636e+01 -1.082255379205427914e+00
2.536733179762988044e+01 -3.574592848015996083e-01
2.539375642951058865e+01 3.429101723837106874e-01
2.537059493870187765e+01 1.087292692128343674e+00
2.535838756272794114e+01 1.816055769041291512e+00
2.537283729898318541e+01 2.547137214743329992e+00
2.534873516302466356e+01 3.275387919846146190e+00
2.537915451114464815e+01 3.995609171806187021e+00
2.611342384970476616e+01 -3.996348879054870906e+00
2.610547627270256754e+01 -2.545482390013152241e+00
2.608455728583317779e+01 -1.823805062657207543e+00
2.609771635068812401e+01 -1.087875042204373699e+00
2.609402082997543459e+01 -3.661531071058696796e-01
2.611087548306609563e+01 3.536387157288700678e-01
2.610179380990110332e+01 1.082788211491848784e+00
2.610191610576767829e+01 1.819369170411430758e+00
2.609907848108961304e+01 2.541318412772628932e+00
2.608862213121069829e+01 3.271255531679891249e+00
2.609701005610133251e+01 3.994305449041107181e+00
2.684088776056596970e+01 -3.981760195998148788e+00
2.680101698292319412e+01 -3.258027574606092713e+00
2.685190576345422642e+01 -2.541091882499518562e+00
2.683190092896806078e+01 -1.816609737213457976e+00
2.684007333594909994e+01 -1.100709700009133485e+00
2.683639055277649987e+01 -3.668846453508791683e-01
2.682557879836055292e+01 3.587766378173462556e-01
2.682567866502076726e+01 1.079768997258270247e+00
2.682267238837130918e+01 1.810063884856642602e+00
2.683209291167231925e+01 2.530759896379947804e+00
2.683239739988879791e+01 3.271993191709633209e+00
2.683368509989951178e+01 4.003160120483599371e+00
2.756419490037582420e+01 -3.983958721435605810e+00
2.756784159530685940e+01 -3.286668577642476663e+00
2.755844451490583680e+01 -2.554536496704159276e+00
2.756326701209923158e+01 -1.818140730263809957e+00
2.756163416198660343e+01 -1.089714686381377362e+00
2.755247968142617765e+01 -3.606142587617533479e-01
2.755380279037160562e+01 3.636020757660176628e-01
2.754005993899033200e+01 1.088903843654929204e+00
2.756243973686780890e+01 1.823862732946299303e+00
2.756894495732885986e+01 2.551933498622254604e+00
2.756507521956054063e+01 3.266433894806830551e+00
2.755538299955348691e+01 3.994479208950053817e+00
2.829859393949136148e+01 -3.997276741643236875e+00
2.826807672794119952e+01 -3.297621361859519595e+00
2.830252176960117083e+01 -2.543992901213936619e+00
2.829379031943597766e+01 -1.818430196804918353e+00
2.829169454281499441e+01 -1.096855539482454844e+00
2.827854267488543627e+01 -3.837051751150397649e-01
2.829381607470457993e+01 3.613199766289660886e-01
2.828887121187977982e+01 1.074474990561625987e+00
2.828317875874514442e+01 1.831249851905592863e+00
2.828763277963371792e+01 2.547808317177285176e+00
2.829924929286774926e+01 3.268100410635639719e+00
2.828741345350560721e+01 3.999918097496866665e+00
2.902009467564197820e+01 -4.005645427909744427e+00
2.902218911415058500e+01 -3.271040525806636623e+00
2.902069945057792921e+01 -2.537283844249156317e+00
2.903069779979632159e+01 -1.824649590130334786e+00
2.902291035061117697e+01 -1.079804322947293116e+00
2.903108744730072743e+01 -3.638830609440333319e-01
2.902973521169835891e+01 3.645994499732907457e-01
2.902795825574431632e+01 1.089280098022705090e+00
2.904145401580381503e+01 1.805959659050504484e+00
2.902144245572069536e+01 2.540638983199524858e+00
2.900630505067292830e+01 3.275427884038450088e+00
2.901649869972721518e+01 3.999664641279416344e+00
2.976093779282008001e+01 -4.002515662870699487e+00
2.975537544704435078e+01 -3.280350380564861723e+00
2.974742717147312732e+01 -2.533804673433611043e+00
2.975223911786195430e+01 -1.826379034623798248e+00
2.973555579203790700e+01 -1.097982861458888237e+00
2.973707102925040857e+01 -3.683378933912351272e-01
2.974166554201293167e+01 3.592051206290101106e-01
2.974359576001688055e+01 1.084207203109965434e+00
2.975029980797091156e+01 1.800806414275093914e+00
2.975164516018754313e+01 2.543298205972764237e+00
2.974850472662405565e+01 3.262900220636524296e+00
2.975614626773798221e+01 4.002250261298428313e+00
3.049020293675710747e+01 -3.997015199562575560e+00
3.049957509010273071e+01 -3.278967311541435947e+00
3.048545757205761930e+01 -2.551292252237811198e+00
3.048401106498402413e+01 -1.821328758888178356e+00
3.049139593146217209e+01 -1.089523947248654423e+00
3.047479036710188183e+01 -3.704823975219078136e-01
3.048585611717997068e+01 3.569791420342305344e-01
3.048364140928060095e+01 1.096795540011857639e+00
3.047984872442261661e+01 1.833624777172122577e+00
3.047968021700233265e+01 2.541659456982337417e+00
3.047630261749196023e+01 3.264734923057481808e+00
3.047845883569888059e+01 3.988568656238832943e+00
3.120956294738845571e+01 -3.995845961351580655e+00
3.122223500305818078e+01 -1.812627509878375065e+00
3.121484726949677935e+01 -1.100211453161243469e+00
3.121244288909930020e+01 -3.676939532948360068e-01
3.122163387228484766e+01 3.618617973356776929e-01
3.120743335342161373e+01 1.079432233132123997e+00
3.120454893927684026e+01 1.817326228452611048e+00
3.121475720605528892e+01 2.542139802076729183e+00
3.121701556652538301e+01 3.266820601341279939e+00
3.119858412160446193e+01 3.997506510090218512e+00
3.195252059842746206e+01 -4.003318231075748912e+00
3.195022580292893366e+01 -3.270585321041998839e+00
3.194659217253468597e+01 -2.553366531644932991e+00
3.195471145905369070e+01 -1.823604082041235586e+00
3.193876296947679094e+01 -1.097428774943359997e+00
3.194574186751315636e+01 -3.711538239426594998e-01
3.194004314325409410e+01 3.595443227164345501e-01
3.194025797118805343e+01 1.088801522684388345e+00
3.194409492068589174e+01 1.827357151994149831e+00
3.194856118718498550e+01 2.548093471095274509e+00
3.194491932223733244e+01 3.284755885829376609e+00
3.194218556563101430e+01 4.002461494376170492e+00
3.268997280283081608e+01 -3.999478703705328542e+00
3.268419240670132098e+01 -3.274652524793339126e+00
3.266473410562149837e+01 -2.545567716037780315e+00
3.267853704079136179e+01 -1.827226722704182293e+00
3.266943574126099037e+01 -1.079404024988292576e+00
3.267893100836725040e+01 3.587360356069346778e-01
3.267647896598361257e+01 1.078573684155657020e+00
3.266425483889593551e+01 1.820147272481161593e+00
3.266897578455212425e+01 2.546317831694061340e+00
3.265103340719559100e+01 3.258525149883858774e+00
3.267857938319911426e+01 3.989581621767293029e+00
3.340367152146446728e+01 -4.006166876977488300e+00
3.340558513798954010e+01 -3.275564874997687781e+00
3.341042884158327553e+01 -2.535364630059909530e+00
3.340033425220389773e+01 -1.816716226922583388e+00
3.340437314776253430e+01 -1.087443411787752723e+00
3.340542242543461526e+01 3.478846073891048718e-01
3.338968406587846260e+01 1.095708741203434755e+00
3.342123184212402265e+01 1.810825910704672026e+00
3.340286755630129534e+01 2.545015504713944665e+00
3.340909102642468298e+01 3.274960852778818321e+00
3.339811916005567838e+01 3.990110288331429444e+00
3.413114445020304544e+01 -3.996048527678603079e+00
3.413408097059521396e+01 -3.274629020266509372e+00
3.414068297057544754e+01 -2.546455227028907586e+00
3.412656631909654692e+01 -1.834848343544742022e+00
3.413021079628472165e+01 -1.088438499517732083e+00
3.414140922379262832e+01 -3.651740212883964887e-01
3.413139623831126102e+01 3.624162992080002255e-01
3.413621622508025411e+01 1.093980611484138166e+00
3.412934305451629058e+01 1.814498326074392764e+00
3.410970830853892011e+01 2.553206715483742784e+00
3.414782099414660621e+01 3.275194302867390661e+00
3.412750219693362652e+01 4.012025815872668488e+00
3.487030748946049385e+01 -3.990612913898520020e+00
3.486473647886260352e+01 -3.269373360756056002e+00
3.486691639563439793e+01 -2.528484878061849628e+00
3.485421780249777868e+01 -1.822646780155931623e+00
3.486226005279684870e+01 -1.092711952071990567e+00
3.486051455127131504e+01 -3.701752968422660217e-01
3.486278023744726084e+01 3.583105575820404454e-01
3.486517917532948019e+01 1.102949326987825884e+00
3.486714105122101870e+01 1.829431955072724492e+00
3.487523017611565734e+01 2.543531197987125125e+00
3.488156936919940421e+01 3.274315358332003711e+00
3.485569537748579449e+01 4.001828235863960970e+00
3.558940206364888326e+01 -4.002595440186478726e+00
3.557074106536099833e+01 -3.273797280843059099e+00
3.559186536571962023e+01 -2.540736899132298277e+00
3.558633543771582453e+01 -1.820866062144006037e+00
3.559773750823647021e+01 -1.094882231800575312e+00
3.559902198425235298e+01 -3.715564229652912331e-01
3.557646159620390591e+01 3.624877364648781963e-01
3.558599451985967477e+01 1.077842967127125462e+00
3.557615944224401261e+01 1.822990749302160651e+00
3.557342589599408456e+01 2.535498237323491111e+00
3.559251488661518437e+01 3.273548981796132296e+00
3.558497946373876886e+01 3.991528009893293927e+00
3.632449974084725142e+01 -3.979948833828569121e+00
3.632118280416407430e+01 -3.260201987735289464e+00
3.631786200688393507e+01 -2.541515759133403662e+00
3.632202915010326905e+01 -1.814783087041654142e+00
3.632167147409749219e+01 -1.095691083694159573e+00
3.631384724515393003e+01 -3.621992881619462423e-01
3.632963548726878145e+01 3.735647527262635492e-01
3.632407580618468756e+01 1.117046178324649475e+00
3.633567589998647662e+01 2.543874685339350350e+00
3.630821644128803172e+01 3.276441444193153529e+00
3.632421288251386926e+01 4.021568738375322027e+00
3.703041948144470297e+01 -4.011488412762595601e+00
3.704190384739786879e+01 -3.265603348118574445e+00
3.706667911373794055e+01 -2.557459888231537803e+00
3.704735115722193228e+01 -1.824521316064107168e+00
3.704641760611482226e+01 -1.086575195892926615e+00
3.703922801831757994e+01 -3.646017137322488111e-01
3.706648174683520125e+01 3.694600125230778076e-01
3.704680279771222473e+01 1.089054812745249734e+00
3.705050075813787913e+01 1.840168160478665271e+00
3.705771433966948081e+01 2.553131889734750359e+00
3.706513635929392336e+01 3.298179038029203980e+00
3.707125294565658891e+01 3.992168361960963807e+00
3.779589469000648450e+01 -3.988883229076424897e+00
3.777568744604374018e+01 -3.270652313428563218e+00
3.777868240138885625e+01 -2.539667727751080406e+00
3.777081521400314301e+01 -1.085412766310486887e+00
3.776717862265130776e+01 -3.599121277326027268e-01
3.775739268517353509e+01 3.887558082781232827e-01
3.777809101833349104e+01 1.108403167507898246e+00
3.778066186146393335e+01 1.803642082148655845e+00
3.779488326581975599e+01 2.549840100522658304e+00
3.776320195465400076e+01 3.279206662223515423e+00
3.777974169802123328e+01 3.998009242786402240e+00
3.851036011999610054e+01 -3.991686205190529080e+00
3.851904897674138084e+01 -3.255721543279229024e+00
3.850701208066362113e+01 -2.546855267702863301e+00
3.850050438635683037e+01 -1.823206239498663450e+00
3.851019993098321237e+01 -1.088915806598624414e+00
3.849736282759163686e+01 -3.595934617601344030e-01
3.851688108590216331e+01 3.978368968650123350e-01
3.852569690877182751e+01 1.101741342043570882e+00
3.852603399080692981e+01 1.820385738612383619e+00
3.850544925540238950e+01 2.552713000931923659e+00
3.927276171738559896e+01 -3.970519683754570650e+00
3.925065506487297995e+01 -3.249227421983555075e+00
3.927693621898607290e+01 -2.556661326045656324e+00
3.924264562042440474e+01 -1.799175055285548552e+00
3.927868766699497627e+01 -1.027254239601649743e+00
3.925564412541034898e+01 -3.252790357938621923e-01
3.924118550439772690e+01 2.561256789500760078e+00
3.923863333466410808e+01 3.247932346650415525e+00
3.996756060590939086e+01 -3.290123792201363528e+00
3.996494291341134186e+01 -2.484793433251045514e+00
3.994306558073082414e+01 -1.783273966174828473e+00
3.999554335831461316e+01 1.103463838288980980e+00
3.999881575010066825e+01 1.835641229397122487e+00
4.000042144116309117e+01 2.593539052901697062e+00
4.000384744232595580e+01 3.306082343453631722e+00
3.999490738375342147e+01 4.009615719063525319e+00
4.073765393083800035e+01 -4.001372320405707228e+00
4.072187644035584952e+01 -3.252315865258800898e+00
4.071894070979958968e+01 -2.552217032223079940e+00
4.071436238344163172e+01 -1.799541841231814487e+00
4.072503923548470794e+01 -1.080194578863363120e+00
4.073227613723074825e+01 -3.515755015345902734e-01
4.074197295547201492e+01 1.105533337900794777e+00
4.073284439526099021e+01 1.831412642418779768e+00
4.072335493675169715e+01 2.547123244851629664e+00
4.071301766627153285e+01 3.303313977857321504e+00
4.071689249340443695e+01 4.001372320405707228e+00
