-1.333409842339605689e+00 -4.076458666404310094e+00
-1.316016960175858230e+00 -2.654691462554396253e+00
-1.328348580432077597e+00 -1.896624748923990467e+00
-1.322000942059133877e+00 -1.165652064708954327e+00
-1.341551405855597068e+00 -4.442376371538756530e-01
-1.328981746854175583e+00 3.815017649365763930e-01
-1.327087729017321749e+00 1.044565508101634066e+00
-1.325877583231772405e+00 1.762915405716391604e+00
-1.321183495126838636e+00 2.467695528854903841e+00
-1.326294746933413649e+00 3.209308485397272648e+00
-1.313793885645182513e+00 3.954073480958463449e+00
-5.325795934555230815e-01 -4.048816363670319163e+00
-5.244313366600152904e-01 -3.342059805159035335e+00
-5.440206237733988814e-01 -2.601999503049007956e+00
-5.752932850174374835e-01 -1.885391282116930967e+00
-5.687626725091519120e-01 -1.150557232021437670e+00
-5.516190902675930374e-01 -4.375373461480833726e-01
-5.882106411850571703e-01 1.013287547259963617e+00
-5.833724722530817530e-01 1.764967824619816383e+00
-5.808403547113343279e-01 2.467679509598760035e+00
-5.980681126362412670e-01 3.249234136306561993e+00
1.810601562339968496e-01 -3.321257024896034693e+00
1.349678406464036584e-01 -2.607495143597638787e+00
1.800359116751124589e-01 -1.877581774693755534e+00
1.673211439523640820e-01 -1.137942069668476108e+00
1.724027874219942191e-01 -4.185495980887168344e-01
1.663617489300150964e-01 1.045805592129376294e+00
1.707663059620259105e-01 1.761208718053726585e+00
1.437868767510295243e-01 2.511705597947045732e+00
1.622148815502200137e-01 3.248440293417857561e+00
1.464523624365625665e-01 3.969894585816682309e+00
8.967701446899809525e-01 -4.043239224915161856e+00
9.087463768222292515e-01 -3.327390823984071488e+00
9.168770772952044013e-01 -2.591343787030936596e+00
9.039455440854737844e-01 -1.861597333763995721e+00
8.824841772400660034e-01 -1.149439194223148775e+00
9.026098217764086939e-01 -4.293456158880495366e-01
8.982910649980908602e-01 1.030984378346563091e+00
8.908249951356879137e-01 1.787085393022117330e+00
8.965018246108726885e-01 2.518943404297566246e+00
9.071241944086168019e-01 3.247616078129972550e+00
9.100534284387293837e-01 3.957336931773106414e+00
1.636367182297810530e+00 -4.030813046763597640e+00
1.614051359092975702e+00 -3.317162236216734783e+00
1.638149828327229329e+00 -2.606840036711592035e+00
1.647202835517191488e+00 -1.866992670196264470e+00
1.656919471969139579e+00 -1.137067884750628366e+00
1.645929740175873235e+00 -3.934153806491167416e-01
1.653180618592429596e+00 3.444912771683910080e-01
1.637924995732852551e+00 1.750967016306951507e+00
1.642262729144356115e+00 2.542107205866209085e+00
1.590017296047008699e+00 3.259706925010974032e+00
1.635170743271658012e+00 3.979167081779408477e+00
2.380535560409192897e+00 -4.024693720590629908e+00
2.359945012091834826e+00 -3.338130097909338900e+00
2.336847576955662475e+00 -2.608049952338035382e+00
2.362353970664663905e+00 -1.869927752013861522e+00
2.368931953505509114e+00 -1.146975625026993129e+00
2.356316758952367252e+00 -3.975546673963030742e-01
2.338136145890096884e+00 2.873043173866776101e-01
2.356478020122800388e+00 1.048824100848140262e+00
2.359603354290221944e+00 1.780476384805343315e+00
2.394275079108652449e+00 2.540128117107503414e+00
2.338030792190238571e+00 3.207498608017708364e+00
2.363512136223235416e+00 3.969055404953010679e+00
3.113680693050959292e+00 -4.037205802300949387e+00
3.142603290211759770e+00 -3.275207646515099214e+00
3.093561835175258068e+00 -2.576703357916965587e+00
3.094370658015392905e+00 -1.884277843582800926e+00
3.093064412576865152e+00 -1.143042408142630251e+00
3.101835385352174512e+00 -4.370614640726948608e-01
3.084255158577477118e+00 2.861582542970921850e-01
3.119189219307919814e+00 1.035771954352149749e+00
3.118209188967689727e+00 1.769403411401523130e+00
3.106822990430153197e+00 2.532207420556794375e+00
3.112462882662271113e+00 3.223791513544348675e+00
3.102299778712037437e+00 3.936620778443028712e+00
3.804438329471771851e+00 -4.012203997396774469e+00
3.819928205145473044e+00 -3.299911653186530458e+00
3.829857271083362491e+00 -2.575894533035153700e+00
3.931537814454344471e+00 -1.875425615385115208e+00
3.807485647370292270e+00 -1.160441887473588451e+00
3.831098052919074348e+00 -4.161472909358323591e-01
3.784495395595229184e+00 3.497255142832180752e-01
3.841784282550939622e+00 1.019842532087739784e+00
3.854311819567534769e+00 1.752014391784999958e+00
3.868090105003901158e+00 2.502396093986241965e+00
3.879514507284611113e+00 3.221483248990857362e+00
4.566735133474203678e+00 -4.018997175089104701e+00
4.560458784129394871e+00 -3.297085275759489065e+00
4.569226571372013268e+00 -2.571211547252659102e+00
4.548380052430701426e+00 -1.137303456715926586e+00
4.552131041079121587e+00 -4.229566222664722375e-01
4.571471468167096930e+00 3.197744706684808591e-01
4.595949245083701840e+00 1.025215736062950356e+00
4.625941212119720092e+00 1.772464760784870919e+00
4.599903064248977103e+00 2.478990106925856196e+00
4.630422971548895816e+00 3.204311431653287912e+00
4.645250518411359053e+00 3.898676466035290389e+00
5.283109160631639156e+00 -4.015628058337306072e+00
5.299932637658606893e+00 -3.295669846835785677e+00
5.307731237352342646e+00 -2.575735041152846350e+00
5.314964767451265004e+00 -1.839130354098145403e+00
5.289679609256907611e+00 -1.140003241871383466e+00
5.288680011551164739e+00 -3.887778455743529094e-01
5.309927075980674260e+00 3.133709051874014051e-01
5.316350383373709576e+00 1.067471732448758814e+00
5.349894457418116644e+00 1.752514767253220640e+00
5.362703699273048130e+00 2.498333403224041405e+00
5.350459272335214678e+00 3.208253816630929123e+00
5.337220569372703949e+00 3.945608789592341736e+00
6.037232469668872170e+00 -4.032616626035625984e+00
6.022295086953306509e+00 -3.303830549756483492e+00
6.034539588919727748e+00 -2.577862010339824650e+00
6.031894234371648622e+00 -1.819839512781985746e+00
6.017172059216434832e+00 -1.110270043939927120e+00
6.073060315918759500e+00 -4.066411665139604281e-01
6.050372496574134118e+00 3.308858445700693096e-01
6.065334455204130393e+00 1.029221542135534406e+00
6.071644928307847522e+00 1.761885561969943836e+00
6.090447115830073699e+00 2.521706644828604738e+00
6.100121146269096073e+00 3.221644882988954350e+00
6.108485709071871383e+00 3.935584520336256276e+00
6.780125780040059169e+00 -4.028345876918777435e+00
6.767818062414818314e+00 -3.332770602832251683e+00
6.773935230768245219e+00 -2.571519388227169856e+00
6.773331589925938090e+00 -1.854510676382467693e+00
6.810292780602530627e+00 -4.043458670762909435e-01
6.821564615067558179e+00 3.211249295030889073e-01
6.770556582567607506e+00 1.034712714065101125e+00
6.840535951732341857e+00 1.753609854932577150e+00
6.842431998266270909e+00 3.198383035315863765e+00
6.856160259453105255e+00 3.927575636261153136e+00
7.506117663368058857e+00 -4.029912041117082566e+00
7.449037396825211488e+00 -3.313286786426552055e+00
7.510275109633468560e+00 -1.861454041122932779e+00
7.556023771378661991e+00 -1.152845887713429107e+00
7.599469000757942183e+00 -4.105655757373476433e-01
7.600922734039009754e+00 3.122514315128235296e-01
7.576062322189450526e+00 1.030494223535622922e+00
7.577473249375351827e+00 1.756372578637158455e+00
7.585147843221868413e+00 2.490082909081095863e+00
7.590239049667765414e+00 3.219150567099497096e+00
7.571836864969561987e+00 3.957919154646667437e+00
8.304437471690128802e+00 -4.039831329525952697e+00
8.290961085817130538e+00 -3.312331781048630575e+00
8.303674261930680700e+00 -2.553905607008626788e+00
8.265552390468066335e+00 -1.892766053787667602e+00
8.303764325494100262e+00 -1.175763099081443386e+00
8.336692759126670182e+00 2.770124757196086307e-01
8.339374052630574852e+00 1.028496893110965260e+00
8.333094050705931011e+00 1.738300417666749809e+00
8.315608731181370672e+00 2.486603063631243060e+00
8.303213852598027245e+00 3.200127945714868360e+00
8.299409796233248926e+00 3.940948482467732106e+00
9.056196791501669452e+00 -2.612251212127958411e+00
9.070402252319460956e+00 -1.164932664918648442e+00
9.060119992105533981e+00 -4.580055104552513967e-01
9.061213981135928464e+00 2.853798860588696584e-01
9.041297470825604421e+00 1.024451133302424211e+00
9.057239242201539753e+00 1.734892118141953432e+00
9.039344957585676354e+00 2.478169143664228358e+00
9.057495451378969165e+00 3.202141135492070134e+00
9.071838714447871155e+00 3.921400483236389789e+00
9.822414519038701997e+00 -1.905093337975486634e+00
9.809059956972866701e+00 -1.182010657609502857e+00
9.816012138487636207e+00 -4.752850013964433629e-01
9.781730354645212344e+00 2.633278281475703864e-01
9.761028073318598786e+00 1.042870028668215099e+00
9.793076118281618392e+00 1.741391856806398408e+00
9.800731103751317619e+00 2.444263639829618029e+00
9.788700737044443656e+00 3.172404378585973461e+00
9.818757718027995907e+00 3.878200156176824009e+00
1.066701822229403263e+01 -4.062688932009194787e+00
1.065737495606574470e+01 -3.342202813992795285e+00
1.065645495126607756e+01 -2.614879366346730905e+00
1.062898561558537125e+01 -1.908826908425009350e+00
1.061126903810204425e+01 -1.167999976196210099e+00
1.058921408305304368e+01 -4.517970676687284026e-01
1.053490872553625479e+01 1.024515320158311482e+00
1.054015669156838442e+01 1.711328084338092026e+00
1.054976840919615455e+01 2.453387177211215686e+00
1.055366167445857428e+01 3.197676824445338184e+00
1.058663488512093664e+01 3.880696415210920236e+00
1.141064963861249737e+01 -3.347465375681426991e+00
1.141141965895009491e+01 -2.612660149589522973e+00
1.141619236386999603e+01 -1.908736706165278463e+00
1.136495735022386100e+01 -1.174776163037790866e+00
1.131275756047926961e+01 2.653812381557330013e-01
1.128210416873648114e+01 9.947541780395248168e-01
1.127969827778181156e+01 1.715455685295236066e+00
1.128529001546774424e+01 2.441162310005122293e+00
1.130496288076221134e+01 3.134205507175579442e+00
1.132517287662153649e+01 3.901112366025429878e+00
1.216140982549724470e+01 -3.330805537200454580e+00
1.215352546810269274e+01 -2.606497982080917097e+00
1.217532877596398322e+01 -1.921062187457671655e+00
1.211694590716601283e+01 -1.157505220655099976e+00
1.211184759501679054e+01 -4.349852800682576515e-01
1.207439778291701060e+01 2.641624061256777622e-01
1.203295706708956914e+01 1.000005347333932093e+00
1.201638624832958868e+01 1.733211954667520871e+00
1.202605748019604448e+01 2.456798465318087210e+00
1.206633242560825181e+01 3.156300904082748104e+00
1.205753176146520644e+01 3.876497928571005502e+00
1.297257345451404120e+01 -4.112102851363118816e+00
1.292751592361440061e+01 -3.347661167187542475e+00
1.292080359795776445e+01 -2.624486914183027153e+00
1.289370616818401771e+01 -1.901112831492568489e+00
1.287486833914299211e+01 -1.157470675726866460e+00
1.286080322598753867e+01 -4.271594553868567345e-01
1.288244999243511302e+01 3.009564749597011257e-01
1.283905330028497360e+01 9.920326945348563186e-01
1.288917415820969836e+01 1.717831945672770644e+00
1.284643031956049697e+01 2.489536034854179292e+00
1.284072421402736097e+01 3.173245174077393926e+00
1.285108043543883838e+01 3.912142936391653336e+00
1.373351868067756953e+01 -4.059097549100375346e+00
1.374278854394493266e+01 -3.336241107777745185e+00
1.372660498491709546e+01 -2.586900662525764005e+00
1.364517043716499956e+01 -1.133065659479214560e+00
1.364646721107408212e+01 3.049915330685877279e-01
1.360419952833945700e+01 1.010906095131367977e+00
1.360627993515080192e+01 1.741344524080673750e+00
1.358889472471309290e+01 2.470912875594397207e+00
1.361854599680265210e+01 3.213932369330855465e+00
1.361319805327941879e+01 3.915749180743098634e+00
1.444570374625003240e+01 -3.338356072413990461e+00
1.448946966049334151e+01 -2.604260656410570363e+00
1.445031342781377504e+01 -1.883613997318256850e+00
1.446835759326325643e+01 -1.163549963424383549e+00
1.445703070894261089e+01 -4.243995463264234047e-01
1.441191535423826764e+01 2.700779615161579272e-01
1.441625375639829798e+01 1.028139807172358644e+00
1.435637330042290927e+01 1.742992967285726280e+00
1.433767739021507737e+01 2.507213636645275301e+00
1.435176837370745062e+01 3.222737688328628280e+00
1.437678421019235486e+01 3.919262082474780584e+00
1.523761510076598569e+01 -4.070295286577959359e+00
1.522465098917481185e+01 -3.335362967608482165e+00
1.523487244730007717e+01 -2.606625154100598252e+00
1.521422364170624064e+01 -1.882563983736456947e+00
1.515470992036109976e+01 3.358199404817732159e-01
1.512878805084974232e+01 1.031005198106289100e+00
1.513868393457669015e+01 1.762378321520088775e+00
1.512650544448062107e+01 2.488617605622383877e+00
1.516842383765438029e+01 3.208468630793475995e+00
1.516965554836389884e+01 3.930138713305069587e+00
1.604200847655769024e+01 -4.061318550887659029e+00
1.602693637412861705e+01 -3.355632210872961707e+00
1.600326719796964881e+01 -2.591651808678015811e+00
1.595496473989504693e+01 -1.146175151018766769e+00
1.593385933096440965e+01 3.417094903570578879e-01
1.592545176022827746e+01 1.011247519253856808e+00
1.588450998969849337e+01 1.763707460884340605e+00
1.590358136158809543e+01 3.214138400425738951e+00
1.589906502370723729e+01 3.939421230285162778e+00
1.678441024852811125e+01 -4.073692280338576666e+00
1.677654442069578522e+01 -3.346041578696233643e+00
1.679953965369607971e+01 -2.614274017858956967e+00
1.677995552007438818e+01 -1.903468556223486985e+00
1.670974861504721076e+01 -1.163771631613368385e+00
1.676288772555255235e+01 -4.404324433380999437e-01
1.668192215711381721e+01 3.291515510421518798e-01
1.664536339228347828e+01 1.762288398275785539e+00
1.665737028287857413e+01 2.491671552655592592e+00
1.663270359984919367e+01 3.236631140171539300e+00
1.666770060394520669e+01 3.928018407081324881e+00
1.751377546317232259e+01 -4.079878813878298871e+00
1.752183477561440128e+01 -3.352349550379255305e+00
1.751648727513638448e+01 -2.660028232215992716e+00
1.751641767681227435e+01 -1.901691852778181868e+00
1.748355163527289591e+01 -1.191208900703987439e+00
1.747514212045074800e+01 -4.526246799174593605e-01
1.746850162866582679e+01 2.879227430248043618e-01
1.743198066949571512e+01 1.780622702754865117e+00
1.741870529651503574e+01 2.497047347627052716e+00
1.739763626918078643e+01 3.196662302234216213e+00
1.741310382683150237e+01 3.941105010228241667e+00
1.825521165876585883e+01 -4.063742968408529777e+00
1.823505961110317486e+01 -3.339926720149641426e+00
1.822565233382809424e+01 -2.628472864939418230e+00
1.822072774807252671e+01 -1.868768677857151062e+00
1.822477798782173863e+01 -1.170625043570630908e+00
1.820957464846068063e+01 -4.546989313912277453e-01
1.821552863735890782e+01 3.505199611297236117e-01
1.815736204745138593e+01 1.032150686049572386e+00
1.814458816936868857e+01 1.693740332535654147e+00
1.816965398180347080e+01 2.518488387923000005e+00
1.816706454156508244e+01 3.217565239210273376e+00
1.818256779116642718e+01 3.959300588364548901e+00
1.897906828343996466e+01 -4.051560665070393696e+00
1.896793379359188236e+01 -3.348906488553069494e+00
1.895822597783448771e+01 -2.606556392646023568e+00
1.893895594202963650e+01 -1.891628962010397430e+00
1.891413676994012150e+01 -1.174920609838832064e+00
1.894133088909903506e+01 -4.333038332140404236e-01
1.891240351028554301e+01 2.941353222239442289e-01
1.892312351583318275e+01 1.039230444140930132e+00
1.890706416311010685e+01 1.779153042926228778e+00
1.889760605025609408e+01 2.510209795749037909e+00
1.889770497069686428e+01 3.253516938243016909e+00
1.888160823437090130e+01 3.956769228484773748e+00
1.969232178548974588e+01 -4.083946521630764437e+00
1.969087985044237854e+01 -3.335579349218601664e+00
1.966713021860395116e+01 -2.609259886443908272e+00
1.968021288497462962e+01 -1.893581077023057446e+00
1.967092010186485140e+01 -1.146414486217132378e+00
1.968009540932662560e+01 -4.222017826507666882e-01
1.964844239605335474e+01 3.190179108271422592e-01
1.967371490315294835e+01 1.033303373959753912e+00
1.962174930367270065e+01 1.769931615892826215e+00
1.963944547694082843e+01 2.500502827186046773e+00
1.962275061865091175e+01 3.242582577707210589e+00
1.964314639322603284e+01 4.001539150619166207e+00
2.045473559530497454e+01 -4.041466079012035806e+00
2.041115439651349561e+01 -3.318072882450895378e+00
2.042028404911344808e+01 -2.588704224723869629e+00
2.041008578786578909e+01 -1.870456718991583500e+00
2.039335968391404208e+01 -1.148983990115258536e+00
2.038790855625307330e+01 -4.199207704828573640e-01
2.039550206833625623e+01 3.128258621580464194e-01
2.038429936821910360e+01 1.037019290770672342e+00
2.038277900860938985e+01 1.768418400874185892e+00
2.040738858522384902e+01 2.494386425580898958e+00
2.037690750044779264e+01 3.230055094691593354e+00
2.041069629907249805e+01 3.972886415221154266e+00
2.121881213852936554e+01 -4.051989631337757913e+00
2.121135448282003466e+01 -3.316902249280754944e+00
2.117246395775570278e+01 -2.615495943607168527e+00
2.116984172500222172e+01 -1.838103541135033936e+00
2.115907515216772339e+01 -1.122047126303179709e+00
2.115146169225379680e+01 3.174568518935068084e-01
2.118390026076094301e+01 1.064945437317181387e+00
2.116072274082850413e+01 1.775007897714683480e+00
2.114023764643453518e+01 2.525164589179794916e+00
2.112602958398324660e+01 3.243235683448745021e+00
2.117787199530396691e+01 3.943539423032710545e+00
2.194955463490914127e+01 -4.061294077336501829e+00
2.193197566011676969e+01 -3.332445783291426267e+00
2.191550490401689899e+01 -2.573500810671408345e+00
2.195019824679521037e+01 -1.864343060807836849e+00
2.194994252860302453e+01 -1.127683354273067096e+00
2.193413510548386114e+01 -4.145778284780767819e-01
2.192602181576979348e+01 3.236964564557496260e-01
2.195407625097075766e+01 1.054264772609929679e+00
2.190405648793675653e+01 1.775281575010620116e+00
2.192054566565565921e+01 2.524942748033762285e+00
2.194015321839985688e+01 3.216495423247721419e+00
2.194069741397128581e+01 3.957793294950647578e+00
2.283086097350908972e+01 -3.984890685212604922e+00
2.278343872487958066e+01 -3.321057329065087771e+00
2.280371055951468406e+01 -2.553581609094543126e+00
2.282834481796398052e+01 -1.847829466434610879e+00
2.271710066594856414e+01 -3.923866714810948508e-01
2.272267638830766145e+01 3.334231872889539261e-01
2.271108941059070219e+01 1.064674332875004126e+00
2.269239573697497292e+01 1.787834709215740503e+00
2.269246548568739286e+01 2.512014335200877468e+00
2.270334917970063771e+01 3.219677157751746677e+00
2.269528239531412339e+01 3.983749469833625767e+00
2.355132391149702187e+01 -4.055955815256162111e+00
2.355904970241039820e+01 -3.314299756289894816e+00
2.355049460357959390e+01 -2.593700818935868568e+00
2.356202475360680637e+01 -1.844842959399432658e+00
2.354783759266424426e+01 -1.121025750140383082e+00
2.353724622782568332e+01 -4.018886378426351769e-01
2.352817966425696028e+01 3.232977188439214444e-01
2.348812151370452028e+01 1.064759538482185519e+00
2.347715026784777592e+01 2.547428403842157962e+00
2.346293782130778283e+01 3.230101575041352646e+00
2.344416666526059601e+01 3.959058270918468736e+00
2.429354755820597944e+01 -4.040629083922919307e+00
2.428535484365489339e+01 -3.316249140703263265e+00
2.429667170697332779e+01 -2.586290839656573581e+00
2.428233659571399272e+01 -1.852211400382909545e+00
2.428599757048176144e+01 -1.127627401236871663e+00
2.426242128135701392e+01 -4.105878416129442599e-01
2.425868106161924942e+01 3.246136038939262392e-01
2.424751121600812809e+01 1.057165675595207688e+00
2.424652834342145269e+01 1.789705160488775704e+00
2.424121862606134670e+01 2.510902075246161047e+00
2.418502261998322211e+01 3.252162983772770133e+00
2.422687167136444231e+01 3.946606622974876188e+00
2.502127122547780402e+01 -4.038515367222068164e+00
2.501981537913583509e+01 -3.316225686941955075e+00
2.501080427787105975e+01 -2.581671291158194492e+00
2.502706741326218776e+01 -1.859188621626188365e+00
2.500943216986615880e+01 -1.123110034383419276e+00
2.499769576440389329e+01 -3.936060405868886392e-01
2.503682247125082228e+01 2.956085270938899612e-01
2.499602813345085650e+01 1.058505918114239108e+00
2.496938414404101536e+01 1.779050209784294623e+00
2.498054206607063321e+01 2.514739685541147907e+00
2.494874321374987858e+01 3.245451105048140050e+00
2.499732596731233514e+01 3.961662619327142920e+00
2.576942988025401604e+01 -4.030518811138801283e+00
2.575364145695240126e+01 -2.594839863453724860e+00
2.572059277056013116e+01 -1.869540135105840051e+00
2.574880567011208399e+01 -1.137929371570084669e+00
2.573723096372827257e+01 -4.134741863339996826e-01
2.574022419006608686e+01 3.142619607923151648e-01
2.574296272832802401e+01 1.038200548230815201e+00
2.574756767153028392e+01 1.777222977671350179e+00
2.572977741124893214e+01 2.499115706754949429e+00
2.572254160679985802e+01 3.234351663486528139e+00
2.572701790857533410e+01 3.955069880795264226e+00
2.649647528969043719e+01 -4.030278216044582251e+00
2.643510971309127200e+01 -3.303259444563863667e+00
2.651701038965131119e+01 -2.587258337822650134e+00
2.647830363250696450e+01 -1.856894158108918447e+00
2.648443812559698074e+01 -1.142477301289677172e+00
2.648230013304687702e+01 -4.121295277853533889e-01
2.647123551889288251e+01 3.147172435968137449e-01
2.646915358063280621e+01 1.034405268951999801e+00
2.646242795056142683e+01 1.766007544877087554e+00
2.648343103269854026e+01 2.482223279719445230e+00
2.647842290931941989e+01 3.229539439479189866e+00
2.649147760049941525e+01 3.961965624788035711e+00
2.722250277909928684e+01 -4.024826957215520196e+00
2.722672099954129266e+01 -3.330210936810747313e+00
2.721450541897389286e+01 -2.595058607773093939e+00
2.722004918386991079e+01 -1.861917898914509095e+00
2.721021438762590350e+01 -1.140600113704131502e+00
2.720464610190418853e+01 -3.948566370037873696e-01
2.721546044584008683e+01 3.176037434097942480e-01
2.718608394037126175e+01 1.044978009965383592e+00
2.722877096614928405e+01 1.787372435111837632e+00
2.723984363073208215e+01 2.527549709766336861e+00
2.722555608677641459e+01 3.228259437834672951e+00
2.722402001115185044e+01 3.959708921681929894e+00
2.798426006095063201e+01 -4.047010326418867265e+00
2.794184743396832715e+01 -3.350926621453204746e+00
2.798693603639585348e+01 -2.598849626037477378e+00
2.796003538918146347e+01 -1.868559246102428517e+00
2.796972111205958811e+01 -1.142611405896296617e+00
2.795049239908675531e+01 -4.360169430074982699e-01
2.796213593804010600e+01 3.207655729339364825e-01
2.795566697831659297e+01 1.005647781788546524e+00
2.794100596116624757e+01 1.790050583376842752e+00
2.796081104523999983e+01 2.498490046658865538e+00
2.797520309939377370e+01 3.228692380697658848e+00
2.796386780153095941e+01 3.958595899035998400e+00
2.871224730012696824e+01 -4.070405493482830650e+00
2.870666597210976789e+01 -3.317362125001839246e+00
2.870848513353923437e+01 -2.588134105971221288e+00
2.872598309487785428e+01 -1.882458930549500309e+00
2.870921437941363052e+01 -1.130623708556846907e+00
2.872058770696629182e+01 -4.163602180869716562e-01
2.872344713014626194e+01 3.045825538170099378e-01
2.872188368799555036e+01 1.025512560400105855e+00
2.872395411574490964e+01 1.760322135567328417e+00
2.869128758070002760e+01 2.497624544863846552e+00
2.868959714012122930e+01 3.232701293577086687e+00
2.871729738866847725e+01 3.956111344216324710e+00
2.949352859416024586e+01 -4.046189276970210358e+00
2.946196154451117621e+01 -3.334895966581804316e+00
2.945746761997910568e+01 -2.570497684699187602e+00
2.945386897255273340e+01 -1.884867097625267718e+00
2.943969213093460979e+01 -1.153183915135265636e+00
2.942986191809990970e+01 -4.315265311738372134e-01
2.943295066647990410e+01 3.008049284494624942e-01
2.944765616068298897e+01 1.027050618639634649e+00
2.944677999405561053e+01 1.736875276023507553e+00
2.946144615596613647e+01 2.481318768886549009e+00
2.947126334055830199e+01 3.195651762045038424e+00
2.946992434933660121e+01 3.948511069617012481e+00
3.021809571067395694e+01 -4.057881301771846694e+00
3.023760269522508537e+01 -3.341689391784363750e+00
3.021997677880980149e+01 -2.613668440133245952e+00
3.021394504808345260e+01 -1.884607965469147217e+00
3.021085670183837379e+01 -1.153074815396987418e+00
3.018976043265487164e+01 -4.326810736324127049e-01
3.020227008597584728e+01 2.926217394738408473e-01
3.018731997538072420e+01 1.040621225727207388e+00
3.019026473058676885e+01 1.761996221138062424e+00
3.019779219284249194e+01 2.470776356528045170e+00
3.020476886978079989e+01 3.197019357508388282e+00
3.020366202281656598e+01 3.926830964642292088e+00
3.095958588374003995e+01 -4.051603055294776823e+00
3.094794770436069342e+01 -1.873962089175940093e+00
3.094566692868605884e+01 -1.167228417691507758e+00
3.094852883932363596e+01 -4.193991260945928445e-01
3.095551915713080149e+01 2.985017494828774431e-01
3.093371341556836995e+01 1.010422897282523991e+00
3.092996744772644746e+01 1.746669494007846879e+00
3.093883947187924122e+01 2.480681052216553439e+00
3.094010493477176027e+01 3.206155202302980456e+00
3.092503351628878505e+01 3.921030734052244782e+00
3.172213338386384152e+01 -4.065170931924814823e+00
3.170026448266428787e+01 -3.318593758647644165e+00
3.169547355490174567e+01 -2.605605076046302315e+00
3.171513024153690452e+01 -1.886036504923172430e+00
3.169162449477314425e+01 -1.162140380960916985e+00
3.167702860167759837e+01 -4.483400902991512282e-01
3.168738824655986974e+01 2.958539982569519111e-01
3.168993545277839274e+01 1.020013968300446550e+00
3.169751877083833591e+01 1.751601674075594417e+00
3.169664938013197997e+01 2.485079360073900290e+00
3.167536966838535051e+01 3.225833532205079734e+00
3.167834047618671178e+01 3.937443075570627116e+00
3.247251195762587628e+01 -4.059519435185706016e+00
3.245795179301997990e+01 -3.337134179665458333e+00
3.242287656229174075e+01 -2.598735473202378188e+00
3.243944627283278948e+01 -1.893872470230267169e+00
3.242021480481903239e+01 -1.143169230801127867e+00
3.243551806764042311e+01 2.888881829390648193e-01
3.243429633572544191e+01 1.006824327532321206e+00
3.240802532564088523e+01 1.758783126576588529e+00
3.242226238234122349e+01 2.483108436532063479e+00
3.240710205270635669e+01 3.199869160466619178e+00
3.245626173833850459e+01 3.914857219182685810e+00
3.318121297806238346e+01 -4.060141125953101948e+00
3.318471576093825348e+01 -3.334080121100107874e+00
3.318828509453364717e+01 -2.593212944871694958e+00
3.317013439975020361e+01 -1.874894787730468693e+00
3.317496740752971363e+01 -1.151945233142473768e+00
3.315795387506633318e+01 2.875069283966027456e-01
3.314815260284435539e+01 1.022367805400701712e+00
3.319349043638683128e+01 1.739535602745387877e+00
3.317827835886348709e+01 2.468668617285452171e+00
3.317292405758843898e+01 3.210652962549772838e+00
3.318124477120537819e+01 3.930786086725518658e+00
3.392621015604961343e+01 -4.050201919854092836e+00
3.391795363123507201e+01 -3.324528898686516243e+00
3.393836761981541628e+01 -2.607988994813062789e+00
3.390288972019636304e+01 -1.882615866865727128e+00
3.390633770332885177e+01 -1.143578397711614514e+00
3.392185481082918130e+01 -4.311183778308702585e-01
3.389930073052010329e+01 2.928977381694650717e-01
3.390608443387993276e+01 1.023772588517442017e+00
3.390415666504683401e+01 1.745329389019175892e+00
3.388965614231290857e+01 2.491589714493720464e+00
3.392416541188635648e+01 3.210744877304385625e+00
3.389194953460035009e+01 3.955689229301114551e+00
3.466898209116101981e+01 -4.035152057715059470e+00
3.465575316881980683e+01 -3.314670517113306403e+00
3.465305045074482138e+01 -2.592403133196388154e+00
3.464270458903005334e+01 -1.879834747534118833e+00
3.465270023102784336e+01 -1.153100953943116735e+00
3.464337783477196098e+01 -4.341879196974645083e-01
3.463888706023497122e+01 2.945596776609988865e-01
3.463844341354286627e+01 1.039073667559229364e+00
3.464645466491803205e+01 1.772044115038166723e+00
3.466355886624122462e+01 2.483786264032605828e+00
3.466532872613412763e+01 3.219089790513770311e+00
3.463324041492978012e+01 3.956665152933460661e+00
3.539631939669731509e+01 -4.046776976083872768e+00
3.534099484217220066e+01 -3.343992687219149218e+00
3.538298891708780758e+01 -2.590032818020997496e+00
3.538211683897481663e+01 -1.871437987811216175e+00
3.538203797298010755e+01 -1.178262933529541812e+00
3.539779651657928383e+01 -4.456224971845230698e-01
3.537484367881895508e+01 3.123046498367543222e-01
3.537480764542271316e+01 1.018353707209318060e+00
3.536396602839625558e+01 1.771558236735284453e+00
3.535445523960101610e+01 2.471714572565666401e+00
3.539124668447281152e+01 3.219310366615246721e+00
3.536741872686585708e+01 3.945953720682886967e+00
3.613299600130574873e+01 -4.023694299348978376e+00
3.612775690642738624e+01 -3.299773075959663515e+00
3.613259686796467207e+01 -2.587033975887099047e+00
3.611985254753154351e+01 -1.871236176455369105e+00
3.611975129314790678e+01 -1.146437545084125986e+00
3.610991304576597116e+01 -4.175597598227334117e-01
3.612783233352519829e+01 3.245115164997116608e-01
3.613040588665460717e+01 1.070854277220387729e+00
3.613306107906202413e+01 2.489431133710461097e+00
3.612201705384686790e+01 3.234713448935067959e+00
3.613999683986569522e+01 3.982873453609784065e+00
3.684213710368153016e+01 -4.071316870022940293e+00
3.684469091061560420e+01 -3.309301839747167406e+00
3.683410821482706154e+01 -2.686800789669767653e+00
3.685661009086448558e+01 -1.863660357097725040e+00
3.685101234581076568e+01 -1.134622791348981252e+00
3.684145103113910835e+01 -4.112523520786481868e-01
3.688737527706187080e+01 3.232773212645447813e-01
3.686018680348937693e+01 1.033837564895474515e+00
3.685303441942384239e+01 1.814239463983959411e+00
3.685186762300440222e+01 2.509763551802301151e+00
3.689387987055619789e+01 3.268232474811519239e+00
3.690161341282793472e+01 3.961455495172259589e+00
3.762745511548130395e+01 -4.039914751265655468e+00
3.759779562791826635e+01 -3.302645042737296421e+00
3.759136071306019033e+01 -2.578919880532549058e+00
3.757373787518682917e+01 -1.130728142993625340e+00
3.757572890728933857e+01 -4.009623162374431615e-01
3.756170392014377768e+01 3.786430284998765217e-01
3.758746333065757739e+01 1.080048131911656384e+00
3.760832756833789148e+01 1.763995351609672468e+00
3.763556016562962014e+01 2.511772543393554713e+00
3.760023430896966801e+01 3.243995086160502694e+00
3.761409381143635500e+01 3.963208237633580211e+00
3.835004189356691739e+01 -4.016396519166509194e+00
3.835640458799161223e+01 -3.285739529249280366e+00
3.833873782374009664e+01 -2.575953175609075885e+00
3.832930412983501611e+01 -1.855482020587963632e+00
3.834169521898883914e+01 -1.120915880240811902e+00
3.831932558051347115e+01 -3.853728059019232433e-01
3.836951553359997291e+01 3.638335376165677815e-01
3.837161009411678236e+01 1.067472283044132553e+00
3.838275831283794304e+01 1.779595780255412762e+00
3.836829378848737093e+01 2.535543670637693481e+00
3.914552169544248983e+01 -3.983343307767349017e+00
3.914218916486127142e+01 -3.253184485676218429e+00
3.912412202789236204e+01 -2.572636425204290589e+00
3.914535734293072977e+01 -1.816083936946231603e+00
3.921641087676879778e+01 -1.042171354535931016e+00
3.911914855786334755e+01 -3.219715571112118369e-01
3.914884372549717995e+01 2.590291683271082945e+00
3.912785298464141448e+01 3.121107940573665473e+00
3.992237031518589419e+01 -3.323150092663510691e+00
3.984282546689166082e+01 -2.624481011036625233e+00
3.987886895513147323e+01 -1.820799364991525948e+00
3.998860875063900977e+01 1.090809920198314131e+00
3.999495516038496845e+01 1.843147881344851413e+00
4.000155357803226508e+01 2.608282478673821458e+00
4.000576183754044024e+01 3.306675487830936788e+00
3.999809461293812518e+01 4.013880806108709010e+00
4.073916068332680851e+01 -3.993665490954281694e+00
4.072101156857981863e+01 -3.251932540410646055e+00
4.071464431836580644e+01 -2.504644925747903983e+00
4.071223428844331949e+01 -1.797242959222796088e+00
4.071843649475319893e+01 -1.070732080123640628e+00
4.072933223287089533e+01 -3.404491511095919520e-01
4.075059187316195874e+01 1.107812460975146962e+00
4.073003972735727274e+01 1.837032994096922778e+00
4.072007329827808775e+01 2.560662721158323052e+00
4.070127323339352898e+01 3.320136559605252558e+00
4.071538574091560037e+01 3.993665490954278141e+00
