-2.918891707722451656e+00 -4.117317416546619313e+00
-2.905960480968666104e+00 -2.655571902611875146e+00
-2.918842372911910843e+00 -1.932012314872455505e+00
-2.916191848713104662e+00 -1.198391534398368208e+00
-2.937370762499156740e+00 -4.690499360116113792e-01
-2.918623724269430397e+00 3.438974323214090134e-01
-2.916669462300241378e+00 1.010032553317373072e+00
-2.917367072164829267e+00 1.734462696942348003e+00
-2.912470583036011362e+00 2.436684637299141087e+00
-2.922359574995539333e+00 3.159764593128244314e+00
-2.914285592078670106e+00 3.914270366861650530e+00
-2.069105014046229485e+00 -4.084993901979423470e+00
-2.100256852854094802e+00 -3.372613759620016083e+00
-2.104460467960642234e+00 -2.631471166151303720e+00
-2.143346394621765683e+00 -1.903584060366672048e+00
-2.120434943598034749e+00 -1.180247549399304319e+00
-2.110981894060564912e+00 -4.706200854373889797e-01
-2.136317891076203068e+00 1.007325105257571352e+00
-2.164613421137225657e+00 1.736104721606864132e+00
-2.165042371365380802e+00 2.443165248132821432e+00
-2.184986622963428715e+00 3.229107512054177676e+00
-1.370950582046731370e+00 -3.355840068651620101e+00
-1.439014743254261930e+00 -2.627055975060184068e+00
-1.376778131103534974e+00 -1.908532055247597725e+00
-1.391430810154872688e+00 -1.168351946742994585e+00
-1.391534908827992467e+00 -4.500721993721903402e-01
-1.378643906913048056e+00 1.027876625009938039e+00
-1.395604707537408729e+00 1.739811033083483949e+00
-1.418685635918173205e+00 2.491512425922888241e+00
-1.418006899983836888e+00 3.235354111604166860e+00
-1.418318570242725229e+00 3.960269845077085904e+00
-6.458143051888143304e-01 -4.068137887610809855e+00
-6.426664010281939454e-01 -3.351752515985157999e+00
-6.347570169979093180e-01 -2.618817728724884830e+00
-6.482388321102519058e-01 -1.888188668759109845e+00
-6.800818850592165177e-01 -1.185008543304753914e+00
-6.415644875857609009e-01 -4.519263632009717924e-01
-6.515775305128244099e-01 9.898379797758458665e-01
-6.735914852181963397e-01 1.770167184577264408e+00
-6.680064743412970074e-01 2.508642816294720745e+00
-6.495486302768185283e-01 3.229852195486806465e+00
-6.547234554639587145e-01 3.952102443071538573e+00
9.183759773773658708e-02 -4.042802964147703904e+00
5.615015818482760324e-02 -3.330522023464233428e+00
8.403541932489844157e-02 -2.626802836283371079e+00
9.880275727270770858e-02 -1.891422386663133892e+00
1.026644125364484239e-01 -1.165351933969219544e+00
9.678100965559366387e-02 -4.195535771016700721e-01
9.808945167075222571e-02 3.081292225513720950e-01
7.582580534376148762e-02 1.738788456436228813e+00
9.052617171739996138e-02 2.526655561945432282e+00
2.325871661926726119e-02 3.248481394145798618e+00
8.629567704861784705e-02 3.978731845465190986e+00
8.381147108672166723e-01 -4.032553846310257484e+00
8.155901563728136239e-01 -3.366871752439880794e+00
7.835253846949541412e-01 -2.629400973515782169e+00
8.161434862941234769e-01 -1.898687438233888969e+00
8.284000501884776213e-01 -1.175510258284226950e+00
8.134254336853601330e-01 -4.273611360535305437e-01
7.708428905708615275e-01 2.697153589199530188e-01
8.061489323995090217e-01 1.011942409398873366e+00
8.170247645491599542e-01 1.753973566236560089e+00
8.423209292440034801e-01 2.529153756931513897e+00
7.843661484518875682e-01 3.180983155051606559e+00
8.224782881858203609e-01 3.952478348812100251e+00
1.575635503453057140e+00 -4.039902945286016234e+00
1.619396835923865297e+00 -3.264313993258451063e+00
1.543239573481386628e+00 -2.588670136636991970e+00
1.550195344924233609e+00 -1.903220079922512298e+00
1.550993009943198331e+00 -1.167329233796571941e+00
1.554380818764556693e+00 -4.803486109196732912e-01
1.543207002105695835e+00 2.577415950503514352e-01
1.580813541896219476e+00 1.008011546294707017e+00
1.586477911230552706e+00 1.738952875411058585e+00
1.569505312483357784e+00 2.536700425259233782e+00
1.568600597884035608e+00 3.208139936344387877e+00
1.564623523484364398e+00 3.916824402326845700e+00
2.271070564153255589e+00 -4.021869304829312597e+00
2.283712068148979313e+00 -3.303357924315843519e+00
2.286461633960804818e+00 -2.584084073318489772e+00
2.353025741300477591e+00 -1.864554393359938445e+00
2.257609410370854164e+00 -1.186725703461309678e+00
2.290030010592978726e+00 -4.455553499188802391e-01
2.222256941146348197e+00 3.244289843985832533e-01
2.315659882193003227e+00 9.854315331982590465e-01
2.325151183757647289e+00 1.730966672373767778e+00
2.342025073500842325e+00 2.472679729814331040e+00
2.370887879530606313e+00 3.197253815024915014e+00
3.023288711840436349e+00 -4.026545831571809231e+00
3.028012006343111295e+00 -3.305734401905841224e+00
3.030017934210164299e+00 -2.580016651585140153e+00
3.009561862503574048e+00 -1.164120508564877809e+00
3.019611284492512482e+00 -4.559353483569346110e-01
3.039458855545596805e+00 2.928781731718608228e-01
3.062200168415444068e+00 9.998256747298128744e-01
3.109337538844314963e+00 1.744491096354067849e+00
3.093699223448382440e+00 2.446839453323672586e+00
3.117562004558379840e+00 3.165623656575156986e+00
3.157347423606275072e+00 3.857815001231251983e+00
3.750962791159878407e+00 -4.031480151538758605e+00
3.769888444684902140e+00 -3.303227661944891480e+00
3.765282187945949488e+00 -2.579087007235973061e+00
3.781086765369892078e+00 -1.850035188450203094e+00
3.761188869976280102e+00 -1.163628478652565690e+00
3.760629588146592539e+00 -4.161238704681231582e-01
3.788995456538749806e+00 2.866249951969201959e-01
3.798781907009207259e+00 1.042284023299032469e+00
3.841194088169913812e+00 1.728333033433823829e+00
3.873158756626743582e+00 2.473235691702136307e+00
3.852426222418444013e+00 3.167539259515734784e+00
3.839442347196225569e+00 3.914124177222653600e+00
4.513167180697450931e+00 -4.035699292263597471e+00
4.495802609816443862e+00 -3.320969193888505089e+00
4.505410129001944597e+00 -2.580023457675370224e+00
4.504414444219293046e+00 -1.829359941243900778e+00
4.495641219212970441e+00 -1.121747692589540435e+00
4.556527149853955905e+00 -4.236519124946482862e-01
4.534854423179538685e+00 3.001188384181290303e-01
4.552919545226437492e+00 9.934516094121867980e-01
4.557817406971096830e+00 1.739091653607211185e+00
4.595528965260534449e+00 2.489480402304728557e+00
4.614108252663044141e+00 3.191029642068656358e+00
4.625427783563729633e+00 3.897214070948933795e+00
5.266423614963279931e+00 -4.033642938787028953e+00
5.252596984672884162e+00 -3.346634161205258806e+00
5.253154804282317514e+00 -2.582384107098366854e+00
5.256767994624070184e+00 -1.865242701117285407e+00
5.337616174968630389e+00 -4.252729509471784297e-01
5.315133665167699917e+00 3.036468979567885640e-01
5.275542597934304467e+00 9.999572240887957264e-01
5.322800375048110766e+00 1.744669497968420302e+00
5.351935734548298740e+00 3.165962023654067536e+00
5.385561411951798050e+00 3.887275504984664565e+00
5.987732435129494490e+00 -4.036384609223823361e+00
5.947773395145276254e+00 -3.329732758979776719e+00
5.999771845075173360e+00 -1.869478153164500611e+00
6.054983204396982899e+00 -1.164231599803279948e+00
6.101013494585146191e+00 -4.203149243285722036e-01
6.126749618440236134e+00 3.052999483205880438e-01
6.080625389780912826e+00 1.017185781786853482e+00
6.078824433536148319e+00 1.707745800588661211e+00
6.098357583186675868e+00 2.453653254273035600e+00
6.109114455719542036e+00 3.188393578371567116e+00
6.102473038662914462e+00 3.928852152099963746e+00
6.808225911370740846e+00 -4.046635949803544463e+00
6.790622931412741536e+00 -3.328168392181716229e+00
6.804526592566666920e+00 -2.531697714741611094e+00
6.758509405095423972e+00 -1.909143547133311358e+00
6.809773916875762723e+00 -1.201727719307029929e+00
6.855454791837750861e+00 2.435167738522245884e-01
6.861653781978169775e+00 9.952774603920815366e-01
6.849112605371303175e+00 1.700565136147986323e+00
6.830227770173941337e+00 2.448474526877792101e+00
6.828509169768132381e+00 3.161322322099458404e+00
6.825822594251796716e+00 3.907971423008952172e+00
7.576809254861771592e+00 -2.635309271265708020e+00
7.601305742503676299e+00 -1.200017165270963915e+00
7.595640006776946507e+00 -4.847436847401240811e-01
7.574736345836868168e+00 2.516095612346234134e-01
7.561388471865370775e+00 9.877629972677262060e-01
7.585082239956740580e+00 1.696431431827797098e+00
7.576484771190578726e+00 2.434105989815979143e+00
7.584169538503921615e+00 3.166714796109957319e+00
7.614824705718561404e+00 3.869466560855926218e+00
8.356376630921715787e+00 -1.937163614065436690e+00
8.337962597178503188e+00 -1.225315589854883314e+00
8.351562529200300844e+00 -5.191537900723517396e-01
8.318774666151156794e+00 2.133625699142491783e-01
8.299232014466923602e+00 1.000228770271331058e+00
8.324320489758399333e+00 1.702502595851466793e+00
8.351224388356776274e+00 2.389778083395647457e+00
8.340263725225135261e+00 3.120599070559315180e+00
8.399152611626931275e+00 3.814867572854282685e+00
9.246175173731288055e+00 -4.082083284959534097e+00
9.245272215717918129e+00 -3.356360463345993139e+00
9.235448945866792769e+00 -2.629882620678394289e+00
9.183622164028534485e+00 -1.949122432306399588e+00
9.161345479583268059e+00 -1.207479636433006931e+00
9.149736049526026704e+00 -5.027622791609971387e-01
9.079442526696162474e+00 9.709279783069639791e-01
9.071583265500478888e+00 1.645185923701756536e+00
9.098959330791267064e+00 2.396733501887002404e+00
9.120768330784649436e+00 3.139825651520403937e+00
9.168675833141342935e+00 3.811876554346774526e+00
1.001545981382169259e+01 -3.389880369486892420e+00
1.001022576103657258e+01 -2.643975836274847779e+00
1.001295909592436573e+01 -1.952162105323541397e+00
9.946881742690187878e+00 -1.229459959910958133e+00
9.873512382111087504e+00 2.000899546493108971e-01
9.837084045029286017e+00 9.382765965506649763e-01
9.836717468544158294e+00 1.649906842344051938e+00
9.851063871520594262e+00 2.367421743842516690e+00
9.900683002291600587e+00 3.061304831173238483e+00
9.931527302988676809e+00 3.834786485749546614e+00
1.079127579163715467e+01 -3.378284227648904903e+00
1.077353788648043320e+01 -2.653908978998305912e+00
1.080629643771732873e+01 -1.986506256177921870e+00
1.073497298600035776e+01 -1.209078884368953055e+00
1.072941767721034267e+01 -4.977161509706427012e-01
1.066106092583202525e+01 2.045095267751939616e-01
1.060552334489089787e+01 9.253697907148357160e-01
1.058293075272313644e+01 1.660930996102020885e+00
1.061187000016128934e+01 2.379536751892185720e+00
1.066422614336467234e+01 3.083667542516110416e+00
1.067435858662449277e+01 3.793536072207302823e+00
1.169732772443470026e+01 -4.146372095408111136e+00
1.163322613574532483e+01 -3.406545187576313083e+00
1.160799335834248325e+01 -2.711368565721670620e+00
1.153489517275617260e+01 -1.976210132784597562e+00
1.152357929701049244e+01 -1.217732921306566851e+00
1.148622275535092996e+01 -4.851163417952086832e-01
1.150613036416388724e+01 2.318277636003962527e-01
1.145113599887160660e+01 9.038114083699468893e-01
1.154956172926782187e+01 1.633462137907329748e+00
1.147786911473427551e+01 2.409060700158569546e+00
1.145616671497906225e+01 3.099042018802194320e+00
1.150911002892976853e+01 3.807377319594358767e+00
1.253341598493540232e+01 -4.097195520834258531e+00
1.254006610367643759e+01 -3.390060601969508980e+00
1.250623833728009515e+01 -2.631219296148309184e+00
1.245419770126883208e+01 -1.197865084973273042e+00
1.236410896433277884e+01 2.133174193467404223e-01
1.225214400179326901e+01 9.390115174378799168e-01
1.224748809860248144e+01 1.665307398342037004e+00
1.223672832251580189e+01 2.391424095160079588e+00
1.227142819306978794e+01 3.121407110687215436e+00
1.227702596914565447e+01 3.820939171736561946e+00
1.323845667228424361e+01 -3.391525532372789087e+00
1.332649037121070279e+01 -2.650292449749471757e+00
1.326334504099067146e+01 -1.956430257363170000e+00
1.327145166613761518e+01 -1.236802941987562576e+00
1.322250418676667039e+01 -5.045203600365333330e-01
1.318087037405874185e+01 2.255948529408087211e-01
1.312234218075076342e+01 9.528045972082317405e-01
1.303100149227620363e+01 1.669752580048182722e+00
1.299459903781260550e+01 2.440699155811000054e+00
1.301032770683320194e+01 3.128160855609451119e+00
1.307329119929681838e+01 3.825364141319930411e+00
1.413605985483963678e+01 -4.129229823384068965e+00
1.411415432698003514e+01 -3.394888809425811615e+00
1.409914901998704551e+01 -2.657473684741720632e+00
1.407250127155203501e+01 -1.954176098948156692e+00
1.390160186659343111e+01 2.689110043622946478e-01
1.386072870482750830e+01 9.668158492974754381e-01
1.384421679151569151e+01 1.684034504046081793e+00
1.385974775276974924e+01 2.387254815492386939e+00
1.392092886341889368e+01 3.104544377829824953e+00
1.394547945168532976e+01 3.828014004529066483e+00
1.500936832836210044e+01 -4.120360262503258042e+00
1.500403897778209483e+01 -3.428649111676843830e+00
1.492303026568490054e+01 -2.640313336530322630e+00
1.481457375441503643e+01 -1.210952967166505800e+00
1.476351450481820393e+01 2.721019273069629207e-01
1.476332166803509693e+01 9.250862112083702016e-01
1.462735000137786301e+01 1.695873534972424324e+00
1.468956447617379268e+01 3.137826471850992505e+00
1.467516335113554504e+01 3.844203072323864490e+00
1.579420222899342718e+01 -4.146675080101708488e+00
1.578328784518267724e+01 -3.419624731524812944e+00
1.580526243949420007e+01 -2.697260951630365611e+00
1.578626419761241095e+01 -1.985909364614048656e+00
1.566839309226614319e+01 -1.252188019692198395e+00
1.574519082686708771e+01 -5.069092830945542971e-01
1.552340582513178191e+01 2.683434925596124287e-01
1.545309399204558787e+01 1.711973050410467323e+00
1.546852109262039932e+01 2.423322269023419295e+00
1.542001476587557818e+01 3.147020419631388677e+00
1.548312730303981510e+01 3.820033767789389856e+00
1.652577301171651669e+01 -4.172726473676881653e+00
1.653903549095517889e+01 -3.431812048403276805e+00
1.651686719149481064e+01 -2.737968197534019765e+00
1.650925920001660785e+01 -1.986366886647452645e+00
1.645975109335590503e+01 -1.265029933589374878e+00
1.643441048089691492e+01 -5.433881742542467919e-01
1.640842339088760582e+01 2.070698669019215288e-01
1.630041738494239922e+01 1.738094624171417024e+00
1.626804320613101851e+01 2.416665058366781693e+00
1.622964585400205095e+01 3.076413322465597844e+00
1.625476630299102965e+01 3.853920611549860098e+00
1.728630052041162912e+01 -4.145328159189933359e+00
1.725594072752665653e+01 -3.430269729660114564e+00
1.722846811310666482e+01 -2.723585340248256159e+00
1.721117706297955152e+01 -1.954532372014721631e+00
1.719607593065564544e+01 -1.251509960237363828e+00
1.715977524542359589e+01 -5.327885175498856540e-01
1.715832906677310632e+01 2.786512534385998663e-01
1.708070709415304123e+01 9.585136472748878589e-01
1.706526642029083263e+01 1.625986398835912894e+00
1.705034238859376927e+01 2.457455177040429817e+00
1.704585844778813453e+01 3.158504520930215165e+00
1.708444317861886219e+01 3.898417707808171428e+00
1.800221188251153137e+01 -4.109972566516635339e+00
1.798766939608542259e+01 -3.427040221630246464e+00
1.795245031566658866e+01 -2.664727583634299179e+00
1.792531131796152977e+01 -1.958473140267763313e+00
1.788206564402562293e+01 -1.240958107272572164e+00
1.789785178390402365e+01 -4.899511615492819772e-01
1.785309579293153348e+01 2.306977189833787634e-01
1.784285904001009726e+01 1.011092633454389045e+00
1.781718110066530159e+01 1.710921485454502289e+00
1.781216690920295775e+01 2.460621268118472926e+00
1.777070955258988505e+01 3.204671395352178820e+00
1.778584406191080802e+01 3.917699097244884854e+00
1.872181981355649327e+01 -4.141535626342125909e+00
1.870782829751002652e+01 -3.401972612281390695e+00
1.866882462088177164e+01 -2.661001108330211196e+00
1.865829495904564084e+01 -1.951424440537749661e+00
1.863625334269580236e+01 -1.201741508366328759e+00
1.862756762849250691e+01 -4.763049154114860073e-01
1.858804920908851699e+01 2.703291775557197241e-01
1.859854546369122374e+01 9.833165945394171104e-01
1.853690273833510105e+01 1.728926896945878866e+00
1.853701818071349550e+01 2.455770515418638666e+00
1.850889320430106721e+01 3.214633377790093505e+00
1.855615201745217036e+01 3.963135435841337539e+00
1.955908683424804195e+01 -4.042249675022407729e+00
1.943927149838173563e+01 -3.349939749844590864e+00
1.941898668687933593e+01 -2.623766799328631549e+00
1.939193807755925292e+01 -1.921184732527752459e+00
1.935536829219276456e+01 -1.186807725239894751e+00
1.933316018038681250e+01 -4.673910138264929515e-01
1.933704785367407197e+01 2.703629668821108112e-01
1.931289548765427355e+01 9.934646991256279591e-01
1.929727568408051042e+01 1.734463776022852954e+00
1.930505697317032343e+01 2.451495182531186146e+00
1.928549047193371280e+01 3.192315394942198736e+00
1.935298767843641343e+01 3.929464926191663210e+00
2.030270341233114806e+01 -4.108704780358188202e+00
2.029140807024803195e+01 -3.353449363540956796e+00
2.024636417743423777e+01 -2.602192695089531327e+00
2.019288716711618292e+01 -1.853217011020873883e+00
2.017780832459111195e+01 -1.131195646592932036e+00
2.010520585595923393e+01 2.767791145926388197e-01
2.030343274116260233e+01 9.857909612373454422e-01
2.016898770532468177e+01 1.739708658331217350e+00
2.010239671709879872e+01 2.496357495937175486e+00
2.014748472892337361e+01 3.226178911663232896e+00
2.018122974041676088e+01 3.854426178759560173e+00
2.103376599242002953e+01 -4.102678674608309706e+00
2.100652361935303247e+01 -3.343094649131291618e+00
2.098240019476202178e+01 -2.608934174628124936e+00
2.101966055461276284e+01 -1.903490295209159910e+00
2.104723784771923789e+01 -1.175896961851581324e+00
2.101256901742043937e+01 -4.425135198235565781e-01
2.099844167634308434e+01 2.860750287383737600e-01
2.104682009747314453e+01 1.027419227864889706e+00
2.097113142525750362e+01 1.742158993720362758e+00
2.098435660340830822e+01 2.495420978231528863e+00
2.100779400456845991e+01 3.165702381448816993e+00
2.103145263541213694e+01 3.900542306129622716e+00
2.219014769271090870e+01 -4.002726938965590620e+00
2.217405235947209263e+01 -3.353117906649991653e+00
2.214587399173973381e+01 -2.560219359446129772e+00
2.219129197965195033e+01 -1.841625091937821423e+00
2.206805865431832814e+01 -2.840675991908270248e-01
2.192033609702638586e+01 3.056281008789625275e-01
2.190192852686898561e+01 1.040735352180448103e+00
2.182722031536810192e+01 1.764434703952264982e+00
2.182635385524790195e+01 2.479014158340788754e+00
2.183073202063602736e+01 3.166190755411115276e+00
2.180453713659709081e+01 3.921643282390931518e+00
2.288073664049215949e+01 -4.084852790499940767e+00
2.288341141156863046e+01 -3.353123867713996731e+00
2.287294727626643009e+01 -2.622139311031677522e+00
2.288431101188573535e+01 -1.879490986340940140e+00
2.286565730860312584e+01 -1.154706469618879794e+00
2.283892245292694412e+01 -4.277928179257948216e-01
2.282239473152235121e+01 3.000133574165282369e-01
2.271558874926284233e+01 1.037991806899825065e+00
2.273939931653331570e+01 2.527397836055833125e+00
2.266967364889771375e+01 3.201915480050800511e+00
2.263006186046282409e+01 3.882656111877032856e+00
2.361886478263373590e+01 -4.071020834335890015e+00
2.360577804096129739e+01 -3.351683266856596788e+00
2.362802556764548711e+01 -2.623816632569397456e+00
2.361322838467286545e+01 -1.879629638023821769e+00
2.361966743274776093e+01 -1.164219201718999841e+00
2.358291012841095124e+01 -4.460036005684671068e-01
2.355555322893179238e+01 2.782336657755450915e-01
2.354289307478357784e+01 1.043419570152561704e+00
2.353456839704901427e+01 1.753393224243460224e+00
2.352156305832567540e+01 2.470689688520995020e+00
2.346897736901009779e+01 3.206851894262165104e+00
2.349125861688269623e+01 3.895340354516655168e+00
2.435080396530693037e+01 -4.072513554022005877e+00
2.434901483329385741e+01 -3.352936304001069345e+00
2.434931845089526803e+01 -2.617316119283383813e+00
2.435460482813441985e+01 -1.899473578863826617e+00
2.434637542613558026e+01 -1.152629397076541551e+00
2.432875814128900060e+01 -4.215258798282448538e-01
2.438031802641725676e+01 2.622780385434175798e-01
2.431930388786859254e+01 1.033690403003685532e+00
2.425510827359912014e+01 1.748903315916038537e+00
2.429648588385418151e+01 2.491298169060989665e+00
2.425461078279737137e+01 3.215878786976745118e+00
2.431080259167737978e+01 3.892336979946811937e+00
2.514331949469745808e+01 -4.060443952443137050e+00
2.510155755833373803e+01 -2.640107983504396572e+00
2.504293009610402976e+01 -1.941138891969806934e+00
2.510711609447291437e+01 -1.174511177671373474e+00
2.508465364068975134e+01 -4.576651616798592670e-01
2.508204957975434013e+01 2.603143809715575685e-01
2.508398549159254998e+01 1.001696086880052405e+00
2.508917367694029110e+01 1.739602347064217014e+00
2.505676443290547439e+01 2.460557194790300883e+00
2.504933305585747405e+01 3.196549691233137480e+00
2.507110844053254084e+01 3.913007310196540800e+00
2.585306100771855853e+01 -4.076128604685095524e+00
2.578099823265184654e+01 -3.354786451321299268e+00
2.586925679427045566e+01 -2.633707043526769098e+00
2.582531141016783494e+01 -1.900619067482626434e+00
2.582927077639788394e+01 -1.187441946229139234e+00
2.582430912248118204e+01 -4.599986353345926204e-01
2.581967815322389725e+01 2.690326334643913242e-01
2.581252388143918353e+01 9.910516108599658480e-01
2.581633142019456528e+01 1.723604002178156236e+00
2.583649874139858582e+01 2.438001113160410682e+00
2.583285093480938599e+01 3.184719107247623526e+00
2.584981582271942102e+01 3.905009340736825152e+00
2.658145496921098072e+01 -4.068946149888638786e+00
2.659084254591088126e+01 -3.365378802401288283e+00
2.657177243520724375e+01 -2.639791080621865405e+00
2.657284113625181021e+01 -1.907571748437895565e+00
2.656947569473887683e+01 -1.190377791966639620e+00
2.656401193547164041e+01 -4.333593334225120941e-01
2.657351844608926683e+01 2.674435539152320018e-01
2.654477176165256935e+01 9.962267942811955379e-01
2.658908561497572265e+01 1.742908136904809169e+00
2.662499077521243862e+01 2.489817385163863861e+00
2.659534874479173538e+01 3.184877709853559224e+00
2.661429419970557575e+01 3.905267053082170037e+00
2.737539880405046233e+01 -4.096389252464668118e+00
2.732539346778291645e+01 -3.399395621654896615e+00
2.736041332792123626e+01 -2.650557000582875133e+00
2.733061250121220809e+01 -1.922650805544297015e+00
2.734197656721539005e+01 -1.198830197710520906e+00
2.731286178686639232e+01 -5.046211740585206940e-01
2.732640632124287805e+01 2.675796071041780522e-01
2.732353531309924222e+01 9.492716021161129447e-01
2.732431993824202721e+01 1.739191141892518999e+00
2.734210897238532567e+01 2.430515991610253224e+00
2.737295866659498245e+01 3.158974589234304631e+00
2.737051025507229696e+01 3.878281279032350426e+00
2.813739825883863688e+01 -4.130778028670551549e+00
2.809627311566423913e+01 -3.376378368285021025e+00
2.809743908047803274e+01 -2.649476136032831164e+00
2.812177682739832818e+01 -1.939290363955151975e+00
2.809848390649927552e+01 -1.197437379445588590e+00
2.811001083952124446e+01 -4.825395789618518450e-01
2.811802137904742693e+01 2.303219848859257013e-01
2.812727360918048447e+01 9.409327076045492788e-01
2.811575058919731163e+01 1.686075138774487669e+00
2.807496254981663952e+01 2.427939729572802463e+00
2.810879553522902796e+01 3.153411067547231994e+00
2.814495114636381601e+01 3.875087913963021435e+00
2.896312401874725850e+01 -4.080291532611337146e+00
2.887882671684771907e+01 -3.392898472014167055e+00
2.891033216615982582e+01 -2.631089759636253689e+00
2.885909732056619958e+01 -1.952040689083563763e+00
2.885819809353763077e+01 -1.242380970935698770e+00
2.882624646450263839e+01 -5.012491249673907134e-01
2.883565107273185646e+01 2.184159916543713109e-01
2.885679184261051233e+01 9.375061291125668106e-01
2.888081616448612721e+01 1.651591034291044480e+00
2.891062610992215554e+01 2.375642401808011783e+00
2.892191955922620394e+01 3.090284343993907612e+00
2.889882608825615051e+01 3.832874774764832182e+00
2.969515881672118240e+01 -4.114576825977707131e+00
2.968711988100780985e+01 -3.424270459212632289e+00
2.967880960950834179e+01 -2.697768872014641772e+00
2.967328538895034029e+01 -1.963082908264290438e+00
2.965766762145646140e+01 -1.244533023982885567e+00
2.962611088770196233e+01 -5.144593772902830153e-01
2.965143541080760059e+01 2.104253235528616983e-01
2.960644513546437651e+01 9.383758127125432225e-01
2.962935231636765110e+01 1.644567514480879566e+00
2.965315199883405484e+01 2.355993865874882687e+00
2.965919272310814137e+01 3.071223916152831634e+00
2.967254404993125405e+01 3.814308932137159047e+00
3.047881101718410690e+01 -4.123186204048920445e+00
3.041360041990052565e+01 -1.963333974734027265e+00
3.040693112484073168e+01 -1.274124936904559746e+00
3.043153955639713359e+01 -5.016984845719250075e-01
3.043443278390358131e+01 1.792187246138041701e-01
3.038722625974103408e+01 9.066075310946999366e-01
3.039840340122021445e+01 1.635962137488903068e+00
3.041634661152993857e+01 2.353485949792627707e+00
3.040952233490747147e+01 3.060424815028035539e+00
3.040450663722661062e+01 3.786179439920516643e+00
3.125522589631103898e+01 -4.145356382459958411e+00
3.121627079483048561e+01 -3.398041513903095279e+00
3.121083878182670190e+01 -2.684914179357306807e+00
3.122040181688232252e+01 -1.976436133693585617e+00
3.119082590351673190e+01 -1.253613251372701853e+00
3.117813962732113708e+01 -5.562586880771540621e-01
3.118506298465251092e+01 1.764195988636920731e-01
3.120589711005498401e+01 8.858137409119137828e-01
3.120742937740747180e+01 1.630445952097780093e+00
3.120358963399331031e+01 2.361997650522607017e+00
3.116920486037397353e+01 3.101471059680299902e+00
3.117937360791643897e+01 3.818801165606807047e+00
3.206449693586457528e+01 -4.107421196903736416e+00
3.200630854099564004e+01 -3.426026852207041173e+00
3.192752515635019250e+01 -2.681585925471452470e+00
3.195404870797843699e+01 -1.997915077233205494e+00
3.193358704111920332e+01 -1.236806708605801219e+00
3.194025037758876095e+01 1.608822972307812904e-01
3.193664143641806419e+01 8.868629463345278907e-01
3.191358750045149151e+01 1.626517950974491811e+00
3.193200005042631773e+01 2.365264614643571406e+00
3.194490625987204879e+01 3.095855079931524756e+00
3.201441560167730671e+01 3.810422292047817905e+00
3.274013767096761995e+01 -4.117670640901003765e+00
3.274863851829162087e+01 -3.423509069532467919e+00
3.274889424422605799e+01 -2.682428169100933957e+00
3.271353590985692250e+01 -1.972466491695978874e+00
3.271064308477178173e+01 -1.265761547043759094e+00
3.269177189673727213e+01 1.706600092425425430e-01
3.267660885249832603e+01 8.947999680473017747e-01
3.273914564067106170e+01 1.609661693513608327e+00
3.272566285648071727e+01 2.343740557646842859e+00
3.272880193316171216e+01 3.091016409101627005e+00
3.272708696846228094e+01 3.812156364445954182e+00
3.354614365549189614e+01 -4.124142370607881247e+00
3.351229994424196690e+01 -3.409177638370390895e+00
3.353446984932424613e+01 -2.692372438723126038e+00
3.349135111158982880e+01 -1.970046122534967026e+00
3.345753209013590634e+01 -1.224201665596893918e+00
3.350909431379607639e+01 -5.454659995834028052e-01
3.345856410736390529e+01 1.640623119374211569e-01
3.345476744363232768e+01 8.993650887519457626e-01
3.345646810254810788e+01 1.627102777044996174e+00
3.343847850586958970e+01 2.383621914933684138e+00
3.348345675802458032e+01 3.099002517056092643e+00
3.345528930152612901e+01 3.843619438404296318e+00
3.428582715037634188e+01 -4.093133975315019768e+00
3.427403587968154142e+01 -3.372218781225779338e+00
3.424682543746046548e+01 -2.667706251659481609e+00
3.423021877058403817e+01 -1.973067800949930728e+00
3.423048364370284702e+01 -1.262473742152316447e+00
3.421854604332366279e+01 -5.475560918711188663e-01
3.419178847682218958e+01 1.810272718093841604e-01
3.420398549014172573e+01 9.203785404601205755e-01
3.421519519785625363e+01 1.661662084950876306e+00
3.423024994123692721e+01 2.377723412103428302e+00
3.423646595767082346e+01 3.109649467957126490e+00
3.421951785320396056e+01 3.832751288339125040e+00
3.502216874460777518e+01 -4.110666693747791811e+00
3.494310324528779432e+01 -3.415959743918431712e+00
3.500598136772719471e+01 -2.677633919438420662e+00
3.497551845792184366e+01 -1.964627135300133887e+00
3.497821767806519944e+01 -1.268798502387891602e+00
3.496836959020141222e+01 -5.362324771320601258e-01
3.496546764040471800e+01 2.136627594180318113e-01
3.494364621301497920e+01 9.071570487232101243e-01
3.492758712504679153e+01 1.669869218537471056e+00
3.495558376352803265e+01 2.377363976662305589e+00
3.496798121627985978e+01 3.132888581469273959e+00
3.494986927442226232e+01 3.861714983612230867e+00
3.576941613847544232e+01 -4.093819534212084221e+00
3.575754450492963343e+01 -3.380913177422652183e+00
3.575322982563242391e+01 -2.663546656312576033e+00
3.572159305076940683e+01 -1.958052743934448614e+00
3.571402940487433142e+01 -1.232983578299492677e+00
3.569665091096140230e+01 -5.066820521391832699e-01
3.571541153278234759e+01 2.495822636207094547e-01
3.572908797513776591e+01 9.907393319378776653e-01
3.573262364622225817e+01 2.387915791390696540e+00
3.571300904085429551e+01 3.147657407535341179e+00
3.574175255443601174e+01 3.911123378805939410e+00
3.651250610084142778e+01 -4.121990190411750632e+00
3.650198202585765017e+01 -3.371929308614607379e+00
3.649972682002542257e+01 -2.693149482851058707e+00
3.646229807655524979e+01 -1.937550098208742355e+00
3.644896371586393258e+01 -1.212059787453775073e+00
3.644016313495954051e+01 -4.860644406694589748e-01
3.646917323725731563e+01 2.452800751359660580e-01
3.645973788062305943e+01 9.485981305632762428e-01
3.644955366128305485e+01 1.737429054475128964e+00
3.645264662996530802e+01 2.427878839252464616e+00
3.651805303480660569e+01 3.189813322800191031e+00
3.655263878396005595e+01 3.881774872213881622e+00
3.729536900764798446e+01 -4.091016622668526281e+00
3.724203385128138422e+01 -3.357602576745094325e+00
3.723197373841595237e+01 -2.635146227282348264e+00
3.719050710843320218e+01 -1.184032944532074083e+00
3.717580278405574035e+01 -4.697484305278365468e-01
3.715780193143246635e+01 3.270303455094669687e-01
3.719691671602796390e+01 1.016355959491871630e+00
3.727117387069143462e+01 1.701066649651252760e+00
3.728080382989957542e+01 2.436275811220490084e+00
3.723987009221725231e+01 3.169838794955857963e+00
3.726849052347251501e+01 3.885405260775335989e+00
3.805173082507202054e+01 -4.041370858847905367e+00
3.801772385914599539e+01 -3.329504989080589894e+00
3.799418729202194100e+01 -2.613072040722357769e+00
3.798219190679224511e+01 -1.893680127948808689e+00
3.798205526963725021e+01 -1.155745195207909859e+00
3.794854087867650350e+01 -4.368193752356432924e-01
3.804542728993639145e+01 3.305678357441763637e-01
3.803660935668512622e+01 1.030761268953675369e+00
3.806023536519132477e+01 1.708130548319612529e+00
3.810621955720835530e+01 2.470045251519778162e+00
3.888425997319371419e+01 -3.979536879996626197e+00
3.886527496357587808e+01 -3.265561674362480460e+00
3.882167578804990882e+01 -2.580915200350556660e+00
3.890008249359130588e+01 -1.820742621393225846e+00
3.892918896459128320e+01 -1.122167980896517037e+00
3.882438458656546487e+01 -3.369191597655252224e-01
3.893920844637646184e+01 2.563003024822492648e+00
3.888155621208566259e+01 3.193130490382081632e+00
3.971903937518191441e+01 -3.282906851924177971e+00
3.958960405777221325e+01 -2.953797697331712158e+00
3.969626215003420810e+01 -1.768949579100599578e+00
3.998689457126636881e+01 1.126283182761785184e+00
3.999827846173162271e+01 1.871479867867343216e+00
4.000538302102287247e+01 2.617827740308108275e+00
4.000419178031030043e+01 3.339797619924091521e+00
3.999455124188893507e+01 4.013423298943074258e+00
4.073750405487908921e+01 -3.982392141025588472e+00
4.072564958512953837e+01 -3.244237015534611857e+00
4.071509252194049822e+01 -2.488818325472603732e+00
4.071242926385580319e+01 -1.778846176637923548e+00
4.072677005772190029e+01 -1.056068459160016459e+00
4.073051480215742259e+01 -3.316239180485496263e-01
4.074008673928147317e+01 1.129161135519137105e+00
4.073052468109820978e+01 1.849395999397007273e+00
4.072202862378723154e+01 2.507204943278317444e+00
4.070282335541481444e+01 3.328031367183314160e+00
4.071704236936334809e+01 3.982392141025592025e+00
