-2.576440444837302834e+00 -4.101987079901999067e+00
-2.568319383347301255e+00 -2.599270709171534577e+00
-2.575535670011205980e+00 -1.915341494101927111e+00
-2.572523235524187157e+00 -1.171795854529651848e+00
-2.592503668453993271e+00 -4.604628209720615928e-01
-2.574390449841288842e+00 3.386833050115534149e-01
-2.572381675491165254e+00 1.026480699073761826e+00
-2.572203613474982831e+00 1.747181746458586815e+00
-2.568383207062552742e+00 2.447929576248579764e+00
-2.577473666417098741e+00 3.178988470594241278e+00
-2.567813052964083909e+00 3.927884143903312975e+00
-1.740384840674579436e+00 -4.068685597894997841e+00
-1.761047338630831405e+00 -3.357849786649019563e+00
-1.767183009283662898e+00 -2.616075867103614172e+00
-1.805125453136703584e+00 -1.888121909249655062e+00
-1.785291224276186028e+00 -1.166512552667153813e+00
-1.770890926745359195e+00 -4.573978916087853008e-01
-1.802578830570972457e+00 1.018388635199240611e+00
-1.825802278057778949e+00 1.749612395794624575e+00
-1.822303715565801951e+00 2.455436807310515945e+00
-1.840869935378954381e+00 3.240991946783665867e+00
-1.038709046790884827e+00 -3.339598518563004603e+00
-1.103051261394249138e+00 -2.617112490306869432e+00
-1.043892317173138906e+00 -1.891936268072601735e+00
-1.054875296801036200e+00 -1.153405417441529579e+00
-1.051837964368210976e+00 -4.360969109140242495e-01
-1.048502806655058350e+00 1.043549690207797198e+00
-1.055224677895360230e+00 1.750469333689306239e+00
-1.083592407076068298e+00 2.502463924730111700e+00
-1.076504796986625934e+00 3.248231984422972118e+00
-1.076846169822388788e+00 3.971567416278354301e+00
-3.110848211011898456e-01 -4.053800619045745179e+00
-3.052474484150877743e-01 -3.337647533210368778e+00
-3.002333996417334561e-01 -2.604883139399778003e+00
-3.144888671769479060e-01 -1.868999857547304799e+00
-3.417460412845514384e-01 -1.171867668867243140e+00
-3.085982113078671318e-01 -4.394550171516371506e-01
-3.178023248577588333e-01 1.007176888225387756e+00
-3.340653648814466692e-01 1.780897076506406052e+00
-3.345354562808111609e-01 2.519497427100468201e+00
-3.124955547551948598e-01 3.237813227667196259e+00
-3.150445726808541735e-01 3.963539104722507034e+00
4.261042156450827179e-01 -4.031826737671920569e+00
3.927864557553988334e-01 -3.318324780506106464e+00
4.171711791318131191e-01 -2.613744594456989034e+00
4.340901250271400613e-01 -1.875822186794732005e+00
4.384456789225268381e-01 -1.152394120561687885e+00
4.334120970378734228e-01 -4.062696302156432182e-01
4.329305703810177874e-01 3.225329310559317264e-01
4.114679439166195607e-01 1.745966668124360410e+00
4.249072744336004348e-01 2.536682600488262551e+00
3.538134087452604604e-01 3.258898674669879370e+00
4.233436276536508558e-01 3.988496437193838062e+00
1.172137859445051333e+00 -4.023514042964993820e+00
1.146888970555671960e+00 -3.355011510815142373e+00
1.121050969773335737e+00 -2.614321658539868309e+00
1.150503076478543107e+00 -1.886094588793078231e+00
1.162541313442936541e+00 -1.161048154153053957e+00
1.145289835709768056e+00 -4.103506904798841504e-01
1.108019919941355624e+00 2.848037990879035419e-01
1.143508351625314390e+00 1.024597601804678959e+00
1.150259013733410995e+00 1.766315887172002164e+00
1.176855087946904632e+00 2.535361691928038397e+00
1.117766577484985646e+00 3.192473777601890106e+00
1.156594736992040851e+00 3.963112532972303370e+00
1.906577161365810014e+00 -4.031238121070824576e+00
1.952571158750863844e+00 -3.255876140232281557e+00
1.876965663287933239e+00 -2.578657797943407104e+00
1.884427373790657612e+00 -1.894211938531874750e+00
1.885235745012636244e+00 -1.154530982747889567e+00
1.888647910627284432e+00 -4.630012952475723864e-01
1.876372295960258896e+00 2.705506499393592890e-01
1.913924327098214917e+00 1.021720934785928847e+00
1.917851782785689352e+00 1.753339235009573116e+00
1.903547363397322556e+00 2.546031864365247088e+00
1.904868221128701578e+00 3.219545520113548775e+00
1.898090532671446340e+00 3.929403114100253447e+00
2.603373580472577942e+00 -4.012930342099803482e+00
2.613897743879832092e+00 -3.294314782496350347e+00
2.618059736383628433e+00 -2.571405321891418794e+00
2.687498036130897106e+00 -1.856560427536084745e+00
2.595813430548631118e+00 -1.172987458880829337e+00
2.624320068878247980e+00 -4.302376027432153194e-01
2.561208495587024458e+00 3.409775491165305539e-01
2.647716350757143289e+00 9.990993236441703118e-01
2.654817974399428238e+00 1.744264430023793722e+00
2.674646373859623338e+00 2.487868254491630182e+00
2.699245373111573087e+00 3.211282709929363932e+00
3.355600990234592018e+00 -4.015982044406911200e+00
3.359611268863183398e+00 -3.295738802893712460e+00
3.363114117925469770e+00 -2.569337430742812955e+00
3.341110795851001569e+00 -1.149711303543661245e+00
3.349925881493547308e+00 -4.412820527325287401e-01
3.366809514334775599e+00 3.104104663074451764e-01
3.398141465803078631e+00 1.013089999873791669e+00
3.440688412061717827e+00 1.756674118989362654e+00
3.424396942216439754e+00 2.461605832903398294e+00
3.445088337304447634e+00 3.179664662747427428e+00
3.481924392544520686e+00 3.873775178298267008e+00
4.082264408480952511e+00 -4.018926037107600990e+00
4.101061379712696464e+00 -3.291145773350852011e+00
4.094311535050017881e+00 -2.565950544492466179e+00
4.114474001865985997e+00 -1.836257524770573468e+00
4.092926847844253757e+00 -1.148922600346072187e+00
4.091072808394947913e+00 -4.039077255634992980e-01
4.119410562289779421e+00 3.001849153844631246e-01
4.118881863624032746e+00 1.044658132258245331e+00
4.168058269015240569e+00 1.744183921396668779e+00
4.199607094116927897e+00 2.493478068902557965e+00
4.179676126633324884e+00 3.182485926763192197e+00
4.165120140460743414e+00 3.931323765545315041e+00
4.841997243735882250e+00 -4.025227153773681010e+00
4.823991856488056840e+00 -3.308671432803052426e+00
4.835745945322180717e+00 -2.568880205382804149e+00
4.835580911593751807e+00 -1.821288269920351865e+00
4.824501931615728267e+00 -1.109983905379902325e+00
4.885214995375584124e+00 -4.124236713461542081e-01
4.865586090582539214e+00 3.103533235578055383e-01
4.882209521870073843e+00 1.005359981092020405e+00
4.887173454261343863e+00 1.751909214308518870e+00
4.917816803223871602e+00 2.503767321232647447e+00
4.940262407675191980e+00 3.204856367793112781e+00
4.947001120345930758e+00 3.912482557793438787e+00
5.594165422394468123e+00 -4.021262377388946874e+00
5.574843575074176272e+00 -3.336012482862507511e+00
5.583149833062464040e+00 -2.573484597907825133e+00
5.585254668472259709e+00 -1.852066008245056850e+00
5.670329132933908056e+00 -4.166428279484968300e-01
5.641892934672206650e+00 3.184077518461911893e-01
5.604411154162214359e+00 1.014792984722706848e+00
5.648166902545916912e+00 1.759104570755976482e+00
5.679073421907638419e+00 3.178981143312164193e+00
5.708485907983884999e+00 3.903613135742446616e+00
6.312294932166317096e+00 -4.026788055105896547e+00
6.270998535690992526e+00 -3.317355478712119776e+00
6.327335734383126464e+00 -1.858230585700596293e+00
6.381104343858744699e+00 -1.153403965831977018e+00
6.432416470872773573e+00 -4.080977450658593852e-01
6.448420215103972453e+00 3.151458537879321398e-01
6.406498662941054079e+00 1.028659378885244280e+00
6.408532103964176940e+00 1.718089601770870445e+00
6.423912055026981704e+00 2.469921702703615551e+00
6.433298670161441635e+00 3.202885079816134350e+00
6.423676581147240938e+00 3.945322360186708011e+00
7.130558699729419914e+00 -4.028010117755531638e+00
7.116858589893354292e+00 -3.314767785429680202e+00
7.127807381681108723e+00 -2.537535059264676818e+00
7.084765604395649063e+00 -1.897976089870223149e+00
7.136665666023077392e+00 -1.187522003851753993e+00
7.177572022286959452e+00 2.571711534664551380e-01
7.183904798479709086e+00 1.009098662629824616e+00
7.170481404005968784e+00 1.716408355290596432e+00
7.156805434673387367e+00 2.465612531885376768e+00
7.153667700068822910e+00 3.177264645834782186e+00
7.149610507387237135e+00 3.922527528199502456e+00
7.899081087239274268e+00 -2.624226523003759581e+00
7.923166642728112663e+00 -1.191499341172480797e+00
7.916157968764451880e+00 -4.727355540838900083e-01
7.897637615360189045e+00 2.674411405087653293e-01
7.884273664566002537e+00 1.000551915167246619e+00
7.906380974276324025e+00 1.710933643930797388e+00
7.894135588264788339e+00 2.449388761392601310e+00
7.908447097116891200e+00 3.184798279959011325e+00
7.933055408843934231e+00 3.890912416556275844e+00
8.677788392998330380e+00 -1.924753155929128212e+00
8.661900402887688699e+00 -1.211366759210449118e+00
8.673521325473117827e+00 -5.026523377889198230e-01
8.642207991797100419e+00 2.303759003478660361e-01
8.624729478979332953e+00 1.012209381286282905e+00
8.645480931947048475e+00 1.715120403902517410e+00
8.671209629447361067e+00 2.411429082060859486e+00
8.665169048728500911e+00 3.138239788432365174e+00
8.711508464656255057e+00 3.835875257080701317e+00
9.562135349967483933e+00 -4.070646610009855948e+00
9.559153500310500817e+00 -3.346199969941704211e+00
9.553410903345373129e+00 -2.616019261266025353e+00
9.504637733128809884e+00 -1.934865281678259663e+00
9.482396410876944515e+00 -1.191846474847039872e+00
9.467517778108259563e+00 -4.846941742707748801e-01
9.398877946322798493e+00 9.870601290823763918e-01
9.393435166719292795e+00 1.662933757617043540e+00
9.416331064499161130e+00 2.416740401642517355e+00
9.431372120881761134e+00 3.157218439642591079e+00
9.484827371444609412e+00 3.834978890927125406e+00
1.032839068377389680e+01 -3.374580368882345027e+00
1.032451683363387929e+01 -2.630898194020197423e+00
1.032950110551225720e+01 -1.935604735365853202e+00
1.025774396378958642e+01 -1.207539391317588695e+00
1.018786149144074216e+01 2.192788862414047912e-01
1.015617227550312407e+01 9.560476538797395563e-01
1.015761221309802664e+01 1.671411865423724663e+00
1.016673441271613854e+01 2.387837411903909413e+00
1.021350845856269274e+01 3.082834997615421457e+00
1.024383416460284479e+01 3.855011958797213367e+00
1.110249212639120486e+01 -3.360875654845877136e+00
1.108612056666186874e+01 -2.636299032864290126e+00
1.111441753363330065e+01 -1.963991200420732497e+00
1.104408045501934055e+01 -1.192437549279269149e+00
1.103877520780746835e+01 -4.776950538293469606e-01
1.097483019352568334e+01 2.266313477466965765e-01
1.091842035585262494e+01 9.462172342744636921e-01
1.089975551334809012e+01 1.682778346479334886e+00
1.092400818241710425e+01 2.402616447574175140e+00
1.097773225970102828e+01 3.099200480012143544e+00
1.098550222408251642e+01 3.818074793652726839e+00
1.199209251475558347e+01 -4.128691126691904856e+00
1.193228359644749759e+01 -3.386968117542032530e+00
1.190290424041061357e+01 -2.686819869317915277e+00
1.184127238986832964e+01 -1.952963445330368586e+00
1.182305225400267545e+01 -1.193014917795007790e+00
1.179248060367147843e+01 -4.661616306274325439e-01
1.182054030296704639e+01 2.519011224334128940e-01
1.175928296314141619e+01 9.256006721665208659e-01
1.186046876875546729e+01 1.655899540936260905e+00
1.179054395541867706e+01 2.432850583877453232e+00
1.176440389737237524e+01 3.121226502100142852e+00
1.181170315419360861e+01 3.835494071862584065e+00
1.281507992539104634e+01 -4.083029603831018761e+00
1.282441002952229780e+01 -3.368796294158251214e+00
1.278958452540052804e+01 -2.616823370161242224e+00
1.273517934642962501e+01 -1.161534467993572406e+00
1.265596095867862658e+01 2.421442966289539811e-01
1.256411430134803453e+01 9.638921553873451842e-01
1.256183685147217943e+01 1.690344451132599346e+00
1.254097523781010182e+01 2.415754812524895101e+00
1.257657318264262614e+01 3.151375818840165266e+00
1.257930345191351762e+01 3.850400809106382383e+00
1.352261586613189337e+01 -3.373605002007938225e+00
1.360006647502346055e+01 -2.630966433819267536e+00
1.353984063638199586e+01 -1.930446479799662995e+00
1.355271244967560307e+01 -1.212925813770102224e+00
1.351122259944583703e+01 -4.769423752943779959e-01
1.347239207274696327e+01 2.529001156677672668e-01
1.342184088235504191e+01 9.804542474235198313e-01
1.333557230926781045e+01 1.695113374520509808e+00
1.329864938491473225e+01 2.466383087385967343e+00
1.330950077129976705e+01 3.155070819145556982e+00
1.337222442535588129e+01 3.856677806653536322e+00
1.439528718007180430e+01 -4.107282376206526919e+00
1.437326621677383542e+01 -3.371156632669578102e+00
1.436667154669602553e+01 -2.638681030856556475e+00
1.434155880368373914e+01 -1.928155648749417139e+00
1.419547265986591356e+01 2.903736223184161247e-01
1.415119358599623922e+01 9.965849487560873854e-01
1.414307009819123806e+01 1.715521557639593908e+00
1.414914024117813796e+01 2.414770014439632462e+00
1.420863640657208293e+01 3.133228665721397022e+00
1.423250495426138684e+01 3.859746670039584160e+00
1.524859303983750181e+01 -4.090705301079552214e+00
1.525180068779796727e+01 -3.407230454395946850e+00
1.517582578364245194e+01 -2.617989912264413022e+00
1.508382440658132850e+01 -1.182482899655422415e+00
1.503621390661790258e+01 3.054246992002873640e-01
1.503251715423195378e+01 9.526671105392487959e-01
1.491635573532592218e+01 1.718685739199816709e+00
1.497404287904130626e+01 3.166775137175463328e+00
1.496300438533000943e+01 3.876997790065708216e+00
1.602705048981096070e+01 -4.118061865082143669e+00
1.602047264873830557e+01 -3.389454628974018391e+00
1.604195351786741952e+01 -2.665754287180128301e+00
1.602371820954924431e+01 -1.953849233360518411e+00
1.590946125669066191e+01 -1.223874917124195605e+00
1.598488855772494333e+01 -4.869617811770368121e-01
1.579247228260484093e+01 2.941693387931465509e-01
1.573191319648921649e+01 1.736881968841547774e+00
1.574045410806081691e+01 2.451602043714004253e+00
1.570359170518512570e+01 3.176136964632362947e+00
1.576035166009430810e+01 3.856473465930385203e+00
1.676359905299165831e+01 -4.133316820636935063e+00
1.677094843968324511e+01 -3.401070037006544311e+00
1.675246063632987870e+01 -2.708162021537589226e+00
1.674644401964183515e+01 -1.955275821060933339e+00
1.670228717196983581e+01 -1.234806880154206254e+00
1.667791465349719715e+01 -5.139842138072374667e-01
1.666059782851022675e+01 2.345068932220542024e-01
1.656428795905112850e+01 1.767242701542780736e+00
1.653830434784767789e+01 2.448109511828640450e+00
1.650348014956392007e+01 3.118752821261750796e+00
1.652668011587304875e+01 3.884850216994266248e+00
1.751959612243172870e+01 -4.110415880915962106e+00
1.748824164574261886e+01 -3.401375214071286734e+00
1.746581340305561270e+01 -2.692430720950763856e+00
1.745048972468558190e+01 -1.926020535538775391e+00
1.743928348804872286e+01 -1.224356818652527323e+00
1.740394629276058680e+01 -5.007559101898308995e-01
1.740325455059861071e+01 3.020188650813793174e-01
1.733592731616438698e+01 9.868504037456666822e-01
1.732343113701164583e+01 1.659447600764817565e+00
1.731434045928053678e+01 2.485174952243557556e+00
1.730962900403217475e+01 3.182466971292086555e+00
1.734325988253339546e+01 3.923167935533570017e+00
1.823206861355151887e+01 -4.082786653166785129e+00
1.822104054090059577e+01 -3.395020917908691871e+00
1.819003725427774043e+01 -2.641459904369945377e+00
1.816546996764364508e+01 -1.932800680182811703e+00
1.812358121296994540e+01 -1.215636556959491799e+00
1.814529949807950260e+01 -4.678896962318539465e-01
1.810043363887162116e+01 2.567500862327776190e-01
1.809737624592797545e+01 1.028709303962187960e+00
1.807327292101832228e+01 1.739976971819736207e+00
1.807074258370697351e+01 2.484975502606495468e+00
1.803560276173158172e+01 3.223864349506762039e+00
1.804410472544532240e+01 3.935587918120354800e+00
1.894903156847900760e+01 -4.114850683223735928e+00
1.893670820306344638e+01 -3.375182868930597380e+00
1.890182861371716427e+01 -2.637413447977209557e+00
1.889824909121116292e+01 -1.928329730689426924e+00
1.887695539118112009e+01 -1.178178349448462114e+00
1.887532062273859879e+01 -4.535454392624806985e-01
1.883848686563444375e+01 2.957540653044077317e-01
1.885327958510874424e+01 1.006412915087551596e+00
1.879336764732533283e+01 1.751606176695219119e+00
1.880115678989131567e+01 2.476993537169910553e+00
1.877069898972612805e+01 3.232678124732458969e+00
1.881352207108963626e+01 3.986145069750570258e+00
1.977655816505549780e+01 -4.031897436239820109e+00
1.966535026331940372e+01 -3.332468049680958444e+00
1.965596037404982610e+01 -2.604172967965027397e+00
1.963248655901170991e+01 -1.901700102724198871e+00
1.959658521609967607e+01 -1.167119288056643001e+00
1.958110006563630634e+01 -4.468270842352204397e-01
1.958860581946170498e+01 2.903087993905728581e-01
1.956900541485452294e+01 1.010214544104961476e+00
1.955230817837556145e+01 1.754656641248118376e+00
1.956089041524705863e+01 2.481291392900104142e+00
1.954267603550930232e+01 3.211605654030933010e+00
1.960569783774658958e+01 3.953464531906973889e+00
2.052366777922583196e+01 -4.085043587203934123e+00
2.051070979896247337e+01 -3.336877269898831599e+00
2.047428332158816033e+01 -2.590575426861054353e+00
2.042511387635223485e+01 -1.841061526320640240e+00
2.040986168604811013e+01 -1.120527379837298554e+00
2.035758327034665882e+01 3.001867249201737309e-01
2.051243558574647352e+01 1.009782958727274860e+00
2.041180199871077861e+01 1.758759480427215749e+00
2.036037317436397132e+01 2.514547126291049040e+00
2.039350035739188627e+01 3.245093508289293993e+00
2.041002204062105108e+01 3.863601444613699698e+00
2.125642847800882151e+01 -4.085959761524705414e+00
2.123220057752524781e+01 -3.334228324846034042e+00
2.120728938047451351e+01 -2.590084695878122290e+00
2.123972091822034258e+01 -1.883392104268960310e+00
2.127858440748455138e+01 -1.158484543948581802e+00
2.123256964615664089e+01 -4.235612531250261270e-01
2.121759890771489410e+01 3.035696870432857963e-01
2.126735607643875881e+01 1.041383221203769693e+00
2.119508975656033556e+01 1.760431032222733450e+00
2.121255323051895658e+01 2.515485522074730085e+00
2.123788851498751029e+01 3.192155841087043200e+00
2.125866795583131363e+01 3.928745453302809665e+00
2.236741949154333753e+01 -3.976556422641248645e+00
2.230559379991581181e+01 -3.341000888684362735e+00
2.231203508275251579e+01 -2.538660331963072281e+00
2.236426407869101496e+01 -1.827175917152214168e+00
2.226098153140132752e+01 -3.066696968132482937e-01
2.210965584762293190e+01 3.279016243517780538e-01
2.211698477762317339e+01 1.062216435631643918e+00
2.203695157690965800e+01 1.780314749322744916e+00
2.204092965282762151e+01 2.495054795880925269e+00
2.204381757242335027e+01 3.194487618478355273e+00
2.202266707782884225e+01 3.957367492932455377e+00
2.305821571834779604e+01 -4.067450008591602995e+00
2.306040092452489887e+01 -3.330544559168462371e+00
2.304863370430530978e+01 -2.605455989981571463e+00
2.306150208431072457e+01 -1.863874239567348212e+00
2.304100106497177336e+01 -1.137240790924327172e+00
2.301730634924015817e+01 -4.079503662842220990e-01
2.300329409031641603e+01 3.167949249802468614e-01
2.290524411754692835e+01 1.056066081988710437e+00
2.292566741615821968e+01 2.541249473020954497e+00
2.286576696369724004e+01 3.221385617878254948e+00
2.282663346071643673e+01 3.917610969841035740e+00
2.379693371105732780e+01 -4.051663840955150420e+00
2.378667810628523682e+01 -3.332074530880145602e+00
2.380338789022137291e+01 -2.604581249252778008e+00
2.379310280106293618e+01 -1.863215256494758165e+00
2.379545329813617371e+01 -1.143005825372153339e+00
2.376443446766084833e+01 -4.258234196432582053e-01
2.373641440700613003e+01 2.999208431213311599e-01
2.372347071807467955e+01 1.056695265239895321e+00
2.371440833124747627e+01 1.774103120777528630e+00
2.370514699056663943e+01 2.494719968006002375e+00
2.365149802863635387e+01 3.232744467370800123e+00
2.367640329458011195e+01 3.923662464557160945e+00
2.452589238647725267e+01 -4.051398987641125160e+00
2.452512996879691798e+01 -3.331465422479144678e+00
2.452152979470825755e+01 -2.598952985863288490e+00
2.453109725920982243e+01 -1.878841291749719034e+00
2.451906704426488659e+01 -1.131620754870080958e+00
2.449901671982895124e+01 -4.009429296747377691e-01
2.454780256486230172e+01 2.856389942923271974e-01
2.449397651976553192e+01 1.052578714624200273e+00
2.443873200140370727e+01 1.765841305671337125e+00
2.446981572000847649e+01 2.508843866497212360e+00
2.442701889842589935e+01 3.235524803019245610e+00
2.449215805816329095e+01 3.921788844139882713e+00
2.530568188050590805e+01 -4.044278407005759135e+00
2.527344275461481260e+01 -2.616412690290278675e+00
2.522047828330700980e+01 -1.917375818363048268e+00
2.527153481423899706e+01 -1.154207678977119400e+00
2.525413513163702817e+01 -4.345531695252695670e-01
2.525471947106147752e+01 2.878195740457272223e-01
2.525368476047670896e+01 1.019888014548058663e+00
2.526107748117627949e+01 1.761932816605092711e+00
2.522922659489091757e+01 2.478830269721072455e+00
2.521996200181587966e+01 3.219299089586471041e+00
2.523673238968956412e+01 3.937564143557814589e+00
2.602464392545920191e+01 -4.049271502120102895e+00
2.591251938773661578e+01 -3.338093891954034831e+00
2.603951127925829923e+01 -2.611871953067051777e+00
2.599595874524294459e+01 -1.877010387074175668e+00
2.599950151368255291e+01 -1.163325428819270257e+00
2.599601882771189310e+01 -4.340055760536465357e-01
2.598829999805217028e+01 2.917992423710771277e-01
2.598361697221864119e+01 1.014487000336266931e+00
2.598289238890885144e+01 1.744127543086676724e+00
2.600219019126677011e+01 2.462913566484758121e+00
2.599995366764137117e+01 3.210180132339480963e+00
2.601422154526991903e+01 3.931955243914195819e+00
2.674751560060776256e+01 -4.045736057872442615e+00
2.675871573015820815e+01 -3.343108799581255397e+00
2.674042632842323997e+01 -2.615829651786462762e+00
2.674245526039632637e+01 -1.883520903091429943e+00
2.673873152485044358e+01 -1.164817712894176793e+00
2.673492372929419503e+01 -4.078711842385835951e-01
2.674361286924007430e+01 2.926758318655515723e-01
2.671357194265751644e+01 1.022737553973058766e+00
2.675603698113101103e+01 1.770539621483184334e+00
2.678507107069993509e+01 2.511100747231314045e+00
2.675743701371506233e+01 3.208808924886035641e+00
2.677298316476502293e+01 3.933648968305327287e+00
2.753811121624153913e+01 -4.070664451211420953e+00
2.749136145441487855e+01 -3.377133277518097998e+00
2.752870011198697142e+01 -2.623460263677991122e+00
2.749783023858595499e+01 -1.895903764672787872e+00
2.750891297034628025e+01 -1.173101692274830299e+00
2.747628435763774490e+01 -4.803804820394290687e-01
2.749539829731448037e+01 2.974449963764556060e-01
2.748965948900234935e+01 9.740163628757798620e-01
2.748647659882708183e+01 1.765088597408205118e+00
2.749950517709455511e+01 2.462322383525993530e+00
2.752536862826366360e+01 3.192093651015767364e+00
2.752299007549313359e+01 3.915572700473248346e+00
2.828966281007436834e+01 -4.103732036344201362e+00
2.825986897844445167e+01 -3.349738684907656250e+00
2.826128066633786062e+01 -2.622895721624693977e+00
2.827932748178756839e+01 -1.914376087549019445e+00
2.826288020382236965e+01 -1.166173146314040565e+00
2.827261119712137116e+01 -4.523560169714819779e-01
2.827929623512931556e+01 2.620895573514374632e-01
2.828381338546780199e+01 9.760873590171996739e-01
2.827484758670542675e+01 1.717798918778630224e+00
2.823482424129657176e+01 2.462596908867354273e+00
2.825976501918932371e+01 3.192308795141556743e+00
2.829469031430611636e+01 3.912370127344075854e+00
2.910523440171807152e+01 -4.059869888972844620e+00
2.903536238444498707e+01 -3.367200741877102388e+00
2.904522687203138531e+01 -2.604559878135741968e+00
2.901871160143911510e+01 -1.921074760112826851e+00
2.901664822531686383e+01 -1.203801707832219847e+00
2.898724007140130965e+01 -4.681554838849422140e-01
2.899631376336565580e+01 2.541008597755443077e-01
2.901555532610563404e+01 9.771294126283684989e-01
2.903316862283042354e+01 1.688462868421389373e+00
2.905359338482005427e+01 2.421832365170210721e+00
2.906806655966509112e+01 3.133745450054654214e+00
2.905525519134034340e+01 3.876492058456385337e+00
2.982557975771792513e+01 -4.085204331332384697e+00
2.983046486889063686e+01 -3.393438092119584581e+00
2.982737280215722109e+01 -2.664416116018792025e+00
2.981739579938254536e+01 -1.931073603702465391e+00
2.980994324473048351e+01 -1.208170050147820973e+00
2.977719673592540772e+01 -4.761139144715791360e-01
2.980002354538503795e+01 2.425555335347553410e-01
2.976014688329848212e+01 9.775096896362107657e-01
2.977904763721641501e+01 1.690653721222755479e+00
2.979792646884430241e+01 2.402819370258281850e+00
2.980369183514707032e+01 3.118230261736265163e+00
2.981546179256579165e+01 3.857473965786603287e+00
3.061128275973464241e+01 -4.098511846698656313e+00
3.055873504751892966e+01 -1.927351309862721962e+00
3.055567618997469737e+01 -1.230988868882530340e+00
3.056878635358471996e+01 -4.679769020250290623e-01
3.057390372359274267e+01 2.223977771428664596e-01
3.053688945537034982e+01 9.445213000120595837e-01
3.054911110489403114e+01 1.679528666407321680e+00
3.055696630391069135e+01 2.400496057903630742e+00
3.054945931318042796e+01 3.110504129055001954e+00
3.054740297903355639e+01 3.835329569691630525e+00
3.138318259679187605e+01 -4.115071876399131412e+00
3.134867086386875457e+01 -3.363887324464766237e+00
3.134477551978140042e+01 -2.651560141469307297e+00
3.135787258970822933e+01 -1.940805011409853620e+00
3.132822101605250253e+01 -1.216430980783464122e+00
3.130825787276716454e+01 -5.177244017171283019e-01
3.132260209266761564e+01 2.214380778650699710e-01
3.133921072714958456e+01 9.332846244412280612e-01
3.134486504181632682e+01 1.675089049083080539e+00
3.133772273652160578e+01 2.407846379804542636e+00
3.130335971147349738e+01 3.146482738102442056e+00
3.131932942866774994e+01 3.863456304237423922e+00
3.218260536565140484e+01 -4.084507605850646428e+00
3.212823250020898769e+01 -3.393142707087854149e+00
3.206068520090959595e+01 -2.646499648453449538e+00
3.209078953341273888e+01 -1.959335748875638217e+00
3.206370098771730426e+01 -1.187763294477758080e+00
3.207481530198356978e+01 2.088673817605446459e-01
3.207105327473333745e+01 9.318942125435789592e-01
3.204981911759603719e+01 1.673016755658625954e+00
3.206810886035584218e+01 2.408090039459818144e+00
3.207130032826895416e+01 3.135681601154722387e+00
3.213993214545357802e+01 3.850336723587716392e+00
3.286363806303980795e+01 -4.093437960466083325e+00
3.286554134857737353e+01 -3.389869302881837854e+00
3.287029918209331214e+01 -2.644005888835877727e+00
3.284191017145518998e+01 -1.933499185146612120e+00
3.283963084902220686e+01 -1.220551794804826784e+00
3.282306075122699696e+01 2.138119147564303546e-01
3.280437831943313398e+01 9.387993974798654051e-01
3.286063058218503130e+01 1.656548734069872353e+00
3.285258906918702593e+01 2.384425958243060251e+00
3.285123716347077760e+01 3.136580314099212785e+00
3.285178670189272765e+01 3.852562369405561071e+00
3.365339394552359664e+01 -4.093100200122648857e+00
3.362800950192330873e+01 -3.374242920619639818e+00
3.364914201554629614e+01 -2.658812608952121792e+00
3.360199689407682655e+01 -1.932475137945903754e+00
3.358203886419354234e+01 -1.188563889772733972e+00
3.362859887975044870e+01 -5.036198401875999764e-01
3.358592922408617909e+01 2.090853501486087396e-01
3.358057631708570767e+01 9.435824331230051598e-01
3.358471885353116448e+01 1.669554212428089102e+00
3.356457964439128006e+01 2.421850980569377754e+00
3.360278040885638262e+01 3.141646077333497544e+00
3.358034640387230496e+01 3.882504249289219445e+00
3.439219653725441361e+01 -4.068624023516342447e+00
3.437573641300641469e+01 -3.346079255020505627e+00
3.436142125732735764e+01 -2.635053886192480377e+00
3.434754753982728204e+01 -1.936680346411428388e+00
3.435173692163434822e+01 -1.221356440081557082e+00
3.433949306645569521e+01 -5.060213381946532252e-01
3.431773262494572663e+01 2.243589521373152706e-01
3.432661004306817887e+01 9.616691990603101203e-01
3.433752914189295069e+01 1.704171058239523973e+00
3.435020508006765994e+01 2.420333489461658161e+00
3.435836377336004688e+01 3.148694530431029648e+00
3.433860411703572169e+01 3.870859558508826126e+00
3.512372771810141359e+01 -4.084413095451214559e+00
3.504370080603012383e+01 -3.388852573213906538e+00
3.511065766359623552e+01 -2.646779408536211520e+00
3.509412711933405404e+01 -1.928813168477411466e+00
3.509319938323802290e+01 -1.234762965622365982e+00
3.508894254568310345e+01 -4.983171710234586271e-01
3.508682329370115127e+01 2.491417204100656591e-01
3.506503068726448902e+01 9.450374312590028580e-01
3.505125339216058222e+01 1.710853617472203325e+00
3.506452269299656876e+01 2.407091717309693735e+00
3.508308176202323381e+01 3.169305542985711099e+00
3.506668470319706188e+01 3.894240228299132411e+00
3.587278071908557564e+01 -4.066539185161303749e+00
3.586174173858848491e+01 -3.352422236392790467e+00
3.586021104135046045e+01 -2.634832855507521998e+00
3.583777584257729387e+01 -1.925220361235727040e+00
3.582933238796665165e+01 -1.200703596893067271e+00
3.581491787020159023e+01 -4.705153555240286778e-01
3.583299390524985739e+01 2.776343120442348322e-01
3.584678147698027573e+01 1.025007403148801899e+00
3.584589146606692367e+01 2.426005914770126282e+00
3.582982831102371080e+01 3.182067908351307040e+00
3.585661052902765533e+01 3.941165551120747068e+00
3.660613246124599840e+01 -4.098453402840920745e+00
3.660145664441103719e+01 -3.349612475742514306e+00
3.659774966958114106e+01 -2.669768771877048863e+00
3.657485071869142956e+01 -1.907694932000914889e+00
3.656542107210527348e+01 -1.183190310321883487e+00
3.655607868467850352e+01 -4.580825716040344275e-01
3.658701458448353350e+01 2.743240843976799681e-01
3.657209038992797190e+01 9.848779041287123448e-01
3.656386794617598213e+01 1.767098842878141340e+00
3.656402454371602317e+01 2.462705447709922169e+00
3.662074147205859020e+01 3.219794405101261248e+00
3.664775228356692338e+01 3.911144527277684801e+00
3.739002841661105236e+01 -4.062364519670666141e+00
3.734233561272791491e+01 -3.335829743554572957e+00
3.733680336057701510e+01 -2.612014783516539040e+00
3.729966704899003815e+01 -1.159801328678671695e+00
3.728644163679638979e+01 -4.431526345806950928e-01
3.728093973212286727e+01 3.451482872596294271e-01
3.730624790310383077e+01 1.044179071024050387e+00
3.736679896568340808e+01 1.726977420065789914e+00
3.738092142669434992e+01 2.466150275209813003e+00
3.734238361026627473e+01 3.194883911401909415e+00
3.736319572409491485e+01 3.915027722112974118e+00
3.813379522554081547e+01 -4.026378869699659191e+00
3.810937296817994735e+01 -3.310514051661094470e+00
3.809212194731920675e+01 -2.596618470640919440e+00
3.808159590301601582e+01 -1.876608150731428282e+00
3.808594057078268946e+01 -1.139738198599513197e+00
3.805728788454675993e+01 -4.168779067344239309e-01
3.813319870652102139e+01 3.442889022480173367e-01
3.812921931534589959e+01 1.053938786059315902e+00
3.815209633023589930e+01 1.736166775933220663e+00
3.817775894055829866e+01 2.491943757834444995e+00
3.896427776039246993e+01 -3.979233777129543626e+00
3.894758237852864369e+01 -3.259329824146178112e+00
3.890096672310684056e+01 -2.571131885478450840e+00
3.898811694875899292e+01 -1.809857266202484993e+00
3.899287121125355071e+01 -1.116450848877814650e+00
3.891913736556681869e+01 -3.343277553760017895e-01
3.899846736537887892e+01 2.593064623442856487e+00
3.895332117999347332e+01 3.199392996993168481e+00
3.976254448196394975e+01 -3.295762616150739177e+00
3.963833622725589834e+01 -2.952301344384647308e+00
3.974225180714157801e+01 -1.790039084059284136e+00
3.998244908609303394e+01 1.124021823353498206e+00
3.999825760361481031e+01 1.876534495183033613e+00
4.000427628424565540e+01 2.627169845163521700e+00
4.000396916071304787e+01 3.332363626376817933e+00
3.999734811792902889e+01 4.019449058280471831e+00
4.073382422116386437e+01 -3.979496620555416087e+00
4.072495708568749961e+01 -3.243058348178117001e+00
4.071550714330540899e+01 -2.485220868674090866e+00
4.071495710840178361e+01 -1.774343442049659103e+00
4.072760383107755189e+01 -1.056181950442269368e+00
4.073176279773849018e+01 -3.339168606694009611e-01
4.074140725105808514e+01 1.128181357084272918e+00
4.073318911464081538e+01 1.854009542066794580e+00
4.072513622244544962e+01 2.514672888406799700e+00
4.070533728838014298e+01 3.334241674687568491e+00
4.072072220307855872e+01 3.979496620555416087e+00
