-4.950402718022729687e+00 -4.192193854581379497e+00
-4.949495425189532227e+00 -2.680559755941597899e+00
-4.958277055906080477e+00 -2.002284630082098005e+00
-4.949428036762199667e+00 -1.255960876198383147e+00
-4.984721412344534031e+00 -5.153539805649067773e-01
-4.954597420487438342e+00 1.963631585352167974e-01
-4.953708196555162147e+00 9.287099694495566382e-01
-4.954928033269503374e+00 1.673715444997672108e+00
-4.923327187798570037e+00 2.362577813546973715e+00
-4.947161505732033504e+00 3.012263813877368079e+00
-4.939657197803988709e+00 3.618561895300459241e+00
-3.978889024961191012e+00 -4.167928630679707425e+00
-4.041249451959117778e+00 -3.477744781100160054e+00
-4.034741442208201079e+00 -2.694852117776395772e+00
-4.113511385081437766e+00 -1.950571900508720091e+00
-4.053476180577064270e+00 -1.257215163546725023e+00
-4.063105000232702935e+00 -5.582818195424188445e-01
-4.011051270471604369e+00 1.001981422271189359e+00
-4.103055737159145622e+00 1.680763467984000670e+00
-4.115779443791119263e+00 2.377304521533741166e+00
-4.134795023621187227e+00 3.174526897247325508e+00
-3.284733342846294590e+00 -3.432260765226935462e+00
-3.321940993780103213e+00 -2.724817979307434967e+00
-3.342714897180030675e+00 -1.987433307713200037e+00
-3.324472814296683509e+00 -1.256595482795287211e+00
-3.330343429638709551e+00 -5.272272218668021537e-01
-3.307192956911165993e+00 9.723985251711830813e-01
-3.343122580543038680e+00 1.662302817917943543e+00
-3.383965092026080868e+00 2.413018856793108569e+00
-3.372022256826262776e+00 3.153716053630759575e+00
-3.395094399042164923e+00 3.906951759511912314e+00
-2.563049711166108580e+00 -4.135551585950388187e+00
-2.569920303147327445e+00 -3.432570361805911574e+00
-2.536042196853728115e+00 -2.694350173642114044e+00
-2.554041773976678087e+00 -1.952821486939956941e+00
-2.599680870389924792e+00 -1.267570672403920184e+00
-2.569695769290284204e+00 -5.355106760745975691e-01
-2.566116326471032494e+00 8.872279049308176013e-01
-2.593526757208486799e+00 1.695976513751784154e+00
-2.557664911845826339e+00 2.461502916687113185e+00
-2.600026656127596425e+00 3.149751637245415736e+00
-2.600672815149273731e+00 3.886648267155592862e+00
-1.791729937987348364e+00 -4.103032694201676378e+00
-1.603666976566415769e+00 -3.360802743024414951e+00
-1.819609411795610754e+00 -2.687933155918930339e+00
-1.819672993942390349e+00 -1.967223276956641342e+00
-1.805562692073408471e+00 -1.232290942037259640e+00
-1.822100121249725646e+00 -5.183698332932316077e-01
-1.807544910922807446e+00 2.252686231116456383e-01
-1.843227501371814014e+00 1.641587188396080421e+00
-1.825544864181189553e+00 2.444444139299388752e+00
-1.789851867455311663e+00 3.185502240580078137e+00
-1.867807033551088125e+00 3.937192094613443771e+00
-1.039842693794717832e+00 -4.078691552582217383e+00
-1.065392039086752618e+00 -3.428790537545868489e+00
-1.110518888220873635e+00 -2.697178695682033833e+00
-1.052200142073196787e+00 -1.952318340864408697e+00
-1.064921625019010776e+00 -1.250560659272288433e+00
-1.107995420579811707e+00 -5.130440938664406758e-01
-1.156731239501212372e+00 1.686331994330778627e-01
-1.052818748549235295e+00 9.128847676693645496e-01
-1.073766995436848504e+00 1.692214023268991951e+00
-1.059138474093138882e+00 2.455496051281894410e+00
-1.155005925979047277e+00 3.127877555419104283e+00
-1.092828833620039575e+00 3.892145298819350785e+00
-2.963765525736334894e-01 -4.088234968320236362e+00
-2.388431552134164804e-01 -3.315604391531099537e+00
-3.347163129130237280e-01 -2.636053839467287219e+00
-3.397802157764786557e-01 -1.972218885264773292e+00
-3.225957281976050695e-01 -1.248829939544346956e+00
-3.414227873091419951e-01 -5.861178762764645001e-01
-3.379586528205535956e-01 1.321508148741230571e-01
-3.192492275050184958e-01 8.992337689043203852e-01
-3.028100630726981990e-01 1.649070200940570885e+00
-3.396358054507970792e-01 2.454697489125727827e+00
-3.399241033156314984e-01 3.125953791430376327e+00
-3.636281793726681144e-01 3.848061035543821617e+00
4.090350826659658878e-01 -4.072840569559904367e+00
4.259809729337362683e-01 -3.355715490784774602e+00
4.238511273964036263e-01 -2.633172927406949526e+00
4.974259155766773688e-01 -1.951069744577523579e+00
3.760038743450380139e-01 -1.279142082162877614e+00
4.150359885845773533e-01 -5.561602360346320495e-01
1.225479530416322405e-01 2.722228650858120602e-01
4.565337305186218941e-01 8.615561219388325753e-01
4.334469707924810677e-01 1.642898858631301806e+00
4.559507792457893061e-01 2.365640755961560870e+00
4.938643766762922382e-01 3.092803401973441169e+00
1.150510099105915174e+00 -4.064105759008675989e+00
1.173158592894836261e+00 -3.358402166204147221e+00
1.174759315379816371e+00 -2.635991602395062472e+00
1.150756562728140864e+00 -1.231301240903594163e+00
1.166578537377574776e+00 -5.362520617105097642e-01
1.171692111541972281e+00 2.123425210562928100e-01
1.195177238595483971e+00 8.818279033055134164e-01
1.256666884529316519e+00 1.633313495914837432e+00
1.210900835207951332e+00 2.338332265638463525e+00
1.235821050305851543e+00 3.058881590462355859e+00
1.289144217314593277e+00 3.751060199493302605e+00
1.891954617540129391e+00 -4.077722814597457557e+00
1.922725360300496789e+00 -3.357559773163085737e+00
1.898602264916263493e+00 -2.624483902012496372e+00
1.915357640411947671e+00 -1.921931668004194904e+00
1.911976515481676131e+00 -1.252718502403613599e+00
1.910996691600963970e+00 -5.198325390861811002e-01
1.937504004787697909e+00 1.723916706886114980e-01
1.997514379859730127e+00 1.045572400800562463e+00
1.983775455852189396e+00 1.606408173213285551e+00
2.010054527116572842e+00 2.373492539664702861e+00
1.984755293115412655e+00 3.061748996749415141e+00
1.978905739628196159e+00 3.802669082616922935e+00
2.677185348908622586e+00 -4.081824445015843850e+00
2.645720134257061318e+00 -3.370956562506165710e+00
2.669117531404182841e+00 -2.648530466357581048e+00
2.675667546627636284e+00 -1.885911938290675494e+00
2.630100443382445974e+00 -1.198265934300280833e+00
2.739021776665659047e+00 -5.249677990309749021e-01
2.691512829542460850e+00 1.941970949628490928e-01
2.720425264403814936e+00 8.585684788019314340e-01
2.712660237587826373e+00 1.626671305085583441e+00
2.764003519927292984e+00 2.369287502373722987e+00
2.777436948330517907e+00 3.069154278923242885e+00
2.771608036206636427e+00 3.790153233681678557e+00
3.435106108596372110e+00 -4.103750740024352694e+00
3.435493614244485627e+00 -3.428385009153274154e+00
3.429656710040688949e+00 -2.651507343212703205e+00
3.439077825031674251e+00 -1.928008292111247357e+00
3.487547510642592385e+00 -4.946432481835572048e-01
3.504719554027452944e+00 1.978897403034451941e-01
3.447222707554445265e+00 8.805830569380574957e-01
3.491236160352507056e+00 1.622377695916476625e+00
3.508096218881952666e+00 3.073717090369932237e+00
3.538094055961217066e+00 3.770907785921103539e+00
4.170284574239964570e+00 -4.092472359117099501e+00
4.159848292308929274e+00 -3.393511783009145688e+00
4.184139295702657080e+00 -1.941722778644678016e+00
4.242513544581008489e+00 -1.245656085504887045e+00
4.320402579875597837e+00 -5.136909543455807636e-01
4.334315751237269865e+00 2.148152080416600995e-01
4.267195473945704975e+00 9.218143930864819424e-01
4.284000205038083209e+00 1.558900376819426725e+00
4.258799544129999504e+00 2.341610338853886475e+00
4.262409200000035980e+00 3.087556836114849546e+00
4.259148418037675299e+00 3.785676674688723153e+00
5.095885351271398633e+00 -3.998411087444260659e+00
5.008405269745757948e+00 -3.364830491542964097e+00
5.138318204007234158e+00 -2.498343648189546684e+00
4.968519244906680399e+00 -2.003816783461918050e+00
5.052559244493430413e+00 -1.288822107170293663e+00
5.053132207514984486e+00 1.196723941518627043e-01
5.077087986982668610e+00 8.825208770603083508e-01
5.028000984658291372e+00 1.589804046446765540e+00
4.993169479092543384e+00 2.330179136767949188e+00
4.999994905453036154e+00 3.043393573383255557e+00
4.994714431572162994e+00 3.786625439277294447e+00
5.846599760506670407e+00 -2.704869522556808903e+00
5.868896464008905411e+00 -1.312580547739131021e+00
5.886392549783714401e+00 -5.902068460124603178e-01
5.793403974004995405e+00 1.305507989712708650e-01
5.773687634573647642e+00 8.712709143797106037e-01
5.801825217856659833e+00 1.587735051181535795e+00
5.791104293716621498e+00 2.340361950624043175e+00
5.749714362308623095e+00 3.039872770494930876e+00
5.788771839078755477e+00 3.741571638711000958e+00
6.653742787512548773e+00 -2.051361954620531947e+00
6.597665739212935421e+00 -1.339061236606298166e+00
6.597752537899410186e+00 -6.532846484746706039e-01
6.539817292699851237e+00 7.605823496517771787e-02
6.538795107582743071e+00 8.659680508559546297e-01
6.544831194703945698e+00 1.598231714338336218e+00
6.543937783928363672e+00 2.235904930157513348e+00
6.507372428856982083e+00 2.982221196832171017e+00
6.624515911049151384e+00 3.701520087021982874e+00
7.551043434421337963e+00 -4.153328191230908573e+00
7.574947508712881472e+00 -3.416797794157819368e+00
7.531435767380905588e+00 -2.731229650506463713e+00
7.495598001625687345e+00 -2.053016753604399725e+00
7.463287929339394111e+00 -1.324589641271920470e+00
7.413001714001190123e+00 -6.365135629073037649e-01
7.304556376913481586e+00 8.363576929303313534e-01
7.292419767279056941e+00 1.507435380984368578e+00
7.312352982576918237e+00 2.272852414465194926e+00
7.308714762906888041e+00 3.014464671214774683e+00
7.366856122648322014e+00 3.670047721373599359e+00
8.339303634230553541e+00 -3.476975686406024835e+00
8.331645790991942135e+00 -2.748988008818905371e+00
8.323175249977914802e+00 -2.057154759975080793e+00
8.280562794200399424e+00 -1.354144667896697740e+00
8.198374124124192974e+00 3.998700115259623544e-02
8.095668765452217031e+00 7.790279416632195364e-01
8.073495681446793526e+00 1.503825040626594500e+00
8.078541928456012045e+00 2.221192969494993008e+00
8.117445085673345773e+00 2.923673587136903507e+00
8.152246429267847816e+00 3.693301279682330573e+00
9.166796808449980460e+00 -3.472060849382049952e+00
9.127405641319427332e+00 -2.759572579857163532e+00
9.158408925129911893e+00 -2.114452996741682966e+00
9.071647756718149935e+00 -1.320141481654715676e+00
9.057448025463010310e+00 -6.140175061227459707e-01
8.936131412741062263e+00 8.099148961321844808e-02
8.866304531583509174e+00 7.795461457233052727e-01
8.817345736622044683e+00 1.504481578735280323e+00
8.867407878628206674e+00 2.223912051476236940e+00
9.007573502307273827e+00 2.856713750214716185e+00
8.919919120405232604e+00 3.641547988614753706e+00
1.004792441303450801e+01 -4.258330815244281808e+00
1.003015538928940487e+01 -3.510648598393778741e+00
1.002582409582680611e+01 -2.820425453104302704e+00
9.922409685127597356e+00 -2.110088893884107364e+00
9.885179197393533457e+00 -1.352857538910981816e+00
9.851490466151076930e+00 -6.323952102570018496e-01
9.809812842479750827e+00 1.058404133959705007e-01
9.757612552170932929e+00 7.206388683278461826e-01
9.851341807016289920e+00 1.490742954871983272e+00
9.751459851006679003e+00 2.240386093342991103e+00
9.752004880754377325e+00 2.913198995521000256e+00
9.768477198990318300e+00 3.658246272816121802e+00
1.100270018689496965e+01 -4.228174176865518774e+00
1.098525450181268326e+01 -3.523236061402798214e+00
1.096552846132863834e+01 -2.748390245087421135e+00
1.091353166828247367e+01 -1.323569907152283065e+00
1.086194189448203673e+01 8.013653923048380534e-02
1.055691270546433458e+01 7.701819919225840749e-01
1.054801612733928806e+01 1.468764174402050315e+00
1.052408087242889678e+01 2.209149086117800920e+00
1.054169222508502202e+01 2.940238593599850958e+00
1.056671390745788841e+01 3.631224096518224087e+00
1.169250253059102107e+01 -3.527190947591684278e+00
1.244472205854172131e+01 -2.591400487952299159e+00
1.172181673761889442e+01 -2.141708737534870011e+00
1.172815309811004880e+01 -1.395982508541404599e+00
1.163825846817217524e+01 -6.510154716201839165e-01
1.161819946649722368e+01 1.053367774836324600e-01
1.148243444258129387e+01 7.357486511717858946e-01
1.133269119240027578e+01 1.487776501094092652e+00
1.128131523959384452e+01 2.249192486687583425e+00
1.130083150125431501e+01 2.883217776559142465e+00
1.138261343065546072e+01 3.620993913837999401e+00
1.266087630107127637e+01 -4.272928303506112968e+00
1.264279839528689564e+01 -3.527050079286524920e+00
1.262345028385877299e+01 -2.793420630550730976e+00
1.251218587986525677e+01 -2.148405139961099053e+00
1.231422051343557911e+01 9.888823969030013927e-02
1.225429715930251007e+01 7.751279530581953736e-01
1.216047707359213348e+01 1.472229906383198283e+00
1.213203777979970255e+01 2.167421508027810972e+00
1.225343805656886786e+01 2.890232449163860906e+00
1.230007638220860144e+01 3.616935780294703306e+00
1.362722094131869710e+01 -4.314626225026280792e+00
1.348944258323692935e+01 -3.507904870200082570e+00
1.346788004496213631e+01 -2.815289306863380858e+00
1.332108477332351271e+01 -1.395695691674326611e+00
1.326133988921483819e+01 9.109870809569287076e-02
1.319508513090080015e+01 7.602111060465759351e-01
1.301000233565991238e+01 1.510594834731044500e+00
1.303754844207505670e+01 2.911138490378029076e+00
1.302788517493284814e+01 3.607640504319327590e+00
1.436507228151507576e+01 -4.300989061499230104e+00
1.436443738049023011e+01 -3.599283969502767633e+00
1.435850104922523229e+01 -2.872261253766282607e+00
1.435614638930909592e+01 -2.172863730766476209e+00
1.421623180060821312e+01 -1.417475602397320955e+00
1.430255387794346689e+01 -7.146821342496423313e-01
1.402548381291700963e+01 9.636040707295379093e-02
1.388926868593312491e+01 1.493426466018181742e+00
1.388335458319847504e+01 2.232705071832455701e+00
1.379627747172636276e+01 2.948578457975848721e+00
1.386075042605533980e+01 3.614917347027613914e+00
1.511073050260759487e+01 -4.414603777558859576e+00
1.512050395997074759e+01 -3.632071155661257933e+00
1.510878294648621534e+01 -2.939685454665994513e+00
1.506691899975764670e+01 -2.211118269432081007e+00
1.501523620489557942e+01 -1.457770873185612714e+00
1.499566322711588384e+01 -7.617097632253191364e-01
1.495118912510960740e+01 1.946296685293447126e-02
1.477071267414992661e+01 1.505676830653097653e+00
1.473492542887694867e+01 2.193359262918132657e+00
1.506696579982903472e+01 2.704694060192316840e+00
1.469189708841332731e+01 3.613274102375157781e+00
1.586577515865581489e+01 -4.320138102178667339e+00
1.584924302382671613e+01 -3.633674883816134127e+00
1.579798330840590381e+01 -2.940766873831883288e+00
1.577323948542385068e+01 -2.190971851290143491e+00
1.573929648701818707e+01 -1.455376959325477060e+00
1.571328873727108544e+01 -7.626705448218515926e-01
1.571174990374263558e+01 1.063762229095388534e-01
1.560289291830213187e+01 7.634427426121703775e-01
1.555986651506371032e+01 1.475576230478132800e+00
1.552262596927736382e+01 2.251076115096843466e+00
1.550938744441558015e+01 2.958288715173893024e+00
1.554563153633782946e+01 3.681052009844627548e+00
1.658135951056092239e+01 -4.288078795861984815e+00
1.660390254499063900e+01 -3.647473546298940050e+00
1.652827376587283936e+01 -2.888029917937821267e+00
1.649205692248838773e+01 -2.173220076722994776e+00
1.643117918652858123e+01 -1.457009789253593368e+00
1.645068236018564534e+01 -7.065919517421512808e-01
1.639888805061956134e+01 2.333918053272654447e-02
1.636475152651576082e+01 7.986263735122314245e-01
1.632450457181799663e+01 1.518091006566582024e+00
1.631382510501892824e+01 2.269737170011129734e+00
1.625461518689599671e+01 3.033233231948216257e+00
1.626566429194107855e+01 3.740907422343866529e+00
1.730502424599978895e+01 -4.340047044726272674e+00
1.726951353973533543e+01 -3.594524083063120656e+00
1.723418894396921530e+01 -2.859697331544381882e+00
1.719919936891513856e+01 -2.145212196666388849e+00
1.715152281303134885e+01 -1.419469911420598862e+00
1.718096997797545100e+01 -6.982027226644902385e-01
1.712131566722776910e+01 8.859219697010090044e-02
1.713179325316498591e+01 7.814615510180118463e-01
1.706675209531050541e+01 1.531822649156925564e+00
1.704539378209702249e+01 2.266261469379177385e+00
1.699376685734211634e+01 3.025951251247583684e+00
1.703009849833768641e+01 3.754330459694493527e+00
1.813173689223563656e+01 -4.253085985581275708e+00
1.799371860586921912e+01 -3.552526492208471609e+00
1.798501779327875028e+01 -2.819680177681885169e+00
1.793095180082843143e+01 -2.110870652113717938e+00
1.789432649314441903e+01 -1.391401055682610632e+00
1.786657663775432781e+01 -6.761436802130660340e-01
1.785898359087767062e+01 5.815638577320214608e-02
1.782031945319963739e+01 7.869453145027769381e-01
1.781759822399635596e+01 1.536081908455148692e+00
1.780449982438118184e+01 2.226325223051663471e+00
1.777474745641069376e+01 2.987647994695159070e+00
1.787203900548723823e+01 3.697652351263819526e+00
1.888281912857647882e+01 -4.300953504818842532e+00
1.883751284470699972e+01 -3.550124729125453626e+00
1.909021139368161357e+01 -2.646326963292860768e+00
1.875570045897899263e+01 -2.031955534543424591e+00
1.874395573616941846e+01 -1.345078633293343984e+00
1.861596948645650684e+01 6.363764954094364157e-02
1.886984984984312064e+01 7.680093316941309922e-01
1.870806961846402316e+01 1.517488389886583633e+00
1.859555896672000586e+01 2.260128121215835506e+00
1.872416518946794639e+01 2.975150750794234966e+00
1.872527292983897951e+01 3.579845953668034042e+00
1.961006406121676093e+01 -4.308987754803361270e+00
1.956014562160901704e+01 -3.528274182627047395e+00
1.952896946388261057e+01 -2.827343533930950059e+00
1.958575491574345762e+01 -2.118020326626883332e+00
1.956888760340127931e+01 -1.384478574810035667e+00
1.957667699494522395e+01 -6.568425912568365277e-01
1.956656904941897324e+01 8.101550277073954476e-02
1.963560320733517983e+01 8.367954697158843658e-01
1.956062462148073422e+01 1.542412804773924506e+00
1.954093604778977067e+01 2.235534033437918566e+00
1.955967552284270994e+01 2.910438681946821760e+00
1.957725818977013432e+01 3.606551686785465449e+00
2.078401282342396428e+01 -4.224432403778163092e+00
2.070727942043449588e+01 -3.552750216058967681e+00
2.075084039442769779e+01 -2.786194627965038251e+00
2.080510921149263481e+01 -2.064668073679971627e+00
2.065203903181809864e+01 -4.862619296278936076e-01
2.053905692865459542e+01 9.032698693634344522e-02
2.060073313725623478e+01 6.679357622018180507e-01
2.043232815775541411e+01 1.559783884181545233e+00
2.042696187135976515e+01 2.275028772111696185e+00
2.042403373611686135e+01 2.891009827150391231e+00
2.038707896249642459e+01 3.593787610511547825e+00
2.149539068945324516e+01 -4.297239280896761215e+00
2.151667788172179030e+01 -3.570995864023590372e+00
2.148589806473647457e+01 -2.834065646661521498e+00
2.150563595308883436e+01 -2.108225556618368302e+00
2.149489969044559956e+01 -1.376586086743220250e+00
2.148717059463321277e+01 -6.418710519628270106e-01
2.145679221713470497e+01 6.447514279741994869e-02
2.133104774135827597e+01 8.858890237338528095e-01
2.141492543448973862e+01 2.297935871756699555e+00
2.132497441804154903e+01 2.932047158128746389e+00
2.127856626263169915e+01 3.560755232027595696e+00
2.224019200460897849e+01 -4.302003090431579579e+00
2.221066832224339294e+01 -3.520600740356595537e+00
2.223878948464085425e+01 -2.850778082288819348e+00
2.225476154222065617e+01 -2.079474928832752312e+00
2.223137194218144685e+01 -1.414042428995990974e+00
2.224049060728372496e+01 -6.890860561001552753e-01
2.221923432159501743e+01 4.037296973853443660e-02
2.220827717080405250e+01 7.663056209424112808e-01
2.222083631235140899e+01 1.494976577068957369e+00
2.221030028418381619e+01 2.199361130658008534e+00
2.219064893632003077e+01 2.929020729285568336e+00
2.216063770813212841e+01 3.572335339870420512e+00
2.298488584954154845e+01 -4.299676788735506960e+00
2.298149636555696418e+01 -3.586412524748848085e+00
2.296670478995618936e+01 -2.850327014127273628e+00
2.297769440697524601e+01 -2.159835041318295623e+00
2.297147350125038656e+01 -1.410465134617243876e+00
2.297901973946127185e+01 -6.795708157894466694e-01
2.305032662951325051e+01 1.743047202710457100e-02
2.300178335768830351e+01 7.672396283480864554e-01
2.291274096143250460e+01 1.484901261099562220e+00
2.299774961031197762e+01 2.223746416248886248e+00
2.300162834458936345e+01 2.924627489965985205e+00
2.288757897082727766e+01 3.495897695279282402e+00
2.442080012670188438e+01 -4.035269819166813932e+00
2.371861108567075149e+01 -2.885403146514907036e+00
2.368110126429805717e+01 -2.187746948017178283e+00
2.374678544012909498e+01 -1.433052212473196363e+00
2.373614045161824748e+01 -7.401963293597830784e-01
2.378498331767402618e+01 1.704635795025311040e-02
2.379510422602081832e+01 7.476506367031916511e-01
2.379671961967388683e+01 1.469168801526627988e+00
2.379089200679896265e+01 2.163986166913517195e+00
2.380845316513612886e+01 2.903606532674430696e+00
2.384611675376250872e+01 3.552512764059017059e+00
2.447076341897726337e+01 -4.282364452567016144e+00
2.444448687917159901e+01 -3.512638545527273948e+00
2.448485947124695628e+01 -2.883859407424974819e+00
2.443490701642433294e+01 -2.165453019401720525e+00
2.444906773822926027e+01 -1.474825532602071831e+00
2.448670316999314878e+01 -7.486854977201566896e-01
2.450631617064729539e+01 -1.887075784497227460e-02
2.450909815577232820e+01 6.910623107855009550e-01
2.456653002481591841e+01 1.431699929501345281e+00
2.460404212799257806e+01 2.104743652826780220e+00
2.460299999076763555e+01 2.855403271548851762e+00
2.464494317814176583e+01 3.543130390306060917e+00
2.522183589875888998e+01 -4.273367004892079990e+00
2.522826262143257026e+01 -3.610966128487056892e+00
2.520485675755387689e+01 -2.903479460207218921e+00
2.520870174653084916e+01 -2.182298859988822670e+00
2.519779398272818582e+01 -1.489706084527522734e+00
2.520580880713870897e+01 -7.204329796118251750e-01
2.524881410873448573e+01 -6.478469452086699221e-02
2.525786443177057095e+01 6.605289660434081611e-01
2.532243563315311974e+01 1.409249864489925841e+00
2.538832972187021397e+01 2.153491974852528301e+00
2.536394883308730641e+01 2.837817348568236753e+00
2.540184613416796822e+01 3.530695738579289866e+00
2.601183031936261614e+01 -4.336009306492830007e+00
2.599538275303002877e+01 -3.668119443756754805e+00
2.600016121619842124e+01 -2.938795573604920719e+00
2.597683317035682649e+01 -2.214091339340910736e+00
2.597669840994451107e+01 -1.489894564365652485e+00
2.595824050799218696e+01 -8.379527946427351992e-01
2.599090727028008985e+01 -9.095593801428947245e-02
2.602692463946271317e+01 5.473745102127338669e-01
2.604023203731359359e+01 1.353722076484853432e+00
2.612079108632740088e+01 2.056237648878923352e+00
2.617067555560257119e+01 2.780599109884860809e+00
2.618902550924704542e+01 3.470870027006270675e+00
2.683207840935564548e+01 -4.345314876832929940e+00
2.672200147735202336e+01 -3.637932135886096319e+00
2.674373857587602998e+01 -2.931350674041549809e+00
2.677430899586788371e+01 -2.245313437393598122e+00
2.674994969485874208e+01 -1.542540056788865854e+00
2.677057284081543287e+01 -8.537457847563949542e-01
2.679929073736657585e+01 -1.502129789980273245e-01
2.684811140427026999e+01 5.225948366703150327e-01
2.685314862549749648e+01 1.300150013077917777e+00
2.684913254197800825e+01 2.028581049859919716e+00
2.692139945229350673e+01 2.751451250051182740e+00
2.698402598163546884e+01 3.454967046454946455e+00
2.820117929349877528e+01 -4.086268621664757461e+00
2.756353642087723443e+01 -3.642045579475880146e+00
2.811230372403334599e+01 -2.778386816171380502e+00
2.752863829604618928e+01 -2.301703081960141617e+00
2.754772140253398760e+01 -1.608070342756079185e+00
2.750125585907299097e+01 -9.066623763731946894e-01
2.753158630481612335e+01 -1.852199792425182068e-01
2.758330843289407852e+01 5.135830945682897664e-01
2.763102875771907208e+01 1.219377111113519874e+00
2.769709003190441621e+01 1.941256403085176885e+00
2.774892641491631906e+01 2.655165447158104541e+00
2.775344417413514719e+01 3.379531031228758309e+00
2.843987247891916326e+01 -4.319231372649987577e+00
2.841435792846994701e+01 -3.684463473984227022e+00
2.837625520304995774e+01 -2.987276969658786641e+00
2.838069027936328581e+01 -2.307972209927054763e+00
2.836997785823438534e+01 -1.634199787547188976e+00
2.835708635689159252e+01 -9.120656026157156759e-01
2.838790269009435718e+01 -1.629523462840118952e-01
2.835848291199484805e+01 4.851485998839457636e-01
2.839953845351397632e+01 1.160936341146509676e+00
2.844035028899924811e+01 1.913250068648739699e+00
2.847787751174393378e+01 2.595718662994990211e+00
2.850690734295985607e+01 3.358753247613904591e+00
2.929159033160670589e+01 -4.327460139356762880e+00
2.911414861748536254e+01 -2.325319583845409710e+00
2.913643847481450422e+01 -1.679773114161051240e+00
2.980582060063195371e+01 -8.849669949574945349e-01
2.920165293185286970e+01 -2.500093626611530340e-01
2.915889525530830184e+01 4.494465940433478579e-01
2.923431058004715766e+01 1.172222305599344594e+00
2.923398405618892326e+01 1.885321307847146244e+00
2.925312644734729162e+01 2.566700525064440797e+00
2.927442462738101625e+01 3.318543810575370401e+00
3.004099550336473357e+01 -4.347081025548241939e+00
2.997081630595227608e+01 -3.688585921308739302e+00
2.999478091506014010e+01 -3.029201681776594768e+00
2.995667313136380727e+01 -2.312299659358874493e+00
2.993532762530042390e+01 -1.674004961352270726e+00
2.993397336164110101e+01 -9.501071418477557984e-01
2.997281352602133353e+01 -2.787106436099016094e-01
3.000126860500173365e+01 4.427383693949487053e-01
3.001307927056128477e+01 1.185699353992450966e+00
3.004810741291257870e+01 1.903366586925859139e+00
3.002647064914108199e+01 2.641414390029765968e+00
3.004220416781898706e+01 3.368869139323365403e+00
3.088061112890785154e+01 -4.325021727419496642e+00
3.080377508915820073e+01 -3.734976702783793456e+00
3.072264811707473342e+01 -2.970216511777337587e+00
3.069463974616932234e+01 -2.356418181563316949e+00
3.070035677400660035e+01 -1.686992263675350046e+00
3.073766206062901318e+01 -2.840447548853290982e-01
3.074893397097479664e+01 4.295239937346266856e-01
3.072988310874215045e+01 1.165962308479816301e+00
3.077577454024054049e+01 1.913158213447989198e+00
3.087553608021620022e+01 2.631352416295300145e+00
3.094909497206833038e+01 3.357226300615032244e+00
3.160585848794313080e+01 -4.368908241065806664e+00
3.159974419614852792e+01 -3.710925992119719297e+00
3.154804052460260522e+01 -3.028024603419073202e+00
3.148944240784557991e+01 -2.320937024902335111e+00
3.151203954158575726e+01 -1.671246036717430883e+00
3.147396998099784327e+01 -2.800451046860708004e-01
3.150483375513254458e+01 4.313196277371851295e-01
3.161584734623679793e+01 1.143246737818898850e+00
3.162698244242084655e+01 1.898905996095546556e+00
3.173624876260907257e+01 2.561360009208158317e+00
3.165477742721940757e+01 3.353936277895741114e+00
3.243538353170041688e+01 -4.385433314913289138e+00
3.235384551545538301e+01 -3.683892791950107437e+00
3.237807253341006941e+01 -3.014401382120375672e+00
3.232979724813754530e+01 -2.318723759060912215e+00
3.227459098743280919e+01 -1.616021700214965051e+00
3.232821905929423423e+01 -9.638767301495363427e-01
3.230639177286906971e+01 -2.598669057650866421e-01
3.231277240675876072e+01 4.427203467298745920e-01
3.234772722750206952e+01 1.176656590220005683e+00
3.233073323988114822e+01 1.959625395012686511e+00
3.240183436269879991e+01 2.674534972337056615e+00
3.246500257743874585e+01 3.349912196453992408e+00
3.324944897657348264e+01 -4.320492503762267233e+00
3.316551720660010716e+01 -3.653262758758039297e+00
3.311105493693516877e+01 -2.970631688914057378e+00
3.307612742327010125e+01 -2.329174399003200335e+00
3.306539229035663396e+01 -1.660786186732778447e+00
3.306360002750005123e+01 -9.467867958485491897e-01
3.304243304734148268e+01 -2.190719861730165974e-01
3.309128206965483088e+01 4.933543891383891378e-01
3.310894137325303888e+01 1.227048940495944152e+00
3.316433869999196560e+01 1.934061523354110079e+00
3.321625225979223472e+01 2.671572960736078528e+00
3.324626223020653271e+01 3.397276326445762606e+00
3.400594195530980102e+01 -4.314046474534777076e+00
3.393544847959203281e+01 -3.697740411792175053e+00
3.391797826942474359e+01 -2.968489630310838123e+00
3.385874000684055574e+01 -2.300640989476374187e+00
3.382348823645504154e+01 -1.656887751328437020e+00
3.383217614575382726e+01 -9.264050475008325236e-01
3.385799218680057976e+01 -1.825413480224291618e-01
3.381468875816059239e+01 4.294035378932115066e-01
3.385216414642551541e+01 1.252507956975648540e+00
3.399904670221837222e+01 1.938924596087979069e+00
3.399965696082536937e+01 2.706620962156613075e+00
3.397970405077291645e+01 3.415805382473550367e+00
3.477310915147948123e+01 -4.318016298710436018e+00
3.473589618715472938e+01 -3.654592524818692567e+00
3.469382862261492306e+01 -2.949866357784326709e+00
3.463839479006799849e+01 -2.295061404965871077e+00
3.460897946641080836e+01 -1.569611088819236500e+00
3.460492233447605059e+01 -8.683544538983412053e-01
3.464279410667260350e+01 -1.206879292198301812e-01
3.463123654750632596e+01 5.523368565735822244e-01
3.476501681013100864e+01 1.966835705411732249e+00
3.478451097194395203e+01 2.736102173057979314e+00
3.494939564708440827e+01 3.577381943346928495e+00
3.556757831833783001e+01 -4.336745876598662619e+00
3.554936125808379899e+01 -3.567050426564708943e+00
3.554162832429337726e+01 -2.965066338731745077e+00
3.541757002679144506e+01 -2.235330089161617906e+00
3.541212886992104103e+01 -1.519884504683940207e+00
3.537978120390442172e+01 -8.142383068373924004e-01
3.546101614824224413e+01 -8.705046519439463282e-02
3.543654984781361605e+01 5.780627636221886689e-01
3.551241176279270206e+01 1.341953080839115131e+00
3.550760840443094679e+01 2.016812668985554780e+00
3.567108185109923824e+01 2.798113488860359155e+00
3.581280271586536657e+01 3.499447077601928413e+00
3.641019302193016216e+01 -4.269878610275103625e+00
3.630553595044997195e+01 -3.534297524648025046e+00
3.627870784998550135e+01 -2.869060986573916949e+00
3.620042679770580918e+01 -1.474243965659979949e+00
3.620071231657374966e+01 -7.484285252748357209e-01
3.640319488374822043e+01 1.791919330959075296e-01
3.626190579263896296e+01 6.713836653503086893e-01
3.643917846971515218e+01 1.354254042406541458e+00
3.649227552685893983e+01 2.092197160844065706e+00
3.648969032549106117e+01 2.832399488576612612e+00
3.657852730175134326e+01 3.528233880628917518e+00
3.724827271304726395e+01 -4.198232622404230341e+00
3.713703943364900084e+01 -3.491798905176281664e+00
3.712952448082788948e+01 -2.773541028257707097e+00
3.709172658935906242e+01 -2.078156163579702564e+00
3.706593192960144023e+01 -1.392363385398009967e+00
3.702719631688768942e+01 -6.533741620878714684e-01
3.709693992538230845e+01 3.056564728974962009e-01
3.723383722924000239e+01 7.129899242005173221e-01
3.762103824027355614e+01 1.244085762957137575e+00
3.749456057917002028e+01 2.191087618245550317e+00
3.812775659613630097e+01 -4.107762804907469700e+00
3.811352000102349535e+01 -3.353330494221772540e+00
3.814955607196011300e+01 -2.680592553823899493e+00
3.812586001026971161e+01 -1.976281740058780656e+00
3.843955810518377092e+01 -1.129898768529553621e+00
3.802242259016799864e+01 -5.212333432275961798e-01
3.814866581581278382e+01 2.792727459519433353e+00
3.843630892098502017e+01 3.279218596281971543e+00
3.922152596183378392e+01 -3.246199185862455039e+00
3.926380051216995781e+01 -2.972323012577756884e+00
3.921531568094135167e+01 -1.760201798832582654e+00
3.999283744381543926e+01 1.157722957623281701e+00
3.999508006249825343e+01 1.875595186458191677e+00
3.999957401389394107e+01 2.623132811408410703e+00
3.998945289279726722e+01 3.333519249933807771e+00
3.997874476741863958e+01 3.980274188354293585e+00
4.075111074375070785e+01 -3.967952584451303721e+00
4.070884108254464451e+01 -3.139879452297300588e+00
4.070424816779286203e+01 -2.443459100070704437e+00
4.069743605758329608e+01 -1.790416022864153689e+00
4.070889408628479345e+01 -1.075260897605076593e+00
4.071663898458519526e+01 -3.477882633810800428e-01
4.072849465141874958e+01 1.111922293425553931e+00
4.070320896558273915e+01 1.846958370887794132e+00
4.070411260177478852e+01 2.359365966672839932e+00
4.067128667377667028e+01 3.306453683114000341e+00
4.070343568049170102e+01 3.967952584451303721e+00
