-3.063371613611792554e+00 -4.125814889788227191e+00
-3.044185762102316062e+00 -2.707381240189114635e+00
-3.063542140285747450e+00 -1.941325746160412535e+00
-3.060803304065878194e+00 -1.215103345448316219e+00
-3.083733892423204281e+00 -4.757021572718507230e-01
-3.064961794520868921e+00 3.378275920381135222e-01
-3.062794274593372279e+00 1.000348349177329510e+00
-3.063981234620399619e+00 1.726377728235824804e+00
-3.058782980741256097e+00 2.430193950794819813e+00
-3.069676252296098085e+00 3.147955222343284731e+00
-3.061311391851546659e+00 3.905803733493584673e+00
-2.208304481338792868e+00 -4.093597610178949964e+00
-2.242029343204649194e+00 -3.381044522182321543e+00
-2.246999515675398129e+00 -2.639315197164727067e+00
-2.285998857284383234e+00 -1.913586599376387198e+00
-2.262488496368980861e+00 -1.188081253032716944e+00
-2.255393269934593548e+00 -4.782795854462342788e-01
-2.279301862000338019e+00 9.995657437317539973e-01
-2.309221465247134120e+00 1.729327194328028838e+00
-2.309772395904232667e+00 2.435502827256751601e+00
-2.330706641909230825e+00 3.222148589783387251e+00
-1.511005485954953542e+00 -3.364129138196094715e+00
-1.578979788491288616e+00 -2.632669871896190728e+00
-1.518599541040750012e+00 -1.917606080870189800e+00
-1.534325850006226233e+00 -1.176559890659010676e+00
-1.535401536163206515e+00 -4.586924810555963461e-01
-1.519454773766490518e+00 1.019113577155010830e+00
-1.540112588412696937e+00 1.732643356405755952e+00
-1.563421566045505529e+00 2.484055514310355761e+00
-1.564262912196149102e+00 3.228673619066739775e+00
-1.564855309969132691e+00 3.952942303577223981e+00
-7.869331998627941971e-01 -4.076002625102844945e+00
-7.857024075081682213e-01 -3.360029137523511622e+00
-7.766707097887248779e-01 -2.625650002766864333e+00
-7.893355994847652823e-01 -1.896513554456966233e+00
-8.227581488793518361e-01 -1.193040199293147197e+00
-7.828102550392728176e-01 -4.595393130087508382e-01
-7.942294629752595370e-01 9.804978817563316795e-01
-8.174341726106888473e-01 1.763764081807806861e+00
-8.093193086106680312e-01 2.501924751522281554e+00
-7.953040094499499446e-01 3.223414610040876482e+00
-7.985932588752930883e-01 3.945582347552061719e+00
-4.871753208100670918e-02 -4.050329072774637496e+00
-8.573143166969998674e-02 -3.336165875950296567e+00
-5.617919343416133415e-02 -2.633884894941740384e+00
-4.310967423126044196e-02 -1.899670453835920370e+00
-3.965121015254879921e-02 -1.173358376812345227e+00
-4.585794618576954917e-02 -4.279920677345607771e-01
-4.222713538470657113e-02 3.039296503846493636e-01
-6.657391294881875865e-02 1.732208997431932573e+00
-5.228057675301300833e-02 2.520481100549396558e+00
-1.196535476004783050e-01 3.242112484536249895e+00
-5.829019393474510480e-02 3.972644368997656272e+00
6.978264702338421444e-01 -4.037591879353374935e+00
6.742742554277185718e-01 -3.372772561092286736e+00
6.419926784529224051e-01 -2.637647000758789773e+00
6.746706454633937255e-01 -1.905628544280883574e+00
6.861558969825836130e-01 -1.183312779243003376e+00
6.716655020592483538e-01 -4.367471560757181237e-01
6.283599841609799341e-01 2.610485418683090586e-01
6.633459700175734497e-01 1.004842564850932263e+00
6.756993984101242745e-01 1.746769673312275728e+00
6.995946105640413748e-01 2.525172495471700529e+00
6.423222800333263649e-01 3.174641280655329467e+00
6.804725836793750204e-01 3.945253465606988641e+00
1.435854710637919140e+00 -4.046467468088721375e+00
1.479089497171756307e+00 -3.269123789893985332e+00
1.402504520110241515e+00 -2.594741798295498114e+00
1.409298259924128160e+00 -1.909934182962214066e+00
1.409291329675852467e+00 -1.174632610905639751e+00
1.412753534810512690e+00 -4.886980453464815355e-01
1.402064595948509407e+00 2.509639312019551483e-01
1.438550740709047204e+00 1.000226957493087099e+00
1.446166590155947063e+00 1.730218695123689088e+00
1.426979597414685941e+00 2.529966308489655091e+00
1.425926291633153653e+00 3.200520494173169084e+00
1.422520575231438045e+00 3.910132506284149656e+00
2.130929193230116425e+00 -4.027671558279173780e+00
2.145060931994585474e+00 -3.308996618227816100e+00
2.146313804672345782e+00 -2.591217119071266950e+00
2.215898252959711101e+00 -1.869323656344818119e+00
2.115137073016292391e+00 -1.194903378038940645e+00
2.149620650153252654e+00 -4.544151160884446483e-01
2.081803885910815666e+00 3.145255307857439675e-01
2.174442969934936798e+00 9.765201839503454551e-01
2.185215569512500622e+00 1.723140005812609843e+00
2.200371293836518305e+00 2.464389541913462267e+00
2.231088803406386489e+00 3.189714618842501181e+00
2.883037458034451106e+00 -4.032515911262755992e+00
2.888543745499383419e+00 -3.311621445203090985e+00
2.889080212874347353e+00 -2.586172251450829407e+00
2.869260126901984620e+00 -1.171748090585591484e+00
2.879294302151429008e+00 -4.642607986510718376e-01
2.901341163260752865e+00 2.828825533458676489e-01
2.921918492413119850e+00 9.917356897321063514e-01
2.968668293726580032e+00 1.737080019230216266e+00
2.951301137038207401e+00 2.439480867707434442e+00
2.977849664683525077e+00 3.158090981763677974e+00
3.018654986451124955e+00 3.848325539122448902e+00
3.610560817418424051e+00 -4.037675609485599892e+00
3.629760142837731962e+00 -3.309862863975016722e+00
3.625192845458201418e+00 -2.585211991223680172e+00
3.640286247308516465e+00 -1.858700889778823750e+00
3.620497273734983423e+00 -1.171725278135586024e+00
3.620402666346272724e+00 -4.232898761332641868e-01
3.648531905211235937e+00 2.787156712073368681e-01
3.664910809633504130e+00 1.043008998268337706e+00
3.703134768831731094e+00 1.720117591657384537e+00
3.734182796387834458e+00 2.462185154241645080e+00
3.712365544944418616e+00 3.159697802422748225e+00
3.700894573091872530e+00 3.903629439894061193e+00
4.374716815298114625e+00 -4.041708922166357354e+00
4.355562933427776784e+00 -3.327540667101818173e+00
4.366058041008365365e+00 -2.586183353045740319e+00
4.364758547348628781e+00 -1.834985451581641058e+00
4.354724016602943948e+00 -1.128349036511341552e+00
4.417344449505371529e+00 -4.307323489664973692e-01
4.394313571991638412e+00 2.934529513020365243e-01
4.413229701932657179e+00 9.871107150504201400e-01
4.417897130493521729e+00 1.731266000375040193e+00
4.460747848902911983e+00 2.482569010476044724e+00
4.474830392586660821e+00 3.183160213864489663e+00
4.485848081572633816e+00 3.888283819600566460e+00
5.127726112157681371e+00 -4.041507628842598621e+00
5.115729611557995327e+00 -3.351395541837078440e+00
5.113705138687450358e+00 -2.586894273275014200e+00
5.117177557020440304e+00 -1.873842361054151695e+00
5.197535322682441006e+00 -4.321542987758988374e-01
5.176844030578692468e+00 2.960956900758553445e-01
5.134410191994156492e+00 9.912974886175724976e-01
5.183810870199792475e+00 1.736709602569884936e+00
5.212245349513203507e+00 3.158750444653932732e+00
5.247527877467540236e+00 3.878201023085615873e+00
5.850053674792881964e+00 -4.042081925448751889e+00
5.809305696574512012e+00 -3.337255859138863912e+00
5.860958680347586380e+00 -1.876273852222645644e+00
5.916863520744527705e+00 -1.171122712215538542e+00
5.961199107221759164e+00 -4.272722127940973280e-01
5.990127926316290541e+00 2.988937922796921498e-01
5.942198243021103110e+00 1.009483518990517581e+00
5.938098386694036890e+00 1.702013535207711925e+00
5.959654135414062637e+00 2.444288494791798882e+00
5.970762557143778793e+00 3.180394729738807769e+00
5.965264034031456220e+00 3.918831538780843005e+00
6.671882141243422382e+00 -4.052402254599343223e+00
6.653153823810164624e+00 -3.335470739202698098e+00
6.668240776852172758e+00 -2.534144402015293451e+00
6.620652965343438723e+00 -1.915801039691910290e+00
6.672041833881579009e+00 -1.208802342598371382e+00
6.718660301868467855e+00 2.366941405071401050e-01
6.724734166055000628e+00 9.875734546760810417e-01
6.712178036408701587e+00 1.691574095478646456e+00
6.692433917028800749e+00 2.438567869845169156e+00
6.690928149745793974e+00 3.152409461017512626e+00
6.687478518567516517e+00 3.899975833816789361e+00
7.440573137564044259e+00 -2.642682988174769321e+00
7.464880354688432362e+00 -1.206892322397685291e+00
7.459914219835638960e+00 -4.933227771699968400e-01
7.437844917776594400e+00 2.425442016835042125e-01
7.425002167097446204e+00 9.796369575885108816e-01
7.447584727441110886e+00 1.688222805267376003e+00
7.441659892158980938e+00 2.425711338249481486e+00
7.445404127471618949e+00 3.156967762480327622e+00
7.479148676142202135e+00 3.858133239205201903e+00
8.220842933839335842e+00 -1.945497103026664121e+00
8.200550972490503909e+00 -1.232388067385354447e+00
8.216158325504778759e+00 -5.286876718635760142e-01
8.181297094386209778e+00 2.042970074697230132e-01
8.161202401424361597e+00 9.930898679967690157e-01
8.187429919049513671e+00 1.694583169024753033e+00
8.215396681056880368e+00 2.378887463091995613e+00
8.203199034151779756e+00 3.111086088079247247e+00
8.265509323732679547e+00 3.802938494006369297e+00
9.112921117890479650e+00 -4.088301319481992380e+00
9.114365654684476681e+00 -3.361629798946520253e+00
9.100821451167846021e+00 -2.637639907528186001e+00
9.049261226028171734e+00 -1.956166388678102663e+00
9.025069395228953795e+00 -1.215554808777127960e+00
9.014836767223414427e+00 -5.128199704676958959e-01
8.943775592959894993e+00 9.616204984626612884e-01
8.935096405007904252e+00 1.636458333300414125e+00
8.962823662286083959e+00 2.387293611911868396e+00
8.984752593042728108e+00 3.129980158968528769e+00
9.033061910377533366e+00 3.800461311838247980e+00
9.882569125169439417e+00 -3.396950610311158414e+00
9.877164156619905100e+00 -2.651132107773694457e+00
9.878544051058774755e+00 -1.960311891844956023e+00
9.814702121375312061e+00 -1.241272094669103154e+00
9.739917003349198410e+00 1.922618904068400525e-01
9.700805423464558430e+00 9.288808184495991327e-01
9.700282097099162115e+00 1.640093829510512080e+00
9.716911244190853836e+00 2.358712744750480539e+00
9.766630642509333882e+00 3.049335039658615187e+00
9.797804318515510147e+00 3.824911651173678706e+00
1.066076319395775585e+01 -3.387093475504972417e+00
1.064226848646938350e+01 -2.662233813317232745e+00
1.067511306002588611e+01 -1.996879209871142535e+00
1.060381132660971559e+01 -1.217532659507355675e+00
1.059746194194092794e+01 -5.064003452930236904e-01
1.052774024671055031e+01 1.933458807086054776e-01
1.047214861606526881e+01 9.147532489537866240e-01
1.044832129753719130e+01 1.649106460512676620e+00
1.047791979312954425e+01 2.368035468657069487e+00
1.053279925646894100e+01 3.072313466774758695e+00
1.054057828740401703e+01 3.781850494359233039e+00
1.157113313008076716e+01 -4.157916408789887441e+00
1.150576873975720105e+01 -3.416676167904597605e+00
1.148317876842984475e+01 -2.721976677229836383e+00
1.140581536123995932e+01 -1.988088402386903653e+00
1.139542272448485249e+01 -1.229750852494202462e+00
1.135753618234748075e+01 -4.940945357846366903e-01
1.137254868509010919e+01 2.227622667922659616e-01
1.131933973244519365e+01 8.928727347811040715e-01
1.141644601232694356e+01 1.621089430386280839e+00
1.134508267538831916e+01 2.396694691274838362e+00
1.132572242679741237e+01 3.085761058484976616e+00
1.137882872492563280e+01 3.794511283406045266e+00
1.241250300796763639e+01 -4.105211255735270015e+00
1.241781245857656302e+01 -3.400113163553083240e+00
1.238539018451707818e+01 -2.640078896772926953e+00
1.233093170482276690e+01 -1.212427638689355547e+00
1.224132027980078163e+01 1.981165043667267867e-01
1.211918430372164579e+01 9.269422961991047316e-01
1.211470258844370562e+01 1.652308062151401913e+00
1.210667867112972829e+01 2.378164303145279490e+00
1.213991627820471564e+01 3.107024969026454642e+00
1.214759942224679179e+01 3.806913772583399691e+00
1.311590566816118297e+01 -3.399919526401102843e+00
1.320878345094428852e+01 -2.659273228273637102e+00
1.314508011705972734e+01 -1.969973794523482979e+00
1.315137047446378205e+01 -1.249234075042512160e+00
1.309886237816892418e+01 -5.179455496111735613e-01
1.305614062342387882e+01 2.125265692364841641e-01
1.299448341274758434e+01 9.385554374299438507e-01
1.290090786326794614e+01 1.656893863096069452e+00
1.286414226299170593e+01 2.427684872136538274e+00
1.288269593030627647e+01 3.115038628635247164e+00
1.294561456523365450e+01 3.810005857439932697e+00
1.402383300230547292e+01 -4.139282468939097015e+00
1.400215320262041274e+01 -3.407313849326584432e+00
1.398461982484764832e+01 -2.667990275380301313e+00
1.395348697015225525e+01 -1.968787651639562597e+00
1.377725487602128851e+01 2.574592205758321484e-01
1.373735967074142650e+01 9.508769802590464337e-01
1.371600239181940850e+01 1.666306159524499009e+00
1.373442777703625950e+01 2.372800853451899172e+00
1.379681295117553930e+01 3.089426017868255769e+00
1.382116487601344090e+01 3.812537913988521154e+00
1.490784929391278979e+01 -4.136747514700441997e+00
1.489612676160737692e+01 -3.439255613651493348e+00
1.481372675103686731e+01 -2.651903209092068892e+00
1.469866376773364891e+01 -1.226373888589588290e+00
1.464748393723762376e+01 2.548271664943086989e-01
1.464511106615399427e+01 9.117746934302033424e-01
1.450281109033358007e+01 1.681824159230149718e+00
1.456617056850286218e+01 3.122758189883214186e+00
1.455279353204954162e+01 3.828577266513349286e+00
1.569245489762710122e+01 -4.159806093452033338e+00
1.568012722551902982e+01 -3.434697725258065049e+00
1.570100193917038922e+01 -2.712932073409305644e+00
1.568331113549637479e+01 -2.002085743576628829e+00
1.556228706575168985e+01 -1.263865406115606049e+00
1.564091771542933174e+01 -5.181764279194176481e-01
1.540788794679784246e+01 2.556634814319025395e-01
1.533129764133095563e+01 1.696523890357912734e+00
1.535017829965907765e+01 2.408121356444780758e+00
1.529821190443924905e+01 3.131038807985881078e+00
1.536288618002005535e+01 3.802108205507025218e+00
1.642113645654291076e+01 -4.194423738891718045e+00
1.643682058793430656e+01 -3.448144361407791791e+00
1.641510063284331977e+01 -2.753040650506559217e+00
1.640541501299193072e+01 -2.004379414483722144e+00
1.635416226715305754e+01 -1.279817668946460429e+00
1.632859752528619168e+01 -5.601325816752833475e-01
1.629921873369623597e+01 1.927974703070098883e-01
1.618595899633717039e+01 1.722178715113464875e+00
1.615180469421665066e+01 2.400347316864927194e+00
1.611065655229332805e+01 3.053769563603836446e+00
1.613731964697578292e+01 3.837661764292718658e+00
1.718392090952150397e+01 -4.163102435496710996e+00
1.715566406410332689e+01 -3.445157453183949059e+00
1.712575842217408706e+01 -2.737762717099741394e+00
1.710812672618634167e+01 -1.971230655643118723e+00
1.709088936599604125e+01 -1.267191424172775527e+00
1.705463289029909646e+01 -5.497766872133915683e-01
1.705035672069588060e+01 2.675612139511542864e-01
1.697046724843875154e+01 9.419465770050017284e-01
1.695247310827356557e+01 1.610037256623623847e+00
1.693657213594006805e+01 2.442561812446133018e+00
1.693170284361253408e+01 3.145422393387775628e+00
1.697144563685878182e+01 3.884344170124549578e+00
1.790219263164853913e+01 -4.123729294682359381e+00
1.788704879154456506e+01 -3.443054593420008302e+00
1.784947467754031436e+01 -2.678451305045996378e+00
1.782103552299880533e+01 -1.972961821318747866e+00
1.777750737292393524e+01 -1.254720411646353284e+00
1.779128800847904301e+01 -5.033737913673377307e-01
1.774616606408276454e+01 2.168209509721812367e-01
1.773281193792769272e+01 9.984825442995379774e-01
1.770577057402962851e+01 1.696482009506887323e+00
1.769847224414582598e+01 2.447390010871572485e+00
1.765669568065413841e+01 3.194097166199803439e+00
1.767411059597830558e+01 3.906649800238923831e+00
1.862330389756244386e+01 -4.156103124019253414e+00
1.860772143595900729e+01 -3.416572542074018060e+00
1.856695068905219159e+01 -2.673798570271443964e+00
1.855366475591051056e+01 -1.963895989490943350e+00
1.853024828906984567e+01 -1.215167835171854449e+00
1.852125786778209715e+01 -4.897834501382085648e-01
1.848023550119247460e+01 2.569477920208527166e-01
1.848873203847469426e+01 9.694917275123806633e-01
1.842654577367277113e+01 1.714796137999456960e+00
1.842232549611468073e+01 2.443717735597960683e+00
1.839545713495832047e+01 3.203332432113427330e+00
1.844410052591214111e+01 3.950229310588433407e+00
1.946032185574634354e+01 -4.051566303207629005e+00
1.934066115930760077e+01 -3.360455062015873295e+00
1.931590751471801326e+01 -2.635248011519443878e+00
1.928748370686467695e+01 -1.930755748875178313e+00
1.924894156013108670e+01 -1.198986573219798402e+00
1.922603489538077071e+01 -4.789190448243765275e-01
1.922751218913448668e+01 2.573796011927633742e-01
1.920353824755601835e+01 9.823545820345920276e-01
1.918791052806030706e+01 1.721879251003102240e+00
1.919354790128835475e+01 2.436986810841020201e+00
1.917431901028476204e+01 3.180982933805680091e+00
1.924424325099791133e+01 3.916162411564698687e+00
2.020633131035443597e+01 -4.121861053307377176e+00
2.019387740864899428e+01 -3.363979196580704212e+00
2.014577088025470886e+01 -2.611198262326556829e+00
2.009135883315999394e+01 -1.864635054305392003e+00
2.007781768343861017e+01 -1.140677371574781773e+00
1.999553362340174090e+01 2.628812374433309174e-01
2.020985651989420973e+01 9.727640233095193878e-01
2.006237712658582240e+01 1.728484662575453967e+00
1.999120708852902339e+01 2.484685247541925435e+00
2.004150964990547834e+01 3.212427621461181104e+00
2.008404396937859104e+01 3.849405856972325068e+00
2.093578575910798634e+01 -4.112521172884960663e+00
2.090686551011751249e+01 -3.350511460314631762e+00
2.088382091346339564e+01 -2.620894753922055287e+00
2.092226147469396125e+01 -1.915265339202317563e+00
2.094374806188660898e+01 -1.185968650487705389e+00
2.091571062212972976e+01 -4.536356953479234733e-01
2.090331162517932029e+01 2.756057972886871710e-01
2.094949821611458418e+01 1.018213040984399242e+00
2.087257568088499227e+01 1.731332990383169346e+00
2.088223736431230293e+01 2.480389856680261573e+00
2.090501956035497244e+01 3.149579678083853196e+00
2.093066527997094539e+01 3.882950679357968227e+00
2.210621178430806566e+01 -4.017424652707628496e+00
2.210349631797924275e+01 -3.360915678440065335e+00
2.206819706841315565e+01 -2.574865860776846205e+00
2.210998980362380451e+01 -1.852390153973619391e+00
2.197489815639407595e+01 -2.863394607067526465e-01
2.183362654052568530e+01 2.926396630109522334e-01
2.180596420702988780e+01 1.027344292888244581e+00
2.173389008711593107e+01 1.753643493201497705e+00
2.173046061867873391e+01 2.467250143474196022e+00
2.173479253826156565e+01 3.148152552117473135e+00
2.170767681467585675e+01 3.902920202953779949e+00
2.279903214485720042e+01 -4.095377975622294997e+00
2.280196332586559294e+01 -3.365125906365172170e+00
2.279226102028015077e+01 -2.633527818521024244e+00
2.280268380679581952e+01 -1.890738511993099280e+00
2.278409460674308207e+01 -1.165751761151032184e+00
2.275789739947167334e+01 -4.397868102475328556e-01
2.273951881258235375e+01 2.886163095371578891e-01
2.263004664135770838e+01 1.027585095213531474e+00
2.265410166544725712e+01 2.518123540311179909e+00
2.258114254959393463e+01 3.188452893788813469e+00
2.254222372479854641e+01 3.863332499423115962e+00
2.353683825880061420e+01 -4.082594522462052566e+00
2.352118868621018066e+01 -3.365215654181287874e+00
2.354692485563083437e+01 -2.635823028210094066e+00
2.352951645195302177e+01 -1.889476142320955177e+00
2.353774906560684599e+01 -1.176631582306779222e+00
2.350058632452020646e+01 -4.585961430671723349e-01
2.347290460060821715e+01 2.642570555193728410e-01
2.346046845329073705e+01 1.033161843453427764e+00
2.345344662712996353e+01 1.741124992595803889e+00
2.343783845919610087e+01 2.455236845744337870e+00
2.338330586840184822e+01 3.194531271465983480e+00
2.340759055056945215e+01 3.877394035436175557e+00
2.427013475287474620e+01 -4.084520634335703448e+00
2.426815176249650108e+01 -3.365898849147555438e+00
2.426828001296541260e+01 -2.628765502266904974e+00
2.427383629937200027e+01 -1.912306128243290715e+00
2.426553939423304485e+01 -1.165066100152074569e+00
2.424986638924173832e+01 -4.342452846959794499e-01
2.430226759076157350e+01 2.486292425858636079e-01
2.424085049085019961e+01 1.020993143540405157e+00
2.417191491890539368e+01 1.736704981972831519e+00
2.421708635305462565e+01 2.479467132131347284e+00
2.417612979245231486e+01 3.202654153176460738e+00
2.422907276312152192e+01 3.876278525086746640e+00
2.506919140718856198e+01 -4.069604345836644654e+00
2.502176936738085544e+01 -2.653427207572196522e+00
2.496180795834200694e+01 -1.954291386762932348e+00
2.502901877985696188e+01 -1.187824271740481663e+00
2.500522699375176927e+01 -4.716661630591367782e-01
2.500302803360411730e+01 2.443893075036882578e-01
2.500698907205256205e+01 9.877443365655729224e-01
2.500979477817882923e+01 1.726348577415656393e+00
2.497809894550045584e+01 2.447626540402300321e+00
2.497149579556914745e+01 3.182126239718861882e+00
2.499542826116668692e+01 3.897453390103038373e+00
2.577403626211554410e+01 -4.090965212602977630e+00
2.570261430702450411e+01 -3.367042173206911571e+00
2.579011568090923134e+01 -2.647057318666075076e+00
2.574629311690972600e+01 -1.914757415177117394e+00
2.575156307321918092e+01 -1.203036104767836179e+00
2.574355248175616850e+01 -4.765181874323793920e-01
2.574140059879536580e+01 2.550038733624937493e-01
2.573418837348641119e+01 9.762526929760610983e-01
2.574167353496713417e+01 1.711578791691472645e+00
2.575985458458758615e+01 2.422517476616160792e+00
2.575598942958156101e+01 3.168181803062971369e+00
2.577440481516435966e+01 3.887668322697265921e+00
2.650320721074974273e+01 -4.084312372768319932e+00
2.651224364978627790e+01 -3.380262497277755074e+00
2.649345062236616855e+01 -2.655008010172274169e+00
2.649234107617020584e+01 -1.923645247594404140e+00
2.649154267148189490e+01 -1.205307293807120317e+00
2.648434428449227340e+01 -4.497727814528573731e-01
2.649556604044406072e+01 2.515744709837655080e-01
2.646719721213165144e+01 9.789441249775698850e-01
2.651205897869797212e+01 1.726540456503432353e+00
2.655225163839724445e+01 2.475223748636459220e+00
2.652149500974513785e+01 3.169920714666780270e+00
2.654194962680595182e+01 3.887829747960410032e+00
2.729987384385700722e+01 -4.113590822477647180e+00
2.724852013423813446e+01 -3.412821995533331432e+00
2.728207552810714986e+01 -2.666886228993931240e+00
2.725310354795661993e+01 -1.938036534451125448e+00
2.726390643897559585e+01 -1.214488396913303347e+00
2.723693319570671179e+01 -5.190707436003201281e-01
2.724798194099548709e+01 2.496833700385820975e-01
2.724733026480931386e+01 9.331082790847098352e-01
2.725032531199460095e+01 1.722183202694637316e+00
2.726933055573890385e+01 2.411648043146094267e+00
2.730316691167008969e+01 3.139334981922310419e+00
2.730028032620896994e+01 3.856334392562409619e+00
2.806562266526785976e+01 -4.146998397852534879e+00
2.802022359547924424e+01 -3.391600040989242615e+00
2.802088406283410649e+01 -2.665480071844072540e+00
2.804755150107221340e+01 -1.954950643179820702e+00
2.802137015658605179e+01 -1.216002907476386952e+00
2.803419697614726402e+01 -5.005031653043872097e-01
2.804257813844625247e+01 2.107104033933744347e-01
2.805350815204447912e+01 9.196578886756725524e-01
2.804229973165680434e+01 1.665874288086083510e+00
2.800128094295371994e+01 2.407249744728751750e+00
2.803852718383090092e+01 3.131080626708985903e+00
2.807496168620881605e+01 3.853256197547004547e+00
2.889729092413755751e+01 -4.092391772913344994e+00
2.880654763683151742e+01 -3.409551625860601121e+00
2.885140056703347256e+01 -2.646675697989326892e+00
2.878466624351836600e+01 -1.970385562124818080e+00
2.878407513300958698e+01 -1.264527152896526729e+00
2.875198552404182095e+01 -5.202260066678796591e-01
2.876082741565016221e+01 1.965105991873166147e-01
2.878325056142177374e+01 9.144711988395997082e-01
2.881000840065733115e+01 1.628476057269537591e+00
2.884263426613286896e+01 2.350481615886696574e+00
2.885294851717969067e+01 3.066062975185566586e+00
2.882743837551134192e+01 3.808943110632185380e+00
2.963601466503680371e+01 -4.130902018240934837e+00
2.962082233892461858e+01 -3.441480574324625508e+00
2.960893713960837914e+01 -2.715984578798458671e+00
2.960457323600513035e+01 -1.982237817652482192e+00
2.958579855412184401e+01 -1.265811142160057301e+00
2.955590523108414658e+01 -5.368484133804862779e-01
2.958233350967096698e+01 1.918344473128890115e-01
2.953499361652681188e+01 9.156876559531745841e-01
2.955903891206131817e+01 1.619390755628415945e+00
2.958533441614184056e+01 2.330259839420619983e+00
2.959085416092302268e+01 3.046260367181652384e+00
2.960420568454205892e+01 3.789600960394793105e+00
3.041690464807265215e+01 -4.136940822842372967e+00
3.034536919879258932e+01 -1.983881284418401947e+00
3.033610184975029966e+01 -1.298141747114957667e+00
3.036842506685194820e+01 -5.220853190067415994e-01
3.036828515032774334e+01 1.541692966255894248e-01
3.031759690778836358e+01 8.827817608915928815e-01
3.032822452456888840e+01 1.611596813664839090e+00
3.034946254488630046e+01 2.327297604369668704e+00
3.034311875424061355e+01 3.033208232388133752e+00
3.033569909315016133e+01 3.760470026310407832e+00
3.119388006491787024e+01 -4.162306914582217132e+00
3.115398888230600249e+01 -3.416483755415214318e+00
3.114781375740076186e+01 -2.703617109821617959e+00
3.115478049963234497e+01 -1.996126280397369612e+00
3.112484136633923271e+01 -1.276128502761039840e+00
3.111671418200628381e+01 -5.783925673615222252e-01
3.112019742228189756e+01 1.509146832544558947e-01
3.114063133469502276e+01 8.599657872995507546e-01
3.114155782598253808e+01 1.604619815563790297e+00
3.113870100305225463e+01 2.336385143916363205e+00
3.110375436434654972e+01 3.075912244059864520e+00
3.111195801242636350e+01 3.795440480392890947e+00
3.200867051945731845e+01 -4.121428874523978436e+00
3.194857593011872865e+01 -3.444570852251541027e+00
3.186359393053853495e+01 -2.700799515283147656e+00
3.188870461054322192e+01 -2.019700125344371600e+00
3.186999471096383019e+01 -1.265176789684606007e+00
3.187629979091466481e+01 1.343513011574017924e-01
3.187283039879279301e+01 8.616787547135302816e-01
3.184847867950404776e+01 1.602171912696150002e+00
3.186541868754003559e+01 2.341409029745669557e+00
3.188417043384452398e+01 3.073418668553806299e+00
3.195391269944239099e+01 3.788615413232172102e+00
3.268260542767335863e+01 -4.132121830756290137e+00
3.269303826061800322e+01 -3.443698136323298797e+00
3.268996408696823863e+01 -2.704984438246324174e+00
3.265303976063062663e+01 -1.993685472376473200e+00
3.264834754228677838e+01 -1.290163321057828938e+00
3.262851615520879278e+01 1.475951819092102824e-01
3.261401093542044549e+01 8.717200980820116740e-01
3.267908031725296070e+01 1.583661055739465695e+00
3.266372226808471879e+01 2.321107752837871629e+00
3.266667840619425789e+01 3.067329797153227844e+00
3.266752891212738774e+01 3.790320856365511304e+00
3.349333022514517921e+01 -4.139972617592679427e+00
3.345463764391106309e+01 -3.428043927104738486e+00
3.347822120702678461e+01 -2.711442237856367399e+00
3.343565632267786469e+01 -1.991270423727826255e+00
3.339782105433480552e+01 -1.245424951072909181e+00
3.344978489596243065e+01 -5.680878402123319404e-01
3.339649276216257334e+01 1.396740865943328913e-01
3.339413493826597090e+01 8.753502242918926868e-01
3.339451952161913795e+01 1.603698662286959120e+00
3.337824780185516005e+01 2.360660985594254413e+00
3.342571699906347504e+01 3.075968675768663729e+00
3.339477637350436368e+01 3.821624918628877765e+00
3.423521530021937309e+01 -4.107333318407071943e+00
3.422462237013093755e+01 -3.387950841820345005e+00
3.419054422394595605e+01 -2.686719356924243129e+00
3.417287355440917196e+01 -1.993906709639770014e+00
3.417167436245710377e+01 -1.285186385166326772e+00
3.415922616172738202e+01 -5.688806720466033084e-01
3.413140839641031477e+01 1.572295082702979130e-01
3.414340649409275130e+01 8.977739769544008652e-01
3.415563552002497971e+01 1.639397675039539592e+00
3.417128513267079626e+01 2.354176030720704915e+00
3.417676066645189081e+01 3.089150612785992678e+00
3.416054044973413539e+01 3.813979526817796284e+00
3.497275236253947384e+01 -4.124960864181904441e+00
3.490617829542792805e+01 -3.428838496184610563e+00
3.495172502902517664e+01 -2.695213071749012812e+00
3.491808049253229029e+01 -1.984671925625260513e+00
3.492177836544801295e+01 -1.287361906254872679e+00
3.490963267719929064e+01 -5.592325559871760277e-01
3.490682753203187616e+01 1.928192466833280605e-01
3.488400162783150193e+01 8.843649454060198423e-01
3.486738242793152409e+01 1.647606736283645290e+00
3.490200884669058468e+01 2.361118159574587594e+00
3.491297220801968848e+01 3.112109883082183615e+00
3.489308249546315466e+01 3.842378901101092481e+00
3.571942291796447222e+01 -4.109233610511040524e+00
3.570828602607056013e+01 -3.396723882667526340e+00
3.570131460978397087e+01 -2.679745232697850810e+00
3.566579362871336656e+01 -1.976177586127072061e+00
3.565611875148658072e+01 -1.252120857809018162e+00
3.563945595933062549e+01 -5.267077266341395614e-01
3.565839188385515257e+01 2.323603056310084014e-01
3.567238091183423165e+01 9.709777575913065562e-01
3.567898120675717877e+01 2.364929231086616568e+00
3.565699850330610587e+01 3.128712661743854540e+00
3.568797859565277264e+01 3.892804539669818098e+00
3.646726320468258820e+01 -4.133658796359998888e+00
3.645414682691046693e+01 -3.384501006656975619e+00
3.645082927865396272e+01 -2.706362924647553569e+00
3.640720207755918381e+01 -1.954798331873213613e+00
3.639183276947023415e+01 -1.228795345629286828e+00
3.638368413957636704e+01 -5.016533579373962937e-01
3.641269000554128610e+01 2.279048566829935396e-01
3.640492515215780855e+01 9.280160616242945082e-01
3.639394478315362136e+01 1.717444490883710984e+00
3.639813968925268028e+01 2.407870131755714738e+00
3.646842154539179859e+01 3.170949784222329981e+00
3.650766588233643262e+01 3.864982394796896870e+00
3.724885864605293051e+01 -4.107405946296356802e+00
3.719245988179769569e+01 -3.370410396694172306e+00
3.718136317994139262e+01 -2.648066309122508954e+00
3.713586829363855912e+01 -1.199278523110955064e+00
3.712194661286601871e+01 -4.845137814894897588e-01
3.709577505119599294e+01 3.126326541038046969e-01
3.714403940726824516e+01 9.997737192849207588e-01
3.722484448166157023e+01 1.685191733040422690e+00
3.723153683950530279e+01 2.419547909166567479e+00
3.719214526089727002e+01 3.154898819442834679e+00
3.722420583234362113e+01 3.868594900939356762e+00
3.801218419838827600e+01 -4.050833804679900396e+00
3.797282777414853427e+01 -3.340277489417751156e+00
3.794688524276096331e+01 -2.623866085419059857e+00
3.793362868945494171e+01 -1.904326588144304111e+00
3.793152880980259312e+01 -1.166043818671223420e+00
3.789626866732286459e+01 -4.476412872453181535e-01
3.800135490892592571e+01 3.247604348960848597e-01
3.799289749171561681e+01 1.016438398866831960e+00
3.801489976035291107e+01 1.691844952559332427e+00
3.807282286642409730e+01 2.462708715179072527e+00
3.883775113488817254e+01 -3.983500830776989687e+00
3.882740452836542744e+01 -3.272152035463253839e+00
3.878087820785632545e+01 -2.586356389336959438e+00
3.885750538226994166e+01 -1.827659261421533898e+00
3.889681748245860859e+01 -1.126441549603651282e+00
3.878297573031043299e+01 -3.405749306112220154e-01
3.890720597270985337e+01 2.556955666884341838e+00
3.884853459201614356e+01 3.188745834007548297e+00
3.970382617089874344e+01 -3.283747139219713063e+00
3.958120496392125887e+01 -2.952443992476158741e+00
3.966869450030549871e+01 -1.765509046486641864e+00
3.998829123989161616e+01 1.125229922181972597e+00
3.999739049917821632e+01 1.865721841483352961e+00
4.000521181973254414e+01 2.614158046515548506e+00
4.000348969014547862e+01 3.337414261054234998e+00
3.999296778306628397e+01 4.008266686285601565e+00
4.074006018640398707e+01 -3.983536003782159440e+00
4.072603281668829567e+01 -3.248409454564573196e+00
4.071335065720929691e+01 -2.486665724108128472e+00
4.071159582526467346e+01 -1.782877743486686484e+00
4.072620069925041975e+01 -1.059888159049783951e+00
4.073012149173791130e+01 -3.364136259980590182e-01
4.073990521062250281e+01 1.125906914590942165e+00
4.072849885102568379e+01 1.845458584269909608e+00
4.071966214294851483e+01 2.512911997554539312e+00
4.070216176582609791e+01 3.323364704703365646e+00
4.071448623783842180e+01 3.983536003782155888e+00
