-7.486443820522268311e-01 -4.052380879061566077e+00
-7.432020428139978208e-01 -2.540608991602343991e+00
-7.471456682404564731e-01 -1.876324627594041061e+00
-7.358342365108754279e-01 -1.142339018003092121e+00
-7.572799943903874009e-01 -4.237915420170317304e-01
-7.442131532196114563e-01 3.700347766923890447e-01
-7.444921471017167391e-01 1.062027505649645320e+00
-7.426622260658604091e-01 1.785799222961358623e+00
-7.381441176866800902e-01 2.484219013418424993e+00
-7.420578206087711237e-01 3.225403215059941431e+00
-7.323768394495573375e-01 3.965927576398613041e+00
2.523775360987912109e-02 -4.032195693271336978e+00
3.558618919143441417e-02 -3.323397153388384595e+00
2.245658644084613798e-02 -2.579422663672094274e+00
-6.630996670303090923e-03 -1.865749085625861170e+00
-2.045584951275714047e-04 -1.126552823293032191e+00
1.751087435987841445e-02 -4.109983368861414021e-01
-2.135344017354157131e-02 1.045903592899644963e+00
-6.990899834498520704e-03 1.783816567288798893e+00
-4.342576009079834876e-04 2.485417175451239302e+00
-1.222148342250051201e-02 3.255533670752278397e+00
7.500176790962314044e-01 -3.301726758087411895e+00
7.168696763029416275e-01 -2.587320040786707409e+00
7.395318115902753675e-01 -1.856236567914340441e+00
7.378985235102888396e-01 -1.120288475748175472e+00
7.403865817841577268e-01 -3.933278435938554196e-01
7.369756369590234613e-01 1.060450867231480743e+00
7.446316039012401689e-01 1.778415619657195634e+00
7.190474167601479394e-01 2.524253990175694184e+00
7.333421387946117420e-01 3.268731787940367894e+00
7.258103707638881019e-01 3.980092960070003016e+00
1.465825455881670791e+00 -4.020902299625440435e+00
1.477309919906829805e+00 -3.308025169522210263e+00
1.478165864306070887e+00 -2.576754450842901889e+00
1.468665869990637418e+00 -1.835499189908173179e+00
1.453103528966060765e+00 -1.123122596034548337e+00
1.469062520700212815e+00 -4.078512731420325110e-01
1.467732536607179838e+00 1.057600867820166712e+00
1.463124769924327495e+00 1.799327736527022381e+00
1.470209148749781036e+00 2.522735591243613129e+00
1.482145198022884358e+00 3.256601966304494056e+00
1.477503233996706911e+00 3.963323047943852373e+00
2.197283796882103957e+00 -4.020784504856827368e+00
2.178142937003620716e+00 -3.302078979752327115e+00
2.202918003135479807e+00 -2.587547031306463907e+00
2.217052048733776815e+00 -1.849117593329218323e+00
2.219353229485406587e+00 -1.120566854892114605e+00
2.209549580672444336e+00 -3.778449150786578059e-01
2.206272789768618736e+00 3.515334639490674817e-01
2.196373095175935930e+00 1.770579585851539406e+00
2.205042365225097001e+00 2.552000596830840351e+00
2.173710270029033609e+00 3.260582256226562947e+00
2.192646918761681718e+00 3.985637849900236063e+00
2.943548905587931586e+00 -4.016470081484801113e+00
2.926852407997969863e+00 -3.314991316824180245e+00
2.909565656432398839e+00 -2.593308254341934571e+00
2.928538537442229028e+00 -1.853567570860722213e+00
2.932465358496095575e+00 -1.127188473501998800e+00
2.924021298701433125e+00 -3.758967072498435869e-01
2.911403175653333619e+00 3.220505151494919005e-01
2.927276289488148109e+00 1.078305116995128543e+00
2.918125456840478193e+00 1.800127811956922841e+00
2.952557056291830406e+00 2.550246358892554355e+00
2.905777110705251687e+00 3.226354814261561899e+00
2.927638236125744697e+00 3.975437569363272416e+00
3.673618235850440783e+00 -4.025419670048865584e+00
3.692301159458082793e+00 -3.268978038749789761e+00
3.657593121840257311e+00 -2.567830060811303383e+00
3.658376416782331830e+00 -1.868082180207188969e+00
3.656126236364002580e+00 -1.124140926811406871e+00
3.668002090340152677e+00 -4.100883883826824672e-01
3.648242607293738615e+00 3.129932259956724749e-01
3.678132045692301233e+00 1.057355083493380477e+00
3.667883366019339064e+00 1.795622154543956128e+00
3.662735133216649785e+00 2.540157314092258645e+00
3.667131969968224325e+00 3.244857097164739912e+00
3.657767160414785224e+00 3.956013565684109778e+00
4.369986081772772479e+00 -4.002630981583745751e+00
4.383058043421030447e+00 -3.292890465309209702e+00
4.390016015991008658e+00 -2.564900735342213522e+00
4.443730360923133560e+00 -1.854498868510948029e+00
4.372724970023909918e+00 -1.141533606034460746e+00
4.391543749346226377e+00 -3.944878352562461998e-01
4.367130556521466644e+00 3.629682233838948946e-01
4.396157159090748223e+00 1.041078711285319258e+00
4.407127552449424002e+00 1.775223432476956020e+00
4.415960840289230305e+00 2.520531540879169086e+00
4.418790227979968677e+00 3.237452977055504277e+00
5.126719153626012826e+00 -4.009361645764059290e+00
5.124850351620082733e+00 -3.288062565117545688e+00
5.131110674972227059e+00 -2.563501218243928292e+00
5.108357218361845753e+00 -1.119036434515450651e+00
5.119871159659915349e+00 -4.001803601500313334e-01
5.123801905835399850e+00 3.417975346060053710e-01
5.149266111225252018e+00 1.044134575730740977e+00
5.168130108494345620e+00 1.788657669950122653e+00
5.147297367985459005e+00 2.496388983613140766e+00
5.176151564590810494e+00 3.233728680409740264e+00
5.171150663203313513e+00 3.934928270122426852e+00
5.836719191117325067e+00 -4.009126590552931191e+00
5.857333134358754023e+00 -3.285182252945268999e+00
5.853321140428121794e+00 -2.556680970801508579e+00
5.874015518329599672e+00 -1.830054916788910191e+00
5.851439567481982351e+00 -1.121755465711462563e+00
5.843431331984760391e+00 -3.708277741422598694e-01
5.861325436338354677e+00 3.336203898238814247e-01
5.855833687037382163e+00 1.065325434402620175e+00
5.891790439870433715e+00 1.773981766263741378e+00
5.897048580073416701e+00 2.524770672208202171e+00
5.884224409722826010e+00 3.233559684675675783e+00
5.878140831248877873e+00 3.960931973685518415e+00
6.590775388665086609e+00 -4.022342741260658272e+00
6.579058504213634251e+00 -3.295290675495010646e+00
6.588567995590508986e+00 -2.564608031697517276e+00
6.585822092123770233e+00 -1.810515556311745655e+00
6.573173293872443423e+00 -1.094488261331839851e+00
6.618624170623945702e+00 -3.891681453922437584e-01
6.599368475504874709e+00 3.438660793806498361e-01
6.608908887219513417e+00 1.052871577531025338e+00
6.611859486452871693e+00 1.782611740683350376e+00
6.618372544386943446e+00 2.534290737671273774e+00
6.623762897671404914e+00 3.240559316459773243e+00
6.635832732895089237e+00 3.962251584174296681e+00
7.331231396164156422e+00 -4.017071254911858347e+00
7.327275985874535991e+00 -3.323214284409914399e+00
7.324763288034588982e+00 -2.566466986167242226e+00
7.326530439663265781e+00 -1.838905014904131718e+00
7.346287789167170956e+00 -3.915290638336337281e-01
7.356519412550930781e+00 3.363543244952751365e-01
7.317870019515588353e+00 1.045417313610506937e+00
7.372369500611227977e+00 1.775608750026560045e+00
7.364089905809748871e+00 3.226600874963054366e+00
7.373456026907227567e+00 3.949446487119800508e+00
8.061867904421085029e+00 -4.019431353014262243e+00
8.013270581919002211e+00 -3.301547001855428931e+00
8.052783287292683667e+00 -1.847060781156500298e+00
8.092843162078153796e+00 -1.136773902147741211e+00
8.128351357878976557e+00 -3.941632907621226423e-01
8.118923675284491992e+00 3.346958198227873993e-01
8.103123144231901165e+00 1.051680531715678768e+00
8.109645001537387543e+00 1.778291797506444283e+00
8.109506132162067615e+00 2.514768720127111834e+00
8.108447683129959671e+00 3.243019070423031280e+00
8.092157296213002837e+00 3.967314439934867210e+00
8.831721207228035553e+00 -4.029904652014259625e+00
8.823805706474217914e+00 -3.297375123523991647e+00
8.828364263706170334e+00 -2.555849366704951109e+00
8.806720590316508890e+00 -1.870273793236666648e+00
8.832758220945493122e+00 -1.146965230018427206e+00
8.852912851002308514e+00 3.038618288277454837e-01
8.859911101522911281e+00 1.060863330965730711e+00
8.853081593846383157e+00 1.765048568942880536e+00
8.837102163741306526e+00 2.512572462581044164e+00
8.821112339136277569e+00 3.220975980976128028e+00
8.821493993830181068e+00 3.967046470830183580e+00
9.571697893577564287e+00 -2.588085897738853447e+00
9.583341463476401145e+00 -1.141704680282320084e+00
9.577493523510590023e+00 -4.232843459851167722e-01
9.580084717432882258e+00 3.140449561471250206e-01
9.557100461731756980e+00 1.059089234438005178e+00
9.576092998050292238e+00 1.766212707027531081e+00
9.562613157328321734e+00 2.509649607146748451e+00
9.576785365925310600e+00 3.232409829355866293e+00
9.578737035662804544e+00 3.956219536815133608e+00
1.032204229891277691e+01 -1.869567583336372962e+00
1.031885125261253222e+01 -1.145455088442311364e+00
1.032448105919257131e+01 -4.346181988774873162e-01
1.029534478146543819e+01 3.016471912967269020e-01
1.027758465693751333e+01 1.067440429194743245e+00
1.030755166335018203e+01 1.776923054124058154e+00
1.030410778640850822e+01 2.476753186326309475e+00
1.029823491642679301e+01 3.213657371487464331e+00
1.031629613695811543e+01 3.921585632024395807e+00
1.112020409481431926e+01 -4.040039381620772474e+00
1.110992784528309585e+01 -3.324041689765802943e+00
1.111179476920467835e+01 -2.596506981361216049e+00
1.110827938925135783e+01 -1.873166882552943946e+00
1.109208318488188638e+01 -1.133181993552231148e+00
1.108042338633494239e+01 -4.124597687508426702e-01
1.104573672031570197e+01 1.061259897218842951e+00
1.104238828536629313e+01 1.757664167334123562e+00
1.104936862805087117e+01 2.489445607871765276e+00
1.105406982110382330e+01 3.236008994721352394e+00
1.107183199239361926e+01 3.927745566549425860e+00
1.185637539921592776e+01 -3.314350908713336707e+00
1.186088705753008554e+01 -2.586039740714412005e+00
1.187132329943226949e+01 -1.875969530879999070e+00
1.183010325400582019e+01 -1.142656050677953061e+00
1.180010330867033019e+01 2.973885668701221618e-01
1.177570827857563529e+01 1.032685997411206813e+00
1.177433189065013153e+01 1.752531900026369271e+00
1.177318371224819771e+01 2.483233152920288234e+00
1.178811836956288772e+01 3.188877982367259278e+00
1.179808987122064678e+01 3.943230096848459709e+00
1.259323695730144976e+01 -3.301523714173228541e+00
1.258469342531741830e+01 -2.584434477674683706e+00
1.260228665849776064e+01 -1.881870425901642108e+00
1.256118932918745656e+01 -1.129271149659683005e+00
1.256921785654068202e+01 -3.951428298217116719e-01
1.254905979162240470e+01 3.094821312327731277e-01
1.251921407747797588e+01 1.042551481060549179e+00
1.250739682539710174e+01 1.772842254893248537e+00
1.251981190281735223e+01 2.491082945724791387e+00
1.252743964119104447e+01 3.213097587047919035e+00
1.253009453733982070e+01 3.927811513905986374e+00
1.336996927829338233e+01 -4.074031422448310735e+00
1.332801469160070695e+01 -3.314050009100007799e+00
1.333820813469197475e+01 -2.593312969431103454e+00
1.332648019978565657e+01 -1.867094083376574787e+00
1.331364752501422544e+01 -1.129199248032811909e+00
1.330887864557183775e+01 -4.021201744686315749e-01
1.331232617300102561e+01 3.279740488569551360e-01
1.330023078955329652e+01 1.037247159936381280e+00
1.331061584753882698e+01 1.767231728336199126e+00
1.329105631206477511e+01 2.521210450703996742e+00
1.329366925323499515e+01 3.218987743891922548e+00
1.329912084381883375e+01 3.966124757828090708e+00
1.410745479643053812e+01 -4.038416463361517827e+00
1.411248277508367011e+01 -3.309004351612021111e+00
1.410551726648110105e+01 -2.566875035255012705e+00
1.406102507722190609e+01 -1.112769445358846809e+00
1.405734295493128627e+01 3.319648405974433558e-01
1.402946418781434801e+01 1.045918394457334699e+00
1.403730682049295808e+01 1.769808828466580053e+00
1.402134935877867861e+01 2.502033789363849792e+00
1.405781750417180120e+01 3.248049864312207546e+00
1.404466203703481142e+01 3.952545364028125618e+00
1.482347269743121387e+01 -3.310947939459897071e+00
1.484591218491360110e+01 -2.584950279622770353e+00
1.481974813860790618e+01 -1.854801192827544298e+00
1.484121136254945839e+01 -1.138228632264706164e+00
1.483576582268703703e+01 -3.983067022535173862e-01
1.479369568652985834e+01 2.952286794255947200e-01
1.481320295651366337e+01 1.051765892011285786e+00
1.477538695596147278e+01 1.772645761811393328e+00
1.476645013757875091e+01 2.530173656665361648e+00
1.478487066811359085e+01 3.246538453112016498e+00
1.478743310257449650e+01 3.960992608573825180e+00
1.558382543051911284e+01 -4.048997689386649057e+00
1.558186052782725994e+01 -3.309501647284580628e+00
1.559349028381574698e+01 -2.587014192959983916e+00
1.556251597153440969e+01 -1.868797307346248715e+00
1.553728961958748300e+01 3.381560487361703338e-01
1.552582770900693276e+01 1.062414614356651299e+00
1.553800174749623153e+01 1.791738724609654554e+00
1.551856985586016435e+01 2.514226407712914835e+00
1.555003353482108963e+01 3.239311237943276467e+00
1.554694501849701993e+01 3.966757087450034192e+00
1.635432424175846933e+01 -4.031365148512669805e+00
1.634322296442529421e+01 -3.321762561193921215e+00
1.634058785021862548e+01 -2.573016772339691727e+00
1.631191802532423907e+01 -1.125163932723236115e+00
1.630102453850162192e+01 3.606997976657702054e-01
1.629592170191012457e+01 1.035098770769351972e+00
1.626557638703300057e+01 1.790607783339368098e+00
1.629283983201675312e+01 3.256824785117288457e+00
1.627882342561862572e+01 3.969394523898344573e+00
1.709042975047512414e+01 -4.037919751314156258e+00
1.707987414555893935e+01 -3.313489982780900789e+00
1.710101057781395895e+01 -2.584098578438656091e+00
1.709189918785471463e+01 -1.867754065461728175e+00
1.704281827482694922e+01 -1.137132532556329068e+00
1.707716581490202401e+01 -4.096493963741458799e-01
1.704364565352813798e+01 3.474045812627579721e-01
1.701753337330637805e+01 1.781849687275787630e+00
1.702864011190530391e+01 2.516724472877598373e+00
1.700568282227146710e+01 3.255871270200373147e+00
1.702876008232372129e+01 3.959159076362752216e+00
1.782098486990707187e+01 -4.047767263026187834e+00
1.782752577170640507e+01 -3.317308960675529050e+00
1.782330653466383552e+01 -2.626202938283412891e+00
1.782735634316455986e+01 -1.865852967133335483e+00
1.779566206588000199e+01 -1.147221142915210379e+00
1.779296015709159917e+01 -4.194079493385878266e-01
1.779510673938650456e+01 3.186248123954449341e-01
1.777942929195302213e+01 1.808852418413913199e+00
1.776644329097205599e+01 2.526432564375738821e+00
1.776140578605004805e+01 3.244833242711429477e+00
1.776438228153131149e+01 3.965478493253741021e+00
1.855761962967555689e+01 -4.028471379894956073e+00
1.854046839796691870e+01 -3.312440426806841032e+00
1.853630990565157788e+01 -2.597972238816748103e+00
1.853502303999314194e+01 -1.835486045721665960e+00
1.853977248632770625e+01 -1.138327019376678351e+00
1.852687543439752460e+01 -4.263991986564583669e-01
1.853399862083682592e+01 3.639702942732121471e-01
1.849111319982302604e+01 1.060414186285992599e+00
1.848848186586264575e+01 1.725713557428203870e+00
1.850604531053945578e+01 2.542852650011898419e+00
1.850463604830935793e+01 3.237673076384467663e+00
1.851761354448303365e+01 3.975015388098114499e+00
1.928277424652241478e+01 -4.022784326686704048e+00
1.926991772099248834e+01 -3.318740877810469669e+00
1.926907058178513665e+01 -2.569564995298005528e+00
1.925314195210099655e+01 -1.860979101855122053e+00
1.923282504558734729e+01 -1.138999217700643385e+00
1.926138099048673524e+01 -4.019419964783033095e-01
1.923861108768966943e+01 3.202978980056734315e-01
1.925408045992904249e+01 1.071866028069432986e+00
1.924054809761565110e+01 1.805830910631609498e+00
1.923246936364050441e+01 2.529078386314090210e+00
1.924046441439476496e+01 3.270326673559267761e+00
1.922197606515693735e+01 3.978070763592128856e+00
1.999478593737926246e+01 -4.056080135425514044e+00
2.000054658999336965e+01 -3.310643894887174810e+00
1.997958398366051114e+01 -2.580131637455853166e+00
1.999154029083496908e+01 -1.861927069553811265e+00
1.998849732146123870e+01 -1.118995688444808678e+00
2.000254497993531544e+01 -3.979326201425159582e-01
1.997622568484771222e+01 3.498058053493053876e-01
1.999899362592767460e+01 1.053879649615286240e+00
1.995191358999083775e+01 1.783529451473238936e+00
1.998162852803865519e+01 2.511819318082096686e+00
1.996356279095216735e+01 3.253238672555049504e+00
1.997860353560499647e+01 4.007187486461063486e+00
2.073590554715537593e+01 -4.015671355520371577e+00
2.071393949810703816e+01 -3.304758689054146714e+00
2.072616051525993441e+01 -2.572101924676363893e+00
2.072239789170259172e+01 -1.846582194198521876e+00
2.071953467175192998e+01 -1.125139630182214745e+00
2.070842954254069213e+01 -4.006447072371166485e-01
2.071501630103793445e+01 3.331477743438568950e-01
2.070968278344837898e+01 1.055082717560701155e+00
2.071572509584009936e+01 1.788459450361397529e+00
2.073419026980887026e+01 2.512814202808307584e+00
2.070750805549648987e+01 3.248484419049503913e+00
2.072728650609040812e+01 3.983035978169361613e+00
2.149550967539437352e+01 -4.026219369623504463e+00
2.149020150301206655e+01 -3.297741502706163175e+00
2.145414155859356242e+01 -2.593255630393468181e+00
2.146792427198863606e+01 -1.844171754715745237e+00
2.146448661567647775e+01 -1.107972149997323186e+00
2.146695183749307745e+01 3.310040328484760153e-01
2.147271612389022977e+01 1.089084320588231236e+00
2.146248128115691145e+01 1.787283855820749778e+00
2.144556704913912171e+01 2.540135034633060229e+00
2.141662994640838491e+01 3.248281569556290549e+00
2.146523059017108181e+01 3.973795969868177735e+00
2.222967954909579191e+01 -4.041636479580347441e+00
2.221158222838090524e+01 -3.312032939579296453e+00
2.220391612589050823e+01 -2.556487358465297177e+00
2.223796741835298718e+01 -1.845590846630660309e+00
2.222674877103317925e+01 -1.108526745180075324e+00
2.221538639249173741e+01 -3.955935132238650453e-01
2.220587156064426892e+01 3.397569326707028381e-01
2.223221242482089366e+01 1.073500417169718446e+00
2.218882341388383139e+01 1.799999143419864112e+00
2.220177088739852422e+01 2.538822040120987111e+00
2.221840248255560368e+01 3.235311097824293824e+00
2.221227657399659705e+01 3.971332332194279502e+00
2.301943005852692892e+01 -3.984197057024637445e+00
2.300261601093420438e+01 -3.294403748679432198e+00
2.301310492994355172e+01 -2.549097149242175675e+00
2.302035213463638996e+01 -1.840288588633107736e+00
2.297472483434824397e+01 -3.702582092284885107e-01
2.297281787278428311e+01 3.494450600582332811e-01
2.296500424051219369e+01 1.079248214933311800e+00
2.295468261798043841e+01 1.803025003583002217e+00
2.295334222516126488e+01 2.525340075990815336e+00
2.296254940080360996e+01 3.235426982036891275e+00
2.295825929550017008e+01 3.995298125074057793e+00
2.374824257978261244e+01 -4.033975978935746554e+00
2.375226870871609464e+01 -3.295966930464572897e+00
2.374953018750658629e+01 -2.572197240768637982e+00
2.376223897368713978e+01 -1.826337087070658782e+00
2.374398442379254703e+01 -1.102461397638055729e+00
2.373727511779645027e+01 -3.909111561924056844e-01
2.374121858514411798e+01 3.375791667150203068e-01
2.372429123452702981e+01 1.082112120201752958e+00
2.371106709955594738e+01 2.545575553246056444e+00
2.370331421138915573e+01 3.246411267658181998e+00
2.369243615071390252e+01 3.978831915967589339e+00
2.448938782169479111e+01 -4.020837736763297698e+00
2.448230826093942625e+01 -3.296666736024373989e+00
2.449274995425297163e+01 -2.565783392075051239e+00
2.448089565629879871e+01 -1.832168998549633443e+00
2.448534946803168566e+01 -1.108660686777653837e+00
2.446764982724042170e+01 -3.896992165437929145e-01
2.446958275713256370e+01 3.391127786282694956e-01
2.446256691618861367e+01 1.070026262968632125e+00
2.446138771420055491e+01 1.808380551829504412e+00
2.446016554860872105e+01 2.529858407760460892e+00
2.442659916050931201e+01 3.263119415269706280e+00
2.446010681513524077e+01 3.966437248538781546e+00
2.521892503553461751e+01 -4.021212043627048871e+00
2.521364882261540430e+01 -3.295550402329912032e+00
2.521065728282665930e+01 -2.564278714670141568e+00
2.521999928186153284e+01 -1.841222190414313786e+00
2.520376221652870186e+01 -1.103921286058284323e+00
2.519355813950526368e+01 -3.766632511100631575e-01
2.523191293163561966e+01 3.199484733374191592e-01
2.519899235083100564e+01 1.071133699813437090e+00
2.518177439562648345e+01 1.794727192955345885e+00
2.519614369208026972e+01 2.530957993023886132e+00
2.516348216670085947e+01 3.258392359154711926e+00
2.520960618692873823e+01 3.974485259752384536e+00
2.595538585242266549e+01 -4.010952010394621681e+00
2.594513471946500260e+01 -2.570411317429076803e+00
2.591435698740190929e+01 -1.850834900990207643e+00
2.594851034476338469e+01 -1.110912949093020075e+00
2.593425642536515596e+01 -3.942268728336237871e-01
2.594489087791147597e+01 3.301037236774639894e-01
2.594120080974493447e+01 1.061910984725447094e+00
2.593706936972895249e+01 1.801030363871298334e+00
2.592999882942314116e+01 2.519002315294908811e+00
2.592324650296794886e+01 3.253583972772347011e+00
2.592887479261211325e+01 3.974519027503475854e+00
2.668938406323798773e+01 -4.006312480362765882e+00
2.664168387534857629e+01 -3.279620368805606034e+00
2.670913494101028363e+01 -2.564948909156484547e+00
2.667559747660008185e+01 -1.838275319244868200e+00
2.667848275869231855e+01 -1.129498358828772808e+00
2.667727230477935763e+01 -3.895584547207988635e-01
2.666254196100457108e+01 3.351541454233419870e-01
2.666163029230514070e+01 1.058443390531365935e+00
2.665920211860089495e+01 1.787228019255991285e+00
2.667776351078958186e+01 2.507302233817899406e+00
2.667256549337997029e+01 3.250615988512635113e+00
2.668269662755732696e+01 3.981192790115386515e+00
2.741534050059132710e+01 -4.003425333405413511e+00
2.741597987204914944e+01 -3.310624066970376589e+00
2.740703890836550727e+01 -2.576074458939018541e+00
2.740965054816918922e+01 -1.844806998923846919e+00
2.740151721575183785e+01 -1.115692233081055917e+00
2.739283910940047662e+01 -3.766262450829813702e-01
2.740232575262520953e+01 3.377378334980249974e-01
2.737834982606260326e+01 1.066758979966252241e+00
2.741167941070217040e+01 1.807024167857470331e+00
2.742287981323028134e+01 2.536839086785580122e+00
2.741544495533661774e+01 3.245090076937842127e+00
2.740203740950185107e+01 3.979410074030383271e+00
2.815772683606257232e+01 -4.021509905857246991e+00
2.812328292824700071e+01 -3.332633939918554944e+00
2.816318529497606704e+01 -2.572467795712629623e+00
2.814419310293796173e+01 -1.846171354341596071e+00
2.814697159970054230e+01 -1.117093328907866834e+00
2.812850702196378450e+01 -4.119080676934885332e-01
2.814422868424009039e+01 3.413823131506141806e-01
2.814015052676622730e+01 1.046349559988289712e+00
2.812607144982506213e+01 1.815517024405597368e+00
2.814128829232897999e+01 2.522401450670066936e+00
2.815850372761352105e+01 3.249569642257483792e+00
2.814006623154504894e+01 3.982449477432602691e+00
2.888404944688117126e+01 -4.039505975429193541e+00
2.887775298837767224e+01 -3.294585935914579267e+00
2.888319182366402771e+01 -2.560283701044294702e+00
2.889568311909349774e+01 -1.855142239850106733e+00
2.888187310245252348e+01 -1.106150036046646079e+00
2.889492372298708034e+01 -3.863942294642761510e-01
2.889007330097850712e+01 3.347417925842890440e-01
2.888745511989072412e+01 1.056401598927461549e+00
2.889919134989434468e+01 1.781181687492942700e+00
2.887157566324200531e+01 2.521050112699441570e+00
2.886444158771512747e+01 3.256293229150109880e+00
2.888461685590487349e+01 3.980364596273624045e+00
2.964264295507319247e+01 -4.027497134473907892e+00
2.962316225943795445e+01 -3.306805188532830897e+00
2.961725981153475828e+01 -2.555854028742775341e+00
2.961739215648292856e+01 -1.857048724188281597e+00
2.960050776440106546e+01 -1.127312609723098547e+00
2.959800750371559985e+01 -3.983913970057493259e-01
2.960138065639349492e+01 3.304263690326436631e-01
2.960825359637417620e+01 1.056577758567240011e+00
2.960857622266038192e+01 1.765128405587336857e+00
2.962199307337811405e+01 2.512863423507322835e+00
2.962609876907460915e+01 3.228972591565074879e+00
2.962708452872094966e+01 3.980966794679339671e+00
3.036976064879080894e+01 -4.028657695118962323e+00
3.038333183515373292e+01 -3.310490951717188324e+00
3.036987009396177228e+01 -2.582084348877440760e+00
3.036456605573446410e+01 -1.851608635502227429e+00
3.036899017835870751e+01 -1.119014047646381016e+00
3.034668853928784671e+01 -4.011423619077980618e-01
3.036192790900643246e+01 3.226670923033729821e-01
3.035084754826646503e+01 1.071137046451827501e+00
3.034879328035662382e+01 1.795925489479454740e+00
3.035185633252329040e+01 2.509639626626150033e+00
3.035410491170392078e+01 3.230714066508006965e+00
3.035457090169942518e+01 3.958910255559779046e+00
3.109392047762850808e+01 -4.021938941403565337e+00
3.110272501525185618e+01 -1.841154789735274022e+00
3.109655928556377802e+01 -1.131136481374330316e+00
3.109325175580365652e+01 -3.935045071066802791e-01
3.110300958429451867e+01 3.354067770814381788e-01
3.108472112341036819e+01 1.044478838903671658e+00
3.108492108733052106e+01 1.784044948052461166e+00
3.109184769138548887e+01 2.515599835368618642e+00
3.108957566096206193e+01 3.237001846847903153e+00
3.107764886652714864e+01 3.959988131690892033e+00
3.185067296810341730e+01 -4.032549682492060583e+00
3.184436483517291805e+01 -3.291744714614292633e+00
3.183555975271843153e+01 -2.580995288953769062e+00
3.184963561230575380e+01 -1.853441014014798327e+00
3.182840821804769149e+01 -1.126288701889002652e+00
3.182657554635070341e+01 -4.068280578847520701e-01
3.182741294305457558e+01 3.282661633494363684e-01
3.182877611197566381e+01 1.058472929159535170e+00
3.183267839076550132e+01 1.795258212841520873e+00
3.183835621304299224e+01 2.519870674878180949e+00
3.182251353479916389e+01 3.257606699394671068e+00
3.182144319058811988e+01 3.977141510984331774e+00
3.259196150212023468e+01 -4.029852239907889100e+00
3.258416587307383594e+01 -3.303652655286306583e+00
3.255718606266929527e+01 -2.570585100378714571e+00
3.257400134570128358e+01 -1.860948159225010556e+00
3.255608831771427703e+01 -1.108160196345433945e+00
3.257025098168828237e+01 3.281728557800143165e-01
3.256918908877863572e+01 1.045175473751751127e+00
3.254912497179483211e+01 1.792140910449173674e+00
3.255860000599883364e+01 2.519083600111645893e+00
3.253789210022930689e+01 3.231761577256399676e+00
3.257990782999292634e+01 3.958812836265089175e+00
3.330503592365646881e+01 -4.032581399634921127e+00
3.330776076588796997e+01 -3.303245732274401547e+00
3.331333292547376601e+01 -2.560099379082853233e+00
3.330520979600515119e+01 -1.844145828376976937e+00
3.330490041647981769e+01 -1.116007605855841689e+00
3.329469153057601005e+01 3.214123434724918127e-01
3.327429296792015379e+01 1.065480081809933921e+00
3.332333957224211218e+01 1.779835813842112202e+00
3.330599481201388556e+01 2.514464640484582958e+00
3.329813001793554150e+01 3.247633164963772856e+00
3.330500971184022063e+01 3.967679580387574845e+00
3.403696192824002509e+01 -4.022574654663696236e+00
3.403552665373280917e+01 -3.299682015187389794e+00
3.404872161186727197e+01 -2.575264727622236904e+00
3.402629994714120443e+01 -1.854898706041350209e+00
3.402996647857163026e+01 -1.113596564514082843e+00
3.404140476552802141e+01 -3.927356943750339724e-01
3.402429813538892489e+01 3.309909980999776735e-01
3.403155412256840151e+01 1.061792560616794390e+00
3.403008982342546318e+01 1.780483630895464131e+00
3.400978037308873780e+01 2.528035341669689018e+00
3.404412834235633767e+01 3.249394330851259838e+00
3.401851762863153539e+01 3.989977196033478890e+00
3.478093464250034828e+01 -4.009810420843397338e+00
3.477476050970825128e+01 -3.290315746206406544e+00
3.476852500520201517e+01 -2.563625289537064589e+00
3.475816966527222718e+01 -1.848956660219311487e+00
3.477204974546368277e+01 -1.121433740154646586e+00
3.476376202449608144e+01 -3.975434499105183761e-01
3.476452752202278162e+01 3.299152388318233875e-01
3.476372292111802409e+01 1.075900942782165970e+00
3.476866249439458301e+01 1.802727137258031576e+00
3.478325529048385789e+01 2.515979617004724389e+00
3.478482281554365585e+01 3.250308958017789962e+00
3.475393746732358835e+01 3.981075289366131642e+00
3.550348346424741663e+01 -4.019880702024700270e+00
3.546460290169228102e+01 -3.309233078086727176e+00
3.549727713668865903e+01 -2.560888755423185614e+00
3.549526758261861659e+01 -1.841358985045502550e+00
3.550807858889158553e+01 -1.133688003524522259e+00
3.550983056345270228e+01 -4.065064013292136735e-01
3.548208210860533285e+01 3.419735039163427359e-01
3.549381700140602192e+01 1.050106502144881659e+00
3.547745781331760639e+01 1.804330163218683225e+00
3.547362029223707935e+01 2.511061269799171214e+00
3.550538765549620024e+01 3.250682505869477268e+00
3.548710256717949818e+01 3.972816057581802340e+00
3.623989373954376703e+01 -3.997961876940163251e+00
3.623320721134610523e+01 -3.272818045502440043e+00
3.623507596459366908e+01 -2.559866939476673764e+00
3.623253495211906028e+01 -1.843392903781833070e+00
3.623513042555462249e+01 -1.114543598091419341e+00
3.621968701698806825e+01 -3.865769613570542163e-01
3.623856402932022291e+01 3.550096546436662948e-01
3.623891482897153793e+01 1.099797060968747076e+00
3.624351463537671947e+01 2.520818340591247875e+00
3.622427683719990199e+01 3.258774442456676468e+00
3.623940557240714355e+01 4.004079252631797203e+00
3.693952076441008359e+01 -4.045391167049661618e+00
3.694951586714764602e+01 -3.282215985522572765e+00
3.696920215560900402e+01 -2.600126754125767548e+00
3.696133048730602155e+01 -1.839647858528245195e+00
3.695807075709884515e+01 -1.108478361626069386e+00
3.695304765848010931e+01 -3.844551476131137235e-01
3.698832560463730346e+01 3.502855450104647161e-01
3.696317764933996131e+01 1.063257012066578966e+00
3.696182164619593635e+01 1.838465885392448484e+00
3.696400581125831053e+01 2.538356500044706365e+00
3.699229630870969032e+01 3.295402525961073081e+00
3.700308496735463137e+01 3.978377195119797705e+00
3.772295591988365260e+01 -4.012002706633801097e+00
3.768980903096183255e+01 -3.287078625635629692e+00
3.769323976685644340e+01 -2.555199363412192781e+00
3.768229449219030158e+01 -1.103471302372362572e+00
3.768461614097592616e+01 -3.722610575263942678e-01
3.767040319564944895e+01 3.817840562265750748e-01
3.769306368628226522e+01 1.100396073117362761e+00
3.770641221098899365e+01 1.783618651234405661e+00
3.772137538761962361e+01 2.541368474836986024e+00
3.768976783416876941e+01 3.264538560794250088e+00
3.770551360794947726e+01 3.987394938864952110e+00
3.843822147220144103e+01 -3.997729686054679377e+00
3.844729878808917789e+01 -3.266210718273175218e+00
3.843573350341234374e+01 -2.559795732872693463e+00
3.842304711701898867e+01 -1.837503517306156908e+00
3.843836871650774611e+01 -1.103612550342212728e+00
3.841563613799693400e+01 -3.682491964304723808e-01
3.844966601457480948e+01 3.893260960306328400e-01
3.845673811604024905e+01 1.087836267421771197e+00
3.846456164815842982e+01 1.804335883387615524e+00
3.843685528471957724e+01 2.553867199099791208e+00
3.924770873977124808e+01 -3.972066453920568563e+00
3.921528362099220288e+01 -3.246792169665692285e+00
3.920716439859220515e+01 -2.569445310301119889e+00
3.920247831585485443e+01 -1.800617304077746894e+00
3.925274611363868615e+01 -9.887883104308876625e-01
3.919134653663271450e+01 -3.127082599822941233e-01
3.919971184198261227e+01 2.575915384940682173e+00
3.913524290795309213e+01 3.151991839687006802e+00
3.992929402917567216e+01 -3.303546975318226941e+00
3.992715699403452589e+01 -2.538864002908066908e+00
3.990365118289039259e+01 -1.783514620659815364e+00
3.999164208469337467e+01 1.093707197015337584e+00
3.999801133398201358e+01 1.842581170954460390e+00
3.999972373106647439e+01 2.601379473276239196e+00
4.000606715835348126e+01 3.309928660807585743e+00
3.999898734597270078e+01 4.011194264378147523e+00
4.073856502015859604e+01 -3.998205204781090316e+00
4.072207341354521049e+01 -3.253717697751660864e+00
4.071757195165964305e+01 -2.532053726009660721e+00
4.071125593797530229e+01 -1.796342997213837833e+00
4.071951490526969764e+01 -1.069589904419316895e+00
4.073208464777658122e+01 -3.424956755381458606e-01
4.075119313239657259e+01 1.110535439706513472e+00
4.073119249539549713e+01 1.835507011954067735e+00
4.072090214592444823e+01 2.564409991283493895e+00
4.070586608793627903e+01 3.320843569781892768e+00
4.071598140408384126e+01 3.998205204781093869e+00
