-4.815615911152804074e-02 -4.003094609589982866e+00
-4.450932610966162883e-02 -2.538351550320850691e+00
-4.845729303819723555e-02 -1.822002625787206398e+00
-4.534323571837717282e-02 -1.097947348375221566e+00
-4.819767459039780988e-02 -3.678882455026482035e-01
-4.429007523822292569e-02 3.634250767876210375e-01
-4.703699424727147971e-02 1.093150873792172462e+00
-4.631695197865326463e-02 1.818439995629798744e+00
-4.611112369570946612e-02 2.539909497882938183e+00
-4.568948506994985337e-02 3.271398449068627201e+00
-4.555273359328282368e-02 3.994964044407829817e+00
6.827040514259437032e-01 -3.998904502794960791e+00
6.849664416290295321e-01 -3.276145275353101738e+00
6.830207008953053105e-01 -2.546727081570509199e+00
6.781384852599927626e-01 -1.821940154535834466e+00
6.788063176570844348e-01 -1.091191720456002656e+00
6.830194645501919126e-01 -3.651477685786730376e-01
6.719807121995842181e-01 1.089604863614486163e+00
6.804790416987742674e-01 1.817759898914562910e+00
6.821141489406201686e-01 2.540537633783642946e+00
6.792349589304009783e-01 3.275442418783597986e+00
1.412030223625073688e+00 -3.271925178875108031e+00
1.409164372638535667e+00 -2.547238921074924889e+00
1.409664244393631805e+00 -1.819284747996135820e+00
1.410434668912017742e+00 -1.090526711974522556e+00
1.409927061426124340e+00 -3.632338164457245000e-01
1.410128673375581343e+00 1.089825629084653968e+00
1.410905937872030336e+00 1.813413248937894906e+00
1.406905800192923550e+00 2.546556157064017611e+00
1.409187583747382178e+00 3.273820575641657626e+00
1.408231872468320489e+00 4.001487747779727044e+00
2.137923656820746032e+00 -3.998001176697048464e+00
2.139004760535620164e+00 -3.273667418962187270e+00
2.144224388683433347e+00 -2.542450106144780619e+00
2.135630558721096861e+00 -1.813802827788492777e+00
2.135092272558701154e+00 -1.090419168412331885e+00
2.137288565832328402e+00 -3.652134652179697127e-01
2.137233505264170219e+00 1.089892274470784628e+00
2.137948842111860870e+00 1.819755199365552301e+00
2.138000559497221786e+00 2.545565530378876673e+00
2.140514163700160566e+00 3.273440911101083373e+00
2.140402758622492740e+00 3.998712240481722802e+00
2.864582809891963677e+00 -3.999234004718314139e+00
2.859534829678480605e+00 -3.275184420415602204e+00
2.864767945305032981e+00 -2.547234173801541601e+00
2.868876691381451849e+00 -1.818592594677742369e+00
2.869943742579863510e+00 -1.091287233258913858e+00
2.867186484479582020e+00 -3.618996963590355165e-01
2.866111421732426834e+00 3.652702303784032267e-01
2.864786979600424388e+00 1.816516543388189575e+00
2.864119508919657164e+00 2.550155973541375687e+00
2.859608361938505539e+00 3.271421911587324871e+00
2.865636041700049930e+00 4.001480736215960121e+00
3.594700079311721197e+00 -3.998928327313318931e+00
3.592506557925290167e+00 -3.274028933839481681e+00
3.591292277216673767e+00 -2.548194668535199270e+00
3.594334616404012195e+00 -1.817000831358868140e+00
3.593968209194805752e+00 -1.092175817253345116e+00
3.592083159137899884e+00 -3.599723950512618842e-01
3.585842273045230399e+00 3.638058319712804689e-01
3.592824714050692592e+00 1.095837942088930816e+00
3.588947344935867534e+00 1.821869600661997879e+00
3.594500114085391829e+00 2.549385365583397345e+00
3.587069667302856146e+00 3.269649291880497799e+00
3.591797796644478069e+00 3.998504854229281591e+00
4.322502525333497658e+00 -4.000982929160549872e+00
4.322333924222427015e+00 -3.272154276253157690e+00
4.319305154250578482e+00 -2.545641206725580474e+00
4.319672936742797731e+00 -1.822024320911108219e+00
4.318158730773191678e+00 -1.091850361344274489e+00
4.321712557938909072e+00 -3.649797526546443294e-01
4.317957110712200119e+00 3.634168319939945491e-01
4.322690497785345087e+00 1.091529389166705499e+00
4.319219896522803026e+00 1.819802187554870443e+00
4.318837938670007759e+00 2.547780773014842737e+00
4.319532416772688066e+00 3.273908798371671480e+00
4.317465197772172303e+00 3.998253458445454100e+00
5.042408391508104160e+00 -3.995327759409210699e+00
5.045919045218397514e+00 -3.272972278475226204e+00
5.047254627219835754e+00 -2.544458259177236670e+00
5.052943871597918246e+00 -1.817067473291775315e+00
5.045789176670716358e+00 -1.094564017870450101e+00
5.048120761777603605e+00 -3.630198107537800922e-01
5.046099752261277160e+00 3.695375686748576527e-01
5.047646645518810260e+00 1.087516868819790261e+00
5.049166925237969394e+00 1.818166368126444610e+00
5.048629557708288473e+00 2.548804865866063807e+00
5.048225036036903646e+00 3.271734249358011937e+00
5.776098277534394754e+00 -3.996625831007150964e+00
5.777812182831745247e+00 -3.270960075571913706e+00
5.778263672049448019e+00 -2.543258549516849598e+00
5.774123977263435847e+00 -1.089856707061159113e+00
5.774957423173141535e+00 -3.630849888793896696e-01
5.777229872139223232e+00 3.652397343728424062e-01
5.779168470390665391e+00 1.088319754803197981e+00
5.778444425833825449e+00 1.816358323071124659e+00
5.776289978486019550e+00 2.542629442085367231e+00
5.778966719902818738e+00 3.272251497945525500e+00
5.777580616115216117e+00 3.994578804715892772e+00
6.499188710682169301e+00 -3.996795864140818111e+00
6.502967420250961084e+00 -3.270577112829702315e+00
6.502744169564067533e+00 -2.542302790685575076e+00
6.506012447903117391e+00 -1.816875641961274823e+00
6.503871631518606478e+00 -1.091183052895228656e+00
6.501311595835296941e+00 -3.589400676161886850e-01
6.504318287910251684e+00 3.645358348432239382e-01
6.493836287157186860e+00 1.085979908498487134e+00
6.507940703547362205e+00 1.818599192633982398e+00
6.505007968767195337e+00 2.549528003601036374e+00
6.505558388311733609e+00 3.272641943570469891e+00
6.502557586527920819e+00 3.996395728942147230e+00
7.231550579747576535e+00 -4.000089187244405764e+00
7.227126187618061692e+00 -3.271880549171125807e+00
7.230441780661571727e+00 -2.545559740903343027e+00
7.228764994270392208e+00 -1.813455743166667133e+00
7.227052488314761547e+00 -1.085925700642089708e+00
7.233318474300183709e+00 -3.630781566413752159e-01
7.231993109318274549e+00 3.647118665067168308e-01
7.232205766313988704e+00 1.091389181967059585e+00
7.230988294165221930e+00 1.818769319742880697e+00
7.230760739056712794e+00 2.550835577880381067e+00
7.230623355874598701e+00 3.272398751062041811e+00
7.233895577216927109e+00 3.997770972476779150e+00
7.960796398869781854e+00 -3.998934221803580158e+00
7.957073806863490972e+00 -3.275413665629763216e+00
7.959915165660383707e+00 -2.544306848425666345e+00
7.960069995670743026e+00 -1.817053077293426355e+00
7.960109689861624815e+00 -3.618051000948838691e-01
7.960360335868870152e+00 3.647659737780521993e-01
7.955915442039973584e+00 1.090373548763380995e+00
7.959917235512072864e+00 1.816964114622084736e+00
7.959514631105143678e+00 3.272155327160184868e+00
7.962329971889090530e+00 3.997178902229755693e+00
8.689041736709548047e+00 -3.999215679138373503e+00
8.684976611486689535e+00 -3.273347389755890902e+00
8.683438623562267367e+00 -1.818526901641703830e+00
8.689224272309218122e+00 -1.092036395325131082e+00
8.692538178575965446e+00 -3.634130324012438962e-01
8.692273979634208558e+00 3.654966165581754467e-01
8.688622001233071046e+00 1.092274713445601009e+00
8.691880865516175447e+00 1.817643735033708907e+00
8.690824102714323374e+00 2.546434386348106926e+00
8.687306216599715469e+00 3.274393878432206861e+00
8.686153124990447338e+00 3.998997873912436773e+00
9.418113085222842074e+00 -3.999961949840734832e+00
9.417140576719603473e+00 -3.270598954186951346e+00
9.415110142886646827e+00 -2.543256817136789749e+00
9.414514633121967790e+00 -1.822370125095591931e+00
9.416264643044947036e+00 -1.093003222152407972e+00
9.418040247693532763e+00 3.593346734510589613e-01
9.417955691700619525e+00 1.092767737048347954e+00
9.419120807466597967e+00 1.815001684911447200e+00
9.417114470101090262e+00 2.546773378660894593e+00
9.413540525405203141e+00 3.266868662495532760e+00
9.415611117181370560e+00 3.999926361548986620e+00
1.014454072485055747e+01 -2.546658762230912032e+00
1.014603306038914354e+01 -1.091009902305600576e+00
1.014416309413795148e+01 -3.660859076742504215e-01
1.014507631117815123e+01 3.625997089169494814e-01
1.014064119479066051e+01 1.093608043971521226e+00
1.014566478616292500e+01 1.815754652551092363e+00
1.014286965946799768e+01 2.547466672552168632e+00
1.014690717157493793e+01 3.271537124782781802e+00
1.014484075714135969e+01 3.999238750903991502e+00
1.087346162989460652e+01 -1.817397703962360112e+00
1.087395480973687256e+01 -1.090959392321565247e+00
1.087227149787192815e+01 -3.671592230319404848e-01
1.086788870275206875e+01 3.633528970078145903e-01
1.086594215005381869e+01 1.092875120244375609e+00
1.087385505656846618e+01 1.819059068169000426e+00
1.087175132175855907e+01 2.542456451674727447e+00
1.087276921591848122e+01 3.270869230717451615e+00
1.087153708427738508e+01 3.995903213216955407e+00
1.160493520020619229e+01 -3.999873595701991746e+00
1.160556300668956453e+01 -3.275584333918107660e+00
1.160358081055358070e+01 -2.546814251883336766e+00
1.160516967647367892e+01 -1.820105319228424889e+00
1.160368358347535889e+01 -1.091636341118068287e+00
1.160127583914113814e+01 -3.640275660546627989e-01
1.159873310302267413e+01 1.096701782222275767e+00
1.160253026022754597e+01 1.820769895604286148e+00
1.160153537276965352e+01 2.543742739237796258e+00
1.160253540702480990e+01 3.272621851336623422e+00
1.160123897344760024e+01 3.998038678544304503e+00
1.233166008658617585e+01 -3.271397825767223821e+00
1.233320633690426860e+01 -2.544688414388691200e+00
1.233689514186966107e+01 -1.818747346280076727e+00
1.233063891964370384e+01 -1.090046708395394859e+00
1.232745682479228577e+01 3.606011109680586912e-01
1.232342191782513652e+01 1.089269027138090706e+00
1.232767173055845689e+01 1.816555376327158910e+00
1.232602932946672070e+01 2.542982202936411085e+00
1.232728194285770229e+01 3.268338636199452196e+00
1.232694976162901668e+01 3.999819954333595717e+00
1.305831722777335813e+01 -3.270400458674352251e+00
1.305829614038542275e+01 -2.545704778218180309e+00
1.306141131751061835e+01 -1.822513870509997247e+00
1.305713736389530055e+01 -1.091823649209359814e+00
1.306005712250365036e+01 -3.594900671557574867e-01
1.305611885086509005e+01 3.632152770160566035e-01
1.305359291113944664e+01 1.090258905297883274e+00
1.305492621948810950e+01 1.819007709437567399e+00
1.305927565615775876e+01 2.545757479864153794e+00
1.305489725569257331e+01 3.270572355827262356e+00
1.305499956299212272e+01 3.996410063867280371e+00
1.379012423808010368e+01 -4.005386803102414461e+00
1.378498015975473834e+01 -3.273331876077403280e+00
1.378827996144082846e+01 -2.547648152512966391e+00
1.378819576572990968e+01 -1.819876899459401898e+00
1.378493750900727832e+01 -1.092368728646636811e+00
1.378738397191520448e+01 -3.633818954342515894e-01
1.378678660428759883e+01 3.640436031909466408e-01
1.378863017370994726e+01 1.090440941893639604e+00
1.378476592667635003e+01 1.817485596047689000e+00
1.378525517083898677e+01 2.548056626755570875e+00
1.378616721907496157e+01 3.272056665676743137e+00
1.378508388396216588e+01 4.005361550498143686e+00
1.451649714069393582e+01 -3.999668414752022727e+00
1.451765896030272529e+01 -3.271597921570876366e+00
1.451816772486426999e+01 -2.544699623756464746e+00
1.451563062443243979e+01 -1.088529350812034835e+00
1.451549376171326600e+01 3.673106333934228473e-01
1.451089564240338348e+01 1.088940547534260617e+00
1.451229316698389482e+01 1.815691775396523155e+00
1.450939570937113388e+01 2.544855602396388861e+00
1.451617828443452396e+01 3.275011440255561013e+00
1.451400530841435454e+01 3.998506039452834671e+00
1.524364685257186380e+01 -3.273203901837071328e+00
1.524474512329184250e+01 -2.547912280520172601e+00
1.524251767804779689e+01 -1.819534151523509280e+00
1.524752998523179315e+01 -1.093831648647576316e+00
1.524712056889294587e+01 -3.621088470972964046e-01
1.524073716950820057e+01 3.599896401066544627e-01
1.524329137542999035e+01 1.086185048817252863e+00
1.524059394051846539e+01 1.815799394119956389e+00
1.524121996798339040e+01 2.548300751002749109e+00
1.524484926770809778e+01 3.274353442269394066e+00
1.524269165637586809e+01 4.000747571330791175e+00
1.597324301454181494e+01 -4.001890823597840097e+00
1.597370290861266540e+01 -3.272695363017067649e+00
1.597609819070963511e+01 -2.544613672141498029e+00
1.597512353267735108e+01 -1.817902256696289243e+00
1.596720420278008135e+01 3.642541569969530713e-01
1.596981140436675872e+01 1.092989370601902266e+00
1.597136471279198133e+01 1.820228052480221237e+00
1.596217082586479563e+01 2.543153912233389491e+00
1.597210025525520649e+01 3.272972355093536123e+00
1.597113038824230813e+01 4.000390322024415468e+00
1.670402608938663747e+01 -3.999673902928456926e+00
1.670168735842523233e+01 -3.273283795939857299e+00
1.670469447130658125e+01 -2.546277482121293900e+00
1.670327929108771770e+01 -1.092002947142802327e+00
1.670234319860400518e+01 3.704509089356200491e-01
1.669970043115096558e+01 1.088622210319638128e+00
1.669508351085107023e+01 1.818750471974365013e+00
1.669947628878956181e+01 3.276207656153026448e+00
1.669986735741093753e+01 4.002596258713957411e+00
1.743139822762213242e+01 -3.998750553128274987e+00
1.742871829330696443e+01 -3.272993505967679795e+00
1.743404680482026237e+01 -2.545182763655255087e+00
1.743251497656189031e+01 -1.821417241493449524e+00
1.742708807197415410e+01 -1.092730055337096218e+00
1.743229284166434923e+01 -3.665092658832165284e-01
1.743211596743491754e+01 3.631506720628365770e-01
1.742652281560136629e+01 1.817470756225986861e+00
1.743085580893738040e+01 2.545771248751499627e+00
1.742597758513433348e+01 3.276884046465163181e+00
1.742889537099839714e+01 3.999169557258582586e+00
1.815705231911161377e+01 -4.003742240316036316e+00
1.815939507880073478e+01 -3.273455804138517777e+00
1.816121906967264721e+01 -2.551782259619436388e+00
1.816311330750535546e+01 -1.818394219595234063e+00
1.815556208386243497e+01 -1.092297378095619109e+00
1.815567452124599868e+01 -3.655442811482423338e-01
1.815830565328397483e+01 3.656451243719303079e-01
1.815822810611996374e+01 1.823503253426352444e+00
1.815601635585850460e+01 2.548266714889059870e+00
1.815623037609218926e+01 3.275690314299716022e+00
1.815597708390842513e+01 3.998661437895009385e+00
1.888709067179308221e+01 -3.999312439870035263e+00
1.888435294683107202e+01 -3.271929161424630195e+00
1.888595621072657593e+01 -2.547033369054638285e+00
1.888475246376489025e+01 -1.813021566484405156e+00
1.888688729894978735e+01 -1.090178624397729834e+00
1.888490966553102623e+01 -3.700718262358364541e-01
1.888564770719266761e+01 3.778105935278652794e-01
1.887777161677766458e+01 1.093999103781293059e+00
1.887284224576614378e+01 1.797858548215810259e+00
1.888296321752252283e+01 2.550949018594923956e+00
1.888527031323289407e+01 3.272324152436659972e+00
1.888617801274060781e+01 4.001172369711184729e+00
1.961473644515303505e+01 -3.997949651412813665e+00
1.961271406948434048e+01 -3.275445244047819671e+00
1.961280781697394104e+01 -2.541430274309327331e+00
1.961196542021709632e+01 -1.819923597370145529e+00
1.960779790996580374e+01 -1.092391036307510888e+00
1.961491691569466411e+01 -3.621796841236708531e-01
1.960967036947290865e+01 3.628546185262209178e-01
1.961250716533397309e+01 1.096546315103417157e+00
1.961235264253750898e+01 1.822838714553398631e+00
1.961125316411968811e+01 2.547501974609527764e+00
1.961375794157739705e+01 3.279110550166087990e+00
1.960627835378880235e+01 3.996899767390246438e+00
2.033867837610291218e+01 -4.003619575841945277e+00
2.034140569981222768e+01 -3.274376271646119108e+00
2.033614726966067821e+01 -2.542277111266688649e+00
2.034231467379093772e+01 -1.820342186489597225e+00
2.034110060683487120e+01 -1.090047694262981537e+00
2.034339519018531917e+01 -3.649731106708600237e-01
2.034253822818168800e+01 3.673673437609892289e-01
2.034312946320379467e+01 1.089216496645569521e+00
2.033675816747055620e+01 1.819940964340275968e+00
2.033876809868078794e+01 2.547012203009348497e+00
2.033783475329402535e+01 3.273370218524107145e+00
2.034098576537125780e+01 4.005703393863555561e+00
2.106745739912840065e+01 -3.996914473172267890e+00
2.106344835675970728e+01 -3.274453648524371374e+00
2.106799998085737258e+01 -2.545793003862502957e+00
2.106645361892174861e+01 -1.816324524461816026e+00
2.106766568975896803e+01 -1.092232239117777226e+00
2.106677470808558184e+01 -3.642960657235256861e-01
2.106915432336971605e+01 3.628624170678094174e-01
2.106753399450228414e+01 1.091867740827115796e+00
2.107055517046758553e+01 1.816674716145758595e+00
2.107364552413391579e+01 2.546708156086054942e+00
2.106584768736596658e+01 3.272832113311245905e+00
2.107029211659600776e+01 4.001832502766127675e+00
2.179762024445578561e+01 -3.998820220653023227e+00
2.179712621713467513e+01 -3.272843914176974067e+00
2.179267407820130131e+01 -2.551399647626283240e+00
2.179689733503938243e+01 -1.822577151664688699e+00
2.179653713735233111e+01 -1.089117173713557207e+00
2.179782868117690242e+01 3.631882429103114873e-01
2.179616452071020660e+01 1.097136866548044765e+00
2.179630863551791009e+01 1.816373694158638585e+00
2.179576600193685465e+01 2.548210804256267892e+00
2.178801443422607065e+01 3.273658086618759455e+00
2.179718529549010242e+01 3.994753806111631889e+00
2.252663902130987594e+01 -4.002854188366622878e+00
2.252516622249708433e+01 -3.276339770292203468e+00
2.252341375024890624e+01 -2.542285452832448556e+00
2.253008979941967027e+01 -1.817603961149920622e+00
2.252843991420494518e+01 -1.088139624020502794e+00
2.252646417051128225e+01 -3.644526041469688948e-01
2.252408669173755129e+01 3.661485739931791272e-01
2.252781539216191220e+01 1.094765421851374043e+00
2.252236583932469927e+01 1.820027041503195164e+00
2.252338081314260876e+01 2.549980766099718466e+00
2.252619415339556497e+01 3.271213731353675769e+00
2.252356774119775906e+01 3.998009587817371369e+00
2.325593892001283081e+01 -3.997977696457347463e+00
2.325524803624777803e+01 -3.272021280796348464e+00
2.325565005003122110e+01 -2.542540932243870344e+00
2.325583479173045731e+01 -1.815087730019783407e+00
2.325575700086648823e+01 -3.608536566006463886e-01
2.325477184079459647e+01 3.656023975617763710e-01
2.325184964568010315e+01 1.093828152993271630e+00
2.325265413108501633e+01 1.819922139287154295e+00
2.325235849854815484e+01 2.546810492394637748e+00
2.325366603488876649e+01 3.269677029316198968e+00
2.325442888781442718e+01 4.004533467562623628e+00
2.398394889526809948e+01 -4.001107931795704786e+00
2.398512456624893474e+01 -3.272193862186288271e+00
2.398256174031857313e+01 -2.544899510198181503e+00
2.398476767193639603e+01 -1.814591350524093372e+00
2.398336302205683523e+01 -1.088490528820667436e+00
2.398431437159769075e+01 -3.646053365394088530e-01
2.398760694728783704e+01 3.645424320625245684e-01
2.398400345205023143e+01 1.095612814513877709e+00
2.398246019938413554e+01 2.550026514040098391e+00
2.398114293137896169e+01 3.272596683014342034e+00
2.398181119675301431e+01 4.000784694193868063e+00
2.471130864125103699e+01 -3.998828917259800164e+00
2.471000645058985157e+01 -3.271869795097028799e+00
2.471342508490407397e+01 -2.544359352028717325e+00
2.471219413353302485e+01 -1.817104500118492894e+00
2.471256621041415968e+01 -1.087319100699215113e+00
2.470896315548245781e+01 -3.629221393609753932e-01
2.471030293619046603e+01 3.647977535191806453e-01
2.471059576426286242e+01 1.092893312561635355e+00
2.471107753683238428e+01 1.820624331520416916e+00
2.471064853436111264e+01 2.547698869723351578e+00
2.470615220288978975e+01 3.274729429038792716e+00
2.471279406299947112e+01 3.998890933111525214e+00
2.543931751500354466e+01 -3.998877135314632625e+00
2.543993541962736771e+01 -3.271332346366161659e+00
2.543916140513351110e+01 -2.544123157660557411e+00
2.543956292375132477e+01 -1.817757388052431367e+00
2.543701794064932642e+01 -1.087414089017084251e+00
2.543781372359829618e+01 -3.609212571346240850e-01
2.544457921007972345e+01 3.589594135457829793e-01
2.543829299271194344e+01 1.090899532507730640e+00
2.543509270496941355e+01 1.818743399821588724e+00
2.543902002319897804e+01 2.546941940090029277e+00
2.543287564537902767e+01 3.274475019730161307e+00
2.544047785854703392e+01 3.999664894207498378e+00
2.616970864962605248e+01 -3.998285930457001314e+00
2.616744344519952392e+01 -2.544193812200305160e+00
2.616169346815127028e+01 -1.818798936774225439e+00
2.616438790243478962e+01 -1.088838117212574730e+00
2.616395363066979485e+01 -3.628769554645394635e-01
2.616928484606818017e+01 3.623185389390215505e-01
2.616624324539840529e+01 1.089571878789588055e+00
2.616657819935507234e+01 1.819232235262951747e+00
2.616598466953389135e+01 2.545573858572176107e+00
2.616267788949601680e+01 3.273168807080416798e+00
2.616550426833975962e+01 3.999380787842198970e+00
2.689614787342794955e+01 -3.993813534963528866e+00
2.688554900158590755e+01 -3.267625037506885377e+00
2.689882335801416957e+01 -2.543055587867922185e+00
2.689386159938239018e+01 -1.816633205972252085e+00
2.689688628611132515e+01 -1.092070134568789541e+00
2.689531871651507799e+01 -3.635156013546101406e-01
2.689280245430622784e+01 3.634504426931073340e-01
2.689285630684307193e+01 1.088713433895865279e+00
2.689159569011849271e+01 1.817245039243935878e+00
2.689390817195120320e+01 2.542520776025607887e+00
2.689441795643409705e+01 3.273578667250944818e+00
2.689436835788655600e+01 4.002128176065298248e+00
2.762230942870056793e+01 -3.994705338007936035e+00
2.762358130090658648e+01 -3.275480647743069795e+00
2.762092163859890803e+01 -2.546974936289036151e+00
2.762239292458221485e+01 -1.817035111181269258e+00
2.762234734285339499e+01 -1.089359421374865633e+00
2.761996594110323144e+01 -3.622527681807490296e-01
2.761952807932851783e+01 3.651199566350840087e-01
2.761608324509832357e+01 1.091863878506579510e+00
2.762203303855037717e+01 1.820564302742244678e+00
2.762315351725107604e+01 2.548009010339988833e+00
2.762293817968267007e+01 3.272000154930175597e+00
2.762032315302456453e+01 3.998969112996313413e+00
2.835147986908287976e+01 -3.998329657795579806e+00
2.834237123692801674e+01 -3.277687833916424154e+00
2.835229404963225619e+01 -2.543794761686452688e+00
2.835054419867930164e+01 -1.816915574633487296e+00
2.834982058269169158e+01 -1.091412457602793040e+00
2.834661172139183094e+01 -3.678650815329227441e-01
2.835034158205589705e+01 3.639324228872773404e-01
2.834925177303914268e+01 1.087801290520229003e+00
2.834774805117903895e+01 1.822557232332169264e+00
2.834874574912492307e+01 2.547619589952805796e+00
2.835138402802318325e+01 3.272323010500088003e+00
2.834852187755226538e+01 4.000728854324670181e+00
2.907682360336105631e+01 -3.999840859666466741e+00
2.907780627364393666e+01 -3.271305948852145207e+00
2.907713902679675044e+01 -2.542072719481108578e+00
2.907968754315698590e+01 -1.818635836440616771e+00
2.907790772155613723e+01 -1.086423685811553241e+00
2.907982839808072839e+01 -3.628539930503791311e-01
2.907998565901936416e+01 3.653631099888308142e-01
2.907958333111889004e+01 1.092100135542960260e+00
2.908331466018169209e+01 1.816021665534069740e+00
2.907791902657002225e+01 2.545010004065641596e+00
2.907315161306896556e+01 3.274506740369389490e+00
2.907579498016786346e+01 4.000914264084059369e+00
2.980719851075630089e+01 -3.999481181493116821e+00
2.980637887661712426e+01 -3.273696721665086073e+00
2.980402046915336456e+01 -2.541113076410219662e+00
2.980556538576065151e+01 -1.819015169313743741e+00
2.980051186485840020e+01 -1.091492034586114102e+00
2.980151952995506548e+01 -3.633299929277100659e-01
2.980270193287389446e+01 3.638060978875508056e-01
2.980329010750369179e+01 1.090360086693092256e+00
2.980560314152257462e+01 1.815222871037548202e+00
2.980534400924106109e+01 2.546514689175747748e+00
2.980400416962668686e+01 3.271759996459074671e+00
2.980616414287752747e+01 4.001499017476646713e+00
3.053516017877270627e+01 -3.997599114944090815e+00
3.053791299598186271e+01 -3.273113533964270516e+00
3.053364992297215252e+01 -2.545770643484370765e+00
3.053340608916213483e+01 -1.817724498922437704e+00
3.053541398949906949e+01 -1.089295448044026671e+00
3.053130747876246431e+01 -3.641880307758889046e-01
3.053421770134220736e+01 3.628059923382522811e-01
3.053386342969064771e+01 1.093859837613862851e+00
3.053285379871142169e+01 1.823749004707181598e+00
3.053237952449733683e+01 2.545767166794917102e+00
3.053138063060068674e+01 3.272177824586272266e+00
3.053207270758935721e+01 3.998087662538786446e+00
3.126024923689616486e+01 -3.997619506432180003e+00
3.126381212664161779e+01 -1.815470682421636894e+00
3.126180737585992375e+01 -1.092189868513781192e+00
3.126112495294594140e+01 -3.636369533617802574e-01
3.126370914596807182e+01 3.643154649429227732e-01
3.125987007545951002e+01 1.089438268486009775e+00
3.125879835285625319e+01 1.819728901161560941e+00
3.126186426109810412e+01 2.545796499795571322e+00
3.126281440665770361e+01 3.272574511399945152e+00
3.125733771580410547e+01 4.001263463239439488e+00
3.199113762529938043e+01 -3.999608452514358703e+00
3.199066817631788950e+01 -3.271263764994074563e+00
3.198977737244107544e+01 -2.546245591457790169e+00
3.199185763019072937e+01 -1.818250890097246497e+00
3.198785629644454076e+01 -1.091410291775641639e+00
3.199003940144799429e+01 -3.642854417881125073e-01
3.198819568021114179e+01 3.640787661930993124e-01
3.198819878578134279e+01 1.091770116011257841e+00
3.198943675049113011e+01 1.821894968453879216e+00
3.199038637723754874e+01 2.547324821616296475e+00
3.199014973836352027e+01 3.277625111961128823e+00
3.198935117571353004e+01 4.001751873198330145e+00
3.272136272670703505e+01 -3.998548109722893429e+00
3.271954252252789530e+01 -3.272052434675995158e+00
3.271480383656214741e+01 -2.544406490575045865e+00
3.271817897042522105e+01 -1.819160756097407017e+00
3.271613787231266457e+01 -1.086665755867624483e+00
3.271873477150268883e+01 3.635154202308648053e-01
3.271777704328281544e+01 1.089010393324524983e+00
3.271482804455971660e+01 1.820108127897714922e+00
3.271578286210193909e+01 2.546934982118759905e+00
3.271094791656454248e+01 3.269951594736689060e+00
3.271811892667064825e+01 3.998647304987450468e+00
3.344469872726696025e+01 -4.000450880324169844e+00
3.344510786910040423e+01 -3.272458261165397175e+00
3.344656586682562960e+01 -2.541409365499397666e+00
3.344330481668216493e+01 -1.816592026972831064e+00
3.344487872860397459e+01 -1.088668899857658801e+00
3.344585024031525933e+01 3.603229107034060519e-01
3.344154618611259622e+01 1.093646800028913901e+00
3.344947508688105842e+01 1.817490044239004732e+00
3.344411129288211981e+01 2.546650089053592581e+00
3.344661529723973814e+01 3.274912024495456819e+00
3.344266288360474704e+01 3.998072512943366519e+00
3.417180377083747800e+01 -3.997643574278939127e+00
3.417288200136285781e+01 -3.272079626975976652e+00
3.417461771225179490e+01 -2.544559113299833086e+00
3.417084765475527064e+01 -1.822379984301250033e+00
3.417185503601452723e+01 -1.089093378488769304e+00
3.417507185817671456e+01 -3.628924958236297016e-01
3.417240936186747291e+01 3.647136299711206675e-01
3.417399903951470463e+01 1.093333255555211991e+00
3.417127458813205720e+01 1.818760410176505360e+00
3.416607197664351503e+01 2.548967026038639005e+00
3.417691542800384497e+01 3.274693941893609406e+00
3.417176265689196413e+01 4.004423498742056609e+00
3.490236872561757053e+01 -3.996602428990904343e+00
3.490056944028821562e+01 -3.270993527297441972e+00
3.490216675105721578e+01 -2.538749983886756212e+00
3.489796939396590147e+01 -1.818276023077512349e+00
3.490001410839006013e+01 -1.090178373000853185e+00
3.489974804529769159e+01 -3.643793827058203760e-01
3.490063222707755841e+01 3.634019443879132893e-01
3.490121201647654203e+01 1.095585796076537832e+00
3.490162408686078521e+01 1.822711682227389218e+00
3.490369167495480696e+01 2.546340256892928977e+00
3.490608212047560954e+01 3.274320649285101581e+00
3.489806336940247178e+01 4.002674278685162790e+00
3.562723445936079969e+01 -4.000188444954119404e+00
3.562287438222551117e+01 -3.271382037071255411e+00
3.562828557807626595e+01 -2.543244682014258018e+00
3.562642394279088620e+01 -1.818190708197235494e+00
3.563005869198483566e+01 -1.090150253357013099e+00
3.562997528085845289e+01 -3.641978979228532864e-01
3.562358286118070083e+01 3.641935154743869418e-01
3.562619961031720806e+01 1.088419440274055461e+00
3.562415168534329979e+01 1.820201390384731610e+00
3.562315452769748703e+01 2.543701889486051471e+00
3.562793550584874680e+01 3.273908684480645093e+00
3.562639202370328206e+01 3.998557418006313924e+00
3.635658091794417857e+01 -3.993485872427058325e+00
3.635589970481587585e+01 -3.268904279782141487e+00
3.635454145992576258e+01 -2.543624703161970757e+00
3.635589030491563989e+01 -1.815731288505496366e+00
3.635560576810025424e+01 -1.091763680021976768e+00
3.635422470858008381e+01 -3.620737757698044845e-01
3.635858019021315357e+01 3.673367237959759279e-01
3.635625645200213540e+01 1.098543922664063643e+00
3.636029720896649309e+01 2.546131639955415693e+00
3.635210807330860661e+01 3.274495309808294508e+00
3.635670206679386496e+01 4.006866841635037702e+00
3.707831926324656280e+01 -4.001297217306138521e+00
3.708142072625087593e+01 -3.270248154486640857e+00
3.708886121191587648e+01 -2.547363966091545251e+00
3.708274624855629753e+01 -1.819406058653175506e+00
3.708237381177300307e+01 -1.088744265164123703e+00
3.708037085017192425e+01 -3.628631141503539936e-01
3.708757881713705018e+01 3.660846575390053204e-01
3.708258840731097195e+01 1.091552234614589167e+00
3.708382658094880213e+01 1.824119556425692679e+00
3.708587812168070030e+01 2.548411458554866726e+00
3.708740116513222773e+01 3.279443928097499850e+00
3.708845715112573060e+01 3.998454184482078233e+00
3.781524151255595001e+01 -3.995546232953646637e+00
3.781045802880556295e+01 -3.271511356005973425e+00
3.781107287883020973e+01 -2.543251509096705831e+00
3.780939946132993867e+01 -1.088748473694288066e+00
3.780789924539771363e+01 -3.623247182202220529e-01
3.780449429088016444e+01 3.715552315305679087e-01
3.781113054027276377e+01 1.096141848896888149e+00
3.781095676193633182e+01 1.815055505171990546e+00
3.781564314856539255e+01 2.546848094789343264e+00
3.780597658581037734e+01 3.275462499439719011e+00
3.781094119781204910e+01 3.999863118149420416e+00
3.853931438917371821e+01 -3.997570509823802354e+00
3.854140342669750652e+01 -3.267364740438186033e+00
3.853778343830719422e+01 -2.545251683070528514e+00
3.853650840076931416e+01 -1.818774649674086419e+00
3.853906382985059764e+01 -1.089720754877507858e+00
3.853584875176604641e+01 -3.621119690651717349e-01
3.854087450960189898e+01 3.730729540624508900e-01
3.854337888755760133e+01 1.094373612085455250e+00
3.854317898059539260e+01 1.819409211973805895e+00
3.853805209057090764e+01 2.546872387837151308e+00
3.927475517956433038e+01 -3.991830502694256211e+00
3.926825692157661507e+01 -3.266475514765158294e+00
3.927769183610741521e+01 -2.547541069101988853e+00
3.926676030825833408e+01 -1.812916814391503095e+00
3.927442048266583896e+01 -1.076737401039515873e+00
3.927131045164819767e+01 -3.550110521182219259e-01
3.926618770644419243e+01 2.549464847189415906e+00
3.926700871977353557e+01 3.269417765028322265e+00
3.999350370568485147e+01 -3.277272500872879135e+00
3.999264152671121764e+01 -2.530487576313213083e+00
3.998728647366586841e+01 -1.810211856881203119e+00
3.999962958480717390e+01 1.095085597488488105e+00
4.000031547170994628e+01 1.822874507582699977e+00
4.000069346144517368e+01 2.558944840738220705e+00
4.000139076803028360e+01 3.282060481524460727e+00
3.999885067429351437e+01 4.003182856964649261e+00
4.073010813654432383e+01 -4.000901724872104381e+00
4.072607379469585709e+01 -3.266686565582634927e+00
4.072525104365785609e+01 -2.547267335174169034e+00
4.072432622573257532e+01 -1.812840242144865499e+00
4.072764456521064602e+01 -1.088387975757001414e+00
4.072895376921093913e+01 -3.602221420055009560e-01
4.073111089468981305e+01 1.094971654329548016e+00
4.072949028781489034e+01 1.821945903112496268e+00
4.072705325773915064e+01 2.545335242464179970e+00
4.072427520303740067e+01 3.280653260257963666e+00
4.072443828769811347e+01 4.000901724872100829e+00
