-4.365528387724971537e+00 -4.167749187343872563e+00
-4.340080982512105834e+00 -2.733979164064685108e+00
-4.363867757650176316e+00 -1.984611586749831957e+00
-4.362826615263045937e+00 -1.266863518688747803e+00
-4.400984964269895272e+00 -5.195744676986215893e-01
-4.366001215657625778e+00 2.472409265679473833e-01
-4.362509512518293775e+00 9.548346217758769683e-01
-4.369982158329200672e+00 1.689412173015949037e+00
-4.349164837979806464e+00 2.390096008400437455e+00
-4.370909618628964211e+00 3.064114582199145786e+00
-4.357056188085820736e+00 3.768029900112487951e+00
-3.436328421144885681e+00 -4.143095306022789970e+00
-3.489404168407702400e+00 -3.438502539863485197e+00
-3.497042610690989761e+00 -2.680086374077855993e+00
-3.546691518644983887e+00 -1.954668679696009548e+00
-3.518921593071219434e+00 -1.229876178120701269e+00
-3.524558323887944766e+00 -5.250432709200154591e-01
-3.509905719522052436e+00 9.808544815513080550e-01
-3.563184985332313204e+00 1.690111846635911519e+00
-3.575090602302942955e+00 2.399474098809296407e+00
-3.595378586619794703e+00 3.188851158278183107e+00
-2.755448282706659313e+00 -3.412539564664317737e+00
-2.798153376241444334e+00 -2.673854403436308758e+00
-2.768261614868571030e+00 -1.963287355580089155e+00
-2.785456924690741687e+00 -1.225336149452807888e+00
-2.787352286145832636e+00 -5.091376451647917634e-01
-2.761774677501165343e+00 9.724693644912747459e-01
-2.794169847036116039e+00 1.690746956770329490e+00
-2.836450982798673692e+00 2.441573230681647999e+00
-2.825724798102498880e+00 3.209352755950106939e+00
-2.837409301361660141e+00 3.925601949235030474e+00
-2.022963756734945662e+00 -4.118133110451232426e+00
-2.030974127313434963e+00 -3.406364337333361192e+00
-2.022361442959947908e+00 -2.674478651583402922e+00
-2.036294011491435185e+00 -1.934692508302962466e+00
-2.073133077032579763e+00 -1.238807310215005231e+00
-2.031790266125803157e+00 -5.209890375007759644e-01
-2.042258384522568804e+00 9.255325287986764238e-01
-2.064127009023629000e+00 1.722564722128275605e+00
-2.067239125347889228e+00 2.472999321779237647e+00
-2.061207477612931882e+00 3.181846795108526749e+00
-2.051368541020941905e+00 3.916556693777550890e+00
-1.276133297063033467e+00 -4.082180559314291912e+00
-1.261713717829785253e+00 -3.358949453568939703e+00
-1.285781870349609335e+00 -2.667612928728356536e+00
-1.291830516751318214e+00 -1.951280896942961363e+00
-1.284348967985330603e+00 -1.220370037726013379e+00
-1.284285406522919004e+00 -4.828196132644180238e-01
-1.290674684629848912e+00 2.491749396577347397e-01
-1.314567699565586167e+00 1.677112434045884726e+00
-1.302408806772199057e+00 2.480667550783763886e+00
-1.367253941683387097e+00 3.195781766516454070e+00
-1.335978681021515513e+00 3.948741812395297757e+00
-5.232863895798018916e-01 -4.071088477870425493e+00
-5.510166641326321724e-01 -3.404689889046554896e+00
-5.755884799745345504e-01 -2.682646224110648348e+00
-5.493740864313991779e-01 -1.936137346881494636e+00
-5.490588001440173116e-01 -1.236981322711535825e+00
-5.720683404839306263e-01 -4.983464619897723935e-01
-6.202450063902844590e-01 2.148619901089858786e-01
-5.561329336862641526e-01 9.593214671119625336e-01
-5.620917319947622559e-01 1.707168541068821099e+00
-5.452274200114217706e-01 2.488212715011385967e+00
-6.132838326535718920e-01 3.144883927257630774e+00
-5.617299943293687647e-01 3.906256017185988583e+00
2.100658458038324738e-01 -4.082777026346750660e+00
2.644999822871056949e-01 -3.305690589187719297e+00
1.820453009980695924e-01 -2.626459168645556730e+00
1.865383323911800062e-01 -1.951154680907688288e+00
1.860061357589799513e-01 -1.221404722566610701e+00
1.792259490388943277e-01 -5.424244905324258070e-01
1.754024682478458885e-01 1.912551380946503343e-01
2.051004336846773413e-01 9.415766028551395550e-01
2.277150877010498675e-01 1.680570998750990697e+00
1.893027991520099818e-01 2.493218066563382962e+00
1.873698324285797412e-01 3.162154810972651831e+00
1.727638344370703294e-01 3.873075366974497058e+00
9.219333759367671632e-01 -4.059783339447029960e+00
9.271941127993841292e-01 -3.342520978528323639e+00
9.295875038714527250e-01 -2.622529585486223169e+00
9.987865689609378705e-01 -1.925003179678522969e+00
9.048048379562061427e-01 -1.245111581122902322e+00
9.292626185827757013e-01 -5.138243373098063671e-01
7.942915677955255660e-01 2.590515431984456995e-01
9.514342451513684296e-01 9.128790420876633505e-01
9.557818878334600754e-01 1.667928617852474815e+00
9.777985896477758843e-01 2.411970275634992333e+00
1.009524408978577981e+00 3.139737894012483821e+00
1.673468610048601590e+00 -4.054657092385447470e+00
1.678613877596468740e+00 -3.344566374753547677e+00
1.679794603572680955e+00 -2.618388588149386464e+00
1.653910673083629490e+00 -1.214504051454792233e+00
1.662649368821739415e+00 -5.122104226125188120e-01
1.679638823863548680e+00 2.277587423939415601e-01
1.705755123456604849e+00 9.322538712141650308e-01
1.758715705213333536e+00 1.683060173868586418e+00
1.725615652082247209e+00 2.390981117532962941e+00
1.756883657441647983e+00 3.094055184306576223e+00
1.816219322744998976e+00 3.772903427004948185e+00
2.398192313770614703e+00 -4.065852059003745467e+00
2.424829709741104011e+00 -3.339714246858303426e+00
2.408018150304599203e+00 -2.613659117665932285e+00
2.432325768776138375e+00 -1.895922047457787585e+00
2.408610635895982455e+00 -1.214905325697781535e+00
2.407727391843138776e+00 -4.744108265921234135e-01
2.437485389431749638e+00 2.191000288235471771e-01
2.461993559324206160e+00 9.985214788891028093e-01
2.494821322839712252e+00 1.662015586006468482e+00
2.526444843778627103e+00 2.412081830447714736e+00
2.499841346140065923e+00 3.101483709862996818e+00
2.503040441768064284e+00 3.837394190038772024e+00
3.177114991430997293e+00 -4.068797530770080328e+00
3.161899734689093577e+00 -3.360492453589969841e+00
3.171391341601953684e+00 -2.624249846521720997e+00
3.165510026108229624e+00 -1.870803631300297809e+00
3.141814808064260944e+00 -1.163907508522935785e+00
3.221875052349879809e+00 -4.848250062318690823e-01
3.187637698441598388e+00 2.416982420774260731e-01
3.214014797945402790e+00 9.179026005681691913e-01
3.211867961771503133e+00 1.676303552574054834e+00
3.247072374303115794e+00 2.419720585842355831e+00
3.272955804856046313e+00 3.124054445368784627e+00
3.280503641625884370e+00 3.833425147988222648e+00
3.934446215796249646e+00 -4.078539412602530945e+00
3.918572190355909868e+00 -3.398343710540750351e+00
3.922676171500597775e+00 -2.622741830539013108e+00
3.913301455380242544e+00 -1.906251212036046638e+00
4.026391486896663707e+00 -4.684764654503155157e-01
3.985936757405781350e+00 2.477090767219252143e-01
3.935231912790278841e+00 9.307640624444424304e-01
3.995567252519684587e+00 1.664793897442191195e+00
4.012574690849348258e+00 3.115237689750912864e+00
4.052681865284512241e+00 3.824208743664421206e+00
4.663083021619179647e+00 -4.083049076380675046e+00
4.649516596495615772e+00 -3.372222620649754532e+00
4.673159486753483804e+00 -1.914159989946593754e+00
4.731286195529712302e+00 -1.217168370129073196e+00
4.772802484971677472e+00 -4.834577284209977677e-01
4.804411402540544884e+00 2.398147266018106905e-01
4.754037907416325481e+00 9.665821148451243516e-01
4.728038709468471268e+00 1.649404659873578538e+00
4.762625564399996847e+00 2.383881228362461968e+00
4.774694490081060394e+00 3.115940336113155240e+00
4.779499582575198247e+00 3.856595286668607514e+00
5.506905706248446108e+00 -4.063053889823859066e+00
5.487319435516631927e+00 -3.375349582745517552e+00
5.507405699077033034e+00 -2.569220301358726033e+00
5.447434932133958796e+00 -1.965120636837124124e+00
5.507420476679115495e+00 -1.261571921225954185e+00
5.541790549370901431e+00 1.855875652401586251e-01
5.550950301590013680e+00 9.321185516785099878e-01
5.514628030627321209e+00 1.635879132379724155e+00
5.501956805664924843e+00 2.375827334672525382e+00
5.494661307507463732e+00 3.092667862170358717e+00
5.497118464698374396e+00 3.838530153038220760e+00
6.286832349461569436e+00 -2.688273488017021151e+00
6.323642095935468888e+00 -1.277812706376138863e+00
6.306012137950311569e+00 -5.586716489805567676e-01
6.264379127745421272e+00 1.846351357876621080e-01
6.251091577258065968e+00 9.183329627783258786e-01
6.269760012516123027e+00 1.630381788983907398e+00
6.263377621798959183e+00 2.365126068121803371e+00
6.254793245043408945e+00 3.086661321516409373e+00
6.293318040452746231e+00 3.789964512100787886e+00
7.095189532793149567e+00 -1.999611696137446160e+00
7.053623650165427250e+00 -1.291145533604836970e+00
7.060819800376236799e+00 -5.932790218196650756e-01
7.017000313694950364e+00 1.389593761792049520e-01
7.001532848959740818e+00 9.325801807063562876e-01
7.013680710762528747e+00 1.636786312316786507e+00
7.038553655883525551e+00 2.300546248061223764e+00
7.027656784204438623e+00 3.037321360936786618e+00
7.105064903410045929e+00 3.735099132996552385e+00
7.997935257621946903e+00 -4.124495511371897294e+00
7.999804660385869681e+00 -3.408494017911557705e+00
7.975678620169098565e+00 -2.696942641921062034e+00
7.938470199472291711e+00 -2.012510627179452172e+00
7.906343917220851836e+00 -1.280930999894778211e+00
7.876717288347037993e+00 -5.726629949458512669e-01
7.786242599463101044e+00 8.893878578679128566e-01
7.758615787196184499e+00 1.557901526730752551e+00
7.795934413200605206e+00 2.317016061068027710e+00
7.826665836050338498e+00 3.063168034851045718e+00
7.862155014896039518e+00 3.720881632472540446e+00
8.767377972913905637e+00 -3.441400633262510667e+00
8.774685536383948659e+00 -2.707901433935500535e+00
8.771640049675262674e+00 -2.014375733701285753e+00
8.713751016374160940e+00 -1.311439884204617101e+00
8.601311343537602738e+00 1.167728351105346007e-01
8.546382795675590671e+00 8.513894940884014773e-01
8.550463787527874615e+00 1.568890001268623990e+00
8.561744804350276183e+00 2.292795218789795086e+00
8.606862611895664372e+00 2.967193549355208404e+00
8.641531978217912524e+00 3.748539238277601271e+00
9.582774110720258420e+00 -3.447531251671371422e+00
9.567940625039568658e+00 -2.713436703745834677e+00
9.591062286028993356e+00 -2.069339525490605070e+00
9.499800727930406197e+00 -1.277819367672851314e+00
9.495625658943964709e+00 -5.546756224921338685e-01
9.399207475701260250e+00 1.214543058327990366e-01
9.331955819496954518e+00 8.334684174676034729e-01
9.298606602473697080e+00 1.562557066445840803e+00
9.335298291208957266e+00 2.279434432144633149e+00
9.386305842990587678e+00 3.004584096035799234e+00
9.397371347520120821e+00 3.693869654898023214e+00
1.049001263561574859e+01 -4.236310858002724444e+00
1.044040039409656373e+01 -3.487512981762989739e+00
1.044065224466025654e+01 -2.787886342301877818e+00
1.034031373996129588e+01 -2.065133305919896856e+00
1.033161834755792796e+01 -1.305120112636203089e+00
1.028307375208432717e+01 -6.084659470405497927e-01
1.024675636409735091e+01 1.563567418617957117e-01
1.025308599766230344e+01 7.864398087961994577e-01
1.029419185107396828e+01 1.533644399527094748e+00
1.022721890948817247e+01 2.307658774262137058e+00
1.021150188854674923e+01 2.981667456932704852e+00
1.024232743987577976e+01 3.707036887023463123e+00
1.139133345424220067e+01 -4.179645793759142691e+00
1.138824785544894524e+01 -3.471774957778503534e+00
1.136447398744684989e+01 -2.721155099083734541e+00
1.129127686983449763e+01 -1.298819565929029807e+00
1.123366150412922337e+01 8.687033044785863467e-02
1.100708524759593132e+01 8.319080040298416634e-01
1.100322075864482230e+01 1.556818461978792811e+00
1.098712017950356312e+01 2.278457780686888867e+00
1.102497636790931068e+01 3.006545922017359374e+00
1.103602645516958347e+01 3.699790859887940542e+00
1.210490519592342196e+01 -3.471226291498460625e+00
1.247631365101485557e+01 -2.690490362210862685e+00
1.213113637576330461e+01 -2.073693977205991246e+00
1.212745924837751943e+01 -1.338026520555786192e+00
1.206248212228024386e+01 -6.078032448541641486e-01
1.201121629668508461e+01 1.209793794137397072e-01
1.191577446817815655e+01 8.169766225398618076e-01
1.179031645099806980e+01 1.545079731825179437e+00
1.174611663623993962e+01 2.317819330097414365e+00
1.177436445591862935e+01 2.999999917848619191e+00
1.184728914655111964e+01 3.696767991731888969e+00
1.304758934725507658e+01 -4.228180480606344105e+00
1.302314160385625996e+01 -3.497394262345206783e+00
1.301038641742322710e+01 -2.749386347166346667e+00
1.287969963378953508e+01 -2.120840870286475166e+00
1.273604506658406876e+01 1.602453903625615794e-01
1.269729717604865726e+01 8.420276802651756043e-01
1.261274599916048089e+01 1.540544839590616277e+00
1.263046583027112035e+01 2.239671627083200889e+00
1.271696777504023146e+01 2.960433129637202398e+00
1.275670503751668861e+01 3.685620334440528723e+00
1.399108732046149584e+01 -4.255891188118429369e+00
1.390353073908698889e+01 -3.491606693727153043e+00
1.386242117854986589e+01 -2.748509972075016350e+00
1.371974547898228991e+01 -1.329583845422892097e+00
1.366735180796970184e+01 1.362931687710293716e-01
1.363249391703931934e+01 8.124752625357771763e-01
1.344743349951470179e+01 1.563035762698635978e+00
1.348736340269951484e+01 2.993534635958411627e+00
1.348747567757279597e+01 3.695284217398494775e+00
1.474447661564052936e+01 -4.253657984194227026e+00
1.473966310892665632e+01 -3.539604580947138146e+00
1.476978320719121740e+01 -2.820354115219846136e+00
1.475471186277929547e+01 -2.127844950029537330e+00
1.461582030925821840e+01 -1.360580899238357233e+00
1.470837628007065234e+01 -6.388712423861875322e-01
1.443073015624347732e+01 1.454619000716199650e-01
1.432130071918809477e+01 1.571418245164746708e+00
1.432953197142803958e+01 2.283284570104182620e+00
1.424750218443193717e+01 3.008729742904627358e+00
1.431372908045694459e+01 3.668876559737050513e+00
1.550501642855750362e+01 -4.316126090839567553e+00
1.550705964161316075e+01 -3.571633015893301177e+00
1.548987591641603956e+01 -2.879630380757884467e+00
1.546360239465920472e+01 -2.149007596777678941e+00
1.541981604837268804e+01 -1.390788770336531144e+00
1.538489299215495265e+01 -6.836385527274266849e-01
1.534790972762969119e+01 7.920657025577426680e-02
1.519320362081283093e+01 1.587387298715384532e+00
1.515538591485110942e+01 2.264766275215627900e+00
1.519115549166505019e+01 2.849562566428410548e+00
1.513044365128192936e+01 3.682933985041920266e+00
1.625122644071233680e+01 -4.267666017922131516e+00
1.623294417056000327e+01 -3.577265294089052361e+00
1.619776971549110556e+01 -2.868588057852342388e+00
1.617355501987309196e+01 -2.113959954570560740e+00
1.614658043737213688e+01 -1.412913649812669092e+00
1.611678947485489033e+01 -6.946323453803060488e-01
1.610167429093669256e+01 1.295029590987226698e-01
1.601117801590493173e+01 8.268569315967404521e-01
1.597897355641631378e+01 1.506139082884850211e+00
1.595352076041349676e+01 2.311804350281523313e+00
1.594430261938983762e+01 3.020987477322769621e+00
1.597625318571646602e+01 3.749871430428989072e+00
1.698118635735238513e+01 -4.236549288839327687e+00
1.696267698331995888e+01 -3.595865681170501205e+00
1.692844237857664780e+01 -2.809191232691905071e+00
1.688831523119489475e+01 -2.093384208499390553e+00
1.683613661399258632e+01 -1.393631901641242621e+00
1.685468270391480416e+01 -6.350445076536743727e-01
1.680289456706935880e+01 8.935686302778123036e-02
1.676974463933339621e+01 8.806279177824407611e-01
1.673428322804537771e+01 1.581619312829964485e+00
1.671864283312330457e+01 2.329853895160539423e+00
1.667352213726645260e+01 3.087039129207234112e+00
1.668850563786727292e+01 3.789949315453490897e+00
1.771091839927818512e+01 -4.275535841654537705e+00
1.768772586213788145e+01 -3.540108774629796784e+00
1.764238088745168653e+01 -2.803052766050580402e+00
1.761391088654844594e+01 -2.084689498157189291e+00
1.758763908657387987e+01 -1.347430113289444620e+00
1.758246427522702504e+01 -6.276470298782932389e-01
1.754736888056429933e+01 1.530657612143571100e-01
1.753012160829082688e+01 8.445954007503608807e-01
1.746460748893755976e+01 1.581538115332413952e+00
1.744857739993973667e+01 2.341681977522192426e+00
1.741407137857802923e+01 3.092345586600515617e+00
1.746516798441695073e+01 3.832124367595000081e+00
1.852998694225058784e+01 -4.178887096512351462e+00
1.840194788560768302e+01 -3.468105641933522776e+00
1.838474611790283575e+01 -2.751157567555001293e+00
1.835446524535402801e+01 -2.046005649865509923e+00
1.831593933348861469e+01 -1.315850145798066251e+00
1.828670735734414166e+01 -6.003958457125442294e-01
1.827527285329583151e+01 1.245092062914103792e-01
1.824623197129707108e+01 8.562169787373186125e-01
1.822728191448388202e+01 1.593984643236836973e+00
1.821315684199090157e+01 2.323218124681496022e+00
1.820468626808304435e+01 3.057983822724743561e+00
1.827719517410811534e+01 3.786511743145794640e+00
1.928976596565239277e+01 -4.240037059098980876e+00
1.925818701892593054e+01 -3.484949352764989072e+00
1.925263658575250503e+01 -2.725557395523491522e+00
1.915829091463625389e+01 -1.988724187838620594e+00
1.917231125567182914e+01 -1.261137734904323793e+00
1.904455479666412288e+01 1.329865945308625896e-01
1.929006288700712446e+01 8.470439500217814555e-01
1.912109472542762489e+01 1.604415415567366665e+00
1.902316014037343450e+01 2.350604489290496701e+00
1.913497562916009542e+01 3.077816241380816109e+00
1.916101804473275649e+01 3.676752558555683947e+00
2.001930814225260491e+01 -4.233020784975163764e+00
1.998193090430392971e+01 -3.475158125568185596e+00
1.995999088018155021e+01 -2.755289903146319830e+00
2.000225842870671045e+01 -2.049254721658325451e+00
2.001567327870017010e+01 -1.312104401179038149e+00
2.000438901642007750e+01 -5.807909269963005272e-01
2.000149851008370661e+01 1.531967809906902289e-01
2.004469625649748821e+01 8.919949227988865914e-01
1.995927626221066475e+01 1.610727188029297707e+00
1.995473874150312810e+01 2.333394906727473739e+00
1.997147396026405630e+01 2.993331533973545788e+00
2.000488380116952669e+01 3.709973922694651094e+00
2.120827118157733082e+01 -4.155257671519887452e+00
2.114396244453816109e+01 -3.480927882684429875e+00
2.118506777035798905e+01 -2.711198154786803372e+00
2.123127631427647088e+01 -1.984655265958185311e+00
2.109185027941823876e+01 -3.983087828471028047e-01
2.096272463665599872e+01 1.632784901539174882e-01
2.090715518570098652e+01 8.206778824630305280e-01
2.084670248750170884e+01 1.618146962598871141e+00
2.083329722151749053e+01 2.333735496054639924e+00
2.083787442256538469e+01 2.972163323400899060e+00
2.079777545930588190e+01 3.712292321654118155e+00
2.192436890773620917e+01 -4.225855830640139033e+00
2.193297618606437993e+01 -3.492426076805760005e+00
2.191315588154139249e+01 -2.769919537962014289e+00
2.193407680814797089e+01 -2.028989018724207227e+00
2.191591809397772295e+01 -1.304653015343031797e+00
2.189893402219058771e+01 -5.823543814899601045e-01
2.187703078347852426e+01 1.537263528817760516e-01
2.174141336989964657e+01 9.418194048177035427e-01
2.180845992670113276e+01 2.379609414937412737e+00
2.172255547604347470e+01 3.031627419150538572e+00
2.168782929682949856e+01 3.667663903214133825e+00
2.266561641203767863e+01 -4.216177391363345350e+00
2.263401335262866354e+01 -3.484038712860073161e+00
2.267900229209036667e+01 -2.770139177703846656e+00
2.267671369063823761e+01 -2.023956055741624738e+00
2.266763602888743634e+01 -1.325178204671765059e+00
2.265750248234949282e+01 -5.972682937525384261e-01
2.262204361570327649e+01 1.215971832413167419e-01
2.261987268543930441e+01 8.757497750800631309e-01
2.261613712757450401e+01 1.589091716210546679e+00
2.260434806742633640e+01 2.296136848017955145e+00
2.254250420912242703e+01 3.044561598182646378e+00
2.256864550571881267e+01 3.687129757556171228e+00
2.341357700078642523e+01 -4.222679928628561896e+00
2.340337919940102296e+01 -3.509915347751913828e+00
2.339668504787840675e+01 -2.770566855618870505e+00
2.340458176895827336e+01 -2.065414135063317502e+00
2.340753191177453374e+01 -1.310493794554936642e+00
2.340162724945640349e+01 -5.836633534358242059e-01
2.346411252149223969e+01 1.046728962160585752e-01
2.342044827115623207e+01 8.670599820308630967e-01
2.335153199073427288e+01 1.575725866475064407e+00
2.339456668936927031e+01 2.323443013224974152e+00
2.336821808077867502e+01 3.036594996673073865e+00
2.337984744078239885e+01 3.659937343817006195e+00
2.445610999862088875e+01 -4.032984388570870493e+00
2.416589969001253024e+01 -2.807677724735157199e+00
2.409790693113753690e+01 -2.134048520444885355e+00
2.417840116987656529e+01 -1.344230236655317157e+00
2.415787335024657523e+01 -6.330983653534651978e-01
2.416103200501226667e+01 9.818216492734777034e-02
2.418007644381388133e+01 8.327959758172021054e-01
2.418156253324301019e+01 1.577251458601704570e+00
2.417365353731292998e+01 2.277764305253374033e+00
2.417784395061335800e+01 3.011410193979010330e+00
2.421709016748933863e+01 3.697114010558365749e+00
2.492125953985048881e+01 -4.219461148575792464e+00
2.485923803864073989e+01 -3.519340089253933712e+00
2.493397466545774677e+01 -2.805963379776908795e+00
2.488185922032189978e+01 -2.075617946712839057e+00
2.489142086469085768e+01 -1.377136303383494464e+00
2.487909685481607625e+01 -6.572792545934156294e-01
2.491129333554275860e+01 7.308604157655906874e-02
2.491509660998799092e+01 7.922439675462165098e-01
2.495658676409738064e+01 1.536213317240189724e+00
2.497852500223706329e+01 2.221656820811173105e+00
2.496986667262930837e+01 2.974750534554942760e+00
2.500252794230274134e+01 3.679544283392864656e+00
2.565473564656442562e+01 -4.213974223438832212e+00
2.566791545431859589e+01 -3.540485585186551987e+00
2.563592281582072729e+01 -2.823814149147754193e+00
2.563309949517231701e+01 -2.098833390450437264e+00
2.564052017633948566e+01 -1.382780193249018907e+00
2.563585674828075867e+01 -6.167592431038855239e-01
2.567085497646189651e+01 4.953359638187393443e-02
2.566729602420297596e+01 7.815760380468539381e-01
2.571156091500939311e+01 1.522105058182255277e+00
2.577275608411388674e+01 2.283215329689742390e+00
2.574127822609405314e+01 2.974303675200644648e+00
2.577349043051687971e+01 3.664991322887658498e+00
2.645092308445902063e+01 -4.274452502691623579e+00
2.642618895452889660e+01 -3.570404062924954047e+00
2.643150160955369898e+01 -2.837664255439001693e+00
2.641320296027511461e+01 -2.113435504661961062e+00
2.641280856076487282e+01 -1.398589508029107975e+00
2.640146963423515558e+01 -7.176444425284032036e-01
2.641204592437102150e+01 3.567923268097317191e-02
2.642876761397844376e+01 6.920394343496170109e-01
2.644673804574757270e+01 1.490060208789152796e+00
2.649452415503225922e+01 2.183376796070028547e+00
2.653968039589953065e+01 2.920845491702806385e+00
2.655184076394775161e+01 3.621190966741721695e+00
2.724937956377895887e+01 -4.282035287587181216e+00
2.716922066613823006e+01 -3.553194508966626586e+00
2.717953407500665719e+01 -2.842034769274356165e+00
2.720276696850311993e+01 -2.153253284632189235e+00
2.717625785450711362e+01 -1.418185493243736772e+00
2.719588225301694706e+01 -7.255357735773309003e-01
2.722108969586008698e+01 -2.647021868340004858e-02
2.725044288552483351e+01 6.670000457610569811e-01
2.725100976779331319e+01 1.426616680114058511e+00
2.722740651452293292e+01 2.174236530718776095e+00
2.729244544874153888e+01 2.894842702499104803e+00
2.734248120702297769e+01 3.607529829935408827e+00
2.831797801067798304e+01 -4.102424151524360241e+00
2.800263216523807586e+01 -3.567454971569503641e+00
2.826087156121079857e+01 -2.768657932180172310e+00
2.795487276447475011e+01 -2.183853851139133440e+00
2.795297527497506707e+01 -1.497667698036064365e+00
2.793021072638790514e+01 -7.603713194779224693e-01
2.794074629896234541e+01 -4.873735935075629300e-02
2.798516351698622628e+01 6.645981366581565908e-01
2.802495895852673158e+01 1.369793406026552418e+00
2.807134345046609525e+01 2.089337209886870994e+00
2.810282172118245825e+01 2.809186737774027165e+00
2.809872905305355317e+01 3.547753724787952478e+00
2.887711931906368790e+01 -4.277794822284327836e+00
2.883105156210120157e+01 -3.594508054970315669e+00
2.880034722836256122e+01 -2.900520024027237298e+00
2.880624917422972686e+01 -2.191716426746943114e+00
2.877437178254455574e+01 -1.510813680181925633e+00
2.876952809652264165e+01 -7.852008183285548171e-01
2.879581239997406072e+01 -5.274643843062776227e-02
2.875132512997229384e+01 6.450825360635690231e-01
2.878074673976497166e+01 1.339586691953954301e+00
2.882009254404787413e+01 2.054180991806543233e+00
2.884189480154470431e+01 2.768173675676571577e+00
2.886548263676463222e+01 3.519287707654576991e+00
2.967449983027365334e+01 -4.280983426412625192e+00
2.955385234269524375e+01 -2.206712047476216298e+00
2.954139160909971196e+01 -1.545531402187553027e+00
2.985260587206322924e+01 -7.805819885792715240e-01
2.959777429029922047e+01 -1.105087563854141308e-01
2.954626566493571005e+01 5.997287343761144029e-01
2.958544521044486686e+01 1.332950420627287969e+00
2.960527406083297564e+01 2.044001679025079454e+00
2.960868412195473098e+01 2.753049347938947733e+00
2.961331122821109574e+01 3.487081637858985061e+00
3.044407107692604342e+01 -4.292893701269729689e+00
3.038823370265087220e+01 -3.575981851868334616e+00
3.040044833876604713e+01 -2.914908928772074859e+00
3.037387781457614011e+01 -2.210974814861973670e+00
3.035370694924751689e+01 -1.532769841082007645e+00
3.035085986728994811e+01 -8.302775961092123680e-01
3.036280259520319902e+01 -1.297584740923269919e-01
3.038076815701142408e+01 5.903687480020494149e-01
3.039187275658282061e+01 1.322114662510511351e+00
3.040286093965067238e+01 2.058679339613789239e+00
3.037538394150936227e+01 2.795328305560111914e+00
3.038615014626700628e+01 3.534201354312187959e+00
3.128234259476132451e+01 -4.262734458403233617e+00
3.120972213013445895e+01 -3.643145349493835283e+00
3.110106522064207724e+01 -2.931398503876845751e+00
3.111249158265571424e+01 -2.255682161460867974e+00
3.110824425518041636e+01 -1.543683013090063838e+00
3.111747904748154525e+01 -1.405885265790729477e-01
3.112800977218611109e+01 5.799586471481426031e-01
3.110333276663181579e+01 1.321201828792549549e+00
3.113415162697413763e+01 2.072848867155705932e+00
3.119763001072626452e+01 2.817690346242081034e+00
3.128639730661122798e+01 3.520928414794312289e+00
3.199275644201167523e+01 -4.289302600922297870e+00
3.198030557798823992e+01 -3.641325300940842169e+00
3.194195139162993513e+01 -2.926610979041054605e+00
3.189457607148747087e+01 -2.216373373730007756e+00
3.189757744520212412e+01 -1.544306720606556382e+00
3.185974842394929141e+01 -1.246028800219391997e-01
3.186332128577939926e+01 5.936368643060667694e-01
3.196298194430784889e+01 1.313016433694794927e+00
3.196156885699246430e+01 2.065206081887946965e+00
3.201999399254055589e+01 2.768752663202732833e+00
3.199478645558537693e+01 3.522215258612163780e+00
3.281020405164348830e+01 -4.307705359191992045e+00
3.273014577627571242e+01 -3.598637075079103909e+00
3.276000844978050708e+01 -2.914337091334612495e+00
3.271274866814272997e+01 -2.205630596470278704e+00
3.265350781935872959e+01 -1.499015387779717656e+00
3.270433729703362502e+01 -8.237757195982808867e-01
3.266545535469476391e+01 -1.201525827980205463e-01
3.267061536039168601e+01 6.017813588354883336e-01
3.268481518283228837e+01 1.331907416084050055e+00
3.267784227244084860e+01 2.089908729637368623e+00
3.273993940936684766e+01 2.816304378390306340e+00
3.275086007158004264e+01 3.537578870515055485e+00
3.358858511542639036e+01 -4.253933997965933855e+00
3.354580708346762918e+01 -3.557680535202347727e+00
3.347221823550869857e+01 -2.880772337233707958e+00
3.345450054122940031e+01 -2.220802013784574314e+00
3.343921950478486593e+01 -1.530384952511802510e+00
3.342669155093437183e+01 -8.084894432789475616e-01
3.340879949380455827e+01 -9.042686666542110174e-02
3.343104353707207821e+01 6.445739992064574153e-01
3.343468100420808042e+01 1.390428258793090066e+00
3.347989737868149263e+01 2.107060556196778123e+00
3.353047773113515717e+01 2.834674879430458816e+00
3.353201776114729427e+01 3.563758271421889390e+00
3.433783220601419117e+01 -4.259073658884773295e+00
3.429166120412843810e+01 -3.595067810988531676e+00
3.426843384015098337e+01 -2.878513118502244339e+00
3.421423350950779962e+01 -2.199025110650708825e+00
3.419066124784126970e+01 -1.527049810521621254e+00
3.419072514951853492e+01 -7.961407928966828251e-01
3.420251718034064226e+01 -5.122093415875639266e-02
3.415857204766707156e+01 5.896431397232788640e-01
3.417741016820846056e+01 1.397179560195951353e+00
3.427392397549730418e+01 2.119737741163078226e+00
3.429050429189152993e+01 2.862461902641335598e+00
3.427251454832913424e+01 3.600121318107042612e+00
3.509938331911040876e+01 -4.246324196764305725e+00
3.507753509705690220e+01 -3.564085948530262726e+00
3.504410370903418226e+01 -2.863597436398343632e+00
3.498337379145778669e+01 -2.184557330103039874e+00
3.496071722614751565e+01 -1.461822774865485286e+00
3.494125259068479039e+01 -7.504798321541805706e-01
3.497903420500329474e+01 1.329259827027584606e-02
3.499021624112051398e+01 7.068527619415014840e-01
3.506686993091033600e+01 2.100110309587847723e+00
3.506478441333832308e+01 2.886741999459104591e+00
3.513651474069447289e+01 3.675013986142815270e+00
3.588758011979751217e+01 -4.252099395362069600e+00
3.586782063325673420e+01 -3.510933023164799494e+00
3.582744192705940378e+01 -2.883339258227596957e+00
3.574798415416042729e+01 -2.138388035189699110e+00
3.572738008071397786e+01 -1.421713415321598006e+00
3.570737539561175566e+01 -6.935410869020941504e-01
3.575506515565290755e+01 3.215814419277407410e-02
3.575037296024003552e+01 7.020002369813909127e-01
3.578890021237950947e+01 1.469052765207749189e+00
3.578888315405304610e+01 2.167403030118233431e+00
3.592355716445118929e+01 2.934599045009406382e+00
3.601850025109892073e+01 3.651854796832353145e+00
3.668487535849475734e+01 -4.203442154030312849e+00
3.660341928031925107e+01 -3.482270862251031218e+00
3.657897632877425309e+01 -2.788463569316260049e+00
3.649948824851062312e+01 -1.366071249221896267e+00
3.649376347212319871e+01 -6.512635824433203879e-01
3.654246868884288091e+01 1.884266422110663086e-01
3.650820354828980641e+01 7.879568976115294276e-01
3.669176865028155277e+01 1.476038284709975557e+00
3.670922810695962113e+01 2.229404911644820686e+00
3.670878934344846556e+01 2.962217303571783589e+00
3.676659694011197388e+01 3.672951027745476438e+00
3.751174741870116947e+01 -4.133754115624164172e+00
3.741815762510336896e+01 -3.433728661963662887e+00
3.739635084565869505e+01 -2.713543140845199986e+00
3.736617101000992847e+01 -2.010724205593206193e+00
3.733978051813796384e+01 -1.300876029148920310e+00
3.730847340914336741e+01 -5.688065519142355697e-01
3.744112343407417853e+01 2.012852958425277450e-01
3.747116917828132188e+01 8.308070653563000008e-01
3.763268304674804909e+01 1.436161984563348426e+00
3.768504794825792459e+01 2.325490117962381476e+00
3.841400071049068998e+01 -4.061953343218252854e+00
3.836423005870165781e+01 -3.321621950535302403e+00
3.832636016556195813e+01 -2.642985192827307372e+00
3.838419515785977154e+01 -1.919864364308224935e+00
3.857735130436221738e+01 -1.120665356605211826e+00
3.829257003817111382e+01 -4.138960936297095827e-01
3.831544354146137010e+01 2.745984685807066228e+00
3.853232937406773573e+01 3.222764490592517461e+00
3.938424880591689003e+01 -3.240701605586899348e+00
3.940141650682213736e+01 -2.963045379296964654e+00
3.935310887987537143e+01 -1.750968387482657818e+00
4.000014416619908530e+01 1.144179787273625237e+00
4.000525752145268399e+01 1.906510926988474353e+00
4.000900014873209187e+01 2.627808582625441147e+00
4.001045330586079984e+01 3.325666219569647808e+00
3.999459967590706100e+01 4.007172584902505719e+00
4.073988031867650506e+01 -3.971271651699655791e+00
4.072851348591034792e+01 -3.217457497704760527e+00
4.071223497309191686e+01 -2.458805041733775454e+00
4.071203960461486560e+01 -1.773014099282772094e+00
4.072555137585838025e+01 -1.060652036132065490e+00
4.072938065102963634e+01 -3.511039398859949756e-01
4.074255100683929953e+01 1.131281031064759190e+00
4.072230064504325497e+01 1.853257855193824355e+00
4.071011030444233114e+01 2.533777310908291724e+00
4.069480083732688769e+01 3.316803016655086367e+00
4.071466610556593224e+01 3.971271651699652239e+00
