0.000000000000000000e+00 0.000000000000000000e+00
-4.685444635240543221e-02 -4.065282591078300811e-03
-9.412974996396172855e-02 -8.056711676360350793e-03
-1.421272222726273071e-01 -1.190743386438697371e-02
-1.909583801464833641e-01 -1.556346161629917901e-02
-2.405465801432242756e-01 -1.898764905864425145e-02
-2.906873956311741836e-01 -2.216154729791952605e-02
-3.411315935068799376e-01 -2.508530210406689775e-02
-3.916545965330655577e-01 -2.777590000918905844e-02
-4.420935369951735083e-01 -3.026404702499263522e-02
-4.923530160305276127e-01 -3.258994521099367603e-02
-5.423922039548827456e-01 -3.479830948157314197e-02
-5.922066544991437809e-01 -3.693310534046645444e-02
-6.418128080233813648e-01 -3.903258463744663231e-02
-6.912373738423340797e-01 -4.112517635653389902e-02
-7.405106107508956370e-01 -4.322665133147651773e-02
-7.896618850153842573e-01 -4.533877748269787844e-02
-8.387164300447267351e-01 -4.744947895992979170e-02
-8.876928597011684019e-01 -4.953435050959598129e-02
-9.366013257670218195e-01 -5.155927185417397141e-02
-9.854423210686675816e-01 -5.348381197543616850e-02
-1.034206167184962055e+00 -5.526509815796387670e-02
-1.082873263278351317e+00 -5.686183659222265874e-02
-1.131415209328473281e+00 -5.823819903839222434e-02
-1.179796917775732368e+00 -5.936732502119212995e-02
-1.227979761742901132e+00 -6.023422563648495043e-02
-1.275925667374458783e+00 -6.083791043644737329e-02
-1.323601863992394101e+00 -6.119259272292509877e-02
-1.370985805777003463e+00 -6.132786308982574042e-02
-1.418069632153653004e+00 -6.128776057685314527e-02
-1.464863494653876330e+00 -6.112872104120725680e-02
-1.511397175542128934e+00 -6.091644864578427132e-02
-1.557719652343656946e+00 -6.072184115220125022e-02
-1.603896580257732296e+00 -6.061619997331035847e-02
-1.650006002110011138e+00 -6.066606152263531726e-02
-1.696132875249567462e+00 -6.092808025875839917e-02
-1.742363161828578200e+00 -6.144445474308923849e-02
-1.788778229598896985e+00 -6.223939545256129691e-02
-1.835450161819927928e+00 -6.331707294717858758e-02
-1.882438322769139916e+00 -6.466135481731072332e-02
-1.929787240698047412e+00 -6.623745145565962389e-02
-1.977525628779197575e+00 -6.799536936903649575e-02
-2.025666225825510480e+00 -6.987485062985854256e-02
-2.074206128383650594e+00 -7.181129405524089293e-02
-2.123127390723489327e+00 -7.374203743830065605e-02
-2.172397841548836084e+00 -7.561234748995104837e-02
-2.221972239264395910e+00 -7.738051579454818807e-02
-2.271793996256029402e+00 -7.902158044466389697e-02
-2.321797703030746618e+00 -8.052935883337042355e-02
-2.371912565681974172e+00 -8.191665843800421953e-02
-2.422066662582864183e+00 -8.321370402644845399e-02
-2.472191685207640433e+00 -8.446496515665558036e-02
-2.522227623257187190e+00 -8.572468145541023432e-02
-2.572126748900693372e+00 -8.705146799934482260e-02
-2.621856287878067349e+00 -8.850244604182933017e-02
-2.671399340477954354e+00 -9.012739013202875071e-02
-2.720753900748292153e+00 -9.196340957492310508e-02
-2.769930157082207245e+00 -9.403068049719109922e-02
-2.818946567455888896e+00 -9.632969959079318301e-02
-2.867825418430108186e+00 -9.884042771567536079e-02
-2.916588649900560881e+00 -1.015235248424843917e-01
-2.965254641138805880e+00 -1.043236553571063041e-01
-3.013836427543928664e+00 -1.071745891828790320e-01
-3.062341502731669607e+00 -1.100055781473230354e-01
-3.110773027704617277e+00 -1.127482937291759413e-01
-3.159131991741467971e+00 -1.153435130126112540e-01
-3.207419708310574435e+00 -1.177467609239606361e-01
-3.255640015802249820e+00 -1.199322626846353046e-01
-3.303800683673848937e+00 -1.218948097798957519e-01
-3.351913761538142467e+00 -1.236494528681397753e-01
-3.399994888489153766e+00 -1.252292503836365256e-01
-3.448061830157008956e+00 -1.266815656947244406e-01
-3.496132668824905920e+00 -1.280635732638017998e-01
-3.544224100674561839e+00 -1.294376802296106632e-01
-3.592350192798654973e+00 -1.308674934903102383e-01
-3.640521755698728157e+00 -1.324147859702051733e-01
-3.688746255140351593e+00 -1.341376783278818152e-01
-3.737027989832604646e+00 -1.360900006479290880e-01
-3.785368157060261751e+00 -1.383215775538140235e-01
-3.833764448586727269e+00 -1.408790248972877635e-01
-3.882209959575185110e+00 -1.438065774304391198e-01
-3.930691415563934754e+00 -1.471464894982226213e-01
-3.979186965436774415e+00 -1.509386553093605698e-01
-4.027663985114088518e+00 -1.552192612528315863e-01
-4.076077433450215892e+00 -1.600184825343262673e-01
-4.124369271648546942e+00 -1.653574394588659402e-01
-4.172469306413880474e+00 -1.712448046516641398e-01
-4.220297581320210156e+00 -1.776735743015862568e-01
-4.267768174998145980e+00 -1.846185637731210250e-01
-4.314794029393844710e+00 -1.920351488331739631e-01
-4.361292287905392584e+00 -1.998596436156923062e-01
-4.407189677366204705e+00 -2.080114666114347699e-01
-4.452427932644688724e+00 -2.163968348376741346e-01
-4.496970461280675124e+00 -2.249130355195099185e-01
-4.540813407577331873e+00 -2.334513633637840258e-01
-4.584005943224191526e+00 -2.418960335952924368e-01
-4.626683165336764603e+00 -2.501169644632952327e-01
-4.669107073491048254e+00 -2.579576630046105379e-01
-4.711696559024105113e+00 -2.652256203010807667e-01
-4.755013634886381624e+00 -2.716985382234078372e-01
-4.799674489624045748e+00 -2.771594583333865103e-01
-4.846181879829281058e+00 -2.814626229445877925e-01
-4.894724329761572790e+00 -2.846118786648368371e-01
-4.945029957913355645e+00 -2.868159796404583517e-01
-4.996363151515154755e+00 -2.884848484848525629e-01
